2019-5-14 18:47:13.623#viewportChange#0
2019-5-14 18:47:16.055#mousedown#{"isTrusted":true}
2019-5-14 18:47:16.069#focus#
2019-5-14 18:47:17.669#change#{"from":{"line":0,"ch":0,"sticky":"after","xRel":-4},"to":{"line":18,"ch":39,"sticky":"before","xRel":41.800048828125},"text":[""],"removed":["# Introducao a Programacao de Computadores","# Criado em 15 / 05 / 2015","# @author: IComp / UFAM","","# Primeiro input","num = int(input(\"Digite um numero: \"))","","# Laco de repeticao","while (CONDIÇÃO DO LAÇO):","\t# Verifica se valor eh divisivel por 2","\tif (CONDIÇÃO DE PARIDADE):","\t\tmensagem = \"PAR\"","\telse:","\t\tmensagem = \"IMPAR\"","\t","\tprint(mensagem)","\t","\t# Inputs seguintes","\tnum = int(input(\"Digite um numero: \"))"],"origin":"+delete"}
2019-5-14 18:47:17.670#keyHandled#"Backspace"
2019-5-14 18:47:17.686#viewportChange#0
2019-5-14 18:47:19.216#change#{"from":{"line":0,"ch":0,"sticky":null},"to":{"line":0,"ch":0,"sticky":null},"text":["n=int(input(\"Digite um numero: \"))","while (n!=-1):","\tif(n%2==0)","\t   mensagem = \"PAR\"","\t\tprint(mensagem)","\telse:","\t\tmensagem = \"IMPAR\"","\t\tprint(mensagem)","\tn= int(input(\"Digite um numero: \"))"],"removed":[""],"origin":"paste"}
2019-5-14 18:47:19.246#viewportChange#0
2019-5-14 18:47:24.885#submit#Your code did not produce the correct output. Please, correct your code and try again.
2019-5-14 18:47:24.885#submit#Your code did not produce the correct output. Please, correct your code and try again.
2019-5-14 18:47:24.885#submit#Your code did not produce the correct output. Please, correct your code and try again.
2019-5-14 18:47:45.931#submit#Your code did not produce the correct output. Please, correct your code and try again.
2019-5-14 18:47:46.032#submit#Your code did not produce the correct output. Please, correct your code and try again.
2019-5-14 18:47:46.032#submit#Your code did not produce the correct output. Please, correct your code and try again.
2019-5-14 18:48:12.911#dica_bullet#SyntaxError: invalid syntax
2019-5-14 18:48:18.779#mousedown#{"isTrusted":true}
2019-5-14 18:48:18.791#focus#
2019-5-14 18:48:20.112#change#{"from":{"line":2,"ch":11,"sticky":"before","xRel":19.79998779296875},"to":{"line":2,"ch":11,"sticky":"before","xRel":19.79998779296875},"text":[":"],"removed":[""],"origin":"+input"}
2019-5-14 18:48:21.871#blur#
2019-5-14 18:48:21.871#blur#
2019-5-14 18:48:23.386#submit#Your code did not produce the correct output. Please, correct your code and try again.
2019-5-14 18:48:23.386#submit#Your code did not produce the correct output. Please, correct your code and try again.
2019-5-14 18:48:27.382#submit#Your code did not produce the correct output. Please, correct your code and try again.
2019-5-14 18:48:27.382#submit#Your code did not produce the correct output. Please, correct your code and try again.
2019-5-14 18:48:29.293#dica_bullet#TabError: inconsistent use of tabs and spaces in indentation
2019-5-14 18:48:30.396#saida_testar#$ python3 main.py
File "main.py", line 5
print(mensagem)
TabError: inconsistent use of tabs and spaces in indentation
2019-5-14 18:48:35.292#mousedown#{"isTrusted":true}
2019-5-14 18:48:35.333#focus#
2019-5-14 18:48:36.204#change#{"from":{"line":4,"ch":16,"sticky":"after"},"to":{"line":4,"ch":17,"sticky":"before","xRel":-2.20001220703125},"text":[""],"removed":[")"],"origin":"+delete"}
2019-5-14 18:48:36.204#keyHandled#"Backspace"
2019-5-14 18:48:36.365#change#{"from":{"line":4,"ch":15,"sticky":"after"},"to":{"line":4,"ch":16,"sticky":null},"text":[""],"removed":["m"],"origin":"+delete"}
2019-5-14 18:48:36.365#keyHandled#"Backspace"
2019-5-14 18:48:36.529#change#{"from":{"line":4,"ch":14,"sticky":"after"},"to":{"line":4,"ch":15,"sticky":null},"text":[""],"removed":["e"],"origin":"+delete"}
2019-5-14 18:48:36.530#keyHandled#"Backspace"
2019-5-14 18:48:36.659#change#{"from":{"line":4,"ch":13,"sticky":"after"},"to":{"line":4,"ch":14,"sticky":null},"text":[""],"removed":["g"],"origin":"+delete"}
2019-5-14 18:48:36.659#keyHandled#"Backspace"
2019-5-14 18:48:36.806#change#{"from":{"line":4,"ch":12,"sticky":"after"},"to":{"line":4,"ch":13,"sticky":null},"text":[""],"removed":["a"],"origin":"+delete"}
2019-5-14 18:48:36.806#keyHandled#"Backspace"
2019-5-14 18:48:36.935#change#{"from":{"line":4,"ch":11,"sticky":"after"},"to":{"line":4,"ch":12,"sticky":null},"text":[""],"removed":["s"],"origin":"+delete"}
2019-5-14 18:48:36.935#keyHandled#"Backspace"
2019-5-14 18:48:37.068#change#{"from":{"line":4,"ch":10,"sticky":"after"},"to":{"line":4,"ch":11,"sticky":null},"text":[""],"removed":["n"],"origin":"+delete"}
2019-5-14 18:48:37.068#keyHandled#"Backspace"
2019-5-14 18:48:37.204#change#{"from":{"line":4,"ch":9,"sticky":"after"},"to":{"line":4,"ch":10,"sticky":null},"text":[""],"removed":["e"],"origin":"+delete"}
2019-5-14 18:48:37.204#keyHandled#"Backspace"
2019-5-14 18:48:37.333#change#{"from":{"line":4,"ch":8,"sticky":"after"},"to":{"line":4,"ch":9,"sticky":null},"text":[""],"removed":["m"],"origin":"+delete"}
2019-5-14 18:48:37.333#keyHandled#"Backspace"
2019-5-14 18:48:37.478#change#{"from":{"line":4,"ch":7,"sticky":"after"},"to":{"line":4,"ch":8,"sticky":null},"text":[""],"removed":["("],"origin":"+delete"}
2019-5-14 18:48:37.479#keyHandled#"Backspace"
2019-5-14 18:48:37.627#change#{"from":{"line":4,"ch":6,"sticky":"after"},"to":{"line":4,"ch":7,"sticky":null},"text":[""],"removed":["t"],"origin":"+delete"}
2019-5-14 18:48:37.627#keyHandled#"Backspace"
2019-5-14 18:48:37.878#change#{"from":{"line":4,"ch":5,"sticky":"after"},"to":{"line":4,"ch":6,"sticky":null},"text":[""],"removed":["n"],"origin":"+delete"}
2019-5-14 18:48:37.878#keyHandled#"Backspace"
2019-5-14 18:48:38.037#change#{"from":{"line":4,"ch":4,"sticky":"after"},"to":{"line":4,"ch":5,"sticky":null},"text":[""],"removed":["i"],"origin":"+delete"}
2019-5-14 18:48:38.037#keyHandled#"Backspace"
2019-5-14 18:48:38.188#change#{"from":{"line":4,"ch":3,"sticky":"after"},"to":{"line":4,"ch":4,"sticky":null},"text":[""],"removed":["r"],"origin":"+delete"}
2019-5-14 18:48:38.188#keyHandled#"Backspace"
2019-5-14 18:48:38.355#change#{"from":{"line":4,"ch":2,"sticky":"after"},"to":{"line":4,"ch":3,"sticky":null},"text":[""],"removed":["p"],"origin":"+delete"}
2019-5-14 18:48:38.356#keyHandled#"Backspace"
2019-5-14 18:48:38.868#change#{"from":{"line":4,"ch":1,"sticky":"after"},"to":{"line":4,"ch":2,"sticky":null},"text":[""],"removed":["\t"],"origin":"+delete"}
2019-5-14 18:48:38.868#keyHandled#"Backspace"
2019-5-14 18:48:39.452#change#{"from":{"line":4,"ch":0,"sticky":"after"},"to":{"line":4,"ch":1,"sticky":null},"text":[""],"removed":["\t"],"origin":"+delete"}
2019-5-14 18:48:39.452#keyHandled#"Backspace"
2019-5-14 18:48:40.627#change#{"from":{"line":3,"ch":20,"sticky":"before"},"to":{"line":4,"ch":0,"sticky":null},"text":[""],"removed":["",""],"origin":"+delete"}
2019-5-14 18:48:40.627#keyHandled#"Backspace"
2019-5-14 18:48:40.643#viewportChange#0
2019-5-14 18:48:43.467#submit#You're almost there! Your code is 33% correct, but if you try harder you'll be able to hit 100% of the question.
2019-5-14 18:48:43.467#submit#You're almost there! Your code is 33% correct, but if you try harder you'll be able to hit 100% of the question.
2019-5-14 18:48:48.609#saida_testar#$ python3 main.py
2019-5-14 18:48:48.609#saida_testar#$ python3 main.py
2019-5-14 18:48:49.398#submit#You're almost there! Your code is 33% correct, but if you try harder you'll be able to hit 100% of the question.
2019-5-14 18:48:49.398#submit#You're almost there! Your code is 33% correct, but if you try harder you'll be able to hit 100% of the question.
2019-5-14 18:48:50.510#submit#You're almost there! Your code is 33% correct, but if you try harder you'll be able to hit 100% of the question.
2019-5-14 18:48:50.510#submit#You're almost there! Your code is 33% correct, but if you try harder you'll be able to hit 100% of the question.
2019-5-14 18:48:54.791#saida_testar#$ python3 main.py
2019-5-14 18:48:56.662#change#{"from":{"line":3,"ch":20,"sticky":null},"to":{"line":3,"ch":20,"sticky":null},"text":["6"],"removed":[""],"origin":"+input"}
2019-5-14 18:48:56.678#change#{"from":{"line":3,"ch":21,"sticky":null},"to":{"line":3,"ch":21,"sticky":null},"text":["7"],"removed":[""],"origin":"+input"}
2019-5-14 18:48:57.116#change#{"from":{"line":3,"ch":22,"sticky":null},"to":{"line":3,"ch":22,"sticky":null},"text":["",""],"removed":[""],"origin":"+input"}
2019-5-14 18:48:57.116#change#{"from":{"line":4,"ch":0,"sticky":null},"to":{"line":4,"ch":0,"sticky":null},"text":["\t\t"],"removed":[""],"origin":"+input"}
2019-5-14 18:48:57.116#keyHandled#"Enter"
2019-5-14 18:48:57.151#viewportChange#0
2019-5-14 18:48:57.443#blur#
2019-5-14 18:49:02.796#mousedown#{"isTrusted":true}
2019-5-14 18:49:02.919#focus#
2019-5-14 18:49:02.796#mousedown#{"isTrusted":true}
2019-5-14 18:49:02.919#focus#
2019-5-14 18:49:05.098#dica_bullet#SyntaxError: invalid syntax
2019-5-14 18:49:06.699#saida_testar#$ python3 main.py
File "main.py", line 4
mensagem = "PAR"67
SyntaxError: invalid syntax
2019-5-14 18:49:07.338#mousedown#{"isTrusted":true}
2019-5-14 18:49:08.771#change#{"from":{"line":3,"ch":21,"sticky":"after"},"to":{"line":3,"ch":22,"sticky":"before","xRel":156.79998779296875},"text":[""],"removed":["7"],"origin":"+delete"}
2019-5-14 18:49:08.771#keyHandled#"Backspace"
2019-5-14 18:49:09.124#change#{"from":{"line":3,"ch":20,"sticky":"after"},"to":{"line":3,"ch":21,"sticky":null},"text":[""],"removed":["6"],"origin":"+delete"}
2019-5-14 18:49:09.124#keyHandled#"Backspace"
2019-5-14 18:49:09.124#change#{"from":{"line":3,"ch":20,"sticky":"after"},"to":{"line":3,"ch":21,"sticky":null},"text":[""],"removed":["6"],"origin":"+delete"}
2019-5-14 18:49:09.124#keyHandled#"Backspace"
2019-5-14 18:49:12.289#change#{"from":{"line":3,"ch":20,"sticky":null},"to":{"line":3,"ch":20,"sticky":null},"text":["7"],"removed":[""],"origin":"+input"}
2019-5-14 18:49:12.422#saida_testar#$ python3 main.py
2019-5-14 18:49:12.787#change#{"from":{"line":3,"ch":21,"sticky":null},"to":{"line":3,"ch":21,"sticky":null},"text":["",""],"removed":[""],"origin":"+input"}
2019-5-14 18:49:12.787#change#{"from":{"line":4,"ch":0,"sticky":null},"to":{"line":4,"ch":0,"sticky":null},"text":["\t\t"],"removed":[""],"origin":"+input"}
2019-5-14 18:49:12.787#keyHandled#"Enter"
2019-5-14 18:49:12.801#viewportChange#0
2019-5-14 18:49:14.143#change#{"from":{"line":4,"ch":1,"sticky":"after"},"to":{"line":4,"ch":2,"sticky":null},"text":[""],"removed":["\t"],"origin":"+delete"}
2019-5-14 18:49:14.143#keyHandled#"Backspace"
2019-5-14 18:49:14.516#change#{"from":{"line":4,"ch":0,"sticky":"after"},"to":{"line":4,"ch":1,"sticky":null},"text":[""],"removed":["\t"],"origin":"+delete"}
2019-5-14 18:49:14.516#keyHandled#"Backspace"
2019-5-14 18:49:14.901#change#{"from":{"line":3,"ch":21,"sticky":"before"},"to":{"line":4,"ch":0,"sticky":null},"text":[""],"removed":["",""],"origin":"+delete"}
2019-5-14 18:49:14.901#keyHandled#"Backspace"
2019-5-14 18:49:14.915#viewportChange#0
2019-5-14 18:49:15.395#change#{"from":{"line":3,"ch":20,"sticky":"after"},"to":{"line":3,"ch":21,"sticky":null},"text":[""],"removed":["7"],"origin":"+delete"}
2019-5-14 18:49:15.395#keyHandled#"Backspace"
2019-5-14 18:49:15.395#change#{"from":{"line":3,"ch":20,"sticky":"after"},"to":{"line":3,"ch":21,"sticky":null},"text":[""],"removed":["7"],"origin":"+delete"}
2019-5-14 18:49:15.395#keyHandled#"Backspace"
2019-5-14 18:49:18.383#saida_testar#$ python3 main.py
2019-5-14 18:49:18.866#blur#
2019-5-14 18:49:39.372#mousedown#{"isTrusted":true}
2019-5-14 18:49:39.491#focus#
2019-5-14 18:49:41.029#change#{"from":{"line":7,"ch":1,"sticky":"after"},"to":{"line":7,"ch":2,"sticky":"after","xRel":2.79998779296875},"text":[""],"removed":["\t"],"origin":"+delete"}
2019-5-14 18:49:41.029#keyHandled#"Backspace"
2019-5-14 18:49:44.840#saida_testar#$ python3 main.py
