2019-3-26 10:18:42.355#viewportChange#0
2019-3-26 10:18:48.388#mousedown#{"isTrusted":true}
2019-3-26 10:18:48.395#focus#
2019-3-26 10:18:51.573#change#{"from":{"line":0,"ch":0,"sticky":"after","xRel":94.4000244140625},"to":{"line":0,"ch":0,"sticky":"after","xRel":94.4000244140625},"text":["a"],"removed":[""],"origin":"+input"}
2019-3-26 10:18:52.313#change#{"from":{"line":0,"ch":1,"sticky":null},"to":{"line":0,"ch":1,"sticky":null},"text":["1"],"removed":[""],"origin":"+input"}
2019-3-26 10:18:53.588#change#{"from":{"line":0,"ch":2,"sticky":null},"to":{"line":0,"ch":2,"sticky":null},"text":[" "],"removed":[""],"origin":"+input"}
2019-3-26 10:18:55.236#change#{"from":{"line":0,"ch":3,"sticky":null},"to":{"line":0,"ch":3,"sticky":null},"text":["="],"removed":[""],"origin":"+input"}
2019-3-26 10:18:55.562#change#{"from":{"line":0,"ch":4,"sticky":null},"to":{"line":0,"ch":4,"sticky":null},"text":[" "],"removed":[""],"origin":"+input"}
2019-3-26 10:18:56.510#change#{"from":{"line":0,"ch":5,"sticky":null},"to":{"line":0,"ch":5,"sticky":null},"text":["float(input(\"digite um valor: \"))"],"removed":[""],"origin":"paste"}
2019-3-26 10:18:58.350#change#{"from":{"line":0,"ch":38,"sticky":null},"to":{"line":0,"ch":38,"sticky":null},"text":["",""],"removed":[""],"origin":"+input"}
2019-3-26 10:18:58.350#keyHandled#"Enter"
2019-3-26 10:18:58.361#viewportChange#0
2019-3-26 10:18:59.517#change#{"from":{"line":1,"ch":0,"sticky":null},"to":{"line":1,"ch":0,"sticky":null},"text":["b"],"removed":[""],"origin":"+input"}
2019-3-26 10:18:59.936#change#{"from":{"line":1,"ch":1,"sticky":null},"to":{"line":1,"ch":1,"sticky":null},"text":["1"],"removed":[""],"origin":"+input"}
2019-3-26 10:19:01.824#change#{"from":{"line":1,"ch":1,"sticky":"after"},"to":{"line":1,"ch":2,"sticky":null},"text":[""],"removed":["1"],"origin":"+delete"}
2019-3-26 10:19:01.824#keyHandled#"Backspace"
2019-3-26 10:19:02.057#change#{"from":{"line":1,"ch":0,"sticky":"after"},"to":{"line":1,"ch":1,"sticky":null},"text":[""],"removed":["b"],"origin":"+delete"}
2019-3-26 10:19:02.057#keyHandled#"Backspace"
2019-3-26 10:19:02.648#change#{"from":{"line":1,"ch":0,"sticky":null},"to":{"line":1,"ch":0,"sticky":null},"text":["a"],"removed":[""],"origin":"+input"}
2019-3-26 10:19:03.007#change#{"from":{"line":1,"ch":1,"sticky":null},"to":{"line":1,"ch":1,"sticky":null},"text":["2"],"removed":[""],"origin":"+input"}
2019-3-26 10:19:03.918#change#{"from":{"line":1,"ch":2,"sticky":null},"to":{"line":1,"ch":2,"sticky":null},"text":[" "],"removed":[""],"origin":"+input"}
2019-3-26 10:19:04.113#change#{"from":{"line":1,"ch":3,"sticky":null},"to":{"line":1,"ch":3,"sticky":null},"text":["="],"removed":[""],"origin":"+input"}
2019-3-26 10:19:04.263#change#{"from":{"line":1,"ch":4,"sticky":null},"to":{"line":1,"ch":4,"sticky":null},"text":[" "],"removed":[""],"origin":"+input"}
2019-3-26 10:19:05.454#change#{"from":{"line":1,"ch":5,"sticky":null},"to":{"line":1,"ch":5,"sticky":null},"text":["float(input(\"digite um valor: \"))"],"removed":[""],"origin":"paste"}
2019-3-26 10:19:06.184#change#{"from":{"line":1,"ch":38,"sticky":null},"to":{"line":1,"ch":38,"sticky":null},"text":["",""],"removed":[""],"origin":"+input"}
2019-3-26 10:19:06.184#keyHandled#"Enter"
2019-3-26 10:19:06.194#viewportChange#0
2019-3-26 10:19:07.355#change#{"from":{"line":2,"ch":0,"sticky":null},"to":{"line":2,"ch":0,"sticky":null},"text":["a"],"removed":[""],"origin":"+input"}
2019-3-26 10:19:07.643#change#{"from":{"line":2,"ch":1,"sticky":null},"to":{"line":2,"ch":1,"sticky":null},"text":["3"],"removed":[""],"origin":"+input"}
2019-3-26 10:19:08.389#change#{"from":{"line":2,"ch":2,"sticky":null},"to":{"line":2,"ch":2,"sticky":null},"text":[" "],"removed":[""],"origin":"+input"}
2019-3-26 10:19:08.612#change#{"from":{"line":2,"ch":3,"sticky":null},"to":{"line":2,"ch":3,"sticky":null},"text":["="],"removed":[""],"origin":"+input"}
2019-3-26 10:19:08.783#change#{"from":{"line":2,"ch":4,"sticky":null},"to":{"line":2,"ch":4,"sticky":null},"text":[" "],"removed":[""],"origin":"+input"}
2019-3-26 10:19:09.443#change#{"from":{"line":2,"ch":5,"sticky":null},"to":{"line":2,"ch":5,"sticky":null},"text":["float(input(\"digite um valor: \"))"],"removed":[""],"origin":"paste"}
2019-3-26 10:19:12.160#change#{"from":{"line":2,"ch":38,"sticky":null},"to":{"line":2,"ch":38,"sticky":null},"text":["",""],"removed":[""],"origin":"+input"}
2019-3-26 10:19:12.160#keyHandled#"Enter"
2019-3-26 10:19:12.170#viewportChange#0
2019-3-26 10:19:13.947#change#{"from":{"line":3,"ch":0,"sticky":null},"to":{"line":3,"ch":0,"sticky":null},"text":["a"],"removed":[""],"origin":"+input"}
2019-3-26 10:19:14.211#change#{"from":{"line":3,"ch":1,"sticky":null},"to":{"line":3,"ch":1,"sticky":null},"text":["4"],"removed":[""],"origin":"+input"}
2019-3-26 10:19:14.851#change#{"from":{"line":3,"ch":2,"sticky":null},"to":{"line":3,"ch":2,"sticky":null},"text":[" "],"removed":[""],"origin":"+input"}
2019-3-26 10:19:15.158#change#{"from":{"line":3,"ch":3,"sticky":null},"to":{"line":3,"ch":3,"sticky":null},"text":["="],"removed":[""],"origin":"+input"}
2019-3-26 10:19:15.612#change#{"from":{"line":3,"ch":4,"sticky":null},"to":{"line":3,"ch":4,"sticky":null},"text":["float(input(\"digite um valor: \"))"],"removed":[""],"origin":"paste"}
2019-3-26 10:19:18.173#mousedown#{"isTrusted":true}
2019-3-26 10:19:18.484#change#{"from":{"line":3,"ch":4,"sticky":"before","xRel":-1.5999755859375},"to":{"line":3,"ch":4,"sticky":"before","xRel":-1.5999755859375},"text":[" "],"removed":[""],"origin":"+input"}
2019-3-26 10:19:36.121#keyHandled#"Right"
2019-3-26 10:19:36.622#keyHandled#"Right"
2019-3-26 10:19:36.652#keyHandled#"Right"
2019-3-26 10:19:36.683#keyHandled#"Right"
2019-3-26 10:19:36.713#keyHandled#"Right"
2019-3-26 10:19:36.743#keyHandled#"Right"
2019-3-26 10:19:36.775#keyHandled#"Right"
2019-3-26 10:19:36.804#keyHandled#"Right"
2019-3-26 10:19:36.834#keyHandled#"Right"
2019-3-26 10:19:36.866#keyHandled#"Right"
2019-3-26 10:19:36.895#keyHandled#"Right"
2019-3-26 10:19:36.924#keyHandled#"Right"
2019-3-26 10:19:36.954#keyHandled#"Right"
2019-3-26 10:19:36.984#keyHandled#"Right"
2019-3-26 10:19:37.014#keyHandled#"Right"
2019-3-26 10:19:37.045#keyHandled#"Right"
2019-3-26 10:19:37.075#keyHandled#"Right"
2019-3-26 10:19:37.105#keyHandled#"Right"
2019-3-26 10:19:37.136#keyHandled#"Right"
2019-3-26 10:19:37.167#keyHandled#"Right"
2019-3-26 10:19:37.197#keyHandled#"Right"
2019-3-26 10:19:37.228#keyHandled#"Right"
2019-3-26 10:19:37.257#keyHandled#"Right"
2019-3-26 10:19:37.287#keyHandled#"Right"
2019-3-26 10:19:37.317#keyHandled#"Right"
2019-3-26 10:19:37.347#keyHandled#"Right"
2019-3-26 10:19:37.378#keyHandled#"Right"
2019-3-26 10:19:37.408#keyHandled#"Right"
2019-3-26 10:19:37.438#keyHandled#"Right"
2019-3-26 10:19:37.468#keyHandled#"Right"
2019-3-26 10:19:37.498#keyHandled#"Right"
2019-3-26 10:19:37.528#keyHandled#"Right"
2019-3-26 10:19:37.703#keyHandled#"Right"
2019-3-26 10:19:38.531#change#{"from":{"line":3,"ch":38,"sticky":"before"},"to":{"line":3,"ch":38,"sticky":"before"},"text":["",""],"removed":[""],"origin":"+input"}
2019-3-26 10:19:38.531#keyHandled#"Enter"
2019-3-26 10:19:38.541#viewportChange#0
2019-3-26 10:19:39.465#change#{"from":{"line":4,"ch":0,"sticky":null},"to":{"line":4,"ch":0,"sticky":null},"text":["a"],"removed":[""],"origin":"+input"}
2019-3-26 10:19:40.096#change#{"from":{"line":4,"ch":1,"sticky":null},"to":{"line":4,"ch":1,"sticky":null},"text":["1"],"removed":[""],"origin":"+input"}
2019-3-26 10:19:40.290#change#{"from":{"line":4,"ch":2,"sticky":null},"to":{"line":4,"ch":2,"sticky":null},"text":["1"],"removed":[""],"origin":"+input"}
2019-3-26 10:19:42.278#change#{"from":{"line":4,"ch":3,"sticky":null},"to":{"line":4,"ch":3,"sticky":null},"text":[" "],"removed":[""],"origin":"+input"}
2019-3-26 10:19:42.731#change#{"from":{"line":4,"ch":4,"sticky":null},"to":{"line":4,"ch":4,"sticky":null},"text":["="],"removed":[""],"origin":"+input"}
2019-3-26 10:19:42.940#change#{"from":{"line":4,"ch":5,"sticky":null},"to":{"line":4,"ch":5,"sticky":null},"text":[" "],"removed":[""],"origin":"+input"}
2019-3-26 10:19:43.750#change#{"from":{"line":4,"ch":6,"sticky":null},"to":{"line":4,"ch":6,"sticky":null},"text":["a"],"removed":[""],"origin":"+input"}
2019-3-26 10:19:44.461#change#{"from":{"line":4,"ch":7,"sticky":null},"to":{"line":4,"ch":7,"sticky":null},"text":["1"],"removed":[""],"origin":"+input"}
2019-3-26 10:19:45.435#change#{"from":{"line":4,"ch":8,"sticky":null},"to":{"line":4,"ch":8,"sticky":null},"text":["*"],"removed":[""],"origin":"+input"}
2019-3-26 10:19:48.779#change#{"from":{"line":4,"ch":9,"sticky":null},"to":{"line":4,"ch":9,"sticky":null},"text":["1"],"removed":[""],"origin":"+input"}
2019-3-26 10:19:49.809#change#{"from":{"line":4,"ch":10,"sticky":null},"to":{"line":4,"ch":10,"sticky":null},"text":["",""],"removed":[""],"origin":"+input"}
2019-3-26 10:19:49.809#keyHandled#"Enter"
2019-3-26 10:19:49.827#viewportChange#0
2019-3-26 10:19:51.077#change#{"from":{"line":5,"ch":0,"sticky":null},"to":{"line":5,"ch":0,"sticky":null},"text":["a"],"removed":[""],"origin":"+input"}
2019-3-26 10:19:52.046#change#{"from":{"line":5,"ch":1,"sticky":null},"to":{"line":5,"ch":1,"sticky":null},"text":["2"],"removed":[""],"origin":"+input"}
2019-3-26 10:19:52.234#change#{"from":{"line":5,"ch":2,"sticky":null},"to":{"line":5,"ch":2,"sticky":null},"text":["2"],"removed":[""],"origin":"+input"}
2019-3-26 10:19:53.552#change#{"from":{"line":5,"ch":3,"sticky":null},"to":{"line":5,"ch":3,"sticky":null},"text":[" "],"removed":[""],"origin":"+input"}
2019-3-26 10:19:53.956#change#{"from":{"line":5,"ch":4,"sticky":null},"to":{"line":5,"ch":4,"sticky":null},"text":["="],"removed":[""],"origin":"+input"}
2019-3-26 10:19:54.085#change#{"from":{"line":5,"ch":5,"sticky":null},"to":{"line":5,"ch":5,"sticky":null},"text":[" "],"removed":[""],"origin":"+input"}
2019-3-26 10:19:54.690#change#{"from":{"line":5,"ch":6,"sticky":null},"to":{"line":5,"ch":6,"sticky":null},"text":["a"],"removed":[""],"origin":"+input"}
2019-3-26 10:19:54.943#change#{"from":{"line":5,"ch":7,"sticky":null},"to":{"line":5,"ch":7,"sticky":null},"text":["2"],"removed":[""],"origin":"+input"}
2019-3-26 10:19:56.398#change#{"from":{"line":5,"ch":8,"sticky":null},"to":{"line":5,"ch":8,"sticky":null},"text":["*"],"removed":[""],"origin":"+input"}
2019-3-26 10:20:18.226#change#{"from":{"line":5,"ch":9,"sticky":null},"to":{"line":5,"ch":9,"sticky":null},"text":["*"],"removed":[""],"origin":"+input"}
2019-3-26 10:20:19.697#change#{"from":{"line":5,"ch":9,"sticky":"after"},"to":{"line":5,"ch":10,"sticky":null},"text":[""],"removed":["*"],"origin":"+delete"}
2019-3-26 10:20:19.697#keyHandled#"Backspace"
2019-3-26 10:20:20.613#change#{"from":{"line":5,"ch":9,"sticky":null},"to":{"line":5,"ch":9,"sticky":null},"text":["2"],"removed":[""],"origin":"+input"}
2019-3-26 10:20:20.950#change#{"from":{"line":5,"ch":10,"sticky":null},"to":{"line":5,"ch":10,"sticky":null},"text":["",""],"removed":[""],"origin":"+input"}
2019-3-26 10:20:20.950#keyHandled#"Enter"
2019-3-26 10:20:20.962#viewportChange#0
2019-3-26 10:20:22.213#change#{"from":{"line":6,"ch":0,"sticky":null},"to":{"line":6,"ch":0,"sticky":null},"text":["a"],"removed":[""],"origin":"+input"}
2019-3-26 10:20:22.577#change#{"from":{"line":6,"ch":1,"sticky":null},"to":{"line":6,"ch":1,"sticky":null},"text":["3"],"removed":[""],"origin":"+input"}
2019-3-26 10:20:22.742#change#{"from":{"line":6,"ch":2,"sticky":null},"to":{"line":6,"ch":2,"sticky":null},"text":["3"],"removed":[""],"origin":"+input"}
2019-3-26 10:20:23.801#change#{"from":{"line":6,"ch":3,"sticky":null},"to":{"line":6,"ch":3,"sticky":null},"text":[" "],"removed":[""],"origin":"+input"}
2019-3-26 10:20:23.945#change#{"from":{"line":6,"ch":4,"sticky":null},"to":{"line":6,"ch":4,"sticky":null},"text":["="],"removed":[""],"origin":"+input"}
2019-3-26 10:20:24.810#change#{"from":{"line":6,"ch":5,"sticky":null},"to":{"line":6,"ch":5,"sticky":null},"text":[" "],"removed":[""],"origin":"+input"}
2019-3-26 10:20:25.986#change#{"from":{"line":6,"ch":6,"sticky":null},"to":{"line":6,"ch":6,"sticky":null},"text":["a"],"removed":[""],"origin":"+input"}
2019-3-26 10:20:26.966#change#{"from":{"line":6,"ch":7,"sticky":null},"to":{"line":6,"ch":7,"sticky":null},"text":["3"],"removed":[""],"origin":"+input"}
2019-3-26 10:20:27.829#change#{"from":{"line":6,"ch":8,"sticky":null},"to":{"line":6,"ch":8,"sticky":null},"text":["*"],"removed":[""],"origin":"+input"}
2019-3-26 10:20:28.942#change#{"from":{"line":6,"ch":9,"sticky":null},"to":{"line":6,"ch":9,"sticky":null},"text":["3"],"removed":[""],"origin":"+input"}
2019-3-26 10:20:29.434#change#{"from":{"line":6,"ch":10,"sticky":null},"to":{"line":6,"ch":10,"sticky":null},"text":["",""],"removed":[""],"origin":"+input"}
2019-3-26 10:20:29.434#keyHandled#"Enter"
2019-3-26 10:20:29.445#viewportChange#0
2019-3-26 10:20:30.565#change#{"from":{"line":7,"ch":0,"sticky":null},"to":{"line":7,"ch":0,"sticky":null},"text":["a"],"removed":[""],"origin":"+input"}
2019-3-26 10:20:31.028#change#{"from":{"line":7,"ch":1,"sticky":null},"to":{"line":7,"ch":1,"sticky":null},"text":["4"],"removed":[""],"origin":"+input"}
2019-3-26 10:20:31.203#change#{"from":{"line":7,"ch":2,"sticky":null},"to":{"line":7,"ch":2,"sticky":null},"text":["4"],"removed":[""],"origin":"+input"}
2019-3-26 10:20:32.068#change#{"from":{"line":7,"ch":3,"sticky":null},"to":{"line":7,"ch":3,"sticky":null},"text":[" "],"removed":[""],"origin":"+input"}
2019-3-26 10:20:32.227#change#{"from":{"line":7,"ch":4,"sticky":null},"to":{"line":7,"ch":4,"sticky":null},"text":["="],"removed":[""],"origin":"+input"}
2019-3-26 10:20:32.398#change#{"from":{"line":7,"ch":5,"sticky":null},"to":{"line":7,"ch":5,"sticky":null},"text":[" "],"removed":[""],"origin":"+input"}
2019-3-26 10:20:33.462#change#{"from":{"line":7,"ch":6,"sticky":null},"to":{"line":7,"ch":6,"sticky":null},"text":["a"],"removed":[""],"origin":"+input"}
2019-3-26 10:20:34.024#change#{"from":{"line":7,"ch":7,"sticky":null},"to":{"line":7,"ch":7,"sticky":null},"text":["4"],"removed":[""],"origin":"+input"}
2019-3-26 10:20:35.157#change#{"from":{"line":7,"ch":8,"sticky":null},"to":{"line":7,"ch":8,"sticky":null},"text":["*"],"removed":[""],"origin":"+input"}
2019-3-26 10:20:36.181#change#{"from":{"line":7,"ch":9,"sticky":null},"to":{"line":7,"ch":9,"sticky":null},"text":["4"],"removed":[""],"origin":"+input"}
2019-3-26 10:20:36.481#change#{"from":{"line":7,"ch":10,"sticky":null},"to":{"line":7,"ch":10,"sticky":null},"text":["",""],"removed":[""],"origin":"+input"}
2019-3-26 10:20:36.482#keyHandled#"Enter"
2019-3-26 10:20:36.496#viewportChange#0
2019-3-26 10:20:56.070#change#{"from":{"line":8,"ch":0,"sticky":null},"to":{"line":8,"ch":0,"sticky":null},"text":["",""],"removed":[""],"origin":"+input"}
2019-3-26 10:20:56.070#keyHandled#"Enter"
2019-3-26 10:20:56.091#viewportChange#0
2019-3-26 10:20:56.879#change#{"from":{"line":9,"ch":0,"sticky":null},"to":{"line":9,"ch":0,"sticky":null},"text":["x"],"removed":[""],"origin":"+input"}
2019-3-26 10:20:57.270#change#{"from":{"line":9,"ch":1,"sticky":null},"to":{"line":9,"ch":1,"sticky":null},"text":[" "],"removed":[""],"origin":"+input"}
2019-3-26 10:20:57.984#change#{"from":{"line":9,"ch":2,"sticky":null},"to":{"line":9,"ch":2,"sticky":null},"text":["="],"removed":[""],"origin":"+input"}
2019-3-26 10:20:58.069#change#{"from":{"line":9,"ch":3,"sticky":null},"to":{"line":9,"ch":3,"sticky":null},"text":[" "],"removed":[""],"origin":"+input"}
2019-3-26 10:21:01.760#change#{"from":{"line":9,"ch":4,"sticky":null},"to":{"line":9,"ch":4,"sticky":null},"text":["()"],"removed":[""],"origin":"+input"}
2019-3-26 10:21:01.760#keyHandled#"'('"
2019-3-26 10:21:03.912#change#{"from":{"line":9,"ch":5,"sticky":"after"},"to":{"line":9,"ch":5,"sticky":"after"},"text":["a"],"removed":[""],"origin":"+input"}
2019-3-26 10:21:04.305#change#{"from":{"line":9,"ch":6,"sticky":null},"to":{"line":9,"ch":6,"sticky":null},"text":["1"],"removed":[""],"origin":"+input"}
2019-3-26 10:21:04.485#change#{"from":{"line":9,"ch":7,"sticky":null},"to":{"line":9,"ch":7,"sticky":null},"text":["1"],"removed":[""],"origin":"+input"}
2019-3-26 10:21:06.107#change#{"from":{"line":9,"ch":8,"sticky":null},"to":{"line":9,"ch":8,"sticky":null},"text":["+"],"removed":[""],"origin":"+input"}
2019-3-26 10:21:07.309#change#{"from":{"line":9,"ch":9,"sticky":null},"to":{"line":9,"ch":9,"sticky":null},"text":["a"],"removed":[""],"origin":"+input"}
2019-3-26 10:21:07.653#change#{"from":{"line":9,"ch":10,"sticky":null},"to":{"line":9,"ch":10,"sticky":null},"text":["2"],"removed":[""],"origin":"+input"}
2019-3-26 10:21:07.836#change#{"from":{"line":9,"ch":11,"sticky":null},"to":{"line":9,"ch":11,"sticky":null},"text":["2"],"removed":[""],"origin":"+input"}
2019-3-26 10:21:08.643#change#{"from":{"line":9,"ch":12,"sticky":null},"to":{"line":9,"ch":12,"sticky":null},"text":["+"],"removed":[""],"origin":"+input"}
2019-3-26 10:21:09.504#change#{"from":{"line":9,"ch":13,"sticky":null},"to":{"line":9,"ch":13,"sticky":null},"text":["a"],"removed":[""],"origin":"+input"}
2019-3-26 10:21:09.796#change#{"from":{"line":9,"ch":14,"sticky":null},"to":{"line":9,"ch":14,"sticky":null},"text":["3"],"removed":[""],"origin":"+input"}
2019-3-26 10:21:09.967#change#{"from":{"line":9,"ch":15,"sticky":null},"to":{"line":9,"ch":15,"sticky":null},"text":["3"],"removed":[""],"origin":"+input"}
2019-3-26 10:21:10.246#change#{"from":{"line":9,"ch":16,"sticky":null},"to":{"line":9,"ch":16,"sticky":null},"text":["+"],"removed":[""],"origin":"+input"}
2019-3-26 10:21:10.503#change#{"from":{"line":9,"ch":17,"sticky":null},"to":{"line":9,"ch":17,"sticky":null},"text":["a"],"removed":[""],"origin":"+input"}
2019-3-26 10:21:11.493#change#{"from":{"line":9,"ch":18,"sticky":null},"to":{"line":9,"ch":18,"sticky":null},"text":["4"],"removed":[""],"origin":"+input"}
2019-3-26 10:21:11.669#change#{"from":{"line":9,"ch":19,"sticky":null},"to":{"line":9,"ch":19,"sticky":null},"text":["4"],"removed":[""],"origin":"+input"}
2019-3-26 10:21:13.803#keyHandled#"Left"
2019-3-26 10:21:13.997#keyHandled#"Left"
2019-3-26 10:21:14.729#change#{"from":{"line":9,"ch":18,"sticky":"after"},"to":{"line":9,"ch":18,"sticky":"after"},"text":[" "],"removed":[""],"origin":"+input"}
2019-3-26 10:21:15.181#keyHandled#"Left"
2019-3-26 10:21:15.436#keyHandled#"Left"
2019-3-26 10:21:15.815#change#{"from":{"line":9,"ch":17,"sticky":"after"},"to":{"line":9,"ch":17,"sticky":"after"},"text":[" "],"removed":[""],"origin":"+input"}
2019-3-26 10:21:16.503#keyHandled#"Right"
2019-3-26 10:21:16.841#keyHandled#"Right"
2019-3-26 10:21:17.505#change#{"from":{"line":9,"ch":19,"sticky":"after"},"to":{"line":9,"ch":20,"sticky":"before"},"text":[""],"removed":[" "],"origin":"+delete"}
2019-3-26 10:21:17.505#keyHandled#"Backspace"
2019-3-26 10:21:18.037#keyHandled#"Down"
2019-3-26 10:21:18.278#keyHandled#"Down"
2019-3-26 10:21:18.607#keyHandled#"Left"
2019-3-26 10:21:19.108#keyHandled#"Left"
2019-3-26 10:21:19.137#keyHandled#"Left"
2019-3-26 10:21:19.167#keyHandled#"Left"
2019-3-26 10:21:19.198#keyHandled#"Left"
2019-3-26 10:21:19.228#keyHandled#"Left"
2019-3-26 10:21:19.259#keyHandled#"Left"
2019-3-26 10:21:19.478#keyHandled#"Left"
2019-3-26 10:21:19.754#keyHandled#"Left"
2019-3-26 10:21:20.082#change#{"from":{"line":9,"ch":13,"sticky":"after"},"to":{"line":9,"ch":13,"sticky":"after"},"text":[" "],"removed":[""],"origin":"+input"}
2019-3-26 10:21:20.544#keyHandled#"Left"
2019-3-26 10:21:20.745#keyHandled#"Left"
2019-3-26 10:21:20.933#keyHandled#"Left"
2019-3-26 10:21:21.117#keyHandled#"Left"
2019-3-26 10:21:21.325#keyHandled#"Left"
2019-3-26 10:21:21.731#change#{"from":{"line":9,"ch":9,"sticky":"after"},"to":{"line":9,"ch":9,"sticky":"after"},"text":[" "],"removed":[""],"origin":"+input"}
2019-3-26 10:21:22.893#keyHandled#"Right"
2019-3-26 10:21:23.394#keyHandled#"Right"
2019-3-26 10:21:23.424#keyHandled#"Right"
2019-3-26 10:21:23.670#keyHandled#"Right"
2019-3-26 10:21:24.167#keyHandled#"Left"
2019-3-26 10:21:24.472#change#{"from":{"line":9,"ch":13,"sticky":"after"},"to":{"line":9,"ch":13,"sticky":"after"},"text":[" "],"removed":[""],"origin":"+input"}
2019-3-26 10:21:24.794#keyHandled#"Left"
2019-3-26 10:21:25.436#keyHandled#"Left"
2019-3-26 10:21:25.937#keyHandled#"Left"
2019-3-26 10:21:25.967#keyHandled#"Left"
2019-3-26 10:21:25.997#keyHandled#"Left"
2019-3-26 10:21:26.308#keyHandled#"Left"
2019-3-26 10:21:26.526#change#{"from":{"line":9,"ch":8,"sticky":"after"},"to":{"line":9,"ch":8,"sticky":"after"},"text":[" "],"removed":[""],"origin":"+input"}
2019-3-26 10:21:26.890#keyHandled#"Right"
2019-3-26 10:21:27.390#keyHandled#"Right"
2019-3-26 10:21:27.421#keyHandled#"Right"
2019-3-26 10:21:27.451#keyHandled#"Right"
2019-3-26 10:21:27.481#keyHandled#"Right"
2019-3-26 10:21:27.511#keyHandled#"Right"
2019-3-26 10:21:27.542#keyHandled#"Right"
2019-3-26 10:21:27.572#keyHandled#"Right"
2019-3-26 10:21:27.602#keyHandled#"Right"
2019-3-26 10:21:27.633#keyHandled#"Right"
2019-3-26 10:21:27.663#keyHandled#"Right"
2019-3-26 10:21:27.693#keyHandled#"Right"
2019-3-26 10:21:28.332#keyHandled#"Left"
2019-3-26 10:21:28.733#change#{"from":{"line":9,"ch":20,"sticky":"after"},"to":{"line":9,"ch":20,"sticky":"after"},"text":[" "],"removed":[""],"origin":"+input"}
2019-3-26 10:21:29.397#keyHandled#"Right"
2019-3-26 10:21:29.898#keyHandled#"Right"
2019-3-26 10:21:29.929#keyHandled#"Right"
2019-3-26 10:21:29.961#keyHandled#"Right"
2019-3-26 10:21:29.989#keyHandled#"Right"
2019-3-26 10:21:30.018#keyHandled#"Right"
2019-3-26 10:21:30.049#keyHandled#"Right"
2019-3-26 10:21:30.078#keyHandled#"Right"
2019-3-26 10:21:31.592#change#{"from":{"line":9,"ch":27,"sticky":"before","hitSide":true},"to":{"line":9,"ch":27,"sticky":"before","hitSide":true},"text":["/"],"removed":[""],"origin":"+input"}
2019-3-26 10:21:33.981#change#{"from":{"line":9,"ch":28,"sticky":null},"to":{"line":9,"ch":28,"sticky":null},"text":["4"],"removed":[""],"origin":"+input"}
2019-3-26 10:21:37.705#change#{"from":{"line":9,"ch":28,"sticky":"after"},"to":{"line":9,"ch":29,"sticky":null},"text":[""],"removed":["4"],"origin":"+delete"}
2019-3-26 10:21:37.705#keyHandled#"Backspace"
2019-3-26 10:21:49.951#change#{"from":{"line":9,"ch":28,"sticky":null},"to":{"line":9,"ch":28,"sticky":null},"text":["1"],"removed":[""],"origin":"+input"}
2019-3-26 10:21:50.015#change#{"from":{"line":9,"ch":29,"sticky":null},"to":{"line":9,"ch":29,"sticky":null},"text":["0"],"removed":[""],"origin":"+input"}
2019-3-26 10:22:30.212#change#{"from":{"line":9,"ch":30,"sticky":null},"to":{"line":9,"ch":30,"sticky":null},"text":["",""],"removed":[""],"origin":"+input"}
2019-3-26 10:22:30.212#keyHandled#"Enter"
2019-3-26 10:22:30.222#viewportChange#0
2019-3-26 10:22:47.698#change#{"from":{"line":10,"ch":0,"sticky":null},"to":{"line":10,"ch":0,"sticky":null},"text":["p"],"removed":[""],"origin":"+input"}
2019-3-26 10:22:48.003#change#{"from":{"line":10,"ch":1,"sticky":null},"to":{"line":10,"ch":1,"sticky":null},"text":["r"],"removed":[""],"origin":"+input"}
2019-3-26 10:22:48.216#change#{"from":{"line":10,"ch":2,"sticky":null},"to":{"line":10,"ch":2,"sticky":null},"text":["i"],"removed":[""],"origin":"+input"}
2019-3-26 10:22:48.340#change#{"from":{"line":10,"ch":3,"sticky":null},"to":{"line":10,"ch":3,"sticky":null},"text":["n"],"removed":[""],"origin":"+input"}
2019-3-26 10:22:48.523#change#{"from":{"line":10,"ch":4,"sticky":null},"to":{"line":10,"ch":4,"sticky":null},"text":["t"],"removed":[""],"origin":"+input"}
2019-3-26 10:22:49.377#change#{"from":{"line":10,"ch":5,"sticky":null},"to":{"line":10,"ch":5,"sticky":null},"text":["()"],"removed":[""],"origin":"+input"}
2019-3-26 10:22:49.377#keyHandled#"'('"
2019-3-26 10:22:49.934#change#{"from":{"line":10,"ch":6,"sticky":"after"},"to":{"line":10,"ch":6,"sticky":"after"},"text":["r"],"removed":[""],"origin":"+input"}
2019-3-26 10:22:50.211#change#{"from":{"line":10,"ch":7,"sticky":null},"to":{"line":10,"ch":7,"sticky":null},"text":["p"],"removed":[""],"origin":"+input"}
2019-3-26 10:22:50.763#change#{"from":{"line":10,"ch":8,"sticky":null},"to":{"line":10,"ch":8,"sticky":null},"text":["o"],"removed":[""],"origin":"+input"}
2019-3-26 10:22:50.959#change#{"from":{"line":10,"ch":9,"sticky":null},"to":{"line":10,"ch":9,"sticky":null},"text":["n"],"removed":[""],"origin":"+input"}
2019-3-26 10:22:51.227#change#{"from":{"line":10,"ch":10,"sticky":null},"to":{"line":10,"ch":10,"sticky":null},"text":["d"],"removed":[""],"origin":"+input"}
2019-3-26 10:22:53.208#change#{"from":{"line":10,"ch":11,"sticky":null},"to":{"line":10,"ch":11,"sticky":null},"text":["()"],"removed":[""],"origin":"+input"}
2019-3-26 10:22:53.208#keyHandled#"'('"
2019-3-26 10:22:54.241#change#{"from":{"line":10,"ch":12,"sticky":"after"},"to":{"line":10,"ch":12,"sticky":"after"},"text":["x"],"removed":[""],"origin":"+input"}
2019-3-26 10:22:56.496#change#{"from":{"line":10,"ch":13,"sticky":null},"to":{"line":10,"ch":13,"sticky":null},"text":[","],"removed":[""],"origin":"+input"}
2019-3-26 10:22:56.979#change#{"from":{"line":10,"ch":14,"sticky":null},"to":{"line":10,"ch":14,"sticky":null},"text":[" "],"removed":[""],"origin":"+input"}
2019-3-26 10:22:59.098#change#{"from":{"line":10,"ch":15,"sticky":null},"to":{"line":10,"ch":15,"sticky":null},"text":["2"],"removed":[""],"origin":"+input"}
2019-3-26 10:23:02.845#saida_testar#$ python3 main.py
2019-3-26 10:23:04.568#blur#
2019-3-26 10:23:08.649#dica_bullet#NameError: name 'NOME_DA_VARIAVEL' is not defined
2019-3-26 10:23:11.916#mousedown#{"isTrusted":true}
2019-3-26 10:23:11.997#focus#
2019-3-26 10:23:12.516#mousedown#{"isTrusted":true}
2019-3-26 10:23:12.943#mousedown#{"isTrusted":true}
2019-3-26 10:23:13.894#change#{"from":{"line":10,"ch":7,"sticky":"after"},"to":{"line":10,"ch":8,"sticky":"after","xRel":0.4000244140625},"text":[""],"removed":["p"],"origin":"+delete"}
2019-3-26 10:23:13.894#keyHandled#"Backspace"
2019-3-26 10:23:14.600#keyHandled#"Right"
2019-3-26 10:23:15.630#change#{"from":{"line":10,"ch":8,"sticky":"before"},"to":{"line":10,"ch":8,"sticky":"before"},"text":["u"],"removed":[""],"origin":"+input"}
2019-3-26 10:23:15.630#change#{"from":{"line":10,"ch":8,"sticky":"before"},"to":{"line":10,"ch":8,"sticky":"before"},"text":["u"],"removed":[""],"origin":"+input"}
2019-3-26 10:23:17.103#saida_testar#$ python3 main.py
2019-3-26 10:23:18.051#blur#
2019-3-26 10:23:18.051#blur#
2019-3-26 10:23:29.216#saida_testar#$ python3 main.py
