2019-4-23 12:12:00.329#viewportChange#0
2019-4-23 12:12:00.329#viewportChange#0
2019-4-23 12:13:52.491#dica_bullet#SyntaxError: invalid syntax
2019-4-23 12:13:53.111#saida_testar#$ python3 main.py
File "main.py", line 13
if (___COMPLETE AQUI___):
SyntaxError: invalid syntax
2019-4-23 12:14:03.780#mousedown#{"isTrusted":true}
2019-4-23 12:14:03.962#focus#
2019-4-23 12:14:10.299#change#{"from":{"line":12,"ch":3,"sticky":"after","xRel":3.4000244140625},"to":{"line":12,"ch":24,"sticky":"before","xRel":-2.5999755859375},"text":[""],"removed":["(___COMPLETE AQUI___)"],"origin":"+delete"}
2019-4-23 12:14:10.299#keyHandled#"Backspace"
2019-4-23 12:14:11.536#change#{"from":{"line":12,"ch":3,"sticky":null},"to":{"line":12,"ch":3,"sticky":null},"text":["a"],"removed":[""],"origin":"+input"}
2019-4-23 12:14:13.302#change#{"from":{"line":12,"ch":4,"sticky":null},"to":{"line":12,"ch":4,"sticky":null},"text":[" "],"removed":[""],"origin":"+input"}
2019-4-23 12:14:14.135#change#{"from":{"line":12,"ch":5,"sticky":null},"to":{"line":12,"ch":5,"sticky":null},"text":["<"],"removed":[""],"origin":"+input"}
2019-4-23 12:14:14.527#change#{"from":{"line":12,"ch":6,"sticky":null},"to":{"line":12,"ch":6,"sticky":null},"text":[" "],"removed":[""],"origin":"+input"}
2019-4-23 12:14:14.686#change#{"from":{"line":12,"ch":7,"sticky":null},"to":{"line":12,"ch":7,"sticky":null},"text":["0"],"removed":[""],"origin":"+input"}
2019-4-23 12:14:15.063#change#{"from":{"line":12,"ch":8,"sticky":null},"to":{"line":12,"ch":8,"sticky":null},"text":[" "],"removed":[""],"origin":"+input"}
2019-4-23 12:14:17.917#change#{"from":{"line":12,"ch":9,"sticky":null},"to":{"line":12,"ch":9,"sticky":null},"text":["o"],"removed":[""],"origin":"+input"}
2019-4-23 12:14:18.335#change#{"from":{"line":12,"ch":10,"sticky":null},"to":{"line":12,"ch":10,"sticky":null},"text":["r"],"removed":[""],"origin":"+input"}
2019-4-23 12:14:18.800#change#{"from":{"line":12,"ch":11,"sticky":null},"to":{"line":12,"ch":11,"sticky":null},"text":[" "],"removed":[""],"origin":"+input"}
2019-4-23 12:14:20.166#change#{"from":{"line":12,"ch":12,"sticky":null},"to":{"line":12,"ch":12,"sticky":null},"text":["b"],"removed":[""],"origin":"+input"}
2019-4-23 12:14:20.625#change#{"from":{"line":12,"ch":13,"sticky":null},"to":{"line":12,"ch":13,"sticky":null},"text":[" "],"removed":[""],"origin":"+input"}
2019-4-23 12:14:21.447#change#{"from":{"line":12,"ch":14,"sticky":null},"to":{"line":12,"ch":14,"sticky":null},"text":["<"],"removed":[""],"origin":"+input"}
2019-4-23 12:14:21.775#change#{"from":{"line":12,"ch":15,"sticky":null},"to":{"line":12,"ch":15,"sticky":null},"text":[" "],"removed":[""],"origin":"+input"}
2019-4-23 12:14:21.917#change#{"from":{"line":12,"ch":16,"sticky":null},"to":{"line":12,"ch":16,"sticky":null},"text":["0"],"removed":[""],"origin":"+input"}
2019-4-23 12:14:22.220#change#{"from":{"line":12,"ch":17,"sticky":null},"to":{"line":12,"ch":17,"sticky":null},"text":[" "],"removed":[""],"origin":"+input"}
2019-4-23 12:14:23.550#change#{"from":{"line":12,"ch":18,"sticky":null},"to":{"line":12,"ch":18,"sticky":null},"text":["o"],"removed":[""],"origin":"+input"}
2019-4-23 12:14:23.917#change#{"from":{"line":12,"ch":19,"sticky":null},"to":{"line":12,"ch":19,"sticky":null},"text":["r"],"removed":[""],"origin":"+input"}
2019-4-23 12:14:24.296#change#{"from":{"line":12,"ch":20,"sticky":null},"to":{"line":12,"ch":20,"sticky":null},"text":[" "],"removed":[""],"origin":"+input"}
2019-4-23 12:14:24.959#change#{"from":{"line":12,"ch":21,"sticky":null},"to":{"line":12,"ch":21,"sticky":null},"text":["<"],"removed":[""],"origin":"+input"}
2019-4-23 12:14:27.291#change#{"from":{"line":12,"ch":21,"sticky":"after"},"to":{"line":12,"ch":22,"sticky":null},"text":[""],"removed":["<"],"origin":"+delete"}
2019-4-23 12:14:27.291#keyHandled#"Backspace"
2019-4-23 12:14:27.976#change#{"from":{"line":12,"ch":21,"sticky":null},"to":{"line":12,"ch":21,"sticky":null},"text":[" "],"removed":[""],"origin":"+input"}
2019-4-23 12:14:28.590#change#{"from":{"line":12,"ch":22,"sticky":null},"to":{"line":12,"ch":22,"sticky":null},"text":["c"],"removed":[""],"origin":"+input"}
2019-4-23 12:14:28.959#change#{"from":{"line":12,"ch":23,"sticky":null},"to":{"line":12,"ch":23,"sticky":null},"text":[" "],"removed":[""],"origin":"+input"}
2019-4-23 12:14:29.574#change#{"from":{"line":12,"ch":24,"sticky":null},"to":{"line":12,"ch":24,"sticky":null},"text":["<"],"removed":[""],"origin":"+input"}
2019-4-23 12:14:29.951#change#{"from":{"line":12,"ch":25,"sticky":null},"to":{"line":12,"ch":25,"sticky":null},"text":[" "],"removed":[""],"origin":"+input"}
2019-4-23 12:14:30.231#change#{"from":{"line":12,"ch":26,"sticky":null},"to":{"line":12,"ch":26,"sticky":null},"text":["0"],"removed":[""],"origin":"+input"}
