2019-4-30 10:08:43.824#viewportChange#0
2019-4-30 10:35:43.091#mousedown#{"isTrusted":true}
2019-4-30 10:35:43.098#focus#
2019-4-30 10:36:10.411#change#{"from":{"line":3,"ch":0,"sticky":null,"xRel":1,"outside":true},"to":{"line":3,"ch":0,"sticky":null,"xRel":1,"outside":true},"text":["x"],"removed":[""],"origin":"+input"}
2019-4-30 10:36:13.529#change#{"from":{"line":3,"ch":1,"sticky":null},"to":{"line":3,"ch":1,"sticky":null},"text":[" "],"removed":[""],"origin":"+input"}
2019-4-30 10:36:14.210#change#{"from":{"line":3,"ch":2,"sticky":null},"to":{"line":3,"ch":2,"sticky":null},"text":["="],"removed":[""],"origin":"+input"}
2019-4-30 10:36:14.219#change#{"from":{"line":3,"ch":3,"sticky":null},"to":{"line":3,"ch":3,"sticky":null},"text":[" "],"removed":[""],"origin":"+input"}
2019-4-30 10:36:15.282#change#{"from":{"line":3,"ch":4,"sticky":null},"to":{"line":3,"ch":4,"sticky":null},"text":["f"],"removed":[""],"origin":"+input"}
2019-4-30 10:36:15.360#change#{"from":{"line":3,"ch":5,"sticky":null},"to":{"line":3,"ch":5,"sticky":null},"text":["l"],"removed":[""],"origin":"+input"}
2019-4-30 10:36:15.580#change#{"from":{"line":3,"ch":6,"sticky":null},"to":{"line":3,"ch":6,"sticky":null},"text":["o"],"removed":[""],"origin":"+input"}
2019-4-30 10:36:15.994#change#{"from":{"line":3,"ch":7,"sticky":null},"to":{"line":3,"ch":7,"sticky":null},"text":["a"],"removed":[""],"origin":"+input"}
2019-4-30 10:36:16.515#change#{"from":{"line":3,"ch":8,"sticky":null},"to":{"line":3,"ch":8,"sticky":null},"text":["t"],"removed":[""],"origin":"+input"}
2019-4-30 10:36:17.598#change#{"from":{"line":3,"ch":9,"sticky":null},"to":{"line":3,"ch":9,"sticky":null},"text":["()"],"removed":[""],"origin":"+input"}
2019-4-30 10:36:17.598#keyHandled#"'('"
2019-4-30 10:36:18.414#change#{"from":{"line":3,"ch":10,"sticky":"after"},"to":{"line":3,"ch":10,"sticky":"after"},"text":["i"],"removed":[""],"origin":"+input"}
2019-4-30 10:36:18.424#change#{"from":{"line":3,"ch":11,"sticky":null},"to":{"line":3,"ch":11,"sticky":null},"text":["n"],"removed":[""],"origin":"+input"}
2019-4-30 10:36:18.455#change#{"from":{"line":3,"ch":12,"sticky":null},"to":{"line":3,"ch":12,"sticky":null},"text":["p"],"removed":[""],"origin":"+input"}
2019-4-30 10:36:18.738#change#{"from":{"line":3,"ch":13,"sticky":null},"to":{"line":3,"ch":13,"sticky":null},"text":["u"],"removed":[""],"origin":"+input"}
2019-4-30 10:36:19.023#change#{"from":{"line":3,"ch":14,"sticky":null},"to":{"line":3,"ch":14,"sticky":null},"text":["t"],"removed":[""],"origin":"+input"}
2019-4-30 10:36:19.908#change#{"from":{"line":3,"ch":15,"sticky":null},"to":{"line":3,"ch":15,"sticky":null},"text":["()"],"removed":[""],"origin":"+input"}
2019-4-30 10:36:19.908#keyHandled#"'('"
2019-4-30 10:36:21.655#change#{"from":{"line":3,"ch":16,"sticky":"after"},"to":{"line":3,"ch":16,"sticky":"after"},"text":["\"\""],"removed":[""],"origin":"+input"}
2019-4-30 10:36:21.655#keyHandled#"'\"'"
2019-4-30 10:36:22.420#change#{"from":{"line":3,"ch":17,"sticky":"after"},"to":{"line":3,"ch":17,"sticky":"after"},"text":["v"],"removed":[""],"origin":"+input"}
2019-4-30 10:36:23.072#change#{"from":{"line":3,"ch":18,"sticky":null},"to":{"line":3,"ch":18,"sticky":null},"text":["a"],"removed":[""],"origin":"+input"}
2019-4-30 10:36:23.082#change#{"from":{"line":3,"ch":19,"sticky":null},"to":{"line":3,"ch":19,"sticky":null},"text":["l"],"removed":[""],"origin":"+input"}
2019-4-30 10:36:23.094#change#{"from":{"line":3,"ch":20,"sticky":null},"to":{"line":3,"ch":20,"sticky":null},"text":["o"],"removed":[""],"origin":"+input"}
2019-4-30 10:36:23.156#change#{"from":{"line":3,"ch":21,"sticky":null},"to":{"line":3,"ch":21,"sticky":null},"text":["r"],"removed":[""],"origin":"+input"}
2019-4-30 10:36:24.130#change#{"from":{"line":3,"ch":22,"sticky":null},"to":{"line":3,"ch":22,"sticky":null},"text":[" "],"removed":[""],"origin":"+input"}
2019-4-30 10:36:24.400#change#{"from":{"line":3,"ch":23,"sticky":null},"to":{"line":3,"ch":23,"sticky":null},"text":["d"],"removed":[""],"origin":"+input"}
2019-4-30 10:36:24.408#change#{"from":{"line":3,"ch":24,"sticky":null},"to":{"line":3,"ch":24,"sticky":null},"text":["e"],"removed":[""],"origin":"+input"}
2019-4-30 10:36:24.510#change#{"from":{"line":3,"ch":25,"sticky":null},"to":{"line":3,"ch":25,"sticky":null},"text":[" "],"removed":[""],"origin":"+input"}
2019-4-30 10:36:26.233#change#{"from":{"line":3,"ch":26,"sticky":null},"to":{"line":3,"ch":26,"sticky":null},"text":["x"],"removed":[""],"origin":"+input"}
2019-4-30 10:36:27.609#change#{"from":{"line":3,"ch":27,"sticky":null},"to":{"line":3,"ch":27,"sticky":null},"text":[":"],"removed":[""],"origin":"+input"}
2019-4-30 10:37:14.578#change#{"from":{"line":3,"ch":28,"sticky":null},"to":{"line":3,"ch":28,"sticky":null},"text":[" "],"removed":[""],"origin":"+input"}
2019-4-30 10:37:15.714#keyHandled#"End"
2019-4-30 10:37:16.406#change#{"from":{"line":3,"ch":32,"sticky":"before"},"to":{"line":3,"ch":32,"sticky":"before"},"text":["",""],"removed":[""],"origin":"+input"}
2019-4-30 10:37:16.406#keyHandled#"Enter"
2019-4-30 10:37:16.411#viewportChange#0
2019-4-30 10:37:19.096#change#{"from":{"line":4,"ch":0,"sticky":null},"to":{"line":4,"ch":0,"sticky":null},"text":["a"],"removed":[""],"origin":"+input"}
2019-4-30 10:37:19.102#change#{"from":{"line":4,"ch":1,"sticky":null},"to":{"line":4,"ch":1,"sticky":null},"text":[" "],"removed":[""],"origin":"+input"}
2019-4-30 10:37:19.765#change#{"from":{"line":4,"ch":2,"sticky":null},"to":{"line":4,"ch":2,"sticky":null},"text":["="],"removed":[""],"origin":"+input"}
2019-4-30 10:37:21.995#change#{"from":{"line":4,"ch":3,"sticky":null},"to":{"line":4,"ch":3,"sticky":null},"text":[" "],"removed":[""],"origin":"+input"}
2019-4-30 10:37:23.440#change#{"from":{"line":4,"ch":4,"sticky":null},"to":{"line":4,"ch":4,"sticky":null},"text":["f"],"removed":[""],"origin":"+input"}
2019-4-30 10:37:23.619#change#{"from":{"line":4,"ch":5,"sticky":null},"to":{"line":4,"ch":5,"sticky":null},"text":["l"],"removed":[""],"origin":"+input"}
2019-4-30 10:37:24.005#change#{"from":{"line":4,"ch":6,"sticky":null},"to":{"line":4,"ch":6,"sticky":null},"text":["o"],"removed":[""],"origin":"+input"}
2019-4-30 10:37:24.013#change#{"from":{"line":4,"ch":7,"sticky":null},"to":{"line":4,"ch":7,"sticky":null},"text":["l"],"removed":[""],"origin":"+input"}
2019-4-30 10:37:24.247#change#{"from":{"line":4,"ch":8,"sticky":null},"to":{"line":4,"ch":8,"sticky":null},"text":["a"],"removed":[""],"origin":"+input"}
2019-4-30 10:37:26.978#change#{"from":{"line":4,"ch":8,"sticky":"after"},"to":{"line":4,"ch":9,"sticky":null},"text":[""],"removed":["a"],"origin":"+delete"}
2019-4-30 10:37:26.978#keyHandled#"Backspace"
2019-4-30 10:37:26.986#change#{"from":{"line":4,"ch":7,"sticky":"after"},"to":{"line":4,"ch":8,"sticky":null},"text":[""],"removed":["l"],"origin":"+delete"}
2019-4-30 10:37:26.986#keyHandled#"Backspace"
2019-4-30 10:37:28.305#change#{"from":{"line":4,"ch":7,"sticky":null},"to":{"line":4,"ch":7,"sticky":null},"text":["a"],"removed":[""],"origin":"+input"}
2019-4-30 10:37:28.516#change#{"from":{"line":4,"ch":8,"sticky":null},"to":{"line":4,"ch":8,"sticky":null},"text":["t"],"removed":[""],"origin":"+input"}
2019-4-30 10:37:29.513#change#{"from":{"line":4,"ch":9,"sticky":null},"to":{"line":4,"ch":9,"sticky":null},"text":["()"],"removed":[""],"origin":"+input"}
2019-4-30 10:37:29.513#keyHandled#"'('"
2019-4-30 10:37:30.627#change#{"from":{"line":4,"ch":10,"sticky":"after"},"to":{"line":4,"ch":10,"sticky":"after"},"text":["i"],"removed":[""],"origin":"+input"}
2019-4-30 10:37:30.634#change#{"from":{"line":4,"ch":11,"sticky":null},"to":{"line":4,"ch":11,"sticky":null},"text":["n"],"removed":[""],"origin":"+input"}
2019-4-30 10:37:31.337#change#{"from":{"line":4,"ch":12,"sticky":null},"to":{"line":4,"ch":12,"sticky":null},"text":["p"],"removed":[""],"origin":"+input"}
2019-4-30 10:37:31.345#change#{"from":{"line":4,"ch":13,"sticky":null},"to":{"line":4,"ch":13,"sticky":null},"text":["u"],"removed":[""],"origin":"+input"}
2019-4-30 10:37:31.352#change#{"from":{"line":4,"ch":14,"sticky":null},"to":{"line":4,"ch":14,"sticky":null},"text":["t"],"removed":[""],"origin":"+input"}
2019-4-30 10:37:32.064#change#{"from":{"line":4,"ch":15,"sticky":null},"to":{"line":4,"ch":15,"sticky":null},"text":["()"],"removed":[""],"origin":"+input"}
2019-4-30 10:37:32.064#keyHandled#"'('"
2019-4-30 10:37:34.666#change#{"from":{"line":4,"ch":16,"sticky":"after"},"to":{"line":4,"ch":16,"sticky":"after"},"text":["\"\""],"removed":[""],"origin":"+input"}
2019-4-30 10:37:34.666#keyHandled#"'\"'"
2019-4-30 10:37:38.170#change#{"from":{"line":4,"ch":17,"sticky":"after"},"to":{"line":4,"ch":17,"sticky":"after"},"text":["v"],"removed":[""],"origin":"+input"}
2019-4-30 10:37:38.182#change#{"from":{"line":4,"ch":18,"sticky":null},"to":{"line":4,"ch":18,"sticky":null},"text":["a"],"removed":[""],"origin":"+input"}
2019-4-30 10:37:38.190#change#{"from":{"line":4,"ch":19,"sticky":null},"to":{"line":4,"ch":19,"sticky":null},"text":["l"],"removed":[""],"origin":"+input"}
2019-4-30 10:37:38.198#change#{"from":{"line":4,"ch":20,"sticky":null},"to":{"line":4,"ch":20,"sticky":null},"text":["o"],"removed":[""],"origin":"+input"}
2019-4-30 10:37:38.680#change#{"from":{"line":4,"ch":21,"sticky":null},"to":{"line":4,"ch":21,"sticky":null},"text":["r"],"removed":[""],"origin":"+input"}
2019-4-30 10:37:38.688#change#{"from":{"line":4,"ch":22,"sticky":null},"to":{"line":4,"ch":22,"sticky":null},"text":[" "],"removed":[""],"origin":"+input"}
2019-4-30 10:37:38.710#change#{"from":{"line":4,"ch":23,"sticky":null},"to":{"line":4,"ch":23,"sticky":null},"text":["d"],"removed":[""],"origin":"+input"}
2019-4-30 10:37:38.778#change#{"from":{"line":4,"ch":24,"sticky":null},"to":{"line":4,"ch":24,"sticky":null},"text":["e"],"removed":[""],"origin":"+input"}
2019-4-30 10:37:39.001#change#{"from":{"line":4,"ch":25,"sticky":null},"to":{"line":4,"ch":25,"sticky":null},"text":[" "],"removed":[""],"origin":"+input"}
2019-4-30 10:37:39.380#change#{"from":{"line":4,"ch":26,"sticky":null},"to":{"line":4,"ch":26,"sticky":null},"text":["a"],"removed":[""],"origin":"+input"}
2019-4-30 10:37:39.981#change#{"from":{"line":4,"ch":27,"sticky":null},"to":{"line":4,"ch":27,"sticky":null},"text":[":"],"removed":[""],"origin":"+input"}
2019-4-30 10:37:40.255#change#{"from":{"line":4,"ch":28,"sticky":null},"to":{"line":4,"ch":28,"sticky":null},"text":[" "],"removed":[""],"origin":"+input"}
2019-4-30 10:37:41.129#keyHandled#"End"
2019-4-30 10:37:41.720#change#{"from":{"line":4,"ch":32,"sticky":"before"},"to":{"line":4,"ch":32,"sticky":"before"},"text":["",""],"removed":[""],"origin":"+input"}
2019-4-30 10:37:41.720#keyHandled#"Enter"
2019-4-30 10:37:41.725#viewportChange#0
2019-4-30 10:37:44.879#change#{"from":{"line":5,"ch":0,"sticky":null},"to":{"line":5,"ch":0,"sticky":null},"text":["b"],"removed":[""],"origin":"+input"}
2019-4-30 10:37:44.889#change#{"from":{"line":5,"ch":1,"sticky":null},"to":{"line":5,"ch":1,"sticky":null},"text":[" "],"removed":[""],"origin":"+input"}
2019-4-30 10:37:44.897#change#{"from":{"line":5,"ch":2,"sticky":null},"to":{"line":5,"ch":2,"sticky":null},"text":["="],"removed":[""],"origin":"+input"}
2019-4-30 10:37:45.019#change#{"from":{"line":5,"ch":3,"sticky":null},"to":{"line":5,"ch":3,"sticky":null},"text":[" "],"removed":[""],"origin":"+input"}
2019-4-30 10:37:46.802#change#{"from":{"line":5,"ch":4,"sticky":null},"to":{"line":5,"ch":4,"sticky":null},"text":["f"],"removed":[""],"origin":"+input"}
2019-4-30 10:37:46.815#change#{"from":{"line":5,"ch":5,"sticky":null},"to":{"line":5,"ch":5,"sticky":null},"text":["l"],"removed":[""],"origin":"+input"}
2019-4-30 10:37:46.886#change#{"from":{"line":5,"ch":6,"sticky":null},"to":{"line":5,"ch":6,"sticky":null},"text":["o"],"removed":[""],"origin":"+input"}
2019-4-30 10:37:47.082#change#{"from":{"line":5,"ch":7,"sticky":null},"to":{"line":5,"ch":7,"sticky":null},"text":["a"],"removed":[""],"origin":"+input"}
2019-4-30 10:37:47.391#change#{"from":{"line":5,"ch":8,"sticky":null},"to":{"line":5,"ch":8,"sticky":null},"text":["t"],"removed":[""],"origin":"+input"}
2019-4-30 10:37:48.173#change#{"from":{"line":5,"ch":9,"sticky":null},"to":{"line":5,"ch":9,"sticky":null},"text":["()"],"removed":[""],"origin":"+input"}
2019-4-30 10:37:48.173#keyHandled#"'('"
2019-4-30 10:37:48.548#change#{"from":{"line":5,"ch":10,"sticky":"after"},"to":{"line":5,"ch":10,"sticky":"after"},"text":["i"],"removed":[""],"origin":"+input"}
2019-4-30 10:37:48.765#change#{"from":{"line":5,"ch":11,"sticky":null},"to":{"line":5,"ch":11,"sticky":null},"text":["n"],"removed":[""],"origin":"+input"}
2019-4-30 10:37:48.867#change#{"from":{"line":5,"ch":12,"sticky":null},"to":{"line":5,"ch":12,"sticky":null},"text":["p"],"removed":[""],"origin":"+input"}
2019-4-30 10:37:49.058#change#{"from":{"line":5,"ch":13,"sticky":null},"to":{"line":5,"ch":13,"sticky":null},"text":["u"],"removed":[""],"origin":"+input"}
2019-4-30 10:37:49.333#change#{"from":{"line":5,"ch":14,"sticky":null},"to":{"line":5,"ch":14,"sticky":null},"text":["t"],"removed":[""],"origin":"+input"}
2019-4-30 10:37:50.712#change#{"from":{"line":5,"ch":15,"sticky":null},"to":{"line":5,"ch":15,"sticky":null},"text":["()"],"removed":[""],"origin":"+input"}
2019-4-30 10:37:50.712#keyHandled#"'('"
2019-4-30 10:37:50.768#change#{"from":{"line":5,"ch":16,"sticky":"after"},"to":{"line":5,"ch":16,"sticky":"after"},"text":["\"\""],"removed":[""],"origin":"+input"}
2019-4-30 10:37:50.768#keyHandled#"'\"'"
2019-4-30 10:37:51.648#change#{"from":{"line":5,"ch":17,"sticky":"after"},"to":{"line":5,"ch":17,"sticky":"after"},"text":["v"],"removed":[""],"origin":"+input"}
2019-4-30 10:37:51.654#change#{"from":{"line":5,"ch":18,"sticky":null},"to":{"line":5,"ch":18,"sticky":null},"text":["a"],"removed":[""],"origin":"+input"}
2019-4-30 10:37:51.815#change#{"from":{"line":5,"ch":19,"sticky":null},"to":{"line":5,"ch":19,"sticky":null},"text":["l"],"removed":[""],"origin":"+input"}
2019-4-30 10:37:51.994#change#{"from":{"line":5,"ch":20,"sticky":null},"to":{"line":5,"ch":20,"sticky":null},"text":["o"],"removed":[""],"origin":"+input"}
2019-4-30 10:37:52.152#change#{"from":{"line":5,"ch":21,"sticky":null},"to":{"line":5,"ch":21,"sticky":null},"text":["r"],"removed":[""],"origin":"+input"}
2019-4-30 10:37:53.316#change#{"from":{"line":5,"ch":22,"sticky":null},"to":{"line":5,"ch":22,"sticky":null},"text":[" "],"removed":[""],"origin":"+input"}
2019-4-30 10:37:53.329#change#{"from":{"line":5,"ch":23,"sticky":null},"to":{"line":5,"ch":23,"sticky":null},"text":["d"],"removed":[""],"origin":"+input"}
2019-4-30 10:37:53.339#change#{"from":{"line":5,"ch":24,"sticky":null},"to":{"line":5,"ch":24,"sticky":null},"text":["e"],"removed":[""],"origin":"+input"}
2019-4-30 10:37:53.888#change#{"from":{"line":5,"ch":25,"sticky":null},"to":{"line":5,"ch":25,"sticky":null},"text":[" "],"removed":[""],"origin":"+input"}
2019-4-30 10:37:54.075#change#{"from":{"line":5,"ch":26,"sticky":null},"to":{"line":5,"ch":26,"sticky":null},"text":["b"],"removed":[""],"origin":"+input"}
2019-4-30 10:37:54.812#change#{"from":{"line":5,"ch":27,"sticky":null},"to":{"line":5,"ch":27,"sticky":null},"text":[":"],"removed":[""],"origin":"+input"}
2019-4-30 10:37:55.947#change#{"from":{"line":5,"ch":28,"sticky":null},"to":{"line":5,"ch":28,"sticky":null},"text":[" "],"removed":[""],"origin":"+input"}
2019-4-30 10:37:57.119#keyHandled#"End"
2019-4-30 10:37:57.125#change#{"from":{"line":5,"ch":32,"sticky":"before"},"to":{"line":5,"ch":32,"sticky":"before"},"text":["",""],"removed":[""],"origin":"+input"}
2019-4-30 10:37:57.125#keyHandled#"Enter"
2019-4-30 10:37:57.130#viewportChange#0
2019-4-30 10:38:01.840#change#{"from":{"line":6,"ch":0,"sticky":null},"to":{"line":6,"ch":0,"sticky":null},"text":["i"],"removed":[""],"origin":"+input"}
2019-4-30 10:38:01.854#change#{"from":{"line":6,"ch":1,"sticky":null},"to":{"line":6,"ch":1,"sticky":null},"text":["f"],"removed":[""],"origin":"+input"}
2019-4-30 10:38:05.676#change#{"from":{"line":6,"ch":2,"sticky":null},"to":{"line":6,"ch":2,"sticky":null},"text":["()"],"removed":[""],"origin":"+input"}
2019-4-30 10:38:05.676#keyHandled#"'('"
2019-4-30 10:38:05.966#change#{"from":{"line":6,"ch":3,"sticky":"after"},"to":{"line":6,"ch":3,"sticky":"after"},"text":["()"],"removed":[""],"origin":"+input"}
2019-4-30 10:38:05.966#keyHandled#"'('"
2019-4-30 10:38:10.035#change#{"from":{"line":6,"ch":4,"sticky":"after"},"to":{"line":6,"ch":4,"sticky":"after"},"text":["b"],"removed":[""],"origin":"+input"}
2019-4-30 10:38:10.154#change#{"from":{"line":6,"ch":5,"sticky":null},"to":{"line":6,"ch":5,"sticky":null},"text":[">"],"removed":[""],"origin":"+input"}
2019-4-30 10:38:10.839#change#{"from":{"line":6,"ch":6,"sticky":null},"to":{"line":6,"ch":6,"sticky":null},"text":["a"],"removed":[""],"origin":"+input"}
2019-4-30 10:38:13.890#keyHandled#"')'"
2019-4-30 10:38:15.488#keyHandled#"Right"
2019-4-30 10:38:16.963#change#{"from":{"line":6,"ch":9,"sticky":"before"},"to":{"line":6,"ch":9,"sticky":"before"},"text":["o"],"removed":[""],"origin":"+input"}
2019-4-30 10:38:16.971#change#{"from":{"line":6,"ch":10,"sticky":null},"to":{"line":6,"ch":10,"sticky":null},"text":["r"],"removed":[""],"origin":"+input"}
2019-4-30 10:38:19.391#change#{"from":{"line":6,"ch":11,"sticky":null},"to":{"line":6,"ch":11,"sticky":null},"text":["()"],"removed":[""],"origin":"+input"}
2019-4-30 10:38:19.391#keyHandled#"'('"
2019-4-30 10:38:20.109#change#{"from":{"line":6,"ch":12,"sticky":"after"},"to":{"line":6,"ch":12,"sticky":"after"},"text":["x"],"removed":[""],"origin":"+input"}
2019-4-30 10:38:23.541#change#{"from":{"line":6,"ch":13,"sticky":null},"to":{"line":6,"ch":13,"sticky":null},"text":[">"],"removed":[""],"origin":"+input"}
2019-4-30 10:38:23.549#change#{"from":{"line":6,"ch":14,"sticky":null},"to":{"line":6,"ch":14,"sticky":null},"text":["="],"removed":[""],"origin":"+input"}
2019-4-30 10:38:25.034#change#{"from":{"line":6,"ch":15,"sticky":null},"to":{"line":6,"ch":15,"sticky":null},"text":["a"],"removed":[""],"origin":"+input"}
2019-4-30 10:38:25.833#keyHandled#"')'"
2019-4-30 10:38:26.722#keyHandled#"Right"
2019-4-30 10:38:28.054#change#{"from":{"line":6,"ch":17,"sticky":"before","hitSide":true},"to":{"line":6,"ch":17,"sticky":"before","hitSide":true},"text":["o"],"removed":[""],"origin":"+input"}
2019-4-30 10:38:28.063#change#{"from":{"line":6,"ch":18,"sticky":null},"to":{"line":6,"ch":18,"sticky":null},"text":["r"],"removed":[""],"origin":"+input"}
2019-4-30 10:38:32.386#mousedown#{"isTrusted":true}
2019-4-30 10:38:33.729#change#{"from":{"line":6,"ch":8,"sticky":"after"},"to":{"line":6,"ch":9,"sticky":"before","xRel":-3.24658203125},"text":[""],"removed":[")"],"origin":"+delete"}
2019-4-30 10:38:33.730#keyHandled#"Backspace"
2019-4-30 10:38:38.217#mousedown#{"isTrusted":true}
2019-4-30 10:38:39.996#change#{"from":{"line":6,"ch":18,"sticky":"before","xRel":12.97216796875},"to":{"line":6,"ch":18,"sticky":"before","xRel":12.97216796875},"text":["()"],"removed":[""],"origin":"+input"}
2019-4-30 10:38:39.996#keyHandled#"'('"
2019-4-30 10:38:47.364#change#{"from":{"line":6,"ch":18,"sticky":null},"to":{"line":6,"ch":20,"sticky":null},"text":[""],"removed":["()"],"origin":"+delete"}
2019-4-30 10:38:47.364#keyHandled#"Backspace"
2019-4-30 10:38:48.026#change#{"from":{"line":6,"ch":17,"sticky":"after"},"to":{"line":6,"ch":18,"sticky":null},"text":[""],"removed":["r"],"origin":"+delete"}
2019-4-30 10:38:48.026#keyHandled#"Backspace"
2019-4-30 10:38:48.961#change#{"from":{"line":6,"ch":16,"sticky":"after"},"to":{"line":6,"ch":17,"sticky":null},"text":[""],"removed":["o"],"origin":"+delete"}
2019-4-30 10:38:48.961#keyHandled#"Backspace"
2019-4-30 10:38:48.986#change#{"from":{"line":6,"ch":16,"sticky":null},"to":{"line":6,"ch":16,"sticky":null},"text":["a"],"removed":[""],"origin":"+input"}
2019-4-30 10:38:49.177#change#{"from":{"line":6,"ch":17,"sticky":null},"to":{"line":6,"ch":17,"sticky":null},"text":["n"],"removed":[""],"origin":"+input"}
2019-4-30 10:38:49.374#change#{"from":{"line":6,"ch":18,"sticky":null},"to":{"line":6,"ch":18,"sticky":null},"text":["d"],"removed":[""],"origin":"+input"}
2019-4-30 10:38:50.481#change#{"from":{"line":6,"ch":19,"sticky":null},"to":{"line":6,"ch":19,"sticky":null},"text":["()"],"removed":[""],"origin":"+input"}
2019-4-30 10:38:50.481#keyHandled#"'('"
2019-4-30 10:38:54.686#change#{"from":{"line":6,"ch":20,"sticky":"after"},"to":{"line":6,"ch":20,"sticky":"after"},"text":["x"],"removed":[""],"origin":"+input"}
2019-4-30 10:38:55.649#change#{"from":{"line":6,"ch":21,"sticky":null},"to":{"line":6,"ch":21,"sticky":null},"text":["<"],"removed":[""],"origin":"+input"}
2019-4-30 10:38:56.299#change#{"from":{"line":6,"ch":22,"sticky":null},"to":{"line":6,"ch":22,"sticky":null},"text":["="],"removed":[""],"origin":"+input"}
2019-4-30 10:38:57.701#change#{"from":{"line":6,"ch":23,"sticky":null},"to":{"line":6,"ch":23,"sticky":null},"text":["b"],"removed":[""],"origin":"+input"}
2019-4-30 10:39:01.052#keyHandled#"')'"
2019-4-30 10:39:03.922#keyHandled#"Right"
2019-4-30 10:39:09.785#change#{"from":{"line":6,"ch":25,"sticky":"before","hitSide":true},"to":{"line":6,"ch":25,"sticky":"before","hitSide":true},"text":[")"],"removed":[""],"origin":"+input"}
2019-4-30 10:39:13.342#change#{"from":{"line":6,"ch":26,"sticky":null},"to":{"line":6,"ch":26,"sticky":null},"text":[":"],"removed":[""],"origin":"+input"}
2019-4-30 10:39:14.719#change#{"from":{"line":6,"ch":27,"sticky":null},"to":{"line":6,"ch":27,"sticky":null},"text":["",""],"removed":[""],"origin":"+input"}
2019-4-30 10:39:14.719#change#{"from":{"line":7,"ch":0,"sticky":null},"to":{"line":7,"ch":0,"sticky":null},"text":["\t"],"removed":[""],"origin":"+input"}
2019-4-30 10:39:14.719#keyHandled#"Enter"
2019-4-30 10:39:14.726#viewportChange#0
2019-4-30 10:39:16.220#change#{"from":{"line":7,"ch":1,"sticky":null},"to":{"line":7,"ch":1,"sticky":null},"text":["i"],"removed":[""],"origin":"+input"}
2019-4-30 10:39:16.228#change#{"from":{"line":7,"ch":2,"sticky":null},"to":{"line":7,"ch":2,"sticky":null},"text":["f"],"removed":[""],"origin":"+input"}
2019-4-30 10:39:18.660#change#{"from":{"line":7,"ch":3,"sticky":null},"to":{"line":7,"ch":3,"sticky":null},"text":["()"],"removed":[""],"origin":"+input"}
2019-4-30 10:39:18.660#keyHandled#"'('"
2019-4-30 10:39:18.668#change#{"from":{"line":7,"ch":4,"sticky":"after"},"to":{"line":7,"ch":4,"sticky":"after"},"text":["()"],"removed":[""],"origin":"+input"}
2019-4-30 10:39:18.668#keyHandled#"'('"
2019-4-30 10:39:21.204#change#{"from":{"line":7,"ch":5,"sticky":"after"},"to":{"line":7,"ch":5,"sticky":"after"},"text":["x"],"removed":[""],"origin":"+input"}
2019-4-30 10:39:21.374#change#{"from":{"line":7,"ch":6,"sticky":null},"to":{"line":7,"ch":6,"sticky":null},"text":[">"],"removed":[""],"origin":"+input"}
2019-4-30 10:39:23.920#change#{"from":{"line":7,"ch":7,"sticky":null},"to":{"line":7,"ch":7,"sticky":null},"text":["="],"removed":[""],"origin":"+input"}
2019-4-30 10:39:23.927#change#{"from":{"line":7,"ch":8,"sticky":null},"to":{"line":7,"ch":8,"sticky":null},"text":["a"],"removed":[""],"origin":"+input"}
2019-4-30 10:39:25.986#keyHandled#"Right"
2019-4-30 10:39:30.583#change#{"from":{"line":7,"ch":10,"sticky":"before"},"to":{"line":7,"ch":10,"sticky":"before"},"text":["a"],"removed":[""],"origin":"+input"}
2019-4-30 10:39:30.594#change#{"from":{"line":7,"ch":11,"sticky":null},"to":{"line":7,"ch":11,"sticky":null},"text":["n"],"removed":[""],"origin":"+input"}
2019-4-30 10:39:30.601#change#{"from":{"line":7,"ch":12,"sticky":null},"to":{"line":7,"ch":12,"sticky":null},"text":["d"],"removed":[""],"origin":"+input"}
2019-4-30 10:39:33.710#change#{"from":{"line":7,"ch":13,"sticky":null},"to":{"line":7,"ch":13,"sticky":null},"text":["()"],"removed":[""],"origin":"+input"}
2019-4-30 10:39:33.710#keyHandled#"'('"
2019-4-30 10:39:34.382#change#{"from":{"line":7,"ch":14,"sticky":"after"},"to":{"line":7,"ch":14,"sticky":"after"},"text":["x"],"removed":[""],"origin":"+input"}
2019-4-30 10:39:35.054#change#{"from":{"line":7,"ch":15,"sticky":null},"to":{"line":7,"ch":15,"sticky":null},"text":["<"],"removed":[""],"origin":"+input"}
2019-4-30 10:39:35.520#change#{"from":{"line":7,"ch":16,"sticky":null},"to":{"line":7,"ch":16,"sticky":null},"text":["="],"removed":[""],"origin":"+input"}
2019-4-30 10:39:37.125#change#{"from":{"line":7,"ch":17,"sticky":null},"to":{"line":7,"ch":17,"sticky":null},"text":["b"],"removed":[""],"origin":"+input"}
2019-4-30 10:39:38.777#keyHandled#"End"
2019-4-30 10:39:39.575#change#{"from":{"line":7,"ch":20,"sticky":"before"},"to":{"line":7,"ch":20,"sticky":"before"},"text":[":"],"removed":[""],"origin":"+input"}
2019-4-30 10:39:42.215#change#{"from":{"line":7,"ch":21,"sticky":null},"to":{"line":7,"ch":21,"sticky":null},"text":["",""],"removed":[""],"origin":"+input"}
2019-4-30 10:39:42.215#change#{"from":{"line":8,"ch":0,"sticky":null},"to":{"line":8,"ch":0,"sticky":null},"text":["\t\t"],"removed":[""],"origin":"+input"}
2019-4-30 10:39:42.215#keyHandled#"Enter"
2019-4-30 10:39:42.220#viewportChange#0
2019-4-30 10:39:46.234#change#{"from":{"line":8,"ch":2,"sticky":null},"to":{"line":8,"ch":2,"sticky":null},"text":["p"],"removed":[""],"origin":"+input"}
2019-4-30 10:39:46.424#change#{"from":{"line":8,"ch":3,"sticky":null},"to":{"line":8,"ch":3,"sticky":null},"text":["r"],"removed":[""],"origin":"+input"}
2019-4-30 10:39:46.618#change#{"from":{"line":8,"ch":4,"sticky":null},"to":{"line":8,"ch":4,"sticky":null},"text":["i"],"removed":[""],"origin":"+input"}
2019-4-30 10:39:46.855#change#{"from":{"line":8,"ch":5,"sticky":null},"to":{"line":8,"ch":5,"sticky":null},"text":["n"],"removed":[""],"origin":"+input"}
2019-4-30 10:39:47.023#change#{"from":{"line":8,"ch":6,"sticky":null},"to":{"line":8,"ch":6,"sticky":null},"text":["t"],"removed":[""],"origin":"+input"}
2019-4-30 10:39:48.120#change#{"from":{"line":8,"ch":7,"sticky":null},"to":{"line":8,"ch":7,"sticky":null},"text":["()"],"removed":[""],"origin":"+input"}
2019-4-30 10:39:48.120#keyHandled#"'('"
2019-4-30 10:39:50.781#change#{"from":{"line":8,"ch":8,"sticky":"after"},"to":{"line":8,"ch":8,"sticky":"after"},"text":["x"],"removed":[""],"origin":"+input"}
2019-4-30 10:39:53.900#change#{"from":{"line":8,"ch":9,"sticky":null},"to":{"line":8,"ch":9,"sticky":null},"text":[","],"removed":[""],"origin":"+input"}
2019-4-30 10:39:54.006#change#{"from":{"line":8,"ch":10,"sticky":null},"to":{"line":8,"ch":10,"sticky":null},"text":[" "],"removed":[""],"origin":"+input"}
2019-4-30 10:39:54.903#change#{"from":{"line":8,"ch":11,"sticky":null},"to":{"line":8,"ch":11,"sticky":null},"text":["\"\""],"removed":[""],"origin":"+input"}
2019-4-30 10:39:54.903#keyHandled#"'\"'"
2019-4-30 10:39:56.237#change#{"from":{"line":8,"ch":12,"sticky":"after"},"to":{"line":8,"ch":12,"sticky":"after"},"text":["p"],"removed":[""],"origin":"+input"}
2019-4-30 10:39:56.273#change#{"from":{"line":8,"ch":13,"sticky":null},"to":{"line":8,"ch":13,"sticky":null},"text":["e"],"removed":[""],"origin":"+input"}
2019-4-30 10:39:56.808#change#{"from":{"line":8,"ch":14,"sticky":null},"to":{"line":8,"ch":14,"sticky":null},"text":["r"],"removed":[""],"origin":"+input"}
2019-4-30 10:39:56.817#change#{"from":{"line":8,"ch":15,"sticky":null},"to":{"line":8,"ch":15,"sticky":null},"text":["t"],"removed":[""],"origin":"+input"}
2019-4-30 10:39:56.998#change#{"from":{"line":8,"ch":16,"sticky":null},"to":{"line":8,"ch":16,"sticky":null},"text":["e"],"removed":[""],"origin":"+input"}
2019-4-30 10:39:57.146#change#{"from":{"line":8,"ch":17,"sticky":null},"to":{"line":8,"ch":17,"sticky":null},"text":["n"],"removed":[""],"origin":"+input"}
2019-4-30 10:39:57.678#change#{"from":{"line":8,"ch":18,"sticky":null},"to":{"line":8,"ch":18,"sticky":null},"text":["c"],"removed":[""],"origin":"+input"}
2019-4-30 10:39:57.685#change#{"from":{"line":8,"ch":19,"sticky":null},"to":{"line":8,"ch":19,"sticky":null},"text":["e"],"removed":[""],"origin":"+input"}
2019-4-30 10:40:00.823#change#{"from":{"line":8,"ch":20,"sticky":null},"to":{"line":8,"ch":20,"sticky":null},"text":[" "],"removed":[""],"origin":"+input"}
2019-4-30 10:40:01.799#change#{"from":{"line":8,"ch":21,"sticky":null},"to":{"line":8,"ch":21,"sticky":null},"text":["a"],"removed":[""],"origin":"+input"}
2019-4-30 10:40:01.808#change#{"from":{"line":8,"ch":22,"sticky":null},"to":{"line":8,"ch":22,"sticky":null},"text":["o"],"removed":[""],"origin":"+input"}
2019-4-30 10:40:02.451#change#{"from":{"line":8,"ch":23,"sticky":null},"to":{"line":8,"ch":23,"sticky":null},"text":[" "],"removed":[""],"origin":"+input"}
2019-4-30 10:40:02.460#change#{"from":{"line":8,"ch":24,"sticky":null},"to":{"line":8,"ch":24,"sticky":null},"text":["i"],"removed":[""],"origin":"+input"}
2019-4-30 10:40:02.468#change#{"from":{"line":8,"ch":25,"sticky":null},"to":{"line":8,"ch":25,"sticky":null},"text":["n"],"removed":[""],"origin":"+input"}
2019-4-30 10:40:02.748#change#{"from":{"line":8,"ch":26,"sticky":null},"to":{"line":8,"ch":26,"sticky":null},"text":["t"],"removed":[""],"origin":"+input"}
2019-4-30 10:40:02.914#change#{"from":{"line":8,"ch":27,"sticky":null},"to":{"line":8,"ch":27,"sticky":null},"text":["e"],"removed":[""],"origin":"+input"}
2019-4-30 10:40:03.141#change#{"from":{"line":8,"ch":28,"sticky":null},"to":{"line":8,"ch":28,"sticky":null},"text":["r"],"removed":[""],"origin":"+input"}
2019-4-30 10:40:03.685#change#{"from":{"line":8,"ch":29,"sticky":null},"to":{"line":8,"ch":29,"sticky":null},"text":["v"],"removed":[""],"origin":"+input"}
2019-4-30 10:40:03.826#change#{"from":{"line":8,"ch":30,"sticky":null},"to":{"line":8,"ch":30,"sticky":null},"text":["s"],"removed":[""],"origin":"+input"}
2019-4-30 10:40:04.696#change#{"from":{"line":8,"ch":30,"sticky":"after"},"to":{"line":8,"ch":31,"sticky":null},"text":[""],"removed":["s"],"origin":"+delete"}
2019-4-30 10:40:04.696#keyHandled#"Backspace"
2019-4-30 10:40:05.045#change#{"from":{"line":8,"ch":30,"sticky":null},"to":{"line":8,"ch":30,"sticky":null},"text":["a"],"removed":[""],"origin":"+input"}
2019-4-30 10:40:05.115#change#{"from":{"line":8,"ch":31,"sticky":null},"to":{"line":8,"ch":31,"sticky":null},"text":["l"],"removed":[""],"origin":"+input"}
2019-4-30 10:40:05.596#change#{"from":{"line":8,"ch":32,"sticky":null},"to":{"line":8,"ch":32,"sticky":null},"text":["o"],"removed":[""],"origin":"+input"}
2019-4-30 10:40:08.690#keyHandled#"'\"'"
2019-4-30 10:40:17.358#change#{"from":{"line":8,"ch":34,"sticky":"before"},"to":{"line":8,"ch":34,"sticky":"before"},"text":[","],"removed":[""],"origin":"+input"}
2019-4-30 10:40:18.516#change#{"from":{"line":8,"ch":35,"sticky":null},"to":{"line":8,"ch":35,"sticky":null},"text":[" "],"removed":[""],"origin":"+input"}
2019-4-30 10:40:19.267#change#{"from":{"line":8,"ch":36,"sticky":null},"to":{"line":8,"ch":36,"sticky":null},"text":["a"],"removed":[""],"origin":"+input"}
2019-4-30 10:40:19.309#change#{"from":{"line":8,"ch":37,"sticky":null},"to":{"line":8,"ch":37,"sticky":null},"text":[","],"removed":[""],"origin":"+input"}
2019-4-30 10:40:25.162#change#{"from":{"line":8,"ch":38,"sticky":null},"to":{"line":8,"ch":38,"sticky":null},"text":[" "],"removed":[""],"origin":"+input"}
2019-4-30 10:40:25.501#change#{"from":{"line":8,"ch":39,"sticky":null},"to":{"line":8,"ch":39,"sticky":null},"text":["\"\""],"removed":[""],"origin":"+input"}
2019-4-30 10:40:25.501#keyHandled#"'\"'"
2019-4-30 10:40:26.441#change#{"from":{"line":8,"ch":40,"sticky":"after"},"to":{"line":8,"ch":40,"sticky":"after"},"text":[","],"removed":[""],"origin":"+input"}
2019-4-30 10:40:29.655#keyHandled#"Right"
2019-4-30 10:40:33.353#change#{"from":{"line":8,"ch":42,"sticky":"before"},"to":{"line":8,"ch":42,"sticky":"before"},"text":[","],"removed":[""],"origin":"+input"}
2019-4-30 10:40:34.114#change#{"from":{"line":8,"ch":43,"sticky":null},"to":{"line":8,"ch":43,"sticky":null},"text":[" "],"removed":[""],"origin":"+input"}
2019-4-30 10:40:34.125#change#{"from":{"line":8,"ch":44,"sticky":null},"to":{"line":8,"ch":44,"sticky":null},"text":["b"],"removed":[""],"origin":"+input"}
2019-4-30 10:40:39.398#keyHandled#"End"
2019-4-30 10:40:39.406#change#{"from":{"line":8,"ch":46,"sticky":"before"},"to":{"line":8,"ch":46,"sticky":"before"},"text":["",""],"removed":[""],"origin":"+input"}
2019-4-30 10:40:39.406#change#{"from":{"line":9,"ch":0,"sticky":null},"to":{"line":9,"ch":0,"sticky":null},"text":["\t\t"],"removed":[""],"origin":"+input"}
2019-4-30 10:40:39.406#keyHandled#"Enter"
2019-4-30 10:40:39.417#viewportChange#0
2019-4-30 10:40:41.941#change#{"from":{"line":9,"ch":1,"sticky":"after"},"to":{"line":9,"ch":2,"sticky":null},"text":[""],"removed":["\t"],"origin":"+delete"}
2019-4-30 10:40:41.941#keyHandled#"Backspace"
2019-4-30 10:40:42.634#change#{"from":{"line":9,"ch":1,"sticky":null},"to":{"line":9,"ch":1,"sticky":null},"text":["e"],"removed":[""],"origin":"+input"}
2019-4-30 10:40:42.784#change#{"from":{"line":9,"ch":2,"sticky":null},"to":{"line":9,"ch":2,"sticky":null},"text":["l"],"removed":[""],"origin":"+input"}
2019-4-30 10:40:42.934#change#{"from":{"line":9,"ch":3,"sticky":null},"to":{"line":9,"ch":3,"sticky":null},"text":["i"],"removed":[""],"origin":"+input"}
2019-4-30 10:40:43.160#change#{"from":{"line":9,"ch":4,"sticky":null},"to":{"line":9,"ch":4,"sticky":null},"text":["f"],"removed":[""],"origin":"+input"}
2019-4-30 10:40:44.588#change#{"from":{"line":9,"ch":5,"sticky":null},"to":{"line":9,"ch":5,"sticky":null},"text":["()"],"removed":[""],"origin":"+input"}
2019-4-30 10:40:44.588#keyHandled#"'('"
2019-4-30 10:40:46.651#change#{"from":{"line":9,"ch":6,"sticky":"after"},"to":{"line":9,"ch":6,"sticky":"after"},"text":["()"],"removed":[""],"origin":"+input"}
2019-4-30 10:40:46.651#keyHandled#"'('"
2019-4-30 10:40:50.577#change#{"from":{"line":9,"ch":7,"sticky":"after"},"to":{"line":9,"ch":7,"sticky":"after"},"text":["x"],"removed":[""],"origin":"+input"}
2019-4-30 10:40:51.554#change#{"from":{"line":9,"ch":8,"sticky":null},"to":{"line":9,"ch":8,"sticky":null},"text":["!"],"removed":[""],"origin":"+input"}
2019-4-30 10:40:51.988#change#{"from":{"line":9,"ch":9,"sticky":null},"to":{"line":9,"ch":9,"sticky":null},"text":["="],"removed":[""],"origin":"+input"}
2019-4-30 10:40:53.386#change#{"from":{"line":9,"ch":10,"sticky":null},"to":{"line":9,"ch":10,"sticky":null},"text":["a"],"removed":[""],"origin":"+input"}
2019-4-30 10:40:56.888#keyHandled#"Right"
2019-4-30 10:40:57.898#change#{"from":{"line":9,"ch":12,"sticky":"before"},"to":{"line":9,"ch":12,"sticky":"before"},"text":["a"],"removed":[""],"origin":"+input"}
2019-4-30 10:40:57.908#change#{"from":{"line":9,"ch":13,"sticky":null},"to":{"line":9,"ch":13,"sticky":null},"text":["n"],"removed":[""],"origin":"+input"}
2019-4-30 10:40:57.916#change#{"from":{"line":9,"ch":14,"sticky":null},"to":{"line":9,"ch":14,"sticky":null},"text":["d"],"removed":[""],"origin":"+input"}
2019-4-30 10:40:59.231#change#{"from":{"line":9,"ch":15,"sticky":null},"to":{"line":9,"ch":15,"sticky":null},"text":["()"],"removed":[""],"origin":"+input"}
2019-4-30 10:40:59.232#keyHandled#"'('"
2019-4-30 10:41:01.907#change#{"from":{"line":9,"ch":16,"sticky":"after"},"to":{"line":9,"ch":16,"sticky":"after"},"text":["x"],"removed":[""],"origin":"+input"}
2019-4-30 10:41:02.743#change#{"from":{"line":9,"ch":17,"sticky":null},"to":{"line":9,"ch":17,"sticky":null},"text":["<"],"removed":[""],"origin":"+input"}
2019-4-30 10:41:02.997#change#{"from":{"line":9,"ch":18,"sticky":null},"to":{"line":9,"ch":18,"sticky":null},"text":["a"],"removed":[""],"origin":"+input"}
2019-4-30 10:41:07.806#keyHandled#"Right"
2019-4-30 10:41:08.545#change#{"from":{"line":9,"ch":20,"sticky":"before"},"to":{"line":9,"ch":20,"sticky":"before"},"text":["o"],"removed":[""],"origin":"+input"}
2019-4-30 10:41:08.554#change#{"from":{"line":9,"ch":21,"sticky":null},"to":{"line":9,"ch":21,"sticky":null},"text":["r"],"removed":[""],"origin":"+input"}
2019-4-30 10:41:09.994#change#{"from":{"line":9,"ch":22,"sticky":null},"to":{"line":9,"ch":22,"sticky":null},"text":["()"],"removed":[""],"origin":"+input"}
2019-4-30 10:41:09.994#keyHandled#"'('"
2019-4-30 10:41:11.720#change#{"from":{"line":9,"ch":23,"sticky":"after"},"to":{"line":9,"ch":23,"sticky":"after"},"text":["x"],"removed":[""],"origin":"+input"}
2019-4-30 10:41:12.488#change#{"from":{"line":9,"ch":24,"sticky":null},"to":{"line":9,"ch":24,"sticky":null},"text":["!"],"removed":[""],"origin":"+input"}
2019-4-30 10:41:13.160#change#{"from":{"line":9,"ch":25,"sticky":null},"to":{"line":9,"ch":25,"sticky":null},"text":["="],"removed":[""],"origin":"+input"}
2019-4-30 10:41:15.392#change#{"from":{"line":9,"ch":26,"sticky":null},"to":{"line":9,"ch":26,"sticky":null},"text":["b"],"removed":[""],"origin":"+input"}
2019-4-30 10:41:17.157#keyHandled#"Right"
2019-4-30 10:41:18.025#change#{"from":{"line":9,"ch":28,"sticky":"before"},"to":{"line":9,"ch":28,"sticky":"before"},"text":["a"],"removed":[""],"origin":"+input"}
2019-4-30 10:41:18.261#change#{"from":{"line":9,"ch":29,"sticky":null},"to":{"line":9,"ch":29,"sticky":null},"text":["n"],"removed":[""],"origin":"+input"}
2019-4-30 10:41:18.767#change#{"from":{"line":9,"ch":30,"sticky":null},"to":{"line":9,"ch":30,"sticky":null},"text":["d"],"removed":[""],"origin":"+input"}
2019-4-30 10:41:20.915#change#{"from":{"line":9,"ch":31,"sticky":null},"to":{"line":9,"ch":31,"sticky":null},"text":["()"],"removed":[""],"origin":"+input"}
2019-4-30 10:41:20.915#keyHandled#"'('"
2019-4-30 10:41:23.327#change#{"from":{"line":9,"ch":32,"sticky":"after"},"to":{"line":9,"ch":32,"sticky":"after"},"text":["x"],"removed":[""],"origin":"+input"}
2019-4-30 10:41:26.712#change#{"from":{"line":9,"ch":33,"sticky":null},"to":{"line":9,"ch":33,"sticky":null},"text":[">"],"removed":[""],"origin":"+input"}
2019-4-30 10:41:27.558#change#{"from":{"line":9,"ch":34,"sticky":null},"to":{"line":9,"ch":34,"sticky":null},"text":["b"],"removed":[""],"origin":"+input"}
2019-4-30 10:41:29.648#keyHandled#"End"
2019-4-30 10:41:30.232#change#{"from":{"line":9,"ch":37,"sticky":"before"},"to":{"line":9,"ch":37,"sticky":"before"},"text":[":"],"removed":[""],"origin":"+input"}
2019-4-30 10:41:31.665#change#{"from":{"line":9,"ch":38,"sticky":null},"to":{"line":9,"ch":38,"sticky":null},"text":["",""],"removed":[""],"origin":"+input"}
2019-4-30 10:41:31.665#change#{"from":{"line":10,"ch":0,"sticky":null},"to":{"line":10,"ch":0,"sticky":null},"text":["\t\t"],"removed":[""],"origin":"+input"}
2019-4-30 10:41:31.665#keyHandled#"Enter"
2019-4-30 10:41:31.672#viewportChange#0
2019-4-30 10:41:32.596#change#{"from":{"line":10,"ch":2,"sticky":null},"to":{"line":10,"ch":2,"sticky":null},"text":["p"],"removed":[""],"origin":"+input"}
2019-4-30 10:41:32.605#change#{"from":{"line":10,"ch":3,"sticky":null},"to":{"line":10,"ch":3,"sticky":null},"text":["r"],"removed":[""],"origin":"+input"}
2019-4-30 10:41:32.897#change#{"from":{"line":10,"ch":5,"sticky":null},"to":{"line":10,"ch":5,"sticky":null},"text":["n"],"removed":[""],"origin":"+input"}
2019-4-30 10:41:33.031#change#{"from":{"line":10,"ch":6,"sticky":null},"to":{"line":10,"ch":6,"sticky":null},"text":["t"],"removed":[""],"origin":"+input"}
2019-4-30 10:41:33.895#change#{"from":{"line":10,"ch":7,"sticky":null},"to":{"line":10,"ch":7,"sticky":null},"text":["()"],"removed":[""],"origin":"+input"}
2019-4-30 10:41:33.895#keyHandled#"'('"
2019-4-30 10:41:39.500#change#{"from":{"line":10,"ch":8,"sticky":"after"},"to":{"line":10,"ch":8,"sticky":"after"},"text":["x"],"removed":[""],"origin":"+input"}
2019-4-30 10:41:39.510#change#{"from":{"line":10,"ch":9,"sticky":null},"to":{"line":10,"ch":9,"sticky":null},"text":[","],"removed":[""],"origin":"+input"}
2019-4-30 10:41:39.518#change#{"from":{"line":10,"ch":10,"sticky":null},"to":{"line":10,"ch":10,"sticky":null},"text":[" "],"removed":[""],"origin":"+input"}
2019-4-30 10:41:40.743#change#{"from":{"line":10,"ch":11,"sticky":null},"to":{"line":10,"ch":11,"sticky":null},"text":["\"\""],"removed":[""],"origin":"+input"}
2019-4-30 10:41:40.743#keyHandled#"'\"'"
2019-4-30 10:41:41.779#change#{"from":{"line":10,"ch":12,"sticky":"after"},"to":{"line":10,"ch":12,"sticky":"after"},"text":["n"],"removed":[""],"origin":"+input"}
2019-4-30 10:41:42.015#change#{"from":{"line":10,"ch":13,"sticky":null},"to":{"line":10,"ch":13,"sticky":null},"text":["a"],"removed":[""],"origin":"+input"}
2019-4-30 10:41:42.225#change#{"from":{"line":10,"ch":14,"sticky":null},"to":{"line":10,"ch":14,"sticky":null},"text":["o"],"removed":[""],"origin":"+input"}
2019-4-30 10:41:42.517#change#{"from":{"line":10,"ch":15,"sticky":null},"to":{"line":10,"ch":15,"sticky":null},"text":[" "],"removed":[""],"origin":"+input"}
2019-4-30 10:41:42.839#change#{"from":{"line":10,"ch":16,"sticky":null},"to":{"line":10,"ch":16,"sticky":null},"text":["p"],"removed":[""],"origin":"+input"}
2019-4-30 10:41:43.160#change#{"from":{"line":10,"ch":17,"sticky":null},"to":{"line":10,"ch":17,"sticky":null},"text":["e"],"removed":[""],"origin":"+input"}
2019-4-30 10:41:43.327#change#{"from":{"line":10,"ch":18,"sticky":null},"to":{"line":10,"ch":18,"sticky":null},"text":["r"],"removed":[""],"origin":"+input"}
2019-4-30 10:41:43.698#change#{"from":{"line":10,"ch":19,"sticky":null},"to":{"line":10,"ch":19,"sticky":null},"text":["t"],"removed":[""],"origin":"+input"}
2019-4-30 10:41:43.728#change#{"from":{"line":10,"ch":20,"sticky":null},"to":{"line":10,"ch":20,"sticky":null},"text":["e"],"removed":[""],"origin":"+input"}
2019-4-30 10:41:43.950#change#{"from":{"line":10,"ch":21,"sticky":null},"to":{"line":10,"ch":21,"sticky":null},"text":["n"],"removed":[""],"origin":"+input"}
2019-4-30 10:41:44.178#change#{"from":{"line":10,"ch":22,"sticky":null},"to":{"line":10,"ch":22,"sticky":null},"text":["c"],"removed":[""],"origin":"+input"}
2019-4-30 10:41:44.296#change#{"from":{"line":10,"ch":23,"sticky":null},"to":{"line":10,"ch":23,"sticky":null},"text":["e"],"removed":[""],"origin":"+input"}
2019-4-30 10:41:44.728#change#{"from":{"line":10,"ch":24,"sticky":null},"to":{"line":10,"ch":24,"sticky":null},"text":[" "],"removed":[""],"origin":"+input"}
2019-4-30 10:41:44.752#change#{"from":{"line":10,"ch":25,"sticky":null},"to":{"line":10,"ch":25,"sticky":null},"text":["a"],"removed":[""],"origin":"+input"}
2019-4-30 10:41:45.198#change#{"from":{"line":10,"ch":26,"sticky":null},"to":{"line":10,"ch":26,"sticky":null},"text":["o"],"removed":[""],"origin":"+input"}
2019-4-30 10:41:45.206#change#{"from":{"line":10,"ch":27,"sticky":null},"to":{"line":10,"ch":27,"sticky":null},"text":[" "],"removed":[""],"origin":"+input"}
2019-4-30 10:41:45.866#change#{"from":{"line":10,"ch":28,"sticky":null},"to":{"line":10,"ch":28,"sticky":null},"text":["i"],"removed":[""],"origin":"+input"}
2019-4-30 10:41:45.872#change#{"from":{"line":10,"ch":29,"sticky":null},"to":{"line":10,"ch":29,"sticky":null},"text":["n"],"removed":[""],"origin":"+input"}
2019-4-30 10:41:46.476#change#{"from":{"line":10,"ch":30,"sticky":null},"to":{"line":10,"ch":30,"sticky":null},"text":["t"],"removed":[""],"origin":"+input"}
2019-4-30 10:41:46.485#change#{"from":{"line":10,"ch":31,"sticky":null},"to":{"line":10,"ch":31,"sticky":null},"text":["e"],"removed":[""],"origin":"+input"}
2019-4-30 10:41:46.493#change#{"from":{"line":10,"ch":32,"sticky":null},"to":{"line":10,"ch":32,"sticky":null},"text":["r"],"removed":[""],"origin":"+input"}
2019-4-30 10:41:47.157#change#{"from":{"line":10,"ch":33,"sticky":null},"to":{"line":10,"ch":33,"sticky":null},"text":["v"],"removed":[""],"origin":"+input"}
2019-4-30 10:41:47.295#change#{"from":{"line":10,"ch":34,"sticky":null},"to":{"line":10,"ch":34,"sticky":null},"text":["a"],"removed":[""],"origin":"+input"}
2019-4-30 10:41:47.487#change#{"from":{"line":10,"ch":35,"sticky":null},"to":{"line":10,"ch":35,"sticky":null},"text":["l"],"removed":[""],"origin":"+input"}
2019-4-30 10:41:47.690#change#{"from":{"line":10,"ch":36,"sticky":null},"to":{"line":10,"ch":36,"sticky":null},"text":["o"],"removed":[""],"origin":"+input"}
2019-4-30 10:41:51.648#keyHandled#"'\"'"
2019-4-30 10:41:53.562#change#{"from":{"line":10,"ch":38,"sticky":"before"},"to":{"line":10,"ch":38,"sticky":"before"},"text":[","],"removed":[""],"origin":"+input"}
2019-4-30 10:41:53.572#change#{"from":{"line":10,"ch":39,"sticky":null},"to":{"line":10,"ch":39,"sticky":null},"text":[" "],"removed":[""],"origin":"+input"}
2019-4-30 10:41:53.970#change#{"from":{"line":10,"ch":40,"sticky":null},"to":{"line":10,"ch":40,"sticky":null},"text":["a"],"removed":[""],"origin":"+input"}
2019-4-30 10:41:55.098#change#{"from":{"line":10,"ch":41,"sticky":null},"to":{"line":10,"ch":41,"sticky":null},"text":[","],"removed":[""],"origin":"+input"}
2019-4-30 10:41:58.345#change#{"from":{"line":10,"ch":42,"sticky":null},"to":{"line":10,"ch":42,"sticky":null},"text":[" "],"removed":[""],"origin":"+input"}
2019-4-30 10:41:59.295#change#{"from":{"line":10,"ch":43,"sticky":null},"to":{"line":10,"ch":43,"sticky":null},"text":["\"\""],"removed":[""],"origin":"+input"}
2019-4-30 10:41:59.295#keyHandled#"'\"'"
2019-4-30 10:42:00.500#change#{"from":{"line":10,"ch":44,"sticky":"after"},"to":{"line":10,"ch":44,"sticky":"after"},"text":[","],"removed":[""],"origin":"+input"}
2019-4-30 10:42:02.980#keyHandled#"Right"
2019-4-30 10:42:03.606#change#{"from":{"line":10,"ch":46,"sticky":"before"},"to":{"line":10,"ch":46,"sticky":"before"},"text":[","],"removed":[""],"origin":"+input"}
2019-4-30 10:42:04.510#change#{"from":{"line":10,"ch":47,"sticky":null},"to":{"line":10,"ch":47,"sticky":null},"text":[" "],"removed":[""],"origin":"+input"}
2019-4-30 10:42:04.520#change#{"from":{"line":10,"ch":48,"sticky":null},"to":{"line":10,"ch":48,"sticky":null},"text":["b"],"removed":[""],"origin":"+input"}
2019-4-30 10:42:09.358#keyHandled#"End"
2019-4-30 10:42:10.303#change#{"from":{"line":10,"ch":50,"sticky":"before"},"to":{"line":10,"ch":50,"sticky":"before"},"text":["",""],"removed":[""],"origin":"+input"}
2019-4-30 10:42:10.303#change#{"from":{"line":11,"ch":0,"sticky":null},"to":{"line":11,"ch":0,"sticky":null},"text":["\t\t"],"removed":[""],"origin":"+input"}
2019-4-30 10:42:10.303#keyHandled#"Enter"
2019-4-30 10:42:10.311#viewportChange#0
2019-4-30 10:42:11.623#change#{"from":{"line":11,"ch":1,"sticky":"after"},"to":{"line":11,"ch":2,"sticky":null},"text":[""],"removed":["\t"],"origin":"+delete"}
2019-4-30 10:42:11.623#keyHandled#"Backspace"
2019-4-30 10:42:12.100#change#{"from":{"line":11,"ch":0,"sticky":"after"},"to":{"line":11,"ch":1,"sticky":null},"text":[""],"removed":["\t"],"origin":"+delete"}
2019-4-30 10:42:12.100#keyHandled#"Backspace"
2019-4-30 10:42:13.996#change#{"from":{"line":10,"ch":50,"sticky":"before"},"to":{"line":11,"ch":0,"sticky":null},"text":[""],"removed":["",""],"origin":"+delete"}
2019-4-30 10:42:13.996#keyHandled#"Backspace"
2019-4-30 10:42:14.004#viewportChange#0
2019-4-30 10:42:17.899#change#{"from":{"line":10,"ch":50,"sticky":null},"to":{"line":10,"ch":50,"sticky":null},"text":["",""],"removed":[""],"origin":"+input"}
2019-4-30 10:42:17.899#change#{"from":{"line":11,"ch":0,"sticky":null},"to":{"line":11,"ch":0,"sticky":null},"text":["\t\t"],"removed":[""],"origin":"+input"}
2019-4-30 10:42:17.899#keyHandled#"Enter"
2019-4-30 10:42:17.905#viewportChange#0
2019-4-30 10:42:19.500#change#{"from":{"line":11,"ch":1,"sticky":"after"},"to":{"line":11,"ch":2,"sticky":null},"text":[""],"removed":["\t"],"origin":"+delete"}
2019-4-30 10:42:19.500#keyHandled#"Backspace"
2019-4-30 10:42:20.496#change#{"from":{"line":11,"ch":0,"sticky":"after"},"to":{"line":11,"ch":1,"sticky":null},"text":[""],"removed":["\t"],"origin":"+delete"}
2019-4-30 10:42:20.496#keyHandled#"Backspace"
2019-4-30 10:42:23.445#change#{"from":{"line":11,"ch":0,"sticky":null},"to":{"line":11,"ch":0,"sticky":null},"text":["e"],"removed":[""],"origin":"+input"}
2019-4-30 10:42:23.455#change#{"from":{"line":11,"ch":1,"sticky":null},"to":{"line":11,"ch":1,"sticky":null},"text":["l"],"removed":[""],"origin":"+input"}
2019-4-30 10:42:23.463#change#{"from":{"line":11,"ch":2,"sticky":null},"to":{"line":11,"ch":2,"sticky":null},"text":["s"],"removed":[""],"origin":"+input"}
2019-4-30 10:42:23.476#change#{"from":{"line":11,"ch":3,"sticky":null},"to":{"line":11,"ch":3,"sticky":null},"text":["e"],"removed":[""],"origin":"+input"}
2019-4-30 10:42:24.156#change#{"from":{"line":11,"ch":4,"sticky":null},"to":{"line":11,"ch":4,"sticky":null},"text":[":"],"removed":[""],"origin":"+input"}
2019-4-30 10:42:24.185#change#{"from":{"line":11,"ch":5,"sticky":null},"to":{"line":11,"ch":5,"sticky":null},"text":["",""],"removed":[""],"origin":"+input"}
2019-4-30 10:42:24.185#change#{"from":{"line":12,"ch":0,"sticky":null},"to":{"line":12,"ch":0,"sticky":null},"text":["\t"],"removed":[""],"origin":"+input"}
2019-4-30 10:42:24.185#keyHandled#"Enter"
2019-4-30 10:42:24.189#viewportChange#0
2019-4-30 10:42:26.928#change#{"from":{"line":12,"ch":1,"sticky":null},"to":{"line":12,"ch":1,"sticky":null},"text":["p"],"removed":[""],"origin":"+input"}
2019-4-30 10:42:26.936#change#{"from":{"line":12,"ch":2,"sticky":null},"to":{"line":12,"ch":2,"sticky":null},"text":["r"],"removed":[""],"origin":"+input"}
2019-4-30 10:42:26.944#change#{"from":{"line":12,"ch":3,"sticky":null},"to":{"line":12,"ch":3,"sticky":null},"text":["i"],"removed":[""],"origin":"+input"}
2019-4-30 10:42:27.614#change#{"from":{"line":12,"ch":4,"sticky":null},"to":{"line":12,"ch":4,"sticky":null},"text":["n"],"removed":[""],"origin":"+input"}
2019-4-30 10:42:27.623#change#{"from":{"line":12,"ch":5,"sticky":null},"to":{"line":12,"ch":5,"sticky":null},"text":["t"],"removed":[""],"origin":"+input"}
2019-4-30 10:42:28.713#change#{"from":{"line":12,"ch":6,"sticky":null},"to":{"line":12,"ch":6,"sticky":null},"text":["()"],"removed":[""],"origin":"+input"}
2019-4-30 10:42:28.713#keyHandled#"'('"
2019-4-30 10:42:30.186#change#{"from":{"line":12,"ch":7,"sticky":"after"},"to":{"line":12,"ch":7,"sticky":"after"},"text":["\"\""],"removed":[""],"origin":"+input"}
2019-4-30 10:42:30.186#keyHandled#"'\"'"
2019-4-30 10:42:31.062#change#{"from":{"line":12,"ch":8,"sticky":"after"},"to":{"line":12,"ch":8,"sticky":"after"},"text":["E"],"removed":[""],"origin":"+input"}
2019-4-30 10:42:31.810#change#{"from":{"line":12,"ch":9,"sticky":null},"to":{"line":12,"ch":9,"sticky":null},"text":["n"],"removed":[""],"origin":"+input"}
2019-4-30 10:42:31.825#change#{"from":{"line":12,"ch":10,"sticky":null},"to":{"line":12,"ch":10,"sticky":null},"text":["t"],"removed":[""],"origin":"+input"}
2019-4-30 10:42:31.832#change#{"from":{"line":12,"ch":11,"sticky":null},"to":{"line":12,"ch":11,"sticky":null},"text":["r"],"removed":[""],"origin":"+input"}
2019-4-30 10:42:32.462#change#{"from":{"line":12,"ch":12,"sticky":null},"to":{"line":12,"ch":12,"sticky":null},"text":["a"],"removed":[""],"origin":"+input"}
2019-4-30 10:42:32.471#change#{"from":{"line":12,"ch":13,"sticky":null},"to":{"line":12,"ch":13,"sticky":null},"text":["d"],"removed":[""],"origin":"+input"}
2019-4-30 10:42:32.478#change#{"from":{"line":12,"ch":14,"sticky":null},"to":{"line":12,"ch":14,"sticky":null},"text":["a"],"removed":[""],"origin":"+input"}
2019-4-30 10:42:32.486#change#{"from":{"line":12,"ch":15,"sticky":null},"to":{"line":12,"ch":15,"sticky":null},"text":["s"],"removed":[""],"origin":"+input"}
2019-4-30 10:42:37.024#keyHandled#"Right"
2019-4-30 10:42:44.455#change#{"from":{"line":12,"ch":17,"sticky":"before"},"to":{"line":12,"ch":17,"sticky":"before"},"text":[","],"removed":[""],"origin":"+input"}
2019-4-30 10:42:44.464#change#{"from":{"line":12,"ch":18,"sticky":null},"to":{"line":12,"ch":18,"sticky":null},"text":[" "],"removed":[""],"origin":"+input"}
2019-4-30 10:42:44.905#change#{"from":{"line":12,"ch":19,"sticky":null},"to":{"line":12,"ch":19,"sticky":null},"text":["a"],"removed":[""],"origin":"+input"}
2019-4-30 10:42:47.293#change#{"from":{"line":12,"ch":20,"sticky":null},"to":{"line":12,"ch":20,"sticky":null},"text":[","],"removed":[""],"origin":"+input"}
2019-4-30 10:42:47.861#change#{"from":{"line":12,"ch":21,"sticky":null},"to":{"line":12,"ch":21,"sticky":null},"text":[" "],"removed":[""],"origin":"+input"}
2019-4-30 10:42:48.367#change#{"from":{"line":12,"ch":22,"sticky":null},"to":{"line":12,"ch":22,"sticky":null},"text":["\"\""],"removed":[""],"origin":"+input"}
2019-4-30 10:42:48.367#keyHandled#"'\"'"
2019-4-30 10:42:49.151#change#{"from":{"line":12,"ch":23,"sticky":"after"},"to":{"line":12,"ch":23,"sticky":"after"},"text":["e"],"removed":[""],"origin":"+input"}
2019-4-30 10:42:50.703#keyHandled#"Right"
2019-4-30 10:42:51.535#change#{"from":{"line":12,"ch":25,"sticky":"before"},"to":{"line":12,"ch":25,"sticky":"before"},"text":[","],"removed":[""],"origin":"+input"}
2019-4-30 10:42:51.886#change#{"from":{"line":12,"ch":26,"sticky":null},"to":{"line":12,"ch":26,"sticky":null},"text":[" "],"removed":[""],"origin":"+input"}
2019-4-30 10:42:55.530#change#{"from":{"line":12,"ch":27,"sticky":null},"to":{"line":12,"ch":27,"sticky":null},"text":["b"],"removed":[""],"origin":"+input"}
2019-4-30 10:42:56.514#change#{"from":{"line":12,"ch":28,"sticky":null},"to":{"line":12,"ch":28,"sticky":null},"text":[","],"removed":[""],"origin":"+input"}
2019-4-30 10:42:56.525#change#{"from":{"line":12,"ch":29,"sticky":null},"to":{"line":12,"ch":29,"sticky":null},"text":[" "],"removed":[""],"origin":"+input"}
2019-4-30 10:42:57.913#change#{"from":{"line":12,"ch":30,"sticky":null},"to":{"line":12,"ch":30,"sticky":null},"text":["\"\""],"removed":[""],"origin":"+input"}
2019-4-30 10:42:57.913#keyHandled#"'\"'"
2019-4-30 10:42:58.155#change#{"from":{"line":12,"ch":31,"sticky":"after"},"to":{"line":12,"ch":31,"sticky":"after"},"text":["i"],"removed":[""],"origin":"+input"}
2019-4-30 10:42:58.339#change#{"from":{"line":12,"ch":32,"sticky":null},"to":{"line":12,"ch":32,"sticky":null},"text":["n"],"removed":[""],"origin":"+input"}
2019-4-30 10:42:59.348#change#{"from":{"line":12,"ch":33,"sticky":null},"to":{"line":12,"ch":33,"sticky":null},"text":["v"],"removed":[""],"origin":"+input"}
2019-4-30 10:42:59.355#change#{"from":{"line":12,"ch":34,"sticky":null},"to":{"line":12,"ch":34,"sticky":null},"text":["a"],"removed":[""],"origin":"+input"}
2019-4-30 10:42:59.681#change#{"from":{"line":12,"ch":35,"sticky":null},"to":{"line":12,"ch":35,"sticky":null},"text":["l"],"removed":[""],"origin":"+input"}
2019-4-30 10:42:59.822#change#{"from":{"line":12,"ch":36,"sticky":null},"to":{"line":12,"ch":36,"sticky":null},"text":["i"],"removed":[""],"origin":"+input"}
2019-4-30 10:43:00.033#change#{"from":{"line":12,"ch":37,"sticky":null},"to":{"line":12,"ch":37,"sticky":null},"text":["d"],"removed":[""],"origin":"+input"}
2019-4-30 10:43:00.484#change#{"from":{"line":12,"ch":38,"sticky":null},"to":{"line":12,"ch":38,"sticky":null},"text":["a"],"removed":[""],"origin":"+input"}
2019-4-30 10:43:00.492#change#{"from":{"line":12,"ch":39,"sticky":null},"to":{"line":12,"ch":39,"sticky":null},"text":["s"],"removed":[""],"origin":"+input"}
