== TEST (2019-03-12 17:36:36) 
-- CODE:
print(4/180)
-- OUTPUT:
0.022222222222222223
*-*-*-*-*-*-*-*-*-*-*-*-*-*-*-*-*-*-*-*-*-*-*-*
== SUBMITION (2019-03-12 17:36:48) 
-- CODE:
print(4/180)
-- EXECUTION TIME:
0.182624
-- TEST CASE 1:
---- input:
xxx
---- correct output:
45.0
---- user output:
0.022222222222222223
-- GRADE:
0%
*-*-*-*-*-*-*-*-*-*-*-*-*-*-*-*-*-*-*-*-*-*-*-*
== TEST (2019-03-12 17:37:02) 
-- CODE:
print(180/4)
-- OUTPUT:
45.0
*-*-*-*-*-*-*-*-*-*-*-*-*-*-*-*-*-*-*-*-*-*-*-*
== SUBMITION (2019-03-12 17:37:03) 
-- CODE:
print(180/4)
-- EXECUTION TIME:
0.222726
-- TEST CASE 1:
---- input:
xxx
---- correct output:
45.0
---- user output:
45.0
-- GRADE:
100%
*-*-*-*-*-*-*-*-*-*-*-*-*-*-*-*-*-*-*-*-*-*-*-*
