== TEST (2019-05-09 16:18:47) 
-- CODE:
num = int(input("Digite um numero: "))
y=0
while(num!=-1):
	y=y+1
	num=int(input("Digite o numero: "))
print(y)
-- OUTPUT:
4
*-*-*-*-*-*-*-*-*-*-*-*-*-*-*-*-*-*-*-*-*-*-*-*
== TEST (2019-05-09 16:20:26) 
-- CODE:
num = int(input("Digite um numero: "))
y=0
while(num!=-1):
	y=num+y
	num=int(input("Digite o numero: "))
print(y)
-- OUTPUT:
874
*-*-*-*-*-*-*-*-*-*-*-*-*-*-*-*-*-*-*-*-*-*-*-*
== SUBMITION (2019-05-09 16:22:23) 
-- CODE:
num = int(input("Digite um numero: "))
y=0
while(num!=-1):
	y=num+y
	num=int(input("Digite o numero: "))
print(y)
-- EXECUTION TIME:
0.15257
-- TEST CASE 1:
---- input:
-525
1075
333
-9
-1

---- correct output:
874
---- user output:
874
-- TEST CASE 2:
---- input:
0
0
0
0
0
0
0
-1
---- correct output:
0
---- user output:
0
-- TEST CASE 3:
---- input:
10953
32653
-10953
-1
---- correct output:
32653
---- user output:
32653
-- GRADE:
100%
*-*-*-*-*-*-*-*-*-*-*-*-*-*-*-*-*-*-*-*-*-*-*-*
