2019-6-25 10:07:32.841#viewportChange#0
2019-6-25 10:07:51.807#viewportChange#0
2019-6-25 10:09:24.910#mousedown#{"isTrusted":true}
2019-6-25 10:09:24.935#focus#
2019-6-25 10:09:25.457#mousedown#{"isTrusted":true}
2019-6-25 10:09:29.779#change#{"from":{"line":10,"ch":18,"sticky":"before","xRel":-3.91668701171875},"to":{"line":10,"ch":18,"sticky":"before","xRel":-3.91668701171875},"text":["3"],"removed":[""],"origin":"+input"}
2019-6-25 10:09:31.108#keyHandled#"Right"
2019-6-25 10:09:31.732#change#{"from":{"line":10,"ch":20,"sticky":"before"},"to":{"line":10,"ch":20,"sticky":"before"},"text":[" "],"removed":[""],"origin":"+input"}
2019-6-25 10:09:33.209#change#{"from":{"line":10,"ch":20,"sticky":"after"},"to":{"line":10,"ch":21,"sticky":null},"text":[""],"removed":[" "],"origin":"+delete"}
2019-6-25 10:09:33.209#keyHandled#"Backspace"
2019-6-25 10:09:35.522#keyHandled#"Right"
2019-6-25 10:09:35.947#change#{"from":{"line":10,"ch":21,"sticky":"before"},"to":{"line":10,"ch":21,"sticky":"before"},"text":["1"],"removed":[""],"origin":"+input"}
2019-6-25 10:09:36.254#change#{"from":{"line":10,"ch":22,"sticky":null},"to":{"line":10,"ch":22,"sticky":null},"text":["2"],"removed":[""],"origin":"+input"}
2019-6-25 10:09:36.999#keyHandled#"Right"
2019-6-25 10:09:37.333#keyHandled#"Right"
2019-6-25 10:09:37.895#change#{"from":{"line":10,"ch":25,"sticky":"before"},"to":{"line":10,"ch":25,"sticky":"before"},"text":[" "],"removed":[""],"origin":"+input"}
2019-6-25 10:09:38.346#keyHandled#"Right"
2019-6-25 10:09:39.316#keyHandled#"Left"
2019-6-25 10:09:39.894#change#{"from":{"line":10,"ch":25,"sticky":"after"},"to":{"line":10,"ch":26,"sticky":"after"},"text":[""],"removed":[" "],"origin":"+delete"}
2019-6-25 10:09:39.894#keyHandled#"Backspace"
2019-6-25 10:09:41.254#keyHandled#"Right"
2019-6-25 10:09:42.908#change#{"from":{"line":10,"ch":26,"sticky":"before"},"to":{"line":10,"ch":26,"sticky":"before"},"text":["1"],"removed":[""],"origin":"+input"}
2019-6-25 10:09:46.208#mousedown#{"isTrusted":true}
2019-6-25 10:09:48.593#keyHandled#"Left"
2019-6-25 10:09:48.895#change#{"from":{"line":10,"ch":31,"sticky":"after"},"to":{"line":10,"ch":31,"sticky":"after"},"text":["1"],"removed":[""],"origin":"+input"}
2019-6-25 10:09:49.116#change#{"from":{"line":10,"ch":32,"sticky":null},"to":{"line":10,"ch":32,"sticky":null},"text":["2"],"removed":[""],"origin":"+input"}
2019-6-25 10:09:50.558#keyHandled#"Right"
2019-6-25 10:09:51.960#change#{"from":{"line":10,"ch":33,"sticky":"after"},"to":{"line":10,"ch":34,"sticky":"before"},"text":[""],"removed":[" "],"origin":"+delete"}
2019-6-25 10:09:51.960#keyHandled#"Backspace"
2019-6-25 10:09:52.623#keyHandled#"Right"
2019-6-25 10:09:53.115#keyHandled#"Right"
2019-6-25 10:10:05.145#change#{"from":{"line":10,"ch":35,"sticky":"before"},"to":{"line":10,"ch":35,"sticky":"before"},"text":["2"],"removed":[""],"origin":"+input"}
2019-6-25 10:10:06.488#keyHandled#"Right"
2019-6-25 10:10:06.826#change#{"from":{"line":10,"ch":36,"sticky":"after"},"to":{"line":10,"ch":37,"sticky":"before"},"text":[""],"removed":[" "],"origin":"+delete"}
2019-6-25 10:10:06.826#keyHandled#"Backspace"
2019-6-25 10:10:07.489#keyHandled#"Right"
2019-6-25 10:10:08.544#keyHandled#"Right"
2019-6-25 10:10:17.287#change#{"from":{"line":10,"ch":38,"sticky":"before"},"to":{"line":10,"ch":38,"sticky":"before"},"text":["0"],"removed":[""],"origin":"+input"}
2019-6-25 10:10:18.157#keyHandled#"Right"
2019-6-25 10:10:18.374#keyHandled#"Right"
2019-6-25 10:10:18.582#keyHandled#"Right"
2019-6-25 10:10:18.810#keyHandled#"Right"
2019-6-25 10:10:28.875#keyHandled#"Right"
2019-6-25 10:10:30.540#change#{"from":{"line":10,"ch":44,"sticky":"before"},"to":{"line":10,"ch":44,"sticky":"before"},"text":["0"],"removed":[""],"origin":"+input"}
2019-6-25 10:10:31.677#change#{"from":{"line":10,"ch":44,"sticky":"after"},"to":{"line":10,"ch":45,"sticky":null},"text":[""],"removed":["0"],"origin":"+delete"}
2019-6-25 10:10:31.677#keyHandled#"Backspace"
2019-6-25 10:10:32.297#keyHandled#"Right"
2019-6-25 10:10:32.660#change#{"from":{"line":10,"ch":45,"sticky":"before"},"to":{"line":10,"ch":45,"sticky":"before"},"text":["0"],"removed":[""],"origin":"+input"}
2019-6-25 10:10:33.261#keyHandled#"Right"
2019-6-25 10:10:33.977#keyHandled#"Right"
2019-6-25 10:10:37.708#change#{"from":{"line":10,"ch":48,"sticky":"before"},"to":{"line":10,"ch":48,"sticky":"before"},"text":["2"],"removed":[""],"origin":"+input"}
2019-6-25 10:10:39.276#keyHandled#"Down"
2019-6-25 10:10:39.758#change#{"from":{"line":10,"ch":56,"sticky":"before"},"to":{"line":11,"ch":0,"sticky":"after","xRel":392},"text":[""],"removed":["",""],"origin":"+delete"}
2019-6-25 10:10:39.758#keyHandled#"Backspace"
2019-6-25 10:10:39.783#viewportChange#0
2019-6-25 10:10:43.888#change#{"from":{"line":10,"ch":56,"sticky":null},"to":{"line":10,"ch":56,"sticky":null},"text":["",""],"removed":[""],"origin":"+input"}
2019-6-25 10:10:43.888#keyHandled#"Enter"
2019-6-25 10:10:43.907#viewportChange#0
2019-6-25 10:10:45.575#mousedown#{"isTrusted":true}
2019-6-25 10:10:45.957#mousedown#{"isTrusted":true}
2019-6-25 10:10:46.762#change#{"from":{"line":10,"ch":49,"sticky":"after"},"to":{"line":10,"ch":50,"sticky":"after","xRel":1.08331298828125},"text":[""],"removed":[" "],"origin":"+delete"}
2019-6-25 10:10:46.762#keyHandled#"Backspace"
2019-6-25 10:10:47.748#keyHandled#"Right"
2019-6-25 10:10:48.264#keyHandled#"Right"
2019-6-25 10:10:57.085#change#{"from":{"line":10,"ch":51,"sticky":"before"},"to":{"line":10,"ch":51,"sticky":"before"},"text":["3"],"removed":[""],"origin":"+input"}
2019-6-25 10:10:58.410#keyHandled#"Right"
2019-6-25 10:10:58.804#change#{"from":{"line":10,"ch":52,"sticky":"after"},"to":{"line":10,"ch":53,"sticky":"before"},"text":[""],"removed":[" "],"origin":"+delete"}
2019-6-25 10:10:58.805#keyHandled#"Backspace"
2019-6-25 10:12:06.966#mousedown#{"isTrusted":true}
2019-6-25 10:12:08.992#mousedown#{"isTrusted":true}
2019-6-25 10:12:32.743#change#{"from":{"line":17,"ch":13,"sticky":"after","xRel":0.08331298828125},"to":{"line":17,"ch":13,"sticky":"after","xRel":0.08331298828125},"text":["i"],"removed":[""],"origin":"+input"}
2019-6-25 10:12:33.802#keyHandled#"Right"
2019-6-25 10:12:34.001#change#{"from":{"line":17,"ch":15,"sticky":"before"},"to":{"line":17,"ch":15,"sticky":"before"},"text":[" "],"removed":[""],"origin":"+input"}
2019-6-25 10:12:34.782#change#{"from":{"line":17,"ch":16,"sticky":null},"to":{"line":17,"ch":16,"sticky":null},"text":["j"],"removed":[""],"origin":"+input"}
2019-6-25 10:12:39.031#keyHandled#"Right"
2019-6-25 10:13:17.608#viewportChange#0
2019-6-25 10:13:19.804#viewportChange#0
2019-6-25 10:13:21.081#mousedown#{"isTrusted":true}
2019-6-25 10:13:21.109#focus#
2019-6-25 10:13:21.865#mousedown#{"isTrusted":true}
2019-6-25 10:13:26.266#change#{"from":{"line":17,"ch":12,"sticky":"after","xRel":2.08331298828125},"to":{"line":17,"ch":17,"sticky":"before","xRel":-3.91668701171875},"text":[""],"removed":[" i, j"],"origin":"+delete"}
2019-6-25 10:13:26.267#keyHandled#"Backspace"
2019-6-25 10:13:27.656#change#{"from":{"line":17,"ch":12,"sticky":null},"to":{"line":17,"ch":12,"sticky":null},"text":["i"],"removed":[""],"origin":"+input"}
2019-6-25 10:13:28.016#change#{"from":{"line":17,"ch":13,"sticky":null},"to":{"line":17,"ch":13,"sticky":null},"text":["n"],"removed":[""],"origin":"+input"}
2019-6-25 10:13:28.318#change#{"from":{"line":17,"ch":14,"sticky":null},"to":{"line":17,"ch":14,"sticky":null},"text":["v"],"removed":[""],"origin":"+input"}
2019-6-25 10:13:30.098#change#{"from":{"line":17,"ch":15,"sticky":null},"to":{"line":17,"ch":15,"sticky":null},"text":["()"],"removed":[""],"origin":"+input"}
2019-6-25 10:13:30.098#keyHandled#"'('"
2019-6-25 10:13:32.697#change#{"from":{"line":17,"ch":16,"sticky":"after"},"to":{"line":17,"ch":16,"sticky":"after"},"text":["f"],"removed":[""],"origin":"+input"}
2019-6-25 10:13:32.808#change#{"from":{"line":17,"ch":17,"sticky":null},"to":{"line":17,"ch":17,"sticky":null},"text":["r"],"removed":[""],"origin":"+input"}
2019-6-25 10:13:33.487#change#{"from":{"line":17,"ch":18,"sticky":null},"to":{"line":17,"ch":18,"sticky":null},"text":["y"],"removed":[""],"origin":"+input"}
2019-6-25 10:13:34.143#change#{"from":{"line":17,"ch":18,"sticky":"after"},"to":{"line":17,"ch":19,"sticky":null},"text":[""],"removed":["y"],"origin":"+delete"}
2019-6-25 10:13:34.143#keyHandled#"Backspace"
2019-6-25 10:13:34.531#change#{"from":{"line":17,"ch":18,"sticky":null},"to":{"line":17,"ch":18,"sticky":null},"text":["u"],"removed":[""],"origin":"+input"}
2019-6-25 10:13:36.369#change#{"from":{"line":17,"ch":19,"sticky":null},"to":{"line":17,"ch":19,"sticky":null},"text":["t"],"removed":[""],"origin":"+input"}
2019-6-25 10:13:36.523#change#{"from":{"line":17,"ch":20,"sticky":null},"to":{"line":17,"ch":20,"sticky":null},"text":["a"],"removed":[""],"origin":"+input"}
2019-6-25 10:13:36.746#change#{"from":{"line":17,"ch":21,"sticky":null},"to":{"line":17,"ch":21,"sticky":null},"text":["s"],"removed":[""],"origin":"+input"}
2019-6-25 10:13:37.705#keyHandled#"Right"
2019-6-25 10:13:38.933#change#{"from":{"line":17,"ch":23,"sticky":"before"},"to":{"line":17,"ch":23,"sticky":"before"},"text":[","],"removed":[""],"origin":"+input"}
2019-6-25 10:13:39.288#change#{"from":{"line":17,"ch":24,"sticky":null},"to":{"line":17,"ch":24,"sticky":null},"text":[" "],"removed":[""],"origin":"+input"}
2019-6-25 10:13:40.920#change#{"from":{"line":17,"ch":25,"sticky":null},"to":{"line":17,"ch":25,"sticky":null},"text":["c"],"removed":[""],"origin":"+input"}
2019-6-25 10:13:41.169#change#{"from":{"line":17,"ch":26,"sticky":null},"to":{"line":17,"ch":26,"sticky":null},"text":["o"],"removed":[""],"origin":"+input"}
2019-6-25 10:13:41.376#change#{"from":{"line":17,"ch":27,"sticky":null},"to":{"line":17,"ch":27,"sticky":null},"text":["m"],"removed":[""],"origin":"+input"}
2019-6-25 10:13:41.809#change#{"from":{"line":17,"ch":28,"sticky":null},"to":{"line":17,"ch":28,"sticky":null},"text":["p"],"removed":[""],"origin":"+input"}
2019-6-25 10:13:42.453#change#{"from":{"line":17,"ch":29,"sticky":null},"to":{"line":17,"ch":29,"sticky":null},"text":["r"],"removed":[""],"origin":"+input"}
2019-6-25 10:13:42.609#change#{"from":{"line":17,"ch":30,"sticky":null},"to":{"line":17,"ch":30,"sticky":null},"text":["a"],"removed":[""],"origin":"+input"}
2019-6-25 10:13:42.847#change#{"from":{"line":17,"ch":31,"sticky":null},"to":{"line":17,"ch":31,"sticky":null},"text":["s"],"removed":[""],"origin":"+input"}
2019-6-25 10:13:44.786#keyHandled#"Right"
2019-6-25 10:13:45.157#change#{"from":{"line":17,"ch":32,"sticky":"after"},"to":{"line":17,"ch":33,"sticky":"before"},"text":[""],"removed":[" "],"origin":"+delete"}
2019-6-25 10:13:45.157#keyHandled#"Backspace"
2019-6-25 10:14:10.468#mousedown#{"isTrusted":true}
2019-6-25 10:14:28.114#mousedown#{"isTrusted":true}
2019-6-25 10:14:30.888#change#{"from":{"line":26,"ch":4,"sticky":"after","xRel":0.08331298828125},"to":{"line":26,"ch":4,"sticky":"after","xRel":0.08331298828125},"text":["\t"],"removed":[""],"origin":"+input"}
2019-6-25 10:14:30.888#keyHandled#"Tab"
2019-6-25 10:14:33.381#change#{"from":{"line":26,"ch":4,"sticky":"after"},"to":{"line":26,"ch":5,"sticky":null},"text":[""],"removed":["\t"],"origin":"+delete"}
2019-6-25 10:14:33.381#keyHandled#"Backspace"
2019-6-25 10:14:33.598#change#{"from":{"line":26,"ch":3,"sticky":"after"},"to":{"line":26,"ch":4,"sticky":null},"text":[""],"removed":[" "],"origin":"+delete"}
2019-6-25 10:14:33.598#keyHandled#"Backspace"
2019-6-25 10:14:33.867#change#{"from":{"line":26,"ch":2,"sticky":"after"},"to":{"line":26,"ch":3,"sticky":null},"text":[""],"removed":[" "],"origin":"+delete"}
2019-6-25 10:14:33.867#keyHandled#"Backspace"
2019-6-25 10:14:34.155#change#{"from":{"line":26,"ch":1,"sticky":"after"},"to":{"line":26,"ch":2,"sticky":null},"text":[""],"removed":[" "],"origin":"+delete"}
2019-6-25 10:14:34.155#keyHandled#"Backspace"
2019-6-25 10:14:34.520#change#{"from":{"line":26,"ch":0,"sticky":"after"},"to":{"line":26,"ch":1,"sticky":null},"text":[""],"removed":[" "],"origin":"+delete"}
2019-6-25 10:14:34.520#keyHandled#"Backspace"
2019-6-25 10:14:34.958#change#{"from":{"line":26,"ch":0,"sticky":null},"to":{"line":26,"ch":0,"sticky":null},"text":["\t"],"removed":[""],"origin":"+input"}
2019-6-25 10:14:34.958#keyHandled#"Tab"
2019-6-25 10:14:37.176#mousedown#{"isTrusted":true}
2019-6-25 10:14:38.492#change#{"from":{"line":28,"ch":3,"sticky":"after"},"to":{"line":28,"ch":4,"sticky":"after","xRel":0.08331298828125},"text":[""],"removed":[" "],"origin":"+delete"}
2019-6-25 10:14:38.492#keyHandled#"Backspace"
2019-6-25 10:14:38.688#change#{"from":{"line":28,"ch":2,"sticky":"after"},"to":{"line":28,"ch":3,"sticky":null},"text":[""],"removed":[" "],"origin":"+delete"}
2019-6-25 10:14:38.688#keyHandled#"Backspace"
2019-6-25 10:14:38.974#change#{"from":{"line":28,"ch":1,"sticky":"after"},"to":{"line":28,"ch":2,"sticky":null},"text":[""],"removed":[" "],"origin":"+delete"}
2019-6-25 10:14:38.974#keyHandled#"Backspace"
2019-6-25 10:14:39.350#change#{"from":{"line":28,"ch":0,"sticky":"after"},"to":{"line":28,"ch":1,"sticky":null},"text":[""],"removed":[" "],"origin":"+delete"}
2019-6-25 10:14:39.350#keyHandled#"Backspace"
2019-6-25 10:14:39.774#change#{"from":{"line":28,"ch":0,"sticky":null},"to":{"line":28,"ch":0,"sticky":null},"text":["\t"],"removed":[""],"origin":"+input"}
2019-6-25 10:14:39.774#keyHandled#"Tab"
2019-6-25 10:14:41.671#mousedown#{"isTrusted":true}
2019-6-25 10:14:43.072#change#{"from":{"line":30,"ch":3,"sticky":"after"},"to":{"line":30,"ch":4,"sticky":"after","xRel":0.08331298828125},"text":[""],"removed":[" "],"origin":"+delete"}
2019-6-25 10:14:43.072#keyHandled#"Backspace"
2019-6-25 10:14:43.313#change#{"from":{"line":30,"ch":2,"sticky":"after"},"to":{"line":30,"ch":3,"sticky":null},"text":[""],"removed":[" "],"origin":"+delete"}
2019-6-25 10:14:43.313#keyHandled#"Backspace"
2019-6-25 10:14:43.573#change#{"from":{"line":30,"ch":1,"sticky":"after"},"to":{"line":30,"ch":2,"sticky":null},"text":[""],"removed":[" "],"origin":"+delete"}
2019-6-25 10:14:43.573#keyHandled#"Backspace"
2019-6-25 10:14:43.870#change#{"from":{"line":30,"ch":0,"sticky":"after"},"to":{"line":30,"ch":1,"sticky":null},"text":[""],"removed":[" "],"origin":"+delete"}
2019-6-25 10:14:43.870#keyHandled#"Backspace"
2019-6-25 10:14:44.200#change#{"from":{"line":30,"ch":0,"sticky":null},"to":{"line":30,"ch":0,"sticky":null},"text":["\t"],"removed":[""],"origin":"+input"}
2019-6-25 10:14:44.200#keyHandled#"Tab"
2019-6-25 10:14:44.200#change#{"from":{"line":30,"ch":0,"sticky":null},"to":{"line":30,"ch":0,"sticky":null},"text":["\t"],"removed":[""],"origin":"+input"}
2019-6-25 10:14:44.200#keyHandled#"Tab"
2019-6-25 10:14:48.480#blur#
2019-6-25 10:14:50.055#saida_testar#$ python3 main.py
2019-6-25 10:14:52.969#focus#
2019-6-25 10:14:52.969#focus#
2019-6-25 10:15:03.404#submit#Your code did not produce the correct output. Please, correct your code and try again.
2019-6-25 10:15:03.404#submit#Your code did not produce the correct output. Please, correct your code and try again.
2019-6-25 10:15:29.303#blur#
2019-6-25 10:15:29.874#saida_testar#$ python3 main.py
2019-6-25 10:15:31.887#focus#
2019-6-25 10:18:33.928#mousedown#{"isTrusted":true}
2019-6-25 10:18:34.986#change#{"from":{"line":10,"ch":35,"sticky":"after"},"to":{"line":10,"ch":36,"sticky":"before","xRel":-2.91668701171875},"text":[""],"removed":["2"],"origin":"+delete"}
2019-6-25 10:18:34.986#keyHandled#"Backspace"
2019-6-25 10:18:35.524#keyHandled#"Right"
2019-6-25 10:18:36.061#keyHandled#"Right"
2019-6-25 10:18:36.405#keyHandled#"Right"
2019-6-25 10:18:37.006#change#{"from":{"line":10,"ch":37,"sticky":"after"},"to":{"line":10,"ch":38,"sticky":"before"},"text":[""],"removed":["0"],"origin":"+delete"}
2019-6-25 10:18:37.006#keyHandled#"Backspace"
2019-6-25 10:18:38.966#change#{"from":{"line":10,"ch":36,"sticky":"after"},"to":{"line":10,"ch":37,"sticky":null},"text":[""],"removed":[" "],"origin":"+delete"}
2019-6-25 10:18:38.966#keyHandled#"Backspace"
2019-6-25 10:18:39.175#change#{"from":{"line":10,"ch":36,"sticky":null},"to":{"line":10,"ch":36,"sticky":null},"text":["2"],"removed":[""],"origin":"+input"}
2019-6-25 10:18:40.480#keyHandled#"Left"
2019-6-25 10:18:40.999#keyHandled#"Left"
2019-6-25 10:18:42.096#change#{"from":{"line":10,"ch":35,"sticky":"after"},"to":{"line":10,"ch":35,"sticky":"after"},"text":["0"],"removed":[""],"origin":"+input"}
2019-6-25 10:18:44.601#keyHandled#"Right"
2019-6-25 10:18:45.082#change#{"from":{"line":10,"ch":37,"sticky":"before"},"to":{"line":10,"ch":37,"sticky":"before"},"text":[" "],"removed":[""],"origin":"+input"}
2019-6-25 10:18:45.993#keyHandled#"Right"
2019-6-25 10:18:46.409#keyHandled#"Right"
2019-6-25 10:18:47.519#change#{"from":{"line":10,"ch":39,"sticky":"after"},"to":{"line":10,"ch":40,"sticky":"before"},"text":[""],"removed":[" "],"origin":"+delete"}
2019-6-25 10:18:47.519#keyHandled#"Backspace"
2019-6-25 10:18:47.519#change#{"from":{"line":10,"ch":39,"sticky":"after"},"to":{"line":10,"ch":40,"sticky":"before"},"text":[""],"removed":[" "],"origin":"+delete"}
2019-6-25 10:18:47.519#keyHandled#"Backspace"
2019-6-25 10:18:48.354#blur#
2019-6-25 10:18:49.954#saida_testar#$ python3 main.py
abacate:  2.9
banana:  0.5
caqui:  8.9
caqui
2019-6-25 10:18:51.171#focus#
2019-6-25 10:35:46.499#viewportChange#0
2019-6-25 10:36:14.889#viewportChange#0
2019-6-25 10:45:03.332#mousedown#{"isTrusted":true}
2019-6-25 10:45:03.361#focus#
2019-6-25 10:45:05.708#copy#{"isTrusted":true}
2019-6-25 10:45:06.751#blur#
2019-6-25 10:46:23.048#mousedown#{"isTrusted":true}
2019-6-25 10:46:23.069#focus#
2019-6-25 10:46:23.642#mousedown#{"isTrusted":true}
2019-6-25 10:46:26.512#copy#{"isTrusted":true}
2019-6-25 10:46:28.189#blur#
2019-6-25 10:46:47.929#mousedown#{"isTrusted":true}
2019-6-25 10:46:47.935#focus#
2019-6-25 10:46:47.943#blur#
2019-6-25 10:46:49.159#mousedown#{"isTrusted":true}
2019-6-25 10:46:50.665#mousedown#{"isTrusted":true}
2019-6-25 10:46:50.667#contextmenu#{"isTrusted":true}
2019-6-25 10:46:52.365#copy#{"isTrusted":true}
2019-6-25 10:46:53.285#mousedown#{"isTrusted":true}
2019-6-25 10:46:53.285#contextmenu#{"isTrusted":true}
2019-6-25 10:46:54.566#change#{"from":{"line":25,"ch":0,"sticky":"after","xRel":-1.91668701171875},"to":{"line":31,"ch":0,"sticky":"after","xRel":226.08331298828125},"text":[""],"removed":["if preco[0] == max(preco):","\tprint(\"abacate\")","elif preco[0] == max(preco):","\tprint(\"banana\")","else:","\tprint(\"caqui\")",""],"origin":"cut"}
2019-6-25 10:46:54.584#viewportChange#0
2019-6-25 10:46:56.870#change#{"from":{"line":25,"ch":0,"sticky":null},"to":{"line":25,"ch":0,"sticky":null},"text":["if preco[0] == max(preco):","\tprint(\"abacate\")","elif preco[0] == max(preco):","\tprint(\"banana\")","else:","\tprint(\"caqui\")",""],"removed":[""],"origin":"undo"}
2019-6-25 10:46:56.870#keyHandled#"Ctrl-Z"
2019-6-25 10:46:56.900#viewportChange#0
2019-6-25 10:46:57.655#mousedown#{"isTrusted":true}
2019-6-25 10:46:57.656#contextmenu#{"isTrusted":true}
2019-6-25 10:46:58.929#copy#{"isTrusted":true}
2019-6-25 10:46:59.864#blur#
2019-6-25 10:57:47.440#viewportChange#0
2019-6-25 10:57:56.218#mousedown#{"isTrusted":true}
2019-6-25 10:57:56.240#focus#
