2019-4-28 13:31:23.974#viewportChange#0
2019-4-28 17:27:09.504#mousedown#{"isTrusted":true}
2019-4-28 17:27:09.508#focus#
2019-4-28 17:27:10.975#change#{"from":{"line":0,"ch":0,"sticky":"after","xRel":48.09375},"to":{"line":0,"ch":0,"sticky":"after","xRel":48.09375},"text":["a"],"removed":[""],"origin":"+input"}
2019-4-28 17:27:12.103#change#{"from":{"line":0,"ch":1,"sticky":null},"to":{"line":0,"ch":1,"sticky":null},"text":["="],"removed":[""],"origin":"+input"}
2019-4-28 17:27:17.486#change#{"from":{"line":0,"ch":2,"sticky":null},"to":{"line":0,"ch":2,"sticky":null},"text":["f"],"removed":[""],"origin":"+input"}
2019-4-28 17:27:17.698#change#{"from":{"line":0,"ch":3,"sticky":null},"to":{"line":0,"ch":3,"sticky":null},"text":["l"],"removed":[""],"origin":"+input"}
2019-4-28 17:27:17.853#change#{"from":{"line":0,"ch":4,"sticky":null},"to":{"line":0,"ch":4,"sticky":null},"text":["o"],"removed":[""],"origin":"+input"}
2019-4-28 17:27:17.944#change#{"from":{"line":0,"ch":5,"sticky":null},"to":{"line":0,"ch":5,"sticky":null},"text":["a"],"removed":[""],"origin":"+input"}
2019-4-28 17:27:18.152#change#{"from":{"line":0,"ch":6,"sticky":null},"to":{"line":0,"ch":6,"sticky":null},"text":["t"],"removed":[""],"origin":"+input"}
2019-4-28 17:27:18.896#change#{"from":{"line":0,"ch":7,"sticky":null},"to":{"line":0,"ch":7,"sticky":null},"text":["()"],"removed":[""],"origin":"+input"}
2019-4-28 17:27:18.897#keyHandled#"'('"
2019-4-28 17:27:19.563#change#{"from":{"line":0,"ch":8,"sticky":"after"},"to":{"line":0,"ch":8,"sticky":"after"},"text":["i"],"removed":[""],"origin":"+input"}
2019-4-28 17:27:19.742#change#{"from":{"line":0,"ch":9,"sticky":null},"to":{"line":0,"ch":9,"sticky":null},"text":["n"],"removed":[""],"origin":"+input"}
2019-4-28 17:27:19.967#change#{"from":{"line":0,"ch":10,"sticky":null},"to":{"line":0,"ch":10,"sticky":null},"text":["p"],"removed":[""],"origin":"+input"}
2019-4-28 17:27:20.222#change#{"from":{"line":0,"ch":11,"sticky":null},"to":{"line":0,"ch":11,"sticky":null},"text":["u"],"removed":[""],"origin":"+input"}
2019-4-28 17:27:20.355#change#{"from":{"line":0,"ch":12,"sticky":null},"to":{"line":0,"ch":12,"sticky":null},"text":["t"],"removed":[""],"origin":"+input"}
2019-4-28 17:27:21.156#change#{"from":{"line":0,"ch":13,"sticky":null},"to":{"line":0,"ch":13,"sticky":null},"text":["()"],"removed":[""],"origin":"+input"}
2019-4-28 17:27:21.156#keyHandled#"'('"
2019-4-28 17:27:21.771#keyHandled#"Right"
2019-4-28 17:27:21.918#keyHandled#"Right"
2019-4-28 17:27:22.206#keyHandled#"Right"
2019-4-28 17:27:22.709#change#{"from":{"line":0,"ch":16,"sticky":"before","hitSide":true},"to":{"line":0,"ch":16,"sticky":"before","hitSide":true},"text":["",""],"removed":[""],"origin":"+input"}
2019-4-28 17:27:22.709#keyHandled#"Enter"
2019-4-28 17:27:22.715#viewportChange#0
2019-4-28 17:27:23.429#change#{"from":{"line":1,"ch":0,"sticky":null},"to":{"line":1,"ch":0,"sticky":null},"text":["b"],"removed":[""],"origin":"+input"}
2019-4-28 17:27:24.624#change#{"from":{"line":1,"ch":1,"sticky":null},"to":{"line":1,"ch":1,"sticky":null},"text":["="],"removed":[""],"origin":"+input"}
2019-4-28 17:27:25.128#change#{"from":{"line":1,"ch":2,"sticky":null},"to":{"line":1,"ch":2,"sticky":null},"text":["f"],"removed":[""],"origin":"+input"}
2019-4-28 17:27:25.296#change#{"from":{"line":1,"ch":3,"sticky":null},"to":{"line":1,"ch":3,"sticky":null},"text":["l"],"removed":[""],"origin":"+input"}
2019-4-28 17:27:25.462#change#{"from":{"line":1,"ch":4,"sticky":null},"to":{"line":1,"ch":4,"sticky":null},"text":["o"],"removed":[""],"origin":"+input"}
2019-4-28 17:27:25.517#change#{"from":{"line":1,"ch":5,"sticky":null},"to":{"line":1,"ch":5,"sticky":null},"text":["a"],"removed":[""],"origin":"+input"}
2019-4-28 17:27:25.728#change#{"from":{"line":1,"ch":6,"sticky":null},"to":{"line":1,"ch":6,"sticky":null},"text":["t"],"removed":[""],"origin":"+input"}
2019-4-28 17:27:26.178#change#{"from":{"line":1,"ch":7,"sticky":null},"to":{"line":1,"ch":7,"sticky":null},"text":["()"],"removed":[""],"origin":"+input"}
2019-4-28 17:27:26.178#keyHandled#"'('"
2019-4-28 17:27:27.048#change#{"from":{"line":1,"ch":8,"sticky":"after"},"to":{"line":1,"ch":8,"sticky":"after"},"text":["i"],"removed":[""],"origin":"+input"}
2019-4-28 17:27:27.235#change#{"from":{"line":1,"ch":9,"sticky":null},"to":{"line":1,"ch":9,"sticky":null},"text":["n"],"removed":[""],"origin":"+input"}
2019-4-28 17:27:27.469#change#{"from":{"line":1,"ch":10,"sticky":null},"to":{"line":1,"ch":10,"sticky":null},"text":["p"],"removed":[""],"origin":"+input"}
2019-4-28 17:27:27.731#change#{"from":{"line":1,"ch":11,"sticky":null},"to":{"line":1,"ch":11,"sticky":null},"text":["u"],"removed":[""],"origin":"+input"}
2019-4-28 17:27:27.986#change#{"from":{"line":1,"ch":12,"sticky":null},"to":{"line":1,"ch":12,"sticky":null},"text":["t"],"removed":[""],"origin":"+input"}
2019-4-28 17:27:28.693#change#{"from":{"line":1,"ch":13,"sticky":null},"to":{"line":1,"ch":13,"sticky":null},"text":["()"],"removed":[""],"origin":"+input"}
2019-4-28 17:27:28.693#keyHandled#"'('"
2019-4-28 17:27:29.215#keyHandled#"Right"
2019-4-28 17:27:29.397#keyHandled#"Right"
2019-4-28 17:27:29.735#change#{"from":{"line":1,"ch":16,"sticky":"before"},"to":{"line":1,"ch":16,"sticky":"before"},"text":["",""],"removed":[""],"origin":"+input"}
2019-4-28 17:27:29.735#keyHandled#"Enter"
2019-4-28 17:27:29.740#viewportChange#0
2019-4-28 17:27:30.420#change#{"from":{"line":2,"ch":0,"sticky":null},"to":{"line":2,"ch":0,"sticky":null},"text":["c"],"removed":[""],"origin":"+input"}
2019-4-28 17:27:31.692#change#{"from":{"line":2,"ch":1,"sticky":null},"to":{"line":2,"ch":1,"sticky":null},"text":["="],"removed":[""],"origin":"+input"}
2019-4-28 17:27:32.441#change#{"from":{"line":2,"ch":2,"sticky":null},"to":{"line":2,"ch":2,"sticky":null},"text":["f"],"removed":[""],"origin":"+input"}
2019-4-28 17:27:32.591#change#{"from":{"line":2,"ch":3,"sticky":null},"to":{"line":2,"ch":3,"sticky":null},"text":["l"],"removed":[""],"origin":"+input"}
2019-4-28 17:27:32.771#change#{"from":{"line":2,"ch":4,"sticky":null},"to":{"line":2,"ch":4,"sticky":null},"text":["o"],"removed":[""],"origin":"+input"}
2019-4-28 17:27:32.789#change#{"from":{"line":2,"ch":5,"sticky":null},"to":{"line":2,"ch":5,"sticky":null},"text":["a"],"removed":[""],"origin":"+input"}
2019-4-28 17:27:33.006#change#{"from":{"line":2,"ch":6,"sticky":null},"to":{"line":2,"ch":6,"sticky":null},"text":["t"],"removed":[""],"origin":"+input"}
2019-4-28 17:27:33.773#change#{"from":{"line":2,"ch":7,"sticky":null},"to":{"line":2,"ch":7,"sticky":null},"text":["()"],"removed":[""],"origin":"+input"}
2019-4-28 17:27:33.773#keyHandled#"'('"
2019-4-28 17:27:34.021#change#{"from":{"line":2,"ch":8,"sticky":"after"},"to":{"line":2,"ch":8,"sticky":"after"},"text":["i"],"removed":[""],"origin":"+input"}
2019-4-28 17:27:34.251#change#{"from":{"line":2,"ch":9,"sticky":null},"to":{"line":2,"ch":9,"sticky":null},"text":["n"],"removed":[""],"origin":"+input"}
2019-4-28 17:27:34.476#change#{"from":{"line":2,"ch":10,"sticky":null},"to":{"line":2,"ch":10,"sticky":null},"text":["p"],"removed":[""],"origin":"+input"}
2019-4-28 17:27:34.728#change#{"from":{"line":2,"ch":11,"sticky":null},"to":{"line":2,"ch":11,"sticky":null},"text":["u"],"removed":[""],"origin":"+input"}
2019-4-28 17:27:34.862#change#{"from":{"line":2,"ch":12,"sticky":null},"to":{"line":2,"ch":12,"sticky":null},"text":["t"],"removed":[""],"origin":"+input"}
2019-4-28 17:27:35.559#change#{"from":{"line":2,"ch":13,"sticky":null},"to":{"line":2,"ch":13,"sticky":null},"text":["9"],"removed":[""],"origin":"+input"}
2019-4-28 17:27:36.413#change#{"from":{"line":2,"ch":13,"sticky":"after"},"to":{"line":2,"ch":14,"sticky":null},"text":[""],"removed":["9"],"origin":"+delete"}
2019-4-28 17:27:36.413#keyHandled#"Backspace"
2019-4-28 17:27:36.849#change#{"from":{"line":2,"ch":13,"sticky":null},"to":{"line":2,"ch":13,"sticky":null},"text":["()"],"removed":[""],"origin":"+input"}
2019-4-28 17:27:36.849#keyHandled#"'('"
2019-4-28 17:27:37.385#keyHandled#"Right"
2019-4-28 17:27:37.576#keyHandled#"Right"
2019-4-28 17:27:37.827#change#{"from":{"line":2,"ch":16,"sticky":"before"},"to":{"line":2,"ch":16,"sticky":"before"},"text":["",""],"removed":[""],"origin":"+input"}
2019-4-28 17:27:37.827#keyHandled#"Enter"
2019-4-28 17:27:37.832#viewportChange#0
2019-4-28 17:27:38.584#change#{"from":{"line":3,"ch":0,"sticky":null},"to":{"line":3,"ch":0,"sticky":null},"text":["d"],"removed":[""],"origin":"+input"}
2019-4-28 17:27:39.665#change#{"from":{"line":3,"ch":1,"sticky":null},"to":{"line":3,"ch":1,"sticky":null},"text":["="],"removed":[""],"origin":"+input"}
2019-4-28 17:27:40.159#change#{"from":{"line":3,"ch":2,"sticky":null},"to":{"line":3,"ch":2,"sticky":null},"text":["f"],"removed":[""],"origin":"+input"}
2019-4-28 17:27:40.270#change#{"from":{"line":3,"ch":3,"sticky":null},"to":{"line":3,"ch":3,"sticky":null},"text":["l"],"removed":[""],"origin":"+input"}
2019-4-28 17:27:40.442#change#{"from":{"line":3,"ch":4,"sticky":null},"to":{"line":3,"ch":4,"sticky":null},"text":["o"],"removed":[""],"origin":"+input"}
2019-4-28 17:27:40.475#change#{"from":{"line":3,"ch":5,"sticky":null},"to":{"line":3,"ch":5,"sticky":null},"text":["a"],"removed":[""],"origin":"+input"}
2019-4-28 17:27:41.227#change#{"from":{"line":3,"ch":7,"sticky":null},"to":{"line":3,"ch":7,"sticky":null},"text":["9"],"removed":[""],"origin":"+input"}
2019-4-28 17:27:41.736#change#{"from":{"line":3,"ch":7,"sticky":"after"},"to":{"line":3,"ch":8,"sticky":null},"text":[""],"removed":["9"],"origin":"+delete"}
2019-4-28 17:27:41.736#keyHandled#"Backspace"
2019-4-28 17:27:42.057#change#{"from":{"line":3,"ch":7,"sticky":null},"to":{"line":3,"ch":7,"sticky":null},"text":["()"],"removed":[""],"origin":"+input"}
2019-4-28 17:27:42.057#keyHandled#"'('"
2019-4-28 17:27:42.319#change#{"from":{"line":3,"ch":8,"sticky":"after"},"to":{"line":3,"ch":8,"sticky":"after"},"text":["i"],"removed":[""],"origin":"+input"}
2019-4-28 17:27:42.497#change#{"from":{"line":3,"ch":9,"sticky":null},"to":{"line":3,"ch":9,"sticky":null},"text":["n"],"removed":[""],"origin":"+input"}
2019-4-28 17:27:42.761#change#{"from":{"line":3,"ch":10,"sticky":null},"to":{"line":3,"ch":10,"sticky":null},"text":["p"],"removed":[""],"origin":"+input"}
2019-4-28 17:27:43.049#change#{"from":{"line":3,"ch":11,"sticky":null},"to":{"line":3,"ch":11,"sticky":null},"text":["u"],"removed":[""],"origin":"+input"}
2019-4-28 17:27:43.181#change#{"from":{"line":3,"ch":12,"sticky":null},"to":{"line":3,"ch":12,"sticky":null},"text":["t"],"removed":[""],"origin":"+input"}
2019-4-28 17:27:43.897#change#{"from":{"line":3,"ch":13,"sticky":null},"to":{"line":3,"ch":13,"sticky":null},"text":["()"],"removed":[""],"origin":"+input"}
2019-4-28 17:27:43.897#keyHandled#"'('"
2019-4-28 17:27:44.576#keyHandled#"Right"
2019-4-28 17:27:44.781#keyHandled#"Right"
2019-4-28 17:27:45.152#change#{"from":{"line":3,"ch":16,"sticky":"before"},"to":{"line":3,"ch":16,"sticky":"before"},"text":["",""],"removed":[""],"origin":"+input"}
2019-4-28 17:27:45.152#keyHandled#"Enter"
2019-4-28 17:27:45.157#viewportChange#0
2019-4-29 12:56:29.786#viewportChange#0
2019-4-29 12:56:30.478#mousedown#{"isTrusted":true}
2019-4-29 12:56:30.485#focus#
2019-4-29 12:56:32.584#change#{"from":{"line":3,"ch":16,"sticky":"before"},"to":{"line":4,"ch":0,"sticky":null,"xRel":1,"outside":true},"text":[""],"removed":["",""],"origin":"+delete"}
2019-4-29 12:56:32.584#keyHandled#"Backspace"
2019-4-29 12:56:32.588#viewportChange#0
2019-4-29 12:56:33.081#change#{"from":{"line":3,"ch":15,"sticky":"after"},"to":{"line":3,"ch":16,"sticky":null},"text":[""],"removed":[")"],"origin":"+delete"}
2019-4-29 12:56:33.081#keyHandled#"Backspace"
2019-4-29 12:56:33.131#change#{"from":{"line":3,"ch":14,"sticky":"after"},"to":{"line":3,"ch":15,"sticky":null},"text":[""],"removed":[")"],"origin":"+delete"}
2019-4-29 12:56:33.131#keyHandled#"Backspace"
2019-4-29 12:56:33.181#change#{"from":{"line":3,"ch":13,"sticky":"after"},"to":{"line":3,"ch":14,"sticky":null},"text":[""],"removed":["("],"origin":"+delete"}
2019-4-29 12:56:33.181#keyHandled#"Backspace"
2019-4-29 12:56:33.230#change#{"from":{"line":3,"ch":12,"sticky":"after"},"to":{"line":3,"ch":13,"sticky":null},"text":[""],"removed":["t"],"origin":"+delete"}
2019-4-29 12:56:33.230#keyHandled#"Backspace"
2019-4-29 12:56:33.282#change#{"from":{"line":3,"ch":11,"sticky":"after"},"to":{"line":3,"ch":12,"sticky":null},"text":[""],"removed":["u"],"origin":"+delete"}
2019-4-29 12:56:33.282#keyHandled#"Backspace"
2019-4-29 12:56:33.330#change#{"from":{"line":3,"ch":10,"sticky":"after"},"to":{"line":3,"ch":11,"sticky":null},"text":[""],"removed":["p"],"origin":"+delete"}
2019-4-29 12:56:33.330#keyHandled#"Backspace"
2019-4-29 12:56:33.382#change#{"from":{"line":3,"ch":9,"sticky":"after"},"to":{"line":3,"ch":10,"sticky":null},"text":[""],"removed":["n"],"origin":"+delete"}
2019-4-29 12:56:33.382#keyHandled#"Backspace"
2019-4-29 12:56:33.431#change#{"from":{"line":3,"ch":8,"sticky":"after"},"to":{"line":3,"ch":9,"sticky":null},"text":[""],"removed":["i"],"origin":"+delete"}
2019-4-29 12:56:33.431#keyHandled#"Backspace"
2019-4-29 12:56:33.480#change#{"from":{"line":3,"ch":7,"sticky":"after"},"to":{"line":3,"ch":8,"sticky":null},"text":[""],"removed":["("],"origin":"+delete"}
2019-4-29 12:56:33.481#keyHandled#"Backspace"
2019-4-29 12:56:33.535#change#{"from":{"line":3,"ch":6,"sticky":"after"},"to":{"line":3,"ch":7,"sticky":null},"text":[""],"removed":["t"],"origin":"+delete"}
2019-4-29 12:56:33.535#keyHandled#"Backspace"
2019-4-29 12:56:33.584#change#{"from":{"line":3,"ch":5,"sticky":"after"},"to":{"line":3,"ch":6,"sticky":null},"text":[""],"removed":["a"],"origin":"+delete"}
2019-4-29 12:56:33.584#keyHandled#"Backspace"
2019-4-29 12:56:33.632#change#{"from":{"line":3,"ch":4,"sticky":"after"},"to":{"line":3,"ch":5,"sticky":null},"text":[""],"removed":["o"],"origin":"+delete"}
2019-4-29 12:56:33.632#keyHandled#"Backspace"
2019-4-29 12:56:33.682#change#{"from":{"line":3,"ch":3,"sticky":"after"},"to":{"line":3,"ch":4,"sticky":null},"text":[""],"removed":["l"],"origin":"+delete"}
2019-4-29 12:56:33.682#keyHandled#"Backspace"
2019-4-29 12:56:33.732#change#{"from":{"line":3,"ch":2,"sticky":"after"},"to":{"line":3,"ch":3,"sticky":null},"text":[""],"removed":["f"],"origin":"+delete"}
2019-4-29 12:56:33.732#keyHandled#"Backspace"
2019-4-29 12:56:33.784#change#{"from":{"line":3,"ch":1,"sticky":"after"},"to":{"line":3,"ch":2,"sticky":null},"text":[""],"removed":["="],"origin":"+delete"}
2019-4-29 12:56:33.784#keyHandled#"Backspace"
2019-4-29 12:56:33.833#change#{"from":{"line":3,"ch":0,"sticky":"after"},"to":{"line":3,"ch":1,"sticky":null},"text":[""],"removed":["d"],"origin":"+delete"}
2019-4-29 12:56:33.833#keyHandled#"Backspace"
2019-4-29 12:56:33.883#change#{"from":{"line":2,"ch":16,"sticky":"before"},"to":{"line":3,"ch":0,"sticky":null},"text":[""],"removed":["",""],"origin":"+delete"}
2019-4-29 12:56:33.883#keyHandled#"Backspace"
2019-4-29 12:56:33.886#viewportChange#0
2019-4-29 12:56:33.933#change#{"from":{"line":2,"ch":15,"sticky":"after"},"to":{"line":2,"ch":16,"sticky":null},"text":[""],"removed":[")"],"origin":"+delete"}
2019-4-29 12:56:33.933#keyHandled#"Backspace"
2019-4-29 12:56:33.983#change#{"from":{"line":2,"ch":14,"sticky":"after"},"to":{"line":2,"ch":15,"sticky":null},"text":[""],"removed":[")"],"origin":"+delete"}
2019-4-29 12:56:33.983#keyHandled#"Backspace"
2019-4-29 12:56:34.033#change#{"from":{"line":2,"ch":13,"sticky":"after"},"to":{"line":2,"ch":14,"sticky":null},"text":[""],"removed":["("],"origin":"+delete"}
2019-4-29 12:56:34.034#keyHandled#"Backspace"
2019-4-29 12:56:34.085#change#{"from":{"line":2,"ch":12,"sticky":"after"},"to":{"line":2,"ch":13,"sticky":null},"text":[""],"removed":["t"],"origin":"+delete"}
2019-4-29 12:56:34.085#keyHandled#"Backspace"
2019-4-29 12:56:34.134#change#{"from":{"line":2,"ch":11,"sticky":"after"},"to":{"line":2,"ch":12,"sticky":null},"text":[""],"removed":["u"],"origin":"+delete"}
2019-4-29 12:56:34.134#keyHandled#"Backspace"
2019-4-29 12:56:34.185#change#{"from":{"line":2,"ch":10,"sticky":"after"},"to":{"line":2,"ch":11,"sticky":null},"text":[""],"removed":["p"],"origin":"+delete"}
2019-4-29 12:56:34.185#keyHandled#"Backspace"
2019-4-29 12:56:34.236#change#{"from":{"line":2,"ch":9,"sticky":"after"},"to":{"line":2,"ch":10,"sticky":null},"text":[""],"removed":["n"],"origin":"+delete"}
2019-4-29 12:56:34.236#keyHandled#"Backspace"
2019-4-29 12:56:34.288#change#{"from":{"line":2,"ch":8,"sticky":"after"},"to":{"line":2,"ch":9,"sticky":null},"text":[""],"removed":["i"],"origin":"+delete"}
2019-4-29 12:56:34.288#keyHandled#"Backspace"
2019-4-29 12:56:34.338#change#{"from":{"line":2,"ch":7,"sticky":"after"},"to":{"line":2,"ch":8,"sticky":null},"text":[""],"removed":["("],"origin":"+delete"}
2019-4-29 12:56:34.338#keyHandled#"Backspace"
2019-4-29 12:56:34.388#change#{"from":{"line":2,"ch":6,"sticky":"after"},"to":{"line":2,"ch":7,"sticky":null},"text":[""],"removed":["t"],"origin":"+delete"}
2019-4-29 12:56:34.388#keyHandled#"Backspace"
2019-4-29 12:56:34.438#change#{"from":{"line":2,"ch":5,"sticky":"after"},"to":{"line":2,"ch":6,"sticky":null},"text":[""],"removed":["a"],"origin":"+delete"}
2019-4-29 12:56:34.438#keyHandled#"Backspace"
2019-4-29 12:56:34.489#change#{"from":{"line":2,"ch":4,"sticky":"after"},"to":{"line":2,"ch":5,"sticky":null},"text":[""],"removed":["o"],"origin":"+delete"}
2019-4-29 12:56:34.489#keyHandled#"Backspace"
2019-4-29 12:56:34.539#change#{"from":{"line":2,"ch":3,"sticky":"after"},"to":{"line":2,"ch":4,"sticky":null},"text":[""],"removed":["l"],"origin":"+delete"}
2019-4-29 12:56:34.539#keyHandled#"Backspace"
2019-4-29 12:56:34.590#change#{"from":{"line":2,"ch":2,"sticky":"after"},"to":{"line":2,"ch":3,"sticky":null},"text":[""],"removed":["f"],"origin":"+delete"}
2019-4-29 12:56:34.590#keyHandled#"Backspace"
2019-4-29 12:56:34.640#change#{"from":{"line":2,"ch":1,"sticky":"after"},"to":{"line":2,"ch":2,"sticky":null},"text":[""],"removed":["="],"origin":"+delete"}
2019-4-29 12:56:34.640#keyHandled#"Backspace"
2019-4-29 12:56:34.690#change#{"from":{"line":2,"ch":0,"sticky":"after"},"to":{"line":2,"ch":1,"sticky":null},"text":[""],"removed":["c"],"origin":"+delete"}
2019-4-29 12:56:34.690#keyHandled#"Backspace"
2019-4-29 12:56:34.740#change#{"from":{"line":1,"ch":16,"sticky":"before"},"to":{"line":2,"ch":0,"sticky":null},"text":[""],"removed":["",""],"origin":"+delete"}
2019-4-29 12:56:34.740#keyHandled#"Backspace"
2019-4-29 12:56:34.744#viewportChange#0
2019-4-29 12:56:34.790#change#{"from":{"line":1,"ch":15,"sticky":"after"},"to":{"line":1,"ch":16,"sticky":null},"text":[""],"removed":[")"],"origin":"+delete"}
2019-4-29 12:56:34.790#keyHandled#"Backspace"
2019-4-29 12:56:34.840#change#{"from":{"line":1,"ch":14,"sticky":"after"},"to":{"line":1,"ch":15,"sticky":null},"text":[""],"removed":[")"],"origin":"+delete"}
2019-4-29 12:56:34.840#keyHandled#"Backspace"
2019-4-29 12:56:34.889#change#{"from":{"line":1,"ch":13,"sticky":"after"},"to":{"line":1,"ch":14,"sticky":null},"text":[""],"removed":["("],"origin":"+delete"}
2019-4-29 12:56:34.889#keyHandled#"Backspace"
2019-4-29 12:56:34.940#change#{"from":{"line":1,"ch":12,"sticky":"after"},"to":{"line":1,"ch":13,"sticky":null},"text":[""],"removed":["t"],"origin":"+delete"}
2019-4-29 12:56:34.940#keyHandled#"Backspace"
2019-4-29 12:56:34.990#change#{"from":{"line":1,"ch":11,"sticky":"after"},"to":{"line":1,"ch":12,"sticky":null},"text":[""],"removed":["u"],"origin":"+delete"}
2019-4-29 12:56:34.990#keyHandled#"Backspace"
2019-4-29 12:56:35.039#change#{"from":{"line":1,"ch":10,"sticky":"after"},"to":{"line":1,"ch":11,"sticky":null},"text":[""],"removed":["p"],"origin":"+delete"}
2019-4-29 12:56:35.040#keyHandled#"Backspace"
2019-4-29 12:56:35.091#change#{"from":{"line":1,"ch":9,"sticky":"after"},"to":{"line":1,"ch":10,"sticky":null},"text":[""],"removed":["n"],"origin":"+delete"}
2019-4-29 12:56:35.091#keyHandled#"Backspace"
2019-4-29 12:56:35.141#change#{"from":{"line":1,"ch":8,"sticky":"after"},"to":{"line":1,"ch":9,"sticky":null},"text":[""],"removed":["i"],"origin":"+delete"}
2019-4-29 12:56:35.141#keyHandled#"Backspace"
2019-4-29 12:56:35.192#change#{"from":{"line":1,"ch":7,"sticky":"after"},"to":{"line":1,"ch":8,"sticky":null},"text":[""],"removed":["("],"origin":"+delete"}
2019-4-29 12:56:35.192#keyHandled#"Backspace"
2019-4-29 12:56:35.242#change#{"from":{"line":1,"ch":6,"sticky":"after"},"to":{"line":1,"ch":7,"sticky":null},"text":[""],"removed":["t"],"origin":"+delete"}
2019-4-29 12:56:35.242#keyHandled#"Backspace"
2019-4-29 12:56:35.299#change#{"from":{"line":1,"ch":5,"sticky":"after"},"to":{"line":1,"ch":6,"sticky":null},"text":[""],"removed":["a"],"origin":"+delete"}
2019-4-29 12:56:35.299#keyHandled#"Backspace"
2019-4-29 12:56:35.347#change#{"from":{"line":1,"ch":4,"sticky":"after"},"to":{"line":1,"ch":5,"sticky":null},"text":[""],"removed":["o"],"origin":"+delete"}
2019-4-29 12:56:35.347#keyHandled#"Backspace"
2019-4-29 12:56:35.395#change#{"from":{"line":1,"ch":3,"sticky":"after"},"to":{"line":1,"ch":4,"sticky":null},"text":[""],"removed":["l"],"origin":"+delete"}
2019-4-29 12:56:35.395#keyHandled#"Backspace"
2019-4-29 12:56:35.445#change#{"from":{"line":1,"ch":2,"sticky":"after"},"to":{"line":1,"ch":3,"sticky":null},"text":[""],"removed":["f"],"origin":"+delete"}
2019-4-29 12:56:35.445#keyHandled#"Backspace"
2019-4-29 12:56:35.495#change#{"from":{"line":1,"ch":1,"sticky":"after"},"to":{"line":1,"ch":2,"sticky":null},"text":[""],"removed":["="],"origin":"+delete"}
2019-4-29 12:56:35.495#keyHandled#"Backspace"
2019-4-29 12:56:35.546#change#{"from":{"line":1,"ch":0,"sticky":"after"},"to":{"line":1,"ch":1,"sticky":null},"text":[""],"removed":["b"],"origin":"+delete"}
2019-4-29 12:56:35.546#keyHandled#"Backspace"
2019-4-29 12:56:35.599#change#{"from":{"line":0,"ch":16,"sticky":"before"},"to":{"line":1,"ch":0,"sticky":null},"text":[""],"removed":["",""],"origin":"+delete"}
2019-4-29 12:56:35.600#keyHandled#"Backspace"
2019-4-29 12:56:35.603#viewportChange#0
2019-4-29 12:56:35.650#change#{"from":{"line":0,"ch":15,"sticky":"after"},"to":{"line":0,"ch":16,"sticky":null},"text":[""],"removed":[")"],"origin":"+delete"}
2019-4-29 12:56:35.650#keyHandled#"Backspace"
2019-4-29 12:56:35.698#change#{"from":{"line":0,"ch":14,"sticky":"after"},"to":{"line":0,"ch":15,"sticky":null},"text":[""],"removed":[")"],"origin":"+delete"}
2019-4-29 12:56:35.698#keyHandled#"Backspace"
2019-4-29 12:56:35.747#change#{"from":{"line":0,"ch":13,"sticky":"after"},"to":{"line":0,"ch":14,"sticky":null},"text":[""],"removed":["("],"origin":"+delete"}
2019-4-29 12:56:35.747#keyHandled#"Backspace"
2019-4-29 12:56:35.798#change#{"from":{"line":0,"ch":12,"sticky":"after"},"to":{"line":0,"ch":13,"sticky":null},"text":[""],"removed":["t"],"origin":"+delete"}
2019-4-29 12:56:35.798#keyHandled#"Backspace"
2019-4-29 12:56:35.849#change#{"from":{"line":0,"ch":11,"sticky":"after"},"to":{"line":0,"ch":12,"sticky":null},"text":[""],"removed":["u"],"origin":"+delete"}
2019-4-29 12:56:35.849#keyHandled#"Backspace"
2019-4-29 12:56:35.897#change#{"from":{"line":0,"ch":10,"sticky":"after"},"to":{"line":0,"ch":11,"sticky":null},"text":[""],"removed":["p"],"origin":"+delete"}
2019-4-29 12:56:35.897#keyHandled#"Backspace"
2019-4-29 12:56:35.947#change#{"from":{"line":0,"ch":9,"sticky":"after"},"to":{"line":0,"ch":10,"sticky":null},"text":[""],"removed":["n"],"origin":"+delete"}
2019-4-29 12:56:35.947#keyHandled#"Backspace"
2019-4-29 12:56:36.002#change#{"from":{"line":0,"ch":8,"sticky":"after"},"to":{"line":0,"ch":9,"sticky":null},"text":[""],"removed":["i"],"origin":"+delete"}
2019-4-29 12:56:36.002#keyHandled#"Backspace"
2019-4-29 12:56:36.049#change#{"from":{"line":0,"ch":7,"sticky":"after"},"to":{"line":0,"ch":8,"sticky":null},"text":[""],"removed":["("],"origin":"+delete"}
2019-4-29 12:56:36.049#keyHandled#"Backspace"
2019-4-29 12:56:36.099#change#{"from":{"line":0,"ch":6,"sticky":"after"},"to":{"line":0,"ch":7,"sticky":null},"text":[""],"removed":["t"],"origin":"+delete"}
2019-4-29 12:56:36.099#keyHandled#"Backspace"
2019-4-29 12:56:36.148#change#{"from":{"line":0,"ch":5,"sticky":"after"},"to":{"line":0,"ch":6,"sticky":null},"text":[""],"removed":["a"],"origin":"+delete"}
2019-4-29 12:56:36.148#keyHandled#"Backspace"
2019-4-29 12:56:36.199#change#{"from":{"line":0,"ch":4,"sticky":"after"},"to":{"line":0,"ch":5,"sticky":null},"text":[""],"removed":["o"],"origin":"+delete"}
2019-4-29 12:56:36.199#keyHandled#"Backspace"
2019-4-29 12:56:36.252#change#{"from":{"line":0,"ch":3,"sticky":"after"},"to":{"line":0,"ch":4,"sticky":null},"text":[""],"removed":["l"],"origin":"+delete"}
2019-4-29 12:56:36.252#keyHandled#"Backspace"
2019-4-29 12:56:36.303#change#{"from":{"line":0,"ch":2,"sticky":"after"},"to":{"line":0,"ch":3,"sticky":null},"text":[""],"removed":["f"],"origin":"+delete"}
2019-4-29 12:56:36.303#keyHandled#"Backspace"
2019-4-29 12:56:36.355#change#{"from":{"line":0,"ch":1,"sticky":"after"},"to":{"line":0,"ch":2,"sticky":null},"text":[""],"removed":["="],"origin":"+delete"}
2019-4-29 12:56:36.355#keyHandled#"Backspace"
2019-4-29 12:56:36.416#change#{"from":{"line":0,"ch":0,"sticky":"after"},"to":{"line":0,"ch":1,"sticky":null},"text":[""],"removed":["a"],"origin":"+delete"}
2019-4-29 12:56:36.416#keyHandled#"Backspace"
2019-4-29 12:56:36.464#keyHandled#"Backspace"
2019-4-29 12:56:36.513#keyHandled#"Backspace"
2019-4-29 12:56:36.563#keyHandled#"Backspace"
2019-4-29 12:56:36.612#keyHandled#"Backspace"
2019-4-29 12:56:37.205#mousedown#{"isTrusted":true}
2019-4-29 12:56:37.208#contextmenu#{"isTrusted":true}
2019-4-29 12:56:38.274#change#{"from":{"line":0,"ch":0,"sticky":null,"hitSide":true},"to":{"line":0,"ch":0,"sticky":null},"text":["c=float(input(\"consumo de energia:\"))","i=input(\"tipo de instalacoes:\")","print(\"Entradas:\", c, \"kWh\", \"e\", \"tipo\", i.upper())","if(c<0):","\tprint(\"Dados invalidos\")","elif(c<=500)and(i==\"R\"):","\tx=c*0.44","\tprint(\"Valor total: R$\" ,round(x, 2))","elif(c>500)and(i==\"R\"):","\tx=c*0.65","\tprint(\"Valor total: R$\" ,round(x, 2))","elif(c<=1000)and(i==\"C\"):","\tx=c*0.55","\tprint(\"Valor total: R$\" ,round(x, 2))","elif(c>1000)and(i==\"C\"):","\tx=c*0.60","\tprint(\"Valor total: R$\" ,round(x, 2))","elif(c<=5000)and(i==\"I\"):","\tx=c*0.55","\tprint(\"Valor total: R$\" ,round(x, 2))","elif(c>5000)and(i==\"I\"):","\tx=c*0.60","\tprint(\"Valor total: R$\" ,round(x, 2))",""],"removed":[""],"origin":"paste"}
2019-4-29 12:56:38.295#viewportChange#0
2019-4-29 12:56:42.574#mousedown#{"isTrusted":true}
2019-4-29 12:56:45.668#change#{"from":{"line":0,"ch":0,"sticky":null,"xRel":-1,"outside":true},"to":{"line":22,"ch":38,"sticky":"before","xRel":4.40625},"text":[""],"removed":["c=float(input(\"consumo de energia:\"))","i=input(\"tipo de instalacoes:\")","print(\"Entradas:\", c, \"kWh\", \"e\", \"tipo\", i.upper())","if(c<0):","\tprint(\"Dados invalidos\")","elif(c<=500)and(i==\"R\"):","\tx=c*0.44","\tprint(\"Valor total: R$\" ,round(x, 2))","elif(c>500)and(i==\"R\"):","\tx=c*0.65","\tprint(\"Valor total: R$\" ,round(x, 2))","elif(c<=1000)and(i==\"C\"):","\tx=c*0.55","\tprint(\"Valor total: R$\" ,round(x, 2))","elif(c>1000)and(i==\"C\"):","\tx=c*0.60","\tprint(\"Valor total: R$\" ,round(x, 2))","elif(c<=5000)and(i==\"I\"):","\tx=c*0.55","\tprint(\"Valor total: R$\" ,round(x, 2))","elif(c>5000)and(i==\"I\"):","\tx=c*0.60","\tprint(\"Valor total: R$\" ,round(x, 2))"],"origin":"+delete"}
2019-4-29 12:56:45.668#keyHandled#"Backspace"
2019-4-29 12:56:45.678#viewportChange#0
2019-4-29 12:56:46.575#blur#
2019-4-29 12:56:53.938#focus#
2019-4-29 12:56:54.429#mousedown#{"isTrusted":true}
2019-4-29 12:56:54.718#mousedown#{"isTrusted":true}
2019-4-29 12:56:54.721#contextmenu#{"isTrusted":true}
2019-4-29 12:56:55.805#mousedown#{"isTrusted":true}
2019-4-29 12:56:55.938#dblclick#{"isTrusted":true}
2019-4-29 12:56:56.093#mousedown#{"isTrusted":true}
2019-4-29 12:56:56.095#contextmenu#{"isTrusted":true}
2019-4-29 12:56:57.273#change#{"from":{"line":0,"ch":0,"sticky":"after","xRel":54.40625},"to":{"line":0,"ch":0,"sticky":"after","xRel":54.40625},"text":["a = float(input(\"\"))","b = float(input(\"\"))","c = float(input(\"\"))","d = float(input(\"\"))","print( \" Intervalo 1:\", a , \",\" , b)","print( \" Intervalo 2:\", c , \",\" , d)","if ( b > a ) and (d > c) :","\tif (( (c < a) and (d < a)) or (( d > b ) and (c > b) )) :","\t\tprint(\"Nao ha intersecao\")","\telse :","\t\tprint(\"Ha intersecao\")","else :","\tprint(\"Entradas invalidas\")"],"removed":[""],"origin":"paste"}
2019-4-29 12:56:57.283#viewportChange#0
2019-4-29 12:56:57.273#change#{"from":{"line":0,"ch":0,"sticky":"after","xRel":54.40625},"to":{"line":0,"ch":0,"sticky":"after","xRel":54.40625},"text":["a = float(input(\"\"))","b = float(input(\"\"))","c = float(input(\"\"))","d = float(input(\"\"))","print( \" Intervalo 1:\", a , \",\" , b)","print( \" Intervalo 2:\", c , \",\" , d)","if ( b > a ) and (d > c) :","\tif (( (c < a) and (d < a)) or (( d > b ) and (c > b) )) :","\t\tprint(\"Nao ha intersecao\")","\telse :","\t\tprint(\"Ha intersecao\")","else :","\tprint(\"Entradas invalidas\")"],"removed":[""],"origin":"paste"}
2019-4-29 12:56:57.283#viewportChange#0
2019-4-29 12:56:59.722#submit#Congratulations, your code is correct!
