== TEST (2019-03-12 11:47:44) 
-- CODE:
print(50/3)
-- OUTPUT:
16.666666666666668
*-*-*-*-*-*-*-*-*-*-*-*-*-*-*-*-*-*-*-*-*-*-*-*
== SUBMITION (2019-03-12 11:47:46) 
-- CODE:
print(50/3)
-- EXECUTION TIME:
0.205791
-- TEST CASE 1:
---- input:
xx
---- correct output:
16
2
---- user output:
16.666666666666668
-- GRADE:
0%
*-*-*-*-*-*-*-*-*-*-*-*-*-*-*-*-*-*-*-*-*-*-*-*
== TEST (2019-03-12 11:48:30) 
-- CODE:
print(50//3 50%3 2)
-- ERROR:
File "XXXX", line 1
    print(50//3 50%3 2)
                 ^
SyntaxError: invalid syntax
*-*-*-*-*-*-*-*-*-*-*-*-*-*-*-*-*-*-*-*-*-*-*-*
== SUBMITION (2019-03-12 11:48:32) 
-- CODE:
print(50//3 50%3 2)
-- EXECUTION TIME:
0.156997
-- ERROR:
  File "/home/codebench/codes/1575/1331/main.py", line 1
    print(50//3 50%3 2)
                 ^
SyntaxError: invalid syntax

*-*-*-*-*-*-*-*-*-*-*-*-*-*-*-*-*-*-*-*-*-*-*-*
== TEST (2019-03-12 11:48:53) 
-- CODE:
print(50//3 %2)
-- ERROR:
File "XXXX", line 1
    print(50//3 50%3 2)
                 ^
SyntaxError: invalid syntax
*-*-*-*-*-*-*-*-*-*-*-*-*-*-*-*-*-*-*-*-*-*-*-*
== SUBMITION (2019-03-12 11:48:56) 
-- CODE:
print(50//3 %2)
-- EXECUTION TIME:
0.159185
-- TEST CASE 1:
---- input:
xx
---- correct output:
16
2
---- user output:
0
-- GRADE:
0%
*-*-*-*-*-*-*-*-*-*-*-*-*-*-*-*-*-*-*-*-*-*-*-*
== TEST (2019-03-12 11:49:49) 
-- CODE:
print(50//3)
print(50%3)
-- OUTPUT:
16
2
*-*-*-*-*-*-*-*-*-*-*-*-*-*-*-*-*-*-*-*-*-*-*-*
== SUBMITION (2019-03-12 11:49:52) 
-- CODE:
print(50//3)
print(50%3)
-- EXECUTION TIME:
0.165809
-- TEST CASE 1:
---- input:
xx
---- correct output:
16
2
---- user output:
16
2
-- GRADE:
100%
*-*-*-*-*-*-*-*-*-*-*-*-*-*-*-*-*-*-*-*-*-*-*-*
