2019-3-11 15:17:47.132#viewportChange#0
2019-3-11 15:17:58.239#mousedown#{"isTrusted":true}
2019-3-11 15:17:58.249#focus#
2019-3-11 15:18:01.084#change#{"from":{"line":0,"ch":0,"sticky":"after","xRel":104.8680419921875},"to":{"line":0,"ch":0,"sticky":"after","xRel":104.8680419921875},"text":["p"],"removed":[""],"origin":"+input"}
2019-3-11 15:18:01.294#change#{"from":{"line":0,"ch":1,"sticky":null},"to":{"line":0,"ch":1,"sticky":null},"text":["r"],"removed":[""],"origin":"+input"}
2019-3-11 15:18:01.774#change#{"from":{"line":0,"ch":2,"sticky":null},"to":{"line":0,"ch":2,"sticky":null},"text":["i"],"removed":[""],"origin":"+input"}
2019-3-11 15:18:01.895#change#{"from":{"line":0,"ch":3,"sticky":null},"to":{"line":0,"ch":3,"sticky":null},"text":["n"],"removed":[""],"origin":"+input"}
2019-3-11 15:18:01.998#change#{"from":{"line":0,"ch":4,"sticky":null},"to":{"line":0,"ch":4,"sticky":null},"text":["y"],"removed":[""],"origin":"+input"}
2019-3-11 15:18:36.875#change#{"from":{"line":0,"ch":5,"sticky":null},"to":{"line":0,"ch":5,"sticky":null},"text":["()"],"removed":[""],"origin":"+input"}
2019-3-11 15:18:36.875#keyHandled#"'('"
2019-3-11 15:18:38.193#change#{"from":{"line":0,"ch":6,"sticky":"after"},"to":{"line":0,"ch":6,"sticky":"after"},"text":["4"],"removed":[""],"origin":"+input"}
2019-3-11 15:18:38.463#change#{"from":{"line":0,"ch":7,"sticky":null},"to":{"line":0,"ch":7,"sticky":null},"text":["1"],"removed":[""],"origin":"+input"}
2019-3-11 15:18:39.364#change#{"from":{"line":0,"ch":8,"sticky":null},"to":{"line":0,"ch":8,"sticky":null},"text":[","],"removed":[""],"origin":"+input"}
2019-3-11 15:18:39.688#change#{"from":{"line":0,"ch":9,"sticky":null},"to":{"line":0,"ch":9,"sticky":null},"text":["6"],"removed":[""],"origin":"+input"}
2019-3-11 15:18:40.784#change#{"from":{"line":0,"ch":10,"sticky":null},"to":{"line":0,"ch":10,"sticky":null},"text":["",""],"removed":[""],"origin":"+input"}
2019-3-11 15:18:40.784#change#{"from":{"line":1,"ch":0,"sticky":null},"to":{"line":1,"ch":0,"sticky":null},"text":["\t  "],"removed":[""],"origin":"+input"}
2019-3-11 15:18:40.784#keyHandled#"Enter"
2019-3-11 15:18:40.789#viewportChange#0
2019-3-11 15:18:42.761#mousedown#{"isTrusted":true}
2019-3-11 15:18:44.132#change#{"from":{"line":1,"ch":3,"sticky":"after","xRel":2.08331298828125},"to":{"line":1,"ch":4,"sticky":"before","xRel":0.6978759765625},"text":[""],"removed":[")"],"origin":"+delete"}
2019-3-11 15:18:44.132#keyHandled#"Backspace"
2019-3-11 15:18:44.580#mousedown#{"isTrusted":true}
2019-3-11 15:18:45.936#change#{"from":{"line":0,"ch":10,"sticky":"before","xRel":24.97564697265625},"to":{"line":0,"ch":10,"sticky":"before","xRel":24.97564697265625},"text":[")"],"removed":[""],"origin":"+input"}
2019-3-11 15:18:47.301#blur#
2019-3-11 15:18:47.301#blur#
2019-3-11 15:18:48.596#submit#Your code did not produce the correct output. Please, correct your code and try again.
2019-3-11 15:18:48.596#submit#Your code did not produce the correct output. Please, correct your code and try again.
2019-3-11 15:18:51.553#mousedown#{"isTrusted":true}
2019-3-11 15:18:51.609#focus#
2019-3-11 15:18:52.573#change#{"from":{"line":0,"ch":9,"sticky":"after"},"to":{"line":0,"ch":10,"sticky":"before","xRel":-2.02435302734375},"text":[""],"removed":["6"],"origin":"+delete"}
2019-3-11 15:18:52.573#keyHandled#"Backspace"
2019-3-11 15:18:52.812#change#{"from":{"line":0,"ch":8,"sticky":"after"},"to":{"line":0,"ch":9,"sticky":null},"text":[""],"removed":[","],"origin":"+delete"}
2019-3-11 15:18:52.812#keyHandled#"Backspace"
2019-3-11 15:18:53.521#blur#
2019-3-11 15:18:53.521#blur#
2019-3-11 15:18:55.996#submit#Your code did not produce the correct output. Please, correct your code and try again.
2019-3-11 15:18:55.996#submit#Your code did not produce the correct output. Please, correct your code and try again.
2019-3-11 15:18:58.512#submit#Your code did not produce the correct output. Please, correct your code and try again.
2019-3-11 15:19:09.098#mousedown#{"isTrusted":true}
2019-3-11 15:19:09.101#focus#
2019-3-11 15:19:11.021#mousedown#{"isTrusted":true}
2019-3-11 15:19:12.831#mousedown#{"isTrusted":true}
2019-3-11 15:19:17.808#change#{"from":{"line":0,"ch":6,"sticky":"before","xRel":-0.28472900390625},"to":{"line":0,"ch":8,"sticky":"before","xRel":-3.47222900390625},"text":["4"],"removed":["41"],"origin":"+input"}
2019-3-11 15:19:17.944#change#{"from":{"line":0,"ch":7,"sticky":null},"to":{"line":0,"ch":7,"sticky":null},"text":["5"],"removed":[""],"origin":"+input"}
2019-3-11 15:19:20.448#blur#
2019-3-11 15:19:20.448#blur#
2019-3-11 15:19:22.693#submit#Your code did not produce the correct output. Please, correct your code and try again.
2019-3-11 15:19:22.693#submit#Your code did not produce the correct output. Please, correct your code and try again.
2019-3-11 15:19:26.998#submit#Your code did not produce the correct output. Please, correct your code and try again.
2019-3-11 15:19:28.124#mousedown#{"isTrusted":true}
2019-3-11 15:19:28.128#focus#
2019-3-11 15:19:33.446#keyHandled#"Right"
2019-3-11 15:19:35.362#change#{"from":{"line":0,"ch":8,"sticky":"before","xRel":-2.47222900390625},"to":{"line":0,"ch":8,"sticky":"before","xRel":-2.47222900390625},"text":["\"\""],"removed":[""],"origin":"+input"}
2019-3-11 15:19:35.362#keyHandled#"'\"'"
2019-3-11 15:19:38.648#keyHandled#"Left"
2019-3-11 15:19:39.660#blur#
2019-3-11 15:19:40.305#focus#
2019-3-11 15:19:46.070#blur#
2019-3-11 15:19:47.236#mousedown#{"isTrusted":true}
2019-3-11 15:19:47.242#focus#
2019-3-11 15:19:48.030#mousedown#{"isTrusted":true}
2019-3-11 15:19:49.065#mousedown#{"isTrusted":true}
2019-3-11 15:19:57.521#mousedown#{"isTrusted":true}
2019-3-11 15:19:59.258#mousedown#{"isTrusted":true}
2019-3-11 15:20:00.051#mousedown#{"isTrusted":true}
2019-3-11 15:20:00.835#mousedown#{"isTrusted":true}
2019-3-11 15:20:03.310#change#{"from":{"line":0,"ch":6,"sticky":"after","xRel":3.19439697265625},"to":{"line":0,"ch":8,"sticky":"after","xRel":1.52777099609375},"text":[""],"removed":["45"],"origin":"+delete"}
2019-3-11 15:20:03.310#keyHandled#"Backspace"
2019-3-11 15:20:10.049#mousedown#{"isTrusted":true}
2019-3-11 15:20:20.347#keyHandled#"Right"
2019-3-11 15:20:20.569#change#{"from":{"line":0,"ch":7,"sticky":"before"},"to":{"line":0,"ch":7,"sticky":"before"},"text":["4"],"removed":[""],"origin":"+input"}
2019-3-11 15:20:21.049#change#{"from":{"line":0,"ch":8,"sticky":null},"to":{"line":0,"ch":8,"sticky":null},"text":["1"],"removed":[""],"origin":"+input"}
2019-3-11 15:20:22.973#change#{"from":{"line":0,"ch":9,"sticky":null},"to":{"line":0,"ch":9,"sticky":null},"text":["."],"removed":[""],"origin":"+input"}
2019-3-11 15:20:24.326#change#{"from":{"line":0,"ch":10,"sticky":null},"to":{"line":0,"ch":10,"sticky":null},"text":["6"],"removed":[""],"origin":"+input"}
2019-3-11 15:20:24.627#change#{"from":{"line":0,"ch":11,"sticky":null},"to":{"line":0,"ch":11,"sticky":null},"text":["7"],"removed":[""],"origin":"+input"}
2019-3-11 15:20:30.822#change#{"from":{"line":0,"ch":11,"sticky":"after"},"to":{"line":0,"ch":12,"sticky":null},"text":[""],"removed":["7"],"origin":"+delete"}
2019-3-11 15:20:30.822#keyHandled#"Backspace"
2019-3-11 15:20:30.951#change#{"from":{"line":0,"ch":10,"sticky":"after"},"to":{"line":0,"ch":11,"sticky":null},"text":[""],"removed":["6"],"origin":"+delete"}
2019-3-11 15:20:30.951#keyHandled#"Backspace"
2019-3-11 15:20:31.150#change#{"from":{"line":0,"ch":9,"sticky":"after"},"to":{"line":0,"ch":10,"sticky":null},"text":[""],"removed":["."],"origin":"+delete"}
2019-3-11 15:20:31.150#keyHandled#"Backspace"
2019-3-11 15:20:31.447#change#{"from":{"line":0,"ch":8,"sticky":"after"},"to":{"line":0,"ch":9,"sticky":null},"text":[""],"removed":["1"],"origin":"+delete"}
2019-3-11 15:20:31.447#keyHandled#"Backspace"
2019-3-11 15:20:34.182#change#{"from":{"line":0,"ch":7,"sticky":"after"},"to":{"line":0,"ch":8,"sticky":null},"text":[""],"removed":["4"],"origin":"+delete"}
2019-3-11 15:20:34.182#keyHandled#"Backspace"
2019-3-11 15:20:36.410#change#{"from":{"line":0,"ch":7,"sticky":null},"to":{"line":0,"ch":7,"sticky":null},"text":["r"],"removed":[""],"origin":"+input"}
2019-3-11 15:20:36.522#change#{"from":{"line":0,"ch":8,"sticky":null},"to":{"line":0,"ch":8,"sticky":null},"text":["o"],"removed":[""],"origin":"+input"}
2019-3-11 15:20:36.707#change#{"from":{"line":0,"ch":9,"sticky":null},"to":{"line":0,"ch":9,"sticky":null},"text":["u"],"removed":[""],"origin":"+input"}
2019-3-11 15:20:37.175#change#{"from":{"line":0,"ch":10,"sticky":null},"to":{"line":0,"ch":10,"sticky":null},"text":["n"],"removed":[""],"origin":"+input"}
2019-3-11 15:20:37.358#change#{"from":{"line":0,"ch":11,"sticky":null},"to":{"line":0,"ch":11,"sticky":null},"text":["f"],"removed":[""],"origin":"+input"}
2019-3-11 15:20:38.366#change#{"from":{"line":0,"ch":11,"sticky":"after"},"to":{"line":0,"ch":12,"sticky":null},"text":[""],"removed":["f"],"origin":"+delete"}
2019-3-11 15:20:38.366#keyHandled#"Backspace"
2019-3-11 15:20:38.530#change#{"from":{"line":0,"ch":11,"sticky":null},"to":{"line":0,"ch":11,"sticky":null},"text":["d"],"removed":[""],"origin":"+input"}
2019-3-11 15:20:40.290#change#{"from":{"line":0,"ch":12,"sticky":null},"to":{"line":0,"ch":12,"sticky":null},"text":["()"],"removed":[""],"origin":"+input"}
2019-3-11 15:20:40.290#keyHandled#"'('"
2019-3-11 15:20:42.355#change#{"from":{"line":0,"ch":13,"sticky":"after"},"to":{"line":0,"ch":13,"sticky":"after"},"text":["4"],"removed":[""],"origin":"+input"}
2019-3-11 15:20:42.436#change#{"from":{"line":0,"ch":14,"sticky":null},"to":{"line":0,"ch":14,"sticky":null},"text":["1"],"removed":[""],"origin":"+input"}
2019-3-11 15:20:44.160#change#{"from":{"line":0,"ch":14,"sticky":"after"},"to":{"line":0,"ch":15,"sticky":null},"text":[""],"removed":["1"],"origin":"+delete"}
2019-3-11 15:20:44.160#keyHandled#"Backspace"
2019-3-11 15:20:44.190#change#{"from":{"line":0,"ch":13,"sticky":"after"},"to":{"line":0,"ch":14,"sticky":null},"text":[""],"removed":["4"],"origin":"+delete"}
2019-3-11 15:20:44.190#keyHandled#"Backspace"
2019-3-11 15:20:45.454#change#{"from":{"line":0,"ch":12,"sticky":null},"to":{"line":0,"ch":14,"sticky":null},"text":[""],"removed":["()"],"origin":"+delete"}
2019-3-11 15:20:45.454#keyHandled#"Backspace"
2019-3-11 15:20:48.057#change#{"from":{"line":0,"ch":12,"sticky":null},"to":{"line":0,"ch":12,"sticky":null},"text":["()"],"removed":[""],"origin":"+input"}
2019-3-11 15:20:48.057#keyHandled#"'('"
2019-3-11 15:20:48.739#change#{"from":{"line":0,"ch":13,"sticky":"after"},"to":{"line":0,"ch":13,"sticky":"after"},"text":["4"],"removed":[""],"origin":"+input"}
2019-3-11 15:20:48.914#change#{"from":{"line":0,"ch":14,"sticky":null},"to":{"line":0,"ch":14,"sticky":null},"text":["1"],"removed":[""],"origin":"+input"}
2019-3-11 15:20:53.370#change#{"from":{"line":0,"ch":15,"sticky":null},"to":{"line":0,"ch":15,"sticky":null},"text":["."],"removed":[""],"origin":"+input"}
2019-3-11 15:20:54.214#change#{"from":{"line":0,"ch":16,"sticky":null},"to":{"line":0,"ch":16,"sticky":null},"text":["6"],"removed":[""],"origin":"+input"}
2019-3-11 15:20:55.871#change#{"from":{"line":0,"ch":17,"sticky":null},"to":{"line":0,"ch":17,"sticky":null},"text":[","],"removed":[""],"origin":"+input"}
2019-3-11 15:20:56.475#change#{"from":{"line":0,"ch":18,"sticky":null},"to":{"line":0,"ch":18,"sticky":null},"text":["2"],"removed":[""],"origin":"+input"}
2019-3-11 15:21:01.895#mousedown#{"isTrusted":true}
2019-3-11 15:21:03.607#keyHandled#"Left"
2019-3-11 15:21:04.687#keyHandled#"Right"
2019-3-11 15:21:10.177#blur#
2019-3-11 15:21:10.177#blur#
2019-3-11 15:21:15.687#submit#Your code did not produce the correct output. Please, correct your code and try again.
2019-3-11 15:21:16.604#mousedown#{"isTrusted":true}
2019-3-11 15:21:16.608#focus#
2019-3-11 15:21:17.473#mousedown#{"isTrusted":true}
2019-3-11 15:21:18.417#change#{"from":{"line":0,"ch":5,"sticky":"before","xRel":-1.60418701171875},"to":{"line":0,"ch":5,"sticky":"before","xRel":-1.60418701171875},"text":[" "],"removed":[""],"origin":"+input"}
2019-3-11 15:21:19.181#blur#
2019-3-11 15:21:19.181#blur#
2019-3-11 15:21:23.814#submit#Your code did not produce the correct output. Please, correct your code and try again.
2019-3-11 15:21:25.040#mousedown#{"isTrusted":true}
2019-3-11 15:21:25.044#focus#
2019-3-11 15:21:26.220#change#{"from":{"line":0,"ch":5,"sticky":"after"},"to":{"line":0,"ch":6,"sticky":"before","xRel":-1.80560302734375},"text":[""],"removed":[" "],"origin":"+delete"}
2019-3-11 15:21:26.220#keyHandled#"Backspace"
2019-3-11 15:21:27.633#mousedown#{"isTrusted":true}
2019-3-11 15:21:28.266#change#{"from":{"line":0,"ch":6,"sticky":"after"},"to":{"line":0,"ch":7,"sticky":"after","xRel":0.4166259765625},"text":[""],"removed":["\""],"origin":"+delete"}
2019-3-11 15:21:28.266#keyHandled#"Backspace"
2019-3-11 15:21:29.866#mousedown#{"isTrusted":true}
2019-3-11 15:21:32.304#change#{"from":{"line":0,"ch":19,"sticky":"after"},"to":{"line":0,"ch":20,"sticky":"before","xRel":-0.91668701171875},"text":[""],"removed":["\""],"origin":"+delete"}
2019-3-11 15:21:32.304#keyHandled#"Backspace"
2019-3-11 15:21:36.689#mousedown#{"isTrusted":true}
2019-3-11 15:21:38.060#change#{"from":{"line":0,"ch":17,"sticky":"before","xRel":-1.89239501953125},"to":{"line":0,"ch":17,"sticky":"before","xRel":-1.89239501953125},"text":[" "],"removed":[""],"origin":"+input"}
2019-3-11 15:21:40.054#blur#
2019-3-11 15:21:40.054#blur#
2019-3-11 15:21:43.186#submit#Your code did not produce the correct output. Please, correct your code and try again.
2019-3-11 15:21:48.892#mousedown#{"isTrusted":true}
2019-3-11 15:21:48.896#focus#
2019-3-11 15:22:39.504#mousedown#{"isTrusted":true}
2019-3-11 15:22:40.065#mousedown#{"isTrusted":true}
2019-3-11 15:22:41.245#mousedown#{"isTrusted":true}
2019-3-11 15:22:43.549#change#{"from":{"line":0,"ch":12,"sticky":"after","xRel":1.08331298828125},"to":{"line":0,"ch":12,"sticky":"after","xRel":1.08331298828125},"text":["("],"removed":[""],"origin":"+input"}
2019-3-11 15:22:45.324#blur#
2019-3-11 15:22:49.189#submit#Your code did not produce the correct output. Please, correct your code and try again.
2019-3-11 15:22:49.189#submit#Your code did not produce the correct output. Please, correct your code and try again.
2019-3-11 15:22:54.633#mousedown#{"isTrusted":true}
2019-3-11 15:22:54.684#focus#
2019-3-11 15:22:55.955#change#{"from":{"line":0,"ch":12,"sticky":"after"},"to":{"line":0,"ch":13,"sticky":"after","xRel":1.19439697265625},"text":[""],"removed":["("],"origin":"+delete"}
2019-3-11 15:22:55.955#keyHandled#"Backspace"
2019-3-11 15:23:00.241#mousedown#{"isTrusted":true}
2019-3-11 15:23:01.162#change#{"from":{"line":1,"ch":1,"sticky":"after"},"to":{"line":1,"ch":2,"sticky":"after","xRel":2.97216796875},"text":[""],"removed":[" "],"origin":"+delete"}
2019-3-11 15:23:01.162#keyHandled#"Backspace"
2019-3-11 15:23:01.666#change#{"from":{"line":1,"ch":0,"sticky":"after"},"to":{"line":1,"ch":1,"sticky":null},"text":[""],"removed":["\t"],"origin":"+delete"}
2019-3-11 15:23:01.666#keyHandled#"Backspace"
2019-3-11 15:23:01.859#change#{"from":{"line":0,"ch":21,"sticky":"before"},"to":{"line":1,"ch":0,"sticky":null},"text":[""],"removed":["",""],"origin":"+delete"}
2019-3-11 15:23:01.859#keyHandled#"Backspace"
2019-3-11 15:23:01.865#viewportChange#0
2019-3-11 15:23:03.937#blur#
2019-3-11 15:23:03.937#blur#
2019-3-11 15:23:05.913#submit#Your code did not produce the correct output. Please, correct your code and try again.
2019-3-11 15:23:05.913#submit#Your code did not produce the correct output. Please, correct your code and try again.
2019-3-11 15:23:11.009#submit#Your code did not produce the correct output. Please, correct your code and try again.
2019-3-11 15:23:13.674#mousedown#{"isTrusted":true}
2019-3-11 15:23:13.677#focus#
2019-3-11 15:23:15.043#change#{"from":{"line":0,"ch":17,"sticky":"after"},"to":{"line":0,"ch":18,"sticky":"before","xRel":-3.138916015625},"text":[""],"removed":[" "],"origin":"+delete"}
2019-3-11 15:23:15.043#keyHandled#"Backspace"
2019-3-11 15:23:16.394#blur#
2019-3-11 15:23:16.394#blur#
2019-3-11 15:23:17.522#submit#Your code did not produce the correct output. Please, correct your code and try again.
2019-3-11 15:23:21.272#mousedown#{"isTrusted":true}
2019-3-11 15:23:21.275#focus#
2019-3-11 15:23:22.574#change#{"from":{"line":0,"ch":17,"sticky":"after","xRel":1.10760498046875},"to":{"line":0,"ch":17,"sticky":"after","xRel":1.10760498046875},"text":[" "],"removed":[""],"origin":"+input"}
2019-3-11 15:23:25.217#mousedown#{"isTrusted":true}
2019-3-11 15:23:26.606#change#{"from":{"line":0,"ch":16,"sticky":"before","xRel":-2.21185302734375},"to":{"line":0,"ch":16,"sticky":"before","xRel":-2.21185302734375},"text":["7"],"removed":[""],"origin":"+input"}
2019-3-11 15:23:28.405#blur#
2019-3-11 15:23:28.405#blur#
