2019-3-12 11:26:00.372#viewportChange#0
2019-3-12 11:26:30.552#mousedown#{"isTrusted":true}
2019-3-12 11:26:30.574#focus#
2019-3-12 11:26:33.031#mousedown#{"isTrusted":true}
2019-3-12 11:26:34.440#mousedown#{"isTrusted":true}
2019-3-12 11:26:35.827#keyHandled#"Right"
2019-3-12 11:26:36.424#keyHandled#"Left"
2019-3-12 11:26:40.463#change#{"from":{"line":0,"ch":7,"sticky":"after"},"to":{"line":0,"ch":7,"sticky":"after"},"text":["*"],"removed":[""],"origin":"+input"}
2019-3-12 11:26:40.775#change#{"from":{"line":0,"ch":8,"sticky":null},"to":{"line":0,"ch":8,"sticky":null},"text":["*"],"removed":[""],"origin":"+input"}
2019-3-12 11:26:41.067#change#{"from":{"line":0,"ch":9,"sticky":null},"to":{"line":0,"ch":9,"sticky":null},"text":["*"],"removed":[""],"origin":"+input"}
2019-3-12 11:26:41.326#change#{"from":{"line":0,"ch":10,"sticky":null},"to":{"line":0,"ch":10,"sticky":null},"text":["*"],"removed":[""],"origin":"+input"}
2019-3-12 11:26:41.591#change#{"from":{"line":0,"ch":11,"sticky":null},"to":{"line":0,"ch":11,"sticky":null},"text":["*"],"removed":[""],"origin":"+input"}
2019-3-12 11:26:44.087#change#{"from":{"line":0,"ch":12,"sticky":null},"to":{"line":0,"ch":12,"sticky":null},"text":[","],"removed":[""],"origin":"+input"}
2019-3-12 11:26:45.924#change#{"from":{"line":0,"ch":12,"sticky":"after"},"to":{"line":0,"ch":13,"sticky":null},"text":[""],"removed":[","],"origin":"+delete"}
2019-3-12 11:26:45.924#keyHandled#"Backspace"
2019-3-12 11:26:46.892#keyHandled#"Right"
2019-3-12 11:26:50.867#change#{"from":{"line":0,"ch":12,"sticky":"after"},"to":{"line":0,"ch":13,"sticky":"before"},"text":[""],"removed":[" "],"origin":"+delete"}
2019-3-12 11:26:50.867#keyHandled#"Backspace"
2019-3-12 11:26:53.047#mousedown#{"isTrusted":true}
2019-3-12 11:26:58.496#change#{"from":{"line":1,"ch":7,"sticky":"after","xRel":3.5333251953125},"to":{"line":1,"ch":7,"sticky":"after","xRel":3.5333251953125},"text":["*"],"removed":[""],"origin":"+input"}
2019-3-12 11:26:59.425#change#{"from":{"line":1,"ch":8,"sticky":null},"to":{"line":1,"ch":8,"sticky":null},"text":[" "],"removed":[""],"origin":"+input"}
2019-3-12 11:27:02.647#change#{"from":{"line":1,"ch":9,"sticky":null},"to":{"line":1,"ch":9,"sticky":null},"text":["0"],"removed":[""],"origin":"+input"}
2019-3-12 11:27:03.953#change#{"from":{"line":1,"ch":9,"sticky":"after"},"to":{"line":1,"ch":10,"sticky":null},"text":[""],"removed":["0"],"origin":"+delete"}
2019-3-12 11:27:03.953#keyHandled#"Backspace"
2019-3-12 11:27:04.359#change#{"from":{"line":1,"ch":9,"sticky":null},"to":{"line":1,"ch":9,"sticky":null},"text":["o"],"removed":[""],"origin":"+input"}
2019-3-12 11:27:05.997#change#{"from":{"line":1,"ch":10,"sticky":null},"to":{"line":1,"ch":10,"sticky":null},"text":[" "],"removed":[""],"origin":"+input"}
2019-3-12 11:27:06.304#change#{"from":{"line":1,"ch":11,"sticky":null},"to":{"line":1,"ch":11,"sticky":null},"text":["o"],"removed":[""],"origin":"+input"}
2019-3-12 11:27:07.106#change#{"from":{"line":1,"ch":12,"sticky":null},"to":{"line":1,"ch":12,"sticky":null},"text":[" "],"removed":[""],"origin":"+input"}
2019-3-12 11:27:08.534#change#{"from":{"line":1,"ch":13,"sticky":null},"to":{"line":1,"ch":13,"sticky":null},"text":["*"],"removed":[""],"origin":"+input"}
2019-3-12 11:27:09.451#keyHandled#"Right"
2019-3-12 11:27:10.075#change#{"from":{"line":1,"ch":14,"sticky":"after"},"to":{"line":1,"ch":15,"sticky":"before"},"text":[""],"removed":[" "],"origin":"+delete"}
2019-3-12 11:27:10.075#keyHandled#"Backspace"
2019-3-12 11:27:11.757#keyHandled#"Down"
2019-3-12 11:27:12.380#keyHandled#"Left"
2019-3-12 11:27:12.680#keyHandled#"Left"
2019-3-12 11:27:15.762#keyHandled#"Left"
2019-3-12 11:27:16.171#change#{"from":{"line":2,"ch":7,"sticky":"after"},"to":{"line":2,"ch":7,"sticky":"after"},"text":[" "],"removed":[""],"origin":"+input"}
2019-3-12 11:27:25.360#change#{"from":{"line":2,"ch":8,"sticky":null},"to":{"line":2,"ch":8,"sticky":null},"text":["'"],"removed":[""],"origin":"+input"}
2019-3-12 11:27:26.388#change#{"from":{"line":2,"ch":8,"sticky":"after"},"to":{"line":2,"ch":9,"sticky":null},"text":[""],"removed":["'"],"origin":"+delete"}
2019-3-12 11:27:26.388#keyHandled#"Backspace"
2019-3-12 11:27:30.758#change#{"from":{"line":2,"ch":7,"sticky":"after"},"to":{"line":2,"ch":8,"sticky":null},"text":[""],"removed":[" "],"origin":"+delete"}
2019-3-12 11:27:30.758#keyHandled#"Backspace"
2019-3-12 11:27:32.121#change#{"from":{"line":2,"ch":7,"sticky":null},"to":{"line":2,"ch":7,"sticky":null},"text":[" "],"removed":[""],"origin":"+input"}
2019-3-12 11:27:33.007#change#{"from":{"line":2,"ch":8,"sticky":null},"to":{"line":2,"ch":8,"sticky":null},"text":["`"],"removed":[""],"origin":"*compose"}
2019-3-12 11:27:33.756#change#{"from":{"line":2,"ch":8,"sticky":"after"},"to":{"line":2,"ch":9,"sticky":null},"text":[""],"removed":["`"],"origin":"+delete"}
2019-3-12 11:27:33.756#keyHandled#"Backspace"
2019-3-12 11:27:39.434#change#{"from":{"line":2,"ch":8,"sticky":null},"to":{"line":2,"ch":8,"sticky":null},"text":["/"],"removed":[""],"origin":"+input"}
2019-3-12 11:27:40.295#change#{"from":{"line":2,"ch":8,"sticky":"after"},"to":{"line":2,"ch":9,"sticky":null},"text":[""],"removed":["/"],"origin":"+delete"}
2019-3-12 11:27:40.295#keyHandled#"Backspace"
2019-3-12 11:27:54.266#change#{"from":{"line":2,"ch":8,"sticky":null},"to":{"line":2,"ch":8,"sticky":null},"text":["`"],"removed":[""],"origin":"*compose"}
2019-3-12 11:27:55.152#change#{"from":{"line":2,"ch":8,"sticky":"after"},"to":{"line":2,"ch":9,"sticky":null},"text":[""],"removed":["`"],"origin":"+delete"}
2019-3-12 11:27:55.152#keyHandled#"Backspace"
2019-3-12 11:27:59.387#change#{"from":{"line":2,"ch":8,"sticky":null},"to":{"line":2,"ch":8,"sticky":null},"text":["^"],"removed":[""],"origin":"*compose"}
2019-3-12 11:28:02.487#keyHandled#"Down"
2019-3-12 11:28:03.104#keyHandled#"Left"
2019-3-12 11:28:03.546#keyHandled#"Left"
2019-3-12 11:28:04.403#keyHandled#"Right"
2019-3-12 11:28:06.742#keyHandled#"Left"
2019-3-12 11:28:09.370#keyHandled#"Up"
2019-3-12 11:28:10.635#change#{"from":{"line":2,"ch":7,"sticky":"after","xRel":0},"to":{"line":2,"ch":7,"sticky":"after","xRel":0},"text":["*"],"removed":[""],"origin":"+input"}
2019-3-12 11:28:11.427#keyHandled#"Right"
2019-3-12 11:28:11.688#keyHandled#"Right"
2019-3-12 11:28:12.073#keyHandled#"Right"
2019-3-12 11:28:12.365#change#{"from":{"line":2,"ch":11,"sticky":"before"},"to":{"line":2,"ch":11,"sticky":"before"},"text":["*"],"removed":[""],"origin":"+input"}
2019-3-12 11:28:14.019#keyHandled#"Down"
2019-3-12 11:28:14.407#keyHandled#"Left"
2019-3-12 11:28:14.736#keyHandled#"Left"
2019-3-12 11:28:15.133#keyHandled#"Left"
2019-3-12 11:28:16.996#change#{"from":{"line":3,"ch":7,"sticky":"after"},"to":{"line":3,"ch":7,"sticky":"after"},"text":["*"],"removed":[""],"origin":"+input"}
2019-3-12 11:28:18.000#change#{"from":{"line":3,"ch":8,"sticky":null},"to":{"line":3,"ch":8,"sticky":null},"text":[" "],"removed":[""],"origin":"+input"}
2019-3-12 11:28:20.025#change#{"from":{"line":3,"ch":9,"sticky":null},"to":{"line":3,"ch":9,"sticky":null},"text":["^"],"removed":[""],"origin":"*compose"}
2019-3-12 11:28:22.027#keyHandled#"Right"
2019-3-12 11:28:22.399#change#{"from":{"line":3,"ch":11,"sticky":"before"},"to":{"line":3,"ch":11,"sticky":"before"},"text":["*"],"removed":[""],"origin":"+input"}
2019-3-12 11:28:23.699#keyHandled#"Right"
2019-3-12 11:28:25.495#keyHandled#"Left"
2019-3-12 11:28:26.978#keyHandled#"Left"
2019-3-12 11:28:27.248#keyHandled#"Left"
2019-3-12 11:28:27.789#change#{"from":{"line":3,"ch":9,"sticky":"after"},"to":{"line":3,"ch":10,"sticky":"after"},"text":[""],"removed":["^"],"origin":"+delete"}
2019-3-12 11:28:27.789#keyHandled#"Backspace"
2019-3-12 11:28:28.095#change#{"from":{"line":3,"ch":8,"sticky":"after"},"to":{"line":3,"ch":9,"sticky":null},"text":[""],"removed":[" "],"origin":"+delete"}
2019-3-12 11:28:28.095#keyHandled#"Backspace"
2019-3-12 11:28:30.829#change#{"from":{"line":3,"ch":8,"sticky":null},"to":{"line":3,"ch":8,"sticky":null},"text":["-"],"removed":[""],"origin":"+input"}
2019-3-12 11:28:31.120#change#{"from":{"line":3,"ch":9,"sticky":null},"to":{"line":3,"ch":9,"sticky":null},"text":["-"],"removed":[""],"origin":"+input"}
2019-3-12 11:28:31.397#change#{"from":{"line":3,"ch":10,"sticky":null},"to":{"line":3,"ch":10,"sticky":null},"text":["-"],"removed":[""],"origin":"+input"}
2019-3-12 11:28:32.334#keyHandled#"Left"
2019-3-12 11:28:32.619#keyHandled#"Left"
2019-3-12 11:28:32.954#keyHandled#"Left"
2019-3-12 11:28:33.777#change#{"from":{"line":3,"ch":8,"sticky":"after"},"to":{"line":3,"ch":8,"sticky":"after"},"text":[" "],"removed":[""],"origin":"+input"}
2019-3-12 11:28:34.580#keyHandled#"Left"
2019-3-12 11:28:35.893#keyHandled#"Down"
2019-3-12 11:28:38.572#change#{"from":{"line":4,"ch":7,"sticky":"after"},"to":{"line":4,"ch":8,"sticky":"after","xRel":0},"text":[""],"removed":[" "],"origin":"+delete"}
2019-3-12 11:28:38.572#keyHandled#"Backspace"
2019-3-12 11:28:39.775#change#{"from":{"line":4,"ch":7,"sticky":null},"to":{"line":4,"ch":7,"sticky":null},"text":["*"],"removed":[""],"origin":"+input"}
2019-3-12 11:28:39.978#change#{"from":{"line":4,"ch":8,"sticky":null},"to":{"line":4,"ch":8,"sticky":null},"text":["*"],"removed":[""],"origin":"+input"}
2019-3-12 11:28:40.176#change#{"from":{"line":4,"ch":9,"sticky":null},"to":{"line":4,"ch":9,"sticky":null},"text":["*"],"removed":[""],"origin":"+input"}
2019-3-12 11:28:40.457#change#{"from":{"line":4,"ch":10,"sticky":null},"to":{"line":4,"ch":10,"sticky":null},"text":["*"],"removed":[""],"origin":"+input"}
2019-3-12 11:28:40.683#change#{"from":{"line":4,"ch":11,"sticky":null},"to":{"line":4,"ch":11,"sticky":null},"text":["*"],"removed":[""],"origin":"+input"}
2019-3-12 11:28:43.727#mousedown#{"isTrusted":true}
2019-3-12 11:28:44.804#keyHandled#"Right"
2019-3-12 11:28:45.025#change#{"from":{"line":0,"ch":7,"sticky":"before"},"to":{"line":0,"ch":7,"sticky":"before"},"text":[" "],"removed":[""],"origin":"+input"}
2019-3-12 11:28:45.265#keyHandled#"Right"
2019-3-12 11:28:45.449#keyHandled#"Right"
2019-3-12 11:28:45.625#keyHandled#"Right"
2019-3-12 11:28:45.815#keyHandled#"Right"
2019-3-12 11:28:46.185#keyHandled#"Right"
2019-3-12 11:28:46.524#change#{"from":{"line":0,"ch":13,"sticky":"before"},"to":{"line":0,"ch":13,"sticky":"before"},"text":[" "],"removed":[""],"origin":"+input"}
2019-3-12 11:28:46.836#keyHandled#"Down"
2019-3-12 11:28:47.197#keyHandled#"Left"
2019-3-12 11:28:47.464#keyHandled#"Left"
2019-3-12 11:28:47.964#keyHandled#"Left"
2019-3-12 11:28:47.993#keyHandled#"Left"
2019-3-12 11:28:48.206#keyHandled#"Down"
2019-3-12 11:28:48.429#keyHandled#"Left"
2019-3-12 11:28:48.661#keyHandled#"Left"
2019-3-12 11:28:48.816#keyHandled#"Left"
2019-3-12 11:28:49.030#keyHandled#"Down"
2019-3-12 11:28:49.220#keyHandled#"Down"
2019-3-12 11:28:49.833#change#{"from":{"line":4,"ch":7,"sticky":"after","xRel":0},"to":{"line":4,"ch":7,"sticky":"after","xRel":0},"text":[" "],"removed":[""],"origin":"+input"}
2019-3-12 11:28:50.020#keyHandled#"Right"
2019-3-12 11:28:50.208#keyHandled#"Right"
2019-3-12 11:28:50.372#keyHandled#"Right"
2019-3-12 11:28:50.529#keyHandled#"Right"
2019-3-12 11:28:50.701#keyHandled#"Right"
2019-3-12 11:28:51.055#change#{"from":{"line":4,"ch":13,"sticky":"before"},"to":{"line":4,"ch":13,"sticky":"before"},"text":[" "],"removed":[""],"origin":"+input"}
2019-3-12 11:28:53.380#blur#
2019-3-12 11:28:53.380#blur#
2019-3-12 11:29:05.263#mousedown#{"isTrusted":true}
2019-3-12 11:29:05.289#focus#
2019-3-12 11:29:08.817#change#{"from":{"line":1,"ch":8,"sticky":"before","xRel":-0.4666748046875},"to":{"line":1,"ch":8,"sticky":"before","xRel":-0.4666748046875},"text":["()"],"removed":[""],"origin":"+input"}
2019-3-12 11:29:08.817#keyHandled#"'('"
2019-3-12 11:29:13.980#change#{"from":{"line":1,"ch":9,"sticky":"after"},"to":{"line":1,"ch":10,"sticky":"before"},"text":[""],"removed":[")"],"origin":"+delete"}
2019-3-12 11:29:13.980#keyHandled#"Delete"
2019-3-12 11:29:14.709#keyHandled#"Right"
2019-3-12 11:29:14.985#keyHandled#"Right"
2019-3-12 11:29:15.164#keyHandled#"Right"
2019-3-12 11:29:15.307#keyHandled#"Right"
2019-3-12 11:29:15.493#keyHandled#"Right"
2019-3-12 11:29:18.325#change#{"from":{"line":1,"ch":14,"sticky":"before"},"to":{"line":1,"ch":14,"sticky":"before"},"text":[")"],"removed":[""],"origin":"+input"}
2019-3-12 11:29:25.215#change#{"from":{"line":1,"ch":14,"sticky":"after"},"to":{"line":1,"ch":15,"sticky":null},"text":[""],"removed":[")"],"origin":"+delete"}
2019-3-12 11:29:25.215#keyHandled#"Backspace"
2019-3-12 11:29:25.994#keyHandled#"Right"
2019-3-12 11:29:26.703#change#{"from":{"line":1,"ch":15,"sticky":"before"},"to":{"line":1,"ch":15,"sticky":"before"},"text":[")"],"removed":[""],"origin":"+input"}
2019-3-12 11:29:27.370#keyHandled#"Left"
2019-3-12 11:29:27.574#keyHandled#"Left"
2019-3-12 11:29:27.724#keyHandled#"Left"
2019-3-12 11:29:27.870#keyHandled#"Left"
2019-3-12 11:29:28.010#keyHandled#"Left"
2019-3-12 11:29:28.144#keyHandled#"Left"
2019-3-12 11:29:28.273#keyHandled#"Left"
2019-3-12 11:29:28.704#keyHandled#"Left"
2019-3-12 11:29:29.924#change#{"from":{"line":1,"ch":8,"sticky":"after"},"to":{"line":1,"ch":9,"sticky":"before"},"text":[""],"removed":["("],"origin":"+delete"}
2019-3-12 11:29:29.924#keyHandled#"Delete"
2019-3-12 11:29:30.662#keyHandled#"Left"
2019-3-12 11:29:31.850#change#{"from":{"line":1,"ch":7,"sticky":"after"},"to":{"line":1,"ch":7,"sticky":"after"},"text":["("],"removed":[""],"origin":"+input"}
2019-3-12 11:29:39.129#blur#
2019-3-12 11:29:39.129#blur#
2019-3-12 11:29:51.168#mousedown#{"isTrusted":true}
2019-3-12 11:29:51.193#focus#
2019-3-12 11:29:51.981#change#{"from":{"line":2,"ch":8,"sticky":"before","xRel":-0.4666748046875},"to":{"line":2,"ch":8,"sticky":"before","xRel":-0.4666748046875},"text":[" "],"removed":[""],"origin":"+input"}
2019-3-12 11:29:52.711#mousedown#{"isTrusted":true}
2019-3-12 11:29:52.907#change#{"from":{"line":2,"ch":11,"sticky":"after","xRel":3.5333251953125},"to":{"line":2,"ch":12,"sticky":"before","xRel":-3.4666748046875},"text":[" "],"removed":[" "],"origin":"+input"}
2019-3-12 11:29:53.684#change#{"from":{"line":2,"ch":12,"sticky":null},"to":{"line":2,"ch":12,"sticky":null},"text":[" "],"removed":[""],"origin":"+input"}
2019-3-12 11:30:02.385#blur#
2019-3-12 11:30:02.385#blur#
2019-3-12 11:30:25.664#mousedown#{"isTrusted":true}
2019-3-12 11:30:25.688#focus#
2019-3-12 11:30:26.966#change#{"from":{"line":1,"ch":9,"sticky":"after"},"to":{"line":1,"ch":10,"sticky":"before","xRel":-2.4666748046875},"text":[""],"removed":[" "],"origin":"+delete"}
2019-3-12 11:30:26.966#keyHandled#"Backspace"
2019-3-12 11:30:27.741#keyHandled#"Right"
2019-3-12 11:30:27.961#keyHandled#"Right"
2019-3-12 11:30:28.301#keyHandled#"Right"
2019-3-12 11:30:36.700#change#{"from":{"line":1,"ch":12,"sticky":"before"},"to":{"line":1,"ch":13,"sticky":"before"},"text":[""],"removed":[" "],"origin":"+delete"}
2019-3-12 11:30:36.700#keyHandled#"Delete"
2019-3-12 11:30:38.778#blur#
2019-3-12 11:30:38.778#blur#
2019-3-12 11:31:01.048#mousedown#{"isTrusted":true}
2019-3-12 11:31:01.068#focus#
2019-3-12 11:31:05.118#change#{"from":{"line":1,"ch":9,"sticky":"after","xRel":2.5333251953125},"to":{"line":1,"ch":9,"sticky":"after","xRel":2.5333251953125},"text":[" "],"removed":[""],"origin":"+input"}
2019-3-12 11:31:07.543#change#{"from":{"line":1,"ch":9,"sticky":"after"},"to":{"line":1,"ch":10,"sticky":null},"text":[""],"removed":[" "],"origin":"+delete"}
2019-3-12 11:31:07.543#keyHandled#"Backspace"
2019-3-12 11:31:12.940#blur#
2019-3-12 11:31:12.940#blur#
2019-3-12 11:31:22.404#submit#Your code did not produce the correct output. Please, correct your code and try again.
2019-3-12 11:31:29.720#mousedown#{"isTrusted":true}
2019-3-12 11:31:29.742#focus#
2019-3-12 11:31:45.634#blur#
2019-3-12 11:31:45.634#blur#
2019-3-12 11:31:57.496#mousedown#{"isTrusted":true}
2019-3-12 11:31:57.523#focus#
2019-3-12 11:31:58.725#change#{"from":{"line":3,"ch":8,"sticky":"after","xRel":2.5333251953125},"to":{"line":3,"ch":9,"sticky":"before"},"text":[""],"removed":[" "],"origin":"+delete"}
2019-3-12 11:31:58.725#keyHandled#"Delete"
2019-3-12 11:31:59.671#keyHandled#"Right"
2019-3-12 11:32:00.095#keyHandled#"Right"
2019-3-12 11:32:00.344#keyHandled#"Right"
2019-3-12 11:32:01.146#change#{"from":{"line":3,"ch":11,"sticky":"before"},"to":{"line":3,"ch":12,"sticky":"before"},"text":[""],"removed":[" "],"origin":"+delete"}
2019-3-12 11:32:01.146#keyHandled#"Delete"
2019-3-12 11:32:01.146#change#{"from":{"line":3,"ch":11,"sticky":"before"},"to":{"line":3,"ch":12,"sticky":"before"},"text":[""],"removed":[" "],"origin":"+delete"}
2019-3-12 11:32:01.146#keyHandled#"Delete"
2019-3-12 11:32:07.976#mousedown#{"isTrusted":true}
2019-3-12 11:32:09.096#change#{"from":{"line":3,"ch":7,"sticky":"before","xRel":-0.4666748046875},"to":{"line":3,"ch":7,"sticky":"before","xRel":-0.4666748046875},"text":[" "],"removed":[""],"origin":"+input"}
2019-3-12 11:32:09.096#change#{"from":{"line":3,"ch":7,"sticky":"before","xRel":-0.4666748046875},"to":{"line":3,"ch":7,"sticky":"before","xRel":-0.4666748046875},"text":[" "],"removed":[""],"origin":"+input"}
2019-3-12 11:32:20.272#mousedown#{"isTrusted":true}
2019-3-12 11:32:23.148#change#{"from":{"line":0,"ch":7,"sticky":"after"},"to":{"line":0,"ch":8,"sticky":"before","xRel":-2.4666748046875},"text":[""],"removed":[" "],"origin":"+delete"}
2019-3-12 11:32:23.148#keyHandled#"Backspace"
2019-3-12 11:32:24.020#keyHandled#"Right"
2019-3-12 11:32:24.229#keyHandled#"Right"
2019-3-12 11:32:24.457#keyHandled#"Right"
2019-3-12 11:32:24.618#keyHandled#"Right"
2019-3-12 11:32:24.835#keyHandled#"Right"
2019-3-12 11:32:24.934#keyHandled#"Right"
2019-3-12 11:32:25.868#change#{"from":{"line":0,"ch":12,"sticky":"after"},"to":{"line":0,"ch":13,"sticky":"before"},"text":[""],"removed":[" "],"origin":"+delete"}
2019-3-12 11:32:25.868#keyHandled#"Backspace"
2019-3-12 11:32:34.960#mousedown#{"isTrusted":true}
2019-3-12 11:32:36.386#change#{"from":{"line":0,"ch":7,"sticky":"before","xRel":-0.4666748046875},"to":{"line":0,"ch":7,"sticky":"before","xRel":-0.4666748046875},"text":[" "],"removed":[""],"origin":"+input"}
2019-3-12 11:32:37.439#mousedown#{"isTrusted":true}
2019-3-12 11:32:37.651#change#{"from":{"line":0,"ch":13,"sticky":"before","xRel":-2.4666748046875},"to":{"line":0,"ch":13,"sticky":"before","xRel":-2.4666748046875},"text":[" "],"removed":[""],"origin":"+input"}
2019-3-12 11:32:37.439#mousedown#{"isTrusted":true}
2019-3-12 11:32:37.651#change#{"from":{"line":0,"ch":13,"sticky":"before","xRel":-2.4666748046875},"to":{"line":0,"ch":13,"sticky":"before","xRel":-2.4666748046875},"text":[" "],"removed":[""],"origin":"+input"}
2019-3-12 11:32:46.672#mousedown#{"isTrusted":true}
2019-3-12 11:32:47.651#change#{"from":{"line":3,"ch":9,"sticky":"before","xRel":-0.4666748046875},"to":{"line":3,"ch":9,"sticky":"before","xRel":-0.4666748046875},"text":[" "],"removed":[""],"origin":"+input"}
2019-3-12 11:32:48.840#mousedown#{"isTrusted":true}
2019-3-12 11:32:49.064#change#{"from":{"line":3,"ch":13,"sticky":"before","xRel":-2.4666748046875},"to":{"line":3,"ch":13,"sticky":"before","xRel":-2.4666748046875},"text":[" "],"removed":[""],"origin":"+input"}
2019-3-12 11:32:49.064#change#{"from":{"line":3,"ch":13,"sticky":"before","xRel":-2.4666748046875},"to":{"line":3,"ch":13,"sticky":"before","xRel":-2.4666748046875},"text":[" "],"removed":[""],"origin":"+input"}
2019-3-12 11:32:55.280#mousedown#{"isTrusted":true}
2019-3-12 11:32:55.831#mousedown#{"isTrusted":true}
2019-3-12 11:32:56.207#mousedown#{"isTrusted":true}
2019-3-12 11:32:56.743#mousedown#{"isTrusted":true}
2019-3-12 11:32:57.451#change#{"from":{"line":3,"ch":7,"sticky":"after"},"to":{"line":3,"ch":8,"sticky":"before","xRel":-2.4666748046875},"text":[""],"removed":[" "],"origin":"+delete"}
2019-3-12 11:32:57.451#keyHandled#"Backspace"
2019-3-12 11:32:57.451#change#{"from":{"line":3,"ch":7,"sticky":"after"},"to":{"line":3,"ch":8,"sticky":"before","xRel":-2.4666748046875},"text":[""],"removed":[" "],"origin":"+delete"}
2019-3-12 11:32:57.451#keyHandled#"Backspace"
2019-3-12 11:33:11.893#submit#Your code did not produce the correct output. Please, correct your code and try again.
2019-3-12 11:33:11.893#submit#Your code did not produce the correct output. Please, correct your code and try again.
2019-3-12 11:33:16.599#mousedown#{"isTrusted":true}
2019-3-12 11:33:20.508#change#{"from":{"line":1,"ch":8,"sticky":"before","xRel":-3.4666748046875},"to":{"line":1,"ch":8,"sticky":"before","xRel":-3.4666748046875},"text":[" "],"removed":[""],"origin":"+input"}
2019-3-12 11:33:22.232#mousedown#{"isTrusted":true}
2019-3-12 11:33:24.056#change#{"from":{"line":1,"ch":14,"sticky":"before","xRel":-0.4666748046875},"to":{"line":1,"ch":14,"sticky":"before","xRel":-0.4666748046875},"text":[" "],"removed":[""],"origin":"+input"}
2019-3-12 11:33:24.056#change#{"from":{"line":1,"ch":14,"sticky":"before","xRel":-0.4666748046875},"to":{"line":1,"ch":14,"sticky":"before","xRel":-0.4666748046875},"text":[" "],"removed":[""],"origin":"+input"}
2019-3-12 11:33:30.255#mousedown#{"isTrusted":true}
2019-3-12 11:33:30.897#change#{"from":{"line":2,"ch":7,"sticky":"before","xRel":-3.4666748046875},"to":{"line":2,"ch":7,"sticky":"before","xRel":-3.4666748046875},"text":[" "],"removed":[""],"origin":"+input"}
2019-3-12 11:33:31.824#mousedown#{"isTrusted":true}
2019-3-12 11:33:32.111#change#{"from":{"line":3,"ch":7,"sticky":"before","xRel":-3.4666748046875},"to":{"line":3,"ch":7,"sticky":"before","xRel":-3.4666748046875},"text":[" "],"removed":[""],"origin":"+input"}
2019-3-12 11:33:33.032#mousedown#{"isTrusted":true}
2019-3-12 11:33:33.378#change#{"from":{"line":4,"ch":7,"sticky":"after","xRel":3.5333251953125},"to":{"line":4,"ch":7,"sticky":"after","xRel":3.5333251953125},"text":[" "],"removed":[""],"origin":"+input"}
2019-3-12 11:33:33.032#mousedown#{"isTrusted":true}
2019-3-12 11:33:33.378#change#{"from":{"line":4,"ch":7,"sticky":"after","xRel":3.5333251953125},"to":{"line":4,"ch":7,"sticky":"after","xRel":3.5333251953125},"text":[" "],"removed":[""],"origin":"+input"}
2019-3-12 11:33:40.576#mousedown#{"isTrusted":true}
2019-3-12 11:33:41.871#mousedown#{"isTrusted":true}
2019-3-12 11:33:42.308#change#{"from":{"line":0,"ch":7,"sticky":"after","xRel":2.5333251953125},"to":{"line":0,"ch":7,"sticky":"after","xRel":2.5333251953125},"text":[" "],"removed":[""],"origin":"+input"}
2019-3-12 11:33:42.308#change#{"from":{"line":0,"ch":7,"sticky":"after","xRel":2.5333251953125},"to":{"line":0,"ch":7,"sticky":"after","xRel":2.5333251953125},"text":[" "],"removed":[""],"origin":"+input"}
2019-3-12 11:33:47.726#submit#Your code did not produce the correct output. Please, correct your code and try again.
2019-3-12 11:33:47.726#submit#Your code did not produce the correct output. Please, correct your code and try again.
2019-3-12 11:34:18.905#mousedown#{"isTrusted":true}
2019-3-12 11:34:22.398#change#{"from":{"line":4,"ch":7,"sticky":"after"},"to":{"line":4,"ch":8,"sticky":"after","xRel":0.5333251953125},"text":[""],"removed":[" "],"origin":"+delete"}
2019-3-12 11:34:22.398#keyHandled#"Backspace"
2019-3-12 11:34:24.879#mousedown#{"isTrusted":true}
2019-3-12 11:34:25.702#change#{"from":{"line":0,"ch":7,"sticky":"after"},"to":{"line":0,"ch":8,"sticky":"before","xRel":-2.4666748046875},"text":[""],"removed":[" "],"origin":"+delete"}
2019-3-12 11:34:25.702#keyHandled#"Backspace"
2019-3-12 11:34:30.893#submit#Your code did not produce the correct output. Please, correct your code and try again.
2019-3-12 11:34:30.893#submit#Your code did not produce the correct output. Please, correct your code and try again.
2019-3-12 11:34:49.509#change#{"from":{"line":0,"ch":7,"sticky":null},"to":{"line":0,"ch":7,"sticky":null},"text":[" "],"removed":[""],"origin":"+input"}
2019-3-12 11:34:49.816#mousedown#{"isTrusted":true}
2019-3-12 11:34:49.965#change#{"from":{"line":4,"ch":7,"sticky":"after","xRel":2.5333251953125},"to":{"line":4,"ch":7,"sticky":"after","xRel":2.5333251953125},"text":[" "],"removed":[""],"origin":"+input"}
2019-3-12 11:34:49.509#change#{"from":{"line":0,"ch":7,"sticky":null},"to":{"line":0,"ch":7,"sticky":null},"text":[" "],"removed":[""],"origin":"+input"}
2019-3-12 11:34:49.816#mousedown#{"isTrusted":true}
2019-3-12 11:34:49.965#change#{"from":{"line":4,"ch":7,"sticky":"after","xRel":2.5333251953125},"to":{"line":4,"ch":7,"sticky":"after","xRel":2.5333251953125},"text":[" "],"removed":[""],"origin":"+input"}
2019-3-12 11:34:55.910#submit#Your code did not produce the correct output. Please, correct your code and try again.
2019-3-12 11:34:55.910#submit#Your code did not produce the correct output. Please, correct your code and try again.
2019-3-12 11:35:06.168#mousedown#{"isTrusted":true}
2019-3-12 11:35:07.202#change#{"from":{"line":1,"ch":9,"sticky":"after"},"to":{"line":1,"ch":10,"sticky":"before","xRel":-3.4666748046875},"text":[""],"removed":["*"],"origin":"+delete"}
2019-3-12 11:35:07.202#keyHandled#"Backspace"
2019-3-12 11:35:07.498#change#{"from":{"line":1,"ch":8,"sticky":"after"},"to":{"line":1,"ch":9,"sticky":null},"text":[""],"removed":[" "],"origin":"+delete"}
2019-3-12 11:35:07.498#keyHandled#"Backspace"
2019-3-12 11:35:08.885#change#{"from":{"line":1,"ch":8,"sticky":null},"to":{"line":1,"ch":8,"sticky":null},"text":["*"],"removed":[""],"origin":"+input"}
2019-3-12 11:35:09.464#change#{"from":{"line":1,"ch":9,"sticky":null},"to":{"line":1,"ch":9,"sticky":null},"text":[" "],"removed":[""],"origin":"+input"}
2019-3-12 11:35:10.232#keyHandled#"Right"
2019-3-12 11:35:10.437#keyHandled#"Right"
2019-3-12 11:35:10.636#keyHandled#"Right"
2019-3-12 11:35:11.009#keyHandled#"Right"
2019-3-12 11:35:11.767#change#{"from":{"line":1,"ch":13,"sticky":"after"},"to":{"line":1,"ch":14,"sticky":"before"},"text":[""],"removed":["*"],"origin":"+delete"}
2019-3-12 11:35:11.767#keyHandled#"Backspace"
2019-3-12 11:35:12.618#change#{"from":{"line":1,"ch":13,"sticky":null},"to":{"line":1,"ch":14,"sticky":"before"},"text":[""],"removed":[" "],"origin":"+delete"}
2019-3-12 11:35:12.618#keyHandled#"Delete"
2019-3-12 11:35:13.041#change#{"from":{"line":1,"ch":13,"sticky":null},"to":{"line":1,"ch":13,"sticky":null},"text":["*"],"removed":[""],"origin":"+input"}
2019-3-12 11:35:15.181#keyHandled#"Left"
2019-3-12 11:35:15.553#change#{"from":{"line":1,"ch":13,"sticky":"after"},"to":{"line":1,"ch":13,"sticky":"after"},"text":[" "],"removed":[""],"origin":"+input"}
