2019-3-23 23:54:22.091#viewportChange#0
2019-3-23 23:54:27.261#mousedown#{"isTrusted":true}
2019-3-23 23:54:27.300#focus#
2019-3-23 23:54:29.326#change#{"from":{"line":0,"ch":0,"sticky":null,"xRel":-1,"outside":true},"to":{"line":2,"ch":78,"sticky":"before","xRel":5.375},"text":[""],"removed":["# Teste seu codigo aos poucos.","# Nao teste tudo no final, pois fica mais dificil de identificar erros.","# Nao se intimide com as mensagens de erro. Elas ajudam a corrigir seu codigo."],"origin":"+delete"}
2019-3-23 23:54:29.326#keyHandled#"Backspace"
2019-3-23 23:54:29.348#viewportChange#0
2019-3-23 23:55:22.413#mousedown#{"isTrusted":true}
2019-3-23 23:55:25.995#change#{"from":{"line":0,"ch":0,"sticky":"after","xRel":18.375},"to":{"line":0,"ch":0,"sticky":"after","xRel":18.375},"text":["a"],"removed":[""],"origin":"+input"}
2019-3-23 23:55:26.326#change#{"from":{"line":0,"ch":1,"sticky":null},"to":{"line":0,"ch":1,"sticky":null},"text":[" "],"removed":[""],"origin":"+input"}
2019-3-23 23:55:27.153#change#{"from":{"line":0,"ch":2,"sticky":null},"to":{"line":0,"ch":2,"sticky":null},"text":["="],"removed":[""],"origin":"+input"}
2019-3-23 23:55:27.503#change#{"from":{"line":0,"ch":3,"sticky":null},"to":{"line":0,"ch":3,"sticky":null},"text":[" "],"removed":[""],"origin":"+input"}
2019-3-23 23:55:31.919#change#{"from":{"line":0,"ch":4,"sticky":null},"to":{"line":0,"ch":4,"sticky":null},"text":["i"],"removed":[""],"origin":"+input"}
2019-3-23 23:55:32.176#change#{"from":{"line":0,"ch":5,"sticky":null},"to":{"line":0,"ch":5,"sticky":null},"text":["n"],"removed":[""],"origin":"+input"}
2019-3-23 23:55:32.503#change#{"from":{"line":0,"ch":6,"sticky":null},"to":{"line":0,"ch":6,"sticky":null},"text":["t"],"removed":[""],"origin":"+input"}
2019-3-23 23:55:33.953#change#{"from":{"line":0,"ch":7,"sticky":null},"to":{"line":0,"ch":7,"sticky":null},"text":["()"],"removed":[""],"origin":"+input"}
2019-3-23 23:55:33.953#keyHandled#"'('"
2019-3-23 23:55:34.983#change#{"from":{"line":0,"ch":8,"sticky":"after"},"to":{"line":0,"ch":8,"sticky":"after"},"text":["i"],"removed":[""],"origin":"+input"}
2019-3-23 23:55:35.261#change#{"from":{"line":0,"ch":9,"sticky":null},"to":{"line":0,"ch":9,"sticky":null},"text":["n"],"removed":[""],"origin":"+input"}
2019-3-23 23:55:35.643#change#{"from":{"line":0,"ch":10,"sticky":null},"to":{"line":0,"ch":10,"sticky":null},"text":["p"],"removed":[""],"origin":"+input"}
2019-3-23 23:55:35.974#change#{"from":{"line":0,"ch":11,"sticky":null},"to":{"line":0,"ch":11,"sticky":null},"text":["u"],"removed":[""],"origin":"+input"}
2019-3-23 23:55:36.272#change#{"from":{"line":0,"ch":12,"sticky":null},"to":{"line":0,"ch":12,"sticky":null},"text":["t"],"removed":[""],"origin":"+input"}
2019-3-23 23:55:39.205#change#{"from":{"line":0,"ch":13,"sticky":null},"to":{"line":0,"ch":13,"sticky":null},"text":["()"],"removed":[""],"origin":"+input"}
2019-3-23 23:55:39.205#keyHandled#"'('"
2019-3-23 23:55:40.307#change#{"from":{"line":0,"ch":14,"sticky":"after"},"to":{"line":0,"ch":14,"sticky":"after"},"text":["\"\""],"removed":[""],"origin":"+input"}
2019-3-23 23:55:40.307#keyHandled#"'\"'"
2019-3-23 23:55:41.868#change#{"from":{"line":0,"ch":15,"sticky":"after"},"to":{"line":0,"ch":15,"sticky":"after"},"text":["v"],"removed":[""],"origin":"+input"}
2019-3-23 23:55:42.024#change#{"from":{"line":0,"ch":16,"sticky":null},"to":{"line":0,"ch":16,"sticky":null},"text":["a"],"removed":[""],"origin":"+input"}
2019-3-23 23:55:42.287#change#{"from":{"line":0,"ch":17,"sticky":null},"to":{"line":0,"ch":17,"sticky":null},"text":["l"],"removed":[""],"origin":"+input"}
2019-3-23 23:55:42.524#change#{"from":{"line":0,"ch":18,"sticky":null},"to":{"line":0,"ch":18,"sticky":null},"text":["o"],"removed":[""],"origin":"+input"}
2019-3-23 23:55:42.690#change#{"from":{"line":0,"ch":19,"sticky":null},"to":{"line":0,"ch":19,"sticky":null},"text":["r"],"removed":[""],"origin":"+input"}
2019-3-23 23:55:42.907#change#{"from":{"line":0,"ch":20,"sticky":null},"to":{"line":0,"ch":20,"sticky":null},"text":[" "],"removed":[""],"origin":"+input"}
2019-3-23 23:55:43.129#change#{"from":{"line":0,"ch":21,"sticky":null},"to":{"line":0,"ch":21,"sticky":null},"text":["d"],"removed":[""],"origin":"+input"}
2019-3-23 23:55:43.304#change#{"from":{"line":0,"ch":22,"sticky":null},"to":{"line":0,"ch":22,"sticky":null},"text":["e"],"removed":[""],"origin":"+input"}
2019-3-23 23:55:43.527#change#{"from":{"line":0,"ch":23,"sticky":null},"to":{"line":0,"ch":23,"sticky":null},"text":[" "],"removed":[""],"origin":"+input"}
2019-3-23 23:55:44.655#change#{"from":{"line":0,"ch":24,"sticky":null},"to":{"line":0,"ch":24,"sticky":null},"text":["a"],"removed":[""],"origin":"+input"}
2019-3-23 23:55:45.622#change#{"from":{"line":0,"ch":25,"sticky":null},"to":{"line":0,"ch":25,"sticky":null},"text":[" "],"removed":[""],"origin":"+input"}
2019-3-23 23:55:46.108#change#{"from":{"line":0,"ch":26,"sticky":null},"to":{"line":0,"ch":26,"sticky":null},"text":[":"],"removed":[""],"origin":"+input"}
2019-3-23 23:55:50.900#mousedown#{"isTrusted":true}
2019-3-23 23:55:51.531#change#{"from":{"line":0,"ch":30,"sticky":"before","xRel":27.70831298828125},"to":{"line":0,"ch":30,"sticky":"before","xRel":27.70831298828125},"text":["",""],"removed":[""],"origin":"+input"}
2019-3-23 23:55:51.531#keyHandled#"Enter"
2019-3-23 23:55:51.543#viewportChange#0
2019-3-23 23:56:20.762#mousedown#{"isTrusted":true}
2019-3-23 23:56:21.706#change#{"from":{"line":1,"ch":0,"sticky":"after","xRel":205.375},"to":{"line":1,"ch":0,"sticky":"after","xRel":205.375},"text":["b"],"removed":[""],"origin":"+input"}
2019-3-23 23:56:22.623#change#{"from":{"line":1,"ch":1,"sticky":null},"to":{"line":1,"ch":1,"sticky":null},"text":[" "],"removed":[""],"origin":"+input"}
2019-3-23 23:56:24.402#change#{"from":{"line":1,"ch":2,"sticky":null},"to":{"line":1,"ch":2,"sticky":null},"text":["="],"removed":[""],"origin":"+input"}
2019-3-23 23:56:25.440#change#{"from":{"line":1,"ch":3,"sticky":null},"to":{"line":1,"ch":3,"sticky":null},"text":[" "],"removed":[""],"origin":"+input"}
2019-3-23 23:56:35.030#change#{"from":{"line":1,"ch":4,"sticky":null},"to":{"line":1,"ch":4,"sticky":null},"text":["a"],"removed":[""],"origin":"+input"}
2019-3-23 23:56:35.854#change#{"from":{"line":1,"ch":5,"sticky":null},"to":{"line":1,"ch":5,"sticky":null},"text":[" "],"removed":[""],"origin":"+input"}
2019-3-23 23:56:36.319#change#{"from":{"line":1,"ch":6,"sticky":null},"to":{"line":1,"ch":6,"sticky":null},"text":["-"],"removed":[""],"origin":"+input"}
2019-3-23 23:56:36.788#change#{"from":{"line":1,"ch":7,"sticky":null},"to":{"line":1,"ch":7,"sticky":null},"text":[" "],"removed":[""],"origin":"+input"}
2019-3-23 23:56:40.157#change#{"from":{"line":1,"ch":8,"sticky":null},"to":{"line":1,"ch":8,"sticky":null},"text":["1"],"removed":[""],"origin":"+input"}
2019-3-23 23:56:40.633#change#{"from":{"line":1,"ch":9,"sticky":null},"to":{"line":1,"ch":9,"sticky":null},"text":["1"],"removed":[""],"origin":"+input"}
2019-3-23 23:56:41.213#change#{"from":{"line":1,"ch":10,"sticky":null},"to":{"line":1,"ch":10,"sticky":null},"text":["1"],"removed":[""],"origin":"+input"}
2019-3-23 23:56:42.685#change#{"from":{"line":1,"ch":11,"sticky":null},"to":{"line":1,"ch":11,"sticky":null},"text":["",""],"removed":[""],"origin":"+input"}
2019-3-23 23:56:42.685#keyHandled#"Enter"
2019-3-23 23:56:42.701#viewportChange#0
2019-3-23 23:56:44.643#change#{"from":{"line":2,"ch":0,"sticky":null},"to":{"line":2,"ch":0,"sticky":null},"text":["c"],"removed":[""],"origin":"+input"}
2019-3-23 23:56:45.636#change#{"from":{"line":2,"ch":1,"sticky":null},"to":{"line":2,"ch":1,"sticky":null},"text":[" "],"removed":[""],"origin":"+input"}
2019-3-23 23:56:45.990#change#{"from":{"line":2,"ch":2,"sticky":null},"to":{"line":2,"ch":2,"sticky":null},"text":["="],"removed":[""],"origin":"+input"}
2019-3-23 23:56:46.339#change#{"from":{"line":2,"ch":3,"sticky":null},"to":{"line":2,"ch":3,"sticky":null},"text":[" "],"removed":[""],"origin":"+input"}
2019-3-23 23:56:49.608#change#{"from":{"line":2,"ch":4,"sticky":null},"to":{"line":2,"ch":4,"sticky":null},"text":["a"],"removed":[""],"origin":"+input"}
2019-3-23 23:56:50.455#change#{"from":{"line":2,"ch":5,"sticky":null},"to":{"line":2,"ch":5,"sticky":null},"text":[" "],"removed":[""],"origin":"+input"}
2019-3-23 23:56:50.965#change#{"from":{"line":2,"ch":6,"sticky":null},"to":{"line":2,"ch":6,"sticky":null},"text":["-"],"removed":[""],"origin":"+input"}
2019-3-23 23:56:51.504#change#{"from":{"line":2,"ch":7,"sticky":null},"to":{"line":2,"ch":7,"sticky":null},"text":[" "],"removed":[""],"origin":"+input"}
2019-3-23 23:57:18.865#mousedown#{"isTrusted":true}
2019-3-23 23:57:20.212#mousedown#{"isTrusted":true}
2019-3-23 23:57:20.611#change#{"from":{"line":1,"ch":10,"sticky":"after"},"to":{"line":1,"ch":11,"sticky":"before","xRel":12.375},"text":[""],"removed":["1"],"origin":"+delete"}
2019-3-23 23:57:20.612#keyHandled#"Backspace"
2019-3-23 23:57:20.927#change#{"from":{"line":1,"ch":9,"sticky":"after"},"to":{"line":1,"ch":10,"sticky":null},"text":[""],"removed":["1"],"origin":"+delete"}
2019-3-23 23:57:20.927#keyHandled#"Backspace"
2019-3-23 23:57:21.160#change#{"from":{"line":1,"ch":8,"sticky":"after"},"to":{"line":1,"ch":9,"sticky":null},"text":[""],"removed":["1"],"origin":"+delete"}
2019-3-23 23:57:21.160#keyHandled#"Backspace"
2019-3-23 23:57:21.351#change#{"from":{"line":1,"ch":7,"sticky":"after"},"to":{"line":1,"ch":8,"sticky":null},"text":[""],"removed":[" "],"origin":"+delete"}
2019-3-23 23:57:21.352#keyHandled#"Backspace"
2019-3-23 23:57:23.990#change#{"from":{"line":1,"ch":6,"sticky":"after"},"to":{"line":1,"ch":7,"sticky":null},"text":[""],"removed":["-"],"origin":"+delete"}
2019-3-23 23:57:23.990#keyHandled#"Backspace"
2019-3-23 23:57:38.016#mousedown#{"isTrusted":true}
2019-3-23 23:57:38.307#change#{"from":{"line":2,"ch":7,"sticky":"after"},"to":{"line":2,"ch":8,"sticky":"before","xRel":19.875},"text":[""],"removed":[" "],"origin":"+delete"}
2019-3-23 23:57:38.307#keyHandled#"Backspace"
2019-3-23 23:57:38.747#change#{"from":{"line":2,"ch":6,"sticky":"after"},"to":{"line":2,"ch":7,"sticky":null},"text":[""],"removed":["-"],"origin":"+delete"}
2019-3-23 23:57:38.747#keyHandled#"Backspace"
2019-3-23 23:57:38.772#change#{"from":{"line":2,"ch":5,"sticky":"after"},"to":{"line":2,"ch":6,"sticky":null},"text":[""],"removed":[" "],"origin":"+delete"}
2019-3-23 23:57:38.773#keyHandled#"Backspace"
2019-3-23 23:57:38.813#change#{"from":{"line":2,"ch":4,"sticky":"after"},"to":{"line":2,"ch":5,"sticky":null},"text":[""],"removed":["a"],"origin":"+delete"}
2019-3-23 23:57:38.813#keyHandled#"Backspace"
2019-3-23 23:57:38.826#change#{"from":{"line":2,"ch":3,"sticky":"after"},"to":{"line":2,"ch":4,"sticky":null},"text":[""],"removed":[" "],"origin":"+delete"}
2019-3-23 23:57:38.826#keyHandled#"Backspace"
2019-3-23 23:57:38.851#change#{"from":{"line":2,"ch":2,"sticky":"after"},"to":{"line":2,"ch":3,"sticky":null},"text":[""],"removed":["="],"origin":"+delete"}
2019-3-23 23:57:38.851#keyHandled#"Backspace"
2019-3-23 23:57:38.876#change#{"from":{"line":2,"ch":1,"sticky":"after"},"to":{"line":2,"ch":2,"sticky":null},"text":[""],"removed":[" "],"origin":"+delete"}
2019-3-23 23:57:38.876#keyHandled#"Backspace"
2019-3-23 23:57:38.893#change#{"from":{"line":2,"ch":0,"sticky":"after"},"to":{"line":2,"ch":1,"sticky":null},"text":[""],"removed":["c"],"origin":"+delete"}
2019-3-23 23:57:38.893#keyHandled#"Backspace"
2019-3-23 23:57:38.919#change#{"from":{"line":1,"ch":6,"sticky":"before"},"to":{"line":2,"ch":0,"sticky":null},"text":[""],"removed":["",""],"origin":"+delete"}
2019-3-23 23:57:38.919#keyHandled#"Backspace"
2019-3-23 23:57:38.931#viewportChange#0
2019-3-23 23:57:38.938#change#{"from":{"line":1,"ch":5,"sticky":"after"},"to":{"line":1,"ch":6,"sticky":null},"text":[""],"removed":[" "],"origin":"+delete"}
2019-3-23 23:57:38.938#keyHandled#"Backspace"
2019-3-23 23:57:38.968#change#{"from":{"line":1,"ch":4,"sticky":"after"},"to":{"line":1,"ch":5,"sticky":null},"text":[""],"removed":["a"],"origin":"+delete"}
2019-3-23 23:57:38.968#keyHandled#"Backspace"
2019-3-23 23:57:38.997#change#{"from":{"line":1,"ch":3,"sticky":"after"},"to":{"line":1,"ch":4,"sticky":null},"text":[""],"removed":[" "],"origin":"+delete"}
2019-3-23 23:57:38.997#keyHandled#"Backspace"
2019-3-23 23:57:39.010#change#{"from":{"line":1,"ch":2,"sticky":"after"},"to":{"line":1,"ch":3,"sticky":null},"text":[""],"removed":["="],"origin":"+delete"}
2019-3-23 23:57:39.010#keyHandled#"Backspace"
2019-3-23 23:57:39.231#change#{"from":{"line":1,"ch":1,"sticky":"after"},"to":{"line":1,"ch":2,"sticky":null},"text":[""],"removed":[" "],"origin":"+delete"}
2019-3-23 23:57:39.231#keyHandled#"Backspace"
2019-3-23 23:57:39.562#change#{"from":{"line":1,"ch":0,"sticky":"after"},"to":{"line":1,"ch":1,"sticky":null},"text":[""],"removed":["b"],"origin":"+delete"}
2019-3-23 23:57:39.563#keyHandled#"Backspace"
2019-3-23 23:59:15.725#change#{"from":{"line":1,"ch":0,"sticky":null},"to":{"line":1,"ch":0,"sticky":null},"text":["b"],"removed":[""],"origin":"+input"}
2019-3-23 23:59:16.999#change#{"from":{"line":1,"ch":1,"sticky":null},"to":{"line":1,"ch":1,"sticky":null},"text":[" "],"removed":[""],"origin":"+input"}
2019-3-23 23:59:17.762#change#{"from":{"line":1,"ch":2,"sticky":null},"to":{"line":1,"ch":2,"sticky":null},"text":["="],"removed":[""],"origin":"+input"}
2019-3-23 23:59:18.096#change#{"from":{"line":1,"ch":3,"sticky":null},"to":{"line":1,"ch":3,"sticky":null},"text":[" "],"removed":[""],"origin":"+input"}
2019-3-23 23:59:21.510#change#{"from":{"line":1,"ch":4,"sticky":null},"to":{"line":1,"ch":4,"sticky":null},"text":["a"],"removed":[""],"origin":"+input"}
2019-3-23 23:59:22.110#change#{"from":{"line":1,"ch":5,"sticky":null},"to":{"line":1,"ch":5,"sticky":null},"text":[" "],"removed":[""],"origin":"+input"}
2019-3-23 23:59:30.381#change#{"from":{"line":1,"ch":6,"sticky":null},"to":{"line":1,"ch":6,"sticky":null},"text":["%"],"removed":[""],"origin":"+input"}
2019-3-23 23:59:31.426#change#{"from":{"line":1,"ch":7,"sticky":null},"to":{"line":1,"ch":7,"sticky":null},"text":[" "],"removed":[""],"origin":"+input"}
2019-3-23 23:59:34.380#change#{"from":{"line":1,"ch":8,"sticky":null},"to":{"line":1,"ch":8,"sticky":null},"text":["4"],"removed":[""],"origin":"+input"}
2019-3-23 23:59:35.657#change#{"from":{"line":1,"ch":9,"sticky":null},"to":{"line":1,"ch":9,"sticky":null},"text":["",""],"removed":[""],"origin":"+input"}
2019-3-23 23:59:35.657#keyHandled#"Enter"
2019-3-23 23:59:35.672#viewportChange#0
2019-3-23 23:59:38.883#change#{"from":{"line":2,"ch":0,"sticky":null},"to":{"line":2,"ch":0,"sticky":null},"text":["c"],"removed":[""],"origin":"+input"}
2019-3-23 23:59:39.547#change#{"from":{"line":2,"ch":1,"sticky":null},"to":{"line":2,"ch":1,"sticky":null},"text":[" "],"removed":[""],"origin":"+input"}
2019-3-23 23:59:42.076#change#{"from":{"line":2,"ch":2,"sticky":null},"to":{"line":2,"ch":2,"sticky":null},"text":["+"],"removed":[""],"origin":"+input"}
2019-3-23 23:59:43.514#change#{"from":{"line":2,"ch":2,"sticky":"after"},"to":{"line":2,"ch":3,"sticky":null},"text":[""],"removed":["+"],"origin":"+delete"}
2019-3-23 23:59:43.514#keyHandled#"Backspace"
2019-3-23 23:59:43.849#change#{"from":{"line":2,"ch":2,"sticky":null},"to":{"line":2,"ch":2,"sticky":null},"text":["="],"removed":[""],"origin":"+input"}
2019-3-23 23:59:44.143#change#{"from":{"line":2,"ch":3,"sticky":null},"to":{"line":2,"ch":3,"sticky":null},"text":[" "],"removed":[""],"origin":"+input"}
2019-3-23 23:59:45.948#change#{"from":{"line":2,"ch":4,"sticky":null},"to":{"line":2,"ch":4,"sticky":null},"text":["a"],"removed":[""],"origin":"+input"}
2019-3-23 23:59:47.159#change#{"from":{"line":2,"ch":5,"sticky":null},"to":{"line":2,"ch":5,"sticky":null},"text":[" "],"removed":[""],"origin":"+input"}
2019-3-23 23:59:53.352#change#{"from":{"line":2,"ch":5,"sticky":"after"},"to":{"line":2,"ch":6,"sticky":null},"text":[""],"removed":[" "],"origin":"+delete"}
2019-3-23 23:59:53.352#keyHandled#"Backspace"
2019-3-23 23:59:54.603#change#{"from":{"line":2,"ch":4,"sticky":"after"},"to":{"line":2,"ch":5,"sticky":null},"text":[""],"removed":["a"],"origin":"+delete"}
2019-3-23 23:59:54.603#keyHandled#"Backspace"
2019-3-23 23:59:54.967#change#{"from":{"line":2,"ch":4,"sticky":null},"to":{"line":2,"ch":4,"sticky":null},"text":["b"],"removed":[""],"origin":"+input"}
2019-3-23 23:59:55.997#change#{"from":{"line":2,"ch":5,"sticky":null},"to":{"line":2,"ch":5,"sticky":null},"text":[" "],"removed":[""],"origin":"+input"}
2019-3-24 00:00:05.307#change#{"from":{"line":2,"ch":6,"sticky":null},"to":{"line":2,"ch":6,"sticky":null},"text":["/"],"removed":[""],"origin":"+input"}
2019-3-24 00:00:05.624#change#{"from":{"line":2,"ch":7,"sticky":null},"to":{"line":2,"ch":7,"sticky":null},"text":["/"],"removed":[""],"origin":"+input"}
2019-3-24 00:00:06.082#change#{"from":{"line":2,"ch":8,"sticky":null},"to":{"line":2,"ch":8,"sticky":null},"text":[" "],"removed":[""],"origin":"+input"}
2019-3-24 00:00:07.272#change#{"from":{"line":2,"ch":9,"sticky":null},"to":{"line":2,"ch":9,"sticky":null},"text":["4"],"removed":[""],"origin":"+input"}
2019-3-24 00:00:08.995#change#{"from":{"line":2,"ch":10,"sticky":null},"to":{"line":2,"ch":10,"sticky":null},"text":["",""],"removed":[""],"origin":"+input"}
2019-3-24 00:00:08.995#keyHandled#"Enter"
2019-3-24 00:00:09.009#viewportChange#0
2019-3-24 00:00:10.841#change#{"from":{"line":3,"ch":0,"sticky":null},"to":{"line":3,"ch":0,"sticky":null},"text":["p"],"removed":[""],"origin":"+input"}
2019-3-24 00:00:11.189#change#{"from":{"line":3,"ch":1,"sticky":null},"to":{"line":3,"ch":1,"sticky":null},"text":["r"],"removed":[""],"origin":"+input"}
2019-3-24 00:00:11.435#change#{"from":{"line":3,"ch":2,"sticky":null},"to":{"line":3,"ch":2,"sticky":null},"text":["i"],"removed":[""],"origin":"+input"}
2019-3-24 00:00:11.689#change#{"from":{"line":3,"ch":3,"sticky":null},"to":{"line":3,"ch":3,"sticky":null},"text":["n"],"removed":[""],"origin":"+input"}
2019-3-24 00:00:12.015#change#{"from":{"line":3,"ch":4,"sticky":null},"to":{"line":3,"ch":4,"sticky":null},"text":["t"],"removed":[""],"origin":"+input"}
2019-3-24 00:00:13.273#change#{"from":{"line":3,"ch":5,"sticky":null},"to":{"line":3,"ch":5,"sticky":null},"text":[" "],"removed":[""],"origin":"+input"}
2019-3-24 00:00:14.339#change#{"from":{"line":3,"ch":6,"sticky":null},"to":{"line":3,"ch":6,"sticky":null},"text":["+"],"removed":[""],"origin":"+input"}
2019-3-24 00:00:15.202#change#{"from":{"line":3,"ch":6,"sticky":"after"},"to":{"line":3,"ch":7,"sticky":null},"text":[""],"removed":["+"],"origin":"+delete"}
2019-3-24 00:00:15.202#keyHandled#"Backspace"
2019-3-24 00:00:15.853#change#{"from":{"line":3,"ch":5,"sticky":"after"},"to":{"line":3,"ch":6,"sticky":null},"text":[""],"removed":[" "],"origin":"+delete"}
2019-3-24 00:00:15.853#keyHandled#"Backspace"
2019-3-24 00:00:16.909#change#{"from":{"line":3,"ch":5,"sticky":null},"to":{"line":3,"ch":5,"sticky":null},"text":["()"],"removed":[""],"origin":"+input"}
2019-3-24 00:00:16.909#keyHandled#"'('"
2019-3-24 00:00:17.896#change#{"from":{"line":3,"ch":6,"sticky":"after"},"to":{"line":3,"ch":6,"sticky":"after"},"text":["c"],"removed":[""],"origin":"+input"}
2019-3-24 00:00:17.896#change#{"from":{"line":3,"ch":6,"sticky":"after"},"to":{"line":3,"ch":6,"sticky":"after"},"text":["c"],"removed":[""],"origin":"+input"}
2019-3-24 00:00:20.222#blur#
2019-3-24 00:00:22.233#saida_testar#$ python3 main.py
2019-3-24 00:00:22.233#saida_testar#$ python3 main.py
2019-3-24 00:00:27.069#submit#Your code did not produce the correct output. Please, correct your code and try again.
2019-3-24 00:00:51.069#mousedown#{"isTrusted":true}
2019-3-24 00:00:51.175#focus#
2019-3-24 00:00:51.599#change#{"from":{"line":2,"ch":9,"sticky":"after"},"to":{"line":2,"ch":10,"sticky":"before","xRel":8.5},"text":[""],"removed":["4"],"origin":"+delete"}
2019-3-24 00:00:51.599#keyHandled#"Backspace"
2019-3-24 00:00:52.041#change#{"from":{"line":2,"ch":8,"sticky":"after"},"to":{"line":2,"ch":9,"sticky":null},"text":[""],"removed":[" "],"origin":"+delete"}
2019-3-24 00:00:52.041#keyHandled#"Backspace"
2019-3-24 00:00:52.076#change#{"from":{"line":2,"ch":7,"sticky":"after"},"to":{"line":2,"ch":8,"sticky":null},"text":[""],"removed":["/"],"origin":"+delete"}
2019-3-24 00:00:52.076#keyHandled#"Backspace"
2019-3-24 00:00:52.093#change#{"from":{"line":2,"ch":6,"sticky":"after"},"to":{"line":2,"ch":7,"sticky":null},"text":[""],"removed":["/"],"origin":"+delete"}
2019-3-24 00:00:52.093#keyHandled#"Backspace"
2019-3-24 00:00:52.123#change#{"from":{"line":2,"ch":5,"sticky":"after"},"to":{"line":2,"ch":6,"sticky":null},"text":[""],"removed":[" "],"origin":"+delete"}
2019-3-24 00:00:52.123#keyHandled#"Backspace"
2019-3-24 00:00:52.136#change#{"from":{"line":2,"ch":4,"sticky":"after"},"to":{"line":2,"ch":5,"sticky":null},"text":[""],"removed":["b"],"origin":"+delete"}
2019-3-24 00:00:52.136#keyHandled#"Backspace"
2019-3-24 00:00:52.161#change#{"from":{"line":2,"ch":3,"sticky":"after"},"to":{"line":2,"ch":4,"sticky":null},"text":[""],"removed":[" "],"origin":"+delete"}
2019-3-24 00:00:52.161#keyHandled#"Backspace"
2019-3-24 00:00:52.189#change#{"from":{"line":2,"ch":2,"sticky":"after"},"to":{"line":2,"ch":3,"sticky":null},"text":[""],"removed":["="],"origin":"+delete"}
2019-3-24 00:00:52.189#keyHandled#"Backspace"
2019-3-24 00:00:52.217#change#{"from":{"line":2,"ch":1,"sticky":"after"},"to":{"line":2,"ch":2,"sticky":null},"text":[""],"removed":[" "],"origin":"+delete"}
2019-3-24 00:00:52.217#keyHandled#"Backspace"
2019-3-24 00:00:52.556#change#{"from":{"line":2,"ch":0,"sticky":"after"},"to":{"line":2,"ch":1,"sticky":null},"text":[""],"removed":["c"],"origin":"+delete"}
2019-3-24 00:00:52.556#keyHandled#"Backspace"
2019-3-24 00:00:55.678#change#{"from":{"line":1,"ch":9,"sticky":"before"},"to":{"line":2,"ch":0,"sticky":null},"text":[""],"removed":["",""],"origin":"+delete"}
2019-3-24 00:00:55.679#keyHandled#"Backspace"
2019-3-24 00:00:55.695#viewportChange#0
2019-3-24 00:00:55.678#change#{"from":{"line":1,"ch":9,"sticky":"before"},"to":{"line":2,"ch":0,"sticky":null},"text":[""],"removed":["",""],"origin":"+delete"}
2019-3-24 00:00:55.679#keyHandled#"Backspace"
2019-3-24 00:00:55.695#viewportChange#0
2019-3-24 00:01:14.583#blur#
2019-3-24 00:01:16.173#saida_testar#$ python3 main.py
2019-3-24 00:01:21.614#dica_bullet#NameError: name 'NOME_DA_VARIAVEL' is not defined
2019-3-24 00:01:24.309#mousedown#{"isTrusted":true}
2019-3-24 00:01:24.415#focus#
2019-3-24 00:01:25.320#change#{"from":{"line":2,"ch":7,"sticky":"after"},"to":{"line":2,"ch":8,"sticky":"before","xRel":0.83331298828125},"text":[""],"removed":[")"],"origin":"+delete"}
2019-3-24 00:01:25.320#keyHandled#"Backspace"
2019-3-24 00:01:25.588#change#{"from":{"line":2,"ch":6,"sticky":"after"},"to":{"line":2,"ch":7,"sticky":null},"text":[""],"removed":["c"],"origin":"+delete"}
2019-3-24 00:01:25.588#keyHandled#"Backspace"
2019-3-24 00:01:25.836#change#{"from":{"line":2,"ch":5,"sticky":"after"},"to":{"line":2,"ch":6,"sticky":null},"text":[""],"removed":["("],"origin":"+delete"}
2019-3-24 00:01:25.836#keyHandled#"Backspace"
2019-3-24 00:01:26.075#change#{"from":{"line":2,"ch":4,"sticky":"after"},"to":{"line":2,"ch":5,"sticky":null},"text":[""],"removed":["t"],"origin":"+delete"}
2019-3-24 00:01:26.076#keyHandled#"Backspace"
2019-3-24 00:01:26.267#change#{"from":{"line":2,"ch":3,"sticky":"after"},"to":{"line":2,"ch":4,"sticky":null},"text":[""],"removed":["n"],"origin":"+delete"}
2019-3-24 00:01:26.267#keyHandled#"Backspace"
2019-3-24 00:01:26.469#change#{"from":{"line":2,"ch":2,"sticky":"after"},"to":{"line":2,"ch":3,"sticky":null},"text":[""],"removed":["i"],"origin":"+delete"}
2019-3-24 00:01:26.469#keyHandled#"Backspace"
2019-3-24 00:01:26.702#change#{"from":{"line":2,"ch":1,"sticky":"after"},"to":{"line":2,"ch":2,"sticky":null},"text":[""],"removed":["r"],"origin":"+delete"}
2019-3-24 00:01:26.702#keyHandled#"Backspace"
2019-3-24 00:01:26.938#change#{"from":{"line":2,"ch":0,"sticky":"after"},"to":{"line":2,"ch":1,"sticky":null},"text":[""],"removed":["p"],"origin":"+delete"}
2019-3-24 00:01:26.938#keyHandled#"Backspace"
2019-3-24 00:01:26.075#change#{"from":{"line":2,"ch":4,"sticky":"after"},"to":{"line":2,"ch":5,"sticky":null},"text":[""],"removed":["t"],"origin":"+delete"}
2019-3-24 00:01:26.076#keyHandled#"Backspace"
2019-3-24 00:01:26.267#change#{"from":{"line":2,"ch":3,"sticky":"after"},"to":{"line":2,"ch":4,"sticky":null},"text":[""],"removed":["n"],"origin":"+delete"}
2019-3-24 00:01:26.267#keyHandled#"Backspace"
2019-3-24 00:01:26.469#change#{"from":{"line":2,"ch":2,"sticky":"after"},"to":{"line":2,"ch":3,"sticky":null},"text":[""],"removed":["i"],"origin":"+delete"}
2019-3-24 00:01:26.469#keyHandled#"Backspace"
2019-3-24 00:01:26.702#change#{"from":{"line":2,"ch":1,"sticky":"after"},"to":{"line":2,"ch":2,"sticky":null},"text":[""],"removed":["r"],"origin":"+delete"}
2019-3-24 00:01:26.702#keyHandled#"Backspace"
2019-3-24 00:01:26.938#change#{"from":{"line":2,"ch":0,"sticky":"after"},"to":{"line":2,"ch":1,"sticky":null},"text":[""],"removed":["p"],"origin":"+delete"}
2019-3-24 00:01:26.938#keyHandled#"Backspace"
2019-3-24 00:01:28.378#blur#
2019-3-24 00:01:29.887#saida_testar#$ python3 main.py
valor de a :444
2019-3-24 00:01:39.186#mousedown#{"isTrusted":true}
2019-3-24 00:01:39.303#focus#
2019-3-24 00:01:39.684#mousedown#{"isTrusted":true}
2019-3-24 00:01:39.918#dblclick#{"isTrusted":true}
2019-3-24 00:01:39.186#mousedown#{"isTrusted":true}
2019-3-24 00:01:39.303#focus#
2019-3-24 00:01:39.684#mousedown#{"isTrusted":true}
2019-3-24 00:01:39.918#dblclick#{"isTrusted":true}
2019-3-24 00:01:42.085#blur#
2019-3-24 00:01:42.085#blur#
2019-3-24 00:01:44.030#saida_testar#$ python3 main.py
2019-3-24 00:01:50.466#mousedown#{"isTrusted":true}
2019-3-24 00:01:50.582#focus#
2019-3-24 00:01:52.027#change#{"from":{"line":3,"ch":0,"sticky":"after","xRel":73.375},"to":{"line":3,"ch":0,"sticky":"after","xRel":73.375},"text":["p"],"removed":[""],"origin":"+input"}
2019-3-24 00:01:52.288#change#{"from":{"line":3,"ch":1,"sticky":null},"to":{"line":3,"ch":1,"sticky":null},"text":["r"],"removed":[""],"origin":"+input"}
2019-3-24 00:01:52.469#change#{"from":{"line":3,"ch":2,"sticky":null},"to":{"line":3,"ch":2,"sticky":null},"text":["i"],"removed":[""],"origin":"+input"}
2019-3-24 00:01:52.726#change#{"from":{"line":3,"ch":3,"sticky":null},"to":{"line":3,"ch":3,"sticky":null},"text":["n"],"removed":[""],"origin":"+input"}
2019-3-24 00:01:53.040#change#{"from":{"line":3,"ch":4,"sticky":null},"to":{"line":3,"ch":4,"sticky":null},"text":["t"],"removed":[""],"origin":"+input"}
2019-3-24 00:01:54.353#change#{"from":{"line":3,"ch":5,"sticky":null},"to":{"line":3,"ch":5,"sticky":null},"text":[" "],"removed":[""],"origin":"+input"}
2019-3-24 00:01:55.154#change#{"from":{"line":3,"ch":6,"sticky":null},"to":{"line":3,"ch":6,"sticky":null},"text":["()"],"removed":[""],"origin":"+input"}
2019-3-24 00:01:55.154#keyHandled#"'('"
2019-3-24 00:01:55.693#change#{"from":{"line":3,"ch":7,"sticky":"after"},"to":{"line":3,"ch":7,"sticky":"after"},"text":[" "],"removed":[""],"origin":"+input"}
2019-3-24 00:01:55.870#change#{"from":{"line":3,"ch":8,"sticky":null},"to":{"line":3,"ch":8,"sticky":null},"text":["b"],"removed":[""],"origin":"+input"}
2019-3-24 00:01:57.052#change#{"from":{"line":3,"ch":8,"sticky":"after"},"to":{"line":3,"ch":9,"sticky":null},"text":[""],"removed":["b"],"origin":"+delete"}
2019-3-24 00:01:57.052#keyHandled#"Backspace"
2019-3-24 00:01:57.271#change#{"from":{"line":3,"ch":7,"sticky":"after"},"to":{"line":3,"ch":8,"sticky":null},"text":[""],"removed":[" "],"origin":"+delete"}
2019-3-24 00:01:57.271#keyHandled#"Backspace"
2019-3-24 00:01:58.518#change#{"from":{"line":3,"ch":7,"sticky":null},"to":{"line":3,"ch":7,"sticky":null},"text":["b"],"removed":[""],"origin":"+input"}
2019-3-24 00:01:58.518#change#{"from":{"line":3,"ch":7,"sticky":null},"to":{"line":3,"ch":7,"sticky":null},"text":["b"],"removed":[""],"origin":"+input"}
2019-3-24 00:01:59.938#blur#
2019-3-24 00:02:00.495#saida_testar#$ python3 main.py
2019-3-24 00:02:09.485#mousedown#{"isTrusted":true}
2019-3-24 00:02:09.602#focus#
2019-3-24 00:02:09.938#change#{"from":{"line":3,"ch":7,"sticky":"after"},"to":{"line":3,"ch":8,"sticky":"after","xRel":0.83331298828125},"text":[""],"removed":["b"],"origin":"+delete"}
2019-3-24 00:02:09.938#keyHandled#"Backspace"
2019-3-24 00:02:12.065#mousedown#{"isTrusted":true}
2019-3-24 00:02:12.539#change#{"from":{"line":1,"ch":8,"sticky":"after"},"to":{"line":1,"ch":9,"sticky":"before","xRel":21.1875},"text":[""],"removed":["4"],"origin":"+delete"}
2019-3-24 00:02:12.539#keyHandled#"Backspace"
2019-3-24 00:02:12.853#change#{"from":{"line":1,"ch":7,"sticky":"after"},"to":{"line":1,"ch":8,"sticky":null},"text":[""],"removed":[" "],"origin":"+delete"}
2019-3-24 00:02:12.853#keyHandled#"Backspace"
2019-3-24 00:02:15.846#change#{"from":{"line":1,"ch":6,"sticky":null},"to":{"line":1,"ch":6,"sticky":null},"text":["/"],"removed":[""],"origin":"+input"}
2019-3-24 00:02:16.287#change#{"from":{"line":1,"ch":7,"sticky":null},"to":{"line":1,"ch":7,"sticky":null},"text":["/"],"removed":[""],"origin":"+input"}
2019-3-24 00:02:17.642#change#{"from":{"line":1,"ch":8,"sticky":null},"to":{"line":1,"ch":8,"sticky":null},"text":[" "],"removed":[""],"origin":"+input"}
2019-3-24 00:02:18.534#change#{"from":{"line":1,"ch":9,"sticky":null},"to":{"line":1,"ch":9,"sticky":null},"text":["4"],"removed":[""],"origin":"+input"}
2019-3-24 00:02:21.204#mousedown#{"isTrusted":true}
2019-3-24 00:02:22.474#change#{"from":{"line":3,"ch":7,"sticky":"after","xRel":0.0416259765625},"to":{"line":3,"ch":7,"sticky":"after","xRel":0.0416259765625},"text":["b"],"removed":[""],"origin":"+input"}
2019-3-24 00:02:24.518#blur#
2019-3-24 00:02:26.076#saida_testar#$ python3 main.py
2019-3-24 00:03:07.016#mousedown#{"isTrusted":true}
2019-3-24 00:03:07.129#focus#
2019-3-24 00:03:07.671#change#{"from":{"line":3,"ch":7,"sticky":"after"},"to":{"line":3,"ch":8,"sticky":"after","xRel":0.83331298828125},"text":[""],"removed":["b"],"origin":"+delete"}
2019-3-24 00:03:07.671#keyHandled#"Backspace"
2019-3-24 00:03:07.997#change#{"from":{"line":3,"ch":6,"sticky":null},"to":{"line":3,"ch":8,"sticky":null},"text":[""],"removed":["()"],"origin":"+delete"}
2019-3-24 00:03:07.997#keyHandled#"Backspace"
2019-3-24 00:03:08.284#change#{"from":{"line":3,"ch":5,"sticky":"after"},"to":{"line":3,"ch":6,"sticky":null},"text":[""],"removed":[" "],"origin":"+delete"}
2019-3-24 00:03:08.284#keyHandled#"Backspace"
2019-3-24 00:03:08.534#change#{"from":{"line":3,"ch":4,"sticky":"after"},"to":{"line":3,"ch":5,"sticky":null},"text":[""],"removed":["t"],"origin":"+delete"}
2019-3-24 00:03:08.534#keyHandled#"Backspace"
2019-3-24 00:03:08.755#change#{"from":{"line":3,"ch":3,"sticky":"after"},"to":{"line":3,"ch":4,"sticky":null},"text":[""],"removed":["n"],"origin":"+delete"}
2019-3-24 00:03:08.755#keyHandled#"Backspace"
2019-3-24 00:03:09.018#change#{"from":{"line":3,"ch":2,"sticky":"after"},"to":{"line":3,"ch":3,"sticky":null},"text":[""],"removed":["i"],"origin":"+delete"}
2019-3-24 00:03:09.018#keyHandled#"Backspace"
2019-3-24 00:03:09.267#change#{"from":{"line":3,"ch":1,"sticky":"after"},"to":{"line":3,"ch":2,"sticky":null},"text":[""],"removed":["r"],"origin":"+delete"}
2019-3-24 00:03:09.267#keyHandled#"Backspace"
2019-3-24 00:03:09.533#change#{"from":{"line":3,"ch":0,"sticky":"after"},"to":{"line":3,"ch":1,"sticky":null},"text":[""],"removed":["p"],"origin":"+delete"}
2019-3-24 00:03:09.534#keyHandled#"Backspace"
2019-3-24 00:03:09.931#change#{"from":{"line":2,"ch":0,"sticky":"before"},"to":{"line":3,"ch":0,"sticky":null},"text":[""],"removed":["",""],"origin":"+delete"}
2019-3-24 00:03:09.931#keyHandled#"Backspace"
2019-3-24 00:03:09.943#viewportChange#0
2019-3-24 00:03:15.884#mousedown#{"isTrusted":true}
2019-3-24 00:03:16.473#change#{"from":{"line":0,"ch":25,"sticky":"after"},"to":{"line":0,"ch":26,"sticky":"after","xRel":2.375},"text":[""],"removed":[" "],"origin":"+delete"}
2019-3-24 00:03:16.473#keyHandled#"Backspace"
2019-3-24 00:03:16.755#change#{"from":{"line":0,"ch":24,"sticky":"after"},"to":{"line":0,"ch":25,"sticky":null},"text":[""],"removed":["a"],"origin":"+delete"}
2019-3-24 00:03:16.755#keyHandled#"Backspace"
2019-3-24 00:03:16.999#change#{"from":{"line":0,"ch":23,"sticky":"after"},"to":{"line":0,"ch":24,"sticky":null},"text":[""],"removed":[" "],"origin":"+delete"}
2019-3-24 00:03:16.999#keyHandled#"Backspace"
2019-3-24 00:03:17.220#change#{"from":{"line":0,"ch":22,"sticky":"after"},"to":{"line":0,"ch":23,"sticky":null},"text":[""],"removed":["e"],"origin":"+delete"}
2019-3-24 00:03:17.220#keyHandled#"Backspace"
2019-3-24 00:03:17.447#change#{"from":{"line":0,"ch":21,"sticky":"after"},"to":{"line":0,"ch":22,"sticky":null},"text":[""],"removed":["d"],"origin":"+delete"}
2019-3-24 00:03:17.447#keyHandled#"Backspace"
2019-3-24 00:03:17.629#change#{"from":{"line":0,"ch":20,"sticky":"after"},"to":{"line":0,"ch":21,"sticky":null},"text":[""],"removed":[" "],"origin":"+delete"}
2019-3-24 00:03:17.629#keyHandled#"Backspace"
2019-3-24 00:03:17.933#change#{"from":{"line":0,"ch":19,"sticky":"after"},"to":{"line":0,"ch":20,"sticky":null},"text":[""],"removed":["r"],"origin":"+delete"}
2019-3-24 00:03:17.933#keyHandled#"Backspace"
2019-3-24 00:03:18.183#change#{"from":{"line":0,"ch":18,"sticky":"after"},"to":{"line":0,"ch":19,"sticky":null},"text":[""],"removed":["o"],"origin":"+delete"}
2019-3-24 00:03:18.183#keyHandled#"Backspace"
2019-3-24 00:03:18.432#change#{"from":{"line":0,"ch":17,"sticky":"after"},"to":{"line":0,"ch":18,"sticky":null},"text":[""],"removed":["l"],"origin":"+delete"}
2019-3-24 00:03:18.432#keyHandled#"Backspace"
2019-3-24 00:03:18.662#change#{"from":{"line":0,"ch":16,"sticky":"after"},"to":{"line":0,"ch":17,"sticky":null},"text":[""],"removed":["a"],"origin":"+delete"}
2019-3-24 00:03:18.662#keyHandled#"Backspace"
2019-3-24 00:03:18.977#change#{"from":{"line":0,"ch":15,"sticky":"after"},"to":{"line":0,"ch":16,"sticky":null},"text":[""],"removed":["v"],"origin":"+delete"}
2019-3-24 00:03:18.977#keyHandled#"Backspace"
2019-3-24 00:03:20.321#mousedown#{"isTrusted":true}
2019-3-24 00:03:20.628#change#{"from":{"line":0,"ch":15,"sticky":"after"},"to":{"line":0,"ch":16,"sticky":"before","xRel":-1.29168701171875},"text":[""],"removed":[":"],"origin":"+delete"}
2019-3-24 00:03:20.628#keyHandled#"Backspace"
2019-3-24 00:03:21.601#change#{"from":{"line":0,"ch":15,"sticky":null},"to":{"line":0,"ch":15,"sticky":null},"text":["1"],"removed":[""],"origin":"+input"}
2019-3-24 00:03:21.854#change#{"from":{"line":0,"ch":16,"sticky":null},"to":{"line":0,"ch":16,"sticky":null},"text":["1"],"removed":[""],"origin":"+input"}
2019-3-24 00:03:22.188#change#{"from":{"line":0,"ch":17,"sticky":null},"to":{"line":0,"ch":17,"sticky":null},"text":["1"],"removed":[""],"origin":"+input"}
2019-3-24 00:03:23.067#change#{"from":{"line":0,"ch":18,"sticky":null},"to":{"line":0,"ch":18,"sticky":null},"text":["1"],"removed":[""],"origin":"+input"}
2019-3-24 00:03:25.120#mousedown#{"isTrusted":true}
2019-3-24 00:03:25.537#change#{"from":{"line":1,"ch":9,"sticky":"after"},"to":{"line":1,"ch":10,"sticky":"before","xRel":7.5},"text":[""],"removed":["4"],"origin":"+delete"}
2019-3-24 00:03:25.537#keyHandled#"Backspace"
2019-3-24 00:03:25.801#change#{"from":{"line":1,"ch":8,"sticky":"after"},"to":{"line":1,"ch":9,"sticky":null},"text":[""],"removed":[" "],"origin":"+delete"}
2019-3-24 00:03:25.801#keyHandled#"Backspace"
2019-3-24 00:03:26.033#change#{"from":{"line":1,"ch":7,"sticky":"after"},"to":{"line":1,"ch":8,"sticky":null},"text":[""],"removed":["/"],"origin":"+delete"}
2019-3-24 00:03:26.033#keyHandled#"Backspace"
2019-3-24 00:03:26.264#change#{"from":{"line":1,"ch":6,"sticky":"after"},"to":{"line":1,"ch":7,"sticky":null},"text":[""],"removed":["/"],"origin":"+delete"}
2019-3-24 00:03:26.264#keyHandled#"Backspace"
2019-3-24 00:03:26.496#change#{"from":{"line":1,"ch":5,"sticky":"after"},"to":{"line":1,"ch":6,"sticky":null},"text":[""],"removed":[" "],"origin":"+delete"}
2019-3-24 00:03:26.496#keyHandled#"Backspace"
2019-3-24 00:03:27.054#change#{"from":{"line":1,"ch":4,"sticky":"after"},"to":{"line":1,"ch":5,"sticky":null},"text":[""],"removed":["a"],"origin":"+delete"}
2019-3-24 00:03:27.054#keyHandled#"Backspace"
2019-3-24 00:03:28.911#change#{"from":{"line":1,"ch":4,"sticky":null},"to":{"line":1,"ch":4,"sticky":null},"text":["1"],"removed":[""],"origin":"+input"}
2019-3-24 00:03:29.685#change#{"from":{"line":1,"ch":5,"sticky":null},"to":{"line":1,"ch":5,"sticky":null},"text":["/"],"removed":[""],"origin":"+input"}
2019-3-24 00:03:30.014#change#{"from":{"line":1,"ch":6,"sticky":null},"to":{"line":1,"ch":6,"sticky":null},"text":["1"],"removed":[""],"origin":"+input"}
2019-3-24 00:03:30.331#change#{"from":{"line":1,"ch":7,"sticky":null},"to":{"line":1,"ch":7,"sticky":null},"text":["/"],"removed":[""],"origin":"+input"}
2019-3-24 00:03:30.725#change#{"from":{"line":1,"ch":8,"sticky":null},"to":{"line":1,"ch":8,"sticky":null},"text":["1"],"removed":[""],"origin":"+input"}
2019-3-24 00:03:31.157#change#{"from":{"line":1,"ch":9,"sticky":null},"to":{"line":1,"ch":9,"sticky":null},"text":["/"],"removed":[""],"origin":"+input"}
2019-3-24 00:03:31.452#change#{"from":{"line":1,"ch":10,"sticky":null},"to":{"line":1,"ch":10,"sticky":null},"text":["1"],"removed":[""],"origin":"+input"}
2019-3-24 00:03:34.015#change#{"from":{"line":1,"ch":10,"sticky":"after"},"to":{"line":1,"ch":11,"sticky":null},"text":[""],"removed":["1"],"origin":"+delete"}
2019-3-24 00:03:34.015#keyHandled#"Backspace"
2019-3-24 00:03:34.247#change#{"from":{"line":1,"ch":9,"sticky":"after"},"to":{"line":1,"ch":10,"sticky":null},"text":[""],"removed":["/"],"origin":"+delete"}
2019-3-24 00:03:34.247#keyHandled#"Backspace"
2019-3-24 00:03:34.430#change#{"from":{"line":1,"ch":8,"sticky":"after"},"to":{"line":1,"ch":9,"sticky":null},"text":[""],"removed":["1"],"origin":"+delete"}
2019-3-24 00:03:34.430#keyHandled#"Backspace"
2019-3-24 00:03:34.602#change#{"from":{"line":1,"ch":7,"sticky":"after"},"to":{"line":1,"ch":8,"sticky":null},"text":[""],"removed":["/"],"origin":"+delete"}
2019-3-24 00:03:34.602#keyHandled#"Backspace"
2019-3-24 00:03:34.785#change#{"from":{"line":1,"ch":6,"sticky":"after"},"to":{"line":1,"ch":7,"sticky":null},"text":[""],"removed":["1"],"origin":"+delete"}
2019-3-24 00:03:34.785#keyHandled#"Backspace"
2019-3-24 00:03:35.014#change#{"from":{"line":1,"ch":5,"sticky":"after"},"to":{"line":1,"ch":6,"sticky":null},"text":[""],"removed":["/"],"origin":"+delete"}
2019-3-24 00:03:35.014#keyHandled#"Backspace"
2019-3-24 00:03:41.306#change#{"from":{"line":1,"ch":5,"sticky":null},"to":{"line":1,"ch":5,"sticky":null},"text":["\\"],"removed":[""],"origin":"+input"}
2019-3-24 00:03:42.499#change#{"from":{"line":1,"ch":6,"sticky":null},"to":{"line":1,"ch":6,"sticky":null},"text":["1"],"removed":[""],"origin":"+input"}
2019-3-24 00:03:42.871#change#{"from":{"line":1,"ch":7,"sticky":null},"to":{"line":1,"ch":7,"sticky":null},"text":["\\"],"removed":[""],"origin":"+input"}
2019-3-24 00:03:43.851#change#{"from":{"line":1,"ch":9,"sticky":null},"to":{"line":1,"ch":9,"sticky":null},"text":["\\"],"removed":[""],"origin":"+input"}
2019-3-24 00:03:44.523#change#{"from":{"line":1,"ch":10,"sticky":null},"to":{"line":1,"ch":10,"sticky":null},"text":["1"],"removed":[""],"origin":"+input"}
2019-3-24 00:03:47.020#mousedown#{"isTrusted":true}
2019-3-24 00:03:50.095#mousedown#{"isTrusted":true}
2019-3-24 00:03:50.853#change#{"from":{"line":2,"ch":0,"sticky":"after","xRel":96.375},"to":{"line":2,"ch":0,"sticky":"after","xRel":96.375},"text":["p"],"removed":[""],"origin":"+input"}
2019-3-24 00:03:51.073#change#{"from":{"line":2,"ch":1,"sticky":null},"to":{"line":2,"ch":1,"sticky":null},"text":["r"],"removed":[""],"origin":"+input"}
2019-3-24 00:03:51.291#change#{"from":{"line":2,"ch":2,"sticky":null},"to":{"line":2,"ch":2,"sticky":null},"text":["i"],"removed":[""],"origin":"+input"}
2019-3-24 00:03:51.569#change#{"from":{"line":2,"ch":3,"sticky":null},"to":{"line":2,"ch":3,"sticky":null},"text":["n"],"removed":[""],"origin":"+input"}
2019-3-24 00:03:51.715#change#{"from":{"line":2,"ch":4,"sticky":null},"to":{"line":2,"ch":4,"sticky":null},"text":["n"],"removed":[""],"origin":"+input"}
2019-3-24 00:03:52.019#change#{"from":{"line":2,"ch":5,"sticky":null},"to":{"line":2,"ch":5,"sticky":null},"text":["t"],"removed":[""],"origin":"+input"}
2019-3-24 00:03:53.032#change#{"from":{"line":2,"ch":5,"sticky":"after"},"to":{"line":2,"ch":6,"sticky":null},"text":[""],"removed":["t"],"origin":"+delete"}
2019-3-24 00:03:53.032#keyHandled#"Backspace"
2019-3-24 00:03:53.244#change#{"from":{"line":2,"ch":4,"sticky":"after"},"to":{"line":2,"ch":5,"sticky":null},"text":[""],"removed":["n"],"origin":"+delete"}
2019-3-24 00:03:53.244#keyHandled#"Backspace"
2019-3-24 00:03:54.037#change#{"from":{"line":2,"ch":4,"sticky":null},"to":{"line":2,"ch":4,"sticky":null},"text":["t"],"removed":[""],"origin":"+input"}
2019-3-24 00:03:55.483#change#{"from":{"line":2,"ch":5,"sticky":null},"to":{"line":2,"ch":5,"sticky":null},"text":["()"],"removed":[""],"origin":"+input"}
2019-3-24 00:03:55.484#keyHandled#"'('"
2019-3-24 00:03:56.066#change#{"from":{"line":2,"ch":6,"sticky":"after"},"to":{"line":2,"ch":6,"sticky":"after"},"text":["b"],"removed":[""],"origin":"+input"}
2019-3-26 16:01:50.729#viewportChange#0
2019-3-26 16:02:50.665#mousedown#{"isTrusted":true}
2019-3-26 16:02:50.674#focus#
2019-3-26 16:02:51.720#mousedown#{"isTrusted":true}
2019-3-26 16:04:56.587#mousedown#{"isTrusted":true}
2019-3-26 16:04:57.614#change#{"from":{"line":1,"ch":10,"sticky":"after"},"to":{"line":1,"ch":11,"sticky":"before","xRel":25.38189697265625},"text":[""],"removed":["1"],"origin":"+delete"}
2019-3-26 16:04:57.615#keyHandled#"Backspace"
2019-3-26 16:04:58.112#change#{"from":{"line":1,"ch":9,"sticky":"after"},"to":{"line":1,"ch":10,"sticky":null},"text":[""],"removed":["\\"],"origin":"+delete"}
2019-3-26 16:04:58.112#keyHandled#"Backspace"
2019-3-26 16:04:58.145#change#{"from":{"line":1,"ch":8,"sticky":"after"},"to":{"line":1,"ch":9,"sticky":null},"text":[""],"removed":["1"],"origin":"+delete"}
2019-3-26 16:04:58.145#keyHandled#"Backspace"
2019-3-26 16:04:58.178#change#{"from":{"line":1,"ch":7,"sticky":"after"},"to":{"line":1,"ch":8,"sticky":null},"text":[""],"removed":["\\"],"origin":"+delete"}
2019-3-26 16:04:58.178#keyHandled#"Backspace"
2019-3-26 16:04:58.210#change#{"from":{"line":1,"ch":6,"sticky":"after"},"to":{"line":1,"ch":7,"sticky":null},"text":[""],"removed":["1"],"origin":"+delete"}
2019-3-26 16:04:58.210#keyHandled#"Backspace"
2019-3-26 16:04:58.244#change#{"from":{"line":1,"ch":5,"sticky":"after"},"to":{"line":1,"ch":6,"sticky":null},"text":[""],"removed":["\\"],"origin":"+delete"}
2019-3-26 16:04:58.244#keyHandled#"Backspace"
2019-3-26 16:04:58.530#change#{"from":{"line":1,"ch":4,"sticky":"after"},"to":{"line":1,"ch":5,"sticky":null},"text":[""],"removed":["1"],"origin":"+delete"}
2019-3-26 16:04:58.530#keyHandled#"Backspace"
2019-3-26 16:04:59.030#change#{"from":{"line":1,"ch":3,"sticky":"after"},"to":{"line":1,"ch":4,"sticky":null},"text":[""],"removed":[" "],"origin":"+delete"}
2019-3-26 16:04:59.030#keyHandled#"Backspace"
2019-3-26 16:04:59.062#change#{"from":{"line":1,"ch":2,"sticky":"after"},"to":{"line":1,"ch":3,"sticky":null},"text":[""],"removed":["="],"origin":"+delete"}
2019-3-26 16:04:59.062#keyHandled#"Backspace"
2019-3-26 16:04:59.096#change#{"from":{"line":1,"ch":1,"sticky":"after"},"to":{"line":1,"ch":2,"sticky":null},"text":[""],"removed":[" "],"origin":"+delete"}
2019-3-26 16:04:59.096#keyHandled#"Backspace"
2019-3-26 16:04:59.129#change#{"from":{"line":1,"ch":0,"sticky":"after"},"to":{"line":1,"ch":1,"sticky":null},"text":[""],"removed":["b"],"origin":"+delete"}
2019-3-26 16:04:59.129#keyHandled#"Backspace"
2019-3-26 16:05:00.675#mousedown#{"isTrusted":true}
2019-3-26 16:05:01.572#change#{"from":{"line":2,"ch":7,"sticky":"after"},"to":{"line":2,"ch":8,"sticky":"before","xRel":29.3541259765625},"text":[""],"removed":[")"],"origin":"+delete"}
2019-3-26 16:05:01.572#keyHandled#"Backspace"
2019-3-26 16:05:01.818#change#{"from":{"line":2,"ch":6,"sticky":"after"},"to":{"line":2,"ch":7,"sticky":null},"text":[""],"removed":["b"],"origin":"+delete"}
2019-3-26 16:05:01.818#keyHandled#"Backspace"
2019-3-26 16:05:02.019#change#{"from":{"line":2,"ch":5,"sticky":"after"},"to":{"line":2,"ch":6,"sticky":null},"text":[""],"removed":["("],"origin":"+delete"}
2019-3-26 16:05:02.019#keyHandled#"Backspace"
2019-3-26 16:05:02.208#change#{"from":{"line":2,"ch":4,"sticky":"after"},"to":{"line":2,"ch":5,"sticky":null},"text":[""],"removed":["t"],"origin":"+delete"}
2019-3-26 16:05:02.208#keyHandled#"Backspace"
2019-3-26 16:05:02.420#change#{"from":{"line":2,"ch":3,"sticky":"after"},"to":{"line":2,"ch":4,"sticky":null},"text":[""],"removed":["n"],"origin":"+delete"}
2019-3-26 16:05:02.420#keyHandled#"Backspace"
2019-3-26 16:05:02.608#change#{"from":{"line":2,"ch":2,"sticky":"after"},"to":{"line":2,"ch":3,"sticky":null},"text":[""],"removed":["i"],"origin":"+delete"}
2019-3-26 16:05:02.608#keyHandled#"Backspace"
2019-3-26 16:05:02.821#change#{"from":{"line":2,"ch":1,"sticky":"after"},"to":{"line":2,"ch":2,"sticky":null},"text":[""],"removed":["r"],"origin":"+delete"}
2019-3-26 16:05:02.821#keyHandled#"Backspace"
2019-3-26 16:05:03.079#change#{"from":{"line":2,"ch":0,"sticky":"after"},"to":{"line":2,"ch":1,"sticky":null},"text":[""],"removed":["p"],"origin":"+delete"}
2019-3-26 16:05:03.079#keyHandled#"Backspace"
2019-3-26 16:05:03.367#change#{"from":{"line":1,"ch":0,"sticky":"before"},"to":{"line":2,"ch":0,"sticky":null},"text":[""],"removed":["",""],"origin":"+delete"}
2019-3-26 16:05:03.367#keyHandled#"Backspace"
2019-3-26 16:05:03.369#viewportChange#0
2019-3-26 16:06:44.733#mousedown#{"isTrusted":true}
2019-3-26 16:06:51.245#mousedown#{"isTrusted":true}
2019-3-26 16:06:52.094#change#{"from":{"line":0,"ch":18,"sticky":"after"},"to":{"line":0,"ch":19,"sticky":"before","xRel":-0.02783203125},"text":[""],"removed":["1"],"origin":"+delete"}
2019-3-26 16:06:52.094#keyHandled#"Backspace"
2019-3-26 16:06:52.349#change#{"from":{"line":0,"ch":17,"sticky":"after"},"to":{"line":0,"ch":18,"sticky":null},"text":[""],"removed":["1"],"origin":"+delete"}
2019-3-26 16:06:52.349#keyHandled#"Backspace"
2019-3-26 16:06:52.547#change#{"from":{"line":0,"ch":16,"sticky":"after"},"to":{"line":0,"ch":17,"sticky":null},"text":[""],"removed":["1"],"origin":"+delete"}
2019-3-26 16:06:52.547#keyHandled#"Backspace"
2019-3-26 16:06:52.773#change#{"from":{"line":0,"ch":15,"sticky":"after"},"to":{"line":0,"ch":16,"sticky":null},"text":[""],"removed":["1"],"origin":"+delete"}
2019-3-26 16:06:52.773#keyHandled#"Backspace"
2019-3-26 16:06:54.159#change#{"from":{"line":0,"ch":15,"sticky":null},"to":{"line":0,"ch":15,"sticky":null},"text":["v"],"removed":[""],"origin":"+input"}
2019-3-26 16:06:54.398#change#{"from":{"line":0,"ch":16,"sticky":null},"to":{"line":0,"ch":16,"sticky":null},"text":["a"],"removed":[""],"origin":"+input"}
2019-3-26 16:06:55.008#change#{"from":{"line":0,"ch":17,"sticky":null},"to":{"line":0,"ch":17,"sticky":null},"text":["l"],"removed":[""],"origin":"+input"}
2019-3-26 16:06:55.251#change#{"from":{"line":0,"ch":18,"sticky":null},"to":{"line":0,"ch":18,"sticky":null},"text":["o"],"removed":[""],"origin":"+input"}
2019-3-26 16:06:55.877#change#{"from":{"line":0,"ch":19,"sticky":null},"to":{"line":0,"ch":19,"sticky":null},"text":["r"],"removed":[""],"origin":"+input"}
2019-3-26 16:06:56.307#change#{"from":{"line":0,"ch":20,"sticky":null},"to":{"line":0,"ch":20,"sticky":null},"text":[" "],"removed":[""],"origin":"+input"}
2019-3-26 16:06:56.580#change#{"from":{"line":0,"ch":21,"sticky":null},"to":{"line":0,"ch":21,"sticky":null},"text":["d"],"removed":[""],"origin":"+input"}
2019-3-26 16:06:56.842#change#{"from":{"line":0,"ch":22,"sticky":null},"to":{"line":0,"ch":22,"sticky":null},"text":["e"],"removed":[""],"origin":"+input"}
2019-3-26 16:06:57.159#change#{"from":{"line":0,"ch":23,"sticky":null},"to":{"line":0,"ch":23,"sticky":null},"text":[" "],"removed":[""],"origin":"+input"}
2019-3-26 16:06:58.750#change#{"from":{"line":0,"ch":24,"sticky":null},"to":{"line":0,"ch":24,"sticky":null},"text":["a"],"removed":[""],"origin":"+input"}
2019-3-26 16:07:00.586#change#{"from":{"line":0,"ch":25,"sticky":null},"to":{"line":0,"ch":25,"sticky":null},"text":[":"],"removed":[""],"origin":"+input"}
2019-3-26 16:07:01.949#mousedown#{"isTrusted":true}
2019-3-26 16:07:02.744#change#{"from":{"line":0,"ch":29,"sticky":"before","xRel":30.3055419921875},"to":{"line":0,"ch":29,"sticky":"before","xRel":30.3055419921875},"text":["",""],"removed":[""],"origin":"+input"}
2019-3-26 16:07:02.744#keyHandled#"Enter"
2019-3-26 16:07:02.748#viewportChange#0
2019-3-26 16:07:07.713#change#{"from":{"line":1,"ch":0,"sticky":null},"to":{"line":1,"ch":0,"sticky":null},"text":["a"],"removed":[""],"origin":"+input"}
2019-3-26 16:07:08.117#change#{"from":{"line":1,"ch":1,"sticky":null},"to":{"line":1,"ch":1,"sticky":null},"text":["1"],"removed":[""],"origin":"+input"}
2019-3-26 16:07:10.575#change#{"from":{"line":1,"ch":2,"sticky":null},"to":{"line":1,"ch":2,"sticky":null},"text":["="],"removed":[""],"origin":"+input"}
2019-3-26 16:07:12.129#change#{"from":{"line":1,"ch":3,"sticky":null},"to":{"line":1,"ch":3,"sticky":null},"text":[" "],"removed":[""],"origin":"+input"}
2019-3-26 16:07:13.240#change#{"from":{"line":1,"ch":3,"sticky":"after"},"to":{"line":1,"ch":4,"sticky":null},"text":[""],"removed":[" "],"origin":"+delete"}
2019-3-26 16:07:13.240#keyHandled#"Backspace"
2019-3-26 16:07:14.123#change#{"from":{"line":1,"ch":3,"sticky":null},"to":{"line":1,"ch":3,"sticky":null},"text":[" "],"removed":[""],"origin":"+input"}
2019-3-26 16:07:52.974#mousedown#{"isTrusted":true}
2019-3-26 16:08:09.667#mousedown#{"isTrusted":true}
2019-3-26 16:08:12.501#change#{"from":{"line":1,"ch":4,"sticky":"before","xRel":148.12841796875},"to":{"line":1,"ch":4,"sticky":"before","xRel":148.12841796875},"text":["a"],"removed":[""],"origin":"+input"}
2019-3-26 16:08:17.449#change#{"from":{"line":1,"ch":5,"sticky":null},"to":{"line":1,"ch":5,"sticky":null},"text":["/"],"removed":[""],"origin":"+input"}
2019-3-26 16:08:18.926#change#{"from":{"line":1,"ch":6,"sticky":null},"to":{"line":1,"ch":6,"sticky":null},"text":["/"],"removed":[""],"origin":"+input"}
2019-3-26 16:08:22.998#change#{"from":{"line":1,"ch":7,"sticky":null},"to":{"line":1,"ch":7,"sticky":null},"text":["1"],"removed":[""],"origin":"+input"}
2019-3-26 16:08:23.557#change#{"from":{"line":1,"ch":8,"sticky":null},"to":{"line":1,"ch":8,"sticky":null},"text":["0"],"removed":[""],"origin":"+input"}
2019-3-26 16:08:23.775#change#{"from":{"line":1,"ch":9,"sticky":null},"to":{"line":1,"ch":9,"sticky":null},"text":["0"],"removed":[""],"origin":"+input"}
2019-3-26 16:08:24.019#change#{"from":{"line":1,"ch":10,"sticky":null},"to":{"line":1,"ch":10,"sticky":null},"text":["0"],"removed":[""],"origin":"+input"}
2019-3-26 16:08:34.950#change#{"from":{"line":1,"ch":11,"sticky":null},"to":{"line":1,"ch":11,"sticky":null},"text":["",""],"removed":[""],"origin":"+input"}
2019-3-26 16:08:34.950#keyHandled#"Enter"
2019-3-26 16:08:34.954#viewportChange#0
2019-3-26 16:08:36.702#change#{"from":{"line":2,"ch":0,"sticky":null},"to":{"line":2,"ch":0,"sticky":null},"text":["a"],"removed":[""],"origin":"+input"}
2019-3-26 16:08:37.046#change#{"from":{"line":2,"ch":1,"sticky":null},"to":{"line":2,"ch":1,"sticky":null},"text":["2"],"removed":[""],"origin":"+input"}
2019-3-26 16:08:39.703#mousedown#{"isTrusted":true}
2019-3-26 16:08:40.018#change#{"from":{"line":1,"ch":2,"sticky":"before","xRel":-1.25},"to":{"line":1,"ch":2,"sticky":"before","xRel":-1.25},"text":[" "],"removed":[""],"origin":"+input"}
2019-3-26 16:08:41.005#mousedown#{"isTrusted":true}
2019-3-26 16:08:41.453#change#{"from":{"line":2,"ch":2,"sticky":"before","xRel":0.75},"to":{"line":2,"ch":2,"sticky":"before","xRel":0.75},"text":[" "],"removed":[""],"origin":"+input"}
2019-3-26 16:08:43.049#change#{"from":{"line":2,"ch":3,"sticky":null},"to":{"line":2,"ch":3,"sticky":null},"text":["="],"removed":[""],"origin":"+input"}
2019-3-26 16:08:43.651#change#{"from":{"line":2,"ch":4,"sticky":null},"to":{"line":2,"ch":4,"sticky":null},"text":[" "],"removed":[""],"origin":"+input"}
2019-3-26 16:08:46.428#change#{"from":{"line":2,"ch":6,"sticky":null},"to":{"line":2,"ch":6,"sticky":null},"text":[" "],"removed":[""],"origin":"+input"}
2019-3-26 16:08:53.693#change#{"from":{"line":2,"ch":7,"sticky":null},"to":{"line":2,"ch":7,"sticky":null},"text":["/"],"removed":[""],"origin":"+input"}
2019-3-26 16:08:54.013#change#{"from":{"line":2,"ch":8,"sticky":null},"to":{"line":2,"ch":8,"sticky":null},"text":["/"],"removed":[""],"origin":"+input"}
2019-3-26 16:08:55.170#change#{"from":{"line":2,"ch":9,"sticky":null},"to":{"line":2,"ch":9,"sticky":null},"text":[" "],"removed":[""],"origin":"+input"}
2019-3-26 16:09:32.382#mousedown#{"isTrusted":true}
2019-3-26 16:09:33.382#change#{"from":{"line":2,"ch":6,"sticky":"after"},"to":{"line":2,"ch":7,"sticky":"after","xRel":0.4166259765625},"text":[""],"removed":[" "],"origin":"+delete"}
2019-3-26 16:09:33.382#keyHandled#"Backspace"
2019-3-26 16:09:34.218#mousedown#{"isTrusted":true}
2019-3-26 16:09:37.993#change#{"from":{"line":2,"ch":8,"sticky":"after"},"to":{"line":2,"ch":9,"sticky":"before","xRel":29.70831298828125},"text":[""],"removed":[" "],"origin":"+delete"}
2019-3-26 16:09:37.993#keyHandled#"Backspace"
2019-3-26 16:09:42.600#change#{"from":{"line":2,"ch":8,"sticky":null},"to":{"line":2,"ch":8,"sticky":null},"text":["1"],"removed":[""],"origin":"+input"}
2019-3-26 16:09:44.093#change#{"from":{"line":2,"ch":9,"sticky":null},"to":{"line":2,"ch":9,"sticky":null},"text":["0"],"removed":[""],"origin":"+input"}
2019-3-26 16:09:45.169#change#{"from":{"line":2,"ch":10,"sticky":null},"to":{"line":2,"ch":10,"sticky":null},"text":["0"],"removed":[""],"origin":"+input"}
2019-3-26 16:09:46.839#change#{"from":{"line":2,"ch":11,"sticky":null},"to":{"line":2,"ch":11,"sticky":null},"text":["",""],"removed":[""],"origin":"+input"}
2019-3-26 16:09:46.839#keyHandled#"Enter"
2019-3-26 16:09:46.842#viewportChange#0
2019-3-26 16:09:48.957#change#{"from":{"line":3,"ch":0,"sticky":null},"to":{"line":3,"ch":0,"sticky":null},"text":["a"],"removed":[""],"origin":"+input"}
2019-3-26 16:09:49.352#change#{"from":{"line":3,"ch":1,"sticky":null},"to":{"line":3,"ch":1,"sticky":null},"text":["3"],"removed":[""],"origin":"+input"}
2019-3-26 16:09:51.362#change#{"from":{"line":3,"ch":2,"sticky":null},"to":{"line":3,"ch":2,"sticky":null},"text":[" "],"removed":[""],"origin":"+input"}
2019-3-26 16:09:52.296#change#{"from":{"line":3,"ch":3,"sticky":null},"to":{"line":3,"ch":3,"sticky":null},"text":["="],"removed":[""],"origin":"+input"}
2019-3-26 16:09:52.913#change#{"from":{"line":3,"ch":4,"sticky":null},"to":{"line":3,"ch":4,"sticky":null},"text":[" "],"removed":[""],"origin":"+input"}
2019-3-26 16:09:54.495#change#{"from":{"line":3,"ch":5,"sticky":null},"to":{"line":3,"ch":5,"sticky":null},"text":["a"],"removed":[""],"origin":"+input"}
2019-3-26 16:09:58.195#change#{"from":{"line":3,"ch":6,"sticky":null},"to":{"line":3,"ch":6,"sticky":null},"text":["%"],"removed":[""],"origin":"+input"}
2019-3-26 16:10:00.512#change#{"from":{"line":3,"ch":7,"sticky":null},"to":{"line":3,"ch":7,"sticky":null},"text":["1"],"removed":[""],"origin":"+input"}
2019-3-26 16:10:04.097#change#{"from":{"line":3,"ch":8,"sticky":null},"to":{"line":3,"ch":8,"sticky":null},"text":["0"],"removed":[""],"origin":"+input"}
2019-3-26 16:10:04.435#change#{"from":{"line":3,"ch":9,"sticky":null},"to":{"line":3,"ch":9,"sticky":null},"text":["0"],"removed":[""],"origin":"+input"}
2019-3-26 16:10:04.782#change#{"from":{"line":3,"ch":10,"sticky":null},"to":{"line":3,"ch":10,"sticky":null},"text":["0"],"removed":[""],"origin":"+input"}
2019-3-26 16:10:05.913#change#{"from":{"line":3,"ch":11,"sticky":null},"to":{"line":3,"ch":11,"sticky":null},"text":["",""],"removed":[""],"origin":"+input"}
2019-3-26 16:10:05.913#keyHandled#"Enter"
2019-3-26 16:10:05.916#viewportChange#0
2019-3-26 16:10:07.101#change#{"from":{"line":4,"ch":0,"sticky":null},"to":{"line":4,"ch":0,"sticky":null},"text":["a"],"removed":[""],"origin":"+input"}
2019-3-26 16:10:07.646#change#{"from":{"line":4,"ch":1,"sticky":null},"to":{"line":4,"ch":1,"sticky":null},"text":["4"],"removed":[""],"origin":"+input"}
2019-3-26 16:10:08.280#change#{"from":{"line":4,"ch":2,"sticky":null},"to":{"line":4,"ch":2,"sticky":null},"text":[" "],"removed":[""],"origin":"+input"}
2019-3-26 16:10:09.017#change#{"from":{"line":4,"ch":3,"sticky":null},"to":{"line":4,"ch":3,"sticky":null},"text":["="],"removed":[""],"origin":"+input"}
2019-3-26 16:10:09.480#change#{"from":{"line":4,"ch":4,"sticky":null},"to":{"line":4,"ch":4,"sticky":null},"text":[" "],"removed":[""],"origin":"+input"}
2019-3-26 16:10:12.576#change#{"from":{"line":4,"ch":5,"sticky":null},"to":{"line":4,"ch":5,"sticky":null},"text":["a"],"removed":[""],"origin":"+input"}
2019-3-26 16:10:13.860#change#{"from":{"line":4,"ch":6,"sticky":null},"to":{"line":4,"ch":6,"sticky":null},"text":[" "],"removed":[""],"origin":"+input"}
2019-3-26 16:10:16.432#change#{"from":{"line":4,"ch":7,"sticky":null},"to":{"line":4,"ch":7,"sticky":null},"text":["/"],"removed":[""],"origin":"+input"}
2019-3-26 16:10:16.702#change#{"from":{"line":4,"ch":8,"sticky":null},"to":{"line":4,"ch":8,"sticky":null},"text":["/"],"removed":[""],"origin":"+input"}
2019-3-26 16:10:17.298#change#{"from":{"line":4,"ch":9,"sticky":null},"to":{"line":4,"ch":9,"sticky":null},"text":["1"],"removed":[""],"origin":"+input"}
2019-3-26 16:10:18.025#change#{"from":{"line":4,"ch":10,"sticky":null},"to":{"line":4,"ch":10,"sticky":null},"text":["0"],"removed":[""],"origin":"+input"}
2019-3-26 16:10:20.288#mousedown#{"isTrusted":true}
2019-3-26 16:10:22.298#change#{"from":{"line":5,"ch":0,"sticky":"after","xRel":68.8680419921875},"to":{"line":5,"ch":0,"sticky":"after","xRel":68.8680419921875},"text":["p"],"removed":[""],"origin":"+input"}
2019-3-26 16:10:22.851#change#{"from":{"line":5,"ch":1,"sticky":null},"to":{"line":5,"ch":1,"sticky":null},"text":["t"],"removed":[""],"origin":"+input"}
2019-3-26 16:10:24.178#change#{"from":{"line":5,"ch":1,"sticky":"after"},"to":{"line":5,"ch":2,"sticky":null},"text":[""],"removed":["t"],"origin":"+delete"}
2019-3-26 16:10:24.178#keyHandled#"Backspace"
2019-3-26 16:10:24.976#change#{"from":{"line":5,"ch":1,"sticky":null},"to":{"line":5,"ch":1,"sticky":null},"text":["r"],"removed":[""],"origin":"+input"}
2019-3-26 16:10:25.353#change#{"from":{"line":5,"ch":2,"sticky":null},"to":{"line":5,"ch":2,"sticky":null},"text":["i"],"removed":[""],"origin":"+input"}
2019-3-26 16:10:25.600#change#{"from":{"line":5,"ch":3,"sticky":null},"to":{"line":5,"ch":3,"sticky":null},"text":["n"],"removed":[""],"origin":"+input"}
2019-3-26 16:10:25.932#change#{"from":{"line":5,"ch":4,"sticky":null},"to":{"line":5,"ch":4,"sticky":null},"text":["t"],"removed":[""],"origin":"+input"}
2019-3-26 16:10:28.439#change#{"from":{"line":5,"ch":5,"sticky":null},"to":{"line":5,"ch":5,"sticky":null},"text":["()"],"removed":[""],"origin":"+input"}
2019-3-26 16:10:28.439#keyHandled#"'('"
2019-3-26 16:10:37.645#mousedown#{"isTrusted":true}
2019-3-26 16:10:43.490#change#{"from":{"line":5,"ch":6,"sticky":"after"},"to":{"line":5,"ch":6,"sticky":"after"},"text":["a"],"removed":[""],"origin":"+input"}
2019-3-26 16:10:43.757#change#{"from":{"line":5,"ch":7,"sticky":null},"to":{"line":5,"ch":7,"sticky":null},"text":["1"],"removed":[""],"origin":"+input"}
2019-3-26 16:10:44.679#change#{"from":{"line":5,"ch":8,"sticky":null},"to":{"line":5,"ch":8,"sticky":null},"text":[" "],"removed":[""],"origin":"+input"}
2019-3-26 16:10:45.288#change#{"from":{"line":5,"ch":9,"sticky":null},"to":{"line":5,"ch":9,"sticky":null},"text":["+"],"removed":[""],"origin":"+input"}
2019-3-26 16:10:45.771#change#{"from":{"line":5,"ch":10,"sticky":null},"to":{"line":5,"ch":10,"sticky":null},"text":[" "],"removed":[""],"origin":"+input"}
2019-3-26 16:10:46.703#change#{"from":{"line":5,"ch":11,"sticky":null},"to":{"line":5,"ch":11,"sticky":null},"text":["a"],"removed":[""],"origin":"+input"}
2019-3-26 16:10:47.113#change#{"from":{"line":5,"ch":12,"sticky":null},"to":{"line":5,"ch":12,"sticky":null},"text":["2"],"removed":[""],"origin":"+input"}
2019-3-26 16:10:47.497#change#{"from":{"line":5,"ch":13,"sticky":null},"to":{"line":5,"ch":13,"sticky":null},"text":[" "],"removed":[""],"origin":"+input"}
2019-3-26 16:10:47.941#change#{"from":{"line":5,"ch":14,"sticky":null},"to":{"line":5,"ch":14,"sticky":null},"text":["+"],"removed":[""],"origin":"+input"}
2019-3-26 16:10:48.326#change#{"from":{"line":5,"ch":15,"sticky":null},"to":{"line":5,"ch":15,"sticky":null},"text":[" "],"removed":[""],"origin":"+input"}
2019-3-26 16:10:48.751#change#{"from":{"line":5,"ch":16,"sticky":null},"to":{"line":5,"ch":16,"sticky":null},"text":["a"],"removed":[""],"origin":"+input"}
2019-3-26 16:10:49.093#change#{"from":{"line":5,"ch":17,"sticky":null},"to":{"line":5,"ch":17,"sticky":null},"text":["3"],"removed":[""],"origin":"+input"}
2019-3-26 16:10:49.812#change#{"from":{"line":5,"ch":18,"sticky":null},"to":{"line":5,"ch":18,"sticky":null},"text":["+"],"removed":[""],"origin":"+input"}
2019-3-26 16:10:50.356#change#{"from":{"line":5,"ch":19,"sticky":null},"to":{"line":5,"ch":19,"sticky":null},"text":[" "],"removed":[""],"origin":"+input"}
2019-3-26 16:10:50.572#change#{"from":{"line":5,"ch":20,"sticky":null},"to":{"line":5,"ch":20,"sticky":null},"text":["a"],"removed":[""],"origin":"+input"}
2019-3-26 16:10:50.982#change#{"from":{"line":5,"ch":21,"sticky":null},"to":{"line":5,"ch":21,"sticky":null},"text":["4"],"removed":[""],"origin":"+input"}
2019-3-26 16:10:50.356#change#{"from":{"line":5,"ch":19,"sticky":null},"to":{"line":5,"ch":19,"sticky":null},"text":[" "],"removed":[""],"origin":"+input"}
2019-3-26 16:10:50.572#change#{"from":{"line":5,"ch":20,"sticky":null},"to":{"line":5,"ch":20,"sticky":null},"text":["a"],"removed":[""],"origin":"+input"}
2019-3-26 16:10:50.982#change#{"from":{"line":5,"ch":21,"sticky":null},"to":{"line":5,"ch":21,"sticky":null},"text":["4"],"removed":[""],"origin":"+input"}
2019-3-26 16:10:54.269#blur#
2019-3-26 16:10:55.127#saida_testar#$ python3 main.py
2019-3-26 16:11:29.183#mousedown#{"isTrusted":true}
2019-3-26 16:11:29.237#focus#
2019-3-26 16:11:30.224#change#{"from":{"line":5,"ch":22,"sticky":"after"},"to":{"line":5,"ch":23,"sticky":"before","xRel":22.07635498046875},"text":[""],"removed":[")"],"origin":"+delete"}
2019-3-26 16:11:30.224#keyHandled#"Backspace"
2019-3-26 16:11:30.726#change#{"from":{"line":5,"ch":21,"sticky":"after"},"to":{"line":5,"ch":22,"sticky":null},"text":[""],"removed":["4"],"origin":"+delete"}
2019-3-26 16:11:30.726#keyHandled#"Backspace"
2019-3-26 16:11:30.758#change#{"from":{"line":5,"ch":20,"sticky":"after"},"to":{"line":5,"ch":21,"sticky":null},"text":[""],"removed":["a"],"origin":"+delete"}
2019-3-26 16:11:30.758#keyHandled#"Backspace"
2019-3-26 16:11:30.791#change#{"from":{"line":5,"ch":19,"sticky":"after"},"to":{"line":5,"ch":20,"sticky":null},"text":[""],"removed":[" "],"origin":"+delete"}
2019-3-26 16:11:30.792#keyHandled#"Backspace"
2019-3-26 16:11:30.825#change#{"from":{"line":5,"ch":18,"sticky":"after"},"to":{"line":5,"ch":19,"sticky":null},"text":[""],"removed":["+"],"origin":"+delete"}
2019-3-26 16:11:30.825#keyHandled#"Backspace"
2019-3-26 16:11:30.857#change#{"from":{"line":5,"ch":17,"sticky":"after"},"to":{"line":5,"ch":18,"sticky":null},"text":[""],"removed":["3"],"origin":"+delete"}
2019-3-26 16:11:30.857#keyHandled#"Backspace"
2019-3-26 16:11:30.891#change#{"from":{"line":5,"ch":16,"sticky":"after"},"to":{"line":5,"ch":17,"sticky":null},"text":[""],"removed":["a"],"origin":"+delete"}
2019-3-26 16:11:30.891#keyHandled#"Backspace"
2019-3-26 16:11:30.923#change#{"from":{"line":5,"ch":15,"sticky":"after"},"to":{"line":5,"ch":16,"sticky":null},"text":[""],"removed":[" "],"origin":"+delete"}
2019-3-26 16:11:30.923#keyHandled#"Backspace"
2019-3-26 16:11:30.957#change#{"from":{"line":5,"ch":14,"sticky":"after"},"to":{"line":5,"ch":15,"sticky":null},"text":[""],"removed":["+"],"origin":"+delete"}
2019-3-26 16:11:30.957#keyHandled#"Backspace"
2019-3-26 16:11:31.653#change#{"from":{"line":5,"ch":13,"sticky":"after"},"to":{"line":5,"ch":14,"sticky":null},"text":[""],"removed":[" "],"origin":"+delete"}
2019-3-26 16:11:31.653#keyHandled#"Backspace"
2019-3-26 16:11:31.868#change#{"from":{"line":5,"ch":12,"sticky":"after"},"to":{"line":5,"ch":13,"sticky":null},"text":[""],"removed":["2"],"origin":"+delete"}
2019-3-26 16:11:31.869#keyHandled#"Backspace"
2019-3-26 16:11:32.069#change#{"from":{"line":5,"ch":11,"sticky":"after"},"to":{"line":5,"ch":12,"sticky":null},"text":[""],"removed":["a"],"origin":"+delete"}
2019-3-26 16:11:32.069#keyHandled#"Backspace"
2019-3-26 16:11:32.277#change#{"from":{"line":5,"ch":10,"sticky":"after"},"to":{"line":5,"ch":11,"sticky":null},"text":[""],"removed":[" "],"origin":"+delete"}
2019-3-26 16:11:32.277#keyHandled#"Backspace"
2019-3-26 16:11:33.066#change#{"from":{"line":5,"ch":9,"sticky":"after"},"to":{"line":5,"ch":10,"sticky":null},"text":[""],"removed":["+"],"origin":"+delete"}
2019-3-26 16:11:33.066#keyHandled#"Backspace"
2019-3-26 16:11:40.647#change#{"from":{"line":5,"ch":9,"sticky":null},"to":{"line":5,"ch":9,"sticky":null},"text":[")"],"removed":[""],"origin":"+input"}
2019-3-26 16:11:42.852#mousedown#{"isTrusted":true}
2019-3-26 16:11:43.598#change#{"from":{"line":5,"ch":8,"sticky":"after"},"to":{"line":5,"ch":9,"sticky":"before","xRel":-0.36114501953125},"text":[""],"removed":[" "],"origin":"+delete"}
2019-3-26 16:11:43.598#keyHandled#"Backspace"
2019-3-26 16:11:46.157#mousedown#{"isTrusted":true}
2019-3-26 16:11:48.763#mousedown#{"isTrusted":true}
2019-3-26 16:11:48.763#mousedown#{"isTrusted":true}
2019-3-26 16:11:50.224#blur#
2019-3-26 16:11:51.053#saida_testar#$ python3 main.py
2019-3-26 16:12:01.106#mousedown#{"isTrusted":true}
2019-3-26 16:12:01.140#focus#
2019-3-26 16:12:01.817#change#{"from":{"line":5,"ch":9,"sticky":"before","xRel":12.65618896484375},"to":{"line":5,"ch":9,"sticky":"before","xRel":12.65618896484375},"text":["",""],"removed":[""],"origin":"+input"}
2019-3-26 16:12:01.817#keyHandled#"Enter"
2019-3-26 16:12:01.820#viewportChange#0
2019-3-26 16:12:03.389#change#{"from":{"line":6,"ch":0,"sticky":null},"to":{"line":6,"ch":0,"sticky":null},"text":["p"],"removed":[""],"origin":"+input"}
2019-3-26 16:12:03.574#change#{"from":{"line":6,"ch":1,"sticky":null},"to":{"line":6,"ch":1,"sticky":null},"text":["r"],"removed":[""],"origin":"+input"}
2019-3-26 16:12:03.872#change#{"from":{"line":6,"ch":2,"sticky":null},"to":{"line":6,"ch":2,"sticky":null},"text":["i"],"removed":[""],"origin":"+input"}
2019-3-26 16:12:04.090#change#{"from":{"line":6,"ch":3,"sticky":null},"to":{"line":6,"ch":3,"sticky":null},"text":["n"],"removed":[""],"origin":"+input"}
2019-3-26 16:12:04.345#change#{"from":{"line":6,"ch":4,"sticky":null},"to":{"line":6,"ch":4,"sticky":null},"text":["t"],"removed":[""],"origin":"+input"}
2019-3-26 16:12:05.902#change#{"from":{"line":6,"ch":5,"sticky":null},"to":{"line":6,"ch":5,"sticky":null},"text":["()"],"removed":[""],"origin":"+input"}
2019-3-26 16:12:05.902#keyHandled#"'('"
2019-3-26 16:12:07.293#change#{"from":{"line":6,"ch":6,"sticky":"after"},"to":{"line":6,"ch":6,"sticky":"after"},"text":["a"],"removed":[""],"origin":"+input"}
2019-3-26 16:12:07.943#change#{"from":{"line":6,"ch":7,"sticky":null},"to":{"line":6,"ch":7,"sticky":null},"text":["2"],"removed":[""],"origin":"+input"}
2019-3-26 16:12:09.331#change#{"from":{"line":6,"ch":8,"sticky":null},"to":{"line":6,"ch":8,"sticky":null},"text":["",""],"removed":[""],"origin":"+input"}
2019-3-26 16:12:09.331#change#{"from":{"line":7,"ch":0,"sticky":null},"to":{"line":7,"ch":0,"sticky":null},"text":["\t  "],"removed":[""],"origin":"+input"}
2019-3-26 16:12:09.331#keyHandled#"Enter"
2019-3-26 16:12:09.334#viewportChange#0
2019-3-26 16:12:10.405#change#{"from":{"line":7,"ch":2,"sticky":"after"},"to":{"line":7,"ch":3,"sticky":null},"text":[""],"removed":[" "],"origin":"+delete"}
2019-3-26 16:12:10.405#keyHandled#"Backspace"
2019-3-26 16:12:10.639#change#{"from":{"line":7,"ch":1,"sticky":"after"},"to":{"line":7,"ch":2,"sticky":null},"text":[""],"removed":[" "],"origin":"+delete"}
2019-3-26 16:12:10.639#keyHandled#"Backspace"
2019-3-26 16:12:10.840#change#{"from":{"line":7,"ch":0,"sticky":"after"},"to":{"line":7,"ch":1,"sticky":null},"text":[""],"removed":["\t"],"origin":"+delete"}
2019-3-26 16:12:10.840#keyHandled#"Backspace"
2019-3-26 16:12:11.024#change#{"from":{"line":6,"ch":8,"sticky":"before"},"to":{"line":7,"ch":0,"sticky":null},"text":[""],"removed":["",""],"origin":"+delete"}
2019-3-26 16:12:11.024#keyHandled#"Backspace"
2019-3-26 16:12:11.027#viewportChange#0
2019-3-26 16:12:13.344#mousedown#{"isTrusted":true}
2019-3-26 16:12:14.046#change#{"from":{"line":6,"ch":9,"sticky":"before","xRel":18.65618896484375},"to":{"line":6,"ch":9,"sticky":"before","xRel":18.65618896484375},"text":["",""],"removed":[""],"origin":"+input"}
2019-3-26 16:12:14.046#keyHandled#"Enter"
2019-3-26 16:12:14.049#viewportChange#0
2019-3-26 16:12:14.664#change#{"from":{"line":7,"ch":0,"sticky":null},"to":{"line":7,"ch":0,"sticky":null},"text":["p"],"removed":[""],"origin":"+input"}
2019-3-26 16:12:15.008#change#{"from":{"line":7,"ch":1,"sticky":null},"to":{"line":7,"ch":1,"sticky":null},"text":["r"],"removed":[""],"origin":"+input"}
2019-3-26 16:12:15.237#change#{"from":{"line":7,"ch":2,"sticky":null},"to":{"line":7,"ch":2,"sticky":null},"text":["i"],"removed":[""],"origin":"+input"}
2019-3-26 16:12:15.518#change#{"from":{"line":7,"ch":3,"sticky":null},"to":{"line":7,"ch":3,"sticky":null},"text":["n"],"removed":[""],"origin":"+input"}
2019-3-26 16:12:15.823#change#{"from":{"line":7,"ch":4,"sticky":null},"to":{"line":7,"ch":4,"sticky":null},"text":["t"],"removed":[""],"origin":"+input"}
2019-3-26 16:12:17.606#change#{"from":{"line":7,"ch":5,"sticky":null},"to":{"line":7,"ch":5,"sticky":null},"text":[" "],"removed":[""],"origin":"+input"}
2019-3-26 16:12:18.266#change#{"from":{"line":7,"ch":6,"sticky":null},"to":{"line":7,"ch":6,"sticky":null},"text":["()"],"removed":[""],"origin":"+input"}
2019-3-26 16:12:18.266#keyHandled#"'('"
2019-3-26 16:12:19.818#change#{"from":{"line":7,"ch":6,"sticky":null},"to":{"line":7,"ch":8,"sticky":null},"text":[""],"removed":["()"],"origin":"+delete"}
2019-3-26 16:12:19.818#keyHandled#"Backspace"
2019-3-26 16:12:20.019#change#{"from":{"line":7,"ch":5,"sticky":"after"},"to":{"line":7,"ch":6,"sticky":null},"text":[""],"removed":[" "],"origin":"+delete"}
2019-3-26 16:12:20.019#keyHandled#"Backspace"
2019-3-26 16:12:21.257#change#{"from":{"line":7,"ch":5,"sticky":null},"to":{"line":7,"ch":5,"sticky":null},"text":["()"],"removed":[""],"origin":"+input"}
2019-3-26 16:12:21.257#keyHandled#"'('"
2019-3-26 16:12:22.032#change#{"from":{"line":7,"ch":6,"sticky":"after"},"to":{"line":7,"ch":6,"sticky":"after"},"text":["a"],"removed":[""],"origin":"+input"}
2019-3-26 16:12:22.348#change#{"from":{"line":7,"ch":7,"sticky":null},"to":{"line":7,"ch":7,"sticky":null},"text":["3"],"removed":[""],"origin":"+input"}
2019-3-26 16:12:24.066#mousedown#{"isTrusted":true}
2019-3-26 16:12:24.772#change#{"from":{"line":7,"ch":9,"sticky":"before","xRel":17.65618896484375},"to":{"line":7,"ch":9,"sticky":"before","xRel":17.65618896484375},"text":["",""],"removed":[""],"origin":"+input"}
2019-3-26 16:12:24.772#keyHandled#"Enter"
2019-3-26 16:12:24.775#viewportChange#0
2019-3-26 16:12:25.735#change#{"from":{"line":8,"ch":0,"sticky":null},"to":{"line":8,"ch":0,"sticky":null},"text":["p"],"removed":[""],"origin":"+input"}
2019-3-26 16:12:26.197#change#{"from":{"line":8,"ch":1,"sticky":null},"to":{"line":8,"ch":1,"sticky":null},"text":["r"],"removed":[""],"origin":"+input"}
2019-3-26 16:12:26.797#change#{"from":{"line":8,"ch":2,"sticky":null},"to":{"line":8,"ch":2,"sticky":null},"text":["i"],"removed":[""],"origin":"+input"}
2019-3-26 16:12:27.075#change#{"from":{"line":8,"ch":3,"sticky":null},"to":{"line":8,"ch":3,"sticky":null},"text":["n"],"removed":[""],"origin":"+input"}
2019-3-26 16:12:27.416#change#{"from":{"line":8,"ch":4,"sticky":null},"to":{"line":8,"ch":4,"sticky":null},"text":["t"],"removed":[""],"origin":"+input"}
2019-3-26 16:12:29.448#change#{"from":{"line":8,"ch":5,"sticky":null},"to":{"line":8,"ch":5,"sticky":null},"text":["()"],"removed":[""],"origin":"+input"}
2019-3-26 16:12:29.448#keyHandled#"'('"
2019-3-26 16:12:29.799#change#{"from":{"line":8,"ch":6,"sticky":"after"},"to":{"line":8,"ch":6,"sticky":"after"},"text":["a"],"removed":[""],"origin":"+input"}
2019-3-26 16:12:30.132#change#{"from":{"line":8,"ch":7,"sticky":null},"to":{"line":8,"ch":7,"sticky":null},"text":["4"],"removed":[""],"origin":"+input"}
2019-3-26 16:12:30.132#change#{"from":{"line":8,"ch":7,"sticky":null},"to":{"line":8,"ch":7,"sticky":null},"text":["4"],"removed":[""],"origin":"+input"}
2019-3-26 16:12:33.491#blur#
2019-3-26 16:12:34.871#saida_testar#$ python3 main.py
2019-3-26 16:12:46.070#mousedown#{"isTrusted":true}
2019-3-26 16:12:46.104#focus#
2019-3-26 16:12:46.070#mousedown#{"isTrusted":true}
2019-3-26 16:12:46.104#focus#
2019-3-26 16:13:02.885#blur#
2019-3-26 16:13:03.229#saida_testar#$ python3 main.py
2019-3-26 16:13:03.229#saida_testar#$ python3 main.py
2019-3-26 16:13:14.857#saida_testar#$ python3 main.py
2019-3-26 16:13:30.918#mousedown#{"isTrusted":true}
2019-3-26 16:13:30.952#focus#
2019-3-26 16:13:32.057#change#{"from":{"line":2,"ch":11,"sticky":"before","xRel":7.31243896484375},"to":{"line":2,"ch":11,"sticky":"before","xRel":7.31243896484375},"text":["0"],"removed":[""],"origin":"+input"}
2019-3-26 16:13:34.623#mousedown#{"isTrusted":true}
2019-3-26 16:13:35.447#change#{"from":{"line":4,"ch":11,"sticky":"before","xRel":6.329833984375},"to":{"line":4,"ch":11,"sticky":"before","xRel":6.329833984375},"text":["0"],"removed":[""],"origin":"+input"}
2019-3-26 16:13:35.738#change#{"from":{"line":4,"ch":12,"sticky":null},"to":{"line":4,"ch":12,"sticky":null},"text":["0"],"removed":[""],"origin":"+input"}
2019-3-26 16:13:35.447#change#{"from":{"line":4,"ch":11,"sticky":"before","xRel":6.329833984375},"to":{"line":4,"ch":11,"sticky":"before","xRel":6.329833984375},"text":["0"],"removed":[""],"origin":"+input"}
2019-3-26 16:13:35.738#change#{"from":{"line":4,"ch":12,"sticky":null},"to":{"line":4,"ch":12,"sticky":null},"text":["0"],"removed":[""],"origin":"+input"}
2019-3-26 16:13:36.937#blur#
2019-3-26 16:13:39.302#saida_testar#$ python3 main.py
2019-3-26 16:13:39.302#saida_testar#$ python3 main.py
2019-3-26 16:14:02.853#saida_testar#$ python3 main.py
2019-3-26 16:14:45.563#mousedown#{"isTrusted":true}
2019-3-26 16:14:45.596#focus#
2019-3-26 16:14:47.309#change#{"from":{"line":1,"ch":11,"sticky":"after"},"to":{"line":1,"ch":12,"sticky":"before","xRel":10.08331298828125},"text":[""],"removed":["0"],"origin":"+delete"}
2019-3-26 16:14:47.309#keyHandled#"Backspace"
2019-3-26 16:14:47.569#change#{"from":{"line":1,"ch":10,"sticky":"after"},"to":{"line":1,"ch":11,"sticky":null},"text":[""],"removed":["0"],"origin":"+delete"}
2019-3-26 16:14:47.569#keyHandled#"Backspace"
2019-3-26 16:14:47.815#change#{"from":{"line":1,"ch":9,"sticky":"after"},"to":{"line":1,"ch":10,"sticky":null},"text":[""],"removed":["0"],"origin":"+delete"}
2019-3-26 16:14:47.815#keyHandled#"Backspace"
2019-3-26 16:14:48.242#change#{"from":{"line":1,"ch":8,"sticky":"after"},"to":{"line":1,"ch":9,"sticky":null},"text":[""],"removed":["1"],"origin":"+delete"}
2019-3-26 16:14:48.242#keyHandled#"Backspace"
2019-3-26 16:14:50.906#mousedown#{"isTrusted":true}
2019-3-26 16:14:51.578#change#{"from":{"line":2,"ch":11,"sticky":"after"},"to":{"line":2,"ch":12,"sticky":"before","xRel":1.08331298828125},"text":[""],"removed":["0"],"origin":"+delete"}
2019-3-26 16:14:51.578#keyHandled#"Backspace"
2019-3-26 16:14:52.336#change#{"from":{"line":2,"ch":10,"sticky":"after"},"to":{"line":2,"ch":11,"sticky":null},"text":[""],"removed":["0"],"origin":"+delete"}
2019-3-26 16:14:52.336#keyHandled#"Backspace"
2019-3-26 16:14:52.648#change#{"from":{"line":2,"ch":9,"sticky":"after"},"to":{"line":2,"ch":10,"sticky":null},"text":[""],"removed":["0"],"origin":"+delete"}
2019-3-26 16:14:52.648#keyHandled#"Backspace"
2019-3-26 16:14:52.915#change#{"from":{"line":2,"ch":8,"sticky":"after"},"to":{"line":2,"ch":9,"sticky":null},"text":[""],"removed":["1"],"origin":"+delete"}
2019-3-26 16:14:52.915#keyHandled#"Backspace"
2019-3-26 16:14:53.216#change#{"from":{"line":2,"ch":7,"sticky":"after"},"to":{"line":2,"ch":8,"sticky":null},"text":[""],"removed":["/"],"origin":"+delete"}
2019-3-26 16:14:53.216#keyHandled#"Backspace"
2019-3-26 16:14:53.655#change#{"from":{"line":2,"ch":6,"sticky":"after"},"to":{"line":2,"ch":7,"sticky":null},"text":[""],"removed":["/"],"origin":"+delete"}
2019-3-26 16:14:53.655#keyHandled#"Backspace"
2019-3-26 16:14:54.447#change#{"from":{"line":2,"ch":5,"sticky":"after"},"to":{"line":2,"ch":6,"sticky":null},"text":[""],"removed":["a"],"origin":"+delete"}
2019-3-26 16:14:54.447#keyHandled#"Backspace"
2019-3-26 16:14:56.076#mousedown#{"isTrusted":true}
2019-3-26 16:14:56.279#change#{"from":{"line":4,"ch":12,"sticky":"after"},"to":{"line":4,"ch":13,"sticky":"before","xRel":3.19439697265625},"text":[""],"removed":["0"],"origin":"+delete"}
2019-3-26 16:14:56.279#keyHandled#"Backspace"
2019-3-26 16:14:56.780#change#{"from":{"line":4,"ch":11,"sticky":"after"},"to":{"line":4,"ch":12,"sticky":null},"text":[""],"removed":["0"],"origin":"+delete"}
2019-3-26 16:14:56.780#keyHandled#"Backspace"
2019-3-26 16:14:56.814#change#{"from":{"line":4,"ch":10,"sticky":"after"},"to":{"line":4,"ch":11,"sticky":null},"text":[""],"removed":["0"],"origin":"+delete"}
2019-3-26 16:14:56.814#keyHandled#"Backspace"
2019-3-26 16:14:56.847#change#{"from":{"line":4,"ch":9,"sticky":"after"},"to":{"line":4,"ch":10,"sticky":null},"text":[""],"removed":["1"],"origin":"+delete"}
2019-3-26 16:14:56.847#keyHandled#"Backspace"
2019-3-26 16:14:56.881#change#{"from":{"line":4,"ch":8,"sticky":"after"},"to":{"line":4,"ch":9,"sticky":null},"text":[""],"removed":["/"],"origin":"+delete"}
2019-3-26 16:14:56.881#keyHandled#"Backspace"
2019-3-26 16:14:57.247#change#{"from":{"line":4,"ch":7,"sticky":"after"},"to":{"line":4,"ch":8,"sticky":null},"text":[""],"removed":["/"],"origin":"+delete"}
2019-3-26 16:14:57.247#keyHandled#"Backspace"
2019-3-26 16:14:58.023#change#{"from":{"line":4,"ch":6,"sticky":"after"},"to":{"line":4,"ch":7,"sticky":null},"text":[""],"removed":[" "],"origin":"+delete"}
2019-3-26 16:14:58.023#keyHandled#"Backspace"
2019-3-26 16:14:58.394#change#{"from":{"line":4,"ch":5,"sticky":"after"},"to":{"line":4,"ch":6,"sticky":null},"text":[""],"removed":["a"],"origin":"+delete"}
2019-3-26 16:14:58.394#keyHandled#"Backspace"
2019-3-26 16:14:59.522#mousedown#{"isTrusted":true}
2019-3-26 16:14:59.968#change#{"from":{"line":3,"ch":10,"sticky":"after"},"to":{"line":3,"ch":11,"sticky":"before","xRel":16.31243896484375},"text":[""],"removed":["0"],"origin":"+delete"}
2019-3-26 16:14:59.968#keyHandled#"Backspace"
2019-3-26 16:15:00.308#change#{"from":{"line":3,"ch":9,"sticky":"after"},"to":{"line":3,"ch":10,"sticky":null},"text":[""],"removed":["0"],"origin":"+delete"}
2019-3-26 16:15:00.308#keyHandled#"Backspace"
2019-3-26 16:15:00.636#change#{"from":{"line":3,"ch":8,"sticky":"after"},"to":{"line":3,"ch":9,"sticky":null},"text":[""],"removed":["0"],"origin":"+delete"}
2019-3-26 16:15:00.636#keyHandled#"Backspace"
2019-3-26 16:15:01.067#change#{"from":{"line":3,"ch":7,"sticky":"after"},"to":{"line":3,"ch":8,"sticky":null},"text":[""],"removed":["1"],"origin":"+delete"}
2019-3-26 16:15:01.067#keyHandled#"Backspace"
2019-3-26 16:15:01.483#change#{"from":{"line":3,"ch":6,"sticky":"after"},"to":{"line":3,"ch":7,"sticky":null},"text":[""],"removed":["%"],"origin":"+delete"}
2019-3-26 16:15:01.483#keyHandled#"Backspace"
2019-3-26 16:15:01.910#change#{"from":{"line":3,"ch":5,"sticky":"after"},"to":{"line":3,"ch":6,"sticky":null},"text":[""],"removed":["a"],"origin":"+delete"}
2019-3-26 16:15:01.910#keyHandled#"Backspace"
2019-3-26 16:15:03.341#change#{"from":{"line":3,"ch":4,"sticky":"after"},"to":{"line":3,"ch":5,"sticky":null},"text":[""],"removed":[" "],"origin":"+delete"}
2019-3-26 16:15:03.341#keyHandled#"Backspace"
2019-3-26 16:15:04.878#mousedown#{"isTrusted":true}
2019-3-26 16:15:12.069#change#{"from":{"line":1,"ch":8,"sticky":"before","xRel":5.52777099609375},"to":{"line":1,"ch":8,"sticky":"before","xRel":5.52777099609375},"text":["1"],"removed":[""],"origin":"+input"}
2019-3-26 16:15:12.954#change#{"from":{"line":1,"ch":9,"sticky":null},"to":{"line":1,"ch":9,"sticky":null},"text":["0"],"removed":[""],"origin":"+input"}
2019-3-26 16:15:13.210#change#{"from":{"line":1,"ch":10,"sticky":null},"to":{"line":1,"ch":10,"sticky":null},"text":["0"],"removed":[""],"origin":"+input"}
2019-3-26 16:15:13.473#change#{"from":{"line":1,"ch":11,"sticky":null},"to":{"line":1,"ch":11,"sticky":null},"text":["0"],"removed":[""],"origin":"+input"}
2019-3-26 16:15:28.261#mousedown#{"isTrusted":true}
2019-3-26 16:16:28.627#change#{"from":{"line":2,"ch":5,"sticky":"before","xRel":48.4478759765625},"to":{"line":2,"ch":5,"sticky":"before","xRel":48.4478759765625},"text":["a"],"removed":[""],"origin":"+input"}
2019-3-26 16:16:28.627#change#{"from":{"line":2,"ch":5,"sticky":"before","xRel":48.4478759765625},"to":{"line":2,"ch":5,"sticky":"before","xRel":48.4478759765625},"text":["a"],"removed":[""],"origin":"+input"}
2019-3-26 16:18:03.455#blur#
2019-3-26 16:18:03.581#dica_bullet#SyntaxError: invalid syntax
2019-3-26 16:18:05.300#saida_testar#$ python3 main.py
File "main.py", line 4
a3 =
SyntaxError: invalid syntax
2019-3-26 16:18:05.997#mousedown#{"isTrusted":true}
2019-3-26 16:18:06.034#focus#
2019-3-26 16:18:07.570#change#{"from":{"line":2,"ch":5,"sticky":"after"},"to":{"line":2,"ch":6,"sticky":"before","xRel":5.767333984375},"text":[""],"removed":["a"],"origin":"+delete"}
2019-3-26 16:18:07.570#keyHandled#"Backspace"
2019-3-26 16:18:14.882#change#{"from":{"line":2,"ch":5,"sticky":null},"to":{"line":2,"ch":5,"sticky":null},"text":["a"],"removed":[""],"origin":"+input"}
2019-3-26 16:18:15.811#change#{"from":{"line":2,"ch":6,"sticky":null},"to":{"line":2,"ch":6,"sticky":null},"text":[" "],"removed":[""],"origin":"+input"}
2019-3-26 16:18:17.239#change#{"from":{"line":2,"ch":6,"sticky":"after"},"to":{"line":2,"ch":7,"sticky":null},"text":[""],"removed":[" "],"origin":"+delete"}
2019-3-26 16:18:17.239#keyHandled#"Backspace"
2019-3-26 16:18:34.291#change#{"from":{"line":2,"ch":6,"sticky":null},"to":{"line":2,"ch":6,"sticky":null},"text":["\\"],"removed":[""],"origin":"+input"}
2019-3-26 16:18:35.339#change#{"from":{"line":2,"ch":6,"sticky":"after"},"to":{"line":2,"ch":7,"sticky":null},"text":[""],"removed":["\\"],"origin":"+delete"}
2019-3-26 16:18:35.339#keyHandled#"Backspace"
2019-3-26 16:18:35.864#change#{"from":{"line":2,"ch":6,"sticky":null},"to":{"line":2,"ch":6,"sticky":null},"text":["/"],"removed":[""],"origin":"+input"}
2019-3-26 16:18:36.142#change#{"from":{"line":2,"ch":7,"sticky":null},"to":{"line":2,"ch":7,"sticky":null},"text":["/"],"removed":[""],"origin":"+input"}
2019-3-26 16:18:38.330#change#{"from":{"line":2,"ch":8,"sticky":null},"to":{"line":2,"ch":8,"sticky":null},"text":[" "],"removed":[""],"origin":"+input"}
2019-3-26 16:18:40.457#change#{"from":{"line":2,"ch":8,"sticky":"after"},"to":{"line":2,"ch":9,"sticky":null},"text":[""],"removed":[" "],"origin":"+delete"}
2019-3-26 16:18:40.457#keyHandled#"Backspace"
2019-3-26 16:19:31.272#mousedown#{"isTrusted":true}
2019-3-26 16:19:35.845#change#{"from":{"line":2,"ch":5,"sticky":"before","xRel":-0.5521240234375},"to":{"line":2,"ch":5,"sticky":"before","xRel":-0.5521240234375},"text":["("],"removed":[""],"origin":"+input"}
2019-3-26 16:19:37.508#mousedown#{"isTrusted":true}
2019-3-26 16:19:38.594#change#{"from":{"line":2,"ch":9,"sticky":"before","xRel":7.69091796875},"to":{"line":2,"ch":9,"sticky":"before","xRel":7.69091796875},"text":["1"],"removed":[""],"origin":"+input"}
2019-3-26 16:19:39.328#change#{"from":{"line":2,"ch":10,"sticky":null},"to":{"line":2,"ch":10,"sticky":null},"text":["0"],"removed":[""],"origin":"+input"}
2019-3-26 16:19:39.723#change#{"from":{"line":2,"ch":11,"sticky":null},"to":{"line":2,"ch":11,"sticky":null},"text":["0"],"removed":[""],"origin":"+input"}
2019-3-26 16:19:43.602#change#{"from":{"line":2,"ch":12,"sticky":null},"to":{"line":2,"ch":12,"sticky":null},"text":[")"],"removed":[""],"origin":"+input"}
2019-3-26 16:19:47.058#change#{"from":{"line":2,"ch":13,"sticky":null},"to":{"line":2,"ch":13,"sticky":null},"text":["%"],"removed":[""],"origin":"+input"}
2019-3-26 16:19:48.925#change#{"from":{"line":2,"ch":14,"sticky":null},"to":{"line":2,"ch":14,"sticky":null},"text":["1"],"removed":[""],"origin":"+input"}
2019-3-26 16:19:49.605#change#{"from":{"line":2,"ch":15,"sticky":null},"to":{"line":2,"ch":15,"sticky":null},"text":["0"],"removed":[""],"origin":"+input"}
2019-3-26 16:19:59.423#mousedown#{"isTrusted":true}
2019-3-26 16:20:00.971#change#{"from":{"line":3,"ch":4,"sticky":"before","xRel":18.12841796875},"to":{"line":3,"ch":4,"sticky":"before","xRel":18.12841796875},"text":[" "],"removed":[""],"origin":"+input"}
2019-3-26 16:20:04.836#change#{"from":{"line":3,"ch":5,"sticky":null},"to":{"line":3,"ch":5,"sticky":null},"text":["()"],"removed":[""],"origin":"+input"}
2019-3-26 16:20:04.836#keyHandled#"'('"
2019-3-26 16:20:06.525#change#{"from":{"line":3,"ch":6,"sticky":"after"},"to":{"line":3,"ch":6,"sticky":"after"},"text":["a"],"removed":[""],"origin":"+input"}
2019-3-26 16:20:08.080#change#{"from":{"line":3,"ch":7,"sticky":null},"to":{"line":3,"ch":7,"sticky":null},"text":["/"],"removed":[""],"origin":"+input"}
2019-3-26 16:20:08.497#change#{"from":{"line":3,"ch":8,"sticky":null},"to":{"line":3,"ch":8,"sticky":null},"text":["/"],"removed":[""],"origin":"+input"}
2019-3-26 16:20:09.455#change#{"from":{"line":3,"ch":9,"sticky":null},"to":{"line":3,"ch":9,"sticky":null},"text":["1"],"removed":[""],"origin":"+input"}
2019-3-26 16:20:10.177#change#{"from":{"line":3,"ch":10,"sticky":null},"to":{"line":3,"ch":10,"sticky":null},"text":["0"],"removed":[""],"origin":"+input"}
2019-3-26 16:20:12.311#mousedown#{"isTrusted":true}
2019-3-26 16:20:16.211#change#{"from":{"line":3,"ch":12,"sticky":"before","xRel":11.63189697265625},"to":{"line":3,"ch":12,"sticky":"before","xRel":11.63189697265625},"text":["%"],"removed":[""],"origin":"+input"}
2019-3-26 16:20:17.820#change#{"from":{"line":3,"ch":13,"sticky":null},"to":{"line":3,"ch":13,"sticky":null},"text":["1"],"removed":[""],"origin":"+input"}
2019-3-26 16:20:18.566#change#{"from":{"line":3,"ch":14,"sticky":null},"to":{"line":3,"ch":14,"sticky":null},"text":["0"],"removed":[""],"origin":"+input"}
2019-3-26 16:20:21.926#mousedown#{"isTrusted":true}
2019-3-26 16:20:22.981#change#{"from":{"line":3,"ch":4,"sticky":"after"},"to":{"line":3,"ch":5,"sticky":"after","xRel":1.08331298828125},"text":[""],"removed":[" "],"origin":"+delete"}
2019-3-26 16:20:22.981#keyHandled#"Backspace"
2019-3-26 16:20:25.113#change#{"from":{"line":3,"ch":4,"sticky":null},"to":{"line":3,"ch":4,"sticky":null},"text":[" "],"removed":[""],"origin":"+input"}
2019-3-26 16:20:37.677#mousedown#{"isTrusted":true}
2019-3-26 16:20:38.501#mousedown#{"isTrusted":true}
2019-3-26 16:20:40.533#change#{"from":{"line":4,"ch":5,"sticky":"before","xRel":12.4478759765625},"to":{"line":4,"ch":5,"sticky":"before","xRel":12.4478759765625},"text":[" "],"removed":[""],"origin":"+input"}
2019-3-26 16:20:41.474#change#{"from":{"line":4,"ch":6,"sticky":null},"to":{"line":4,"ch":6,"sticky":null},"text":["a"],"removed":[""],"origin":"+input"}
2019-3-26 16:20:47.134#change#{"from":{"line":4,"ch":7,"sticky":null},"to":{"line":4,"ch":7,"sticky":null},"text":["%"],"removed":[""],"origin":"+input"}
2019-3-26 16:20:48.368#change#{"from":{"line":4,"ch":8,"sticky":null},"to":{"line":4,"ch":8,"sticky":null},"text":["1"],"removed":[""],"origin":"+input"}
2019-3-26 16:20:49.321#change#{"from":{"line":4,"ch":9,"sticky":null},"to":{"line":4,"ch":9,"sticky":null},"text":["0"],"removed":[""],"origin":"+input"}
2019-3-26 16:20:49.321#change#{"from":{"line":4,"ch":9,"sticky":null},"to":{"line":4,"ch":9,"sticky":null},"text":["0"],"removed":[""],"origin":"+input"}
2019-3-26 16:20:53.253#blur#
2019-3-26 16:20:55.086#saida_testar#$ python3 main.py
2019-3-26 16:21:04.867#mousedown#{"isTrusted":true}
2019-3-26 16:21:04.902#focus#
2019-3-26 16:21:07.413#change#{"from":{"line":5,"ch":6,"sticky":"before","xRel":-1.28472900390625},"to":{"line":8,"ch":9,"sticky":"before","xRel":7.65618896484375},"text":[""],"removed":["a1)","print(a2)","print(a3)","print(a4)"],"origin":"+delete"}
2019-3-26 16:21:07.413#keyHandled#"Backspace"
2019-3-26 16:21:07.416#viewportChange#0
2019-3-26 16:21:09.848#change#{"from":{"line":5,"ch":6,"sticky":null},"to":{"line":5,"ch":6,"sticky":null},"text":[")"],"removed":[""],"origin":"+input"}
2019-3-26 16:21:11.005#mousedown#{"isTrusted":true}
2019-3-26 16:22:10.063#change#{"from":{"line":5,"ch":6,"sticky":"before","xRel":-1.80560302734375},"to":{"line":5,"ch":6,"sticky":"before","xRel":-1.80560302734375},"text":["a"],"removed":[""],"origin":"+input"}
2019-3-26 16:22:10.402#change#{"from":{"line":5,"ch":7,"sticky":null},"to":{"line":5,"ch":7,"sticky":null},"text":["1"],"removed":[""],"origin":"+input"}
2019-3-26 16:22:11.135#change#{"from":{"line":5,"ch":8,"sticky":null},"to":{"line":5,"ch":8,"sticky":null},"text":[" "],"removed":[""],"origin":"+input"}
2019-3-26 16:22:11.693#change#{"from":{"line":5,"ch":9,"sticky":null},"to":{"line":5,"ch":9,"sticky":null},"text":["+"],"removed":[""],"origin":"+input"}
2019-3-26 16:22:12.226#change#{"from":{"line":5,"ch":10,"sticky":null},"to":{"line":5,"ch":10,"sticky":null},"text":[" "],"removed":[""],"origin":"+input"}
2019-3-26 16:22:12.968#change#{"from":{"line":5,"ch":11,"sticky":null},"to":{"line":5,"ch":11,"sticky":null},"text":["a"],"removed":[""],"origin":"+input"}
2019-3-26 16:22:13.474#change#{"from":{"line":5,"ch":12,"sticky":null},"to":{"line":5,"ch":12,"sticky":null},"text":["2"],"removed":[""],"origin":"+input"}
2019-3-26 16:22:13.807#change#{"from":{"line":5,"ch":13,"sticky":null},"to":{"line":5,"ch":13,"sticky":null},"text":[" "],"removed":[""],"origin":"+input"}
2019-3-26 16:22:14.232#change#{"from":{"line":5,"ch":14,"sticky":null},"to":{"line":5,"ch":14,"sticky":null},"text":["+"],"removed":[""],"origin":"+input"}
2019-3-26 16:22:14.648#change#{"from":{"line":5,"ch":15,"sticky":null},"to":{"line":5,"ch":15,"sticky":null},"text":[" "],"removed":[""],"origin":"+input"}
2019-3-26 16:22:14.977#change#{"from":{"line":5,"ch":16,"sticky":null},"to":{"line":5,"ch":16,"sticky":null},"text":["a"],"removed":[""],"origin":"+input"}
2019-3-26 16:22:15.405#change#{"from":{"line":5,"ch":17,"sticky":null},"to":{"line":5,"ch":17,"sticky":null},"text":["3"],"removed":[""],"origin":"+input"}
2019-3-26 16:22:15.779#change#{"from":{"line":5,"ch":18,"sticky":null},"to":{"line":5,"ch":18,"sticky":null},"text":[" "],"removed":[""],"origin":"+input"}
2019-3-26 16:22:17.323#change#{"from":{"line":5,"ch":19,"sticky":null},"to":{"line":5,"ch":19,"sticky":null},"text":["+"],"removed":[""],"origin":"+input"}
2019-3-26 16:22:17.813#change#{"from":{"line":5,"ch":20,"sticky":null},"to":{"line":5,"ch":20,"sticky":null},"text":[" "],"removed":[""],"origin":"+input"}
2019-3-26 16:22:18.042#change#{"from":{"line":5,"ch":21,"sticky":null},"to":{"line":5,"ch":21,"sticky":null},"text":["a"],"removed":[""],"origin":"+input"}
2019-3-26 16:22:18.591#change#{"from":{"line":5,"ch":22,"sticky":null},"to":{"line":5,"ch":22,"sticky":null},"text":["4"],"removed":[""],"origin":"+input"}
2019-3-26 16:22:32.173#viewportChange#0
2019-3-26 16:22:33.505#mousedown#{"isTrusted":true}
2019-3-26 16:22:33.513#focus#
2019-3-26 16:22:33.505#mousedown#{"isTrusted":true}
2019-3-26 16:22:33.513#focus#
2019-3-26 16:22:34.889#blur#
2019-3-26 16:22:36.718#saida_testar#$ python3 main.py
2019-3-31 20:19:07.245#viewportChange#0
2019-3-31 20:19:10.923#mousedown#{"isTrusted":true}
2019-3-31 20:19:10.947#focus#
2019-3-31 20:19:10.923#mousedown#{"isTrusted":true}
2019-3-31 20:19:10.947#focus#
2019-3-31 20:19:12.096#submit#Congratulations, your code is correct!
2019-3-31 20:19:20.542#blur#
2019-4-2 15:41:57.511#viewportChange#0
2019-4-2 15:41:59.041#mousedown#{"isTrusted":true}
2019-4-2 15:41:59.067#focus#
2019-4-2 15:42:00.508#mousedown#{"isTrusted":true}
2019-4-2 15:42:00.509#contextmenu#{"isTrusted":true}
2019-4-2 15:42:01.629#copy#{"isTrusted":true}
2019-4-2 15:42:02.392#blur#
