2019-5-14 16:18:42.961#viewportChange#0
2019-5-14 16:36:49.807#mousedown#{"isTrusted":true}
2019-5-14 16:36:49.819#focus#
2019-5-14 16:36:52.552#change#{"from":{"line":0,"ch":0,"sticky":"after","xRel":176.08331298828125},"to":{"line":0,"ch":0,"sticky":"after","xRel":176.08331298828125},"text":["x"],"removed":[""],"origin":"+input"}
2019-5-14 16:36:52.698#change#{"from":{"line":0,"ch":1,"sticky":null},"to":{"line":0,"ch":1,"sticky":null},"text":[" "],"removed":[""],"origin":"+input"}
2019-5-14 16:36:53.612#change#{"from":{"line":0,"ch":2,"sticky":null},"to":{"line":0,"ch":2,"sticky":null},"text":["="],"removed":[""],"origin":"+input"}
2019-5-14 16:36:54.060#change#{"from":{"line":0,"ch":3,"sticky":null},"to":{"line":0,"ch":3,"sticky":null},"text":[" "],"removed":[""],"origin":"+input"}
2019-5-14 16:36:54.883#change#{"from":{"line":0,"ch":4,"sticky":null},"to":{"line":0,"ch":4,"sticky":null},"text":["e"],"removed":[""],"origin":"+input"}
2019-5-14 16:36:55.367#change#{"from":{"line":0,"ch":5,"sticky":null},"to":{"line":0,"ch":5,"sticky":null},"text":["v"],"removed":[""],"origin":"+input"}
2019-5-14 16:36:55.658#change#{"from":{"line":0,"ch":6,"sticky":null},"to":{"line":0,"ch":6,"sticky":null},"text":["s"],"removed":[""],"origin":"+input"}
2019-5-14 16:36:55.682#change#{"from":{"line":0,"ch":7,"sticky":null},"to":{"line":0,"ch":7,"sticky":null},"text":["a"],"removed":[""],"origin":"+input"}
2019-5-14 16:36:55.818#change#{"from":{"line":0,"ch":8,"sticky":null},"to":{"line":0,"ch":8,"sticky":null},"text":["l"],"removed":[""],"origin":"+input"}
2019-5-14 16:36:56.663#change#{"from":{"line":0,"ch":8,"sticky":"after"},"to":{"line":0,"ch":9,"sticky":null},"text":[""],"removed":["l"],"origin":"+delete"}
2019-5-14 16:36:56.663#keyHandled#"Backspace"
2019-5-14 16:36:56.824#change#{"from":{"line":0,"ch":7,"sticky":"after"},"to":{"line":0,"ch":8,"sticky":null},"text":[""],"removed":["a"],"origin":"+delete"}
2019-5-14 16:36:56.824#keyHandled#"Backspace"
2019-5-14 16:36:57.010#change#{"from":{"line":0,"ch":7,"sticky":null},"to":{"line":0,"ch":7,"sticky":null},"text":["a"],"removed":[""],"origin":"+input"}
2019-5-14 16:36:57.580#change#{"from":{"line":0,"ch":7,"sticky":"after"},"to":{"line":0,"ch":8,"sticky":null},"text":[""],"removed":["a"],"origin":"+delete"}
2019-5-14 16:36:57.580#keyHandled#"Backspace"
2019-5-14 16:36:57.923#change#{"from":{"line":0,"ch":7,"sticky":null},"to":{"line":0,"ch":7,"sticky":null},"text":["a"],"removed":[""],"origin":"+input"}
2019-5-14 16:36:58.074#change#{"from":{"line":0,"ch":8,"sticky":null},"to":{"line":0,"ch":8,"sticky":null},"text":["l"],"removed":[""],"origin":"+input"}
2019-5-14 16:36:58.540#change#{"from":{"line":0,"ch":8,"sticky":"after"},"to":{"line":0,"ch":9,"sticky":null},"text":[""],"removed":["l"],"origin":"+delete"}
2019-5-14 16:36:58.540#keyHandled#"Backspace"
2019-5-14 16:36:58.740#change#{"from":{"line":0,"ch":7,"sticky":"after"},"to":{"line":0,"ch":8,"sticky":null},"text":[""],"removed":["a"],"origin":"+delete"}
2019-5-14 16:36:58.740#keyHandled#"Backspace"
2019-5-14 16:36:59.071#change#{"from":{"line":0,"ch":6,"sticky":"after"},"to":{"line":0,"ch":7,"sticky":null},"text":[""],"removed":["s"],"origin":"+delete"}
2019-5-14 16:36:59.071#keyHandled#"Backspace"
2019-5-14 16:36:59.482#change#{"from":{"line":0,"ch":6,"sticky":null},"to":{"line":0,"ch":6,"sticky":null},"text":["a"],"removed":[""],"origin":"+input"}
2019-5-14 16:36:59.504#change#{"from":{"line":0,"ch":7,"sticky":null},"to":{"line":0,"ch":7,"sticky":null},"text":["a"],"removed":[""],"origin":"+input"}
2019-5-14 16:36:59.610#change#{"from":{"line":0,"ch":8,"sticky":null},"to":{"line":0,"ch":8,"sticky":null},"text":["l"],"removed":[""],"origin":"+input"}
2019-5-14 16:36:59.841#change#{"from":{"line":0,"ch":9,"sticky":null},"to":{"line":0,"ch":9,"sticky":null},"text":[" "],"removed":[""],"origin":"+input"}
2019-5-14 16:37:00.460#change#{"from":{"line":0,"ch":9,"sticky":"after"},"to":{"line":0,"ch":10,"sticky":null},"text":[""],"removed":[" "],"origin":"+delete"}
2019-5-14 16:37:00.460#keyHandled#"Backspace"
2019-5-14 16:37:00.636#change#{"from":{"line":0,"ch":8,"sticky":"after"},"to":{"line":0,"ch":9,"sticky":null},"text":[""],"removed":["l"],"origin":"+delete"}
2019-5-14 16:37:00.636#keyHandled#"Backspace"
2019-5-14 16:37:00.796#change#{"from":{"line":0,"ch":7,"sticky":"after"},"to":{"line":0,"ch":8,"sticky":null},"text":[""],"removed":["a"],"origin":"+delete"}
2019-5-14 16:37:00.796#keyHandled#"Backspace"
2019-5-14 16:37:01.433#change#{"from":{"line":0,"ch":7,"sticky":null},"to":{"line":0,"ch":7,"sticky":null},"text":["l"],"removed":[""],"origin":"+input"}
2019-5-14 16:37:01.808#change#{"from":{"line":0,"ch":8,"sticky":null},"to":{"line":0,"ch":8,"sticky":null},"text":[" "],"removed":[""],"origin":"+input"}
2019-5-14 16:37:04.260#change#{"from":{"line":0,"ch":8,"sticky":"after"},"to":{"line":0,"ch":9,"sticky":null},"text":[""],"removed":[" "],"origin":"+delete"}
2019-5-14 16:37:04.260#keyHandled#"Backspace"
2019-5-14 16:37:04.786#change#{"from":{"line":0,"ch":8,"sticky":null},"to":{"line":0,"ch":8,"sticky":null},"text":["()"],"removed":[""],"origin":"+input"}
2019-5-14 16:37:04.787#keyHandled#"'('"
2019-5-14 16:37:05.561#change#{"from":{"line":0,"ch":9,"sticky":"after"},"to":{"line":0,"ch":9,"sticky":"after"},"text":["i"],"removed":[""],"origin":"+input"}
2019-5-14 16:37:05.752#change#{"from":{"line":0,"ch":10,"sticky":null},"to":{"line":0,"ch":10,"sticky":null},"text":["n"],"removed":[""],"origin":"+input"}
2019-5-14 16:37:06.032#change#{"from":{"line":0,"ch":11,"sticky":null},"to":{"line":0,"ch":11,"sticky":null},"text":["p"],"removed":[""],"origin":"+input"}
2019-5-14 16:37:06.398#change#{"from":{"line":0,"ch":12,"sticky":null},"to":{"line":0,"ch":12,"sticky":null},"text":["u"],"removed":[""],"origin":"+input"}
2019-5-14 16:37:06.581#change#{"from":{"line":0,"ch":13,"sticky":null},"to":{"line":0,"ch":13,"sticky":null},"text":["t"],"removed":[""],"origin":"+input"}
2019-5-14 16:37:07.497#change#{"from":{"line":0,"ch":14,"sticky":null},"to":{"line":0,"ch":14,"sticky":null},"text":["()"],"removed":[""],"origin":"+input"}
2019-5-14 16:37:07.497#keyHandled#"'('"
2019-5-14 16:37:08.291#change#{"from":{"line":0,"ch":15,"sticky":"after"},"to":{"line":0,"ch":15,"sticky":"after"},"text":["\"\""],"removed":[""],"origin":"+input"}
2019-5-14 16:37:08.291#keyHandled#"'\"'"
2019-5-14 16:37:12.410#keyHandled#"'\"'"
2019-5-14 16:37:13.570#change#{"from":{"line":0,"ch":17,"sticky":"before"},"to":{"line":0,"ch":17,"sticky":"before"},"text":["V"],"removed":[""],"origin":"+input"}
2019-5-14 16:37:14.370#change#{"from":{"line":0,"ch":18,"sticky":null},"to":{"line":0,"ch":18,"sticky":null},"text":["a"],"removed":[""],"origin":"+input"}
2019-5-14 16:37:14.842#change#{"from":{"line":0,"ch":19,"sticky":null},"to":{"line":0,"ch":19,"sticky":null},"text":["l"],"removed":[""],"origin":"+input"}
2019-5-14 16:37:15.000#change#{"from":{"line":0,"ch":20,"sticky":null},"to":{"line":0,"ch":20,"sticky":null},"text":["o"],"removed":[""],"origin":"+input"}
2019-5-14 16:37:15.148#change#{"from":{"line":0,"ch":21,"sticky":null},"to":{"line":0,"ch":21,"sticky":null},"text":["r"],"removed":[""],"origin":"+input"}
2019-5-14 16:37:15.768#change#{"from":{"line":0,"ch":22,"sticky":null},"to":{"line":0,"ch":22,"sticky":null},"text":[" "],"removed":[""],"origin":"+input"}
2019-5-14 16:37:16.000#change#{"from":{"line":0,"ch":23,"sticky":null},"to":{"line":0,"ch":23,"sticky":null},"text":["d"],"removed":[""],"origin":"+input"}
2019-5-14 16:37:16.228#change#{"from":{"line":0,"ch":24,"sticky":null},"to":{"line":0,"ch":24,"sticky":null},"text":["e"],"removed":[""],"origin":"+input"}
2019-5-14 16:37:16.337#change#{"from":{"line":0,"ch":25,"sticky":null},"to":{"line":0,"ch":25,"sticky":null},"text":[" "],"removed":[""],"origin":"+input"}
2019-5-14 16:37:20.535#mousedown#{"isTrusted":true}
2019-5-14 16:37:21.492#change#{"from":{"line":0,"ch":16,"sticky":"after"},"to":{"line":0,"ch":17,"sticky":"before","xRel":-2.91668701171875},"text":[""],"removed":["\""],"origin":"+delete"}
2019-5-14 16:37:21.492#keyHandled#"Backspace"
2019-5-14 16:37:23.387#mousedown#{"isTrusted":true}
2019-5-14 16:37:24.378#change#{"from":{"line":0,"ch":25,"sticky":"after","xRel":0.08331298828125},"to":{"line":0,"ch":25,"sticky":"after","xRel":0.08331298828125},"text":["c"],"removed":[""],"origin":"+input"}
2019-5-14 16:37:25.140#change#{"from":{"line":0,"ch":25,"sticky":"after"},"to":{"line":0,"ch":26,"sticky":null},"text":[""],"removed":["c"],"origin":"+delete"}
2019-5-14 16:37:25.140#keyHandled#"Backspace"
2019-5-14 16:37:25.353#change#{"from":{"line":0,"ch":25,"sticky":null},"to":{"line":0,"ch":25,"sticky":null},"text":["x"],"removed":[""],"origin":"+input"}
2019-5-14 16:37:26.587#change#{"from":{"line":0,"ch":26,"sticky":null},"to":{"line":0,"ch":26,"sticky":null},"text":[";"],"removed":[""],"origin":"+input"}
2019-5-14 16:37:27.618#change#{"from":{"line":0,"ch":26,"sticky":"after"},"to":{"line":0,"ch":27,"sticky":null},"text":[""],"removed":[";"],"origin":"+delete"}
2019-5-14 16:37:27.618#keyHandled#"Backspace"
2019-5-14 16:37:28.282#change#{"from":{"line":0,"ch":26,"sticky":null},"to":{"line":0,"ch":26,"sticky":null},"text":[":"],"removed":[""],"origin":"+input"}
2019-5-14 16:37:28.577#change#{"from":{"line":0,"ch":27,"sticky":null},"to":{"line":0,"ch":27,"sticky":null},"text":[" "],"removed":[""],"origin":"+input"}
2019-5-14 16:37:31.331#mousedown#{"isTrusted":true}
2019-5-14 16:37:32.970#change#{"from":{"line":0,"ch":27,"sticky":"before","xRel":-1.91668701171875},"to":{"line":0,"ch":27,"sticky":"before","xRel":-1.91668701171875},"text":["\""],"removed":[""],"origin":"+input"}
2019-5-14 16:37:33.678#mousedown#{"isTrusted":true}
2019-5-14 16:37:34.727#change#{"from":{"line":0,"ch":31,"sticky":"before","xRel":6.08331298828125},"to":{"line":0,"ch":31,"sticky":"before","xRel":6.08331298828125},"text":["",""],"removed":[""],"origin":"+input"}
2019-5-14 16:37:34.727#keyHandled#"Enter"
2019-5-14 16:37:34.748#viewportChange#0
2019-5-14 16:37:36.658#change#{"from":{"line":1,"ch":0,"sticky":null},"to":{"line":1,"ch":0,"sticky":null},"text":["k"],"removed":[""],"origin":"+input"}
2019-5-14 16:37:36.969#change#{"from":{"line":1,"ch":1,"sticky":null},"to":{"line":1,"ch":1,"sticky":null},"text":[" "],"removed":[""],"origin":"+input"}
2019-5-14 16:37:38.145#change#{"from":{"line":1,"ch":2,"sticky":null},"to":{"line":1,"ch":2,"sticky":null},"text":["="],"removed":[""],"origin":"+input"}
2019-5-14 16:37:39.056#change#{"from":{"line":1,"ch":3,"sticky":null},"to":{"line":1,"ch":3,"sticky":null},"text":[" "],"removed":[""],"origin":"+input"}
2019-5-14 16:37:39.665#change#{"from":{"line":1,"ch":4,"sticky":null},"to":{"line":1,"ch":4,"sticky":null},"text":["i"],"removed":[""],"origin":"+input"}
2019-5-14 16:37:39.800#change#{"from":{"line":1,"ch":5,"sticky":null},"to":{"line":1,"ch":5,"sticky":null},"text":["n"],"removed":[""],"origin":"+input"}
2019-5-14 16:37:40.065#change#{"from":{"line":1,"ch":6,"sticky":null},"to":{"line":1,"ch":6,"sticky":null},"text":["t"],"removed":[""],"origin":"+input"}
2019-5-14 16:37:42.417#change#{"from":{"line":1,"ch":7,"sticky":null},"to":{"line":1,"ch":7,"sticky":null},"text":["()"],"removed":[""],"origin":"+input"}
2019-5-14 16:37:42.417#keyHandled#"'('"
2019-5-14 16:37:43.274#change#{"from":{"line":1,"ch":8,"sticky":"after"},"to":{"line":1,"ch":8,"sticky":"after"},"text":["i"],"removed":[""],"origin":"+input"}
2019-5-14 16:37:43.443#change#{"from":{"line":1,"ch":9,"sticky":null},"to":{"line":1,"ch":9,"sticky":null},"text":["n"],"removed":[""],"origin":"+input"}
2019-5-14 16:37:43.657#change#{"from":{"line":1,"ch":10,"sticky":null},"to":{"line":1,"ch":10,"sticky":null},"text":["p"],"removed":[""],"origin":"+input"}
2019-5-14 16:37:44.097#change#{"from":{"line":1,"ch":11,"sticky":null},"to":{"line":1,"ch":11,"sticky":null},"text":["u"],"removed":[""],"origin":"+input"}
2019-5-14 16:37:44.328#change#{"from":{"line":1,"ch":12,"sticky":null},"to":{"line":1,"ch":12,"sticky":null},"text":["t"],"removed":[""],"origin":"+input"}
2019-5-14 16:37:45.089#change#{"from":{"line":1,"ch":13,"sticky":null},"to":{"line":1,"ch":13,"sticky":null},"text":["()"],"removed":[""],"origin":"+input"}
2019-5-14 16:37:45.090#keyHandled#"'('"
2019-5-14 16:37:46.216#change#{"from":{"line":1,"ch":14,"sticky":"after"},"to":{"line":1,"ch":14,"sticky":"after"},"text":["\"\""],"removed":[""],"origin":"+input"}
2019-5-14 16:37:46.216#keyHandled#"'\"'"
2019-5-14 16:37:47.121#change#{"from":{"line":1,"ch":15,"sticky":"after"},"to":{"line":1,"ch":15,"sticky":"after"},"text":["V"],"removed":[""],"origin":"+input"}
2019-5-14 16:37:47.321#change#{"from":{"line":1,"ch":16,"sticky":null},"to":{"line":1,"ch":16,"sticky":null},"text":["a"],"removed":[""],"origin":"+input"}
2019-5-14 16:37:47.497#change#{"from":{"line":1,"ch":17,"sticky":null},"to":{"line":1,"ch":17,"sticky":null},"text":["l"],"removed":[""],"origin":"+input"}
2019-5-14 16:37:47.673#change#{"from":{"line":1,"ch":18,"sticky":null},"to":{"line":1,"ch":18,"sticky":null},"text":["o"],"removed":[""],"origin":"+input"}
2019-5-14 16:37:47.800#change#{"from":{"line":1,"ch":19,"sticky":null},"to":{"line":1,"ch":19,"sticky":null},"text":["r"],"removed":[""],"origin":"+input"}
2019-5-14 16:37:48.633#change#{"from":{"line":1,"ch":20,"sticky":null},"to":{"line":1,"ch":20,"sticky":null},"text":[" "],"removed":[""],"origin":"+input"}
2019-5-14 16:37:48.776#change#{"from":{"line":1,"ch":21,"sticky":null},"to":{"line":1,"ch":21,"sticky":null},"text":["d"],"removed":[""],"origin":"+input"}
2019-5-14 16:37:48.984#change#{"from":{"line":1,"ch":22,"sticky":null},"to":{"line":1,"ch":22,"sticky":null},"text":["e"],"removed":[""],"origin":"+input"}
2019-5-14 16:37:49.105#change#{"from":{"line":1,"ch":23,"sticky":null},"to":{"line":1,"ch":23,"sticky":null},"text":[" "],"removed":[""],"origin":"+input"}
2019-5-14 16:37:49.593#change#{"from":{"line":1,"ch":24,"sticky":null},"to":{"line":1,"ch":24,"sticky":null},"text":["k"],"removed":[""],"origin":"+input"}
2019-5-14 16:37:51.649#change#{"from":{"line":1,"ch":25,"sticky":null},"to":{"line":1,"ch":25,"sticky":null},"text":[":"],"removed":[""],"origin":"+input"}
2019-5-14 16:37:52.585#change#{"from":{"line":1,"ch":26,"sticky":null},"to":{"line":1,"ch":26,"sticky":null},"text":[" "],"removed":[""],"origin":"+input"}
2019-5-14 16:37:53.444#mousedown#{"isTrusted":true}
2019-5-14 16:37:59.077#mousedown#{"isTrusted":true}
2019-5-14 16:37:59.708#change#{"from":{"line":0,"ch":0,"sticky":"after","xRel":1.08331298828125},"to":{"line":0,"ch":0,"sticky":"after","xRel":1.08331298828125},"text":["",""],"removed":[""],"origin":"+input"}
2019-5-14 16:37:59.708#keyHandled#"Enter"
2019-5-14 16:37:59.718#viewportChange#0
2019-5-14 16:38:00.741#mousedown#{"isTrusted":true}
2019-5-14 16:38:01.484#change#{"from":{"line":0,"ch":0,"sticky":"after","xRel":69.08331298828125},"to":{"line":0,"ch":0,"sticky":"after","xRel":69.08331298828125},"text":["f"],"removed":[""],"origin":"+input"}
2019-5-14 16:38:01.680#change#{"from":{"line":0,"ch":1,"sticky":null},"to":{"line":0,"ch":1,"sticky":null},"text":["r"],"removed":[""],"origin":"+input"}
2019-5-14 16:38:01.800#change#{"from":{"line":0,"ch":2,"sticky":null},"to":{"line":0,"ch":2,"sticky":null},"text":["o"],"removed":[""],"origin":"+input"}
2019-5-14 16:38:01.936#change#{"from":{"line":0,"ch":3,"sticky":null},"to":{"line":0,"ch":3,"sticky":null},"text":["m"],"removed":[""],"origin":"+input"}
2019-5-14 16:38:02.114#change#{"from":{"line":0,"ch":4,"sticky":null},"to":{"line":0,"ch":4,"sticky":null},"text":[" "],"removed":[""],"origin":"+input"}
2019-5-14 16:38:02.296#change#{"from":{"line":0,"ch":5,"sticky":null},"to":{"line":0,"ch":5,"sticky":null},"text":["m"],"removed":[""],"origin":"+input"}
2019-5-14 16:38:02.465#change#{"from":{"line":0,"ch":6,"sticky":null},"to":{"line":0,"ch":6,"sticky":null},"text":["a"],"removed":[""],"origin":"+input"}
2019-5-14 16:38:02.816#change#{"from":{"line":0,"ch":7,"sticky":null},"to":{"line":0,"ch":7,"sticky":null},"text":["t"],"removed":[""],"origin":"+input"}
2019-5-14 16:38:02.952#change#{"from":{"line":0,"ch":8,"sticky":null},"to":{"line":0,"ch":8,"sticky":null},"text":["h"],"removed":[""],"origin":"+input"}
2019-5-14 16:38:03.104#change#{"from":{"line":0,"ch":9,"sticky":null},"to":{"line":0,"ch":9,"sticky":null},"text":[" "],"removed":[""],"origin":"+input"}
2019-5-14 16:38:04.441#change#{"from":{"line":0,"ch":10,"sticky":null},"to":{"line":0,"ch":10,"sticky":null},"text":["i"],"removed":[""],"origin":"+input"}
2019-5-14 16:38:04.617#change#{"from":{"line":0,"ch":11,"sticky":null},"to":{"line":0,"ch":11,"sticky":null},"text":["m"],"removed":[""],"origin":"+input"}
2019-5-14 16:38:04.816#change#{"from":{"line":0,"ch":12,"sticky":null},"to":{"line":0,"ch":12,"sticky":null},"text":["p"],"removed":[""],"origin":"+input"}
2019-5-14 16:38:04.984#change#{"from":{"line":0,"ch":13,"sticky":null},"to":{"line":0,"ch":13,"sticky":null},"text":["o"],"removed":[""],"origin":"+input"}
2019-5-14 16:38:05.440#change#{"from":{"line":0,"ch":14,"sticky":null},"to":{"line":0,"ch":14,"sticky":null},"text":["r"],"removed":[""],"origin":"+input"}
2019-5-14 16:38:05.673#change#{"from":{"line":0,"ch":15,"sticky":null},"to":{"line":0,"ch":15,"sticky":null},"text":["*"],"removed":[""],"origin":"+input"}
2019-5-14 16:38:07.452#change#{"from":{"line":0,"ch":15,"sticky":"after"},"to":{"line":0,"ch":16,"sticky":null},"text":[""],"removed":["*"],"origin":"+delete"}
2019-5-14 16:38:07.452#keyHandled#"Backspace"
2019-5-14 16:38:08.121#change#{"from":{"line":0,"ch":15,"sticky":null},"to":{"line":0,"ch":15,"sticky":null},"text":["t"],"removed":[""],"origin":"+input"}
2019-5-14 16:38:09.353#change#{"from":{"line":0,"ch":16,"sticky":null},"to":{"line":0,"ch":16,"sticky":null},"text":["*"],"removed":[""],"origin":"+input"}
2019-5-14 16:38:10.310#mousedown#{"isTrusted":true}
2019-5-14 16:38:11.014#change#{"from":{"line":2,"ch":30,"sticky":"before","xRel":61.08331298828125},"to":{"line":2,"ch":30,"sticky":"before","xRel":61.08331298828125},"text":["",""],"removed":[""],"origin":"+input"}
2019-5-14 16:38:11.014#keyHandled#"Enter"
2019-5-14 16:38:11.023#viewportChange#0
2019-5-14 16:38:11.364#change#{"from":{"line":3,"ch":0,"sticky":null},"to":{"line":3,"ch":0,"sticky":null},"text":["",""],"removed":[""],"origin":"+input"}
2019-5-14 16:38:11.364#keyHandled#"Enter"
2019-5-14 16:38:11.373#viewportChange#0
2019-5-14 16:38:15.466#change#{"from":{"line":4,"ch":0,"sticky":null},"to":{"line":4,"ch":0,"sticky":null},"text":["c"],"removed":[""],"origin":"+input"}
2019-5-14 16:38:15.625#change#{"from":{"line":4,"ch":1,"sticky":null},"to":{"line":4,"ch":1,"sticky":null},"text":["o"],"removed":[""],"origin":"+input"}
2019-5-14 16:38:15.816#change#{"from":{"line":4,"ch":2,"sticky":null},"to":{"line":4,"ch":2,"sticky":null},"text":["n"],"removed":[""],"origin":"+input"}
2019-5-14 16:38:15.984#change#{"from":{"line":4,"ch":3,"sticky":null},"to":{"line":4,"ch":3,"sticky":null},"text":["t"],"removed":[""],"origin":"+input"}
2019-5-14 16:38:16.601#change#{"from":{"line":4,"ch":4,"sticky":null},"to":{"line":4,"ch":4,"sticky":null},"text":[" "],"removed":[""],"origin":"+input"}
2019-5-14 16:38:17.033#change#{"from":{"line":4,"ch":5,"sticky":null},"to":{"line":4,"ch":5,"sticky":null},"text":["="],"removed":[""],"origin":"+input"}
2019-5-14 16:38:17.248#change#{"from":{"line":4,"ch":6,"sticky":null},"to":{"line":4,"ch":6,"sticky":null},"text":[" "],"removed":[""],"origin":"+input"}
2019-5-14 16:38:17.721#change#{"from":{"line":4,"ch":7,"sticky":null},"to":{"line":4,"ch":7,"sticky":null},"text":["2"],"removed":[""],"origin":"+input"}
2019-5-14 16:38:17.913#change#{"from":{"line":4,"ch":8,"sticky":null},"to":{"line":4,"ch":8,"sticky":null},"text":[" "],"removed":[""],"origin":"+input"}
2019-5-14 16:38:18.780#change#{"from":{"line":4,"ch":8,"sticky":"after"},"to":{"line":4,"ch":9,"sticky":null},"text":[""],"removed":[" "],"origin":"+delete"}
2019-5-14 16:38:18.780#keyHandled#"Backspace"
2019-5-14 16:38:18.924#change#{"from":{"line":4,"ch":7,"sticky":"after"},"to":{"line":4,"ch":8,"sticky":null},"text":[""],"removed":["2"],"origin":"+delete"}
2019-5-14 16:38:18.924#keyHandled#"Backspace"
2019-5-14 16:38:19.025#change#{"from":{"line":4,"ch":7,"sticky":null},"to":{"line":4,"ch":7,"sticky":null},"text":["1"],"removed":[""],"origin":"+input"}
2019-5-14 16:38:19.516#change#{"from":{"line":4,"ch":8,"sticky":null},"to":{"line":4,"ch":8,"sticky":null},"text":["",""],"removed":[""],"origin":"+input"}
2019-5-14 16:38:19.516#keyHandled#"Enter"
2019-5-14 16:38:19.527#viewportChange#0
2019-5-14 16:38:20.241#change#{"from":{"line":5,"ch":0,"sticky":null},"to":{"line":5,"ch":0,"sticky":null},"text":["s"],"removed":[""],"origin":"+input"}
2019-5-14 16:38:20.401#change#{"from":{"line":5,"ch":1,"sticky":null},"to":{"line":5,"ch":1,"sticky":null},"text":["i"],"removed":[""],"origin":"+input"}
2019-5-14 16:38:20.544#change#{"from":{"line":5,"ch":2,"sticky":null},"to":{"line":5,"ch":2,"sticky":null},"text":["n"],"removed":[""],"origin":"+input"}
2019-5-14 16:38:20.689#change#{"from":{"line":5,"ch":3,"sticky":null},"to":{"line":5,"ch":3,"sticky":null},"text":["a"],"removed":[""],"origin":"+input"}
2019-5-14 16:38:20.800#change#{"from":{"line":5,"ch":4,"sticky":null},"to":{"line":5,"ch":4,"sticky":null},"text":["l"],"removed":[""],"origin":"+input"}
2019-5-14 16:38:20.976#change#{"from":{"line":5,"ch":5,"sticky":null},"to":{"line":5,"ch":5,"sticky":null},"text":[" "],"removed":[""],"origin":"+input"}
2019-5-14 16:38:21.601#change#{"from":{"line":5,"ch":6,"sticky":null},"to":{"line":5,"ch":6,"sticky":null},"text":["="],"removed":[""],"origin":"+input"}
2019-5-14 16:38:21.848#change#{"from":{"line":5,"ch":7,"sticky":null},"to":{"line":5,"ch":7,"sticky":null},"text":[" "],"removed":[""],"origin":"+input"}
2019-5-14 16:38:22.689#change#{"from":{"line":5,"ch":8,"sticky":null},"to":{"line":5,"ch":8,"sticky":null},"text":["-"],"removed":[""],"origin":"+input"}
2019-5-14 16:38:23.064#change#{"from":{"line":5,"ch":9,"sticky":null},"to":{"line":5,"ch":9,"sticky":null},"text":["1"],"removed":[""],"origin":"+input"}
2019-5-14 16:38:23.740#change#{"from":{"line":5,"ch":10,"sticky":null},"to":{"line":5,"ch":10,"sticky":null},"text":["",""],"removed":[""],"origin":"+input"}
2019-5-14 16:38:23.740#keyHandled#"Enter"
2019-5-14 16:38:23.750#viewportChange#0
2019-5-14 16:38:26.275#change#{"from":{"line":6,"ch":0,"sticky":null},"to":{"line":6,"ch":0,"sticky":null},"text":["r"],"removed":[""],"origin":"+input"}
2019-5-14 16:38:26.641#change#{"from":{"line":6,"ch":1,"sticky":null},"to":{"line":6,"ch":1,"sticky":null},"text":["e"],"removed":[""],"origin":"+input"}
2019-5-14 16:38:26.873#change#{"from":{"line":6,"ch":2,"sticky":null},"to":{"line":6,"ch":2,"sticky":null},"text":["s"],"removed":[""],"origin":"+input"}
2019-5-14 16:38:27.032#change#{"from":{"line":6,"ch":3,"sticky":null},"to":{"line":6,"ch":3,"sticky":null},"text":["u"],"removed":[""],"origin":"+input"}
2019-5-14 16:38:27.225#change#{"from":{"line":6,"ch":4,"sticky":null},"to":{"line":6,"ch":4,"sticky":null},"text":["l"],"removed":[""],"origin":"+input"}
2019-5-14 16:38:27.505#change#{"from":{"line":6,"ch":5,"sticky":null},"to":{"line":6,"ch":5,"sticky":null},"text":["t"],"removed":[""],"origin":"+input"}
2019-5-14 16:38:27.618#change#{"from":{"line":6,"ch":6,"sticky":null},"to":{"line":6,"ch":6,"sticky":null},"text":["a"],"removed":[""],"origin":"+input"}
2019-5-14 16:38:27.817#change#{"from":{"line":6,"ch":7,"sticky":null},"to":{"line":6,"ch":7,"sticky":null},"text":["d"],"removed":[""],"origin":"+input"}
2019-5-14 16:38:27.944#change#{"from":{"line":6,"ch":8,"sticky":null},"to":{"line":6,"ch":8,"sticky":null},"text":["o"],"removed":[""],"origin":"+input"}
2019-5-14 16:38:28.129#change#{"from":{"line":6,"ch":9,"sticky":null},"to":{"line":6,"ch":9,"sticky":null},"text":[" "],"removed":[""],"origin":"+input"}
2019-5-14 16:38:28.832#change#{"from":{"line":6,"ch":10,"sticky":null},"to":{"line":6,"ch":10,"sticky":null},"text":["="],"removed":[""],"origin":"+input"}
2019-5-14 16:38:29.072#change#{"from":{"line":6,"ch":11,"sticky":null},"to":{"line":6,"ch":11,"sticky":null},"text":[" "],"removed":[""],"origin":"+input"}
2019-5-14 16:38:29.352#change#{"from":{"line":6,"ch":12,"sticky":null},"to":{"line":6,"ch":12,"sticky":null},"text":["2"],"removed":[""],"origin":"+input"}
2019-5-14 16:38:29.732#change#{"from":{"line":6,"ch":13,"sticky":null},"to":{"line":6,"ch":13,"sticky":null},"text":["",""],"removed":[""],"origin":"+input"}
2019-5-14 16:38:29.732#keyHandled#"Enter"
2019-5-14 16:38:29.741#viewportChange#0
2019-5-14 16:38:32.912#mousedown#{"isTrusted":true}
2019-5-14 16:38:33.644#change#{"from":{"line":6,"ch":12,"sticky":"after"},"to":{"line":6,"ch":13,"sticky":"before","xRel":28.08331298828125},"text":[""],"removed":["2"],"origin":"+delete"}
2019-5-14 16:38:33.644#keyHandled#"Backspace"
2019-5-14 16:38:33.922#change#{"from":{"line":6,"ch":12,"sticky":null},"to":{"line":6,"ch":12,"sticky":null},"text":["x"],"removed":[""],"origin":"+input"}
2019-5-14 16:38:34.860#change#{"from":{"line":6,"ch":13,"sticky":null},"to":{"line":6,"ch":13,"sticky":null},"text":["",""],"removed":[""],"origin":"+input"}
2019-5-14 16:38:34.860#keyHandled#"Enter"
2019-5-14 16:38:34.869#viewportChange#0
2019-5-14 16:38:37.521#change#{"from":{"line":7,"ch":0,"sticky":null},"to":{"line":7,"ch":0,"sticky":null},"text":["e"],"removed":[""],"origin":"+input"}
2019-5-14 16:38:37.832#change#{"from":{"line":7,"ch":1,"sticky":null},"to":{"line":7,"ch":1,"sticky":null},"text":["x"],"removed":[""],"origin":"+input"}
2019-5-14 16:38:37.984#change#{"from":{"line":7,"ch":2,"sticky":null},"to":{"line":7,"ch":2,"sticky":null},"text":["p"],"removed":[""],"origin":"+input"}
2019-5-14 16:38:38.144#change#{"from":{"line":7,"ch":3,"sticky":null},"to":{"line":7,"ch":3,"sticky":null},"text":["o"],"removed":[""],"origin":"+input"}
2019-5-14 16:38:38.305#change#{"from":{"line":7,"ch":4,"sticky":null},"to":{"line":7,"ch":4,"sticky":null},"text":["e"],"removed":[""],"origin":"+input"}
2019-5-14 16:38:38.449#change#{"from":{"line":7,"ch":5,"sticky":null},"to":{"line":7,"ch":5,"sticky":null},"text":["n"],"removed":[""],"origin":"+input"}
2019-5-14 16:38:38.680#change#{"from":{"line":7,"ch":6,"sticky":null},"to":{"line":7,"ch":6,"sticky":null},"text":["t"],"removed":[""],"origin":"+input"}
2019-5-14 16:38:38.824#change#{"from":{"line":7,"ch":7,"sticky":null},"to":{"line":7,"ch":7,"sticky":null},"text":["e"],"removed":[""],"origin":"+input"}
2019-5-14 16:38:39.032#change#{"from":{"line":7,"ch":8,"sticky":null},"to":{"line":7,"ch":8,"sticky":null},"text":[" "],"removed":[""],"origin":"+input"}
2019-5-14 16:38:39.833#change#{"from":{"line":7,"ch":9,"sticky":null},"to":{"line":7,"ch":9,"sticky":null},"text":["="],"removed":[""],"origin":"+input"}
2019-5-14 16:38:40.096#change#{"from":{"line":7,"ch":10,"sticky":null},"to":{"line":7,"ch":10,"sticky":null},"text":[" "],"removed":[""],"origin":"+input"}
2019-5-14 16:38:40.545#change#{"from":{"line":7,"ch":11,"sticky":null},"to":{"line":7,"ch":11,"sticky":null},"text":["3"],"removed":[""],"origin":"+input"}
2019-5-14 16:38:44.560#mousedown#{"isTrusted":true}
2019-5-14 16:38:44.982#mousedown#{"isTrusted":true}
2019-5-14 16:38:46.100#change#{"from":{"line":7,"ch":7,"sticky":"after"},"to":{"line":7,"ch":8,"sticky":"after","xRel":3.08331298828125},"text":[""],"removed":["e"],"origin":"+delete"}
2019-5-14 16:38:46.100#keyHandled#"Backspace"
2019-5-14 16:38:46.251#change#{"from":{"line":7,"ch":6,"sticky":"after"},"to":{"line":7,"ch":7,"sticky":null},"text":[""],"removed":["t"],"origin":"+delete"}
2019-5-14 16:38:46.251#keyHandled#"Backspace"
2019-5-14 16:38:46.427#change#{"from":{"line":7,"ch":5,"sticky":"after"},"to":{"line":7,"ch":6,"sticky":null},"text":[""],"removed":["n"],"origin":"+delete"}
2019-5-14 16:38:46.427#keyHandled#"Backspace"
2019-5-14 16:38:46.636#change#{"from":{"line":7,"ch":4,"sticky":"after"},"to":{"line":7,"ch":5,"sticky":null},"text":[""],"removed":["e"],"origin":"+delete"}
2019-5-14 16:38:46.636#keyHandled#"Backspace"
2019-5-14 16:38:46.835#change#{"from":{"line":7,"ch":3,"sticky":"after"},"to":{"line":7,"ch":4,"sticky":null},"text":[""],"removed":["o"],"origin":"+delete"}
2019-5-14 16:38:46.835#keyHandled#"Backspace"
2019-5-14 16:38:48.036#mousedown#{"isTrusted":true}
2019-5-14 16:38:48.484#change#{"from":{"line":7,"ch":7,"sticky":"before","xRel":42.08331298828125},"to":{"line":7,"ch":7,"sticky":"before","xRel":42.08331298828125},"text":["",""],"removed":[""],"origin":"+input"}
2019-5-14 16:38:48.484#keyHandled#"Enter"
2019-5-14 16:38:48.502#viewportChange#0
2019-5-14 16:38:49.213#change#{"from":{"line":8,"ch":0,"sticky":null},"to":{"line":8,"ch":0,"sticky":null},"text":["",""],"removed":[""],"origin":"+input"}
2019-5-14 16:38:49.213#keyHandled#"Enter"
2019-5-14 16:38:49.220#viewportChange#0
2019-5-14 16:38:50.834#change#{"from":{"line":9,"ch":0,"sticky":null},"to":{"line":9,"ch":0,"sticky":null},"text":["w"],"removed":[""],"origin":"+input"}
2019-5-14 16:38:51.153#change#{"from":{"line":9,"ch":1,"sticky":null},"to":{"line":9,"ch":1,"sticky":null},"text":["h"],"removed":[""],"origin":"+input"}
2019-5-14 16:38:51.288#change#{"from":{"line":9,"ch":2,"sticky":null},"to":{"line":9,"ch":2,"sticky":null},"text":["i"],"removed":[""],"origin":"+input"}
2019-5-14 16:38:51.457#change#{"from":{"line":9,"ch":3,"sticky":null},"to":{"line":9,"ch":3,"sticky":null},"text":["l"],"removed":[""],"origin":"+input"}
2019-5-14 16:38:51.728#change#{"from":{"line":9,"ch":4,"sticky":null},"to":{"line":9,"ch":4,"sticky":null},"text":["e"],"removed":[""],"origin":"+input"}
2019-5-14 16:38:51.897#change#{"from":{"line":9,"ch":5,"sticky":null},"to":{"line":9,"ch":5,"sticky":null},"text":[" "],"removed":[""],"origin":"+input"}
2019-5-14 16:38:52.891#change#{"from":{"line":9,"ch":5,"sticky":"after"},"to":{"line":9,"ch":6,"sticky":null},"text":[""],"removed":[" "],"origin":"+delete"}
2019-5-14 16:38:52.892#keyHandled#"Backspace"
2019-5-14 16:38:53.256#change#{"from":{"line":9,"ch":5,"sticky":null},"to":{"line":9,"ch":5,"sticky":null},"text":["()"],"removed":[""],"origin":"+input"}
2019-5-14 16:38:53.256#keyHandled#"'('"
2019-5-14 16:38:53.721#change#{"from":{"line":9,"ch":6,"sticky":"after"},"to":{"line":9,"ch":6,"sticky":"after"},"text":[" "],"removed":[""],"origin":"+input"}
2019-5-14 16:38:53.856#change#{"from":{"line":9,"ch":7,"sticky":null},"to":{"line":9,"ch":7,"sticky":null},"text":["c"],"removed":[""],"origin":"+input"}
2019-5-14 16:38:53.952#change#{"from":{"line":9,"ch":8,"sticky":null},"to":{"line":9,"ch":8,"sticky":null},"text":["o"],"removed":[""],"origin":"+input"}
2019-5-14 16:38:54.137#change#{"from":{"line":9,"ch":9,"sticky":null},"to":{"line":9,"ch":9,"sticky":null},"text":["n"],"removed":[""],"origin":"+input"}
2019-5-14 16:38:54.312#change#{"from":{"line":9,"ch":10,"sticky":null},"to":{"line":9,"ch":10,"sticky":null},"text":["t"],"removed":[""],"origin":"+input"}
2019-5-14 16:38:54.945#change#{"from":{"line":9,"ch":11,"sticky":null},"to":{"line":9,"ch":11,"sticky":null},"text":[" "],"removed":[""],"origin":"+input"}
2019-5-14 16:38:56.369#change#{"from":{"line":9,"ch":12,"sticky":null},"to":{"line":9,"ch":12,"sticky":null},"text":["<"],"removed":[""],"origin":"+input"}
2019-5-14 16:38:56.672#change#{"from":{"line":9,"ch":13,"sticky":null},"to":{"line":9,"ch":13,"sticky":null},"text":[" "],"removed":[""],"origin":"+input"}
2019-5-14 16:38:58.081#change#{"from":{"line":9,"ch":14,"sticky":null},"to":{"line":9,"ch":14,"sticky":null},"text":["k"],"removed":[""],"origin":"+input"}
2019-5-14 16:38:58.857#change#{"from":{"line":9,"ch":15,"sticky":null},"to":{"line":9,"ch":15,"sticky":null},"text":[" "],"removed":[""],"origin":"+input"}
2019-5-14 16:39:00.226#mousedown#{"isTrusted":true}
2019-5-14 16:39:00.929#change#{"from":{"line":9,"ch":17,"sticky":"before","xRel":125.08331298828125},"to":{"line":9,"ch":17,"sticky":"before","xRel":125.08331298828125},"text":[":"],"removed":[""],"origin":"+input"}
2019-5-14 16:39:01.092#change#{"from":{"line":9,"ch":18,"sticky":null},"to":{"line":9,"ch":18,"sticky":null},"text":["",""],"removed":[""],"origin":"+input"}
2019-5-14 16:39:01.093#change#{"from":{"line":10,"ch":0,"sticky":null},"to":{"line":10,"ch":0,"sticky":null},"text":["\t"],"removed":[""],"origin":"+input"}
2019-5-14 16:39:01.093#keyHandled#"Enter"
2019-5-14 16:39:01.107#viewportChange#0
2019-5-14 16:39:03.329#change#{"from":{"line":10,"ch":1,"sticky":null},"to":{"line":10,"ch":1,"sticky":null},"text":["r"],"removed":[""],"origin":"+input"}
2019-5-14 16:39:03.521#change#{"from":{"line":10,"ch":2,"sticky":null},"to":{"line":10,"ch":2,"sticky":null},"text":["e"],"removed":[""],"origin":"+input"}
2019-5-14 16:39:03.744#change#{"from":{"line":10,"ch":3,"sticky":null},"to":{"line":10,"ch":3,"sticky":null},"text":["s"],"removed":[""],"origin":"+input"}
2019-5-14 16:39:03.936#change#{"from":{"line":10,"ch":4,"sticky":null},"to":{"line":10,"ch":4,"sticky":null},"text":["u"],"removed":[""],"origin":"+input"}
2019-5-14 16:39:04.136#change#{"from":{"line":10,"ch":5,"sticky":null},"to":{"line":10,"ch":5,"sticky":null},"text":["l"],"removed":[""],"origin":"+input"}
2019-5-14 16:39:04.393#change#{"from":{"line":10,"ch":6,"sticky":null},"to":{"line":10,"ch":6,"sticky":null},"text":["t"],"removed":[""],"origin":"+input"}
2019-5-14 16:39:04.513#change#{"from":{"line":10,"ch":7,"sticky":null},"to":{"line":10,"ch":7,"sticky":null},"text":["a"],"removed":[""],"origin":"+input"}
2019-5-14 16:39:04.738#change#{"from":{"line":10,"ch":8,"sticky":null},"to":{"line":10,"ch":8,"sticky":null},"text":["d"],"removed":[""],"origin":"+input"}
2019-5-14 16:39:04.897#change#{"from":{"line":10,"ch":9,"sticky":null},"to":{"line":10,"ch":9,"sticky":null},"text":["o"],"removed":[""],"origin":"+input"}
2019-5-14 16:39:05.305#change#{"from":{"line":10,"ch":10,"sticky":null},"to":{"line":10,"ch":10,"sticky":null},"text":[" "],"removed":[""],"origin":"+input"}
2019-5-14 16:39:05.689#change#{"from":{"line":10,"ch":11,"sticky":null},"to":{"line":10,"ch":11,"sticky":null},"text":["="],"removed":[""],"origin":"+input"}
2019-5-14 16:39:06.337#change#{"from":{"line":10,"ch":12,"sticky":null},"to":{"line":10,"ch":12,"sticky":null},"text":["()"],"removed":[""],"origin":"+input"}
2019-5-14 16:39:06.337#keyHandled#"'('"
2019-5-14 16:39:08.036#change#{"from":{"line":10,"ch":12,"sticky":null},"to":{"line":10,"ch":14,"sticky":null},"text":[""],"removed":["()"],"origin":"+delete"}
2019-5-14 16:39:08.036#keyHandled#"Backspace"
2019-5-14 16:39:08.810#change#{"from":{"line":10,"ch":12,"sticky":null},"to":{"line":10,"ch":12,"sticky":null},"text":[" "],"removed":[""],"origin":"+input"}
2019-5-14 16:39:09.232#change#{"from":{"line":10,"ch":13,"sticky":null},"to":{"line":10,"ch":13,"sticky":null},"text":["r"],"removed":[""],"origin":"+input"}
2019-5-14 16:39:10.569#change#{"from":{"line":10,"ch":14,"sticky":null},"to":{"line":10,"ch":14,"sticky":null},"text":["w"],"removed":[""],"origin":"+input"}
2019-5-14 16:39:10.705#change#{"from":{"line":10,"ch":15,"sticky":null},"to":{"line":10,"ch":15,"sticky":null},"text":["u"],"removed":[""],"origin":"+input"}
2019-5-14 16:39:11.251#change#{"from":{"line":10,"ch":15,"sticky":"after"},"to":{"line":10,"ch":16,"sticky":null},"text":[""],"removed":["u"],"origin":"+delete"}
2019-5-14 16:39:11.251#keyHandled#"Backspace"
2019-5-14 16:39:11.379#change#{"from":{"line":10,"ch":14,"sticky":"after"},"to":{"line":10,"ch":15,"sticky":null},"text":[""],"removed":["w"],"origin":"+delete"}
2019-5-14 16:39:11.379#keyHandled#"Backspace"
2019-5-14 16:39:11.810#change#{"from":{"line":10,"ch":14,"sticky":null},"to":{"line":10,"ch":14,"sticky":null},"text":["e"],"removed":[""],"origin":"+input"}
2019-5-14 16:39:12.016#change#{"from":{"line":10,"ch":15,"sticky":null},"to":{"line":10,"ch":15,"sticky":null},"text":["s"],"removed":[""],"origin":"+input"}
2019-5-14 16:39:12.192#change#{"from":{"line":10,"ch":16,"sticky":null},"to":{"line":10,"ch":16,"sticky":null},"text":["u"],"removed":[""],"origin":"+input"}
2019-5-14 16:39:12.368#change#{"from":{"line":10,"ch":17,"sticky":null},"to":{"line":10,"ch":17,"sticky":null},"text":["l"],"removed":[""],"origin":"+input"}
2019-5-14 16:39:12.641#change#{"from":{"line":10,"ch":18,"sticky":null},"to":{"line":10,"ch":18,"sticky":null},"text":["t"],"removed":[""],"origin":"+input"}
2019-5-14 16:39:12.744#change#{"from":{"line":10,"ch":19,"sticky":null},"to":{"line":10,"ch":19,"sticky":null},"text":["a"],"removed":[""],"origin":"+input"}
2019-5-14 16:39:12.928#change#{"from":{"line":10,"ch":20,"sticky":null},"to":{"line":10,"ch":20,"sticky":null},"text":["d"],"removed":[""],"origin":"+input"}
2019-5-14 16:39:13.016#change#{"from":{"line":10,"ch":21,"sticky":null},"to":{"line":10,"ch":21,"sticky":null},"text":["o"],"removed":[""],"origin":"+input"}
2019-5-14 16:39:13.216#change#{"from":{"line":10,"ch":22,"sticky":null},"to":{"line":10,"ch":22,"sticky":null},"text":[" "],"removed":[""],"origin":"+input"}
2019-5-14 16:39:14.609#change#{"from":{"line":10,"ch":23,"sticky":null},"to":{"line":10,"ch":23,"sticky":null},"text":["+"],"removed":[""],"origin":"+input"}
2019-5-14 16:39:15.065#change#{"from":{"line":10,"ch":24,"sticky":null},"to":{"line":10,"ch":24,"sticky":null},"text":[" "],"removed":[""],"origin":"+input"}
2019-5-14 16:39:20.121#change#{"from":{"line":10,"ch":25,"sticky":null},"to":{"line":10,"ch":25,"sticky":null},"text":["()"],"removed":[""],"origin":"+input"}
2019-5-14 16:39:20.121#keyHandled#"'('"
2019-5-14 16:39:21.697#change#{"from":{"line":10,"ch":26,"sticky":"after"},"to":{"line":10,"ch":26,"sticky":"after"},"text":["s"],"removed":[""],"origin":"+input"}
2019-5-14 16:39:21.848#change#{"from":{"line":10,"ch":27,"sticky":null},"to":{"line":10,"ch":27,"sticky":null},"text":["i"],"removed":[""],"origin":"+input"}
2019-5-14 16:39:22.017#change#{"from":{"line":10,"ch":28,"sticky":null},"to":{"line":10,"ch":28,"sticky":null},"text":["n"],"removed":[""],"origin":"+input"}
2019-5-14 16:39:22.144#change#{"from":{"line":10,"ch":29,"sticky":null},"to":{"line":10,"ch":29,"sticky":null},"text":["a"],"removed":[""],"origin":"+input"}
2019-5-14 16:39:22.280#change#{"from":{"line":10,"ch":30,"sticky":null},"to":{"line":10,"ch":30,"sticky":null},"text":["l"],"removed":[""],"origin":"+input"}
2019-5-14 16:39:22.432#change#{"from":{"line":10,"ch":31,"sticky":null},"to":{"line":10,"ch":31,"sticky":null},"text":[" "],"removed":[""],"origin":"+input"}
2019-5-14 16:39:24.097#change#{"from":{"line":10,"ch":32,"sticky":null},"to":{"line":10,"ch":32,"sticky":null},"text":["*"],"removed":[""],"origin":"+input"}
2019-5-14 16:39:24.513#change#{"from":{"line":10,"ch":33,"sticky":null},"to":{"line":10,"ch":33,"sticky":null},"text":[" "],"removed":[""],"origin":"+input"}
2019-5-14 16:39:25.844#change#{"from":{"line":10,"ch":33,"sticky":"after"},"to":{"line":10,"ch":34,"sticky":null},"text":[""],"removed":[" "],"origin":"+delete"}
2019-5-14 16:39:25.844#keyHandled#"Backspace"
2019-5-14 16:39:26.321#change#{"from":{"line":10,"ch":33,"sticky":null},"to":{"line":10,"ch":33,"sticky":null},"text":["()"],"removed":[""],"origin":"+input"}
2019-5-14 16:39:26.321#keyHandled#"'('"
2019-5-14 16:39:28.601#change#{"from":{"line":10,"ch":34,"sticky":"after"},"to":{"line":10,"ch":34,"sticky":"after"},"text":["x"],"removed":[""],"origin":"+input"}
2019-5-14 16:39:28.880#change#{"from":{"line":10,"ch":35,"sticky":null},"to":{"line":10,"ch":35,"sticky":null},"text":[" "],"removed":[""],"origin":"+input"}
2019-5-14 16:39:35.096#change#{"from":{"line":10,"ch":36,"sticky":null},"to":{"line":10,"ch":36,"sticky":null},"text":["*"],"removed":[""],"origin":"+input"}
2019-5-14 16:39:35.288#change#{"from":{"line":10,"ch":37,"sticky":null},"to":{"line":10,"ch":37,"sticky":null},"text":["*"],"removed":[""],"origin":"+input"}
2019-5-14 16:39:38.777#change#{"from":{"line":10,"ch":38,"sticky":null},"to":{"line":10,"ch":38,"sticky":null},"text":["e"],"removed":[""],"origin":"+input"}
2019-5-14 16:39:39.121#change#{"from":{"line":10,"ch":39,"sticky":null},"to":{"line":10,"ch":39,"sticky":null},"text":["x"],"removed":[""],"origin":"+input"}
2019-5-14 16:39:39.209#change#{"from":{"line":10,"ch":40,"sticky":null},"to":{"line":10,"ch":40,"sticky":null},"text":["p"],"removed":[""],"origin":"+input"}
2019-5-14 16:39:41.973#mousedown#{"isTrusted":true}
2019-5-14 16:39:42.325#mousedown#{"isTrusted":true}
2019-5-14 16:39:42.539#change#{"from":{"line":10,"ch":38,"sticky":"after","xRel":2.08331298828125},"to":{"line":10,"ch":38,"sticky":"after","xRel":2.08331298828125},"text":[" "],"removed":[""],"origin":"+input"}
2019-5-14 16:39:43.059#mousedown#{"isTrusted":true}
2019-5-14 16:39:44.028#change#{"from":{"line":10,"ch":44,"sticky":"before","xRel":0.08331298828125},"to":{"line":10,"ch":44,"sticky":"before","xRel":0.08331298828125},"text":["",""],"removed":[""],"origin":"+input"}
2019-5-14 16:39:44.029#change#{"from":{"line":11,"ch":0,"sticky":null},"to":{"line":11,"ch":0,"sticky":null},"text":["\t"],"removed":[""],"origin":"+input"}
2019-5-14 16:39:44.029#keyHandled#"Enter"
2019-5-14 16:39:44.040#viewportChange#0
2019-5-14 16:39:46.681#mousedown#{"isTrusted":true}
2019-5-14 16:39:47.042#mousedown#{"isTrusted":true}
2019-5-14 16:39:47.850#change#{"from":{"line":10,"ch":44,"sticky":"before","xRel":32.08331298828125},"to":{"line":10,"ch":44,"sticky":"before","xRel":32.08331298828125},"text":["/"],"removed":[""],"origin":"+input"}
2019-5-14 16:39:50.620#change#{"from":{"line":10,"ch":44,"sticky":"after"},"to":{"line":10,"ch":45,"sticky":null},"text":[""],"removed":["/"],"origin":"+delete"}
2019-5-14 16:39:50.620#keyHandled#"Backspace"
2019-5-14 16:39:52.169#mousedown#{"isTrusted":true}
2019-5-14 16:39:55.026#change#{"from":{"line":10,"ch":42,"sticky":"before","xRel":-0.91668701171875},"to":{"line":10,"ch":42,"sticky":"before","xRel":-0.91668701171875},"text":["/"],"removed":[""],"origin":"+input"}
2019-5-14 16:39:55.865#change#{"from":{"line":10,"ch":43,"sticky":null},"to":{"line":10,"ch":43,"sticky":null},"text":["3"],"removed":[""],"origin":"+input"}
2019-5-14 16:39:56.579#change#{"from":{"line":10,"ch":43,"sticky":"after"},"to":{"line":10,"ch":44,"sticky":null},"text":[""],"removed":["3"],"origin":"+delete"}
2019-5-14 16:39:56.580#keyHandled#"Backspace"
2019-5-14 16:39:57.596#change#{"from":{"line":10,"ch":42,"sticky":"after"},"to":{"line":10,"ch":43,"sticky":null},"text":[""],"removed":["/"],"origin":"+delete"}
2019-5-14 16:39:57.596#keyHandled#"Backspace"
2019-5-14 16:39:57.730#change#{"from":{"line":10,"ch":42,"sticky":null},"to":{"line":10,"ch":42,"sticky":null},"text":[" "],"removed":[""],"origin":"+input"}
2019-5-14 16:39:58.584#change#{"from":{"line":10,"ch":43,"sticky":null},"to":{"line":10,"ch":43,"sticky":null},"text":["/"],"removed":[""],"origin":"+input"}
2019-5-14 16:39:58.704#change#{"from":{"line":10,"ch":44,"sticky":null},"to":{"line":10,"ch":44,"sticky":null},"text":[" "],"removed":[""],"origin":"+input"}
2019-5-14 16:40:00.322#change#{"from":{"line":10,"ch":45,"sticky":null},"to":{"line":10,"ch":45,"sticky":null},"text":["f"],"removed":[""],"origin":"+input"}
2019-5-14 16:40:00.609#change#{"from":{"line":10,"ch":46,"sticky":null},"to":{"line":10,"ch":46,"sticky":null},"text":["a"],"removed":[""],"origin":"+input"}
2019-5-14 16:40:00.833#change#{"from":{"line":10,"ch":47,"sticky":null},"to":{"line":10,"ch":47,"sticky":null},"text":["c"],"removed":[""],"origin":"+input"}
2019-5-14 16:40:01.200#change#{"from":{"line":10,"ch":48,"sticky":null},"to":{"line":10,"ch":48,"sticky":null},"text":["t"],"removed":[""],"origin":"+input"}
2019-5-14 16:40:01.336#change#{"from":{"line":10,"ch":49,"sticky":null},"to":{"line":10,"ch":49,"sticky":null},"text":["o"],"removed":[""],"origin":"+input"}
2019-5-14 16:40:01.488#change#{"from":{"line":10,"ch":50,"sticky":null},"to":{"line":10,"ch":50,"sticky":null},"text":["r"],"removed":[""],"origin":"+input"}
2019-5-14 16:40:01.706#change#{"from":{"line":10,"ch":51,"sticky":null},"to":{"line":10,"ch":51,"sticky":null},"text":["i"],"removed":[""],"origin":"+input"}
2019-5-14 16:40:01.809#change#{"from":{"line":10,"ch":52,"sticky":null},"to":{"line":10,"ch":52,"sticky":null},"text":["a"],"removed":[""],"origin":"+input"}
2019-5-14 16:40:01.936#change#{"from":{"line":10,"ch":53,"sticky":null},"to":{"line":10,"ch":53,"sticky":null},"text":["l"],"removed":[""],"origin":"+input"}
2019-5-14 16:40:02.657#change#{"from":{"line":10,"ch":54,"sticky":null},"to":{"line":10,"ch":54,"sticky":null},"text":[" "],"removed":[""],"origin":"+input"}
2019-5-14 16:40:05.017#change#{"from":{"line":10,"ch":55,"sticky":null},"to":{"line":10,"ch":55,"sticky":null},"text":["()"],"removed":[""],"origin":"+input"}
2019-5-14 16:40:05.017#keyHandled#"'('"
2019-5-14 16:40:06.722#change#{"from":{"line":10,"ch":56,"sticky":"after"},"to":{"line":10,"ch":56,"sticky":"after"},"text":["e"],"removed":[""],"origin":"+input"}
2019-5-14 16:40:07.137#change#{"from":{"line":10,"ch":57,"sticky":null},"to":{"line":10,"ch":57,"sticky":null},"text":["x"],"removed":[""],"origin":"+input"}
2019-5-14 16:40:07.272#change#{"from":{"line":10,"ch":58,"sticky":null},"to":{"line":10,"ch":58,"sticky":null},"text":["p"],"removed":[""],"origin":"+input"}
2019-5-14 16:40:10.672#mousedown#{"isTrusted":true}
2019-5-14 16:40:11.532#change#{"from":{"line":10,"ch":62,"sticky":"before","xRel":20.0833740234375},"to":{"line":10,"ch":62,"sticky":"before","xRel":20.0833740234375},"text":["",""],"removed":[""],"origin":"+input"}
2019-5-14 16:40:11.532#change#{"from":{"line":11,"ch":0,"sticky":null},"to":{"line":11,"ch":0,"sticky":null},"text":["\t"],"removed":[""],"origin":"+input"}
2019-5-14 16:40:11.532#keyHandled#"Enter"
2019-5-14 16:40:11.544#viewportChange#0
2019-5-14 16:40:12.540#change#{"from":{"line":11,"ch":1,"sticky":null},"to":{"line":11,"ch":1,"sticky":null},"text":["",""],"removed":[""],"origin":"+input"}
2019-5-14 16:40:12.540#change#{"from":{"line":12,"ch":0,"sticky":null},"to":{"line":12,"ch":0,"sticky":null},"text":["\t"],"removed":[""],"origin":"+input"}
2019-5-14 16:40:12.540#keyHandled#"Enter"
2019-5-14 16:40:12.549#viewportChange#0
2019-5-14 16:40:12.740#change#{"from":{"line":12,"ch":1,"sticky":null},"to":{"line":12,"ch":1,"sticky":null},"text":["",""],"removed":[""],"origin":"+input"}
2019-5-14 16:40:12.740#change#{"from":{"line":13,"ch":0,"sticky":null},"to":{"line":13,"ch":0,"sticky":null},"text":["\t"],"removed":[""],"origin":"+input"}
2019-5-14 16:40:12.740#keyHandled#"Enter"
2019-5-14 16:40:12.749#viewportChange#0
2019-5-14 16:40:13.348#change#{"from":{"line":13,"ch":1,"sticky":null},"to":{"line":13,"ch":1,"sticky":null},"text":["",""],"removed":[""],"origin":"+input"}
2019-5-14 16:40:13.348#change#{"from":{"line":14,"ch":0,"sticky":null},"to":{"line":14,"ch":0,"sticky":null},"text":["\t"],"removed":[""],"origin":"+input"}
2019-5-14 16:40:13.348#keyHandled#"Enter"
2019-5-14 16:40:13.357#viewportChange#0
2019-5-14 16:40:13.500#change#{"from":{"line":14,"ch":1,"sticky":null},"to":{"line":14,"ch":1,"sticky":null},"text":["",""],"removed":[""],"origin":"+input"}
2019-5-14 16:40:13.500#change#{"from":{"line":15,"ch":0,"sticky":null},"to":{"line":15,"ch":0,"sticky":null},"text":["\t"],"removed":[""],"origin":"+input"}
2019-5-14 16:40:13.500#keyHandled#"Enter"
2019-5-14 16:40:13.509#viewportChange#0
2019-5-14 16:40:13.668#change#{"from":{"line":15,"ch":1,"sticky":null},"to":{"line":15,"ch":1,"sticky":null},"text":["",""],"removed":[""],"origin":"+input"}
2019-5-14 16:40:13.668#change#{"from":{"line":16,"ch":0,"sticky":null},"to":{"line":16,"ch":0,"sticky":null},"text":["\t"],"removed":[""],"origin":"+input"}
2019-5-14 16:40:13.668#keyHandled#"Enter"
2019-5-14 16:40:13.677#viewportChange#0
2019-5-14 16:40:14.936#mousedown#{"isTrusted":true}
2019-5-14 16:40:15.969#change#{"from":{"line":12,"ch":1,"sticky":"before","xRel":19.08331298828125},"to":{"line":12,"ch":1,"sticky":"before","xRel":19.08331298828125},"text":["s"],"removed":[""],"origin":"+input"}
2019-5-14 16:40:16.179#change#{"from":{"line":12,"ch":2,"sticky":null},"to":{"line":12,"ch":2,"sticky":null},"text":["i"],"removed":[""],"origin":"+input"}
2019-5-14 16:40:16.312#change#{"from":{"line":12,"ch":3,"sticky":null},"to":{"line":12,"ch":3,"sticky":null},"text":["n"],"removed":[""],"origin":"+input"}
2019-5-14 16:40:16.409#change#{"from":{"line":12,"ch":4,"sticky":null},"to":{"line":12,"ch":4,"sticky":null},"text":["a"],"removed":[""],"origin":"+input"}
2019-5-14 16:40:16.520#change#{"from":{"line":12,"ch":5,"sticky":null},"to":{"line":12,"ch":5,"sticky":null},"text":["l"],"removed":[""],"origin":"+input"}
2019-5-14 16:40:17.539#change#{"from":{"line":12,"ch":5,"sticky":"after"},"to":{"line":12,"ch":6,"sticky":null},"text":[""],"removed":["l"],"origin":"+delete"}
2019-5-14 16:40:17.540#keyHandled#"Backspace"
2019-5-14 16:40:17.675#change#{"from":{"line":12,"ch":4,"sticky":"after"},"to":{"line":12,"ch":5,"sticky":null},"text":[""],"removed":["a"],"origin":"+delete"}
2019-5-14 16:40:17.676#keyHandled#"Backspace"
2019-5-14 16:40:17.804#change#{"from":{"line":12,"ch":3,"sticky":"after"},"to":{"line":12,"ch":4,"sticky":null},"text":[""],"removed":["n"],"origin":"+delete"}
2019-5-14 16:40:17.804#keyHandled#"Backspace"
2019-5-14 16:40:17.947#change#{"from":{"line":12,"ch":2,"sticky":"after"},"to":{"line":12,"ch":3,"sticky":null},"text":[""],"removed":["i"],"origin":"+delete"}
2019-5-14 16:40:17.947#keyHandled#"Backspace"
2019-5-14 16:40:18.264#change#{"from":{"line":12,"ch":2,"sticky":null},"to":{"line":12,"ch":2,"sticky":null},"text":["[]"],"removed":[""],"origin":"+input"}
2019-5-14 16:40:18.264#keyHandled#"'['"
2019-5-14 16:40:18.272#change#{"from":{"line":12,"ch":2,"sticky":null},"to":{"line":12,"ch":4,"sticky":null},"text":[""],"removed":["[]"],"origin":"+delete"}
2019-5-14 16:40:18.273#keyHandled#"Backspace"
2019-5-14 16:40:19.371#change#{"from":{"line":12,"ch":1,"sticky":"after"},"to":{"line":12,"ch":2,"sticky":null},"text":[""],"removed":["s"],"origin":"+delete"}
2019-5-14 16:40:19.371#keyHandled#"Backspace"
2019-5-14 16:40:19.732#mousedown#{"isTrusted":true}
2019-5-14 16:40:21.074#change#{"from":{"line":11,"ch":1,"sticky":"before","xRel":19.08331298828125},"to":{"line":11,"ch":1,"sticky":"before","xRel":19.08331298828125},"text":["s"],"removed":[""],"origin":"+input"}
2019-5-14 16:40:21.168#change#{"from":{"line":11,"ch":2,"sticky":null},"to":{"line":11,"ch":2,"sticky":null},"text":["i"],"removed":[""],"origin":"+input"}
2019-5-14 16:40:21.304#change#{"from":{"line":11,"ch":3,"sticky":null},"to":{"line":11,"ch":3,"sticky":null},"text":["n"],"removed":[""],"origin":"+input"}
2019-5-14 16:40:21.400#change#{"from":{"line":11,"ch":4,"sticky":null},"to":{"line":11,"ch":4,"sticky":null},"text":["a"],"removed":[""],"origin":"+input"}
2019-5-14 16:40:21.512#change#{"from":{"line":11,"ch":5,"sticky":null},"to":{"line":11,"ch":5,"sticky":null},"text":["l"],"removed":[""],"origin":"+input"}
2019-5-14 16:40:22.321#change#{"from":{"line":11,"ch":6,"sticky":null},"to":{"line":11,"ch":6,"sticky":null},"text":[" "],"removed":[""],"origin":"+input"}
2019-5-14 16:40:22.400#change#{"from":{"line":11,"ch":7,"sticky":null},"to":{"line":11,"ch":7,"sticky":null},"text":["="],"removed":[""],"origin":"+input"}
2019-5-14 16:40:24.305#change#{"from":{"line":11,"ch":8,"sticky":null},"to":{"line":11,"ch":8,"sticky":null},"text":[" "],"removed":[""],"origin":"+input"}
2019-5-14 16:40:24.689#change#{"from":{"line":11,"ch":9,"sticky":null},"to":{"line":11,"ch":9,"sticky":null},"text":["s"],"removed":[""],"origin":"+input"}
2019-5-14 16:40:24.888#change#{"from":{"line":11,"ch":10,"sticky":null},"to":{"line":11,"ch":10,"sticky":null},"text":["i"],"removed":[""],"origin":"+input"}
2019-5-14 16:40:25.032#change#{"from":{"line":11,"ch":11,"sticky":null},"to":{"line":11,"ch":11,"sticky":null},"text":["n"],"removed":[""],"origin":"+input"}
2019-5-14 16:40:25.128#change#{"from":{"line":11,"ch":12,"sticky":null},"to":{"line":11,"ch":12,"sticky":null},"text":["a"],"removed":[""],"origin":"+input"}
2019-5-14 16:40:25.232#change#{"from":{"line":11,"ch":13,"sticky":null},"to":{"line":11,"ch":13,"sticky":null},"text":["l"],"removed":[""],"origin":"+input"}
2019-5-14 16:40:25.403#change#{"from":{"line":11,"ch":14,"sticky":null},"to":{"line":11,"ch":14,"sticky":null},"text":[" "],"removed":[""],"origin":"+input"}
2019-5-14 16:40:26.385#change#{"from":{"line":11,"ch":15,"sticky":null},"to":{"line":11,"ch":15,"sticky":null},"text":["*"],"removed":[""],"origin":"+input"}
2019-5-14 16:40:27.025#change#{"from":{"line":11,"ch":16,"sticky":null},"to":{"line":11,"ch":16,"sticky":null},"text":[" "],"removed":[""],"origin":"+input"}
2019-5-14 16:40:27.432#change#{"from":{"line":11,"ch":17,"sticky":null},"to":{"line":11,"ch":17,"sticky":null},"text":["m"],"removed":[""],"origin":"+input"}
2019-5-14 16:40:27.522#change#{"from":{"line":11,"ch":18,"sticky":null},"to":{"line":11,"ch":18,"sticky":null},"text":["e"],"removed":[""],"origin":"+input"}
2019-5-14 16:40:27.632#change#{"from":{"line":11,"ch":19,"sticky":null},"to":{"line":11,"ch":19,"sticky":null},"text":["n"],"removed":[""],"origin":"+input"}
2019-5-14 16:40:27.777#change#{"from":{"line":11,"ch":20,"sticky":null},"to":{"line":11,"ch":20,"sticky":null},"text":["o"],"removed":[""],"origin":"+input"}
2019-5-14 16:40:28.169#change#{"from":{"line":11,"ch":21,"sticky":null},"to":{"line":11,"ch":21,"sticky":null},"text":["s"],"removed":[""],"origin":"+input"}
2019-5-14 16:40:28.264#change#{"from":{"line":11,"ch":22,"sticky":null},"to":{"line":11,"ch":22,"sticky":null},"text":[" "],"removed":[""],"origin":"+input"}
2019-5-14 16:40:28.737#change#{"from":{"line":11,"ch":23,"sticky":null},"to":{"line":11,"ch":23,"sticky":null},"text":["u"],"removed":[""],"origin":"+input"}
2019-5-14 16:40:28.912#change#{"from":{"line":11,"ch":24,"sticky":null},"to":{"line":11,"ch":24,"sticky":null},"text":["m"],"removed":[""],"origin":"+input"}
2019-5-14 16:40:31.195#change#{"from":{"line":11,"ch":24,"sticky":"after"},"to":{"line":11,"ch":25,"sticky":null},"text":[""],"removed":["m"],"origin":"+delete"}
2019-5-14 16:40:31.195#keyHandled#"Backspace"
2019-5-14 16:40:31.347#change#{"from":{"line":11,"ch":23,"sticky":"after"},"to":{"line":11,"ch":24,"sticky":null},"text":[""],"removed":["u"],"origin":"+delete"}
2019-5-14 16:40:31.347#keyHandled#"Backspace"
2019-5-14 16:40:31.524#change#{"from":{"line":11,"ch":22,"sticky":"after"},"to":{"line":11,"ch":23,"sticky":null},"text":[""],"removed":[" "],"origin":"+delete"}
2019-5-14 16:40:31.524#keyHandled#"Backspace"
2019-5-14 16:40:31.684#change#{"from":{"line":11,"ch":21,"sticky":"after"},"to":{"line":11,"ch":22,"sticky":null},"text":[""],"removed":["s"],"origin":"+delete"}
2019-5-14 16:40:31.684#keyHandled#"Backspace"
2019-5-14 16:40:31.843#change#{"from":{"line":11,"ch":20,"sticky":"after"},"to":{"line":11,"ch":21,"sticky":null},"text":[""],"removed":["o"],"origin":"+delete"}
2019-5-14 16:40:31.844#keyHandled#"Backspace"
2019-5-14 16:40:32.028#change#{"from":{"line":11,"ch":19,"sticky":"after"},"to":{"line":11,"ch":20,"sticky":null},"text":[""],"removed":["n"],"origin":"+delete"}
2019-5-14 16:40:32.028#keyHandled#"Backspace"
2019-5-14 16:40:32.292#change#{"from":{"line":11,"ch":18,"sticky":"after"},"to":{"line":11,"ch":19,"sticky":null},"text":[""],"removed":["e"],"origin":"+delete"}
2019-5-14 16:40:32.292#keyHandled#"Backspace"
2019-5-14 16:40:32.540#change#{"from":{"line":11,"ch":17,"sticky":"after"},"to":{"line":11,"ch":18,"sticky":null},"text":[""],"removed":["m"],"origin":"+delete"}
2019-5-14 16:40:32.540#keyHandled#"Backspace"
2019-5-14 16:40:33.322#change#{"from":{"line":11,"ch":17,"sticky":null},"to":{"line":11,"ch":17,"sticky":null},"text":["-"],"removed":[""],"origin":"+input"}
2019-5-14 16:40:33.416#change#{"from":{"line":11,"ch":18,"sticky":null},"to":{"line":11,"ch":18,"sticky":null},"text":["1"],"removed":[""],"origin":"+input"}
2019-5-14 16:40:34.188#change#{"from":{"line":11,"ch":19,"sticky":null},"to":{"line":11,"ch":19,"sticky":null},"text":["",""],"removed":[""],"origin":"+input"}
2019-5-14 16:40:34.188#change#{"from":{"line":12,"ch":0,"sticky":null},"to":{"line":12,"ch":0,"sticky":null},"text":["\t"],"removed":[""],"origin":"+input"}
2019-5-14 16:40:34.188#keyHandled#"Enter"
2019-5-14 16:40:34.200#viewportChange#0
2019-5-14 16:40:35.673#change#{"from":{"line":12,"ch":1,"sticky":null},"to":{"line":12,"ch":1,"sticky":null},"text":["e"],"removed":[""],"origin":"+input"}
2019-5-14 16:40:36.048#change#{"from":{"line":12,"ch":2,"sticky":null},"to":{"line":12,"ch":2,"sticky":null},"text":["x"],"removed":[""],"origin":"+input"}
2019-5-14 16:40:36.152#change#{"from":{"line":12,"ch":3,"sticky":null},"to":{"line":12,"ch":3,"sticky":null},"text":["p"],"removed":[""],"origin":"+input"}
2019-5-14 16:40:36.368#change#{"from":{"line":12,"ch":4,"sticky":null},"to":{"line":12,"ch":4,"sticky":null},"text":[" "],"removed":[""],"origin":"+input"}
2019-5-14 16:40:36.865#change#{"from":{"line":12,"ch":5,"sticky":null},"to":{"line":12,"ch":5,"sticky":null},"text":["="],"removed":[""],"origin":"+input"}
2019-5-14 16:40:37.073#change#{"from":{"line":12,"ch":6,"sticky":null},"to":{"line":12,"ch":6,"sticky":null},"text":[" "],"removed":[""],"origin":"+input"}
2019-5-14 16:40:38.753#change#{"from":{"line":12,"ch":7,"sticky":null},"to":{"line":12,"ch":7,"sticky":null},"text":["e"],"removed":[""],"origin":"+input"}
2019-5-14 16:40:39.192#change#{"from":{"line":12,"ch":8,"sticky":null},"to":{"line":12,"ch":8,"sticky":null},"text":["x"],"removed":[""],"origin":"+input"}
2019-5-14 16:40:39.304#change#{"from":{"line":12,"ch":9,"sticky":null},"to":{"line":12,"ch":9,"sticky":null},"text":["p"],"removed":[""],"origin":"+input"}
2019-5-14 16:40:39.496#change#{"from":{"line":12,"ch":10,"sticky":null},"to":{"line":12,"ch":10,"sticky":null},"text":[" "],"removed":[""],"origin":"+input"}
2019-5-14 16:40:40.352#change#{"from":{"line":12,"ch":11,"sticky":null},"to":{"line":12,"ch":11,"sticky":null},"text":["+"],"removed":[""],"origin":"+input"}
2019-5-14 16:40:40.809#change#{"from":{"line":12,"ch":12,"sticky":null},"to":{"line":12,"ch":12,"sticky":null},"text":[" "],"removed":[""],"origin":"+input"}
2019-5-14 16:40:40.928#change#{"from":{"line":12,"ch":13,"sticky":null},"to":{"line":12,"ch":13,"sticky":null},"text":["2"],"removed":[""],"origin":"+input"}
2019-5-14 16:40:41.718#change#{"from":{"line":12,"ch":14,"sticky":null},"to":{"line":12,"ch":14,"sticky":null},"text":["",""],"removed":[""],"origin":"+input"}
2019-5-14 16:40:41.718#change#{"from":{"line":13,"ch":0,"sticky":null},"to":{"line":13,"ch":0,"sticky":null},"text":["\t"],"removed":[""],"origin":"+input"}
2019-5-14 16:40:41.718#keyHandled#"Enter"
2019-5-14 16:40:41.730#viewportChange#0
2019-5-14 16:40:44.164#change#{"from":{"line":13,"ch":1,"sticky":null},"to":{"line":13,"ch":1,"sticky":null},"text":["c"],"removed":[""],"origin":"+input"}
2019-5-14 16:40:44.296#change#{"from":{"line":13,"ch":2,"sticky":null},"to":{"line":13,"ch":2,"sticky":null},"text":["o"],"removed":[""],"origin":"+input"}
2019-5-14 16:40:44.472#change#{"from":{"line":13,"ch":3,"sticky":null},"to":{"line":13,"ch":3,"sticky":null},"text":["n"],"removed":[""],"origin":"+input"}
2019-5-14 16:40:45.057#change#{"from":{"line":13,"ch":4,"sticky":null},"to":{"line":13,"ch":4,"sticky":null},"text":["t"],"removed":[""],"origin":"+input"}
2019-5-14 16:40:45.289#change#{"from":{"line":13,"ch":5,"sticky":null},"to":{"line":13,"ch":5,"sticky":null},"text":[" "],"removed":[""],"origin":"+input"}
2019-5-14 16:40:46.028#change#{"from":{"line":13,"ch":5,"sticky":"after"},"to":{"line":13,"ch":6,"sticky":null},"text":[""],"removed":[" "],"origin":"+delete"}
2019-5-14 16:40:46.028#keyHandled#"Backspace"
2019-5-14 16:40:47.273#change#{"from":{"line":13,"ch":5,"sticky":null},"to":{"line":13,"ch":5,"sticky":null},"text":["="],"removed":[""],"origin":"+input"}
2019-5-14 16:40:48.436#change#{"from":{"line":13,"ch":5,"sticky":"after"},"to":{"line":13,"ch":6,"sticky":null},"text":[""],"removed":["="],"origin":"+delete"}
2019-5-14 16:40:48.437#keyHandled#"Backspace"
2019-5-14 16:40:50.826#change#{"from":{"line":13,"ch":5,"sticky":null},"to":{"line":13,"ch":5,"sticky":null},"text":[" "],"removed":[""],"origin":"+input"}
2019-5-14 16:40:50.944#change#{"from":{"line":13,"ch":6,"sticky":null},"to":{"line":13,"ch":6,"sticky":null},"text":["+"],"removed":[""],"origin":"+input"}
2019-5-14 16:40:51.425#change#{"from":{"line":13,"ch":7,"sticky":null},"to":{"line":13,"ch":7,"sticky":null},"text":["="],"removed":[""],"origin":"+input"}
2019-5-14 16:40:52.073#change#{"from":{"line":13,"ch":8,"sticky":null},"to":{"line":13,"ch":8,"sticky":null},"text":[" "],"removed":[""],"origin":"+input"}
2019-5-14 16:40:53.417#change#{"from":{"line":13,"ch":9,"sticky":null},"to":{"line":13,"ch":9,"sticky":null},"text":["1"],"removed":[""],"origin":"+input"}
2019-5-14 16:40:54.877#change#{"from":{"line":13,"ch":10,"sticky":null},"to":{"line":13,"ch":10,"sticky":null},"text":["",""],"removed":[""],"origin":"+input"}
2019-5-14 16:40:54.877#change#{"from":{"line":14,"ch":0,"sticky":null},"to":{"line":14,"ch":0,"sticky":null},"text":["\t"],"removed":[""],"origin":"+input"}
2019-5-14 16:40:54.877#keyHandled#"Enter"
2019-5-14 16:40:54.886#viewportChange#0
2019-5-14 16:40:56.859#change#{"from":{"line":14,"ch":0,"sticky":"after"},"to":{"line":14,"ch":1,"sticky":null},"text":[""],"removed":["\t"],"origin":"+delete"}
2019-5-14 16:40:56.860#keyHandled#"Backspace"
2019-5-14 16:40:57.643#change#{"from":{"line":14,"ch":0,"sticky":null},"to":{"line":14,"ch":0,"sticky":null},"text":["p"],"removed":[""],"origin":"+input"}
2019-5-14 16:40:57.792#change#{"from":{"line":14,"ch":1,"sticky":null},"to":{"line":14,"ch":1,"sticky":null},"text":["r"],"removed":[""],"origin":"+input"}
2019-5-14 16:40:57.928#change#{"from":{"line":14,"ch":2,"sticky":null},"to":{"line":14,"ch":2,"sticky":null},"text":["i"],"removed":[""],"origin":"+input"}
2019-5-14 16:40:58.073#change#{"from":{"line":14,"ch":3,"sticky":null},"to":{"line":14,"ch":3,"sticky":null},"text":["n"],"removed":[""],"origin":"+input"}
2019-5-14 16:40:58.216#change#{"from":{"line":14,"ch":4,"sticky":null},"to":{"line":14,"ch":4,"sticky":null},"text":["t"],"removed":[""],"origin":"+input"}
2019-5-14 16:40:59.017#change#{"from":{"line":14,"ch":5,"sticky":null},"to":{"line":14,"ch":5,"sticky":null},"text":["()"],"removed":[""],"origin":"+input"}
2019-5-14 16:40:59.017#keyHandled#"'('"
2019-5-14 16:41:01.049#change#{"from":{"line":14,"ch":6,"sticky":"after"},"to":{"line":14,"ch":6,"sticky":"after"},"text":["r"],"removed":[""],"origin":"+input"}
2019-5-14 16:41:01.128#change#{"from":{"line":14,"ch":7,"sticky":null},"to":{"line":14,"ch":7,"sticky":null},"text":["o"],"removed":[""],"origin":"+input"}
2019-5-14 16:41:01.336#change#{"from":{"line":14,"ch":8,"sticky":null},"to":{"line":14,"ch":8,"sticky":null},"text":["u"],"removed":[""],"origin":"+input"}
2019-5-14 16:41:01.480#change#{"from":{"line":14,"ch":9,"sticky":null},"to":{"line":14,"ch":9,"sticky":null},"text":["n"],"removed":[""],"origin":"+input"}
2019-5-14 16:41:01.784#change#{"from":{"line":14,"ch":10,"sticky":null},"to":{"line":14,"ch":10,"sticky":null},"text":["d"],"removed":[""],"origin":"+input"}
2019-5-14 16:41:02.321#change#{"from":{"line":14,"ch":11,"sticky":null},"to":{"line":14,"ch":11,"sticky":null},"text":["()"],"removed":[""],"origin":"+input"}
2019-5-14 16:41:02.321#keyHandled#"'('"
2019-5-14 16:41:05.129#change#{"from":{"line":14,"ch":12,"sticky":"after"},"to":{"line":14,"ch":12,"sticky":"after"},"text":["r"],"removed":[""],"origin":"+input"}
2019-5-14 16:41:05.456#change#{"from":{"line":14,"ch":13,"sticky":null},"to":{"line":14,"ch":13,"sticky":null},"text":["e"],"removed":[""],"origin":"+input"}
2019-5-14 16:41:05.953#change#{"from":{"line":14,"ch":14,"sticky":null},"to":{"line":14,"ch":14,"sticky":null},"text":["s"],"removed":[""],"origin":"+input"}
2019-5-14 16:41:06.097#change#{"from":{"line":14,"ch":15,"sticky":null},"to":{"line":14,"ch":15,"sticky":null},"text":["u"],"removed":[""],"origin":"+input"}
2019-5-14 16:41:06.348#change#{"from":{"line":14,"ch":16,"sticky":null},"to":{"line":14,"ch":16,"sticky":null},"text":["l"],"removed":[""],"origin":"+input"}
2019-5-14 16:41:06.930#change#{"from":{"line":14,"ch":17,"sticky":null},"to":{"line":14,"ch":17,"sticky":null},"text":["t"],"removed":[""],"origin":"+input"}
2019-5-14 16:41:07.032#change#{"from":{"line":14,"ch":18,"sticky":null},"to":{"line":14,"ch":18,"sticky":null},"text":["a"],"removed":[""],"origin":"+input"}
2019-5-14 16:41:07.273#change#{"from":{"line":14,"ch":19,"sticky":null},"to":{"line":14,"ch":19,"sticky":null},"text":["d"],"removed":[""],"origin":"+input"}
2019-5-14 16:41:07.401#change#{"from":{"line":14,"ch":20,"sticky":null},"to":{"line":14,"ch":20,"sticky":null},"text":["p"],"removed":[""],"origin":"+input"}
2019-5-14 16:41:08.236#change#{"from":{"line":14,"ch":20,"sticky":"after"},"to":{"line":14,"ch":21,"sticky":null},"text":[""],"removed":["p"],"origin":"+delete"}
2019-5-14 16:41:08.236#keyHandled#"Backspace"
2019-5-14 16:41:08.513#change#{"from":{"line":14,"ch":20,"sticky":null},"to":{"line":14,"ch":20,"sticky":null},"text":["o"],"removed":[""],"origin":"+input"}
2019-5-14 16:41:19.737#change#{"from":{"line":14,"ch":21,"sticky":null},"to":{"line":14,"ch":21,"sticky":null},"text":[","],"removed":[""],"origin":"+input"}
2019-5-14 16:41:19.880#change#{"from":{"line":14,"ch":22,"sticky":null},"to":{"line":14,"ch":22,"sticky":null},"text":[" "],"removed":[""],"origin":"+input"}
2019-5-14 16:41:20.272#change#{"from":{"line":14,"ch":23,"sticky":null},"to":{"line":14,"ch":23,"sticky":null},"text":["1"],"removed":[""],"origin":"+input"}
2019-5-14 16:41:20.360#change#{"from":{"line":14,"ch":24,"sticky":null},"to":{"line":14,"ch":24,"sticky":null},"text":["0"],"removed":[""],"origin":"+input"}
2019-5-14 16:41:20.272#change#{"from":{"line":14,"ch":23,"sticky":null},"to":{"line":14,"ch":23,"sticky":null},"text":["1"],"removed":[""],"origin":"+input"}
2019-5-14 16:41:20.360#change#{"from":{"line":14,"ch":24,"sticky":null},"to":{"line":14,"ch":24,"sticky":null},"text":["0"],"removed":[""],"origin":"+input"}
2019-5-14 16:41:22.187#saida_testar#$ python3 main.py
2019-5-14 16:41:22.187#saida_testar#$ python3 main.py
2019-5-14 16:41:23.131#submit#Congratulations, your code is correct!
2019-5-14 16:41:31.238#blur#
2019-5-14 16:41:42.208#mousedown#{"isTrusted":true}
2019-5-14 16:41:42.219#focus#
2019-5-14 16:41:43.808#copy#{"isTrusted":true}
2019-5-14 16:41:45.137#blur#
2019-5-14 16:43:21.213#focus#
2019-5-14 16:43:36.414#mousedown#{"isTrusted":true}
2019-5-14 16:43:36.414#mousedown#{"isTrusted":true}
2019-5-14 16:43:40.412#blur#
2019-5-14 16:43:51.271#saida_testar#$ python3 main.py
2019-5-14 16:44:12.448#mousedown#{"isTrusted":true}
2019-5-14 16:44:12.587#focus#
2019-5-14 16:44:46.327#mousedown#{"isTrusted":true}
2019-5-14 16:44:47.227#mousedown#{"isTrusted":true}
2019-5-14 16:44:47.436#change#{"from":{"line":10,"ch":33,"sticky":"after","xRel":1.54998779296875},"to":{"line":10,"ch":33,"sticky":"after","xRel":1.54998779296875},"text":[" "],"removed":[""],"origin":"+input"}
2019-5-14 16:44:47.909#mousedown#{"isTrusted":true}
2019-5-14 16:57:55.995#viewportChange#0
2019-5-14 16:58:19.026#mousedown#{"isTrusted":true}
2019-5-14 16:58:19.038#focus#
2019-5-14 16:58:20.526#mousedown#{"isTrusted":true}
2019-5-14 16:58:20.526#mousedown#{"isTrusted":true}
2019-5-14 16:59:33.147#blur#
2019-5-14 16:59:42.323#dica_bullet#SyntaxError: unexpected EOF while parsing
2019-5-14 16:59:42.323#dica_bullet#SyntaxError: unexpected EOF while parsing
2019-5-14 16:59:46.161#saida_testar#$ python3 main.py
2019-5-14 16:59:46.161#saida_testar#$ python3 main.py
2019-5-14 16:59:51.929#saida_testar#$ python3 main.py
2019-5-14 16:59:51.929#saida_testar#$ python3 main.py
2019-5-14 16:59:57.884#saida_testar#$ python3 main.py
2019-5-14 17:00:01.002#dica_bullet#NameError: name 'NOME_DA_VARIAVEL' is not defined
2019-5-14 17:00:01.002#dica_bullet#NameError: name 'NOME_DA_VARIAVEL' is not defined
2019-5-14 17:00:03.945#saida_testar#$ python3 main.py
2019-5-14 17:00:03.945#saida_testar#$ python3 main.py
2019-5-14 17:00:15.786#saida_testar#$ python3 main.py
2019-5-14 17:09:28.275#mousedown#{"isTrusted":true}
2019-5-14 17:09:28.288#focus#
2019-5-14 17:09:30.901#mousedown#{"isTrusted":true}
2019-5-14 17:09:31.427#mousedown#{"isTrusted":true}
2019-5-14 17:09:55.282#change#{"from":{"line":1,"ch":9,"sticky":"after","xRel":3.08331298828125},"to":{"line":1,"ch":9,"sticky":"after","xRel":3.08331298828125},"text":["6"],"removed":[""],"origin":"+input"}
2019-5-14 17:09:55.292#viewportChange#0
2019-5-14 17:09:55.425#change#{"from":{"line":1,"ch":10,"sticky":null},"to":{"line":1,"ch":10,"sticky":null},"text":["6"],"removed":[""],"origin":"+input"}
2019-5-14 17:09:55.282#change#{"from":{"line":1,"ch":9,"sticky":"after","xRel":3.08331298828125},"to":{"line":1,"ch":9,"sticky":"after","xRel":3.08331298828125},"text":["6"],"removed":[""],"origin":"+input"}
2019-5-14 17:09:55.292#viewportChange#0
2019-5-14 17:09:55.425#change#{"from":{"line":1,"ch":10,"sticky":null},"to":{"line":1,"ch":10,"sticky":null},"text":["6"],"removed":[""],"origin":"+input"}
2019-5-14 17:09:57.824#dica_bullet#SyntaxError: invalid syntax
2019-5-14 17:09:59.409#saida_testar#$ python3 main.py
File "main.py", line 2
x = eval(66input("Valor de x:" ))
SyntaxError: invalid syntax
2019-5-14 17:09:59.564#change#{"from":{"line":1,"ch":10,"sticky":"after"},"to":{"line":1,"ch":11,"sticky":null},"text":[""],"removed":["6"],"origin":"+delete"}
2019-5-14 17:09:59.564#keyHandled#"Backspace"
2019-5-14 17:09:59.698#change#{"from":{"line":1,"ch":9,"sticky":"after"},"to":{"line":1,"ch":10,"sticky":null},"text":[""],"removed":["6"],"origin":"+delete"}
2019-5-14 17:09:59.698#keyHandled#"Backspace"
2019-5-14 17:09:59.409#saida_testar#$ python3 main.py
File "main.py", line 2
x = eval(66input("Valor de x:" ))
SyntaxError: invalid syntax
2019-5-14 17:09:59.564#change#{"from":{"line":1,"ch":10,"sticky":"after"},"to":{"line":1,"ch":11,"sticky":null},"text":[""],"removed":["6"],"origin":"+delete"}
2019-5-14 17:09:59.564#keyHandled#"Backspace"
2019-5-14 17:09:59.698#change#{"from":{"line":1,"ch":9,"sticky":"after"},"to":{"line":1,"ch":10,"sticky":null},"text":[""],"removed":["6"],"origin":"+delete"}
2019-5-14 17:09:59.698#keyHandled#"Backspace"
2019-5-14 17:10:02.796#blur#
2019-5-14 17:10:03.373#saida_testar#$ python3 main.py
2019-5-14 17:10:06.303#dica_bullet#NameError: name 'NOME_DA_VARIAVEL' is not defined
2019-5-14 17:10:06.303#dica_bullet#NameError: name 'NOME_DA_VARIAVEL' is not defined
2019-5-14 17:10:13.120#saida_testar#$ python3 main.py
2019-5-14 17:10:16.411#dica_bullet#ValueError: invalid literal for int() with base 10
2019-5-14 17:10:16.411#dica_bullet#ValueError: invalid literal for int() with base 10
2019-5-14 17:10:25.082#saida_testar#$ python3 main.py
2019-5-14 17:10:44.257#mousedown#{"isTrusted":true}
2019-5-14 17:10:44.383#focus#
2019-5-14 17:10:44.680#mousedown#{"isTrusted":true}
2019-5-14 17:11:00.698#change#{"from":{"line":1,"ch":31,"sticky":"before","xRel":57.08331298828125},"to":{"line":1,"ch":31,"sticky":"before","xRel":57.08331298828125},"text":["p"],"removed":[""],"origin":"+input"}
2019-5-14 17:11:01.474#change#{"from":{"line":1,"ch":32,"sticky":null},"to":{"line":1,"ch":32,"sticky":null},"text":["i"],"removed":[""],"origin":"+input"}
2019-5-14 17:11:02.940#change#{"from":{"line":1,"ch":32,"sticky":"after"},"to":{"line":1,"ch":33,"sticky":null},"text":[""],"removed":["i"],"origin":"+delete"}
2019-5-14 17:11:02.940#keyHandled#"Backspace"
2019-5-14 17:11:03.100#change#{"from":{"line":1,"ch":31,"sticky":"after"},"to":{"line":1,"ch":32,"sticky":null},"text":[""],"removed":["p"],"origin":"+delete"}
2019-5-14 17:11:03.100#keyHandled#"Backspace"
2019-5-14 17:11:45.094#saida_testar#$ python3 main.py
2019-5-14 17:11:47.646#blur#
2019-5-14 17:11:47.646#blur#
2019-5-14 17:11:57.132#saida_testar#$ python3 main.py
2019-5-14 17:12:21.782#mousedown#{"isTrusted":true}
2019-5-14 17:12:21.880#focus#
2019-5-14 17:12:22.660#mousedown#{"isTrusted":true}
2019-5-14 17:12:27.648#mousedown#{"isTrusted":true}
2019-5-14 17:12:29.127#mousedown#{"isTrusted":true}
2019-5-14 17:12:29.656#blur#
2019-5-14 17:12:30.037#mousedown#{"isTrusted":true}
2019-5-14 17:12:30.046#focus#
2019-5-14 17:12:30.460#mousedown#{"isTrusted":true}
2019-5-14 17:12:31.173#change#{"from":{"line":0,"ch":17,"sticky":"before","xRel":40.08331298828125},"to":{"line":0,"ch":17,"sticky":"before","xRel":40.08331298828125},"text":["",""],"removed":[""],"origin":"+input"}
2019-5-14 17:12:31.173#keyHandled#"Enter"
2019-5-14 17:12:31.187#viewportChange#0
2019-5-14 17:12:31.173#change#{"from":{"line":0,"ch":17,"sticky":"before","xRel":40.08331298828125},"to":{"line":0,"ch":17,"sticky":"before","xRel":40.08331298828125},"text":["",""],"removed":[""],"origin":"+input"}
2019-5-14 17:12:31.173#keyHandled#"Enter"
2019-5-14 17:12:31.187#viewportChange#0
2019-5-14 17:12:33.108#saida_testar#$ python3 main.py
2019-5-16 10:35:10.013#mousedown#{"isTrusted":true}
2019-5-16 10:35:10.144#focus#
2019-5-16 10:35:11.344#change#{"from":{"line":5,"ch":7,"sticky":"after"},"to":{"line":5,"ch":8,"sticky":"before","xRel":2.4000244140625},"text":[""],"removed":["1"],"origin":"+delete"}
2019-5-16 10:35:11.344#keyHandled#"Backspace"
2019-5-16 10:35:11.949#change#{"from":{"line":5,"ch":7,"sticky":null},"to":{"line":5,"ch":7,"sticky":null},"text":["0"],"removed":[""],"origin":"+input"}
2019-5-16 10:35:19.604#mousedown#{"isTrusted":true}
2019-5-16 10:35:21.606#change#{"from":{"line":14,"ch":1,"sticky":"after","xRel":1.4000244140625},"to":{"line":14,"ch":10,"sticky":"before","xRel":3.4000244140625},"text":[""],"removed":["cont += 1"],"origin":"+delete"}
2019-5-16 10:35:21.606#keyHandled#"Backspace"
2019-5-16 10:35:21.606#change#{"from":{"line":14,"ch":1,"sticky":"after","xRel":1.4000244140625},"to":{"line":14,"ch":10,"sticky":"before","xRel":3.4000244140625},"text":[""],"removed":["cont += 1"],"origin":"+delete"}
2019-5-16 10:35:21.606#keyHandled#"Backspace"
2019-5-16 10:35:23.739#blur#
2019-5-16 10:35:25.110#saida_testar#$ python3 main.py
Valor de x:pi
Valor de k: 3
0.5240439134
2019-5-16 10:35:26.933#focus#
2019-5-16 10:35:27.455#blur#
2019-5-16 10:36:08.259#mousedown#{"isTrusted":true}
2019-5-16 10:36:08.389#focus#
2019-5-16 10:36:09.460#change#{"from":{"line":5,"ch":7,"sticky":"after"},"to":{"line":5,"ch":8,"sticky":"before","xRel":-0.5999755859375},"text":[""],"removed":["0"],"origin":"+delete"}
2019-5-16 10:36:09.460#keyHandled#"Backspace"
2019-5-16 10:36:10.006#change#{"from":{"line":5,"ch":7,"sticky":null},"to":{"line":5,"ch":7,"sticky":null},"text":["1"],"removed":[""],"origin":"+input"}
2019-5-16 10:36:11.703#blur#
2019-5-16 10:36:14.884#saida_testar#$ python3 main.py
2019-5-16 10:36:25.299#mousedown#{"isTrusted":true}
2019-5-16 10:36:25.403#focus#
2019-5-16 10:36:27.343#change#{"from":{"line":14,"ch":1,"sticky":"before","xRel":53.4000244140625},"to":{"line":14,"ch":1,"sticky":"before","xRel":53.4000244140625},"text":["c"],"removed":[""],"origin":"+input"}
2019-5-16 10:36:27.747#change#{"from":{"line":14,"ch":2,"sticky":null},"to":{"line":14,"ch":2,"sticky":null},"text":["o"],"removed":[""],"origin":"+input"}
2019-5-16 10:36:28.053#change#{"from":{"line":14,"ch":3,"sticky":null},"to":{"line":14,"ch":3,"sticky":null},"text":["n"],"removed":[""],"origin":"+input"}
2019-5-16 10:36:28.621#change#{"from":{"line":14,"ch":4,"sticky":null},"to":{"line":14,"ch":4,"sticky":null},"text":["t"],"removed":[""],"origin":"+input"}
2019-5-16 10:36:31.463#change#{"from":{"line":14,"ch":5,"sticky":null},"to":{"line":14,"ch":5,"sticky":null},"text":["="],"removed":[""],"origin":"+input"}
2019-5-16 10:36:33.211#change#{"from":{"line":14,"ch":6,"sticky":null},"to":{"line":14,"ch":6,"sticky":null},"text":["1"],"removed":[""],"origin":"+input"}
2019-5-16 10:36:33.211#change#{"from":{"line":14,"ch":6,"sticky":null},"to":{"line":14,"ch":6,"sticky":null},"text":["1"],"removed":[""],"origin":"+input"}
2019-5-16 10:36:42.530#saida_testar#$ python3 main.py
2019-5-16 10:36:44.630#blur#
2019-5-16 10:36:50.843#mousedown#{"isTrusted":true}
2019-5-16 10:36:50.940#focus#
2019-5-16 10:36:56.781#change#{"from":{"line":14,"ch":5,"sticky":"before","xRel":-1.5999755859375},"to":{"line":14,"ch":5,"sticky":"before","xRel":-1.5999755859375},"text":["+"],"removed":[""],"origin":"+input"}
2019-5-16 10:36:56.781#change#{"from":{"line":14,"ch":5,"sticky":"before","xRel":-1.5999755859375},"to":{"line":14,"ch":5,"sticky":"before","xRel":-1.5999755859375},"text":["+"],"removed":[""],"origin":"+input"}
2019-5-16 10:37:00.595#blur#
2019-5-16 10:37:02.000#focus#
2019-5-16 10:37:02.535#saida_testar#$ python3 main.py
2019-5-16 10:37:02.685#blur#
2019-5-16 10:37:14.363#mousedown#{"isTrusted":true}
2019-5-16 10:37:14.459#focus#
2019-5-16 10:37:15.840#change#{"from":{"line":14,"ch":5,"sticky":"after"},"to":{"line":14,"ch":6,"sticky":"before","xRel":-1.5999755859375},"text":[""],"removed":["+"],"origin":"+delete"}
2019-5-16 10:37:15.840#keyHandled#"Backspace"
2019-5-16 10:37:15.840#change#{"from":{"line":14,"ch":5,"sticky":"after"},"to":{"line":14,"ch":6,"sticky":"before","xRel":-1.5999755859375},"text":[""],"removed":["+"],"origin":"+delete"}
2019-5-16 10:37:15.840#keyHandled#"Backspace"
2019-5-16 10:37:18.874#saida_testar#$ python3 main.py
Valor de x:pi
Valor de k: 3
0.5240439134
2019-5-16 10:37:19.845#blur#
2019-5-16 10:37:25.626#mousedown#{"isTrusted":true}
2019-5-16 10:37:25.719#focus#
2019-5-16 10:37:32.358#change#{"from":{"line":14,"ch":5,"sticky":"after","xRel":1.4000244140625},"to":{"line":14,"ch":5,"sticky":"after","xRel":1.4000244140625},"text":["+"],"removed":[""],"origin":"+input"}
2019-5-16 10:37:35.970#mousedown#{"isTrusted":true}
2019-5-16 10:37:43.423#blur#
2019-5-16 10:38:58.280#focus#
2019-5-16 10:39:26.753#mousedown#{"isTrusted":true}
2019-5-16 10:39:28.441#mousedown#{"isTrusted":true}
2019-5-16 10:39:29.217#mousedown#{"isTrusted":true}
2019-5-16 10:39:30.903#change#{"from":{"line":7,"ch":0,"sticky":"after","xRel":3.4000244140625},"to":{"line":7,"ch":13,"sticky":"before","xRel":19.4000244140625},"text":[""],"removed":["resultado = x"],"origin":"+delete"}
2019-5-16 10:39:30.903#keyHandled#"Backspace"
2019-5-16 10:39:33.263#change#{"from":{"line":11,"ch":13,"sticky":"after","xRel":3.4000244140625},"to":{"line":11,"ch":22,"sticky":"after","xRel":2.4000244140625},"text":[""],"removed":["resultado"],"origin":"+delete"}
2019-5-16 10:39:33.263#keyHandled#"Backspace"
2019-5-16 10:39:34.465#mousedown#{"isTrusted":true}
2019-5-16 10:39:35.687#change#{"from":{"line":11,"ch":1,"sticky":"after","xRel":0.4000244140625},"to":{"line":11,"ch":10,"sticky":"before","xRel":-2.5999755859375},"text":[""],"removed":["resultado"],"origin":"+delete"}
2019-5-16 10:39:35.687#keyHandled#"Backspace"
2019-5-16 10:39:39.379#change#{"from":{"line":11,"ch":1,"sticky":null},"to":{"line":11,"ch":1,"sticky":null},"text":["x"],"removed":[""],"origin":"+input"}
2019-5-16 10:39:40.705#mousedown#{"isTrusted":true}
2019-5-16 10:39:41.131#change#{"from":{"line":11,"ch":5,"sticky":"before","xRel":-0.5999755859375},"to":{"line":11,"ch":5,"sticky":"before","xRel":-0.5999755859375},"text":["x"],"removed":[""],"origin":"+input"}
2019-5-16 10:39:43.104#blur#
2019-5-16 10:39:44.610#focus#
2019-5-16 10:39:44.884#saida_testar#$ python3 main.py
2019-5-16 10:39:45.482#blur#
2019-5-16 10:39:49.385#dica_bullet#NameError: name 'NOME_DA_VARIAVEL' is not defined
2019-5-16 10:40:01.505#mousedown#{"isTrusted":true}
2019-5-16 10:40:01.604#focus#
2019-5-16 10:40:03.461#change#{"from":{"line":15,"ch":12,"sticky":"after","xRel":3.4000244140625},"to":{"line":15,"ch":21,"sticky":"before","xRel":-0.5999755859375},"text":[""],"removed":["resultado"],"origin":"+delete"}
2019-5-16 10:40:03.461#keyHandled#"Backspace"
2019-5-16 10:40:04.631#change#{"from":{"line":15,"ch":12,"sticky":null},"to":{"line":15,"ch":12,"sticky":null},"text":["x"],"removed":[""],"origin":"+input"}
2019-5-16 10:40:06.098#blur#
2019-5-16 10:40:06.098#blur#
2019-5-16 10:40:09.784#saida_testar#$ python3 main.py
2019-5-16 10:41:00.015#mousedown#{"isTrusted":true}
2019-5-16 10:41:00.125#focus#
2019-5-16 10:41:01.153#change#{"from":{"line":15,"ch":12,"sticky":null},"to":{"line":15,"ch":13,"sticky":null},"text":[""],"removed":["x"],"origin":"undo"}
2019-5-16 10:41:01.153#keyHandled#"Ctrl-Z"
2019-5-16 10:41:02.670#change#{"from":{"line":15,"ch":12,"sticky":null},"to":{"line":15,"ch":12,"sticky":null},"text":["resultado"],"removed":[""],"origin":"undo"}
2019-5-16 10:41:02.670#keyHandled#"Ctrl-Z"
2019-5-16 10:41:03.110#change#{"from":{"line":11,"ch":5,"sticky":null},"to":{"line":11,"ch":6,"sticky":null},"text":[""],"removed":["x"],"origin":"undo"}
2019-5-16 10:41:03.110#keyHandled#"Ctrl-Z"
2019-5-16 10:41:03.505#change#{"from":{"line":11,"ch":1,"sticky":null},"to":{"line":11,"ch":2,"sticky":null},"text":[""],"removed":["x"],"origin":"undo"}
2019-5-16 10:41:03.505#keyHandled#"Ctrl-Z"
2019-5-16 10:41:03.942#change#{"from":{"line":11,"ch":1,"sticky":null},"to":{"line":11,"ch":1,"sticky":null},"text":["resultado"],"removed":[""],"origin":"undo"}
2019-5-16 10:41:03.942#keyHandled#"Ctrl-Z"
2019-5-16 10:41:04.810#change#{"from":{"line":11,"ch":13,"sticky":null},"to":{"line":11,"ch":13,"sticky":null},"text":["resultado"],"removed":[""],"origin":"undo"}
2019-5-16 10:41:04.810#keyHandled#"Ctrl-Z"
2019-5-16 10:41:05.238#change#{"from":{"line":7,"ch":0,"sticky":null},"to":{"line":7,"ch":0,"sticky":null},"text":["resultado = x"],"removed":[""],"origin":"undo"}
2019-5-16 10:41:05.238#keyHandled#"Ctrl-Z"
2019-5-16 10:41:06.424#mousedown#{"isTrusted":true}
2019-5-16 10:41:07.987#blur#
2019-5-16 10:41:38.111#focus#
2019-5-16 10:41:39.586#blur#
2019-5-16 10:42:13.251#focus#
2019-5-16 10:42:14.897#blur#
2019-5-16 10:44:09.850#focus#
2019-5-16 10:44:11.467#blur#
2019-5-16 10:44:41.734#focus#
2019-5-16 10:44:42.921#blur#
2019-5-16 10:45:55.463#focus#
2019-5-16 10:46:00.511#blur#
2019-5-16 10:46:02.916#focus#
2019-5-16 10:46:05.438#blur#
2019-5-16 10:46:07.929#focus#
2019-5-16 10:46:09.446#blur#
2019-5-16 10:46:11.545#focus#
2019-5-16 10:46:13.281#blur#
2019-5-16 10:46:16.210#blur#
2019-5-16 10:46:29.659#focus#
2019-5-16 10:46:31.214#blur#
2019-5-16 10:46:32.228#focus#
2019-5-16 10:46:33.029#blur#
2019-5-16 10:46:45.247#focus#
2019-5-16 10:46:47.029#blur#
2019-5-16 10:46:53.680#focus#
2019-5-16 10:46:55.445#blur#
2019-5-16 10:46:56.592#focus#
2019-5-16 10:47:02.614#blur#
