2019-6-6 17:34:36.725#viewportChange#0
2019-6-6 17:35:42.549#mousedown#{"isTrusted":true}
2019-6-6 17:35:42.557#focus#
2019-6-6 17:35:52.981#mousedown#{"isTrusted":true}
2019-6-6 17:36:07.562#change#{"from":{"line":0,"ch":0,"sticky":"after","xRel":89.08331298828125},"to":{"line":0,"ch":0,"sticky":"after","xRel":89.08331298828125},"text":["N"],"removed":[""],"origin":"+input"}
2019-6-6 17:36:09.612#change#{"from":{"line":0,"ch":1,"sticky":null},"to":{"line":0,"ch":1,"sticky":null},"text":["M"],"removed":[""],"origin":"+input"}
2019-6-6 17:36:10.898#change#{"from":{"line":0,"ch":2,"sticky":null},"to":{"line":0,"ch":2,"sticky":null},"text":[" "],"removed":[""],"origin":"+input"}
2019-6-6 17:36:11.162#change#{"from":{"line":0,"ch":3,"sticky":null},"to":{"line":0,"ch":3,"sticky":null},"text":["="],"removed":[""],"origin":"+input"}
2019-6-6 17:36:11.259#change#{"from":{"line":0,"ch":4,"sticky":null},"to":{"line":0,"ch":4,"sticky":null},"text":[" "],"removed":[""],"origin":"+input"}
2019-6-6 17:36:17.209#mousedown#{"isTrusted":true}
2019-6-6 17:36:18.074#keyHandled#"Backspace"
2019-6-6 17:36:18.691#change#{"from":{"line":0,"ch":0,"sticky":"after","xRel":-1.91668701171875,"hitSide":true},"to":{"line":0,"ch":0,"sticky":"after","xRel":-1.91668701171875,"hitSide":true},"text":["f"],"removed":[""],"origin":"+input"}
2019-6-6 17:36:19.647#change#{"from":{"line":0,"ch":0,"sticky":"after"},"to":{"line":0,"ch":1,"sticky":null},"text":[""],"removed":["f"],"origin":"+delete"}
2019-6-6 17:36:19.647#keyHandled#"Backspace"
2019-6-6 17:36:19.836#keyHandled#"Backspace"
2019-6-6 17:36:21.356#change#{"from":{"line":0,"ch":0,"sticky":null},"to":{"line":0,"ch":0,"sticky":null,"hitSide":true},"text":["",""],"removed":[""],"origin":"+input"}
2019-6-6 17:36:21.356#keyHandled#"Enter"
2019-6-6 17:36:21.376#viewportChange#0
2019-6-6 17:36:22.180#mousedown#{"isTrusted":true}
2019-6-6 17:36:23.233#change#{"from":{"line":0,"ch":0,"sticky":"after","xRel":-2.91668701171875},"to":{"line":0,"ch":0,"sticky":"after","xRel":-2.91668701171875},"text":["f"],"removed":[""],"origin":"+input"}
2019-6-6 17:36:23.386#change#{"from":{"line":0,"ch":1,"sticky":null},"to":{"line":0,"ch":1,"sticky":null},"text":["r"],"removed":[""],"origin":"+input"}
2019-6-6 17:36:23.495#change#{"from":{"line":0,"ch":2,"sticky":null},"to":{"line":0,"ch":2,"sticky":null},"text":["o"],"removed":[""],"origin":"+input"}
2019-6-6 17:36:23.653#change#{"from":{"line":0,"ch":3,"sticky":null},"to":{"line":0,"ch":3,"sticky":null},"text":["m"],"removed":[""],"origin":"+input"}
2019-6-6 17:36:23.841#change#{"from":{"line":0,"ch":4,"sticky":null},"to":{"line":0,"ch":4,"sticky":null},"text":[" "],"removed":[""],"origin":"+input"}
2019-6-6 17:36:24.765#change#{"from":{"line":0,"ch":6,"sticky":null},"to":{"line":0,"ch":6,"sticky":null},"text":["u"],"removed":[""],"origin":"+input"}
2019-6-6 17:36:25.003#change#{"from":{"line":0,"ch":7,"sticky":null},"to":{"line":0,"ch":7,"sticky":null},"text":["m"],"removed":[""],"origin":"+input"}
2019-6-6 17:36:25.241#change#{"from":{"line":0,"ch":8,"sticky":null},"to":{"line":0,"ch":8,"sticky":null},"text":["p"],"removed":[""],"origin":"+input"}
2019-6-6 17:36:25.749#change#{"from":{"line":0,"ch":9,"sticky":null},"to":{"line":0,"ch":9,"sticky":null},"text":["y"],"removed":[""],"origin":"+input"}
2019-6-6 17:36:25.941#change#{"from":{"line":0,"ch":10,"sticky":null},"to":{"line":0,"ch":10,"sticky":null},"text":[" "],"removed":[""],"origin":"+input"}
2019-6-6 17:36:26.643#change#{"from":{"line":0,"ch":11,"sticky":null},"to":{"line":0,"ch":11,"sticky":null},"text":["i"],"removed":[""],"origin":"+input"}
2019-6-6 17:36:26.784#change#{"from":{"line":0,"ch":12,"sticky":null},"to":{"line":0,"ch":12,"sticky":null},"text":["m"],"removed":[""],"origin":"+input"}
2019-6-6 17:36:26.991#change#{"from":{"line":0,"ch":13,"sticky":null},"to":{"line":0,"ch":13,"sticky":null},"text":["p"],"removed":[""],"origin":"+input"}
2019-6-6 17:36:27.166#change#{"from":{"line":0,"ch":14,"sticky":null},"to":{"line":0,"ch":14,"sticky":null},"text":["o"],"removed":[""],"origin":"+input"}
2019-6-6 17:36:27.305#change#{"from":{"line":0,"ch":15,"sticky":null},"to":{"line":0,"ch":15,"sticky":null},"text":["e"],"removed":[""],"origin":"+input"}
2019-6-6 17:36:27.533#change#{"from":{"line":0,"ch":16,"sticky":null},"to":{"line":0,"ch":16,"sticky":null},"text":["r"],"removed":[""],"origin":"+input"}
2019-6-6 17:36:28.404#change#{"from":{"line":0,"ch":16,"sticky":"after"},"to":{"line":0,"ch":17,"sticky":null},"text":[""],"removed":["r"],"origin":"+delete"}
2019-6-6 17:36:28.404#keyHandled#"Backspace"
2019-6-6 17:36:28.562#change#{"from":{"line":0,"ch":15,"sticky":"after"},"to":{"line":0,"ch":16,"sticky":null},"text":[""],"removed":["e"],"origin":"+delete"}
2019-6-6 17:36:28.562#keyHandled#"Backspace"
2019-6-6 17:36:29.914#change#{"from":{"line":0,"ch":15,"sticky":null},"to":{"line":0,"ch":15,"sticky":null},"text":["r"],"removed":[""],"origin":"+input"}
2019-6-6 17:36:30.005#change#{"from":{"line":0,"ch":16,"sticky":null},"to":{"line":0,"ch":16,"sticky":null},"text":["t"],"removed":[""],"origin":"+input"}
2019-6-6 17:36:30.951#change#{"from":{"line":0,"ch":17,"sticky":null},"to":{"line":0,"ch":17,"sticky":null},"text":["*"],"removed":[""],"origin":"+input"}
2019-6-6 17:36:32.093#mousedown#{"isTrusted":true}
2019-6-6 17:36:33.754#change#{"from":{"line":1,"ch":5,"sticky":"before","xRel":75.08331298828125},"to":{"line":1,"ch":5,"sticky":"before","xRel":75.08331298828125},"text":["a"],"removed":[""],"origin":"+input"}
2019-6-6 17:36:34.089#change#{"from":{"line":1,"ch":6,"sticky":null},"to":{"line":1,"ch":6,"sticky":null},"text":["r"],"removed":[""],"origin":"+input"}
2019-6-6 17:36:34.198#change#{"from":{"line":1,"ch":7,"sticky":null},"to":{"line":1,"ch":7,"sticky":null},"text":["r"],"removed":[""],"origin":"+input"}
2019-6-6 17:36:34.320#change#{"from":{"line":1,"ch":8,"sticky":null},"to":{"line":1,"ch":8,"sticky":null},"text":["a"],"removed":[""],"origin":"+input"}
2019-6-6 17:36:34.696#change#{"from":{"line":1,"ch":9,"sticky":null},"to":{"line":1,"ch":9,"sticky":null},"text":["y"],"removed":[""],"origin":"+input"}
2019-6-6 17:36:35.975#change#{"from":{"line":1,"ch":10,"sticky":null},"to":{"line":1,"ch":10,"sticky":null},"text":["()"],"removed":[""],"origin":"+input"}
2019-6-6 17:36:35.975#keyHandled#"'('"
2019-6-6 17:36:38.480#change#{"from":{"line":1,"ch":11,"sticky":"after"},"to":{"line":1,"ch":11,"sticky":"after"},"text":["e"],"removed":[""],"origin":"+input"}
2019-6-6 17:36:38.661#change#{"from":{"line":1,"ch":12,"sticky":null},"to":{"line":1,"ch":12,"sticky":null},"text":["v"],"removed":[""],"origin":"+input"}
2019-6-6 17:36:38.815#change#{"from":{"line":1,"ch":13,"sticky":null},"to":{"line":1,"ch":13,"sticky":null},"text":["a"],"removed":[""],"origin":"+input"}
2019-6-6 17:36:39.037#change#{"from":{"line":1,"ch":14,"sticky":null},"to":{"line":1,"ch":14,"sticky":null},"text":["l"],"removed":[""],"origin":"+input"}
2019-6-6 17:36:39.232#change#{"from":{"line":1,"ch":15,"sticky":null},"to":{"line":1,"ch":15,"sticky":null},"text":[" "],"removed":[""],"origin":"+input"}
2019-6-6 17:36:39.918#change#{"from":{"line":1,"ch":15,"sticky":"after"},"to":{"line":1,"ch":16,"sticky":null},"text":[""],"removed":[" "],"origin":"+delete"}
2019-6-6 17:36:39.919#keyHandled#"Backspace"
2019-6-6 17:36:40.359#change#{"from":{"line":1,"ch":15,"sticky":null},"to":{"line":1,"ch":15,"sticky":null},"text":["()"],"removed":[""],"origin":"+input"}
2019-6-6 17:36:40.359#keyHandled#"'('"
2019-6-6 17:36:41.255#change#{"from":{"line":1,"ch":16,"sticky":"after"},"to":{"line":1,"ch":16,"sticky":"after"},"text":["i"],"removed":[""],"origin":"+input"}
2019-6-6 17:36:41.387#change#{"from":{"line":1,"ch":17,"sticky":null},"to":{"line":1,"ch":17,"sticky":null},"text":["n"],"removed":[""],"origin":"+input"}
2019-6-6 17:36:41.723#change#{"from":{"line":1,"ch":18,"sticky":null},"to":{"line":1,"ch":18,"sticky":null},"text":["p"],"removed":[""],"origin":"+input"}
2019-6-6 17:36:42.078#change#{"from":{"line":1,"ch":19,"sticky":null},"to":{"line":1,"ch":19,"sticky":null},"text":["u"],"removed":[""],"origin":"+input"}
2019-6-6 17:36:42.203#change#{"from":{"line":1,"ch":20,"sticky":null},"to":{"line":1,"ch":20,"sticky":null},"text":["t"],"removed":[""],"origin":"+input"}
2019-6-6 17:36:42.953#change#{"from":{"line":1,"ch":21,"sticky":null},"to":{"line":1,"ch":21,"sticky":null},"text":["()"],"removed":[""],"origin":"+input"}
2019-6-6 17:36:42.953#keyHandled#"'('"
2019-6-6 17:36:43.787#change#{"from":{"line":1,"ch":22,"sticky":"after"},"to":{"line":1,"ch":22,"sticky":"after"},"text":["\"\""],"removed":[""],"origin":"+input"}
2019-6-6 17:36:43.787#keyHandled#"'\"'"
2019-6-6 17:36:45.297#change#{"from":{"line":1,"ch":23,"sticky":"after"},"to":{"line":1,"ch":23,"sticky":"after"},"text":["N"],"removed":[""],"origin":"+input"}
2019-6-6 17:36:46.177#change#{"from":{"line":1,"ch":24,"sticky":null},"to":{"line":1,"ch":24,"sticky":null},"text":["u"],"removed":[""],"origin":"+input"}
2019-6-6 17:36:46.438#change#{"from":{"line":1,"ch":25,"sticky":null},"to":{"line":1,"ch":25,"sticky":null},"text":["m"],"removed":[""],"origin":"+input"}
2019-6-6 17:36:46.581#change#{"from":{"line":1,"ch":26,"sticky":null},"to":{"line":1,"ch":26,"sticky":null},"text":["e"],"removed":[""],"origin":"+input"}
2019-6-6 17:36:46.729#change#{"from":{"line":1,"ch":27,"sticky":null},"to":{"line":1,"ch":27,"sticky":null},"text":["r"],"removed":[""],"origin":"+input"}
2019-6-6 17:36:46.817#change#{"from":{"line":1,"ch":28,"sticky":null},"to":{"line":1,"ch":28,"sticky":null},"text":["o"],"removed":[""],"origin":"+input"}
2019-6-6 17:36:47.016#change#{"from":{"line":1,"ch":29,"sticky":null},"to":{"line":1,"ch":29,"sticky":null},"text":[" "],"removed":[""],"origin":"+input"}
2019-6-6 17:36:47.379#change#{"from":{"line":1,"ch":30,"sticky":null},"to":{"line":1,"ch":30,"sticky":null},"text":["d"],"removed":[""],"origin":"+input"}
2019-6-6 17:36:47.564#change#{"from":{"line":1,"ch":31,"sticky":null},"to":{"line":1,"ch":31,"sticky":null},"text":["e"],"removed":[""],"origin":"+input"}
2019-6-6 17:36:47.686#change#{"from":{"line":1,"ch":32,"sticky":null},"to":{"line":1,"ch":32,"sticky":null},"text":[" "],"removed":[""],"origin":"+input"}
2019-6-6 17:36:48.361#change#{"from":{"line":1,"ch":33,"sticky":null},"to":{"line":1,"ch":33,"sticky":null},"text":["M"],"removed":[""],"origin":"+input"}
2019-6-6 17:36:48.549#change#{"from":{"line":1,"ch":34,"sticky":null},"to":{"line":1,"ch":34,"sticky":null},"text":["a"],"removed":[""],"origin":"+input"}
2019-6-6 17:36:48.889#change#{"from":{"line":1,"ch":35,"sticky":null},"to":{"line":1,"ch":35,"sticky":null},"text":["t"],"removed":[""],"origin":"+input"}
2019-6-6 17:36:49.094#change#{"from":{"line":1,"ch":36,"sticky":null},"to":{"line":1,"ch":36,"sticky":null},"text":["r"],"removed":[""],"origin":"+input"}
2019-6-6 17:36:49.229#change#{"from":{"line":1,"ch":37,"sticky":null},"to":{"line":1,"ch":37,"sticky":null},"text":["i"],"removed":[""],"origin":"+input"}
2019-6-6 17:36:49.920#change#{"from":{"line":1,"ch":37,"sticky":"after"},"to":{"line":1,"ch":38,"sticky":null},"text":[""],"removed":["i"],"origin":"+delete"}
2019-6-6 17:36:49.920#keyHandled#"Backspace"
2019-6-6 17:36:50.052#change#{"from":{"line":1,"ch":37,"sticky":null},"to":{"line":1,"ch":37,"sticky":null},"text":["c"],"removed":[""],"origin":"+input"}
2019-6-6 17:36:50.351#change#{"from":{"line":1,"ch":38,"sticky":null},"to":{"line":1,"ch":38,"sticky":null},"text":["u"],"removed":[""],"origin":"+input"}
2019-6-6 17:36:50.556#change#{"from":{"line":1,"ch":39,"sticky":null},"to":{"line":1,"ch":39,"sticky":null},"text":["l"],"removed":[""],"origin":"+input"}
2019-6-6 17:36:50.643#change#{"from":{"line":1,"ch":40,"sticky":null},"to":{"line":1,"ch":40,"sticky":null},"text":["a"],"removed":[""],"origin":"+input"}
2019-6-6 17:36:51.964#change#{"from":{"line":1,"ch":40,"sticky":"after"},"to":{"line":1,"ch":41,"sticky":null},"text":[""],"removed":["a"],"origin":"+delete"}
2019-6-6 17:36:51.964#keyHandled#"Backspace"
2019-6-6 17:36:52.109#change#{"from":{"line":1,"ch":39,"sticky":"after"},"to":{"line":1,"ch":40,"sticky":null},"text":[""],"removed":["l"],"origin":"+delete"}
2019-6-6 17:36:52.110#keyHandled#"Backspace"
2019-6-6 17:36:52.265#change#{"from":{"line":1,"ch":38,"sticky":"after"},"to":{"line":1,"ch":39,"sticky":null},"text":[""],"removed":["u"],"origin":"+delete"}
2019-6-6 17:36:52.265#keyHandled#"Backspace"
2019-6-6 17:36:52.422#change#{"from":{"line":1,"ch":37,"sticky":"after"},"to":{"line":1,"ch":38,"sticky":null},"text":[""],"removed":["c"],"origin":"+delete"}
2019-6-6 17:36:52.422#keyHandled#"Backspace"
2019-6-6 17:36:53.323#change#{"from":{"line":1,"ch":37,"sticky":null},"to":{"line":1,"ch":37,"sticky":null},"text":["i"],"removed":[""],"origin":"+input"}
2019-6-6 17:36:53.569#change#{"from":{"line":1,"ch":38,"sticky":null},"to":{"line":1,"ch":38,"sticky":null},"text":["c"],"removed":[""],"origin":"+input"}
2019-6-6 17:36:53.856#change#{"from":{"line":1,"ch":39,"sticky":null},"to":{"line":1,"ch":39,"sticky":null},"text":["u"],"removed":[""],"origin":"+input"}
2019-6-6 17:36:54.172#change#{"from":{"line":1,"ch":40,"sticky":null},"to":{"line":1,"ch":40,"sticky":null},"text":["l"],"removed":[""],"origin":"+input"}
2019-6-6 17:36:54.261#change#{"from":{"line":1,"ch":41,"sticky":null},"to":{"line":1,"ch":41,"sticky":null},"text":["a"],"removed":[""],"origin":"+input"}
2019-6-6 17:36:54.434#change#{"from":{"line":1,"ch":42,"sticky":null},"to":{"line":1,"ch":42,"sticky":null},"text":[" "],"removed":[""],"origin":"+input"}
2019-6-6 17:36:55.144#change#{"from":{"line":1,"ch":43,"sticky":null},"to":{"line":1,"ch":43,"sticky":null},"text":["d"],"removed":[""],"origin":"+input"}
2019-6-6 17:36:55.242#change#{"from":{"line":1,"ch":44,"sticky":null},"to":{"line":1,"ch":44,"sticky":null},"text":["o"],"removed":[""],"origin":"+input"}
2019-6-6 17:36:55.422#change#{"from":{"line":1,"ch":45,"sticky":null},"to":{"line":1,"ch":45,"sticky":null},"text":[" "],"removed":[""],"origin":"+input"}
2019-6-6 17:36:56.132#change#{"from":{"line":1,"ch":46,"sticky":null},"to":{"line":1,"ch":46,"sticky":null},"text":["A"],"removed":[""],"origin":"+input"}
2019-6-6 17:36:56.299#change#{"from":{"line":1,"ch":47,"sticky":null},"to":{"line":1,"ch":47,"sticky":null},"text":["l"],"removed":[""],"origin":"+input"}
2019-6-6 17:36:56.457#change#{"from":{"line":1,"ch":48,"sticky":null},"to":{"line":1,"ch":48,"sticky":null},"text":["m"],"removed":[""],"origin":"+input"}
2019-6-6 17:36:56.952#change#{"from":{"line":1,"ch":48,"sticky":"after"},"to":{"line":1,"ch":49,"sticky":null},"text":[""],"removed":["m"],"origin":"+delete"}
2019-6-6 17:36:56.952#keyHandled#"Backspace"
2019-6-6 17:36:57.295#change#{"from":{"line":1,"ch":48,"sticky":null},"to":{"line":1,"ch":48,"sticky":null},"text":["i"],"removed":[""],"origin":"+input"}
2019-6-6 17:36:57.443#change#{"from":{"line":1,"ch":49,"sticky":null},"to":{"line":1,"ch":49,"sticky":null},"text":["n"],"removed":[""],"origin":"+input"}
2019-6-6 17:36:57.638#change#{"from":{"line":1,"ch":50,"sticky":null},"to":{"line":1,"ch":50,"sticky":null},"text":["o"],"removed":[""],"origin":"+input"}
2019-6-6 17:36:58.708#change#{"from":{"line":1,"ch":50,"sticky":"after"},"to":{"line":1,"ch":51,"sticky":null},"text":[""],"removed":["o"],"origin":"+delete"}
2019-6-6 17:36:58.708#keyHandled#"Backspace"
2019-6-6 17:36:58.860#change#{"from":{"line":1,"ch":49,"sticky":"after"},"to":{"line":1,"ch":50,"sticky":null},"text":[""],"removed":["n"],"origin":"+delete"}
2019-6-6 17:36:58.860#keyHandled#"Backspace"
2019-6-6 17:36:59.310#change#{"from":{"line":1,"ch":48,"sticky":"after"},"to":{"line":1,"ch":49,"sticky":null},"text":[""],"removed":["i"],"origin":"+delete"}
2019-6-6 17:36:59.310#keyHandled#"Backspace"
2019-6-6 17:37:00.148#change#{"from":{"line":1,"ch":48,"sticky":null},"to":{"line":1,"ch":48,"sticky":null},"text":["u"],"removed":[""],"origin":"+input"}
2019-6-6 17:37:00.552#change#{"from":{"line":1,"ch":49,"sticky":null},"to":{"line":1,"ch":49,"sticky":null},"text":["n"],"removed":[""],"origin":"+input"}
2019-6-6 17:37:00.618#change#{"from":{"line":1,"ch":50,"sticky":null},"to":{"line":1,"ch":50,"sticky":null},"text":["o"],"removed":[""],"origin":"+input"}
2019-6-6 17:37:02.066#change#{"from":{"line":1,"ch":51,"sticky":null},"to":{"line":1,"ch":51,"sticky":null},"text":[":"],"removed":[""],"origin":"+input"}
2019-6-6 17:37:02.408#change#{"from":{"line":1,"ch":52,"sticky":null},"to":{"line":1,"ch":52,"sticky":null},"text":[" "],"removed":[""],"origin":"+input"}
2019-6-6 17:37:03.798#mousedown#{"isTrusted":true}
2019-6-6 17:37:05.693#change#{"from":{"line":1,"ch":57,"sticky":"before","xRel":28.08331298828125},"to":{"line":1,"ch":57,"sticky":"before","xRel":28.08331298828125},"text":["",""],"removed":[""],"origin":"+input"}
2019-6-6 17:37:05.693#keyHandled#"Enter"
2019-6-6 17:37:05.708#viewportChange#0
2019-6-6 17:37:05.693#change#{"from":{"line":1,"ch":57,"sticky":"before","xRel":28.08331298828125},"to":{"line":1,"ch":57,"sticky":"before","xRel":28.08331298828125},"text":["",""],"removed":[""],"origin":"+input"}
2019-6-6 17:37:05.693#keyHandled#"Enter"
2019-6-6 17:37:05.708#viewportChange#0
2019-6-6 17:37:09.319#saida_testar#$ python3 main.py
2019-6-6 17:37:09.937#blur#
2019-6-6 17:37:11.017#mousedown#{"isTrusted":true}
2019-6-6 17:37:11.196#focus#
2019-6-6 17:37:12.287#mousedown#{"isTrusted":true}
2019-6-6 17:37:13.139#change#{"from":{"line":1,"ch":57,"sticky":"before","xRel":17.08331298828125},"to":{"line":1,"ch":57,"sticky":"before","xRel":17.08331298828125},"text":["",""],"removed":[""],"origin":"+input"}
2019-6-6 17:37:13.139#keyHandled#"Enter"
2019-6-6 17:37:13.154#viewportChange#0
2019-6-6 17:37:14.082#change#{"from":{"line":2,"ch":0,"sticky":null},"to":{"line":2,"ch":0,"sticky":null},"text":["",""],"removed":[""],"origin":"+input"}
2019-6-6 17:37:14.082#keyHandled#"Enter"
2019-6-6 17:37:14.096#viewportChange#0
2019-6-6 17:37:14.378#change#{"from":{"line":3,"ch":0,"sticky":null},"to":{"line":3,"ch":0,"sticky":null},"text":["",""],"removed":[""],"origin":"+input"}
2019-6-6 17:37:14.378#keyHandled#"Enter"
2019-6-6 17:37:14.393#viewportChange#0
2019-6-6 17:37:15.071#change#{"from":{"line":3,"ch":0,"sticky":"before"},"to":{"line":4,"ch":0,"sticky":null},"text":[""],"removed":["",""],"origin":"+delete"}
2019-6-6 17:37:15.071#keyHandled#"Backspace"
2019-6-6 17:37:15.083#viewportChange#0
2019-6-6 17:37:15.252#change#{"from":{"line":2,"ch":0,"sticky":"before"},"to":{"line":3,"ch":0,"sticky":null},"text":[""],"removed":["",""],"origin":"+delete"}
2019-6-6 17:37:15.252#keyHandled#"Backspace"
2019-6-6 17:37:15.264#viewportChange#0
2019-6-6 17:37:33.778#blur#
2019-6-6 17:37:42.334#mousedown#{"isTrusted":true}
2019-6-6 17:37:42.344#focus#
2019-6-6 17:37:47.875#change#{"from":{"line":2,"ch":0,"sticky":"after","xRel":22.08331298828125},"to":{"line":2,"ch":0,"sticky":"after","xRel":22.08331298828125},"text":["g"],"removed":[""],"origin":"+input"}
2019-6-6 17:37:48.498#change#{"from":{"line":2,"ch":1,"sticky":null},"to":{"line":2,"ch":1,"sticky":null},"text":["r"],"removed":[""],"origin":"+input"}
2019-6-6 17:37:48.724#change#{"from":{"line":2,"ch":2,"sticky":null},"to":{"line":2,"ch":2,"sticky":null},"text":["u"],"removed":[""],"origin":"+input"}
2019-6-6 17:37:49.166#change#{"from":{"line":2,"ch":3,"sticky":null},"to":{"line":2,"ch":3,"sticky":null},"text":["p"],"removed":[""],"origin":"+input"}
2019-6-6 17:37:49.312#change#{"from":{"line":2,"ch":4,"sticky":null},"to":{"line":2,"ch":4,"sticky":null},"text":["o"],"removed":[""],"origin":"+input"}
2019-6-6 17:37:50.724#change#{"from":{"line":2,"ch":5,"sticky":null},"to":{"line":2,"ch":5,"sticky":null},"text":["2"],"removed":[""],"origin":"+input"}
2019-6-6 17:37:51.210#change#{"from":{"line":2,"ch":6,"sticky":null},"to":{"line":2,"ch":6,"sticky":null},"text":[" "],"removed":[""],"origin":"+input"}
2019-6-6 17:37:52.082#change#{"from":{"line":2,"ch":7,"sticky":null},"to":{"line":2,"ch":7,"sticky":null},"text":["="],"removed":[""],"origin":"+input"}
2019-6-6 17:37:52.181#change#{"from":{"line":2,"ch":8,"sticky":null},"to":{"line":2,"ch":8,"sticky":null},"text":[" "],"removed":[""],"origin":"+input"}
2019-6-6 17:37:58.662#change#{"from":{"line":2,"ch":9,"sticky":null},"to":{"line":2,"ch":9,"sticky":null},"text":["z"],"removed":[""],"origin":"+input"}
2019-6-6 17:37:59.051#change#{"from":{"line":2,"ch":10,"sticky":null},"to":{"line":2,"ch":10,"sticky":null},"text":["e"],"removed":[""],"origin":"+input"}
2019-6-6 17:37:59.206#change#{"from":{"line":2,"ch":11,"sticky":null},"to":{"line":2,"ch":11,"sticky":null},"text":["r"],"removed":[""],"origin":"+input"}
2019-6-6 17:37:59.356#change#{"from":{"line":2,"ch":12,"sticky":null},"to":{"line":2,"ch":12,"sticky":null},"text":["o"],"removed":[""],"origin":"+input"}
2019-6-6 17:37:59.537#change#{"from":{"line":2,"ch":13,"sticky":null},"to":{"line":2,"ch":13,"sticky":null},"text":["s"],"removed":[""],"origin":"+input"}
2019-6-6 17:38:00.611#change#{"from":{"line":2,"ch":14,"sticky":null},"to":{"line":2,"ch":14,"sticky":null},"text":["()"],"removed":[""],"origin":"+input"}
2019-6-6 17:38:00.612#keyHandled#"'('"
2019-6-6 17:38:04.573#change#{"from":{"line":2,"ch":15,"sticky":"after"},"to":{"line":2,"ch":15,"sticky":"after"},"text":["0"],"removed":[""],"origin":"+input"}
2019-6-6 17:38:06.028#change#{"from":{"line":2,"ch":15,"sticky":"after"},"to":{"line":2,"ch":16,"sticky":null},"text":[""],"removed":["0"],"origin":"+delete"}
2019-6-6 17:38:06.028#keyHandled#"Backspace"
2019-6-6 17:38:16.038#change#{"from":{"line":2,"ch":15,"sticky":null},"to":{"line":2,"ch":15,"sticky":null},"text":["8"],"removed":[""],"origin":"+input"}
2019-6-6 17:38:17.770#change#{"from":{"line":2,"ch":16,"sticky":null},"to":{"line":2,"ch":16,"sticky":null},"text":[","],"removed":[""],"origin":"+input"}
2019-6-6 17:38:17.920#change#{"from":{"line":2,"ch":17,"sticky":null},"to":{"line":2,"ch":17,"sticky":null},"text":[" "],"removed":[""],"origin":"+input"}
2019-6-6 17:38:19.270#change#{"from":{"line":2,"ch":18,"sticky":null},"to":{"line":2,"ch":18,"sticky":null},"text":["d"],"removed":[""],"origin":"+input"}
2019-6-6 17:38:20.016#change#{"from":{"line":2,"ch":19,"sticky":null},"to":{"line":2,"ch":19,"sticky":null},"text":["t"],"removed":[""],"origin":"+input"}
2019-6-6 17:38:20.127#change#{"from":{"line":2,"ch":20,"sticky":null},"to":{"line":2,"ch":20,"sticky":null},"text":["y"],"removed":[""],"origin":"+input"}
2019-6-6 17:38:20.520#change#{"from":{"line":2,"ch":21,"sticky":null},"to":{"line":2,"ch":21,"sticky":null},"text":["p"],"removed":[""],"origin":"+input"}
2019-6-6 17:38:20.688#change#{"from":{"line":2,"ch":22,"sticky":null},"to":{"line":2,"ch":22,"sticky":null},"text":["e"],"removed":[""],"origin":"+input"}
2019-6-6 17:38:22.297#change#{"from":{"line":2,"ch":23,"sticky":null},"to":{"line":2,"ch":23,"sticky":null},"text":[" "],"removed":[""],"origin":"+input"}
2019-6-6 17:38:22.429#change#{"from":{"line":2,"ch":24,"sticky":null},"to":{"line":2,"ch":24,"sticky":null},"text":["="],"removed":[""],"origin":"+input"}
2019-6-6 17:38:22.522#change#{"from":{"line":2,"ch":25,"sticky":null},"to":{"line":2,"ch":25,"sticky":null},"text":[" "],"removed":[""],"origin":"+input"}
2019-6-6 17:38:23.296#change#{"from":{"line":2,"ch":26,"sticky":null},"to":{"line":2,"ch":26,"sticky":null},"text":["i"],"removed":[""],"origin":"+input"}
2019-6-6 17:38:23.454#change#{"from":{"line":2,"ch":27,"sticky":null},"to":{"line":2,"ch":27,"sticky":null},"text":["n"],"removed":[""],"origin":"+input"}
2019-6-6 17:38:23.614#change#{"from":{"line":2,"ch":28,"sticky":null},"to":{"line":2,"ch":28,"sticky":null},"text":["t"],"removed":[""],"origin":"+input"}
2019-6-6 17:38:25.441#mousedown#{"isTrusted":true}
2019-6-6 17:38:26.350#change#{"from":{"line":2,"ch":30,"sticky":"before","xRel":51.08331298828125},"to":{"line":2,"ch":30,"sticky":"before","xRel":51.08331298828125},"text":["",""],"removed":[""],"origin":"+input"}
2019-6-6 17:38:26.350#keyHandled#"Enter"
2019-6-6 17:38:26.376#viewportChange#0
2019-6-6 17:38:26.552#change#{"from":{"line":3,"ch":0,"sticky":null},"to":{"line":3,"ch":0,"sticky":null},"text":["",""],"removed":[""],"origin":"+input"}
2019-6-6 17:38:26.552#keyHandled#"Enter"
2019-6-6 17:38:26.572#viewportChange#0
2019-6-6 17:38:28.407#change#{"from":{"line":4,"ch":0,"sticky":null},"to":{"line":4,"ch":0,"sticky":null},"text":["f"],"removed":[""],"origin":"+input"}
2019-6-6 17:38:28.517#change#{"from":{"line":4,"ch":1,"sticky":null},"to":{"line":4,"ch":1,"sticky":null},"text":["o"],"removed":[""],"origin":"+input"}
2019-6-6 17:38:28.693#change#{"from":{"line":4,"ch":2,"sticky":null},"to":{"line":4,"ch":2,"sticky":null},"text":["r"],"removed":[""],"origin":"+input"}
2019-6-6 17:38:29.849#change#{"from":{"line":4,"ch":3,"sticky":null},"to":{"line":4,"ch":3,"sticky":null},"text":[" "],"removed":[""],"origin":"+input"}
2019-6-6 17:38:37.351#change#{"from":{"line":4,"ch":4,"sticky":null},"to":{"line":4,"ch":4,"sticky":null},"text":["i"],"removed":[""],"origin":"+input"}
2019-6-6 17:38:37.602#change#{"from":{"line":4,"ch":5,"sticky":null},"to":{"line":4,"ch":5,"sticky":null},"text":[" "],"removed":[""],"origin":"+input"}
2019-6-6 17:39:01.778#change#{"from":{"line":4,"ch":6,"sticky":null},"to":{"line":4,"ch":6,"sticky":null},"text":["i"],"removed":[""],"origin":"+input"}
2019-6-6 17:39:01.918#change#{"from":{"line":4,"ch":7,"sticky":null},"to":{"line":4,"ch":7,"sticky":null},"text":["n"],"removed":[""],"origin":"+input"}
2019-6-6 17:39:03.048#change#{"from":{"line":4,"ch":8,"sticky":null},"to":{"line":4,"ch":8,"sticky":null},"text":[" "],"removed":[""],"origin":"+input"}
2019-6-6 17:39:16.996#change#{"from":{"line":4,"ch":9,"sticky":null},"to":{"line":4,"ch":9,"sticky":null},"text":["()"],"removed":[""],"origin":"+input"}
2019-6-6 17:39:16.996#keyHandled#"'('"
2019-6-6 17:39:18.047#change#{"from":{"line":4,"ch":10,"sticky":"after"},"to":{"line":4,"ch":10,"sticky":"after"},"text":["s"],"removed":[""],"origin":"+input"}
2019-6-6 17:39:18.158#change#{"from":{"line":4,"ch":11,"sticky":null},"to":{"line":4,"ch":11,"sticky":null},"text":["i"],"removed":[""],"origin":"+input"}
2019-6-6 17:39:18.389#change#{"from":{"line":4,"ch":12,"sticky":null},"to":{"line":4,"ch":12,"sticky":null},"text":["z"],"removed":[""],"origin":"+input"}
2019-6-6 17:39:18.827#change#{"from":{"line":4,"ch":13,"sticky":null},"to":{"line":4,"ch":13,"sticky":null},"text":["e"],"removed":[""],"origin":"+input"}
2019-6-6 17:39:20.189#change#{"from":{"line":4,"ch":14,"sticky":null},"to":{"line":4,"ch":14,"sticky":null},"text":["()"],"removed":[""],"origin":"+input"}
2019-6-6 17:39:20.189#keyHandled#"'('"
2019-6-6 17:39:23.356#change#{"from":{"line":4,"ch":15,"sticky":"after"},"to":{"line":4,"ch":15,"sticky":"after"},"text":["N"],"removed":[""],"origin":"+input"}
2019-6-6 17:39:23.532#change#{"from":{"line":4,"ch":16,"sticky":null},"to":{"line":4,"ch":16,"sticky":null},"text":["M"],"removed":[""],"origin":"+input"}
2019-6-6 17:39:23.356#change#{"from":{"line":4,"ch":15,"sticky":"after"},"to":{"line":4,"ch":15,"sticky":"after"},"text":["N"],"removed":[""],"origin":"+input"}
2019-6-6 17:39:23.532#change#{"from":{"line":4,"ch":16,"sticky":null},"to":{"line":4,"ch":16,"sticky":null},"text":["M"],"removed":[""],"origin":"+input"}
2019-6-6 17:39:25.001#dica_bullet#SyntaxError: invalid syntax
2019-6-6 17:39:25.483#saida_testar#$ python3 main.py
File "main.py", line 5
for i in (size(NM))
SyntaxError: invalid syntax
2019-6-6 17:39:25.545#mousedown#{"isTrusted":true}
2019-6-6 17:39:26.363#change#{"from":{"line":4,"ch":19,"sticky":"before","xRel":121.08331298828125},"to":{"line":4,"ch":19,"sticky":"before","xRel":121.08331298828125},"text":[":"],"removed":[""],"origin":"+input"}
2019-6-6 17:39:26.581#change#{"from":{"line":4,"ch":20,"sticky":null},"to":{"line":4,"ch":20,"sticky":null},"text":["",""],"removed":[""],"origin":"+input"}
2019-6-6 17:39:26.581#change#{"from":{"line":5,"ch":0,"sticky":null},"to":{"line":5,"ch":0,"sticky":null},"text":["\t"],"removed":[""],"origin":"+input"}
2019-6-6 17:39:26.581#keyHandled#"Enter"
2019-6-6 17:39:26.597#viewportChange#0
2019-6-6 17:39:37.218#change#{"from":{"line":5,"ch":1,"sticky":null},"to":{"line":5,"ch":1,"sticky":null},"text":["w"],"removed":[""],"origin":"+input"}
2019-6-6 17:39:37.589#change#{"from":{"line":5,"ch":2,"sticky":null},"to":{"line":5,"ch":2,"sticky":null},"text":["h"],"removed":[""],"origin":"+input"}
2019-6-6 17:39:38.298#change#{"from":{"line":5,"ch":3,"sticky":null},"to":{"line":5,"ch":3,"sticky":null},"text":["i"],"removed":[""],"origin":"+input"}
2019-6-6 17:39:38.512#change#{"from":{"line":5,"ch":4,"sticky":null},"to":{"line":5,"ch":4,"sticky":null},"text":["l"],"removed":[""],"origin":"+input"}
2019-6-6 17:39:38.694#change#{"from":{"line":5,"ch":5,"sticky":null},"to":{"line":5,"ch":5,"sticky":null},"text":["e"],"removed":[""],"origin":"+input"}
2019-6-6 17:39:39.736#change#{"from":{"line":5,"ch":6,"sticky":null},"to":{"line":5,"ch":6,"sticky":null},"text":["()"],"removed":[""],"origin":"+input"}
2019-6-6 17:39:39.736#keyHandled#"'('"
2019-6-6 17:39:47.908#change#{"from":{"line":5,"ch":7,"sticky":"after"},"to":{"line":5,"ch":7,"sticky":"after"},"text":["N"],"removed":[""],"origin":"+input"}
2019-6-6 17:39:48.087#change#{"from":{"line":5,"ch":8,"sticky":null},"to":{"line":5,"ch":8,"sticky":null},"text":["m"],"removed":[""],"origin":"+input"}
2019-6-6 17:39:48.873#change#{"from":{"line":5,"ch":8,"sticky":"after"},"to":{"line":5,"ch":9,"sticky":null},"text":[""],"removed":["m"],"origin":"+delete"}
2019-6-6 17:39:48.873#keyHandled#"Backspace"
2019-6-6 17:39:49.210#change#{"from":{"line":5,"ch":8,"sticky":null},"to":{"line":5,"ch":8,"sticky":null},"text":["<"],"removed":[""],"origin":"+input"}
2019-6-6 17:39:49.974#change#{"from":{"line":5,"ch":8,"sticky":"after"},"to":{"line":5,"ch":9,"sticky":null},"text":[""],"removed":["<"],"origin":"+delete"}
2019-6-6 17:39:49.974#keyHandled#"Backspace"
2019-6-6 17:39:50.385#change#{"from":{"line":5,"ch":8,"sticky":null},"to":{"line":5,"ch":8,"sticky":null},"text":["M"],"removed":[""],"origin":"+input"}
2019-6-6 17:39:50.578#change#{"from":{"line":5,"ch":9,"sticky":null},"to":{"line":5,"ch":9,"sticky":null},"text":[" "],"removed":[""],"origin":"+input"}
2019-6-6 17:39:52.483#change#{"from":{"line":5,"ch":10,"sticky":null},"to":{"line":5,"ch":10,"sticky":null},"text":["[]"],"removed":[""],"origin":"+input"}
2019-6-6 17:39:52.483#keyHandled#"'['"
2019-6-6 17:39:55.298#change#{"from":{"line":5,"ch":11,"sticky":"after"},"to":{"line":5,"ch":11,"sticky":"after"},"text":["7"],"removed":[""],"origin":"+input"}
2019-6-6 17:39:56.682#change#{"from":{"line":5,"ch":11,"sticky":"after"},"to":{"line":5,"ch":12,"sticky":null},"text":[""],"removed":["7"],"origin":"+delete"}
2019-6-6 17:39:56.682#keyHandled#"Backspace"
2019-6-6 17:39:58.494#change#{"from":{"line":5,"ch":11,"sticky":null},"to":{"line":5,"ch":11,"sticky":null},"text":["-"],"removed":[""],"origin":"+input"}
2019-6-6 17:39:59.440#change#{"from":{"line":5,"ch":12,"sticky":null},"to":{"line":5,"ch":12,"sticky":null},"text":["1"],"removed":[""],"origin":"+input"}
2019-6-6 17:40:03.911#mousedown#{"isTrusted":true}
2019-6-6 17:40:04.910#mousedown#{"isTrusted":true}
2019-6-6 17:40:06.190#change#{"from":{"line":5,"ch":14,"sticky":"before","xRel":-1.91668701171875},"to":{"line":5,"ch":14,"sticky":"before","xRel":-1.91668701171875},"text":[" "],"removed":[""],"origin":"+input"}
2019-6-6 17:40:16.216#change#{"from":{"line":5,"ch":15,"sticky":null},"to":{"line":5,"ch":15,"sticky":null},"text":["="],"removed":[""],"origin":"+input"}
2019-6-6 17:40:16.367#change#{"from":{"line":5,"ch":16,"sticky":null},"to":{"line":5,"ch":16,"sticky":null},"text":["="],"removed":[""],"origin":"+input"}
2019-6-6 17:40:17.958#change#{"from":{"line":5,"ch":17,"sticky":null},"to":{"line":5,"ch":17,"sticky":null},"text":[" "],"removed":[""],"origin":"+input"}
2019-6-6 17:40:19.578#change#{"from":{"line":5,"ch":17,"sticky":"after"},"to":{"line":5,"ch":18,"sticky":null},"text":[""],"removed":[" "],"origin":"+delete"}
2019-6-6 17:40:19.578#keyHandled#"Backspace"
2019-6-6 17:40:19.730#change#{"from":{"line":5,"ch":16,"sticky":"after"},"to":{"line":5,"ch":17,"sticky":null},"text":[""],"removed":["="],"origin":"+delete"}
2019-6-6 17:40:19.730#keyHandled#"Backspace"
2019-6-6 17:40:19.895#change#{"from":{"line":5,"ch":15,"sticky":"after"},"to":{"line":5,"ch":16,"sticky":null},"text":[""],"removed":["="],"origin":"+delete"}
2019-6-6 17:40:19.895#keyHandled#"Backspace"
2019-6-6 17:40:20.122#change#{"from":{"line":5,"ch":14,"sticky":"after"},"to":{"line":5,"ch":15,"sticky":null},"text":[""],"removed":[" "],"origin":"+delete"}
2019-6-6 17:40:20.122#keyHandled#"Backspace"
2019-6-6 17:40:20.651#change#{"from":{"line":5,"ch":14,"sticky":null},"to":{"line":5,"ch":14,"sticky":null},"text":[" "],"removed":[""],"origin":"+input"}
2019-6-6 17:40:23.213#change#{"from":{"line":5,"ch":15,"sticky":null},"to":{"line":5,"ch":15,"sticky":null},"text":["="],"removed":[""],"origin":"+input"}
2019-6-6 17:40:23.338#change#{"from":{"line":5,"ch":16,"sticky":null},"to":{"line":5,"ch":16,"sticky":null},"text":[" "],"removed":[""],"origin":"+input"}
2019-6-6 17:40:26.188#change#{"from":{"line":5,"ch":17,"sticky":null},"to":{"line":5,"ch":17,"sticky":null},"text":["%"],"removed":[""],"origin":"+input"}
2019-6-6 17:40:27.453#change#{"from":{"line":5,"ch":18,"sticky":null},"to":{"line":5,"ch":18,"sticky":null},"text":["2"],"removed":[""],"origin":"+input"}
2019-6-6 17:40:28.437#change#{"from":{"line":5,"ch":19,"sticky":null},"to":{"line":5,"ch":19,"sticky":null},"text":[" "],"removed":[""],"origin":"+input"}
2019-6-6 17:40:31.111#change#{"from":{"line":5,"ch":20,"sticky":null},"to":{"line":5,"ch":20,"sticky":null},"text":["="],"removed":[""],"origin":"+input"}
2019-6-6 17:40:31.261#change#{"from":{"line":5,"ch":21,"sticky":null},"to":{"line":5,"ch":21,"sticky":null},"text":["="],"removed":[""],"origin":"+input"}
2019-6-6 17:40:31.975#change#{"from":{"line":5,"ch":22,"sticky":null},"to":{"line":5,"ch":22,"sticky":null},"text":[" "],"removed":[""],"origin":"+input"}
2019-6-6 17:40:32.454#change#{"from":{"line":5,"ch":23,"sticky":null},"to":{"line":5,"ch":23,"sticky":null},"text":["0"],"removed":[""],"origin":"+input"}
2019-6-6 17:40:32.454#change#{"from":{"line":5,"ch":23,"sticky":null},"to":{"line":5,"ch":23,"sticky":null},"text":["0"],"removed":[""],"origin":"+input"}
2019-6-6 17:40:34.823#dica_bullet#SyntaxError: invalid syntax
2019-6-6 17:40:35.005#mousedown#{"isTrusted":true}
2019-6-6 17:40:35.343#saida_testar#$ python3 main.py
File "main.py", line 6
while(NM [-1] = %2 == 0)
SyntaxError: invalid syntax
2019-6-6 17:40:35.986#change#{"from":{"line":5,"ch":25,"sticky":"before","xRel":17.08331298828125},"to":{"line":5,"ch":25,"sticky":"before","xRel":17.08331298828125},"text":[":"],"removed":[""],"origin":"+input"}
2019-6-6 17:40:36.166#change#{"from":{"line":5,"ch":26,"sticky":null},"to":{"line":5,"ch":26,"sticky":null},"text":["",""],"removed":[""],"origin":"+input"}
2019-6-6 17:40:36.166#change#{"from":{"line":6,"ch":0,"sticky":null},"to":{"line":6,"ch":0,"sticky":null},"text":["\t\t"],"removed":[""],"origin":"+input"}
2019-6-6 17:40:36.166#keyHandled#"Enter"
2019-6-6 17:40:36.184#viewportChange#0
2019-6-6 17:40:36.166#change#{"from":{"line":5,"ch":26,"sticky":null},"to":{"line":5,"ch":26,"sticky":null},"text":["",""],"removed":[""],"origin":"+input"}
2019-6-6 17:40:36.166#change#{"from":{"line":6,"ch":0,"sticky":null},"to":{"line":6,"ch":0,"sticky":null},"text":["\t\t"],"removed":[""],"origin":"+input"}
2019-6-6 17:40:36.166#keyHandled#"Enter"
2019-6-6 17:40:36.184#viewportChange#0
2019-6-6 17:40:37.589#dica_bullet#SyntaxError: invalid syntax
2019-6-6 17:40:37.634#saida_testar#$ python3 main.py
File "main.py", line 6
while(NM [-1] = %2 == 0):
SyntaxError: invalid syntax
2019-6-6 17:40:43.042#mousedown#{"isTrusted":true}
2019-6-6 17:40:44.421#change#{"from":{"line":5,"ch":17,"sticky":"before","xRel":-1.91668701171875},"to":{"line":5,"ch":17,"sticky":"before","xRel":-1.91668701171875},"text":["("],"removed":[""],"origin":"+input"}
2019-6-6 17:40:46.105#mousedown#{"isTrusted":true}
2019-6-6 17:40:47.609#change#{"from":{"line":5,"ch":26,"sticky":"before","xRel":-2.91668701171875},"to":{"line":5,"ch":26,"sticky":"before","xRel":-2.91668701171875},"text":[")"],"removed":[""],"origin":"+input"}
2019-6-6 17:40:47.609#change#{"from":{"line":5,"ch":26,"sticky":"before","xRel":-2.91668701171875},"to":{"line":5,"ch":26,"sticky":"before","xRel":-2.91668701171875},"text":[")"],"removed":[""],"origin":"+input"}
2019-6-6 17:40:49.402#dica_bullet#SyntaxError: invalid syntax
2019-6-6 17:40:49.431#saida_testar#$ python3 main.py
File "main.py", line 6
while(NM [-1] = (%2 == 0)):
SyntaxError: invalid syntax
2019-6-6 17:40:50.508#mousedown#{"isTrusted":true}
2019-6-6 17:40:50.927#change#{"from":{"line":5,"ch":18,"sticky":"before","xRel":-3.91668701171875},"to":{"line":5,"ch":18,"sticky":"before","xRel":-3.91668701171875},"text":[" "],"removed":[""],"origin":"+input"}
2019-6-6 17:40:57.125#mousedown#{"isTrusted":true}
2019-6-6 17:40:58.256#change#{"from":{"line":5,"ch":12,"sticky":"after"},"to":{"line":5,"ch":13,"sticky":"before","xRel":-2.91668701171875},"text":[""],"removed":["1"],"origin":"+delete"}
2019-6-6 17:40:58.256#keyHandled#"Backspace"
2019-6-6 17:40:58.390#change#{"from":{"line":5,"ch":11,"sticky":"after"},"to":{"line":5,"ch":12,"sticky":null},"text":[""],"removed":["-"],"origin":"+delete"}
2019-6-6 17:40:58.390#keyHandled#"Backspace"
2019-6-6 17:40:58.822#change#{"from":{"line":5,"ch":11,"sticky":null},"to":{"line":5,"ch":11,"sticky":null},"text":["7"],"removed":[""],"origin":"+input"}
2019-6-6 17:40:58.256#change#{"from":{"line":5,"ch":12,"sticky":"after"},"to":{"line":5,"ch":13,"sticky":"before","xRel":-2.91668701171875},"text":[""],"removed":["1"],"origin":"+delete"}
2019-6-6 17:40:58.256#keyHandled#"Backspace"
2019-6-6 17:40:58.390#change#{"from":{"line":5,"ch":11,"sticky":"after"},"to":{"line":5,"ch":12,"sticky":null},"text":[""],"removed":["-"],"origin":"+delete"}
2019-6-6 17:40:58.390#keyHandled#"Backspace"
2019-6-6 17:40:58.822#change#{"from":{"line":5,"ch":11,"sticky":null},"to":{"line":5,"ch":11,"sticky":null},"text":["7"],"removed":[""],"origin":"+input"}
2019-6-6 17:41:00.403#dica_bullet#SyntaxError: invalid syntax
2019-6-6 17:41:01.436#saida_testar#$ python3 main.py
File "main.py", line 6
while(NM [7] = ( %2 == 0)):
SyntaxError: invalid syntax
2019-6-6 17:41:05.514#mousedown#{"isTrusted":true}
2019-6-6 17:41:06.305#change#{"from":{"line":5,"ch":27,"sticky":"after"},"to":{"line":5,"ch":28,"sticky":"before","xRel":2.08331298828125},"text":[""],"removed":[":"],"origin":"+delete"}
2019-6-6 17:41:06.305#keyHandled#"Backspace"
2019-6-6 17:41:06.445#change#{"from":{"line":5,"ch":26,"sticky":"after"},"to":{"line":5,"ch":27,"sticky":null},"text":[""],"removed":[")"],"origin":"+delete"}
2019-6-6 17:41:06.445#keyHandled#"Backspace"
2019-6-6 17:41:06.583#change#{"from":{"line":5,"ch":25,"sticky":"after"},"to":{"line":5,"ch":26,"sticky":null},"text":[""],"removed":[")"],"origin":"+delete"}
2019-6-6 17:41:06.583#keyHandled#"Backspace"
2019-6-6 17:41:06.711#change#{"from":{"line":5,"ch":24,"sticky":"after"},"to":{"line":5,"ch":25,"sticky":null},"text":[""],"removed":["0"],"origin":"+delete"}
2019-6-6 17:41:06.711#keyHandled#"Backspace"
2019-6-6 17:41:06.860#change#{"from":{"line":5,"ch":23,"sticky":"after"},"to":{"line":5,"ch":24,"sticky":null},"text":[""],"removed":[" "],"origin":"+delete"}
2019-6-6 17:41:06.860#keyHandled#"Backspace"
2019-6-6 17:41:07.004#change#{"from":{"line":5,"ch":22,"sticky":"after"},"to":{"line":5,"ch":23,"sticky":null},"text":[""],"removed":["="],"origin":"+delete"}
2019-6-6 17:41:07.004#keyHandled#"Backspace"
2019-6-6 17:41:07.137#change#{"from":{"line":5,"ch":21,"sticky":"after"},"to":{"line":5,"ch":22,"sticky":null},"text":[""],"removed":["="],"origin":"+delete"}
2019-6-6 17:41:07.137#keyHandled#"Backspace"
2019-6-6 17:41:07.265#change#{"from":{"line":5,"ch":20,"sticky":"after"},"to":{"line":5,"ch":21,"sticky":null},"text":[""],"removed":[" "],"origin":"+delete"}
2019-6-6 17:41:07.265#keyHandled#"Backspace"
2019-6-6 17:41:07.404#change#{"from":{"line":5,"ch":19,"sticky":"after"},"to":{"line":5,"ch":20,"sticky":null},"text":[""],"removed":["2"],"origin":"+delete"}
2019-6-6 17:41:07.404#keyHandled#"Backspace"
2019-6-6 17:41:07.539#change#{"from":{"line":5,"ch":18,"sticky":"after"},"to":{"line":5,"ch":19,"sticky":null},"text":[""],"removed":["%"],"origin":"+delete"}
2019-6-6 17:41:07.539#keyHandled#"Backspace"
2019-6-6 17:41:07.677#change#{"from":{"line":5,"ch":17,"sticky":"after"},"to":{"line":5,"ch":18,"sticky":null},"text":[""],"removed":[" "],"origin":"+delete"}
2019-6-6 17:41:07.677#keyHandled#"Backspace"
2019-6-6 17:41:07.837#change#{"from":{"line":5,"ch":16,"sticky":"after"},"to":{"line":5,"ch":17,"sticky":null},"text":[""],"removed":["("],"origin":"+delete"}
2019-6-6 17:41:07.838#keyHandled#"Backspace"
2019-6-6 17:41:07.963#change#{"from":{"line":5,"ch":15,"sticky":"after"},"to":{"line":5,"ch":16,"sticky":null},"text":[""],"removed":[" "],"origin":"+delete"}
2019-6-6 17:41:07.963#keyHandled#"Backspace"
2019-6-6 17:41:08.094#change#{"from":{"line":5,"ch":14,"sticky":"after"},"to":{"line":5,"ch":15,"sticky":null},"text":[""],"removed":["="],"origin":"+delete"}
2019-6-6 17:41:08.094#keyHandled#"Backspace"
2019-6-6 17:41:08.213#change#{"from":{"line":5,"ch":13,"sticky":"after"},"to":{"line":5,"ch":14,"sticky":null},"text":[""],"removed":[" "],"origin":"+delete"}
2019-6-6 17:41:08.213#keyHandled#"Backspace"
2019-6-6 17:41:08.356#change#{"from":{"line":5,"ch":12,"sticky":"after"},"to":{"line":5,"ch":13,"sticky":null},"text":[""],"removed":["]"],"origin":"+delete"}
2019-6-6 17:41:08.356#keyHandled#"Backspace"
2019-6-6 17:41:08.626#change#{"from":{"line":5,"ch":11,"sticky":"after"},"to":{"line":5,"ch":12,"sticky":null},"text":[""],"removed":["7"],"origin":"+delete"}
2019-6-6 17:41:08.626#keyHandled#"Backspace"
2019-6-6 17:41:08.784#change#{"from":{"line":5,"ch":10,"sticky":"after"},"to":{"line":5,"ch":11,"sticky":null},"text":[""],"removed":["["],"origin":"+delete"}
2019-6-6 17:41:08.784#keyHandled#"Backspace"
2019-6-6 17:41:08.915#change#{"from":{"line":5,"ch":9,"sticky":"after"},"to":{"line":5,"ch":10,"sticky":null},"text":[""],"removed":[" "],"origin":"+delete"}
2019-6-6 17:41:08.915#keyHandled#"Backspace"
2019-6-6 17:41:09.065#change#{"from":{"line":5,"ch":8,"sticky":"after"},"to":{"line":5,"ch":9,"sticky":null},"text":[""],"removed":["M"],"origin":"+delete"}
2019-6-6 17:41:09.065#keyHandled#"Backspace"
2019-6-6 17:41:10.663#blur#
2019-6-6 17:41:36.343#mousedown#{"isTrusted":true}
2019-6-6 17:41:36.363#focus#
2019-6-6 17:41:36.973#mousedown#{"isTrusted":true}
2019-6-6 17:41:37.950#mousedown#{"isTrusted":true}
2019-6-6 17:41:39.231#change#{"from":{"line":2,"ch":30,"sticky":"before","xRel":7.08331298828125},"to":{"line":2,"ch":30,"sticky":"before","xRel":7.08331298828125},"text":["",""],"removed":[""],"origin":"+input"}
2019-6-6 17:41:39.231#keyHandled#"Enter"
2019-6-6 17:41:39.246#viewportChange#0
2019-6-6 17:41:40.797#change#{"from":{"line":3,"ch":0,"sticky":null},"to":{"line":3,"ch":0,"sticky":null},"text":["i"],"removed":[""],"origin":"+input"}
2019-6-6 17:41:40.900#change#{"from":{"line":3,"ch":1,"sticky":null},"to":{"line":3,"ch":1,"sticky":null},"text":["f"],"removed":[""],"origin":"+input"}
2019-6-6 17:41:41.267#change#{"from":{"line":3,"ch":2,"sticky":null},"to":{"line":3,"ch":2,"sticky":null},"text":[" "],"removed":[""],"origin":"+input"}
2019-6-6 17:41:46.841#change#{"from":{"line":3,"ch":3,"sticky":null},"to":{"line":3,"ch":3,"sticky":null},"text":["N"],"removed":[""],"origin":"+input"}
2019-6-6 17:41:47.364#change#{"from":{"line":3,"ch":4,"sticky":null},"to":{"line":3,"ch":4,"sticky":null},"text":["m"],"removed":[""],"origin":"+input"}
2019-6-6 17:41:48.359#change#{"from":{"line":3,"ch":4,"sticky":"after"},"to":{"line":3,"ch":5,"sticky":null},"text":[""],"removed":["m"],"origin":"+delete"}
2019-6-6 17:41:48.359#keyHandled#"Backspace"
2019-6-6 17:42:02.331#blur#
2019-6-6 17:42:11.658#focus#
2019-6-6 17:42:12.053#blur#
2019-6-6 17:43:03.769#focus#
2019-6-6 17:43:11.970#change#{"from":{"line":3,"ch":3,"sticky":"after"},"to":{"line":3,"ch":4,"sticky":null},"text":[""],"removed":["N"],"origin":"+delete"}
2019-6-6 17:43:11.970#keyHandled#"Backspace"
2019-6-6 17:43:12.129#change#{"from":{"line":3,"ch":2,"sticky":"after"},"to":{"line":3,"ch":3,"sticky":null},"text":[""],"removed":[" "],"origin":"+delete"}
2019-6-6 17:43:12.130#keyHandled#"Backspace"
2019-6-6 17:43:12.267#change#{"from":{"line":3,"ch":1,"sticky":"after"},"to":{"line":3,"ch":2,"sticky":null},"text":[""],"removed":["f"],"origin":"+delete"}
2019-6-6 17:43:12.267#keyHandled#"Backspace"
2019-6-6 17:43:12.424#change#{"from":{"line":3,"ch":0,"sticky":"after"},"to":{"line":3,"ch":1,"sticky":null},"text":[""],"removed":["i"],"origin":"+delete"}
2019-6-6 17:43:12.425#keyHandled#"Backspace"
2019-6-6 17:43:14.313#mousedown#{"isTrusted":true}
2019-6-6 17:43:16.415#change#{"from":{"line":6,"ch":8,"sticky":"before","xRel":85.08331298828125},"to":{"line":6,"ch":8,"sticky":"before","xRel":85.08331298828125},"text":["M"],"removed":[""],"origin":"+input"}
2019-6-6 17:43:16.587#change#{"from":{"line":6,"ch":9,"sticky":null},"to":{"line":6,"ch":9,"sticky":null},"text":[" "],"removed":[""],"origin":"+input"}
2019-6-6 17:43:23.929#change#{"from":{"line":6,"ch":10,"sticky":null},"to":{"line":6,"ch":10,"sticky":null},"text":["="],"removed":[""],"origin":"+input"}
2019-6-6 17:43:24.080#change#{"from":{"line":6,"ch":11,"sticky":null},"to":{"line":6,"ch":11,"sticky":null},"text":["="],"removed":[""],"origin":"+input"}
2019-6-6 17:43:24.458#change#{"from":{"line":6,"ch":12,"sticky":null},"to":{"line":6,"ch":12,"sticky":null},"text":[" "],"removed":[""],"origin":"+input"}
2019-6-6 17:43:28.161#change#{"from":{"line":6,"ch":12,"sticky":"after"},"to":{"line":6,"ch":13,"sticky":null},"text":[""],"removed":[" "],"origin":"+delete"}
2019-6-6 17:43:28.161#keyHandled#"Backspace"
2019-6-6 17:43:28.331#change#{"from":{"line":6,"ch":11,"sticky":"after"},"to":{"line":6,"ch":12,"sticky":null},"text":[""],"removed":["="],"origin":"+delete"}
2019-6-6 17:43:28.331#keyHandled#"Backspace"
2019-6-6 17:43:31.151#change#{"from":{"line":6,"ch":11,"sticky":null},"to":{"line":6,"ch":11,"sticky":null},"text":[" "],"removed":[""],"origin":"+input"}
2019-6-6 17:43:33.253#change#{"from":{"line":6,"ch":12,"sticky":null},"to":{"line":6,"ch":12,"sticky":null},"text":["()"],"removed":[""],"origin":"+input"}
2019-6-6 17:43:33.253#keyHandled#"'('"
2019-6-6 17:43:36.861#change#{"from":{"line":6,"ch":13,"sticky":"after"},"to":{"line":6,"ch":13,"sticky":"after"},"text":["2"],"removed":[""],"origin":"+input"}
2019-6-6 17:43:38.682#change#{"from":{"line":6,"ch":14,"sticky":null},"to":{"line":6,"ch":14,"sticky":null},"text":["%"],"removed":[""],"origin":"+input"}
2019-6-6 17:43:39.579#change#{"from":{"line":6,"ch":14,"sticky":"after"},"to":{"line":6,"ch":15,"sticky":null},"text":[""],"removed":["%"],"origin":"+delete"}
2019-6-6 17:43:39.579#keyHandled#"Backspace"
2019-6-6 17:43:39.714#change#{"from":{"line":6,"ch":13,"sticky":"after"},"to":{"line":6,"ch":14,"sticky":null},"text":[""],"removed":["2"],"origin":"+delete"}
2019-6-6 17:43:39.714#keyHandled#"Backspace"
2019-6-6 17:43:40.970#change#{"from":{"line":6,"ch":13,"sticky":null},"to":{"line":6,"ch":13,"sticky":null},"text":["%"],"removed":[""],"origin":"+input"}
2019-6-6 17:43:41.650#change#{"from":{"line":6,"ch":14,"sticky":null},"to":{"line":6,"ch":14,"sticky":null},"text":[" "],"removed":[""],"origin":"+input"}
2019-6-6 17:43:42.608#change#{"from":{"line":6,"ch":15,"sticky":null},"to":{"line":6,"ch":15,"sticky":null},"text":["2"],"removed":[""],"origin":"+input"}
2019-6-6 17:43:43.278#change#{"from":{"line":6,"ch":16,"sticky":null},"to":{"line":6,"ch":16,"sticky":null},"text":[" "],"removed":[""],"origin":"+input"}
2019-6-6 17:43:44.529#change#{"from":{"line":6,"ch":17,"sticky":null},"to":{"line":6,"ch":17,"sticky":null},"text":["="],"removed":[""],"origin":"+input"}
2019-6-6 17:43:44.666#change#{"from":{"line":6,"ch":18,"sticky":null},"to":{"line":6,"ch":18,"sticky":null},"text":["="],"removed":[""],"origin":"+input"}
2019-6-6 17:43:44.905#change#{"from":{"line":6,"ch":19,"sticky":null},"to":{"line":6,"ch":19,"sticky":null},"text":[" "],"removed":[""],"origin":"+input"}
2019-6-6 17:43:46.611#change#{"from":{"line":6,"ch":20,"sticky":null},"to":{"line":6,"ch":20,"sticky":null},"text":["0"],"removed":[""],"origin":"+input"}
2019-6-6 17:43:46.611#change#{"from":{"line":6,"ch":20,"sticky":null},"to":{"line":6,"ch":20,"sticky":null},"text":["0"],"removed":[""],"origin":"+input"}
2019-6-6 17:43:48.824#dica_bullet#SyntaxError: invalid syntax
2019-6-6 17:43:49.265#saida_testar#$ python3 main.py
File "main.py", line 7
while(NM = (% 2 == 0)
SyntaxError: invalid syntax
2019-6-6 17:43:49.529#mousedown#{"isTrusted":true}
2019-6-6 17:43:50.488#change#{"from":{"line":6,"ch":22,"sticky":"before","xRel":61.08331298828125},"to":{"line":6,"ch":22,"sticky":"before","xRel":61.08331298828125},"text":[":"],"removed":[""],"origin":"+input"}
2019-6-6 17:43:50.659#change#{"from":{"line":6,"ch":23,"sticky":null},"to":{"line":6,"ch":23,"sticky":null},"text":["",""],"removed":[""],"origin":"+input"}
2019-6-6 17:43:50.659#change#{"from":{"line":7,"ch":0,"sticky":null},"to":{"line":7,"ch":0,"sticky":null},"text":["\t\t\t"],"removed":[""],"origin":"+input"}
2019-6-6 17:43:50.659#keyHandled#"Enter"
2019-6-6 17:43:50.693#viewportChange#0
2019-6-6 17:43:50.488#change#{"from":{"line":6,"ch":22,"sticky":"before","xRel":61.08331298828125},"to":{"line":6,"ch":22,"sticky":"before","xRel":61.08331298828125},"text":[":"],"removed":[""],"origin":"+input"}
2019-6-6 17:43:50.659#change#{"from":{"line":6,"ch":23,"sticky":null},"to":{"line":6,"ch":23,"sticky":null},"text":["",""],"removed":[""],"origin":"+input"}
2019-6-6 17:43:50.659#change#{"from":{"line":7,"ch":0,"sticky":null},"to":{"line":7,"ch":0,"sticky":null},"text":["\t\t\t"],"removed":[""],"origin":"+input"}
2019-6-6 17:43:50.659#keyHandled#"Enter"
2019-6-6 17:43:50.693#viewportChange#0
2019-6-6 17:43:52.103#dica_bullet#SyntaxError: invalid syntax
2019-6-6 17:43:53.591#saida_testar#$ python3 main.py
File "main.py", line 7
while(NM = (% 2 == 0):
SyntaxError: invalid syntax
2019-6-6 17:43:58.339#mousedown#{"isTrusted":true}
2019-6-6 17:44:21.428#mousedown#{"isTrusted":true}
2019-6-6 17:45:48.872#keyHandled#"Left"
2019-6-6 17:45:49.112#keyHandled#"Left"
2019-6-6 17:45:49.395#keyHandled#"Left"
2019-6-6 17:45:50.184#keyHandled#"Right"
2019-6-6 17:45:50.578#keyHandled#"Right"
2019-6-6 17:46:01.771#mousedown#{"isTrusted":true}
2019-6-6 17:46:03.335#change#{"from":{"line":6,"ch":21,"sticky":"after"},"to":{"line":6,"ch":22,"sticky":"before","xRel":-3.91668701171875},"text":[""],"removed":[")"],"origin":"+delete"}
2019-6-6 17:46:03.335#keyHandled#"Backspace"
2019-6-6 17:46:03.512#change#{"from":{"line":6,"ch":20,"sticky":"after"},"to":{"line":6,"ch":21,"sticky":null},"text":[""],"removed":["0"],"origin":"+delete"}
2019-6-6 17:46:03.512#keyHandled#"Backspace"
2019-6-6 17:46:03.689#change#{"from":{"line":6,"ch":19,"sticky":"after"},"to":{"line":6,"ch":20,"sticky":null},"text":[""],"removed":[" "],"origin":"+delete"}
2019-6-6 17:46:03.689#keyHandled#"Backspace"
2019-6-6 17:46:03.986#change#{"from":{"line":6,"ch":18,"sticky":"after"},"to":{"line":6,"ch":19,"sticky":null},"text":[""],"removed":["="],"origin":"+delete"}
2019-6-6 17:46:03.986#keyHandled#"Backspace"
2019-6-6 17:46:04.188#change#{"from":{"line":6,"ch":17,"sticky":"after"},"to":{"line":6,"ch":18,"sticky":null},"text":[""],"removed":["="],"origin":"+delete"}
2019-6-6 17:46:04.188#keyHandled#"Backspace"
2019-6-6 17:46:04.387#change#{"from":{"line":6,"ch":16,"sticky":"after"},"to":{"line":6,"ch":17,"sticky":null},"text":[""],"removed":[" "],"origin":"+delete"}
2019-6-6 17:46:04.387#keyHandled#"Backspace"
2019-6-6 17:46:04.551#change#{"from":{"line":6,"ch":15,"sticky":"after"},"to":{"line":6,"ch":16,"sticky":null},"text":[""],"removed":["2"],"origin":"+delete"}
2019-6-6 17:46:04.551#keyHandled#"Backspace"
2019-6-6 17:46:04.741#change#{"from":{"line":6,"ch":14,"sticky":"after"},"to":{"line":6,"ch":15,"sticky":null},"text":[""],"removed":[" "],"origin":"+delete"}
2019-6-6 17:46:04.741#keyHandled#"Backspace"
2019-6-6 17:46:05.734#change#{"from":{"line":6,"ch":13,"sticky":"after"},"to":{"line":6,"ch":14,"sticky":null},"text":[""],"removed":["%"],"origin":"+delete"}
2019-6-6 17:46:05.734#keyHandled#"Backspace"
2019-6-6 17:46:06.143#change#{"from":{"line":6,"ch":12,"sticky":"after"},"to":{"line":6,"ch":13,"sticky":null},"text":[""],"removed":["("],"origin":"+delete"}
2019-6-6 17:46:06.143#keyHandled#"Backspace"
2019-6-6 17:46:06.789#change#{"from":{"line":6,"ch":11,"sticky":"after"},"to":{"line":6,"ch":12,"sticky":null},"text":[""],"removed":[" "],"origin":"+delete"}
2019-6-6 17:46:06.789#keyHandled#"Backspace"
2019-6-6 17:46:09.706#change#{"from":{"line":6,"ch":11,"sticky":null},"to":{"line":6,"ch":11,"sticky":null},"text":["="],"removed":[""],"origin":"+input"}
2019-6-6 17:46:16.695#change#{"from":{"line":6,"ch":12,"sticky":null},"to":{"line":6,"ch":12,"sticky":null},"text":[" "],"removed":[""],"origin":"+input"}
2019-6-6 17:46:18.342#blur#
2019-6-6 17:48:08.613#focus#
2019-6-6 17:48:14.503#change#{"from":{"line":6,"ch":12,"sticky":"after"},"to":{"line":6,"ch":13,"sticky":null},"text":[""],"removed":[" "],"origin":"+delete"}
2019-6-6 17:48:14.503#keyHandled#"Backspace"
2019-6-6 17:48:14.677#change#{"from":{"line":6,"ch":11,"sticky":"after"},"to":{"line":6,"ch":12,"sticky":null},"text":[""],"removed":["="],"origin":"+delete"}
2019-6-6 17:48:14.677#keyHandled#"Backspace"
2019-6-6 17:48:14.832#change#{"from":{"line":6,"ch":10,"sticky":"after"},"to":{"line":6,"ch":11,"sticky":null},"text":[""],"removed":["="],"origin":"+delete"}
2019-6-6 17:48:14.832#keyHandled#"Backspace"
2019-6-6 17:48:14.987#change#{"from":{"line":6,"ch":9,"sticky":"after"},"to":{"line":6,"ch":10,"sticky":null},"text":[""],"removed":[" "],"origin":"+delete"}
2019-6-6 17:48:14.987#keyHandled#"Backspace"
2019-6-6 17:48:15.165#change#{"from":{"line":6,"ch":8,"sticky":"after"},"to":{"line":6,"ch":9,"sticky":null},"text":[""],"removed":["M"],"origin":"+delete"}
2019-6-6 17:48:15.165#keyHandled#"Backspace"
2019-6-6 17:48:15.494#change#{"from":{"line":6,"ch":7,"sticky":"after"},"to":{"line":6,"ch":8,"sticky":null},"text":[""],"removed":["N"],"origin":"+delete"}
2019-6-6 17:48:15.494#keyHandled#"Backspace"
2019-6-6 17:48:16.692#change#{"from":{"line":6,"ch":7,"sticky":null},"to":{"line":6,"ch":7,"sticky":null},"text":["i"],"removed":[""],"origin":"+input"}
2019-6-6 17:48:17.728#change#{"from":{"line":6,"ch":7,"sticky":"after"},"to":{"line":6,"ch":8,"sticky":null},"text":[""],"removed":["i"],"origin":"+delete"}
2019-6-6 17:48:17.728#keyHandled#"Backspace"
2019-6-6 17:48:21.128#change#{"from":{"line":6,"ch":7,"sticky":null},"to":{"line":6,"ch":7,"sticky":null},"text":["i"],"removed":[""],"origin":"+input"}
2019-6-6 17:48:21.508#change#{"from":{"line":6,"ch":8,"sticky":null},"to":{"line":6,"ch":8,"sticky":null},"text":[" "],"removed":[""],"origin":"+input"}
2019-6-6 17:48:25.659#change#{"from":{"line":6,"ch":9,"sticky":null},"to":{"line":6,"ch":9,"sticky":null},"text":["="],"removed":[""],"origin":"+input"}
2019-6-6 17:48:25.810#change#{"from":{"line":6,"ch":10,"sticky":null},"to":{"line":6,"ch":10,"sticky":null},"text":["="],"removed":[""],"origin":"+input"}
2019-6-6 17:48:26.311#change#{"from":{"line":6,"ch":11,"sticky":null},"to":{"line":6,"ch":11,"sticky":null},"text":[" "],"removed":[""],"origin":"+input"}
2019-6-6 17:48:28.724#blur#
2019-6-6 17:48:30.798#focus#
2019-6-6 17:48:32.399#change#{"from":{"line":6,"ch":11,"sticky":"after"},"to":{"line":6,"ch":12,"sticky":null},"text":[""],"removed":[" "],"origin":"+delete"}
2019-6-6 17:48:32.399#keyHandled#"Backspace"
2019-6-6 17:48:32.549#change#{"from":{"line":6,"ch":10,"sticky":"after"},"to":{"line":6,"ch":11,"sticky":null},"text":[""],"removed":["="],"origin":"+delete"}
2019-6-6 17:48:32.549#keyHandled#"Backspace"
2019-6-6 17:48:32.704#change#{"from":{"line":6,"ch":9,"sticky":"after"},"to":{"line":6,"ch":10,"sticky":null},"text":[""],"removed":["="],"origin":"+delete"}
2019-6-6 17:48:32.704#keyHandled#"Backspace"
2019-6-6 17:48:36.028#change#{"from":{"line":6,"ch":9,"sticky":null},"to":{"line":6,"ch":9,"sticky":null},"text":["%"],"removed":[""],"origin":"+input"}
2019-6-6 17:48:37.471#change#{"from":{"line":6,"ch":10,"sticky":null},"to":{"line":6,"ch":10,"sticky":null},"text":[" "],"removed":[""],"origin":"+input"}
2019-6-6 17:48:38.135#change#{"from":{"line":6,"ch":11,"sticky":null},"to":{"line":6,"ch":11,"sticky":null},"text":["2"],"removed":[""],"origin":"+input"}
2019-6-6 17:48:38.321#change#{"from":{"line":6,"ch":12,"sticky":null},"to":{"line":6,"ch":12,"sticky":null},"text":[" "],"removed":[""],"origin":"+input"}
2019-6-6 17:48:39.082#change#{"from":{"line":6,"ch":13,"sticky":null},"to":{"line":6,"ch":13,"sticky":null},"text":["="],"removed":[""],"origin":"+input"}
2019-6-6 17:48:39.234#change#{"from":{"line":6,"ch":14,"sticky":null},"to":{"line":6,"ch":14,"sticky":null},"text":["="],"removed":[""],"origin":"+input"}
2019-6-6 17:48:39.938#change#{"from":{"line":6,"ch":15,"sticky":null},"to":{"line":6,"ch":15,"sticky":null},"text":[" "],"removed":[""],"origin":"+input"}
2019-6-6 17:48:40.460#change#{"from":{"line":6,"ch":16,"sticky":null},"to":{"line":6,"ch":16,"sticky":null},"text":["0"],"removed":[""],"origin":"+input"}
2019-6-6 17:48:42.421#change#{"from":{"line":6,"ch":17,"sticky":null},"to":{"line":6,"ch":17,"sticky":null},"text":[")"],"removed":[""],"origin":"+input"}
2019-6-6 17:48:42.421#change#{"from":{"line":6,"ch":17,"sticky":null},"to":{"line":6,"ch":17,"sticky":null},"text":[")"],"removed":[""],"origin":"+input"}
2019-6-6 17:48:44.114#dica_bullet#SyntaxError: unexpected EOF while parsing
2019-6-6 17:48:44.972#mousedown#{"isTrusted":true}
2019-6-6 17:48:45.496#saida_testar#$ python3 main.py
File "main.py", line 10
SyntaxError: unexpected EOF while parsing
2019-6-6 17:48:45.763#change#{"from":{"line":6,"ch":19,"sticky":"before","xRel":47.08331298828125},"to":{"line":6,"ch":19,"sticky":"before","xRel":47.08331298828125},"text":["",""],"removed":[""],"origin":"+input"}
2019-6-6 17:48:45.763#change#{"from":{"line":7,"ch":0,"sticky":null},"to":{"line":7,"ch":0,"sticky":null},"text":["\t\t"],"removed":[""],"origin":"+input"}
2019-6-6 17:48:45.763#keyHandled#"Enter"
2019-6-6 17:48:45.780#viewportChange#0
2019-6-6 17:48:56.184#mousedown#{"isTrusted":true}
2019-6-6 17:48:57.792#mousedown#{"isTrusted":true}
2019-6-6 17:48:58.568#change#{"from":{"line":6,"ch":19,"sticky":"before","xRel":61.08331298828125},"to":{"line":6,"ch":19,"sticky":"before","xRel":61.08331298828125},"text":["",""],"removed":[""],"origin":"+input"}
2019-6-6 17:48:58.568#change#{"from":{"line":7,"ch":0,"sticky":null},"to":{"line":7,"ch":0,"sticky":null},"text":["\t\t"],"removed":[""],"origin":"+input"}
2019-6-6 17:48:58.569#keyHandled#"Enter"
2019-6-6 17:48:58.592#viewportChange#0
2019-6-6 17:49:04.566#change#{"from":{"line":7,"ch":2,"sticky":null},"to":{"line":7,"ch":2,"sticky":null},"text":["n"],"removed":[""],"origin":"+input"}
2019-6-6 17:49:05.533#change#{"from":{"line":7,"ch":2,"sticky":"after"},"to":{"line":7,"ch":3,"sticky":null},"text":[""],"removed":["n"],"origin":"+delete"}
2019-6-6 17:49:05.533#keyHandled#"Backspace"
2019-6-6 17:49:07.107#change#{"from":{"line":7,"ch":2,"sticky":null},"to":{"line":7,"ch":2,"sticky":null},"text":["p"],"removed":[""],"origin":"+input"}
2019-6-6 17:49:07.561#change#{"from":{"line":7,"ch":3,"sticky":null},"to":{"line":7,"ch":3,"sticky":null},"text":["r"],"removed":[""],"origin":"+input"}
2019-6-6 17:49:07.677#change#{"from":{"line":7,"ch":4,"sticky":null},"to":{"line":7,"ch":4,"sticky":null},"text":["i"],"removed":[""],"origin":"+input"}
2019-6-6 17:49:07.839#change#{"from":{"line":7,"ch":5,"sticky":null},"to":{"line":7,"ch":5,"sticky":null},"text":["n"],"removed":[""],"origin":"+input"}
2019-6-6 17:49:07.993#change#{"from":{"line":7,"ch":6,"sticky":null},"to":{"line":7,"ch":6,"sticky":null},"text":["t"],"removed":[""],"origin":"+input"}
2019-6-6 17:49:09.331#change#{"from":{"line":7,"ch":7,"sticky":null},"to":{"line":7,"ch":7,"sticky":null},"text":["()"],"removed":[""],"origin":"+input"}
2019-6-6 17:49:09.332#keyHandled#"'('"
2019-6-6 17:49:10.731#change#{"from":{"line":7,"ch":8,"sticky":"after"},"to":{"line":7,"ch":8,"sticky":"after"},"text":["N"],"removed":[""],"origin":"+input"}
2019-6-6 17:49:10.930#change#{"from":{"line":7,"ch":9,"sticky":null},"to":{"line":7,"ch":9,"sticky":null},"text":["m"],"removed":[""],"origin":"+input"}
2019-6-6 17:49:12.167#change#{"from":{"line":7,"ch":9,"sticky":"after"},"to":{"line":7,"ch":10,"sticky":null},"text":[""],"removed":["m"],"origin":"+delete"}
2019-6-6 17:49:12.167#keyHandled#"Backspace"
2019-6-6 17:49:13.196#change#{"from":{"line":7,"ch":9,"sticky":null},"to":{"line":7,"ch":9,"sticky":null},"text":["M"],"removed":[""],"origin":"+input"}
2019-6-6 17:49:15.677#mousedown#{"isTrusted":true}
2019-6-6 17:49:16.400#change#{"from":{"line":7,"ch":11,"sticky":"before","xRel":56.08331298828125},"to":{"line":7,"ch":11,"sticky":"before","xRel":56.08331298828125},"text":["",""],"removed":[""],"origin":"+input"}
2019-6-6 17:49:16.400#change#{"from":{"line":8,"ch":0,"sticky":null},"to":{"line":8,"ch":0,"sticky":null},"text":["\t\t"],"removed":[""],"origin":"+input"}
2019-6-6 17:49:16.400#keyHandled#"Enter"
2019-6-6 17:49:16.417#viewportChange#0
2019-6-6 17:49:21.089#change#{"from":{"line":8,"ch":2,"sticky":null},"to":{"line":8,"ch":2,"sticky":null},"text":["i"],"removed":[""],"origin":"+input"}
2019-6-6 17:49:22.717#change#{"from":{"line":8,"ch":2,"sticky":"after"},"to":{"line":8,"ch":3,"sticky":null},"text":[""],"removed":["i"],"origin":"+delete"}
2019-6-6 17:49:22.717#keyHandled#"Backspace"
2019-6-6 17:49:26.983#mousedown#{"isTrusted":true}
2019-6-6 17:49:27.515#mousedown#{"isTrusted":true}
2019-6-6 17:49:28.462#change#{"from":{"line":7,"ch":9,"sticky":"after"},"to":{"line":7,"ch":10,"sticky":"after","xRel":1.08331298828125},"text":[""],"removed":["M"],"origin":"+delete"}
2019-6-6 17:49:28.463#keyHandled#"Backspace"
2019-6-6 17:49:28.616#change#{"from":{"line":7,"ch":8,"sticky":"after"},"to":{"line":7,"ch":9,"sticky":null},"text":[""],"removed":["N"],"origin":"+delete"}
2019-6-6 17:49:28.616#keyHandled#"Backspace"
2019-6-6 17:49:29.691#change#{"from":{"line":7,"ch":8,"sticky":null},"to":{"line":7,"ch":8,"sticky":null},"text":["G"],"removed":[""],"origin":"+input"}
2019-6-6 17:49:30.067#change#{"from":{"line":7,"ch":9,"sticky":null},"to":{"line":7,"ch":9,"sticky":null},"text":["r"],"removed":[""],"origin":"+input"}
2019-6-6 17:49:30.304#change#{"from":{"line":7,"ch":10,"sticky":null},"to":{"line":7,"ch":10,"sticky":null},"text":["u"],"removed":[""],"origin":"+input"}
2019-6-6 17:49:32.035#change#{"from":{"line":7,"ch":10,"sticky":"after"},"to":{"line":7,"ch":11,"sticky":null},"text":[""],"removed":["u"],"origin":"+delete"}
2019-6-6 17:49:32.035#keyHandled#"Backspace"
2019-6-6 17:49:32.199#change#{"from":{"line":7,"ch":9,"sticky":"after"},"to":{"line":7,"ch":10,"sticky":null},"text":[""],"removed":["r"],"origin":"+delete"}
2019-6-6 17:49:32.199#keyHandled#"Backspace"
2019-6-6 17:49:32.381#change#{"from":{"line":7,"ch":8,"sticky":"after"},"to":{"line":7,"ch":9,"sticky":null},"text":[""],"removed":["G"],"origin":"+delete"}
2019-6-6 17:49:32.381#keyHandled#"Backspace"
2019-6-6 17:49:33.300#change#{"from":{"line":7,"ch":8,"sticky":null},"to":{"line":7,"ch":8,"sticky":null},"text":["g"],"removed":[""],"origin":"+input"}
2019-6-6 17:49:33.486#change#{"from":{"line":7,"ch":9,"sticky":null},"to":{"line":7,"ch":9,"sticky":null},"text":["r"],"removed":[""],"origin":"+input"}
2019-6-6 17:49:33.991#change#{"from":{"line":7,"ch":10,"sticky":null},"to":{"line":7,"ch":10,"sticky":null},"text":["u"],"removed":[""],"origin":"+input"}
2019-6-6 17:49:34.154#change#{"from":{"line":7,"ch":11,"sticky":null},"to":{"line":7,"ch":11,"sticky":null},"text":["p"],"removed":[""],"origin":"+input"}
2019-6-6 17:49:34.339#change#{"from":{"line":7,"ch":12,"sticky":null},"to":{"line":7,"ch":12,"sticky":null},"text":["o"],"removed":[""],"origin":"+input"}
2019-6-6 17:49:35.178#change#{"from":{"line":7,"ch":13,"sticky":null},"to":{"line":7,"ch":13,"sticky":null},"text":[" "],"removed":[""],"origin":"+input"}
2019-6-6 17:49:35.305#change#{"from":{"line":7,"ch":14,"sticky":null},"to":{"line":7,"ch":14,"sticky":null},"text":["2"],"removed":[""],"origin":"+input"}
2019-6-6 17:49:36.492#mousedown#{"isTrusted":true}
2019-6-6 17:49:38.086#change#{"from":{"line":7,"ch":15,"sticky":"after"},"to":{"line":7,"ch":16,"sticky":"before","xRel":36.08331298828125},"text":[""],"removed":[")"],"origin":"+delete"}
2019-6-6 17:49:38.086#keyHandled#"Backspace"
2019-6-6 17:49:38.252#change#{"from":{"line":7,"ch":14,"sticky":"after"},"to":{"line":7,"ch":15,"sticky":null},"text":[""],"removed":["2"],"origin":"+delete"}
2019-6-6 17:49:38.253#keyHandled#"Backspace"
2019-6-6 17:49:38.868#change#{"from":{"line":7,"ch":13,"sticky":"after"},"to":{"line":7,"ch":14,"sticky":null},"text":[""],"removed":[" "],"origin":"+delete"}
2019-6-6 17:49:38.869#keyHandled#"Backspace"
2019-6-6 17:49:40.006#change#{"from":{"line":7,"ch":13,"sticky":null},"to":{"line":7,"ch":13,"sticky":null},"text":["2"],"removed":[""],"origin":"+input"}
2019-6-6 17:49:41.422#change#{"from":{"line":7,"ch":14,"sticky":null},"to":{"line":7,"ch":14,"sticky":null},"text":[")"],"removed":[""],"origin":"+input"}
2019-6-6 17:49:42.278#change#{"from":{"line":7,"ch":15,"sticky":null},"to":{"line":7,"ch":15,"sticky":null},"text":["",""],"removed":[""],"origin":"+input"}
2019-6-6 17:49:42.278#change#{"from":{"line":8,"ch":0,"sticky":null},"to":{"line":8,"ch":0,"sticky":null},"text":["\t\t"],"removed":[""],"origin":"+input"}
2019-6-6 17:49:42.278#keyHandled#"Enter"
2019-6-6 17:49:42.296#viewportChange#0
2019-6-6 17:49:43.527#change#{"from":{"line":8,"ch":2,"sticky":null},"to":{"line":8,"ch":2,"sticky":null},"text":["g"],"removed":[""],"origin":"+input"}
2019-6-6 17:49:43.737#change#{"from":{"line":8,"ch":3,"sticky":null},"to":{"line":8,"ch":3,"sticky":null},"text":["r"],"removed":[""],"origin":"+input"}
2019-6-6 17:49:44.046#change#{"from":{"line":8,"ch":4,"sticky":null},"to":{"line":8,"ch":4,"sticky":null},"text":["u"],"removed":[""],"origin":"+input"}
2019-6-6 17:49:45.038#change#{"from":{"line":8,"ch":5,"sticky":null},"to":{"line":8,"ch":5,"sticky":null},"text":["p"],"removed":[""],"origin":"+input"}
2019-6-6 17:49:45.551#change#{"from":{"line":8,"ch":6,"sticky":null},"to":{"line":8,"ch":6,"sticky":null},"text":["o"],"removed":[""],"origin":"+input"}
2019-6-6 17:49:45.688#change#{"from":{"line":8,"ch":7,"sticky":null},"to":{"line":8,"ch":7,"sticky":null},"text":["2"],"removed":[""],"origin":"+input"}
2019-6-6 17:49:46.089#change#{"from":{"line":8,"ch":8,"sticky":null},"to":{"line":8,"ch":8,"sticky":null},"text":[" "],"removed":[""],"origin":"+input"}
2019-6-6 17:49:46.900#change#{"from":{"line":8,"ch":9,"sticky":null},"to":{"line":8,"ch":9,"sticky":null},"text":["="],"removed":[""],"origin":"+input"}
2019-6-6 17:49:47.069#change#{"from":{"line":8,"ch":10,"sticky":null},"to":{"line":8,"ch":10,"sticky":null},"text":[" "],"removed":[""],"origin":"+input"}
2019-6-6 17:49:48.201#change#{"from":{"line":8,"ch":11,"sticky":null},"to":{"line":8,"ch":11,"sticky":null},"text":["g"],"removed":[""],"origin":"+input"}
2019-6-6 17:49:48.389#change#{"from":{"line":8,"ch":12,"sticky":null},"to":{"line":8,"ch":12,"sticky":null},"text":["r"],"removed":[""],"origin":"+input"}
2019-6-6 17:49:48.721#change#{"from":{"line":8,"ch":13,"sticky":null},"to":{"line":8,"ch":13,"sticky":null},"text":["u"],"removed":[""],"origin":"+input"}
2019-6-6 17:49:48.948#change#{"from":{"line":8,"ch":14,"sticky":null},"to":{"line":8,"ch":14,"sticky":null},"text":["p"],"removed":[""],"origin":"+input"}
2019-6-6 17:49:49.131#change#{"from":{"line":8,"ch":15,"sticky":null},"to":{"line":8,"ch":15,"sticky":null},"text":["o"],"removed":[""],"origin":"+input"}
2019-6-6 17:49:49.523#change#{"from":{"line":8,"ch":16,"sticky":null},"to":{"line":8,"ch":16,"sticky":null},"text":["2"],"removed":[""],"origin":"+input"}
2019-6-6 17:49:50.110#change#{"from":{"line":8,"ch":17,"sticky":null},"to":{"line":8,"ch":17,"sticky":null},"text":[" "],"removed":[""],"origin":"+input"}
2019-6-6 17:49:50.964#change#{"from":{"line":8,"ch":18,"sticky":null},"to":{"line":8,"ch":18,"sticky":null},"text":["+"],"removed":[""],"origin":"+input"}
2019-6-6 17:49:51.127#change#{"from":{"line":8,"ch":19,"sticky":null},"to":{"line":8,"ch":19,"sticky":null},"text":[" "],"removed":[""],"origin":"+input"}
2019-6-6 17:49:51.480#change#{"from":{"line":8,"ch":20,"sticky":null},"to":{"line":8,"ch":20,"sticky":null},"text":["1"],"removed":[""],"origin":"+input"}
2019-6-6 17:49:51.127#change#{"from":{"line":8,"ch":19,"sticky":null},"to":{"line":8,"ch":19,"sticky":null},"text":[" "],"removed":[""],"origin":"+input"}
2019-6-6 17:49:51.480#change#{"from":{"line":8,"ch":20,"sticky":null},"to":{"line":8,"ch":20,"sticky":null},"text":["1"],"removed":[""],"origin":"+input"}
2019-6-6 17:49:55.037#blur#
2019-6-6 17:49:55.275#saida_testar#$ python3 main.py
2019-6-6 17:50:33.034#mousedown#{"isTrusted":true}
2019-6-6 17:50:33.196#focus#
2019-6-6 17:50:49.158#mousedown#{"isTrusted":true}
2019-6-6 17:50:50.074#change#{"from":{"line":6,"ch":16,"sticky":"after"},"to":{"line":6,"ch":17,"sticky":"after","xRel":1.08331298828125},"text":[""],"removed":["0"],"origin":"+delete"}
2019-6-6 17:50:50.074#keyHandled#"Backspace"
2019-6-6 17:50:50.573#change#{"from":{"line":6,"ch":16,"sticky":null},"to":{"line":6,"ch":16,"sticky":null},"text":["1"],"removed":[""],"origin":"+input"}
2019-6-6 17:50:50.074#change#{"from":{"line":6,"ch":16,"sticky":"after"},"to":{"line":6,"ch":17,"sticky":"after","xRel":1.08331298828125},"text":[""],"removed":["0"],"origin":"+delete"}
2019-6-6 17:50:50.074#keyHandled#"Backspace"
2019-6-6 17:50:50.573#change#{"from":{"line":6,"ch":16,"sticky":null},"to":{"line":6,"ch":16,"sticky":null},"text":["1"],"removed":[""],"origin":"+input"}
2019-6-6 17:50:52.970#blur#
2019-6-6 17:50:53.105#saida_testar#$ python3 main.py
2019-6-6 17:51:22.255#mousedown#{"isTrusted":true}
2019-6-6 17:51:22.413#focus#
2019-6-6 17:51:24.166#mousedown#{"isTrusted":true}
2019-6-6 17:51:24.968#change#{"from":{"line":2,"ch":25,"sticky":"after"},"to":{"line":2,"ch":26,"sticky":"after","xRel":2.08331298828125},"text":[""],"removed":[" "],"origin":"+delete"}
2019-6-6 17:51:24.968#keyHandled#"Backspace"
2019-6-6 17:51:25.725#change#{"from":{"line":2,"ch":25,"sticky":null},"to":{"line":2,"ch":25,"sticky":null},"text":[" "],"removed":[""],"origin":"+input"}
2019-6-6 17:51:27.536#change#{"from":{"line":2,"ch":25,"sticky":"after"},"to":{"line":2,"ch":26,"sticky":null},"text":[""],"removed":[" "],"origin":"+delete"}
2019-6-6 17:51:27.536#keyHandled#"Backspace"
2019-6-6 17:51:30.414#mousedown#{"isTrusted":true}
2019-6-6 17:51:30.957#mousedown#{"isTrusted":true}
2019-6-6 17:51:31.778#change#{"from":{"line":2,"ch":23,"sticky":"after"},"to":{"line":2,"ch":24,"sticky":"after","xRel":0.08331298828125},"text":[""],"removed":[" "],"origin":"+delete"}
2019-6-6 17:51:31.779#keyHandled#"Backspace"
2019-6-6 17:51:31.778#change#{"from":{"line":2,"ch":23,"sticky":"after"},"to":{"line":2,"ch":24,"sticky":"after","xRel":0.08331298828125},"text":[""],"removed":[" "],"origin":"+delete"}
2019-6-6 17:51:31.779#keyHandled#"Backspace"
2019-6-6 17:51:34.936#blur#
2019-6-6 17:51:35.223#saida_testar#$ python3 main.py
2019-6-6 17:51:41.067#mousedown#{"isTrusted":true}
2019-6-6 17:51:41.241#focus#
2019-6-6 17:51:42.250#mousedown#{"isTrusted":true}
2019-6-6 17:51:50.755#mousedown#{"isTrusted":true}
2019-6-6 17:51:59.012#mousedown#{"isTrusted":true}
2019-6-6 17:52:00.901#mousedown#{"isTrusted":true}
2019-6-6 17:52:05.106#mousedown#{"isTrusted":true}
2019-6-6 17:52:34.937#mousedown#{"isTrusted":true}
2019-6-6 17:52:36.240#mousedown#{"isTrusted":true}
2019-6-6 17:52:43.320#change#{"from":{"line":7,"ch":7,"sticky":"after","xRel":2.08331298828125},"to":{"line":7,"ch":7,"sticky":"after","xRel":2.08331298828125},"text":["a"],"removed":[""],"origin":"+input"}
2019-6-6 17:52:43.426#change#{"from":{"line":7,"ch":8,"sticky":null},"to":{"line":7,"ch":8,"sticky":null},"text":["r"],"removed":[""],"origin":"+input"}
2019-6-6 17:52:43.559#change#{"from":{"line":7,"ch":9,"sticky":null},"to":{"line":7,"ch":9,"sticky":null},"text":["r"],"removed":[""],"origin":"+input"}
2019-6-6 17:52:43.603#change#{"from":{"line":7,"ch":10,"sticky":null},"to":{"line":7,"ch":10,"sticky":null},"text":["a"],"removed":[""],"origin":"+input"}
2019-6-6 17:52:43.947#change#{"from":{"line":7,"ch":11,"sticky":null},"to":{"line":7,"ch":11,"sticky":null},"text":["y"],"removed":[""],"origin":"+input"}
2019-6-6 17:52:45.773#mousedown#{"isTrusted":true}
2019-6-6 17:52:45.879#change#{"from":{"line":7,"ch":7,"sticky":"before","xRel":-0.91668701171875},"to":{"line":7,"ch":7,"sticky":"before","xRel":-0.91668701171875},"text":[" "],"removed":[""],"origin":"+input"}
2019-6-6 17:52:47.621#change#{"from":{"line":7,"ch":8,"sticky":null},"to":{"line":7,"ch":8,"sticky":null},"text":["("],"removed":[""],"origin":"+input"}
2019-6-6 17:52:48.833#mousedown#{"isTrusted":true}
2019-6-6 17:52:49.722#change#{"from":{"line":7,"ch":22,"sticky":"before","xRel":39.08331298828125},"to":{"line":7,"ch":22,"sticky":"before","xRel":39.08331298828125},"text":[")"],"removed":[""],"origin":"+input"}
2019-6-6 17:52:49.722#change#{"from":{"line":7,"ch":22,"sticky":"before","xRel":39.08331298828125},"to":{"line":7,"ch":22,"sticky":"before","xRel":39.08331298828125},"text":[")"],"removed":[""],"origin":"+input"}
2019-6-6 17:52:51.137#saida_testar#$ python3 main.py
2019-6-6 17:52:52.178#blur#
2019-6-6 17:53:01.623#mousedown#{"isTrusted":true}
2019-6-6 17:53:01.786#focus#
2019-6-6 17:53:04.645#change#{"from":{"line":5,"ch":15,"sticky":"before","xRel":-0.91668701171875},"to":{"line":5,"ch":15,"sticky":"before","xRel":-0.91668701171875},"text":["8"],"removed":[""],"origin":"+input"}
2019-6-6 17:53:05.706#change#{"from":{"line":5,"ch":15,"sticky":"after"},"to":{"line":5,"ch":16,"sticky":null},"text":[""],"removed":["8"],"origin":"+delete"}
2019-6-6 17:53:05.706#keyHandled#"Backspace"
2019-6-6 17:53:06.703#change#{"from":{"line":5,"ch":15,"sticky":null},"to":{"line":5,"ch":15,"sticky":null},"text":["7"],"removed":[""],"origin":"+input"}
2019-6-6 17:53:07.905#change#{"from":{"line":5,"ch":16,"sticky":null},"to":{"line":5,"ch":16,"sticky":null},"text":[","],"removed":[""],"origin":"+input"}
2019-6-6 17:53:08.031#change#{"from":{"line":5,"ch":17,"sticky":null},"to":{"line":5,"ch":17,"sticky":null},"text":[" "],"removed":[""],"origin":"+input"}
2019-6-10 07:47:03.347#viewportChange#0
2019-6-10 07:47:15.136#mousedown#{"isTrusted":true}
2019-6-10 07:47:15.150#focus#
2019-6-10 07:47:16.386#change#{"from":{"line":0,"ch":0,"sticky":"after","xRel":1.09375},"to":{"line":9,"ch":2,"sticky":"before","xRel":116.90625},"text":["from numpy import*","N_matriculas = array(","","impar = 0","for i in range(0,size(N_matriculas)):","\tif(N_matriculas[i] % 2 == 1 ):","\t\timpar = impar + 1","\t\t","grupo_2 = zeros(impar, dtype=int)","iN = 0","for i in range(0,size(N_matriculas)):","\tif(N_matriculas[i] % 2 == 1):","\t\tif(iN < size(grupo_2)):","\t\t\tgrupo_2[iN] = N_matriculas[i]","\t\t\tiN = iN + 1","print(grupo_2)"],"removed":["from numpy import*","NM = array(eval(input(\"Numero de Matricula do Aluno: \")))","grupo2 = zeros(8, dtype=int)","","","for i in (size(7, NM)):","\twhile(i % 2 == 1):","\t\tprint (array(grupo2))","\t\tgrupo2 = grupo2 + 1","\t\t"],"origin":"paste"}
2019-6-10 07:47:16.414#viewportChange#0
2019-6-10 07:47:16.386#change#{"from":{"line":0,"ch":0,"sticky":"after","xRel":1.09375},"to":{"line":9,"ch":2,"sticky":"before","xRel":116.90625},"text":["from numpy import*","N_matriculas = array(","","impar = 0","for i in range(0,size(N_matriculas)):","\tif(N_matriculas[i] % 2 == 1 ):","\t\timpar = impar + 1","\t\t","grupo_2 = zeros(impar, dtype=int)","iN = 0","for i in range(0,size(N_matriculas)):","\tif(N_matriculas[i] % 2 == 1):","\t\tif(iN < size(grupo_2)):","\t\t\tgrupo_2[iN] = N_matriculas[i]","\t\t\tiN = iN + 1","print(grupo_2)"],"removed":["from numpy import*","NM = array(eval(input(\"Numero de Matricula do Aluno: \")))","grupo2 = zeros(8, dtype=int)","","","for i in (size(7, NM)):","\twhile(i % 2 == 1):","\t\tprint (array(grupo2))","\t\tgrupo2 = grupo2 + 1","\t\t"],"origin":"paste"}
2019-6-10 07:47:16.414#viewportChange#0
2019-6-10 07:47:18.120#blur#
2019-6-10 07:47:18.246#dica_bullet#SyntaxError: invalid syntax
2019-6-10 07:47:19.476#saida_testar#$ python3 main.py
File "main.py", line 5
for i in range(0,size(N_matriculas)):
SyntaxError: invalid syntax
2019-6-10 07:47:20.257#mousedown#{"isTrusted":true}
2019-6-10 07:47:20.306#focus#
2019-6-10 07:47:21.781#change#{"from":{"line":1,"ch":21,"sticky":"before","xRel":29.5},"to":{"line":1,"ch":21,"sticky":"before","xRel":29.5},"text":["e"],"removed":[""],"origin":"+input"}
2019-6-10 07:47:21.986#change#{"from":{"line":1,"ch":22,"sticky":null},"to":{"line":1,"ch":22,"sticky":null},"text":["v"],"removed":[""],"origin":"+input"}
2019-6-10 07:47:22.150#change#{"from":{"line":1,"ch":23,"sticky":null},"to":{"line":1,"ch":23,"sticky":null},"text":["a"],"removed":[""],"origin":"+input"}
2019-6-10 07:47:22.469#change#{"from":{"line":1,"ch":24,"sticky":null},"to":{"line":1,"ch":24,"sticky":null},"text":["l"],"removed":[""],"origin":"+input"}
2019-6-10 07:47:22.975#change#{"from":{"line":1,"ch":25,"sticky":null},"to":{"line":1,"ch":25,"sticky":null},"text":["()"],"removed":[""],"origin":"+input"}
2019-6-10 07:47:22.975#keyHandled#"'('"
2019-6-10 07:47:23.808#change#{"from":{"line":1,"ch":26,"sticky":"after"},"to":{"line":1,"ch":26,"sticky":"after"},"text":["i"],"removed":[""],"origin":"+input"}
2019-6-10 07:47:23.963#change#{"from":{"line":1,"ch":27,"sticky":null},"to":{"line":1,"ch":27,"sticky":null},"text":["n"],"removed":[""],"origin":"+input"}
2019-6-10 07:47:24.374#change#{"from":{"line":1,"ch":28,"sticky":null},"to":{"line":1,"ch":28,"sticky":null},"text":["p"],"removed":[""],"origin":"+input"}
2019-6-10 07:47:24.761#change#{"from":{"line":1,"ch":29,"sticky":null},"to":{"line":1,"ch":29,"sticky":null},"text":["u"],"removed":[""],"origin":"+input"}
2019-6-10 07:47:24.978#change#{"from":{"line":1,"ch":30,"sticky":null},"to":{"line":1,"ch":30,"sticky":null},"text":["t"],"removed":[""],"origin":"+input"}
2019-6-10 07:47:26.017#change#{"from":{"line":1,"ch":31,"sticky":null},"to":{"line":1,"ch":31,"sticky":null},"text":["()"],"removed":[""],"origin":"+input"}
2019-6-10 07:47:26.017#keyHandled#"'('"
2019-6-10 07:47:29.888#change#{"from":{"line":1,"ch":32,"sticky":"after"},"to":{"line":1,"ch":32,"sticky":"after"},"text":["\"\""],"removed":[""],"origin":"+input"}
2019-6-10 07:47:29.888#keyHandled#"'\"'"
2019-6-10 07:47:37.002#change#{"from":{"line":1,"ch":33,"sticky":"after"},"to":{"line":1,"ch":33,"sticky":"after"},"text":["M"],"removed":[""],"origin":"+input"}
2019-6-10 07:47:37.897#change#{"from":{"line":1,"ch":34,"sticky":null},"to":{"line":1,"ch":34,"sticky":null},"text":["a"],"removed":[""],"origin":"+input"}
2019-6-10 07:47:37.986#change#{"from":{"line":1,"ch":35,"sticky":null},"to":{"line":1,"ch":35,"sticky":null},"text":["t"],"removed":[""],"origin":"+input"}
2019-6-10 07:47:38.130#change#{"from":{"line":1,"ch":36,"sticky":null},"to":{"line":1,"ch":36,"sticky":null},"text":["r"],"removed":[""],"origin":"+input"}
2019-6-10 07:47:38.496#change#{"from":{"line":1,"ch":37,"sticky":null},"to":{"line":1,"ch":37,"sticky":null},"text":["c"],"removed":[""],"origin":"+input"}
2019-6-10 07:47:38.649#change#{"from":{"line":1,"ch":38,"sticky":null},"to":{"line":1,"ch":38,"sticky":null},"text":["u"],"removed":[""],"origin":"+input"}
2019-6-10 07:47:39.034#change#{"from":{"line":1,"ch":39,"sticky":null},"to":{"line":1,"ch":39,"sticky":null},"text":["l"],"removed":[""],"origin":"+input"}
2019-6-10 07:47:39.276#change#{"from":{"line":1,"ch":40,"sticky":null},"to":{"line":1,"ch":40,"sticky":null},"text":["a"],"removed":[""],"origin":"+input"}
2019-6-10 07:47:39.509#change#{"from":{"line":1,"ch":41,"sticky":null},"to":{"line":1,"ch":41,"sticky":null},"text":["s"],"removed":[""],"origin":"+input"}
2019-6-10 07:47:40.844#change#{"from":{"line":1,"ch":41,"sticky":"after"},"to":{"line":1,"ch":42,"sticky":null},"text":[""],"removed":["s"],"origin":"+delete"}
2019-6-10 07:47:40.844#keyHandled#"Backspace"
2019-6-10 07:47:41.011#change#{"from":{"line":1,"ch":40,"sticky":"after"},"to":{"line":1,"ch":41,"sticky":null},"text":[""],"removed":["a"],"origin":"+delete"}
2019-6-10 07:47:41.011#keyHandled#"Backspace"
2019-6-10 07:47:41.179#change#{"from":{"line":1,"ch":39,"sticky":"after"},"to":{"line":1,"ch":40,"sticky":null},"text":[""],"removed":["l"],"origin":"+delete"}
2019-6-10 07:47:41.179#keyHandled#"Backspace"
2019-6-10 07:47:41.381#change#{"from":{"line":1,"ch":38,"sticky":"after"},"to":{"line":1,"ch":39,"sticky":null},"text":[""],"removed":["u"],"origin":"+delete"}
2019-6-10 07:47:41.382#keyHandled#"Backspace"
2019-6-10 07:47:41.637#change#{"from":{"line":1,"ch":37,"sticky":"after"},"to":{"line":1,"ch":38,"sticky":null},"text":[""],"removed":["c"],"origin":"+delete"}
2019-6-10 07:47:41.637#keyHandled#"Backspace"
2019-6-10 07:47:42.961#change#{"from":{"line":1,"ch":38,"sticky":null},"to":{"line":1,"ch":38,"sticky":null},"text":["c"],"removed":[""],"origin":"+input"}
2019-6-10 07:47:43.123#change#{"from":{"line":1,"ch":39,"sticky":null},"to":{"line":1,"ch":39,"sticky":null},"text":["u"],"removed":[""],"origin":"+input"}
2019-6-10 07:47:43.450#change#{"from":{"line":1,"ch":40,"sticky":null},"to":{"line":1,"ch":40,"sticky":null},"text":["l"],"removed":[""],"origin":"+input"}
2019-6-10 07:47:43.593#change#{"from":{"line":1,"ch":41,"sticky":null},"to":{"line":1,"ch":41,"sticky":null},"text":["a"],"removed":[""],"origin":"+input"}
2019-6-10 07:47:43.726#change#{"from":{"line":1,"ch":42,"sticky":null},"to":{"line":1,"ch":42,"sticky":null},"text":["s"],"removed":[""],"origin":"+input"}
2019-6-10 07:47:45.248#change#{"from":{"line":1,"ch":43,"sticky":null},"to":{"line":1,"ch":43,"sticky":null},"text":[":"],"removed":[""],"origin":"+input"}
2019-6-10 07:47:45.248#change#{"from":{"line":1,"ch":43,"sticky":null},"to":{"line":1,"ch":43,"sticky":null},"text":[":"],"removed":[""],"origin":"+input"}
2019-6-10 07:47:47.055#blur#
2019-6-10 07:47:47.142#dica_bullet#SyntaxError: invalid syntax
2019-6-10 07:47:47.402#saida_testar#$ python3 main.py
File "main.py", line 4
impar = 0
SyntaxError: invalid syntax
2019-6-10 07:47:54.456#mousedown#{"isTrusted":true}
2019-6-10 07:47:54.505#focus#
2019-6-10 07:47:55.533#change#{"from":{"line":1,"ch":47,"sticky":"before","xRel":77.40625},"to":{"line":1,"ch":47,"sticky":"before","xRel":77.40625},"text":[")"],"removed":[""],"origin":"+input"}
2019-6-10 07:47:55.533#change#{"from":{"line":1,"ch":47,"sticky":"before","xRel":77.40625},"to":{"line":1,"ch":47,"sticky":"before","xRel":77.40625},"text":[")"],"removed":[""],"origin":"+input"}
2019-6-10 07:47:56.344#blur#
2019-6-10 07:47:57.212#saida_testar#$ python3 main.py
2019-6-10 07:48:04.627#mousedown#{"isTrusted":true}
2019-6-10 07:48:05.239#mousedown#{"isTrusted":true}
2019-6-10 07:48:05.239#mousedown#{"isTrusted":true}
2019-6-10 07:48:23.275#saida_testar#$ python3 main.py
2019-6-11 16:06:43.456#viewportChange#0
2019-6-11 16:06:44.519#mousedown#{"isTrusted":true}
2019-6-11 16:06:44.541#focus#
2019-6-11 16:06:45.087#mousedown#{"isTrusted":true}
2019-6-11 16:06:49.800#mousedown#{"isTrusted":true}
2019-6-11 16:10:56.955#blur#
2019-6-11 16:10:58.096#focus#
2019-6-11 16:10:58.619#blur#
2019-6-11 16:10:59.360#focus#
2019-6-11 16:10:59.977#blur#
2019-6-11 16:11:00.715#focus#
2019-6-11 16:11:01.882#blur#
2019-6-11 16:11:14.103#focus#
2019-6-11 16:11:14.566#blur#
2019-6-11 16:11:27.986#focus#
2019-6-11 16:11:28.964#blur#
2019-6-11 16:14:06.640#focus#
2019-6-11 16:14:07.249#blur#
2019-6-11 16:14:08.141#focus#
2019-6-11 16:14:08.683#blur#
2019-6-11 16:14:11.980#focus#
2019-6-13 07:19:29.768#viewportChange#0
2019-6-13 07:19:30.746#mousedown#{"isTrusted":true}
2019-6-13 07:19:30.749#focus#
2019-6-13 07:19:31.713#mousedown#{"isTrusted":true}
2019-6-13 07:19:31.814#blur#
2019-6-13 07:19:31.828#contextmenu#{"isTrusted":true}
2019-6-13 07:19:31.833#focus#
2019-6-13 07:19:33.106#copy#{"isTrusted":true}
2019-6-13 07:19:33.778#blur#
2019-6-13 07:35:01.155#viewportChange#0
2019-6-13 07:35:01.155#viewportChange#0
2019-6-13 07:35:05.354#mousedown#{"isTrusted":true}
2019-6-13 07:35:05.359#focus#
2019-6-13 07:35:05.962#submit#Congratulations, your code is correct!
2019-6-13 07:35:07.657#mousedown#{"isTrusted":true}
2019-6-13 07:35:07.658#contextmenu#{"isTrusted":true}
2019-6-13 07:35:10.210#copy#{"isTrusted":true}
