2019-3-18 19:02:04.558#viewportChange#0
2019-3-18 19:02:16.480#mousedown#{"isTrusted":true}
2019-3-18 19:02:16.484#focus#
2019-3-18 19:02:18.531#change#{"from":{"line":0,"ch":0,"sticky":"after","xRel":131.8125},"to":{"line":0,"ch":0,"sticky":"after","xRel":131.8125},"text":["p"],"removed":[""],"origin":"+input"}
2019-3-18 19:02:18.801#change#{"from":{"line":0,"ch":1,"sticky":null},"to":{"line":0,"ch":1,"sticky":null},"text":["r"],"removed":[""],"origin":"+input"}
2019-3-18 19:02:19.011#change#{"from":{"line":0,"ch":2,"sticky":null},"to":{"line":0,"ch":2,"sticky":null},"text":["i"],"removed":[""],"origin":"+input"}
2019-3-18 19:02:19.244#change#{"from":{"line":0,"ch":3,"sticky":null},"to":{"line":0,"ch":3,"sticky":null},"text":["n"],"removed":[""],"origin":"+input"}
2019-3-18 19:02:21.616#mousedown#{"isTrusted":true}
2019-3-18 19:02:22.639#change#{"from":{"line":0,"ch":0,"sticky":"after","xRel":-4},"to":{"line":0,"ch":4,"sticky":"before","xRel":98.109375},"text":[""],"removed":["prin"],"origin":"+delete"}
2019-3-18 19:02:22.639#keyHandled#"Backspace"
2019-3-18 19:02:24.994#blur#
2019-3-18 19:02:28.392#mousedown#{"isTrusted":true}
2019-3-18 19:02:28.396#focus#
2019-3-18 19:02:29.383#change#{"from":{"line":0,"ch":0,"sticky":"after","xRel":42.8125},"to":{"line":0,"ch":0,"sticky":"after","xRel":42.8125},"text":["print(\"A UFAM tem\", 2016 - XXXX, \"anos de fundacao.\")"],"removed":[""],"origin":"paste"}
2019-3-18 19:02:33.458#mousedown#{"isTrusted":true}
2019-3-18 19:02:35.228#change#{"from":{"line":0,"ch":27,"sticky":"after","xRel":1.8125},"to":{"line":0,"ch":31,"sticky":"before","xRel":-3.1875},"text":["1"],"removed":["XXXX"],"origin":"+input"}
2019-3-18 19:02:35.887#change#{"from":{"line":0,"ch":28,"sticky":null},"to":{"line":0,"ch":28,"sticky":null},"text":["9"],"removed":[""],"origin":"+input"}
2019-3-18 19:02:36.108#change#{"from":{"line":0,"ch":29,"sticky":null},"to":{"line":0,"ch":29,"sticky":null},"text":["0"],"removed":[""],"origin":"+input"}
2019-3-18 19:02:36.330#change#{"from":{"line":0,"ch":30,"sticky":null},"to":{"line":0,"ch":30,"sticky":null},"text":["9"],"removed":[""],"origin":"+input"}
2019-3-18 19:02:40.656#blur#
2019-3-18 19:02:42.023#saida_testar#$ python3 main.py
A UFAM tem 107 anos de fundacao.
