2019-7-4 18:07:29.475#viewportChange#0
2019-7-4 18:34:48.056#mousedown#{"isTrusted":true}
2019-7-4 18:34:48.063#focus#
2019-7-4 18:35:39.154#change#{"from":{"line":0,"ch":0,"sticky":"after","xRel":93.79998779296875},"to":{"line":0,"ch":0,"sticky":"after","xRel":93.79998779296875},"text":["f"],"removed":[""],"origin":"+input"}
2019-7-4 18:35:39.385#change#{"from":{"line":0,"ch":1,"sticky":null},"to":{"line":0,"ch":1,"sticky":null},"text":["r"],"removed":[""],"origin":"+input"}
2019-7-4 18:35:39.483#change#{"from":{"line":0,"ch":2,"sticky":null},"to":{"line":0,"ch":2,"sticky":null},"text":["o"],"removed":[""],"origin":"+input"}
2019-7-4 18:35:39.650#change#{"from":{"line":0,"ch":3,"sticky":null},"to":{"line":0,"ch":3,"sticky":null},"text":["m"],"removed":[""],"origin":"+input"}
2019-7-4 18:35:39.863#change#{"from":{"line":0,"ch":4,"sticky":null},"to":{"line":0,"ch":4,"sticky":null},"text":[" "],"removed":[""],"origin":"+input"}
2019-7-4 18:35:49.781#change#{"from":{"line":0,"ch":5,"sticky":null},"to":{"line":0,"ch":5,"sticky":null},"text":["n"],"removed":[""],"origin":"+input"}
2019-7-4 18:35:50.020#change#{"from":{"line":0,"ch":6,"sticky":null},"to":{"line":0,"ch":6,"sticky":null},"text":["u"],"removed":[""],"origin":"+input"}
2019-7-4 18:35:50.371#change#{"from":{"line":0,"ch":7,"sticky":null},"to":{"line":0,"ch":7,"sticky":null},"text":["m"],"removed":[""],"origin":"+input"}
2019-7-4 18:35:50.763#change#{"from":{"line":0,"ch":8,"sticky":null},"to":{"line":0,"ch":8,"sticky":null},"text":["p"],"removed":[""],"origin":"+input"}
2019-7-4 18:35:51.106#change#{"from":{"line":0,"ch":9,"sticky":null},"to":{"line":0,"ch":9,"sticky":null},"text":["y"],"removed":[""],"origin":"+input"}
2019-7-4 18:35:51.864#change#{"from":{"line":0,"ch":10,"sticky":null},"to":{"line":0,"ch":10,"sticky":null},"text":[" "],"removed":[""],"origin":"+input"}
2019-7-4 18:35:52.706#change#{"from":{"line":0,"ch":12,"sticky":null},"to":{"line":0,"ch":12,"sticky":null},"text":["m"],"removed":[""],"origin":"+input"}
2019-7-4 18:35:53.097#change#{"from":{"line":0,"ch":13,"sticky":null},"to":{"line":0,"ch":13,"sticky":null},"text":["p"],"removed":[""],"origin":"+input"}
2019-7-4 18:35:53.738#change#{"from":{"line":0,"ch":14,"sticky":null},"to":{"line":0,"ch":14,"sticky":null},"text":["o"],"removed":[""],"origin":"+input"}
2019-7-4 18:35:53.863#change#{"from":{"line":0,"ch":15,"sticky":null},"to":{"line":0,"ch":15,"sticky":null},"text":["r"],"removed":[""],"origin":"+input"}
2019-7-4 18:35:54.007#change#{"from":{"line":0,"ch":16,"sticky":null},"to":{"line":0,"ch":16,"sticky":null},"text":["t"],"removed":[""],"origin":"+input"}
2019-7-4 18:35:55.784#change#{"from":{"line":0,"ch":17,"sticky":null},"to":{"line":0,"ch":17,"sticky":null},"text":["*"],"removed":[""],"origin":"+input"}
2019-7-4 18:35:57.822#change#{"from":{"line":0,"ch":17,"sticky":"after"},"to":{"line":0,"ch":18,"sticky":null},"text":[""],"removed":["*"],"origin":"+delete"}
2019-7-4 18:35:57.822#keyHandled#"Backspace"
2019-7-4 18:35:57.967#change#{"from":{"line":0,"ch":17,"sticky":null},"to":{"line":0,"ch":17,"sticky":null},"text":[" "],"removed":[""],"origin":"+input"}
2019-7-4 18:36:42.088#change#{"from":{"line":0,"ch":18,"sticky":null},"to":{"line":0,"ch":18,"sticky":null},"text":["*"],"removed":[""],"origin":"+input"}
2019-7-4 18:36:42.570#change#{"from":{"line":0,"ch":19,"sticky":null},"to":{"line":0,"ch":19,"sticky":null},"text":["",""],"removed":[""],"origin":"+input"}
2019-7-4 18:36:42.570#keyHandled#"Enter"
2019-7-4 18:36:42.580#viewportChange#0
2019-7-4 18:36:56.587#change#{"from":{"line":1,"ch":0,"sticky":null},"to":{"line":1,"ch":0,"sticky":null},"text":["c"],"removed":[""],"origin":"+input"}
2019-7-4 18:36:57.458#change#{"from":{"line":1,"ch":1,"sticky":null},"to":{"line":1,"ch":1,"sticky":null},"text":["+"],"removed":[""],"origin":"+input"}
2019-7-4 18:36:59.286#change#{"from":{"line":1,"ch":2,"sticky":null},"to":{"line":1,"ch":2,"sticky":null},"text":["()"],"removed":[""],"origin":"+input"}
2019-7-4 18:36:59.286#keyHandled#"'('"
2019-7-4 18:37:00.182#change#{"from":{"line":1,"ch":2,"sticky":null},"to":{"line":1,"ch":4,"sticky":null},"text":[""],"removed":["()"],"origin":"+delete"}
2019-7-4 18:37:00.182#keyHandled#"Backspace"
2019-7-4 18:37:00.734#change#{"from":{"line":1,"ch":1,"sticky":"after"},"to":{"line":1,"ch":2,"sticky":null},"text":[""],"removed":["+"],"origin":"+delete"}
2019-7-4 18:37:00.734#keyHandled#"Backspace"
2019-7-4 18:37:03.169#blur#
2019-7-4 18:38:01.973#mousedown#{"isTrusted":true}
2019-7-4 18:38:01.979#focus#
2019-7-4 18:38:02.837#change#{"from":{"line":1,"ch":0,"sticky":"after"},"to":{"line":1,"ch":1,"sticky":"before","xRel":94.79998779296875},"text":[""],"removed":["c"],"origin":"+delete"}
2019-7-4 18:38:02.837#keyHandled#"Backspace"
2019-7-4 18:38:58.253#focus#
2019-7-4 18:40:15.096#change#{"from":{"line":1,"ch":0,"sticky":null},"to":{"line":1,"ch":0,"sticky":null},"text":["s"],"removed":[""],"origin":"+input"}
2019-7-4 18:40:15.401#change#{"from":{"line":1,"ch":1,"sticky":null},"to":{"line":1,"ch":1,"sticky":null},"text":["t"],"removed":[""],"origin":"+input"}
2019-7-4 18:40:15.641#change#{"from":{"line":1,"ch":2,"sticky":null},"to":{"line":1,"ch":2,"sticky":null},"text":["r"],"removed":[""],"origin":"+input"}
2019-7-4 18:40:15.830#change#{"from":{"line":1,"ch":3,"sticky":null},"to":{"line":1,"ch":3,"sticky":null},"text":["i"],"removed":[""],"origin":"+input"}
2019-7-4 18:40:16.081#change#{"from":{"line":1,"ch":4,"sticky":null},"to":{"line":1,"ch":4,"sticky":null},"text":["n"],"removed":[""],"origin":"+input"}
2019-7-4 18:40:16.324#change#{"from":{"line":1,"ch":5,"sticky":null},"to":{"line":1,"ch":5,"sticky":null},"text":["g"],"removed":[""],"origin":"+input"}
2019-7-4 18:40:19.368#change#{"from":{"line":1,"ch":6,"sticky":null},"to":{"line":1,"ch":6,"sticky":null},"text":["="],"removed":[""],"origin":"+input"}
2019-7-4 18:40:19.780#change#{"from":{"line":1,"ch":7,"sticky":null},"to":{"line":1,"ch":7,"sticky":null},"text":["i"],"removed":[""],"origin":"+input"}
2019-7-4 18:40:19.976#change#{"from":{"line":1,"ch":8,"sticky":null},"to":{"line":1,"ch":8,"sticky":null},"text":["n"],"removed":[""],"origin":"+input"}
2019-7-4 18:40:20.329#change#{"from":{"line":1,"ch":9,"sticky":null},"to":{"line":1,"ch":9,"sticky":null},"text":["p"],"removed":[""],"origin":"+input"}
2019-7-4 18:40:20.653#change#{"from":{"line":1,"ch":10,"sticky":null},"to":{"line":1,"ch":10,"sticky":null},"text":["u"],"removed":[""],"origin":"+input"}
2019-7-4 18:40:20.878#change#{"from":{"line":1,"ch":11,"sticky":null},"to":{"line":1,"ch":11,"sticky":null},"text":["t"],"removed":[""],"origin":"+input"}
2019-7-4 18:40:26.431#change#{"from":{"line":1,"ch":12,"sticky":null},"to":{"line":1,"ch":12,"sticky":null},"text":["()"],"removed":[""],"origin":"+input"}
2019-7-4 18:40:26.431#keyHandled#"'('"
2019-7-4 18:40:27.937#change#{"from":{"line":1,"ch":13,"sticky":"after"},"to":{"line":1,"ch":13,"sticky":"after"},"text":["\"\""],"removed":[""],"origin":"+input"}
2019-7-4 18:40:27.937#keyHandled#"'\"'"
2019-7-4 18:40:28.432#change#{"from":{"line":1,"ch":14,"sticky":"after"},"to":{"line":1,"ch":14,"sticky":"after"},"text":["d"],"removed":[""],"origin":"+input"}
2019-7-4 18:40:28.624#change#{"from":{"line":1,"ch":15,"sticky":null},"to":{"line":1,"ch":15,"sticky":null},"text":["i"],"removed":[""],"origin":"+input"}
2019-7-4 18:40:28.892#change#{"from":{"line":1,"ch":16,"sticky":null},"to":{"line":1,"ch":16,"sticky":null},"text":["g"],"removed":[""],"origin":"+input"}
2019-7-4 18:40:31.504#change#{"from":{"line":1,"ch":17,"sticky":null},"to":{"line":1,"ch":17,"sticky":null},"text":["i"],"removed":[""],"origin":"+input"}
2019-7-4 18:40:31.820#change#{"from":{"line":1,"ch":18,"sticky":null},"to":{"line":1,"ch":18,"sticky":null},"text":["t"],"removed":[""],"origin":"+input"}
2019-7-4 18:40:31.998#change#{"from":{"line":1,"ch":19,"sticky":null},"to":{"line":1,"ch":19,"sticky":null},"text":["e"],"removed":[""],"origin":"+input"}
2019-7-4 18:40:40.333#change#{"from":{"line":1,"ch":20,"sticky":null},"to":{"line":1,"ch":20,"sticky":null},"text":[" "],"removed":[""],"origin":"+input"}
2019-7-4 18:40:40.761#change#{"from":{"line":1,"ch":21,"sticky":null},"to":{"line":1,"ch":21,"sticky":null},"text":["a"],"removed":[""],"origin":"+input"}
2019-7-4 18:40:40.844#change#{"from":{"line":1,"ch":22,"sticky":null},"to":{"line":1,"ch":22,"sticky":null},"text":["l"],"removed":[""],"origin":"+input"}
2019-7-4 18:40:41.149#change#{"from":{"line":1,"ch":23,"sticky":null},"to":{"line":1,"ch":23,"sticky":null},"text":["g"],"removed":[""],"origin":"+input"}
2019-7-4 18:40:41.416#change#{"from":{"line":1,"ch":24,"sticky":null},"to":{"line":1,"ch":24,"sticky":null},"text":["o"],"removed":[""],"origin":"+input"}
2019-7-4 18:40:43.492#mousedown#{"isTrusted":true}
2019-7-4 18:40:46.350#change#{"from":{"line":1,"ch":27,"sticky":null,"xRel":1,"outside":true},"to":{"line":1,"ch":27,"sticky":null,"xRel":1,"outside":true},"text":["",""],"removed":[""],"origin":"+input"}
2019-7-4 18:40:46.351#keyHandled#"Enter"
2019-7-4 18:40:46.357#viewportChange#0
2019-7-4 18:40:47.159#change#{"from":{"line":2,"ch":0,"sticky":null},"to":{"line":2,"ch":0,"sticky":null},"text":["v"],"removed":[""],"origin":"+input"}
2019-7-4 18:40:47.991#change#{"from":{"line":2,"ch":1,"sticky":null},"to":{"line":2,"ch":1,"sticky":null},"text":["="],"removed":[""],"origin":"+input"}
2019-7-4 18:40:48.255#change#{"from":{"line":2,"ch":2,"sticky":null},"to":{"line":2,"ch":2,"sticky":null},"text":["0"],"removed":[""],"origin":"+input"}
2019-7-4 18:40:48.883#change#{"from":{"line":2,"ch":3,"sticky":null},"to":{"line":2,"ch":3,"sticky":null},"text":["",""],"removed":[""],"origin":"+input"}
2019-7-4 18:40:48.883#keyHandled#"Enter"
2019-7-4 18:40:48.889#viewportChange#0
2019-7-4 18:40:51.279#change#{"from":{"line":3,"ch":0,"sticky":null},"to":{"line":3,"ch":0,"sticky":null},"text":["c"],"removed":[""],"origin":"+input"}
2019-7-4 18:40:52.198#change#{"from":{"line":3,"ch":1,"sticky":null},"to":{"line":3,"ch":1,"sticky":null},"text":["="],"removed":[""],"origin":"+input"}
2019-7-4 18:40:52.443#change#{"from":{"line":3,"ch":2,"sticky":null},"to":{"line":3,"ch":2,"sticky":null},"text":["0"],"removed":[""],"origin":"+input"}
2019-7-4 18:40:53.094#change#{"from":{"line":3,"ch":3,"sticky":null},"to":{"line":3,"ch":3,"sticky":null},"text":["",""],"removed":[""],"origin":"+input"}
2019-7-4 18:40:53.094#keyHandled#"Enter"
2019-7-4 18:40:53.101#viewportChange#0
2019-7-4 18:40:55.000#change#{"from":{"line":4,"ch":0,"sticky":null},"to":{"line":4,"ch":0,"sticky":null},"text":["f"],"removed":[""],"origin":"+input"}
2019-7-4 18:40:55.175#change#{"from":{"line":4,"ch":1,"sticky":null},"to":{"line":4,"ch":1,"sticky":null},"text":["o"],"removed":[""],"origin":"+input"}
2019-7-4 18:40:55.279#change#{"from":{"line":4,"ch":2,"sticky":null},"to":{"line":4,"ch":2,"sticky":null},"text":["r"],"removed":[""],"origin":"+input"}
2019-7-4 18:40:59.285#change#{"from":{"line":4,"ch":3,"sticky":null},"to":{"line":4,"ch":3,"sticky":null},"text":[" "],"removed":[""],"origin":"+input"}
2019-7-4 18:40:59.454#change#{"from":{"line":4,"ch":4,"sticky":null},"to":{"line":4,"ch":4,"sticky":null},"text":["c"],"removed":[""],"origin":"+input"}
2019-7-4 18:40:59.662#change#{"from":{"line":4,"ch":5,"sticky":null},"to":{"line":4,"ch":5,"sticky":null},"text":["h"],"removed":[""],"origin":"+input"}
2019-7-4 18:41:03.812#change#{"from":{"line":4,"ch":6,"sticky":null},"to":{"line":4,"ch":6,"sticky":null},"text":[" "],"removed":[""],"origin":"+input"}
2019-7-4 18:41:04.564#change#{"from":{"line":4,"ch":7,"sticky":null},"to":{"line":4,"ch":7,"sticky":null},"text":["i"],"removed":[""],"origin":"+input"}
2019-7-4 18:41:04.773#change#{"from":{"line":4,"ch":8,"sticky":null},"to":{"line":4,"ch":8,"sticky":null},"text":["n"],"removed":[""],"origin":"+input"}
2019-7-4 18:41:08.470#change#{"from":{"line":4,"ch":9,"sticky":null},"to":{"line":4,"ch":9,"sticky":null},"text":[" "],"removed":[""],"origin":"+input"}
2019-7-4 18:41:08.766#change#{"from":{"line":4,"ch":10,"sticky":null},"to":{"line":4,"ch":10,"sticky":null},"text":["s"],"removed":[""],"origin":"+input"}
2019-7-4 18:41:09.047#change#{"from":{"line":4,"ch":11,"sticky":null},"to":{"line":4,"ch":11,"sticky":null},"text":["t"],"removed":[""],"origin":"+input"}
2019-7-4 18:41:09.254#change#{"from":{"line":4,"ch":12,"sticky":null},"to":{"line":4,"ch":12,"sticky":null},"text":["r"],"removed":[""],"origin":"+input"}
2019-7-4 18:41:09.444#change#{"from":{"line":4,"ch":13,"sticky":null},"to":{"line":4,"ch":13,"sticky":null},"text":["i"],"removed":[""],"origin":"+input"}
2019-7-4 18:41:09.678#change#{"from":{"line":4,"ch":14,"sticky":null},"to":{"line":4,"ch":14,"sticky":null},"text":["n"],"removed":[""],"origin":"+input"}
2019-7-4 18:41:09.915#change#{"from":{"line":4,"ch":15,"sticky":null},"to":{"line":4,"ch":15,"sticky":null},"text":["g"],"removed":[""],"origin":"+input"}
2019-7-4 18:41:12.951#change#{"from":{"line":4,"ch":16,"sticky":null},"to":{"line":4,"ch":16,"sticky":null},"text":[" "],"removed":[""],"origin":"+input"}
2019-7-4 18:41:13.826#change#{"from":{"line":4,"ch":16,"sticky":"after"},"to":{"line":4,"ch":17,"sticky":null},"text":[""],"removed":[" "],"origin":"+delete"}
2019-7-4 18:41:13.826#keyHandled#"Backspace"
2019-7-4 18:41:20.883#change#{"from":{"line":4,"ch":16,"sticky":null},"to":{"line":4,"ch":16,"sticky":null},"text":[":"],"removed":[""],"origin":"+input"}
2019-7-4 18:41:29.167#change#{"from":{"line":4,"ch":17,"sticky":null},"to":{"line":4,"ch":17,"sticky":null},"text":["",""],"removed":[""],"origin":"+input"}
2019-7-4 18:41:29.167#change#{"from":{"line":5,"ch":0,"sticky":null},"to":{"line":5,"ch":0,"sticky":null},"text":["\t"],"removed":[""],"origin":"+input"}
2019-7-4 18:41:29.167#keyHandled#"Enter"
2019-7-4 18:41:29.184#viewportChange#0
2019-7-4 18:41:30.447#change#{"from":{"line":5,"ch":1,"sticky":null},"to":{"line":5,"ch":1,"sticky":null},"text":["i"],"removed":[""],"origin":"+input"}
2019-7-4 18:41:30.765#change#{"from":{"line":5,"ch":2,"sticky":null},"to":{"line":5,"ch":2,"sticky":null},"text":["f"],"removed":[""],"origin":"+input"}
2019-7-4 18:41:35.503#change#{"from":{"line":5,"ch":3,"sticky":null},"to":{"line":5,"ch":3,"sticky":null},"text":["()"],"removed":[""],"origin":"+input"}
2019-7-4 18:41:35.503#keyHandled#"'('"
2019-7-4 18:41:36.391#change#{"from":{"line":5,"ch":4,"sticky":"after"},"to":{"line":5,"ch":4,"sticky":"after"},"text":["c"],"removed":[""],"origin":"+input"}
2019-7-4 18:41:36.551#change#{"from":{"line":5,"ch":5,"sticky":null},"to":{"line":5,"ch":5,"sticky":null},"text":["h"],"removed":[""],"origin":"+input"}
2019-7-4 18:42:22.835#change#{"from":{"line":5,"ch":6,"sticky":null},"to":{"line":5,"ch":6,"sticky":null},"text":["="],"removed":[""],"origin":"+input"}
2019-7-4 18:42:22.955#change#{"from":{"line":5,"ch":7,"sticky":null},"to":{"line":5,"ch":7,"sticky":null},"text":["="],"removed":[""],"origin":"+input"}
2019-7-4 18:42:27.439#change#{"from":{"line":5,"ch":8,"sticky":null},"to":{"line":5,"ch":8,"sticky":null},"text":["\"\""],"removed":[""],"origin":"+input"}
2019-7-4 18:42:27.439#keyHandled#"'\"'"
2019-7-4 18:42:34.254#change#{"from":{"line":5,"ch":9,"sticky":"after"},"to":{"line":5,"ch":9,"sticky":"after"},"text":["a"],"removed":[""],"origin":"+input"}
2019-7-4 18:42:35.716#change#{"from":{"line":5,"ch":9,"sticky":"after"},"to":{"line":5,"ch":10,"sticky":null},"text":[""],"removed":["a"],"origin":"+delete"}
2019-7-4 18:42:35.716#keyHandled#"Backspace"
2019-7-4 18:42:37.175#change#{"from":{"line":5,"ch":9,"sticky":null},"to":{"line":5,"ch":9,"sticky":null},"text":["A"],"removed":[""],"origin":"+input"}
2019-7-4 18:42:45.170#mousedown#{"isTrusted":true}
2019-7-4 18:42:48.460#change#{"from":{"line":5,"ch":11,"sticky":"after"},"to":{"line":5,"ch":12,"sticky":"before","xRel":17.79998779296875},"text":[""],"removed":[")"],"origin":"+delete"}
2019-7-4 18:42:48.460#keyHandled#"Backspace"
2019-7-4 18:42:49.214#change#{"from":{"line":5,"ch":11,"sticky":null},"to":{"line":5,"ch":11,"sticky":null},"text":[" "],"removed":[""],"origin":"+input"}
2019-7-4 18:42:49.453#change#{"from":{"line":5,"ch":12,"sticky":null},"to":{"line":5,"ch":12,"sticky":null},"text":["o"],"removed":[""],"origin":"+input"}
2019-7-4 18:42:49.659#change#{"from":{"line":5,"ch":13,"sticky":null},"to":{"line":5,"ch":13,"sticky":null},"text":["r"],"removed":[""],"origin":"+input"}
2019-7-4 18:42:56.810#change#{"from":{"line":5,"ch":14,"sticky":null},"to":{"line":5,"ch":14,"sticky":null},"text":[" "],"removed":[""],"origin":"+input"}
2019-7-4 18:42:57.237#change#{"from":{"line":5,"ch":15,"sticky":null},"to":{"line":5,"ch":15,"sticky":null},"text":["c"],"removed":[""],"origin":"+input"}
2019-7-4 18:42:58.077#change#{"from":{"line":5,"ch":16,"sticky":null},"to":{"line":5,"ch":16,"sticky":null},"text":["h"],"removed":[""],"origin":"+input"}
2019-7-4 18:43:00.421#change#{"from":{"line":5,"ch":17,"sticky":null},"to":{"line":5,"ch":17,"sticky":null},"text":["="],"removed":[""],"origin":"+input"}
2019-7-4 18:43:00.549#change#{"from":{"line":5,"ch":18,"sticky":null},"to":{"line":5,"ch":18,"sticky":null},"text":["="],"removed":[""],"origin":"+input"}
2019-7-4 18:43:09.406#change#{"from":{"line":5,"ch":19,"sticky":null},"to":{"line":5,"ch":19,"sticky":null},"text":["\"\""],"removed":[""],"origin":"+input"}
2019-7-4 18:43:09.407#keyHandled#"'\"'"
2019-7-4 18:43:11.717#change#{"from":{"line":5,"ch":20,"sticky":"after"},"to":{"line":5,"ch":20,"sticky":"after"},"text":["e"],"removed":[""],"origin":"+input"}
2019-7-4 18:43:12.690#change#{"from":{"line":5,"ch":20,"sticky":"after"},"to":{"line":5,"ch":21,"sticky":null},"text":[""],"removed":["e"],"origin":"+delete"}
2019-7-4 18:43:12.690#keyHandled#"Backspace"
2019-7-4 18:43:13.438#change#{"from":{"line":5,"ch":20,"sticky":null},"to":{"line":5,"ch":20,"sticky":null},"text":["E"],"removed":[""],"origin":"+input"}
2019-7-4 18:43:14.698#keyHandled#"Right"
2019-7-4 18:43:24.021#change#{"from":{"line":5,"ch":22,"sticky":"before"},"to":{"line":5,"ch":22,"sticky":"before"},"text":[" "],"removed":[""],"origin":"+input"}
2019-7-4 18:43:25.597#change#{"from":{"line":5,"ch":23,"sticky":null},"to":{"line":5,"ch":23,"sticky":null},"text":["o"],"removed":[""],"origin":"+input"}
2019-7-4 18:43:27.413#change#{"from":{"line":5,"ch":24,"sticky":null},"to":{"line":5,"ch":24,"sticky":null},"text":["r"],"removed":[""],"origin":"+input"}
2019-7-4 18:43:27.906#change#{"from":{"line":5,"ch":25,"sticky":null},"to":{"line":5,"ch":25,"sticky":null},"text":[" "],"removed":[""],"origin":"+input"}
2019-7-4 18:43:28.757#change#{"from":{"line":5,"ch":26,"sticky":null},"to":{"line":5,"ch":26,"sticky":null},"text":["c"],"removed":[""],"origin":"+input"}
2019-7-4 18:43:29.468#change#{"from":{"line":5,"ch":27,"sticky":null},"to":{"line":5,"ch":27,"sticky":null},"text":["h"],"removed":[""],"origin":"+input"}
2019-7-4 18:43:30.930#change#{"from":{"line":5,"ch":28,"sticky":null},"to":{"line":5,"ch":28,"sticky":null},"text":["="],"removed":[""],"origin":"+input"}
2019-7-4 18:43:31.076#change#{"from":{"line":5,"ch":29,"sticky":null},"to":{"line":5,"ch":29,"sticky":null},"text":["="],"removed":[""],"origin":"+input"}
2019-7-4 18:43:33.866#change#{"from":{"line":5,"ch":30,"sticky":null},"to":{"line":5,"ch":30,"sticky":null},"text":["i"],"removed":[""],"origin":"+input"}
2019-7-4 18:43:34.563#change#{"from":{"line":5,"ch":30,"sticky":"after"},"to":{"line":5,"ch":31,"sticky":null},"text":[""],"removed":["i"],"origin":"+delete"}
2019-7-4 18:43:34.563#keyHandled#"Backspace"
2019-7-4 18:43:36.008#change#{"from":{"line":5,"ch":30,"sticky":null},"to":{"line":5,"ch":30,"sticky":null},"text":["\"\""],"removed":[""],"origin":"+input"}
2019-7-4 18:43:36.008#keyHandled#"'\"'"
2019-7-4 18:43:37.123#change#{"from":{"line":5,"ch":31,"sticky":"after"},"to":{"line":5,"ch":31,"sticky":"after"},"text":["i"],"removed":[""],"origin":"+input"}
2019-7-4 18:43:43.017#change#{"from":{"line":5,"ch":31,"sticky":"after"},"to":{"line":5,"ch":32,"sticky":null},"text":[""],"removed":["i"],"origin":"+delete"}
2019-7-4 18:43:43.017#keyHandled#"Backspace"
2019-7-4 18:43:44.350#change#{"from":{"line":5,"ch":31,"sticky":null},"to":{"line":5,"ch":31,"sticky":null},"text":["i"],"removed":[""],"origin":"+input"}
2019-7-4 18:43:45.226#change#{"from":{"line":5,"ch":31,"sticky":"after"},"to":{"line":5,"ch":32,"sticky":null},"text":[""],"removed":["i"],"origin":"+delete"}
2019-7-4 18:43:45.226#keyHandled#"Backspace"
2019-7-4 18:43:46.118#change#{"from":{"line":5,"ch":31,"sticky":null},"to":{"line":5,"ch":31,"sticky":null},"text":["I"],"removed":[""],"origin":"+input"}
2019-7-4 18:43:47.192#keyHandled#"Right"
2019-7-4 18:43:52.085#change#{"from":{"line":5,"ch":33,"sticky":"before"},"to":{"line":5,"ch":33,"sticky":"before"},"text":[" "],"removed":[""],"origin":"+input"}
2019-7-4 18:43:52.553#change#{"from":{"line":5,"ch":34,"sticky":null},"to":{"line":5,"ch":34,"sticky":null},"text":["O"],"removed":[""],"origin":"+input"}
2019-7-4 18:43:52.766#change#{"from":{"line":5,"ch":35,"sticky":null},"to":{"line":5,"ch":35,"sticky":null},"text":["R"],"removed":[""],"origin":"+input"}
2019-7-4 18:43:52.923#change#{"from":{"line":5,"ch":36,"sticky":null},"to":{"line":5,"ch":36,"sticky":null},"text":[" "],"removed":[""],"origin":"+input"}
2019-7-4 18:43:53.558#change#{"from":{"line":5,"ch":37,"sticky":null},"to":{"line":5,"ch":37,"sticky":null},"text":["C"],"removed":[""],"origin":"+input"}
2019-7-4 18:43:53.881#change#{"from":{"line":5,"ch":38,"sticky":null},"to":{"line":5,"ch":38,"sticky":null},"text":["H"],"removed":[""],"origin":"+input"}
2019-7-4 18:43:54.491#change#{"from":{"line":5,"ch":39,"sticky":null},"to":{"line":5,"ch":39,"sticky":null},"text":["="],"removed":[""],"origin":"+input"}
2019-7-4 18:43:54.628#change#{"from":{"line":5,"ch":40,"sticky":null},"to":{"line":5,"ch":40,"sticky":null},"text":["="],"removed":[""],"origin":"+input"}
2019-7-4 18:43:55.681#change#{"from":{"line":5,"ch":40,"sticky":"after"},"to":{"line":5,"ch":41,"sticky":null},"text":[""],"removed":["="],"origin":"+delete"}
2019-7-4 18:43:55.681#keyHandled#"Backspace"
2019-7-4 18:43:55.816#change#{"from":{"line":5,"ch":39,"sticky":"after"},"to":{"line":5,"ch":40,"sticky":null},"text":[""],"removed":["="],"origin":"+delete"}
2019-7-4 18:43:55.816#keyHandled#"Backspace"
2019-7-4 18:43:55.945#change#{"from":{"line":5,"ch":38,"sticky":"after"},"to":{"line":5,"ch":39,"sticky":null},"text":[""],"removed":["H"],"origin":"+delete"}
2019-7-4 18:43:55.945#keyHandled#"Backspace"
2019-7-4 18:43:56.226#change#{"from":{"line":5,"ch":37,"sticky":"after"},"to":{"line":5,"ch":38,"sticky":null},"text":[""],"removed":["C"],"origin":"+delete"}
2019-7-4 18:43:56.226#keyHandled#"Backspace"
2019-7-4 18:43:56.800#change#{"from":{"line":5,"ch":36,"sticky":"after"},"to":{"line":5,"ch":37,"sticky":null},"text":[""],"removed":[" "],"origin":"+delete"}
2019-7-4 18:43:56.800#keyHandled#"Backspace"
2019-7-4 18:43:56.944#change#{"from":{"line":5,"ch":35,"sticky":"after"},"to":{"line":5,"ch":36,"sticky":null},"text":[""],"removed":["R"],"origin":"+delete"}
2019-7-4 18:43:56.944#keyHandled#"Backspace"
2019-7-4 18:43:57.449#change#{"from":{"line":5,"ch":34,"sticky":"after"},"to":{"line":5,"ch":35,"sticky":null},"text":[""],"removed":["O"],"origin":"+delete"}
2019-7-4 18:43:57.449#keyHandled#"Backspace"
2019-7-4 18:43:58.437#change#{"from":{"line":5,"ch":34,"sticky":null},"to":{"line":5,"ch":34,"sticky":null},"text":["O"],"removed":[""],"origin":"+input"}
2019-7-4 18:43:58.620#change#{"from":{"line":5,"ch":35,"sticky":null},"to":{"line":5,"ch":35,"sticky":null},"text":["R"],"removed":[""],"origin":"+input"}
2019-7-4 18:43:59.721#change#{"from":{"line":5,"ch":35,"sticky":"after"},"to":{"line":5,"ch":36,"sticky":null},"text":[""],"removed":["R"],"origin":"+delete"}
2019-7-4 18:43:59.721#keyHandled#"Backspace"
2019-7-4 18:43:59.888#change#{"from":{"line":5,"ch":34,"sticky":"after"},"to":{"line":5,"ch":35,"sticky":null},"text":[""],"removed":["O"],"origin":"+delete"}
2019-7-4 18:43:59.888#keyHandled#"Backspace"
2019-7-4 18:44:01.318#change#{"from":{"line":5,"ch":34,"sticky":null},"to":{"line":5,"ch":34,"sticky":null},"text":["o"],"removed":[""],"origin":"+input"}
2019-7-4 18:44:01.454#change#{"from":{"line":5,"ch":35,"sticky":null},"to":{"line":5,"ch":35,"sticky":null},"text":["r"],"removed":[""],"origin":"+input"}
2019-7-4 18:44:02.749#change#{"from":{"line":5,"ch":36,"sticky":null},"to":{"line":5,"ch":36,"sticky":null},"text":[" "],"removed":[""],"origin":"+input"}
2019-7-4 18:44:08.460#change#{"from":{"line":5,"ch":37,"sticky":null},"to":{"line":5,"ch":37,"sticky":null},"text":["c"],"removed":[""],"origin":"+input"}
2019-7-4 18:44:08.772#change#{"from":{"line":5,"ch":38,"sticky":null},"to":{"line":5,"ch":38,"sticky":null},"text":["h"],"removed":[""],"origin":"+input"}
2019-7-4 18:44:09.708#change#{"from":{"line":5,"ch":39,"sticky":null},"to":{"line":5,"ch":39,"sticky":null},"text":["="],"removed":[""],"origin":"+input"}
2019-7-4 18:44:10.042#change#{"from":{"line":5,"ch":40,"sticky":null},"to":{"line":5,"ch":40,"sticky":null},"text":["="],"removed":[""],"origin":"+input"}
2019-7-4 18:44:14.044#change#{"from":{"line":5,"ch":41,"sticky":null},"to":{"line":5,"ch":41,"sticky":null},"text":["o"],"removed":[""],"origin":"+input"}
2019-7-4 18:44:15.273#change#{"from":{"line":5,"ch":41,"sticky":"after"},"to":{"line":5,"ch":42,"sticky":null},"text":[""],"removed":["o"],"origin":"+delete"}
2019-7-4 18:44:15.273#keyHandled#"Backspace"
2019-7-4 18:44:15.810#change#{"from":{"line":5,"ch":41,"sticky":null},"to":{"line":5,"ch":41,"sticky":null},"text":["\"\""],"removed":[""],"origin":"+input"}
2019-7-4 18:44:15.810#keyHandled#"'\"'"
2019-7-4 18:44:16.212#change#{"from":{"line":5,"ch":42,"sticky":"after"},"to":{"line":5,"ch":42,"sticky":"after"},"text":["o"],"removed":[""],"origin":"+input"}
2019-7-4 18:44:17.377#change#{"from":{"line":5,"ch":42,"sticky":"after"},"to":{"line":5,"ch":43,"sticky":null},"text":[""],"removed":["o"],"origin":"+delete"}
2019-7-4 18:44:17.377#keyHandled#"Backspace"
2019-7-4 18:44:18.277#change#{"from":{"line":5,"ch":42,"sticky":null},"to":{"line":5,"ch":42,"sticky":null},"text":["'"],"removed":[""],"origin":"+input"}
2019-7-4 18:44:19.305#change#{"from":{"line":5,"ch":42,"sticky":"after"},"to":{"line":5,"ch":43,"sticky":null},"text":[""],"removed":["'"],"origin":"+delete"}
2019-7-4 18:44:19.305#keyHandled#"Backspace"
2019-7-4 18:44:20.068#change#{"from":{"line":5,"ch":42,"sticky":null},"to":{"line":5,"ch":42,"sticky":null},"text":["0"],"removed":[""],"origin":"+input"}
2019-7-4 18:44:20.617#change#{"from":{"line":5,"ch":42,"sticky":"after"},"to":{"line":5,"ch":43,"sticky":null},"text":[""],"removed":["0"],"origin":"+delete"}
2019-7-4 18:44:20.617#keyHandled#"Backspace"
2019-7-4 18:44:22.068#change#{"from":{"line":5,"ch":42,"sticky":null},"to":{"line":5,"ch":42,"sticky":null},"text":["o"],"removed":[""],"origin":"+input"}
2019-7-4 18:44:23.425#change#{"from":{"line":5,"ch":42,"sticky":"after"},"to":{"line":5,"ch":43,"sticky":null},"text":[""],"removed":["o"],"origin":"+delete"}
2019-7-4 18:44:23.425#keyHandled#"Backspace"
2019-7-4 18:44:23.954#change#{"from":{"line":5,"ch":42,"sticky":null},"to":{"line":5,"ch":42,"sticky":null},"text":["O"],"removed":[""],"origin":"+input"}
2019-7-4 18:44:25.481#change#{"from":{"line":5,"ch":42,"sticky":"after"},"to":{"line":5,"ch":43,"sticky":null},"text":[""],"removed":["O"],"origin":"+delete"}
2019-7-4 18:44:25.481#keyHandled#"Backspace"
2019-7-4 18:44:25.881#change#{"from":{"line":5,"ch":42,"sticky":null},"to":{"line":5,"ch":42,"sticky":null},"text":["O"],"removed":[""],"origin":"+input"}
2019-7-4 18:44:27.024#keyHandled#"Right"
2019-7-4 18:44:33.397#change#{"from":{"line":5,"ch":44,"sticky":"before"},"to":{"line":5,"ch":44,"sticky":"before"},"text":[" "],"removed":[""],"origin":"+input"}
2019-7-4 18:44:33.660#change#{"from":{"line":5,"ch":45,"sticky":null},"to":{"line":5,"ch":45,"sticky":null},"text":["O"],"removed":[""],"origin":"+input"}
2019-7-4 18:44:33.841#change#{"from":{"line":5,"ch":46,"sticky":null},"to":{"line":5,"ch":46,"sticky":null},"text":["R"],"removed":[""],"origin":"+input"}
2019-7-4 18:44:34.139#change#{"from":{"line":5,"ch":47,"sticky":null},"to":{"line":5,"ch":47,"sticky":null},"text":[" "],"removed":[""],"origin":"+input"}
2019-7-4 18:44:34.372#change#{"from":{"line":5,"ch":48,"sticky":null},"to":{"line":5,"ch":48,"sticky":null},"text":["C"],"removed":[""],"origin":"+input"}
2019-7-4 18:44:34.809#change#{"from":{"line":5,"ch":49,"sticky":null},"to":{"line":5,"ch":49,"sticky":null},"text":["H"],"removed":[""],"origin":"+input"}
2019-7-4 18:44:36.233#change#{"from":{"line":5,"ch":49,"sticky":"after"},"to":{"line":5,"ch":50,"sticky":null},"text":[""],"removed":["H"],"origin":"+delete"}
2019-7-4 18:44:36.233#keyHandled#"Backspace"
2019-7-4 18:44:36.369#change#{"from":{"line":5,"ch":48,"sticky":"after"},"to":{"line":5,"ch":49,"sticky":null},"text":[""],"removed":["C"],"origin":"+delete"}
2019-7-4 18:44:36.369#keyHandled#"Backspace"
2019-7-4 18:44:36.505#change#{"from":{"line":5,"ch":47,"sticky":"after"},"to":{"line":5,"ch":48,"sticky":null},"text":[""],"removed":[" "],"origin":"+delete"}
2019-7-4 18:44:36.505#keyHandled#"Backspace"
2019-7-4 18:44:36.625#change#{"from":{"line":5,"ch":46,"sticky":"after"},"to":{"line":5,"ch":47,"sticky":null},"text":[""],"removed":["R"],"origin":"+delete"}
2019-7-4 18:44:36.625#keyHandled#"Backspace"
2019-7-4 18:44:37.008#change#{"from":{"line":5,"ch":45,"sticky":"after"},"to":{"line":5,"ch":46,"sticky":null},"text":[""],"removed":["O"],"origin":"+delete"}
2019-7-4 18:44:37.008#keyHandled#"Backspace"
2019-7-4 18:44:37.755#change#{"from":{"line":5,"ch":45,"sticky":null},"to":{"line":5,"ch":45,"sticky":null},"text":["o"],"removed":[""],"origin":"+input"}
2019-7-4 18:44:37.897#change#{"from":{"line":5,"ch":46,"sticky":null},"to":{"line":5,"ch":46,"sticky":null},"text":["r"],"removed":[""],"origin":"+input"}
2019-7-4 18:44:38.499#change#{"from":{"line":5,"ch":47,"sticky":null},"to":{"line":5,"ch":47,"sticky":null},"text":[" "],"removed":[""],"origin":"+input"}
2019-7-4 18:44:39.099#change#{"from":{"line":5,"ch":48,"sticky":null},"to":{"line":5,"ch":48,"sticky":null},"text":["c"],"removed":[""],"origin":"+input"}
2019-7-4 18:44:39.316#change#{"from":{"line":5,"ch":49,"sticky":null},"to":{"line":5,"ch":49,"sticky":null},"text":["h"],"removed":[""],"origin":"+input"}
2019-7-4 18:44:40.268#change#{"from":{"line":5,"ch":50,"sticky":null},"to":{"line":5,"ch":50,"sticky":null},"text":["="],"removed":[""],"origin":"+input"}
2019-7-4 18:44:40.412#change#{"from":{"line":5,"ch":51,"sticky":null},"to":{"line":5,"ch":51,"sticky":null},"text":["="],"removed":[""],"origin":"+input"}
2019-7-4 18:44:42.199#change#{"from":{"line":5,"ch":52,"sticky":null},"to":{"line":5,"ch":52,"sticky":null},"text":["\"\""],"removed":[""],"origin":"+input"}
2019-7-4 18:44:42.199#keyHandled#"'\"'"
2019-7-4 18:44:42.715#change#{"from":{"line":5,"ch":53,"sticky":"after"},"to":{"line":5,"ch":53,"sticky":"after"},"text":["u"],"removed":[""],"origin":"+input"}
2019-7-4 18:44:43.768#change#{"from":{"line":5,"ch":53,"sticky":"after"},"to":{"line":5,"ch":54,"sticky":null},"text":[""],"removed":["u"],"origin":"+delete"}
2019-7-4 18:44:43.768#keyHandled#"Backspace"
2019-7-4 18:44:44.588#change#{"from":{"line":5,"ch":53,"sticky":null},"to":{"line":5,"ch":53,"sticky":null},"text":["U"],"removed":[""],"origin":"+input"}
2019-7-4 18:44:46.072#keyHandled#"Right"
2019-7-4 18:44:47.221#change#{"from":{"line":5,"ch":55,"sticky":"before"},"to":{"line":5,"ch":55,"sticky":"before"},"text":[")"],"removed":[""],"origin":"+input"}
2019-7-4 18:44:47.793#change#{"from":{"line":5,"ch":56,"sticky":null},"to":{"line":5,"ch":56,"sticky":null},"text":[":"],"removed":[""],"origin":"+input"}
2019-7-4 18:44:48.345#change#{"from":{"line":5,"ch":57,"sticky":null},"to":{"line":5,"ch":57,"sticky":null},"text":["",""],"removed":[""],"origin":"+input"}
2019-7-4 18:44:48.345#change#{"from":{"line":6,"ch":0,"sticky":null},"to":{"line":6,"ch":0,"sticky":null},"text":["\t\t"],"removed":[""],"origin":"+input"}
2019-7-4 18:44:48.345#keyHandled#"Enter"
2019-7-4 18:44:48.356#viewportChange#0
2019-7-4 18:44:59.540#change#{"from":{"line":6,"ch":2,"sticky":null},"to":{"line":6,"ch":2,"sticky":null},"text":["v"],"removed":[""],"origin":"+input"}
2019-7-4 18:45:01.764#change#{"from":{"line":6,"ch":3,"sticky":null},"to":{"line":6,"ch":3,"sticky":null},"text":["="],"removed":[""],"origin":"+input"}
2019-7-4 18:45:02.241#change#{"from":{"line":6,"ch":4,"sticky":null},"to":{"line":6,"ch":4,"sticky":null},"text":["v"],"removed":[""],"origin":"+input"}
2019-7-4 18:45:03.371#change#{"from":{"line":6,"ch":5,"sticky":null},"to":{"line":6,"ch":5,"sticky":null},"text":["+"],"removed":[""],"origin":"+input"}
2019-7-4 18:45:04.116#change#{"from":{"line":6,"ch":6,"sticky":null},"to":{"line":6,"ch":6,"sticky":null},"text":["!"],"removed":[""],"origin":"+input"}
2019-7-4 18:45:05.192#change#{"from":{"line":6,"ch":6,"sticky":"after"},"to":{"line":6,"ch":7,"sticky":null},"text":[""],"removed":["!"],"origin":"+delete"}
2019-7-4 18:45:05.192#keyHandled#"Backspace"
2019-7-4 18:45:05.802#change#{"from":{"line":6,"ch":6,"sticky":null},"to":{"line":6,"ch":6,"sticky":null},"text":["1"],"removed":[""],"origin":"+input"}
2019-7-4 18:45:10.441#change#{"from":{"line":6,"ch":7,"sticky":null},"to":{"line":6,"ch":7,"sticky":null},"text":["",""],"removed":[""],"origin":"+input"}
2019-7-4 18:45:10.441#change#{"from":{"line":7,"ch":0,"sticky":null},"to":{"line":7,"ch":0,"sticky":null},"text":["\t\t"],"removed":[""],"origin":"+input"}
2019-7-4 18:45:10.441#keyHandled#"Enter"
2019-7-4 18:45:10.456#viewportChange#0
2019-7-4 18:45:11.351#change#{"from":{"line":7,"ch":1,"sticky":"after"},"to":{"line":7,"ch":2,"sticky":null},"text":[""],"removed":["\t"],"origin":"+delete"}
2019-7-4 18:45:11.351#keyHandled#"Backspace"
2019-7-4 18:45:12.253#change#{"from":{"line":7,"ch":1,"sticky":null},"to":{"line":7,"ch":1,"sticky":null},"text":["e"],"removed":[""],"origin":"+input"}
2019-7-4 18:45:12.655#change#{"from":{"line":7,"ch":3,"sticky":null},"to":{"line":7,"ch":3,"sticky":null},"text":["s"],"removed":[""],"origin":"+input"}
2019-7-4 18:45:12.865#change#{"from":{"line":7,"ch":4,"sticky":null},"to":{"line":7,"ch":4,"sticky":null},"text":["e"],"removed":[""],"origin":"+input"}
2019-7-4 18:45:15.509#change#{"from":{"line":7,"ch":5,"sticky":null},"to":{"line":7,"ch":5,"sticky":null},"text":[":"],"removed":[""],"origin":"+input"}
2019-7-4 18:45:18.282#change#{"from":{"line":7,"ch":6,"sticky":null},"to":{"line":7,"ch":6,"sticky":null},"text":["",""],"removed":[""],"origin":"+input"}
2019-7-4 18:45:18.282#change#{"from":{"line":8,"ch":0,"sticky":null},"to":{"line":8,"ch":0,"sticky":null},"text":["\t\t"],"removed":[""],"origin":"+input"}
2019-7-4 18:45:18.282#keyHandled#"Enter"
2019-7-4 18:45:18.294#viewportChange#0
2019-7-4 18:45:22.832#change#{"from":{"line":8,"ch":2,"sticky":null},"to":{"line":8,"ch":2,"sticky":null},"text":["c"],"removed":[""],"origin":"+input"}
2019-7-4 18:45:23.517#change#{"from":{"line":8,"ch":3,"sticky":null},"to":{"line":8,"ch":3,"sticky":null},"text":["="],"removed":[""],"origin":"+input"}
2019-7-4 18:45:24.404#change#{"from":{"line":8,"ch":4,"sticky":null},"to":{"line":8,"ch":4,"sticky":null},"text":["c"],"removed":[""],"origin":"+input"}
2019-7-4 18:45:25.393#change#{"from":{"line":8,"ch":5,"sticky":null},"to":{"line":8,"ch":5,"sticky":null},"text":["+"],"removed":[""],"origin":"+input"}
2019-7-4 18:45:25.986#change#{"from":{"line":8,"ch":6,"sticky":null},"to":{"line":8,"ch":6,"sticky":null},"text":["1"],"removed":[""],"origin":"+input"}
2019-7-4 18:45:29.072#change#{"from":{"line":8,"ch":7,"sticky":null},"to":{"line":8,"ch":7,"sticky":null},"text":["",""],"removed":[""],"origin":"+input"}
2019-7-4 18:45:29.072#change#{"from":{"line":9,"ch":0,"sticky":null},"to":{"line":9,"ch":0,"sticky":null},"text":["\t\t"],"removed":[""],"origin":"+input"}
2019-7-4 18:45:29.072#keyHandled#"Enter"
2019-7-4 18:45:29.087#viewportChange#0
2019-7-4 18:45:29.887#change#{"from":{"line":9,"ch":1,"sticky":"after"},"to":{"line":9,"ch":2,"sticky":null},"text":[""],"removed":["\t"],"origin":"+delete"}
2019-7-4 18:45:29.887#keyHandled#"Backspace"
2019-7-4 18:45:30.256#change#{"from":{"line":9,"ch":0,"sticky":"after"},"to":{"line":9,"ch":1,"sticky":null},"text":[""],"removed":["\t"],"origin":"+delete"}
2019-7-4 18:45:30.256#keyHandled#"Backspace"
2019-7-4 18:45:30.972#change#{"from":{"line":9,"ch":0,"sticky":null},"to":{"line":9,"ch":0,"sticky":null},"text":["p"],"removed":[""],"origin":"+input"}
2019-7-4 18:45:31.155#change#{"from":{"line":9,"ch":1,"sticky":null},"to":{"line":9,"ch":1,"sticky":null},"text":["r"],"removed":[""],"origin":"+input"}
2019-7-4 18:45:31.365#change#{"from":{"line":9,"ch":2,"sticky":null},"to":{"line":9,"ch":2,"sticky":null},"text":["i"],"removed":[""],"origin":"+input"}
2019-7-4 18:45:31.611#change#{"from":{"line":9,"ch":3,"sticky":null},"to":{"line":9,"ch":3,"sticky":null},"text":["n"],"removed":[""],"origin":"+input"}
2019-7-4 18:45:31.840#change#{"from":{"line":9,"ch":4,"sticky":null},"to":{"line":9,"ch":4,"sticky":null},"text":["t"],"removed":[""],"origin":"+input"}
2019-7-4 18:45:33.033#change#{"from":{"line":9,"ch":5,"sticky":null},"to":{"line":9,"ch":5,"sticky":null},"text":["()"],"removed":[""],"origin":"+input"}
2019-7-4 18:45:33.033#keyHandled#"'('"
2019-7-4 18:45:33.724#change#{"from":{"line":9,"ch":6,"sticky":"after"},"to":{"line":9,"ch":6,"sticky":"after"},"text":["v"],"removed":[""],"origin":"+input"}
2019-7-4 18:45:36.168#mousedown#{"isTrusted":true}
2019-7-4 18:45:37.839#mousedown#{"isTrusted":true}
2019-7-4 18:45:40.449#change#{"from":{"line":9,"ch":8,"sticky":"before","xRel":43.79998779296875},"to":{"line":9,"ch":8,"sticky":"before","xRel":43.79998779296875},"text":["",""],"removed":[""],"origin":"+input"}
2019-7-4 18:45:40.449#keyHandled#"Enter"
2019-7-4 18:45:40.466#viewportChange#0
2019-7-4 18:45:41.299#change#{"from":{"line":10,"ch":0,"sticky":null},"to":{"line":10,"ch":0,"sticky":null},"text":["p"],"removed":[""],"origin":"+input"}
2019-7-4 18:45:41.499#change#{"from":{"line":10,"ch":1,"sticky":null},"to":{"line":10,"ch":1,"sticky":null},"text":["r"],"removed":[""],"origin":"+input"}
2019-7-4 18:45:41.659#change#{"from":{"line":10,"ch":2,"sticky":null},"to":{"line":10,"ch":2,"sticky":null},"text":["i"],"removed":[""],"origin":"+input"}
2019-7-4 18:45:42.107#change#{"from":{"line":10,"ch":3,"sticky":null},"to":{"line":10,"ch":3,"sticky":null},"text":["n"],"removed":[""],"origin":"+input"}
2019-7-4 18:45:42.379#change#{"from":{"line":10,"ch":4,"sticky":null},"to":{"line":10,"ch":4,"sticky":null},"text":["t"],"removed":[""],"origin":"+input"}
2019-7-4 18:45:42.824#change#{"from":{"line":10,"ch":5,"sticky":null},"to":{"line":10,"ch":5,"sticky":null},"text":["c"],"removed":[""],"origin":"+input"}
2019-7-4 18:45:43.768#change#{"from":{"line":10,"ch":5,"sticky":"after"},"to":{"line":10,"ch":6,"sticky":null},"text":[""],"removed":["c"],"origin":"+delete"}
2019-7-4 18:45:43.768#keyHandled#"Backspace"
2019-7-4 18:45:44.241#change#{"from":{"line":10,"ch":5,"sticky":null},"to":{"line":10,"ch":5,"sticky":null},"text":["()"],"removed":[""],"origin":"+input"}
2019-7-4 18:45:44.241#keyHandled#"'('"
2019-7-4 18:45:44.912#change#{"from":{"line":10,"ch":6,"sticky":"after"},"to":{"line":10,"ch":6,"sticky":"after"},"text":["c"],"removed":[""],"origin":"+input"}
2019-7-4 18:45:46.160#keyHandled#"Right"
2019-7-4 18:45:49.403#blur#
2019-7-4 18:45:49.403#blur#
2019-7-4 18:45:50.810#saida_testar#$ python3 main.py
2019-7-4 18:45:50.810#saida_testar#$ python3 main.py
2019-7-4 18:46:23.230#submit#You're almost there! Your code is 33% correct, but if you try harder you'll be able to hit 100% of the question.
2019-7-4 18:47:07.176#mousedown#{"isTrusted":true}
2019-7-4 18:47:07.282#focus#
2019-7-4 18:47:09.148#change#{"from":{"line":1,"ch":27,"sticky":"before","xRel":15.79998779296875},"to":{"line":1,"ch":27,"sticky":"before","xRel":15.79998779296875},"text":["."],"removed":[""],"origin":"+input"}
2019-7-4 18:47:10.458#change#{"from":{"line":1,"ch":28,"sticky":null},"to":{"line":1,"ch":28,"sticky":null},"text":["u"],"removed":[""],"origin":"+input"}
2019-7-4 18:47:11.411#change#{"from":{"line":1,"ch":29,"sticky":null},"to":{"line":1,"ch":29,"sticky":null},"text":["p"],"removed":[""],"origin":"+input"}
2019-7-4 18:47:11.546#change#{"from":{"line":1,"ch":30,"sticky":null},"to":{"line":1,"ch":30,"sticky":null},"text":["p"],"removed":[""],"origin":"+input"}
2019-7-4 18:47:12.400#change#{"from":{"line":1,"ch":31,"sticky":null},"to":{"line":1,"ch":31,"sticky":null},"text":["e"],"removed":[""],"origin":"+input"}
2019-7-4 18:47:12.618#change#{"from":{"line":1,"ch":32,"sticky":null},"to":{"line":1,"ch":32,"sticky":null},"text":["r"],"removed":[""],"origin":"+input"}
2019-7-4 18:47:15.724#change#{"from":{"line":1,"ch":33,"sticky":null},"to":{"line":1,"ch":33,"sticky":null},"text":["()"],"removed":[""],"origin":"+input"}
2019-7-4 18:47:15.724#keyHandled#"'('"
2019-7-4 18:47:15.724#change#{"from":{"line":1,"ch":33,"sticky":null},"to":{"line":1,"ch":33,"sticky":null},"text":["()"],"removed":[""],"origin":"+input"}
2019-7-4 18:47:15.724#keyHandled#"'('"
2019-7-4 18:47:18.739#saida_testar#$ python3 main.py
2019-7-4 18:47:21.808#blur#
