2019-4-23 16:59:13.218#viewportChange#0
2019-4-23 17:10:03.785#mousedown#{"isTrusted":true}
2019-4-23 17:10:03.790#focus#
2019-4-23 17:10:36.675#change#{"from":{"line":0,"ch":0,"sticky":null},"to":{"line":0,"ch":0,"sticky":null},"text":["x"],"removed":[""],"origin":"+input"}
2019-4-23 17:10:37.055#change#{"from":{"line":0,"ch":1,"sticky":null},"to":{"line":0,"ch":1,"sticky":null},"text":["0"],"removed":[""],"origin":"+input"}
2019-4-23 17:10:37.791#change#{"from":{"line":0,"ch":2,"sticky":null},"to":{"line":0,"ch":2,"sticky":null},"text":[" "],"removed":[""],"origin":"+input"}
2019-4-23 17:10:37.920#change#{"from":{"line":0,"ch":3,"sticky":null},"to":{"line":0,"ch":3,"sticky":null},"text":["="],"removed":[""],"origin":"+input"}
2019-4-23 17:10:38.144#change#{"from":{"line":0,"ch":4,"sticky":null},"to":{"line":0,"ch":4,"sticky":null},"text":[" "],"removed":[""],"origin":"+input"}
2019-4-23 17:10:40.192#change#{"from":{"line":0,"ch":5,"sticky":null},"to":{"line":0,"ch":5,"sticky":null},"text":["g"],"removed":[""],"origin":"+input"}
2019-4-23 17:10:40.383#change#{"from":{"line":0,"ch":6,"sticky":null},"to":{"line":0,"ch":6,"sticky":null},"text":["l"],"removed":[""],"origin":"+input"}
2019-4-23 17:10:40.592#change#{"from":{"line":0,"ch":7,"sticky":null},"to":{"line":0,"ch":7,"sticky":null},"text":["o"],"removed":[""],"origin":"+input"}
2019-4-23 17:10:40.939#change#{"from":{"line":0,"ch":7,"sticky":"after"},"to":{"line":0,"ch":8,"sticky":null},"text":[""],"removed":["o"],"origin":"+delete"}
2019-4-23 17:10:40.939#keyHandled#"Backspace"
2019-4-23 17:10:41.098#change#{"from":{"line":0,"ch":6,"sticky":"after"},"to":{"line":0,"ch":7,"sticky":null},"text":[""],"removed":["l"],"origin":"+delete"}
2019-4-23 17:10:41.098#keyHandled#"Backspace"
2019-4-23 17:10:41.419#change#{"from":{"line":0,"ch":5,"sticky":"after"},"to":{"line":0,"ch":6,"sticky":null},"text":[""],"removed":["g"],"origin":"+delete"}
2019-4-23 17:10:41.419#keyHandled#"Backspace"
2019-4-23 17:10:41.679#change#{"from":{"line":0,"ch":5,"sticky":null},"to":{"line":0,"ch":5,"sticky":null},"text":["f"],"removed":[""],"origin":"+input"}
2019-4-23 17:10:41.807#change#{"from":{"line":0,"ch":6,"sticky":null},"to":{"line":0,"ch":6,"sticky":null},"text":["l"],"removed":[""],"origin":"+input"}
2019-4-23 17:10:41.953#change#{"from":{"line":0,"ch":7,"sticky":null},"to":{"line":0,"ch":7,"sticky":null},"text":["o"],"removed":[""],"origin":"+input"}
2019-4-23 17:10:42.080#change#{"from":{"line":0,"ch":8,"sticky":null},"to":{"line":0,"ch":8,"sticky":null},"text":["a"],"removed":[""],"origin":"+input"}
2019-4-23 17:10:42.788#change#{"from":{"line":0,"ch":9,"sticky":null},"to":{"line":0,"ch":9,"sticky":null},"text":["t"],"removed":[""],"origin":"+input"}
2019-4-23 17:10:43.176#change#{"from":{"line":0,"ch":10,"sticky":null},"to":{"line":0,"ch":10,"sticky":null},"text":["()"],"removed":[""],"origin":"+input"}
2019-4-23 17:10:43.176#keyHandled#"'('"
2019-4-23 17:10:49.537#change#{"from":{"line":0,"ch":11,"sticky":"after"},"to":{"line":0,"ch":11,"sticky":"after"},"text":["i"],"removed":[""],"origin":"+input"}
2019-4-23 17:10:49.696#change#{"from":{"line":0,"ch":12,"sticky":null},"to":{"line":0,"ch":12,"sticky":null},"text":["n"],"removed":[""],"origin":"+input"}
2019-4-23 17:10:50.031#change#{"from":{"line":0,"ch":13,"sticky":null},"to":{"line":0,"ch":13,"sticky":null},"text":["p"],"removed":[""],"origin":"+input"}
2019-4-23 17:10:50.368#change#{"from":{"line":0,"ch":14,"sticky":null},"to":{"line":0,"ch":14,"sticky":null},"text":["u"],"removed":[""],"origin":"+input"}
2019-4-23 17:10:50.388#change#{"from":{"line":0,"ch":15,"sticky":null},"to":{"line":0,"ch":15,"sticky":null},"text":["i"],"removed":[""],"origin":"+input"}
2019-4-23 17:10:50.577#change#{"from":{"line":0,"ch":16,"sticky":null},"to":{"line":0,"ch":16,"sticky":null},"text":["t"],"removed":[""],"origin":"+input"}
2019-4-23 17:10:51.195#change#{"from":{"line":0,"ch":16,"sticky":"after"},"to":{"line":0,"ch":17,"sticky":null},"text":[""],"removed":["t"],"origin":"+delete"}
2019-4-23 17:10:51.195#keyHandled#"Backspace"
2019-4-23 17:10:51.339#change#{"from":{"line":0,"ch":15,"sticky":"after"},"to":{"line":0,"ch":16,"sticky":null},"text":[""],"removed":["i"],"origin":"+delete"}
2019-4-23 17:10:51.339#keyHandled#"Backspace"
2019-4-23 17:10:51.743#change#{"from":{"line":0,"ch":15,"sticky":null},"to":{"line":0,"ch":15,"sticky":null},"text":["t"],"removed":[""],"origin":"+input"}
2019-4-23 17:10:52.271#change#{"from":{"line":0,"ch":16,"sticky":null},"to":{"line":0,"ch":16,"sticky":null},"text":["()"],"removed":[""],"origin":"+input"}
2019-4-23 17:10:52.271#keyHandled#"'('"
2019-4-23 17:10:52.719#change#{"from":{"line":0,"ch":17,"sticky":"after"},"to":{"line":0,"ch":17,"sticky":"after"},"text":["\"\""],"removed":[""],"origin":"+input"}
2019-4-23 17:10:52.719#keyHandled#"'\"'"
2019-4-23 17:10:54.785#change#{"from":{"line":0,"ch":18,"sticky":"after"},"to":{"line":0,"ch":18,"sticky":"after"},"text":["P"],"removed":[""],"origin":"+input"}
2019-4-23 17:10:55.104#change#{"from":{"line":0,"ch":19,"sticky":null},"to":{"line":0,"ch":19,"sticky":null},"text":["o"],"removed":[""],"origin":"+input"}
2019-4-23 17:10:56.384#change#{"from":{"line":0,"ch":20,"sticky":null},"to":{"line":0,"ch":20,"sticky":null},"text":["n"],"removed":[""],"origin":"+input"}
2019-4-23 17:10:56.723#change#{"from":{"line":0,"ch":21,"sticky":null},"to":{"line":0,"ch":21,"sticky":null},"text":["t"],"removed":[""],"origin":"+input"}
2019-4-23 17:10:56.850#change#{"from":{"line":0,"ch":22,"sticky":null},"to":{"line":0,"ch":22,"sticky":null},"text":["o"],"removed":[""],"origin":"+input"}
2019-4-23 17:10:57.104#change#{"from":{"line":0,"ch":23,"sticky":null},"to":{"line":0,"ch":23,"sticky":null},"text":[" "],"removed":[""],"origin":"+input"}
2019-4-23 17:10:58.096#change#{"from":{"line":0,"ch":24,"sticky":null},"to":{"line":0,"ch":24,"sticky":null},"text":["x"],"removed":[""],"origin":"+input"}
2019-4-23 17:10:58.640#change#{"from":{"line":0,"ch":25,"sticky":null},"to":{"line":0,"ch":25,"sticky":null},"text":["0"],"removed":[""],"origin":"+input"}
2019-4-23 17:10:59.504#change#{"from":{"line":0,"ch":26,"sticky":null},"to":{"line":0,"ch":26,"sticky":null},"text":[":"],"removed":[""],"origin":"+input"}
2019-4-23 17:11:00.111#change#{"from":{"line":0,"ch":27,"sticky":null},"to":{"line":0,"ch":27,"sticky":null},"text":[" "],"removed":[""],"origin":"+input"}
2019-4-23 17:11:00.331#keyHandled#"Right"
2019-4-23 17:11:00.536#keyHandled#"Right"
2019-4-23 17:11:01.914#mousedown#{"isTrusted":true}
2019-4-23 17:11:02.946#mousedown#{"isTrusted":true}
2019-4-23 17:11:05.030#copy#{"isTrusted":true}
2019-4-23 17:11:05.650#mousedown#{"isTrusted":true}
2019-4-23 17:11:05.947#mousedown#{"isTrusted":true}
2019-4-23 17:11:06.282#mousedown#{"isTrusted":true}
2019-4-23 17:11:07.259#keyHandled#"Right"
2019-4-23 17:11:07.517#change#{"from":{"line":0,"ch":31,"sticky":null},"to":{"line":0,"ch":31,"sticky":null},"text":["",""],"removed":[""],"origin":"+input"}
2019-4-23 17:11:07.517#keyHandled#"Enter"
2019-4-23 17:11:07.533#viewportChange#0
2019-4-23 17:11:08.401#change#{"from":{"line":1,"ch":0,"sticky":null},"to":{"line":1,"ch":0,"sticky":null},"text":["x"],"removed":[""],"origin":"+input"}
2019-4-23 17:11:11.056#change#{"from":{"line":1,"ch":1,"sticky":null},"to":{"line":1,"ch":1,"sticky":null},"text":["1"],"removed":[""],"origin":"+input"}
2019-4-23 17:11:11.776#change#{"from":{"line":1,"ch":2,"sticky":null},"to":{"line":1,"ch":2,"sticky":null},"text":[" "],"removed":[""],"origin":"+input"}
2019-4-23 17:11:11.983#change#{"from":{"line":1,"ch":3,"sticky":null},"to":{"line":1,"ch":3,"sticky":null},"text":["="],"removed":[""],"origin":"+input"}
2019-4-23 17:11:12.224#change#{"from":{"line":1,"ch":4,"sticky":null},"to":{"line":1,"ch":4,"sticky":null},"text":[" "],"removed":[""],"origin":"+input"}
2019-4-23 17:11:12.768#change#{"from":{"line":1,"ch":5,"sticky":null},"to":{"line":1,"ch":5,"sticky":null},"text":["float(input(\"Ponto x0: \"))"],"removed":[""],"origin":"paste"}
2019-4-23 17:11:13.485#change#{"from":{"line":1,"ch":31,"sticky":null},"to":{"line":1,"ch":31,"sticky":null},"text":["",""],"removed":[""],"origin":"+input"}
2019-4-23 17:11:13.485#keyHandled#"Enter"
2019-4-23 17:11:13.501#viewportChange#0
2019-4-23 17:11:14.463#change#{"from":{"line":2,"ch":1,"sticky":null},"to":{"line":2,"ch":1,"sticky":null},"text":["2"],"removed":[""],"origin":"+input"}
2019-4-23 17:11:15.136#change#{"from":{"line":2,"ch":2,"sticky":null},"to":{"line":2,"ch":2,"sticky":null},"text":[" "],"removed":[""],"origin":"+input"}
2019-4-23 17:11:15.407#change#{"from":{"line":2,"ch":3,"sticky":null},"to":{"line":2,"ch":3,"sticky":null},"text":["="],"removed":[""],"origin":"+input"}
2019-4-23 17:11:15.648#change#{"from":{"line":2,"ch":4,"sticky":null},"to":{"line":2,"ch":4,"sticky":null},"text":[" "],"removed":[""],"origin":"+input"}
2019-4-23 17:11:16.177#change#{"from":{"line":2,"ch":5,"sticky":null},"to":{"line":2,"ch":5,"sticky":null},"text":["float(input(\"Ponto x0: \"))"],"removed":[""],"origin":"paste"}
2019-4-23 17:11:16.668#change#{"from":{"line":2,"ch":31,"sticky":null},"to":{"line":2,"ch":31,"sticky":null},"text":["",""],"removed":[""],"origin":"+input"}
2019-4-23 17:11:16.668#keyHandled#"Enter"
2019-4-23 17:11:16.684#viewportChange#0
2019-4-23 17:11:17.729#change#{"from":{"line":3,"ch":0,"sticky":null},"to":{"line":3,"ch":0,"sticky":null},"text":["y"],"removed":[""],"origin":"+input"}
2019-4-23 17:11:18.160#change#{"from":{"line":3,"ch":1,"sticky":null},"to":{"line":3,"ch":1,"sticky":null},"text":["0"],"removed":[""],"origin":"+input"}
2019-4-23 17:11:18.494#change#{"from":{"line":3,"ch":2,"sticky":null},"to":{"line":3,"ch":2,"sticky":null},"text":[" "],"removed":[""],"origin":"+input"}
2019-4-23 17:11:18.912#change#{"from":{"line":3,"ch":3,"sticky":null},"to":{"line":3,"ch":3,"sticky":null},"text":["="],"removed":[""],"origin":"+input"}
2019-4-23 17:11:19.456#change#{"from":{"line":3,"ch":4,"sticky":null},"to":{"line":3,"ch":4,"sticky":null},"text":[" "],"removed":[""],"origin":"+input"}
2019-4-23 17:11:19.809#change#{"from":{"line":3,"ch":5,"sticky":null},"to":{"line":3,"ch":5,"sticky":null},"text":["float(input(\"Ponto x0: \"))"],"removed":[""],"origin":"paste"}
2019-4-23 17:11:20.424#change#{"from":{"line":3,"ch":31,"sticky":null},"to":{"line":3,"ch":31,"sticky":null},"text":["",""],"removed":[""],"origin":"+input"}
2019-4-23 17:11:20.424#keyHandled#"Enter"
2019-4-23 17:11:20.440#viewportChange#0
2019-4-23 17:11:21.281#change#{"from":{"line":4,"ch":0,"sticky":null},"to":{"line":4,"ch":0,"sticky":null},"text":["y"],"removed":[""],"origin":"+input"}
2019-4-23 17:11:21.536#change#{"from":{"line":4,"ch":1,"sticky":null},"to":{"line":4,"ch":1,"sticky":null},"text":["1"],"removed":[""],"origin":"+input"}
2019-4-23 17:11:21.937#change#{"from":{"line":4,"ch":2,"sticky":null},"to":{"line":4,"ch":2,"sticky":null},"text":[" "],"removed":[""],"origin":"+input"}
2019-4-23 17:11:22.369#change#{"from":{"line":4,"ch":3,"sticky":null},"to":{"line":4,"ch":3,"sticky":null},"text":["="],"removed":[""],"origin":"+input"}
2019-4-23 17:11:22.720#change#{"from":{"line":4,"ch":4,"sticky":null},"to":{"line":4,"ch":4,"sticky":null},"text":[" "],"removed":[""],"origin":"+input"}
2019-4-23 17:11:23.329#change#{"from":{"line":4,"ch":5,"sticky":null},"to":{"line":4,"ch":5,"sticky":null},"text":["float(input(\"Ponto x0: \"))"],"removed":[""],"origin":"paste"}
2019-4-23 17:11:24.012#change#{"from":{"line":4,"ch":31,"sticky":null},"to":{"line":4,"ch":31,"sticky":null},"text":["",""],"removed":[""],"origin":"+input"}
2019-4-23 17:11:24.012#keyHandled#"Enter"
2019-4-23 17:11:24.028#viewportChange#0
2019-4-23 17:11:25.009#change#{"from":{"line":5,"ch":0,"sticky":null},"to":{"line":5,"ch":0,"sticky":null},"text":["y"],"removed":[""],"origin":"+input"}
2019-4-23 17:11:25.408#change#{"from":{"line":5,"ch":1,"sticky":null},"to":{"line":5,"ch":1,"sticky":null},"text":["2"],"removed":[""],"origin":"+input"}
2019-4-23 17:11:25.700#change#{"from":{"line":5,"ch":2,"sticky":null},"to":{"line":5,"ch":2,"sticky":null},"text":[" "],"removed":[""],"origin":"+input"}
2019-4-23 17:11:25.888#change#{"from":{"line":5,"ch":3,"sticky":null},"to":{"line":5,"ch":3,"sticky":null},"text":["="],"removed":[""],"origin":"+input"}
2019-4-23 17:11:26.045#change#{"from":{"line":5,"ch":4,"sticky":null},"to":{"line":5,"ch":4,"sticky":null},"text":[" "],"removed":[""],"origin":"+input"}
2019-4-23 17:11:30.209#change#{"from":{"line":5,"ch":5,"sticky":null},"to":{"line":5,"ch":5,"sticky":null},"text":["float(input(\"Ponto x0: \"))"],"removed":[""],"origin":"paste"}
2019-4-23 17:11:30.765#keyHandled#"Left"
2019-4-23 17:11:30.937#keyHandled#"Left"
2019-4-23 17:11:31.213#keyHandled#"Left"
2019-4-23 17:11:31.371#keyHandled#"Left"
2019-4-23 17:11:31.708#keyHandled#"Left"
2019-4-23 17:11:32.253#change#{"from":{"line":5,"ch":25,"sticky":"after"},"to":{"line":5,"ch":26,"sticky":"after"},"text":[""],"removed":["0"],"origin":"+delete"}
2019-4-23 17:11:32.253#keyHandled#"Backspace"
2019-4-23 17:11:33.741#change#{"from":{"line":5,"ch":24,"sticky":"after"},"to":{"line":5,"ch":25,"sticky":null},"text":[""],"removed":["x"],"origin":"+delete"}
2019-4-23 17:11:33.741#keyHandled#"Backspace"
2019-4-23 17:11:34.304#change#{"from":{"line":5,"ch":24,"sticky":null},"to":{"line":5,"ch":24,"sticky":null},"text":["y"],"removed":[""],"origin":"+input"}
2019-4-23 17:11:34.496#change#{"from":{"line":5,"ch":25,"sticky":null},"to":{"line":5,"ch":25,"sticky":null},"text":["2"],"removed":[""],"origin":"+input"}
2019-4-23 17:11:35.101#keyHandled#"Up"
2019-4-23 17:11:35.860#change#{"from":{"line":4,"ch":25,"sticky":"after"},"to":{"line":4,"ch":26,"sticky":"after","xRel":0},"text":[""],"removed":["0"],"origin":"+delete"}
2019-4-23 17:11:35.860#keyHandled#"Backspace"
2019-4-23 17:11:36.014#change#{"from":{"line":4,"ch":24,"sticky":"after"},"to":{"line":4,"ch":25,"sticky":null},"text":[""],"removed":["x"],"origin":"+delete"}
2019-4-23 17:11:36.014#keyHandled#"Backspace"
2019-4-23 17:11:36.689#change#{"from":{"line":4,"ch":24,"sticky":null},"to":{"line":4,"ch":24,"sticky":null},"text":["y"],"removed":[""],"origin":"+input"}
2019-4-23 17:11:36.944#change#{"from":{"line":4,"ch":25,"sticky":null},"to":{"line":4,"ch":25,"sticky":null},"text":["1"],"removed":[""],"origin":"+input"}
2019-4-23 17:11:37.276#keyHandled#"Up"
2019-4-23 17:11:37.900#change#{"from":{"line":3,"ch":25,"sticky":"after"},"to":{"line":3,"ch":26,"sticky":"after","xRel":0},"text":[""],"removed":["0"],"origin":"+delete"}
2019-4-23 17:11:37.900#keyHandled#"Backspace"
2019-4-23 17:11:38.076#change#{"from":{"line":3,"ch":24,"sticky":"after"},"to":{"line":3,"ch":25,"sticky":null},"text":[""],"removed":["x"],"origin":"+delete"}
2019-4-23 17:11:38.076#keyHandled#"Backspace"
2019-4-23 17:11:38.513#change#{"from":{"line":3,"ch":24,"sticky":null},"to":{"line":3,"ch":24,"sticky":null},"text":["y"],"removed":[""],"origin":"+input"}
2019-4-23 17:11:38.864#change#{"from":{"line":3,"ch":25,"sticky":null},"to":{"line":3,"ch":25,"sticky":null},"text":["0"],"removed":[""],"origin":"+input"}
2019-4-23 17:11:39.260#keyHandled#"Up"
2019-4-23 17:11:40.140#change#{"from":{"line":2,"ch":25,"sticky":"after"},"to":{"line":2,"ch":26,"sticky":"after","xRel":0},"text":[""],"removed":["0"],"origin":"+delete"}
2019-4-23 17:11:40.140#keyHandled#"Backspace"
2019-4-23 17:11:40.785#change#{"from":{"line":2,"ch":25,"sticky":null},"to":{"line":2,"ch":25,"sticky":null},"text":["2"],"removed":[""],"origin":"+input"}
2019-4-23 17:11:41.085#keyHandled#"Up"
2019-4-23 17:11:41.596#change#{"from":{"line":1,"ch":25,"sticky":"after"},"to":{"line":1,"ch":26,"sticky":"after","xRel":0},"text":[""],"removed":["0"],"origin":"+delete"}
2019-4-23 17:11:41.596#keyHandled#"Backspace"
2019-4-23 17:11:42.145#change#{"from":{"line":1,"ch":25,"sticky":null},"to":{"line":1,"ch":25,"sticky":null},"text":["1"],"removed":[""],"origin":"+input"}
2019-4-23 17:11:43.779#mousedown#{"isTrusted":true}
2019-4-23 17:11:45.693#change#{"from":{"line":5,"ch":31,"sticky":null,"xRel":1,"outside":true},"to":{"line":5,"ch":31,"sticky":null,"xRel":1,"outside":true},"text":["",""],"removed":[""],"origin":"+input"}
2019-4-23 17:11:45.693#keyHandled#"Enter"
2019-4-23 17:11:45.709#viewportChange#0
2019-4-23 17:11:45.916#change#{"from":{"line":6,"ch":0,"sticky":null},"to":{"line":6,"ch":0,"sticky":null},"text":["",""],"removed":[""],"origin":"+input"}
2019-4-23 17:11:45.916#keyHandled#"Enter"
2019-4-23 17:11:45.931#viewportChange#0
2019-4-23 17:11:46.561#change#{"from":{"line":7,"ch":0,"sticky":null},"to":{"line":7,"ch":0,"sticky":null},"text":["c"],"removed":[""],"origin":"+input"}
2019-4-23 17:11:46.785#change#{"from":{"line":7,"ch":1,"sticky":null},"to":{"line":7,"ch":1,"sticky":null},"text":[" "],"removed":[""],"origin":"+input"}
2019-4-23 17:11:46.929#change#{"from":{"line":7,"ch":2,"sticky":null},"to":{"line":7,"ch":2,"sticky":null},"text":["="],"removed":[""],"origin":"+input"}
2019-4-23 17:11:47.072#change#{"from":{"line":7,"ch":3,"sticky":null},"to":{"line":7,"ch":3,"sticky":null},"text":[" "],"removed":[""],"origin":"+input"}
2019-4-23 17:11:49.552#change#{"from":{"line":7,"ch":4,"sticky":null},"to":{"line":7,"ch":4,"sticky":null},"text":["()"],"removed":[""],"origin":"+input"}
2019-4-23 17:11:49.552#keyHandled#"'('"
2019-4-23 17:11:51.617#change#{"from":{"line":7,"ch":5,"sticky":"after"},"to":{"line":7,"ch":5,"sticky":"after"},"text":["x"],"removed":[""],"origin":"+input"}
2019-4-23 17:11:51.971#change#{"from":{"line":7,"ch":6,"sticky":null},"to":{"line":7,"ch":6,"sticky":null},"text":["1"],"removed":[""],"origin":"+input"}
2019-4-23 17:11:52.272#change#{"from":{"line":7,"ch":7,"sticky":null},"to":{"line":7,"ch":7,"sticky":null},"text":[" "],"removed":[""],"origin":"+input"}
2019-4-23 17:11:52.513#change#{"from":{"line":7,"ch":8,"sticky":null},"to":{"line":7,"ch":8,"sticky":null},"text":["-"],"removed":[""],"origin":"+input"}
2019-4-23 17:11:52.737#change#{"from":{"line":7,"ch":9,"sticky":null},"to":{"line":7,"ch":9,"sticky":null},"text":[" "],"removed":[""],"origin":"+input"}
2019-4-23 17:11:53.474#change#{"from":{"line":7,"ch":10,"sticky":null},"to":{"line":7,"ch":10,"sticky":null},"text":["x"],"removed":[""],"origin":"+input"}
2019-4-23 17:11:55.039#change#{"from":{"line":7,"ch":11,"sticky":null},"to":{"line":7,"ch":11,"sticky":null},"text":["0"],"removed":[""],"origin":"+input"}
2019-4-23 17:11:55.340#keyHandled#"Right"
2019-4-23 17:11:56.242#change#{"from":{"line":7,"ch":13,"sticky":"before"},"to":{"line":7,"ch":13,"sticky":"before"},"text":["*"],"removed":[""],"origin":"+input"}
2019-4-23 17:11:58.177#change#{"from":{"line":7,"ch":14,"sticky":null},"to":{"line":7,"ch":14,"sticky":null},"text":["()"],"removed":[""],"origin":"+input"}
2019-4-23 17:11:58.177#keyHandled#"'('"
2019-4-23 17:11:59.697#change#{"from":{"line":7,"ch":15,"sticky":"after"},"to":{"line":7,"ch":15,"sticky":"after"},"text":["y"],"removed":[""],"origin":"+input"}
2019-4-23 17:11:59.841#change#{"from":{"line":7,"ch":16,"sticky":null},"to":{"line":7,"ch":16,"sticky":null},"text":["2"],"removed":[""],"origin":"+input"}
2019-4-23 17:12:00.738#change#{"from":{"line":7,"ch":17,"sticky":null},"to":{"line":7,"ch":17,"sticky":null},"text":[" "],"removed":[""],"origin":"+input"}
2019-4-23 17:12:01.073#change#{"from":{"line":7,"ch":18,"sticky":null},"to":{"line":7,"ch":18,"sticky":null},"text":["-"],"removed":[""],"origin":"+input"}
2019-4-23 17:12:01.361#change#{"from":{"line":7,"ch":19,"sticky":null},"to":{"line":7,"ch":19,"sticky":null},"text":[" "],"removed":[""],"origin":"+input"}
2019-4-23 17:12:01.601#change#{"from":{"line":7,"ch":20,"sticky":null},"to":{"line":7,"ch":20,"sticky":null},"text":["y"],"removed":[""],"origin":"+input"}
2019-4-23 17:12:02.340#change#{"from":{"line":7,"ch":21,"sticky":null},"to":{"line":7,"ch":21,"sticky":null},"text":["0"],"removed":[""],"origin":"+input"}
2019-4-23 17:12:03.101#keyHandled#"Right"
2019-4-23 17:12:03.873#change#{"from":{"line":7,"ch":23,"sticky":"before"},"to":{"line":7,"ch":23,"sticky":"before"},"text":[" "],"removed":[""],"origin":"+input"}
2019-4-23 17:12:04.016#change#{"from":{"line":7,"ch":24,"sticky":null},"to":{"line":7,"ch":24,"sticky":null},"text":["*"],"removed":[""],"origin":"+input"}
2019-4-23 17:12:04.145#change#{"from":{"line":7,"ch":25,"sticky":null},"to":{"line":7,"ch":25,"sticky":null},"text":[" "],"removed":[""],"origin":"+input"}
2019-4-23 17:12:04.940#change#{"from":{"line":7,"ch":25,"sticky":"after"},"to":{"line":7,"ch":26,"sticky":null},"text":[""],"removed":[" "],"origin":"+delete"}
2019-4-23 17:12:04.940#keyHandled#"Backspace"
2019-4-23 17:12:05.132#change#{"from":{"line":7,"ch":24,"sticky":"after"},"to":{"line":7,"ch":25,"sticky":null},"text":[""],"removed":["*"],"origin":"+delete"}
2019-4-23 17:12:05.132#keyHandled#"Backspace"
2019-4-23 17:12:05.553#change#{"from":{"line":7,"ch":24,"sticky":null},"to":{"line":7,"ch":24,"sticky":null},"text":["-"],"removed":[""],"origin":"+input"}
2019-4-23 17:12:07.554#change#{"from":{"line":7,"ch":25,"sticky":null},"to":{"line":7,"ch":25,"sticky":null},"text":[" "],"removed":[""],"origin":"+input"}
2019-4-23 17:12:08.212#change#{"from":{"line":7,"ch":26,"sticky":null},"to":{"line":7,"ch":26,"sticky":null},"text":["()"],"removed":[""],"origin":"+input"}
2019-4-23 17:12:08.212#keyHandled#"'('"
2019-4-23 17:12:09.486#keyHandled#"Left"
2019-4-23 17:12:09.984#keyHandled#"Left"
2019-4-23 17:12:10.034#keyHandled#"Left"
2019-4-23 17:12:10.098#keyHandled#"Left"
2019-4-23 17:12:10.134#keyHandled#"Left"
2019-4-23 17:12:10.185#keyHandled#"Left"
2019-4-23 17:12:10.234#keyHandled#"Left"
2019-4-23 17:12:10.285#keyHandled#"Left"
2019-4-23 17:12:10.335#keyHandled#"Left"
2019-4-23 17:12:10.384#keyHandled#"Left"
2019-4-23 17:12:10.434#keyHandled#"Left"
2019-4-23 17:12:10.485#keyHandled#"Left"
2019-4-23 17:12:10.534#keyHandled#"Left"
2019-4-23 17:12:10.844#keyHandled#"Left"
2019-4-23 17:12:11.122#change#{"from":{"line":7,"ch":13,"sticky":"after"},"to":{"line":7,"ch":13,"sticky":"after"},"text":[" "],"removed":[""],"origin":"+input"}
2019-4-23 17:12:11.292#keyHandled#"Right"
2019-4-23 17:12:11.601#change#{"from":{"line":7,"ch":15,"sticky":"before"},"to":{"line":7,"ch":15,"sticky":"before"},"text":[" "],"removed":[""],"origin":"+input"}
2019-4-23 17:12:11.772#keyHandled#"Right"
2019-4-23 17:12:12.271#keyHandled#"Right"
2019-4-23 17:12:12.322#keyHandled#"Right"
2019-4-23 17:12:12.372#keyHandled#"Right"
2019-4-23 17:12:12.422#keyHandled#"Right"
2019-4-23 17:12:12.472#keyHandled#"Right"
2019-4-23 17:12:12.523#keyHandled#"Right"
2019-4-23 17:12:12.573#keyHandled#"Right"
2019-4-23 17:12:12.623#keyHandled#"Right"
2019-4-23 17:12:12.673#keyHandled#"Right"
2019-4-23 17:12:12.723#keyHandled#"Right"
2019-4-23 17:12:12.924#keyHandled#"Right"
2019-4-23 17:12:13.100#keyHandled#"Right"
2019-4-23 17:12:14.466#change#{"from":{"line":7,"ch":29,"sticky":"before"},"to":{"line":7,"ch":29,"sticky":"before"},"text":["x"],"removed":[""],"origin":"+input"}
2019-4-23 17:12:15.762#change#{"from":{"line":7,"ch":30,"sticky":null},"to":{"line":7,"ch":30,"sticky":null},"text":["2"],"removed":[""],"origin":"+input"}
2019-4-23 17:12:15.970#change#{"from":{"line":7,"ch":31,"sticky":null},"to":{"line":7,"ch":31,"sticky":null},"text":[" "],"removed":[""],"origin":"+input"}
2019-4-23 17:12:16.177#change#{"from":{"line":7,"ch":32,"sticky":null},"to":{"line":7,"ch":32,"sticky":null},"text":["-"],"removed":[""],"origin":"+input"}
2019-4-23 17:12:16.289#change#{"from":{"line":7,"ch":33,"sticky":null},"to":{"line":7,"ch":33,"sticky":null},"text":[" "],"removed":[""],"origin":"+input"}
2019-4-23 17:12:16.897#change#{"from":{"line":7,"ch":34,"sticky":null},"to":{"line":7,"ch":34,"sticky":null},"text":["x"],"removed":[""],"origin":"+input"}
2019-4-23 17:12:17.234#change#{"from":{"line":7,"ch":35,"sticky":null},"to":{"line":7,"ch":35,"sticky":null},"text":["0"],"removed":[""],"origin":"+input"}
2019-4-23 17:12:17.929#keyHandled#"Right"
2019-4-23 17:12:18.674#change#{"from":{"line":7,"ch":37,"sticky":"before"},"to":{"line":7,"ch":37,"sticky":"before"},"text":[" "],"removed":[""],"origin":"+input"}
2019-4-23 17:12:18.770#change#{"from":{"line":7,"ch":38,"sticky":null},"to":{"line":7,"ch":38,"sticky":null},"text":["*"],"removed":[""],"origin":"+input"}
2019-4-23 17:12:19.394#change#{"from":{"line":7,"ch":39,"sticky":null},"to":{"line":7,"ch":39,"sticky":null},"text":[" "],"removed":[""],"origin":"+input"}
2019-4-23 17:12:20.177#change#{"from":{"line":7,"ch":40,"sticky":null},"to":{"line":7,"ch":40,"sticky":null},"text":["()"],"removed":[""],"origin":"+input"}
2019-4-23 17:12:20.177#keyHandled#"'('"
2019-4-23 17:12:21.218#change#{"from":{"line":7,"ch":41,"sticky":"after"},"to":{"line":7,"ch":41,"sticky":"after"},"text":["y"],"removed":[""],"origin":"+input"}
2019-4-23 17:12:21.681#change#{"from":{"line":7,"ch":42,"sticky":null},"to":{"line":7,"ch":42,"sticky":null},"text":["1"],"removed":[""],"origin":"+input"}
2019-4-23 17:12:21.954#change#{"from":{"line":7,"ch":43,"sticky":null},"to":{"line":7,"ch":43,"sticky":null},"text":[" "],"removed":[""],"origin":"+input"}
2019-4-23 17:12:22.161#change#{"from":{"line":7,"ch":44,"sticky":null},"to":{"line":7,"ch":44,"sticky":null},"text":["-"],"removed":[""],"origin":"+input"}
2019-4-23 17:12:22.321#change#{"from":{"line":7,"ch":45,"sticky":null},"to":{"line":7,"ch":45,"sticky":null},"text":[" "],"removed":[""],"origin":"+input"}
2019-4-23 17:12:23.409#change#{"from":{"line":7,"ch":46,"sticky":null},"to":{"line":7,"ch":46,"sticky":null},"text":["y"],"removed":[""],"origin":"+input"}
2019-4-23 17:12:23.713#change#{"from":{"line":7,"ch":47,"sticky":null},"to":{"line":7,"ch":47,"sticky":null},"text":["0"],"removed":[""],"origin":"+input"}
2019-4-23 17:12:24.141#keyHandled#"Right"
2019-4-23 17:12:25.155#change#{"from":{"line":7,"ch":49,"sticky":"before"},"to":{"line":7,"ch":49,"sticky":"before"},"text":["",""],"removed":[""],"origin":"+input"}
2019-4-23 17:12:25.155#keyHandled#"Enter"
2019-4-23 17:12:25.169#viewportChange#0
2019-4-23 17:12:26.317#change#{"from":{"line":8,"ch":0,"sticky":null},"to":{"line":8,"ch":0,"sticky":null},"text":["",""],"removed":[""],"origin":"+input"}
2019-4-23 17:12:26.317#keyHandled#"Enter"
2019-4-23 17:12:26.352#viewportChange#0
2019-4-23 17:12:27.330#change#{"from":{"line":9,"ch":0,"sticky":null},"to":{"line":9,"ch":0,"sticky":null},"text":["i"],"removed":[""],"origin":"+input"}
2019-4-23 17:12:27.521#change#{"from":{"line":9,"ch":1,"sticky":null},"to":{"line":9,"ch":1,"sticky":null},"text":["f"],"removed":[""],"origin":"+input"}
2019-4-23 17:12:27.665#change#{"from":{"line":9,"ch":2,"sticky":null},"to":{"line":9,"ch":2,"sticky":null},"text":[" "],"removed":[""],"origin":"+input"}
2019-4-23 17:12:28.030#change#{"from":{"line":9,"ch":2,"sticky":"after"},"to":{"line":9,"ch":3,"sticky":null},"text":[""],"removed":[" "],"origin":"+delete"}
2019-4-23 17:12:28.030#keyHandled#"Backspace"
2019-4-23 17:12:28.721#change#{"from":{"line":9,"ch":2,"sticky":null},"to":{"line":9,"ch":2,"sticky":null},"text":["()"],"removed":[""],"origin":"+input"}
2019-4-23 17:12:28.721#keyHandled#"'('"
2019-4-23 17:12:33.891#change#{"from":{"line":9,"ch":3,"sticky":"after"},"to":{"line":9,"ch":3,"sticky":"after"},"text":["c"],"removed":[""],"origin":"+input"}
2019-4-23 17:12:34.114#change#{"from":{"line":9,"ch":4,"sticky":null},"to":{"line":9,"ch":4,"sticky":null},"text":[" "],"removed":[""],"origin":"+input"}
2019-4-23 17:12:34.450#change#{"from":{"line":9,"ch":5,"sticky":null},"to":{"line":9,"ch":5,"sticky":null},"text":["<"],"removed":[""],"origin":"+input"}
2019-4-23 17:12:34.834#change#{"from":{"line":9,"ch":6,"sticky":null},"to":{"line":9,"ch":6,"sticky":null},"text":[" "],"removed":[""],"origin":"+input"}
2019-4-23 17:12:35.042#change#{"from":{"line":9,"ch":7,"sticky":null},"to":{"line":9,"ch":7,"sticky":null},"text":["="],"removed":[""],"origin":"+input"}
2019-4-23 17:12:35.437#change#{"from":{"line":9,"ch":7,"sticky":"after"},"to":{"line":9,"ch":8,"sticky":null},"text":[""],"removed":["="],"origin":"+delete"}
2019-4-23 17:12:35.437#keyHandled#"Backspace"
2019-4-23 17:12:36.434#change#{"from":{"line":9,"ch":7,"sticky":null},"to":{"line":9,"ch":7,"sticky":null},"text":["0"],"removed":[""],"origin":"+input"}
2019-4-23 17:12:42.708#mousedown#{"isTrusted":true}
2019-4-23 17:12:43.698#change#{"from":{"line":9,"ch":9,"sticky":null,"xRel":1,"outside":true},"to":{"line":9,"ch":9,"sticky":null,"xRel":1,"outside":true},"text":[":"],"removed":[""],"origin":"+input"}
2019-4-23 17:12:43.902#change#{"from":{"line":9,"ch":10,"sticky":null},"to":{"line":9,"ch":10,"sticky":null},"text":["",""],"removed":[""],"origin":"+input"}
2019-4-23 17:12:43.902#change#{"from":{"line":10,"ch":0,"sticky":null},"to":{"line":10,"ch":0,"sticky":null},"text":["\t"],"removed":[""],"origin":"+input"}
2019-4-23 17:12:43.902#keyHandled#"Enter"
2019-4-23 17:12:43.918#viewportChange#0
2019-4-23 17:12:50.611#change#{"from":{"line":10,"ch":1,"sticky":null},"to":{"line":10,"ch":1,"sticky":null},"text":["p"],"removed":[""],"origin":"+input"}
2019-4-23 17:12:50.994#change#{"from":{"line":10,"ch":2,"sticky":null},"to":{"line":10,"ch":2,"sticky":null},"text":["r"],"removed":[""],"origin":"+input"}
2019-4-23 17:12:51.073#change#{"from":{"line":10,"ch":3,"sticky":null},"to":{"line":10,"ch":3,"sticky":null},"text":["i"],"removed":[""],"origin":"+input"}
2019-4-23 17:12:51.282#change#{"from":{"line":10,"ch":4,"sticky":null},"to":{"line":10,"ch":4,"sticky":null},"text":["n"],"removed":[""],"origin":"+input"}
2019-4-23 17:12:51.458#change#{"from":{"line":10,"ch":5,"sticky":null},"to":{"line":10,"ch":5,"sticky":null},"text":["t"],"removed":[""],"origin":"+input"}
2019-4-23 17:12:52.113#change#{"from":{"line":10,"ch":6,"sticky":null},"to":{"line":10,"ch":6,"sticky":null},"text":["()"],"removed":[""],"origin":"+input"}
2019-4-23 17:12:52.113#keyHandled#"'('"
2019-4-23 17:12:52.706#change#{"from":{"line":10,"ch":7,"sticky":"after"},"to":{"line":10,"ch":7,"sticky":"after"},"text":["\"\""],"removed":[""],"origin":"+input"}
2019-4-23 17:12:52.706#keyHandled#"'\"'"
2019-4-23 17:12:53.170#change#{"from":{"line":10,"ch":8,"sticky":"after"},"to":{"line":10,"ch":8,"sticky":"after"},"text":["a"],"removed":[""],"origin":"+input"}
2019-4-23 17:12:54.014#change#{"from":{"line":10,"ch":8,"sticky":"after"},"to":{"line":10,"ch":9,"sticky":null},"text":[""],"removed":["a"],"origin":"+delete"}
2019-4-23 17:12:54.014#keyHandled#"Backspace"
2019-4-23 17:12:54.691#change#{"from":{"line":10,"ch":8,"sticky":null},"to":{"line":10,"ch":8,"sticky":null},"text":["A"],"removed":[""],"origin":"+input"}
2019-4-23 17:12:55.281#change#{"from":{"line":10,"ch":9,"sticky":null},"to":{"line":10,"ch":9,"sticky":null},"text":[" "],"removed":[""],"origin":"+input"}
2019-4-23 17:12:55.954#change#{"from":{"line":10,"ch":10,"sticky":null},"to":{"line":10,"ch":10,"sticky":null},"text":["d"],"removed":[""],"origin":"+input"}
2019-4-23 17:12:56.068#change#{"from":{"line":10,"ch":11,"sticky":null},"to":{"line":10,"ch":11,"sticky":null},"text":["i"],"removed":[""],"origin":"+input"}
2019-4-23 17:12:56.258#change#{"from":{"line":10,"ch":12,"sticky":null},"to":{"line":10,"ch":12,"sticky":null},"text":["r"],"removed":[""],"origin":"+input"}
2019-4-23 17:12:56.356#change#{"from":{"line":10,"ch":13,"sticky":null},"to":{"line":10,"ch":13,"sticky":null},"text":["e"],"removed":[""],"origin":"+input"}
2019-4-23 17:12:56.482#change#{"from":{"line":10,"ch":14,"sticky":null},"to":{"line":10,"ch":14,"sticky":null},"text":["i"],"removed":[""],"origin":"+input"}
2019-4-23 17:12:56.657#change#{"from":{"line":10,"ch":15,"sticky":null},"to":{"line":10,"ch":15,"sticky":null},"text":["t"],"removed":[""],"origin":"+input"}
2019-4-23 17:12:56.819#change#{"from":{"line":10,"ch":16,"sticky":null},"to":{"line":10,"ch":16,"sticky":null},"text":["a"],"removed":[""],"origin":"+input"}
2019-4-23 17:12:56.994#change#{"from":{"line":10,"ch":17,"sticky":null},"to":{"line":10,"ch":17,"sticky":null},"text":[" "],"removed":[""],"origin":"+input"}
2019-4-23 17:12:57.218#change#{"from":{"line":10,"ch":18,"sticky":null},"to":{"line":10,"ch":18,"sticky":null},"text":["d"],"removed":[""],"origin":"+input"}
2019-4-23 17:12:57.331#change#{"from":{"line":10,"ch":19,"sticky":null},"to":{"line":10,"ch":19,"sticky":null},"text":["a"],"removed":[""],"origin":"+input"}
2019-4-23 17:12:57.458#change#{"from":{"line":10,"ch":20,"sticky":null},"to":{"line":10,"ch":20,"sticky":null},"text":[" "],"removed":[""],"origin":"+input"}
2019-4-23 17:12:57.922#change#{"from":{"line":10,"ch":21,"sticky":null},"to":{"line":10,"ch":21,"sticky":null},"text":["r"],"removed":[""],"origin":"+input"}
2019-4-23 17:12:58.034#change#{"from":{"line":10,"ch":22,"sticky":null},"to":{"line":10,"ch":22,"sticky":null},"text":["e"],"removed":[""],"origin":"+input"}
2019-4-23 17:12:58.210#change#{"from":{"line":10,"ch":23,"sticky":null},"to":{"line":10,"ch":23,"sticky":null},"text":["t"],"removed":[""],"origin":"+input"}
2019-4-23 17:12:58.354#change#{"from":{"line":10,"ch":24,"sticky":null},"to":{"line":10,"ch":24,"sticky":null},"text":["a"],"removed":[""],"origin":"+input"}
2019-4-23 17:12:59.742#keyHandled#"Right"
2019-4-23 17:13:00.381#keyHandled#"Right"
2019-4-23 17:13:00.606#change#{"from":{"line":10,"ch":27,"sticky":"before"},"to":{"line":10,"ch":27,"sticky":"before"},"text":["",""],"removed":[""],"origin":"+input"}
2019-4-23 17:13:00.606#change#{"from":{"line":11,"ch":0,"sticky":null},"to":{"line":11,"ch":0,"sticky":null},"text":["\t"],"removed":[""],"origin":"+input"}
2019-4-23 17:13:00.606#keyHandled#"Enter"
2019-4-23 17:13:00.621#viewportChange#0
2019-4-23 17:13:01.373#keyHandled#"Left"
2019-4-23 17:13:01.923#change#{"from":{"line":11,"ch":0,"sticky":"after"},"to":{"line":11,"ch":0,"sticky":"after"},"text":["e"],"removed":[""],"origin":"+input"}
2019-4-23 17:13:02.019#change#{"from":{"line":11,"ch":1,"sticky":null},"to":{"line":11,"ch":1,"sticky":null},"text":["l"],"removed":[""],"origin":"+input"}
2019-4-23 17:13:02.242#change#{"from":{"line":11,"ch":2,"sticky":null},"to":{"line":11,"ch":2,"sticky":null},"text":["i"],"removed":[""],"origin":"+input"}
2019-4-23 17:13:02.466#change#{"from":{"line":11,"ch":3,"sticky":null},"to":{"line":11,"ch":3,"sticky":null},"text":["f"],"removed":[""],"origin":"+input"}
2019-4-23 17:13:03.217#change#{"from":{"line":11,"ch":4,"sticky":null},"to":{"line":11,"ch":4,"sticky":null},"text":["()"],"removed":[""],"origin":"+input"}
2019-4-23 17:13:03.217#keyHandled#"'('"
2019-4-23 17:13:04.291#change#{"from":{"line":11,"ch":5,"sticky":"after"},"to":{"line":11,"ch":5,"sticky":"after"},"text":["c"],"removed":[""],"origin":"+input"}
2019-4-23 17:13:10.019#change#{"from":{"line":11,"ch":6,"sticky":null},"to":{"line":11,"ch":6,"sticky":null},"text":[" "],"removed":[""],"origin":"+input"}
2019-4-23 17:13:10.562#change#{"from":{"line":11,"ch":7,"sticky":null},"to":{"line":11,"ch":7,"sticky":null},"text":[">"],"removed":[""],"origin":"+input"}
2019-4-23 17:13:10.770#change#{"from":{"line":11,"ch":8,"sticky":null},"to":{"line":11,"ch":8,"sticky":null},"text":[" "],"removed":[""],"origin":"+input"}
2019-4-23 17:13:11.058#change#{"from":{"line":11,"ch":9,"sticky":null},"to":{"line":11,"ch":9,"sticky":null},"text":["0"],"removed":[""],"origin":"+input"}
2019-4-23 17:13:11.870#keyHandled#"Right"
2019-4-23 17:13:12.515#change#{"from":{"line":11,"ch":11,"sticky":"before"},"to":{"line":11,"ch":11,"sticky":"before"},"text":[":"],"removed":[""],"origin":"+input"}
2019-4-23 17:13:12.947#change#{"from":{"line":11,"ch":12,"sticky":null},"to":{"line":11,"ch":12,"sticky":null},"text":[" "],"removed":[""],"origin":"+input"}
2019-4-23 17:13:13.546#change#{"from":{"line":11,"ch":12,"sticky":"after"},"to":{"line":11,"ch":13,"sticky":null},"text":[""],"removed":[" "],"origin":"+delete"}
2019-4-23 17:13:13.546#keyHandled#"Backspace"
2019-4-23 17:13:14.015#change#{"from":{"line":11,"ch":12,"sticky":null},"to":{"line":11,"ch":12,"sticky":null},"text":["",""],"removed":[""],"origin":"+input"}
2019-4-23 17:13:14.015#keyHandled#"Enter"
2019-4-23 17:13:14.029#viewportChange#0
2019-4-23 17:13:14.739#change#{"from":{"line":12,"ch":1,"sticky":null},"to":{"line":12,"ch":1,"sticky":null},"text":["p"],"removed":[""],"origin":"+input"}
2019-4-23 17:13:14.915#change#{"from":{"line":12,"ch":2,"sticky":null},"to":{"line":12,"ch":2,"sticky":null},"text":["r"],"removed":[""],"origin":"+input"}
2019-4-23 17:13:15.122#change#{"from":{"line":12,"ch":3,"sticky":null},"to":{"line":12,"ch":3,"sticky":null},"text":["i"],"removed":[""],"origin":"+input"}
2019-4-23 17:13:15.347#change#{"from":{"line":12,"ch":4,"sticky":null},"to":{"line":12,"ch":4,"sticky":null},"text":["n"],"removed":[""],"origin":"+input"}
2019-4-23 17:13:15.475#change#{"from":{"line":12,"ch":5,"sticky":null},"to":{"line":12,"ch":5,"sticky":null},"text":["t"],"removed":[""],"origin":"+input"}
2019-4-23 17:13:16.114#change#{"from":{"line":12,"ch":6,"sticky":null},"to":{"line":12,"ch":6,"sticky":null},"text":["()"],"removed":[""],"origin":"+input"}
2019-4-23 17:13:16.114#keyHandled#"'('"
2019-4-23 17:13:16.803#change#{"from":{"line":12,"ch":7,"sticky":"after"},"to":{"line":12,"ch":7,"sticky":"after"},"text":["\"\""],"removed":[""],"origin":"+input"}
2019-4-23 17:13:16.803#keyHandled#"'\"'"
2019-4-23 17:13:17.282#change#{"from":{"line":12,"ch":8,"sticky":"after"},"to":{"line":12,"ch":8,"sticky":"after"},"text":["A"],"removed":[""],"origin":"+input"}
2019-4-23 17:13:17.747#change#{"from":{"line":12,"ch":9,"sticky":null},"to":{"line":12,"ch":9,"sticky":null},"text":[" "],"removed":[""],"origin":"+input"}
2019-4-23 17:13:17.971#change#{"from":{"line":12,"ch":10,"sticky":null},"to":{"line":12,"ch":10,"sticky":null},"text":["e"],"removed":[""],"origin":"+input"}
2019-4-23 17:13:18.163#change#{"from":{"line":12,"ch":11,"sticky":null},"to":{"line":12,"ch":11,"sticky":null},"text":["s"],"removed":[""],"origin":"+input"}
2019-4-23 17:13:18.418#change#{"from":{"line":12,"ch":12,"sticky":null},"to":{"line":12,"ch":12,"sticky":null},"text":["q"],"removed":[""],"origin":"+input"}
2019-4-23 17:13:18.610#change#{"from":{"line":12,"ch":13,"sticky":null},"to":{"line":12,"ch":13,"sticky":null},"text":["u"],"removed":[""],"origin":"+input"}
2019-4-23 17:13:18.739#change#{"from":{"line":12,"ch":14,"sticky":null},"to":{"line":12,"ch":14,"sticky":null},"text":["e"],"removed":[""],"origin":"+input"}
2019-4-23 17:13:19.027#change#{"from":{"line":12,"ch":15,"sticky":null},"to":{"line":12,"ch":15,"sticky":null},"text":["r"],"removed":[""],"origin":"+input"}
2019-4-23 17:13:19.238#change#{"from":{"line":12,"ch":16,"sticky":null},"to":{"line":12,"ch":16,"sticky":null},"text":["a"],"removed":[""],"origin":"+input"}
2019-4-23 17:13:19.491#change#{"from":{"line":12,"ch":17,"sticky":null},"to":{"line":12,"ch":17,"sticky":null},"text":["d"],"removed":[""],"origin":"+input"}
2019-4-23 17:13:19.742#change#{"from":{"line":12,"ch":17,"sticky":"after"},"to":{"line":12,"ch":18,"sticky":null},"text":[""],"removed":["d"],"origin":"+delete"}
2019-4-23 17:13:19.742#keyHandled#"Backspace"
2019-4-23 17:13:19.966#change#{"from":{"line":12,"ch":16,"sticky":"after"},"to":{"line":12,"ch":17,"sticky":null},"text":[""],"removed":["a"],"origin":"+delete"}
2019-4-23 17:13:19.966#keyHandled#"Backspace"
2019-4-23 17:13:20.083#change#{"from":{"line":12,"ch":16,"sticky":null},"to":{"line":12,"ch":16,"sticky":null},"text":["d"],"removed":[""],"origin":"+input"}
2019-4-23 17:13:20.179#change#{"from":{"line":12,"ch":17,"sticky":null},"to":{"line":12,"ch":17,"sticky":null},"text":["a"],"removed":[""],"origin":"+input"}
2019-4-23 17:13:20.387#change#{"from":{"line":12,"ch":18,"sticky":null},"to":{"line":12,"ch":18,"sticky":null},"text":[" "],"removed":[""],"origin":"+input"}
2019-4-23 17:13:20.995#change#{"from":{"line":12,"ch":19,"sticky":null},"to":{"line":12,"ch":19,"sticky":null},"text":["d"],"removed":[""],"origin":"+input"}
2019-4-23 17:13:21.363#change#{"from":{"line":12,"ch":20,"sticky":null},"to":{"line":12,"ch":20,"sticky":null},"text":["a"],"removed":[""],"origin":"+input"}
2019-4-23 17:13:21.523#change#{"from":{"line":12,"ch":21,"sticky":null},"to":{"line":12,"ch":21,"sticky":null},"text":[" "],"removed":[""],"origin":"+input"}
2019-4-23 17:13:21.811#change#{"from":{"line":12,"ch":22,"sticky":null},"to":{"line":12,"ch":22,"sticky":null},"text":["r"],"removed":[""],"origin":"+input"}
2019-4-23 17:13:21.891#change#{"from":{"line":12,"ch":23,"sticky":null},"to":{"line":12,"ch":23,"sticky":null},"text":["e"],"removed":[""],"origin":"+input"}
2019-4-23 17:13:22.547#change#{"from":{"line":12,"ch":24,"sticky":null},"to":{"line":12,"ch":24,"sticky":null},"text":["t"],"removed":[""],"origin":"+input"}
2019-4-23 17:13:22.659#change#{"from":{"line":12,"ch":25,"sticky":null},"to":{"line":12,"ch":25,"sticky":null},"text":["a"],"removed":[""],"origin":"+input"}
2019-4-23 17:13:23.088#keyHandled#"Right"
2019-4-23 17:13:23.455#keyHandled#"Right"
2019-4-23 17:13:23.743#change#{"from":{"line":12,"ch":28,"sticky":"before"},"to":{"line":12,"ch":28,"sticky":"before"},"text":["",""],"removed":[""],"origin":"+input"}
2019-4-23 17:13:23.743#change#{"from":{"line":13,"ch":0,"sticky":null},"to":{"line":13,"ch":0,"sticky":null},"text":["\t"],"removed":[""],"origin":"+input"}
2019-4-23 17:13:23.743#keyHandled#"Enter"
2019-4-23 17:13:23.757#viewportChange#0
2019-4-23 17:13:24.126#keyHandled#"Left"
2019-4-23 17:13:24.580#change#{"from":{"line":13,"ch":0,"sticky":"after"},"to":{"line":13,"ch":0,"sticky":"after"},"text":["e"],"removed":[""],"origin":"+input"}
2019-4-23 17:13:24.723#change#{"from":{"line":13,"ch":1,"sticky":null},"to":{"line":13,"ch":1,"sticky":null},"text":["l"],"removed":[""],"origin":"+input"}
2019-4-23 17:13:24.979#change#{"from":{"line":13,"ch":2,"sticky":null},"to":{"line":13,"ch":2,"sticky":null},"text":["i"],"removed":[""],"origin":"+input"}
2019-4-23 17:13:25.187#change#{"from":{"line":13,"ch":3,"sticky":null},"to":{"line":13,"ch":3,"sticky":null},"text":["f"],"removed":[""],"origin":"+input"}
2019-4-23 17:13:26.466#change#{"from":{"line":13,"ch":4,"sticky":null},"to":{"line":13,"ch":4,"sticky":null},"text":["()"],"removed":[""],"origin":"+input"}
2019-4-23 17:13:26.466#keyHandled#"'('"
2019-4-23 17:13:42.484#change#{"from":{"line":13,"ch":5,"sticky":"after"},"to":{"line":13,"ch":5,"sticky":"after"},"text":["c"],"removed":[""],"origin":"+input"}
2019-4-23 17:13:42.755#change#{"from":{"line":13,"ch":6,"sticky":null},"to":{"line":13,"ch":6,"sticky":null},"text":[" "],"removed":[""],"origin":"+input"}
2019-4-23 17:13:42.979#change#{"from":{"line":13,"ch":7,"sticky":null},"to":{"line":13,"ch":7,"sticky":null},"text":["="],"removed":[""],"origin":"+input"}
2019-4-23 17:13:43.123#change#{"from":{"line":13,"ch":8,"sticky":null},"to":{"line":13,"ch":8,"sticky":null},"text":["="],"removed":[""],"origin":"+input"}
2019-4-23 17:13:43.427#change#{"from":{"line":13,"ch":9,"sticky":null},"to":{"line":13,"ch":9,"sticky":null},"text":[" "],"removed":[""],"origin":"+input"}
2019-4-23 17:13:43.715#change#{"from":{"line":13,"ch":10,"sticky":null},"to":{"line":13,"ch":10,"sticky":null},"text":["0"],"removed":[""],"origin":"+input"}
2019-4-23 17:13:44.804#change#{"from":{"line":13,"ch":12,"sticky":"before"},"to":{"line":13,"ch":12,"sticky":"before"},"text":[":"],"removed":[""],"origin":"+input"}
2019-4-23 17:13:44.981#change#{"from":{"line":13,"ch":13,"sticky":null},"to":{"line":13,"ch":13,"sticky":null},"text":["",""],"removed":[""],"origin":"+input"}
2019-4-23 17:13:44.997#viewportChange#0
2019-4-23 17:13:46.559#change#{"from":{"line":14,"ch":0,"sticky":null},"to":{"line":14,"ch":0,"sticky":null},"text":["\t"],"removed":[""],"origin":"+input"}
2019-4-23 17:13:46.559#keyHandled#"Tab"
2019-4-23 17:13:47.123#change#{"from":{"line":14,"ch":1,"sticky":null},"to":{"line":14,"ch":1,"sticky":null},"text":["p"],"removed":[""],"origin":"+input"}
2019-4-23 17:13:47.315#change#{"from":{"line":14,"ch":2,"sticky":null},"to":{"line":14,"ch":2,"sticky":null},"text":["r"],"removed":[""],"origin":"+input"}
2019-4-23 17:13:47.459#change#{"from":{"line":14,"ch":3,"sticky":null},"to":{"line":14,"ch":3,"sticky":null},"text":["i"],"removed":[""],"origin":"+input"}
2019-4-23 17:13:47.667#change#{"from":{"line":14,"ch":4,"sticky":null},"to":{"line":14,"ch":4,"sticky":null},"text":["n"],"removed":[""],"origin":"+input"}
2019-4-23 17:13:47.828#change#{"from":{"line":14,"ch":5,"sticky":null},"to":{"line":14,"ch":5,"sticky":null},"text":["t"],"removed":[""],"origin":"+input"}
2019-4-23 17:13:48.531#change#{"from":{"line":14,"ch":6,"sticky":null},"to":{"line":14,"ch":6,"sticky":null},"text":["()"],"removed":[""],"origin":"+input"}
2019-4-23 17:13:48.531#keyHandled#"'('"
2019-4-23 17:13:49.315#change#{"from":{"line":14,"ch":7,"sticky":"after"},"to":{"line":14,"ch":7,"sticky":"after"},"text":["\"\""],"removed":[""],"origin":"+input"}
2019-4-23 17:13:49.315#keyHandled#"'\"'"
2019-4-23 17:13:49.939#change#{"from":{"line":14,"ch":8,"sticky":"after"},"to":{"line":14,"ch":8,"sticky":"after"},"text":["S"],"removed":[""],"origin":"+input"}
2019-4-23 17:13:50.530#change#{"from":{"line":14,"ch":9,"sticky":null},"to":{"line":14,"ch":9,"sticky":null},"text":["o"],"removed":[""],"origin":"+input"}
2019-4-23 17:13:50.819#change#{"from":{"line":14,"ch":10,"sticky":null},"to":{"line":14,"ch":10,"sticky":null},"text":["b"],"removed":[""],"origin":"+input"}
2019-4-23 17:13:50.979#change#{"from":{"line":14,"ch":11,"sticky":null},"to":{"line":14,"ch":11,"sticky":null},"text":["r"],"removed":[""],"origin":"+input"}
2019-4-23 17:13:51.076#change#{"from":{"line":14,"ch":12,"sticky":null},"to":{"line":14,"ch":12,"sticky":null},"text":["e"],"removed":[""],"origin":"+input"}
2019-4-23 17:13:51.316#change#{"from":{"line":14,"ch":13,"sticky":null},"to":{"line":14,"ch":13,"sticky":null},"text":[" "],"removed":[""],"origin":"+input"}
2019-4-23 17:13:51.522#change#{"from":{"line":14,"ch":14,"sticky":null},"to":{"line":14,"ch":14,"sticky":null},"text":["a"],"removed":[""],"origin":"+input"}
2019-4-23 17:13:51.620#change#{"from":{"line":14,"ch":15,"sticky":null},"to":{"line":14,"ch":15,"sticky":null},"text":[" "],"removed":[""],"origin":"+input"}
2019-4-23 17:13:52.035#change#{"from":{"line":14,"ch":16,"sticky":null},"to":{"line":14,"ch":16,"sticky":null},"text":["r"],"removed":[""],"origin":"+input"}
2019-4-23 17:13:52.148#change#{"from":{"line":14,"ch":17,"sticky":null},"to":{"line":14,"ch":17,"sticky":null},"text":["e"],"removed":[""],"origin":"+input"}
2019-4-23 17:13:52.404#change#{"from":{"line":14,"ch":18,"sticky":null},"to":{"line":14,"ch":18,"sticky":null},"text":["t"],"removed":[""],"origin":"+input"}
2019-4-23 17:13:52.516#change#{"from":{"line":14,"ch":19,"sticky":null},"to":{"line":14,"ch":19,"sticky":null},"text":["a"],"removed":[""],"origin":"+input"}
2019-4-23 17:13:52.035#change#{"from":{"line":14,"ch":16,"sticky":null},"to":{"line":14,"ch":16,"sticky":null},"text":["r"],"removed":[""],"origin":"+input"}
2019-4-23 17:13:52.148#change#{"from":{"line":14,"ch":17,"sticky":null},"to":{"line":14,"ch":17,"sticky":null},"text":["e"],"removed":[""],"origin":"+input"}
2019-4-23 17:13:52.404#change#{"from":{"line":14,"ch":18,"sticky":null},"to":{"line":14,"ch":18,"sticky":null},"text":["t"],"removed":[""],"origin":"+input"}
2019-4-23 17:13:52.516#change#{"from":{"line":14,"ch":19,"sticky":null},"to":{"line":14,"ch":19,"sticky":null},"text":["a"],"removed":[""],"origin":"+input"}
2019-4-23 17:13:54.955#saida_testar#$ python3 main.py
2019-4-23 17:13:55.676#blur#
2019-4-23 17:13:55.676#blur#
2019-4-23 17:16:09.120#submit#Your code did not produce the correct output. Please, correct your code and try again.
2019-4-23 17:17:26.844#mousedown#{"isTrusted":true}
2019-4-23 17:17:26.998#focus#
2019-4-23 17:17:28.022#change#{"from":{"line":0,"ch":0,"sticky":"after"},"to":{"line":0,"ch":1,"sticky":"after","xRel":3.4000244140625},"text":[""],"removed":["x"],"origin":"+delete"}
2019-4-23 17:17:28.022#keyHandled#"Backspace"
2019-4-23 17:17:30.570#change#{"from":{"line":0,"ch":0,"sticky":null},"to":{"line":0,"ch":0,"sticky":null},"text":["p"],"removed":[""],"origin":"+input"}
2019-4-23 17:17:31.077#keyHandled#"Down"
2019-4-23 17:17:41.046#mousedown#{"isTrusted":true}
2019-4-23 17:17:42.245#change#{"from":{"line":1,"ch":24,"sticky":"after","xRel":1.4000244140625},"to":{"line":1,"ch":25,"sticky":"before"},"text":[""],"removed":["x"],"origin":"+delete"}
2019-4-23 17:17:42.245#keyHandled#"Delete"
2019-4-23 17:17:43.562#change#{"from":{"line":1,"ch":24,"sticky":null},"to":{"line":1,"ch":24,"sticky":null},"text":["y"],"removed":[""],"origin":"+input"}
2019-4-23 17:17:45.973#change#{"from":{"line":1,"ch":25,"sticky":null},"to":{"line":1,"ch":26,"sticky":"before"},"text":[""],"removed":["1"],"origin":"+delete"}
2019-4-23 17:17:45.973#keyHandled#"Delete"
2019-4-23 17:17:46.474#change#{"from":{"line":1,"ch":25,"sticky":null},"to":{"line":1,"ch":25,"sticky":null},"text":["0"],"removed":[""],"origin":"+input"}
2019-4-23 17:17:48.292#mousedown#{"isTrusted":true}
2019-4-23 17:17:49.205#keyHandled#"Left"
2019-4-23 17:17:49.573#change#{"from":{"line":1,"ch":1,"sticky":"after"},"to":{"line":1,"ch":2,"sticky":"after"},"text":[""],"removed":["1"],"origin":"+delete"}
2019-4-23 17:17:49.573#keyHandled#"Backspace"
2019-4-23 17:17:49.989#change#{"from":{"line":1,"ch":0,"sticky":"after"},"to":{"line":1,"ch":1,"sticky":null},"text":[""],"removed":["x"],"origin":"+delete"}
2019-4-23 17:17:49.989#keyHandled#"Backspace"
2019-4-23 17:17:50.858#change#{"from":{"line":1,"ch":0,"sticky":null},"to":{"line":1,"ch":0,"sticky":null},"text":["p"],"removed":[""],"origin":"+input"}
2019-4-23 17:17:51.850#change#{"from":{"line":1,"ch":1,"sticky":null},"to":{"line":1,"ch":1,"sticky":null},"text":["_"],"removed":[""],"origin":"+input"}
2019-4-23 17:17:52.666#change#{"from":{"line":1,"ch":2,"sticky":null},"to":{"line":1,"ch":2,"sticky":null},"text":["0"],"removed":[""],"origin":"+input"}
2019-4-23 17:17:54.597#keyHandled#"Left"
2019-4-23 17:17:55.029#change#{"from":{"line":2,"ch":1,"sticky":"after"},"to":{"line":2,"ch":2,"sticky":"after"},"text":[""],"removed":["2"],"origin":"+delete"}
2019-4-23 17:17:55.029#keyHandled#"Backspace"
2019-4-23 17:17:55.205#change#{"from":{"line":2,"ch":0,"sticky":"after"},"to":{"line":2,"ch":1,"sticky":null},"text":[""],"removed":["x"],"origin":"+delete"}
2019-4-23 17:17:55.205#keyHandled#"Backspace"
2019-4-23 17:17:55.914#change#{"from":{"line":2,"ch":0,"sticky":null},"to":{"line":2,"ch":0,"sticky":null},"text":["p"],"removed":[""],"origin":"+input"}
2019-4-23 17:17:57.130#change#{"from":{"line":2,"ch":1,"sticky":null},"to":{"line":2,"ch":1,"sticky":null},"text":["1"],"removed":[""],"origin":"+input"}
2019-4-23 17:17:58.277#keyHandled#"Down"
2019-4-23 17:17:58.629#change#{"from":{"line":3,"ch":1,"sticky":"after"},"to":{"line":3,"ch":2,"sticky":"after","xRel":0},"text":[""],"removed":["0"],"origin":"+delete"}
2019-4-23 17:17:58.629#keyHandled#"Backspace"
2019-4-23 17:17:58.869#change#{"from":{"line":3,"ch":0,"sticky":"after"},"to":{"line":3,"ch":1,"sticky":null},"text":[""],"removed":["y"],"origin":"+delete"}
2019-4-23 17:17:58.869#keyHandled#"Backspace"
2019-4-23 17:17:59.531#change#{"from":{"line":3,"ch":0,"sticky":null},"to":{"line":3,"ch":0,"sticky":null},"text":["p"],"removed":[""],"origin":"+input"}
2019-4-23 17:18:01.050#change#{"from":{"line":3,"ch":1,"sticky":null},"to":{"line":3,"ch":1,"sticky":null},"text":["_"],"removed":[""],"origin":"+input"}
2019-4-23 17:18:02.122#change#{"from":{"line":3,"ch":2,"sticky":null},"to":{"line":3,"ch":2,"sticky":null},"text":["1"],"removed":[""],"origin":"+input"}
2019-4-23 17:18:02.613#keyHandled#"Down"
2019-4-23 17:18:02.981#keyHandled#"Left"
2019-4-23 17:18:03.253#change#{"from":{"line":4,"ch":1,"sticky":"after"},"to":{"line":4,"ch":2,"sticky":"after"},"text":[""],"removed":["1"],"origin":"+delete"}
2019-4-23 17:18:03.253#keyHandled#"Backspace"
2019-4-23 17:18:03.461#change#{"from":{"line":4,"ch":0,"sticky":"after"},"to":{"line":4,"ch":1,"sticky":null},"text":[""],"removed":["y"],"origin":"+delete"}
2019-4-23 17:18:03.461#keyHandled#"Backspace"
2019-4-23 17:18:04.154#change#{"from":{"line":4,"ch":0,"sticky":null},"to":{"line":4,"ch":0,"sticky":null},"text":["p"],"removed":[""],"origin":"+input"}
2019-4-23 17:18:04.666#change#{"from":{"line":4,"ch":1,"sticky":null},"to":{"line":4,"ch":1,"sticky":null},"text":["2"],"removed":[""],"origin":"+input"}
2019-4-23 17:18:04.853#keyHandled#"Down"
2019-4-23 17:18:05.301#change#{"from":{"line":5,"ch":1,"sticky":"after"},"to":{"line":5,"ch":2,"sticky":"after","xRel":0},"text":[""],"removed":["2"],"origin":"+delete"}
2019-4-23 17:18:05.301#keyHandled#"Backspace"
2019-4-23 17:18:05.750#change#{"from":{"line":5,"ch":0,"sticky":"after"},"to":{"line":5,"ch":1,"sticky":null},"text":[""],"removed":["y"],"origin":"+delete"}
2019-4-23 17:18:05.750#keyHandled#"Backspace"
2019-4-23 17:18:06.392#change#{"from":{"line":5,"ch":0,"sticky":null},"to":{"line":5,"ch":0,"sticky":null},"text":["p"],"removed":[""],"origin":"+input"}
2019-4-23 17:18:07.034#change#{"from":{"line":5,"ch":1,"sticky":null},"to":{"line":5,"ch":1,"sticky":null},"text":["_"],"removed":[""],"origin":"+input"}
2019-4-23 17:18:07.802#change#{"from":{"line":5,"ch":2,"sticky":null},"to":{"line":5,"ch":2,"sticky":null},"text":["2"],"removed":[""],"origin":"+input"}
2019-4-23 17:18:10.439#mousedown#{"isTrusted":true}
2019-4-23 17:18:11.398#change#{"from":{"line":2,"ch":25,"sticky":"after"},"to":{"line":2,"ch":26,"sticky":"before","xRel":-0.5999755859375},"text":[""],"removed":["2"],"origin":"+delete"}
2019-4-23 17:18:11.398#keyHandled#"Backspace"
2019-4-23 17:18:11.963#change#{"from":{"line":2,"ch":25,"sticky":null},"to":{"line":2,"ch":25,"sticky":null},"text":["1"],"removed":[""],"origin":"+input"}
2019-4-23 17:18:13.030#keyHandled#"Down"
2019-4-23 17:18:13.749#change#{"from":{"line":3,"ch":26,"sticky":"after","xRel":0},"to":{"line":3,"ch":27,"sticky":"before"},"text":[""],"removed":["0"],"origin":"+delete"}
2019-4-23 17:18:13.749#keyHandled#"Delete"
2019-4-23 17:18:16.778#change#{"from":{"line":3,"ch":26,"sticky":null},"to":{"line":3,"ch":26,"sticky":null},"text":["2"],"removed":[""],"origin":"+input"}
2019-4-23 17:18:19.526#change#{"from":{"line":3,"ch":26,"sticky":"after"},"to":{"line":3,"ch":27,"sticky":null},"text":[""],"removed":["2"],"origin":"+delete"}
2019-4-23 17:18:19.526#keyHandled#"Backspace"
2019-4-23 17:18:20.203#change#{"from":{"line":3,"ch":26,"sticky":null},"to":{"line":3,"ch":26,"sticky":null},"text":["1"],"removed":[""],"origin":"+input"}
2019-4-23 17:18:20.726#keyHandled#"Down"
2019-4-23 17:18:21.046#keyHandled#"Left"
2019-4-23 17:18:22.117#keyHandled#"Left"
2019-4-23 17:18:22.518#change#{"from":{"line":4,"ch":24,"sticky":"after"},"to":{"line":4,"ch":25,"sticky":"after"},"text":[""],"removed":["y"],"origin":"+delete"}
2019-4-23 17:18:22.518#keyHandled#"Backspace"
2019-4-23 17:18:23.126#change#{"from":{"line":4,"ch":24,"sticky":null},"to":{"line":4,"ch":25,"sticky":"before"},"text":[""],"removed":["1"],"origin":"+delete"}
2019-4-23 17:18:23.126#keyHandled#"Delete"
2019-4-23 17:18:23.995#change#{"from":{"line":4,"ch":24,"sticky":null},"to":{"line":4,"ch":24,"sticky":null},"text":["x"],"removed":[""],"origin":"+input"}
2019-4-23 17:18:24.538#change#{"from":{"line":4,"ch":25,"sticky":null},"to":{"line":4,"ch":25,"sticky":null},"text":["2"],"removed":[""],"origin":"+input"}
2019-4-23 17:18:31.077#mousedown#{"isTrusted":true}
2019-4-23 17:18:32.199#keyHandled#"Right"
2019-4-23 17:18:34.150#change#{"from":{"line":7,"ch":6,"sticky":"after"},"to":{"line":7,"ch":7,"sticky":"before","xRel":-3.5999755859375},"text":[""],"removed":["1"],"origin":"+delete"}
2019-4-23 17:18:34.150#keyHandled#"Backspace"
2019-4-23 17:18:35.095#change#{"from":{"line":7,"ch":5,"sticky":"after"},"to":{"line":7,"ch":6,"sticky":null},"text":[""],"removed":["x"],"origin":"+delete"}
2019-4-23 17:18:35.095#keyHandled#"Backspace"
2019-4-23 17:18:39.180#change#{"from":{"line":7,"ch":5,"sticky":null},"to":{"line":7,"ch":5,"sticky":null},"text":["p"],"removed":[""],"origin":"+input"}
2019-4-23 17:18:39.579#change#{"from":{"line":7,"ch":6,"sticky":null},"to":{"line":7,"ch":6,"sticky":null},"text":["1"],"removed":[""],"origin":"+input"}
2019-4-23 17:18:40.150#keyHandled#"Right"
2019-4-23 17:18:40.486#keyHandled#"Right"
2019-4-23 17:18:40.726#keyHandled#"Right"
2019-4-23 17:18:41.350#change#{"from":{"line":7,"ch":10,"sticky":"before"},"to":{"line":7,"ch":11,"sticky":"before"},"text":[""],"removed":["x"],"origin":"+delete"}
2019-4-23 17:18:41.350#keyHandled#"Delete"
2019-4-23 17:18:41.622#change#{"from":{"line":7,"ch":10,"sticky":null},"to":{"line":7,"ch":11,"sticky":"before"},"text":[""],"removed":["0"],"origin":"+delete"}
2019-4-23 17:18:41.622#keyHandled#"Delete"
2019-4-23 17:18:42.283#change#{"from":{"line":7,"ch":10,"sticky":null},"to":{"line":7,"ch":10,"sticky":null},"text":["p"],"removed":[""],"origin":"+input"}
2019-4-23 17:18:43.419#change#{"from":{"line":7,"ch":11,"sticky":null},"to":{"line":7,"ch":11,"sticky":null},"text":["0"],"removed":[""],"origin":"+input"}
2019-4-23 17:18:43.830#keyHandled#"Right"
2019-4-23 17:18:44.038#keyHandled#"Right"
2019-4-23 17:18:44.470#keyHandled#"Right"
2019-4-23 17:18:44.662#keyHandled#"Right"
2019-4-23 17:18:44.854#keyHandled#"Right"
2019-4-23 17:18:46.518#change#{"from":{"line":7,"ch":17,"sticky":"before"},"to":{"line":7,"ch":18,"sticky":"before"},"text":[""],"removed":["y"],"origin":"+delete"}
2019-4-23 17:18:46.518#keyHandled#"Delete"
2019-4-23 17:18:46.822#change#{"from":{"line":7,"ch":17,"sticky":null},"to":{"line":7,"ch":18,"sticky":"before"},"text":[""],"removed":["2"],"origin":"+delete"}
2019-4-23 17:18:46.822#keyHandled#"Delete"
2019-4-23 17:18:47.675#change#{"from":{"line":7,"ch":17,"sticky":null},"to":{"line":7,"ch":17,"sticky":null},"text":["p"],"removed":[""],"origin":"+input"}
2019-4-23 17:18:48.283#change#{"from":{"line":7,"ch":18,"sticky":null},"to":{"line":7,"ch":18,"sticky":null},"text":["_"],"removed":[""],"origin":"+input"}
2019-4-23 17:18:49.161#change#{"from":{"line":7,"ch":19,"sticky":null},"to":{"line":7,"ch":19,"sticky":null},"text":["3"],"removed":[""],"origin":"+input"}
2019-4-23 17:18:49.958#change#{"from":{"line":7,"ch":19,"sticky":"after"},"to":{"line":7,"ch":20,"sticky":null},"text":[""],"removed":["3"],"origin":"+delete"}
2019-4-23 17:18:49.958#keyHandled#"Backspace"
2019-4-23 17:18:50.492#change#{"from":{"line":7,"ch":19,"sticky":null},"to":{"line":7,"ch":19,"sticky":null},"text":["2"],"removed":[""],"origin":"+input"}
2019-4-23 17:18:51.094#keyHandled#"Right"
2019-4-23 17:18:51.430#keyHandled#"Right"
2019-4-23 17:18:51.670#keyHandled#"Right"
2019-4-23 17:18:53.014#change#{"from":{"line":7,"ch":23,"sticky":"before"},"to":{"line":7,"ch":24,"sticky":"before"},"text":[""],"removed":["y"],"origin":"+delete"}
2019-4-23 17:18:53.015#keyHandled#"Delete"
2019-4-23 17:18:53.478#change#{"from":{"line":7,"ch":23,"sticky":null},"to":{"line":7,"ch":24,"sticky":"before"},"text":[""],"removed":["0"],"origin":"+delete"}
2019-4-23 17:18:53.478#keyHandled#"Delete"
2019-4-23 17:18:55.595#change#{"from":{"line":7,"ch":24,"sticky":null},"to":{"line":7,"ch":24,"sticky":null},"text":["_"],"removed":[""],"origin":"+input"}
2019-4-23 17:18:55.995#change#{"from":{"line":7,"ch":25,"sticky":null},"to":{"line":7,"ch":25,"sticky":null},"text":["0"],"removed":[""],"origin":"+input"}
2019-4-23 17:18:56.582#keyHandled#"Right"
2019-4-23 17:18:56.950#keyHandled#"Right"
2019-4-23 17:18:57.094#keyHandled#"Right"
2019-4-23 17:18:57.270#keyHandled#"Right"
2019-4-23 17:18:58.902#keyHandled#"Right"
2019-4-23 17:18:59.703#change#{"from":{"line":7,"ch":31,"sticky":"before"},"to":{"line":7,"ch":32,"sticky":"before"},"text":[""],"removed":["x"],"origin":"+delete"}
2019-4-23 17:18:59.703#keyHandled#"Delete"
2019-4-23 17:19:00.604#change#{"from":{"line":7,"ch":31,"sticky":null},"to":{"line":7,"ch":31,"sticky":null},"text":["p"],"removed":[""],"origin":"+input"}
2019-4-23 17:19:00.806#keyHandled#"Right"
2019-4-23 17:19:00.998#keyHandled#"Right"
2019-4-23 17:19:01.190#keyHandled#"Right"
2019-4-23 17:19:01.750#keyHandled#"Right"
2019-4-23 17:19:03.031#change#{"from":{"line":7,"ch":36,"sticky":"before"},"to":{"line":7,"ch":37,"sticky":"before"},"text":[""],"removed":["x"],"origin":"+delete"}
2019-4-23 17:19:03.031#keyHandled#"Delete"
2019-4-23 17:19:03.228#change#{"from":{"line":7,"ch":36,"sticky":null},"to":{"line":7,"ch":36,"sticky":null},"text":["p"],"removed":[""],"origin":"+input"}
2019-4-23 17:19:03.510#keyHandled#"Right"
2019-4-23 17:19:04.011#keyHandled#"Right"
2019-4-23 17:19:04.061#keyHandled#"Right"
2019-4-23 17:19:04.358#keyHandled#"Right"
2019-4-23 17:19:04.774#keyHandled#"Right"
2019-4-23 17:19:06.359#keyHandled#"Right"
2019-4-23 17:19:06.679#change#{"from":{"line":7,"ch":43,"sticky":"before"},"to":{"line":7,"ch":44,"sticky":"before"},"text":[""],"removed":["y"],"origin":"+delete"}
2019-4-23 17:19:06.680#keyHandled#"Delete"
2019-4-23 17:19:07.788#change#{"from":{"line":7,"ch":43,"sticky":null},"to":{"line":7,"ch":43,"sticky":null},"text":["p"],"removed":[""],"origin":"+input"}
2019-4-23 17:19:08.204#change#{"from":{"line":7,"ch":44,"sticky":null},"to":{"line":7,"ch":44,"sticky":null},"text":["_"],"removed":[""],"origin":"+input"}
2019-4-23 17:19:09.031#keyHandled#"Right"
2019-4-23 17:19:09.318#keyHandled#"Right"
2019-4-23 17:19:11.976#keyHandled#"Right"
2019-4-23 17:20:06.585#keyHandled#"Right"
2019-4-23 17:20:07.240#change#{"from":{"line":7,"ch":49,"sticky":"before"},"to":{"line":7,"ch":50,"sticky":"before"},"text":[""],"removed":["y"],"origin":"+delete"}
2019-4-23 17:20:07.240#keyHandled#"Delete"
2019-4-23 17:20:08.222#change#{"from":{"line":7,"ch":49,"sticky":null},"to":{"line":7,"ch":49,"sticky":null},"text":["p"],"removed":[""],"origin":"+input"}
2019-4-23 17:20:08.510#change#{"from":{"line":7,"ch":50,"sticky":null},"to":{"line":7,"ch":50,"sticky":null},"text":["_"],"removed":[""],"origin":"+input"}
2019-4-23 17:20:08.222#change#{"from":{"line":7,"ch":49,"sticky":null},"to":{"line":7,"ch":49,"sticky":null},"text":["p"],"removed":[""],"origin":"+input"}
2019-4-23 17:20:08.510#change#{"from":{"line":7,"ch":50,"sticky":null},"to":{"line":7,"ch":50,"sticky":null},"text":["_"],"removed":[""],"origin":"+input"}
2019-4-23 17:20:10.497#saida_testar#$ python3 main.py
2019-4-23 17:20:12.558#blur#
