== SUBMITION (2019-05-01 12:56:16) 
-- CODE:
# Ao testar sua solução, não se limite ao caso de exemplo.
mes=int(input('Digite o numero do mes'))
if (mes > 12) or (mes < 1):
	print('numero de mes invalido')
elif (mes==1):
	print('janeiro')
elif (mes==2):
	print('fevereiro')
elif (mes==3):
	print('marco')
elif (mes==4):
	print('abril')
elif (mes==5):
	print('maio')
elif (mes==6):
	print('junho')
elif (mes==7):
	print('julho')
elif (mes==8):
	print('agosto')
elif (mes==9):
	print('setembro')
elif (mes==10):
	print('outubro')
elif (mes==11):
	print('novembro')	
else:
	print('dezembro')
-- EXECUTION TIME:
0.155016
-- TEST CASE 1:
---- input:
4
---- correct output:
abril
---- user output:
abril
-- TEST CASE 2:
---- input:
5
---- correct output:
maio
---- user output:
maio
-- TEST CASE 3:
---- input:
16
---- correct output:
numero de mes invalido
---- user output:
numero de mes invalido
-- GRADE:
100%
*-*-*-*-*-*-*-*-*-*-*-*-*-*-*-*-*-*-*-*-*-*-*-*
