2019-3-12 17:39:15.175#viewportChange#0
2019-3-12 17:39:51.230#mousedown#{"isTrusted":true}
2019-3-12 17:39:51.237#focus#
2019-3-12 17:39:52.968#keyHandled#"Left"
2019-3-12 17:39:53.438#keyHandled#"Left"
2019-3-12 17:39:53.846#keyHandled#"Right"
2019-3-12 17:39:58.678#keyHandled#"Right"
2019-3-12 17:40:00.854#keyHandled#"Left"
2019-3-12 17:40:01.382#keyHandled#"Left"
2019-3-12 17:40:01.870#keyHandled#"Right"
2019-3-12 17:40:02.287#keyHandled#"Right"
2019-3-12 17:40:03.102#keyHandled#"Right"
2019-3-12 17:40:03.655#keyHandled#"Left"
2019-3-12 17:40:11.027#change#{"from":{"line":0,"ch":7,"sticky":"after"},"to":{"line":0,"ch":8,"sticky":"after"},"text":[""],"removed":[" "],"origin":"+delete"}
2019-3-12 17:40:11.027#keyHandled#"Backspace"
2019-3-12 17:40:12.113#change#{"from":{"line":0,"ch":7,"sticky":null},"to":{"line":0,"ch":7,"sticky":null},"text":[" "],"removed":[""],"origin":"+input"}
2019-3-12 17:40:12.657#change#{"from":{"line":0,"ch":8,"sticky":null},"to":{"line":0,"ch":8,"sticky":null},"text":[" "],"removed":[""],"origin":"+input"}
2019-3-12 17:40:13.072#change#{"from":{"line":0,"ch":9,"sticky":null},"to":{"line":0,"ch":9,"sticky":null},"text":[" "],"removed":[""],"origin":"+input"}
2019-3-12 17:40:19.584#change#{"from":{"line":0,"ch":10,"sticky":null},"to":{"line":0,"ch":10,"sticky":null},"text":["*"],"removed":[""],"origin":"+input"}
2019-3-12 17:40:19.928#change#{"from":{"line":0,"ch":11,"sticky":null},"to":{"line":0,"ch":11,"sticky":null},"text":["*"],"removed":[""],"origin":"+input"}
2019-3-12 17:40:20.288#change#{"from":{"line":0,"ch":12,"sticky":null},"to":{"line":0,"ch":12,"sticky":null},"text":["*"],"removed":[""],"origin":"+input"}
2019-3-12 17:40:20.672#change#{"from":{"line":0,"ch":13,"sticky":null},"to":{"line":0,"ch":13,"sticky":null},"text":["*"],"removed":[""],"origin":"+input"}
2019-3-12 17:40:21.072#change#{"from":{"line":0,"ch":14,"sticky":null},"to":{"line":0,"ch":14,"sticky":null},"text":["*"],"removed":[""],"origin":"+input"}
2019-3-12 17:40:24.495#mousedown#{"isTrusted":true}
2019-3-12 17:40:25.566#mousedown#{"isTrusted":true}
2019-3-12 17:40:30.646#mousedown#{"isTrusted":true}
2019-3-12 17:40:33.511#change#{"from":{"line":0,"ch":9,"sticky":"after"},"to":{"line":0,"ch":10,"sticky":"before","xRel":-2.765625},"text":[""],"removed":[" "],"origin":"+delete"}
2019-3-12 17:40:33.511#keyHandled#"Backspace"
2019-3-12 17:40:33.703#change#{"from":{"line":0,"ch":8,"sticky":"after"},"to":{"line":0,"ch":9,"sticky":null},"text":[""],"removed":[" "],"origin":"+delete"}
2019-3-12 17:40:33.703#keyHandled#"Backspace"
2019-3-12 17:40:34.286#change#{"from":{"line":0,"ch":7,"sticky":"after"},"to":{"line":0,"ch":8,"sticky":null},"text":[""],"removed":[" "],"origin":"+delete"}
2019-3-12 17:40:34.286#keyHandled#"Backspace"
2019-3-12 17:40:38.218#change#{"from":{"line":0,"ch":7,"sticky":null},"to":{"line":0,"ch":7,"sticky":null},"text":[" "],"removed":[""],"origin":"+input"}
2019-3-12 17:40:45.544#change#{"from":{"line":0,"ch":8,"sticky":null},"to":{"line":0,"ch":8,"sticky":null},"text":[" "],"removed":[""],"origin":"+input"}
2019-3-12 17:40:48.030#mousedown#{"isTrusted":true}
2019-3-12 17:40:50.183#keyHandled#"Left"
2019-3-12 17:40:52.167#keyHandled#"Right"
2019-3-12 17:40:54.615#change#{"from":{"line":1,"ch":7,"sticky":"after"},"to":{"line":1,"ch":8,"sticky":"before"},"text":[""],"removed":[" "],"origin":"+delete"}
2019-3-12 17:40:54.615#keyHandled#"Backspace"
2019-3-12 17:40:55.714#change#{"from":{"line":1,"ch":7,"sticky":null},"to":{"line":1,"ch":7,"sticky":null},"text":["()"],"removed":[""],"origin":"+input"}
2019-3-12 17:40:55.714#keyHandled#"'('"
2019-3-12 17:40:59.609#change#{"from":{"line":1,"ch":8,"sticky":"after"},"to":{"line":1,"ch":8,"sticky":"after"},"text":["*"],"removed":[""],"origin":"+input"}
2019-3-12 17:41:01.537#change#{"from":{"line":1,"ch":9,"sticky":null},"to":{"line":1,"ch":9,"sticky":null},"text":[" "],"removed":[""],"origin":"+input"}
2019-3-12 17:41:03.977#change#{"from":{"line":1,"ch":10,"sticky":null},"to":{"line":1,"ch":10,"sticky":null},"text":["o"],"removed":[""],"origin":"+input"}
2019-3-12 17:41:05.697#change#{"from":{"line":1,"ch":11,"sticky":null},"to":{"line":1,"ch":11,"sticky":null},"text":[" "],"removed":[""],"origin":"+input"}
2019-3-12 17:41:06.128#change#{"from":{"line":1,"ch":12,"sticky":null},"to":{"line":1,"ch":12,"sticky":null},"text":["o"],"removed":[""],"origin":"+input"}
2019-3-12 17:41:07.152#change#{"from":{"line":1,"ch":13,"sticky":null},"to":{"line":1,"ch":13,"sticky":null},"text":[" "],"removed":[""],"origin":"+input"}
2019-3-12 17:41:08.065#change#{"from":{"line":1,"ch":14,"sticky":null},"to":{"line":1,"ch":14,"sticky":null},"text":["*"],"removed":[""],"origin":"+input"}
2019-3-12 17:41:18.048#keyHandled#"')'"
2019-3-12 17:41:22.393#mousedown#{"isTrusted":true}
2019-3-12 17:41:28.193#change#{"from":{"line":2,"ch":7,"sticky":"before","xRel":-1.015625},"to":{"line":2,"ch":7,"sticky":"before","xRel":-1.015625},"text":[" "],"removed":[""],"origin":"+input"}
2019-3-12 17:41:29.465#change#{"from":{"line":2,"ch":8,"sticky":null},"to":{"line":2,"ch":8,"sticky":null},"text":["*"],"removed":[""],"origin":"+input"}
2019-3-12 17:41:37.298#change#{"from":{"line":2,"ch":9,"sticky":null},"to":{"line":2,"ch":9,"sticky":null},"text":[" "],"removed":[""],"origin":"+input"}
2019-3-12 17:41:42.681#change#{"from":{"line":2,"ch":10,"sticky":null},"to":{"line":2,"ch":10,"sticky":null},"text":[" "],"removed":[""],"origin":"+input"}
2019-3-12 17:42:05.153#change#{"from":{"line":2,"ch":11,"sticky":null},"to":{"line":2,"ch":11,"sticky":null},"text":[" "],"removed":[""],"origin":"+input"}
2019-3-12 17:42:05.634#change#{"from":{"line":2,"ch":12,"sticky":null},"to":{"line":2,"ch":12,"sticky":null},"text":[" "],"removed":[""],"origin":"+input"}
2019-3-12 17:42:06.002#change#{"from":{"line":2,"ch":13,"sticky":null},"to":{"line":2,"ch":13,"sticky":null},"text":[" "],"removed":[""],"origin":"+input"}
2019-3-12 17:42:07.440#change#{"from":{"line":2,"ch":13,"sticky":"after"},"to":{"line":2,"ch":14,"sticky":null},"text":[""],"removed":[" "],"origin":"+delete"}
2019-3-12 17:42:07.440#keyHandled#"Backspace"
2019-3-12 17:42:07.616#change#{"from":{"line":2,"ch":12,"sticky":"after"},"to":{"line":2,"ch":13,"sticky":null},"text":[""],"removed":[" "],"origin":"+delete"}
2019-3-12 17:42:07.616#keyHandled#"Backspace"
2019-3-12 17:42:07.761#change#{"from":{"line":2,"ch":11,"sticky":"after"},"to":{"line":2,"ch":12,"sticky":null},"text":[""],"removed":[" "],"origin":"+delete"}
2019-3-12 17:42:07.761#keyHandled#"Backspace"
2019-3-12 17:42:08.800#change#{"from":{"line":2,"ch":10,"sticky":"after"},"to":{"line":2,"ch":11,"sticky":null},"text":[""],"removed":[" "],"origin":"+delete"}
2019-3-12 17:42:08.800#keyHandled#"Backspace"
2019-3-12 17:42:09.792#change#{"from":{"line":2,"ch":9,"sticky":"after"},"to":{"line":2,"ch":10,"sticky":null},"text":[""],"removed":[" "],"origin":"+delete"}
2019-3-12 17:42:09.792#keyHandled#"Backspace"
2019-3-12 17:42:23.218#change#{"from":{"line":2,"ch":9,"sticky":null},"to":{"line":2,"ch":9,"sticky":null},"text":[" "],"removed":[""],"origin":"+input"}
2019-3-12 17:42:23.706#change#{"from":{"line":2,"ch":10,"sticky":null},"to":{"line":2,"ch":10,"sticky":null},"text":[" "],"removed":[""],"origin":"+input"}
2019-3-12 17:42:24.242#change#{"from":{"line":2,"ch":11,"sticky":null},"to":{"line":2,"ch":11,"sticky":null},"text":[" "],"removed":[""],"origin":"+input"}
2019-3-12 17:42:25.704#change#{"from":{"line":2,"ch":11,"sticky":"after"},"to":{"line":2,"ch":12,"sticky":null},"text":[""],"removed":[" "],"origin":"+delete"}
2019-3-12 17:42:25.704#keyHandled#"Backspace"
2019-3-12 17:42:31.458#change#{"from":{"line":2,"ch":11,"sticky":null},"to":{"line":2,"ch":11,"sticky":null},"text":["^"],"removed":[""],"origin":"+input"}
2019-3-12 17:42:35.578#change#{"from":{"line":2,"ch":12,"sticky":null},"to":{"line":2,"ch":12,"sticky":null},"text":[" "],"removed":[""],"origin":"+input"}
2019-3-12 17:42:36.178#change#{"from":{"line":2,"ch":13,"sticky":null},"to":{"line":2,"ch":13,"sticky":null},"text":[" "],"removed":[""],"origin":"+input"}
2019-3-12 17:42:39.242#change#{"from":{"line":2,"ch":14,"sticky":null},"to":{"line":2,"ch":14,"sticky":null},"text":["*"],"removed":[""],"origin":"+input"}
2019-3-12 17:42:42.982#mousedown#{"isTrusted":true}
2019-3-12 17:42:45.490#change#{"from":{"line":3,"ch":7,"sticky":"after","xRel":1.984375},"to":{"line":3,"ch":7,"sticky":"after","xRel":1.984375},"text":[" "],"removed":[""],"origin":"+input"}
2019-3-12 17:42:48.018#change#{"from":{"line":3,"ch":8,"sticky":null},"to":{"line":3,"ch":8,"sticky":null},"text":["*"],"removed":[""],"origin":"+input"}
2019-3-12 17:42:51.811#change#{"from":{"line":3,"ch":9,"sticky":null},"to":{"line":3,"ch":9,"sticky":null},"text":["-"],"removed":[""],"origin":"+input"}
2019-3-12 17:42:53.506#change#{"from":{"line":3,"ch":10,"sticky":null},"to":{"line":3,"ch":10,"sticky":null},"text":["-"],"removed":[""],"origin":"+input"}
2019-3-12 17:42:56.496#change#{"from":{"line":3,"ch":10,"sticky":"after"},"to":{"line":3,"ch":11,"sticky":null},"text":[""],"removed":["-"],"origin":"+delete"}
2019-3-12 17:42:56.496#keyHandled#"Backspace"
2019-3-12 17:42:56.794#change#{"from":{"line":3,"ch":9,"sticky":"after"},"to":{"line":3,"ch":10,"sticky":null},"text":[""],"removed":["-"],"origin":"+delete"}
2019-3-12 17:42:56.794#keyHandled#"Backspace"
2019-3-12 17:43:00.947#change#{"from":{"line":3,"ch":9,"sticky":null},"to":{"line":3,"ch":9,"sticky":null},"text":[" "],"removed":[""],"origin":"+input"}
2019-3-12 17:43:02.035#change#{"from":{"line":3,"ch":10,"sticky":null},"to":{"line":3,"ch":10,"sticky":null},"text":["-"],"removed":[""],"origin":"+input"}
2019-3-12 17:43:03.378#change#{"from":{"line":3,"ch":11,"sticky":null},"to":{"line":3,"ch":11,"sticky":null},"text":["-"],"removed":[""],"origin":"+input"}
2019-3-12 17:43:03.666#change#{"from":{"line":3,"ch":12,"sticky":null},"to":{"line":3,"ch":12,"sticky":null},"text":["-"],"removed":[""],"origin":"+input"}
2019-3-12 17:43:04.458#change#{"from":{"line":3,"ch":13,"sticky":null},"to":{"line":3,"ch":13,"sticky":null},"text":[" "],"removed":[""],"origin":"+input"}
2019-3-12 17:43:06.362#change#{"from":{"line":3,"ch":14,"sticky":null},"to":{"line":3,"ch":14,"sticky":null},"text":["*"],"removed":[""],"origin":"+input"}
2019-3-12 17:43:10.210#mousedown#{"isTrusted":true}
2019-3-12 17:43:12.658#change#{"from":{"line":4,"ch":7,"sticky":"before","xRel":-1.015625},"to":{"line":4,"ch":7,"sticky":"before","xRel":-1.015625},"text":[" "],"removed":[""],"origin":"+input"}
2019-3-12 17:43:13.370#change#{"from":{"line":4,"ch":8,"sticky":null},"to":{"line":4,"ch":8,"sticky":null},"text":[" "],"removed":[""],"origin":"+input"}
2019-3-12 17:43:17.674#change#{"from":{"line":4,"ch":9,"sticky":null},"to":{"line":4,"ch":9,"sticky":null},"text":["*"],"removed":[""],"origin":"+input"}
2019-3-12 17:43:18.003#change#{"from":{"line":4,"ch":10,"sticky":null},"to":{"line":4,"ch":10,"sticky":null},"text":["*"],"removed":[""],"origin":"+input"}
2019-3-12 17:43:18.362#change#{"from":{"line":4,"ch":11,"sticky":null},"to":{"line":4,"ch":11,"sticky":null},"text":["*"],"removed":[""],"origin":"+input"}
2019-3-12 17:43:18.738#change#{"from":{"line":4,"ch":12,"sticky":null},"to":{"line":4,"ch":12,"sticky":null},"text":["*"],"removed":[""],"origin":"+input"}
2019-3-12 17:43:19.066#change#{"from":{"line":4,"ch":13,"sticky":null},"to":{"line":4,"ch":13,"sticky":null},"text":["*"],"removed":[""],"origin":"+input"}
2019-3-12 17:43:21.338#blur#
