== SUBMITION (2019-04-03 18:53:40) 
-- CODE:
# Teste seu código aos poucos.
# Não teste tudo no final, pois fica mais difícil de identificar erros.
# Use as mensagens de erro para corrigir seu código.

num = input("Digite um numero: ")

if (num % 2 == 0)
	mensagem = "Par"
else
	mensagem = "Impar"

print(mensagem)

-- EXECUTION TIME:
0.127807
-- ERROR:
  File "/home/codebench/codes/1643/2442/main.py", line 7
    if (num % 2 == 0)
                    ^
SyntaxError: invalid syntax

*-*-*-*-*-*-*-*-*-*-*-*-*-*-*-*-*-*-*-*-*-*-*-*
== SUBMITION (2019-04-03 18:53:55) 
-- CODE:
# Teste seu código aos poucos.
# Não teste tudo no final, pois fica mais difícil de identificar erros.
# Use as mensagens de erro para corrigir seu código.

num = int(input("Digite um numero: "))

if (num % 2 == 0)
	mensagem = "Par"
else
	mensagem = "Impar"

print(mensagem)

-- EXECUTION TIME:
0.146829
-- ERROR:
  File "/home/codebench/codes/1643/2442/main.py", line 7
    if (num % 2 == 0)
                    ^
SyntaxError: invalid syntax

*-*-*-*-*-*-*-*-*-*-*-*-*-*-*-*-*-*-*-*-*-*-*-*
== TEST (2019-04-03 18:54:17) 
-- CODE:
# Teste seu código aos poucos.
# Não teste tudo no final, pois fica mais difícil de identificar erros.
# Use as mensagens de erro para corrigir seu código.

num = int(input("Digite um numero: "))

if (num % 2 == 0)
	mensagem = "Par"
else
	mensagem = "Impar"

print(mensagem)

-- ERROR:
File "XXXX", line 7
    if (num % 2 == 0)
                    ^
SyntaxError: invalid syntax
*-*-*-*-*-*-*-*-*-*-*-*-*-*-*-*-*-*-*-*-*-*-*-*
== SUBMITION (2019-04-03 18:56:01) 
-- CODE:
# Teste seu código aos poucos.
# Não teste tudo no final, pois fica mais difícil de identificar erros.
# Use as mensagens de erro para corrigir seu código.

num = int(input("Digite um numero: "))

if (num % 2 == 0):
	mensagem = "Par"
else
	mensagem = "Impar"

print(mensagem)

-- EXECUTION TIME:
0.167268
-- ERROR:
  File "/home/codebench/codes/1643/2442/main.py", line 9
    else
       ^
SyntaxError: invalid syntax

*-*-*-*-*-*-*-*-*-*-*-*-*-*-*-*-*-*-*-*-*-*-*-*
== TEST (2019-04-03 18:56:03) 
-- CODE:
# Teste seu código aos poucos.
# Não teste tudo no final, pois fica mais difícil de identificar erros.
# Use as mensagens de erro para corrigir seu código.

num = int(input("Digite um numero: "))

if (num % 2 == 0):
	mensagem = "Par"
else
	mensagem = "Impar"

print(mensagem)

-- ERROR:
File "XXXX", line 9
    else
       ^
SyntaxError: invalid syntax
*-*-*-*-*-*-*-*-*-*-*-*-*-*-*-*-*-*-*-*-*-*-*-*
== TEST (2019-04-03 18:56:10) 
-- CODE:
# Teste seu código aos poucos.
# Não teste tudo no final, pois fica mais difícil de identificar erros.
# Use as mensagens de erro para corrigir seu código.

num = int(input("Digite um numero: "))

if (num % 2 == 0):
	mensagem = "Par"
else:
	mensagem = "Impar"

print(mensagem)

-- OUTPUT:
Impar
*-*-*-*-*-*-*-*-*-*-*-*-*-*-*-*-*-*-*-*-*-*-*-*
== SUBMITION (2019-04-03 18:56:17) 
-- CODE:
# Teste seu código aos poucos.
# Não teste tudo no final, pois fica mais difícil de identificar erros.
# Use as mensagens de erro para corrigir seu código.

num = int(input("Digite um numero: "))

if (num % 2 == 0):
	mensagem = "Par"
else:
	mensagem = "Impar"

print(mensagem)

-- EXECUTION TIME:
0.196337
-- TEST CASE 1:
---- input:
55
---- correct output:
impar
---- user output:
Impar
-- TEST CASE 3:
---- input:
842
---- correct output:
par
---- user output:
Par
-- GRADE:
0%
*-*-*-*-*-*-*-*-*-*-*-*-*-*-*-*-*-*-*-*-*-*-*-*
== TEST (2019-04-03 18:56:21) 
-- CODE:
# Teste seu código aos poucos.
# Não teste tudo no final, pois fica mais difícil de identificar erros.
# Use as mensagens de erro para corrigir seu código.

num = int(input("Digite um numero: "))

if (num % 2 == 0):
	mensagem = "Par"
else:
	mensagem = "Impar"

print(mensagem)

-- OUTPUT:
Impar
*-*-*-*-*-*-*-*-*-*-*-*-*-*-*-*-*-*-*-*-*-*-*-*
== SUBMITION (2019-04-03 18:56:43) 
-- CODE:
# Teste seu código aos poucos.
# Não teste tudo no final, pois fica mais difícil de identificar erros.
# Use as mensagens de erro para corrigir seu código.

num = int(input("Digite um numero: "))

if (num % 2 == 0):
	mensagem = "par"
else:
	mensagem = "impar"

print(mensagem)

-- EXECUTION TIME:
0.152304
-- TEST CASE 1:
---- input:
55
---- correct output:
impar
---- user output:
impar
-- TEST CASE 3:
---- input:
842
---- correct output:
par
---- user output:
par
-- GRADE:
100%
*-*-*-*-*-*-*-*-*-*-*-*-*-*-*-*-*-*-*-*-*-*-*-*
