== SUBMITION (2019-04-08 18:07:16) 
-- CODE:
valor = float(input())
qtdRU = float(input())
valorRU = float(input())
qtdbus = float(input())
valorbus = float(input())

despesas = (qtdRU*valorRU) + (qtdbus*valorbus)

if(valor<despesas):
	print("INSUFICIENTE")
else:
	print("SUCIFIENTE")

-- EXECUTION TIME:
0.147728
-- TEST CASE 1:
---- input:
400
15
1.20
30
1.50
---- correct output:
SUFICIENTE
---- user output:
SUCIFIENTE
-- TEST CASE 2:
---- input:
90
22
1.20
44
1.50
---- correct output:
INSUFICIENTE
---- user output:
INSUFICIENTE
-- GRADE:
0%
*-*-*-*-*-*-*-*-*-*-*-*-*-*-*-*-*-*-*-*-*-*-*-*
== SUBMITION (2019-04-08 18:07:19) 
-- CODE:
valor = float(input())
qtdRU = float(input())
valorRU = float(input())
qtdbus = float(input())
valorbus = float(input())

despesas = (qtdRU*valorRU) + (qtdbus*valorbus)

if(valor<despesas):
	print("INSUFICIENTE")
else:
	print("SUCIFIENTE")

-- EXECUTION TIME:
0.125949
-- TEST CASE 1:
---- input:
400
15
1.20
30
1.50
---- correct output:
SUFICIENTE
---- user output:
SUCIFIENTE
-- TEST CASE 2:
---- input:
90
22
1.20
44
1.50
---- correct output:
INSUFICIENTE
---- user output:
INSUFICIENTE
-- GRADE:
0%
*-*-*-*-*-*-*-*-*-*-*-*-*-*-*-*-*-*-*-*-*-*-*-*
== TEST (2019-04-08 18:07:21) 
-- CODE:
valor = float(input())
qtdRU = float(input())
valorRU = float(input())
qtdbus = float(input())
valorbus = float(input())

despesas = (qtdRU*valorRU) + (qtdbus*valorbus)

if(valor<despesas):
	print("INSUFICIENTE")
else:
	print("SUCIFIENTE")

-- OUTPUT:
SUCIFIENTE
*-*-*-*-*-*-*-*-*-*-*-*-*-*-*-*-*-*-*-*-*-*-*-*
== SUBMITION (2019-04-08 18:07:50) 
-- CODE:
valor = float(input())
qtdRU = float(input())
valorRU = float(input())
qtdbus = float(input())
valorbus = float(input())

despesas = (qtdRU*valorRU) + (qtdbus*valorbus)

if(valor<despesas):
	print("INSUFICIENTE")
else:
	print("SUFICIENTE")

-- EXECUTION TIME:
0.19447
-- TEST CASE 1:
---- input:
400
15
1.20
30
1.50
---- correct output:
SUFICIENTE
---- user output:
SUFICIENTE
-- TEST CASE 2:
---- input:
90
22
1.20
44
1.50
---- correct output:
INSUFICIENTE
---- user output:
INSUFICIENTE
-- GRADE:
100%
*-*-*-*-*-*-*-*-*-*-*-*-*-*-*-*-*-*-*-*-*-*-*-*
