2019-5-8 15:08:38.339#viewportChange#0
2019-5-8 15:15:32.647#viewportChange#0
2019-5-8 15:16:50.515#mousedown#{"isTrusted":true}
2019-5-8 15:16:50.534#focus#
2019-5-8 15:16:56.558#blur#
2019-5-8 15:17:08.980#mousedown#{"isTrusted":true}
2019-5-8 15:17:08.994#focus#
2019-5-8 15:17:09.541#mousedown#{"isTrusted":true}
2019-5-8 15:17:18.972#mousedown#{"isTrusted":true}
2019-5-8 15:17:19.187#mousedown#{"isTrusted":true}
2019-5-8 15:17:29.607#change#{"from":{"line":4,"ch":8,"sticky":null},"to":{"line":4,"ch":11,"sticky":null},"text":["f"],"removed":["int"],"origin":"+input"}
2019-5-8 15:17:29.716#change#{"from":{"line":4,"ch":9,"sticky":null},"to":{"line":4,"ch":9,"sticky":null},"text":["l"],"removed":[""],"origin":"+input"}
2019-5-8 15:17:29.924#change#{"from":{"line":4,"ch":10,"sticky":null},"to":{"line":4,"ch":10,"sticky":null},"text":["o"],"removed":[""],"origin":"+input"}
2019-5-8 15:17:30.167#change#{"from":{"line":4,"ch":11,"sticky":null},"to":{"line":4,"ch":11,"sticky":null},"text":["a"],"removed":[""],"origin":"+input"}
2019-5-8 15:17:30.548#change#{"from":{"line":4,"ch":12,"sticky":null},"to":{"line":4,"ch":12,"sticky":null},"text":["t"],"removed":[""],"origin":"+input"}
2019-5-8 15:17:42.115#mousedown#{"isTrusted":true}
2019-5-8 15:17:42.314#mousedown#{"isTrusted":true}
2019-5-8 15:17:49.667#mousedown#{"isTrusted":true}
2019-5-8 15:17:58.762#mousedown#{"isTrusted":true}
2019-5-8 15:17:58.962#mousedown#{"isTrusted":true}
2019-5-8 15:18:04.883#blur#
2019-5-8 15:18:05.162#focus#
2019-5-8 15:18:05.166#blur#
2019-5-8 15:18:09.154#focus#
2019-5-8 15:18:10.683#blur#
2019-5-8 15:18:14.761#focus#
2019-5-8 15:18:14.764#blur#
2019-5-8 15:18:52.025#focus#
2019-5-8 15:18:52.029#mousedown#{"isTrusted":true}
2019-5-8 15:18:53.749#change#{"from":{"line":14,"ch":21,"sticky":"before","xRel":11.08331298828125},"to":{"line":14,"ch":21,"sticky":"before","xRel":11.08331298828125},"text":[" "],"removed":[""],"origin":"+input"}
2019-5-8 15:18:54.323#change#{"from":{"line":14,"ch":22,"sticky":null},"to":{"line":14,"ch":22,"sticky":null},"text":["/"],"removed":[""],"origin":"+input"}
2019-5-8 15:18:54.932#change#{"from":{"line":14,"ch":23,"sticky":null},"to":{"line":14,"ch":23,"sticky":null},"text":["/"],"removed":[""],"origin":"+input"}
2019-5-8 15:18:57.267#change#{"from":{"line":14,"ch":24,"sticky":null},"to":{"line":14,"ch":24,"sticky":null},"text":[" "],"removed":[""],"origin":"+input"}
2019-5-8 15:18:57.763#change#{"from":{"line":14,"ch":25,"sticky":null},"to":{"line":14,"ch":25,"sticky":null},"text":["1"],"removed":[""],"origin":"+input"}
2019-5-8 15:18:58.099#change#{"from":{"line":14,"ch":26,"sticky":null},"to":{"line":14,"ch":26,"sticky":null},"text":["0"],"removed":[""],"origin":"+input"}
2019-5-8 15:18:58.627#change#{"from":{"line":14,"ch":27,"sticky":null},"to":{"line":14,"ch":27,"sticky":null},"text":["0"],"removed":[""],"origin":"+input"}
2019-5-8 15:19:00.207#change#{"from":{"line":14,"ch":27,"sticky":"after"},"to":{"line":14,"ch":28,"sticky":null},"text":[""],"removed":["0"],"origin":"+delete"}
2019-5-8 15:19:00.207#keyHandled#"Backspace"
2019-5-8 15:19:00.879#change#{"from":{"line":14,"ch":26,"sticky":"after"},"to":{"line":14,"ch":27,"sticky":null},"text":[""],"removed":["0"],"origin":"+delete"}
2019-5-8 15:19:00.879#keyHandled#"Backspace"
2019-5-8 15:19:01.011#mousedown#{"isTrusted":true}
2019-5-8 15:19:01.102#change#{"from":{"line":14,"ch":23,"sticky":"after"},"to":{"line":14,"ch":24,"sticky":"before","xRel":-0.91668701171875},"text":[""],"removed":["/"],"origin":"+delete"}
2019-5-8 15:19:01.102#keyHandled#"Backspace"
2019-5-8 15:19:05.119#keyHandled#"Right"
2019-5-8 15:19:05.536#keyHandled#"Right"
2019-5-8 15:19:06.707#change#{"from":{"line":14,"ch":25,"sticky":"before"},"to":{"line":14,"ch":25,"sticky":"before"},"text":["0"],"removed":[""],"origin":"+input"}
2019-5-8 15:19:06.931#change#{"from":{"line":14,"ch":26,"sticky":null},"to":{"line":14,"ch":26,"sticky":null},"text":["0"],"removed":[""],"origin":"+input"}
2019-5-8 15:19:11.594#mousedown#{"isTrusted":true}
2019-5-8 15:19:14.527#blur#
2019-5-8 15:19:32.266#mousedown#{"isTrusted":true}
2019-5-8 15:19:32.286#focus#
2019-5-8 15:19:33.634#change#{"from":{"line":18,"ch":0,"sticky":"after","xRel":-3.91668701171875},"to":{"line":18,"ch":0,"sticky":"after","xRel":-3.91668701171875},"text":[" "],"removed":[""],"origin":"+input"}
2019-5-8 15:19:36.383#change#{"from":{"line":18,"ch":0,"sticky":"after"},"to":{"line":18,"ch":1,"sticky":null},"text":[""],"removed":[" "],"origin":"+delete"}
2019-5-8 15:19:36.383#keyHandled#"Backspace"
2019-5-8 15:19:39.791#change#{"from":{"line":18,"ch":0,"sticky":null},"to":{"line":18,"ch":0,"sticky":null},"text":["\t"],"removed":[""],"origin":"+input"}
2019-5-8 15:19:39.791#keyHandled#"Tab"
2019-5-8 15:19:46.244#dica_bullet#SyntaxError: invalid syntax
2019-5-8 15:19:47.432#saida_testar#$ python3 main.py
File "main.py", line 17
t = ????
SyntaxError: invalid syntax
2019-5-8 15:19:53.195#mousedown#{"isTrusted":true}
2019-5-8 15:20:32.069#mousedown#{"isTrusted":true}
2019-5-8 15:20:42.048#change#{"from":{"line":10,"ch":4,"sticky":"after"},"to":{"line":10,"ch":5,"sticky":"before","xRel":19.08331298828125},"text":[""],"removed":["0"],"origin":"+delete"}
2019-5-8 15:20:42.048#keyHandled#"Backspace"
2019-5-8 15:20:42.705#change#{"from":{"line":10,"ch":4,"sticky":null},"to":{"line":10,"ch":4,"sticky":null},"text":["1"],"removed":[""],"origin":"+input"}
2019-5-8 15:21:06.786#mousedown#{"isTrusted":true}
2019-5-8 15:21:06.986#mousedown#{"isTrusted":true}
2019-5-8 15:21:21.249#mousedown#{"isTrusted":true}
2019-5-8 15:21:21.967#change#{"from":{"line":16,"ch":8,"sticky":"after"},"to":{"line":16,"ch":9,"sticky":"before","xRel":10.08331298828125},"text":[""],"removed":["?"],"origin":"+delete"}
2019-5-8 15:21:21.967#keyHandled#"Backspace"
2019-5-8 15:21:22.126#change#{"from":{"line":16,"ch":7,"sticky":"after"},"to":{"line":16,"ch":8,"sticky":null},"text":[""],"removed":["?"],"origin":"+delete"}
2019-5-8 15:21:22.126#keyHandled#"Backspace"
2019-5-8 15:21:22.320#change#{"from":{"line":16,"ch":6,"sticky":"after"},"to":{"line":16,"ch":7,"sticky":null},"text":[""],"removed":["?"],"origin":"+delete"}
2019-5-8 15:21:22.320#keyHandled#"Backspace"
2019-5-8 15:21:22.654#change#{"from":{"line":16,"ch":5,"sticky":"after"},"to":{"line":16,"ch":6,"sticky":null},"text":[""],"removed":["?"],"origin":"+delete"}
2019-5-8 15:21:22.654#keyHandled#"Backspace"
2019-5-8 15:21:49.346#change#{"from":{"line":16,"ch":5,"sticky":null},"to":{"line":16,"ch":5,"sticky":null},"text":["t"],"removed":[""],"origin":"+input"}
2019-5-8 15:21:51.586#change#{"from":{"line":16,"ch":6,"sticky":null},"to":{"line":16,"ch":6,"sticky":null},"text":[" "],"removed":[""],"origin":"+input"}
2019-5-8 15:21:52.657#change#{"from":{"line":16,"ch":7,"sticky":null},"to":{"line":16,"ch":7,"sticky":null},"text":["+"],"removed":[""],"origin":"+input"}
2019-5-8 15:21:53.410#change#{"from":{"line":16,"ch":8,"sticky":null},"to":{"line":16,"ch":8,"sticky":null},"text":["1"],"removed":[""],"origin":"+input"}
2019-5-8 15:21:54.077#change#{"from":{"line":16,"ch":8,"sticky":"after"},"to":{"line":16,"ch":9,"sticky":null},"text":[""],"removed":["1"],"origin":"+delete"}
2019-5-8 15:21:54.077#keyHandled#"Backspace"
2019-5-8 15:21:54.370#change#{"from":{"line":16,"ch":8,"sticky":null},"to":{"line":16,"ch":8,"sticky":null},"text":[" "],"removed":[""],"origin":"+input"}
2019-5-8 15:21:54.546#change#{"from":{"line":16,"ch":9,"sticky":null},"to":{"line":16,"ch":9,"sticky":null},"text":["1"],"removed":[""],"origin":"+input"}
2019-5-8 15:22:10.488#submit#Your code did not produce the correct output. Please, correct your code and try again.
2019-5-8 15:22:14.377#mousedown#{"isTrusted":true}
2019-5-8 15:22:19.806#change#{"from":{"line":13,"ch":13,"sticky":"after"},"to":{"line":13,"ch":14,"sticky":"before","xRel":-3.91668701171875},"text":[""],"removed":["1"],"origin":"+delete"}
2019-5-8 15:22:19.806#keyHandled#"Backspace"
2019-5-8 15:22:20.014#change#{"from":{"line":13,"ch":12,"sticky":"after"},"to":{"line":13,"ch":13,"sticky":null},"text":[""],"removed":[">"],"origin":"+delete"}
2019-5-8 15:22:20.014#keyHandled#"Backspace"
2019-5-8 15:22:20.222#change#{"from":{"line":13,"ch":11,"sticky":"after"},"to":{"line":13,"ch":12,"sticky":null},"text":[""],"removed":["e"],"origin":"+delete"}
2019-5-8 15:22:20.222#keyHandled#"Backspace"
2019-5-8 15:22:20.430#change#{"from":{"line":13,"ch":10,"sticky":"after"},"to":{"line":13,"ch":11,"sticky":null},"text":[""],"removed":["t"],"origin":"+delete"}
2019-5-8 15:22:20.431#keyHandled#"Backspace"
2019-5-8 15:22:20.814#change#{"from":{"line":13,"ch":9,"sticky":"after"},"to":{"line":13,"ch":10,"sticky":null},"text":[""],"removed":["s"],"origin":"+delete"}
2019-5-8 15:22:20.814#keyHandled#"Backspace"
2019-5-8 15:22:21.150#change#{"from":{"line":13,"ch":8,"sticky":"after"},"to":{"line":13,"ch":9,"sticky":null},"text":[""],"removed":["e"],"origin":"+delete"}
2019-5-8 15:22:21.150#keyHandled#"Backspace"
2019-5-8 15:22:28.882#change#{"from":{"line":13,"ch":8,"sticky":null},"to":{"line":13,"ch":8,"sticky":null},"text":["<"],"removed":[""],"origin":"+input"}
2019-5-8 15:22:30.126#change#{"from":{"line":13,"ch":8,"sticky":"after"},"to":{"line":13,"ch":9,"sticky":null},"text":[""],"removed":["<"],"origin":"+delete"}
2019-5-8 15:22:30.126#keyHandled#"Backspace"
2019-5-8 15:22:30.786#change#{"from":{"line":13,"ch":8,"sticky":null},"to":{"line":13,"ch":8,"sticky":null},"text":[" "],"removed":[""],"origin":"+input"}
2019-5-8 15:22:32.898#change#{"from":{"line":13,"ch":9,"sticky":null},"to":{"line":13,"ch":9,"sticky":null},"text":["<"],"removed":[""],"origin":"+input"}
2019-5-8 15:22:34.019#change#{"from":{"line":13,"ch":10,"sticky":null},"to":{"line":13,"ch":10,"sticky":null},"text":[" "],"removed":[""],"origin":"+input"}
2019-5-8 15:22:34.419#change#{"from":{"line":13,"ch":11,"sticky":null},"to":{"line":13,"ch":11,"sticky":null},"text":["="],"removed":[""],"origin":"+input"}
2019-5-8 15:22:37.215#change#{"from":{"line":13,"ch":11,"sticky":"after"},"to":{"line":13,"ch":12,"sticky":null},"text":[""],"removed":["="],"origin":"+delete"}
2019-5-8 15:22:37.215#keyHandled#"Backspace"
2019-5-8 15:22:37.663#change#{"from":{"line":13,"ch":10,"sticky":"after"},"to":{"line":13,"ch":11,"sticky":null},"text":[""],"removed":[" "],"origin":"+delete"}
2019-5-8 15:22:37.663#keyHandled#"Backspace"
2019-5-8 15:22:38.466#change#{"from":{"line":13,"ch":10,"sticky":null},"to":{"line":13,"ch":10,"sticky":null},"text":["="],"removed":[""],"origin":"+input"}
2019-5-8 15:22:39.502#change#{"from":{"line":13,"ch":11,"sticky":null},"to":{"line":13,"ch":11,"sticky":null},"text":[" "],"removed":[""],"origin":"+input"}
2019-5-8 15:22:39.778#change#{"from":{"line":13,"ch":12,"sticky":null},"to":{"line":13,"ch":12,"sticky":null},"text":["1"],"removed":[""],"origin":"+input"}
2019-5-8 15:22:40.691#change#{"from":{"line":13,"ch":13,"sticky":null},"to":{"line":13,"ch":13,"sticky":null},"text":[" "],"removed":[""],"origin":"+input"}
2019-5-8 15:22:41.310#change#{"from":{"line":13,"ch":13,"sticky":"after"},"to":{"line":13,"ch":14,"sticky":null},"text":[""],"removed":[" "],"origin":"+delete"}
2019-5-8 15:22:41.310#keyHandled#"Backspace"
2019-5-8 15:22:41.485#change#{"from":{"line":13,"ch":12,"sticky":"after"},"to":{"line":13,"ch":13,"sticky":null},"text":[""],"removed":["1"],"origin":"+delete"}
2019-5-8 15:22:41.485#keyHandled#"Backspace"
2019-5-8 15:22:43.154#change#{"from":{"line":13,"ch":11,"sticky":null},"to":{"line":13,"ch":11,"sticky":null},"text":["t"],"removed":[""],"origin":"+input"}
2019-5-8 15:22:43.693#change#{"from":{"line":13,"ch":11,"sticky":"after"},"to":{"line":13,"ch":12,"sticky":null},"text":[""],"removed":["t"],"origin":"+delete"}
2019-5-8 15:22:43.694#keyHandled#"Backspace"
2019-5-8 15:22:43.922#change#{"from":{"line":13,"ch":11,"sticky":null},"to":{"line":13,"ch":11,"sticky":null},"text":[" "],"removed":[""],"origin":"+input"}
2019-5-8 15:22:44.081#change#{"from":{"line":13,"ch":12,"sticky":null},"to":{"line":13,"ch":12,"sticky":null},"text":["t"],"removed":[""],"origin":"+input"}
2019-5-8 15:22:44.861#change#{"from":{"line":13,"ch":12,"sticky":"after"},"to":{"line":13,"ch":13,"sticky":null},"text":[""],"removed":["t"],"origin":"+delete"}
2019-5-8 15:22:44.861#keyHandled#"Backspace"
2019-5-8 15:22:45.087#change#{"from":{"line":13,"ch":11,"sticky":"after"},"to":{"line":13,"ch":12,"sticky":null},"text":[""],"removed":[" "],"origin":"+delete"}
2019-5-8 15:22:45.087#keyHandled#"Backspace"
2019-5-8 15:22:56.803#change#{"from":{"line":13,"ch":11,"sticky":null},"to":{"line":13,"ch":11,"sticky":null},"text":[" "],"removed":[""],"origin":"+input"}
2019-5-8 15:23:03.551#blur#
2019-5-8 15:23:16.616#mousedown#{"isTrusted":true}
2019-5-8 15:23:16.626#focus#
2019-5-8 15:23:17.113#mousedown#{"isTrusted":true}
2019-5-8 15:23:33.816#dica_bullet#SyntaxError: invalid syntax
2019-5-8 15:23:35.456#saida_testar#$ python3 main.py
File "main.py", line 14
while (t <= ):
SyntaxError: invalid syntax
2019-5-8 15:23:35.906#change#{"from":{"line":13,"ch":12,"sticky":"before","xRel":-1.91668701171875},"to":{"line":13,"ch":12,"sticky":"before","xRel":-1.91668701171875},"text":["1"],"removed":[""],"origin":"+input"}
2019-5-8 15:23:35.456#saida_testar#$ python3 main.py
File "main.py", line 14
while (t <= ):
SyntaxError: invalid syntax
2019-5-8 15:23:35.906#change#{"from":{"line":13,"ch":12,"sticky":"before","xRel":-1.91668701171875},"to":{"line":13,"ch":12,"sticky":"before","xRel":-1.91668701171875},"text":["1"],"removed":[""],"origin":"+input"}
2019-5-8 15:23:37.643#saida_testar#$ python3 main.py
2019-5-8 15:23:38.511#blur#
2019-5-8 15:24:29.864#mousedown#{"isTrusted":true}
2019-5-8 15:24:30.000#focus#
2019-5-8 15:24:30.942#change#{"from":{"line":13,"ch":12,"sticky":"after"},"to":{"line":13,"ch":13,"sticky":"before","xRel":-1.91668701171875},"text":[""],"removed":["1"],"origin":"+delete"}
2019-5-8 15:24:30.942#keyHandled#"Backspace"
2019-5-8 15:24:51.287#blur#
2019-5-8 15:25:21.272#mousedown#{"isTrusted":true}
2019-5-8 15:25:21.413#focus#
2019-5-8 15:25:22.436#change#{"from":{"line":13,"ch":11,"sticky":"after","xRel":2.08331298828125},"to":{"line":13,"ch":11,"sticky":"after","xRel":2.08331298828125},"text":[" "],"removed":[""],"origin":"+input"}
2019-5-8 15:25:24.014#change#{"from":{"line":13,"ch":11,"sticky":"after"},"to":{"line":13,"ch":12,"sticky":null},"text":[""],"removed":[" "],"origin":"+delete"}
2019-5-8 15:25:24.014#keyHandled#"Backspace"
2019-5-8 15:25:50.856#mousedown#{"isTrusted":true}
2019-5-8 15:25:52.193#change#{"from":{"line":13,"ch":11,"sticky":"after","xRel":0.08331298828125},"to":{"line":13,"ch":11,"sticky":"after","xRel":0.08331298828125},"text":["v"],"removed":[""],"origin":"+input"}
2019-5-8 15:25:53.052#change#{"from":{"line":13,"ch":11,"sticky":"after"},"to":{"line":13,"ch":12,"sticky":null},"text":[""],"removed":["v"],"origin":"+delete"}
2019-5-8 15:25:53.052#keyHandled#"Backspace"
2019-5-8 15:25:53.393#change#{"from":{"line":13,"ch":11,"sticky":null},"to":{"line":13,"ch":11,"sticky":null},"text":[" "],"removed":[""],"origin":"+input"}
2019-5-8 15:26:03.863#mousedown#{"isTrusted":true}
2019-5-8 15:26:04.750#change#{"from":{"line":5,"ch":45,"sticky":"before","xRel":17.08331298828125},"to":{"line":5,"ch":45,"sticky":"before","xRel":17.08331298828125},"text":["",""],"removed":[""],"origin":"+input"}
2019-5-8 15:26:04.750#keyHandled#"Enter"
2019-5-8 15:26:04.770#viewportChange#0
2019-5-8 15:26:05.453#change#{"from":{"line":6,"ch":0,"sticky":null},"to":{"line":6,"ch":0,"sticky":null},"text":["",""],"removed":[""],"origin":"+input"}
2019-5-8 15:26:05.453#keyHandled#"Enter"
2019-5-8 15:26:05.472#viewportChange#0
2019-5-8 15:26:06.653#keyHandled#"Up"
2019-5-8 15:26:07.949#change#{"from":{"line":6,"ch":0,"sticky":"after","xRel":0},"to":{"line":6,"ch":0,"sticky":"after","xRel":0},"text":["",""],"removed":[""],"origin":"+input"}
2019-5-8 15:26:07.949#keyHandled#"Enter"
2019-5-8 15:26:07.968#viewportChange#0
2019-5-8 15:26:09.149#change#{"from":{"line":6,"ch":0,"sticky":"before"},"to":{"line":7,"ch":0,"sticky":null},"text":[""],"removed":["",""],"origin":"+delete"}
2019-5-8 15:26:09.149#keyHandled#"Backspace"
2019-5-8 15:26:09.168#viewportChange#0
2019-5-8 15:26:09.649#change#{"from":{"line":6,"ch":0,"sticky":null},"to":{"line":6,"ch":0,"sticky":null},"text":["p"],"removed":[""],"origin":"+input"}
2019-5-8 15:26:09.888#change#{"from":{"line":6,"ch":1,"sticky":null},"to":{"line":6,"ch":1,"sticky":null},"text":["r"],"removed":[""],"origin":"+input"}
2019-5-8 15:26:10.064#change#{"from":{"line":6,"ch":2,"sticky":null},"to":{"line":6,"ch":2,"sticky":null},"text":["i"],"removed":[""],"origin":"+input"}
2019-5-8 15:26:10.304#change#{"from":{"line":6,"ch":3,"sticky":null},"to":{"line":6,"ch":3,"sticky":null},"text":["n"],"removed":[""],"origin":"+input"}
2019-5-8 15:26:10.448#change#{"from":{"line":6,"ch":4,"sticky":null},"to":{"line":6,"ch":4,"sticky":null},"text":["t"],"removed":[""],"origin":"+input"}
2019-5-8 15:26:12.789#change#{"from":{"line":6,"ch":5,"sticky":null},"to":{"line":6,"ch":5,"sticky":null},"text":["()"],"removed":[""],"origin":"+input"}
2019-5-8 15:26:12.789#keyHandled#"'('"
2019-5-8 15:26:14.097#change#{"from":{"line":6,"ch":6,"sticky":"after"},"to":{"line":6,"ch":6,"sticky":"after"},"text":["\"\""],"removed":[""],"origin":"+input"}
2019-5-8 15:26:14.097#keyHandled#"'\"'"
2019-5-8 15:26:14.993#change#{"from":{"line":6,"ch":7,"sticky":"after"},"to":{"line":6,"ch":7,"sticky":"after"},"text":["t"],"removed":[""],"origin":"+input"}
2019-5-8 15:26:15.087#change#{"from":{"line":6,"ch":8,"sticky":null},"to":{"line":6,"ch":8,"sticky":null},"text":["e"],"removed":[""],"origin":"+input"}
2019-5-8 15:26:15.884#change#{"from":{"line":6,"ch":8,"sticky":"after"},"to":{"line":6,"ch":9,"sticky":null},"text":[""],"removed":["e"],"origin":"+delete"}
2019-5-8 15:26:15.884#keyHandled#"Backspace"
2019-5-8 15:26:16.124#change#{"from":{"line":6,"ch":7,"sticky":"after"},"to":{"line":6,"ch":8,"sticky":null},"text":[""],"removed":["t"],"origin":"+delete"}
2019-5-8 15:26:16.124#keyHandled#"Backspace"
2019-5-8 15:26:16.524#change#{"from":{"line":6,"ch":6,"sticky":null},"to":{"line":6,"ch":8,"sticky":null},"text":[""],"removed":["\"\""],"origin":"+delete"}
2019-5-8 15:26:16.524#keyHandled#"Backspace"
2019-5-8 15:26:19.525#change#{"from":{"line":6,"ch":6,"sticky":null},"to":{"line":6,"ch":6,"sticky":null},"text":["t"],"removed":[""],"origin":"+input"}
2019-5-8 15:26:19.587#change#{"from":{"line":6,"ch":7,"sticky":null},"to":{"line":6,"ch":7,"sticky":null},"text":["e"],"removed":[""],"origin":"+input"}
2019-5-8 15:26:20.417#change#{"from":{"line":6,"ch":8,"sticky":null},"to":{"line":6,"ch":8,"sticky":null},"text":["m"],"removed":[""],"origin":"+input"}
2019-5-8 15:26:20.640#change#{"from":{"line":6,"ch":9,"sticky":null},"to":{"line":6,"ch":9,"sticky":null},"text":["p"],"removed":[""],"origin":"+input"}
2019-5-8 15:26:20.752#change#{"from":{"line":6,"ch":10,"sticky":null},"to":{"line":6,"ch":10,"sticky":null},"text":["o"],"removed":[""],"origin":"+input"}
2019-5-8 15:26:20.417#change#{"from":{"line":6,"ch":8,"sticky":null},"to":{"line":6,"ch":8,"sticky":null},"text":["m"],"removed":[""],"origin":"+input"}
2019-5-8 15:26:20.640#change#{"from":{"line":6,"ch":9,"sticky":null},"to":{"line":6,"ch":9,"sticky":null},"text":["p"],"removed":[""],"origin":"+input"}
2019-5-8 15:26:20.752#change#{"from":{"line":6,"ch":10,"sticky":null},"to":{"line":6,"ch":10,"sticky":null},"text":["o"],"removed":[""],"origin":"+input"}
2019-5-8 15:26:23.420#dica_bullet#SyntaxError: invalid syntax
2019-5-8 15:26:23.517#saida_testar#$ python3 main.py
File "main.py", line 16
while (t <=  ):
SyntaxError: invalid syntax
2019-5-8 15:26:26.103#mousedown#{"isTrusted":true}
2019-5-8 15:26:27.157#change#{"from":{"line":15,"ch":12,"sticky":"before","xRel":-2.91668701171875},"to":{"line":15,"ch":12,"sticky":"before","xRel":-2.91668701171875},"text":["1"],"removed":[""],"origin":"+input"}
2019-5-8 15:26:30.079#mousedown#{"isTrusted":true}
2019-5-8 15:26:30.915#change#{"from":{"line":5,"ch":45,"sticky":"before","xRel":13.08331298828125},"to":{"line":5,"ch":45,"sticky":"before","xRel":13.08331298828125},"text":["",""],"removed":[""],"origin":"+input"}
2019-5-8 15:26:30.915#keyHandled#"Enter"
2019-5-8 15:26:30.934#viewportChange#0
2019-5-8 15:26:32.558#change#{"from":{"line":6,"ch":0,"sticky":null},"to":{"line":6,"ch":0,"sticky":null},"text":["q"],"removed":[""],"origin":"+input"}
2019-5-8 15:26:32.772#change#{"from":{"line":6,"ch":1,"sticky":null},"to":{"line":6,"ch":1,"sticky":null},"text":["u"],"removed":[""],"origin":"+input"}
2019-5-8 15:26:33.215#change#{"from":{"line":6,"ch":2,"sticky":null},"to":{"line":6,"ch":2,"sticky":null},"text":["="],"removed":[""],"origin":"+input"}
2019-5-8 15:26:33.406#change#{"from":{"line":6,"ch":2,"sticky":"after"},"to":{"line":6,"ch":3,"sticky":null},"text":[""],"removed":["="],"origin":"+delete"}
2019-5-8 15:26:33.406#keyHandled#"Backspace"
2019-5-8 15:26:33.594#change#{"from":{"line":6,"ch":1,"sticky":"after"},"to":{"line":6,"ch":2,"sticky":null},"text":[""],"removed":["u"],"origin":"+delete"}
2019-5-8 15:26:33.594#keyHandled#"Backspace"
2019-5-8 15:26:33.710#change#{"from":{"line":6,"ch":0,"sticky":"after"},"to":{"line":6,"ch":1,"sticky":null},"text":[""],"removed":["q"],"origin":"+delete"}
2019-5-8 15:26:33.710#keyHandled#"Backspace"
2019-5-8 15:26:34.518#change#{"from":{"line":6,"ch":0,"sticky":null},"to":{"line":6,"ch":0,"sticky":null},"text":["p"],"removed":[""],"origin":"+input"}
2019-5-8 15:26:34.672#change#{"from":{"line":6,"ch":1,"sticky":null},"to":{"line":6,"ch":1,"sticky":null},"text":["r"],"removed":[""],"origin":"+input"}
2019-5-8 15:26:34.816#change#{"from":{"line":6,"ch":2,"sticky":null},"to":{"line":6,"ch":2,"sticky":null},"text":["i"],"removed":[""],"origin":"+input"}
2019-5-8 15:26:35.055#change#{"from":{"line":6,"ch":3,"sticky":null},"to":{"line":6,"ch":3,"sticky":null},"text":["n"],"removed":[""],"origin":"+input"}
2019-5-8 15:26:35.183#change#{"from":{"line":6,"ch":4,"sticky":null},"to":{"line":6,"ch":4,"sticky":null},"text":["t"],"removed":[""],"origin":"+input"}
2019-5-8 15:26:36.223#change#{"from":{"line":6,"ch":5,"sticky":null},"to":{"line":6,"ch":5,"sticky":null},"text":["()"],"removed":[""],"origin":"+input"}
2019-5-8 15:26:36.223#keyHandled#"'('"
2019-5-8 15:26:37.009#change#{"from":{"line":6,"ch":6,"sticky":"after"},"to":{"line":6,"ch":6,"sticky":"after"},"text":["q"],"removed":[""],"origin":"+input"}
2019-5-8 15:26:37.409#change#{"from":{"line":6,"ch":7,"sticky":null},"to":{"line":6,"ch":7,"sticky":null},"text":["i"],"removed":[""],"origin":"+input"}
2019-5-8 15:26:37.009#change#{"from":{"line":6,"ch":6,"sticky":"after"},"to":{"line":6,"ch":6,"sticky":"after"},"text":["q"],"removed":[""],"origin":"+input"}
2019-5-8 15:26:37.409#change#{"from":{"line":6,"ch":7,"sticky":null},"to":{"line":6,"ch":7,"sticky":null},"text":["i"],"removed":[""],"origin":"+input"}
2019-5-8 15:26:39.369#saida_testar#$ python3 main.py
2019-5-8 15:26:40.808#blur#
2019-5-8 15:27:03.799#mousedown#{"isTrusted":true}
2019-5-8 15:27:03.948#focus#
2019-5-8 15:27:04.013#mousedown#{"isTrusted":true}
2019-5-8 15:27:05.356#blur#
2019-5-8 15:27:11.615#mousedown#{"isTrusted":true}
2019-5-8 15:27:11.753#focus#
2019-5-8 15:27:11.807#mousedown#{"isTrusted":true}
2019-5-8 15:27:18.447#mousedown#{"isTrusted":true}
2019-5-8 15:27:22.783#mousedown#{"isTrusted":true}
2019-5-8 15:27:33.855#mousedown#{"isTrusted":true}
2019-5-8 15:27:34.557#change#{"from":{"line":7,"ch":11,"sticky":"after"},"to":{"line":7,"ch":12,"sticky":"before","xRel":12.08331298828125},"text":[""],"removed":[")"],"origin":"+delete"}
2019-5-8 15:27:34.557#keyHandled#"Backspace"
2019-5-8 15:27:34.732#change#{"from":{"line":7,"ch":10,"sticky":"after"},"to":{"line":7,"ch":11,"sticky":null},"text":[""],"removed":["o"],"origin":"+delete"}
2019-5-8 15:27:34.732#keyHandled#"Backspace"
2019-5-8 15:27:34.892#change#{"from":{"line":7,"ch":9,"sticky":"after"},"to":{"line":7,"ch":10,"sticky":null},"text":[""],"removed":["p"],"origin":"+delete"}
2019-5-8 15:27:34.892#keyHandled#"Backspace"
2019-5-8 15:27:35.068#change#{"from":{"line":7,"ch":8,"sticky":"after"},"to":{"line":7,"ch":9,"sticky":null},"text":[""],"removed":["m"],"origin":"+delete"}
2019-5-8 15:27:35.068#keyHandled#"Backspace"
2019-5-8 15:27:35.231#change#{"from":{"line":7,"ch":7,"sticky":"after"},"to":{"line":7,"ch":8,"sticky":null},"text":[""],"removed":["e"],"origin":"+delete"}
2019-5-8 15:27:35.231#keyHandled#"Backspace"
2019-5-8 15:27:35.388#change#{"from":{"line":7,"ch":6,"sticky":"after"},"to":{"line":7,"ch":7,"sticky":null},"text":[""],"removed":["t"],"origin":"+delete"}
2019-5-8 15:27:35.388#keyHandled#"Backspace"
2019-5-8 15:27:35.531#change#{"from":{"line":7,"ch":5,"sticky":"after"},"to":{"line":7,"ch":6,"sticky":null},"text":[""],"removed":["("],"origin":"+delete"}
2019-5-8 15:27:35.531#keyHandled#"Backspace"
2019-5-8 15:27:35.691#change#{"from":{"line":7,"ch":4,"sticky":"after"},"to":{"line":7,"ch":5,"sticky":null},"text":[""],"removed":["t"],"origin":"+delete"}
2019-5-8 15:27:35.691#keyHandled#"Backspace"
2019-5-8 15:27:35.835#change#{"from":{"line":7,"ch":3,"sticky":"after"},"to":{"line":7,"ch":4,"sticky":null},"text":[""],"removed":["n"],"origin":"+delete"}
2019-5-8 15:27:35.835#keyHandled#"Backspace"
2019-5-8 15:27:35.995#change#{"from":{"line":7,"ch":2,"sticky":"after"},"to":{"line":7,"ch":3,"sticky":null},"text":[""],"removed":["i"],"origin":"+delete"}
2019-5-8 15:27:35.995#keyHandled#"Backspace"
2019-5-8 15:27:36.155#change#{"from":{"line":7,"ch":1,"sticky":"after"},"to":{"line":7,"ch":2,"sticky":null},"text":[""],"removed":["r"],"origin":"+delete"}
2019-5-8 15:27:36.155#keyHandled#"Backspace"
2019-5-8 15:27:36.476#change#{"from":{"line":7,"ch":0,"sticky":"after"},"to":{"line":7,"ch":1,"sticky":null},"text":[""],"removed":["p"],"origin":"+delete"}
2019-5-8 15:27:36.476#keyHandled#"Backspace"
2019-5-8 15:27:37.871#mousedown#{"isTrusted":true}
2019-5-8 15:27:38.556#change#{"from":{"line":6,"ch":8,"sticky":"after"},"to":{"line":6,"ch":9,"sticky":"before","xRel":27.08331298828125},"text":[""],"removed":[")"],"origin":"+delete"}
2019-5-8 15:27:38.556#keyHandled#"Backspace"
2019-5-8 15:27:38.764#change#{"from":{"line":6,"ch":7,"sticky":"after"},"to":{"line":6,"ch":8,"sticky":null},"text":[""],"removed":["i"],"origin":"+delete"}
2019-5-8 15:27:38.764#keyHandled#"Backspace"
2019-5-8 15:27:38.955#change#{"from":{"line":6,"ch":6,"sticky":"after"},"to":{"line":6,"ch":7,"sticky":null},"text":[""],"removed":["q"],"origin":"+delete"}
2019-5-8 15:27:38.955#keyHandled#"Backspace"
2019-5-8 15:27:39.147#change#{"from":{"line":6,"ch":5,"sticky":"after"},"to":{"line":6,"ch":6,"sticky":null},"text":[""],"removed":["("],"origin":"+delete"}
2019-5-8 15:27:39.147#keyHandled#"Backspace"
2019-5-8 15:27:39.339#change#{"from":{"line":6,"ch":4,"sticky":"after"},"to":{"line":6,"ch":5,"sticky":null},"text":[""],"removed":["t"],"origin":"+delete"}
2019-5-8 15:27:39.339#keyHandled#"Backspace"
2019-5-8 15:27:39.563#change#{"from":{"line":6,"ch":3,"sticky":"after"},"to":{"line":6,"ch":4,"sticky":null},"text":[""],"removed":["n"],"origin":"+delete"}
2019-5-8 15:27:39.564#keyHandled#"Backspace"
2019-5-8 15:27:39.819#change#{"from":{"line":6,"ch":2,"sticky":"after"},"to":{"line":6,"ch":3,"sticky":null},"text":[""],"removed":["i"],"origin":"+delete"}
2019-5-8 15:27:39.820#keyHandled#"Backspace"
2019-5-8 15:27:40.155#change#{"from":{"line":6,"ch":1,"sticky":"after"},"to":{"line":6,"ch":2,"sticky":null},"text":[""],"removed":["r"],"origin":"+delete"}
2019-5-8 15:27:40.156#keyHandled#"Backspace"
2019-5-8 15:27:40.459#change#{"from":{"line":6,"ch":0,"sticky":"after"},"to":{"line":6,"ch":1,"sticky":null},"text":[""],"removed":["p"],"origin":"+delete"}
2019-5-8 15:27:40.459#keyHandled#"Backspace"
2019-5-8 15:27:42.015#mousedown#{"isTrusted":true}
2019-5-8 15:27:43.020#change#{"from":{"line":7,"ch":0,"sticky":"before"},"to":{"line":8,"ch":0,"sticky":"after","xRel":97.08331298828125},"text":[""],"removed":["",""],"origin":"+delete"}
2019-5-8 15:27:43.020#keyHandled#"Backspace"
2019-5-8 15:27:43.041#viewportChange#0
2019-5-8 15:27:43.596#change#{"from":{"line":6,"ch":0,"sticky":"before"},"to":{"line":7,"ch":0,"sticky":null},"text":[""],"removed":["",""],"origin":"+delete"}
2019-5-8 15:27:43.596#keyHandled#"Backspace"
2019-5-8 15:27:43.612#viewportChange#0
2019-5-8 15:27:47.626#blur#
2019-5-8 15:27:47.626#blur#
2019-5-8 15:27:51.256#saida_testar#$ python3 main.py
2019-5-8 15:27:53.151#mousedown#{"isTrusted":true}
2019-5-8 15:27:53.269#focus#
2019-5-8 15:27:59.997#change#{"from":{"line":14,"ch":12,"sticky":"after"},"to":{"line":14,"ch":13,"sticky":"before","xRel":-0.91668701171875},"text":[""],"removed":["1"],"origin":"+delete"}
2019-5-8 15:27:59.997#keyHandled#"Backspace"
2019-5-8 15:28:00.024#change#{"from":{"line":14,"ch":12,"sticky":null},"to":{"line":14,"ch":12,"sticky":null},"text":["",""],"removed":[""],"origin":"+input"}
2019-5-8 15:28:00.024#change#{"from":{"line":15,"ch":0,"sticky":null},"to":{"line":15,"ch":1,"sticky":null},"text":["\t\t"],"removed":[" "],"origin":"+input"}
2019-5-8 15:28:00.024#keyHandled#"Enter"
2019-5-8 15:28:00.040#viewportChange#0
2019-5-8 15:28:01.679#change#{"from":{"line":15,"ch":0,"sticky":null},"to":{"line":15,"ch":2,"sticky":null},"text":[" "],"removed":["\t\t"],"origin":"undo"}
2019-5-8 15:28:01.679#change#{"from":{"line":14,"ch":12,"sticky":null},"to":{"line":15,"ch":0,"sticky":null},"text":[""],"removed":["",""],"origin":"undo"}
2019-5-8 15:28:01.679#keyHandled#"Ctrl-Z"
2019-5-8 15:28:01.694#viewportChange#0
2019-5-8 15:28:25.204#change#{"from":{"line":14,"ch":12,"sticky":null},"to":{"line":14,"ch":12,"sticky":null},"text":["t"],"removed":[""],"origin":"+input"}
2019-5-8 15:28:25.519#change#{"from":{"line":14,"ch":13,"sticky":null},"to":{"line":14,"ch":13,"sticky":null},"text":["e"],"removed":[""],"origin":"+input"}
2019-5-8 15:28:25.743#change#{"from":{"line":14,"ch":14,"sticky":null},"to":{"line":14,"ch":14,"sticky":null},"text":["m"],"removed":[""],"origin":"+input"}
2019-5-8 15:28:25.919#change#{"from":{"line":14,"ch":15,"sticky":null},"to":{"line":14,"ch":15,"sticky":null},"text":["p"],"removed":[""],"origin":"+input"}
2019-5-8 15:28:26.032#change#{"from":{"line":14,"ch":16,"sticky":null},"to":{"line":14,"ch":16,"sticky":null},"text":["o"],"removed":[""],"origin":"+input"}
2019-5-8 15:28:26.032#change#{"from":{"line":14,"ch":16,"sticky":null},"to":{"line":14,"ch":16,"sticky":null},"text":["o"],"removed":[""],"origin":"+input"}
2019-5-8 15:28:29.291#saida_testar#$ python3 main.py
2019-5-8 15:28:33.224#blur#
2019-5-8 16:19:05.418#viewportChange#0
2019-5-8 16:21:00.524#viewportChange#0
2019-5-8 16:21:05.633#mousedown#{"isTrusted":true}
2019-5-8 16:21:05.698#focus#
2019-5-8 16:21:08.834#mousedown#{"isTrusted":true}
2019-5-8 16:21:09.441#mousedown#{"isTrusted":true}
2019-5-8 16:21:16.705#copy#{"isTrusted":true}
2019-5-8 16:21:19.329#blur#
2019-5-8 16:22:00.300#focus#
2019-5-8 16:22:05.290#blur#
2019-5-8 16:22:05.506#focus#
