2019-5-30 16:00:16.515#viewportChange#0
2019-5-30 16:00:49.114#mousedown#{"isTrusted":true}
2019-5-30 16:00:49.121#focus#
2019-5-30 16:00:51.072#change#{"from":{"line":0,"ch":0,"sticky":null},"to":{"line":0,"ch":0,"sticky":null},"text":["f"],"removed":[""],"origin":"+input"}
2019-5-30 16:00:51.245#change#{"from":{"line":0,"ch":1,"sticky":null},"to":{"line":0,"ch":1,"sticky":null},"text":["r"],"removed":[""],"origin":"+input"}
2019-5-30 16:00:51.284#change#{"from":{"line":0,"ch":2,"sticky":null},"to":{"line":0,"ch":2,"sticky":null},"text":["o"],"removed":[""],"origin":"+input"}
2019-5-30 16:00:51.447#change#{"from":{"line":0,"ch":3,"sticky":null},"to":{"line":0,"ch":3,"sticky":null},"text":["m"],"removed":[""],"origin":"+input"}
2019-5-30 16:00:51.564#change#{"from":{"line":0,"ch":4,"sticky":null},"to":{"line":0,"ch":4,"sticky":null},"text":[" "],"removed":[""],"origin":"+input"}
2019-5-30 16:00:51.744#change#{"from":{"line":0,"ch":5,"sticky":null},"to":{"line":0,"ch":5,"sticky":null},"text":["n"],"removed":[""],"origin":"+input"}
2019-5-30 16:00:51.918#change#{"from":{"line":0,"ch":6,"sticky":null},"to":{"line":0,"ch":6,"sticky":null},"text":["u"],"removed":[""],"origin":"+input"}
2019-5-30 16:00:52.088#change#{"from":{"line":0,"ch":7,"sticky":null},"to":{"line":0,"ch":7,"sticky":null},"text":["m"],"removed":[""],"origin":"+input"}
2019-5-30 16:00:52.260#change#{"from":{"line":0,"ch":8,"sticky":null},"to":{"line":0,"ch":8,"sticky":null},"text":["p"],"removed":[""],"origin":"+input"}
2019-5-30 16:00:52.409#change#{"from":{"line":0,"ch":9,"sticky":null},"to":{"line":0,"ch":9,"sticky":null},"text":["y"],"removed":[""],"origin":"+input"}
2019-5-30 16:00:52.516#change#{"from":{"line":0,"ch":10,"sticky":null},"to":{"line":0,"ch":10,"sticky":null},"text":[" "],"removed":[""],"origin":"+input"}
2019-5-30 16:00:53.073#change#{"from":{"line":0,"ch":11,"sticky":null},"to":{"line":0,"ch":11,"sticky":null},"text":["i"],"removed":[""],"origin":"+input"}
2019-5-30 16:00:53.256#change#{"from":{"line":0,"ch":12,"sticky":null},"to":{"line":0,"ch":12,"sticky":null},"text":["m"],"removed":[""],"origin":"+input"}
2019-5-30 16:00:53.431#change#{"from":{"line":0,"ch":13,"sticky":null},"to":{"line":0,"ch":13,"sticky":null},"text":["p"],"removed":[""],"origin":"+input"}
2019-5-30 16:00:53.574#change#{"from":{"line":0,"ch":14,"sticky":null},"to":{"line":0,"ch":14,"sticky":null},"text":["o"],"removed":[""],"origin":"+input"}
2019-5-30 16:00:53.653#change#{"from":{"line":0,"ch":15,"sticky":null},"to":{"line":0,"ch":15,"sticky":null},"text":["r"],"removed":[""],"origin":"+input"}
2019-5-30 16:00:53.814#change#{"from":{"line":0,"ch":16,"sticky":null},"to":{"line":0,"ch":16,"sticky":null},"text":["t"],"removed":[""],"origin":"+input"}
2019-5-30 16:00:54.157#change#{"from":{"line":0,"ch":17,"sticky":null},"to":{"line":0,"ch":17,"sticky":null},"text":["*"],"removed":[""],"origin":"+input"}
2019-5-30 16:00:54.398#change#{"from":{"line":0,"ch":18,"sticky":null},"to":{"line":0,"ch":18,"sticky":null},"text":["",""],"removed":[""],"origin":"+input"}
2019-5-30 16:00:54.399#keyHandled#"Enter"
2019-5-30 16:00:54.415#viewportChange#0
2019-5-30 16:00:55.860#change#{"from":{"line":1,"ch":0,"sticky":null},"to":{"line":1,"ch":0,"sticky":null},"text":["a"],"removed":[""],"origin":"+input"}
2019-5-30 16:00:55.926#change#{"from":{"line":1,"ch":1,"sticky":null},"to":{"line":1,"ch":1,"sticky":null},"text":[" "],"removed":[""],"origin":"+input"}
2019-5-30 16:00:56.257#change#{"from":{"line":1,"ch":2,"sticky":null},"to":{"line":1,"ch":2,"sticky":null},"text":["="],"removed":[""],"origin":"+input"}
2019-5-30 16:00:56.423#change#{"from":{"line":1,"ch":3,"sticky":null},"to":{"line":1,"ch":3,"sticky":null},"text":[" "],"removed":[""],"origin":"+input"}
2019-5-30 16:00:56.630#change#{"from":{"line":1,"ch":4,"sticky":null},"to":{"line":1,"ch":4,"sticky":null},"text":["a"],"removed":[""],"origin":"+input"}
2019-5-30 16:00:56.766#change#{"from":{"line":1,"ch":5,"sticky":null},"to":{"line":1,"ch":5,"sticky":null},"text":["r"],"removed":[""],"origin":"+input"}
2019-5-30 16:00:56.941#change#{"from":{"line":1,"ch":6,"sticky":null},"to":{"line":1,"ch":6,"sticky":null},"text":["r"],"removed":[""],"origin":"+input"}
2019-5-30 16:00:57.046#change#{"from":{"line":1,"ch":7,"sticky":null},"to":{"line":1,"ch":7,"sticky":null},"text":["a"],"removed":[""],"origin":"+input"}
2019-5-30 16:00:58.351#change#{"from":{"line":1,"ch":8,"sticky":null},"to":{"line":1,"ch":8,"sticky":null},"text":["y"],"removed":[""],"origin":"+input"}
2019-5-30 16:00:58.959#change#{"from":{"line":1,"ch":9,"sticky":null},"to":{"line":1,"ch":9,"sticky":null},"text":["()"],"removed":[""],"origin":"+input"}
2019-5-30 16:00:58.959#keyHandled#"'('"
2019-5-30 16:01:01.151#change#{"from":{"line":1,"ch":10,"sticky":"after"},"to":{"line":1,"ch":10,"sticky":"after"},"text":["i"],"removed":[""],"origin":"+input"}
2019-5-30 16:01:01.329#change#{"from":{"line":1,"ch":11,"sticky":null},"to":{"line":1,"ch":11,"sticky":null},"text":["n"],"removed":[""],"origin":"+input"}
2019-5-30 16:01:01.505#change#{"from":{"line":1,"ch":12,"sticky":null},"to":{"line":1,"ch":12,"sticky":null},"text":["p"],"removed":[""],"origin":"+input"}
2019-5-30 16:01:01.697#change#{"from":{"line":1,"ch":13,"sticky":null},"to":{"line":1,"ch":13,"sticky":null},"text":["u"],"removed":[""],"origin":"+input"}
2019-5-30 16:01:01.835#change#{"from":{"line":1,"ch":14,"sticky":null},"to":{"line":1,"ch":14,"sticky":null},"text":["t"],"removed":[""],"origin":"+input"}
2019-5-30 16:01:02.096#change#{"from":{"line":1,"ch":15,"sticky":null},"to":{"line":1,"ch":15,"sticky":null},"text":["()"],"removed":[""],"origin":"+input"}
2019-5-30 16:01:02.096#keyHandled#"'('"
2019-5-30 16:01:02.879#keyHandled#"Left"
2019-5-30 16:01:03.124#keyHandled#"Right"
2019-5-30 16:01:03.275#keyHandled#"Right"
2019-5-30 16:01:03.432#keyHandled#"Right"
2019-5-30 16:01:05.642#mousedown#{"isTrusted":true}
2019-5-30 16:01:06.558#keyHandled#"Right"
2019-5-30 16:01:06.724#change#{"from":{"line":1,"ch":10,"sticky":"before"},"to":{"line":1,"ch":10,"sticky":"before"},"text":["e"],"removed":[""],"origin":"+input"}
2019-5-30 16:01:06.870#change#{"from":{"line":1,"ch":11,"sticky":null},"to":{"line":1,"ch":11,"sticky":null},"text":["v"],"removed":[""],"origin":"+input"}
2019-5-30 16:01:06.949#change#{"from":{"line":1,"ch":12,"sticky":null},"to":{"line":1,"ch":12,"sticky":null},"text":["a"],"removed":[""],"origin":"+input"}
2019-5-30 16:01:07.714#change#{"from":{"line":1,"ch":13,"sticky":null},"to":{"line":1,"ch":13,"sticky":null},"text":["l"],"removed":[""],"origin":"+input"}
2019-5-30 16:01:07.986#change#{"from":{"line":1,"ch":14,"sticky":null},"to":{"line":1,"ch":14,"sticky":null},"text":["("],"removed":[""],"origin":"+input"}
2019-5-30 16:01:08.399#keyHandled#"Right"
2019-5-30 16:01:08.900#keyHandled#"Right"
2019-5-30 16:01:08.950#keyHandled#"Right"
2019-5-30 16:01:09.001#keyHandled#"Right"
2019-5-30 16:01:09.049#keyHandled#"Right"
2019-5-30 16:01:09.099#keyHandled#"Right"
2019-5-30 16:01:09.324#keyHandled#"Right"
2019-5-30 16:01:09.467#keyHandled#"Right"
2019-5-30 16:01:10.252#change#{"from":{"line":1,"ch":23,"sticky":"before"},"to":{"line":1,"ch":23,"sticky":"before"},"text":[")"],"removed":[""],"origin":"+input"}
2019-5-30 16:01:12.396#blur#
2019-5-30 16:01:28.190#mousedown#{"isTrusted":true}
2019-5-30 16:01:28.201#focus#
2019-5-30 16:01:29.240#change#{"from":{"line":1,"ch":24,"sticky":"before","xRel":20.79998779296875},"to":{"line":1,"ch":24,"sticky":"before","xRel":20.79998779296875},"text":["",""],"removed":[""],"origin":"+input"}
2019-5-30 16:01:29.240#keyHandled#"Enter"
2019-5-30 16:01:29.259#viewportChange#0
2019-5-30 16:01:29.510#change#{"from":{"line":2,"ch":0,"sticky":null},"to":{"line":2,"ch":0,"sticky":null},"text":["p"],"removed":[""],"origin":"+input"}
2019-5-30 16:01:29.659#change#{"from":{"line":2,"ch":1,"sticky":null},"to":{"line":2,"ch":1,"sticky":null},"text":[" "],"removed":[""],"origin":"+input"}
2019-5-30 16:01:29.736#change#{"from":{"line":2,"ch":2,"sticky":null},"to":{"line":2,"ch":2,"sticky":null},"text":["="],"removed":[""],"origin":"+input"}
2019-5-30 16:01:29.834#change#{"from":{"line":2,"ch":3,"sticky":null},"to":{"line":2,"ch":3,"sticky":null},"text":[" "],"removed":[""],"origin":"+input"}
2019-5-30 16:01:30.161#change#{"from":{"line":2,"ch":4,"sticky":null},"to":{"line":2,"ch":4,"sticky":null},"text":["0"],"removed":[""],"origin":"+input"}
2019-5-30 16:01:31.278#change#{"from":{"line":2,"ch":4,"sticky":"after"},"to":{"line":2,"ch":5,"sticky":null},"text":[""],"removed":["0"],"origin":"+delete"}
2019-5-30 16:01:31.278#keyHandled#"Backspace"
2019-5-30 16:01:31.433#change#{"from":{"line":2,"ch":4,"sticky":null},"to":{"line":2,"ch":4,"sticky":null},"text":["1"],"removed":[""],"origin":"+input"}
2019-5-30 16:01:33.974#change#{"from":{"line":2,"ch":5,"sticky":null},"to":{"line":2,"ch":5,"sticky":null},"text":["",""],"removed":[""],"origin":"+input"}
2019-5-30 16:01:33.974#keyHandled#"Enter"
2019-5-30 16:01:33.989#viewportChange#0
2019-5-30 16:02:03.502#change#{"from":{"line":3,"ch":0,"sticky":null},"to":{"line":3,"ch":0,"sticky":null},"text":["i"],"removed":[""],"origin":"+input"}
2019-5-30 16:02:03.683#change#{"from":{"line":3,"ch":1,"sticky":null},"to":{"line":3,"ch":1,"sticky":null},"text":[" "],"removed":[""],"origin":"+input"}
2019-5-30 16:02:03.789#change#{"from":{"line":3,"ch":2,"sticky":null},"to":{"line":3,"ch":2,"sticky":null},"text":["="],"removed":[""],"origin":"+input"}
2019-5-30 16:02:03.896#change#{"from":{"line":3,"ch":3,"sticky":null},"to":{"line":3,"ch":3,"sticky":null},"text":[" "],"removed":[""],"origin":"+input"}
2019-5-30 16:02:04.678#change#{"from":{"line":3,"ch":4,"sticky":null},"to":{"line":3,"ch":4,"sticky":null},"text":["0"],"removed":[""],"origin":"+input"}
2019-5-30 16:02:07.712#blur#
2019-5-30 16:02:31.865#mousedown#{"isTrusted":true}
2019-5-30 16:02:31.874#focus#
2019-5-30 16:02:33.157#change#{"from":{"line":3,"ch":5,"sticky":"before","xRel":15.04998779296875},"to":{"line":3,"ch":5,"sticky":"before","xRel":15.04998779296875},"text":["",""],"removed":[""],"origin":"+input"}
2019-5-30 16:02:33.157#keyHandled#"Enter"
2019-5-30 16:02:33.183#viewportChange#0
2019-5-30 16:02:33.581#change#{"from":{"line":4,"ch":0,"sticky":null},"to":{"line":4,"ch":0,"sticky":null},"text":["w"],"removed":[""],"origin":"+input"}
2019-5-30 16:02:33.736#change#{"from":{"line":4,"ch":1,"sticky":null},"to":{"line":4,"ch":1,"sticky":null},"text":["h"],"removed":[""],"origin":"+input"}
2019-5-30 16:02:33.823#change#{"from":{"line":4,"ch":2,"sticky":null},"to":{"line":4,"ch":2,"sticky":null},"text":["i"],"removed":[""],"origin":"+input"}
2019-5-30 16:02:33.984#change#{"from":{"line":4,"ch":3,"sticky":null},"to":{"line":4,"ch":3,"sticky":null},"text":["l"],"removed":[""],"origin":"+input"}
2019-5-30 16:02:34.071#change#{"from":{"line":4,"ch":4,"sticky":null},"to":{"line":4,"ch":4,"sticky":null},"text":["e"],"removed":[""],"origin":"+input"}
2019-5-30 16:02:34.167#change#{"from":{"line":4,"ch":5,"sticky":null},"to":{"line":4,"ch":5,"sticky":null},"text":[" "],"removed":[""],"origin":"+input"}
2019-5-30 16:02:34.329#change#{"from":{"line":4,"ch":6,"sticky":null},"to":{"line":4,"ch":6,"sticky":null},"text":["s"],"removed":[""],"origin":"+input"}
2019-5-30 16:02:34.439#change#{"from":{"line":4,"ch":7,"sticky":null},"to":{"line":4,"ch":7,"sticky":null},"text":["i"],"removed":[""],"origin":"+input"}
2019-5-30 16:02:34.575#change#{"from":{"line":4,"ch":8,"sticky":null},"to":{"line":4,"ch":8,"sticky":null},"text":["z"],"removed":[""],"origin":"+input"}
2019-5-30 16:02:34.822#change#{"from":{"line":4,"ch":9,"sticky":null},"to":{"line":4,"ch":9,"sticky":null},"text":["e"],"removed":[""],"origin":"+input"}
2019-5-30 16:02:35.439#change#{"from":{"line":4,"ch":9,"sticky":"after"},"to":{"line":4,"ch":10,"sticky":null},"text":[""],"removed":["e"],"origin":"+delete"}
2019-5-30 16:02:35.439#keyHandled#"Backspace"
2019-5-30 16:02:35.725#change#{"from":{"line":4,"ch":8,"sticky":"after"},"to":{"line":4,"ch":9,"sticky":null},"text":[""],"removed":["z"],"origin":"+delete"}
2019-5-30 16:02:35.725#keyHandled#"Backspace"
2019-5-30 16:02:35.869#change#{"from":{"line":4,"ch":7,"sticky":"after"},"to":{"line":4,"ch":8,"sticky":null},"text":[""],"removed":["i"],"origin":"+delete"}
2019-5-30 16:02:35.869#keyHandled#"Backspace"
2019-5-30 16:02:36.044#change#{"from":{"line":4,"ch":6,"sticky":"after"},"to":{"line":4,"ch":7,"sticky":null},"text":[""],"removed":["s"],"origin":"+delete"}
2019-5-30 16:02:36.044#keyHandled#"Backspace"
2019-5-30 16:02:36.795#change#{"from":{"line":4,"ch":6,"sticky":null},"to":{"line":4,"ch":6,"sticky":null},"text":["i"],"removed":[""],"origin":"+input"}
2019-5-30 16:02:37.006#change#{"from":{"line":4,"ch":7,"sticky":null},"to":{"line":4,"ch":7,"sticky":null},"text":[" "],"removed":[""],"origin":"+input"}
2019-5-30 16:02:37.248#change#{"from":{"line":4,"ch":8,"sticky":null},"to":{"line":4,"ch":8,"sticky":null},"text":["<"],"removed":[""],"origin":"+input"}
2019-5-30 16:02:37.324#change#{"from":{"line":4,"ch":9,"sticky":null},"to":{"line":4,"ch":9,"sticky":null},"text":[" "],"removed":[""],"origin":"+input"}
2019-5-30 16:02:37.563#change#{"from":{"line":4,"ch":10,"sticky":null},"to":{"line":4,"ch":10,"sticky":null},"text":["s"],"removed":[""],"origin":"+input"}
2019-5-30 16:02:37.742#change#{"from":{"line":4,"ch":11,"sticky":null},"to":{"line":4,"ch":11,"sticky":null},"text":["i"],"removed":[""],"origin":"+input"}
2019-5-30 16:02:37.863#change#{"from":{"line":4,"ch":12,"sticky":null},"to":{"line":4,"ch":12,"sticky":null},"text":["z"],"removed":[""],"origin":"+input"}
2019-5-30 16:02:38.112#change#{"from":{"line":4,"ch":13,"sticky":null},"to":{"line":4,"ch":13,"sticky":null},"text":["e"],"removed":[""],"origin":"+input"}
2019-5-30 16:02:38.369#change#{"from":{"line":4,"ch":14,"sticky":null},"to":{"line":4,"ch":14,"sticky":null},"text":["()"],"removed":[""],"origin":"+input"}
2019-5-30 16:02:38.369#keyHandled#"'('"
2019-5-30 16:02:38.983#change#{"from":{"line":4,"ch":15,"sticky":"after"},"to":{"line":4,"ch":15,"sticky":"after"},"text":["a"],"removed":[""],"origin":"+input"}
2019-5-30 16:02:39.476#keyHandled#"Right"
2019-5-30 16:02:40.180#change#{"from":{"line":4,"ch":17,"sticky":"before"},"to":{"line":4,"ch":17,"sticky":"before"},"text":[":"],"removed":[""],"origin":"+input"}
2019-5-30 16:02:40.389#change#{"from":{"line":4,"ch":18,"sticky":null},"to":{"line":4,"ch":18,"sticky":null},"text":["",""],"removed":[""],"origin":"+input"}
2019-5-30 16:02:40.389#change#{"from":{"line":5,"ch":0,"sticky":null},"to":{"line":5,"ch":0,"sticky":null},"text":["\t"],"removed":[""],"origin":"+input"}
2019-5-30 16:02:40.389#keyHandled#"Enter"
2019-5-30 16:02:40.412#viewportChange#0
2019-5-30 16:03:02.597#change#{"from":{"line":5,"ch":1,"sticky":null},"to":{"line":5,"ch":1,"sticky":null},"text":["d"],"removed":[""],"origin":"+input"}
2019-5-30 16:03:02.651#change#{"from":{"line":5,"ch":2,"sticky":null},"to":{"line":5,"ch":2,"sticky":null},"text":["a"],"removed":[""],"origin":"+input"}
2019-5-30 16:03:02.768#change#{"from":{"line":5,"ch":3,"sticky":null},"to":{"line":5,"ch":3,"sticky":null},"text":["n"],"removed":[""],"origin":"+input"}
2019-5-30 16:03:03.264#change#{"from":{"line":5,"ch":4,"sticky":null},"to":{"line":5,"ch":4,"sticky":null},"text":["o"],"removed":[""],"origin":"+input"}
2019-5-30 16:03:03.383#change#{"from":{"line":5,"ch":5,"sticky":null},"to":{"line":5,"ch":5,"sticky":null},"text":[" "],"removed":[""],"origin":"+input"}
2019-5-30 16:03:03.498#change#{"from":{"line":5,"ch":6,"sticky":null},"to":{"line":5,"ch":6,"sticky":null},"text":["="],"removed":[""],"origin":"+input"}
2019-5-30 16:03:03.563#change#{"from":{"line":5,"ch":7,"sticky":null},"to":{"line":5,"ch":7,"sticky":null},"text":[" "],"removed":[""],"origin":"+input"}
2019-5-30 16:03:09.208#change#{"from":{"line":5,"ch":8,"sticky":null},"to":{"line":5,"ch":8,"sticky":null},"text":["a"],"removed":[""],"origin":"+input"}
2019-5-30 16:03:10.197#change#{"from":{"line":5,"ch":9,"sticky":null},"to":{"line":5,"ch":9,"sticky":null},"text":["[]"],"removed":[""],"origin":"+input"}
2019-5-30 16:03:10.197#keyHandled#"'['"
2019-5-30 16:03:11.412#change#{"from":{"line":5,"ch":10,"sticky":"after"},"to":{"line":5,"ch":10,"sticky":"after"},"text":["i"],"removed":[""],"origin":"+input"}
2019-5-30 16:03:11.979#keyHandled#"Right"
2019-5-30 16:03:13.146#change#{"from":{"line":5,"ch":12,"sticky":"before"},"to":{"line":5,"ch":12,"sticky":"before"},"text":["*"],"removed":[""],"origin":"+input"}
2019-5-30 16:03:14.803#change#{"from":{"line":5,"ch":13,"sticky":null},"to":{"line":5,"ch":13,"sticky":null},"text":["p"],"removed":[""],"origin":"+input"}
2019-5-30 16:03:22.616#change#{"from":{"line":5,"ch":14,"sticky":null},"to":{"line":5,"ch":14,"sticky":null},"text":["",""],"removed":[""],"origin":"+input"}
2019-5-30 16:03:22.616#change#{"from":{"line":6,"ch":0,"sticky":null},"to":{"line":6,"ch":0,"sticky":null},"text":["\t"],"removed":[""],"origin":"+input"}
2019-5-30 16:03:22.616#keyHandled#"Enter"
2019-5-30 16:03:22.632#viewportChange#0
2019-5-30 16:03:39.763#change#{"from":{"line":6,"ch":1,"sticky":null},"to":{"line":6,"ch":1,"sticky":null},"text":["p"],"removed":[""],"origin":"+input"}
2019-5-30 16:03:40.028#change#{"from":{"line":6,"ch":2,"sticky":null},"to":{"line":6,"ch":2,"sticky":null},"text":[" "],"removed":[""],"origin":"+input"}
2019-5-30 16:03:40.241#change#{"from":{"line":6,"ch":3,"sticky":null},"to":{"line":6,"ch":3,"sticky":null},"text":["+"],"removed":[""],"origin":"+input"}
2019-5-30 16:03:40.754#change#{"from":{"line":6,"ch":4,"sticky":null},"to":{"line":6,"ch":4,"sticky":null},"text":[" "],"removed":[""],"origin":"+input"}
2019-5-30 16:03:40.867#change#{"from":{"line":6,"ch":5,"sticky":null},"to":{"line":6,"ch":5,"sticky":null},"text":["1"],"removed":[""],"origin":"+input"}
2019-5-30 16:03:42.311#change#{"from":{"line":6,"ch":6,"sticky":null},"to":{"line":6,"ch":6,"sticky":null},"text":["",""],"removed":[""],"origin":"+input"}
2019-5-30 16:03:42.311#change#{"from":{"line":7,"ch":0,"sticky":null},"to":{"line":7,"ch":0,"sticky":null},"text":["\t"],"removed":[""],"origin":"+input"}
2019-5-30 16:03:42.311#keyHandled#"Enter"
2019-5-30 16:03:42.326#viewportChange#0
2019-5-30 16:03:43.244#change#{"from":{"line":7,"ch":1,"sticky":null},"to":{"line":7,"ch":1,"sticky":null},"text":["i"],"removed":[""],"origin":"+input"}
2019-5-30 16:03:43.379#change#{"from":{"line":7,"ch":2,"sticky":null},"to":{"line":7,"ch":2,"sticky":null},"text":[" "],"removed":[""],"origin":"+input"}
2019-5-30 16:03:43.585#change#{"from":{"line":7,"ch":3,"sticky":null},"to":{"line":7,"ch":3,"sticky":null},"text":["+"],"removed":[""],"origin":"+input"}
2019-5-30 16:03:43.719#change#{"from":{"line":7,"ch":4,"sticky":null},"to":{"line":7,"ch":4,"sticky":null},"text":[" "],"removed":[""],"origin":"+input"}
2019-5-30 16:03:44.201#change#{"from":{"line":7,"ch":5,"sticky":null},"to":{"line":7,"ch":5,"sticky":null},"text":["1"],"removed":[""],"origin":"+input"}
2019-5-30 16:03:44.375#change#{"from":{"line":7,"ch":6,"sticky":null},"to":{"line":7,"ch":6,"sticky":null},"text":["",""],"removed":[""],"origin":"+input"}
2019-5-30 16:03:44.375#change#{"from":{"line":8,"ch":0,"sticky":null},"to":{"line":8,"ch":0,"sticky":null},"text":["\t"],"removed":[""],"origin":"+input"}
2019-5-30 16:03:44.375#keyHandled#"Enter"
2019-5-30 16:03:44.388#viewportChange#0
2019-5-30 16:03:44.846#change#{"from":{"line":8,"ch":0,"sticky":"after"},"to":{"line":8,"ch":1,"sticky":null},"text":[""],"removed":["\t"],"origin":"+delete"}
2019-5-30 16:03:44.846#keyHandled#"Backspace"
2019-5-30 16:03:45.227#change#{"from":{"line":8,"ch":0,"sticky":null},"to":{"line":8,"ch":0,"sticky":null},"text":["p"],"removed":[""],"origin":"+input"}
2019-5-30 16:03:45.327#change#{"from":{"line":8,"ch":1,"sticky":null},"to":{"line":8,"ch":1,"sticky":null},"text":["r"],"removed":[""],"origin":"+input"}
2019-5-30 16:03:45.442#change#{"from":{"line":8,"ch":2,"sticky":null},"to":{"line":8,"ch":2,"sticky":null},"text":["i"],"removed":[""],"origin":"+input"}
2019-5-30 16:03:45.589#change#{"from":{"line":8,"ch":3,"sticky":null},"to":{"line":8,"ch":3,"sticky":null},"text":["n"],"removed":[""],"origin":"+input"}
2019-5-30 16:03:45.651#change#{"from":{"line":8,"ch":4,"sticky":null},"to":{"line":8,"ch":4,"sticky":null},"text":["t"],"removed":[""],"origin":"+input"}
2019-5-30 16:03:45.759#change#{"from":{"line":8,"ch":5,"sticky":null},"to":{"line":8,"ch":5,"sticky":null},"text":[" "],"removed":[""],"origin":"+input"}
2019-5-30 16:03:45.902#change#{"from":{"line":8,"ch":6,"sticky":null},"to":{"line":8,"ch":6,"sticky":null},"text":["d"],"removed":[""],"origin":"+input"}
2019-5-30 16:03:45.959#change#{"from":{"line":8,"ch":7,"sticky":null},"to":{"line":8,"ch":7,"sticky":null},"text":["a"],"removed":[""],"origin":"+input"}
2019-5-30 16:03:45.980#change#{"from":{"line":8,"ch":8,"sticky":null},"to":{"line":8,"ch":8,"sticky":null},"text":["n"],"removed":[""],"origin":"+input"}
2019-5-30 16:03:46.166#change#{"from":{"line":8,"ch":9,"sticky":null},"to":{"line":8,"ch":9,"sticky":null},"text":["p"],"removed":[""],"origin":"+input"}
2019-5-30 16:03:46.476#change#{"from":{"line":8,"ch":9,"sticky":"after"},"to":{"line":8,"ch":10,"sticky":null},"text":[""],"removed":["p"],"origin":"+delete"}
2019-5-30 16:03:46.476#keyHandled#"Backspace"
2019-5-30 16:03:46.600#change#{"from":{"line":8,"ch":8,"sticky":"after"},"to":{"line":8,"ch":9,"sticky":null},"text":[""],"removed":["n"],"origin":"+delete"}
2019-5-30 16:03:46.600#keyHandled#"Backspace"
2019-5-30 16:03:46.729#change#{"from":{"line":8,"ch":7,"sticky":"after"},"to":{"line":8,"ch":8,"sticky":null},"text":[""],"removed":["a"],"origin":"+delete"}
2019-5-30 16:03:46.729#keyHandled#"Backspace"
2019-5-30 16:03:46.825#change#{"from":{"line":8,"ch":6,"sticky":"after"},"to":{"line":8,"ch":7,"sticky":null},"text":[""],"removed":["d"],"origin":"+delete"}
2019-5-30 16:03:46.825#keyHandled#"Backspace"
2019-5-30 16:03:46.997#change#{"from":{"line":8,"ch":5,"sticky":"after"},"to":{"line":8,"ch":6,"sticky":null},"text":[""],"removed":[" "],"origin":"+delete"}
2019-5-30 16:03:46.997#keyHandled#"Backspace"
2019-5-30 16:03:47.714#change#{"from":{"line":8,"ch":5,"sticky":null},"to":{"line":8,"ch":5,"sticky":null},"text":["()"],"removed":[""],"origin":"+input"}
2019-5-30 16:03:47.714#keyHandled#"'('"
2019-5-30 16:03:47.893#change#{"from":{"line":8,"ch":6,"sticky":"after"},"to":{"line":8,"ch":6,"sticky":"after"},"text":["d"],"removed":[""],"origin":"+input"}
2019-5-30 16:03:47.950#change#{"from":{"line":8,"ch":7,"sticky":null},"to":{"line":8,"ch":7,"sticky":null},"text":["a"],"removed":[""],"origin":"+input"}
2019-5-30 16:03:47.985#change#{"from":{"line":8,"ch":8,"sticky":null},"to":{"line":8,"ch":8,"sticky":null},"text":["n"],"removed":[""],"origin":"+input"}
2019-5-30 16:03:48.163#change#{"from":{"line":8,"ch":9,"sticky":null},"to":{"line":8,"ch":9,"sticky":null},"text":["o"],"removed":[""],"origin":"+input"}
2019-5-30 16:03:50.664#mousedown#{"isTrusted":true}
2019-5-30 16:03:50.664#mousedown#{"isTrusted":true}
2019-5-30 16:03:52.715#saida_testar#$ python3 main.py
2019-5-30 16:03:53.648#blur#
2019-5-30 16:04:05.643#mousedown#{"isTrusted":true}
2019-5-30 16:04:05.855#focus#
2019-5-30 16:04:06.120#mousedown#{"isTrusted":true}
2019-5-30 16:04:06.120#mousedown#{"isTrusted":true}
2019-5-30 16:04:11.023#saida_testar#$ python3 main.py
2019-5-30 16:04:11.023#saida_testar#$ python3 main.py
2019-5-30 16:04:26.528#blur#
2019-5-30 16:04:26.656#kill_program#1
2019-5-30 16:04:27.839#mousedown#{"isTrusted":true}
2019-5-30 16:04:27.859#focus#
2019-5-30 16:04:29.585#change#{"from":{"line":4,"ch":10,"sticky":"after","xRel":4.29998779296875},"to":{"line":4,"ch":14,"sticky":"before","xRel":-0.70001220703125},"text":["m"],"removed":["size"],"origin":"+input"}
2019-5-30 16:04:29.656#change#{"from":{"line":4,"ch":11,"sticky":null},"to":{"line":4,"ch":11,"sticky":null},"text":["a"],"removed":[""],"origin":"+input"}
2019-5-30 16:04:29.756#change#{"from":{"line":4,"ch":12,"sticky":null},"to":{"line":4,"ch":12,"sticky":null},"text":["x"],"removed":[""],"origin":"+input"}
2019-5-30 16:04:29.585#change#{"from":{"line":4,"ch":10,"sticky":"after","xRel":4.29998779296875},"to":{"line":4,"ch":14,"sticky":"before","xRel":-0.70001220703125},"text":["m"],"removed":["size"],"origin":"+input"}
2019-5-30 16:04:29.656#change#{"from":{"line":4,"ch":11,"sticky":null},"to":{"line":4,"ch":11,"sticky":null},"text":["a"],"removed":[""],"origin":"+input"}
2019-5-30 16:04:29.756#change#{"from":{"line":4,"ch":12,"sticky":null},"to":{"line":4,"ch":12,"sticky":null},"text":["x"],"removed":[""],"origin":"+input"}
2019-5-30 16:04:38.822#saida_testar#$ python3 main.py
2019-5-30 16:04:39.268#blur#
2019-5-30 16:04:51.995#mousedown#{"isTrusted":true}
2019-5-30 16:04:52.209#focus#
2019-5-30 16:04:52.448#mousedown#{"isTrusted":true}
2019-5-30 16:04:52.209#focus#
2019-5-30 16:04:52.448#mousedown#{"isTrusted":true}
2019-5-30 16:04:55.281#mousedown#{"isTrusted":true}
2019-5-30 16:04:55.770#blur#
2019-5-30 16:04:58.224#kill_program#1
2019-5-30 16:05:18.000#mousedown#{"isTrusted":true}
2019-5-30 16:05:18.019#focus#
2019-5-30 16:05:21.694#blur#
2019-5-30 16:05:28.587#mousedown#{"isTrusted":true}
2019-5-30 16:05:28.602#focus#
2019-5-30 16:05:29.665#change#{"from":{"line":6,"ch":3,"sticky":"before","xRel":-1.20001220703125},"to":{"line":6,"ch":3,"sticky":"before","xRel":-1.20001220703125},"text":["="],"removed":[""],"origin":"+input"}
2019-5-30 16:05:30.177#keyHandled#"Down"
2019-5-30 16:05:30.405#keyHandled#"Left"
2019-5-30 16:05:31.398#keyHandled#"Right"
2019-5-30 16:05:31.967#keyHandled#"Up"
2019-5-30 16:05:32.188#keyHandled#"Up"
2019-5-30 16:05:32.693#keyHandled#"Down"
2019-5-30 16:05:32.841#keyHandled#"Right"
2019-5-30 16:05:33.496#change#{"from":{"line":6,"ch":4,"sticky":"after"},"to":{"line":6,"ch":5,"sticky":"before"},"text":[""],"removed":["+"],"origin":"+delete"}
2019-5-30 16:05:33.496#keyHandled#"Backspace"
2019-5-30 16:05:33.659#change#{"from":{"line":6,"ch":3,"sticky":"after"},"to":{"line":6,"ch":4,"sticky":null},"text":[""],"removed":["="],"origin":"+delete"}
2019-5-30 16:05:33.659#keyHandled#"Backspace"
2019-5-30 16:05:33.958#change#{"from":{"line":6,"ch":3,"sticky":null},"to":{"line":6,"ch":3,"sticky":null},"text":["",""],"removed":[""],"origin":"+input"}
2019-5-30 16:05:33.958#change#{"from":{"line":7,"ch":0,"sticky":null},"to":{"line":7,"ch":1,"sticky":null},"text":["\t"],"removed":[" "],"origin":"+input"}
2019-5-30 16:05:33.958#keyHandled#"Enter"
2019-5-30 16:05:33.992#viewportChange#0
2019-5-30 16:05:35.409#change#{"from":{"line":7,"ch":0,"sticky":null},"to":{"line":7,"ch":1,"sticky":null},"text":[" "],"removed":["\t"],"origin":"undo"}
2019-5-30 16:05:35.409#change#{"from":{"line":6,"ch":3,"sticky":null},"to":{"line":7,"ch":0,"sticky":null},"text":[""],"removed":["",""],"origin":"undo"}
2019-5-30 16:05:35.409#keyHandled#"Ctrl-Z"
2019-5-30 16:05:35.446#viewportChange#0
2019-5-30 16:05:36.042#change#{"from":{"line":6,"ch":3,"sticky":null},"to":{"line":6,"ch":3,"sticky":null},"text":["+"],"removed":[""],"origin":"+input"}
2019-5-30 16:05:36.216#change#{"from":{"line":6,"ch":4,"sticky":null},"to":{"line":6,"ch":4,"sticky":null},"text":["="],"removed":[""],"origin":"+input"}
2019-5-30 16:05:36.731#keyHandled#"Down"
2019-5-30 16:05:36.914#keyHandled#"Left"
2019-5-30 16:05:37.225#keyHandled#"Left"
2019-5-30 16:05:37.837#keyHandled#"Right"
2019-5-30 16:05:38.386#change#{"from":{"line":7,"ch":4,"sticky":"before"},"to":{"line":7,"ch":4,"sticky":"before"},"text":["="],"removed":[""],"origin":"+input"}
2019-5-30 16:05:38.386#change#{"from":{"line":7,"ch":4,"sticky":"before"},"to":{"line":7,"ch":4,"sticky":"before"},"text":["="],"removed":[""],"origin":"+input"}
2019-5-30 16:05:40.155#blur#
2019-5-30 16:05:41.057#saida_testar#$ python3 main.py
2019-5-30 16:05:41.057#saida_testar#$ python3 main.py
2019-5-30 16:05:56.972#kill_program#1
2019-5-30 16:05:57.272#submit#Your code did not produce the correct output. Please, correct your code and try again.
2019-5-30 16:05:57.272#submit#Your code did not produce the correct output. Please, correct your code and try again.
2019-5-30 16:06:00.803#saida_testar#$ python3 main.py
2019-5-30 16:06:18.445#mousedown#{"isTrusted":true}
2019-5-30 16:06:18.648#focus#
2019-5-30 16:06:18.445#mousedown#{"isTrusted":true}
2019-5-30 16:06:18.648#focus#
2019-5-30 16:06:20.953#saida_testar#$ python3 main.py
2,4,9
Traceback (most recent call last):
File "main.py", line 6, in <module>
dano = a[i]*p
IndexError: index 3 is out of bounds for axis 0 with size 3
2019-5-30 16:06:21.384#mousedown#{"isTrusted":true}
2019-5-30 16:06:22.019#change#{"from":{"line":5,"ch":11,"sticky":"after"},"to":{"line":5,"ch":12,"sticky":"before","xRel":-0.95001220703125},"text":[""],"removed":["]"],"origin":"+delete"}
2019-5-30 16:06:22.019#keyHandled#"Backspace"
2019-5-30 16:06:23.129#change#{"from":{"line":5,"ch":11,"sticky":null},"to":{"line":5,"ch":11,"sticky":null},"text":[")"],"removed":[""],"origin":"+input"}
2019-5-30 16:06:23.382#keyHandled#"Left"
2019-5-30 16:06:23.551#keyHandled#"Left"
2019-5-30 16:06:24.308#change#{"from":{"line":5,"ch":9,"sticky":"after"},"to":{"line":5,"ch":10,"sticky":"after"},"text":[""],"removed":["["],"origin":"+delete"}
2019-5-30 16:06:24.308#keyHandled#"Backspace"
2019-5-30 16:06:24.640#change#{"from":{"line":5,"ch":9,"sticky":null},"to":{"line":5,"ch":9,"sticky":null},"text":["("],"removed":[""],"origin":"+input"}
2019-5-30 16:06:24.640#change#{"from":{"line":5,"ch":9,"sticky":null},"to":{"line":5,"ch":9,"sticky":null},"text":["("],"removed":[""],"origin":"+input"}
2019-5-30 16:06:26.719#saida_testar#$ python3 main.py
2019-5-30 16:06:27.087#blur#
2019-5-30 16:06:31.524#mousedown#{"isTrusted":true}
2019-5-30 16:06:31.697#focus#
2019-5-30 16:06:31.920#change#{"from":{"line":5,"ch":10,"sticky":"after"},"to":{"line":5,"ch":11,"sticky":"after","xRel":2.79998779296875},"text":[""],"removed":["i"],"origin":"+delete"}
2019-5-30 16:06:31.920#keyHandled#"Backspace"
2019-5-30 16:06:32.957#keyHandled#"Right"
2019-5-30 16:06:33.191#change#{"from":{"line":5,"ch":10,"sticky":"after"},"to":{"line":5,"ch":11,"sticky":"before"},"text":[""],"removed":[")"],"origin":"+delete"}
2019-5-30 16:06:33.191#keyHandled#"Backspace"
2019-5-30 16:06:33.363#change#{"from":{"line":5,"ch":9,"sticky":"after"},"to":{"line":5,"ch":10,"sticky":null},"text":[""],"removed":["("],"origin":"+delete"}
2019-5-30 16:06:33.363#keyHandled#"Backspace"
2019-5-30 16:06:34.750#change#{"from":{"line":5,"ch":9,"sticky":null},"to":{"line":5,"ch":9,"sticky":null},"text":["{"],"removed":[""],"origin":"+input"}
2019-5-30 16:06:35.546#change#{"from":{"line":5,"ch":9,"sticky":"after"},"to":{"line":5,"ch":10,"sticky":null},"text":[""],"removed":["{"],"origin":"+delete"}
2019-5-30 16:06:35.546#keyHandled#"Backspace"
2019-5-30 16:06:35.714#change#{"from":{"line":5,"ch":9,"sticky":null},"to":{"line":5,"ch":9,"sticky":null},"text":["["],"removed":[""],"origin":"+input"}
2019-5-30 16:06:36.498#change#{"from":{"line":5,"ch":10,"sticky":null},"to":{"line":5,"ch":10,"sticky":null},"text":["i"],"removed":[""],"origin":"+input"}
2019-5-30 16:06:36.908#change#{"from":{"line":5,"ch":11,"sticky":null},"to":{"line":5,"ch":11,"sticky":null},"text":["]"],"removed":[""],"origin":"+input"}
2019-5-30 16:06:39.704#keyHandled#"Right"
2019-5-30 16:06:40.060#keyHandled#"Right"
2019-5-30 16:06:40.608#keyHandled#"Up"
2019-5-30 16:06:41.072#keyHandled#"Up"
2019-5-30 16:06:47.951#change#{"from":{"line":3,"ch":5,"sticky":"before","xRel":96.5},"to":{"line":3,"ch":5,"sticky":"before","xRel":96.5},"text":["",""],"removed":[""],"origin":"+input"}
2019-5-30 16:06:47.951#keyHandled#"Enter"
2019-5-30 16:06:47.987#viewportChange#0
2019-5-30 16:06:54.826#keyHandled#"Down"
2019-5-30 16:06:55.027#keyHandled#"Down"
2019-5-30 16:06:55.411#keyHandled#"Up"
2019-5-30 16:06:55.738#keyHandled#"Up"
2019-5-30 16:06:56.507#change#{"from":{"line":3,"ch":5,"sticky":"before"},"to":{"line":4,"ch":0,"sticky":"after","xRel":0},"text":[""],"removed":["",""],"origin":"+delete"}
2019-5-30 16:06:56.507#keyHandled#"Backspace"
2019-5-30 16:06:56.539#viewportChange#0
2019-5-30 16:06:56.507#change#{"from":{"line":3,"ch":5,"sticky":"before"},"to":{"line":4,"ch":0,"sticky":"after","xRel":0},"text":[""],"removed":["",""],"origin":"+delete"}
2019-5-30 16:06:56.507#keyHandled#"Backspace"
2019-5-30 16:06:56.539#viewportChange#0
2019-5-30 16:06:58.912#saida_testar#$ python3 main.py
2019-5-30 16:06:59.902#mousedown#{"isTrusted":true}
2019-5-30 16:07:00.206#change#{"from":{"line":4,"ch":12,"sticky":"after"},"to":{"line":4,"ch":13,"sticky":"after","xRel":2.04998779296875},"text":[""],"removed":["x"],"origin":"+delete"}
2019-5-30 16:07:00.206#keyHandled#"Backspace"
2019-5-30 16:07:00.398#change#{"from":{"line":4,"ch":11,"sticky":"after"},"to":{"line":4,"ch":12,"sticky":null},"text":[""],"removed":["a"],"origin":"+delete"}
2019-5-30 16:07:00.398#keyHandled#"Backspace"
2019-5-30 16:07:00.570#change#{"from":{"line":4,"ch":10,"sticky":"after"},"to":{"line":4,"ch":11,"sticky":null},"text":[""],"removed":["m"],"origin":"+delete"}
2019-5-30 16:07:00.570#keyHandled#"Backspace"
2019-5-30 16:07:01.151#change#{"from":{"line":4,"ch":10,"sticky":null},"to":{"line":4,"ch":10,"sticky":null},"text":["s"],"removed":[""],"origin":"+input"}
2019-5-30 16:07:01.289#change#{"from":{"line":4,"ch":11,"sticky":null},"to":{"line":4,"ch":11,"sticky":null},"text":["i"],"removed":[""],"origin":"+input"}
2019-5-30 16:07:01.371#change#{"from":{"line":4,"ch":12,"sticky":null},"to":{"line":4,"ch":12,"sticky":null},"text":["z"],"removed":[""],"origin":"+input"}
2019-5-30 16:07:01.600#change#{"from":{"line":4,"ch":13,"sticky":null},"to":{"line":4,"ch":13,"sticky":null},"text":["e"],"removed":[""],"origin":"+input"}
2019-5-30 16:07:01.151#change#{"from":{"line":4,"ch":10,"sticky":null},"to":{"line":4,"ch":10,"sticky":null},"text":["s"],"removed":[""],"origin":"+input"}
2019-5-30 16:07:01.289#change#{"from":{"line":4,"ch":11,"sticky":null},"to":{"line":4,"ch":11,"sticky":null},"text":["i"],"removed":[""],"origin":"+input"}
2019-5-30 16:07:01.371#change#{"from":{"line":4,"ch":12,"sticky":null},"to":{"line":4,"ch":12,"sticky":null},"text":["z"],"removed":[""],"origin":"+input"}
2019-5-30 16:07:01.600#change#{"from":{"line":4,"ch":13,"sticky":null},"to":{"line":4,"ch":13,"sticky":null},"text":["e"],"removed":[""],"origin":"+input"}
2019-5-30 16:07:03.553#blur#
2019-5-30 16:07:03.553#blur#
2019-5-30 16:07:17.374#submit#Your code did not produce the correct output. Please, correct your code and try again.
2019-5-30 16:07:17.374#submit#Your code did not produce the correct output. Please, correct your code and try again.
2019-5-30 16:07:22.656#saida_testar#$ python3 main.py
2,4,9
2019-5-30 16:07:22.656#saida_testar#$ python3 main.py
2,4,9
2019-5-30 16:07:28.990#saida_testar#$ python3 main.py
2019-5-30 16:07:36.108#mousedown#{"isTrusted":true}
2019-5-30 16:07:36.311#focus#
2019-5-30 16:07:36.108#mousedown#{"isTrusted":true}
2019-5-30 16:07:36.311#focus#
2019-5-30 16:07:50.843#blur#
2019-5-30 16:07:58.720#mousedown#{"isTrusted":true}
2019-5-30 16:07:58.888#focus#
2019-5-30 16:07:59.264#change#{"from":{"line":5,"ch":14,"sticky":"before","xRel":22.54998779296875},"to":{"line":5,"ch":14,"sticky":"before","xRel":22.54998779296875},"text":["",""],"removed":[""],"origin":"+input"}
2019-5-30 16:07:59.264#change#{"from":{"line":6,"ch":0,"sticky":null},"to":{"line":6,"ch":0,"sticky":null},"text":["\t"],"removed":[""],"origin":"+input"}
2019-5-30 16:07:59.264#keyHandled#"Enter"
2019-5-30 16:07:59.298#viewportChange#0
2019-5-30 16:08:00.108#change#{"from":{"line":6,"ch":1,"sticky":null},"to":{"line":6,"ch":1,"sticky":null},"text":["d"],"removed":[""],"origin":"+input"}
2019-5-30 16:08:00.183#change#{"from":{"line":6,"ch":2,"sticky":null},"to":{"line":6,"ch":2,"sticky":null},"text":["a"],"removed":[""],"origin":"+input"}
2019-5-30 16:08:01.174#change#{"from":{"line":6,"ch":3,"sticky":null},"to":{"line":6,"ch":3,"sticky":null},"text":["n"],"removed":[""],"origin":"+input"}
2019-5-30 16:08:01.307#change#{"from":{"line":6,"ch":4,"sticky":null},"to":{"line":6,"ch":4,"sticky":null},"text":["o"],"removed":[""],"origin":"+input"}
2019-5-30 16:08:01.492#change#{"from":{"line":6,"ch":5,"sticky":null},"to":{"line":6,"ch":5,"sticky":null},"text":[" "],"removed":[""],"origin":"+input"}
2019-5-30 16:08:01.727#change#{"from":{"line":6,"ch":6,"sticky":null},"to":{"line":6,"ch":6,"sticky":null},"text":["+"],"removed":[""],"origin":"+input"}
2019-5-30 16:08:01.914#change#{"from":{"line":6,"ch":7,"sticky":null},"to":{"line":6,"ch":7,"sticky":null},"text":["="],"removed":[""],"origin":"+input"}
2019-5-30 16:08:02.483#change#{"from":{"line":6,"ch":8,"sticky":null},"to":{"line":6,"ch":8,"sticky":null},"text":[" "],"removed":[""],"origin":"+input"}
2019-5-30 16:08:02.584#change#{"from":{"line":6,"ch":9,"sticky":null},"to":{"line":6,"ch":9,"sticky":null},"text":["d"],"removed":[""],"origin":"+input"}
2019-5-30 16:08:02.657#change#{"from":{"line":6,"ch":10,"sticky":null},"to":{"line":6,"ch":10,"sticky":null},"text":["a"],"removed":[""],"origin":"+input"}
2019-5-30 16:08:02.700#change#{"from":{"line":6,"ch":11,"sticky":null},"to":{"line":6,"ch":11,"sticky":null},"text":["n"],"removed":[""],"origin":"+input"}
2019-5-30 16:08:02.920#change#{"from":{"line":6,"ch":12,"sticky":null},"to":{"line":6,"ch":12,"sticky":null},"text":["o"],"removed":[""],"origin":"+input"}
2019-5-30 16:08:02.483#change#{"from":{"line":6,"ch":8,"sticky":null},"to":{"line":6,"ch":8,"sticky":null},"text":[" "],"removed":[""],"origin":"+input"}
2019-5-30 16:08:02.584#change#{"from":{"line":6,"ch":9,"sticky":null},"to":{"line":6,"ch":9,"sticky":null},"text":["d"],"removed":[""],"origin":"+input"}
2019-5-30 16:08:02.657#change#{"from":{"line":6,"ch":10,"sticky":null},"to":{"line":6,"ch":10,"sticky":null},"text":["a"],"removed":[""],"origin":"+input"}
2019-5-30 16:08:02.700#change#{"from":{"line":6,"ch":11,"sticky":null},"to":{"line":6,"ch":11,"sticky":null},"text":["n"],"removed":[""],"origin":"+input"}
2019-5-30 16:08:02.920#change#{"from":{"line":6,"ch":12,"sticky":null},"to":{"line":6,"ch":12,"sticky":null},"text":["o"],"removed":[""],"origin":"+input"}
2019-5-30 16:08:04.595#blur#
2019-5-30 16:08:04.994#saida_testar#$ python3 main.py
2019-5-30 16:08:04.595#blur#
2019-5-30 16:08:04.994#saida_testar#$ python3 main.py
2019-5-30 16:08:15.532#submit#Your code did not produce the correct output. Please, correct your code and try again.
2019-5-30 16:08:15.550#kill_program#1
2019-5-30 16:09:24.380#mousedown#{"isTrusted":true}
2019-5-30 16:09:24.390#focus#
2019-5-30 16:09:26.561#change#{"from":{"line":6,"ch":1,"sticky":"after","xRel":4.29998779296875},"to":{"line":6,"ch":13,"sticky":"before","xRel":20.29998779296875},"text":[""],"removed":["dano += dano"],"origin":"+delete"}
2019-5-30 16:09:26.561#keyHandled#"Backspace"
2019-5-30 16:09:34.803#mousedown#{"isTrusted":true}
2019-5-30 16:09:35.073#change#{"from":{"line":3,"ch":5,"sticky":"before","xRel":89.04998779296875},"to":{"line":3,"ch":5,"sticky":"before","xRel":89.04998779296875},"text":["",""],"removed":[""],"origin":"+input"}
2019-5-30 16:09:35.073#keyHandled#"Enter"
2019-5-30 16:09:35.089#viewportChange#0
2019-5-30 16:09:35.963#change#{"from":{"line":4,"ch":0,"sticky":null},"to":{"line":4,"ch":0,"sticky":null},"text":["b"],"removed":[""],"origin":"+input"}
2019-5-30 16:09:36.032#change#{"from":{"line":4,"ch":1,"sticky":null},"to":{"line":4,"ch":1,"sticky":null},"text":[" "],"removed":[""],"origin":"+input"}
2019-5-30 16:09:36.174#change#{"from":{"line":4,"ch":2,"sticky":null},"to":{"line":4,"ch":2,"sticky":null},"text":["="],"removed":[""],"origin":"+input"}
2019-5-30 16:09:36.263#change#{"from":{"line":4,"ch":3,"sticky":null},"to":{"line":4,"ch":3,"sticky":null},"text":[" "],"removed":[""],"origin":"+input"}
2019-5-30 16:09:36.481#change#{"from":{"line":4,"ch":4,"sticky":null},"to":{"line":4,"ch":4,"sticky":null},"text":["0"],"removed":[""],"origin":"+input"}
2019-5-30 16:09:37.969#mousedown#{"isTrusted":true}
2019-5-30 16:09:38.296#change#{"from":{"line":6,"ch":14,"sticky":"before","xRel":13.54998779296875},"to":{"line":6,"ch":14,"sticky":"before","xRel":13.54998779296875},"text":["",""],"removed":[""],"origin":"+input"}
2019-5-30 16:09:38.296#change#{"from":{"line":7,"ch":0,"sticky":null},"to":{"line":7,"ch":0,"sticky":null},"text":["\t"],"removed":[""],"origin":"+input"}
2019-5-30 16:09:38.296#keyHandled#"Enter"
2019-5-30 16:09:38.314#viewportChange#0
2019-5-30 16:09:39.510#change#{"from":{"line":7,"ch":0,"sticky":"after"},"to":{"line":7,"ch":1,"sticky":null},"text":[""],"removed":["\t"],"origin":"+delete"}
2019-5-30 16:09:39.510#keyHandled#"Backspace"
2019-5-30 16:09:39.705#change#{"from":{"line":6,"ch":14,"sticky":"before"},"to":{"line":7,"ch":0,"sticky":null},"text":[""],"removed":["",""],"origin":"+delete"}
2019-5-30 16:09:39.705#keyHandled#"Backspace"
2019-5-30 16:09:39.721#viewportChange#0
2019-5-30 16:09:40.032#keyHandled#"Down"
2019-5-30 16:09:41.240#change#{"from":{"line":7,"ch":1,"sticky":"before","xRel":113.75},"to":{"line":7,"ch":1,"sticky":"before","xRel":113.75},"text":["b"],"removed":[""],"origin":"+input"}
2019-5-30 16:09:41.356#change#{"from":{"line":7,"ch":2,"sticky":null},"to":{"line":7,"ch":2,"sticky":null},"text":[" "],"removed":[""],"origin":"+input"}
2019-5-30 16:09:42.969#change#{"from":{"line":7,"ch":3,"sticky":null},"to":{"line":7,"ch":3,"sticky":null},"text":["="],"removed":[""],"origin":"+input"}
2019-5-30 16:09:43.157#change#{"from":{"line":7,"ch":4,"sticky":null},"to":{"line":7,"ch":4,"sticky":null},"text":[" "],"removed":[""],"origin":"+input"}
2019-5-30 16:09:50.810#change#{"from":{"line":7,"ch":4,"sticky":"after"},"to":{"line":7,"ch":5,"sticky":null},"text":[""],"removed":[" "],"origin":"+delete"}
2019-5-30 16:09:50.810#keyHandled#"Backspace"
2019-5-30 16:09:50.988#change#{"from":{"line":7,"ch":3,"sticky":"after"},"to":{"line":7,"ch":4,"sticky":null},"text":[""],"removed":["="],"origin":"+delete"}
2019-5-30 16:09:50.988#keyHandled#"Backspace"
2019-5-30 16:09:51.466#change#{"from":{"line":7,"ch":3,"sticky":null},"to":{"line":7,"ch":3,"sticky":null},"text":["+"],"removed":[""],"origin":"+input"}
2019-5-30 16:09:51.681#change#{"from":{"line":7,"ch":4,"sticky":null},"to":{"line":7,"ch":4,"sticky":null},"text":["="],"removed":[""],"origin":"+input"}
2019-5-30 16:09:52.455#change#{"from":{"line":7,"ch":5,"sticky":null},"to":{"line":7,"ch":5,"sticky":null},"text":[" "],"removed":[""],"origin":"+input"}
2019-5-30 16:09:52.528#change#{"from":{"line":7,"ch":6,"sticky":null},"to":{"line":7,"ch":6,"sticky":null},"text":["d"],"removed":[""],"origin":"+input"}
2019-5-30 16:09:52.615#change#{"from":{"line":7,"ch":7,"sticky":null},"to":{"line":7,"ch":7,"sticky":null},"text":["a"],"removed":[""],"origin":"+input"}
2019-5-30 16:09:52.636#change#{"from":{"line":7,"ch":8,"sticky":null},"to":{"line":7,"ch":8,"sticky":null},"text":["n"],"removed":[""],"origin":"+input"}
2019-5-30 16:09:52.854#change#{"from":{"line":7,"ch":9,"sticky":null},"to":{"line":7,"ch":9,"sticky":null},"text":["o"],"removed":[""],"origin":"+input"}
2019-5-30 16:09:52.873#change#{"from":{"line":7,"ch":10,"sticky":null},"to":{"line":7,"ch":10,"sticky":null},"text":["p"],"removed":[""],"origin":"+input"}
2019-5-30 16:09:53.234#change#{"from":{"line":7,"ch":10,"sticky":"after"},"to":{"line":7,"ch":11,"sticky":null},"text":[""],"removed":["p"],"origin":"+delete"}
2019-5-30 16:09:53.234#keyHandled#"Backspace"
2019-5-30 16:09:54.941#mousedown#{"isTrusted":true}
2019-5-30 16:09:55.102#change#{"from":{"line":10,"ch":9,"sticky":"after"},"to":{"line":10,"ch":10,"sticky":"after","xRel":0.29998779296875},"text":[""],"removed":["o"],"origin":"+delete"}
2019-5-30 16:09:55.102#keyHandled#"Backspace"
2019-5-30 16:09:55.257#change#{"from":{"line":10,"ch":8,"sticky":"after"},"to":{"line":10,"ch":9,"sticky":null},"text":[""],"removed":["n"],"origin":"+delete"}
2019-5-30 16:09:55.257#keyHandled#"Backspace"
2019-5-30 16:09:55.400#change#{"from":{"line":10,"ch":7,"sticky":"after"},"to":{"line":10,"ch":8,"sticky":null},"text":[""],"removed":["a"],"origin":"+delete"}
2019-5-30 16:09:55.400#keyHandled#"Backspace"
2019-5-30 16:09:56.430#change#{"from":{"line":10,"ch":6,"sticky":"after"},"to":{"line":10,"ch":7,"sticky":null},"text":[""],"removed":["d"],"origin":"+delete"}
2019-5-30 16:09:56.430#keyHandled#"Backspace"
2019-5-30 16:09:56.619#change#{"from":{"line":10,"ch":6,"sticky":null},"to":{"line":10,"ch":6,"sticky":null},"text":["b"],"removed":[""],"origin":"+input"}
2019-5-30 16:09:56.430#change#{"from":{"line":10,"ch":6,"sticky":"after"},"to":{"line":10,"ch":7,"sticky":null},"text":[""],"removed":["d"],"origin":"+delete"}
2019-5-30 16:09:56.430#keyHandled#"Backspace"
2019-5-30 16:09:56.619#change#{"from":{"line":10,"ch":6,"sticky":null},"to":{"line":10,"ch":6,"sticky":null},"text":["b"],"removed":[""],"origin":"+input"}
2019-5-30 16:09:58.218#blur#
2019-5-30 16:09:59.019#saida_testar#$ python3 main.py
2019-7-2 21:58:39.569#viewportChange#0
2019-7-2 21:58:53.897#mousedown#{"isTrusted":true}
2019-7-2 21:58:53.909#focus#
2019-7-2 21:59:02.296#blur#
2019-7-2 21:59:04.603#focus#
2019-7-2 21:59:04.604#blur#
2019-7-2 22:09:54.196#focus#
2019-7-2 22:09:59.572#mousedown#{"isTrusted":true}
2019-7-2 22:09:59.619#mousedown#{"isTrusted":true}
2019-7-2 22:09:59.647#dblclick#{"isTrusted":true}
2019-7-2 22:09:59.572#mousedown#{"isTrusted":true}
2019-7-2 22:09:59.619#mousedown#{"isTrusted":true}
2019-7-2 22:09:59.647#dblclick#{"isTrusted":true}
2019-7-2 22:10:05.097#blur#
2019-7-2 22:10:13.854#mousedown#{"isTrusted":true}
2019-7-2 22:10:13.886#focus#
2019-7-2 22:10:13.854#mousedown#{"isTrusted":true}
2019-7-2 22:10:13.886#focus#
2019-7-2 22:10:15.587#blur#
2019-7-2 22:10:16.001#saida_testar#$ python3 main.py
[5,11,9,5,1]
