2019-5-13 18:45:07.705#viewportChange#0
2019-5-13 18:45:08.408#mousedown#{"isTrusted":true}
2019-5-13 18:45:08.411#focus#
2019-5-13 18:45:19.847#change#{"from":{"line":0,"ch":0,"sticky":null},"to":{"line":0,"ch":0,"sticky":null},"text":["p"],"removed":[""],"origin":"+input"}
2019-5-13 18:45:28.341#change#{"from":{"line":0,"ch":1,"sticky":null},"to":{"line":0,"ch":1,"sticky":null},"text":["="],"removed":[""],"origin":"+input"}
2019-5-13 18:45:36.166#change#{"from":{"line":0,"ch":1,"sticky":"after"},"to":{"line":0,"ch":2,"sticky":null},"text":[""],"removed":["="],"origin":"+delete"}
2019-5-13 18:45:36.166#keyHandled#"Backspace"
2019-5-13 18:45:36.666#change#{"from":{"line":0,"ch":0,"sticky":"after"},"to":{"line":0,"ch":1,"sticky":null},"text":[""],"removed":["p"],"origin":"+delete"}
2019-5-13 18:45:36.666#keyHandled#"Backspace"
2019-5-13 18:45:36.700#keyHandled#"Backspace"
2019-5-13 18:45:36.733#keyHandled#"Backspace"
2019-5-13 18:45:36.764#keyHandled#"Backspace"
2019-5-13 18:45:36.797#keyHandled#"Backspace"
2019-5-13 18:45:36.830#keyHandled#"Backspace"
2019-5-13 18:45:36.864#keyHandled#"Backspace"
2019-5-13 18:45:36.897#keyHandled#"Backspace"
2019-5-13 18:45:36.930#keyHandled#"Backspace"
2019-5-13 18:45:36.964#keyHandled#"Backspace"
2019-5-13 18:45:36.997#keyHandled#"Backspace"
2019-5-13 18:45:37.031#keyHandled#"Backspace"
2019-5-13 18:45:37.064#keyHandled#"Backspace"
2019-5-13 18:45:37.097#keyHandled#"Backspace"
2019-5-13 18:45:37.130#keyHandled#"Backspace"
2019-5-13 18:47:09.263#change#{"from":{"line":0,"ch":4,"sticky":null},"to":{"line":0,"ch":4,"sticky":null},"text":["1"],"removed":[""],"origin":"+input"}
2019-5-13 18:47:10.869#change#{"from":{"line":0,"ch":5,"sticky":null},"to":{"line":0,"ch":5,"sticky":null},"text":["",""],"removed":[""],"origin":"+input"}
2019-5-13 18:47:10.869#keyHandled#"Enter"
2019-5-13 18:47:10.872#viewportChange#0
2019-5-13 18:47:14.423#change#{"from":{"line":1,"ch":0,"sticky":null},"to":{"line":1,"ch":0,"sticky":null},"text":["p"],"removed":[""],"origin":"+input"}
2019-5-13 18:47:14.711#change#{"from":{"line":1,"ch":1,"sticky":null},"to":{"line":1,"ch":1,"sticky":null},"text":["t"],"removed":[""],"origin":"+input"}
2019-5-13 18:47:15.501#change#{"from":{"line":1,"ch":1,"sticky":"after"},"to":{"line":1,"ch":2,"sticky":null},"text":[""],"removed":["t"],"origin":"+delete"}
2019-5-13 18:47:15.501#keyHandled#"Backspace"
2019-5-13 18:47:15.617#change#{"from":{"line":1,"ch":1,"sticky":null},"to":{"line":1,"ch":1,"sticky":null},"text":["r"],"removed":[""],"origin":"+input"}
2019-5-13 18:47:16.380#change#{"from":{"line":1,"ch":2,"sticky":null},"to":{"line":1,"ch":2,"sticky":null},"text":["i"],"removed":[""],"origin":"+input"}
2019-5-13 18:47:16.995#change#{"from":{"line":1,"ch":3,"sticky":null},"to":{"line":1,"ch":3,"sticky":null},"text":["n"],"removed":[""],"origin":"+input"}
2019-5-13 18:47:17.368#change#{"from":{"line":1,"ch":4,"sticky":null},"to":{"line":1,"ch":4,"sticky":null},"text":["t"],"removed":[""],"origin":"+input"}
2019-5-13 18:47:20.028#change#{"from":{"line":1,"ch":5,"sticky":null},"to":{"line":1,"ch":5,"sticky":null},"text":["()"],"removed":[""],"origin":"+input"}
2019-5-13 18:47:20.028#keyHandled#"'('"
2019-5-13 18:47:27.758#change#{"from":{"line":1,"ch":6,"sticky":"after"},"to":{"line":1,"ch":6,"sticky":"after"},"text":["\"\""],"removed":[""],"origin":"+input"}
2019-5-13 18:47:27.758#keyHandled#"'\"'"
2019-5-13 18:47:29.513#change#{"from":{"line":1,"ch":7,"sticky":"after"},"to":{"line":1,"ch":7,"sticky":"after"},"text":["n"],"removed":[""],"origin":"+input"}
2019-5-13 18:47:29.597#change#{"from":{"line":1,"ch":8,"sticky":null},"to":{"line":1,"ch":8,"sticky":null},"text":["n"],"removed":[""],"origin":"+input"}
2019-5-13 18:47:31.092#change#{"from":{"line":1,"ch":9,"sticky":null},"to":{"line":1,"ch":9,"sticky":null},"text":["u"],"removed":[""],"origin":"+input"}
2019-5-13 18:47:31.860#change#{"from":{"line":1,"ch":10,"sticky":null},"to":{"line":1,"ch":10,"sticky":null},"text":["m"],"removed":[""],"origin":"+input"}
2019-5-13 18:47:32.165#change#{"from":{"line":1,"ch":11,"sticky":null},"to":{"line":1,"ch":11,"sticky":null},"text":["e"],"removed":[""],"origin":"+input"}
2019-5-13 18:47:32.504#change#{"from":{"line":1,"ch":12,"sticky":null},"to":{"line":1,"ch":12,"sticky":null},"text":["r"],"removed":[""],"origin":"+input"}
2019-5-13 18:47:32.773#change#{"from":{"line":1,"ch":13,"sticky":null},"to":{"line":1,"ch":13,"sticky":null},"text":["o"],"removed":[""],"origin":"+input"}
2019-5-13 18:47:33.814#change#{"from":{"line":1,"ch":14,"sticky":null},"to":{"line":1,"ch":14,"sticky":null},"text":[" "],"removed":[""],"origin":"+input"}
2019-5-13 18:47:34.378#change#{"from":{"line":1,"ch":15,"sticky":null},"to":{"line":1,"ch":15,"sticky":null},"text":["d"],"removed":[""],"origin":"+input"}
2019-5-13 18:47:34.618#change#{"from":{"line":1,"ch":16,"sticky":null},"to":{"line":1,"ch":16,"sticky":null},"text":["e"],"removed":[""],"origin":"+input"}
2019-5-13 18:47:34.980#change#{"from":{"line":1,"ch":17,"sticky":null},"to":{"line":1,"ch":17,"sticky":null},"text":[" "],"removed":[""],"origin":"+input"}
2019-5-13 18:47:36.351#change#{"from":{"line":1,"ch":18,"sticky":null},"to":{"line":1,"ch":18,"sticky":null},"text":["a"],"removed":[""],"origin":"+input"}
2019-5-13 18:47:37.038#change#{"from":{"line":1,"ch":18,"sticky":"after"},"to":{"line":1,"ch":19,"sticky":null},"text":[""],"removed":["a"],"origin":"+delete"}
2019-5-13 18:47:37.038#keyHandled#"Backspace"
2019-5-13 18:47:37.918#change#{"from":{"line":1,"ch":18,"sticky":null},"to":{"line":1,"ch":18,"sticky":null},"text":["h"],"removed":[""],"origin":"+input"}
2019-5-13 18:47:38.073#change#{"from":{"line":1,"ch":19,"sticky":null},"to":{"line":1,"ch":19,"sticky":null},"text":["a"],"removed":[""],"origin":"+input"}
2019-5-13 18:47:39.317#change#{"from":{"line":1,"ch":20,"sticky":null},"to":{"line":1,"ch":20,"sticky":null},"text":["b"],"removed":[""],"origin":"+input"}
2019-5-13 18:47:40.037#change#{"from":{"line":1,"ch":21,"sticky":null},"to":{"line":1,"ch":21,"sticky":null},"text":["i"],"removed":[""],"origin":"+input"}
2019-5-13 18:47:40.384#change#{"from":{"line":1,"ch":22,"sticky":null},"to":{"line":1,"ch":22,"sticky":null},"text":["t"],"removed":[""],"origin":"+input"}
2019-5-13 18:47:40.983#change#{"from":{"line":1,"ch":23,"sticky":null},"to":{"line":1,"ch":23,"sticky":null},"text":["a"],"removed":[""],"origin":"+input"}
2019-5-13 18:47:41.473#change#{"from":{"line":1,"ch":24,"sticky":null},"to":{"line":1,"ch":24,"sticky":null},"text":["n"],"removed":[""],"origin":"+input"}
2019-5-13 18:47:41.970#change#{"from":{"line":1,"ch":25,"sticky":null},"to":{"line":1,"ch":25,"sticky":null},"text":["t"],"removed":[""],"origin":"+input"}
2019-5-13 18:47:42.282#change#{"from":{"line":1,"ch":26,"sticky":null},"to":{"line":1,"ch":26,"sticky":null},"text":["e"],"removed":[""],"origin":"+input"}
2019-5-13 18:48:39.597#mousedown#{"isTrusted":true}
2019-5-13 18:48:40.707#change#{"from":{"line":1,"ch":29,"sticky":null,"xRel":1,"outside":true},"to":{"line":1,"ch":29,"sticky":null,"xRel":1,"outside":true},"text":["",""],"removed":[""],"origin":"+input"}
2019-5-13 18:48:40.707#keyHandled#"Enter"
2019-5-13 18:48:40.710#viewportChange#0
2019-5-13 18:49:13.061#keyHandled#"Up"
2019-5-13 18:49:13.543#keyHandled#"Right"
2019-5-13 18:49:14.043#keyHandled#"Right"
2019-5-13 18:49:14.076#keyHandled#"Right"
2019-5-13 18:49:14.110#keyHandled#"Right"
2019-5-13 18:49:14.144#keyHandled#"Right"
2019-5-13 18:49:14.280#keyHandled#"Right"
2019-5-13 18:49:14.463#keyHandled#"Right"
2019-5-13 18:49:14.678#keyHandled#"Right"
2019-5-13 18:49:15.645#change#{"from":{"line":1,"ch":7,"sticky":"after"},"to":{"line":1,"ch":8,"sticky":"before"},"text":[""],"removed":["n"],"origin":"+delete"}
2019-5-13 18:49:15.645#keyHandled#"Backspace"
