== TEST (2019-03-26 18:53:29) 
-- CODE:
# Teste seu codigo aos poucos.
# Nao teste tudo no final, pois fica mais dificil de identificar erros.
# Nao se intimide com as mensagens de erro. Elas ajudam a corrigir seu codigo.
dividendo= 5
divisor= 2
resto= (dividendo//divisor)
-- OUTPUT:
618.0
*-*-*-*-*-*-*-*-*-*-*-*-*-*-*-*-*-*-*-*-*-*-*-*
== SUBMITION (2019-03-26 18:53:36) 
-- CODE:
# Teste seu codigo aos poucos.
# Nao teste tudo no final, pois fica mais dificil de identificar erros.
# Nao se intimide com as mensagens de erro. Elas ajudam a corrigir seu codigo.
dividendo= 5
divisor= 2
resto=(dividendo//divisor)
-- EXECUTION TIME:
0.208253
-- TEST CASE 1:
---- input:
8
5
---- correct output:
8
5
1
3
---- user output:

-- TEST CASE 2:
---- input:
14
2
---- correct output:
14
2
7
0
---- user output:

-- TEST CASE 3:
---- input:
347
2
---- correct output:
347
2
173
1
---- user output:

-- GRADE:
0%
*-*-*-*-*-*-*-*-*-*-*-*-*-*-*-*-*-*-*-*-*-*-*-*
== TEST (2019-03-26 18:53:37) 
-- CODE:
# Teste seu codigo aos poucos.
# Nao teste tudo no final, pois fica mais dificil de identificar erros.
# Nao se intimide com as mensagens de erro. Elas ajudam a corrigir seu codigo.
dividendo= 5
divisor= 2
resto=(dividendo//divisor)
-- OUTPUT:
618.0
*-*-*-*-*-*-*-*-*-*-*-*-*-*-*-*-*-*-*-*-*-*-*-*
== TEST (2019-03-28 19:04:10) 
-- CODE:
# Teste seu codigo aos poucos.
# Nao teste tudo no final, pois fica mais dificil de identificar erros.
# Nao se intimide com as mensagens de erro. Elas ajudam a corrigir seu codigo.
dividendo= 5
divisor= 2
quociente= 3
resto=(dividendo//divisor)
-- OUTPUT:
618.0
*-*-*-*-*-*-*-*-*-*-*-*-*-*-*-*-*-*-*-*-*-*-*-*
== SUBMITION (2019-03-28 19:04:12) 
-- CODE:
# Teste seu codigo aos poucos.
# Nao teste tudo no final, pois fica mais dificil de identificar erros.
# Nao se intimide com as mensagens de erro. Elas ajudam a corrigir seu codigo.
dividendo= 5
divisor= 2
quociente= 3
resto=(dividendo//divisor)
-- EXECUTION TIME:
0.13743
-- TEST CASE 1:
---- input:
8
5
---- correct output:
8
5
1
3
---- user output:

-- TEST CASE 2:
---- input:
14
2
---- correct output:
14
2
7
0
---- user output:

-- TEST CASE 3:
---- input:
347
2
---- correct output:
347
2
173
1
---- user output:

-- GRADE:
0%
*-*-*-*-*-*-*-*-*-*-*-*-*-*-*-*-*-*-*-*-*-*-*-*
== TEST (2019-03-28 19:04:14) 
-- CODE:
# Teste seu codigo aos poucos.
# Nao teste tudo no final, pois fica mais dificil de identificar erros.
# Nao se intimide com as mensagens de erro. Elas ajudam a corrigir seu codigo.
dividendo= 5
divisor= 2
quociente= 3
resto=(dividendo//divisor)
-- OUTPUT:
618.0
*-*-*-*-*-*-*-*-*-*-*-*-*-*-*-*-*-*-*-*-*-*-*-*
== TEST (2019-03-28 19:04:38) 
-- CODE:
# Teste seu codigo aos poucos.
# Nao teste tudo no final, pois fica mais dificil de identificar erros.
# Nao se intimide com as mensagens de erro. Elas ajudam a corrigir seu codigo.
dividendo= 5
divisor= 2
quociente= 1
resto=(dividendo//divisor)
-- OUTPUT:
618.0
*-*-*-*-*-*-*-*-*-*-*-*-*-*-*-*-*-*-*-*-*-*-*-*
== SUBMITION (2019-03-28 19:04:40) 
-- CODE:
# Teste seu codigo aos poucos.
# Nao teste tudo no final, pois fica mais dificil de identificar erros.
# Nao se intimide com as mensagens de erro. Elas ajudam a corrigir seu codigo.
dividendo= 5
divisor= 2
quociente= 1
resto=(dividendo//divisor)
-- EXECUTION TIME:
0.268614
-- TEST CASE 1:
---- input:
8
5
---- correct output:
8
5
1
3
---- user output:

-- TEST CASE 2:
---- input:
14
2
---- correct output:
14
2
7
0
---- user output:

-- TEST CASE 3:
---- input:
347
2
---- correct output:
347
2
173
1
---- user output:

-- GRADE:
0%
*-*-*-*-*-*-*-*-*-*-*-*-*-*-*-*-*-*-*-*-*-*-*-*
== TEST (2019-03-28 19:05:05) 
-- CODE:
# Teste seu codigo aos poucos.
# Nao teste tudo no final, pois fica mais dificil de identificar erros.
# Nao se intimide com as mensagens de erro. Elas ajudam a corrigir seu codigo.
dividendo= 5
divisor= 2
resto=(dividendo//divisor)
-- OUTPUT:
618.0
*-*-*-*-*-*-*-*-*-*-*-*-*-*-*-*-*-*-*-*-*-*-*-*
== SUBMITION (2019-03-28 19:05:06) 
-- CODE:
# Teste seu codigo aos poucos.
# Nao teste tudo no final, pois fica mais dificil de identificar erros.
# Nao se intimide com as mensagens de erro. Elas ajudam a corrigir seu codigo.
dividendo= 5
divisor= 2
resto=(dividendo//divisor)
-- EXECUTION TIME:
0.19157
-- TEST CASE 1:
---- input:
8
5
---- correct output:
8
5
1
3
---- user output:

-- TEST CASE 2:
---- input:
14
2
---- correct output:
14
2
7
0
---- user output:

-- TEST CASE 3:
---- input:
347
2
---- correct output:
347
2
173
1
---- user output:

-- GRADE:
0%
*-*-*-*-*-*-*-*-*-*-*-*-*-*-*-*-*-*-*-*-*-*-*-*
== TEST (2019-03-28 19:05:39) 
-- CODE:
# Teste seu codigo aos poucos.
# Nao teste tudo no final, pois fica mais dificil de identificar erros.
# Nao se intimide com as mensagens de erro. Elas ajudam a corrigir seu codigo.
dividendo= 5
divisor= 2
resto= 5%2
resto=(dividendo//divisor)
-- OUTPUT:
618.0
*-*-*-*-*-*-*-*-*-*-*-*-*-*-*-*-*-*-*-*-*-*-*-*
== SUBMITION (2019-03-28 19:05:42) 
-- CODE:
# Teste seu codigo aos poucos.
# Nao teste tudo no final, pois fica mais dificil de identificar erros.
# Nao se intimide com as mensagens de erro. Elas ajudam a corrigir seu codigo.
dividendo= 5
divisor= 2
resto= 5%2
resto=(dividendo//divisor)
-- EXECUTION TIME:
0.158201
-- TEST CASE 1:
---- input:
8
5
---- correct output:
8
5
1
3
---- user output:

-- TEST CASE 2:
---- input:
14
2
---- correct output:
14
2
7
0
---- user output:

-- TEST CASE 3:
---- input:
347
2
---- correct output:
347
2
173
1
---- user output:

-- GRADE:
0%
*-*-*-*-*-*-*-*-*-*-*-*-*-*-*-*-*-*-*-*-*-*-*-*
== TEST (2019-03-28 19:05:48) 
-- CODE:
# Teste seu codigo aos poucos.
# Nao teste tudo no final, pois fica mais dificil de identificar erros.
# Nao se intimide com as mensagens de erro. Elas ajudam a corrigir seu codigo.
dividendo= 5
divisor= 2
resto= 5 % 2
resto=(dividendo//divisor)
-- OUTPUT:
618.0
*-*-*-*-*-*-*-*-*-*-*-*-*-*-*-*-*-*-*-*-*-*-*-*
== SUBMITION (2019-03-28 19:05:49) 
-- CODE:
# Teste seu codigo aos poucos.
# Nao teste tudo no final, pois fica mais dificil de identificar erros.
# Nao se intimide com as mensagens de erro. Elas ajudam a corrigir seu codigo.
dividendo= 5
divisor= 2
resto= 5 % 2
resto=(dividendo//divisor)
-- EXECUTION TIME:
0.132118
-- TEST CASE 1:
---- input:
8
5
---- correct output:
8
5
1
3
---- user output:

-- TEST CASE 2:
---- input:
14
2
---- correct output:
14
2
7
0
---- user output:

-- TEST CASE 3:
---- input:
347
2
---- correct output:
347
2
173
1
---- user output:

-- GRADE:
0%
*-*-*-*-*-*-*-*-*-*-*-*-*-*-*-*-*-*-*-*-*-*-*-*
== TEST (2019-03-28 19:06:13) 
-- CODE:
# Teste seu codigo aos poucos.
# Nao teste tudo no final, pois fica mais dificil de identificar erros.
# Nao se intimide com as mensagens de erro. Elas ajudam a corrigir seu codigo.
dividendo= 5
divisor= 2
resto= 5 % 2
resto=(dividendo//divisor)
-- OUTPUT:
618.0
*-*-*-*-*-*-*-*-*-*-*-*-*-*-*-*-*-*-*-*-*-*-*-*
== TEST (2019-03-28 19:06:36) 
-- CODE:
# Teste seu codigo aos poucos.
# Nao teste tudo no final, pois fica mais dificil de identificar erros.
# Nao se intimide com as mensagens de erro. Elas ajudam a corrigir seu codigo.
dividendo= 5
divisor= 2
resto= 5 % 2
resto=(dividendo//divisor)
-- OUTPUT:
618.0
*-*-*-*-*-*-*-*-*-*-*-*-*-*-*-*-*-*-*-*-*-*-*-*
== TEST (2019-03-28 19:17:45) 
-- CODE:
# Teste seu codigo aos poucos.
# Nao teste tudo no final, pois fica mais dificil de identificar erros.
# Nao se intimide com as mensagens de erro. Elas ajudam a corrigir seu codigo.
dividendo= 5
divisor= 2
resto= 5 % 2
resto=(dividendo//divisor)
-- OUTPUT:
618.0
*-*-*-*-*-*-*-*-*-*-*-*-*-*-*-*-*-*-*-*-*-*-*-*
== TEST (2019-03-28 19:22:19) 
-- CODE:
# Teste seu codigo aos poucos.
# Nao teste tudo no final, pois fica mais dificil de identificar erros.
# Nao se intimide com as mensagens de erro. Elas ajudam a corrigir seu codigo.
num= int(input())
num= int(input())
print()
print()
print()
print()
dividendo= 5
divisor= 2
resto= 5 % 2
resto=(dividendo//divisor)
-- OUTPUT:
618.0
*-*-*-*-*-*-*-*-*-*-*-*-*-*-*-*-*-*-*-*-*-*-*-*
== TEST (2019-03-28 19:23:24) 
-- CODE:
# Teste seu codigo aos poucos.
# Nao teste tudo no final, pois fica mais dificil de identificar erros.
# Nao se intimide com as mensagens de erro. Elas ajudam a corrigir seu codigo.
num= int(input(5))
num= int(input())
print()
print()
print()
print()
dividendo= 5
divisor= 2
resto= 5 % 2
resto=(dividendo//divisor)
-- OUTPUT:
5
*-*-*-*-*-*-*-*-*-*-*-*-*-*-*-*-*-*-*-*-*-*-*-*
== TEST (2019-03-28 19:23:31) 
-- CODE:
# Teste seu codigo aos poucos.
# Nao teste tudo no final, pois fica mais dificil de identificar erros.
# Nao se intimide com as mensagens de erro. Elas ajudam a corrigir seu codigo.
num= int(input())
num= int(input())
print()
print()
print()
print()
dividendo= 5
divisor= 2
resto= 5 % 2
resto=(dividendo//divisor)
-- OUTPUT:
5
*-*-*-*-*-*-*-*-*-*-*-*-*-*-*-*-*-*-*-*-*-*-*-*
== TEST (2019-03-28 19:24:31) 
-- CODE:
# Teste seu codigo aos poucos.
# Nao teste tudo no final, pois fica mais dificil de identificar erros.
# Nao se intimide com as mensagens de erro. Elas ajudam a corrigir seu codigo.
num= int(input())
num= int(input())
print()
print()
print()
print()
dividendo= 
divisor= 
resto=
resto=(dividendo//divisor)
-- ERROR:
File "XXXX", line 10
    dividendo= 
              ^
SyntaxError: invalid syntax
*-*-*-*-*-*-*-*-*-*-*-*-*-*-*-*-*-*-*-*-*-*-*-*
== TEST (2019-03-28 19:24:44) 
-- CODE:
# Teste seu codigo aos poucos.
# Nao teste tudo no final, pois fica mais dificil de identificar erros.
# Nao se intimide com as mensagens de erro. Elas ajudam a corrigir seu codigo.
num= int(input())
num= int(input())
print()
print()
print()
print()
dividendo= 5
divisor= 2
resto=
resto=(dividendo//divisor)
-- ERROR:
File "XXXX", line 12
    resto=
         ^
SyntaxError: invalid syntax
*-*-*-*-*-*-*-*-*-*-*-*-*-*-*-*-*-*-*-*-*-*-*-*
== TEST (2019-03-28 19:24:52) 
-- CODE:
# Teste seu codigo aos poucos.
# Nao teste tudo no final, pois fica mais dificil de identificar erros.
# Nao se intimide com as mensagens de erro. Elas ajudam a corrigir seu codigo.
num= int(input())
num= int(input())
print()
print()
print()
print()
dividendo= 5
divisor= 2
resto= 5%2
resto=(dividendo//divisor)
-- ERROR:
File "XXXX", line 12
    resto=
         ^
SyntaxError: invalid syntax
*-*-*-*-*-*-*-*-*-*-*-*-*-*-*-*-*-*-*-*-*-*-*-*
== TEST (2019-03-28 19:25:42) 
-- CODE:
# Teste seu codigo aos poucos.
# Nao teste tudo no final, pois fica mais dificil de identificar erros.
# Nao se intimide com as mensagens de erro. Elas ajudam a corrigir seu codigo.
num= int(input())
num= int(input())
print()
print()
print()
print()
dividendo= 5
divisor= 2
resto= 5%2
resto=(dividendo//divisor)
-- ERROR:
File "XXXX", line 12
    resto=
         ^
SyntaxError: invalid syntax
*-*-*-*-*-*-*-*-*-*-*-*-*-*-*-*-*-*-*-*-*-*-*-*
== TEST (2019-03-28 19:25:44) 
-- CODE:
# Teste seu codigo aos poucos.
# Nao teste tudo no final, pois fica mais dificil de identificar erros.
# Nao se intimide com as mensagens de erro. Elas ajudam a corrigir seu codigo.
num= int(input())
num= int(input())
print()
print()
print()
print()
dividendo= 5
divisor= 2
resto= 5%2
resto=(dividendo//divisor)
-- ERROR:
File "XXXX", line 12
    resto=
         ^
SyntaxError: invalid syntax
*-*-*-*-*-*-*-*-*-*-*-*-*-*-*-*-*-*-*-*-*-*-*-*
== TEST (2019-03-28 19:25:46) 
-- CODE:
# Teste seu codigo aos poucos.
# Nao teste tudo no final, pois fica mais dificil de identificar erros.
# Nao se intimide com as mensagens de erro. Elas ajudam a corrigir seu codigo.
num= int(input())
num= int(input())
print()
print()
print()
print()
dividendo= 5
divisor= 2
resto= 5%2
resto=(dividendo//divisor)
-- ERROR:
File "XXXX", line 12
    resto=
         ^
SyntaxError: invalid syntax
*-*-*-*-*-*-*-*-*-*-*-*-*-*-*-*-*-*-*-*-*-*-*-*
== TEST (2019-03-28 19:25:51) 
-- CODE:
# Teste seu codigo aos poucos.
# Nao teste tudo no final, pois fica mais dificil de identificar erros.
# Nao se intimide com as mensagens de erro. Elas ajudam a corrigir seu codigo.
num= int(input())
num= int(input())
print(2)
print()
print()
print()
dividendo= 5
divisor= 2
resto= 5%2
resto=(dividendo//divisor)
-- OUTPUT:
2
*-*-*-*-*-*-*-*-*-*-*-*-*-*-*-*-*-*-*-*-*-*-*-*
== TEST (2019-03-28 19:34:08) 
-- CODE:
# Teste seu codigo aos poucos.
# Nao teste tudo no final, pois fica mais dificil de identificar erros.
# Nao se intimide com as mensagens de erro. Elas ajudam a corrigir seu codigo.
num= int(input())
num2= int(input())
print(num)
print(num2)
quociente= num//num2
resto= num%num2
print(quociente)
print(resto)

-- OUTPUT:
8
5
1
3
*-*-*-*-*-*-*-*-*-*-*-*-*-*-*-*-*-*-*-*-*-*-*-*
== SUBMITION (2019-03-28 19:35:05) 
-- CODE:
# Teste seu codigo aos poucos.
# Nao teste tudo no final, pois fica mais dificil de identificar erros.
# Nao se intimide com as mensagens de erro. Elas ajudam a corrigir seu codigo.
num= int(input())
num2= int(input())
print(num)
print(num2)
quociente= num//num2
resto= num%num2
print(quociente)
print(resto)

-- EXECUTION TIME:
0.146273
-- TEST CASE 1:
---- input:
8
5
---- correct output:
8
5
1
3
---- user output:
8
5
1
3
-- TEST CASE 2:
---- input:
14
2
---- correct output:
14
2
7
0
---- user output:
14
2
7
0
-- TEST CASE 3:
---- input:
347
2
---- correct output:
347
2
173
1
---- user output:
347
2
173
1
-- GRADE:
100%
*-*-*-*-*-*-*-*-*-*-*-*-*-*-*-*-*-*-*-*-*-*-*-*
== SUBMITION (2019-04-02 08:02:26) 
-- CODE:
# Teste seu codigo aos poucos.
# Nao teste tudo no final, pois fica mais dificil de identificar erros.
# Nao se intimide com as mensagens de erro. Elas ajudam a corrigir seu codigo.
num= int(input())
num2= int(input())
print(num)
print(num2)
quociente= num//num2
resto= num%num2
print(quociente)
print(resto)

-- EXECUTION TIME:
0.133851
-- TEST CASE 1:
---- input:
8
5
---- correct output:
8
5
1
3
---- user output:
8
5
1
3
-- TEST CASE 2:
---- input:
14
2
---- correct output:
14
2
7
0
---- user output:
14
2
7
0
-- TEST CASE 3:
---- input:
347
2
---- correct output:
347
2
173
1
---- user output:
347
2
173
1
-- GRADE:
100%
*-*-*-*-*-*-*-*-*-*-*-*-*-*-*-*-*-*-*-*-*-*-*-*
