2019-3-12 12:54:44.945#viewportChange#0
2019-3-12 12:54:48.515#mousedown#{"isTrusted":true}
2019-3-12 12:54:48.530#focus#
2019-3-12 12:55:10.540#change#{"from":{"line":0,"ch":0,"sticky":"after","xRel":156.066650390625},"to":{"line":0,"ch":0,"sticky":"after","xRel":156.066650390625},"text":["\"\""],"removed":[""],"origin":"+input"}
2019-3-12 12:55:10.540#keyHandled#"'\"'"
2019-3-12 12:55:11.898#change#{"from":{"line":0,"ch":0,"sticky":null},"to":{"line":0,"ch":2,"sticky":null},"text":[""],"removed":["\"\""],"origin":"+delete"}
2019-3-12 12:55:11.898#keyHandled#"Backspace"
2019-3-12 12:55:12.234#change#{"from":{"line":0,"ch":0,"sticky":null},"to":{"line":0,"ch":0,"sticky":null},"text":["p"],"removed":[""],"origin":"+input"}
2019-3-12 12:55:12.392#change#{"from":{"line":0,"ch":1,"sticky":null},"to":{"line":0,"ch":1,"sticky":null},"text":["r"],"removed":[""],"origin":"+input"}
2019-3-12 12:55:12.476#change#{"from":{"line":0,"ch":2,"sticky":null},"to":{"line":0,"ch":2,"sticky":null},"text":["i"],"removed":[""],"origin":"+input"}
2019-3-12 12:55:12.678#change#{"from":{"line":0,"ch":3,"sticky":null},"to":{"line":0,"ch":3,"sticky":null},"text":["n"],"removed":[""],"origin":"+input"}
2019-3-12 12:55:12.886#change#{"from":{"line":0,"ch":4,"sticky":null},"to":{"line":0,"ch":4,"sticky":null},"text":["t"],"removed":[""],"origin":"+input"}
2019-3-12 12:55:13.813#change#{"from":{"line":0,"ch":5,"sticky":null},"to":{"line":0,"ch":5,"sticky":null},"text":["()"],"removed":[""],"origin":"+input"}
2019-3-12 12:55:13.813#keyHandled#"'('"
2019-3-12 12:55:14.610#change#{"from":{"line":0,"ch":6,"sticky":"after"},"to":{"line":0,"ch":6,"sticky":"after"},"text":["\"\""],"removed":[""],"origin":"+input"}
2019-3-12 12:55:14.610#keyHandled#"'\"'"
2019-3-12 12:55:16.397#change#{"from":{"line":0,"ch":7,"sticky":"after"},"to":{"line":0,"ch":7,"sticky":"after"},"text":["A"],"removed":[""],"origin":"+input"}
2019-3-12 12:55:16.825#change#{"from":{"line":0,"ch":8,"sticky":null},"to":{"line":0,"ch":8,"sticky":null},"text":[" "],"removed":[""],"origin":"+input"}
2019-3-12 12:55:17.655#change#{"from":{"line":0,"ch":9,"sticky":null},"to":{"line":0,"ch":9,"sticky":null},"text":["U"],"removed":[""],"origin":"+input"}
2019-3-12 12:55:18.096#change#{"from":{"line":0,"ch":10,"sticky":null},"to":{"line":0,"ch":10,"sticky":null},"text":["f"],"removed":[""],"origin":"+input"}
2019-3-12 12:55:18.479#change#{"from":{"line":0,"ch":11,"sticky":null},"to":{"line":0,"ch":11,"sticky":null},"text":["a"],"removed":[""],"origin":"+input"}
2019-3-12 12:55:18.913#change#{"from":{"line":0,"ch":11,"sticky":"after"},"to":{"line":0,"ch":12,"sticky":null},"text":[""],"removed":["a"],"origin":"+delete"}
2019-3-12 12:55:18.913#keyHandled#"Backspace"
2019-3-12 12:55:19.081#change#{"from":{"line":0,"ch":10,"sticky":"after"},"to":{"line":0,"ch":11,"sticky":null},"text":[""],"removed":["f"],"origin":"+delete"}
2019-3-12 12:55:19.081#keyHandled#"Backspace"
2019-3-12 12:55:19.406#change#{"from":{"line":0,"ch":10,"sticky":null},"to":{"line":0,"ch":10,"sticky":null},"text":["F"],"removed":[""],"origin":"+input"}
2019-3-12 12:55:19.422#change#{"from":{"line":0,"ch":11,"sticky":null},"to":{"line":0,"ch":11,"sticky":null},"text":["G"],"removed":[""],"origin":"+input"}
2019-3-12 12:55:19.642#change#{"from":{"line":0,"ch":12,"sticky":null},"to":{"line":0,"ch":12,"sticky":null},"text":["A"],"removed":[""],"origin":"+input"}
2019-3-12 12:55:19.937#change#{"from":{"line":0,"ch":12,"sticky":"after"},"to":{"line":0,"ch":13,"sticky":null},"text":[""],"removed":["A"],"origin":"+delete"}
2019-3-12 12:55:19.937#keyHandled#"Backspace"
2019-3-12 12:55:20.128#change#{"from":{"line":0,"ch":11,"sticky":"after"},"to":{"line":0,"ch":12,"sticky":null},"text":[""],"removed":["G"],"origin":"+delete"}
2019-3-12 12:55:20.128#keyHandled#"Backspace"
2019-3-12 12:55:20.239#change#{"from":{"line":0,"ch":11,"sticky":null},"to":{"line":0,"ch":11,"sticky":null},"text":["A"],"removed":[""],"origin":"+input"}
2019-3-12 12:55:20.512#change#{"from":{"line":0,"ch":12,"sticky":null},"to":{"line":0,"ch":12,"sticky":null},"text":["M"],"removed":[""],"origin":"+input"}
2019-3-12 12:55:20.997#change#{"from":{"line":0,"ch":13,"sticky":null},"to":{"line":0,"ch":13,"sticky":null},"text":[" "],"removed":[""],"origin":"+input"}
2019-3-12 12:55:22.467#change#{"from":{"line":0,"ch":14,"sticky":null},"to":{"line":0,"ch":14,"sticky":null},"text":["t"],"removed":[""],"origin":"+input"}
2019-3-12 12:55:22.665#change#{"from":{"line":0,"ch":15,"sticky":null},"to":{"line":0,"ch":15,"sticky":null},"text":["e"],"removed":[""],"origin":"+input"}
2019-3-12 12:55:22.812#change#{"from":{"line":0,"ch":16,"sticky":null},"to":{"line":0,"ch":16,"sticky":null},"text":["m"],"removed":[""],"origin":"+input"}
2019-3-12 12:55:24.174#keyHandled#"'\"'"
2019-3-12 12:55:25.727#change#{"from":{"line":0,"ch":18,"sticky":"before"},"to":{"line":0,"ch":18,"sticky":"before"},"text":[","],"removed":[""],"origin":"+input"}
2019-3-12 12:55:26.608#change#{"from":{"line":0,"ch":19,"sticky":null},"to":{"line":0,"ch":19,"sticky":null},"text":[" "],"removed":[""],"origin":"+input"}
2019-3-12 12:55:30.910#change#{"from":{"line":0,"ch":20,"sticky":null},"to":{"line":0,"ch":20,"sticky":null},"text":["2"],"removed":[""],"origin":"+input"}
2019-3-12 12:55:31.290#change#{"from":{"line":0,"ch":21,"sticky":null},"to":{"line":0,"ch":21,"sticky":null},"text":["0"],"removed":[""],"origin":"+input"}
2019-3-12 12:55:31.423#change#{"from":{"line":0,"ch":22,"sticky":null},"to":{"line":0,"ch":22,"sticky":null},"text":["1"],"removed":[""],"origin":"+input"}
2019-3-12 12:55:31.547#change#{"from":{"line":0,"ch":23,"sticky":null},"to":{"line":0,"ch":23,"sticky":null},"text":["9"],"removed":[""],"origin":"+input"}
2019-3-12 12:55:33.375#change#{"from":{"line":0,"ch":24,"sticky":null},"to":{"line":0,"ch":24,"sticky":null},"text":[" "],"removed":[""],"origin":"+input"}
2019-3-12 12:55:33.671#change#{"from":{"line":0,"ch":25,"sticky":null},"to":{"line":0,"ch":25,"sticky":null},"text":["-"],"removed":[""],"origin":"+input"}
2019-3-12 12:55:33.897#change#{"from":{"line":0,"ch":26,"sticky":null},"to":{"line":0,"ch":26,"sticky":null},"text":[" "],"removed":[""],"origin":"+input"}
2019-3-12 12:55:38.596#blur#
2019-3-12 12:55:57.334#focus#
2019-3-12 12:55:59.286#change#{"from":{"line":0,"ch":27,"sticky":null},"to":{"line":0,"ch":27,"sticky":null},"text":["1"],"removed":[""],"origin":"+input"}
2019-3-12 12:56:00.202#change#{"from":{"line":0,"ch":28,"sticky":null},"to":{"line":0,"ch":28,"sticky":null},"text":["9"],"removed":[""],"origin":"+input"}
2019-3-12 12:56:00.870#change#{"from":{"line":0,"ch":29,"sticky":null},"to":{"line":0,"ch":29,"sticky":null},"text":["0"],"removed":[""],"origin":"+input"}
2019-3-12 12:56:01.091#change#{"from":{"line":0,"ch":30,"sticky":null},"to":{"line":0,"ch":30,"sticky":null},"text":["9"],"removed":[""],"origin":"+input"}
2019-3-12 12:56:03.699#keyHandled#"Left"
2019-3-12 12:56:03.904#keyHandled#"Left"
2019-3-12 12:56:04.097#keyHandled#"Left"
2019-3-12 12:56:04.276#keyHandled#"Left"
2019-3-12 12:56:04.457#keyHandled#"Left"
2019-3-12 12:56:04.638#keyHandled#"Left"
2019-3-12 12:56:09.279#mousedown#{"isTrusted":true}
2019-3-12 12:56:10.343#keyHandled#"Right"
2019-3-12 12:56:10.698#change#{"from":{"line":0,"ch":31,"sticky":"before"},"to":{"line":0,"ch":31,"sticky":"before"},"text":[","],"removed":[""],"origin":"+input"}
2019-3-12 12:56:10.928#change#{"from":{"line":0,"ch":32,"sticky":null},"to":{"line":0,"ch":32,"sticky":null},"text":[" "],"removed":[""],"origin":"+input"}
2019-3-12 12:56:12.358#change#{"from":{"line":0,"ch":33,"sticky":null},"to":{"line":0,"ch":33,"sticky":null},"text":["\"\""],"removed":[""],"origin":"+input"}
2019-3-12 12:56:12.358#keyHandled#"'\"'"
2019-3-12 12:56:13.085#change#{"from":{"line":0,"ch":34,"sticky":"after"},"to":{"line":0,"ch":34,"sticky":"after"},"text":["a"],"removed":[""],"origin":"+input"}
2019-3-12 12:56:13.143#change#{"from":{"line":0,"ch":35,"sticky":null},"to":{"line":0,"ch":35,"sticky":null},"text":["n"],"removed":[""],"origin":"+input"}
2019-3-12 12:56:13.317#change#{"from":{"line":0,"ch":36,"sticky":null},"to":{"line":0,"ch":36,"sticky":null},"text":["o"],"removed":[""],"origin":"+input"}
2019-3-12 12:56:13.832#change#{"from":{"line":0,"ch":37,"sticky":null},"to":{"line":0,"ch":37,"sticky":null},"text":["s"],"removed":[""],"origin":"+input"}
2019-3-12 12:56:14.022#change#{"from":{"line":0,"ch":38,"sticky":null},"to":{"line":0,"ch":38,"sticky":null},"text":[" "],"removed":[""],"origin":"+input"}
2019-3-12 12:56:14.194#change#{"from":{"line":0,"ch":39,"sticky":null},"to":{"line":0,"ch":39,"sticky":null},"text":["d"],"removed":[""],"origin":"+input"}
2019-3-12 12:56:14.386#change#{"from":{"line":0,"ch":40,"sticky":null},"to":{"line":0,"ch":40,"sticky":null},"text":["e"],"removed":[""],"origin":"+input"}
2019-3-12 12:56:14.450#change#{"from":{"line":0,"ch":41,"sticky":null},"to":{"line":0,"ch":41,"sticky":null},"text":[" "],"removed":[""],"origin":"+input"}
2019-3-12 12:56:14.990#change#{"from":{"line":0,"ch":43,"sticky":null},"to":{"line":0,"ch":43,"sticky":null},"text":["u"],"removed":[""],"origin":"+input"}
2019-3-12 12:56:15.139#change#{"from":{"line":0,"ch":44,"sticky":null},"to":{"line":0,"ch":44,"sticky":null},"text":["n"],"removed":[""],"origin":"+input"}
2019-3-12 12:56:15.286#change#{"from":{"line":0,"ch":45,"sticky":null},"to":{"line":0,"ch":45,"sticky":null},"text":["d"],"removed":[""],"origin":"+input"}
2019-3-12 12:56:15.470#change#{"from":{"line":0,"ch":46,"sticky":null},"to":{"line":0,"ch":46,"sticky":null},"text":["a"],"removed":[""],"origin":"+input"}
2019-3-12 12:56:15.633#change#{"from":{"line":0,"ch":47,"sticky":null},"to":{"line":0,"ch":47,"sticky":null},"text":["ç"],"removed":[""],"origin":"+input"}
2019-3-12 12:56:15.989#change#{"from":{"line":0,"ch":48,"sticky":null},"to":{"line":0,"ch":48,"sticky":null},"text":["ã"],"removed":[""],"origin":"*compose"}
2019-3-12 12:56:16.129#change#{"from":{"line":0,"ch":49,"sticky":null},"to":{"line":0,"ch":49,"sticky":null},"text":["o"],"removed":[""],"origin":"+input"}
2019-3-12 12:56:16.974#change#{"from":{"line":0,"ch":49,"sticky":"after"},"to":{"line":0,"ch":50,"sticky":null},"text":[""],"removed":["o"],"origin":"+delete"}
2019-3-12 12:56:16.974#keyHandled#"Backspace"
2019-3-12 12:56:17.138#change#{"from":{"line":0,"ch":48,"sticky":"after"},"to":{"line":0,"ch":49,"sticky":null},"text":[""],"removed":["ã"],"origin":"+delete"}
2019-3-12 12:56:17.138#keyHandled#"Backspace"
2019-3-12 12:56:17.323#change#{"from":{"line":0,"ch":47,"sticky":"after"},"to":{"line":0,"ch":48,"sticky":null},"text":[""],"removed":["ç"],"origin":"+delete"}
2019-3-12 12:56:17.323#keyHandled#"Backspace"
2019-3-12 12:56:18.609#change#{"from":{"line":0,"ch":47,"sticky":null},"to":{"line":0,"ch":47,"sticky":null},"text":["c"],"removed":[""],"origin":"+input"}
2019-3-12 12:56:18.771#change#{"from":{"line":0,"ch":48,"sticky":null},"to":{"line":0,"ch":48,"sticky":null},"text":["a"],"removed":[""],"origin":"+input"}
2019-3-12 12:56:19.036#change#{"from":{"line":0,"ch":49,"sticky":null},"to":{"line":0,"ch":49,"sticky":null},"text":["o"],"removed":[""],"origin":"+input"}
2019-3-12 12:56:19.303#change#{"from":{"line":0,"ch":50,"sticky":null},"to":{"line":0,"ch":50,"sticky":null},"text":["."],"removed":[""],"origin":"+input"}
2019-3-12 12:56:19.036#change#{"from":{"line":0,"ch":49,"sticky":null},"to":{"line":0,"ch":49,"sticky":null},"text":["o"],"removed":[""],"origin":"+input"}
2019-3-12 12:56:19.303#change#{"from":{"line":0,"ch":50,"sticky":null},"to":{"line":0,"ch":50,"sticky":null},"text":["."],"removed":[""],"origin":"+input"}
2019-3-12 12:56:24.303#submit#Your code did not produce the correct output. Please, correct your code and try again.
2019-3-12 12:56:29.163#mousedown#{"isTrusted":true}
2019-3-12 12:56:29.949#change#{"from":{"line":0,"ch":23,"sticky":"after"},"to":{"line":0,"ch":24,"sticky":"before","xRel":-1.3333587646484375},"text":[""],"removed":["9"],"origin":"+delete"}
2019-3-12 12:56:29.950#keyHandled#"Backspace"
2019-3-12 12:56:30.120#change#{"from":{"line":0,"ch":22,"sticky":"after"},"to":{"line":0,"ch":23,"sticky":null},"text":[""],"removed":["1"],"origin":"+delete"}
2019-3-12 12:56:30.120#keyHandled#"Backspace"
2019-3-12 12:56:31.078#change#{"from":{"line":0,"ch":22,"sticky":null},"to":{"line":0,"ch":22,"sticky":null},"text":["6"],"removed":[""],"origin":"+input"}
2019-3-12 12:56:32.061#change#{"from":{"line":0,"ch":22,"sticky":"after"},"to":{"line":0,"ch":23,"sticky":null},"text":[""],"removed":["6"],"origin":"+delete"}
2019-3-12 12:56:32.061#keyHandled#"Backspace"
2019-3-12 12:56:32.449#change#{"from":{"line":0,"ch":22,"sticky":null},"to":{"line":0,"ch":22,"sticky":null},"text":["1"],"removed":[""],"origin":"+input"}
2019-3-12 12:56:32.765#change#{"from":{"line":0,"ch":23,"sticky":null},"to":{"line":0,"ch":23,"sticky":null},"text":["6"],"removed":[""],"origin":"+input"}
2019-3-12 12:56:32.061#change#{"from":{"line":0,"ch":22,"sticky":"after"},"to":{"line":0,"ch":23,"sticky":null},"text":[""],"removed":["6"],"origin":"+delete"}
2019-3-12 12:56:32.061#keyHandled#"Backspace"
2019-3-12 12:56:32.449#change#{"from":{"line":0,"ch":22,"sticky":null},"to":{"line":0,"ch":22,"sticky":null},"text":["1"],"removed":[""],"origin":"+input"}
2019-3-12 12:56:32.765#change#{"from":{"line":0,"ch":23,"sticky":null},"to":{"line":0,"ch":23,"sticky":null},"text":["6"],"removed":[""],"origin":"+input"}
