2019-4-29 14:14:08.234#viewportChange#0
2019-4-29 14:15:12.587#mousedown#{"isTrusted":true}
2019-4-29 14:15:12.604#focus#
2019-4-29 14:15:13.863#change#{"from":{"line":0,"ch":0,"sticky":"after","xRel":24.933349609375},"to":{"line":0,"ch":0,"sticky":"after","xRel":24.933349609375},"text":["f"],"removed":[""],"origin":"+input"}
2019-4-29 14:15:38.942#change#{"from":{"line":0,"ch":0,"sticky":"after"},"to":{"line":0,"ch":1,"sticky":null},"text":[""],"removed":["f"],"origin":"+delete"}
2019-4-29 14:15:38.942#keyHandled#"Backspace"
2019-4-29 14:15:40.627#change#{"from":{"line":0,"ch":0,"sticky":null},"to":{"line":0,"ch":0,"sticky":null},"text":["f"],"removed":[""],"origin":"+input"}
2019-4-29 14:15:40.796#change#{"from":{"line":0,"ch":1,"sticky":null},"to":{"line":0,"ch":1,"sticky":null},"text":[" "],"removed":[""],"origin":"+input"}
2019-4-29 14:15:41.901#change#{"from":{"line":0,"ch":2,"sticky":null},"to":{"line":0,"ch":2,"sticky":null},"text":["="],"removed":[""],"origin":"+input"}
2019-4-29 14:15:42.069#change#{"from":{"line":0,"ch":3,"sticky":null},"to":{"line":0,"ch":3,"sticky":null},"text":[" "],"removed":[""],"origin":"+input"}
2019-4-29 14:15:48.837#change#{"from":{"line":0,"ch":4,"sticky":null},"to":{"line":0,"ch":4,"sticky":null},"text":["()"],"removed":[""],"origin":"+input"}
2019-4-29 14:15:48.837#keyHandled#"'('"
2019-4-29 14:15:49.500#change#{"from":{"line":0,"ch":5,"sticky":"after"},"to":{"line":0,"ch":5,"sticky":"after"},"text":["()"],"removed":[""],"origin":"+input"}
2019-4-29 14:15:49.500#keyHandled#"'('"
2019-4-29 14:15:50.606#keyHandled#"Left"
2019-4-29 14:15:57.707#change#{"from":{"line":0,"ch":5,"sticky":"after"},"to":{"line":0,"ch":5,"sticky":"after"},"text":["f"],"removed":[""],"origin":"+input"}
2019-4-29 14:15:57.854#change#{"from":{"line":0,"ch":6,"sticky":null},"to":{"line":0,"ch":6,"sticky":null},"text":["l"],"removed":[""],"origin":"+input"}
2019-4-29 14:15:58.061#change#{"from":{"line":0,"ch":7,"sticky":null},"to":{"line":0,"ch":7,"sticky":null},"text":["o"],"removed":[""],"origin":"+input"}
2019-4-29 14:15:58.491#change#{"from":{"line":0,"ch":8,"sticky":null},"to":{"line":0,"ch":8,"sticky":null},"text":["a"],"removed":[""],"origin":"+input"}
2019-4-29 14:15:59.150#change#{"from":{"line":0,"ch":9,"sticky":null},"to":{"line":0,"ch":9,"sticky":null},"text":["t"],"removed":[""],"origin":"+input"}
2019-4-29 14:16:00.195#keyHandled#"Right"
2019-4-29 14:16:01.479#change#{"from":{"line":0,"ch":11,"sticky":"before"},"to":{"line":0,"ch":11,"sticky":"before"},"text":["i"],"removed":[""],"origin":"+input"}
2019-4-29 14:16:01.676#change#{"from":{"line":0,"ch":12,"sticky":null},"to":{"line":0,"ch":12,"sticky":null},"text":["n"],"removed":[""],"origin":"+input"}
2019-4-29 14:16:02.052#change#{"from":{"line":0,"ch":13,"sticky":null},"to":{"line":0,"ch":13,"sticky":null},"text":["p"],"removed":[""],"origin":"+input"}
2019-4-29 14:16:02.314#change#{"from":{"line":0,"ch":14,"sticky":null},"to":{"line":0,"ch":14,"sticky":null},"text":["u"],"removed":[""],"origin":"+input"}
2019-4-29 14:16:02.687#change#{"from":{"line":0,"ch":15,"sticky":null},"to":{"line":0,"ch":15,"sticky":null},"text":["t"],"removed":[""],"origin":"+input"}
2019-4-29 14:16:04.121#change#{"from":{"line":0,"ch":16,"sticky":null},"to":{"line":0,"ch":16,"sticky":null},"text":["()"],"removed":[""],"origin":"+input"}
2019-4-29 14:16:04.121#keyHandled#"'('"
2019-4-29 14:16:07.599#change#{"from":{"line":0,"ch":16,"sticky":null},"to":{"line":0,"ch":18,"sticky":null},"text":[""],"removed":["()"],"origin":"+delete"}
2019-4-29 14:16:07.599#keyHandled#"Backspace"
2019-4-29 14:16:08.871#mousedown#{"isTrusted":true}
2019-4-29 14:16:09.070#change#{"from":{"line":0,"ch":4,"sticky":"after"},"to":{"line":0,"ch":5,"sticky":"before","xRel":-3.73333740234375},"text":[""],"removed":["("],"origin":"+delete"}
2019-4-29 14:16:09.071#keyHandled#"Backspace"
2019-4-29 14:16:09.947#mousedown#{"isTrusted":true}
2019-4-29 14:16:11.905#mousedown#{"isTrusted":true}
2019-4-29 14:16:13.051#change#{"from":{"line":0,"ch":9,"sticky":"after","xRel":2.933349609375},"to":{"line":0,"ch":9,"sticky":"after","xRel":2.933349609375},"text":["("],"removed":[""],"origin":"+input"}
2019-4-29 14:16:14.849#mousedown#{"isTrusted":true}
2019-4-29 14:16:15.641#change#{"from":{"line":0,"ch":17,"sticky":"after"},"to":{"line":0,"ch":18,"sticky":"before","xRel":-3.0666656494140625},"text":[""],"removed":[")"],"origin":"+delete"}
2019-4-29 14:16:15.641#keyHandled#"Backspace"
2019-4-29 14:16:16.151#mousedown#{"isTrusted":true}
2019-4-29 14:16:16.348#change#{"from":{"line":0,"ch":9,"sticky":"after"},"to":{"line":0,"ch":10,"sticky":"before","xRel":-1.3999786376953125},"text":[""],"removed":["("],"origin":"+delete"}
2019-4-29 14:16:16.348#keyHandled#"Backspace"
2019-4-29 14:16:17.341#mousedown#{"isTrusted":true}
2019-4-29 14:16:18.502#change#{"from":{"line":0,"ch":15,"sticky":"before","xRel":-2.0666656494140625},"to":{"line":0,"ch":15,"sticky":"before","xRel":-2.0666656494140625},"text":["()"],"removed":[""],"origin":"+input"}
2019-4-29 14:16:18.503#keyHandled#"'('"
2019-4-29 14:16:22.140#change#{"from":{"line":0,"ch":16,"sticky":"after"},"to":{"line":0,"ch":16,"sticky":"after"},"text":["\"\""],"removed":[""],"origin":"+input"}
2019-4-29 14:16:22.140#keyHandled#"'\"'"
2019-4-29 14:16:25.197#change#{"from":{"line":0,"ch":16,"sticky":null},"to":{"line":0,"ch":18,"sticky":null},"text":[""],"removed":["\"\""],"origin":"+delete"}
2019-4-29 14:16:25.197#keyHandled#"Backspace"
2019-4-29 14:16:26.529#change#{"from":{"line":0,"ch":16,"sticky":null},"to":{"line":0,"ch":16,"sticky":null},"text":["\"\""],"removed":[""],"origin":"+input"}
2019-4-29 14:16:26.529#keyHandled#"'\"'"
2019-4-29 14:16:26.911#change#{"from":{"line":0,"ch":17,"sticky":"after"},"to":{"line":0,"ch":17,"sticky":"after"},"text":[":"],"removed":[""],"origin":"+input"}
2019-4-29 14:16:27.856#change#{"from":{"line":0,"ch":18,"sticky":null},"to":{"line":0,"ch":18,"sticky":null},"text":[" "],"removed":[""],"origin":"+input"}
2019-4-29 14:16:28.020#keyHandled#"Left"
2019-4-29 14:16:28.316#keyHandled#"Left"
2019-4-29 14:16:29.569#change#{"from":{"line":0,"ch":17,"sticky":"after"},"to":{"line":0,"ch":17,"sticky":"after"},"text":["v"],"removed":[""],"origin":"+input"}
2019-4-29 14:16:29.753#change#{"from":{"line":0,"ch":18,"sticky":null},"to":{"line":0,"ch":18,"sticky":null},"text":["a"],"removed":[""],"origin":"+input"}
2019-4-29 14:16:29.888#change#{"from":{"line":0,"ch":19,"sticky":null},"to":{"line":0,"ch":19,"sticky":null},"text":["l"],"removed":[""],"origin":"+input"}
2019-4-29 14:16:30.098#change#{"from":{"line":0,"ch":20,"sticky":null},"to":{"line":0,"ch":20,"sticky":null},"text":["o"],"removed":[""],"origin":"+input"}
2019-4-29 14:16:30.283#change#{"from":{"line":0,"ch":21,"sticky":null},"to":{"line":0,"ch":21,"sticky":null},"text":["r"],"removed":[""],"origin":"+input"}
2019-4-29 14:16:30.457#change#{"from":{"line":0,"ch":22,"sticky":null},"to":{"line":0,"ch":22,"sticky":null},"text":[" "],"removed":[""],"origin":"+input"}
2019-4-29 14:16:31.096#change#{"from":{"line":0,"ch":23,"sticky":null},"to":{"line":0,"ch":23,"sticky":null},"text":["d"],"removed":[""],"origin":"+input"}
2019-4-29 14:16:31.262#change#{"from":{"line":0,"ch":24,"sticky":null},"to":{"line":0,"ch":24,"sticky":null},"text":["e"],"removed":[""],"origin":"+input"}
2019-4-29 14:16:31.391#change#{"from":{"line":0,"ch":25,"sticky":null},"to":{"line":0,"ch":25,"sticky":null},"text":[" "],"removed":[""],"origin":"+input"}
2019-4-29 14:16:32.471#change#{"from":{"line":0,"ch":26,"sticky":null},"to":{"line":0,"ch":26,"sticky":null},"text":["x"],"removed":[""],"origin":"+input"}
2019-4-29 14:16:42.415#change#{"from":{"line":0,"ch":32,"sticky":"before","xRel":8.266632080078125},"to":{"line":0,"ch":32,"sticky":"before","xRel":8.266632080078125},"text":["",""],"removed":[""],"origin":"+input"}
2019-4-29 14:16:42.415#keyHandled#"Enter"
2019-4-29 14:16:42.432#viewportChange#0
2019-4-29 14:17:34.517#change#{"from":{"line":1,"ch":0,"sticky":null},"to":{"line":1,"ch":0,"sticky":null},"text":["",""],"removed":[""],"origin":"+input"}
2019-4-29 14:17:34.517#keyHandled#"Enter"
2019-4-29 14:17:34.531#viewportChange#0
2019-4-29 14:17:35.549#change#{"from":{"line":2,"ch":0,"sticky":null},"to":{"line":2,"ch":0,"sticky":null},"text":["i"],"removed":[""],"origin":"+input"}
2019-4-29 14:17:35.699#change#{"from":{"line":2,"ch":1,"sticky":null},"to":{"line":2,"ch":1,"sticky":null},"text":["f"],"removed":[""],"origin":"+input"}
2019-4-29 14:17:36.643#change#{"from":{"line":2,"ch":2,"sticky":null},"to":{"line":2,"ch":2,"sticky":null},"text":["()"],"removed":[""],"origin":"+input"}
2019-4-29 14:17:36.643#keyHandled#"'('"
2019-4-29 14:17:46.656#change#{"from":{"line":2,"ch":3,"sticky":"after"},"to":{"line":2,"ch":3,"sticky":"after"},"text":["-"],"removed":[""],"origin":"+input"}
2019-4-29 14:17:47.812#change#{"from":{"line":2,"ch":4,"sticky":null},"to":{"line":2,"ch":4,"sticky":null},"text":["4"],"removed":[""],"origin":"+input"}
2019-4-29 14:17:49.275#change#{"from":{"line":2,"ch":4,"sticky":"after"},"to":{"line":2,"ch":5,"sticky":null},"text":[""],"removed":["4"],"origin":"+delete"}
2019-4-29 14:17:49.275#keyHandled#"Backspace"
2019-4-29 14:17:49.485#change#{"from":{"line":2,"ch":3,"sticky":"after"},"to":{"line":2,"ch":4,"sticky":null},"text":[""],"removed":["-"],"origin":"+delete"}
2019-4-29 14:17:49.485#keyHandled#"Backspace"
2019-4-29 14:17:57.172#change#{"from":{"line":2,"ch":3,"sticky":null},"to":{"line":2,"ch":3,"sticky":null},"text":["x"],"removed":[""],"origin":"+input"}
2019-4-29 14:17:59.557#change#{"from":{"line":2,"ch":3,"sticky":"after"},"to":{"line":2,"ch":4,"sticky":null},"text":[""],"removed":["x"],"origin":"+delete"}
2019-4-29 14:17:59.557#keyHandled#"Backspace"
2019-4-29 14:18:01.271#change#{"from":{"line":2,"ch":3,"sticky":null},"to":{"line":2,"ch":3,"sticky":null},"text":["X"],"removed":[""],"origin":"+input"}
2019-4-29 14:18:01.943#change#{"from":{"line":2,"ch":3,"sticky":"after"},"to":{"line":2,"ch":4,"sticky":null},"text":[""],"removed":["X"],"origin":"+delete"}
2019-4-29 14:18:01.943#keyHandled#"Backspace"
2019-4-29 14:18:02.714#change#{"from":{"line":2,"ch":3,"sticky":null},"to":{"line":2,"ch":3,"sticky":null},"text":["x"],"removed":[""],"origin":"+input"}
2019-4-29 14:18:05.004#change#{"from":{"line":2,"ch":4,"sticky":null},"to":{"line":2,"ch":4,"sticky":null},"text":["<"],"removed":[""],"origin":"+input"}
2019-4-29 14:18:07.940#change#{"from":{"line":2,"ch":5,"sticky":null},"to":{"line":2,"ch":5,"sticky":null},"text":[" "],"removed":[""],"origin":"+input"}
2019-4-29 14:18:08.828#keyHandled#"Left"
2019-4-29 14:18:09.041#keyHandled#"Left"
2019-4-29 14:18:09.324#change#{"from":{"line":2,"ch":4,"sticky":"after"},"to":{"line":2,"ch":4,"sticky":"after"},"text":[" "],"removed":[""],"origin":"+input"}
2019-4-29 14:18:09.879#keyHandled#"Right"
2019-4-29 14:18:10.073#keyHandled#"Right"
2019-4-29 14:18:12.350#change#{"from":{"line":2,"ch":7,"sticky":"before"},"to":{"line":2,"ch":7,"sticky":"before"},"text":["0"],"removed":[""],"origin":"+input"}
2019-4-29 14:18:13.904#mousedown#{"isTrusted":true}
2019-4-29 14:18:15.015#change#{"from":{"line":2,"ch":9,"sticky":"before","xRel":41.93333435058594},"to":{"line":2,"ch":9,"sticky":"before","xRel":41.93333435058594},"text":["a"],"removed":[""],"origin":"+input"}
2019-4-29 14:18:15.715#change#{"from":{"line":2,"ch":10,"sticky":null},"to":{"line":2,"ch":10,"sticky":null},"text":["n"],"removed":[""],"origin":"+input"}
2019-4-29 14:18:15.839#change#{"from":{"line":2,"ch":11,"sticky":null},"to":{"line":2,"ch":11,"sticky":null},"text":["d"],"removed":[""],"origin":"+input"}
2019-4-29 14:18:16.926#change#{"from":{"line":2,"ch":12,"sticky":null},"to":{"line":2,"ch":12,"sticky":null},"text":["()"],"removed":[""],"origin":"+input"}
2019-4-29 14:18:16.926#keyHandled#"'('"
2019-4-29 14:18:20.121#change#{"from":{"line":2,"ch":13,"sticky":"after"},"to":{"line":2,"ch":13,"sticky":"after"},"text":["x"],"removed":[""],"origin":"+input"}
2019-4-29 14:18:24.482#change#{"from":{"line":2,"ch":14,"sticky":null},"to":{"line":2,"ch":14,"sticky":null},"text":[" "],"removed":[""],"origin":"+input"}
2019-4-29 14:18:25.575#change#{"from":{"line":2,"ch":15,"sticky":null},"to":{"line":2,"ch":15,"sticky":null},"text":[">"],"removed":[""],"origin":"+input"}
2019-4-29 14:18:27.062#change#{"from":{"line":2,"ch":16,"sticky":null},"to":{"line":2,"ch":16,"sticky":null},"text":["="],"removed":[""],"origin":"+input"}
2019-4-29 14:18:28.463#change#{"from":{"line":2,"ch":17,"sticky":null},"to":{"line":2,"ch":17,"sticky":null},"text":[" "],"removed":[""],"origin":"+input"}
2019-4-29 14:18:30.190#change#{"from":{"line":2,"ch":18,"sticky":null},"to":{"line":2,"ch":18,"sticky":null},"text":["-"],"removed":[""],"origin":"+input"}
2019-4-29 14:18:30.429#change#{"from":{"line":2,"ch":19,"sticky":null},"to":{"line":2,"ch":19,"sticky":null},"text":["4"],"removed":[""],"origin":"+input"}
2019-4-29 14:18:32.194#mousedown#{"isTrusted":true}
2019-4-29 14:18:35.904#change#{"from":{"line":2,"ch":19,"sticky":"before","xRel":-1.3999786376953125},"to":{"line":2,"ch":19,"sticky":"before","xRel":-1.3999786376953125},"text":["("],"removed":[""],"origin":"+input"}
2019-4-29 14:18:37.097#change#{"from":{"line":2,"ch":19,"sticky":"after"},"to":{"line":2,"ch":20,"sticky":null},"text":[""],"removed":["("],"origin":"+delete"}
2019-4-29 14:18:37.097#keyHandled#"Backspace"
2019-4-29 14:18:37.946#keyHandled#"Left"
2019-4-29 14:18:38.703#change#{"from":{"line":2,"ch":18,"sticky":"after"},"to":{"line":2,"ch":18,"sticky":"after"},"text":["("],"removed":[""],"origin":"+input"}
2019-4-29 14:18:40.108#change#{"from":{"line":2,"ch":18,"sticky":"after"},"to":{"line":2,"ch":19,"sticky":null},"text":[""],"removed":["("],"origin":"+delete"}
2019-4-29 14:18:40.108#keyHandled#"Backspace"
2019-4-29 14:18:44.285#mousedown#{"isTrusted":true}
2019-4-29 14:18:46.274#mousedown#{"isTrusted":true}
2019-4-29 14:18:46.971#mousedown#{"isTrusted":true}
2019-4-29 14:18:57.733#change#{"from":{"line":2,"ch":21,"sticky":"before","xRel":17.933334350585938},"to":{"line":2,"ch":21,"sticky":"before","xRel":17.933334350585938},"text":[":"],"removed":[""],"origin":"+input"}
2019-4-29 14:18:57.961#change#{"from":{"line":2,"ch":22,"sticky":null},"to":{"line":2,"ch":22,"sticky":null},"text":["",""],"removed":[""],"origin":"+input"}
2019-4-29 14:18:57.961#change#{"from":{"line":3,"ch":0,"sticky":null},"to":{"line":3,"ch":0,"sticky":null},"text":["\t"],"removed":[""],"origin":"+input"}
2019-4-29 14:18:57.961#keyHandled#"Enter"
2019-4-29 14:18:57.976#viewportChange#0
2019-4-29 14:19:03.118#mousedown#{"isTrusted":true}
2019-4-29 14:19:04.088#change#{"from":{"line":1,"ch":0,"sticky":"after","xRel":42.933349609375},"to":{"line":1,"ch":0,"sticky":"after","xRel":42.933349609375},"text":["",""],"removed":[""],"origin":"+input"}
2019-4-29 14:19:04.088#keyHandled#"Enter"
2019-4-29 14:19:04.103#viewportChange#0
2019-4-29 14:19:09.362#change#{"from":{"line":1,"ch":0,"sticky":"before"},"to":{"line":2,"ch":0,"sticky":null},"text":[""],"removed":["",""],"origin":"+delete"}
2019-4-29 14:19:09.362#keyHandled#"Backspace"
2019-4-29 14:19:09.377#viewportChange#0
2019-4-29 14:19:09.942#mousedown#{"isTrusted":true}
2019-4-29 14:19:10.849#change#{"from":{"line":3,"ch":1,"sticky":"before","xRel":63.10002136230469},"to":{"line":3,"ch":1,"sticky":"before","xRel":63.10002136230469},"text":["p"],"removed":[""],"origin":"+input"}
2019-4-29 14:19:11.008#change#{"from":{"line":3,"ch":2,"sticky":null},"to":{"line":3,"ch":2,"sticky":null},"text":["r"],"removed":[""],"origin":"+input"}
2019-4-29 14:19:11.154#change#{"from":{"line":3,"ch":3,"sticky":null},"to":{"line":3,"ch":3,"sticky":null},"text":["i"],"removed":[""],"origin":"+input"}
2019-4-29 14:19:11.320#change#{"from":{"line":3,"ch":4,"sticky":null},"to":{"line":3,"ch":4,"sticky":null},"text":["n"],"removed":[""],"origin":"+input"}
2019-4-29 14:19:11.507#change#{"from":{"line":3,"ch":5,"sticky":null},"to":{"line":3,"ch":5,"sticky":null},"text":["t"],"removed":[""],"origin":"+input"}
2019-4-29 14:19:12.538#change#{"from":{"line":3,"ch":6,"sticky":null},"to":{"line":3,"ch":6,"sticky":null},"text":["()"],"removed":[""],"origin":"+input"}
2019-4-29 14:19:12.538#keyHandled#"'('"
2019-4-29 14:19:30.509#blur#
2019-4-29 14:19:41.373#mousedown#{"isTrusted":true}
2019-4-29 14:19:41.383#focus#
2019-4-29 14:19:42.238#change#{"from":{"line":3,"ch":7,"sticky":"before","xRel":-1.8999786376953125},"to":{"line":3,"ch":7,"sticky":"before","xRel":-1.8999786376953125},"text":["s"],"removed":[""],"origin":"+input"}
2019-4-29 14:19:43.163#change#{"from":{"line":3,"ch":8,"sticky":null},"to":{"line":3,"ch":8,"sticky":null},"text":["q"],"removed":[""],"origin":"+input"}
2019-4-29 14:19:44.119#change#{"from":{"line":3,"ch":9,"sticky":null},"to":{"line":3,"ch":9,"sticky":null},"text":["r"],"removed":[""],"origin":"+input"}
2019-4-29 14:19:44.329#change#{"from":{"line":3,"ch":10,"sticky":null},"to":{"line":3,"ch":10,"sticky":null},"text":["t"],"removed":[""],"origin":"+input"}
2019-4-29 14:19:46.974#change#{"from":{"line":3,"ch":11,"sticky":null},"to":{"line":3,"ch":11,"sticky":null},"text":["*"],"removed":[""],"origin":"+input"}
2019-4-29 14:19:49.363#change#{"from":{"line":3,"ch":12,"sticky":null},"to":{"line":3,"ch":12,"sticky":null},"text":["x"],"removed":[""],"origin":"+input"}
2019-4-29 14:19:56.591#mousedown#{"isTrusted":true}
2019-4-29 14:19:59.552#change#{"from":{"line":1,"ch":0,"sticky":"after","xRel":47.933349609375},"to":{"line":1,"ch":0,"sticky":"after","xRel":47.933349609375},"text":["f"],"removed":[""],"origin":"+input"}
2019-4-29 14:20:00.241#change#{"from":{"line":1,"ch":0,"sticky":"after"},"to":{"line":1,"ch":1,"sticky":null},"text":[""],"removed":["f"],"origin":"+delete"}
2019-4-29 14:20:00.241#keyHandled#"Backspace"
2019-4-29 14:20:00.865#change#{"from":{"line":1,"ch":0,"sticky":null},"to":{"line":1,"ch":0,"sticky":null},"text":["",""],"removed":[""],"origin":"+input"}
2019-4-29 14:20:00.865#keyHandled#"Enter"
2019-4-29 14:20:00.880#viewportChange#0
2019-4-29 14:20:01.230#change#{"from":{"line":2,"ch":0,"sticky":null},"to":{"line":2,"ch":0,"sticky":null},"text":["f"],"removed":[""],"origin":"+input"}
2019-4-29 14:20:01.680#change#{"from":{"line":2,"ch":1,"sticky":null},"to":{"line":2,"ch":1,"sticky":null},"text":["r"],"removed":[""],"origin":"+input"}
2019-4-29 14:20:01.816#change#{"from":{"line":2,"ch":2,"sticky":null},"to":{"line":2,"ch":2,"sticky":null},"text":["o"],"removed":[""],"origin":"+input"}
2019-4-29 14:20:02.033#change#{"from":{"line":2,"ch":3,"sticky":null},"to":{"line":2,"ch":3,"sticky":null},"text":["m"],"removed":[""],"origin":"+input"}
2019-4-29 14:20:02.424#change#{"from":{"line":2,"ch":4,"sticky":null},"to":{"line":2,"ch":4,"sticky":null},"text":[" "],"removed":[""],"origin":"+input"}
2019-4-29 14:20:02.949#change#{"from":{"line":2,"ch":5,"sticky":null},"to":{"line":2,"ch":5,"sticky":null},"text":["i"],"removed":[""],"origin":"+input"}
2019-4-29 14:20:03.186#change#{"from":{"line":2,"ch":6,"sticky":null},"to":{"line":2,"ch":6,"sticky":null},"text":["m"],"removed":[""],"origin":"+input"}
2019-4-29 14:20:03.438#change#{"from":{"line":2,"ch":7,"sticky":null},"to":{"line":2,"ch":7,"sticky":null},"text":["p"],"removed":[""],"origin":"+input"}
2019-4-29 14:20:03.639#change#{"from":{"line":2,"ch":8,"sticky":null},"to":{"line":2,"ch":8,"sticky":null},"text":["o"],"removed":[""],"origin":"+input"}
2019-4-29 14:20:03.817#change#{"from":{"line":2,"ch":9,"sticky":null},"to":{"line":2,"ch":9,"sticky":null},"text":["r"],"removed":[""],"origin":"+input"}
2019-4-29 14:20:04.036#change#{"from":{"line":2,"ch":10,"sticky":null},"to":{"line":2,"ch":10,"sticky":null},"text":["t"],"removed":[""],"origin":"+input"}
2019-4-29 14:20:04.424#change#{"from":{"line":2,"ch":11,"sticky":null},"to":{"line":2,"ch":11,"sticky":null},"text":[" "],"removed":[""],"origin":"+input"}
2019-4-29 14:20:05.841#keyHandled#"Left"
2019-4-29 14:20:06.033#keyHandled#"Left"
2019-4-29 14:20:06.869#keyHandled#"Right"
2019-4-29 14:20:07.078#keyHandled#"Right"
2019-4-29 14:20:07.773#change#{"from":{"line":2,"ch":11,"sticky":"after"},"to":{"line":2,"ch":12,"sticky":"before"},"text":[""],"removed":[" "],"origin":"+delete"}
2019-4-29 14:20:07.773#keyHandled#"Backspace"
2019-4-29 14:20:09.130#change#{"from":{"line":2,"ch":11,"sticky":null},"to":{"line":2,"ch":11,"sticky":null},"text":["*"],"removed":[""],"origin":"+input"}
2019-4-29 14:20:09.986#keyHandled#"Left"
2019-4-29 14:20:10.141#keyHandled#"Left"
2019-4-29 14:20:10.321#keyHandled#"Left"
2019-4-29 14:20:10.518#keyHandled#"Left"
2019-4-29 14:20:10.683#keyHandled#"Left"
2019-4-29 14:20:10.862#keyHandled#"Left"
2019-4-29 14:20:11.273#keyHandled#"Left"
2019-4-29 14:20:12.028#change#{"from":{"line":2,"ch":5,"sticky":"after"},"to":{"line":2,"ch":5,"sticky":"after"},"text":["m"],"removed":[""],"origin":"+input"}
2019-4-29 14:20:12.216#change#{"from":{"line":2,"ch":6,"sticky":null},"to":{"line":2,"ch":6,"sticky":null},"text":["a"],"removed":[""],"origin":"+input"}
2019-4-29 14:20:12.469#change#{"from":{"line":2,"ch":7,"sticky":null},"to":{"line":2,"ch":7,"sticky":null},"text":["t"],"removed":[""],"origin":"+input"}
2019-4-29 14:20:12.650#change#{"from":{"line":2,"ch":8,"sticky":null},"to":{"line":2,"ch":8,"sticky":null},"text":["h"],"removed":[""],"origin":"+input"}
2019-4-29 14:20:12.824#change#{"from":{"line":2,"ch":9,"sticky":null},"to":{"line":2,"ch":9,"sticky":null},"text":[" "],"removed":[""],"origin":"+input"}
2019-4-29 14:20:16.868#mousedown#{"isTrusted":true}
2019-4-29 14:20:46.733#blur#
2019-4-29 14:20:46.733#blur#
2019-4-29 14:20:49.715#saida_testar#$ python3 main.py
2019-4-29 14:21:02.491#mousedown#{"isTrusted":true}
2019-4-29 14:21:02.659#focus#
2019-4-29 14:21:22.143#mousedown#{"isTrusted":true}
2019-4-29 14:21:23.055#change#{"from":{"line":3,"ch":5,"sticky":"after"},"to":{"line":3,"ch":6,"sticky":"after","xRel":0.933349609375},"text":[""],"removed":["<"],"origin":"+delete"}
2019-4-29 14:21:23.055#keyHandled#"Backspace"
2019-4-29 14:21:23.664#change#{"from":{"line":3,"ch":5,"sticky":null},"to":{"line":3,"ch":5,"sticky":null},"text":[">"],"removed":[""],"origin":"+input"}
2019-4-29 14:21:30.298#mousedown#{"isTrusted":true}
2019-4-29 14:21:31.220#mousedown#{"isTrusted":true}
2019-4-29 14:21:32.032#change#{"from":{"line":3,"ch":18,"sticky":"after"},"to":{"line":3,"ch":19,"sticky":"after","xRel":0.5999755859375},"text":[""],"removed":["-"],"origin":"+delete"}
2019-4-29 14:21:32.032#keyHandled#"Backspace"
2019-4-29 14:21:33.270#mousedown#{"isTrusted":true}
2019-4-29 14:21:34.177#change#{"from":{"line":3,"ch":16,"sticky":"after"},"to":{"line":3,"ch":17,"sticky":"before","xRel":-2.733367919921875},"text":[""],"removed":["="],"origin":"+delete"}
2019-4-29 14:21:34.177#keyHandled#"Backspace"
2019-4-29 14:21:34.339#change#{"from":{"line":3,"ch":15,"sticky":"after"},"to":{"line":3,"ch":16,"sticky":null},"text":[""],"removed":[">"],"origin":"+delete"}
2019-4-29 14:21:34.339#keyHandled#"Backspace"
2019-4-29 14:21:36.335#change#{"from":{"line":3,"ch":15,"sticky":null},"to":{"line":3,"ch":15,"sticky":null},"text":["<"],"removed":[""],"origin":"+input"}
2019-4-29 14:21:37.271#change#{"from":{"line":3,"ch":16,"sticky":null},"to":{"line":3,"ch":16,"sticky":null},"text":["="],"removed":[""],"origin":"+input"}
2019-4-29 14:21:38.943#blur#
2019-4-29 14:21:38.943#blur#
2019-4-29 14:21:41.773#saida_testar#$ python3 main.py
2019-4-29 14:21:46.792#mousedown#{"isTrusted":true}
2019-4-29 14:21:46.973#focus#
2019-4-29 14:21:52.605#mousedown#{"isTrusted":true}
2019-4-29 14:21:53.676#change#{"from":{"line":4,"ch":12,"sticky":"after"},"to":{"line":4,"ch":13,"sticky":"before","xRel":-1.8999786376953125},"text":[""],"removed":["x"],"origin":"+delete"}
2019-4-29 14:21:53.676#keyHandled#"Backspace"
2019-4-29 14:21:53.879#change#{"from":{"line":4,"ch":11,"sticky":"after"},"to":{"line":4,"ch":12,"sticky":null},"text":[""],"removed":["*"],"origin":"+delete"}
2019-4-29 14:21:53.879#keyHandled#"Backspace"
2019-4-29 14:21:54.036#change#{"from":{"line":4,"ch":10,"sticky":"after"},"to":{"line":4,"ch":11,"sticky":null},"text":[""],"removed":["t"],"origin":"+delete"}
2019-4-29 14:21:54.036#keyHandled#"Backspace"
2019-4-29 14:21:54.195#change#{"from":{"line":4,"ch":9,"sticky":"after"},"to":{"line":4,"ch":10,"sticky":null},"text":[""],"removed":["r"],"origin":"+delete"}
2019-4-29 14:21:54.196#keyHandled#"Backspace"
2019-4-29 14:21:54.367#change#{"from":{"line":4,"ch":8,"sticky":"after"},"to":{"line":4,"ch":9,"sticky":null},"text":[""],"removed":["q"],"origin":"+delete"}
2019-4-29 14:21:54.367#keyHandled#"Backspace"
2019-4-29 14:21:54.574#change#{"from":{"line":4,"ch":7,"sticky":"after"},"to":{"line":4,"ch":8,"sticky":null},"text":[""],"removed":["s"],"origin":"+delete"}
2019-4-29 14:21:54.574#keyHandled#"Backspace"
2019-4-29 14:22:10.229#change#{"from":{"line":4,"ch":7,"sticky":null},"to":{"line":4,"ch":7,"sticky":null},"text":["f"],"removed":[""],"origin":"+input"}
2019-4-29 14:22:13.137#change#{"from":{"line":4,"ch":8,"sticky":null},"to":{"line":4,"ch":8,"sticky":null},"text":["*"],"removed":[""],"origin":"+input"}
2019-4-29 14:22:13.329#change#{"from":{"line":4,"ch":9,"sticky":null},"to":{"line":4,"ch":9,"sticky":null},"text":["*"],"removed":[""],"origin":"+input"}
2019-4-29 14:22:15.414#change#{"from":{"line":4,"ch":10,"sticky":null},"to":{"line":4,"ch":10,"sticky":null},"text":["()"],"removed":[""],"origin":"+input"}
2019-4-29 14:22:15.414#keyHandled#"'('"
2019-4-29 14:22:18.003#change#{"from":{"line":4,"ch":11,"sticky":"after"},"to":{"line":4,"ch":11,"sticky":"after"},"text":["1"],"removed":[""],"origin":"+input"}
2019-4-29 14:22:19.973#change#{"from":{"line":4,"ch":12,"sticky":null},"to":{"line":4,"ch":12,"sticky":null},"text":["/"],"removed":[""],"origin":"+input"}
2019-4-29 14:22:21.514#change#{"from":{"line":4,"ch":13,"sticky":null},"to":{"line":4,"ch":13,"sticky":null},"text":["f"],"removed":[""],"origin":"+input"}
2019-4-29 14:22:22.732#keyHandled#"Left"
2019-4-29 14:22:22.933#keyHandled#"Left"
2019-4-29 14:22:23.121#keyHandled#"Left"
2019-4-29 14:22:23.295#keyHandled#"Left"
2019-4-29 14:22:23.489#keyHandled#"Left"
2019-4-29 14:22:23.677#keyHandled#"Left"
2019-4-29 14:22:25.791#change#{"from":{"line":4,"ch":7,"sticky":"after"},"to":{"line":4,"ch":8,"sticky":"after"},"text":[""],"removed":["f"],"origin":"+delete"}
2019-4-29 14:22:25.791#keyHandled#"Backspace"
2019-4-29 14:22:26.221#change#{"from":{"line":4,"ch":7,"sticky":null},"to":{"line":4,"ch":7,"sticky":null},"text":["x"],"removed":[""],"origin":"+input"}
2019-4-29 14:22:33.674#mousedown#{"isTrusted":true}
2019-4-29 14:22:35.754#change#{"from":{"line":4,"ch":16,"sticky":"before","xRel":14.100021362304688},"to":{"line":4,"ch":16,"sticky":"before","xRel":14.100021362304688},"text":["",""],"removed":[""],"origin":"+input"}
2019-4-29 14:22:35.754#change#{"from":{"line":5,"ch":0,"sticky":null},"to":{"line":5,"ch":0,"sticky":null},"text":["\t"],"removed":[""],"origin":"+input"}
2019-4-29 14:22:35.754#keyHandled#"Enter"
2019-4-29 14:22:35.770#viewportChange#0
2019-4-29 14:22:37.613#change#{"from":{"line":5,"ch":1,"sticky":null},"to":{"line":5,"ch":1,"sticky":null},"text":["e"],"removed":[""],"origin":"+input"}
2019-4-29 14:22:37.749#change#{"from":{"line":5,"ch":2,"sticky":null},"to":{"line":5,"ch":2,"sticky":null},"text":["l"],"removed":[""],"origin":"+input"}
2019-4-29 14:22:38.472#change#{"from":{"line":5,"ch":3,"sticky":null},"to":{"line":5,"ch":3,"sticky":null},"text":["i"],"removed":[""],"origin":"+input"}
2019-4-29 14:22:39.044#change#{"from":{"line":5,"ch":4,"sticky":null},"to":{"line":5,"ch":4,"sticky":null},"text":["f"],"removed":[""],"origin":"+input"}
2019-4-29 14:22:44.422#mousedown#{"isTrusted":true}
2019-4-29 14:22:45.192#change#{"from":{"line":5,"ch":0,"sticky":"after"},"to":{"line":5,"ch":1,"sticky":"before","xRel":-1.8999786376953125},"text":[""],"removed":["\t"],"origin":"+delete"}
2019-4-29 14:22:45.192#keyHandled#"Backspace"
2019-4-29 14:22:45.786#mousedown#{"isTrusted":true}
2019-4-29 14:22:47.845#change#{"from":{"line":5,"ch":4,"sticky":"before","xRel":3.6000213623046875},"to":{"line":5,"ch":4,"sticky":"before","xRel":3.6000213623046875},"text":["()"],"removed":[""],"origin":"+input"}
2019-4-29 14:22:47.845#keyHandled#"'('"
2019-4-29 14:23:16.913#blur#
2019-4-29 14:23:16.913#blur#
2019-4-29 14:23:18.465#mousedown#{"isTrusted":true}
2019-4-29 14:23:18.479#focus#
2019-4-29 14:23:19.727#saida_testar#$ python3 main.py
File "main.py", line 6
elif()
SyntaxError: invalid syntax
2019-4-29 14:23:19.779#change#{"from":{"line":5,"ch":0,"sticky":"after","xRel":3.933349609375},"to":{"line":5,"ch":6,"sticky":"before","xRel":11.933334350585938},"text":[""],"removed":["elif()"],"origin":"+delete"}
2019-4-29 14:23:19.779#keyHandled#"Backspace"
2019-4-29 14:23:20.088#change#{"from":{"line":4,"ch":16,"sticky":"before"},"to":{"line":5,"ch":0,"sticky":null},"text":[""],"removed":["",""],"origin":"+delete"}
2019-4-29 14:23:20.088#keyHandled#"Backspace"
2019-4-29 14:23:20.103#viewportChange#0
2019-4-29 14:23:20.918#blur#
2019-4-29 14:23:20.088#change#{"from":{"line":4,"ch":16,"sticky":"before"},"to":{"line":5,"ch":0,"sticky":null},"text":[""],"removed":["",""],"origin":"+delete"}
2019-4-29 14:23:20.088#keyHandled#"Backspace"
2019-4-29 14:23:20.103#viewportChange#0
2019-4-29 14:23:20.918#blur#
2019-4-29 14:23:23.828#saida_testar#$ python3 main.py
2019-4-29 14:23:28.620#mousedown#{"isTrusted":true}
2019-4-29 14:23:28.784#focus#
2019-4-29 14:23:29.255#mousedown#{"isTrusted":true}
2019-4-29 14:23:33.465#blur#
2019-4-29 14:26:32.304#mousedown#{"isTrusted":true}
2019-4-29 14:26:32.325#focus#
2019-4-29 14:26:34.467#mousedown#{"isTrusted":true}
2019-4-29 14:26:34.474#contextmenu#{"isTrusted":true}
2019-4-29 14:26:38.990#copy#{"isTrusted":true}
2019-4-29 14:26:39.684#mousedown#{"isTrusted":true}
2019-4-29 14:26:40.396#change#{"from":{"line":0,"ch":0,"sticky":"after","xRel":-0.066650390625},"to":{"line":0,"ch":0,"sticky":"after","xRel":-0.066650390625},"text":["",""],"removed":[""],"origin":"+input"}
2019-4-29 14:26:40.396#keyHandled#"Enter"
2019-4-29 14:26:40.413#viewportChange#0
2019-4-29 14:26:41.367#mousedown#{"isTrusted":true}
2019-4-29 14:26:41.778#mousedown#{"isTrusted":true}
2019-4-29 14:26:41.778#contextmenu#{"isTrusted":true}
2019-4-29 14:26:44.197#mousedown#{"isTrusted":true}
2019-4-29 14:26:46.800#mousedown#{"isTrusted":true}
2019-4-29 14:26:46.800#contextmenu#{"isTrusted":true}
2019-4-29 14:26:48.083#copy#{"isTrusted":true}
2019-4-29 14:26:48.635#mousedown#{"isTrusted":true}
2019-4-29 14:26:48.973#mousedown#{"isTrusted":true}
2019-4-29 14:26:48.973#contextmenu#{"isTrusted":true}
2019-4-29 14:26:53.076#change#{"from":{"line":0,"ch":0,"sticky":"after","xRel":10.933349609375},"to":{"line":0,"ch":0,"sticky":"after","xRel":10.933349609375},"text":["f"],"removed":[""],"origin":"+input"}
2019-4-29 14:26:53.278#change#{"from":{"line":0,"ch":1,"sticky":null},"to":{"line":0,"ch":1,"sticky":null},"text":["r"],"removed":[""],"origin":"+input"}
2019-4-29 14:26:53.768#change#{"from":{"line":0,"ch":2,"sticky":null},"to":{"line":0,"ch":2,"sticky":null},"text":["o"],"removed":[""],"origin":"+input"}
2019-4-29 14:26:54.365#change#{"from":{"line":0,"ch":3,"sticky":null},"to":{"line":0,"ch":3,"sticky":null},"text":["m"],"removed":[""],"origin":"+input"}
2019-4-29 14:26:55.403#change#{"from":{"line":0,"ch":4,"sticky":null},"to":{"line":0,"ch":4,"sticky":null},"text":[" "],"removed":[""],"origin":"+input"}
2019-4-29 14:26:56.563#change#{"from":{"line":0,"ch":5,"sticky":null},"to":{"line":0,"ch":5,"sticky":null},"text":["m"],"removed":[""],"origin":"+input"}
2019-4-29 14:26:56.818#change#{"from":{"line":0,"ch":6,"sticky":null},"to":{"line":0,"ch":6,"sticky":null},"text":["a"],"removed":[""],"origin":"+input"}
2019-4-29 14:26:57.082#change#{"from":{"line":0,"ch":7,"sticky":null},"to":{"line":0,"ch":7,"sticky":null},"text":["r"],"removed":[""],"origin":"+input"}
2019-4-29 14:26:58.070#change#{"from":{"line":0,"ch":7,"sticky":"after"},"to":{"line":0,"ch":8,"sticky":null},"text":[""],"removed":["r"],"origin":"+delete"}
2019-4-29 14:26:58.070#keyHandled#"Backspace"
2019-4-29 14:26:58.297#change#{"from":{"line":0,"ch":7,"sticky":null},"to":{"line":0,"ch":7,"sticky":null},"text":["t"],"removed":[""],"origin":"+input"}
2019-4-29 14:26:58.539#change#{"from":{"line":0,"ch":8,"sticky":null},"to":{"line":0,"ch":8,"sticky":null},"text":["h"],"removed":[""],"origin":"+input"}
2019-4-29 14:26:58.747#change#{"from":{"line":0,"ch":9,"sticky":null},"to":{"line":0,"ch":9,"sticky":null},"text":[" "],"removed":[""],"origin":"+input"}
2019-4-29 14:26:59.717#change#{"from":{"line":0,"ch":10,"sticky":null},"to":{"line":0,"ch":10,"sticky":null},"text":["i"],"removed":[""],"origin":"+input"}
2019-4-29 14:26:59.965#change#{"from":{"line":0,"ch":11,"sticky":null},"to":{"line":0,"ch":11,"sticky":null},"text":["m"],"removed":[""],"origin":"+input"}
2019-4-29 14:27:00.226#change#{"from":{"line":0,"ch":12,"sticky":null},"to":{"line":0,"ch":12,"sticky":null},"text":["p"],"removed":[""],"origin":"+input"}
2019-4-29 14:27:00.463#change#{"from":{"line":0,"ch":13,"sticky":null},"to":{"line":0,"ch":13,"sticky":null},"text":["o"],"removed":[""],"origin":"+input"}
2019-4-29 14:27:00.638#change#{"from":{"line":0,"ch":14,"sticky":null},"to":{"line":0,"ch":14,"sticky":null},"text":["r"],"removed":[""],"origin":"+input"}
2019-4-29 14:27:00.890#change#{"from":{"line":0,"ch":15,"sticky":null},"to":{"line":0,"ch":15,"sticky":null},"text":["t"],"removed":[""],"origin":"+input"}
2019-4-29 14:27:02.995#change#{"from":{"line":0,"ch":16,"sticky":null},"to":{"line":0,"ch":16,"sticky":null},"text":["*"],"removed":[""],"origin":"+input"}
2019-4-29 14:27:04.609#mousedown#{"isTrusted":true}
2019-4-29 14:27:05.771#change#{"from":{"line":3,"ch":16,"sticky":"after"},"to":{"line":3,"ch":17,"sticky":"before","xRel":33.266632080078125},"text":[""],"removed":["*"],"origin":"+delete"}
2019-4-29 14:27:05.771#keyHandled#"Backspace"
2019-4-29 14:27:05.986#change#{"from":{"line":3,"ch":15,"sticky":"after"},"to":{"line":3,"ch":16,"sticky":null},"text":[""],"removed":["t"],"origin":"+delete"}
2019-4-29 14:27:05.987#keyHandled#"Backspace"
2019-4-29 14:27:06.178#change#{"from":{"line":3,"ch":14,"sticky":"after"},"to":{"line":3,"ch":15,"sticky":null},"text":[""],"removed":["r"],"origin":"+delete"}
2019-4-29 14:27:06.178#keyHandled#"Backspace"
2019-4-29 14:27:06.485#change#{"from":{"line":3,"ch":13,"sticky":"after"},"to":{"line":3,"ch":14,"sticky":null},"text":[""],"removed":["o"],"origin":"+delete"}
2019-4-29 14:27:06.485#keyHandled#"Backspace"
2019-4-29 14:27:06.773#change#{"from":{"line":3,"ch":12,"sticky":"after"},"to":{"line":3,"ch":13,"sticky":null},"text":[""],"removed":["p"],"origin":"+delete"}
2019-4-29 14:27:06.773#keyHandled#"Backspace"
2019-4-29 14:27:06.966#change#{"from":{"line":3,"ch":11,"sticky":"after"},"to":{"line":3,"ch":12,"sticky":null},"text":[""],"removed":["m"],"origin":"+delete"}
2019-4-29 14:27:06.966#keyHandled#"Backspace"
2019-4-29 14:27:07.185#change#{"from":{"line":3,"ch":10,"sticky":"after"},"to":{"line":3,"ch":11,"sticky":null},"text":[""],"removed":["i"],"origin":"+delete"}
2019-4-29 14:27:07.185#keyHandled#"Backspace"
2019-4-29 14:27:07.369#change#{"from":{"line":3,"ch":9,"sticky":"after"},"to":{"line":3,"ch":10,"sticky":null},"text":[""],"removed":[" "],"origin":"+delete"}
2019-4-29 14:27:07.369#keyHandled#"Backspace"
2019-4-29 14:27:07.531#change#{"from":{"line":3,"ch":8,"sticky":"after"},"to":{"line":3,"ch":9,"sticky":null},"text":[""],"removed":["h"],"origin":"+delete"}
2019-4-29 14:27:07.531#keyHandled#"Backspace"
2019-4-29 14:27:07.728#change#{"from":{"line":3,"ch":7,"sticky":"after"},"to":{"line":3,"ch":8,"sticky":null},"text":[""],"removed":["t"],"origin":"+delete"}
2019-4-29 14:27:07.728#keyHandled#"Backspace"
2019-4-29 14:27:07.906#change#{"from":{"line":3,"ch":6,"sticky":"after"},"to":{"line":3,"ch":7,"sticky":null},"text":[""],"removed":["a"],"origin":"+delete"}
2019-4-29 14:27:07.906#keyHandled#"Backspace"
2019-4-29 14:27:08.086#change#{"from":{"line":3,"ch":5,"sticky":"after"},"to":{"line":3,"ch":6,"sticky":null},"text":[""],"removed":["m"],"origin":"+delete"}
2019-4-29 14:27:08.086#keyHandled#"Backspace"
2019-4-29 14:27:08.312#change#{"from":{"line":3,"ch":4,"sticky":"after"},"to":{"line":3,"ch":5,"sticky":null},"text":[""],"removed":[" "],"origin":"+delete"}
2019-4-29 14:27:08.312#keyHandled#"Backspace"
2019-4-29 14:27:08.812#change#{"from":{"line":3,"ch":3,"sticky":"after"},"to":{"line":3,"ch":4,"sticky":null},"text":[""],"removed":["m"],"origin":"+delete"}
2019-4-29 14:27:08.812#keyHandled#"Backspace"
2019-4-29 14:27:08.844#change#{"from":{"line":3,"ch":2,"sticky":"after"},"to":{"line":3,"ch":3,"sticky":null},"text":[""],"removed":["o"],"origin":"+delete"}
2019-4-29 14:27:08.844#keyHandled#"Backspace"
2019-4-29 14:27:08.877#change#{"from":{"line":3,"ch":1,"sticky":"after"},"to":{"line":3,"ch":2,"sticky":null},"text":[""],"removed":["r"],"origin":"+delete"}
2019-4-29 14:27:08.878#keyHandled#"Backspace"
2019-4-29 14:27:08.910#change#{"from":{"line":3,"ch":0,"sticky":"after"},"to":{"line":3,"ch":1,"sticky":null},"text":[""],"removed":["f"],"origin":"+delete"}
2019-4-29 14:27:08.910#keyHandled#"Backspace"
2019-4-29 14:27:08.944#change#{"from":{"line":2,"ch":0,"sticky":"before"},"to":{"line":3,"ch":0,"sticky":null},"text":[""],"removed":["",""],"origin":"+delete"}
2019-4-29 14:27:08.944#keyHandled#"Backspace"
2019-4-29 14:27:08.955#viewportChange#0
2019-4-29 14:27:12.453#blur#
2019-4-29 14:27:39.944#mousedown#{"isTrusted":true}
2019-4-29 14:27:39.956#focus#
2019-4-29 14:27:43.679#blur#
2019-4-29 14:45:11.033#mousedown#{"isTrusted":true}
2019-4-29 14:45:11.055#focus#
2019-4-29 14:45:12.823#change#{"from":{"line":3,"ch":0,"sticky":"after","xRel":3.933349609375},"to":{"line":4,"ch":16,"sticky":"before","xRel":22.100021362304688},"text":[""],"removed":["if(x > 0)and(x <= 4):","\tprint(x**(1/f))"],"origin":"+delete"}
2019-4-29 14:45:12.823#keyHandled#"Backspace"
2019-4-29 14:45:12.840#viewportChange#0
2019-4-29 14:45:46.638#mousedown#{"isTrusted":true}
2019-4-29 14:45:51.297#keyHandled#"Left"
2019-4-29 14:45:52.954#change#{"from":{"line":1,"ch":0,"sticky":"after"},"to":{"line":1,"ch":1,"sticky":"after"},"text":[""],"removed":["f"],"origin":"+delete"}
2019-4-29 14:45:52.954#keyHandled#"Backspace"
2019-4-29 14:45:54.361#change#{"from":{"line":1,"ch":0,"sticky":null},"to":{"line":1,"ch":0,"sticky":null},"text":["X"],"removed":[""],"origin":"+input"}
2019-4-29 14:45:55.649#change#{"from":{"line":1,"ch":0,"sticky":"after"},"to":{"line":1,"ch":1,"sticky":null},"text":[""],"removed":["X"],"origin":"+delete"}
2019-4-29 14:45:55.650#keyHandled#"Backspace"
2019-4-29 14:45:56.775#change#{"from":{"line":1,"ch":0,"sticky":null},"to":{"line":1,"ch":0,"sticky":null},"text":["x"],"removed":[""],"origin":"+input"}
2019-4-29 14:45:57.771#mousedown#{"isTrusted":true}
2019-4-29 14:46:29.658#blur#
