== TEST (2019-03-26 00:56:12) 
-- CODE:
print("A UFAM tem", 2019-1909, "anos de fundacao.")
-- OUTPUT:
A UFAM tem 110 anos de fundacao.
*-*-*-*-*-*-*-*-*-*-*-*-*-*-*-*-*-*-*-*-*-*-*-*
== SUBMITION (2019-03-26 00:56:33) 
-- CODE:
print("A UFAM tem", 2019-1909, "anos de fundacao.")
-- EXECUTION TIME:
0.13182
-- TEST CASE 1:
---- input:
xxx
---- correct output:
A UFAM tem 107 anos de fundacao.
---- user output:
A UFAM tem 110 anos de fundacao.
-- GRADE:
0%
*-*-*-*-*-*-*-*-*-*-*-*-*-*-*-*-*-*-*-*-*-*-*-*
== SUBMITION (2019-03-26 00:56:46) 
-- CODE:
print("A UFAM tem", 2016-1909, "anos de fundacao.")
-- EXECUTION TIME:
0.127414
-- TEST CASE 1:
---- input:
xxx
---- correct output:
A UFAM tem 107 anos de fundacao.
---- user output:
A UFAM tem 107 anos de fundacao.
-- GRADE:
100%
*-*-*-*-*-*-*-*-*-*-*-*-*-*-*-*-*-*-*-*-*-*-*-*
