2019-6-10 17:06:19.520#viewportChange#0
2019-6-10 17:09:25.650#mousedown#{"isTrusted":true}
2019-6-10 17:09:25.660#focus#
2019-6-10 17:09:31.734#blur#
2019-6-10 17:10:55.992#mousedown#{"isTrusted":true}
2019-6-10 17:10:55.998#focus#
2019-6-10 17:10:59.000#change#{"from":{"line":0,"ch":0,"sticky":"after","xRel":45.08331298828125},"to":{"line":0,"ch":0,"sticky":"after","xRel":45.08331298828125},"text":["n"],"removed":[""],"origin":"+input"}
2019-6-10 17:11:00.605#change#{"from":{"line":0,"ch":1,"sticky":null},"to":{"line":0,"ch":1,"sticky":null},"text":["="],"removed":[""],"origin":"+input"}
2019-6-10 17:11:01.554#change#{"from":{"line":0,"ch":2,"sticky":null},"to":{"line":0,"ch":2,"sticky":null},"text":["i"],"removed":[""],"origin":"+input"}
2019-6-10 17:11:01.832#change#{"from":{"line":0,"ch":3,"sticky":null},"to":{"line":0,"ch":3,"sticky":null},"text":["n"],"removed":[""],"origin":"+input"}
2019-6-10 17:11:02.219#change#{"from":{"line":0,"ch":4,"sticky":null},"to":{"line":0,"ch":4,"sticky":null},"text":["t"],"removed":[""],"origin":"+input"}
2019-6-10 17:11:03.154#change#{"from":{"line":0,"ch":5,"sticky":null},"to":{"line":0,"ch":5,"sticky":null},"text":["()"],"removed":[""],"origin":"+input"}
2019-6-10 17:11:03.154#keyHandled#"'('"
2019-6-10 17:11:03.989#change#{"from":{"line":0,"ch":6,"sticky":"after"},"to":{"line":0,"ch":6,"sticky":"after"},"text":["i"],"removed":[""],"origin":"+input"}
2019-6-10 17:11:04.247#change#{"from":{"line":0,"ch":7,"sticky":null},"to":{"line":0,"ch":7,"sticky":null},"text":["n"],"removed":[""],"origin":"+input"}
2019-6-10 17:11:04.685#change#{"from":{"line":0,"ch":8,"sticky":null},"to":{"line":0,"ch":8,"sticky":null},"text":["p"],"removed":[""],"origin":"+input"}
2019-6-10 17:11:05.043#change#{"from":{"line":0,"ch":9,"sticky":null},"to":{"line":0,"ch":9,"sticky":null},"text":["u"],"removed":[""],"origin":"+input"}
2019-6-10 17:11:05.301#change#{"from":{"line":0,"ch":10,"sticky":null},"to":{"line":0,"ch":10,"sticky":null},"text":["t"],"removed":[""],"origin":"+input"}
2019-6-10 17:11:06.001#change#{"from":{"line":0,"ch":11,"sticky":null},"to":{"line":0,"ch":11,"sticky":null},"text":["()"],"removed":[""],"origin":"+input"}
2019-6-10 17:11:06.001#keyHandled#"'('"
2019-6-10 17:11:06.986#change#{"from":{"line":0,"ch":12,"sticky":"after"},"to":{"line":0,"ch":12,"sticky":"after"},"text":["\"\""],"removed":[""],"origin":"+input"}
2019-6-10 17:11:06.986#keyHandled#"'\"'"
2019-6-10 17:11:10.450#change#{"from":{"line":0,"ch":13,"sticky":"after"},"to":{"line":0,"ch":13,"sticky":"after"},"text":["n"],"removed":[""],"origin":"+input"}
2019-6-10 17:11:10.665#change#{"from":{"line":0,"ch":14,"sticky":null},"to":{"line":0,"ch":14,"sticky":null},"text":["u"],"removed":[""],"origin":"+input"}
2019-6-10 17:11:10.870#change#{"from":{"line":0,"ch":15,"sticky":null},"to":{"line":0,"ch":15,"sticky":null},"text":["m"],"removed":[""],"origin":"+input"}
2019-6-10 17:11:11.017#change#{"from":{"line":0,"ch":16,"sticky":null},"to":{"line":0,"ch":16,"sticky":null},"text":["e"],"removed":[""],"origin":"+input"}
2019-6-10 17:11:11.713#change#{"from":{"line":0,"ch":17,"sticky":null},"to":{"line":0,"ch":17,"sticky":null},"text":["r"],"removed":[""],"origin":"+input"}
2019-6-10 17:11:11.822#change#{"from":{"line":0,"ch":18,"sticky":null},"to":{"line":0,"ch":18,"sticky":null},"text":["o"],"removed":[""],"origin":"+input"}
2019-6-10 17:11:11.895#change#{"from":{"line":0,"ch":19,"sticky":null},"to":{"line":0,"ch":19,"sticky":null},"text":[" "],"removed":[""],"origin":"+input"}
2019-6-10 17:11:12.055#change#{"from":{"line":0,"ch":20,"sticky":null},"to":{"line":0,"ch":20,"sticky":null},"text":["d"],"removed":[""],"origin":"+input"}
2019-6-10 17:11:12.241#change#{"from":{"line":0,"ch":21,"sticky":null},"to":{"line":0,"ch":21,"sticky":null},"text":["e"],"removed":[""],"origin":"+input"}
2019-6-10 17:11:12.347#change#{"from":{"line":0,"ch":22,"sticky":null},"to":{"line":0,"ch":22,"sticky":null},"text":[" "],"removed":[""],"origin":"+input"}
2019-6-10 17:11:12.558#change#{"from":{"line":0,"ch":23,"sticky":null},"to":{"line":0,"ch":23,"sticky":null},"text":["e"],"removed":[""],"origin":"+input"}
2019-6-10 17:11:12.729#change#{"from":{"line":0,"ch":24,"sticky":null},"to":{"line":0,"ch":24,"sticky":null},"text":["n"],"removed":[""],"origin":"+input"}
2019-6-10 17:11:12.974#change#{"from":{"line":0,"ch":25,"sticky":null},"to":{"line":0,"ch":25,"sticky":null},"text":["t"],"removed":[""],"origin":"+input"}
2019-6-10 17:11:13.151#change#{"from":{"line":0,"ch":26,"sticky":null},"to":{"line":0,"ch":26,"sticky":null},"text":["r"],"removed":[""],"origin":"+input"}
2019-6-10 17:11:13.368#change#{"from":{"line":0,"ch":27,"sticky":null},"to":{"line":0,"ch":27,"sticky":null},"text":["a"],"removed":[""],"origin":"+input"}
2019-6-10 17:11:13.584#change#{"from":{"line":0,"ch":28,"sticky":null},"to":{"line":0,"ch":28,"sticky":null},"text":["d"],"removed":[""],"origin":"+input"}
2019-6-10 17:11:13.797#change#{"from":{"line":0,"ch":29,"sticky":null},"to":{"line":0,"ch":29,"sticky":null},"text":["a"],"removed":[""],"origin":"+input"}
2019-6-10 17:11:14.494#change#{"from":{"line":0,"ch":30,"sticky":null},"to":{"line":0,"ch":30,"sticky":null},"text":[":"],"removed":[""],"origin":"+input"}
2019-6-10 17:11:15.132#change#{"from":{"line":0,"ch":31,"sticky":null},"to":{"line":0,"ch":31,"sticky":null},"text":[" "],"removed":[""],"origin":"+input"}
2019-6-10 17:11:16.585#keyHandled#"Down"
2019-6-10 17:15:23.576#mousedown#{"isTrusted":true}
2019-6-10 17:15:24.032#mousedown#{"isTrusted":true}
2019-6-10 17:15:24.881#mousedown#{"isTrusted":true}
2019-6-10 17:15:25.923#change#{"from":{"line":0,"ch":0,"sticky":"after"},"to":{"line":0,"ch":1,"sticky":"after","xRel":3.1500244140625},"text":[""],"removed":["n"],"origin":"+delete"}
2019-6-10 17:15:25.923#keyHandled#"Backspace"
2019-6-10 17:15:26.744#change#{"from":{"line":0,"ch":0,"sticky":null},"to":{"line":0,"ch":0,"sticky":null},"text":["k"],"removed":[""],"origin":"+input"}
2019-6-10 17:15:27.519#keyHandled#"Down"
2019-6-10 17:15:28.649#change#{"from":{"line":0,"ch":35,"sticky":null,"xRel":1,"outside":true,"hitSide":true},"to":{"line":0,"ch":35,"sticky":null,"xRel":1,"outside":true,"hitSide":true},"text":["",""],"removed":[""],"origin":"+input"}
2019-6-10 17:15:28.650#keyHandled#"Enter"
2019-6-10 17:15:28.658#viewportChange#0
2019-6-10 17:15:33.235#change#{"from":{"line":1,"ch":0,"sticky":null},"to":{"line":1,"ch":0,"sticky":null},"text":["t"],"removed":[""],"origin":"+input"}
2019-6-10 17:15:33.972#change#{"from":{"line":1,"ch":1,"sticky":null},"to":{"line":1,"ch":1,"sticky":null},"text":["="],"removed":[""],"origin":"+input"}
2019-6-10 17:15:34.428#change#{"from":{"line":1,"ch":2,"sticky":null},"to":{"line":1,"ch":2,"sticky":null},"text":["0"],"removed":[""],"origin":"+input"}
2019-6-10 17:15:35.262#keyHandled#"Down"
2019-6-10 17:15:39.030#change#{"from":{"line":1,"ch":3,"sticky":null},"to":{"line":1,"ch":3,"sticky":null},"text":["j"],"removed":[""],"origin":"+input"}
2019-6-10 17:15:40.341#change#{"from":{"line":1,"ch":4,"sticky":null},"to":{"line":1,"ch":4,"sticky":null},"text":["="],"removed":[""],"origin":"+input"}
2019-6-10 17:15:42.861#change#{"from":{"line":1,"ch":4,"sticky":"after"},"to":{"line":1,"ch":5,"sticky":null},"text":[""],"removed":["="],"origin":"+delete"}
2019-6-10 17:15:42.861#keyHandled#"Backspace"
2019-6-10 17:15:44.000#change#{"from":{"line":1,"ch":3,"sticky":"after"},"to":{"line":1,"ch":4,"sticky":null},"text":[""],"removed":["j"],"origin":"+delete"}
2019-6-10 17:15:44.001#keyHandled#"Backspace"
2019-6-10 17:15:44.300#change#{"from":{"line":1,"ch":3,"sticky":null},"to":{"line":1,"ch":3,"sticky":null},"text":["",""],"removed":[""],"origin":"+input"}
2019-6-10 17:15:44.300#keyHandled#"Enter"
2019-6-10 17:15:44.308#viewportChange#0
2019-6-10 17:15:45.248#change#{"from":{"line":2,"ch":0,"sticky":null},"to":{"line":2,"ch":0,"sticky":null},"text":["j"],"removed":[""],"origin":"+input"}
2019-6-10 17:15:45.835#change#{"from":{"line":2,"ch":1,"sticky":null},"to":{"line":2,"ch":1,"sticky":null},"text":["="],"removed":[""],"origin":"+input"}
2019-6-10 17:15:47.102#change#{"from":{"line":2,"ch":2,"sticky":null},"to":{"line":2,"ch":2,"sticky":null},"text":["k"],"removed":[""],"origin":"+input"}
2019-6-10 17:15:47.986#change#{"from":{"line":2,"ch":3,"sticky":null},"to":{"line":2,"ch":3,"sticky":null},"text":["",""],"removed":[""],"origin":"+input"}
2019-6-10 17:15:47.986#keyHandled#"Enter"
2019-6-10 17:15:47.999#viewportChange#0
2019-6-10 17:15:48.877#change#{"from":{"line":3,"ch":0,"sticky":null},"to":{"line":3,"ch":0,"sticky":null},"text":["w"],"removed":[""],"origin":"+input"}
2019-6-10 17:15:49.136#change#{"from":{"line":3,"ch":1,"sticky":null},"to":{"line":3,"ch":1,"sticky":null},"text":["h"],"removed":[""],"origin":"+input"}
2019-6-10 17:15:49.528#change#{"from":{"line":3,"ch":2,"sticky":null},"to":{"line":3,"ch":2,"sticky":null},"text":["i"],"removed":[""],"origin":"+input"}
2019-6-10 17:15:50.355#change#{"from":{"line":3,"ch":3,"sticky":null},"to":{"line":3,"ch":3,"sticky":null},"text":["l"],"removed":[""],"origin":"+input"}
2019-6-10 17:15:50.443#change#{"from":{"line":3,"ch":4,"sticky":null},"to":{"line":3,"ch":4,"sticky":null},"text":["e"],"removed":[""],"origin":"+input"}
2019-6-10 17:15:51.374#change#{"from":{"line":3,"ch":5,"sticky":null},"to":{"line":3,"ch":5,"sticky":null},"text":["()"],"removed":[""],"origin":"+input"}
2019-6-10 17:15:51.374#keyHandled#"'('"
2019-6-10 17:15:55.799#change#{"from":{"line":3,"ch":6,"sticky":"after"},"to":{"line":3,"ch":6,"sticky":"after"},"text":["t"],"removed":[""],"origin":"+input"}
2019-6-10 17:16:00.438#change#{"from":{"line":3,"ch":7,"sticky":null},"to":{"line":3,"ch":7,"sticky":null},"text":["<"],"removed":[""],"origin":"+input"}
2019-6-10 17:16:04.007#change#{"from":{"line":3,"ch":8,"sticky":null},"to":{"line":3,"ch":8,"sticky":null},"text":["k"],"removed":[""],"origin":"+input"}
2019-6-10 17:16:05.789#keyHandled#"Right"
2019-6-10 17:16:07.138#change#{"from":{"line":3,"ch":10,"sticky":"before"},"to":{"line":3,"ch":10,"sticky":"before"},"text":[":"],"removed":[""],"origin":"+input"}
2019-6-10 17:16:07.852#change#{"from":{"line":3,"ch":11,"sticky":null},"to":{"line":3,"ch":11,"sticky":null},"text":["",""],"removed":[""],"origin":"+input"}
2019-6-10 17:16:07.852#change#{"from":{"line":4,"ch":0,"sticky":null},"to":{"line":4,"ch":0,"sticky":null},"text":["\t"],"removed":[""],"origin":"+input"}
2019-6-10 17:16:07.852#keyHandled#"Enter"
2019-6-10 17:16:07.863#viewportChange#0
2019-6-10 17:16:10.715#change#{"from":{"line":4,"ch":1,"sticky":null},"to":{"line":4,"ch":1,"sticky":null},"text":["v"],"removed":[""],"origin":"+input"}
2019-6-10 17:16:11.385#change#{"from":{"line":4,"ch":2,"sticky":null},"to":{"line":4,"ch":2,"sticky":null},"text":["="],"removed":[""],"origin":"+input"}
2019-6-10 17:16:16.799#change#{"from":{"line":4,"ch":3,"sticky":null},"to":{"line":4,"ch":3,"sticky":null},"text":["j"],"removed":[""],"origin":"+input"}
2019-6-10 17:16:18.721#change#{"from":{"line":4,"ch":4,"sticky":null},"to":{"line":4,"ch":4,"sticky":null},"text":["*"],"removed":[""],"origin":"+input"}
2019-6-10 17:16:20.200#change#{"from":{"line":4,"ch":5,"sticky":null},"to":{"line":4,"ch":5,"sticky":null},"text":["\"\""],"removed":[""],"origin":"+input"}
2019-6-10 17:16:20.200#keyHandled#"'\"'"
2019-6-10 17:16:21.520#change#{"from":{"line":4,"ch":6,"sticky":"after"},"to":{"line":4,"ch":6,"sticky":"after"},"text":["*"],"removed":[""],"origin":"+input"}
2019-6-10 17:16:22.535#keyHandled#"Right"
2019-6-10 17:16:24.742#change#{"from":{"line":4,"ch":8,"sticky":"before"},"to":{"line":4,"ch":8,"sticky":"before"},"text":["+"],"removed":[""],"origin":"+input"}
2019-6-10 17:16:33.074#change#{"from":{"line":4,"ch":9,"sticky":null},"to":{"line":4,"ch":9,"sticky":null},"text":["2"],"removed":[""],"origin":"+input"}
2019-6-10 17:16:33.836#change#{"from":{"line":4,"ch":10,"sticky":null},"to":{"line":4,"ch":10,"sticky":null},"text":["*"],"removed":[""],"origin":"+input"}
2019-6-10 17:16:38.592#change#{"from":{"line":4,"ch":11,"sticky":null},"to":{"line":4,"ch":11,"sticky":null},"text":["t"],"removed":[""],"origin":"+input"}
2019-6-10 17:16:42.976#change#{"from":{"line":4,"ch":12,"sticky":null},"to":{"line":4,"ch":12,"sticky":null},"text":["\"\""],"removed":[""],"origin":"+input"}
2019-6-10 17:16:42.976#keyHandled#"'\"'"
2019-6-10 17:16:45.816#change#{"from":{"line":4,"ch":13,"sticky":"after"},"to":{"line":4,"ch":13,"sticky":"after"},"text":["o"],"removed":[""],"origin":"+input"}
2019-6-10 17:16:46.827#keyHandled#"Right"
2019-6-10 17:16:48.370#change#{"from":{"line":4,"ch":15,"sticky":"before"},"to":{"line":4,"ch":15,"sticky":"before"},"text":["+"],"removed":[""],"origin":"+input"}
2019-6-10 17:16:51.055#change#{"from":{"line":4,"ch":16,"sticky":null},"to":{"line":4,"ch":16,"sticky":null},"text":["x"],"removed":[""],"origin":"+input"}
2019-6-10 17:16:54.188#change#{"from":{"line":4,"ch":17,"sticky":null},"to":{"line":4,"ch":17,"sticky":null},"text":["*"],"removed":[""],"origin":"+input"}
2019-6-10 17:16:55.155#change#{"from":{"line":4,"ch":18,"sticky":null},"to":{"line":4,"ch":18,"sticky":null},"text":["\"\""],"removed":[""],"origin":"+input"}
2019-6-10 17:16:55.155#keyHandled#"'\"'"
2019-6-10 17:16:56.408#change#{"from":{"line":4,"ch":19,"sticky":"after"},"to":{"line":4,"ch":19,"sticky":"after"},"text":["*"],"removed":[""],"origin":"+input"}
2019-6-10 17:16:57.841#keyHandled#"Down"
2019-6-10 17:16:59.128#change#{"from":{"line":4,"ch":21,"sticky":null,"xRel":1,"outside":true,"hitSide":true},"to":{"line":4,"ch":21,"sticky":null,"xRel":1,"outside":true,"hitSide":true},"text":["",""],"removed":[""],"origin":"+input"}
2019-6-10 17:16:59.128#change#{"from":{"line":5,"ch":0,"sticky":null},"to":{"line":5,"ch":0,"sticky":null},"text":["\t"],"removed":[""],"origin":"+input"}
2019-6-10 17:16:59.128#keyHandled#"Enter"
2019-6-10 17:16:59.140#viewportChange#0
2019-6-10 17:17:00.227#change#{"from":{"line":5,"ch":1,"sticky":null},"to":{"line":5,"ch":1,"sticky":null},"text":["x"],"removed":[""],"origin":"+input"}
2019-6-10 17:17:00.995#change#{"from":{"line":5,"ch":2,"sticky":null},"to":{"line":5,"ch":2,"sticky":null},"text":["="],"removed":[""],"origin":"+input"}
2019-6-10 17:17:01.923#change#{"from":{"line":5,"ch":3,"sticky":null},"to":{"line":5,"ch":3,"sticky":null},"text":["x"],"removed":[""],"origin":"+input"}
2019-6-10 17:17:02.990#change#{"from":{"line":5,"ch":4,"sticky":null},"to":{"line":5,"ch":4,"sticky":null},"text":["-"],"removed":[""],"origin":"+input"}
2019-6-10 17:17:03.149#change#{"from":{"line":5,"ch":5,"sticky":null},"to":{"line":5,"ch":5,"sticky":null},"text":["1"],"removed":[""],"origin":"+input"}
2019-6-10 17:17:04.075#change#{"from":{"line":5,"ch":6,"sticky":null},"to":{"line":5,"ch":6,"sticky":null},"text":["",""],"removed":[""],"origin":"+input"}
2019-6-10 17:17:04.075#change#{"from":{"line":6,"ch":0,"sticky":null},"to":{"line":6,"ch":0,"sticky":null},"text":["\t"],"removed":[""],"origin":"+input"}
2019-6-10 17:17:04.075#keyHandled#"Enter"
2019-6-10 17:17:04.086#viewportChange#0
2019-6-10 17:17:06.492#change#{"from":{"line":6,"ch":1,"sticky":null},"to":{"line":6,"ch":1,"sticky":null},"text":["p"],"removed":[""],"origin":"+input"}
2019-6-10 17:17:06.772#change#{"from":{"line":6,"ch":2,"sticky":null},"to":{"line":6,"ch":2,"sticky":null},"text":["r"],"removed":[""],"origin":"+input"}
2019-6-10 17:17:06.912#change#{"from":{"line":6,"ch":3,"sticky":null},"to":{"line":6,"ch":3,"sticky":null},"text":["i"],"removed":[""],"origin":"+input"}
2019-6-10 17:17:07.132#change#{"from":{"line":6,"ch":4,"sticky":null},"to":{"line":6,"ch":4,"sticky":null},"text":["n"],"removed":[""],"origin":"+input"}
2019-6-10 17:17:07.252#change#{"from":{"line":6,"ch":5,"sticky":null},"to":{"line":6,"ch":5,"sticky":null},"text":["t"],"removed":[""],"origin":"+input"}
2019-6-10 17:17:08.635#change#{"from":{"line":6,"ch":6,"sticky":null},"to":{"line":6,"ch":6,"sticky":null},"text":["()"],"removed":[""],"origin":"+input"}
2019-6-10 17:17:08.635#keyHandled#"'('"
2019-6-10 17:17:10.046#change#{"from":{"line":6,"ch":7,"sticky":"after"},"to":{"line":6,"ch":7,"sticky":"after"},"text":["v"],"removed":[""],"origin":"+input"}
2019-6-10 17:17:11.135#keyHandled#"Right"
2019-6-10 17:17:11.861#change#{"from":{"line":6,"ch":9,"sticky":"before"},"to":{"line":6,"ch":9,"sticky":"before"},"text":["",""],"removed":[""],"origin":"+input"}
2019-6-10 17:17:11.861#change#{"from":{"line":7,"ch":0,"sticky":null},"to":{"line":7,"ch":0,"sticky":null},"text":["\t"],"removed":[""],"origin":"+input"}
2019-6-10 17:17:11.861#keyHandled#"Enter"
2019-6-10 17:17:11.869#viewportChange#0
2019-6-10 17:17:14.895#change#{"from":{"line":7,"ch":1,"sticky":null},"to":{"line":7,"ch":1,"sticky":null},"text":["t"],"removed":[""],"origin":"+input"}
2019-6-10 17:17:15.609#change#{"from":{"line":7,"ch":2,"sticky":null},"to":{"line":7,"ch":2,"sticky":null},"text":["="],"removed":[""],"origin":"+input"}
2019-6-10 17:17:16.254#change#{"from":{"line":7,"ch":3,"sticky":null},"to":{"line":7,"ch":3,"sticky":null},"text":["t"],"removed":[""],"origin":"+input"}
2019-6-10 17:17:23.500#change#{"from":{"line":7,"ch":4,"sticky":null},"to":{"line":7,"ch":4,"sticky":null},"text":["+"],"removed":[""],"origin":"+input"}
2019-6-10 17:17:24.868#change#{"from":{"line":7,"ch":5,"sticky":null},"to":{"line":7,"ch":5,"sticky":null},"text":["1"],"removed":[""],"origin":"+input"}
2019-6-10 17:17:24.868#change#{"from":{"line":7,"ch":5,"sticky":null},"to":{"line":7,"ch":5,"sticky":null},"text":["1"],"removed":[""],"origin":"+input"}
2019-6-10 17:17:29.511#submit#Your code did not produce the correct output. Please, correct your code and try again.
2019-6-10 17:32:38.957#blur#
2019-6-10 17:36:50.517#focus#
2019-6-10 17:36:50.517#focus#
2019-6-10 17:36:56.809#dica_bullet#SyntaxError: invalid syntax
2019-6-10 17:36:56.849#saida_testar#$ python3 main.py
File "main.py", line 5
v=j*"*"+2*t"o"+x*"*"
SyntaxError: invalid syntax
2019-6-10 17:37:18.916#mousedown#{"isTrusted":true}
2019-6-10 17:37:20.047#change#{"from":{"line":4,"ch":16,"sticky":"after"},"to":{"line":4,"ch":17,"sticky":"after","xRel":3.3499755859375},"text":[""],"removed":["x"],"origin":"+delete"}
2019-6-10 17:37:20.047#keyHandled#"Backspace"
2019-6-10 17:37:20.533#change#{"from":{"line":4,"ch":16,"sticky":null},"to":{"line":4,"ch":16,"sticky":null},"text":["j"],"removed":[""],"origin":"+input"}
2019-6-10 17:37:20.047#change#{"from":{"line":4,"ch":16,"sticky":"after"},"to":{"line":4,"ch":17,"sticky":"after","xRel":3.3499755859375},"text":[""],"removed":["x"],"origin":"+delete"}
2019-6-10 17:37:20.047#keyHandled#"Backspace"
2019-6-10 17:37:20.533#change#{"from":{"line":4,"ch":16,"sticky":null},"to":{"line":4,"ch":16,"sticky":null},"text":["j"],"removed":[""],"origin":"+input"}
2019-6-10 17:37:22.191#dica_bullet#SyntaxError: invalid syntax
2019-6-10 17:37:22.755#saida_testar#$ python3 main.py
File "main.py", line 5
v=j*"*"+2*t"o"+j*"*"
SyntaxError: invalid syntax
2019-6-10 17:37:29.339#blur#
2019-6-10 17:37:54.362#focus#
2019-6-10 17:38:22.387#mousedown#{"isTrusted":true}
2019-6-10 17:38:23.692#change#{"from":{"line":4,"ch":12,"sticky":"after","xRel":0.01666259765625},"to":{"line":4,"ch":12,"sticky":"after","xRel":0.01666259765625},"text":["*"],"removed":[""],"origin":"+input"}
2019-6-10 17:38:23.692#change#{"from":{"line":4,"ch":12,"sticky":"after","xRel":0.01666259765625},"to":{"line":4,"ch":12,"sticky":"after","xRel":0.01666259765625},"text":["*"],"removed":[""],"origin":"+input"}
2019-6-10 17:38:25.768#blur#
2019-6-10 17:38:25.961#saida_testar#$ python3 main.py
2019-6-10 17:38:28.036#dica_bullet#NameError: name 'NOME_DA_VARIAVEL' is not defined
2019-6-10 17:38:31.216#mousedown#{"isTrusted":true}
2019-6-10 17:38:31.336#focus#
2019-6-10 17:38:32.318#change#{"from":{"line":5,"ch":3,"sticky":"after"},"to":{"line":5,"ch":4,"sticky":"before","xRel":-0.5166473388671875},"text":[""],"removed":["x"],"origin":"+delete"}
2019-6-10 17:38:32.318#keyHandled#"Backspace"
2019-6-10 17:38:32.963#change#{"from":{"line":5,"ch":3,"sticky":null},"to":{"line":5,"ch":3,"sticky":null},"text":["j"],"removed":[""],"origin":"+input"}
2019-6-10 17:38:34.020#mousedown#{"isTrusted":true}
2019-6-10 17:38:34.893#keyHandled#"Insert"
2019-6-10 17:38:36.382#change#{"from":{"line":5,"ch":1,"sticky":"after"},"to":{"line":5,"ch":2,"sticky":"before","xRel":-2.6500091552734375},"text":[""],"removed":["x"],"origin":"+delete"}
2019-6-10 17:38:36.382#keyHandled#"Backspace"
2019-6-10 17:38:36.537#change#{"from":{"line":5,"ch":1,"sticky":null},"to":{"line":5,"ch":2,"sticky":null},"text":["j"],"removed":["="],"origin":"+input"}
2019-6-10 17:38:38.076#change#{"from":{"line":5,"ch":2,"sticky":null},"to":{"line":5,"ch":3,"sticky":null},"text":["="],"removed":["j"],"origin":"+input"}
2019-6-10 17:38:39.744#change#{"from":{"line":5,"ch":3,"sticky":null},"to":{"line":5,"ch":4,"sticky":null},"text":["j"],"removed":["-"],"origin":"+input"}
2019-6-10 17:38:41.238#change#{"from":{"line":5,"ch":4,"sticky":null},"to":{"line":5,"ch":5,"sticky":null},"text":["-"],"removed":["1"],"origin":"+input"}
2019-6-10 17:38:42.626#change#{"from":{"line":5,"ch":5,"sticky":null},"to":{"line":5,"ch":5,"sticky":null},"text":["1"],"removed":[""],"origin":"+input"}
2019-6-10 17:38:42.626#change#{"from":{"line":5,"ch":5,"sticky":null},"to":{"line":5,"ch":5,"sticky":null},"text":["1"],"removed":[""],"origin":"+input"}
2019-6-10 17:38:45.212#blur#
2019-6-10 17:38:46.154#saida_testar#$ python3 main.py
2019-6-11 10:13:33.783#viewportChange#0
2019-6-11 10:47:10.357#mousedown#{"isTrusted":true}
2019-6-11 10:47:10.381#focus#
2019-6-11 10:47:11.982#change#{"from":{"line":2,"ch":2,"sticky":"after"},"to":{"line":2,"ch":3,"sticky":"before","xRel":6.5333251953125},"text":[""],"removed":["k"],"origin":"+delete"}
2019-6-11 10:47:11.982#keyHandled#"Backspace"
2019-6-11 10:47:12.163#change#{"from":{"line":2,"ch":1,"sticky":"after"},"to":{"line":2,"ch":2,"sticky":null},"text":[""],"removed":["="],"origin":"+delete"}
2019-6-11 10:47:12.163#keyHandled#"Backspace"
2019-6-11 10:47:12.351#change#{"from":{"line":2,"ch":0,"sticky":"after"},"to":{"line":2,"ch":1,"sticky":null},"text":[""],"removed":["j"],"origin":"+delete"}
2019-6-11 10:47:12.351#keyHandled#"Backspace"
2019-6-11 10:47:12.635#change#{"from":{"line":1,"ch":3,"sticky":"before"},"to":{"line":2,"ch":0,"sticky":null},"text":[""],"removed":["",""],"origin":"+delete"}
2019-6-11 10:47:12.635#keyHandled#"Backspace"
2019-6-11 10:47:12.653#viewportChange#0
2019-6-11 10:47:12.897#change#{"from":{"line":1,"ch":2,"sticky":"after"},"to":{"line":1,"ch":3,"sticky":null},"text":[""],"removed":["0"],"origin":"+delete"}
2019-6-11 10:47:12.897#keyHandled#"Backspace"
2019-6-11 10:47:13.154#change#{"from":{"line":1,"ch":1,"sticky":"after"},"to":{"line":1,"ch":2,"sticky":null},"text":[""],"removed":["="],"origin":"+delete"}
2019-6-11 10:47:13.154#keyHandled#"Backspace"
2019-6-11 10:47:13.383#change#{"from":{"line":1,"ch":0,"sticky":"after"},"to":{"line":1,"ch":1,"sticky":null},"text":[""],"removed":["t"],"origin":"+delete"}
2019-6-11 10:47:13.383#keyHandled#"Backspace"
2019-6-11 10:47:14.393#keyHandled#"Down"
2019-6-11 10:47:14.619#keyHandled#"Right"
2019-6-11 10:47:14.765#keyHandled#"Right"
2019-6-11 10:47:14.923#keyHandled#"Right"
2019-6-11 10:47:15.081#keyHandled#"Right"
2019-6-11 10:47:15.206#keyHandled#"Right"
2019-6-11 10:47:15.317#keyHandled#"Right"
2019-6-11 10:47:15.472#keyHandled#"Right"
2019-6-11 10:47:15.625#keyHandled#"Right"
2019-6-11 10:47:15.789#keyHandled#"Right"
2019-6-11 10:47:15.940#keyHandled#"Right"
2019-6-11 10:47:16.565#keyHandled#"Right"
2019-6-11 10:47:17.195#change#{"from":{"line":2,"ch":10,"sticky":"after"},"to":{"line":2,"ch":11,"sticky":"before"},"text":[""],"removed":[":"],"origin":"+delete"}
2019-6-11 10:47:17.195#keyHandled#"Backspace"
2019-6-11 10:47:17.350#change#{"from":{"line":2,"ch":9,"sticky":"after"},"to":{"line":2,"ch":10,"sticky":null},"text":[""],"removed":[")"],"origin":"+delete"}
2019-6-11 10:47:17.350#keyHandled#"Backspace"
2019-6-11 10:47:17.527#change#{"from":{"line":2,"ch":8,"sticky":"after"},"to":{"line":2,"ch":9,"sticky":null},"text":[""],"removed":["k"],"origin":"+delete"}
2019-6-11 10:47:17.527#keyHandled#"Backspace"
2019-6-11 10:47:17.692#change#{"from":{"line":2,"ch":7,"sticky":"after"},"to":{"line":2,"ch":8,"sticky":null},"text":[""],"removed":["<"],"origin":"+delete"}
2019-6-11 10:47:17.693#keyHandled#"Backspace"
2019-6-11 10:47:17.855#change#{"from":{"line":2,"ch":6,"sticky":"after"},"to":{"line":2,"ch":7,"sticky":null},"text":[""],"removed":["t"],"origin":"+delete"}
2019-6-11 10:47:17.855#keyHandled#"Backspace"
2019-6-11 10:47:18.036#change#{"from":{"line":2,"ch":5,"sticky":"after"},"to":{"line":2,"ch":6,"sticky":null},"text":[""],"removed":["("],"origin":"+delete"}
2019-6-11 10:47:18.036#keyHandled#"Backspace"
2019-6-11 10:47:18.202#change#{"from":{"line":2,"ch":4,"sticky":"after"},"to":{"line":2,"ch":5,"sticky":null},"text":[""],"removed":["e"],"origin":"+delete"}
2019-6-11 10:47:18.202#keyHandled#"Backspace"
2019-6-11 10:47:18.382#change#{"from":{"line":2,"ch":3,"sticky":"after"},"to":{"line":2,"ch":4,"sticky":null},"text":[""],"removed":["l"],"origin":"+delete"}
2019-6-11 10:47:18.382#keyHandled#"Backspace"
2019-6-11 10:47:18.567#change#{"from":{"line":2,"ch":2,"sticky":"after"},"to":{"line":2,"ch":3,"sticky":null},"text":[""],"removed":["i"],"origin":"+delete"}
2019-6-11 10:47:18.567#keyHandled#"Backspace"
2019-6-11 10:47:18.747#change#{"from":{"line":2,"ch":1,"sticky":"after"},"to":{"line":2,"ch":2,"sticky":null},"text":[""],"removed":["h"],"origin":"+delete"}
2019-6-11 10:47:18.747#keyHandled#"Backspace"
2019-6-11 10:47:18.957#change#{"from":{"line":2,"ch":0,"sticky":"after"},"to":{"line":2,"ch":1,"sticky":null},"text":[""],"removed":["w"],"origin":"+delete"}
2019-6-11 10:47:18.957#keyHandled#"Backspace"
2019-6-11 10:47:19.895#change#{"from":{"line":2,"ch":0,"sticky":null},"to":{"line":2,"ch":0,"sticky":null},"text":["f"],"removed":[""],"origin":"+input"}
2019-6-11 10:47:20.014#change#{"from":{"line":2,"ch":1,"sticky":null},"to":{"line":2,"ch":1,"sticky":null},"text":["o"],"removed":[""],"origin":"+input"}
2019-6-11 10:47:20.106#change#{"from":{"line":2,"ch":2,"sticky":null},"to":{"line":2,"ch":2,"sticky":null},"text":["r"],"removed":[""],"origin":"+input"}
2019-6-11 10:47:20.316#change#{"from":{"line":2,"ch":3,"sticky":null},"to":{"line":2,"ch":3,"sticky":null},"text":[" "],"removed":[""],"origin":"+input"}
2019-6-11 10:47:36.153#change#{"from":{"line":2,"ch":4,"sticky":null},"to":{"line":2,"ch":4,"sticky":null},"text":["i"],"removed":[""],"origin":"+input"}
2019-6-11 10:47:36.992#change#{"from":{"line":2,"ch":5,"sticky":null},"to":{"line":2,"ch":5,"sticky":null},"text":[" "],"removed":[""],"origin":"+input"}
2019-6-11 10:47:37.875#change#{"from":{"line":2,"ch":6,"sticky":null},"to":{"line":2,"ch":6,"sticky":null},"text":["u"],"removed":[""],"origin":"+input"}
2019-6-11 10:47:38.449#change#{"from":{"line":2,"ch":6,"sticky":"after"},"to":{"line":2,"ch":7,"sticky":null},"text":[""],"removed":["u"],"origin":"+delete"}
2019-6-11 10:47:38.449#keyHandled#"Backspace"
2019-6-11 10:47:39.252#change#{"from":{"line":2,"ch":6,"sticky":null},"to":{"line":2,"ch":6,"sticky":null},"text":["i"],"removed":[""],"origin":"+input"}
2019-6-11 10:47:39.477#change#{"from":{"line":2,"ch":7,"sticky":null},"to":{"line":2,"ch":7,"sticky":null},"text":["n"],"removed":[""],"origin":"+input"}
2019-6-11 10:47:39.602#change#{"from":{"line":2,"ch":8,"sticky":null},"to":{"line":2,"ch":8,"sticky":null},"text":[" "],"removed":[""],"origin":"+input"}
2019-6-11 10:47:40.076#change#{"from":{"line":2,"ch":9,"sticky":null},"to":{"line":2,"ch":9,"sticky":null},"text":["r"],"removed":[""],"origin":"+input"}
2019-6-11 10:47:40.294#change#{"from":{"line":2,"ch":10,"sticky":null},"to":{"line":2,"ch":10,"sticky":null},"text":["a"],"removed":[""],"origin":"+input"}
2019-6-11 10:47:40.438#change#{"from":{"line":2,"ch":11,"sticky":null},"to":{"line":2,"ch":11,"sticky":null},"text":["n"],"removed":[""],"origin":"+input"}
2019-6-11 10:47:40.674#change#{"from":{"line":2,"ch":12,"sticky":null},"to":{"line":2,"ch":12,"sticky":null},"text":["g"],"removed":[""],"origin":"+input"}
2019-6-11 10:47:40.906#change#{"from":{"line":2,"ch":13,"sticky":null},"to":{"line":2,"ch":13,"sticky":null},"text":["e"],"removed":[""],"origin":"+input"}
2019-6-11 10:47:41.474#change#{"from":{"line":2,"ch":14,"sticky":null},"to":{"line":2,"ch":14,"sticky":null},"text":["()"],"removed":[""],"origin":"+input"}
2019-6-11 10:47:41.474#keyHandled#"'('"
2019-6-11 10:47:45.163#change#{"from":{"line":2,"ch":15,"sticky":"after"},"to":{"line":2,"ch":15,"sticky":"after"},"text":["k"],"removed":[""],"origin":"+input"}
2019-6-11 10:47:46.307#keyHandled#"Right"
2019-6-11 10:47:47.307#change#{"from":{"line":2,"ch":17,"sticky":"before"},"to":{"line":2,"ch":17,"sticky":"before"},"text":[":"],"removed":[""],"origin":"+input"}
2019-6-11 10:48:17.285#keyHandled#"Left"
2019-6-11 10:48:17.431#keyHandled#"Left"
2019-6-11 10:48:17.578#keyHandled#"Left"
2019-6-11 10:48:18.973#change#{"from":{"line":2,"ch":15,"sticky":"after"},"to":{"line":2,"ch":15,"sticky":"after"},"text":["2"],"removed":[""],"origin":"+input"}
2019-6-11 10:48:19.544#change#{"from":{"line":2,"ch":16,"sticky":null},"to":{"line":2,"ch":16,"sticky":null},"text":["*"],"removed":[""],"origin":"+input"}
2019-6-11 10:48:20.129#keyHandled#"Right"
2019-6-11 10:48:20.363#keyHandled#"Right"
2019-6-11 10:48:20.941#keyHandled#"Down"
2019-6-11 10:48:22.202#mousedown#{"isTrusted":true}
2019-6-11 10:48:23.253#mousedown#{"isTrusted":true}
2019-6-11 10:48:23.524#mousedown#{"isTrusted":true}
2019-6-11 10:48:23.752#mousedown#{"isTrusted":true}
2019-6-11 10:48:23.813#dblclick#{"isTrusted":true}
2019-6-11 10:48:23.820#mousedown#{"isTrusted":true}
2019-6-11 10:48:24.424#mousedown#{"isTrusted":true}
2019-6-11 10:48:24.933#mousedown#{"isTrusted":true}
2019-6-11 10:48:26.670#change#{"from":{"line":3,"ch":0,"sticky":"after","xRel":11.5333251953125},"to":{"line":6,"ch":6,"sticky":"before","xRel":10.5333251953125},"text":[""],"removed":["\tv=j*\"*\"+2*t*\"o\"+j*\"*\"","\tj=j-1","\tprint(v)","\tt=t+1"],"origin":"+delete"}
2019-6-11 10:48:26.670#keyHandled#"Backspace"
2019-6-11 10:48:26.691#viewportChange#0
2019-6-11 10:48:28.319#change#{"from":{"line":3,"ch":0,"sticky":null},"to":{"line":3,"ch":0,"sticky":null},"text":["\t"],"removed":[""],"origin":"+input"}
2019-6-11 10:48:28.319#keyHandled#"Tab"
2019-6-11 10:49:42.714#blur#
2019-6-11 10:49:45.194#mousedown#{"isTrusted":true}
2019-6-11 10:49:45.207#focus#
2019-6-11 10:49:54.991#change#{"from":{"line":3,"ch":1,"sticky":"before","xRel":5.5333251953125},"to":{"line":3,"ch":1,"sticky":"before","xRel":5.5333251953125},"text":["p"],"removed":[""],"origin":"+input"}
2019-6-11 10:49:55.252#change#{"from":{"line":3,"ch":2,"sticky":null},"to":{"line":3,"ch":2,"sticky":null},"text":["r"],"removed":[""],"origin":"+input"}
2019-6-11 10:49:55.388#change#{"from":{"line":3,"ch":3,"sticky":null},"to":{"line":3,"ch":3,"sticky":null},"text":["i"],"removed":[""],"origin":"+input"}
2019-6-11 10:49:55.577#change#{"from":{"line":3,"ch":4,"sticky":null},"to":{"line":3,"ch":4,"sticky":null},"text":["n"],"removed":[""],"origin":"+input"}
2019-6-11 10:49:55.677#change#{"from":{"line":3,"ch":5,"sticky":null},"to":{"line":3,"ch":5,"sticky":null},"text":["t"],"removed":[""],"origin":"+input"}
2019-6-11 10:49:57.304#change#{"from":{"line":3,"ch":6,"sticky":null},"to":{"line":3,"ch":6,"sticky":null},"text":["()"],"removed":[""],"origin":"+input"}
2019-6-11 10:49:57.304#keyHandled#"'('"
2019-6-11 10:50:03.662#keyHandled#"Right"
2019-6-11 10:50:04.405#change#{"from":{"line":3,"ch":7,"sticky":"after"},"to":{"line":3,"ch":8,"sticky":"before"},"text":[""],"removed":[")"],"origin":"+delete"}
2019-6-11 10:50:04.406#keyHandled#"Backspace"
2019-6-11 10:50:04.578#change#{"from":{"line":3,"ch":6,"sticky":"after"},"to":{"line":3,"ch":7,"sticky":null},"text":[""],"removed":["("],"origin":"+delete"}
2019-6-11 10:50:04.578#keyHandled#"Backspace"
2019-6-11 10:50:04.747#change#{"from":{"line":3,"ch":5,"sticky":"after"},"to":{"line":3,"ch":6,"sticky":null},"text":[""],"removed":["t"],"origin":"+delete"}
2019-6-11 10:50:04.747#keyHandled#"Backspace"
2019-6-11 10:50:04.917#change#{"from":{"line":3,"ch":4,"sticky":"after"},"to":{"line":3,"ch":5,"sticky":null},"text":[""],"removed":["n"],"origin":"+delete"}
2019-6-11 10:50:04.917#keyHandled#"Backspace"
2019-6-11 10:50:05.095#change#{"from":{"line":3,"ch":3,"sticky":"after"},"to":{"line":3,"ch":4,"sticky":null},"text":[""],"removed":["i"],"origin":"+delete"}
2019-6-11 10:50:05.095#keyHandled#"Backspace"
2019-6-11 10:50:05.261#change#{"from":{"line":3,"ch":2,"sticky":"after"},"to":{"line":3,"ch":3,"sticky":null},"text":[""],"removed":["r"],"origin":"+delete"}
2019-6-11 10:50:05.261#keyHandled#"Backspace"
2019-6-11 10:50:05.448#change#{"from":{"line":3,"ch":1,"sticky":"after"},"to":{"line":3,"ch":2,"sticky":null},"text":[""],"removed":["p"],"origin":"+delete"}
2019-6-11 10:50:05.448#keyHandled#"Backspace"
2019-6-11 10:50:06.189#change#{"from":{"line":3,"ch":1,"sticky":null},"to":{"line":3,"ch":1,"sticky":null},"text":["s"],"removed":[""],"origin":"+input"}
2019-6-11 10:50:06.604#change#{"from":{"line":3,"ch":2,"sticky":null},"to":{"line":3,"ch":2,"sticky":null},"text":["="],"removed":[""],"origin":"+input"}
2019-6-11 10:50:07.482#change#{"from":{"line":3,"ch":3,"sticky":null},"to":{"line":3,"ch":3,"sticky":null},"text":[" "],"removed":[""],"origin":"+input"}
2019-6-11 10:50:10.467#change#{"from":{"line":3,"ch":4,"sticky":null},"to":{"line":3,"ch":4,"sticky":null},"text":["p"],"removed":[""],"origin":"+input"}
2019-6-11 10:50:11.927#change#{"from":{"line":3,"ch":4,"sticky":"after"},"to":{"line":3,"ch":5,"sticky":null},"text":[""],"removed":["p"],"origin":"+delete"}
2019-6-11 10:50:11.927#keyHandled#"Backspace"
2019-6-11 10:50:12.532#change#{"from":{"line":3,"ch":4,"sticky":null},"to":{"line":3,"ch":4,"sticky":null},"text":["k"],"removed":[""],"origin":"+input"}
2019-6-11 10:50:13.299#change#{"from":{"line":3,"ch":5,"sticky":null},"to":{"line":3,"ch":5,"sticky":null},"text":["*"],"removed":[""],"origin":"+input"}
2019-6-11 10:50:19.692#keyHandled#"Up"
2019-6-11 10:50:20.195#keyHandled#"Right"
2019-6-11 10:50:20.502#keyHandled#"Right"
2019-6-11 10:50:20.767#keyHandled#"Right"
2019-6-11 10:50:20.989#keyHandled#"Right"
2019-6-11 10:50:21.188#keyHandled#"Right"
2019-6-11 10:50:21.382#keyHandled#"Right"
2019-6-11 10:50:21.531#keyHandled#"Right"
2019-6-11 10:50:21.690#keyHandled#"Right"
2019-6-11 10:50:22.116#keyHandled#"Right"
2019-6-11 10:50:22.352#keyHandled#"Right"
2019-6-11 10:50:23.015#keyHandled#"Left"
2019-6-11 10:50:24.269#change#{"from":{"line":2,"ch":17,"sticky":"after"},"to":{"line":2,"ch":17,"sticky":"after"},"text":["("],"removed":[""],"origin":"+input"}
2019-6-11 10:50:24.872#keyHandled#"Right"
2019-6-11 10:50:25.898#change#{"from":{"line":2,"ch":19,"sticky":"before"},"to":{"line":2,"ch":19,"sticky":"before"},"text":["+"],"removed":[""],"origin":"+input"}
2019-6-11 10:50:26.849#change#{"from":{"line":2,"ch":20,"sticky":null},"to":{"line":2,"ch":20,"sticky":null},"text":["1"],"removed":[""],"origin":"+input"}
2019-6-11 10:50:27.163#keyHandled#"Right"
2019-6-11 10:50:27.674#keyHandled#"Left"
2019-6-11 10:50:28.469#keyHandled#"')'"
2019-6-11 10:50:29.323#change#{"from":{"line":2,"ch":22,"sticky":"before"},"to":{"line":2,"ch":22,"sticky":"before"},"text":[")"],"removed":[""],"origin":"+input"}
2019-6-11 10:50:30.080#keyHandled#"Down"
2019-6-11 10:51:08.319#change#{"from":{"line":3,"ch":6,"sticky":"before","xRel":120},"to":{"line":3,"ch":6,"sticky":"before","xRel":120},"text":["()"],"removed":[""],"origin":"+input"}
2019-6-11 10:51:08.319#keyHandled#"'('"
2019-6-11 10:51:24.893#change#{"from":{"line":3,"ch":7,"sticky":"after"},"to":{"line":3,"ch":7,"sticky":"after"},"text":["*"],"removed":[""],"origin":"+input"}
2019-6-11 10:51:25.562#keyHandled#"Right"
2019-6-11 10:51:30.466#change#{"from":{"line":3,"ch":9,"sticky":"before"},"to":{"line":3,"ch":9,"sticky":"before"},"text":["+"],"removed":[""],"origin":"+input"}
2019-6-11 10:51:33.634#keyHandled#"Left"
2019-6-11 10:51:33.810#change#{"from":{"line":3,"ch":9,"sticky":"after"},"to":{"line":3,"ch":9,"sticky":"after"},"text":[" "],"removed":[""],"origin":"+input"}
2019-6-11 10:51:34.069#keyHandled#"Right"
2019-6-11 10:51:56.159#change#{"from":{"line":3,"ch":11,"sticky":"before"},"to":{"line":3,"ch":11,"sticky":"before"},"text":[" "],"removed":[""],"origin":"+input"}
2019-6-11 10:52:01.160#change#{"from":{"line":3,"ch":12,"sticky":null},"to":{"line":3,"ch":12,"sticky":null},"text":["i"],"removed":[""],"origin":"+input"}
2019-6-11 10:52:03.717#change#{"from":{"line":3,"ch":13,"sticky":null},"to":{"line":3,"ch":13,"sticky":null},"text":["*"],"removed":[""],"origin":"+input"}
2019-6-11 10:52:04.859#change#{"from":{"line":3,"ch":14,"sticky":null},"to":{"line":3,"ch":14,"sticky":null},"text":["()"],"removed":[""],"origin":"+input"}
2019-6-11 10:52:04.859#keyHandled#"'('"
2019-6-11 10:52:05.816#change#{"from":{"line":3,"ch":15,"sticky":"after"},"to":{"line":3,"ch":15,"sticky":"after"},"text":["o"],"removed":[""],"origin":"+input"}
2019-6-11 10:52:06.508#keyHandled#"Left"
2019-6-11 10:52:08.313#keyHandled#"Right"
2019-6-11 10:52:09.231#keyHandled#"Left"
2019-6-11 10:52:10.232#change#{"from":{"line":3,"ch":15,"sticky":"after"},"to":{"line":3,"ch":15,"sticky":"after"},"text":["\""],"removed":[""],"origin":"+input"}
2019-6-11 10:52:10.758#keyHandled#"Right"
2019-6-11 10:52:11.161#change#{"from":{"line":3,"ch":17,"sticky":"before"},"to":{"line":3,"ch":17,"sticky":"before"},"text":["\""],"removed":[""],"origin":"+input"}
2019-6-11 10:52:11.569#keyHandled#"Left"
2019-6-11 10:52:11.745#keyHandled#"Left"
2019-6-11 10:52:12.246#keyHandled#"Left"
2019-6-11 10:52:12.296#keyHandled#"Left"
2019-6-11 10:52:12.346#keyHandled#"Left"
2019-6-11 10:52:12.396#keyHandled#"Left"
2019-6-11 10:52:12.491#keyHandled#"Left"
2019-6-11 10:52:12.633#keyHandled#"Left"
2019-6-11 10:52:12.796#keyHandled#"Left"
2019-6-11 10:52:12.922#keyHandled#"Left"
2019-6-11 10:52:13.103#keyHandled#"Left"
2019-6-11 10:52:14.253#change#{"from":{"line":3,"ch":7,"sticky":"after"},"to":{"line":3,"ch":7,"sticky":"after"},"text":["\"\""],"removed":[""],"origin":"+input"}
2019-6-11 10:52:14.253#keyHandled#"'\"'"
2019-6-11 10:52:14.683#keyHandled#"Right"
2019-6-11 10:52:15.151#keyHandled#"Right"
2019-6-11 10:52:15.574#keyHandled#"Left"
2019-6-11 10:52:16.270#keyHandled#"Right"
2019-6-11 10:52:16.585#change#{"from":{"line":3,"ch":8,"sticky":"after"},"to":{"line":3,"ch":9,"sticky":"before"},"text":[""],"removed":["\""],"origin":"+delete"}
2019-6-11 10:52:16.585#keyHandled#"Backspace"
2019-6-11 10:52:17.065#keyHandled#"Right"
2019-6-11 10:52:17.446#change#{"from":{"line":3,"ch":9,"sticky":"before"},"to":{"line":3,"ch":9,"sticky":"before"},"text":["\""],"removed":[""],"origin":"+input"}
2019-6-11 10:52:17.968#keyHandled#"Right"
2019-6-11 10:52:18.152#keyHandled#"Right"
2019-6-11 10:52:18.303#keyHandled#"Right"
2019-6-11 10:52:18.435#keyHandled#"Right"
2019-6-11 10:52:18.572#keyHandled#"Right"
2019-6-11 10:52:18.690#keyHandled#"Right"
2019-6-11 10:52:18.837#keyHandled#"Right"
2019-6-11 10:52:18.973#keyHandled#"Right"
2019-6-11 10:52:19.128#keyHandled#"Right"
2019-6-11 10:52:19.279#keyHandled#"Right"
2019-6-11 10:52:19.577#keyHandled#"Right"
2019-6-11 10:52:21.662#change#{"from":{"line":3,"ch":21,"sticky":"before","hitSide":true},"to":{"line":3,"ch":21,"sticky":"before","hitSide":true},"text":["+"],"removed":[""],"origin":"+input"}
2019-6-11 10:52:23.608#change#{"from":{"line":3,"ch":22,"sticky":null},"to":{"line":3,"ch":22,"sticky":null},"text":["k"],"removed":[""],"origin":"+input"}
2019-6-11 10:52:25.523#change#{"from":{"line":3,"ch":23,"sticky":null},"to":{"line":3,"ch":23,"sticky":null},"text":["()"],"removed":[""],"origin":"+input"}
2019-6-11 10:52:25.523#keyHandled#"'('"
2019-6-11 10:52:26.356#change#{"from":{"line":3,"ch":24,"sticky":"after"},"to":{"line":3,"ch":24,"sticky":"after"},"text":["\"\""],"removed":[""],"origin":"+input"}
2019-6-11 10:52:26.356#keyHandled#"'\"'"
2019-6-11 10:52:27.552#change#{"from":{"line":3,"ch":25,"sticky":"after"},"to":{"line":3,"ch":25,"sticky":"after"},"text":["*"],"removed":[""],"origin":"+input"}
2019-6-11 10:52:28.584#keyHandled#"Down"
2019-6-11 10:52:30.016#change#{"from":{"line":3,"ch":28,"sticky":null,"xRel":1,"outside":true,"hitSide":true},"to":{"line":3,"ch":28,"sticky":null,"xRel":1,"outside":true,"hitSide":true},"text":["",""],"removed":[""],"origin":"+input"}
2019-6-11 10:52:30.016#change#{"from":{"line":4,"ch":0,"sticky":null},"to":{"line":4,"ch":0,"sticky":null},"text":["\t"],"removed":[""],"origin":"+input"}
2019-6-11 10:52:30.016#keyHandled#"Enter"
2019-6-11 10:52:30.033#viewportChange#0
2019-6-11 10:52:36.967#change#{"from":{"line":4,"ch":1,"sticky":null},"to":{"line":4,"ch":1,"sticky":null},"text":["p"],"removed":[""],"origin":"+input"}
2019-6-11 10:52:37.205#change#{"from":{"line":4,"ch":2,"sticky":null},"to":{"line":4,"ch":2,"sticky":null},"text":["r"],"removed":[""],"origin":"+input"}
2019-6-11 10:52:37.338#change#{"from":{"line":4,"ch":3,"sticky":null},"to":{"line":4,"ch":3,"sticky":null},"text":["i"],"removed":[""],"origin":"+input"}
2019-6-11 10:52:37.527#change#{"from":{"line":4,"ch":4,"sticky":null},"to":{"line":4,"ch":4,"sticky":null},"text":["n"],"removed":[""],"origin":"+input"}
2019-6-11 10:52:37.652#change#{"from":{"line":4,"ch":5,"sticky":null},"to":{"line":4,"ch":5,"sticky":null},"text":["t"],"removed":[""],"origin":"+input"}
2019-6-11 10:52:38.529#change#{"from":{"line":4,"ch":6,"sticky":null},"to":{"line":4,"ch":6,"sticky":null},"text":["()"],"removed":[""],"origin":"+input"}
2019-6-11 10:52:38.529#keyHandled#"'('"
2019-6-11 10:52:39.755#change#{"from":{"line":4,"ch":7,"sticky":"after"},"to":{"line":4,"ch":7,"sticky":"after"},"text":["s"],"removed":[""],"origin":"+input"}
2019-6-11 10:52:39.755#change#{"from":{"line":4,"ch":7,"sticky":"after"},"to":{"line":4,"ch":7,"sticky":"after"},"text":["s"],"removed":[""],"origin":"+input"}
2019-6-11 10:52:42.096#blur#
2019-6-11 10:52:42.128#saida_testar#$ python3 main.py
2019-6-11 10:53:10.868#mousedown#{"isTrusted":true}
2019-6-11 10:53:11.010#focus#
2019-6-11 10:53:11.952#mousedown#{"isTrusted":true}
2019-6-11 10:53:39.599#blur#
2019-6-11 10:53:53.784#mousedown#{"isTrusted":true}
2019-6-11 10:53:53.803#focus#
2019-6-11 10:53:56.180#change#{"from":{"line":4,"ch":1,"sticky":"after","xRel":3.5333251953125},"to":{"line":4,"ch":9,"sticky":"before","xRel":-3.4666748046875},"text":[""],"removed":["print(s)"],"origin":"+delete"}
2019-6-11 10:53:56.180#keyHandled#"Backspace"
2019-6-11 10:53:56.993#mousedown#{"isTrusted":true}
2019-6-11 10:53:58.264#change#{"from":{"line":3,"ch":3,"sticky":"after"},"to":{"line":3,"ch":4,"sticky":"before","xRel":-3.4666748046875},"text":[""],"removed":[" "],"origin":"+delete"}
2019-6-11 10:53:58.264#keyHandled#"Backspace"
2019-6-11 10:53:58.424#change#{"from":{"line":3,"ch":2,"sticky":"after"},"to":{"line":3,"ch":3,"sticky":null},"text":[""],"removed":["="],"origin":"+delete"}
2019-6-11 10:53:58.424#keyHandled#"Backspace"
2019-6-11 10:53:58.629#change#{"from":{"line":3,"ch":1,"sticky":"after"},"to":{"line":3,"ch":2,"sticky":null},"text":[""],"removed":["s"],"origin":"+delete"}
2019-6-11 10:53:58.629#keyHandled#"Backspace"
2019-6-11 10:53:59.651#change#{"from":{"line":3,"ch":1,"sticky":null},"to":{"line":3,"ch":1,"sticky":null},"text":["p"],"removed":[""],"origin":"+input"}
2019-6-11 10:53:59.882#change#{"from":{"line":3,"ch":2,"sticky":null},"to":{"line":3,"ch":2,"sticky":null},"text":["r"],"removed":[""],"origin":"+input"}
2019-6-11 10:54:00.016#change#{"from":{"line":3,"ch":3,"sticky":null},"to":{"line":3,"ch":3,"sticky":null},"text":["i"],"removed":[""],"origin":"+input"}
2019-6-11 10:54:00.218#change#{"from":{"line":3,"ch":4,"sticky":null},"to":{"line":3,"ch":4,"sticky":null},"text":["n"],"removed":[""],"origin":"+input"}
2019-6-11 10:54:00.348#change#{"from":{"line":3,"ch":5,"sticky":null},"to":{"line":3,"ch":5,"sticky":null},"text":["t"],"removed":[""],"origin":"+input"}
2019-6-11 10:54:00.929#change#{"from":{"line":3,"ch":6,"sticky":null},"to":{"line":3,"ch":6,"sticky":null},"text":["("],"removed":[""],"origin":"+input"}
2019-6-11 10:54:01.760#keyHandled#"Right"
2019-6-11 10:54:01.963#keyHandled#"Right"
2019-6-11 10:54:02.136#keyHandled#"Right"
2019-6-11 10:54:02.293#keyHandled#"Right"
2019-6-11 10:54:02.449#keyHandled#"Right"
2019-6-11 10:54:02.619#keyHandled#"Right"
2019-6-11 10:54:03.108#keyHandled#"Left"
2019-6-11 10:54:03.576#keyHandled#"Right"
2019-6-11 10:54:03.771#keyHandled#"Right"
2019-6-11 10:54:03.108#keyHandled#"Left"
2019-6-11 10:54:03.576#keyHandled#"Right"
2019-6-11 10:54:03.771#keyHandled#"Right"
2019-6-11 10:54:07.222#dica_bullet#SyntaxError: unexpected EOF while parsing
2019-6-11 10:54:07.871#saida_testar#$ python3 main.py
File "main.py", line 6
SyntaxError: unexpected EOF while parsing
2019-6-11 10:54:18.798#blur#
2019-6-11 10:54:25.930#mousedown#{"isTrusted":true}
2019-6-11 10:54:25.953#focus#
2019-6-11 10:54:27.119#change#{"from":{"line":4,"ch":1,"sticky":"before","xRel":26.5333251953125},"to":{"line":4,"ch":1,"sticky":"before","xRel":26.5333251953125},"text":["k"],"removed":[""],"origin":"+input"}
2019-6-11 10:54:32.929#change#{"from":{"line":4,"ch":2,"sticky":null},"to":{"line":4,"ch":2,"sticky":null},"text":["="],"removed":[""],"origin":"+input"}
2019-6-11 10:54:34.424#change#{"from":{"line":4,"ch":3,"sticky":null},"to":{"line":4,"ch":3,"sticky":null},"text":["k"],"removed":[""],"origin":"+input"}
2019-6-11 10:54:35.418#change#{"from":{"line":4,"ch":4,"sticky":null},"to":{"line":4,"ch":4,"sticky":null},"text":["-"],"removed":[""],"origin":"+input"}
2019-6-11 10:54:35.702#change#{"from":{"line":4,"ch":5,"sticky":null},"to":{"line":4,"ch":5,"sticky":null},"text":["1"],"removed":[""],"origin":"+input"}
2019-6-11 10:54:37.013#keyHandled#"Down"
2019-6-11 10:54:38.521#mousedown#{"isTrusted":true}
2019-6-11 10:54:44.145#dica_bullet#SyntaxError: invalid syntax
2019-6-11 10:54:45.841#saida_testar#$ python3 main.py
File "main.py", line 5
k=k-1
SyntaxError: invalid syntax
2019-6-11 10:54:51.246#mousedown#{"isTrusted":true}
2019-6-11 10:56:06.783#mousedown#{"isTrusted":true}
2019-6-11 10:56:08.944#change#{"from":{"line":3,"ch":7,"sticky":"after","xRel":0.5333251953125},"to":{"line":3,"ch":7,"sticky":"after","xRel":0.5333251953125},"text":["("],"removed":[""],"origin":"+input"}
2019-6-11 10:56:09.568#keyHandled#"Right"
2019-6-11 10:56:09.734#keyHandled#"Right"
2019-6-11 10:56:09.882#keyHandled#"Right"
2019-6-11 10:56:10.027#keyHandled#"Right"
2019-6-11 10:56:10.170#keyHandled#"Right"
2019-6-11 10:56:10.317#keyHandled#"Right"
2019-6-11 10:56:10.456#keyHandled#"Right"
2019-6-11 10:56:11.371#change#{"from":{"line":3,"ch":15,"sticky":"before"},"to":{"line":3,"ch":15,"sticky":"before"},"text":[")"],"removed":[""],"origin":"+input"}
2019-6-11 10:56:12.409#keyHandled#"Right"
2019-6-11 10:56:12.571#keyHandled#"Right"
2019-6-11 10:56:12.725#keyHandled#"Right"
2019-6-11 10:56:13.738#change#{"from":{"line":3,"ch":19,"sticky":"before"},"to":{"line":3,"ch":19,"sticky":"before"},"text":["("],"removed":[""],"origin":"+input"}
2019-6-11 10:56:14.349#keyHandled#"Right"
2019-6-11 10:56:14.517#keyHandled#"Right"
2019-6-11 10:56:14.668#keyHandled#"Right"
2019-6-11 10:56:14.816#keyHandled#"Right"
2019-6-11 10:56:14.965#keyHandled#"Right"
2019-6-11 10:56:15.115#keyHandled#"Right"
2019-6-11 10:56:15.401#keyHandled#"Right"
2019-6-11 10:56:16.094#change#{"from":{"line":3,"ch":27,"sticky":"before"},"to":{"line":3,"ch":27,"sticky":"before"},"text":[")"],"removed":[""],"origin":"+input"}
2019-6-11 10:56:16.682#keyHandled#"Right"
2019-6-11 10:56:16.855#keyHandled#"Right"
2019-6-11 10:56:17.153#keyHandled#"Left"
2019-6-11 10:56:17.922#change#{"from":{"line":3,"ch":29,"sticky":"after"},"to":{"line":3,"ch":29,"sticky":"after"},"text":["("],"removed":[""],"origin":"+input"}
2019-6-11 10:56:18.530#keyHandled#"Right"
2019-6-11 10:56:18.700#keyHandled#"Right"
2019-6-11 10:56:18.869#keyHandled#"Right"
2019-6-11 10:56:19.034#keyHandled#"Right"
2019-6-11 10:56:19.203#keyHandled#"Right"
2019-6-11 10:56:19.631#keyHandled#"Right"
2019-6-11 10:56:20.325#change#{"from":{"line":3,"ch":36,"sticky":"before"},"to":{"line":3,"ch":36,"sticky":"before"},"text":[")"],"removed":[""],"origin":"+input"}
2019-6-11 10:56:21.166#change#{"from":{"line":3,"ch":37,"sticky":null},"to":{"line":3,"ch":37,"sticky":null},"text":[")"],"removed":[""],"origin":"+input"}
2019-6-11 10:56:21.166#change#{"from":{"line":3,"ch":37,"sticky":null},"to":{"line":3,"ch":37,"sticky":null},"text":[")"],"removed":[""],"origin":"+input"}
2019-6-11 10:56:23.080#blur#
2019-6-11 10:56:24.244#saida_testar#$ python3 main.py
2019-6-11 10:56:50.513#mousedown#{"isTrusted":true}
2019-6-11 10:56:50.683#focus#
2019-6-11 10:56:52.492#change#{"from":{"line":2,"ch":20,"sticky":"after"},"to":{"line":2,"ch":21,"sticky":"before","xRel":-0.4666748046875},"text":[""],"removed":["1"],"origin":"+delete"}
2019-6-11 10:56:52.492#keyHandled#"Backspace"
2019-6-11 10:56:52.649#change#{"from":{"line":2,"ch":19,"sticky":"after"},"to":{"line":2,"ch":20,"sticky":null},"text":[""],"removed":["+"],"origin":"+delete"}
2019-6-11 10:56:52.649#keyHandled#"Backspace"
2019-6-11 10:56:52.789#change#{"from":{"line":2,"ch":18,"sticky":"after"},"to":{"line":2,"ch":19,"sticky":null},"text":[""],"removed":["k"],"origin":"+delete"}
2019-6-11 10:56:52.789#keyHandled#"Backspace"
2019-6-11 10:56:52.937#change#{"from":{"line":2,"ch":17,"sticky":null},"to":{"line":2,"ch":19,"sticky":null},"text":[""],"removed":["()"],"origin":"+delete"}
2019-6-11 10:56:52.937#keyHandled#"Backspace"
2019-6-11 10:56:53.115#change#{"from":{"line":2,"ch":16,"sticky":"after"},"to":{"line":2,"ch":17,"sticky":null},"text":[""],"removed":["*"],"origin":"+delete"}
2019-6-11 10:56:53.115#keyHandled#"Backspace"
2019-6-11 10:56:53.343#change#{"from":{"line":2,"ch":15,"sticky":"after"},"to":{"line":2,"ch":16,"sticky":null},"text":[""],"removed":["2"],"origin":"+delete"}
2019-6-11 10:56:53.343#keyHandled#"Backspace"
2019-6-11 10:56:54.077#change#{"from":{"line":2,"ch":15,"sticky":null},"to":{"line":2,"ch":15,"sticky":null},"text":["k"],"removed":[""],"origin":"+input"}
2019-6-11 10:56:55.388#keyHandled#"Down"
2019-6-11 10:56:56.540#keyHandled#"Left"
2019-6-11 10:56:56.735#keyHandled#"Left"
2019-6-11 10:56:56.882#keyHandled#"Left"
2019-6-11 10:56:57.051#keyHandled#"Left"
2019-6-11 10:56:57.317#keyHandled#"Left"
2019-6-11 10:56:58.027#keyHandled#"Right"
2019-6-11 10:56:58.527#keyHandled#"Right"
2019-6-11 10:56:58.577#keyHandled#"Right"
2019-6-11 10:56:58.628#keyHandled#"Right"
2019-6-11 10:56:58.678#keyHandled#"Right"
2019-6-11 10:56:58.727#keyHandled#"Right"
2019-6-11 10:56:58.778#keyHandled#"Right"
2019-6-11 10:56:58.828#keyHandled#"Right"
2019-6-11 10:56:58.879#keyHandled#"Right"
2019-6-11 10:56:58.934#keyHandled#"Right"
2019-6-11 10:56:58.980#keyHandled#"Right"
2019-6-11 10:56:59.031#keyHandled#"Right"
2019-6-11 10:56:59.080#keyHandled#"Right"
2019-6-11 10:56:59.130#keyHandled#"Right"
2019-6-11 10:56:59.181#keyHandled#"Right"
2019-6-11 10:56:59.231#keyHandled#"Right"
2019-6-11 10:56:59.281#keyHandled#"Right"
2019-6-11 10:56:59.330#keyHandled#"Right"
2019-6-11 10:56:59.381#keyHandled#"Right"
2019-6-11 10:56:59.483#keyHandled#"Right"
2019-6-11 10:56:59.531#keyHandled#"Right"
2019-6-11 10:56:59.582#keyHandled#"Right"
2019-6-11 10:56:59.631#keyHandled#"Right"
2019-6-11 10:56:59.682#keyHandled#"Right"
2019-6-11 10:56:59.732#keyHandled#"Right"
2019-6-11 10:57:00.149#keyHandled#"Left"
2019-6-11 10:57:00.649#keyHandled#"Left"
2019-6-11 10:57:00.700#keyHandled#"Left"
2019-6-11 10:57:00.750#keyHandled#"Left"
2019-6-11 10:57:00.800#keyHandled#"Left"
2019-6-11 10:57:00.850#keyHandled#"Left"
2019-6-11 10:57:00.902#keyHandled#"Left"
2019-6-11 10:57:00.950#keyHandled#"Left"
2019-6-11 10:57:01.001#keyHandled#"Left"
2019-6-11 10:57:01.051#keyHandled#"Left"
2019-6-11 10:57:01.101#keyHandled#"Left"
2019-6-11 10:57:01.152#keyHandled#"Left"
2019-6-11 10:57:01.203#keyHandled#"Left"
2019-6-11 10:57:01.253#keyHandled#"Left"
2019-6-11 10:57:01.303#keyHandled#"Left"
2019-6-11 10:57:01.353#keyHandled#"Left"
2019-6-11 10:57:01.403#keyHandled#"Left"
2019-6-11 10:57:01.452#keyHandled#"Left"
2019-6-11 10:57:01.503#keyHandled#"Left"
2019-6-11 10:57:01.553#keyHandled#"Left"
2019-6-11 10:57:01.603#keyHandled#"Left"
2019-6-11 10:57:01.653#keyHandled#"Left"
2019-6-11 10:57:01.704#keyHandled#"Left"
2019-6-11 10:57:01.755#keyHandled#"Left"
2019-6-11 10:57:01.805#keyHandled#"Left"
2019-6-11 10:57:01.855#keyHandled#"Left"
2019-6-11 10:57:01.905#keyHandled#"Left"
2019-6-11 10:57:01.955#keyHandled#"Left"
2019-6-11 10:57:02.005#keyHandled#"Left"
2019-6-11 10:57:02.055#keyHandled#"Left"
2019-6-11 10:57:02.105#keyHandled#"Left"
2019-6-11 10:57:02.208#keyHandled#"Left"
2019-6-11 10:57:02.356#keyHandled#"Left"
2019-6-11 10:57:02.514#keyHandled#"Left"
2019-6-11 10:57:03.652#change#{"from":{"line":3,"ch":1,"sticky":"after"},"to":{"line":3,"ch":1,"sticky":"after"},"text":["#"],"removed":[""],"origin":"+input"}
2019-6-11 10:57:04.814#keyHandled#"Left"
2019-6-11 10:57:05.245#change#{"from":{"line":3,"ch":1,"sticky":"after"},"to":{"line":3,"ch":1,"sticky":"after"},"text":["",""],"removed":[""],"origin":"+input"}
2019-6-11 10:57:05.245#change#{"from":{"line":4,"ch":0,"sticky":null},"to":{"line":4,"ch":0,"sticky":null},"text":["\t"],"removed":[""],"origin":"+input"}
2019-6-11 10:57:05.245#keyHandled#"Enter"
2019-6-11 10:57:05.263#viewportChange#0
2019-6-11 10:57:05.747#keyHandled#"Up"
2019-6-11 10:57:10.538#change#{"from":{"line":3,"ch":1,"sticky":"before","xRel":0},"to":{"line":3,"ch":1,"sticky":"before","xRel":0},"text":["p"],"removed":[""],"origin":"+input"}
2019-6-11 10:57:10.777#change#{"from":{"line":3,"ch":2,"sticky":null},"to":{"line":3,"ch":2,"sticky":null},"text":["r"],"removed":[""],"origin":"+input"}
2019-6-11 10:57:10.881#change#{"from":{"line":3,"ch":3,"sticky":null},"to":{"line":3,"ch":3,"sticky":null},"text":["i"],"removed":[""],"origin":"+input"}
2019-6-11 10:57:11.072#change#{"from":{"line":3,"ch":4,"sticky":null},"to":{"line":3,"ch":4,"sticky":null},"text":["n"],"removed":[""],"origin":"+input"}
2019-6-11 10:57:11.183#change#{"from":{"line":3,"ch":5,"sticky":null},"to":{"line":3,"ch":5,"sticky":null},"text":["t"],"removed":[""],"origin":"+input"}
2019-6-11 10:57:12.011#change#{"from":{"line":3,"ch":6,"sticky":null},"to":{"line":3,"ch":6,"sticky":null},"text":["()"],"removed":[""],"origin":"+input"}
2019-6-11 10:57:12.011#keyHandled#"'('"
2019-6-11 10:57:28.422#change#{"from":{"line":3,"ch":7,"sticky":"after"},"to":{"line":3,"ch":7,"sticky":"after"},"text":["k"],"removed":[""],"origin":"+input"}
2019-6-11 10:57:31.970#change#{"from":{"line":3,"ch":8,"sticky":null},"to":{"line":3,"ch":8,"sticky":null},"text":["*"],"removed":[""],"origin":"+input"}
2019-6-11 10:57:34.249#change#{"from":{"line":3,"ch":9,"sticky":null},"to":{"line":3,"ch":9,"sticky":null},"text":["()"],"removed":[""],"origin":"+input"}
2019-6-11 10:57:34.249#keyHandled#"'('"
2019-6-11 10:57:34.574#change#{"from":{"line":3,"ch":10,"sticky":"after"},"to":{"line":3,"ch":10,"sticky":"after"},"text":["\"\""],"removed":[""],"origin":"+input"}
2019-6-11 10:57:34.574#keyHandled#"'\"'"
2019-6-11 10:57:35.583#change#{"from":{"line":3,"ch":11,"sticky":"after"},"to":{"line":3,"ch":11,"sticky":"after"},"text":["&"],"removed":[""],"origin":"+input"}
2019-6-11 10:57:36.302#change#{"from":{"line":3,"ch":11,"sticky":"after"},"to":{"line":3,"ch":12,"sticky":null},"text":[""],"removed":["&"],"origin":"+delete"}
2019-6-11 10:57:36.302#keyHandled#"Backspace"
2019-6-11 10:57:37.197#change#{"from":{"line":3,"ch":11,"sticky":null},"to":{"line":3,"ch":11,"sticky":null},"text":["*"],"removed":[""],"origin":"+input"}
2019-6-11 10:57:37.904#keyHandled#"Right"
2019-6-11 10:57:38.113#keyHandled#"Right"
2019-6-11 10:57:40.031#change#{"from":{"line":3,"ch":14,"sticky":"before"},"to":{"line":3,"ch":14,"sticky":"before"},"text":["+"],"removed":[""],"origin":"+input"}
2019-6-11 10:57:42.755#change#{"from":{"line":3,"ch":15,"sticky":null},"to":{"line":3,"ch":15,"sticky":null},"text":["i"],"removed":[""],"origin":"+input"}
2019-6-11 10:57:44.275#change#{"from":{"line":3,"ch":16,"sticky":null},"to":{"line":3,"ch":16,"sticky":null},"text":["*"],"removed":[""],"origin":"+input"}
2019-6-11 10:57:45.073#keyHandled#"Left"
2019-6-11 10:57:45.269#keyHandled#"Left"
2019-6-11 10:57:46.108#change#{"from":{"line":3,"ch":15,"sticky":"after"},"to":{"line":3,"ch":15,"sticky":"after"},"text":["("],"removed":[""],"origin":"+input"}
2019-6-11 10:57:46.630#keyHandled#"Right"
2019-6-11 10:57:46.807#keyHandled#"Right"
2019-6-11 10:57:47.555#change#{"from":{"line":3,"ch":18,"sticky":"before"},"to":{"line":3,"ch":18,"sticky":"before"},"text":["()"],"removed":[""],"origin":"+input"}
2019-6-11 10:57:47.555#keyHandled#"'('"
2019-6-11 10:57:49.020#change#{"from":{"line":3,"ch":19,"sticky":"after"},"to":{"line":3,"ch":19,"sticky":"after"},"text":["\"\""],"removed":[""],"origin":"+input"}
2019-6-11 10:57:49.020#keyHandled#"'\"'"
2019-6-11 10:57:50.046#change#{"from":{"line":3,"ch":20,"sticky":"after"},"to":{"line":3,"ch":20,"sticky":"after"},"text":["*"],"removed":[""],"origin":"+input"}
2019-6-11 10:57:50.686#keyHandled#"Right"
2019-6-11 10:57:50.973#keyHandled#"Right"
2019-6-11 10:57:51.887#change#{"from":{"line":3,"ch":23,"sticky":"before"},"to":{"line":3,"ch":23,"sticky":"before"},"text":["+"],"removed":[""],"origin":"+input"}
2019-6-11 10:57:52.967#change#{"from":{"line":3,"ch":24,"sticky":null},"to":{"line":3,"ch":24,"sticky":null},"text":["()"],"removed":[""],"origin":"+input"}
2019-6-11 10:57:52.967#keyHandled#"'('"
2019-6-11 10:57:54.016#change#{"from":{"line":3,"ch":25,"sticky":"after"},"to":{"line":3,"ch":25,"sticky":"after"},"text":["l"],"removed":[""],"origin":"+input"}
2019-6-11 10:57:54.639#change#{"from":{"line":3,"ch":25,"sticky":"after"},"to":{"line":3,"ch":26,"sticky":null},"text":[""],"removed":["l"],"origin":"+delete"}
2019-6-11 10:57:54.639#keyHandled#"Backspace"
2019-6-11 10:57:55.423#change#{"from":{"line":3,"ch":25,"sticky":null},"to":{"line":3,"ch":25,"sticky":null},"text":["k"],"removed":[""],"origin":"+input"}
2019-6-11 10:57:55.870#change#{"from":{"line":3,"ch":26,"sticky":null},"to":{"line":3,"ch":26,"sticky":null},"text":["\"\""],"removed":[""],"origin":"+input"}
2019-6-11 10:57:55.870#keyHandled#"'\"'"
2019-6-11 10:57:57.026#keyHandled#"Left"
2019-6-11 10:57:57.877#change#{"from":{"line":3,"ch":26,"sticky":"after"},"to":{"line":3,"ch":26,"sticky":"after"},"text":["()"],"removed":[""],"origin":"+input"}
2019-6-11 10:57:57.877#keyHandled#"'('"
2019-6-11 10:57:59.183#keyHandled#"Right"
2019-6-11 10:57:59.743#change#{"from":{"line":3,"ch":27,"sticky":"after"},"to":{"line":3,"ch":28,"sticky":"before"},"text":[""],"removed":[")"],"origin":"+delete"}
2019-6-11 10:57:59.743#keyHandled#"Backspace"
2019-6-11 10:58:00.286#keyHandled#"Right"
2019-6-11 10:58:01.254#change#{"from":{"line":3,"ch":28,"sticky":"before"},"to":{"line":3,"ch":28,"sticky":"before"},"text":["*"],"removed":[""],"origin":"+input"}
2019-6-11 10:58:01.804#keyHandled#"Right"
2019-6-11 10:58:03.342#keyHandled#"')'"
2019-6-11 10:58:03.792#keyHandled#"')'"
2019-6-11 10:58:04.166#change#{"from":{"line":3,"ch":32,"sticky":"before"},"to":{"line":3,"ch":32,"sticky":"before"},"text":[")"],"removed":[""],"origin":"+input"}
2019-6-11 10:58:04.865#keyHandled#"Left"
2019-6-11 10:58:05.034#keyHandled#"Left"
2019-6-11 10:58:05.200#keyHandled#"Left"
2019-6-11 10:58:05.347#keyHandled#"Left"
2019-6-11 10:58:05.542#keyHandled#"Left"
2019-6-11 10:58:05.730#keyHandled#"Left"
2019-6-11 10:58:05.892#keyHandled#"Left"
2019-6-11 10:58:06.068#keyHandled#"Left"
2019-6-11 10:58:06.241#keyHandled#"Left"
2019-6-11 10:58:06.805#keyHandled#"Left"
2019-6-11 10:58:07.040#keyHandled#"Left"
2019-6-11 10:58:07.243#keyHandled#"Left"
2019-6-11 10:58:08.026#change#{"from":{"line":3,"ch":20,"sticky":"after"},"to":{"line":3,"ch":21,"sticky":"after"},"text":[""],"removed":["*"],"origin":"+delete"}
2019-6-11 10:58:08.026#keyHandled#"Backspace"
2019-6-11 10:58:08.389#change#{"from":{"line":3,"ch":20,"sticky":null},"to":{"line":3,"ch":20,"sticky":null},"text":["o"],"removed":[""],"origin":"+input"}
2019-6-11 10:58:09.135#keyHandled#"Left"
2019-6-11 10:58:09.265#keyHandled#"Left"
2019-6-11 10:58:09.596#keyHandled#"Left"
2019-6-11 10:58:09.788#keyHandled#"Left"
2019-6-11 10:58:09.994#keyHandled#"Left"
2019-6-11 10:58:10.182#keyHandled#"Left"
2019-6-11 10:58:10.365#keyHandled#"Left"
2019-6-11 10:58:10.539#keyHandled#"Left"
2019-6-11 10:58:11.496#keyHandled#"Left"
2019-6-11 10:58:11.750#keyHandled#"Left"
2019-6-11 10:58:11.934#keyHandled#"Left"
2019-6-11 10:58:12.115#keyHandled#"Left"
2019-6-11 10:58:12.276#keyHandled#"Left"
2019-6-11 10:58:13.285#change#{"from":{"line":3,"ch":7,"sticky":"after"},"to":{"line":3,"ch":7,"sticky":"after"},"text":["("],"removed":[""],"origin":"+input"}
2019-6-11 10:58:13.771#change#{"from":{"line":3,"ch":8,"sticky":null},"to":{"line":3,"ch":8,"sticky":null},"text":["("],"removed":[""],"origin":"+input"}
2019-6-11 10:58:13.285#change#{"from":{"line":3,"ch":7,"sticky":"after"},"to":{"line":3,"ch":7,"sticky":"after"},"text":["("],"removed":[""],"origin":"+input"}
2019-6-11 10:58:13.771#change#{"from":{"line":3,"ch":8,"sticky":null},"to":{"line":3,"ch":8,"sticky":null},"text":["("],"removed":[""],"origin":"+input"}
2019-6-11 10:58:15.717#dica_bullet#SyntaxError: invalid syntax
2019-6-11 10:58:15.895#saida_testar#$ python3 main.py
File "main.py", line 6
k=k-1
SyntaxError: invalid syntax
2019-6-11 10:58:19.769#mousedown#{"isTrusted":true}
2019-6-11 10:58:20.941#mousedown#{"isTrusted":true}
2019-6-11 10:58:24.688#mousedown#{"isTrusted":true}
2019-6-11 10:58:25.297#mousedown#{"isTrusted":true}
2019-6-11 10:58:27.099#change#{"from":{"line":1,"ch":0,"sticky":"after","xRel":21.5333251953125},"to":{"line":1,"ch":0,"sticky":"after","xRel":21.5333251953125},"text":["w"],"removed":[""],"origin":"+input"}
2019-6-11 10:58:27.504#change#{"from":{"line":1,"ch":1,"sticky":null},"to":{"line":1,"ch":1,"sticky":null},"text":["="],"removed":[""],"origin":"+input"}
2019-6-11 10:58:28.786#change#{"from":{"line":1,"ch":2,"sticky":null},"to":{"line":1,"ch":2,"sticky":null},"text":["0"],"removed":[""],"origin":"+input"}
2019-6-11 10:58:29.646#keyHandled#"Down"
2019-6-11 10:58:29.841#keyHandled#"Down"
2019-6-11 10:58:30.014#keyHandled#"Down"
2019-6-11 10:58:30.220#keyHandled#"Down"
2019-6-11 10:58:30.631#keyHandled#"Down"
2019-6-11 10:58:31.574#change#{"from":{"line":5,"ch":6,"sticky":null,"xRel":1,"outside":true,"hitSide":true},"to":{"line":5,"ch":6,"sticky":null,"xRel":1,"outside":true,"hitSide":true},"text":["",""],"removed":[""],"origin":"+input"}
2019-6-11 10:58:31.574#change#{"from":{"line":6,"ch":0,"sticky":null},"to":{"line":6,"ch":0,"sticky":null},"text":["\t\t\t  "],"removed":[""],"origin":"+input"}
2019-6-11 10:58:31.574#keyHandled#"Enter"
2019-6-11 10:58:31.590#viewportChange#0
2019-6-11 10:58:31.940#change#{"from":{"line":6,"ch":5,"sticky":null},"to":{"line":6,"ch":5,"sticky":null},"text":["w"],"removed":[""],"origin":"+input"}
2019-6-11 10:58:32.735#change#{"from":{"line":6,"ch":6,"sticky":null},"to":{"line":6,"ch":6,"sticky":null},"text":["="],"removed":[""],"origin":"+input"}
2019-6-11 10:58:33.897#keyHandled#"Left"
2019-6-11 10:58:34.248#keyHandled#"Left"
2019-6-11 10:58:34.866#change#{"from":{"line":6,"ch":4,"sticky":"after"},"to":{"line":6,"ch":5,"sticky":"after"},"text":[""],"removed":[" "],"origin":"+delete"}
2019-6-11 10:58:34.866#keyHandled#"Backspace"
2019-6-11 10:58:35.088#change#{"from":{"line":6,"ch":3,"sticky":"after"},"to":{"line":6,"ch":4,"sticky":null},"text":[""],"removed":[" "],"origin":"+delete"}
2019-6-11 10:58:35.088#keyHandled#"Backspace"
2019-6-11 10:58:35.305#change#{"from":{"line":6,"ch":2,"sticky":"after"},"to":{"line":6,"ch":3,"sticky":null},"text":[""],"removed":["\t"],"origin":"+delete"}
2019-6-11 10:58:35.305#keyHandled#"Backspace"
2019-6-11 10:58:35.511#change#{"from":{"line":6,"ch":1,"sticky":"after"},"to":{"line":6,"ch":2,"sticky":null},"text":[""],"removed":["\t"],"origin":"+delete"}
2019-6-11 10:58:35.512#keyHandled#"Backspace"
2019-6-11 10:58:36.904#keyHandled#"Right"
2019-6-11 10:58:37.148#keyHandled#"Right"
2019-6-11 10:58:38.054#change#{"from":{"line":6,"ch":3,"sticky":"before"},"to":{"line":6,"ch":3,"sticky":"before"},"text":["w"],"removed":[""],"origin":"+input"}
2019-6-11 10:58:39.137#change#{"from":{"line":6,"ch":4,"sticky":null},"to":{"line":6,"ch":4,"sticky":null},"text":["+"],"removed":[""],"origin":"+input"}
2019-6-11 10:58:39.920#change#{"from":{"line":6,"ch":5,"sticky":null},"to":{"line":6,"ch":5,"sticky":null},"text":["1"],"removed":[""],"origin":"+input"}
2019-6-11 10:58:39.920#change#{"from":{"line":6,"ch":5,"sticky":null},"to":{"line":6,"ch":5,"sticky":null},"text":["1"],"removed":[""],"origin":"+input"}
2019-6-11 10:58:41.229#dica_bullet#SyntaxError: invalid syntax
2019-6-11 10:58:41.872#saida_testar#$ python3 main.py
File "main.py", line 6
k=k-1
SyntaxError: invalid syntax
2019-6-11 10:58:44.098#mousedown#{"isTrusted":true}
2019-6-11 10:58:46.188#change#{"from":{"line":4,"ch":1,"sticky":"after","xRel":3.5333251953125},"to":{"line":4,"ch":39,"sticky":"before","xRel":3.5333251953125},"text":[""],"removed":["#print((k*(\"*\")) + (i*(\"o\"))+(k(\"*\")))"],"origin":"+delete"}
2019-6-11 10:58:46.188#keyHandled#"Backspace"
2019-6-11 10:58:53.722#mousedown#{"isTrusted":true}
2019-6-11 10:58:54.532#change#{"from":{"line":3,"ch":7,"sticky":"after"},"to":{"line":3,"ch":8,"sticky":"before","xRel":-1.4666748046875},"text":[""],"removed":["("],"origin":"+delete"}
2019-6-11 10:58:54.532#keyHandled#"Backspace"
2019-6-11 10:58:55.534#mousedown#{"isTrusted":true}
2019-6-11 10:58:55.938#change#{"from":{"line":3,"ch":32,"sticky":"after"},"to":{"line":3,"ch":33,"sticky":"after","xRel":2.5333251953125},"text":[""],"removed":[")"],"origin":"+delete"}
2019-6-11 10:58:55.938#keyHandled#"Backspace"
2019-6-11 10:58:59.557#mousedown#{"isTrusted":true}
2019-6-11 10:59:01.839#change#{"from":{"line":3,"ch":17,"sticky":"after","xRel":1.5333251953125},"to":{"line":3,"ch":17,"sticky":"after","xRel":1.5333251953125},"text":["*"],"removed":[""],"origin":"+input"}
2019-6-11 10:59:03.485#change#{"from":{"line":3,"ch":18,"sticky":null},"to":{"line":3,"ch":18,"sticky":null},"text":["2"],"removed":[""],"origin":"+input"}
2019-6-11 10:59:03.777#keyHandled#"Right"
2019-6-11 10:59:04.987#change#{"from":{"line":3,"ch":19,"sticky":"after"},"to":{"line":3,"ch":20,"sticky":"before"},"text":[""],"removed":["i"],"origin":"+delete"}
2019-6-11 10:59:04.988#keyHandled#"Backspace"
2019-6-11 10:59:05.326#change#{"from":{"line":3,"ch":18,"sticky":"after"},"to":{"line":3,"ch":19,"sticky":null},"text":[""],"removed":["2"],"origin":"+delete"}
2019-6-11 10:59:05.326#keyHandled#"Backspace"
2019-6-11 10:59:05.849#change#{"from":{"line":3,"ch":17,"sticky":"after"},"to":{"line":3,"ch":18,"sticky":null},"text":[""],"removed":["*"],"origin":"+delete"}
2019-6-11 10:59:05.849#keyHandled#"Backspace"
2019-6-11 10:59:06.727#change#{"from":{"line":3,"ch":17,"sticky":null},"to":{"line":3,"ch":17,"sticky":null},"text":["2"],"removed":[""],"origin":"+input"}
2019-6-11 10:59:07.438#keyHandled#"Right"
2019-6-11 10:59:09.060#change#{"from":{"line":3,"ch":19,"sticky":"before"},"to":{"line":3,"ch":19,"sticky":"before"},"text":["j"],"removed":[""],"origin":"+input"}
2019-6-11 10:59:10.584#change#{"from":{"line":3,"ch":19,"sticky":"after"},"to":{"line":3,"ch":20,"sticky":null},"text":[""],"removed":["j"],"origin":"+delete"}
2019-6-11 10:59:10.584#keyHandled#"Backspace"
2019-6-11 10:59:12.371#change#{"from":{"line":3,"ch":19,"sticky":null},"to":{"line":3,"ch":19,"sticky":null},"text":["w"],"removed":[""],"origin":"+input"}
2019-6-11 10:59:14.420#change#{"from":{"line":3,"ch":20,"sticky":null},"to":{"line":3,"ch":20,"sticky":null},"text":["*"],"removed":[""],"origin":"+input"}
2019-6-11 10:59:14.420#change#{"from":{"line":3,"ch":20,"sticky":null},"to":{"line":3,"ch":20,"sticky":null},"text":["*"],"removed":[""],"origin":"+input"}
2019-6-11 10:59:17.020#dica_bullet#SyntaxError: invalid syntax
2019-6-11 10:59:18.148#saida_testar#$ python3 main.py
File "main.py", line 6
k=k-1
SyntaxError: invalid syntax
2019-6-11 10:59:18.866#mousedown#{"isTrusted":true}
2019-6-11 10:59:19.580#change#{"from":{"line":4,"ch":0,"sticky":"after"},"to":{"line":4,"ch":1,"sticky":"before","xRel":25.5333251953125},"text":[""],"removed":["\t"],"origin":"+delete"}
2019-6-11 10:59:19.580#keyHandled#"Backspace"
2019-6-11 10:59:20.066#change#{"from":{"line":3,"ch":35,"sticky":"before"},"to":{"line":4,"ch":0,"sticky":null},"text":[""],"removed":["",""],"origin":"+delete"}
2019-6-11 10:59:20.066#keyHandled#"Backspace"
2019-6-11 10:59:20.084#viewportChange#0
2019-6-11 10:59:20.834#mousedown#{"isTrusted":true}
2019-6-11 10:59:21.847#change#{"from":{"line":4,"ch":0,"sticky":"after"},"to":{"line":4,"ch":1,"sticky":"after","xRel":2.5333251953125},"text":[""],"removed":["\t"],"origin":"+delete"}
2019-6-11 10:59:21.847#keyHandled#"Backspace"
2019-6-11 10:59:23.023#change#{"from":{"line":4,"ch":0,"sticky":null},"to":{"line":4,"ch":0,"sticky":null},"text":["\t"],"removed":[""],"origin":"+input"}
2019-6-11 10:59:23.023#keyHandled#"Tab"
2019-6-11 10:59:23.801#mousedown#{"isTrusted":true}
2019-6-11 10:59:24.675#change#{"from":{"line":5,"ch":0,"sticky":"after"},"to":{"line":5,"ch":1,"sticky":"before","xRel":-2.4666748046875},"text":[""],"removed":["\t"],"origin":"+delete"}
2019-6-11 10:59:24.675#keyHandled#"Backspace"
2019-6-11 10:59:25.277#change#{"from":{"line":5,"ch":0,"sticky":null},"to":{"line":5,"ch":0,"sticky":null},"text":["\t"],"removed":[""],"origin":"+input"}
2019-6-11 10:59:25.277#keyHandled#"Tab"
2019-6-11 10:59:26.516#mousedown#{"isTrusted":true}
2019-6-11 10:59:27.410#change#{"from":{"line":3,"ch":0,"sticky":"after"},"to":{"line":3,"ch":1,"sticky":"before","xRel":-7.4666748046875},"text":[""],"removed":["\t"],"origin":"+delete"}
2019-6-11 10:59:27.410#keyHandled#"Backspace"
2019-6-11 10:59:27.980#change#{"from":{"line":3,"ch":0,"sticky":null},"to":{"line":3,"ch":0,"sticky":null},"text":["\t"],"removed":[""],"origin":"+input"}
2019-6-11 10:59:27.981#keyHandled#"Tab"
2019-6-11 10:59:30.119#mousedown#{"isTrusted":true}
2019-6-11 11:00:01.710#mousedown#{"isTrusted":true}
2019-6-11 11:00:02.407#change#{"from":{"line":3,"ch":15,"sticky":"after","xRel":0.5333251953125},"to":{"line":3,"ch":15,"sticky":"after","xRel":0.5333251953125},"text":[" "],"removed":[""],"origin":"+input"}
2019-6-11 11:00:02.837#mousedown#{"isTrusted":true}
2019-6-11 11:00:03.346#mousedown#{"isTrusted":true}
2019-6-11 11:00:03.532#change#{"from":{"line":3,"ch":17,"sticky":"before","xRel":-1.4666748046875},"to":{"line":3,"ch":17,"sticky":"before","xRel":-1.4666748046875},"text":[" "],"removed":[""],"origin":"+input"}
2019-6-11 11:00:04.095#mousedown#{"isTrusted":true}
2019-6-11 11:00:04.320#change#{"from":{"line":3,"ch":28,"sticky":"before","xRel":-0.4666748046875},"to":{"line":3,"ch":28,"sticky":"before","xRel":-0.4666748046875},"text":[" "],"removed":[""],"origin":"+input"}
2019-6-11 11:00:04.777#mousedown#{"isTrusted":true}
2019-6-11 11:00:04.916#change#{"from":{"line":3,"ch":31,"sticky":"after","xRel":1.5333251953125},"to":{"line":3,"ch":31,"sticky":"after","xRel":1.5333251953125},"text":[" "],"removed":[""],"origin":"+input"}
2019-6-11 11:00:06.350#keyHandled#"Left"
2019-6-11 11:00:06.683#keyHandled#"Left"
2019-6-11 11:00:06.854#change#{"from":{"line":3,"ch":30,"sticky":"after"},"to":{"line":3,"ch":30,"sticky":"after"},"text":[" "],"removed":[""],"origin":"+input"}
2019-6-11 11:00:07.265#keyHandled#"Right"
2019-6-11 11:00:07.819#keyHandled#"Right"
2019-6-11 11:00:08.367#change#{"from":{"line":3,"ch":32,"sticky":"after"},"to":{"line":3,"ch":33,"sticky":"before"},"text":[""],"removed":[" "],"origin":"+delete"}
2019-6-11 11:00:08.367#keyHandled#"Backspace"
2019-6-11 11:00:09.045#keyHandled#"Right"
2019-6-11 11:00:09.701#keyHandled#"Right"
2019-6-11 11:00:09.922#keyHandled#"Right"
2019-6-11 11:00:10.087#keyHandled#"Right"
2019-6-11 11:00:10.250#keyHandled#"Right"
2019-6-11 11:00:10.470#keyHandled#"Left"
2019-6-11 11:00:10.648#keyHandled#"Left"
2019-6-11 11:00:10.806#keyHandled#"Left"
2019-6-11 11:00:11.314#keyHandled#"Left"
2019-6-11 11:00:12.761#change#{"from":{"line":3,"ch":34,"sticky":"after"},"to":{"line":3,"ch":34,"sticky":"after"},"text":["*"],"removed":[""],"origin":"+input"}
2019-6-11 11:00:13.743#keyHandled#"Left"
2019-6-11 11:00:14.246#keyHandled#"Left"
2019-6-11 11:00:14.298#keyHandled#"Left"
2019-6-11 11:00:14.912#keyHandled#"Right"
2019-6-11 11:00:16.342#keyHandled#"Left"
2019-6-11 11:00:16.842#keyHandled#"Left"
2019-6-11 11:00:16.891#keyHandled#"Left"
2019-6-11 11:00:16.942#keyHandled#"Left"
2019-6-11 11:00:17.000#keyHandled#"Left"
2019-6-11 11:00:17.042#keyHandled#"Left"
2019-6-11 11:00:17.099#keyHandled#"Left"
2019-6-11 11:00:17.148#keyHandled#"Left"
2019-6-11 11:00:17.271#keyHandled#"Left"
2019-6-11 11:00:17.474#keyHandled#"Left"
2019-6-11 11:00:17.793#change#{"from":{"line":3,"ch":23,"sticky":"after"},"to":{"line":3,"ch":23,"sticky":"after"},"text":[" "],"removed":[""],"origin":"+input"}
2019-6-11 11:00:17.964#keyHandled#"Left"
2019-6-11 11:00:18.168#keyHandled#"Left"
2019-6-11 11:00:18.360#change#{"from":{"line":3,"ch":22,"sticky":"after"},"to":{"line":3,"ch":22,"sticky":"after"},"text":[" "],"removed":[""],"origin":"+input"}
2019-6-11 11:00:18.567#keyHandled#"Left"
2019-6-11 11:00:18.749#keyHandled#"Left"
2019-6-11 11:00:18.933#keyHandled#"Left"
2019-6-11 11:00:19.370#keyHandled#"Right"
2019-6-11 11:00:19.559#change#{"from":{"line":3,"ch":21,"sticky":"before"},"to":{"line":3,"ch":21,"sticky":"before"},"text":[" "],"removed":[""],"origin":"+input"}
2019-6-11 11:00:19.748#keyHandled#"Left"
2019-6-11 11:00:20.057#keyHandled#"Left"
2019-6-11 11:00:20.219#change#{"from":{"line":3,"ch":20,"sticky":"after"},"to":{"line":3,"ch":20,"sticky":"after"},"text":[" "],"removed":[""],"origin":"+input"}
2019-6-11 11:00:20.514#keyHandled#"Left"
2019-6-11 11:00:20.731#keyHandled#"Left"
2019-6-11 11:00:20.981#change#{"from":{"line":3,"ch":19,"sticky":"after"},"to":{"line":3,"ch":19,"sticky":"after"},"text":[" "],"removed":[""],"origin":"+input"}
2019-6-11 11:00:21.137#keyHandled#"Left"
2019-6-11 11:00:21.639#keyHandled#"Left"
2019-6-11 11:00:21.745#keyHandled#"Left"
2019-6-11 11:00:21.908#keyHandled#"Left"
2019-6-11 11:00:22.055#keyHandled#"Left"
2019-6-11 11:00:22.220#keyHandled#"Left"
2019-6-11 11:00:22.589#change#{"from":{"line":3,"ch":14,"sticky":"after"},"to":{"line":3,"ch":14,"sticky":"after"},"text":[" "],"removed":[""],"origin":"+input"}
2019-6-11 11:00:22.768#keyHandled#"Left"
2019-6-11 11:00:23.039#keyHandled#"Left"
2019-6-11 11:00:23.654#keyHandled#"Right"
2019-6-11 11:00:24.052#keyHandled#"Right"
2019-6-11 11:00:24.689#change#{"from":{"line":3,"ch":14,"sticky":"after"},"to":{"line":3,"ch":15,"sticky":"before"},"text":[""],"removed":[" "],"origin":"+delete"}
2019-6-11 11:00:24.689#keyHandled#"Backspace"
2019-6-11 11:00:25.186#keyHandled#"Left"
2019-6-11 11:00:25.383#keyHandled#"Left"
2019-6-11 11:00:25.540#keyHandled#"Left"
2019-6-11 11:00:25.895#keyHandled#"Left"
2019-6-11 11:00:26.088#change#{"from":{"line":3,"ch":10,"sticky":"after"},"to":{"line":3,"ch":10,"sticky":"after"},"text":[" "],"removed":[""],"origin":"+input"}
2019-6-11 11:00:26.216#keyHandled#"Left"
2019-6-11 11:00:26.402#keyHandled#"Left"
2019-6-11 11:00:26.711#change#{"from":{"line":3,"ch":9,"sticky":"after"},"to":{"line":3,"ch":9,"sticky":"after"},"text":[" "],"removed":[""],"origin":"+input"}
2019-6-11 11:00:27.065#keyHandled#"Left"
2019-6-11 11:00:27.284#keyHandled#"Left"
2019-6-11 11:00:27.499#change#{"from":{"line":3,"ch":8,"sticky":"after"},"to":{"line":3,"ch":8,"sticky":"after"},"text":[" "],"removed":[""],"origin":"+input"}
2019-6-11 11:00:28.285#keyHandled#"Right"
2019-6-11 11:00:28.785#keyHandled#"Right"
2019-6-11 11:00:28.835#keyHandled#"Right"
2019-6-11 11:00:28.888#keyHandled#"Right"
2019-6-11 11:00:29.767#keyHandled#"Right"
2019-6-11 11:00:30.257#keyHandled#"Right"
2019-6-11 11:00:30.306#keyHandled#"Right"
2019-6-11 11:00:30.357#keyHandled#"Right"
2019-6-11 11:00:30.408#keyHandled#"Right"
2019-6-11 11:00:30.458#keyHandled#"Right"
2019-6-11 11:00:30.508#keyHandled#"Right"
2019-6-11 11:00:30.787#keyHandled#"Right"
2019-6-11 11:00:31.288#keyHandled#"Right"
2019-6-11 11:00:31.339#keyHandled#"Right"
2019-6-11 11:00:32.484#keyHandled#"Right"
2019-6-11 11:00:32.982#keyHandled#"Right"
2019-6-11 11:00:33.033#keyHandled#"Right"
2019-6-11 11:00:33.084#keyHandled#"Right"
2019-6-11 11:00:33.134#keyHandled#"Right"
2019-6-11 11:00:33.185#keyHandled#"Right"
2019-6-11 11:00:33.235#keyHandled#"Right"
2019-6-11 11:00:33.285#keyHandled#"Right"
2019-6-11 11:00:33.336#keyHandled#"Right"
2019-6-11 11:00:33.386#keyHandled#"Right"
2019-6-11 11:00:33.436#keyHandled#"Right"
2019-6-11 11:00:33.486#keyHandled#"Right"
2019-6-11 11:00:33.537#keyHandled#"Right"
2019-6-11 11:00:33.586#keyHandled#"Right"
2019-6-11 11:00:33.637#keyHandled#"Right"
2019-6-11 11:00:33.687#keyHandled#"Right"
2019-6-11 11:00:33.737#keyHandled#"Right"
2019-6-11 11:00:33.788#keyHandled#"Right"
2019-6-11 11:00:33.838#keyHandled#"Right"
2019-6-11 11:00:33.888#keyHandled#"Right"
2019-6-11 11:00:33.938#keyHandled#"Right"
2019-6-11 11:00:35.068#keyHandled#"Left"
2019-6-11 11:00:35.348#keyHandled#"Left"
2019-6-11 11:00:35.580#keyHandled#"Right"
2019-6-11 11:00:36.079#keyHandled#"Right"
2019-6-11 11:00:36.129#keyHandled#"Right"
2019-6-11 11:00:36.302#keyHandled#"Right"
2019-6-11 11:00:36.504#keyHandled#"Right"
2019-6-11 11:00:36.703#keyHandled#"Right"
2019-6-11 11:00:37.188#change#{"from":{"line":3,"ch":48,"sticky":"before"},"to":{"line":3,"ch":48,"sticky":"before"},"text":[" "],"removed":[""],"origin":"+input"}
2019-6-11 11:00:39.522#keyHandled#"')'"
2019-6-11 11:00:39.965#change#{"from":{"line":3,"ch":50,"sticky":"before"},"to":{"line":3,"ch":50,"sticky":"before"},"text":[")"],"removed":[""],"origin":"+input"}
2019-6-11 11:00:40.738#keyHandled#"Left"
2019-6-11 11:00:41.650#keyHandled#"Left"
2019-6-11 11:00:42.317#change#{"from":{"line":3,"ch":48,"sticky":"after"},"to":{"line":3,"ch":49,"sticky":"after"},"text":[""],"removed":[" "],"origin":"+delete"}
2019-6-11 11:00:42.317#keyHandled#"Backspace"
2019-6-11 11:00:42.990#keyHandled#"Right"
2019-6-11 11:00:43.384#change#{"from":{"line":3,"ch":49,"sticky":"before"},"to":{"line":3,"ch":49,"sticky":"before"},"text":[" "],"removed":[""],"origin":"+input"}
2019-6-11 11:00:43.922#keyHandled#"Left"
2019-6-11 11:00:45.699#keyHandled#"Right"
2019-6-11 11:00:45.866#keyHandled#"Left"
2019-6-11 11:00:46.366#keyHandled#"Left"
2019-6-11 11:00:46.417#keyHandled#"Left"
2019-6-11 11:00:46.468#keyHandled#"Left"
2019-6-11 11:00:46.519#keyHandled#"Left"
2019-6-11 11:00:46.568#keyHandled#"Left"
2019-6-11 11:00:48.232#keyHandled#"Left"
2019-6-11 11:00:48.392#keyHandled#"Left"
2019-6-11 11:00:48.536#keyHandled#"Left"
2019-6-11 11:00:48.690#keyHandled#"Left"
2019-6-11 11:00:48.835#keyHandled#"Left"
2019-6-11 11:00:48.982#keyHandled#"Left"
2019-6-11 11:00:49.132#keyHandled#"Left"
2019-6-11 11:00:49.285#keyHandled#"Left"
2019-6-11 11:00:50.300#change#{"from":{"line":3,"ch":36,"sticky":"after"},"to":{"line":3,"ch":36,"sticky":"after"},"text":[")"],"removed":[""],"origin":"+input"}
2019-6-11 11:00:52.117#keyHandled#"Left"
2019-6-11 11:00:52.616#keyHandled#"Left"
2019-6-11 11:00:52.667#keyHandled#"Left"
2019-6-11 11:00:52.717#keyHandled#"Left"
2019-6-11 11:00:52.767#keyHandled#"Left"
2019-6-11 11:00:52.817#keyHandled#"Left"
2019-6-11 11:00:52.867#keyHandled#"Left"
2019-6-11 11:00:52.917#keyHandled#"Left"
2019-6-11 11:00:52.970#keyHandled#"Left"
2019-6-11 11:00:53.017#keyHandled#"Left"
2019-6-11 11:00:53.067#keyHandled#"Left"
2019-6-11 11:00:53.118#keyHandled#"Left"
2019-6-11 11:00:53.168#keyHandled#"Left"
2019-6-11 11:00:53.219#keyHandled#"Left"
2019-6-11 11:00:53.268#keyHandled#"Left"
2019-6-11 11:00:53.470#keyHandled#"Left"
2019-6-11 11:00:53.636#keyHandled#"Left"
2019-6-11 11:00:53.791#keyHandled#"Left"
2019-6-11 11:00:54.067#keyHandled#"Left"
2019-6-11 11:00:54.941#change#{"from":{"line":3,"ch":18,"sticky":"after"},"to":{"line":3,"ch":18,"sticky":"after"},"text":[")"],"removed":[""],"origin":"+input"}
2019-6-11 11:00:54.067#keyHandled#"Left"
2019-6-11 11:00:54.941#change#{"from":{"line":3,"ch":18,"sticky":"after"},"to":{"line":3,"ch":18,"sticky":"after"},"text":[")"],"removed":[""],"origin":"+input"}
2019-6-11 11:00:56.998#blur#
2019-6-11 11:00:58.044#saida_testar#$ python3 main.py
2019-6-13 06:46:48.988#viewportChange#0
2019-6-13 06:47:07.206#mousedown#{"isTrusted":true}
2019-6-13 06:47:07.254#focus#
2019-6-13 06:47:15.793#blur#
2019-6-13 06:47:16.351#focus#
