2019-3-20 14:54:53.772#viewportChange#0
2019-3-20 14:56:25.534#mousedown#{"isTrusted":true}
2019-3-20 14:56:25.548#focus#
2019-3-20 14:56:25.579#mousedown#{"isTrusted":true}
2019-3-20 14:56:25.610#mousedown#{"isTrusted":true}
2019-3-20 14:56:25.635#mousedown#{"isTrusted":true}
2019-3-20 14:56:25.667#dblclick#{"isTrusted":true}
2019-3-20 14:56:25.668#mousedown#{"isTrusted":true}
2019-3-20 14:56:25.695#mousedown#{"isTrusted":true}
2019-3-20 14:56:25.718#mousedown#{"isTrusted":true}
2019-3-20 14:56:25.750#dblclick#{"isTrusted":true}
2019-3-20 14:56:25.752#mousedown#{"isTrusted":true}
2019-3-20 14:56:25.778#mousedown#{"isTrusted":true}
2019-3-20 14:56:25.804#mousedown#{"isTrusted":true}
2019-3-20 14:56:25.839#dblclick#{"isTrusted":true}
2019-3-20 14:56:25.840#mousedown#{"isTrusted":true}
2019-3-20 14:56:25.864#mousedown#{"isTrusted":true}
2019-3-20 14:56:25.892#mousedown#{"isTrusted":true}
2019-3-20 14:56:25.919#dblclick#{"isTrusted":true}
2019-3-20 14:56:25.920#mousedown#{"isTrusted":true}
2019-3-20 14:56:25.978#mousedown#{"isTrusted":true}
2019-3-20 14:56:26.002#blur#
2019-3-20 14:56:26.054#focus#
2019-3-20 15:31:42.830#viewportChange#0
2019-3-20 15:31:46.802#mousedown#{"isTrusted":true}
2019-3-20 15:31:46.817#focus#
2019-3-20 15:31:48.355#mousedown#{"isTrusted":true}
2019-3-20 15:31:54.557#change#{"from":{"line":4,"ch":12,"sticky":"after"},"to":{"line":4,"ch":13,"sticky":"after","xRel":1.73333740234375},"text":[""],"removed":["t"],"origin":"+delete"}
2019-3-20 15:31:54.557#keyHandled#"Backspace"
2019-3-20 15:31:54.860#change#{"from":{"line":4,"ch":11,"sticky":"after"},"to":{"line":4,"ch":12,"sticky":null},"text":[""],"removed":["?"],"origin":"+delete"}
2019-3-20 15:31:54.860#keyHandled#"Backspace"
2019-3-20 15:31:55.137#change#{"from":{"line":4,"ch":10,"sticky":"after"},"to":{"line":4,"ch":11,"sticky":null},"text":[""],"removed":["?"],"origin":"+delete"}
2019-3-20 15:31:55.137#keyHandled#"Backspace"
2019-3-20 15:31:55.432#change#{"from":{"line":4,"ch":9,"sticky":"after"},"to":{"line":4,"ch":10,"sticky":null},"text":[""],"removed":["?"],"origin":"+delete"}
2019-3-20 15:31:55.432#keyHandled#"Backspace"
2019-3-20 15:32:03.246#change#{"from":{"line":4,"ch":9,"sticky":null},"to":{"line":4,"ch":9,"sticky":null},"text":["l"],"removed":[""],"origin":"+input"}
2019-3-20 15:32:03.458#change#{"from":{"line":4,"ch":10,"sticky":null},"to":{"line":4,"ch":10,"sticky":null},"text":["o"],"removed":[""],"origin":"+input"}
2019-3-20 15:32:03.713#change#{"from":{"line":4,"ch":11,"sticky":null},"to":{"line":4,"ch":11,"sticky":null},"text":["a"],"removed":[""],"origin":"+input"}
2019-3-20 15:32:03.947#change#{"from":{"line":4,"ch":12,"sticky":null},"to":{"line":4,"ch":12,"sticky":null},"text":["t"],"removed":[""],"origin":"+input"}
2019-3-20 15:32:06.214#mousedown#{"isTrusted":true}
2019-3-20 15:32:07.235#change#{"from":{"line":4,"ch":50,"sticky":"after"},"to":{"line":4,"ch":51,"sticky":"before","xRel":-1.26666259765625},"text":[""],"removed":["?"],"origin":"+delete"}
2019-3-20 15:32:07.235#keyHandled#"Backspace"
2019-3-20 15:32:07.418#change#{"from":{"line":4,"ch":49,"sticky":"after"},"to":{"line":4,"ch":50,"sticky":null},"text":[""],"removed":["o"],"origin":"+delete"}
2019-3-20 15:32:07.418#keyHandled#"Backspace"
2019-3-20 15:32:07.585#change#{"from":{"line":4,"ch":48,"sticky":"after"},"to":{"line":4,"ch":49,"sticky":null},"text":[""],"removed":["g"],"origin":"+delete"}
2019-3-20 15:32:07.585#keyHandled#"Backspace"
2019-3-20 15:32:07.757#change#{"from":{"line":4,"ch":47,"sticky":"after"},"to":{"line":4,"ch":48,"sticky":null},"text":[""],"removed":["o"],"origin":"+delete"}
2019-3-20 15:32:07.758#keyHandled#"Backspace"
2019-3-20 15:32:08.259#change#{"from":{"line":4,"ch":46,"sticky":"after"},"to":{"line":4,"ch":47,"sticky":null},"text":[""],"removed":["j"],"origin":"+delete"}
2019-3-20 15:32:08.259#keyHandled#"Backspace"
2019-3-20 15:32:08.288#change#{"from":{"line":4,"ch":45,"sticky":"after"},"to":{"line":4,"ch":46,"sticky":null},"text":[""],"removed":[" "],"origin":"+delete"}
2019-3-20 15:32:08.288#keyHandled#"Backspace"
2019-3-20 15:32:08.318#change#{"from":{"line":4,"ch":44,"sticky":"after"},"to":{"line":4,"ch":45,"sticky":null},"text":[""],"removed":["o"],"origin":"+delete"}
2019-3-20 15:32:08.318#keyHandled#"Backspace"
2019-3-20 15:32:08.348#change#{"from":{"line":4,"ch":43,"sticky":"after"},"to":{"line":4,"ch":44,"sticky":null},"text":[""],"removed":["d"],"origin":"+delete"}
2019-3-20 15:32:08.348#keyHandled#"Backspace"
2019-3-20 15:32:08.378#change#{"from":{"line":4,"ch":42,"sticky":"after"},"to":{"line":4,"ch":43,"sticky":null},"text":[""],"removed":[" "],"origin":"+delete"}
2019-3-20 15:32:08.378#keyHandled#"Backspace"
2019-3-20 15:32:08.408#change#{"from":{"line":4,"ch":41,"sticky":"after"},"to":{"line":4,"ch":42,"sticky":null},"text":[""],"removed":["o"],"origin":"+delete"}
2019-3-20 15:32:08.408#keyHandled#"Backspace"
2019-3-20 15:32:08.441#change#{"from":{"line":4,"ch":40,"sticky":"after"},"to":{"line":4,"ch":41,"sticky":null},"text":[""],"removed":["i"],"origin":"+delete"}
2019-3-20 15:32:08.441#keyHandled#"Backspace"
2019-3-20 15:32:08.470#change#{"from":{"line":4,"ch":39,"sticky":"after"},"to":{"line":4,"ch":40,"sticky":null},"text":[""],"removed":["r"],"origin":"+delete"}
2019-3-20 15:32:08.471#keyHandled#"Backspace"
2019-3-20 15:32:08.498#change#{"from":{"line":4,"ch":38,"sticky":"after"},"to":{"line":4,"ch":39,"sticky":null},"text":[""],"removed":["a"],"origin":"+delete"}
2019-3-20 15:32:08.498#keyHandled#"Backspace"
2019-3-20 15:32:08.531#change#{"from":{"line":4,"ch":37,"sticky":"after"},"to":{"line":4,"ch":38,"sticky":null},"text":[""],"removed":["t"],"origin":"+delete"}
2019-3-20 15:32:08.531#keyHandled#"Backspace"
2019-3-20 15:32:08.560#change#{"from":{"line":4,"ch":36,"sticky":"after"},"to":{"line":4,"ch":37,"sticky":null},"text":[""],"removed":["i"],"origin":"+delete"}
2019-3-20 15:32:08.560#keyHandled#"Backspace"
2019-3-20 15:32:08.589#change#{"from":{"line":4,"ch":35,"sticky":"after"},"to":{"line":4,"ch":36,"sticky":null},"text":[""],"removed":["n"],"origin":"+delete"}
2019-3-20 15:32:08.589#keyHandled#"Backspace"
2019-3-20 15:32:08.619#change#{"from":{"line":4,"ch":34,"sticky":"after"},"to":{"line":4,"ch":35,"sticky":null},"text":[""],"removed":["u"],"origin":"+delete"}
2019-3-20 15:32:08.619#keyHandled#"Backspace"
2019-3-20 15:32:08.649#change#{"from":{"line":4,"ch":33,"sticky":"after"},"to":{"line":4,"ch":34,"sticky":null},"text":[""],"removed":[" "],"origin":"+delete"}
2019-3-20 15:32:08.649#keyHandled#"Backspace"
2019-3-20 15:32:08.680#change#{"from":{"line":4,"ch":32,"sticky":"after"},"to":{"line":4,"ch":33,"sticky":null},"text":[""],"removed":["r"],"origin":"+delete"}
2019-3-20 15:32:08.680#keyHandled#"Backspace"
2019-3-20 15:32:08.711#change#{"from":{"line":4,"ch":31,"sticky":"after"},"to":{"line":4,"ch":32,"sticky":null},"text":[""],"removed":["o"],"origin":"+delete"}
2019-3-20 15:32:08.711#keyHandled#"Backspace"
2019-3-20 15:32:08.741#change#{"from":{"line":4,"ch":30,"sticky":"after"},"to":{"line":4,"ch":31,"sticky":null},"text":[""],"removed":["l"],"origin":"+delete"}
2019-3-20 15:32:08.741#keyHandled#"Backspace"
2019-3-20 15:32:08.772#change#{"from":{"line":4,"ch":29,"sticky":"after"},"to":{"line":4,"ch":30,"sticky":null},"text":[""],"removed":["a"],"origin":"+delete"}
2019-3-20 15:32:08.772#keyHandled#"Backspace"
2019-3-20 15:32:08.859#change#{"from":{"line":4,"ch":28,"sticky":"after"},"to":{"line":4,"ch":29,"sticky":null},"text":[""],"removed":["v"],"origin":"+delete"}
2019-3-20 15:32:08.860#keyHandled#"Backspace"
2019-3-20 15:32:09.014#change#{"from":{"line":4,"ch":27,"sticky":"after"},"to":{"line":4,"ch":28,"sticky":null},"text":[""],"removed":[" "],"origin":"+delete"}
2019-3-20 15:32:09.014#keyHandled#"Backspace"
2019-3-20 15:32:09.181#change#{"from":{"line":4,"ch":26,"sticky":"after"},"to":{"line":4,"ch":27,"sticky":null},"text":[""],"removed":["o"],"origin":"+delete"}
2019-3-20 15:32:09.181#keyHandled#"Backspace"
2019-3-20 15:32:09.337#change#{"from":{"line":4,"ch":25,"sticky":"after"},"to":{"line":4,"ch":26,"sticky":null},"text":[""],"removed":[" "],"origin":"+delete"}
2019-3-20 15:32:09.337#keyHandled#"Backspace"
2019-3-20 15:32:09.507#change#{"from":{"line":4,"ch":24,"sticky":"after"},"to":{"line":4,"ch":25,"sticky":null},"text":[""],"removed":["l"],"origin":"+delete"}
2019-3-20 15:32:09.507#keyHandled#"Backspace"
2019-3-20 15:32:09.685#change#{"from":{"line":4,"ch":23,"sticky":"after"},"to":{"line":4,"ch":24,"sticky":null},"text":[""],"removed":["a"],"origin":"+delete"}
2019-3-20 15:32:09.685#keyHandled#"Backspace"
2019-3-20 15:32:09.882#change#{"from":{"line":4,"ch":22,"sticky":"after"},"to":{"line":4,"ch":23,"sticky":null},"text":[""],"removed":["u"],"origin":"+delete"}
2019-3-20 15:32:09.882#keyHandled#"Backspace"
2019-3-20 15:32:09.999#change#{"from":{"line":4,"ch":21,"sticky":"after"},"to":{"line":4,"ch":22,"sticky":null},"text":[""],"removed":["Q"],"origin":"+delete"}
2019-3-20 15:32:09.999#keyHandled#"Backspace"
2019-3-20 15:32:11.269#change#{"from":{"line":4,"ch":21,"sticky":null},"to":{"line":4,"ch":21,"sticky":null},"text":["9"],"removed":[""],"origin":"+input"}
2019-3-20 15:32:11.475#change#{"from":{"line":4,"ch":22,"sticky":null},"to":{"line":4,"ch":22,"sticky":null},"text":["9"],"removed":[""],"origin":"+input"}
2019-3-20 15:32:11.750#change#{"from":{"line":4,"ch":23,"sticky":null},"to":{"line":4,"ch":23,"sticky":null},"text":["."],"removed":[""],"origin":"+input"}
2019-3-20 15:32:12.176#change#{"from":{"line":4,"ch":24,"sticky":null},"to":{"line":4,"ch":24,"sticky":null},"text":["9"],"removed":[""],"origin":"+input"}
2019-3-20 15:32:12.295#change#{"from":{"line":4,"ch":25,"sticky":null},"to":{"line":4,"ch":25,"sticky":null},"text":["0"],"removed":[""],"origin":"+input"}
2019-3-20 15:32:14.278#mousedown#{"isTrusted":true}
2019-3-20 15:32:15.110#change#{"from":{"line":4,"ch":26,"sticky":"after"},"to":{"line":4,"ch":27,"sticky":"before","xRel":-2.26666259765625},"text":[""],"removed":[" "],"origin":"+delete"}
2019-3-20 15:32:15.110#keyHandled#"Backspace"
2019-3-20 15:32:16.873#mousedown#{"isTrusted":true}
2019-3-20 15:32:18.483#change#{"from":{"line":4,"ch":5,"sticky":"after"},"to":{"line":4,"ch":6,"sticky":"before","xRel":-3.26666259765625},"text":[""],"removed":[" "],"origin":"+delete"}
2019-3-20 15:32:18.483#keyHandled#"Backspace"
2019-3-20 15:32:18.681#change#{"from":{"line":4,"ch":4,"sticky":"after"},"to":{"line":4,"ch":5,"sticky":null},"text":[""],"removed":["?"],"origin":"+delete"}
2019-3-20 15:32:18.681#keyHandled#"Backspace"
2019-3-20 15:32:18.864#change#{"from":{"line":4,"ch":3,"sticky":"after"},"to":{"line":4,"ch":4,"sticky":null},"text":[""],"removed":["?"],"origin":"+delete"}
2019-3-20 15:32:18.864#keyHandled#"Backspace"
2019-3-20 15:32:19.327#change#{"from":{"line":4,"ch":2,"sticky":"after"},"to":{"line":4,"ch":3,"sticky":null},"text":[""],"removed":["?"],"origin":"+delete"}
2019-3-20 15:32:19.327#keyHandled#"Backspace"
2019-3-20 15:32:19.627#change#{"from":{"line":4,"ch":1,"sticky":"after"},"to":{"line":4,"ch":2,"sticky":null},"text":[""],"removed":["?"],"origin":"+delete"}
2019-3-20 15:32:19.627#keyHandled#"Backspace"
2019-3-20 15:32:19.940#change#{"from":{"line":4,"ch":0,"sticky":"after"},"to":{"line":4,"ch":1,"sticky":null},"text":[""],"removed":["?"],"origin":"+delete"}
2019-3-20 15:32:19.940#keyHandled#"Backspace"
2019-3-20 15:32:21.411#change#{"from":{"line":4,"ch":0,"sticky":null},"to":{"line":4,"ch":0,"sticky":null},"text":["v"],"removed":[""],"origin":"+input"}
2019-3-20 15:32:21.694#change#{"from":{"line":4,"ch":1,"sticky":null},"to":{"line":4,"ch":1,"sticky":null},"text":["a"],"removed":[""],"origin":"+input"}
2019-3-20 15:32:21.793#change#{"from":{"line":4,"ch":2,"sticky":null},"to":{"line":4,"ch":2,"sticky":null},"text":["l"],"removed":[""],"origin":"+input"}
2019-3-20 15:32:21.963#change#{"from":{"line":4,"ch":3,"sticky":null},"to":{"line":4,"ch":3,"sticky":null},"text":["o"],"removed":[""],"origin":"+input"}
2019-3-20 15:32:22.102#change#{"from":{"line":4,"ch":4,"sticky":null},"to":{"line":4,"ch":4,"sticky":null},"text":["r"],"removed":[""],"origin":"+input"}
2019-3-20 15:32:23.343#mousedown#{"isTrusted":true}
2019-3-20 15:32:24.863#change#{"from":{"line":7,"ch":12,"sticky":"after"},"to":{"line":7,"ch":13,"sticky":"before","xRel":5.73333740234375},"text":[""],"removed":["?"],"origin":"+delete"}
2019-3-20 15:32:24.863#keyHandled#"Backspace"
2019-3-20 15:32:25.050#change#{"from":{"line":7,"ch":11,"sticky":"after"},"to":{"line":7,"ch":12,"sticky":null},"text":[""],"removed":["?"],"origin":"+delete"}
2019-3-20 15:32:25.050#keyHandled#"Backspace"
2019-3-20 15:32:25.162#change#{"from":{"line":7,"ch":10,"sticky":"after"},"to":{"line":7,"ch":11,"sticky":null},"text":[""],"removed":["?"],"origin":"+delete"}
2019-3-20 15:32:25.162#keyHandled#"Backspace"
2019-3-20 15:32:25.297#change#{"from":{"line":7,"ch":9,"sticky":"after"},"to":{"line":7,"ch":10,"sticky":null},"text":[""],"removed":["?"],"origin":"+delete"}
2019-3-20 15:32:25.297#keyHandled#"Backspace"
2019-3-20 15:32:25.817#change#{"from":{"line":7,"ch":8,"sticky":"after"},"to":{"line":7,"ch":9,"sticky":null},"text":[""],"removed":["?"],"origin":"+delete"}
2019-3-20 15:32:25.817#keyHandled#"Backspace"
2019-3-20 15:32:27.215#change#{"from":{"line":7,"ch":8,"sticky":null},"to":{"line":7,"ch":8,"sticky":null},"text":["()"],"removed":[""],"origin":"+input"}
2019-3-20 15:32:27.215#keyHandled#"'('"
2019-3-20 15:32:28.105#change#{"from":{"line":7,"ch":9,"sticky":"after"},"to":{"line":7,"ch":9,"sticky":"after"},"text":["v"],"removed":[""],"origin":"+input"}
2019-3-20 15:32:28.325#change#{"from":{"line":7,"ch":10,"sticky":null},"to":{"line":7,"ch":10,"sticky":null},"text":["a"],"removed":[""],"origin":"+input"}
2019-3-20 15:32:28.412#change#{"from":{"line":7,"ch":11,"sticky":null},"to":{"line":7,"ch":11,"sticky":null},"text":["l"],"removed":[""],"origin":"+input"}
2019-3-20 15:32:28.574#change#{"from":{"line":7,"ch":12,"sticky":null},"to":{"line":7,"ch":12,"sticky":null},"text":["o"],"removed":[""],"origin":"+input"}
2019-3-20 15:32:28.692#change#{"from":{"line":7,"ch":13,"sticky":null},"to":{"line":7,"ch":13,"sticky":null},"text":["r"],"removed":[""],"origin":"+input"}
2019-3-20 15:32:31.052#change#{"from":{"line":7,"ch":14,"sticky":null},"to":{"line":7,"ch":14,"sticky":null},"text":["*"],"removed":[""],"origin":"+input"}
2019-3-20 15:32:31.878#change#{"from":{"line":7,"ch":15,"sticky":null},"to":{"line":7,"ch":15,"sticky":null},"text":["8"],"removed":[""],"origin":"+input"}
2019-3-20 15:32:37.079#change#{"from":{"line":7,"ch":16,"sticky":null},"to":{"line":7,"ch":16,"sticky":null},"text":["+"],"removed":[""],"origin":"+input"}
2019-3-20 15:32:38.678#change#{"from":{"line":7,"ch":17,"sticky":null},"to":{"line":7,"ch":17,"sticky":null},"text":["4"],"removed":[""],"origin":"+input"}
2019-3-20 15:32:38.754#change#{"from":{"line":7,"ch":18,"sticky":null},"to":{"line":7,"ch":18,"sticky":null},"text":["5"],"removed":[""],"origin":"+input"}
2019-3-20 15:32:41.447#mousedown#{"isTrusted":true}
2019-3-20 15:32:42.545#change#{"from":{"line":10,"ch":10,"sticky":"after"},"to":{"line":10,"ch":11,"sticky":"after","xRel":1.73333740234375},"text":[""],"removed":["?"],"origin":"+delete"}
2019-3-20 15:32:42.545#keyHandled#"Backspace"
2019-3-20 15:32:42.726#change#{"from":{"line":10,"ch":9,"sticky":"after"},"to":{"line":10,"ch":10,"sticky":null},"text":[""],"removed":["?"],"origin":"+delete"}
2019-3-20 15:32:42.726#keyHandled#"Backspace"
2019-3-20 15:32:42.890#change#{"from":{"line":10,"ch":8,"sticky":"after"},"to":{"line":10,"ch":9,"sticky":null},"text":[""],"removed":["?"],"origin":"+delete"}
2019-3-20 15:32:42.890#keyHandled#"Backspace"
2019-3-20 15:32:43.045#change#{"from":{"line":10,"ch":7,"sticky":"after"},"to":{"line":10,"ch":8,"sticky":null},"text":[""],"removed":["?"],"origin":"+delete"}
2019-3-20 15:32:43.045#keyHandled#"Backspace"
2019-3-20 15:32:43.189#change#{"from":{"line":10,"ch":6,"sticky":"after"},"to":{"line":10,"ch":7,"sticky":null},"text":[""],"removed":["?"],"origin":"+delete"}
2019-3-20 15:32:43.189#keyHandled#"Backspace"
2019-3-20 15:32:45.675#change#{"from":{"line":10,"ch":6,"sticky":null},"to":{"line":10,"ch":6,"sticky":null},"text":["t"],"removed":[""],"origin":"+input"}
2019-3-20 15:32:45.855#change#{"from":{"line":10,"ch":7,"sticky":null},"to":{"line":10,"ch":7,"sticky":null},"text":["o"],"removed":[""],"origin":"+input"}
2019-3-20 15:32:46.062#change#{"from":{"line":10,"ch":8,"sticky":null},"to":{"line":10,"ch":8,"sticky":null},"text":["t"],"removed":[""],"origin":"+input"}
2019-3-20 15:32:46.357#change#{"from":{"line":10,"ch":9,"sticky":null},"to":{"line":10,"ch":9,"sticky":null},"text":["a"],"removed":[""],"origin":"+input"}
2019-3-20 15:32:46.524#change#{"from":{"line":10,"ch":10,"sticky":null},"to":{"line":10,"ch":10,"sticky":null},"text":["l"],"removed":[""],"origin":"+input"}
2019-3-20 15:32:52.643#saida_testar#$ python3 main.py
2019-3-20 15:32:56.668#mousedown#{"isTrusted":true}
2019-3-20 15:33:01.514#change#{"from":{"line":7,"ch":14,"sticky":"before","xRel":-0.26666259765625},"to":{"line":7,"ch":14,"sticky":"before","xRel":-0.26666259765625},"text":[" "],"removed":[""],"origin":"+input"}
2019-3-20 15:33:05.082#mousedown#{"isTrusted":true}
2019-3-20 15:33:05.287#change#{"from":{"line":7,"ch":9,"sticky":"before","xRel":-0.26666259765625},"to":{"line":7,"ch":9,"sticky":"before","xRel":-0.26666259765625},"text":[" "],"removed":[""],"origin":"+input"}
2019-3-20 15:33:09.261#mousedown#{"isTrusted":true}
2019-3-20 15:33:10.774#mousedown#{"isTrusted":true}
2019-3-20 15:33:11.564#change#{"from":{"line":7,"ch":20,"sticky":"after"},"to":{"line":7,"ch":21,"sticky":"before","xRel":-1.26666259765625},"text":[""],"removed":["5"],"origin":"+delete"}
2019-3-20 15:33:11.565#keyHandled#"Backspace"
2019-3-20 15:33:11.785#change#{"from":{"line":7,"ch":19,"sticky":"after"},"to":{"line":7,"ch":20,"sticky":null},"text":[""],"removed":["4"],"origin":"+delete"}
2019-3-20 15:33:11.785#keyHandled#"Backspace"
2019-3-20 15:33:12.205#change#{"from":{"line":7,"ch":18,"sticky":"after"},"to":{"line":7,"ch":19,"sticky":null},"text":[""],"removed":["+"],"origin":"+delete"}
2019-3-20 15:33:12.205#keyHandled#"Backspace"
2019-3-20 15:33:13.433#mousedown#{"isTrusted":true}
2019-3-20 15:33:14.653#keyHandled#"Right"
2019-3-20 15:33:16.299#mousedown#{"isTrusted":true}
2019-3-20 15:33:17.963#change#{"from":{"line":7,"ch":19,"sticky":"before","xRel":4.73333740234375},"to":{"line":7,"ch":19,"sticky":"before","xRel":4.73333740234375},"text":["+"],"removed":[""],"origin":"+input"}
2019-3-20 15:33:18.470#change#{"from":{"line":7,"ch":20,"sticky":null},"to":{"line":7,"ch":20,"sticky":null},"text":["4"],"removed":[""],"origin":"+input"}
2019-3-20 15:33:18.532#change#{"from":{"line":7,"ch":21,"sticky":null},"to":{"line":7,"ch":21,"sticky":null},"text":["5"],"removed":[""],"origin":"+input"}
2019-3-20 15:33:18.470#change#{"from":{"line":7,"ch":20,"sticky":null},"to":{"line":7,"ch":20,"sticky":null},"text":["4"],"removed":[""],"origin":"+input"}
2019-3-20 15:33:18.532#change#{"from":{"line":7,"ch":21,"sticky":null},"to":{"line":7,"ch":21,"sticky":null},"text":["5"],"removed":[""],"origin":"+input"}
2019-3-20 15:33:23.185#submit#Congratulations, your code is correct!
2019-3-20 15:33:23.293#saida_testar#$ python3 main.py
