2019-5-15 00:27:35.243#viewportChange#0
2019-5-15 01:44:25.614#mousedown#{"isTrusted":true}
2019-5-15 01:44:25.616#focus#
2019-5-15 01:44:28.014#change#{"from":{"line":0,"ch":0,"sticky":null},"to":{"line":0,"ch":0,"sticky":null},"text":["P"],"removed":[""],"origin":"+input"}
2019-5-15 01:44:28.354#change#{"from":{"line":0,"ch":1,"sticky":null},"to":{"line":0,"ch":1,"sticky":null},"text":["I"],"removed":[""],"origin":"+input"}
2019-5-15 01:44:28.822#change#{"from":{"line":0,"ch":2,"sticky":null},"to":{"line":0,"ch":2,"sticky":null},"text":["R"],"removed":[""],"origin":"+input"}
2019-5-15 01:44:29.005#change#{"from":{"line":0,"ch":3,"sticky":null},"to":{"line":0,"ch":3,"sticky":null},"text":["A"],"removed":[""],"origin":"+input"}
2019-5-15 01:44:30.160#change#{"from":{"line":0,"ch":3,"sticky":"after"},"to":{"line":0,"ch":4,"sticky":null},"text":[""],"removed":["A"],"origin":"+delete"}
2019-5-15 01:44:30.160#keyHandled#"Backspace"
2019-5-15 01:44:30.398#change#{"from":{"line":0,"ch":2,"sticky":"after"},"to":{"line":0,"ch":3,"sticky":null},"text":[""],"removed":["R"],"origin":"+delete"}
2019-5-15 01:44:30.398#keyHandled#"Backspace"
2019-5-15 01:44:30.563#change#{"from":{"line":0,"ch":1,"sticky":"after"},"to":{"line":0,"ch":2,"sticky":null},"text":[""],"removed":["I"],"origin":"+delete"}
2019-5-15 01:44:30.564#keyHandled#"Backspace"
2019-5-15 01:44:30.720#change#{"from":{"line":0,"ch":0,"sticky":"after"},"to":{"line":0,"ch":1,"sticky":null},"text":[""],"removed":["P"],"origin":"+delete"}
2019-5-15 01:44:30.721#keyHandled#"Backspace"
2019-5-15 01:44:31.517#change#{"from":{"line":0,"ch":0,"sticky":null},"to":{"line":0,"ch":0,"sticky":null},"text":["p"],"removed":[""],"origin":"+input"}
2019-5-15 01:44:31.798#change#{"from":{"line":0,"ch":1,"sticky":null},"to":{"line":0,"ch":1,"sticky":null},"text":["i"],"removed":[""],"origin":"+input"}
2019-5-15 01:44:32.312#change#{"from":{"line":0,"ch":2,"sticky":null},"to":{"line":0,"ch":2,"sticky":null},"text":["r"],"removed":[""],"origin":"+input"}
2019-5-15 01:44:32.451#change#{"from":{"line":0,"ch":3,"sticky":null},"to":{"line":0,"ch":3,"sticky":null},"text":["a"],"removed":[""],"origin":"+input"}
2019-5-15 01:44:32.813#change#{"from":{"line":0,"ch":4,"sticky":null},"to":{"line":0,"ch":4,"sticky":null},"text":[" "],"removed":[""],"origin":"+input"}
2019-5-15 01:44:33.247#change#{"from":{"line":0,"ch":5,"sticky":null},"to":{"line":0,"ch":5,"sticky":null},"text":["="],"removed":[""],"origin":"+input"}
2019-5-15 01:44:33.363#change#{"from":{"line":0,"ch":6,"sticky":null},"to":{"line":0,"ch":6,"sticky":null},"text":[" "],"removed":[""],"origin":"+input"}
2019-5-15 01:44:35.644#change#{"from":{"line":0,"ch":7,"sticky":null},"to":{"line":0,"ch":7,"sticky":null},"text":["i"],"removed":[""],"origin":"+input"}
2019-5-15 01:44:35.856#change#{"from":{"line":0,"ch":8,"sticky":null},"to":{"line":0,"ch":8,"sticky":null},"text":["n"],"removed":[""],"origin":"+input"}
2019-5-15 01:44:36.139#change#{"from":{"line":0,"ch":9,"sticky":null},"to":{"line":0,"ch":9,"sticky":null},"text":["t"],"removed":[""],"origin":"+input"}
2019-5-15 01:44:37.271#change#{"from":{"line":0,"ch":10,"sticky":null},"to":{"line":0,"ch":10,"sticky":null},"text":["()"],"removed":[""],"origin":"+input"}
2019-5-15 01:44:37.271#keyHandled#"'('"
2019-5-15 01:44:37.285#change#{"from":{"line":0,"ch":11,"sticky":"after"},"to":{"line":0,"ch":11,"sticky":"after"},"text":["0"],"removed":[""],"origin":"+input"}
2019-5-15 01:44:37.795#change#{"from":{"line":0,"ch":12,"sticky":null},"to":{"line":0,"ch":12,"sticky":null},"text":["f"],"removed":[""],"origin":"+input"}
2019-5-15 01:44:38.301#change#{"from":{"line":0,"ch":12,"sticky":"after"},"to":{"line":0,"ch":13,"sticky":null},"text":[""],"removed":["f"],"origin":"+delete"}
2019-5-15 01:44:38.301#keyHandled#"Backspace"
2019-5-15 01:44:38.461#change#{"from":{"line":0,"ch":11,"sticky":"after"},"to":{"line":0,"ch":12,"sticky":null},"text":[""],"removed":["0"],"origin":"+delete"}
2019-5-15 01:44:38.461#keyHandled#"Backspace"
2019-5-15 01:44:38.667#change#{"from":{"line":0,"ch":11,"sticky":null},"to":{"line":0,"ch":11,"sticky":null},"text":["f"],"removed":[""],"origin":"+input"}
2019-5-15 01:44:39.351#change#{"from":{"line":0,"ch":12,"sticky":null},"to":{"line":0,"ch":12,"sticky":null},"text":["l"],"removed":[""],"origin":"+input"}
2019-5-15 01:44:39.541#change#{"from":{"line":0,"ch":13,"sticky":null},"to":{"line":0,"ch":13,"sticky":null},"text":["o"],"removed":[""],"origin":"+input"}
2019-5-15 01:44:39.896#change#{"from":{"line":0,"ch":14,"sticky":null},"to":{"line":0,"ch":14,"sticky":null},"text":["a"],"removed":[""],"origin":"+input"}
2019-5-15 01:44:40.109#change#{"from":{"line":0,"ch":15,"sticky":null},"to":{"line":0,"ch":15,"sticky":null},"text":["t"],"removed":[""],"origin":"+input"}
2019-5-15 01:44:40.511#change#{"from":{"line":0,"ch":15,"sticky":"after"},"to":{"line":0,"ch":16,"sticky":null},"text":[""],"removed":["t"],"origin":"+delete"}
2019-5-15 01:44:40.511#keyHandled#"Backspace"
2019-5-15 01:44:40.704#change#{"from":{"line":0,"ch":14,"sticky":"after"},"to":{"line":0,"ch":15,"sticky":null},"text":[""],"removed":["a"],"origin":"+delete"}
2019-5-15 01:44:40.704#keyHandled#"Backspace"
2019-5-15 01:44:40.857#change#{"from":{"line":0,"ch":13,"sticky":"after"},"to":{"line":0,"ch":14,"sticky":null},"text":[""],"removed":["o"],"origin":"+delete"}
2019-5-15 01:44:40.857#keyHandled#"Backspace"
2019-5-15 01:44:41.003#change#{"from":{"line":0,"ch":12,"sticky":"after"},"to":{"line":0,"ch":13,"sticky":null},"text":[""],"removed":["l"],"origin":"+delete"}
2019-5-15 01:44:41.003#keyHandled#"Backspace"
2019-5-15 01:44:41.148#change#{"from":{"line":0,"ch":11,"sticky":"after"},"to":{"line":0,"ch":12,"sticky":null},"text":[""],"removed":["f"],"origin":"+delete"}
2019-5-15 01:44:41.148#keyHandled#"Backspace"
2019-5-15 01:44:41.936#change#{"from":{"line":0,"ch":11,"sticky":null},"to":{"line":0,"ch":11,"sticky":null},"text":["i"],"removed":[""],"origin":"+input"}
2019-5-15 01:44:42.131#change#{"from":{"line":0,"ch":12,"sticky":null},"to":{"line":0,"ch":12,"sticky":null},"text":["n"],"removed":[""],"origin":"+input"}
2019-5-15 01:44:42.428#change#{"from":{"line":0,"ch":13,"sticky":null},"to":{"line":0,"ch":13,"sticky":null},"text":["p"],"removed":[""],"origin":"+input"}
2019-5-15 01:44:42.728#change#{"from":{"line":0,"ch":14,"sticky":null},"to":{"line":0,"ch":14,"sticky":null},"text":["u"],"removed":[""],"origin":"+input"}
2019-5-15 01:44:42.991#change#{"from":{"line":0,"ch":15,"sticky":null},"to":{"line":0,"ch":15,"sticky":null},"text":["t"],"removed":[""],"origin":"+input"}
2019-5-15 01:44:44.022#change#{"from":{"line":0,"ch":16,"sticky":null},"to":{"line":0,"ch":16,"sticky":null},"text":["9"],"removed":[""],"origin":"+input"}
2019-5-15 01:44:44.702#change#{"from":{"line":0,"ch":17,"sticky":null},"to":{"line":0,"ch":17,"sticky":null},"text":["\"\""],"removed":[""],"origin":"+input"}
2019-5-15 01:44:44.702#keyHandled#"'\"'"
2019-5-15 01:44:45.389#change#{"from":{"line":0,"ch":17,"sticky":null},"to":{"line":0,"ch":19,"sticky":null},"text":[""],"removed":["\"\""],"origin":"+delete"}
2019-5-15 01:44:45.389#keyHandled#"Backspace"
2019-5-15 01:44:45.569#change#{"from":{"line":0,"ch":16,"sticky":"after"},"to":{"line":0,"ch":17,"sticky":null},"text":[""],"removed":["9"],"origin":"+delete"}
2019-5-15 01:44:45.569#keyHandled#"Backspace"
2019-5-15 01:44:46.223#change#{"from":{"line":0,"ch":16,"sticky":null},"to":{"line":0,"ch":16,"sticky":null},"text":["\"\""],"removed":[""],"origin":"+input"}
2019-5-15 01:44:46.223#keyHandled#"'\"'"
2019-5-15 01:44:46.802#change#{"from":{"line":0,"ch":16,"sticky":null},"to":{"line":0,"ch":18,"sticky":null},"text":[""],"removed":["\"\""],"origin":"+delete"}
2019-5-15 01:44:46.802#keyHandled#"Backspace"
2019-5-15 01:44:47.692#change#{"from":{"line":0,"ch":16,"sticky":null},"to":{"line":0,"ch":16,"sticky":null},"text":["()"],"removed":[""],"origin":"+input"}
2019-5-15 01:44:47.692#keyHandled#"'('"
2019-5-15 01:44:48.595#change#{"from":{"line":0,"ch":17,"sticky":"after"},"to":{"line":0,"ch":17,"sticky":"after"},"text":["\"\""],"removed":[""],"origin":"+input"}
2019-5-15 01:44:48.595#keyHandled#"'\"'"
2019-5-15 01:44:50.432#change#{"from":{"line":0,"ch":18,"sticky":"after"},"to":{"line":0,"ch":18,"sticky":"after"},"text":["q"],"removed":[""],"origin":"+input"}
2019-5-15 01:44:50.687#change#{"from":{"line":0,"ch":19,"sticky":null},"to":{"line":0,"ch":19,"sticky":null},"text":["u"],"removed":[""],"origin":"+input"}
2019-5-15 01:44:50.811#change#{"from":{"line":0,"ch":20,"sticky":null},"to":{"line":0,"ch":20,"sticky":null},"text":["a"],"removed":[""],"origin":"+input"}
2019-5-15 01:44:50.963#change#{"from":{"line":0,"ch":21,"sticky":null},"to":{"line":0,"ch":21,"sticky":null},"text":["n"],"removed":[""],"origin":"+input"}
2019-5-15 01:44:51.250#change#{"from":{"line":0,"ch":22,"sticky":null},"to":{"line":0,"ch":22,"sticky":null},"text":["t"],"removed":[""],"origin":"+input"}
2019-5-15 01:44:51.817#change#{"from":{"line":0,"ch":22,"sticky":"after"},"to":{"line":0,"ch":23,"sticky":null},"text":[""],"removed":["t"],"origin":"+delete"}
2019-5-15 01:44:51.817#keyHandled#"Backspace"
2019-5-15 01:44:52.125#change#{"from":{"line":0,"ch":21,"sticky":"after"},"to":{"line":0,"ch":22,"sticky":null},"text":[""],"removed":["n"],"origin":"+delete"}
2019-5-15 01:44:52.125#keyHandled#"Backspace"
2019-5-15 01:44:52.923#change#{"from":{"line":0,"ch":20,"sticky":"after"},"to":{"line":0,"ch":21,"sticky":null},"text":[""],"removed":["a"],"origin":"+delete"}
2019-5-15 01:44:52.924#keyHandled#"Backspace"
2019-5-15 01:44:53.601#change#{"from":{"line":0,"ch":19,"sticky":"after"},"to":{"line":0,"ch":20,"sticky":null},"text":[""],"removed":["u"],"origin":"+delete"}
2019-5-15 01:44:53.601#keyHandled#"Backspace"
2019-5-15 01:44:54.420#change#{"from":{"line":0,"ch":19,"sticky":null},"to":{"line":0,"ch":19,"sticky":null},"text":["t"],"removed":[""],"origin":"+input"}
2019-5-15 01:44:54.743#change#{"from":{"line":0,"ch":20,"sticky":null},"to":{"line":0,"ch":20,"sticky":null},"text":["d"],"removed":[""],"origin":"+input"}
2019-5-15 01:44:55.298#change#{"from":{"line":0,"ch":21,"sticky":null},"to":{"line":0,"ch":21,"sticky":null},"text":["e"],"removed":[""],"origin":"+input"}
2019-5-15 01:44:56.443#change#{"from":{"line":0,"ch":22,"sticky":null},"to":{"line":0,"ch":22,"sticky":null},"text":["."],"removed":[""],"origin":"+input"}
2019-5-15 01:44:56.763#change#{"from":{"line":0,"ch":23,"sticky":null},"to":{"line":0,"ch":23,"sticky":null},"text":[" "],"removed":[""],"origin":"+input"}
2019-5-15 01:44:58.204#change#{"from":{"line":0,"ch":24,"sticky":null},"to":{"line":0,"ch":24,"sticky":null},"text":["i"],"removed":[""],"origin":"+input"}
2019-5-15 01:44:58.455#change#{"from":{"line":0,"ch":25,"sticky":null},"to":{"line":0,"ch":25,"sticky":null},"text":["n"],"removed":[""],"origin":"+input"}
2019-5-15 01:44:58.730#change#{"from":{"line":0,"ch":26,"sticky":null},"to":{"line":0,"ch":26,"sticky":null},"text":["i"],"removed":[""],"origin":"+input"}
2019-5-15 01:44:58.949#change#{"from":{"line":0,"ch":27,"sticky":null},"to":{"line":0,"ch":27,"sticky":null},"text":["c"],"removed":[""],"origin":"+input"}
2019-5-15 01:44:59.058#change#{"from":{"line":0,"ch":28,"sticky":null},"to":{"line":0,"ch":28,"sticky":null},"text":["i"],"removed":[""],"origin":"+input"}
2019-5-15 01:44:59.058#change#{"from":{"line":0,"ch":28,"sticky":null},"to":{"line":0,"ch":28,"sticky":null},"text":["i"],"removed":[""],"origin":"+input"}
2019-5-15 01:44:59.271#change#{"from":{"line":0,"ch":29,"sticky":null},"to":{"line":0,"ch":29,"sticky":null},"text":["a"],"removed":[""],"origin":"+input"}
2019-5-15 01:44:59.431#change#{"from":{"line":0,"ch":30,"sticky":null},"to":{"line":0,"ch":30,"sticky":null},"text":["l"],"removed":[""],"origin":"+input"}
2019-5-15 01:45:00.151#keyHandled#"Down"
2019-5-15 01:45:00.413#keyHandled#"Right"
2019-5-15 01:45:00.601#keyHandled#"Right"
2019-5-15 01:45:01.480#change#{"from":{"line":0,"ch":34,"sticky":null,"xRel":1,"outside":true,"hitSide":true},"to":{"line":0,"ch":34,"sticky":null,"xRel":1,"outside":true,"hitSide":true},"text":["",""],"removed":[""],"origin":"+input"}
2019-5-15 01:45:01.480#keyHandled#"Enter"
2019-5-15 01:45:01.484#viewportChange#0
2019-5-15 01:45:05.448#change#{"from":{"line":1,"ch":0,"sticky":null},"to":{"line":1,"ch":0,"sticky":null},"text":["c"],"removed":[""],"origin":"+input"}
2019-5-15 01:45:05.652#change#{"from":{"line":1,"ch":1,"sticky":null},"to":{"line":1,"ch":1,"sticky":null},"text":["r"],"removed":[""],"origin":"+input"}
2019-5-15 01:45:05.814#change#{"from":{"line":1,"ch":2,"sticky":null},"to":{"line":1,"ch":2,"sticky":null},"text":["e"],"removed":[""],"origin":"+input"}
2019-5-15 01:45:06.057#change#{"from":{"line":1,"ch":3,"sticky":null},"to":{"line":1,"ch":3,"sticky":null},"text":["s"],"removed":[""],"origin":"+input"}
2019-5-15 01:45:07.145#change#{"from":{"line":1,"ch":4,"sticky":null},"to":{"line":1,"ch":4,"sticky":null},"text":["c"],"removed":[""],"origin":"+input"}
2019-5-15 01:45:07.726#change#{"from":{"line":1,"ch":5,"sticky":null},"to":{"line":1,"ch":5,"sticky":null},"text":[" "],"removed":[""],"origin":"+input"}
2019-5-15 01:45:08.306#change#{"from":{"line":1,"ch":6,"sticky":null},"to":{"line":1,"ch":6,"sticky":null},"text":["="],"removed":[""],"origin":"+input"}
2019-5-15 01:45:08.453#change#{"from":{"line":1,"ch":7,"sticky":null},"to":{"line":1,"ch":7,"sticky":null},"text":[" "],"removed":[""],"origin":"+input"}
2019-5-15 01:45:22.806#change#{"from":{"line":1,"ch":30,"sticky":null},"to":{"line":1,"ch":30,"sticky":null},"text":[":"],"removed":[""],"origin":"+input"}
2019-5-15 01:45:23.105#change#{"from":{"line":1,"ch":31,"sticky":null},"to":{"line":1,"ch":31,"sticky":null},"text":[" "],"removed":[""],"origin":"+input"}
2019-5-15 01:45:23.984#keyHandled#"Up"
2019-5-15 01:45:24.378#keyHandled#"Left"
2019-5-15 01:45:25.699#change#{"from":{"line":0,"ch":31,"sticky":"after"},"to":{"line":0,"ch":31,"sticky":"after"},"text":[":"],"removed":[""],"origin":"+input"}
2019-5-15 01:45:26.061#change#{"from":{"line":0,"ch":32,"sticky":null},"to":{"line":0,"ch":32,"sticky":null},"text":[" "],"removed":[""],"origin":"+input"}
2019-5-15 01:45:26.814#keyHandled#"Down"
2019-5-15 01:45:27.505#keyHandled#"Right"
2019-5-15 01:45:27.922#keyHandled#"Right"
2019-5-15 01:45:29.075#change#{"from":{"line":1,"ch":35,"sticky":"before"},"to":{"line":1,"ch":35,"sticky":"before"},"text":["/"],"removed":[""],"origin":"+input"}
2019-5-15 01:45:30.453#change#{"from":{"line":1,"ch":37,"sticky":null},"to":{"line":1,"ch":37,"sticky":null},"text":["0"],"removed":[""],"origin":"+input"}
2019-5-15 01:45:30.660#change#{"from":{"line":1,"ch":38,"sticky":null},"to":{"line":1,"ch":38,"sticky":null},"text":["0"],"removed":[""],"origin":"+input"}
2019-5-15 01:45:31.373#change#{"from":{"line":1,"ch":39,"sticky":null},"to":{"line":1,"ch":39,"sticky":null},"text":["",""],"removed":[""],"origin":"+input"}
2019-5-15 01:45:31.373#keyHandled#"Enter"
2019-5-15 01:45:31.377#viewportChange#0
2019-5-15 01:45:31.373#change#{"from":{"line":1,"ch":39,"sticky":null},"to":{"line":1,"ch":39,"sticky":null},"text":["",""],"removed":[""],"origin":"+input"}
2019-5-15 01:45:31.373#keyHandled#"Enter"
2019-5-15 01:45:31.377#viewportChange#0
2019-5-15 01:46:30.184#blur#
2019-5-15 01:47:00.660#focus#
2019-5-15 01:47:03.801#change#{"from":{"line":1,"ch":0,"sticky":"after","xRel":0},"to":{"line":1,"ch":0,"sticky":"after","xRel":0},"text":["",""],"removed":[""],"origin":"+input"}
2019-5-15 01:47:03.801#keyHandled#"Enter"
2019-5-15 01:47:03.805#viewportChange#0
2019-5-15 01:47:05.238#keyHandled#"Up"
2019-5-15 01:47:05.993#change#{"from":{"line":1,"ch":0,"sticky":"after","xRel":0},"to":{"line":2,"ch":0,"sticky":"after"},"text":[""],"removed":["",""],"origin":"+delete"}
2019-5-15 01:47:05.993#keyHandled#"Delete"
2019-5-15 01:47:05.997#viewportChange#0
2019-5-15 01:47:06.647#keyHandled#"Down"
2019-5-15 01:47:06.688#keyHandled#"Up"
2019-5-15 01:47:07.094#keyHandled#"Down"
2019-5-15 01:47:28.632#change#{"from":{"line":2,"ch":0,"sticky":"after","xRel":0},"to":{"line":2,"ch":0,"sticky":"after","xRel":0},"text":["",""],"removed":[""],"origin":"+input"}
2019-5-15 01:47:28.632#keyHandled#"Enter"
2019-5-15 01:47:28.635#viewportChange#0
2019-5-15 01:47:29.938#change#{"from":{"line":2,"ch":0,"sticky":"before"},"to":{"line":3,"ch":0,"sticky":null},"text":[""],"removed":["",""],"origin":"+delete"}
2019-5-15 01:47:29.938#keyHandled#"Backspace"
2019-5-15 01:47:29.943#viewportChange#0
2019-5-15 01:47:31.567#change#{"from":{"line":2,"ch":0,"sticky":null},"to":{"line":2,"ch":0,"sticky":null},"text":["c"],"removed":[""],"origin":"+input"}
2019-5-15 01:47:31.759#change#{"from":{"line":2,"ch":1,"sticky":null},"to":{"line":2,"ch":1,"sticky":null},"text":["o"],"removed":[""],"origin":"+input"}
2019-5-15 01:47:31.989#change#{"from":{"line":2,"ch":2,"sticky":null},"to":{"line":2,"ch":2,"sticky":null},"text":["n"],"removed":[""],"origin":"+input"}
2019-5-15 01:47:32.328#change#{"from":{"line":2,"ch":3,"sticky":null},"to":{"line":2,"ch":3,"sticky":null},"text":["t"],"removed":[""],"origin":"+input"}
2019-5-15 01:47:32.872#change#{"from":{"line":2,"ch":4,"sticky":null},"to":{"line":2,"ch":4,"sticky":null},"text":[" "],"removed":[""],"origin":"+input"}
2019-5-15 01:47:33.150#change#{"from":{"line":2,"ch":5,"sticky":null},"to":{"line":2,"ch":5,"sticky":null},"text":["="],"removed":[""],"origin":"+input"}
2019-5-15 01:47:33.249#change#{"from":{"line":2,"ch":6,"sticky":null},"to":{"line":2,"ch":6,"sticky":null},"text":[" "],"removed":[""],"origin":"+input"}
2019-5-15 01:47:34.055#change#{"from":{"line":2,"ch":7,"sticky":null},"to":{"line":2,"ch":7,"sticky":null},"text":["0"],"removed":[""],"origin":"+input"}
2019-5-15 01:47:34.923#keyHandled#"Down"
2019-5-15 01:47:35.839#change#{"from":{"line":2,"ch":8,"sticky":null},"to":{"line":2,"ch":8,"sticky":null},"text":["",""],"removed":[""],"origin":"+input"}
2019-5-15 01:47:35.839#keyHandled#"Enter"
2019-5-15 01:47:35.843#viewportChange#0
2019-5-15 01:48:16.002#change#{"from":{"line":3,"ch":0,"sticky":null},"to":{"line":3,"ch":0,"sticky":null},"text":["w"],"removed":[""],"origin":"+input"}
2019-5-15 01:48:16.429#change#{"from":{"line":3,"ch":1,"sticky":null},"to":{"line":3,"ch":1,"sticky":null},"text":["h"],"removed":[""],"origin":"+input"}
2019-5-15 01:48:16.712#change#{"from":{"line":3,"ch":2,"sticky":null},"to":{"line":3,"ch":2,"sticky":null},"text":["i"],"removed":[""],"origin":"+input"}
2019-5-15 01:48:17.025#change#{"from":{"line":3,"ch":3,"sticky":null},"to":{"line":3,"ch":3,"sticky":null},"text":["l"],"removed":[""],"origin":"+input"}
2019-5-15 01:48:17.281#change#{"from":{"line":3,"ch":4,"sticky":null},"to":{"line":3,"ch":4,"sticky":null},"text":["e"],"removed":[""],"origin":"+input"}
2019-5-15 01:48:17.749#change#{"from":{"line":3,"ch":5,"sticky":null},"to":{"line":3,"ch":5,"sticky":null},"text":[" "],"removed":[""],"origin":"+input"}
2019-5-15 01:48:18.548#change#{"from":{"line":3,"ch":5,"sticky":"after"},"to":{"line":3,"ch":6,"sticky":null},"text":[""],"removed":[" "],"origin":"+delete"}
2019-5-15 01:48:18.548#keyHandled#"Backspace"
2019-5-15 01:48:23.878#change#{"from":{"line":3,"ch":6,"sticky":"after"},"to":{"line":3,"ch":6,"sticky":"after"},"text":["p"],"removed":[""],"origin":"+input"}
2019-5-15 01:48:24.201#change#{"from":{"line":3,"ch":7,"sticky":null},"to":{"line":3,"ch":7,"sticky":null},"text":["i"],"removed":[""],"origin":"+input"}
2019-5-15 01:48:24.656#change#{"from":{"line":3,"ch":8,"sticky":null},"to":{"line":3,"ch":8,"sticky":null},"text":["r"],"removed":[""],"origin":"+input"}
2019-5-15 01:48:24.934#change#{"from":{"line":3,"ch":9,"sticky":null},"to":{"line":3,"ch":9,"sticky":null},"text":["a"],"removed":[""],"origin":"+input"}
2019-5-15 01:48:27.151#change#{"from":{"line":3,"ch":10,"sticky":null},"to":{"line":3,"ch":10,"sticky":null},"text":[">"],"removed":[""],"origin":"+input"}
2019-5-15 01:48:28.345#change#{"from":{"line":3,"ch":11,"sticky":null},"to":{"line":3,"ch":11,"sticky":null},"text":["o"],"removed":[""],"origin":"+input"}
2019-5-15 01:48:30.364#change#{"from":{"line":3,"ch":11,"sticky":null},"to":{"line":3,"ch":11,"sticky":null},"text":["0"],"removed":[""],"origin":"+input"}
2019-5-15 01:48:30.784#change#{"from":{"line":3,"ch":12,"sticky":null},"to":{"line":3,"ch":12,"sticky":null},"text":[" "],"removed":[""],"origin":"+input"}
2019-5-15 01:48:30.968#change#{"from":{"line":3,"ch":13,"sticky":null},"to":{"line":3,"ch":13,"sticky":null},"text":["a"],"removed":[""],"origin":"+input"}
2019-5-15 01:48:31.628#change#{"from":{"line":3,"ch":14,"sticky":null},"to":{"line":3,"ch":14,"sticky":null},"text":["n"],"removed":[""],"origin":"+input"}
2019-5-15 01:48:31.931#change#{"from":{"line":3,"ch":15,"sticky":null},"to":{"line":3,"ch":15,"sticky":null},"text":["d"],"removed":[""],"origin":"+input"}
2019-5-15 01:48:32.494#change#{"from":{"line":3,"ch":16,"sticky":null},"to":{"line":3,"ch":16,"sticky":null},"text":[" "],"removed":[""],"origin":"+input"}
2019-5-15 01:48:33.388#change#{"from":{"line":3,"ch":17,"sticky":null},"to":{"line":3,"ch":17,"sticky":null},"text":["p"],"removed":[""],"origin":"+input"}
2019-5-15 01:48:33.966#change#{"from":{"line":3,"ch":18,"sticky":null},"to":{"line":3,"ch":18,"sticky":null},"text":["i"],"removed":[""],"origin":"+input"}
2019-5-15 01:48:34.431#change#{"from":{"line":3,"ch":19,"sticky":null},"to":{"line":3,"ch":19,"sticky":null},"text":["r"],"removed":[""],"origin":"+input"}
2019-5-15 01:48:34.615#change#{"from":{"line":3,"ch":20,"sticky":null},"to":{"line":3,"ch":20,"sticky":null},"text":["a"],"removed":[""],"origin":"+input"}
2019-5-15 01:48:35.258#change#{"from":{"line":3,"ch":21,"sticky":null},"to":{"line":3,"ch":21,"sticky":null},"text":[" "],"removed":[""],"origin":"+input"}
2019-5-15 01:48:36.146#change#{"from":{"line":3,"ch":21,"sticky":"after"},"to":{"line":3,"ch":22,"sticky":null},"text":[""],"removed":[" "],"origin":"+delete"}
2019-5-15 01:48:36.146#keyHandled#"Backspace"
2019-5-15 01:48:37.135#change#{"from":{"line":3,"ch":21,"sticky":null},"to":{"line":3,"ch":21,"sticky":null},"text":["<"],"removed":[""],"origin":"+input"}
2019-5-15 01:48:38.857#change#{"from":{"line":3,"ch":22,"sticky":null},"to":{"line":3,"ch":22,"sticky":null},"text":["8"],"removed":[""],"origin":"+input"}
2019-5-15 01:48:39.635#change#{"from":{"line":3,"ch":23,"sticky":null},"to":{"line":3,"ch":23,"sticky":null},"text":["0"],"removed":[""],"origin":"+input"}
2019-5-15 01:48:39.994#change#{"from":{"line":3,"ch":24,"sticky":null},"to":{"line":3,"ch":24,"sticky":null},"text":["0"],"removed":[""],"origin":"+input"}
2019-5-15 01:48:40.340#change#{"from":{"line":3,"ch":25,"sticky":null},"to":{"line":3,"ch":25,"sticky":null},"text":["0"],"removed":[""],"origin":"+input"}
2019-5-15 01:48:41.414#keyHandled#"Right"
2019-5-15 01:48:42.309#change#{"from":{"line":3,"ch":27,"sticky":"before"},"to":{"line":3,"ch":27,"sticky":"before"},"text":[":"],"removed":[""],"origin":"+input"}
2019-5-15 01:48:42.933#keyHandled#"PageUp"
2019-5-15 01:48:44.429#keyHandled#"Down"
2019-5-15 01:48:44.600#keyHandled#"Down"
2019-5-15 01:48:44.824#keyHandled#"Down"
2019-5-15 01:48:45.551#change#{"from":{"line":3,"ch":28,"sticky":"before","xRel":0},"to":{"line":3,"ch":28,"sticky":"before","xRel":0},"text":["",""],"removed":[""],"origin":"+input"}
2019-5-15 01:48:45.551#change#{"from":{"line":4,"ch":0,"sticky":null},"to":{"line":4,"ch":0,"sticky":null},"text":["\t"],"removed":[""],"origin":"+input"}
2019-5-15 01:48:45.551#keyHandled#"Enter"
2019-5-15 01:48:45.558#viewportChange#0
2019-5-15 01:49:55.823#change#{"from":{"line":4,"ch":1,"sticky":null},"to":{"line":4,"ch":1,"sticky":null},"text":["r"],"removed":[""],"origin":"+input"}
2019-5-15 01:49:55.969#change#{"from":{"line":4,"ch":2,"sticky":null},"to":{"line":4,"ch":2,"sticky":null},"text":["e"],"removed":[""],"origin":"+input"}
2019-5-15 01:49:56.275#change#{"from":{"line":4,"ch":3,"sticky":null},"to":{"line":4,"ch":3,"sticky":null},"text":["t"],"removed":[""],"origin":"+input"}
2019-5-15 01:49:56.663#change#{"from":{"line":4,"ch":4,"sticky":null},"to":{"line":4,"ch":4,"sticky":null},"text":["i"],"removed":[""],"origin":"+input"}
2019-5-15 01:49:57.042#change#{"from":{"line":4,"ch":5,"sticky":null},"to":{"line":4,"ch":5,"sticky":null},"text":["r"],"removed":[""],"origin":"+input"}
2019-5-15 01:49:57.194#change#{"from":{"line":4,"ch":6,"sticky":null},"to":{"line":4,"ch":6,"sticky":null},"text":["a"],"removed":[""],"origin":"+input"}
2019-5-15 01:49:57.328#change#{"from":{"line":4,"ch":7,"sticky":null},"to":{"line":4,"ch":7,"sticky":null},"text":["d"],"removed":[""],"origin":"+input"}
2019-5-15 01:49:57.451#change#{"from":{"line":4,"ch":8,"sticky":null},"to":{"line":4,"ch":8,"sticky":null},"text":["a"],"removed":[""],"origin":"+input"}
2019-5-15 01:49:58.461#change#{"from":{"line":4,"ch":8,"sticky":"after"},"to":{"line":4,"ch":9,"sticky":null},"text":[""],"removed":["a"],"origin":"+delete"}
2019-5-15 01:49:58.461#keyHandled#"Backspace"
2019-5-15 01:49:58.652#change#{"from":{"line":4,"ch":7,"sticky":"after"},"to":{"line":4,"ch":8,"sticky":null},"text":[""],"removed":["d"],"origin":"+delete"}
2019-5-15 01:49:58.652#keyHandled#"Backspace"
2019-5-15 01:49:58.831#change#{"from":{"line":4,"ch":6,"sticky":"after"},"to":{"line":4,"ch":7,"sticky":null},"text":[""],"removed":["a"],"origin":"+delete"}
2019-5-15 01:49:58.831#keyHandled#"Backspace"
2019-5-15 01:49:59.929#change#{"from":{"line":4,"ch":4,"sticky":"after"},"to":{"line":4,"ch":5,"sticky":null},"text":[""],"removed":["i"],"origin":"+delete"}
2019-5-15 01:49:59.929#keyHandled#"Backspace"
2019-5-15 01:50:01.030#change#{"from":{"line":4,"ch":4,"sticky":null},"to":{"line":4,"ch":4,"sticky":null},"text":["="],"removed":[""],"origin":"+input"}
2019-5-15 01:50:06.436#change#{"from":{"line":4,"ch":5,"sticky":null},"to":{"line":4,"ch":5,"sticky":null},"text":["i"],"removed":[""],"origin":"+input"}
2019-5-15 01:50:06.677#change#{"from":{"line":4,"ch":6,"sticky":null},"to":{"line":4,"ch":6,"sticky":null},"text":["n"],"removed":[""],"origin":"+input"}
2019-5-15 01:50:06.954#change#{"from":{"line":4,"ch":7,"sticky":null},"to":{"line":4,"ch":7,"sticky":null},"text":["t"],"removed":[""],"origin":"+input"}
2019-5-15 01:50:08.268#change#{"from":{"line":4,"ch":8,"sticky":null},"to":{"line":4,"ch":8,"sticky":null},"text":["()"],"removed":[""],"origin":"+input"}
2019-5-15 01:50:08.268#keyHandled#"'('"
2019-5-15 01:50:09.135#change#{"from":{"line":4,"ch":9,"sticky":"after"},"to":{"line":4,"ch":9,"sticky":"after"},"text":["f"],"removed":[""],"origin":"+input"}
2019-5-15 01:50:09.561#change#{"from":{"line":4,"ch":11,"sticky":null},"to":{"line":4,"ch":11,"sticky":null},"text":["o"],"removed":[""],"origin":"+input"}
2019-5-15 01:50:09.652#change#{"from":{"line":4,"ch":12,"sticky":null},"to":{"line":4,"ch":12,"sticky":null},"text":["a"],"removed":[""],"origin":"+input"}
2019-5-15 01:50:10.718#change#{"from":{"line":4,"ch":13,"sticky":null},"to":{"line":4,"ch":13,"sticky":null},"text":["y"],"removed":[""],"origin":"+input"}
2019-5-15 01:50:11.537#change#{"from":{"line":4,"ch":13,"sticky":"after"},"to":{"line":4,"ch":14,"sticky":null},"text":[""],"removed":["y"],"origin":"+delete"}
2019-5-15 01:50:11.537#keyHandled#"Backspace"
2019-5-15 01:50:12.098#change#{"from":{"line":4,"ch":13,"sticky":null},"to":{"line":4,"ch":13,"sticky":null},"text":["t"],"removed":[""],"origin":"+input"}
2019-5-15 01:50:13.222#change#{"from":{"line":4,"ch":14,"sticky":null},"to":{"line":4,"ch":14,"sticky":null},"text":["()"],"removed":[""],"origin":"+input"}
2019-5-15 01:50:13.222#keyHandled#"'('"
2019-5-15 01:50:15.489#change#{"from":{"line":4,"ch":15,"sticky":"after"},"to":{"line":4,"ch":15,"sticky":"after"},"text":["\"\""],"removed":[""],"origin":"+input"}
2019-5-15 01:50:15.489#keyHandled#"'\"'"
2019-5-15 01:50:16.403#change#{"from":{"line":4,"ch":16,"sticky":"after"},"to":{"line":4,"ch":16,"sticky":"after"},"text":["r"],"removed":[""],"origin":"+input"}
2019-5-15 01:50:16.621#change#{"from":{"line":4,"ch":17,"sticky":null},"to":{"line":4,"ch":17,"sticky":null},"text":["e"],"removed":[""],"origin":"+input"}
2019-5-15 01:50:16.922#change#{"from":{"line":4,"ch":18,"sticky":null},"to":{"line":4,"ch":18,"sticky":null},"text":["t"],"removed":[""],"origin":"+input"}
2019-5-15 01:50:17.331#change#{"from":{"line":4,"ch":19,"sticky":null},"to":{"line":4,"ch":19,"sticky":null},"text":["i"],"removed":[""],"origin":"+input"}
2019-5-15 01:50:17.695#change#{"from":{"line":4,"ch":20,"sticky":null},"to":{"line":4,"ch":20,"sticky":null},"text":["r"],"removed":[""],"origin":"+input"}
2019-5-15 01:50:17.872#change#{"from":{"line":4,"ch":21,"sticky":null},"to":{"line":4,"ch":21,"sticky":null},"text":["a"],"removed":[""],"origin":"+input"}
2019-5-15 01:50:18.065#change#{"from":{"line":4,"ch":22,"sticky":null},"to":{"line":4,"ch":22,"sticky":null},"text":["d"],"removed":[""],"origin":"+input"}
2019-5-15 01:50:18.205#change#{"from":{"line":4,"ch":23,"sticky":null},"to":{"line":4,"ch":23,"sticky":null},"text":["a"],"removed":[""],"origin":"+input"}
2019-5-15 01:50:18.907#change#{"from":{"line":4,"ch":24,"sticky":null},"to":{"line":4,"ch":24,"sticky":null},"text":[" "],"removed":[""],"origin":"+input"}
2019-5-15 01:50:19.752#change#{"from":{"line":4,"ch":25,"sticky":null},"to":{"line":4,"ch":25,"sticky":null},"text":["m"],"removed":[""],"origin":"+input"}
2019-5-15 01:50:20.059#change#{"from":{"line":4,"ch":26,"sticky":null},"to":{"line":4,"ch":26,"sticky":null},"text":["e"],"removed":[""],"origin":"+input"}
2019-5-15 01:50:20.372#change#{"from":{"line":4,"ch":27,"sticky":null},"to":{"line":4,"ch":27,"sticky":null},"text":["n"],"removed":[""],"origin":"+input"}
2019-5-15 01:50:20.536#change#{"from":{"line":4,"ch":28,"sticky":null},"to":{"line":4,"ch":28,"sticky":null},"text":["s"],"removed":[""],"origin":"+input"}
2019-5-15 01:50:20.804#change#{"from":{"line":4,"ch":29,"sticky":null},"to":{"line":4,"ch":29,"sticky":null},"text":["a"],"removed":[""],"origin":"+input"}
2019-5-15 01:50:21.614#change#{"from":{"line":4,"ch":30,"sticky":null},"to":{"line":4,"ch":30,"sticky":null},"text":["l"],"removed":[""],"origin":"+input"}
2019-5-15 01:50:23.114#change#{"from":{"line":4,"ch":31,"sticky":null},"to":{"line":4,"ch":31,"sticky":null},"text":[":"],"removed":[""],"origin":"+input"}
2019-5-15 01:50:23.518#change#{"from":{"line":4,"ch":32,"sticky":null},"to":{"line":4,"ch":32,"sticky":null},"text":[" "],"removed":[""],"origin":"+input"}
2019-5-15 01:50:26.100#mousedown#{"isTrusted":true}
2019-5-15 01:50:28.707#change#{"from":{"line":4,"ch":36,"sticky":"before","xRel":19.109375},"to":{"line":4,"ch":36,"sticky":"before","xRel":19.109375},"text":["",""],"removed":[""],"origin":"+input"}
2019-5-15 01:50:28.707#change#{"from":{"line":5,"ch":0,"sticky":null},"to":{"line":5,"ch":0,"sticky":null},"text":["\t"],"removed":[""],"origin":"+input"}
2019-5-15 01:50:28.707#keyHandled#"Enter"
2019-5-15 01:50:28.711#viewportChange#0
2019-5-15 01:51:16.880#change#{"from":{"line":5,"ch":1,"sticky":null},"to":{"line":5,"ch":1,"sticky":null},"text":["i"],"removed":[""],"origin":"+input"}
2019-5-15 01:51:17.140#change#{"from":{"line":5,"ch":2,"sticky":null},"to":{"line":5,"ch":2,"sticky":null},"text":["f"],"removed":[""],"origin":"+input"}
2019-5-15 01:51:17.977#change#{"from":{"line":5,"ch":3,"sticky":null},"to":{"line":5,"ch":3,"sticky":null},"text":["()"],"removed":[""],"origin":"+input"}
2019-5-15 01:51:17.977#keyHandled#"'('"
2019-5-15 01:51:20.146#change#{"from":{"line":5,"ch":4,"sticky":"after"},"to":{"line":5,"ch":4,"sticky":"after"},"text":["p"],"removed":[""],"origin":"+input"}
2019-5-15 01:51:20.758#change#{"from":{"line":5,"ch":5,"sticky":null},"to":{"line":5,"ch":5,"sticky":null},"text":["i"],"removed":[""],"origin":"+input"}
2019-5-15 01:51:21.556#change#{"from":{"line":5,"ch":6,"sticky":null},"to":{"line":5,"ch":6,"sticky":null},"text":["r"],"removed":[""],"origin":"+input"}
2019-5-15 01:51:21.900#change#{"from":{"line":5,"ch":7,"sticky":null},"to":{"line":5,"ch":7,"sticky":null},"text":["a"],"removed":[""],"origin":"+input"}
2019-5-15 01:51:22.923#change#{"from":{"line":5,"ch":8,"sticky":null},"to":{"line":5,"ch":8,"sticky":null},"text":["="],"removed":[""],"origin":"+input"}
2019-5-15 01:51:23.170#change#{"from":{"line":5,"ch":9,"sticky":null},"to":{"line":5,"ch":9,"sticky":null},"text":["="],"removed":[""],"origin":"+input"}
2019-5-15 01:51:24.299#change#{"from":{"line":5,"ch":10,"sticky":null},"to":{"line":5,"ch":10,"sticky":null},"text":["0"],"removed":[""],"origin":"+input"}
2019-5-15 01:51:25.773#keyHandled#"Right"
2019-5-15 01:51:26.795#change#{"from":{"line":5,"ch":12,"sticky":"before"},"to":{"line":5,"ch":12,"sticky":"before"},"text":[":"],"removed":[""],"origin":"+input"}
2019-5-15 01:51:27.135#change#{"from":{"line":5,"ch":13,"sticky":null},"to":{"line":5,"ch":13,"sticky":null},"text":["",""],"removed":[""],"origin":"+input"}
2019-5-15 01:51:27.135#change#{"from":{"line":6,"ch":0,"sticky":null},"to":{"line":6,"ch":0,"sticky":null},"text":["\t\t"],"removed":[""],"origin":"+input"}
2019-5-15 01:51:27.135#keyHandled#"Enter"
2019-5-15 01:51:27.139#viewportChange#0
2019-5-15 01:51:28.061#change#{"from":{"line":6,"ch":2,"sticky":null},"to":{"line":6,"ch":2,"sticky":null},"text":["m"],"removed":[""],"origin":"+input"}
2019-5-15 01:51:28.245#change#{"from":{"line":6,"ch":3,"sticky":null},"to":{"line":6,"ch":3,"sticky":null},"text":["e"],"removed":[""],"origin":"+input"}
2019-5-15 01:51:28.479#change#{"from":{"line":6,"ch":4,"sticky":null},"to":{"line":6,"ch":4,"sticky":null},"text":["n"],"removed":[""],"origin":"+input"}
2019-5-15 01:51:28.620#change#{"from":{"line":6,"ch":5,"sticky":null},"to":{"line":6,"ch":5,"sticky":null},"text":["s"],"removed":[""],"origin":"+input"}
2019-5-15 01:51:28.885#change#{"from":{"line":6,"ch":6,"sticky":null},"to":{"line":6,"ch":6,"sticky":null},"text":["a"],"removed":[""],"origin":"+input"}
2019-5-15 01:51:29.772#change#{"from":{"line":6,"ch":9,"sticky":null},"to":{"line":6,"ch":9,"sticky":null},"text":["m"],"removed":[""],"origin":"+input"}
2019-5-15 01:51:30.000#change#{"from":{"line":6,"ch":10,"sticky":null},"to":{"line":6,"ch":10,"sticky":null},"text":[" "],"removed":[""],"origin":"+input"}
2019-5-15 01:51:30.962#change#{"from":{"line":6,"ch":11,"sticky":null},"to":{"line":6,"ch":11,"sticky":null},"text":["="],"removed":[""],"origin":"+input"}
2019-5-15 01:51:31.198#change#{"from":{"line":6,"ch":12,"sticky":null},"to":{"line":6,"ch":12,"sticky":null},"text":[" "],"removed":[""],"origin":"+input"}
2019-5-15 01:51:31.976#change#{"from":{"line":6,"ch":13,"sticky":null},"to":{"line":6,"ch":13,"sticky":null},"text":["\"\""],"removed":[""],"origin":"+input"}
2019-5-15 01:51:31.976#keyHandled#"'\"'"
2019-5-15 01:51:32.802#change#{"from":{"line":6,"ch":14,"sticky":"after"},"to":{"line":6,"ch":14,"sticky":"after"},"text":["Z"],"removed":[""],"origin":"+input"}
2019-5-15 01:51:33.104#change#{"from":{"line":6,"ch":15,"sticky":null},"to":{"line":6,"ch":15,"sticky":null},"text":["E"],"removed":[""],"origin":"+input"}
2019-5-15 01:51:33.404#change#{"from":{"line":6,"ch":16,"sticky":null},"to":{"line":6,"ch":16,"sticky":null},"text":["R"],"removed":[""],"origin":"+input"}
2019-5-15 01:51:33.625#change#{"from":{"line":6,"ch":17,"sticky":null},"to":{"line":6,"ch":17,"sticky":null},"text":["O"],"removed":[""],"origin":"+input"}
2019-5-15 01:51:34.913#keyHandled#"Right"
2019-5-15 01:51:35.443#change#{"from":{"line":6,"ch":19,"sticky":"before"},"to":{"line":6,"ch":19,"sticky":"before"},"text":["",""],"removed":[""],"origin":"+input"}
2019-5-15 01:51:35.443#change#{"from":{"line":7,"ch":0,"sticky":null},"to":{"line":7,"ch":0,"sticky":null},"text":["\t\t"],"removed":[""],"origin":"+input"}
2019-5-15 01:51:35.443#keyHandled#"Enter"
2019-5-15 01:51:35.448#viewportChange#0
2019-5-15 01:51:36.337#change#{"from":{"line":7,"ch":1,"sticky":"after"},"to":{"line":7,"ch":2,"sticky":null},"text":[""],"removed":["\t"],"origin":"+delete"}
2019-5-15 01:51:36.337#keyHandled#"Backspace"
2019-5-15 01:51:37.099#change#{"from":{"line":7,"ch":1,"sticky":null},"to":{"line":7,"ch":1,"sticky":null},"text":["e"],"removed":[""],"origin":"+input"}
2019-5-15 01:51:37.356#change#{"from":{"line":7,"ch":2,"sticky":null},"to":{"line":7,"ch":2,"sticky":null},"text":["l"],"removed":[""],"origin":"+input"}
2019-5-15 01:51:37.457#change#{"from":{"line":7,"ch":3,"sticky":null},"to":{"line":7,"ch":3,"sticky":null},"text":["s"],"removed":[""],"origin":"+input"}
2019-5-15 01:51:37.768#change#{"from":{"line":7,"ch":4,"sticky":null},"to":{"line":7,"ch":4,"sticky":null},"text":["e"],"removed":[""],"origin":"+input"}
2019-5-15 01:51:38.484#change#{"from":{"line":7,"ch":5,"sticky":null},"to":{"line":7,"ch":5,"sticky":null},"text":[":"],"removed":[""],"origin":"+input"}
2019-5-15 01:51:39.597#change#{"from":{"line":7,"ch":6,"sticky":null},"to":{"line":7,"ch":6,"sticky":null},"text":["",""],"removed":[""],"origin":"+input"}
2019-5-15 01:51:39.597#change#{"from":{"line":8,"ch":0,"sticky":null},"to":{"line":8,"ch":0,"sticky":null},"text":["\t\t"],"removed":[""],"origin":"+input"}
2019-5-15 01:51:39.597#keyHandled#"Enter"
2019-5-15 01:51:39.601#viewportChange#0
2019-5-15 01:51:40.829#change#{"from":{"line":8,"ch":2,"sticky":null},"to":{"line":8,"ch":2,"sticky":null},"text":["m"],"removed":[""],"origin":"+input"}
2019-5-15 01:51:41.020#change#{"from":{"line":8,"ch":3,"sticky":null},"to":{"line":8,"ch":3,"sticky":null},"text":["e"],"removed":[""],"origin":"+input"}
2019-5-15 01:51:41.160#change#{"from":{"line":8,"ch":4,"sticky":null},"to":{"line":8,"ch":4,"sticky":null},"text":["n"],"removed":[""],"origin":"+input"}
2019-5-15 01:51:41.324#change#{"from":{"line":8,"ch":5,"sticky":null},"to":{"line":8,"ch":5,"sticky":null},"text":["s"],"removed":[""],"origin":"+input"}
2019-5-15 01:51:41.566#change#{"from":{"line":8,"ch":6,"sticky":null},"to":{"line":8,"ch":6,"sticky":null},"text":["a"],"removed":[""],"origin":"+input"}
2019-5-15 01:51:42.653#change#{"from":{"line":8,"ch":7,"sticky":null},"to":{"line":8,"ch":7,"sticky":null},"text":["g"],"removed":[""],"origin":"+input"}
2019-5-15 01:51:42.783#change#{"from":{"line":8,"ch":8,"sticky":null},"to":{"line":8,"ch":8,"sticky":null},"text":["e"],"removed":[""],"origin":"+input"}
2019-5-15 01:51:43.074#change#{"from":{"line":8,"ch":9,"sticky":null},"to":{"line":8,"ch":9,"sticky":null},"text":["m"],"removed":[""],"origin":"+input"}
2019-5-15 01:51:43.875#change#{"from":{"line":8,"ch":10,"sticky":null},"to":{"line":8,"ch":10,"sticky":null},"text":[" "],"removed":[""],"origin":"+input"}
2019-5-15 01:51:44.281#change#{"from":{"line":8,"ch":11,"sticky":null},"to":{"line":8,"ch":11,"sticky":null},"text":["="],"removed":[""],"origin":"+input"}
2019-5-15 01:51:44.383#change#{"from":{"line":8,"ch":12,"sticky":null},"to":{"line":8,"ch":12,"sticky":null},"text":[" "],"removed":[""],"origin":"+input"}
2019-5-15 01:51:45.697#change#{"from":{"line":8,"ch":13,"sticky":null},"to":{"line":8,"ch":13,"sticky":null},"text":["\"\""],"removed":[""],"origin":"+input"}
2019-5-15 01:51:45.697#keyHandled#"'\"'"
2019-5-15 01:52:19.674#mousedown#{"isTrusted":true}
2019-5-15 01:52:21.572#blur#
2019-5-15 01:52:34.969#mousedown#{"isTrusted":true}
2019-5-15 01:52:34.975#focus#
2019-5-15 01:52:40.519#mousedown#{"isTrusted":true}
2019-5-15 01:52:43.125#change#{"from":{"line":8,"ch":14,"sticky":"before","xRel":-0.890625},"to":{"line":8,"ch":14,"sticky":"before","xRel":-0.890625},"text":["M"],"removed":[""],"origin":"+input"}
2019-5-15 01:52:43.316#change#{"from":{"line":8,"ch":15,"sticky":null},"to":{"line":8,"ch":15,"sticky":null},"text":["A"],"removed":[""],"origin":"+input"}
2019-5-15 01:52:45.150#change#{"from":{"line":8,"ch":16,"sticky":null},"to":{"line":8,"ch":16,"sticky":null},"text":["X"],"removed":[""],"origin":"+input"}
2019-5-15 01:52:45.398#change#{"from":{"line":8,"ch":17,"sticky":null},"to":{"line":8,"ch":17,"sticky":null},"text":["I"],"removed":[""],"origin":"+input"}
2019-5-15 01:52:45.707#change#{"from":{"line":8,"ch":18,"sticky":null},"to":{"line":8,"ch":18,"sticky":null},"text":["M"],"removed":[""],"origin":"+input"}
2019-5-15 01:52:45.957#change#{"from":{"line":8,"ch":19,"sticky":null},"to":{"line":8,"ch":19,"sticky":null},"text":["O"],"removed":[""],"origin":"+input"}
2019-5-15 01:52:46.874#keyHandled#"Right"
2019-5-15 01:52:53.906#mousedown#{"isTrusted":true}
2019-5-15 01:52:55.138#change#{"from":{"line":3,"ch":28,"sticky":"before","xRel":8.109375},"to":{"line":3,"ch":28,"sticky":"before","xRel":8.109375},"text":["",""],"removed":[""],"origin":"+input"}
2019-5-15 01:52:55.138#change#{"from":{"line":4,"ch":0,"sticky":null},"to":{"line":4,"ch":0,"sticky":null},"text":["\t"],"removed":[""],"origin":"+input"}
2019-5-15 01:52:55.138#keyHandled#"Enter"
2019-5-15 01:52:55.149#viewportChange#0
2019-5-15 01:52:57.424#change#{"from":{"line":4,"ch":1,"sticky":null},"to":{"line":4,"ch":1,"sticky":null},"text":["p"],"removed":[""],"origin":"+input"}
2019-5-15 01:52:57.803#change#{"from":{"line":4,"ch":2,"sticky":null},"to":{"line":4,"ch":2,"sticky":null},"text":["i"],"removed":[""],"origin":"+input"}
2019-5-15 01:52:58.717#change#{"from":{"line":4,"ch":3,"sticky":null},"to":{"line":4,"ch":3,"sticky":null},"text":["r"],"removed":[""],"origin":"+input"}
2019-5-15 01:52:58.963#change#{"from":{"line":4,"ch":4,"sticky":null},"to":{"line":4,"ch":4,"sticky":null},"text":["a"],"removed":[""],"origin":"+input"}
2019-5-15 01:52:59.863#change#{"from":{"line":4,"ch":6,"sticky":null},"to":{"line":4,"ch":6,"sticky":null},"text":["="],"removed":[""],"origin":"+input"}
2019-5-15 01:53:00.014#change#{"from":{"line":4,"ch":7,"sticky":null},"to":{"line":4,"ch":7,"sticky":null},"text":[" "],"removed":[""],"origin":"+input"}
2019-5-15 01:53:00.753#change#{"from":{"line":4,"ch":8,"sticky":null},"to":{"line":4,"ch":8,"sticky":null},"text":["p"],"removed":[""],"origin":"+input"}
2019-5-15 01:53:01.030#change#{"from":{"line":4,"ch":9,"sticky":null},"to":{"line":4,"ch":9,"sticky":null},"text":["i"],"removed":[""],"origin":"+input"}
2019-5-15 01:53:01.454#change#{"from":{"line":4,"ch":10,"sticky":null},"to":{"line":4,"ch":10,"sticky":null},"text":["r"],"removed":[""],"origin":"+input"}
2019-5-15 01:53:01.623#change#{"from":{"line":4,"ch":11,"sticky":null},"to":{"line":4,"ch":11,"sticky":null},"text":["a"],"removed":[""],"origin":"+input"}
2019-5-15 01:53:02.964#change#{"from":{"line":4,"ch":12,"sticky":null},"to":{"line":4,"ch":12,"sticky":null},"text":[" "],"removed":[""],"origin":"+input"}
2019-5-15 01:53:03.729#change#{"from":{"line":4,"ch":13,"sticky":null},"to":{"line":4,"ch":13,"sticky":null},"text":["+"],"removed":[""],"origin":"+input"}
2019-5-15 01:53:04.107#change#{"from":{"line":4,"ch":14,"sticky":null},"to":{"line":4,"ch":14,"sticky":null},"text":[" "],"removed":[""],"origin":"+input"}
2019-5-15 01:53:05.050#change#{"from":{"line":4,"ch":15,"sticky":null},"to":{"line":4,"ch":15,"sticky":null},"text":["()"],"removed":[""],"origin":"+input"}
2019-5-15 01:53:05.050#keyHandled#"'('"
2019-5-15 01:53:05.951#change#{"from":{"line":4,"ch":16,"sticky":"after"},"to":{"line":4,"ch":16,"sticky":"after"},"text":["p"],"removed":[""],"origin":"+input"}
2019-5-15 01:53:06.373#change#{"from":{"line":4,"ch":17,"sticky":null},"to":{"line":4,"ch":17,"sticky":null},"text":["i"],"removed":[""],"origin":"+input"}
2019-5-15 01:53:06.794#change#{"from":{"line":4,"ch":18,"sticky":null},"to":{"line":4,"ch":18,"sticky":null},"text":["r"],"removed":[""],"origin":"+input"}
2019-5-15 01:53:06.984#change#{"from":{"line":4,"ch":19,"sticky":null},"to":{"line":4,"ch":19,"sticky":null},"text":["a"],"removed":[""],"origin":"+input"}
2019-5-15 01:53:08.676#change#{"from":{"line":4,"ch":20,"sticky":null},"to":{"line":4,"ch":20,"sticky":null},"text":["*"],"removed":[""],"origin":"+input"}
2019-5-15 01:53:10.198#change#{"from":{"line":4,"ch":21,"sticky":null},"to":{"line":4,"ch":21,"sticky":null},"text":["c"],"removed":[""],"origin":"+input"}
2019-5-15 01:53:10.499#change#{"from":{"line":4,"ch":22,"sticky":null},"to":{"line":4,"ch":22,"sticky":null},"text":["r"],"removed":[""],"origin":"+input"}
2019-5-15 01:53:10.706#change#{"from":{"line":4,"ch":23,"sticky":null},"to":{"line":4,"ch":23,"sticky":null},"text":["e"],"removed":[""],"origin":"+input"}
2019-5-15 01:53:10.957#change#{"from":{"line":4,"ch":24,"sticky":null},"to":{"line":4,"ch":24,"sticky":null},"text":["s"],"removed":[""],"origin":"+input"}
2019-5-15 01:53:11.711#change#{"from":{"line":4,"ch":25,"sticky":null},"to":{"line":4,"ch":25,"sticky":null},"text":["x"],"removed":[""],"origin":"+input"}
2019-5-15 01:53:12.918#change#{"from":{"line":4,"ch":25,"sticky":"after"},"to":{"line":4,"ch":26,"sticky":null},"text":[""],"removed":["x"],"origin":"+delete"}
2019-5-15 01:53:12.918#keyHandled#"Backspace"
2019-5-15 01:53:13.088#change#{"from":{"line":4,"ch":25,"sticky":null},"to":{"line":4,"ch":25,"sticky":null},"text":["c"],"removed":[""],"origin":"+input"}
2019-5-15 01:53:14.565#keyHandled#"Down"
2019-5-15 01:53:16.227#keyHandled#"Up"
2019-5-15 01:53:16.885#keyHandled#"Right"
2019-5-15 01:53:17.853#change#{"from":{"line":4,"ch":27,"sticky":"before"},"to":{"line":4,"ch":27,"sticky":"before"},"text":["",""],"removed":[""],"origin":"+input"}
2019-5-15 01:53:17.853#change#{"from":{"line":5,"ch":0,"sticky":null},"to":{"line":5,"ch":0,"sticky":null},"text":["\t"],"removed":[""],"origin":"+input"}
2019-5-15 01:53:17.853#keyHandled#"Enter"
2019-5-15 01:53:17.858#viewportChange#0
2019-5-15 01:53:18.934#change#{"from":{"line":5,"ch":1,"sticky":null},"to":{"line":5,"ch":1,"sticky":null},"text":["p"],"removed":[""],"origin":"+input"}
2019-5-15 01:53:20.972#change#{"from":{"line":5,"ch":5,"sticky":null},"to":{"line":5,"ch":5,"sticky":null},"text":[" "],"removed":[""],"origin":"+input"}
2019-5-15 01:53:21.646#change#{"from":{"line":5,"ch":6,"sticky":null},"to":{"line":5,"ch":6,"sticky":null},"text":["="],"removed":[""],"origin":"+input"}
2019-5-15 01:53:21.771#change#{"from":{"line":5,"ch":7,"sticky":null},"to":{"line":5,"ch":7,"sticky":null},"text":[" "],"removed":[""],"origin":"+input"}
2019-5-15 01:53:23.164#change#{"from":{"line":5,"ch":8,"sticky":null},"to":{"line":5,"ch":8,"sticky":null},"text":["p"],"removed":[""],"origin":"+input"}
2019-5-15 01:53:23.616#change#{"from":{"line":5,"ch":9,"sticky":null},"to":{"line":5,"ch":9,"sticky":null},"text":["i"],"removed":[""],"origin":"+input"}
2019-5-15 01:53:23.948#change#{"from":{"line":5,"ch":10,"sticky":null},"to":{"line":5,"ch":10,"sticky":null},"text":["r"],"removed":[""],"origin":"+input"}
2019-5-15 01:53:24.109#change#{"from":{"line":5,"ch":11,"sticky":null},"to":{"line":5,"ch":11,"sticky":null},"text":["a"],"removed":[""],"origin":"+input"}
2019-5-15 01:53:24.414#change#{"from":{"line":5,"ch":12,"sticky":null},"to":{"line":5,"ch":12,"sticky":null},"text":[" "],"removed":[""],"origin":"+input"}
2019-5-15 01:53:25.269#change#{"from":{"line":5,"ch":13,"sticky":null},"to":{"line":5,"ch":13,"sticky":null},"text":["-"],"removed":[""],"origin":"+input"}
2019-5-15 01:53:26.431#change#{"from":{"line":5,"ch":13,"sticky":"after"},"to":{"line":5,"ch":14,"sticky":null},"text":[""],"removed":["-"],"origin":"+delete"}
2019-5-15 01:53:26.432#keyHandled#"Backspace"
2019-5-15 01:53:26.633#change#{"from":{"line":5,"ch":12,"sticky":"after"},"to":{"line":5,"ch":13,"sticky":null},"text":[""],"removed":[" "],"origin":"+delete"}
2019-5-15 01:53:26.633#keyHandled#"Backspace"
2019-5-15 01:53:26.803#change#{"from":{"line":5,"ch":11,"sticky":"after"},"to":{"line":5,"ch":12,"sticky":null},"text":[""],"removed":["a"],"origin":"+delete"}
2019-5-15 01:53:26.803#keyHandled#"Backspace"
2019-5-15 01:53:26.972#change#{"from":{"line":5,"ch":10,"sticky":"after"},"to":{"line":5,"ch":11,"sticky":null},"text":[""],"removed":["r"],"origin":"+delete"}
2019-5-15 01:53:26.972#keyHandled#"Backspace"
2019-5-15 01:53:27.145#change#{"from":{"line":5,"ch":9,"sticky":"after"},"to":{"line":5,"ch":10,"sticky":null},"text":[""],"removed":["i"],"origin":"+delete"}
2019-5-15 01:53:27.145#keyHandled#"Backspace"
2019-5-15 01:53:27.327#change#{"from":{"line":5,"ch":8,"sticky":"after"},"to":{"line":5,"ch":9,"sticky":null},"text":[""],"removed":["p"],"origin":"+delete"}
2019-5-15 01:53:27.327#keyHandled#"Backspace"
2019-5-15 01:53:32.394#mousedown#{"isTrusted":true}
2019-5-15 01:53:32.875#change#{"from":{"line":4,"ch":26,"sticky":"after"},"to":{"line":4,"ch":27,"sticky":"before","xRel":1.984375},"text":[""],"removed":[")"],"origin":"+delete"}
2019-5-15 01:53:32.875#keyHandled#"Backspace"
2019-5-15 01:53:33.378#change#{"from":{"line":4,"ch":25,"sticky":"after"},"to":{"line":4,"ch":26,"sticky":null},"text":[""],"removed":["c"],"origin":"+delete"}
2019-5-15 01:53:33.378#keyHandled#"Backspace"
2019-5-15 01:53:33.410#change#{"from":{"line":4,"ch":24,"sticky":"after"},"to":{"line":4,"ch":25,"sticky":null},"text":[""],"removed":["s"],"origin":"+delete"}
2019-5-15 01:53:33.410#keyHandled#"Backspace"
2019-5-15 01:53:33.442#change#{"from":{"line":4,"ch":23,"sticky":"after"},"to":{"line":4,"ch":24,"sticky":null},"text":[""],"removed":["e"],"origin":"+delete"}
2019-5-15 01:53:33.442#keyHandled#"Backspace"
2019-5-15 01:53:33.475#change#{"from":{"line":4,"ch":22,"sticky":"after"},"to":{"line":4,"ch":23,"sticky":null},"text":[""],"removed":["r"],"origin":"+delete"}
2019-5-15 01:53:33.475#keyHandled#"Backspace"
2019-5-15 01:53:33.508#change#{"from":{"line":4,"ch":21,"sticky":"after"},"to":{"line":4,"ch":22,"sticky":null},"text":[""],"removed":["c"],"origin":"+delete"}
2019-5-15 01:53:33.508#keyHandled#"Backspace"
2019-5-15 01:53:33.541#change#{"from":{"line":4,"ch":20,"sticky":"after"},"to":{"line":4,"ch":21,"sticky":null},"text":[""],"removed":["*"],"origin":"+delete"}
2019-5-15 01:53:33.541#keyHandled#"Backspace"
2019-5-15 01:53:33.571#change#{"from":{"line":4,"ch":19,"sticky":"after"},"to":{"line":4,"ch":20,"sticky":null},"text":[""],"removed":["a"],"origin":"+delete"}
2019-5-15 01:53:33.571#keyHandled#"Backspace"
2019-5-15 01:53:33.603#change#{"from":{"line":4,"ch":18,"sticky":"after"},"to":{"line":4,"ch":19,"sticky":null},"text":[""],"removed":["r"],"origin":"+delete"}
2019-5-15 01:53:33.603#keyHandled#"Backspace"
2019-5-15 01:53:33.636#change#{"from":{"line":4,"ch":17,"sticky":"after"},"to":{"line":4,"ch":18,"sticky":null},"text":[""],"removed":["i"],"origin":"+delete"}
2019-5-15 01:53:33.636#keyHandled#"Backspace"
2019-5-15 01:53:33.668#change#{"from":{"line":4,"ch":16,"sticky":"after"},"to":{"line":4,"ch":17,"sticky":null},"text":[""],"removed":["p"],"origin":"+delete"}
2019-5-15 01:53:33.668#keyHandled#"Backspace"
2019-5-15 01:53:33.701#change#{"from":{"line":4,"ch":15,"sticky":"after"},"to":{"line":4,"ch":16,"sticky":null},"text":[""],"removed":["("],"origin":"+delete"}
2019-5-15 01:53:33.701#keyHandled#"Backspace"
2019-5-15 01:53:33.733#change#{"from":{"line":4,"ch":14,"sticky":"after"},"to":{"line":4,"ch":15,"sticky":null},"text":[""],"removed":[" "],"origin":"+delete"}
2019-5-15 01:53:33.733#keyHandled#"Backspace"
2019-5-15 01:53:33.765#change#{"from":{"line":4,"ch":13,"sticky":"after"},"to":{"line":4,"ch":14,"sticky":null},"text":[""],"removed":["+"],"origin":"+delete"}
2019-5-15 01:53:33.765#keyHandled#"Backspace"
2019-5-15 01:53:33.797#change#{"from":{"line":4,"ch":12,"sticky":"after"},"to":{"line":4,"ch":13,"sticky":null},"text":[""],"removed":[" "],"origin":"+delete"}
2019-5-15 01:53:33.797#keyHandled#"Backspace"
2019-5-15 01:53:33.829#change#{"from":{"line":4,"ch":11,"sticky":"after"},"to":{"line":4,"ch":12,"sticky":null},"text":[""],"removed":["a"],"origin":"+delete"}
2019-5-15 01:53:33.829#keyHandled#"Backspace"
2019-5-15 01:53:33.862#change#{"from":{"line":4,"ch":10,"sticky":"after"},"to":{"line":4,"ch":11,"sticky":null},"text":[""],"removed":["r"],"origin":"+delete"}
2019-5-15 01:53:33.862#keyHandled#"Backspace"
2019-5-15 01:53:33.894#change#{"from":{"line":4,"ch":9,"sticky":"after"},"to":{"line":4,"ch":10,"sticky":null},"text":[""],"removed":["i"],"origin":"+delete"}
2019-5-15 01:53:33.894#keyHandled#"Backspace"
2019-5-15 01:53:33.927#change#{"from":{"line":4,"ch":8,"sticky":"after"},"to":{"line":4,"ch":9,"sticky":null},"text":[""],"removed":["p"],"origin":"+delete"}
2019-5-15 01:53:33.927#keyHandled#"Backspace"
2019-5-15 01:53:33.958#change#{"from":{"line":4,"ch":7,"sticky":"after"},"to":{"line":4,"ch":8,"sticky":null},"text":[""],"removed":[" "],"origin":"+delete"}
2019-5-15 01:53:33.958#keyHandled#"Backspace"
2019-5-15 01:53:33.992#change#{"from":{"line":4,"ch":6,"sticky":"after"},"to":{"line":4,"ch":7,"sticky":null},"text":[""],"removed":["="],"origin":"+delete"}
2019-5-15 01:53:33.992#keyHandled#"Backspace"
2019-5-15 01:53:34.187#change#{"from":{"line":4,"ch":5,"sticky":"after"},"to":{"line":4,"ch":6,"sticky":null},"text":[""],"removed":[" "],"origin":"+delete"}
2019-5-15 01:53:34.187#keyHandled#"Backspace"
2019-5-15 01:53:34.375#change#{"from":{"line":4,"ch":4,"sticky":"after"},"to":{"line":4,"ch":5,"sticky":null},"text":[""],"removed":["a"],"origin":"+delete"}
2019-5-15 01:53:34.375#keyHandled#"Backspace"
2019-5-15 01:53:34.552#change#{"from":{"line":4,"ch":3,"sticky":"after"},"to":{"line":4,"ch":4,"sticky":null},"text":[""],"removed":["r"],"origin":"+delete"}
2019-5-15 01:53:34.552#keyHandled#"Backspace"
2019-5-15 01:53:34.730#change#{"from":{"line":4,"ch":2,"sticky":"after"},"to":{"line":4,"ch":3,"sticky":null},"text":[""],"removed":["i"],"origin":"+delete"}
2019-5-15 01:53:34.730#keyHandled#"Backspace"
2019-5-15 01:53:35.107#change#{"from":{"line":4,"ch":1,"sticky":"after"},"to":{"line":4,"ch":2,"sticky":null},"text":[""],"removed":["p"],"origin":"+delete"}
2019-5-15 01:53:35.107#keyHandled#"Backspace"
2019-5-15 01:53:38.246#mousedown#{"isTrusted":true}
2019-5-15 01:53:39.028#change#{"from":{"line":5,"ch":6,"sticky":"after"},"to":{"line":5,"ch":7,"sticky":"after","xRel":1.859375},"text":[""],"removed":["="],"origin":"+delete"}
2019-5-15 01:53:39.028#keyHandled#"Backspace"
2019-5-15 01:53:39.757#change#{"from":{"line":5,"ch":2,"sticky":"after"},"to":{"line":5,"ch":3,"sticky":null},"text":[""],"removed":["i"],"origin":"+delete"}
2019-5-15 01:53:39.757#keyHandled#"Backspace"
2019-5-15 01:53:40.233#change#{"from":{"line":5,"ch":1,"sticky":"after"},"to":{"line":5,"ch":2,"sticky":null},"text":[""],"removed":["p"],"origin":"+delete"}
2019-5-15 01:53:40.233#keyHandled#"Backspace"
2019-5-15 01:53:42.451#keyHandled#"Up"
2019-5-15 01:53:43.196#change#{"from":{"line":4,"ch":1,"sticky":"before","xRel":0},"to":{"line":5,"ch":0,"sticky":"after"},"text":[""],"removed":["",""],"origin":"+delete"}
2019-5-15 01:53:43.196#keyHandled#"Delete"
2019-5-15 01:53:43.202#viewportChange#0
2019-5-15 01:54:14.846#change#{"from":{"line":4,"ch":1,"sticky":null},"to":{"line":4,"ch":1,"sticky":null},"text":["c"],"removed":[""],"origin":"+input"}
2019-5-15 01:54:15.116#change#{"from":{"line":4,"ch":2,"sticky":null},"to":{"line":4,"ch":2,"sticky":null},"text":["r"],"removed":[""],"origin":"+input"}
2019-5-15 01:54:15.350#change#{"from":{"line":4,"ch":3,"sticky":null},"to":{"line":4,"ch":3,"sticky":null},"text":["e"],"removed":[""],"origin":"+input"}
2019-5-15 01:54:15.645#change#{"from":{"line":4,"ch":4,"sticky":null},"to":{"line":4,"ch":4,"sticky":null},"text":["s"],"removed":[""],"origin":"+input"}
2019-5-15 01:54:16.233#change#{"from":{"line":4,"ch":4,"sticky":"after"},"to":{"line":4,"ch":5,"sticky":null},"text":[""],"removed":["s"],"origin":"+delete"}
2019-5-15 01:54:16.233#keyHandled#"Backspace"
2019-5-15 01:54:16.418#change#{"from":{"line":4,"ch":3,"sticky":"after"},"to":{"line":4,"ch":4,"sticky":null},"text":[""],"removed":["e"],"origin":"+delete"}
2019-5-15 01:54:16.418#keyHandled#"Backspace"
2019-5-15 01:54:16.566#change#{"from":{"line":4,"ch":2,"sticky":"after"},"to":{"line":4,"ch":3,"sticky":null},"text":[""],"removed":["r"],"origin":"+delete"}
2019-5-15 01:54:16.566#keyHandled#"Backspace"
2019-5-15 01:54:16.851#change#{"from":{"line":4,"ch":1,"sticky":"after"},"to":{"line":4,"ch":2,"sticky":null},"text":[""],"removed":["c"],"origin":"+delete"}
2019-5-15 01:54:16.851#keyHandled#"Backspace"
2019-5-15 01:54:17.543#change#{"from":{"line":4,"ch":1,"sticky":null},"to":{"line":4,"ch":1,"sticky":null},"text":["p"],"removed":[""],"origin":"+input"}
2019-5-15 01:54:17.869#change#{"from":{"line":4,"ch":2,"sticky":null},"to":{"line":4,"ch":2,"sticky":null},"text":["i"],"removed":[""],"origin":"+input"}
2019-5-15 01:54:18.122#change#{"from":{"line":4,"ch":3,"sticky":null},"to":{"line":4,"ch":3,"sticky":null},"text":["r"],"removed":[""],"origin":"+input"}
2019-5-15 01:54:18.431#change#{"from":{"line":4,"ch":4,"sticky":null},"to":{"line":4,"ch":4,"sticky":null},"text":["a"],"removed":[""],"origin":"+input"}
2019-5-15 01:54:18.943#change#{"from":{"line":4,"ch":5,"sticky":null},"to":{"line":4,"ch":5,"sticky":null},"text":[" "],"removed":[""],"origin":"+input"}
2019-5-15 01:54:19.991#change#{"from":{"line":4,"ch":8,"sticky":null},"to":{"line":4,"ch":8,"sticky":null},"text":["p"],"removed":[""],"origin":"+input"}
2019-5-15 01:54:20.282#change#{"from":{"line":4,"ch":9,"sticky":null},"to":{"line":4,"ch":9,"sticky":null},"text":["i"],"removed":[""],"origin":"+input"}
2019-5-15 01:54:20.586#change#{"from":{"line":4,"ch":10,"sticky":null},"to":{"line":4,"ch":10,"sticky":null},"text":["r"],"removed":[""],"origin":"+input"}
2019-5-15 01:54:20.894#change#{"from":{"line":4,"ch":11,"sticky":null},"to":{"line":4,"ch":11,"sticky":null},"text":["a"],"removed":[""],"origin":"+input"}
2019-5-15 01:54:21.496#change#{"from":{"line":4,"ch":12,"sticky":null},"to":{"line":4,"ch":12,"sticky":null},"text":[" "],"removed":[""],"origin":"+input"}
2019-5-15 01:54:21.922#change#{"from":{"line":4,"ch":13,"sticky":null},"to":{"line":4,"ch":13,"sticky":null},"text":["+"],"removed":[""],"origin":"+input"}
2019-5-15 01:54:22.205#change#{"from":{"line":4,"ch":14,"sticky":null},"to":{"line":4,"ch":14,"sticky":null},"text":[" "],"removed":[""],"origin":"+input"}
2019-5-15 01:54:22.997#change#{"from":{"line":4,"ch":15,"sticky":null},"to":{"line":4,"ch":15,"sticky":null},"text":["()"],"removed":[""],"origin":"+input"}
2019-5-15 01:54:22.997#keyHandled#"'('"
2019-5-15 01:54:24.016#change#{"from":{"line":4,"ch":16,"sticky":"after"},"to":{"line":4,"ch":16,"sticky":"after"},"text":["p"],"removed":[""],"origin":"+input"}
2019-5-15 01:54:24.304#change#{"from":{"line":4,"ch":17,"sticky":null},"to":{"line":4,"ch":17,"sticky":null},"text":["i"],"removed":[""],"origin":"+input"}
2019-5-15 01:54:24.820#change#{"from":{"line":4,"ch":18,"sticky":null},"to":{"line":4,"ch":18,"sticky":null},"text":["r"],"removed":[""],"origin":"+input"}
2019-5-15 01:54:25.040#change#{"from":{"line":4,"ch":19,"sticky":null},"to":{"line":4,"ch":19,"sticky":null},"text":["a"],"removed":[""],"origin":"+input"}
2019-5-15 01:54:32.758#change#{"from":{"line":4,"ch":20,"sticky":null},"to":{"line":4,"ch":20,"sticky":null},"text":["*"],"removed":[""],"origin":"+input"}
2019-5-15 01:54:35.674#change#{"from":{"line":4,"ch":21,"sticky":null},"to":{"line":4,"ch":21,"sticky":null},"text":["c"],"removed":[""],"origin":"+input"}
2019-5-15 01:54:35.957#change#{"from":{"line":4,"ch":22,"sticky":null},"to":{"line":4,"ch":22,"sticky":null},"text":["r"],"removed":[""],"origin":"+input"}
2019-5-15 01:54:36.190#change#{"from":{"line":4,"ch":23,"sticky":null},"to":{"line":4,"ch":23,"sticky":null},"text":["e"],"removed":[""],"origin":"+input"}
2019-5-15 01:54:36.400#change#{"from":{"line":4,"ch":24,"sticky":null},"to":{"line":4,"ch":24,"sticky":null},"text":["s"],"removed":[""],"origin":"+input"}
2019-5-15 01:54:44.487#mousedown#{"isTrusted":true}
2019-5-15 01:54:46.061#mousedown#{"isTrusted":true}
2019-5-15 01:54:47.430#change#{"from":{"line":6,"ch":13,"sticky":"before","xRel":9.109375},"to":{"line":6,"ch":13,"sticky":"before","xRel":9.109375},"text":["",""],"removed":[""],"origin":"+input"}
2019-5-15 01:54:47.430#change#{"from":{"line":7,"ch":0,"sticky":null},"to":{"line":7,"ch":0,"sticky":null},"text":["\t\t"],"removed":[""],"origin":"+input"}
2019-5-15 01:54:47.430#keyHandled#"Enter"
2019-5-15 01:54:47.438#viewportChange#0
2019-5-15 01:54:48.492#change#{"from":{"line":7,"ch":2,"sticky":null},"to":{"line":7,"ch":2,"sticky":null},"text":["p"],"removed":[""],"origin":"+input"}
2019-5-15 01:54:48.796#change#{"from":{"line":7,"ch":3,"sticky":null},"to":{"line":7,"ch":3,"sticky":null},"text":["i"],"removed":[""],"origin":"+input"}
2019-5-15 01:54:49.690#change#{"from":{"line":7,"ch":4,"sticky":null},"to":{"line":7,"ch":4,"sticky":null},"text":["r"],"removed":[""],"origin":"+input"}
2019-5-15 01:54:49.890#change#{"from":{"line":7,"ch":5,"sticky":null},"to":{"line":7,"ch":5,"sticky":null},"text":["a"],"removed":[""],"origin":"+input"}
2019-5-15 01:54:51.060#change#{"from":{"line":7,"ch":6,"sticky":null},"to":{"line":7,"ch":6,"sticky":null},"text":[" "],"removed":[""],"origin":"+input"}
2019-5-15 01:54:51.781#change#{"from":{"line":7,"ch":7,"sticky":null},"to":{"line":7,"ch":7,"sticky":null},"text":["="],"removed":[""],"origin":"+input"}
2019-5-15 01:54:52.109#change#{"from":{"line":7,"ch":8,"sticky":null},"to":{"line":7,"ch":8,"sticky":null},"text":[" "],"removed":[""],"origin":"+input"}
2019-5-15 01:54:57.344#change#{"from":{"line":7,"ch":9,"sticky":null},"to":{"line":7,"ch":9,"sticky":null},"text":["p"],"removed":[""],"origin":"+input"}
2019-5-15 01:54:57.649#change#{"from":{"line":7,"ch":10,"sticky":null},"to":{"line":7,"ch":10,"sticky":null},"text":["i"],"removed":[""],"origin":"+input"}
2019-5-15 01:54:58.133#change#{"from":{"line":7,"ch":11,"sticky":null},"to":{"line":7,"ch":11,"sticky":null},"text":["r"],"removed":[""],"origin":"+input"}
2019-5-15 01:54:58.293#change#{"from":{"line":7,"ch":12,"sticky":null},"to":{"line":7,"ch":12,"sticky":null},"text":["a"],"removed":[""],"origin":"+input"}
2019-5-15 01:54:58.521#change#{"from":{"line":7,"ch":13,"sticky":null},"to":{"line":7,"ch":13,"sticky":null},"text":[" "],"removed":[""],"origin":"+input"}
2019-5-15 01:54:59.825#change#{"from":{"line":7,"ch":15,"sticky":null},"to":{"line":7,"ch":15,"sticky":null},"text":[" "],"removed":[""],"origin":"+input"}
2019-5-15 01:55:01.250#change#{"from":{"line":7,"ch":16,"sticky":null},"to":{"line":7,"ch":16,"sticky":null},"text":["r"],"removed":[""],"origin":"+input"}
2019-5-15 01:55:01.489#change#{"from":{"line":7,"ch":17,"sticky":null},"to":{"line":7,"ch":17,"sticky":null},"text":["e"],"removed":[""],"origin":"+input"}
2019-5-15 01:55:03.082#change#{"from":{"line":7,"ch":18,"sticky":null},"to":{"line":7,"ch":18,"sticky":null},"text":["t"],"removed":[""],"origin":"+input"}
2019-5-15 01:55:05.506#mousedown#{"isTrusted":true}
2019-5-15 01:55:08.740#keyHandled#"Down"
2019-5-15 01:55:11.212#keyHandled#"Right"
2019-5-15 01:55:11.800#keyHandled#"Right"
2019-5-15 01:55:13.237#change#{"from":{"line":10,"ch":21,"sticky":"before"},"to":{"line":10,"ch":21,"sticky":"before"},"text":["",""],"removed":[""],"origin":"+input"}
2019-5-15 01:55:13.237#change#{"from":{"line":11,"ch":0,"sticky":null},"to":{"line":11,"ch":0,"sticky":null},"text":["\t\t"],"removed":[""],"origin":"+input"}
2019-5-15 01:55:13.237#keyHandled#"Enter"
2019-5-15 01:55:13.245#viewportChange#0
2019-5-15 01:55:14.464#change#{"from":{"line":11,"ch":1,"sticky":"after"},"to":{"line":11,"ch":2,"sticky":null},"text":[""],"removed":["\t"],"origin":"+delete"}
2019-5-15 01:55:14.464#keyHandled#"Backspace"
2019-5-15 01:55:15.351#change#{"from":{"line":11,"ch":1,"sticky":null},"to":{"line":11,"ch":1,"sticky":null},"text":["p"],"removed":[""],"origin":"+input"}
2019-5-15 01:55:15.782#change#{"from":{"line":11,"ch":2,"sticky":null},"to":{"line":11,"ch":2,"sticky":null},"text":["r"],"removed":[""],"origin":"+input"}
2019-5-15 01:55:15.914#change#{"from":{"line":11,"ch":3,"sticky":null},"to":{"line":11,"ch":3,"sticky":null},"text":["i"],"removed":[""],"origin":"+input"}
2019-5-15 01:55:16.157#change#{"from":{"line":11,"ch":4,"sticky":null},"to":{"line":11,"ch":4,"sticky":null},"text":["n"],"removed":[""],"origin":"+input"}
2019-5-15 01:55:16.297#change#{"from":{"line":11,"ch":5,"sticky":null},"to":{"line":11,"ch":5,"sticky":null},"text":["t"],"removed":[""],"origin":"+input"}
2019-5-15 01:55:16.500#change#{"from":{"line":11,"ch":6,"sticky":null},"to":{"line":11,"ch":6,"sticky":null},"text":[" "],"removed":[""],"origin":"+input"}
2019-5-15 01:55:17.859#change#{"from":{"line":11,"ch":7,"sticky":null},"to":{"line":11,"ch":7,"sticky":null},"text":["()"],"removed":[""],"origin":"+input"}
2019-5-15 01:55:17.859#keyHandled#"'('"
2019-5-15 01:55:19.106#change#{"from":{"line":11,"ch":8,"sticky":"after"},"to":{"line":11,"ch":8,"sticky":"after"},"text":["m"],"removed":[""],"origin":"+input"}
2019-5-15 01:55:19.674#change#{"from":{"line":11,"ch":11,"sticky":null},"to":{"line":11,"ch":11,"sticky":null},"text":["s"],"removed":[""],"origin":"+input"}
2019-5-15 01:55:19.927#change#{"from":{"line":11,"ch":12,"sticky":null},"to":{"line":11,"ch":12,"sticky":null},"text":["a"],"removed":[""],"origin":"+input"}
2019-5-15 01:55:20.102#change#{"from":{"line":11,"ch":13,"sticky":null},"to":{"line":11,"ch":13,"sticky":null},"text":["g"],"removed":[""],"origin":"+input"}
2019-5-15 01:55:20.301#change#{"from":{"line":11,"ch":14,"sticky":null},"to":{"line":11,"ch":14,"sticky":null},"text":["e"],"removed":[""],"origin":"+input"}
2019-5-15 01:55:20.586#change#{"from":{"line":11,"ch":15,"sticky":null},"to":{"line":11,"ch":15,"sticky":null},"text":["m"],"removed":[""],"origin":"+input"}
2019-5-15 01:55:21.646#keyHandled#"Down"
2019-5-15 01:55:22.352#change#{"from":{"line":11,"ch":17,"sticky":null,"xRel":1,"outside":true,"hitSide":true},"to":{"line":11,"ch":17,"sticky":null,"xRel":1,"outside":true,"hitSide":true},"text":["",""],"removed":[""],"origin":"+input"}
2019-5-15 01:55:22.352#change#{"from":{"line":12,"ch":0,"sticky":null},"to":{"line":12,"ch":0,"sticky":null},"text":["\t"],"removed":[""],"origin":"+input"}
2019-5-15 01:55:22.352#keyHandled#"Enter"
2019-5-15 01:55:22.357#viewportChange#0
2019-5-15 01:55:23.252#change#{"from":{"line":12,"ch":1,"sticky":null},"to":{"line":12,"ch":1,"sticky":null},"text":["p"],"removed":[""],"origin":"+input"}
2019-5-15 01:55:23.517#change#{"from":{"line":12,"ch":2,"sticky":null},"to":{"line":12,"ch":2,"sticky":null},"text":["r"],"removed":[""],"origin":"+input"}
2019-5-15 01:55:23.689#change#{"from":{"line":12,"ch":3,"sticky":null},"to":{"line":12,"ch":3,"sticky":null},"text":["i"],"removed":[""],"origin":"+input"}
2019-5-15 01:55:23.912#change#{"from":{"line":12,"ch":4,"sticky":null},"to":{"line":12,"ch":4,"sticky":null},"text":["n"],"removed":[""],"origin":"+input"}
2019-5-15 01:55:24.087#change#{"from":{"line":12,"ch":5,"sticky":null},"to":{"line":12,"ch":5,"sticky":null},"text":["t"],"removed":[""],"origin":"+input"}
2019-5-15 01:55:24.485#change#{"from":{"line":12,"ch":6,"sticky":null},"to":{"line":12,"ch":6,"sticky":null},"text":[" "],"removed":[""],"origin":"+input"}
2019-5-15 01:55:25.490#change#{"from":{"line":12,"ch":7,"sticky":null},"to":{"line":12,"ch":7,"sticky":null},"text":["()"],"removed":[""],"origin":"+input"}
2019-5-15 01:55:25.490#keyHandled#"'('"
2019-5-15 01:55:26.375#change#{"from":{"line":12,"ch":8,"sticky":"after"},"to":{"line":12,"ch":8,"sticky":"after"},"text":["c"],"removed":[""],"origin":"+input"}
2019-5-15 01:55:26.748#change#{"from":{"line":12,"ch":9,"sticky":null},"to":{"line":12,"ch":9,"sticky":null},"text":["o"],"removed":[""],"origin":"+input"}
2019-5-15 01:55:27.475#change#{"from":{"line":12,"ch":10,"sticky":null},"to":{"line":12,"ch":10,"sticky":null},"text":["n"],"removed":[""],"origin":"+input"}
2019-5-15 01:55:27.908#change#{"from":{"line":12,"ch":11,"sticky":null},"to":{"line":12,"ch":11,"sticky":null},"text":["t"],"removed":[""],"origin":"+input"}
2019-5-15 01:55:27.475#change#{"from":{"line":12,"ch":10,"sticky":null},"to":{"line":12,"ch":10,"sticky":null},"text":["n"],"removed":[""],"origin":"+input"}
2019-5-15 01:55:27.908#change#{"from":{"line":12,"ch":11,"sticky":null},"to":{"line":12,"ch":11,"sticky":null},"text":["t"],"removed":[""],"origin":"+input"}
2019-5-15 01:55:33.810#mousedown#{"isTrusted":true}
2019-5-15 01:55:34.766#change#{"from":{"line":10,"ch":21,"sticky":"before","xRel":15.109375},"to":{"line":10,"ch":21,"sticky":"before","xRel":15.109375},"text":["",""],"removed":[""],"origin":"+input"}
2019-5-15 01:55:34.766#change#{"from":{"line":11,"ch":0,"sticky":null},"to":{"line":11,"ch":0,"sticky":null},"text":["\t\t"],"removed":[""],"origin":"+input"}
2019-5-15 01:55:34.766#keyHandled#"Enter"
2019-5-15 01:55:34.771#viewportChange#0
2019-5-15 01:55:35.299#change#{"from":{"line":11,"ch":1,"sticky":"after"},"to":{"line":11,"ch":2,"sticky":null},"text":[""],"removed":["\t"],"origin":"+delete"}
2019-5-15 01:55:35.299#keyHandled#"Backspace"
2019-5-15 01:55:36.173#change#{"from":{"line":11,"ch":1,"sticky":null},"to":{"line":11,"ch":1,"sticky":null},"text":["a"],"removed":[""],"origin":"+input"}
2019-5-15 01:55:36.356#change#{"from":{"line":11,"ch":2,"sticky":null},"to":{"line":11,"ch":2,"sticky":null},"text":["n"],"removed":[""],"origin":"+input"}
2019-5-15 01:55:36.697#change#{"from":{"line":11,"ch":3,"sticky":null},"to":{"line":11,"ch":3,"sticky":null},"text":["o"],"removed":[""],"origin":"+input"}
2019-5-15 01:55:36.841#change#{"from":{"line":11,"ch":4,"sticky":null},"to":{"line":11,"ch":4,"sticky":null},"text":["s"],"removed":[""],"origin":"+input"}
2019-5-15 01:55:37.832#change#{"from":{"line":11,"ch":4,"sticky":"after"},"to":{"line":11,"ch":5,"sticky":null},"text":[""],"removed":["s"],"origin":"+delete"}
2019-5-15 01:55:37.832#keyHandled#"Backspace"
2019-5-15 01:55:38.036#change#{"from":{"line":11,"ch":3,"sticky":"after"},"to":{"line":11,"ch":4,"sticky":null},"text":[""],"removed":["o"],"origin":"+delete"}
2019-5-15 01:55:38.036#keyHandled#"Backspace"
2019-5-15 01:55:38.235#change#{"from":{"line":11,"ch":2,"sticky":"after"},"to":{"line":11,"ch":3,"sticky":null},"text":[""],"removed":["n"],"origin":"+delete"}
2019-5-15 01:55:38.235#keyHandled#"Backspace"
2019-5-15 01:55:38.590#change#{"from":{"line":11,"ch":1,"sticky":"after"},"to":{"line":11,"ch":2,"sticky":null},"text":[""],"removed":["a"],"origin":"+delete"}
2019-5-15 01:55:38.590#keyHandled#"Backspace"
2019-5-15 01:55:38.993#change#{"from":{"line":11,"ch":1,"sticky":null},"to":{"line":11,"ch":1,"sticky":null},"text":["c"],"removed":[""],"origin":"+input"}
2019-5-15 01:55:40.712#change#{"from":{"line":11,"ch":5,"sticky":null},"to":{"line":11,"ch":5,"sticky":null},"text":[" "],"removed":[""],"origin":"+input"}
2019-5-15 01:55:40.913#change#{"from":{"line":11,"ch":6,"sticky":null},"to":{"line":11,"ch":6,"sticky":null},"text":["="],"removed":[""],"origin":"+input"}
2019-5-15 01:55:41.066#change#{"from":{"line":11,"ch":7,"sticky":null},"to":{"line":11,"ch":7,"sticky":null},"text":[" "],"removed":[""],"origin":"+input"}
2019-5-15 01:55:41.813#change#{"from":{"line":11,"ch":8,"sticky":null},"to":{"line":11,"ch":8,"sticky":null},"text":["c"],"removed":[""],"origin":"+input"}
2019-5-15 01:55:42.005#change#{"from":{"line":11,"ch":9,"sticky":null},"to":{"line":11,"ch":9,"sticky":null},"text":["o"],"removed":[""],"origin":"+input"}
2019-5-15 01:55:42.323#change#{"from":{"line":11,"ch":10,"sticky":null},"to":{"line":11,"ch":10,"sticky":null},"text":["n"],"removed":[""],"origin":"+input"}
2019-5-15 01:55:42.525#change#{"from":{"line":11,"ch":11,"sticky":null},"to":{"line":11,"ch":11,"sticky":null},"text":["t"],"removed":[""],"origin":"+input"}
2019-5-15 01:55:42.988#change#{"from":{"line":11,"ch":12,"sticky":null},"to":{"line":11,"ch":12,"sticky":null},"text":[" "],"removed":[""],"origin":"+input"}
2019-5-15 01:55:43.339#change#{"from":{"line":11,"ch":13,"sticky":null},"to":{"line":11,"ch":13,"sticky":null},"text":["+"],"removed":[""],"origin":"+input"}
2019-5-15 01:55:43.994#change#{"from":{"line":11,"ch":14,"sticky":null},"to":{"line":11,"ch":14,"sticky":null},"text":["1"],"removed":[""],"origin":"+input"}
2019-5-15 01:55:45.622#keyHandled#"Left"
2019-5-15 01:55:45.953#keyHandled#"Left"
2019-5-15 01:55:46.452#keyHandled#"Right"
2019-5-15 01:55:46.770#change#{"from":{"line":11,"ch":14,"sticky":"before"},"to":{"line":11,"ch":14,"sticky":"before"},"text":[" "],"removed":[""],"origin":"+input"}
2019-5-15 01:55:47.565#keyHandled#"Down"
2019-5-15 01:55:47.565#keyHandled#"Down"
2019-5-15 01:56:19.882#blur#
2019-5-15 01:56:20.738#mousedown#{"isTrusted":true}
2019-5-15 01:56:20.743#focus#
2019-5-15 01:56:28.457#blur#
2019-5-15 01:56:34.838#mousedown#{"isTrusted":true}
2019-5-15 01:56:34.890#focus#
2019-5-15 01:56:35.747#change#{"from":{"line":4,"ch":25,"sticky":"before","xRel":-2.625},"to":{"line":4,"ch":25,"sticky":"before","xRel":-2.625},"text":["c"],"removed":[""],"origin":"+input"}
2019-5-15 01:56:35.747#change#{"from":{"line":4,"ch":25,"sticky":"before","xRel":-2.625},"to":{"line":4,"ch":25,"sticky":"before","xRel":-2.625},"text":["c"],"removed":[""],"origin":"+input"}
2019-5-15 01:56:38.393#saida_testar#$ python3 main.py
qtde. inicial: 5000
crescimento: 2
Traceback (most recent call last):
File "main.py", line 5, in <module>
pira = pira + (pira*cres)
NameError: name 'cres' is not defined
2019-5-15 01:56:38.630#mousedown#{"isTrusted":true}
2019-5-15 01:56:38.988#blur#
2019-5-15 01:57:09.664#mousedown#{"isTrusted":true}
2019-5-15 01:57:09.718#focus#
2019-5-15 01:57:13.222#mousedown#{"isTrusted":true}
2019-5-15 01:57:14.130#change#{"from":{"line":4,"ch":28,"sticky":"after"},"to":{"line":4,"ch":29,"sticky":"before","xRel":22.59375},"text":[""],"removed":[" "],"origin":"+delete"}
2019-5-15 01:57:14.130#keyHandled#"Backspace"
2019-5-15 01:57:14.889#change#{"from":{"line":4,"ch":27,"sticky":"after"},"to":{"line":4,"ch":28,"sticky":null},"text":[""],"removed":["\t"],"origin":"+delete"}
2019-5-15 01:57:14.889#keyHandled#"Backspace"
2019-5-15 01:57:15.215#change#{"from":{"line":4,"ch":26,"sticky":"after"},"to":{"line":4,"ch":27,"sticky":null},"text":[""],"removed":[")"],"origin":"+delete"}
2019-5-15 01:57:15.215#keyHandled#"Backspace"
2019-5-15 01:57:16.479#change#{"from":{"line":4,"ch":26,"sticky":null},"to":{"line":4,"ch":26,"sticky":null},"text":[")"],"removed":[""],"origin":"+input"}
2019-5-15 01:57:17.319#keyHandled#"Down"
2019-5-15 01:57:18.349#keyHandled#"Left"
2019-5-15 01:57:18.849#keyHandled#"Left"
2019-5-15 01:57:18.881#keyHandled#"Left"
2019-5-15 01:57:18.914#keyHandled#"Left"
2019-5-15 01:57:18.946#keyHandled#"Left"
2019-5-15 01:57:18.978#keyHandled#"Left"
2019-5-15 01:57:19.010#keyHandled#"Left"
2019-5-15 01:57:19.046#keyHandled#"Left"
2019-5-15 01:57:19.075#keyHandled#"Left"
2019-5-15 01:57:19.107#keyHandled#"Left"
2019-5-15 01:57:19.143#keyHandled#"Left"
2019-5-15 01:57:19.663#keyHandled#"Left"
2019-5-15 01:57:19.852#keyHandled#"Left"
2019-5-15 01:57:20.025#keyHandled#"Left"
2019-5-15 01:57:20.202#keyHandled#"Left"
2019-5-15 01:57:20.379#keyHandled#"Left"
2019-5-15 01:57:20.599#keyHandled#"Left"
2019-5-15 01:57:20.823#keyHandled#"Left"
2019-5-15 01:57:20.025#keyHandled#"Left"
2019-5-15 01:57:20.202#keyHandled#"Left"
2019-5-15 01:57:20.379#keyHandled#"Left"
2019-5-15 01:57:20.599#keyHandled#"Left"
2019-5-15 01:57:20.823#keyHandled#"Left"
2019-5-15 01:57:24.131#blur#
2019-5-15 01:57:24.229#saida_testar#$ python3 main.py
qtde. inicial: 5000
crescimento: 2
Traceback (most recent call last):
File "main.py", line 6, in <module>
ret=int(float("retirada mensal: "))
ValueError: could not convert string to float: 'retirada mensal: '
2019-5-15 01:57:39.575#mousedown#{"isTrusted":true}
2019-5-15 01:57:39.630#focus#
2019-5-15 01:57:40.565#change#{"from":{"line":5,"ch":13,"sticky":"after"},"to":{"line":5,"ch":14,"sticky":"before","xRel":-3.890625},"text":[""],"removed":["t"],"origin":"+delete"}
2019-5-15 01:57:40.565#keyHandled#"Backspace"
2019-5-15 01:57:40.753#change#{"from":{"line":5,"ch":12,"sticky":"after"},"to":{"line":5,"ch":13,"sticky":null},"text":[""],"removed":["a"],"origin":"+delete"}
2019-5-15 01:57:40.753#keyHandled#"Backspace"
2019-5-15 01:57:40.932#change#{"from":{"line":5,"ch":11,"sticky":"after"},"to":{"line":5,"ch":12,"sticky":null},"text":[""],"removed":["o"],"origin":"+delete"}
2019-5-15 01:57:40.932#keyHandled#"Backspace"
2019-5-15 01:57:41.115#change#{"from":{"line":5,"ch":10,"sticky":"after"},"to":{"line":5,"ch":11,"sticky":null},"text":[""],"removed":["l"],"origin":"+delete"}
2019-5-15 01:57:41.115#keyHandled#"Backspace"
2019-5-15 01:57:41.371#change#{"from":{"line":5,"ch":9,"sticky":"after"},"to":{"line":5,"ch":10,"sticky":null},"text":[""],"removed":["f"],"origin":"+delete"}
2019-5-15 01:57:41.371#keyHandled#"Backspace"
2019-5-15 01:57:42.052#change#{"from":{"line":5,"ch":9,"sticky":null},"to":{"line":5,"ch":9,"sticky":null},"text":["i"],"removed":[""],"origin":"+input"}
2019-5-15 01:57:42.251#change#{"from":{"line":5,"ch":10,"sticky":null},"to":{"line":5,"ch":10,"sticky":null},"text":["n"],"removed":[""],"origin":"+input"}
2019-5-15 01:57:42.622#change#{"from":{"line":5,"ch":11,"sticky":null},"to":{"line":5,"ch":11,"sticky":null},"text":["p"],"removed":[""],"origin":"+input"}
2019-5-15 01:57:42.936#change#{"from":{"line":5,"ch":12,"sticky":null},"to":{"line":5,"ch":12,"sticky":null},"text":["u"],"removed":[""],"origin":"+input"}
2019-5-15 01:57:43.132#change#{"from":{"line":5,"ch":13,"sticky":null},"to":{"line":5,"ch":13,"sticky":null},"text":["t"],"removed":[""],"origin":"+input"}
2019-5-15 01:57:43.132#change#{"from":{"line":5,"ch":13,"sticky":null},"to":{"line":5,"ch":13,"sticky":null},"text":["t"],"removed":[""],"origin":"+input"}
2019-5-15 01:57:46.299#saida_testar#$ python3 main.py
qtde. inicial: 5000
crescimento: 2
Traceback (most recent call last):
File "main.py", line 6, in <module>
ret=int(float("retirada mensal: "))
ValueError: could not convert string to float: 'retirada mensal: '
2019-5-15 01:57:46.781#blur#
2019-5-15 01:58:30.666#mousedown#{"isTrusted":true}
2019-5-15 01:58:30.745#focus#
2019-5-15 01:58:31.566#change#{"from":{"line":12,"ch":0,"sticky":"after"},"to":{"line":12,"ch":1,"sticky":"after","xRel":1.109375},"text":[""],"removed":["\t"],"origin":"+delete"}
2019-5-15 01:58:31.566#keyHandled#"Backspace"
2019-5-15 01:58:32.863#mousedown#{"isTrusted":true}
2019-5-15 01:58:33.335#change#{"from":{"line":13,"ch":0,"sticky":"after"},"to":{"line":13,"ch":1,"sticky":"after","xRel":0.109375},"text":[""],"removed":["\t"],"origin":"+delete"}
2019-5-15 01:58:33.335#keyHandled#"Backspace"
2019-5-15 01:58:33.335#change#{"from":{"line":13,"ch":0,"sticky":"after"},"to":{"line":13,"ch":1,"sticky":"after","xRel":0.109375},"text":[""],"removed":["\t"],"origin":"+delete"}
2019-5-15 01:58:33.335#keyHandled#"Backspace"
2019-5-15 01:58:36.270#saida_testar#$ python3 main.py
qtde. inicial: 5000
crescimento: 2
retirada mensal: 1000
MAXIMO
retirada mensal: 2000
MAXIMO
2019-5-15 01:58:36.708#blur#
2019-5-15 01:59:22.932#mousedown#{"isTrusted":true}
2019-5-15 01:59:22.987#focus#
2019-5-15 01:59:23.927#change#{"from":{"line":12,"ch":0,"sticky":"after","xRel":1.109375},"to":{"line":12,"ch":0,"sticky":"after","xRel":1.109375},"text":["\t"],"removed":[""],"origin":"+input"}
2019-5-15 01:59:23.928#keyHandled#"Tab"
2019-5-15 01:59:23.927#change#{"from":{"line":12,"ch":0,"sticky":"after","xRel":1.109375},"to":{"line":12,"ch":0,"sticky":"after","xRel":1.109375},"text":["\t"],"removed":[""],"origin":"+input"}
2019-5-15 01:59:23.928#keyHandled#"Tab"
2019-5-15 01:59:27.615#blur#
2019-5-15 01:59:28.312#saida_testar#$ python3 main.py
qtde. inicial: 5000
crescimento: 2
retirada mensal: 1000
retirada mensal: 2000
retirada mensal: 3000
retirada mensal: 5000
retirada mensal: 100000
retirada mensal: 22
retirada mensal: 34555
retirada mensal: 18837440
2019-5-15 02:00:01.024#mousedown#{"isTrusted":true}
2019-5-15 02:00:01.101#focus#
2019-5-15 02:00:02.018#change#{"from":{"line":6,"ch":9,"sticky":"after"},"to":{"line":6,"ch":10,"sticky":"before","xRel":-0.890625},"text":[""],"removed":["="],"origin":"+delete"}
2019-5-15 02:00:02.018#keyHandled#"Backspace"
2019-5-15 02:00:02.538#change#{"from":{"line":6,"ch":8,"sticky":"after"},"to":{"line":6,"ch":9,"sticky":null},"text":[""],"removed":["="],"origin":"+delete"}
2019-5-15 02:00:02.538#keyHandled#"Backspace"
2019-5-15 02:00:03.291#change#{"from":{"line":6,"ch":8,"sticky":null},"to":{"line":6,"ch":8,"sticky":null},"text":["]"],"removed":[""],"origin":"+input"}
2019-5-15 02:00:03.789#change#{"from":{"line":6,"ch":9,"sticky":null},"to":{"line":6,"ch":9,"sticky":null},"text":["]"],"removed":[""],"origin":"+input"}
2019-5-15 02:00:03.822#change#{"from":{"line":6,"ch":10,"sticky":null},"to":{"line":6,"ch":10,"sticky":null},"text":["]"],"removed":[""],"origin":"+input"}
2019-5-15 02:00:03.854#change#{"from":{"line":6,"ch":11,"sticky":null},"to":{"line":6,"ch":11,"sticky":null},"text":["]"],"removed":[""],"origin":"+input"}
2019-5-15 02:00:03.878#change#{"from":{"line":6,"ch":12,"sticky":null},"to":{"line":6,"ch":12,"sticky":null},"text":[","],"removed":[""],"origin":"+input"}
2019-5-15 02:00:05.218#change#{"from":{"line":6,"ch":12,"sticky":"after"},"to":{"line":6,"ch":13,"sticky":null},"text":[""],"removed":[","],"origin":"+delete"}
2019-5-15 02:00:05.218#keyHandled#"Backspace"
2019-5-15 02:00:05.412#change#{"from":{"line":6,"ch":11,"sticky":"after"},"to":{"line":6,"ch":12,"sticky":null},"text":[""],"removed":["]"],"origin":"+delete"}
2019-5-15 02:00:05.412#keyHandled#"Backspace"
2019-5-15 02:00:05.599#change#{"from":{"line":6,"ch":10,"sticky":"after"},"to":{"line":6,"ch":11,"sticky":null},"text":[""],"removed":["]"],"origin":"+delete"}
2019-5-15 02:00:05.599#keyHandled#"Backspace"
2019-5-15 02:00:05.773#change#{"from":{"line":6,"ch":9,"sticky":"after"},"to":{"line":6,"ch":10,"sticky":null},"text":[""],"removed":["]"],"origin":"+delete"}
2019-5-15 02:00:05.773#keyHandled#"Backspace"
2019-5-15 02:00:06.196#change#{"from":{"line":6,"ch":8,"sticky":"after"},"to":{"line":6,"ch":9,"sticky":null},"text":[""],"removed":["]"],"origin":"+delete"}
2019-5-15 02:00:06.196#keyHandled#"Backspace"
2019-5-15 02:00:08.104#change#{"from":{"line":6,"ch":8,"sticky":null},"to":{"line":6,"ch":8,"sticky":null},"text":[">"],"removed":[""],"origin":"+input"}
2019-5-15 02:00:10.998#change#{"from":{"line":6,"ch":8,"sticky":"after"},"to":{"line":6,"ch":9,"sticky":null},"text":[""],"removed":[">"],"origin":"+delete"}
2019-5-15 02:00:10.999#keyHandled#"Backspace"
2019-5-15 02:00:11.942#change#{"from":{"line":6,"ch":8,"sticky":null},"to":{"line":6,"ch":8,"sticky":null},"text":["<"],"removed":[""],"origin":"+input"}
2019-5-15 02:00:12.446#change#{"from":{"line":6,"ch":9,"sticky":null},"to":{"line":6,"ch":9,"sticky":null},"text":["="],"removed":[""],"origin":"+input"}
2019-5-15 02:00:16.131#mousedown#{"isTrusted":true}
2019-5-15 02:00:17.402#change#{"from":{"line":3,"ch":22,"sticky":"after","xRel":1.109375},"to":{"line":3,"ch":22,"sticky":"after","xRel":1.109375},"text":["+"],"removed":[""],"origin":"+input"}
2019-5-15 02:00:18.863#change#{"from":{"line":3,"ch":22,"sticky":"after"},"to":{"line":3,"ch":23,"sticky":null},"text":[""],"removed":["+"],"origin":"+delete"}
2019-5-15 02:00:18.863#keyHandled#"Backspace"
2019-5-15 02:00:19.069#change#{"from":{"line":3,"ch":22,"sticky":null},"to":{"line":3,"ch":22,"sticky":null},"text":["="],"removed":[""],"origin":"+input"}
2019-5-15 02:00:20.956#mousedown#{"isTrusted":true}
2019-5-15 02:00:22.886#change#{"from":{"line":3,"ch":10,"sticky":"before","xRel":-0.84375},"to":{"line":3,"ch":10,"sticky":"before","xRel":-0.84375},"text":["="],"removed":[""],"origin":"+input"}
2019-5-15 02:00:22.886#change#{"from":{"line":3,"ch":10,"sticky":"before","xRel":-0.84375},"to":{"line":3,"ch":10,"sticky":"before","xRel":-0.84375},"text":["="],"removed":[""],"origin":"+input"}
2019-5-15 02:00:29.094#blur#
2019-5-15 02:00:29.828#dica_bullet#SyntaxError: invalid syntax
2019-5-15 02:00:30.085#saida_testar#$ python3 main.py
File "main.py", line 4
while(pira=>0 and pira<=8000):
SyntaxError: invalid syntax
2019-5-15 02:00:32.717#dica_open#SyntaxError: invalid syntax
2019-5-15 02:00:37.453#mousedown#{"isTrusted":true}
2019-5-15 02:00:37.457#focus#
2019-5-15 02:00:37.677#dica_close#
2019-5-15 02:00:38.271#change#{"from":{"line":3,"ch":10,"sticky":"after"},"to":{"line":3,"ch":11,"sticky":"before","xRel":-3.890625},"text":[""],"removed":["="],"origin":"+delete"}
2019-5-15 02:00:38.271#keyHandled#"Backspace"
2019-5-15 02:00:40.372#change#{"from":{"line":3,"ch":11,"sticky":"before","xRel":-3.53125},"to":{"line":3,"ch":11,"sticky":"before","xRel":-3.53125},"text":["="],"removed":[""],"origin":"+input"}
2019-5-15 02:00:40.372#change#{"from":{"line":3,"ch":11,"sticky":"before","xRel":-3.53125},"to":{"line":3,"ch":11,"sticky":"before","xRel":-3.53125},"text":["="],"removed":[""],"origin":"+input"}
2019-5-15 02:00:43.246#blur#
2019-5-15 02:00:44.296#saida_testar#$ python3 main.py
2019-5-15 02:01:19.030#mousedown#{"isTrusted":true}
2019-5-15 02:01:19.083#focus#
2019-5-15 02:01:20.353#change#{"from":{"line":6,"ch":9,"sticky":"after"},"to":{"line":6,"ch":10,"sticky":"before","xRel":-0.890625},"text":[""],"removed":["="],"origin":"+delete"}
2019-5-15 02:01:20.353#keyHandled#"Backspace"
2019-5-15 02:01:23.474#change#{"from":{"line":6,"ch":8,"sticky":"after"},"to":{"line":6,"ch":9,"sticky":null},"text":[""],"removed":["<"],"origin":"+delete"}
2019-5-15 02:01:23.474#keyHandled#"Backspace"
2019-5-15 02:01:24.817#change#{"from":{"line":6,"ch":8,"sticky":null},"to":{"line":6,"ch":8,"sticky":null},"text":[">"],"removed":[""],"origin":"+input"}
2019-5-15 02:01:25.439#change#{"from":{"line":6,"ch":9,"sticky":null},"to":{"line":6,"ch":9,"sticky":null},"text":["="],"removed":[""],"origin":"+input"}
2019-5-15 02:01:38.112#blur#
2019-5-15 02:01:38.495#saida_testar#$ python3 main.py
qtde. inicial: 5000
crescimento: 2
retirada mensal: 1000
MAXIMO
retirada mensal: 2000
MAXIMO
retirada mensal: 3000
MAXIMO
retirada mensal: 4000
MAXIMO
retirada mensal: 5000
MAXIMO
2019-5-15 02:01:39.755#mousedown#{"isTrusted":true}
2019-5-15 02:01:39.814#focus#
2019-5-15 02:01:41.108#change#{"from":{"line":12,"ch":0,"sticky":"after"},"to":{"line":12,"ch":1,"sticky":"after","xRel":0.109375},"text":[""],"removed":["\t"],"origin":"+delete"}
2019-5-15 02:01:41.108#keyHandled#"Backspace"
2019-5-15 02:01:41.108#change#{"from":{"line":12,"ch":0,"sticky":"after"},"to":{"line":12,"ch":1,"sticky":"after","xRel":0.109375},"text":[""],"removed":["\t"],"origin":"+delete"}
2019-5-15 02:01:41.108#keyHandled#"Backspace"
2019-5-15 02:01:45.315#blur#
2019-5-15 02:01:46.448#saida_testar#$ python3 main.py
2019-5-15 02:01:46.448#saida_testar#$ python3 main.py
2019-5-15 02:02:10.138#submit#You're almost there! Your code is 33% correct, but if you try harder you'll be able to hit 100% of the question.
2019-5-15 02:02:29.669#mousedown#{"isTrusted":true}
2019-5-15 02:02:29.727#focus#
2019-5-15 02:02:30.954#keyHandled#"Up"
2019-5-15 02:02:31.250#keyHandled#"Up"
2019-5-15 02:02:31.464#keyHandled#"Up"
2019-5-15 02:02:31.656#keyHandled#"Up"
2019-5-15 02:02:31.901#keyHandled#"Up"
2019-5-15 02:02:32.169#keyHandled#"Up"
2019-5-15 02:02:32.618#keyHandled#"Up"
2019-5-15 02:02:33.251#keyHandled#"Up"
2019-5-15 02:02:35.416#keyHandled#"Down"
2019-5-15 02:02:36.226#keyHandled#"Down"
2019-5-15 02:02:37.188#keyHandled#"Up"
2019-5-15 02:02:37.933#keyHandled#"Down"
2019-5-15 02:02:38.712#keyHandled#"Up"
2019-5-15 02:02:39.950#keyHandled#"Left"
2019-5-15 02:02:40.249#keyHandled#"Left"
2019-5-15 02:02:41.502#keyHandled#"Down"
2019-5-15 02:02:41.863#keyHandled#"Down"
2019-5-15 02:02:44.397#keyHandled#"Right"
2019-5-15 02:02:45.320#change#{"from":{"line":3,"ch":11,"sticky":"after"},"to":{"line":3,"ch":12,"sticky":"before"},"text":[""],"removed":["="],"origin":"+delete"}
2019-5-15 02:02:45.320#keyHandled#"Backspace"
2019-5-15 02:02:47.915#mousedown#{"isTrusted":true}
2019-5-15 02:02:48.608#change#{"from":{"line":3,"ch":22,"sticky":"after"},"to":{"line":3,"ch":23,"sticky":"before","xRel":-0.84375},"text":[""],"removed":["="],"origin":"+delete"}
2019-5-15 02:02:48.608#keyHandled#"Backspace"
2019-5-15 02:02:50.715#mousedown#{"isTrusted":true}
2019-5-15 02:02:51.443#change#{"from":{"line":6,"ch":9,"sticky":"after"},"to":{"line":6,"ch":10,"sticky":"before","xRel":-1.890625},"text":[""],"removed":["="],"origin":"+delete"}
2019-5-15 02:02:51.443#keyHandled#"Backspace"
2019-5-15 02:02:51.443#change#{"from":{"line":6,"ch":9,"sticky":"after"},"to":{"line":6,"ch":10,"sticky":"before","xRel":-1.890625},"text":[""],"removed":["="],"origin":"+delete"}
2019-5-15 02:02:51.443#keyHandled#"Backspace"
2019-5-15 02:02:54.448#saida_testar#$ python3 main.py
qtde. inicial: 5000
crescimento: 2
retirada mensal: 1000
retirada mensal: 2000
retirada mensal: 3000
ZERO
2019-5-15 02:02:55.016#blur#
2019-5-15 02:02:55.016#blur#
2019-5-15 02:03:16.697#saida_testar#$ python3 main.py
qtde. inicial: 5000
crescimento: 2
retirada mensal: 1000
retirada mensal: 2000
retirada mensal: 3000
ZERO
2019-5-15 02:03:22.836#dica_bullet#NameError: name 'NOME_DA_VARIAVEL' is not defined
2019-5-15 02:03:28.397#dica_open#NameError: name 'NOME_DA_VARIAVEL' is not defined
2019-5-15 02:03:28.397#dica_open#NameError: name 'NOME_DA_VARIAVEL' is not defined
2019-5-15 02:03:46.448#saida_testar#$ python3 main.py
2019-5-15 02:03:59.324#mousedown#{"isTrusted":true}
2019-5-15 02:03:59.385#focus#
2019-5-15 02:03:59.498#dica_close#
2019-5-15 02:04:00.401#change#{"from":{"line":6,"ch":9,"sticky":"before","xRel":-3.53125},"to":{"line":6,"ch":9,"sticky":"before","xRel":-3.53125},"text":["="],"removed":[""],"origin":"+input"}
2019-5-15 02:04:02.208#blur#
2019-5-15 02:04:06.030#mousedown#{"isTrusted":true}
2019-5-15 02:04:06.098#focus#
2019-5-15 02:04:07.556#change#{"from":{"line":6,"ch":8,"sticky":"after"},"to":{"line":6,"ch":9,"sticky":"after","xRel":3.109375},"text":[""],"removed":[">"],"origin":"+delete"}
2019-5-15 02:04:07.556#keyHandled#"Backspace"
2019-5-15 02:04:09.053#change#{"from":{"line":6,"ch":8,"sticky":null},"to":{"line":6,"ch":8,"sticky":null},"text":["<"],"removed":[""],"origin":"+input"}
2019-5-15 02:04:22.526#change#{"from":{"line":6,"ch":9,"sticky":null},"to":{"line":6,"ch":9,"sticky":null},"text":["6"],"removed":[""],"origin":"+input"}
2019-5-15 02:04:22.912#change#{"from":{"line":6,"ch":10,"sticky":null},"to":{"line":6,"ch":10,"sticky":null},"text":["0"],"removed":[""],"origin":"+input"}
2019-5-15 02:04:23.111#change#{"from":{"line":6,"ch":11,"sticky":null},"to":{"line":6,"ch":11,"sticky":null},"text":["0"],"removed":[""],"origin":"+input"}
2019-5-15 02:04:24.164#keyHandled#"Insert"
2019-5-15 02:04:25.055#change#{"from":{"line":6,"ch":11,"sticky":"after"},"to":{"line":6,"ch":12,"sticky":null},"text":[""],"removed":["0"],"origin":"+delete"}
2019-5-15 02:04:25.055#keyHandled#"Backspace"
2019-5-15 02:04:25.285#change#{"from":{"line":6,"ch":10,"sticky":"after"},"to":{"line":6,"ch":11,"sticky":null},"text":[""],"removed":["0"],"origin":"+delete"}
2019-5-15 02:04:25.285#keyHandled#"Backspace"
2019-5-15 02:04:25.698#change#{"from":{"line":6,"ch":9,"sticky":"after"},"to":{"line":6,"ch":10,"sticky":null},"text":[""],"removed":["6"],"origin":"+delete"}
2019-5-15 02:04:25.698#keyHandled#"Backspace"
2019-5-15 02:04:27.068#blur#
2019-5-15 02:04:27.068#blur#
2019-5-15 02:04:30.445#saida_testar#$ python3 main.py
2019-5-15 02:04:56.597#mousedown#{"isTrusted":true}
2019-5-15 02:04:56.657#focus#
2019-5-15 02:04:57.714#change#{"from":{"line":6,"ch":9,"sticky":"after"},"to":{"line":6,"ch":10,"sticky":"before","xRel":-0.890625},"text":[""],"removed":["="],"origin":"+delete"}
2019-5-15 02:04:57.714#keyHandled#"Backspace"
2019-5-15 02:04:58.033#change#{"from":{"line":6,"ch":8,"sticky":"after"},"to":{"line":6,"ch":9,"sticky":null},"text":[""],"removed":["<"],"origin":"+delete"}
2019-5-15 02:04:58.033#keyHandled#"Backspace"
2019-5-15 02:05:00.139#change#{"from":{"line":6,"ch":8,"sticky":null},"to":{"line":6,"ch":9,"sticky":null},"text":[">"],"removed":["0"],"origin":"+input"}
2019-5-15 02:05:01.354#change#{"from":{"line":6,"ch":9,"sticky":null},"to":{"line":6,"ch":10,"sticky":null},"text":["="],"removed":[")"],"origin":"+input"}
2019-5-15 02:05:02.892#change#{"from":{"line":6,"ch":10,"sticky":null},"to":{"line":6,"ch":11,"sticky":null},"text":["0"],"removed":[":"],"origin":"+input"}
2019-5-15 02:05:04.599#change#{"from":{"line":6,"ch":11,"sticky":null},"to":{"line":6,"ch":11,"sticky":null},"text":[")"],"removed":[""],"origin":"+input"}
2019-5-15 02:05:05.885#change#{"from":{"line":6,"ch":12,"sticky":null},"to":{"line":6,"ch":12,"sticky":null},"text":[":"],"removed":[""],"origin":"+input"}
2019-5-15 02:05:05.885#change#{"from":{"line":6,"ch":12,"sticky":null},"to":{"line":6,"ch":12,"sticky":null},"text":[":"],"removed":[""],"origin":"+input"}
2019-5-15 02:05:08.826#blur#
2019-5-15 02:05:10.344#saida_testar#$ python3 main.py
2019-5-15 02:05:37.413#mousedown#{"isTrusted":true}
2019-5-15 02:05:37.457#focus#
2019-5-15 02:05:38.977#change#{"from":{"line":6,"ch":11,"sticky":"after","xRel":0.109375},"to":{"line":6,"ch":12,"sticky":null},"text":["a"],"removed":[")"],"origin":"+input"}
2019-5-15 02:05:39.226#change#{"from":{"line":6,"ch":12,"sticky":null},"to":{"line":6,"ch":13,"sticky":null},"text":["m"],"removed":[":"],"origin":"+input"}
2019-5-15 02:05:39.474#change#{"from":{"line":6,"ch":13,"sticky":null},"to":{"line":6,"ch":13,"sticky":null},"text":["d"],"removed":[""],"origin":"+input"}
2019-5-15 02:05:40.421#change#{"from":{"line":6,"ch":13,"sticky":"after"},"to":{"line":6,"ch":14,"sticky":null},"text":[""],"removed":["d"],"origin":"+delete"}
2019-5-15 02:05:40.421#keyHandled#"Backspace"
2019-5-15 02:05:40.604#change#{"from":{"line":6,"ch":12,"sticky":"after"},"to":{"line":6,"ch":13,"sticky":null},"text":[""],"removed":["m"],"origin":"+delete"}
2019-5-15 02:05:40.604#keyHandled#"Backspace"
2019-5-15 02:05:41.298#change#{"from":{"line":6,"ch":12,"sticky":null},"to":{"line":6,"ch":12,"sticky":null},"text":[" "],"removed":[""],"origin":"+input"}
2019-5-15 02:05:41.939#change#{"from":{"line":6,"ch":12,"sticky":"after"},"to":{"line":6,"ch":13,"sticky":null},"text":[""],"removed":[" "],"origin":"+delete"}
2019-5-15 02:05:41.939#keyHandled#"Backspace"
2019-5-15 02:05:42.497#change#{"from":{"line":6,"ch":11,"sticky":"after"},"to":{"line":6,"ch":12,"sticky":null},"text":[""],"removed":["a"],"origin":"+delete"}
2019-5-15 02:05:42.497#keyHandled#"Backspace"
2019-5-15 02:05:42.936#change#{"from":{"line":6,"ch":11,"sticky":null},"to":{"line":6,"ch":11,"sticky":null},"text":[" "],"removed":[""],"origin":"+input"}
2019-5-15 02:05:43.710#change#{"from":{"line":6,"ch":12,"sticky":null},"to":{"line":6,"ch":12,"sticky":null},"text":["a"],"removed":[""],"origin":"+input"}
2019-5-15 02:05:43.930#change#{"from":{"line":6,"ch":13,"sticky":null},"to":{"line":6,"ch":13,"sticky":null},"text":["n"],"removed":[""],"origin":"+input"}
2019-5-15 02:05:44.165#change#{"from":{"line":6,"ch":14,"sticky":null},"to":{"line":6,"ch":14,"sticky":null},"text":["d"],"removed":[""],"origin":"+input"}
2019-5-15 02:05:44.671#change#{"from":{"line":6,"ch":15,"sticky":null},"to":{"line":6,"ch":15,"sticky":null},"text":[" "],"removed":[""],"origin":"+input"}
2019-5-15 02:05:45.848#change#{"from":{"line":6,"ch":16,"sticky":null},"to":{"line":6,"ch":16,"sticky":null},"text":["p"],"removed":[""],"origin":"+input"}
2019-5-15 02:05:47.001#change#{"from":{"line":6,"ch":17,"sticky":null},"to":{"line":6,"ch":17,"sticky":null},"text":["i"],"removed":[""],"origin":"+input"}
2019-5-15 02:05:47.285#change#{"from":{"line":6,"ch":18,"sticky":null},"to":{"line":6,"ch":18,"sticky":null},"text":["r"],"removed":[""],"origin":"+input"}
2019-5-15 02:05:47.633#change#{"from":{"line":6,"ch":19,"sticky":null},"to":{"line":6,"ch":19,"sticky":null},"text":["a"],"removed":[""],"origin":"+input"}
2019-5-15 02:05:51.467#change#{"from":{"line":6,"ch":20,"sticky":"after"},"to":{"line":6,"ch":21,"sticky":null},"text":[""],"removed":[" "],"origin":"+delete"}
2019-5-15 02:05:51.467#keyHandled#"Backspace"
2019-5-15 02:05:56.737#change#{"from":{"line":6,"ch":20,"sticky":null},"to":{"line":6,"ch":20,"sticky":null},"text":["<"],"removed":[""],"origin":"+input"}
2019-5-15 02:05:57.865#change#{"from":{"line":6,"ch":21,"sticky":null},"to":{"line":6,"ch":21,"sticky":null},"text":["="],"removed":[""],"origin":"+input"}
2019-5-15 02:05:58.965#change#{"from":{"line":6,"ch":22,"sticky":null},"to":{"line":6,"ch":22,"sticky":null},"text":["8"],"removed":[""],"origin":"+input"}
2019-5-15 02:05:59.638#change#{"from":{"line":6,"ch":24,"sticky":null},"to":{"line":6,"ch":24,"sticky":null},"text":["0"],"removed":[""],"origin":"+input"}
2019-5-15 02:05:59.896#change#{"from":{"line":6,"ch":25,"sticky":null},"to":{"line":6,"ch":25,"sticky":null},"text":["0"],"removed":[""],"origin":"+input"}
2019-5-15 02:06:01.617#change#{"from":{"line":6,"ch":26,"sticky":null},"to":{"line":6,"ch":26,"sticky":null},"text":[")"],"removed":[""],"origin":"+input"}
2019-5-15 02:06:02.467#change#{"from":{"line":6,"ch":27,"sticky":null},"to":{"line":6,"ch":27,"sticky":null},"text":[":"],"removed":[""],"origin":"+input"}
2019-5-15 02:06:18.003#mousedown#{"isTrusted":true}
2019-5-15 02:06:36.438#keyHandled#"Down"
2019-5-15 02:06:36.869#keyHandled#"Down"
2019-5-15 02:06:37.085#keyHandled#"Down"
2019-5-15 02:06:37.291#keyHandled#"Down"
2019-5-15 02:06:37.524#keyHandled#"Down"
2019-5-15 02:06:37.720#keyHandled#"Down"
2019-5-15 02:06:37.951#keyHandled#"Down"
2019-5-15 02:06:38.194#keyHandled#"Down"
2019-5-15 02:06:38.444#keyHandled#"Down"
2019-5-15 02:06:39.748#keyHandled#"Up"
2019-5-15 02:06:40.099#keyHandled#"Up"
2019-5-15 02:06:40.602#keyHandled#"Up"
2019-5-15 02:06:40.634#keyHandled#"Up"
2019-5-15 02:06:40.667#keyHandled#"Up"
2019-5-15 02:06:40.699#keyHandled#"Up"
2019-5-15 02:06:40.731#keyHandled#"Up"
2019-5-15 02:06:40.763#keyHandled#"Up"
2019-5-15 02:06:40.795#keyHandled#"Up"
2019-5-15 02:06:40.997#keyHandled#"Up"
2019-5-15 02:06:41.354#keyHandled#"Up"
2019-5-15 02:06:41.707#keyHandled#"Up"
2019-5-15 02:06:41.988#keyHandled#"Up"
2019-5-15 02:06:42.194#keyHandled#"Up"
2019-5-15 02:06:42.438#keyHandled#"Up"
2019-5-15 02:06:42.676#keyHandled#"Up"
2019-5-15 02:06:42.921#keyHandled#"Up"
2019-5-15 02:06:42.194#keyHandled#"Up"
2019-5-15 02:06:42.438#keyHandled#"Up"
2019-5-15 02:06:42.676#keyHandled#"Up"
2019-5-15 02:06:42.921#keyHandled#"Up"
2019-5-15 02:06:45.422#submit#Congratulations, your code is correct!
2019-5-16 18:15:19.385#viewportChange#0
2019-5-16 18:15:19.930#touchstart#{"isTrusted":true}
2019-5-16 18:18:52.099#touchstart#{"isTrusted":true}
2019-5-16 18:18:54.259#touchstart#{"isTrusted":true}
2019-5-16 18:18:57.166#touchstart#{"isTrusted":true}
