2019-3-24 11:03:10.291#viewportChange#0
2019-3-24 11:03:30.355#mousedown#{"isTrusted":true}
2019-3-24 11:03:30.359#focus#
2019-3-24 11:03:31.669#keyHandled#"Left"
2019-3-24 11:03:31.828#keyHandled#"Left"
2019-3-24 11:03:32.837#change#{"from":{"line":0,"ch":8,"sticky":"after"},"to":{"line":0,"ch":10,"sticky":"before","xRel":-0.21875},"text":["rint(\"A UFAM tem\", 2016 - XXXX, \"anos de fundacao.\")"],"removed":["\"\""],"origin":"paste"}
2019-3-24 11:03:34.117#keyHandled#"Left"
2019-3-24 11:03:34.609#keyHandled#"Left"
2019-3-24 11:03:34.636#keyHandled#"Left"
2019-3-24 11:03:35.122#change#{"from":{"line":0,"ch":8,"sticky":null},"to":{"line":0,"ch":60,"sticky":null},"text":["\"\""],"removed":["rint(\"A UFAM tem\", 2016 - XXXX, \"anos de fundacao.\")"],"origin":"undo"}
2019-3-24 11:03:35.122#keyHandled#"Ctrl-Z"
2019-3-24 11:03:37.021#blur#
2019-3-24 11:03:41.252#mousedown#{"isTrusted":true}
2019-3-24 11:03:41.256#focus#
2019-3-24 11:03:41.705#keyHandled#"Left"
2019-3-24 11:03:42.479#change#{"from":{"line":0,"ch":9,"sticky":"after"},"to":{"line":0,"ch":9,"sticky":"after"},"text":["Ada Lovelace foi a primeira programadora da historia"],"removed":[""],"origin":"paste"}
2019-3-24 11:03:44.350#mousedown#{"isTrusted":true}
2019-3-24 11:03:45.477#keyHandled#"Left"
2019-3-24 11:03:46.787#keyHandled#"Left"
2019-3-24 11:03:48.670#change#{"from":{"line":1,"ch":6,"sticky":"before"},"to":{"line":1,"ch":6,"sticky":"before"},"text":["u"],"removed":[""],"origin":"+input"}
2019-3-24 11:03:49.205#change#{"from":{"line":1,"ch":7,"sticky":null},"to":{"line":1,"ch":7,"sticky":null},"text":["p"],"removed":[""],"origin":"+input"}
2019-3-24 11:03:49.327#change#{"from":{"line":1,"ch":8,"sticky":null},"to":{"line":1,"ch":8,"sticky":null},"text":["p"],"removed":[""],"origin":"+input"}
2019-3-24 11:03:49.914#change#{"from":{"line":1,"ch":9,"sticky":null},"to":{"line":1,"ch":9,"sticky":null},"text":["e"],"removed":[""],"origin":"+input"}
2019-3-24 11:03:50.080#change#{"from":{"line":1,"ch":10,"sticky":null},"to":{"line":1,"ch":10,"sticky":null},"text":["r"],"removed":[""],"origin":"+input"}
2019-3-24 11:03:52.149#change#{"from":{"line":1,"ch":11,"sticky":null},"to":{"line":1,"ch":11,"sticky":null},"text":[","],"removed":[""],"origin":"+input"}
2019-3-24 11:03:53.039#change#{"from":{"line":1,"ch":11,"sticky":"after"},"to":{"line":1,"ch":12,"sticky":null},"text":[""],"removed":[","],"origin":"+delete"}
2019-3-24 11:03:53.039#keyHandled#"Backspace"
2019-3-24 11:03:53.745#change#{"from":{"line":1,"ch":11,"sticky":null},"to":{"line":1,"ch":11,"sticky":null},"text":["."],"removed":[""],"origin":"+input"}
2019-3-24 11:04:13.316#keyHandled#"Left"
2019-3-24 11:04:14.160#keyHandled#"Right"
2019-3-24 11:04:14.549#change#{"from":{"line":1,"ch":11,"sticky":"after"},"to":{"line":1,"ch":12,"sticky":"before"},"text":[""],"removed":["."],"origin":"+delete"}
2019-3-24 11:04:14.550#keyHandled#"Backspace"
2019-3-24 11:04:14.745#change#{"from":{"line":1,"ch":10,"sticky":"after"},"to":{"line":1,"ch":11,"sticky":null},"text":[""],"removed":["r"],"origin":"+delete"}
2019-3-24 11:04:14.745#keyHandled#"Backspace"
2019-3-24 11:04:14.846#change#{"from":{"line":1,"ch":9,"sticky":"after"},"to":{"line":1,"ch":10,"sticky":null},"text":[""],"removed":["e"],"origin":"+delete"}
2019-3-24 11:04:14.846#keyHandled#"Backspace"
2019-3-24 11:04:15.021#change#{"from":{"line":1,"ch":8,"sticky":"after"},"to":{"line":1,"ch":9,"sticky":null},"text":[""],"removed":["p"],"origin":"+delete"}
2019-3-24 11:04:15.021#keyHandled#"Backspace"
2019-3-24 11:04:15.137#change#{"from":{"line":1,"ch":7,"sticky":"after"},"to":{"line":1,"ch":8,"sticky":null},"text":[""],"removed":["p"],"origin":"+delete"}
2019-3-24 11:04:15.137#keyHandled#"Backspace"
2019-3-24 11:04:16.062#change#{"from":{"line":1,"ch":6,"sticky":"after"},"to":{"line":1,"ch":7,"sticky":null},"text":[""],"removed":["u"],"origin":"+delete"}
2019-3-24 11:04:16.062#keyHandled#"Backspace"
2019-3-24 11:04:16.640#keyHandled#"Right"
2019-3-24 11:04:16.850#keyHandled#"Right"
2019-3-24 11:04:17.086#keyHandled#"Right"
2019-3-24 11:04:17.341#keyHandled#"Right"
2019-3-24 11:04:17.414#keyHandled#"Right"
2019-3-24 11:04:17.536#keyHandled#"Right"
2019-3-24 11:04:18.349#keyHandled#"Left"
2019-3-24 11:04:19.014#change#{"from":{"line":1,"ch":12,"sticky":"after"},"to":{"line":1,"ch":12,"sticky":"after"},"text":["u"],"removed":[""],"origin":"+input"}
2019-3-24 11:04:19.312#change#{"from":{"line":1,"ch":13,"sticky":null},"to":{"line":1,"ch":13,"sticky":null},"text":["p"],"removed":[""],"origin":"+input"}
2019-3-24 11:04:19.476#change#{"from":{"line":1,"ch":14,"sticky":null},"to":{"line":1,"ch":14,"sticky":null},"text":["p"],"removed":[""],"origin":"+input"}
2019-3-24 11:04:19.611#change#{"from":{"line":1,"ch":15,"sticky":null},"to":{"line":1,"ch":15,"sticky":null},"text":["e"],"removed":[""],"origin":"+input"}
2019-3-24 11:04:19.843#change#{"from":{"line":1,"ch":16,"sticky":null},"to":{"line":1,"ch":16,"sticky":null},"text":["r"],"removed":[""],"origin":"+input"}
2019-3-24 11:04:20.952#change#{"from":{"line":1,"ch":17,"sticky":null},"to":{"line":1,"ch":18,"sticky":"before"},"text":[""],"removed":["?"],"origin":"+delete"}
2019-3-24 11:04:20.952#keyHandled#"Delete"
2019-3-24 11:04:21.257#change#{"from":{"line":1,"ch":17,"sticky":null},"to":{"line":1,"ch":18,"sticky":"before"},"text":[""],"removed":["?"],"origin":"+delete"}
2019-3-24 11:04:21.257#keyHandled#"Delete"
2019-3-24 11:04:21.632#change#{"from":{"line":1,"ch":17,"sticky":null},"to":{"line":1,"ch":18,"sticky":"before"},"text":[""],"removed":["?"],"origin":"+delete"}
2019-3-24 11:04:21.632#keyHandled#"Delete"
2019-3-24 11:04:23.760#blur#
2019-3-24 11:04:23.760#blur#
2019-3-24 11:04:25.048#submit#Your code did not produce the correct output. Please, correct your code and try again.
2019-3-24 11:04:43.965#mousedown#{"isTrusted":true}
2019-3-24 11:04:43.968#focus#
2019-3-24 11:04:44.517#keyHandled#"Right"
2019-3-24 11:04:44.855#keyHandled#"Right"
2019-3-24 11:04:45.099#keyHandled#"Right"
2019-3-24 11:04:46.573#keyHandled#"Right"
2019-3-24 11:04:47.028#keyHandled#"Left"
2019-3-24 11:04:48.030#change#{"from":{"line":1,"ch":17,"sticky":"after"},"to":{"line":1,"ch":17,"sticky":"after"},"text":["()"],"removed":[""],"origin":"+input"}
2019-3-24 11:04:48.030#keyHandled#"'('"
2019-3-24 11:04:49.015#keyHandled#"Right"
2019-3-24 11:04:49.172#keyHandled#"Right"
2019-3-24 11:04:50.433#blur#
2019-3-24 11:04:50.433#blur#
2019-3-24 11:04:51.558#submit#Your code did not produce the correct output. Please, correct your code and try again.
2019-3-24 11:04:58.903#mousedown#{"isTrusted":true}
2019-3-24 11:04:58.913#focus#
2019-3-24 11:05:00.690#copy#{"isTrusted":true}
2019-3-24 11:05:02.120#mousedown#{"isTrusted":true}
2019-3-24 11:05:04.660#change#{"from":{"line":1,"ch":6,"sticky":"after","xRel":1.4478759765625},"to":{"line":1,"ch":11,"sticky":"before","xRel":-3.19793701171875},"text":["\"Ada Lovelace foi a primeira programadora da historia\""],"removed":["frase"],"origin":"paste"}
2019-3-24 11:05:06.737#blur#
2019-3-24 11:46:52.395#viewportChange#0
2019-3-24 11:46:58.242#mousedown#{"isTrusted":true}
2019-3-24 11:46:58.251#focus#
2019-3-24 11:47:00.419#change#{"from":{"line":1,"ch":68,"sticky":"after"},"to":{"line":1,"ch":69,"sticky":null,"xRel":1,"outside":true},"text":[""],"removed":[")"],"origin":"+delete"}
2019-3-24 11:47:00.419#keyHandled#"Backspace"
2019-3-24 11:47:00.488#change#{"from":{"line":1,"ch":67,"sticky":"after"},"to":{"line":1,"ch":68,"sticky":null},"text":[""],"removed":[")"],"origin":"+delete"}
2019-3-24 11:47:00.488#keyHandled#"Backspace"
2019-3-24 11:47:00.978#change#{"from":{"line":1,"ch":66,"sticky":"after"},"to":{"line":1,"ch":67,"sticky":null},"text":[""],"removed":["("],"origin":"+delete"}
2019-3-24 11:47:00.978#keyHandled#"Backspace"
2019-3-24 11:47:01.008#change#{"from":{"line":1,"ch":65,"sticky":"after"},"to":{"line":1,"ch":66,"sticky":null},"text":[""],"removed":["r"],"origin":"+delete"}
2019-3-24 11:47:01.008#keyHandled#"Backspace"
2019-3-24 11:47:01.037#change#{"from":{"line":1,"ch":64,"sticky":"after"},"to":{"line":1,"ch":65,"sticky":null},"text":[""],"removed":["e"],"origin":"+delete"}
2019-3-24 11:47:01.037#keyHandled#"Backspace"
2019-3-24 11:47:01.067#change#{"from":{"line":1,"ch":63,"sticky":"after"},"to":{"line":1,"ch":64,"sticky":null},"text":[""],"removed":["p"],"origin":"+delete"}
2019-3-24 11:47:01.067#keyHandled#"Backspace"
2019-3-24 11:47:01.097#change#{"from":{"line":1,"ch":62,"sticky":"after"},"to":{"line":1,"ch":63,"sticky":null},"text":[""],"removed":["p"],"origin":"+delete"}
2019-3-24 11:47:01.097#keyHandled#"Backspace"
2019-3-24 11:47:01.127#change#{"from":{"line":1,"ch":61,"sticky":"after"},"to":{"line":1,"ch":62,"sticky":null},"text":[""],"removed":["u"],"origin":"+delete"}
2019-3-24 11:47:01.127#keyHandled#"Backspace"
2019-3-24 11:47:01.157#change#{"from":{"line":1,"ch":60,"sticky":"after"},"to":{"line":1,"ch":61,"sticky":null},"text":[""],"removed":["."],"origin":"+delete"}
2019-3-24 11:47:01.157#keyHandled#"Backspace"
2019-3-24 11:47:01.186#change#{"from":{"line":1,"ch":59,"sticky":"after"},"to":{"line":1,"ch":60,"sticky":null},"text":[""],"removed":["\""],"origin":"+delete"}
2019-3-24 11:47:01.186#keyHandled#"Backspace"
2019-3-24 11:47:01.216#change#{"from":{"line":1,"ch":58,"sticky":"after"},"to":{"line":1,"ch":59,"sticky":null},"text":[""],"removed":["a"],"origin":"+delete"}
2019-3-24 11:47:01.216#keyHandled#"Backspace"
2019-3-24 11:47:01.246#change#{"from":{"line":1,"ch":57,"sticky":"after"},"to":{"line":1,"ch":58,"sticky":null},"text":[""],"removed":["i"],"origin":"+delete"}
2019-3-24 11:47:01.246#keyHandled#"Backspace"
2019-3-24 11:47:01.276#change#{"from":{"line":1,"ch":56,"sticky":"after"},"to":{"line":1,"ch":57,"sticky":null},"text":[""],"removed":["r"],"origin":"+delete"}
2019-3-24 11:47:01.276#keyHandled#"Backspace"
2019-3-24 11:47:01.306#change#{"from":{"line":1,"ch":55,"sticky":"after"},"to":{"line":1,"ch":56,"sticky":null},"text":[""],"removed":["o"],"origin":"+delete"}
2019-3-24 11:47:01.306#keyHandled#"Backspace"
2019-3-24 11:47:01.337#change#{"from":{"line":1,"ch":54,"sticky":"after"},"to":{"line":1,"ch":55,"sticky":null},"text":[""],"removed":["t"],"origin":"+delete"}
2019-3-24 11:47:01.337#keyHandled#"Backspace"
2019-3-24 11:47:01.366#change#{"from":{"line":1,"ch":53,"sticky":"after"},"to":{"line":1,"ch":54,"sticky":null},"text":[""],"removed":["s"],"origin":"+delete"}
2019-3-24 11:47:01.367#keyHandled#"Backspace"
2019-3-24 11:47:01.396#change#{"from":{"line":1,"ch":52,"sticky":"after"},"to":{"line":1,"ch":53,"sticky":null},"text":[""],"removed":["i"],"origin":"+delete"}
2019-3-24 11:47:01.396#keyHandled#"Backspace"
2019-3-24 11:47:01.425#change#{"from":{"line":1,"ch":51,"sticky":"after"},"to":{"line":1,"ch":52,"sticky":null},"text":[""],"removed":["h"],"origin":"+delete"}
2019-3-24 11:47:01.425#keyHandled#"Backspace"
2019-3-24 11:47:01.455#change#{"from":{"line":1,"ch":50,"sticky":"after"},"to":{"line":1,"ch":51,"sticky":null},"text":[""],"removed":[" "],"origin":"+delete"}
2019-3-24 11:47:01.455#keyHandled#"Backspace"
2019-3-24 11:47:01.485#change#{"from":{"line":1,"ch":49,"sticky":"after"},"to":{"line":1,"ch":50,"sticky":null},"text":[""],"removed":["a"],"origin":"+delete"}
2019-3-24 11:47:01.485#keyHandled#"Backspace"
2019-3-24 11:47:01.514#change#{"from":{"line":1,"ch":48,"sticky":"after"},"to":{"line":1,"ch":49,"sticky":null},"text":[""],"removed":["d"],"origin":"+delete"}
2019-3-24 11:47:01.514#keyHandled#"Backspace"
2019-3-24 11:47:01.545#change#{"from":{"line":1,"ch":47,"sticky":"after"},"to":{"line":1,"ch":48,"sticky":null},"text":[""],"removed":[" "],"origin":"+delete"}
2019-3-24 11:47:01.545#keyHandled#"Backspace"
2019-3-24 11:47:01.574#change#{"from":{"line":1,"ch":46,"sticky":"after"},"to":{"line":1,"ch":47,"sticky":null},"text":[""],"removed":["a"],"origin":"+delete"}
2019-3-24 11:47:01.574#keyHandled#"Backspace"
2019-3-24 11:47:01.603#change#{"from":{"line":1,"ch":45,"sticky":"after"},"to":{"line":1,"ch":46,"sticky":null},"text":[""],"removed":["r"],"origin":"+delete"}
2019-3-24 11:47:01.603#keyHandled#"Backspace"
2019-3-24 11:47:01.634#change#{"from":{"line":1,"ch":44,"sticky":"after"},"to":{"line":1,"ch":45,"sticky":null},"text":[""],"removed":["o"],"origin":"+delete"}
2019-3-24 11:47:01.634#keyHandled#"Backspace"
2019-3-24 11:47:01.663#change#{"from":{"line":1,"ch":43,"sticky":"after"},"to":{"line":1,"ch":44,"sticky":null},"text":[""],"removed":["d"],"origin":"+delete"}
2019-3-24 11:47:01.663#keyHandled#"Backspace"
2019-3-24 11:47:01.694#change#{"from":{"line":1,"ch":42,"sticky":"after"},"to":{"line":1,"ch":43,"sticky":null},"text":[""],"removed":["a"],"origin":"+delete"}
2019-3-24 11:47:01.694#keyHandled#"Backspace"
2019-3-24 11:47:01.723#change#{"from":{"line":1,"ch":41,"sticky":"after"},"to":{"line":1,"ch":42,"sticky":null},"text":[""],"removed":["m"],"origin":"+delete"}
2019-3-24 11:47:01.723#keyHandled#"Backspace"
2019-3-24 11:47:01.752#change#{"from":{"line":1,"ch":40,"sticky":"after"},"to":{"line":1,"ch":41,"sticky":null},"text":[""],"removed":["a"],"origin":"+delete"}
2019-3-24 11:47:01.752#keyHandled#"Backspace"
2019-3-24 11:47:01.782#change#{"from":{"line":1,"ch":39,"sticky":"after"},"to":{"line":1,"ch":40,"sticky":null},"text":[""],"removed":["r"],"origin":"+delete"}
2019-3-24 11:47:01.782#keyHandled#"Backspace"
2019-3-24 11:47:01.812#change#{"from":{"line":1,"ch":38,"sticky":"after"},"to":{"line":1,"ch":39,"sticky":null},"text":[""],"removed":["g"],"origin":"+delete"}
2019-3-24 11:47:01.812#keyHandled#"Backspace"
2019-3-24 11:47:01.842#change#{"from":{"line":1,"ch":37,"sticky":"after"},"to":{"line":1,"ch":38,"sticky":null},"text":[""],"removed":["o"],"origin":"+delete"}
2019-3-24 11:47:01.842#keyHandled#"Backspace"
2019-3-24 11:47:01.871#change#{"from":{"line":1,"ch":36,"sticky":"after"},"to":{"line":1,"ch":37,"sticky":null},"text":[""],"removed":["r"],"origin":"+delete"}
2019-3-24 11:47:01.872#keyHandled#"Backspace"
2019-3-24 11:47:01.901#change#{"from":{"line":1,"ch":35,"sticky":"after"},"to":{"line":1,"ch":36,"sticky":null},"text":[""],"removed":["p"],"origin":"+delete"}
2019-3-24 11:47:01.901#keyHandled#"Backspace"
2019-3-24 11:47:01.931#change#{"from":{"line":1,"ch":34,"sticky":"after"},"to":{"line":1,"ch":35,"sticky":null},"text":[""],"removed":[" "],"origin":"+delete"}
2019-3-24 11:47:01.931#keyHandled#"Backspace"
2019-3-24 11:47:01.961#change#{"from":{"line":1,"ch":33,"sticky":"after"},"to":{"line":1,"ch":34,"sticky":null},"text":[""],"removed":["a"],"origin":"+delete"}
2019-3-24 11:47:01.961#keyHandled#"Backspace"
2019-3-24 11:47:01.991#change#{"from":{"line":1,"ch":32,"sticky":"after"},"to":{"line":1,"ch":33,"sticky":null},"text":[""],"removed":["r"],"origin":"+delete"}
2019-3-24 11:47:01.991#keyHandled#"Backspace"
2019-3-24 11:47:02.021#change#{"from":{"line":1,"ch":31,"sticky":"after"},"to":{"line":1,"ch":32,"sticky":null},"text":[""],"removed":["i"],"origin":"+delete"}
2019-3-24 11:47:02.021#keyHandled#"Backspace"
2019-3-24 11:47:02.051#change#{"from":{"line":1,"ch":30,"sticky":"after"},"to":{"line":1,"ch":31,"sticky":null},"text":[""],"removed":["e"],"origin":"+delete"}
2019-3-24 11:47:02.051#keyHandled#"Backspace"
2019-3-24 11:47:02.086#change#{"from":{"line":1,"ch":29,"sticky":"after"},"to":{"line":1,"ch":30,"sticky":null},"text":[""],"removed":["m"],"origin":"+delete"}
2019-3-24 11:47:02.086#keyHandled#"Backspace"
2019-3-24 11:47:02.110#change#{"from":{"line":1,"ch":28,"sticky":"after"},"to":{"line":1,"ch":29,"sticky":null},"text":[""],"removed":["i"],"origin":"+delete"}
2019-3-24 11:47:02.110#keyHandled#"Backspace"
2019-3-24 11:47:02.140#change#{"from":{"line":1,"ch":27,"sticky":"after"},"to":{"line":1,"ch":28,"sticky":null},"text":[""],"removed":["r"],"origin":"+delete"}
2019-3-24 11:47:02.140#keyHandled#"Backspace"
2019-3-24 11:47:02.169#change#{"from":{"line":1,"ch":26,"sticky":"after"},"to":{"line":1,"ch":27,"sticky":null},"text":[""],"removed":["p"],"origin":"+delete"}
2019-3-24 11:47:02.169#keyHandled#"Backspace"
2019-3-24 11:47:02.199#change#{"from":{"line":1,"ch":25,"sticky":"after"},"to":{"line":1,"ch":26,"sticky":null},"text":[""],"removed":[" "],"origin":"+delete"}
2019-3-24 11:47:02.199#keyHandled#"Backspace"
2019-3-24 11:47:02.229#change#{"from":{"line":1,"ch":24,"sticky":"after"},"to":{"line":1,"ch":25,"sticky":null},"text":[""],"removed":["a"],"origin":"+delete"}
2019-3-24 11:47:02.230#keyHandled#"Backspace"
2019-3-24 11:47:02.259#change#{"from":{"line":1,"ch":23,"sticky":"after"},"to":{"line":1,"ch":24,"sticky":null},"text":[""],"removed":[" "],"origin":"+delete"}
2019-3-24 11:47:02.259#keyHandled#"Backspace"
2019-3-24 11:47:02.289#change#{"from":{"line":1,"ch":22,"sticky":"after"},"to":{"line":1,"ch":23,"sticky":null},"text":[""],"removed":["i"],"origin":"+delete"}
2019-3-24 11:47:02.289#keyHandled#"Backspace"
2019-3-24 11:47:02.320#change#{"from":{"line":1,"ch":21,"sticky":"after"},"to":{"line":1,"ch":22,"sticky":null},"text":[""],"removed":["o"],"origin":"+delete"}
2019-3-24 11:47:02.320#keyHandled#"Backspace"
2019-3-24 11:47:02.350#change#{"from":{"line":1,"ch":20,"sticky":"after"},"to":{"line":1,"ch":21,"sticky":null},"text":[""],"removed":["f"],"origin":"+delete"}
2019-3-24 11:47:02.350#keyHandled#"Backspace"
2019-3-24 11:47:02.382#change#{"from":{"line":1,"ch":19,"sticky":"after"},"to":{"line":1,"ch":20,"sticky":null},"text":[""],"removed":[" "],"origin":"+delete"}
2019-3-24 11:47:02.382#keyHandled#"Backspace"
2019-3-24 11:47:02.412#change#{"from":{"line":1,"ch":18,"sticky":"after"},"to":{"line":1,"ch":19,"sticky":null},"text":[""],"removed":["e"],"origin":"+delete"}
2019-3-24 11:47:02.412#keyHandled#"Backspace"
2019-3-24 11:47:02.442#change#{"from":{"line":1,"ch":17,"sticky":"after"},"to":{"line":1,"ch":18,"sticky":null},"text":[""],"removed":["c"],"origin":"+delete"}
2019-3-24 11:47:02.442#keyHandled#"Backspace"
2019-3-24 11:47:02.471#change#{"from":{"line":1,"ch":16,"sticky":"after"},"to":{"line":1,"ch":17,"sticky":null},"text":[""],"removed":["a"],"origin":"+delete"}
2019-3-24 11:47:02.471#keyHandled#"Backspace"
2019-3-24 11:47:02.711#change#{"from":{"line":1,"ch":15,"sticky":"after"},"to":{"line":1,"ch":16,"sticky":null},"text":[""],"removed":["l"],"origin":"+delete"}
2019-3-24 11:47:02.711#keyHandled#"Backspace"
2019-3-24 11:47:03.201#change#{"from":{"line":1,"ch":14,"sticky":"after"},"to":{"line":1,"ch":15,"sticky":null},"text":[""],"removed":["e"],"origin":"+delete"}
2019-3-24 11:47:03.201#keyHandled#"Backspace"
2019-3-24 11:47:03.230#change#{"from":{"line":1,"ch":13,"sticky":"after"},"to":{"line":1,"ch":14,"sticky":null},"text":[""],"removed":["v"],"origin":"+delete"}
2019-3-24 11:47:03.231#keyHandled#"Backspace"
2019-3-24 11:47:03.260#change#{"from":{"line":1,"ch":12,"sticky":"after"},"to":{"line":1,"ch":13,"sticky":null},"text":[""],"removed":["o"],"origin":"+delete"}
2019-3-24 11:47:03.260#keyHandled#"Backspace"
2019-3-24 11:47:03.290#change#{"from":{"line":1,"ch":11,"sticky":"after"},"to":{"line":1,"ch":12,"sticky":null},"text":[""],"removed":["L"],"origin":"+delete"}
2019-3-24 11:47:03.290#keyHandled#"Backspace"
2019-3-24 11:47:03.319#change#{"from":{"line":1,"ch":10,"sticky":"after"},"to":{"line":1,"ch":11,"sticky":null},"text":[""],"removed":[" "],"origin":"+delete"}
2019-3-24 11:47:03.319#keyHandled#"Backspace"
2019-3-24 11:47:03.349#change#{"from":{"line":1,"ch":9,"sticky":"after"},"to":{"line":1,"ch":10,"sticky":null},"text":[""],"removed":["a"],"origin":"+delete"}
2019-3-24 11:47:03.349#keyHandled#"Backspace"
2019-3-24 11:47:03.379#change#{"from":{"line":1,"ch":8,"sticky":"after"},"to":{"line":1,"ch":9,"sticky":null},"text":[""],"removed":["d"],"origin":"+delete"}
2019-3-24 11:47:03.379#keyHandled#"Backspace"
2019-3-24 11:47:03.409#change#{"from":{"line":1,"ch":7,"sticky":"after"},"to":{"line":1,"ch":8,"sticky":null},"text":[""],"removed":["A"],"origin":"+delete"}
2019-3-24 11:47:03.410#keyHandled#"Backspace"
2019-3-24 11:47:03.438#change#{"from":{"line":1,"ch":6,"sticky":"after"},"to":{"line":1,"ch":7,"sticky":null},"text":[""],"removed":["\""],"origin":"+delete"}
2019-3-24 11:47:03.438#keyHandled#"Backspace"
2019-3-24 11:47:03.469#change#{"from":{"line":1,"ch":5,"sticky":"after"},"to":{"line":1,"ch":6,"sticky":null},"text":[""],"removed":["("],"origin":"+delete"}
2019-3-24 11:47:03.469#keyHandled#"Backspace"
2019-3-24 11:47:03.762#change#{"from":{"line":1,"ch":4,"sticky":"after"},"to":{"line":1,"ch":5,"sticky":null},"text":[""],"removed":["t"],"origin":"+delete"}
2019-3-24 11:47:03.762#keyHandled#"Backspace"
2019-3-24 11:47:03.998#change#{"from":{"line":1,"ch":3,"sticky":"after"},"to":{"line":1,"ch":4,"sticky":null},"text":[""],"removed":["n"],"origin":"+delete"}
2019-3-24 11:47:03.998#keyHandled#"Backspace"
2019-3-24 11:47:04.182#change#{"from":{"line":1,"ch":2,"sticky":"after"},"to":{"line":1,"ch":3,"sticky":null},"text":[""],"removed":["i"],"origin":"+delete"}
2019-3-24 11:47:04.182#keyHandled#"Backspace"
2019-3-24 11:47:04.299#change#{"from":{"line":1,"ch":1,"sticky":"after"},"to":{"line":1,"ch":2,"sticky":null},"text":[""],"removed":["r"],"origin":"+delete"}
2019-3-24 11:47:04.299#keyHandled#"Backspace"
2019-3-24 11:47:04.575#change#{"from":{"line":1,"ch":0,"sticky":"after"},"to":{"line":1,"ch":1,"sticky":null},"text":[""],"removed":["p"],"origin":"+delete"}
2019-3-24 11:47:04.575#keyHandled#"Backspace"
2019-3-24 11:47:06.552#change#{"from":{"line":1,"ch":0,"sticky":null},"to":{"line":1,"ch":0,"sticky":null},"text":["p"],"removed":[""],"origin":"+input"}
2019-3-24 11:47:06.696#change#{"from":{"line":1,"ch":1,"sticky":null},"to":{"line":1,"ch":1,"sticky":null},"text":["r"],"removed":[""],"origin":"+input"}
2019-3-24 11:47:06.804#change#{"from":{"line":1,"ch":2,"sticky":null},"to":{"line":1,"ch":2,"sticky":null},"text":["i"],"removed":[""],"origin":"+input"}
2019-3-24 11:47:07.119#change#{"from":{"line":1,"ch":3,"sticky":null},"to":{"line":1,"ch":3,"sticky":null},"text":["n"],"removed":[""],"origin":"+input"}
2019-3-24 11:47:07.602#change#{"from":{"line":1,"ch":4,"sticky":null},"to":{"line":1,"ch":4,"sticky":null},"text":["t"],"removed":[""],"origin":"+input"}
2019-3-24 11:47:08.585#change#{"from":{"line":1,"ch":5,"sticky":null},"to":{"line":1,"ch":5,"sticky":null},"text":["()"],"removed":[""],"origin":"+input"}
2019-3-24 11:47:08.585#keyHandled#"'('"
2019-3-24 11:47:10.049#change#{"from":{"line":1,"ch":6,"sticky":"after"},"to":{"line":1,"ch":6,"sticky":"after"},"text":["f"],"removed":[""],"origin":"+input"}
2019-3-24 11:47:10.265#change#{"from":{"line":1,"ch":7,"sticky":null},"to":{"line":1,"ch":7,"sticky":null},"text":["r"],"removed":[""],"origin":"+input"}
2019-3-24 11:47:10.485#change#{"from":{"line":1,"ch":8,"sticky":null},"to":{"line":1,"ch":8,"sticky":null},"text":["a"],"removed":[""],"origin":"+input"}
2019-3-24 11:47:10.849#change#{"from":{"line":1,"ch":10,"sticky":null},"to":{"line":1,"ch":10,"sticky":null},"text":["e"],"removed":[""],"origin":"+input"}
2019-3-24 11:47:11.698#change#{"from":{"line":1,"ch":11,"sticky":null},"to":{"line":1,"ch":11,"sticky":null},"text":["."],"removed":[""],"origin":"+input"}
2019-3-24 11:47:12.544#change#{"from":{"line":1,"ch":12,"sticky":null},"to":{"line":1,"ch":12,"sticky":null},"text":["u"],"removed":[""],"origin":"+input"}
2019-3-24 11:47:13.083#change#{"from":{"line":1,"ch":13,"sticky":null},"to":{"line":1,"ch":13,"sticky":null},"text":["p"],"removed":[""],"origin":"+input"}
2019-3-24 11:47:13.229#change#{"from":{"line":1,"ch":14,"sticky":null},"to":{"line":1,"ch":14,"sticky":null},"text":["p"],"removed":[""],"origin":"+input"}
2019-3-24 11:47:13.487#change#{"from":{"line":1,"ch":15,"sticky":null},"to":{"line":1,"ch":15,"sticky":null},"text":["e"],"removed":[""],"origin":"+input"}
2019-3-24 11:47:13.719#change#{"from":{"line":1,"ch":16,"sticky":null},"to":{"line":1,"ch":16,"sticky":null},"text":["r"],"removed":[""],"origin":"+input"}
2019-3-24 11:47:14.709#change#{"from":{"line":1,"ch":17,"sticky":null},"to":{"line":1,"ch":17,"sticky":null},"text":["()"],"removed":[""],"origin":"+input"}
2019-3-24 11:47:14.709#keyHandled#"'('"
2019-3-24 11:47:15.813#keyHandled#"Right"
2019-3-24 11:47:16.105#keyHandled#"Right"
2019-3-24 11:47:16.384#keyHandled#"Right"
2019-3-24 11:47:20.244#mousedown#{"isTrusted":true}
2019-3-24 11:47:21.012#keyHandled#"Right"
2019-3-24 11:47:21.803#change#{"from":{"line":0,"ch":61,"sticky":"before"},"to":{"line":0,"ch":61,"sticky":"before"},"text":["."],"removed":[""],"origin":"+input"}
2019-3-24 11:47:23.247#blur#
2019-3-24 11:49:35.426#viewportChange#0
2019-4-1 21:13:57.963#viewportChange#0
2019-6-25 21:45:12.523#viewportChange#0
2019-6-25 21:45:23.967#touchstart#{"isTrusted":true}
2019-6-25 21:45:24.038#focus#
2019-6-25 21:45:25.626#keyHandled#"Right"
2019-6-25 21:45:25.995#keyHandled#"Right"
2019-6-25 21:45:26.692#keyHandled#"Left"
2019-6-25 21:45:27.124#keyHandled#"Left"
2019-6-25 21:45:27.612#keyHandled#"Left"
2019-6-25 21:45:27.644#keyHandled#"Left"
2019-6-25 21:45:27.673#keyHandled#"Left"
2019-6-25 21:45:27.702#keyHandled#"Left"
2019-6-25 21:45:27.735#keyHandled#"Left"
2019-6-25 21:45:27.764#keyHandled#"Left"
2019-6-25 21:45:27.803#keyHandled#"Left"
2019-6-25 21:45:27.831#keyHandled#"Left"
2019-6-25 21:45:27.854#keyHandled#"Left"
2019-6-25 21:45:27.883#keyHandled#"Left"
2019-6-25 21:45:27.914#keyHandled#"Left"
2019-6-25 21:45:27.942#keyHandled#"Left"
2019-6-25 21:45:27.978#keyHandled#"Left"
2019-6-25 21:45:28.002#keyHandled#"Left"
2019-6-25 21:45:28.032#keyHandled#"Left"
2019-6-25 21:45:28.062#keyHandled#"Left"
2019-6-25 21:45:28.093#keyHandled#"Left"
2019-6-25 21:45:28.122#keyHandled#"Left"
2019-6-25 21:45:28.151#keyHandled#"Left"
2019-6-25 21:45:28.181#keyHandled#"Left"
2019-6-25 21:45:28.211#keyHandled#"Left"
2019-6-25 21:45:28.241#keyHandled#"Left"
2019-6-25 21:45:28.270#keyHandled#"Left"
2019-6-25 21:45:28.301#keyHandled#"Left"
2019-6-25 21:45:28.330#keyHandled#"Left"
2019-6-25 21:45:28.360#keyHandled#"Left"
2019-6-25 21:45:28.389#keyHandled#"Left"
2019-6-25 21:45:28.419#keyHandled#"Left"
2019-6-25 21:45:28.449#keyHandled#"Left"
2019-6-25 21:45:28.479#keyHandled#"Left"
2019-6-25 21:45:28.511#keyHandled#"Left"
2019-6-25 21:45:28.539#keyHandled#"Left"
2019-6-25 21:45:28.568#keyHandled#"Left"
2019-6-25 21:45:28.598#keyHandled#"Left"
2019-6-25 21:45:28.629#keyHandled#"Left"
2019-6-25 21:45:28.661#keyHandled#"Left"
2019-6-25 21:45:28.690#keyHandled#"Left"
2019-6-25 21:45:28.723#keyHandled#"Left"
2019-6-25 21:45:28.749#keyHandled#"Left"
2019-6-25 21:45:28.778#keyHandled#"Left"
2019-6-25 21:45:28.808#keyHandled#"Left"
2019-6-25 21:45:28.839#keyHandled#"Left"
2019-6-25 21:45:28.869#keyHandled#"Left"
2019-6-25 21:45:28.901#keyHandled#"Left"
2019-6-25 21:45:28.929#keyHandled#"Left"
2019-6-25 21:45:28.966#keyHandled#"Left"
2019-6-25 21:45:29.477#keyHandled#"Left"
2019-6-25 21:45:29.699#keyHandled#"Left"
2019-6-25 21:45:36.898#keyHandled#"Right"
2019-6-25 21:45:37.042#keyHandled#"Right"
2019-6-25 21:45:37.350#keyHandled#"Right"
2019-6-25 21:45:37.444#keyHandled#"Right"
2019-6-25 21:45:37.615#keyHandled#"Right"
2019-6-25 21:45:37.780#keyHandled#"Right"
2019-6-25 21:45:37.965#keyHandled#"Right"
2019-6-25 21:45:38.739#keyHandled#"Down"
2019-6-25 21:45:39.116#keyHandled#"Up"
2019-6-25 21:45:39.480#keyHandled#"Up"
2019-6-25 21:45:39.719#keyHandled#"Up"
2019-6-25 21:45:40.165#keyHandled#"Right"
2019-6-25 21:45:40.611#keyHandled#"Down"
2019-6-25 21:45:40.942#keyHandled#"Down"
2019-6-25 21:45:41.270#keyHandled#"Up"
2019-6-25 21:45:47.266#keyHandled#"Right"
2019-6-25 21:45:47.758#keyHandled#"Right"
2019-6-25 21:45:47.785#keyHandled#"Right"
2019-6-25 21:45:48.842#keyHandled#"Right"
2019-6-25 21:45:49.108#keyHandled#"Right"
2019-6-25 21:45:49.294#keyHandled#"Right"
2019-6-25 21:45:49.408#keyHandled#"Right"
2019-6-25 21:45:49.549#keyHandled#"Right"
2019-6-25 21:45:49.718#keyHandled#"Right"
2019-6-25 21:45:49.880#keyHandled#"Right"
2019-6-25 21:45:50.026#keyHandled#"Right"
2019-6-25 21:45:50.176#keyHandled#"Right"
2019-6-25 21:45:50.334#keyHandled#"Right"
2019-6-25 21:45:50.490#keyHandled#"Right"
2019-6-25 21:45:50.642#keyHandled#"Right"
2019-6-25 21:45:50.789#keyHandled#"Right"
2019-6-25 21:45:50.934#keyHandled#"Right"
2019-6-25 21:45:51.079#keyHandled#"Right"
2019-6-25 21:45:51.225#keyHandled#"Right"
2019-6-25 21:45:51.707#keyHandled#"Right"
2019-6-25 21:45:51.737#keyHandled#"Right"
2019-6-25 21:45:51.767#keyHandled#"Right"
2019-6-25 21:45:51.796#keyHandled#"Right"
2019-6-25 21:45:51.826#keyHandled#"Right"
2019-6-25 21:45:51.856#keyHandled#"Right"
2019-6-25 21:45:51.888#keyHandled#"Right"
2019-6-25 21:45:51.915#keyHandled#"Right"
2019-6-25 21:45:51.945#keyHandled#"Right"
2019-6-25 21:45:51.975#keyHandled#"Right"
2019-6-25 21:45:52.005#keyHandled#"Right"
2019-6-25 21:45:52.037#keyHandled#"Right"
2019-6-25 21:45:52.063#keyHandled#"Right"
2019-6-25 21:45:52.751#keyHandled#"Right"
2019-6-25 21:45:52.779#keyHandled#"Right"
2019-6-25 21:45:52.809#keyHandled#"Right"
2019-6-25 21:45:52.840#keyHandled#"Right"
2019-6-25 21:45:52.877#keyHandled#"Right"
2019-6-25 21:45:52.900#keyHandled#"Right"
2019-6-25 21:45:52.929#keyHandled#"Right"
2019-6-25 21:45:52.962#keyHandled#"Right"
2019-6-25 21:45:53.518#keyHandled#"Down"
2019-6-25 21:45:53.852#keyHandled#"Down"
2019-6-25 21:45:54.036#keyHandled#"Down"
2019-6-25 21:45:54.313#keyHandled#"Up"
2019-6-25 21:45:54.645#keyHandled#"Up"
2019-6-25 21:45:55.127#keyHandled#"Down"
2019-6-25 21:45:55.301#keyHandled#"Down"
2019-6-25 21:45:55.466#keyHandled#"Down"
2019-6-25 21:45:55.683#keyHandled#"Up"
2019-6-25 21:45:55.926#keyHandled#"Up"
2019-6-25 21:45:56.135#keyHandled#"Down"
2019-6-25 21:45:56.431#keyHandled#"Down"
2019-6-25 21:45:56.687#keyHandled#"Down"
2019-6-25 21:45:57.051#keyHandled#"Up"
2019-6-25 21:45:57.470#keyHandled#"Down"
2019-6-25 21:45:58.095#keyHandled#"Down"
2019-6-25 21:46:01.053#keyHandled#"Up"
2019-6-25 21:46:01.398#keyHandled#"Up"
2019-6-25 21:46:01.707#keyHandled#"Down"
2019-6-25 21:46:01.935#keyHandled#"Down"
