== TEST (2019-06-12 12:10:25) 
-- CODE:
num = int(input("Numero: "))
str = "*"
o = "o"
for i in range(num):
	print (str*(num-i)+o*i+o*i+str*(num-i))
-- OUTPUT:
**********************
**********oo**********
*********oooo*********
********oooooo********
*******oooooooo*******
******oooooooooo******
*****oooooooooooo*****
****oooooooooooooo****
***oooooooooooooooo***
**oooooooooooooooooo**
*oooooooooooooooooooo*
*-*-*-*-*-*-*-*-*-*-*-*-*-*-*-*-*-*-*-*-*-*-*-*
== SUBMITION (2019-06-12 12:10:38) 
-- CODE:
num = int(input("Numero: "))
str = "*"
o = "o"
for i in range(num):
	print (str*(num-i)+o*i+o*i+str*(num-i))
-- EXECUTION TIME:
0.643508
-- TEST CASE 1:
---- input:
11
---- correct output:
**********************
**********oo**********
*********oooo*********
********oooooo********
*******oooooooo*******
******oooooooooo******
*****oooooooooooo*****
****oooooooooooooo****
***oooooooooooooooo***
**oooooooooooooooooo**
*oooooooooooooooooooo*
---- user output:
**********************
**********oo**********
*********oooo*********
********oooooo********
*******oooooooo*******
******oooooooooo******
*****oooooooooooo*****
****oooooooooooooo****
***oooooooooooooooo***
**oooooooooooooooooo**
*oooooooooooooooooooo*
-- TEST CASE 2:
---- input:
19
---- correct output:
**************************************
******************oo******************
*****************oooo*****************
****************oooooo****************
***************oooooooo***************
**************oooooooooo**************
*************oooooooooooo*************
************oooooooooooooo************
***********oooooooooooooooo***********
**********oooooooooooooooooo**********
*********oooooooooooooooooooo*********
********oooooooooooooooooooooo********
*******oooooooooooooooooooooooo*******
******oooooooooooooooooooooooooo******
*****oooooooooooooooooooooooooooo*****
****oooooooooooooooooooooooooooooo****
***oooooooooooooooooooooooooooooooo***
**oooooooooooooooooooooooooooooooooo**
*oooooooooooooooooooooooooooooooooooo*
---- user output:
**************************************
******************oo******************
*****************oooo*****************
****************oooooo****************
***************oooooooo***************
**************oooooooooo**************
*************oooooooooooo*************
************oooooooooooooo************
***********oooooooooooooooo***********
**********oooooooooooooooooo**********
*********oooooooooooooooooooo*********
********oooooooooooooooooooooo********
*******oooooooooooooooooooooooo*******
******oooooooooooooooooooooooooo******
*****oooooooooooooooooooooooooooo*****
****oooooooooooooooooooooooooooooo****
***oooooooooooooooooooooooooooooooo***
**oooooooooooooooooooooooooooooooooo**
*oooooooooooooooooooooooooooooooooooo*
-- TEST CASE 3:
---- input:
26
---- correct output:
****************************************************
*************************oo*************************
************************oooo************************
***********************oooooo***********************
**********************oooooooo**********************
*********************oooooooooo*********************
********************oooooooooooo********************
*******************oooooooooooooo*******************
******************oooooooooooooooo******************
*****************oooooooooooooooooo*****************
****************oooooooooooooooooooo****************
***************oooooooooooooooooooooo***************
**************oooooooooooooooooooooooo**************
*************oooooooooooooooooooooooooo*************
************oooooooooooooooooooooooooooo************
***********oooooooooooooooooooooooooooooo***********
**********oooooooooooooooooooooooooooooooo**********
*********oooooooooooooooooooooooooooooooooo*********
********oooooooooooooooooooooooooooooooooooo********
*******oooooooooooooooooooooooooooooooooooooo*******
******oooooooooooooooooooooooooooooooooooooooo******
*****oooooooooooooooooooooooooooooooooooooooooo*****
****oooooooooooooooooooooooooooooooooooooooooooo****
***oooooooooooooooooooooooooooooooooooooooooooooo***
**oooooooooooooooooooooooooooooooooooooooooooooooo**
*oooooooooooooooooooooooooooooooooooooooooooooooooo*
---- user output:
****************************************************
*************************oo*************************
************************oooo************************
***********************oooooo***********************
**********************oooooooo**********************
*********************oooooooooo*********************
********************oooooooooooo********************
*******************oooooooooooooo*******************
******************oooooooooooooooo******************
*****************oooooooooooooooooo*****************
****************oooooooooooooooooooo****************
***************oooooooooooooooooooooo***************
**************oooooooooooooooooooooooo**************
*************oooooooooooooooooooooooooo*************
************oooooooooooooooooooooooooooo************
***********oooooooooooooooooooooooooooooo***********
**********oooooooooooooooooooooooooooooooo**********
*********oooooooooooooooooooooooooooooooooo*********
********oooooooooooooooooooooooooooooooooooo**
-- GRADE:
100%
*-*-*-*-*-*-*-*-*-*-*-*-*-*-*-*-*-*-*-*-*-*-*-*
