== SUBMITION (2019-04-02 15:51:55) 
-- CODE:
var1=float(input("quantidade"))
var2=float(input("valor unitario"))
var3=float(input("valor do frete"))
total= var1 * var2 + var3
print(total)
-- EXECUTION TIME:
0.129994
-- TEST CASE 1:
---- input:
12
45.0
78.0
---- correct output:
618.0
---- user output:
618.0
-- TEST CASE 2:
---- input:
10
67.0
95.0
---- correct output:
765.0
---- user output:
765.0
-- TEST CASE 3:
---- input:
246
975.0
321.0
---- correct output:
240171.0
---- user output:
240171.0
-- GRADE:
100%
*-*-*-*-*-*-*-*-*-*-*-*-*-*-*-*-*-*-*-*-*-*-*-*
