2019-3-14 19:15:06.973#viewportChange#0
2019-3-14 19:15:10.671#mousedown#{"isTrusted":true}
2019-3-14 19:15:10.677#focus#
2019-3-14 19:15:11.620#change#{"from":{"line":0,"ch":0,"sticky":"after","xRel":139.88885498046875},"to":{"line":0,"ch":0,"sticky":"after","xRel":139.88885498046875},"text":["p"],"removed":[""],"origin":"+input"}
2019-3-14 19:15:12.346#change#{"from":{"line":0,"ch":1,"sticky":null},"to":{"line":0,"ch":1,"sticky":null},"text":["r"],"removed":[""],"origin":"+input"}
2019-3-14 19:15:12.587#change#{"from":{"line":0,"ch":2,"sticky":null},"to":{"line":0,"ch":2,"sticky":null},"text":["i"],"removed":[""],"origin":"+input"}
2019-3-14 19:15:12.906#change#{"from":{"line":0,"ch":3,"sticky":null},"to":{"line":0,"ch":3,"sticky":null},"text":["n"],"removed":[""],"origin":"+input"}
2019-3-14 19:15:13.170#change#{"from":{"line":0,"ch":4,"sticky":null},"to":{"line":0,"ch":4,"sticky":null},"text":["t"],"removed":[""],"origin":"+input"}
2019-3-14 19:15:14.204#change#{"from":{"line":0,"ch":5,"sticky":null},"to":{"line":0,"ch":5,"sticky":null},"text":["()"],"removed":[""],"origin":"+input"}
2019-3-14 19:15:14.204#keyHandled#"'('"
2019-3-14 19:15:49.867#change#{"from":{"line":0,"ch":6,"sticky":"after"},"to":{"line":0,"ch":6,"sticky":"after"},"text":["4"],"removed":[""],"origin":"+input"}
2019-3-14 19:15:50.807#change#{"from":{"line":0,"ch":7,"sticky":null},"to":{"line":0,"ch":7,"sticky":null},"text":["1"],"removed":[""],"origin":"+input"}
2019-3-14 19:15:52.258#change#{"from":{"line":0,"ch":8,"sticky":null},"to":{"line":0,"ch":8,"sticky":null},"text":["."],"removed":[""],"origin":"+input"}
2019-3-14 19:15:54.242#change#{"from":{"line":0,"ch":9,"sticky":null},"to":{"line":0,"ch":9,"sticky":null},"text":["6"],"removed":[""],"origin":"+input"}
2019-3-14 19:15:56.273#change#{"from":{"line":0,"ch":10,"sticky":null},"to":{"line":0,"ch":10,"sticky":null},"text":["6"],"removed":[""],"origin":"+input"}
2019-3-14 19:15:56.954#blur#
2019-3-14 19:15:56.273#change#{"from":{"line":0,"ch":10,"sticky":null},"to":{"line":0,"ch":10,"sticky":null},"text":["6"],"removed":[""],"origin":"+input"}
2019-3-14 19:15:56.954#blur#
2019-3-14 19:15:58.909#submit#Your code did not produce the correct output. Please, correct your code and try again.
2019-3-14 19:16:17.111#change#{"from":{"line":0,"ch":10,"sticky":"after"},"to":{"line":0,"ch":11,"sticky":"before","xRel":-1.73614501953125},"text":[""],"removed":["6"],"origin":"+delete"}
2019-3-14 19:16:17.111#keyHandled#"Backspace"
2019-3-14 19:16:17.874#change#{"from":{"line":0,"ch":10,"sticky":null},"to":{"line":0,"ch":10,"sticky":null},"text":["0"],"removed":[""],"origin":"+input"}
2019-3-14 19:16:19.930#blur#
2019-3-14 19:16:19.930#blur#
2019-3-14 19:16:21.414#submit#Your code did not produce the correct output. Please, correct your code and try again.
2019-3-14 19:16:39.023#mousedown#{"isTrusted":true}
2019-3-14 19:16:39.028#focus#
2019-3-14 19:16:40.742#change#{"from":{"line":0,"ch":10,"sticky":"after"},"to":{"line":0,"ch":11,"sticky":"before","xRel":-0.73614501953125},"text":[""],"removed":["0"],"origin":"+delete"}
2019-3-14 19:16:40.742#keyHandled#"Backspace"
2019-3-14 19:16:40.933#change#{"from":{"line":0,"ch":9,"sticky":"after"},"to":{"line":0,"ch":10,"sticky":null},"text":[""],"removed":["6"],"origin":"+delete"}
2019-3-14 19:16:40.933#keyHandled#"Backspace"
2019-3-14 19:16:41.110#change#{"from":{"line":0,"ch":8,"sticky":"after"},"to":{"line":0,"ch":9,"sticky":null},"text":[""],"removed":["."],"origin":"+delete"}
2019-3-14 19:16:41.110#keyHandled#"Backspace"
2019-3-14 19:16:41.437#change#{"from":{"line":0,"ch":7,"sticky":"after"},"to":{"line":0,"ch":8,"sticky":null},"text":[""],"removed":["1"],"origin":"+delete"}
2019-3-14 19:16:41.437#keyHandled#"Backspace"
2019-3-14 19:16:41.838#change#{"from":{"line":0,"ch":6,"sticky":"after"},"to":{"line":0,"ch":7,"sticky":null},"text":[""],"removed":["4"],"origin":"+delete"}
2019-3-14 19:16:41.838#keyHandled#"Backspace"
2019-3-14 19:16:44.805#change#{"from":{"line":0,"ch":6,"sticky":null},"to":{"line":0,"ch":6,"sticky":null},"text":["2"],"removed":[""],"origin":"+input"}
2019-3-14 19:16:45.337#change#{"from":{"line":0,"ch":7,"sticky":null},"to":{"line":0,"ch":7,"sticky":null},"text":["5"],"removed":[""],"origin":"+input"}
2019-3-14 19:16:45.826#change#{"from":{"line":0,"ch":8,"sticky":null},"to":{"line":0,"ch":8,"sticky":null},"text":["0"],"removed":[""],"origin":"+input"}
2019-3-14 19:16:49.458#change#{"from":{"line":0,"ch":9,"sticky":null},"to":{"line":0,"ch":9,"sticky":null},"text":["/"],"removed":[""],"origin":"+input"}
2019-3-14 19:16:51.145#change#{"from":{"line":0,"ch":10,"sticky":null},"to":{"line":0,"ch":10,"sticky":null},"text":["6"],"removed":[""],"origin":"+input"}
2019-3-14 19:16:58.894#keyHandled#"Left"
2019-3-14 19:16:59.083#keyHandled#"Left"
2019-3-14 19:16:59.266#keyHandled#"Left"
2019-3-14 19:16:59.438#keyHandled#"Left"
2019-3-14 19:16:59.638#keyHandled#"Left"
2019-3-14 19:17:03.224#change#{"from":{"line":0,"ch":6,"sticky":"after"},"to":{"line":0,"ch":6,"sticky":"after"},"text":["r"],"removed":[""],"origin":"+input"}
2019-3-14 19:17:03.546#change#{"from":{"line":0,"ch":7,"sticky":null},"to":{"line":0,"ch":7,"sticky":null},"text":["o"],"removed":[""],"origin":"+input"}
2019-3-14 19:17:03.784#change#{"from":{"line":0,"ch":8,"sticky":null},"to":{"line":0,"ch":8,"sticky":null},"text":["u"],"removed":[""],"origin":"+input"}
2019-3-14 19:17:04.220#change#{"from":{"line":0,"ch":9,"sticky":null},"to":{"line":0,"ch":9,"sticky":null},"text":["n"],"removed":[""],"origin":"+input"}
2019-3-14 19:17:04.497#change#{"from":{"line":0,"ch":10,"sticky":null},"to":{"line":0,"ch":10,"sticky":null},"text":["d"],"removed":[""],"origin":"+input"}
2019-3-14 19:17:08.153#change#{"from":{"line":0,"ch":11,"sticky":null},"to":{"line":0,"ch":11,"sticky":null},"text":["("],"removed":[""],"origin":"+input"}
2019-3-14 19:17:21.167#mousedown#{"isTrusted":true}
2019-3-14 19:17:23.258#change#{"from":{"line":0,"ch":17,"sticky":"after","xRel":0.14581298828125},"to":{"line":0,"ch":17,"sticky":"after","xRel":0.14581298828125},"text":[","],"removed":[""],"origin":"+input"}
2019-3-14 19:17:25.089#change#{"from":{"line":0,"ch":18,"sticky":null},"to":{"line":0,"ch":18,"sticky":null},"text":[" "],"removed":[""],"origin":"+input"}
2019-3-14 19:17:26.721#change#{"from":{"line":0,"ch":19,"sticky":null},"to":{"line":0,"ch":19,"sticky":null},"text":["2"],"removed":[""],"origin":"+input"}
2019-3-14 19:17:32.618#keyHandled#"')'"
2019-3-14 19:17:35.009#change#{"from":{"line":0,"ch":21,"sticky":"before"},"to":{"line":0,"ch":21,"sticky":"before"},"text":[")"],"removed":[""],"origin":"+input"}
2019-3-14 19:17:40.085#blur#
2019-3-14 19:17:40.085#blur#
2019-3-14 19:17:42.032#submit#Congratulations, your code is correct!
