2019-3-28 11:44:57.570#viewportChange#0
2019-3-28 11:45:30.421#mousedown#{"isTrusted":true}
2019-3-28 11:45:30.436#focus#
2019-3-28 11:45:34.954#change#{"from":{"line":0,"ch":0,"sticky":"after","xRel":18.70001220703125},"to":{"line":0,"ch":0,"sticky":"after","xRel":18.70001220703125},"text":["i"],"removed":[""],"origin":"+input"}
2019-3-28 11:45:35.181#change#{"from":{"line":0,"ch":1,"sticky":null},"to":{"line":0,"ch":1,"sticky":null},"text":["n"],"removed":[""],"origin":"+input"}
2019-3-28 11:45:35.413#change#{"from":{"line":0,"ch":2,"sticky":null},"to":{"line":0,"ch":2,"sticky":null},"text":["t"],"removed":[""],"origin":"+input"}
2019-3-28 11:45:41.148#change#{"from":{"line":0,"ch":3,"sticky":null},"to":{"line":0,"ch":3,"sticky":null},"text":["()"],"removed":[""],"origin":"+input"}
2019-3-28 11:45:41.148#keyHandled#"'('"
2019-3-28 11:45:42.276#change#{"from":{"line":0,"ch":4,"sticky":"after"},"to":{"line":0,"ch":4,"sticky":"after"},"text":["i"],"removed":[""],"origin":"+input"}
2019-3-28 11:45:42.531#change#{"from":{"line":0,"ch":5,"sticky":null},"to":{"line":0,"ch":5,"sticky":null},"text":["m"],"removed":[""],"origin":"+input"}
2019-3-28 11:45:42.828#change#{"from":{"line":0,"ch":6,"sticky":null},"to":{"line":0,"ch":6,"sticky":null},"text":["p"],"removed":[""],"origin":"+input"}
2019-3-28 11:45:43.236#change#{"from":{"line":0,"ch":7,"sticky":null},"to":{"line":0,"ch":7,"sticky":null},"text":["u"],"removed":[""],"origin":"+input"}
2019-3-28 11:45:43.596#change#{"from":{"line":0,"ch":8,"sticky":null},"to":{"line":0,"ch":8,"sticky":null},"text":["t"],"removed":[""],"origin":"+input"}
2019-3-28 11:45:45.589#keyHandled#"Left"
2019-3-28 11:45:45.781#keyHandled#"Left"
2019-3-28 11:45:45.933#keyHandled#"Left"
2019-3-28 11:45:46.782#change#{"from":{"line":0,"ch":5,"sticky":"after"},"to":{"line":0,"ch":6,"sticky":"after"},"text":[""],"removed":["m"],"origin":"+delete"}
2019-3-28 11:45:46.782#keyHandled#"Backspace"
2019-3-28 11:45:47.501#change#{"from":{"line":0,"ch":5,"sticky":null},"to":{"line":0,"ch":5,"sticky":null},"text":["n"],"removed":[""],"origin":"+input"}
2019-3-28 11:45:47.813#keyHandled#"Right"
2019-3-28 11:45:47.988#keyHandled#"Right"
2019-3-28 11:45:48.148#keyHandled#"Right"
2019-3-28 11:45:48.325#keyHandled#"Right"
2019-3-28 11:45:48.749#keyHandled#"Left"
2019-3-28 11:45:51.155#change#{"from":{"line":0,"ch":9,"sticky":"after"},"to":{"line":0,"ch":9,"sticky":"after"},"text":["()"],"removed":[""],"origin":"+input"}
2019-3-28 11:45:51.156#keyHandled#"'('"
2019-3-28 11:46:02.348#mousedown#{"isTrusted":true}
2019-3-28 11:46:03.940#change#{"from":{"line":0,"ch":0,"sticky":"after","xRel":0.70001220703125},"to":{"line":0,"ch":0,"sticky":"after","xRel":0.70001220703125},"text":["a"],"removed":[""],"origin":"+input"}
2019-3-28 11:46:06.382#change#{"from":{"line":0,"ch":1,"sticky":null},"to":{"line":0,"ch":1,"sticky":null},"text":["+"],"removed":[""],"origin":"+input"}
2019-3-28 11:46:07.581#change#{"from":{"line":0,"ch":1,"sticky":"after"},"to":{"line":0,"ch":2,"sticky":null},"text":[""],"removed":["+"],"origin":"+delete"}
2019-3-28 11:46:07.581#keyHandled#"Backspace"
2019-3-28 11:46:07.909#change#{"from":{"line":0,"ch":1,"sticky":null},"to":{"line":0,"ch":1,"sticky":null},"text":["="],"removed":[""],"origin":"+input"}
2019-3-28 11:46:08.749#keyHandled#"Left"
2019-3-28 11:46:09.292#change#{"from":{"line":0,"ch":1,"sticky":"after"},"to":{"line":0,"ch":1,"sticky":"after"},"text":[" "],"removed":[""],"origin":"+input"}
2019-3-28 11:46:09.508#keyHandled#"Right"
2019-3-28 11:46:09.964#change#{"from":{"line":0,"ch":3,"sticky":"before"},"to":{"line":0,"ch":3,"sticky":"before"},"text":[" "],"removed":[""],"origin":"+input"}
2019-3-28 11:46:10.884#keyHandled#"Right"
2019-3-28 11:46:11.052#keyHandled#"Right"
2019-3-28 11:46:11.212#keyHandled#"Right"
2019-3-28 11:46:11.404#keyHandled#"Right"
2019-3-28 11:46:11.572#keyHandled#"Right"
2019-3-28 11:46:11.733#keyHandled#"Right"
2019-3-28 11:46:11.892#keyHandled#"Right"
2019-3-28 11:46:12.036#keyHandled#"Right"
2019-3-28 11:46:12.188#keyHandled#"Right"
2019-3-28 11:46:12.512#keyHandled#"Right"
2019-3-28 11:46:12.677#keyHandled#"Right"
2019-3-28 11:46:12.829#keyHandled#"Right"
2019-3-28 11:46:13.727#change#{"from":{"line":0,"ch":16,"sticky":"before"},"to":{"line":0,"ch":16,"sticky":"before"},"text":["",""],"removed":[""],"origin":"+input"}
2019-3-28 11:46:13.727#keyHandled#"Enter"
2019-3-28 11:46:13.740#viewportChange#0
2019-3-28 11:46:15.644#change#{"from":{"line":1,"ch":0,"sticky":null},"to":{"line":1,"ch":0,"sticky":null},"text":["b"],"removed":[""],"origin":"+input"}
2019-3-28 11:46:18.020#change#{"from":{"line":1,"ch":1,"sticky":null},"to":{"line":1,"ch":1,"sticky":null},"text":[" "],"removed":[""],"origin":"+input"}
2019-3-28 11:46:18.580#change#{"from":{"line":1,"ch":2,"sticky":null},"to":{"line":1,"ch":2,"sticky":null},"text":["+"],"removed":[""],"origin":"+input"}
2019-3-28 11:46:20.123#change#{"from":{"line":1,"ch":3,"sticky":null},"to":{"line":1,"ch":3,"sticky":null},"text":["="],"removed":[""],"origin":"+input"}
2019-3-28 11:46:21.140#change#{"from":{"line":1,"ch":3,"sticky":"after"},"to":{"line":1,"ch":4,"sticky":null},"text":[""],"removed":["="],"origin":"+delete"}
2019-3-28 11:46:21.140#keyHandled#"Backspace"
2019-3-28 11:46:21.269#change#{"from":{"line":1,"ch":2,"sticky":"after"},"to":{"line":1,"ch":3,"sticky":null},"text":[""],"removed":["+"],"origin":"+delete"}
2019-3-28 11:46:21.269#keyHandled#"Backspace"
2019-3-28 11:46:22.276#change#{"from":{"line":1,"ch":2,"sticky":null},"to":{"line":1,"ch":2,"sticky":null},"text":["="],"removed":[""],"origin":"+input"}
2019-3-28 11:46:23.299#change#{"from":{"line":1,"ch":3,"sticky":null},"to":{"line":1,"ch":3,"sticky":null},"text":[" "],"removed":[""],"origin":"+input"}
2019-3-28 11:46:23.739#change#{"from":{"line":1,"ch":4,"sticky":null},"to":{"line":1,"ch":4,"sticky":null},"text":["i"],"removed":[""],"origin":"+input"}
2019-3-28 11:46:24.003#change#{"from":{"line":1,"ch":5,"sticky":null},"to":{"line":1,"ch":5,"sticky":null},"text":["n"],"removed":[""],"origin":"+input"}
2019-3-28 11:46:24.324#change#{"from":{"line":1,"ch":6,"sticky":null},"to":{"line":1,"ch":6,"sticky":null},"text":["t"],"removed":[""],"origin":"+input"}
2019-3-28 11:46:26.715#change#{"from":{"line":1,"ch":7,"sticky":null},"to":{"line":1,"ch":7,"sticky":null},"text":["()"],"removed":[""],"origin":"+input"}
2019-3-28 11:46:26.715#keyHandled#"'('"
2019-3-28 11:46:27.955#change#{"from":{"line":1,"ch":8,"sticky":"after"},"to":{"line":1,"ch":8,"sticky":"after"},"text":["i"],"removed":[""],"origin":"+input"}
2019-3-28 11:46:28.203#change#{"from":{"line":1,"ch":9,"sticky":null},"to":{"line":1,"ch":9,"sticky":null},"text":["n"],"removed":[""],"origin":"+input"}
2019-3-28 11:46:28.532#change#{"from":{"line":1,"ch":10,"sticky":null},"to":{"line":1,"ch":10,"sticky":null},"text":["p"],"removed":[""],"origin":"+input"}
2019-3-28 11:46:28.869#change#{"from":{"line":1,"ch":11,"sticky":null},"to":{"line":1,"ch":11,"sticky":null},"text":["u"],"removed":[""],"origin":"+input"}
2019-3-28 11:46:29.115#change#{"from":{"line":1,"ch":12,"sticky":null},"to":{"line":1,"ch":12,"sticky":null},"text":["t"],"removed":[""],"origin":"+input"}
2019-3-28 11:46:31.308#change#{"from":{"line":1,"ch":13,"sticky":null},"to":{"line":1,"ch":13,"sticky":null},"text":["()"],"removed":[""],"origin":"+input"}
2019-3-28 11:46:31.308#keyHandled#"'('"
2019-3-28 11:46:46.492#mousedown#{"isTrusted":true}
2019-3-28 11:46:47.678#change#{"from":{"line":1,"ch":16,"sticky":"before","xRel":4.70001220703125},"to":{"line":1,"ch":16,"sticky":"before","xRel":4.70001220703125},"text":["",""],"removed":[""],"origin":"+input"}
2019-3-28 11:46:47.678#keyHandled#"Enter"
2019-3-28 11:46:47.692#viewportChange#0
2019-3-28 11:46:53.028#change#{"from":{"line":2,"ch":0,"sticky":null},"to":{"line":2,"ch":0,"sticky":null},"text":["c"],"removed":[""],"origin":"+input"}
2019-3-28 11:46:54.140#change#{"from":{"line":2,"ch":1,"sticky":null},"to":{"line":2,"ch":1,"sticky":null},"text":[" "],"removed":[""],"origin":"+input"}
2019-3-28 11:46:55.723#change#{"from":{"line":2,"ch":2,"sticky":null},"to":{"line":2,"ch":2,"sticky":null},"text":["+"],"removed":[""],"origin":"+input"}
2019-3-28 11:46:56.765#change#{"from":{"line":2,"ch":2,"sticky":"after"},"to":{"line":2,"ch":3,"sticky":null},"text":[""],"removed":["+"],"origin":"+delete"}
2019-3-28 11:46:56.765#keyHandled#"Backspace"
2019-3-28 11:46:57.052#change#{"from":{"line":2,"ch":2,"sticky":null},"to":{"line":2,"ch":2,"sticky":null},"text":["="],"removed":[""],"origin":"+input"}
2019-3-28 11:46:57.751#change#{"from":{"line":2,"ch":3,"sticky":null},"to":{"line":2,"ch":3,"sticky":null},"text":[" "],"removed":[""],"origin":"+input"}
2019-3-28 11:46:58.436#change#{"from":{"line":2,"ch":4,"sticky":null},"to":{"line":2,"ch":4,"sticky":null},"text":["i"],"removed":[""],"origin":"+input"}
2019-3-28 11:46:58.676#change#{"from":{"line":2,"ch":5,"sticky":null},"to":{"line":2,"ch":5,"sticky":null},"text":["n"],"removed":[""],"origin":"+input"}
2019-3-28 11:46:58.971#change#{"from":{"line":2,"ch":6,"sticky":null},"to":{"line":2,"ch":6,"sticky":null},"text":["t"],"removed":[""],"origin":"+input"}
2019-3-28 11:47:00.516#change#{"from":{"line":2,"ch":7,"sticky":null},"to":{"line":2,"ch":7,"sticky":null},"text":["()"],"removed":[""],"origin":"+input"}
2019-3-28 11:47:00.516#keyHandled#"'('"
2019-3-28 11:47:01.540#change#{"from":{"line":2,"ch":8,"sticky":"after"},"to":{"line":2,"ch":8,"sticky":"after"},"text":["i"],"removed":[""],"origin":"+input"}
2019-3-28 11:47:01.852#change#{"from":{"line":2,"ch":9,"sticky":null},"to":{"line":2,"ch":9,"sticky":null},"text":["m"],"removed":[""],"origin":"+input"}
2019-3-28 11:47:02.621#change#{"from":{"line":2,"ch":9,"sticky":"after"},"to":{"line":2,"ch":10,"sticky":null},"text":[""],"removed":["m"],"origin":"+delete"}
2019-3-28 11:47:02.621#keyHandled#"Backspace"
2019-3-28 11:47:03.332#change#{"from":{"line":2,"ch":9,"sticky":null},"to":{"line":2,"ch":9,"sticky":null},"text":["n"],"removed":[""],"origin":"+input"}
2019-3-28 11:47:03.723#change#{"from":{"line":2,"ch":10,"sticky":null},"to":{"line":2,"ch":10,"sticky":null},"text":["p"],"removed":[""],"origin":"+input"}
2019-3-28 11:47:05.981#change#{"from":{"line":2,"ch":10,"sticky":"after"},"to":{"line":2,"ch":11,"sticky":null},"text":[""],"removed":["p"],"origin":"+delete"}
2019-3-28 11:47:05.981#keyHandled#"Backspace"
2019-3-28 11:47:06.436#change#{"from":{"line":2,"ch":10,"sticky":null},"to":{"line":2,"ch":10,"sticky":null},"text":["p"],"removed":[""],"origin":"+input"}
2019-3-28 11:47:06.940#change#{"from":{"line":2,"ch":11,"sticky":null},"to":{"line":2,"ch":11,"sticky":null},"text":["u"],"removed":[""],"origin":"+input"}
2019-3-28 11:47:07.283#change#{"from":{"line":2,"ch":12,"sticky":null},"to":{"line":2,"ch":12,"sticky":null},"text":["t"],"removed":[""],"origin":"+input"}
2019-3-28 11:47:09.579#change#{"from":{"line":2,"ch":13,"sticky":null},"to":{"line":2,"ch":13,"sticky":null},"text":["()"],"removed":[""],"origin":"+input"}
2019-3-28 11:47:09.579#keyHandled#"'('"
2019-3-28 11:47:37.348#mousedown#{"isTrusted":true}
2019-3-28 11:47:38.638#change#{"from":{"line":2,"ch":16,"sticky":"before","xRel":7.70001220703125},"to":{"line":2,"ch":16,"sticky":"before","xRel":7.70001220703125},"text":["",""],"removed":[""],"origin":"+input"}
2019-3-28 11:47:38.638#keyHandled#"Enter"
2019-3-28 11:47:38.650#viewportChange#0
2019-3-28 11:47:40.157#change#{"from":{"line":3,"ch":0,"sticky":null},"to":{"line":3,"ch":0,"sticky":null},"text":["p"],"removed":[""],"origin":"+input"}
2019-3-28 11:47:40.683#change#{"from":{"line":3,"ch":1,"sticky":null},"to":{"line":3,"ch":1,"sticky":null},"text":["r"],"removed":[""],"origin":"+input"}
2019-3-28 11:47:40.899#change#{"from":{"line":3,"ch":2,"sticky":null},"to":{"line":3,"ch":2,"sticky":null},"text":["i"],"removed":[""],"origin":"+input"}
2019-3-28 11:47:41.115#change#{"from":{"line":3,"ch":3,"sticky":null},"to":{"line":3,"ch":3,"sticky":null},"text":["n"],"removed":[""],"origin":"+input"}
2019-3-28 11:47:41.356#change#{"from":{"line":3,"ch":4,"sticky":null},"to":{"line":3,"ch":4,"sticky":null},"text":["t"],"removed":[""],"origin":"+input"}
2019-3-28 11:47:43.423#change#{"from":{"line":3,"ch":5,"sticky":null},"to":{"line":3,"ch":5,"sticky":null},"text":["()"],"removed":[""],"origin":"+input"}
2019-3-28 11:47:43.423#keyHandled#"'('"
2019-3-28 11:47:44.748#change#{"from":{"line":3,"ch":6,"sticky":"after"},"to":{"line":3,"ch":6,"sticky":"after"},"text":["r"],"removed":[""],"origin":"+input"}
2019-3-28 11:47:44.900#change#{"from":{"line":3,"ch":7,"sticky":null},"to":{"line":3,"ch":7,"sticky":null},"text":["o"],"removed":[""],"origin":"+input"}
2019-3-28 11:47:45.148#change#{"from":{"line":3,"ch":8,"sticky":null},"to":{"line":3,"ch":8,"sticky":null},"text":["u"],"removed":[""],"origin":"+input"}
2019-3-28 11:47:45.388#change#{"from":{"line":3,"ch":9,"sticky":null},"to":{"line":3,"ch":9,"sticky":null},"text":["n"],"removed":[""],"origin":"+input"}
2019-3-28 11:47:45.644#change#{"from":{"line":3,"ch":10,"sticky":null},"to":{"line":3,"ch":10,"sticky":null},"text":["d"],"removed":[""],"origin":"+input"}
2019-3-28 11:47:46.979#change#{"from":{"line":3,"ch":11,"sticky":null},"to":{"line":3,"ch":11,"sticky":null},"text":["()"],"removed":[""],"origin":"+input"}
2019-3-28 11:47:46.979#keyHandled#"'('"
2019-3-28 11:48:08.492#change#{"from":{"line":3,"ch":12,"sticky":"after"},"to":{"line":3,"ch":12,"sticky":"after"},"text":[","],"removed":[""],"origin":"+input"}
2019-3-28 11:48:11.548#change#{"from":{"line":3,"ch":13,"sticky":null},"to":{"line":3,"ch":13,"sticky":null},"text":["7"],"removed":[""],"origin":"+input"}
2019-3-28 11:48:12.988#keyHandled#"Left"
2019-3-28 11:48:13.492#keyHandled#"Left"
2019-3-28 11:48:13.804#change#{"from":{"line":3,"ch":12,"sticky":"after"},"to":{"line":3,"ch":12,"sticky":"after"},"text":[" "],"removed":[""],"origin":"+input"}
2019-3-28 11:48:15.564#keyHandled#"Right"
2019-3-28 11:48:17.084#change#{"from":{"line":3,"ch":14,"sticky":"before"},"to":{"line":3,"ch":14,"sticky":"before"},"text":[" "],"removed":[""],"origin":"+input"}
2019-3-28 11:48:17.324#keyHandled#"Left"
2019-3-28 11:48:17.572#keyHandled#"Left"
2019-3-28 11:48:18.461#change#{"from":{"line":3,"ch":12,"sticky":"after"},"to":{"line":3,"ch":13,"sticky":"after"},"text":[""],"removed":[" "],"origin":"+delete"}
2019-3-28 11:48:18.461#keyHandled#"Backspace"
2019-3-28 11:48:30.044#mousedown#{"isTrusted":true}
2019-3-28 11:48:31.015#change#{"from":{"line":2,"ch":16,"sticky":"before","xRel":3.70001220703125},"to":{"line":2,"ch":16,"sticky":"before","xRel":3.70001220703125},"text":["",""],"removed":[""],"origin":"+input"}
2019-3-28 11:48:31.015#keyHandled#"Enter"
2019-3-28 11:48:31.028#viewportChange#0
2019-3-28 11:48:43.835#mousedown#{"isTrusted":true}
2019-3-28 11:48:47.047#mousedown#{"isTrusted":true}
2019-3-28 11:48:48.326#change#{"from":{"line":2,"ch":16,"sticky":"before","xRel":-2.29998779296875},"to":{"line":2,"ch":16,"sticky":"before","xRel":-2.29998779296875},"text":["",""],"removed":[""],"origin":"+input"}
2019-3-28 11:48:48.326#keyHandled#"Enter"
2019-3-28 11:48:48.344#viewportChange#0
2019-3-28 11:48:49.541#change#{"from":{"line":3,"ch":0,"sticky":null},"to":{"line":3,"ch":0,"sticky":null},"text":["t"],"removed":[""],"origin":"+input"}
2019-3-28 11:48:50.565#change#{"from":{"line":3,"ch":0,"sticky":"after"},"to":{"line":3,"ch":1,"sticky":null},"text":[""],"removed":["t"],"origin":"+delete"}
2019-3-28 11:48:50.565#keyHandled#"Backspace"
2019-3-28 11:48:56.340#change#{"from":{"line":3,"ch":0,"sticky":null},"to":{"line":3,"ch":0,"sticky":null},"text":["b"],"removed":[""],"origin":"+input"}
2019-3-28 11:48:57.901#change#{"from":{"line":3,"ch":0,"sticky":"after"},"to":{"line":3,"ch":1,"sticky":null},"text":[""],"removed":["b"],"origin":"+delete"}
2019-3-28 11:48:57.901#keyHandled#"Backspace"
2019-3-28 11:48:59.662#change#{"from":{"line":3,"ch":0,"sticky":null},"to":{"line":3,"ch":0,"sticky":null},"text":["l"],"removed":[""],"origin":"+input"}
2019-3-28 11:49:01.955#change#{"from":{"line":3,"ch":1,"sticky":null},"to":{"line":3,"ch":1,"sticky":null},"text":[" "],"removed":[""],"origin":"+input"}
2019-3-28 11:49:02.268#change#{"from":{"line":3,"ch":2,"sticky":null},"to":{"line":3,"ch":2,"sticky":null},"text":["="],"removed":[""],"origin":"+input"}
2019-3-28 11:49:11.747#change#{"from":{"line":3,"ch":3,"sticky":null},"to":{"line":3,"ch":3,"sticky":null},"text":["()"],"removed":[""],"origin":"+input"}
2019-3-28 11:49:11.747#keyHandled#"'('"
2019-3-28 11:49:13.884#change#{"from":{"line":3,"ch":4,"sticky":"after"},"to":{"line":3,"ch":4,"sticky":"after"},"text":["a"],"removed":[""],"origin":"+input"}
2019-3-28 11:49:17.196#change#{"from":{"line":3,"ch":5,"sticky":null},"to":{"line":3,"ch":5,"sticky":null},"text":["*"],"removed":[""],"origin":"+input"}
2019-3-28 11:49:17.643#change#{"from":{"line":3,"ch":6,"sticky":null},"to":{"line":3,"ch":6,"sticky":null},"text":["*"],"removed":[""],"origin":"+input"}
2019-3-28 11:49:19.380#change#{"from":{"line":3,"ch":7,"sticky":null},"to":{"line":3,"ch":7,"sticky":null},"text":["2"],"removed":[""],"origin":"+input"}
2019-3-28 11:49:20.765#change#{"from":{"line":3,"ch":7,"sticky":"after"},"to":{"line":3,"ch":8,"sticky":null},"text":[""],"removed":["2"],"origin":"+delete"}
2019-3-28 11:49:20.765#keyHandled#"Backspace"
2019-3-28 11:49:24.540#change#{"from":{"line":3,"ch":7,"sticky":null},"to":{"line":3,"ch":7,"sticky":null},"text":["2"],"removed":[""],"origin":"+input"}
2019-3-28 11:49:36.283#change#{"from":{"line":3,"ch":8,"sticky":null},"to":{"line":3,"ch":8,"sticky":null},"text":["+"],"removed":[""],"origin":"+input"}
2019-3-28 11:49:40.269#keyHandled#"Left"
2019-3-28 11:49:40.555#change#{"from":{"line":3,"ch":8,"sticky":"after"},"to":{"line":3,"ch":8,"sticky":"after"},"text":[" "],"removed":[""],"origin":"+input"}
2019-3-28 11:49:40.820#keyHandled#"Right"
2019-3-28 11:49:42.108#change#{"from":{"line":3,"ch":10,"sticky":"before"},"to":{"line":3,"ch":10,"sticky":"before"},"text":[" "],"removed":[""],"origin":"+input"}
2019-3-28 11:49:47.724#change#{"from":{"line":3,"ch":11,"sticky":null},"to":{"line":3,"ch":11,"sticky":null},"text":["B"],"removed":[""],"origin":"+input"}
2019-3-28 11:49:48.981#change#{"from":{"line":3,"ch":11,"sticky":"after"},"to":{"line":3,"ch":12,"sticky":null},"text":[""],"removed":["B"],"origin":"+delete"}
2019-3-28 11:49:48.981#keyHandled#"Backspace"
2019-3-28 11:49:49.936#change#{"from":{"line":3,"ch":11,"sticky":null},"to":{"line":3,"ch":11,"sticky":null},"text":["b"],"removed":[""],"origin":"+input"}
2019-3-28 11:49:51.505#change#{"from":{"line":3,"ch":12,"sticky":null},"to":{"line":3,"ch":12,"sticky":null},"text":["*"],"removed":[""],"origin":"+input"}
2019-3-28 11:49:51.851#change#{"from":{"line":3,"ch":13,"sticky":null},"to":{"line":3,"ch":13,"sticky":null},"text":["*"],"removed":[""],"origin":"+input"}
2019-3-28 11:49:54.509#change#{"from":{"line":3,"ch":14,"sticky":null},"to":{"line":3,"ch":14,"sticky":null},"text":["2"],"removed":[""],"origin":"+input"}
2019-3-28 11:49:58.173#change#{"from":{"line":3,"ch":15,"sticky":null},"to":{"line":3,"ch":15,"sticky":null},"text":[" "],"removed":[""],"origin":"+input"}
2019-3-28 11:49:59.379#change#{"from":{"line":3,"ch":16,"sticky":null},"to":{"line":3,"ch":16,"sticky":null},"text":["+"],"removed":[""],"origin":"+input"}
2019-3-28 11:50:03.716#change#{"from":{"line":3,"ch":17,"sticky":null},"to":{"line":3,"ch":17,"sticky":null},"text":["c"],"removed":[""],"origin":"+input"}
2019-3-28 11:50:05.715#change#{"from":{"line":3,"ch":18,"sticky":null},"to":{"line":3,"ch":18,"sticky":null},"text":["*"],"removed":[""],"origin":"+input"}
2019-3-28 11:50:06.019#change#{"from":{"line":3,"ch":19,"sticky":null},"to":{"line":3,"ch":19,"sticky":null},"text":["*"],"removed":[""],"origin":"+input"}
2019-3-28 11:50:07.356#change#{"from":{"line":3,"ch":20,"sticky":null},"to":{"line":3,"ch":20,"sticky":null},"text":["2"],"removed":[""],"origin":"+input"}
2019-3-28 11:50:08.492#keyHandled#"Right"
2019-3-28 11:50:11.956#change#{"from":{"line":3,"ch":22,"sticky":"before"},"to":{"line":3,"ch":22,"sticky":"before"},"text":["?"],"removed":[""],"origin":"+input"}
2019-3-28 11:50:12.885#change#{"from":{"line":3,"ch":22,"sticky":"after"},"to":{"line":3,"ch":23,"sticky":null},"text":[""],"removed":["?"],"origin":"+delete"}
2019-3-28 11:50:12.885#keyHandled#"Backspace"
2019-3-28 11:50:13.212#change#{"from":{"line":3,"ch":22,"sticky":null},"to":{"line":3,"ch":22,"sticky":null},"text":["/"],"removed":[""],"origin":"+input"}
2019-3-28 11:50:20.075#change#{"from":{"line":3,"ch":23,"sticky":null},"to":{"line":3,"ch":23,"sticky":null},"text":["()"],"removed":[""],"origin":"+input"}
2019-3-28 11:50:20.075#keyHandled#"'('"
2019-3-28 11:50:22.660#change#{"from":{"line":3,"ch":24,"sticky":"after"},"to":{"line":3,"ch":24,"sticky":"after"},"text":["a"],"removed":[""],"origin":"+input"}
2019-3-28 11:50:24.203#change#{"from":{"line":3,"ch":25,"sticky":null},"to":{"line":3,"ch":25,"sticky":null},"text":["="],"removed":[""],"origin":"+input"}
2019-3-28 11:50:25.910#change#{"from":{"line":3,"ch":25,"sticky":"after"},"to":{"line":3,"ch":26,"sticky":null},"text":[""],"removed":["="],"origin":"+delete"}
2019-3-28 11:50:25.910#keyHandled#"Backspace"
2019-3-28 11:50:27.011#change#{"from":{"line":3,"ch":25,"sticky":null},"to":{"line":3,"ch":25,"sticky":null},"text":["+"],"removed":[""],"origin":"+input"}
2019-3-28 11:50:28.036#change#{"from":{"line":3,"ch":26,"sticky":null},"to":{"line":3,"ch":26,"sticky":null},"text":["b"],"removed":[""],"origin":"+input"}
2019-3-28 11:50:29.299#change#{"from":{"line":3,"ch":27,"sticky":null},"to":{"line":3,"ch":27,"sticky":null},"text":["+"],"removed":[""],"origin":"+input"}
2019-3-28 11:50:30.525#change#{"from":{"line":3,"ch":28,"sticky":null},"to":{"line":3,"ch":28,"sticky":null},"text":["c"],"removed":[""],"origin":"+input"}
2019-3-28 11:50:33.937#blur#
2019-3-28 11:50:33.937#blur#
2019-3-28 11:50:35.477#dica_bullet#SyntaxError: invalid syntax
2019-3-28 11:50:36.394#saida_testar#$ python3 main.py
File "main.py", line 6
print(round(, 7))
SyntaxError: invalid syntax
2019-3-28 11:50:36.960#mousedown#{"isTrusted":true}
2019-3-28 11:50:36.978#focus#
2019-3-28 11:50:38.741#change#{"from":{"line":5,"ch":12,"sticky":"before","xRel":-1.29998779296875},"to":{"line":5,"ch":12,"sticky":"before","xRel":-1.29998779296875},"text":["d"],"removed":[""],"origin":"+input"}
2019-3-28 11:50:41.341#change#{"from":{"line":5,"ch":12,"sticky":"after"},"to":{"line":5,"ch":13,"sticky":null},"text":[""],"removed":["d"],"origin":"+delete"}
2019-3-28 11:50:41.341#keyHandled#"Backspace"
2019-3-28 11:50:41.764#change#{"from":{"line":5,"ch":12,"sticky":null},"to":{"line":5,"ch":12,"sticky":null},"text":["l"],"removed":[""],"origin":"+input"}
2019-3-28 11:50:43.375#blur#
2019-3-28 11:50:46.282#saida_testar#$ python3 main.py
