2019-4-24 13:46:47.305#viewportChange#0
2019-4-24 13:50:13.493#mousedown#{"isTrusted":true}
2019-4-24 13:50:13.506#focus#
2019-4-24 13:50:14.325#mousedown#{"isTrusted":true}
2019-4-24 13:50:14.326#contextmenu#{"isTrusted":true}
2019-4-24 13:50:15.804#change#{"from":{"line":2,"ch":0,"sticky":null,"xRel":1,"outside":true},"to":{"line":2,"ch":0,"sticky":null,"xRel":1,"outside":true},"text":["# Leitura dos lados do triangulo a, b, and c","a = float(input (\"Lado 1: \"))","b = float(input (\"Lado 2: \"))","c = float(input (\"Lado 3: \"))","","print(\"Entradas:\", a, \",\", b, \",\", c)",""],"removed":[""],"origin":"paste"}
2019-4-24 13:50:15.819#viewportChange#0
2019-4-24 13:50:29.057#blur#
2019-4-24 13:50:40.536#focus#
2019-4-24 13:50:43.394#change#{"from":{"line":8,"ch":0,"sticky":null},"to":{"line":8,"ch":0,"sticky":null},"text":["",""],"removed":[""],"origin":"+input"}
2019-4-24 13:50:43.394#keyHandled#"Enter"
2019-4-24 13:50:43.414#viewportChange#0
2019-4-24 13:50:45.005#mousedown#{"isTrusted":true}
2019-4-24 13:50:45.005#contextmenu#{"isTrusted":true}
2019-4-24 13:50:46.244#change#{"from":{"line":9,"ch":0,"sticky":null},"to":{"line":9,"ch":0,"sticky":null},"text":["if","((x >= y + z) ","or","(y >= x + z) ","or","(z >= y + x)):","print(\"Nao eh ","triangulo","\")","else",":","if","((x == y) ","and","(y == z)):","print(\"","equilatero","\")","else",":","if","((x == y) ","or","(y == z) ","or","(z == x)):","print(\"isosceles\")","else",":","print(\"","escaleno","\")"],"removed":[""],"origin":"paste"}
2019-4-24 13:50:46.285#viewportChange#0
2019-4-24 13:50:54.768#blur#
2019-4-24 13:50:58.259#change#{"from":{"line":9,"ch":0,"sticky":null},"to":{"line":40,"ch":2,"sticky":null},"text":[""],"removed":["if","((x >= y + z) ","or","(y >= x + z) ","or","(z >= y + x)):","print(\"Nao eh ","triangulo","\")","else",":","if","((x == y) ","and","(y == z)):","print(\"","equilatero","\")","else",":","if","((x == y) ","or","(y == z) ","or","(z == x)):","print(\"isosceles\")","else",":","print(\"","escaleno","\")"],"origin":"undo"}
2019-4-24 13:50:58.277#viewportChange#0
2019-4-24 13:51:17.621#mousedown#{"isTrusted":true}
2019-4-24 13:51:17.623#contextmenu#{"isTrusted":true}
2019-4-24 13:51:17.639#focus#
2019-4-24 13:51:19.625#change#{"from":{"line":9,"ch":0,"sticky":null},"to":{"line":9,"ch":0,"sticky":null},"text":["if((x>= y+z)or(y>=x+z)or(z>=x+y)):","\tprint(\"nao eh triangulo\")","else:","\tif((x==y)and(y==z)):","\t\tprint(\"equilatero\")","\telse:","\t\tif((x==y)or(y==z)or(z==x)):","\t\t\tprint(\"isosceles\")","\t\telse:","\t\t\tprint(\"escaleno\")"],"removed":[""],"origin":"paste"}
2019-4-24 13:51:19.651#viewportChange#0
2019-4-24 13:51:21.525#mousedown#{"isTrusted":true}
2019-4-24 13:51:24.476#mousedown#{"isTrusted":true}
2019-4-24 13:51:27.022#keyHandled#"Up"
2019-4-24 13:51:27.293#keyHandled#"Up"
2019-4-24 13:51:27.556#keyHandled#"Up"
2019-4-24 13:51:28.165#keyHandled#"Down"
2019-4-24 13:51:28.515#keyHandled#"Left"
2019-4-24 13:51:29.600#change#{"from":{"line":3,"ch":0,"sticky":"after"},"to":{"line":3,"ch":1,"sticky":"after"},"text":[""],"removed":["a"],"origin":"+delete"}
2019-4-24 13:51:29.600#keyHandled#"Backspace"
2019-4-24 13:51:29.938#change#{"from":{"line":3,"ch":0,"sticky":null},"to":{"line":3,"ch":0,"sticky":null},"text":["a"],"removed":[""],"origin":"+input"}
2019-4-24 13:51:30.375#keyHandled#"Down"
2019-4-24 13:51:31.471#keyHandled#"Up"
2019-4-24 13:51:32.309#change#{"from":{"line":3,"ch":0,"sticky":"after"},"to":{"line":3,"ch":1,"sticky":"after","xRel":0},"text":[""],"removed":["a"],"origin":"+delete"}
2019-4-24 13:51:32.309#keyHandled#"Backspace"
2019-4-24 13:51:32.703#change#{"from":{"line":3,"ch":0,"sticky":null},"to":{"line":3,"ch":0,"sticky":null},"text":["x"],"removed":[""],"origin":"+input"}
2019-4-24 13:51:33.164#keyHandled#"Down"
2019-4-24 13:51:34.069#change#{"from":{"line":4,"ch":0,"sticky":"after"},"to":{"line":4,"ch":1,"sticky":"after","xRel":0},"text":[""],"removed":["b"],"origin":"+delete"}
2019-4-24 13:51:34.069#keyHandled#"Backspace"
2019-4-24 13:51:36.016#change#{"from":{"line":4,"ch":0,"sticky":null},"to":{"line":4,"ch":0,"sticky":null},"text":["y"],"removed":[""],"origin":"+input"}
2019-4-24 13:51:36.645#keyHandled#"Down"
2019-4-24 13:51:37.614#change#{"from":{"line":5,"ch":0,"sticky":"after"},"to":{"line":5,"ch":1,"sticky":"after","xRel":0},"text":[""],"removed":["c"],"origin":"+delete"}
2019-4-24 13:51:37.614#keyHandled#"Backspace"
2019-4-24 13:51:39.160#change#{"from":{"line":5,"ch":0,"sticky":null},"to":{"line":5,"ch":0,"sticky":null},"text":["z"],"removed":[""],"origin":"+input"}
2019-4-24 13:51:40.125#keyHandled#"Down"
2019-4-24 13:51:40.413#keyHandled#"Right"
2019-4-24 13:51:40.668#keyHandled#"Right"
2019-4-24 13:51:40.892#keyHandled#"Right"
2019-4-24 13:51:41.180#keyHandled#"Right"
2019-4-24 13:51:41.572#keyHandled#"Right"
2019-4-24 13:51:42.071#keyHandled#"Right"
2019-4-24 13:51:42.110#keyHandled#"Right"
2019-4-24 13:51:42.139#keyHandled#"Right"
2019-4-24 13:51:42.171#keyHandled#"Right"
2019-4-24 13:51:42.203#keyHandled#"Right"
2019-4-24 13:51:42.236#keyHandled#"Right"
2019-4-24 13:51:42.270#keyHandled#"Right"
2019-4-24 13:51:42.303#keyHandled#"Right"
2019-4-24 13:51:42.335#keyHandled#"Right"
2019-4-24 13:51:42.368#keyHandled#"Right"
2019-4-24 13:51:42.401#keyHandled#"Right"
2019-4-24 13:51:42.434#keyHandled#"Right"
2019-4-24 13:51:42.468#keyHandled#"Right"
2019-4-24 13:51:42.501#keyHandled#"Right"
2019-4-24 13:51:42.717#keyHandled#"Right"
2019-4-24 13:51:43.036#keyHandled#"Right"
2019-4-24 13:51:43.829#change#{"from":{"line":7,"ch":19,"sticky":"after"},"to":{"line":7,"ch":20,"sticky":"before"},"text":[""],"removed":["a"],"origin":"+delete"}
2019-4-24 13:51:43.829#keyHandled#"Backspace"
2019-4-24 13:51:44.381#change#{"from":{"line":7,"ch":19,"sticky":null},"to":{"line":7,"ch":19,"sticky":null},"text":["x"],"removed":[""],"origin":"+input"}
2019-4-24 13:51:44.772#keyHandled#"Right"
2019-4-24 13:51:44.989#keyHandled#"Right"
2019-4-24 13:51:45.236#keyHandled#"Right"
2019-4-24 13:51:45.444#keyHandled#"Right"
2019-4-24 13:51:45.669#keyHandled#"Right"
2019-4-24 13:51:45.892#keyHandled#"Right"
2019-4-24 13:51:46.101#keyHandled#"Right"
2019-4-24 13:51:46.397#keyHandled#"Right"
2019-4-24 13:51:47.156#change#{"from":{"line":7,"ch":27,"sticky":"after"},"to":{"line":7,"ch":28,"sticky":"before"},"text":[""],"removed":["b"],"origin":"+delete"}
2019-4-24 13:51:47.157#keyHandled#"Backspace"
2019-4-24 13:51:48.301#change#{"from":{"line":7,"ch":27,"sticky":null},"to":{"line":7,"ch":27,"sticky":null},"text":["y"],"removed":[""],"origin":"+input"}
2019-4-24 13:51:48.732#keyHandled#"Right"
2019-4-24 13:51:48.981#keyHandled#"Right"
2019-4-24 13:51:49.212#keyHandled#"Right"
2019-4-24 13:51:49.421#keyHandled#"Right"
2019-4-24 13:51:49.596#keyHandled#"Right"
2019-4-24 13:51:49.796#keyHandled#"Right"
2019-4-24 13:51:50.020#keyHandled#"Right"
2019-4-24 13:51:50.269#keyHandled#"Right"
2019-4-24 13:51:50.996#change#{"from":{"line":7,"ch":35,"sticky":"after"},"to":{"line":7,"ch":36,"sticky":"before"},"text":[""],"removed":["c"],"origin":"+delete"}
2019-4-24 13:51:50.996#keyHandled#"Backspace"
2019-4-24 13:51:51.792#change#{"from":{"line":7,"ch":35,"sticky":null},"to":{"line":7,"ch":35,"sticky":null},"text":["z"],"removed":[""],"origin":"+input"}
2019-4-24 13:51:53.433#blur#
2019-4-24 13:51:53.433#blur#
2019-4-24 13:51:56.451#saida_testar#$ python3 main.py
2019-4-24 13:52:08.660#mousedown#{"isTrusted":true}
2019-4-24 13:52:08.781#focus#
2019-4-24 13:52:09.589#change#{"from":{"line":10,"ch":23,"sticky":"after"},"to":{"line":10,"ch":24,"sticky":"after","xRel":0.79998779296875},"text":[""],"removed":["o"],"origin":"+delete"}
2019-4-24 13:52:09.589#keyHandled#"Backspace"
2019-4-24 13:52:09.796#change#{"from":{"line":10,"ch":22,"sticky":"after"},"to":{"line":10,"ch":23,"sticky":null},"text":[""],"removed":["l"],"origin":"+delete"}
2019-4-24 13:52:09.797#keyHandled#"Backspace"
2019-4-24 13:52:09.956#change#{"from":{"line":10,"ch":21,"sticky":"after"},"to":{"line":10,"ch":22,"sticky":null},"text":[""],"removed":["u"],"origin":"+delete"}
2019-4-24 13:52:09.956#keyHandled#"Backspace"
2019-4-24 13:52:10.109#change#{"from":{"line":10,"ch":20,"sticky":"after"},"to":{"line":10,"ch":21,"sticky":null},"text":[""],"removed":["g"],"origin":"+delete"}
2019-4-24 13:52:10.109#keyHandled#"Backspace"
2019-4-24 13:52:10.292#change#{"from":{"line":10,"ch":19,"sticky":"after"},"to":{"line":10,"ch":20,"sticky":null},"text":[""],"removed":["n"],"origin":"+delete"}
2019-4-24 13:52:10.292#keyHandled#"Backspace"
2019-4-24 13:52:10.428#change#{"from":{"line":10,"ch":18,"sticky":"after"},"to":{"line":10,"ch":19,"sticky":null},"text":[""],"removed":["a"],"origin":"+delete"}
2019-4-24 13:52:10.428#keyHandled#"Backspace"
2019-4-24 13:52:10.605#change#{"from":{"line":10,"ch":17,"sticky":"after"},"to":{"line":10,"ch":18,"sticky":null},"text":[""],"removed":["i"],"origin":"+delete"}
2019-4-24 13:52:10.605#keyHandled#"Backspace"
2019-4-24 13:52:10.749#change#{"from":{"line":10,"ch":16,"sticky":"after"},"to":{"line":10,"ch":17,"sticky":null},"text":[""],"removed":["r"],"origin":"+delete"}
2019-4-24 13:52:10.749#keyHandled#"Backspace"
2019-4-24 13:52:10.885#change#{"from":{"line":10,"ch":15,"sticky":"after"},"to":{"line":10,"ch":16,"sticky":null},"text":[""],"removed":["t"],"origin":"+delete"}
2019-4-24 13:52:10.885#keyHandled#"Backspace"
2019-4-24 13:52:11.076#change#{"from":{"line":10,"ch":14,"sticky":"after"},"to":{"line":10,"ch":15,"sticky":null},"text":[""],"removed":[" "],"origin":"+delete"}
2019-4-24 13:52:11.076#keyHandled#"Backspace"
2019-4-24 13:52:11.229#change#{"from":{"line":10,"ch":13,"sticky":"after"},"to":{"line":10,"ch":14,"sticky":null},"text":[""],"removed":["h"],"origin":"+delete"}
2019-4-24 13:52:11.229#keyHandled#"Backspace"
2019-4-24 13:52:11.556#change#{"from":{"line":10,"ch":11,"sticky":"after"},"to":{"line":10,"ch":12,"sticky":null},"text":[""],"removed":[" "],"origin":"+delete"}
2019-4-24 13:52:11.556#keyHandled#"Backspace"
2019-4-24 13:52:12.596#change#{"from":{"line":10,"ch":10,"sticky":"after"},"to":{"line":10,"ch":11,"sticky":null},"text":[""],"removed":["o"],"origin":"+delete"}
2019-4-24 13:52:12.596#keyHandled#"Backspace"
2019-4-24 13:52:13.013#change#{"from":{"line":10,"ch":9,"sticky":"after"},"to":{"line":10,"ch":10,"sticky":null},"text":[""],"removed":["a"],"origin":"+delete"}
2019-4-24 13:52:13.013#keyHandled#"Backspace"
2019-4-24 13:52:13.340#change#{"from":{"line":10,"ch":8,"sticky":"after"},"to":{"line":10,"ch":9,"sticky":null},"text":[""],"removed":["n"],"origin":"+delete"}
2019-4-24 13:52:13.341#keyHandled#"Backspace"
2019-4-24 13:52:14.352#change#{"from":{"line":10,"ch":8,"sticky":null},"to":{"line":10,"ch":8,"sticky":null},"text":["t"],"removed":[""],"origin":"+input"}
2019-4-24 13:52:14.889#change#{"from":{"line":10,"ch":9,"sticky":null},"to":{"line":10,"ch":9,"sticky":null},"text":["i"],"removed":[""],"origin":"+input"}
2019-4-24 13:52:15.220#change#{"from":{"line":10,"ch":10,"sticky":null},"to":{"line":10,"ch":10,"sticky":null},"text":["p"],"removed":[""],"origin":"+input"}
2019-4-24 13:52:15.425#change#{"from":{"line":10,"ch":11,"sticky":null},"to":{"line":10,"ch":11,"sticky":null},"text":["o"],"removed":[""],"origin":"+input"}
2019-4-24 13:52:20.143#change#{"from":{"line":10,"ch":12,"sticky":null},"to":{"line":10,"ch":12,"sticky":null},"text":[" "],"removed":[""],"origin":"+input"}
2019-4-24 13:52:20.407#change#{"from":{"line":10,"ch":13,"sticky":null},"to":{"line":10,"ch":13,"sticky":null},"text":["d"],"removed":[""],"origin":"+input"}
2019-4-24 13:52:20.717#change#{"from":{"line":10,"ch":14,"sticky":null},"to":{"line":10,"ch":14,"sticky":null},"text":["e"],"removed":[""],"origin":"+input"}
2019-4-24 13:52:21.477#change#{"from":{"line":10,"ch":15,"sticky":null},"to":{"line":10,"ch":15,"sticky":null},"text":[" "],"removed":[""],"origin":"+input"}
2019-4-24 13:52:22.018#change#{"from":{"line":10,"ch":16,"sticky":null},"to":{"line":10,"ch":16,"sticky":null},"text":["t"],"removed":[""],"origin":"+input"}
2019-4-24 13:52:22.292#change#{"from":{"line":10,"ch":17,"sticky":null},"to":{"line":10,"ch":17,"sticky":null},"text":["r"],"removed":[""],"origin":"+input"}
2019-4-24 13:52:22.567#change#{"from":{"line":10,"ch":18,"sticky":null},"to":{"line":10,"ch":18,"sticky":null},"text":["i"],"removed":[""],"origin":"+input"}
2019-4-24 13:52:23.424#change#{"from":{"line":10,"ch":19,"sticky":null},"to":{"line":10,"ch":19,"sticky":null},"text":["a"],"removed":[""],"origin":"+input"}
2019-4-24 13:52:23.655#change#{"from":{"line":10,"ch":20,"sticky":null},"to":{"line":10,"ch":20,"sticky":null},"text":["n"],"removed":[""],"origin":"+input"}
2019-4-24 13:52:23.967#change#{"from":{"line":10,"ch":21,"sticky":null},"to":{"line":10,"ch":21,"sticky":null},"text":["g"],"removed":[""],"origin":"+input"}
2019-4-24 13:52:24.409#change#{"from":{"line":10,"ch":22,"sticky":null},"to":{"line":10,"ch":22,"sticky":null},"text":["u"],"removed":[""],"origin":"+input"}
2019-4-24 13:52:24.887#change#{"from":{"line":10,"ch":23,"sticky":null},"to":{"line":10,"ch":23,"sticky":null},"text":["l"],"removed":[""],"origin":"+input"}
2019-4-24 13:52:25.134#change#{"from":{"line":10,"ch":24,"sticky":null},"to":{"line":10,"ch":24,"sticky":null},"text":["o"],"removed":[""],"origin":"+input"}
2019-4-24 13:52:26.685#change#{"from":{"line":10,"ch":25,"sticky":null},"to":{"line":10,"ch":25,"sticky":null},"text":[":"],"removed":[""],"origin":"+input"}
2019-4-24 13:52:27.190#change#{"from":{"line":10,"ch":26,"sticky":null},"to":{"line":10,"ch":26,"sticky":null},"text":[" "],"removed":[""],"origin":"+input"}
2019-4-24 13:52:28.520#change#{"from":{"line":10,"ch":27,"sticky":null},"to":{"line":10,"ch":27,"sticky":null},"text":["i"],"removed":[""],"origin":"+input"}
2019-4-24 13:52:28.820#change#{"from":{"line":10,"ch":28,"sticky":null},"to":{"line":10,"ch":28,"sticky":null},"text":["n"],"removed":[""],"origin":"+input"}
2019-4-24 13:52:29.329#change#{"from":{"line":10,"ch":29,"sticky":null},"to":{"line":10,"ch":29,"sticky":null},"text":["v"],"removed":[""],"origin":"+input"}
2019-4-24 13:52:29.591#change#{"from":{"line":10,"ch":30,"sticky":null},"to":{"line":10,"ch":30,"sticky":null},"text":["a"],"removed":[""],"origin":"+input"}
2019-4-24 13:52:30.022#change#{"from":{"line":10,"ch":31,"sticky":null},"to":{"line":10,"ch":31,"sticky":null},"text":["l"],"removed":[""],"origin":"+input"}
2019-4-24 13:52:30.318#change#{"from":{"line":10,"ch":32,"sticky":null},"to":{"line":10,"ch":32,"sticky":null},"text":["i"],"removed":[""],"origin":"+input"}
2019-4-24 13:52:30.599#change#{"from":{"line":10,"ch":33,"sticky":null},"to":{"line":10,"ch":33,"sticky":null},"text":["d"],"removed":[""],"origin":"+input"}
2019-4-24 13:52:30.852#change#{"from":{"line":10,"ch":34,"sticky":null},"to":{"line":10,"ch":34,"sticky":null},"text":["o"],"removed":[""],"origin":"+input"}
2019-4-24 13:52:33.661#mousedown#{"isTrusted":true}
2019-4-24 13:52:34.692#keyHandled#"Left"
2019-4-24 13:52:36.884#change#{"from":{"line":10,"ch":8,"sticky":"after"},"to":{"line":10,"ch":9,"sticky":"after"},"text":[""],"removed":["t"],"origin":"+delete"}
2019-4-24 13:52:36.884#keyHandled#"Backspace"
2019-4-24 13:52:38.487#change#{"from":{"line":10,"ch":8,"sticky":null},"to":{"line":10,"ch":8,"sticky":null},"text":["T"],"removed":[""],"origin":"+input"}
2019-4-24 13:52:40.242#blur#
2019-4-24 13:52:40.242#blur#
2019-4-24 13:52:42.439#saida_testar#$ python3 main.py
2019-4-25 10:03:49.276#viewportChange#0
2019-4-25 10:04:32.592#mousedown#{"isTrusted":true}
2019-4-25 10:04:32.623#focus#
2019-4-25 10:04:33.618#keyHandled#"Left"
2019-4-25 10:04:34.587#change#{"from":{"line":3,"ch":0,"sticky":"after"},"to":{"line":3,"ch":1,"sticky":"after"},"text":[""],"removed":["x"],"origin":"+delete"}
2019-4-25 10:04:34.587#keyHandled#"Backspace"
2019-4-25 10:04:35.744#change#{"from":{"line":3,"ch":0,"sticky":null},"to":{"line":3,"ch":0,"sticky":null},"text":["a"],"removed":[""],"origin":"+input"}
2019-4-25 10:04:36.658#keyHandled#"Down"
2019-4-25 10:04:37.513#change#{"from":{"line":4,"ch":0,"sticky":"after"},"to":{"line":4,"ch":1,"sticky":"after","xRel":0},"text":[""],"removed":["y"],"origin":"+delete"}
2019-4-25 10:04:37.513#keyHandled#"Backspace"
2019-4-25 10:04:38.624#change#{"from":{"line":4,"ch":0,"sticky":null},"to":{"line":4,"ch":0,"sticky":null},"text":["b"],"removed":[""],"origin":"+input"}
2019-4-25 10:04:39.001#keyHandled#"Down"
2019-4-25 10:04:39.729#change#{"from":{"line":5,"ch":0,"sticky":"after"},"to":{"line":5,"ch":1,"sticky":"after","xRel":0},"text":[""],"removed":["z"],"origin":"+delete"}
2019-4-25 10:04:39.729#keyHandled#"Backspace"
2019-4-25 10:04:40.678#change#{"from":{"line":5,"ch":0,"sticky":null},"to":{"line":5,"ch":0,"sticky":null},"text":["c"],"removed":[""],"origin":"+input"}
2019-4-25 10:04:41.710#keyHandled#"Down"
2019-4-25 10:04:42.066#keyHandled#"Down"
2019-4-25 10:04:42.367#keyHandled#"Right"
2019-4-25 10:04:42.551#keyHandled#"Right"
2019-4-25 10:04:42.711#keyHandled#"Right"
2019-4-25 10:04:42.887#keyHandled#"Right"
2019-4-25 10:04:43.015#keyHandled#"Right"
2019-4-25 10:04:43.167#keyHandled#"Right"
2019-4-25 10:04:43.343#keyHandled#"Right"
2019-4-25 10:04:43.495#keyHandled#"Right"
2019-4-25 10:04:43.623#keyHandled#"Right"
2019-4-25 10:04:43.768#keyHandled#"Right"
2019-4-25 10:04:43.911#keyHandled#"Right"
2019-4-25 10:04:44.071#keyHandled#"Right"
2019-4-25 10:04:44.247#keyHandled#"Right"
2019-4-25 10:04:44.407#keyHandled#"Right"
2019-4-25 10:04:44.575#keyHandled#"Right"
2019-4-25 10:04:44.751#keyHandled#"Right"
2019-4-25 10:04:44.895#keyHandled#"Right"
2019-4-25 10:04:45.063#keyHandled#"Right"
2019-4-25 10:04:45.399#keyHandled#"Right"
2019-4-25 10:04:46.136#change#{"from":{"line":7,"ch":19,"sticky":"after"},"to":{"line":7,"ch":20,"sticky":"before"},"text":[""],"removed":["x"],"origin":"+delete"}
2019-4-25 10:04:46.136#keyHandled#"Backspace"
2019-4-25 10:04:46.493#change#{"from":{"line":7,"ch":19,"sticky":null},"to":{"line":7,"ch":19,"sticky":null},"text":["a"],"removed":[""],"origin":"+input"}
2019-4-25 10:04:46.951#keyHandled#"Right"
2019-4-25 10:04:47.111#keyHandled#"Right"
2019-4-25 10:04:47.279#keyHandled#"Right"
2019-4-25 10:04:47.439#keyHandled#"Right"
2019-4-25 10:04:47.607#keyHandled#"Right"
2019-4-25 10:04:47.767#keyHandled#"Right"
2019-4-25 10:04:47.943#keyHandled#"Right"
2019-4-25 10:04:48.287#keyHandled#"Right"
2019-4-25 10:04:48.952#change#{"from":{"line":7,"ch":27,"sticky":"after"},"to":{"line":7,"ch":28,"sticky":"before"},"text":[""],"removed":["y"],"origin":"+delete"}
2019-4-25 10:04:48.952#keyHandled#"Backspace"
2019-4-25 10:04:49.820#change#{"from":{"line":7,"ch":27,"sticky":null},"to":{"line":7,"ch":27,"sticky":null},"text":["b"],"removed":[""],"origin":"+input"}
2019-4-25 10:04:50.143#keyHandled#"Right"
2019-4-25 10:04:50.335#keyHandled#"Right"
2019-4-25 10:04:50.519#keyHandled#"Right"
2019-4-25 10:04:50.735#keyHandled#"Right"
2019-4-25 10:04:51.007#keyHandled#"Right"
2019-4-25 10:04:51.183#keyHandled#"Right"
2019-4-25 10:04:51.343#keyHandled#"Right"
2019-4-25 10:04:51.503#keyHandled#"Right"
2019-4-25 10:04:52.236#change#{"from":{"line":7,"ch":35,"sticky":"after"},"to":{"line":7,"ch":36,"sticky":"before"},"text":[""],"removed":["z"],"origin":"+delete"}
2019-4-25 10:04:52.236#keyHandled#"Backspace"
2019-4-25 10:04:52.708#change#{"from":{"line":7,"ch":35,"sticky":null},"to":{"line":7,"ch":35,"sticky":null},"text":["c"],"removed":[""],"origin":"+input"}
2019-4-25 10:04:53.024#keyHandled#"Down"
2019-4-25 10:04:53.607#keyHandled#"Right"
2019-4-25 10:04:53.827#keyHandled#"Right"
2019-4-25 10:04:54.032#keyHandled#"Down"
2019-4-25 10:04:54.585#keyHandled#"Up"
2019-4-25 10:04:54.871#keyHandled#"Right"
2019-4-25 10:04:55.023#keyHandled#"Right"
2019-4-25 10:04:55.191#keyHandled#"Right"
2019-4-25 10:04:55.527#keyHandled#"Right"
2019-4-25 10:04:56.327#change#{"from":{"line":9,"ch":4,"sticky":"after"},"to":{"line":9,"ch":5,"sticky":"before"},"text":[""],"removed":["x"],"origin":"+delete"}
2019-4-25 10:04:56.328#keyHandled#"Backspace"
2019-4-25 10:04:56.828#change#{"from":{"line":9,"ch":4,"sticky":null},"to":{"line":9,"ch":4,"sticky":null},"text":["a"],"removed":[""],"origin":"+input"}
2019-4-25 10:04:57.127#keyHandled#"Right"
2019-4-25 10:04:57.423#keyHandled#"Right"
2019-4-25 10:04:57.647#keyHandled#"Right"
2019-4-25 10:04:58.023#keyHandled#"Right"
2019-4-25 10:04:58.672#change#{"from":{"line":9,"ch":8,"sticky":"after"},"to":{"line":9,"ch":9,"sticky":"before"},"text":[""],"removed":["y"],"origin":"+delete"}
2019-4-25 10:04:58.672#keyHandled#"Backspace"
2019-4-25 10:05:00.270#change#{"from":{"line":9,"ch":8,"sticky":null},"to":{"line":9,"ch":8,"sticky":null},"text":["b"],"removed":[""],"origin":"+input"}
2019-4-25 10:05:00.727#keyHandled#"Right"
2019-4-25 10:05:00.951#keyHandled#"Right"
2019-4-25 10:05:01.656#change#{"from":{"line":9,"ch":10,"sticky":"after"},"to":{"line":9,"ch":11,"sticky":"before"},"text":[""],"removed":["z"],"origin":"+delete"}
2019-4-25 10:05:01.656#keyHandled#"Backspace"
2019-4-25 10:05:02.194#change#{"from":{"line":9,"ch":10,"sticky":null},"to":{"line":9,"ch":10,"sticky":null},"text":["c"],"removed":[""],"origin":"+input"}
2019-4-25 10:05:02.543#keyHandled#"Right"
2019-4-25 10:05:02.759#keyHandled#"Right"
2019-4-25 10:05:02.983#keyHandled#"Right"
2019-4-25 10:05:03.216#keyHandled#"Right"
2019-4-25 10:05:03.399#keyHandled#"Right"
2019-4-25 10:05:04.072#change#{"from":{"line":9,"ch":15,"sticky":"after"},"to":{"line":9,"ch":16,"sticky":"before"},"text":[""],"removed":["y"],"origin":"+delete"}
2019-4-25 10:05:04.072#keyHandled#"Backspace"
2019-4-25 10:05:04.891#change#{"from":{"line":9,"ch":15,"sticky":null},"to":{"line":9,"ch":15,"sticky":null},"text":["b"],"removed":[""],"origin":"+input"}
2019-4-25 10:05:05.223#keyHandled#"Right"
2019-4-25 10:05:05.431#keyHandled#"Right"
2019-4-25 10:05:05.711#keyHandled#"Right"
2019-4-25 10:05:13.292#change#{"from":{"line":9,"ch":18,"sticky":"after"},"to":{"line":9,"ch":19,"sticky":"before"},"text":[""],"removed":["x"],"origin":"+delete"}
2019-4-25 10:05:13.292#keyHandled#"Backspace"
2019-4-25 10:05:13.548#change#{"from":{"line":9,"ch":18,"sticky":null},"to":{"line":9,"ch":18,"sticky":null},"text":["a"],"removed":[""],"origin":"+input"}
2019-4-25 10:05:14.223#keyHandled#"Right"
2019-4-25 10:05:14.431#keyHandled#"Right"
2019-4-25 10:05:15.184#change#{"from":{"line":9,"ch":20,"sticky":"after"},"to":{"line":9,"ch":21,"sticky":"before"},"text":[""],"removed":["z"],"origin":"+delete"}
2019-4-25 10:05:15.184#keyHandled#"Backspace"
2019-4-25 10:05:15.627#change#{"from":{"line":9,"ch":20,"sticky":null},"to":{"line":9,"ch":20,"sticky":null},"text":["c"],"removed":[""],"origin":"+input"}
2019-4-25 10:05:16.207#keyHandled#"Right"
2019-4-25 10:05:16.359#keyHandled#"Right"
2019-4-25 10:05:16.527#keyHandled#"Right"
2019-4-25 10:05:16.727#keyHandled#"Right"
2019-4-25 10:05:17.439#change#{"from":{"line":9,"ch":25,"sticky":"after"},"to":{"line":9,"ch":26,"sticky":"before"},"text":[""],"removed":["z"],"origin":"+delete"}
2019-4-25 10:05:17.440#keyHandled#"Backspace"
2019-4-25 10:05:18.627#change#{"from":{"line":9,"ch":25,"sticky":null},"to":{"line":9,"ch":25,"sticky":null},"text":["c"],"removed":[""],"origin":"+input"}
2019-4-25 10:05:19.135#keyHandled#"Right"
2019-4-25 10:05:19.377#keyHandled#"Right"
2019-4-25 10:05:19.912#keyHandled#"Right"
2019-4-25 10:05:20.575#change#{"from":{"line":9,"ch":28,"sticky":"after"},"to":{"line":9,"ch":29,"sticky":"before"},"text":[""],"removed":["x"],"origin":"+delete"}
2019-4-25 10:05:20.576#keyHandled#"Backspace"
2019-4-25 10:05:25.491#change#{"from":{"line":9,"ch":28,"sticky":null},"to":{"line":9,"ch":28,"sticky":null},"text":["a"],"removed":[""],"origin":"+input"}
2019-4-25 10:05:25.744#change#{"from":{"line":9,"ch":29,"sticky":null},"to":{"line":9,"ch":29,"sticky":null},"text":["a"],"removed":[""],"origin":"+input"}
2019-4-25 10:05:25.880#keyHandled#"Right"
2019-4-25 10:05:26.719#keyHandled#"Left"
2019-4-25 10:05:27.639#change#{"from":{"line":9,"ch":29,"sticky":"after"},"to":{"line":9,"ch":30,"sticky":"after"},"text":[""],"removed":["a"],"origin":"+delete"}
2019-4-25 10:05:27.639#keyHandled#"Backspace"
2019-4-25 10:05:28.407#keyHandled#"Right"
2019-4-25 10:05:28.647#keyHandled#"Right"
2019-4-25 10:05:29.551#change#{"from":{"line":9,"ch":30,"sticky":"after"},"to":{"line":9,"ch":31,"sticky":"before"},"text":[""],"removed":["y"],"origin":"+delete"}
2019-4-25 10:05:29.552#keyHandled#"Backspace"
2019-4-25 10:05:30.116#change#{"from":{"line":9,"ch":30,"sticky":null},"to":{"line":9,"ch":30,"sticky":null},"text":["c"],"removed":[""],"origin":"+input"}
2019-4-25 10:05:30.760#keyHandled#"Down"
2019-4-25 10:05:31.289#keyHandled#"Up"
2019-4-25 10:05:31.960#change#{"from":{"line":9,"ch":30,"sticky":"after"},"to":{"line":9,"ch":31,"sticky":"after","xRel":0},"text":[""],"removed":["c"],"origin":"+delete"}
2019-4-25 10:05:31.960#keyHandled#"Backspace"
2019-4-25 10:05:32.604#change#{"from":{"line":9,"ch":30,"sticky":null},"to":{"line":9,"ch":30,"sticky":null},"text":["b"],"removed":[""],"origin":"+input"}
2019-4-25 10:05:32.960#keyHandled#"Down"
2019-4-25 10:05:33.407#keyHandled#"Left"
2019-4-25 10:05:33.599#keyHandled#"Left"
2019-4-25 10:05:33.767#keyHandled#"Left"
2019-4-25 10:05:33.943#keyHandled#"Left"
2019-4-25 10:05:34.095#keyHandled#"Left"
2019-4-25 10:05:34.215#keyHandled#"Left"
2019-4-25 10:05:34.383#keyHandled#"Left"
2019-4-25 10:05:35.000#keyHandled#"Down"
2019-4-25 10:05:37.104#keyHandled#"Down"
2019-4-25 10:05:37.415#keyHandled#"Right"
2019-4-25 10:05:37.775#keyHandled#"Right"
2019-4-25 10:05:38.087#keyHandled#"Up"
2019-4-25 10:05:38.475#keyHandled#"Right"
2019-4-25 10:05:38.679#keyHandled#"Right"
2019-4-25 10:05:38.815#keyHandled#"Right"
2019-4-25 10:05:38.991#keyHandled#"Right"
2019-4-25 10:05:39.128#keyHandled#"Right"
2019-4-25 10:05:39.808#change#{"from":{"line":12,"ch":5,"sticky":"after"},"to":{"line":12,"ch":6,"sticky":"before"},"text":[""],"removed":["x"],"origin":"+delete"}
2019-4-25 10:05:39.808#keyHandled#"Backspace"
2019-4-25 10:05:40.243#change#{"from":{"line":12,"ch":5,"sticky":null},"to":{"line":12,"ch":5,"sticky":null},"text":["a"],"removed":[""],"origin":"+input"}
2019-4-25 10:05:40.511#keyHandled#"Right"
2019-4-25 10:05:40.706#keyHandled#"Right"
2019-4-25 10:05:40.880#keyHandled#"Right"
2019-4-25 10:05:41.583#change#{"from":{"line":12,"ch":8,"sticky":"after"},"to":{"line":12,"ch":9,"sticky":"before"},"text":[""],"removed":["y"],"origin":"+delete"}
2019-4-25 10:05:41.583#keyHandled#"Backspace"
2019-4-25 10:05:42.012#change#{"from":{"line":12,"ch":8,"sticky":null},"to":{"line":12,"ch":8,"sticky":null},"text":["b"],"removed":[""],"origin":"+input"}
2019-4-25 10:05:42.327#keyHandled#"Right"
2019-4-25 10:05:42.503#keyHandled#"Right"
2019-4-25 10:05:42.655#keyHandled#"Right"
2019-4-25 10:05:42.815#keyHandled#"Right"
2019-4-25 10:05:42.967#keyHandled#"Right"
2019-4-25 10:05:43.303#keyHandled#"Right"
2019-4-25 10:05:44.239#change#{"from":{"line":12,"ch":14,"sticky":"after"},"to":{"line":12,"ch":15,"sticky":"before"},"text":[""],"removed":["y"],"origin":"+delete"}
2019-4-25 10:05:44.239#keyHandled#"Backspace"
2019-4-25 10:05:46.172#change#{"from":{"line":12,"ch":14,"sticky":null},"to":{"line":12,"ch":14,"sticky":null},"text":["b"],"removed":[""],"origin":"+input"}
2019-4-25 10:05:46.423#keyHandled#"Right"
2019-4-25 10:05:46.591#keyHandled#"Right"
2019-4-25 10:05:46.783#keyHandled#"Right"
2019-4-25 10:05:47.663#change#{"from":{"line":12,"ch":17,"sticky":"after"},"to":{"line":12,"ch":18,"sticky":"before"},"text":[""],"removed":["z"],"origin":"+delete"}
2019-4-25 10:05:47.664#keyHandled#"Backspace"
2019-4-25 10:05:48.260#change#{"from":{"line":12,"ch":17,"sticky":null},"to":{"line":12,"ch":17,"sticky":null},"text":["c"],"removed":[""],"origin":"+input"}
2019-4-25 10:05:49.208#keyHandled#"Down"
2019-4-25 10:05:50.087#keyHandled#"Down"
2019-4-25 10:05:50.439#keyHandled#"Down"
2019-4-25 10:05:51.191#keyHandled#"Left"
2019-4-25 10:05:51.375#keyHandled#"Left"
2019-4-25 10:05:51.551#keyHandled#"Left"
2019-4-25 10:05:51.695#keyHandled#"Left"
2019-4-25 10:05:51.887#keyHandled#"Left"
2019-4-25 10:05:52.063#keyHandled#"Left"
2019-4-25 10:05:52.983#keyHandled#"Left"
2019-4-25 10:05:53.183#keyHandled#"Left"
2019-4-25 10:05:53.391#keyHandled#"Left"
2019-4-25 10:05:54.175#change#{"from":{"line":15,"ch":6,"sticky":"after"},"to":{"line":15,"ch":7,"sticky":"after"},"text":[""],"removed":["x"],"origin":"+delete"}
2019-4-25 10:05:54.175#keyHandled#"Backspace"
2019-4-25 10:05:54.500#change#{"from":{"line":15,"ch":6,"sticky":null},"to":{"line":15,"ch":6,"sticky":null},"text":["a"],"removed":[""],"origin":"+input"}
2019-4-25 10:05:54.807#keyHandled#"Right"
2019-4-25 10:05:54.999#keyHandled#"Right"
2019-4-25 10:05:55.143#keyHandled#"Right"
2019-4-25 10:05:55.951#change#{"from":{"line":15,"ch":9,"sticky":"after"},"to":{"line":15,"ch":10,"sticky":"before"},"text":[""],"removed":["y"],"origin":"+delete"}
2019-4-25 10:05:55.951#keyHandled#"Backspace"
2019-4-25 10:05:56.428#change#{"from":{"line":15,"ch":9,"sticky":null},"to":{"line":15,"ch":9,"sticky":null},"text":["b"],"removed":[""],"origin":"+input"}
2019-4-25 10:05:56.727#keyHandled#"Right"
2019-4-25 10:05:56.903#keyHandled#"Right"
2019-4-25 10:05:57.079#keyHandled#"Right"
2019-4-25 10:05:57.231#keyHandled#"Right"
2019-4-25 10:05:57.975#keyHandled#"Right"
2019-4-25 10:05:58.519#change#{"from":{"line":15,"ch":14,"sticky":"after"},"to":{"line":15,"ch":15,"sticky":"before"},"text":[""],"removed":["y"],"origin":"+delete"}
2019-4-25 10:05:58.519#keyHandled#"Backspace"
2019-4-25 10:05:59.460#change#{"from":{"line":15,"ch":14,"sticky":null},"to":{"line":15,"ch":14,"sticky":null},"text":["b"],"removed":[""],"origin":"+input"}
2019-4-25 10:06:00.359#keyHandled#"Right"
2019-4-25 10:06:00.535#keyHandled#"Right"
2019-4-25 10:06:00.703#keyHandled#"Right"
2019-4-25 10:06:01.551#change#{"from":{"line":15,"ch":17,"sticky":"after"},"to":{"line":15,"ch":18,"sticky":"before"},"text":[""],"removed":["z"],"origin":"+delete"}
2019-4-25 10:06:01.551#keyHandled#"Backspace"
2019-4-25 10:06:02.060#change#{"from":{"line":15,"ch":17,"sticky":null},"to":{"line":15,"ch":17,"sticky":null},"text":["c"],"removed":[""],"origin":"+input"}
2019-4-25 10:06:02.351#keyHandled#"Right"
2019-4-25 10:06:02.527#keyHandled#"Right"
2019-4-25 10:06:02.695#keyHandled#"Right"
2019-4-25 10:06:02.839#keyHandled#"Right"
2019-4-25 10:06:03.335#keyHandled#"Right"
2019-4-25 10:06:03.952#change#{"from":{"line":15,"ch":22,"sticky":"after"},"to":{"line":15,"ch":23,"sticky":"before"},"text":[""],"removed":["z"],"origin":"+delete"}
2019-4-25 10:06:03.952#keyHandled#"Backspace"
2019-4-25 10:06:22.572#change#{"from":{"line":15,"ch":22,"sticky":null},"to":{"line":15,"ch":22,"sticky":null},"text":["a"],"removed":[""],"origin":"+input"}
2019-4-25 10:06:23.687#keyHandled#"Right"
2019-4-25 10:06:24.023#keyHandled#"Right"
2019-4-25 10:06:24.535#keyHandled#"Left"
2019-4-25 10:06:24.823#keyHandled#"Left"
2019-4-25 10:06:25.751#change#{"from":{"line":15,"ch":22,"sticky":"after"},"to":{"line":15,"ch":23,"sticky":"after"},"text":[""],"removed":["a"],"origin":"+delete"}
2019-4-25 10:06:25.751#keyHandled#"Backspace"
2019-4-25 10:06:26.067#change#{"from":{"line":15,"ch":22,"sticky":null},"to":{"line":15,"ch":22,"sticky":null},"text":["c"],"removed":[""],"origin":"+input"}
2019-4-25 10:06:26.487#keyHandled#"Right"
2019-4-25 10:06:26.687#keyHandled#"Right"
2019-4-25 10:06:26.864#keyHandled#"Right"
2019-4-25 10:06:27.615#change#{"from":{"line":15,"ch":25,"sticky":"after"},"to":{"line":15,"ch":26,"sticky":"before"},"text":[""],"removed":["x"],"origin":"+delete"}
2019-4-25 10:06:27.615#keyHandled#"Backspace"
2019-4-25 10:06:28.395#change#{"from":{"line":15,"ch":25,"sticky":null},"to":{"line":15,"ch":25,"sticky":null},"text":["b"],"removed":[""],"origin":"+input"}
2019-4-25 10:06:38.665#blur#
2019-4-25 10:06:38.665#blur#
2019-4-25 10:06:40.668#saida_testar#$ python3 main.py
2019-4-25 10:06:40.668#saida_testar#$ python3 main.py
2019-4-25 10:06:56.657#saida_testar#$ python3 main.py
2019-4-25 10:06:56.657#saida_testar#$ python3 main.py
2019-4-25 10:07:04.551#saida_testar#$ python3 main.py
2019-4-25 10:07:04.551#saida_testar#$ python3 main.py
2019-4-25 10:07:16.741#saida_testar#$ python3 main.py
2019-4-25 10:17:46.250#viewportChange#0
2019-4-25 10:17:46.250#viewportChange#0
2019-4-25 10:19:05.608#saida_testar#$ python3 main.py
2019-4-25 10:19:05.608#saida_testar#$ python3 main.py
2019-4-25 10:20:41.628#saida_testar#$ python3 main.py
2019-4-25 10:20:41.628#saida_testar#$ python3 main.py
2019-4-25 10:21:19.712#saida_testar#$ python3 main.py
2019-4-25 10:21:19.712#saida_testar#$ python3 main.py
2019-4-25 10:21:35.644#saida_testar#$ python3 main.py
2019-4-25 10:21:35.644#saida_testar#$ python3 main.py
2019-4-25 10:21:47.929#saida_testar#$ python3 main.py
2019-4-25 10:24:08.818#mousedown#{"isTrusted":true}
2019-4-25 10:24:08.846#focus#
2019-4-25 10:24:09.580#mousedown#{"isTrusted":true}
2019-4-25 10:24:11.039#change#{"from":{"line":15,"ch":25,"sticky":"after"},"to":{"line":15,"ch":26,"sticky":"after","xRel":2.4000244140625},"text":[""],"removed":["b"],"origin":"+delete"}
2019-4-25 10:24:11.040#keyHandled#"Backspace"
2019-4-25 10:24:11.587#change#{"from":{"line":15,"ch":25,"sticky":null},"to":{"line":15,"ch":25,"sticky":null},"text":["a"],"removed":[""],"origin":"+input"}
2019-4-25 10:24:14.873#blur#
2019-4-25 10:24:14.873#blur#
2019-4-25 10:24:17.533#saida_testar#$ python3 main.py
2019-4-25 10:24:17.533#saida_testar#$ python3 main.py
2019-4-25 10:24:28.660#submit#Your code did not produce the correct output. Please, correct your code and try again.
2019-4-25 10:24:28.660#submit#Your code did not produce the correct output. Please, correct your code and try again.
2019-4-25 10:24:33.658#saida_testar#$ python3 main.py
2019-4-25 10:24:33.658#saida_testar#$ python3 main.py
2019-4-25 10:24:42.660#submit#Your code did not produce the correct output. Please, correct your code and try again.
2019-4-25 10:24:42.660#submit#Your code did not produce the correct output. Please, correct your code and try again.
2019-4-25 10:24:45.859#saida_testar#$ python3 main.py
2019-4-25 10:24:45.859#saida_testar#$ python3 main.py
2019-4-25 10:25:01.625#saida_testar#$ python3 main.py
2019-4-25 10:25:01.625#saida_testar#$ python3 main.py
2019-4-25 10:25:27.629#saida_testar#$ python3 main.py
2019-4-25 10:25:27.629#saida_testar#$ python3 main.py
2019-4-25 10:25:57.737#saida_testar#$ python3 main.py
2019-4-25 10:25:57.737#saida_testar#$ python3 main.py
2019-4-25 10:26:47.315#submit#Your code did not produce the correct output. Please, correct your code and try again.
2019-4-25 10:26:47.315#submit#Your code did not produce the correct output. Please, correct your code and try again.
2019-4-25 10:30:07.684#saida_testar#$ python3 main.py
2019-4-25 10:30:07.684#saida_testar#$ python3 main.py
2019-4-25 10:30:17.673#saida_testar#$ python3 main.py
2019-4-25 10:30:17.673#saida_testar#$ python3 main.py
2019-4-25 10:30:39.751#saida_testar#$ python3 main.py
2019-4-25 10:31:23.764#mousedown#{"isTrusted":true}
2019-4-25 10:31:23.940#focus#
2019-4-25 10:31:25.426#change#{"from":{"line":13,"ch":9,"sticky":"after","xRel":1.4000244140625},"to":{"line":13,"ch":9,"sticky":"after","xRel":1.4000244140625},"text":["t"],"removed":[""],"origin":"+input"}
2019-4-25 10:31:26.111#change#{"from":{"line":13,"ch":10,"sticky":null},"to":{"line":13,"ch":10,"sticky":null},"text":["i"],"removed":[""],"origin":"+input"}
2019-4-25 10:31:26.425#change#{"from":{"line":13,"ch":11,"sticky":null},"to":{"line":13,"ch":11,"sticky":null},"text":["p"],"removed":[""],"origin":"+input"}
2019-4-25 10:31:26.633#change#{"from":{"line":13,"ch":12,"sticky":null},"to":{"line":13,"ch":12,"sticky":null},"text":["o"],"removed":[""],"origin":"+input"}
2019-4-25 10:31:27.792#change#{"from":{"line":13,"ch":13,"sticky":null},"to":{"line":13,"ch":13,"sticky":null},"text":[" "],"removed":[""],"origin":"+input"}
2019-4-25 10:31:28.393#change#{"from":{"line":13,"ch":14,"sticky":null},"to":{"line":13,"ch":14,"sticky":null},"text":["d"],"removed":[""],"origin":"+input"}
2019-4-25 10:31:28.591#change#{"from":{"line":13,"ch":15,"sticky":null},"to":{"line":13,"ch":15,"sticky":null},"text":["e"],"removed":[""],"origin":"+input"}
2019-4-25 10:31:28.776#change#{"from":{"line":13,"ch":16,"sticky":null},"to":{"line":13,"ch":16,"sticky":null},"text":[" "],"removed":[""],"origin":"+input"}
2019-4-25 10:31:29.179#change#{"from":{"line":13,"ch":17,"sticky":null},"to":{"line":13,"ch":17,"sticky":null},"text":["t"],"removed":[""],"origin":"+input"}
2019-4-25 10:31:29.393#change#{"from":{"line":13,"ch":18,"sticky":null},"to":{"line":13,"ch":18,"sticky":null},"text":["r"],"removed":[""],"origin":"+input"}
2019-4-25 10:31:29.624#change#{"from":{"line":13,"ch":19,"sticky":null},"to":{"line":13,"ch":19,"sticky":null},"text":["i"],"removed":[""],"origin":"+input"}
2019-4-25 10:31:29.927#change#{"from":{"line":13,"ch":20,"sticky":null},"to":{"line":13,"ch":20,"sticky":null},"text":["a"],"removed":[""],"origin":"+input"}
2019-4-25 10:31:30.247#change#{"from":{"line":13,"ch":21,"sticky":null},"to":{"line":13,"ch":21,"sticky":null},"text":["n"],"removed":[""],"origin":"+input"}
2019-4-25 10:31:30.975#change#{"from":{"line":13,"ch":22,"sticky":null},"to":{"line":13,"ch":22,"sticky":null},"text":["g"],"removed":[""],"origin":"+input"}
2019-4-25 10:31:31.175#change#{"from":{"line":13,"ch":23,"sticky":null},"to":{"line":13,"ch":23,"sticky":null},"text":["u"],"removed":[""],"origin":"+input"}
2019-4-25 10:31:31.535#change#{"from":{"line":13,"ch":24,"sticky":null},"to":{"line":13,"ch":24,"sticky":null},"text":["l"],"removed":[""],"origin":"+input"}
2019-4-25 10:31:31.743#change#{"from":{"line":13,"ch":25,"sticky":null},"to":{"line":13,"ch":25,"sticky":null},"text":["o"],"removed":[""],"origin":"+input"}
2019-4-25 10:31:35.688#change#{"from":{"line":13,"ch":26,"sticky":null},"to":{"line":13,"ch":26,"sticky":null},"text":[":"],"removed":[""],"origin":"+input"}
2019-4-25 10:31:36.151#change#{"from":{"line":13,"ch":27,"sticky":null},"to":{"line":13,"ch":27,"sticky":null},"text":[" "],"removed":[""],"origin":"+input"}
2019-4-25 10:31:38.044#mousedown#{"isTrusted":true}
2019-4-25 10:31:39.215#change#{"from":{"line":16,"ch":10,"sticky":"after","xRel":2.4000244140625},"to":{"line":16,"ch":10,"sticky":"after","xRel":2.4000244140625},"text":["t"],"removed":[""],"origin":"+input"}
2019-4-25 10:31:39.463#change#{"from":{"line":16,"ch":11,"sticky":null},"to":{"line":16,"ch":11,"sticky":null},"text":["i"],"removed":[""],"origin":"+input"}
2019-4-25 10:31:39.894#change#{"from":{"line":16,"ch":12,"sticky":null},"to":{"line":16,"ch":12,"sticky":null},"text":["p"],"removed":[""],"origin":"+input"}
2019-4-25 10:31:40.135#change#{"from":{"line":16,"ch":13,"sticky":null},"to":{"line":16,"ch":13,"sticky":null},"text":["o"],"removed":[""],"origin":"+input"}
2019-4-25 10:31:40.463#change#{"from":{"line":16,"ch":14,"sticky":null},"to":{"line":16,"ch":14,"sticky":null},"text":[" "],"removed":[""],"origin":"+input"}
2019-4-25 10:31:40.791#change#{"from":{"line":16,"ch":15,"sticky":null},"to":{"line":16,"ch":15,"sticky":null},"text":["d"],"removed":[""],"origin":"+input"}
2019-4-25 10:31:41.023#change#{"from":{"line":16,"ch":16,"sticky":null},"to":{"line":16,"ch":16,"sticky":null},"text":["e"],"removed":[""],"origin":"+input"}
2019-4-25 10:31:41.255#change#{"from":{"line":16,"ch":17,"sticky":null},"to":{"line":16,"ch":17,"sticky":null},"text":[" "],"removed":[""],"origin":"+input"}
2019-4-25 10:31:41.991#change#{"from":{"line":16,"ch":18,"sticky":null},"to":{"line":16,"ch":18,"sticky":null},"text":["t"],"removed":[""],"origin":"+input"}
2019-4-25 10:31:42.222#change#{"from":{"line":16,"ch":19,"sticky":null},"to":{"line":16,"ch":19,"sticky":null},"text":["r"],"removed":[""],"origin":"+input"}
2019-4-25 10:31:42.470#change#{"from":{"line":16,"ch":20,"sticky":null},"to":{"line":16,"ch":20,"sticky":null},"text":["i"],"removed":[""],"origin":"+input"}
2019-4-25 10:31:42.835#change#{"from":{"line":16,"ch":21,"sticky":null},"to":{"line":16,"ch":21,"sticky":null},"text":["a"],"removed":[""],"origin":"+input"}
2019-4-25 10:31:43.078#change#{"from":{"line":16,"ch":22,"sticky":null},"to":{"line":16,"ch":22,"sticky":null},"text":["n"],"removed":[""],"origin":"+input"}
2019-4-25 10:31:43.407#change#{"from":{"line":16,"ch":23,"sticky":null},"to":{"line":16,"ch":23,"sticky":null},"text":["g"],"removed":[""],"origin":"+input"}
2019-4-25 10:31:43.727#change#{"from":{"line":16,"ch":24,"sticky":null},"to":{"line":16,"ch":24,"sticky":null},"text":["u"],"removed":[""],"origin":"+input"}
2019-4-25 10:31:44.190#change#{"from":{"line":16,"ch":25,"sticky":null},"to":{"line":16,"ch":25,"sticky":null},"text":["l"],"removed":[""],"origin":"+input"}
2019-4-25 10:31:44.397#change#{"from":{"line":16,"ch":26,"sticky":null},"to":{"line":16,"ch":26,"sticky":null},"text":["o"],"removed":[""],"origin":"+input"}
2019-4-25 10:31:45.367#change#{"from":{"line":16,"ch":27,"sticky":null},"to":{"line":16,"ch":27,"sticky":null},"text":[":"],"removed":[""],"origin":"+input"}
2019-4-25 10:31:46.191#change#{"from":{"line":16,"ch":28,"sticky":null},"to":{"line":16,"ch":28,"sticky":null},"text":[" "],"removed":[""],"origin":"+input"}
2019-4-25 10:31:49.925#mousedown#{"isTrusted":true}
2019-4-25 10:31:51.528#change#{"from":{"line":18,"ch":10,"sticky":"after","xRel":0.4000244140625},"to":{"line":18,"ch":10,"sticky":"after","xRel":0.4000244140625},"text":["t"],"removed":[""],"origin":"+input"}
2019-4-25 10:31:51.935#change#{"from":{"line":18,"ch":11,"sticky":null},"to":{"line":18,"ch":11,"sticky":null},"text":["i"],"removed":[""],"origin":"+input"}
2019-4-25 10:31:52.310#change#{"from":{"line":18,"ch":12,"sticky":null},"to":{"line":18,"ch":12,"sticky":null},"text":["p"],"removed":[""],"origin":"+input"}
2019-4-25 10:31:52.559#change#{"from":{"line":18,"ch":13,"sticky":null},"to":{"line":18,"ch":13,"sticky":null},"text":["o"],"removed":[""],"origin":"+input"}
2019-4-25 10:31:52.767#change#{"from":{"line":18,"ch":14,"sticky":null},"to":{"line":18,"ch":14,"sticky":null},"text":[" "],"removed":[""],"origin":"+input"}
2019-4-25 10:31:53.120#change#{"from":{"line":18,"ch":15,"sticky":null},"to":{"line":18,"ch":15,"sticky":null},"text":["d"],"removed":[""],"origin":"+input"}
2019-4-25 10:31:53.361#change#{"from":{"line":18,"ch":16,"sticky":null},"to":{"line":18,"ch":16,"sticky":null},"text":["e"],"removed":[""],"origin":"+input"}
2019-4-25 10:31:53.545#change#{"from":{"line":18,"ch":17,"sticky":null},"to":{"line":18,"ch":17,"sticky":null},"text":[" "],"removed":[""],"origin":"+input"}
2019-4-25 10:31:54.668#change#{"from":{"line":18,"ch":18,"sticky":null},"to":{"line":18,"ch":18,"sticky":null},"text":["t"],"removed":[""],"origin":"+input"}
2019-4-25 10:31:54.862#change#{"from":{"line":18,"ch":19,"sticky":null},"to":{"line":18,"ch":19,"sticky":null},"text":["r"],"removed":[""],"origin":"+input"}
2019-4-25 10:31:55.127#change#{"from":{"line":18,"ch":20,"sticky":null},"to":{"line":18,"ch":20,"sticky":null},"text":["i"],"removed":[""],"origin":"+input"}
2019-4-25 10:31:55.598#change#{"from":{"line":18,"ch":21,"sticky":null},"to":{"line":18,"ch":21,"sticky":null},"text":["a"],"removed":[""],"origin":"+input"}
2019-4-25 10:31:55.790#change#{"from":{"line":18,"ch":22,"sticky":null},"to":{"line":18,"ch":22,"sticky":null},"text":["n"],"removed":[""],"origin":"+input"}
2019-4-25 10:31:56.121#change#{"from":{"line":18,"ch":23,"sticky":null},"to":{"line":18,"ch":23,"sticky":null},"text":["g"],"removed":[""],"origin":"+input"}
2019-4-25 10:31:56.454#change#{"from":{"line":18,"ch":24,"sticky":null},"to":{"line":18,"ch":24,"sticky":null},"text":["u"],"removed":[""],"origin":"+input"}
2019-4-25 10:31:56.822#change#{"from":{"line":18,"ch":25,"sticky":null},"to":{"line":18,"ch":25,"sticky":null},"text":["l"],"removed":[""],"origin":"+input"}
2019-4-25 10:31:57.006#change#{"from":{"line":18,"ch":26,"sticky":null},"to":{"line":18,"ch":26,"sticky":null},"text":["o"],"removed":[""],"origin":"+input"}
2019-4-25 10:31:58.760#change#{"from":{"line":18,"ch":27,"sticky":null},"to":{"line":18,"ch":27,"sticky":null},"text":[":"],"removed":[""],"origin":"+input"}
2019-4-25 10:31:59.071#change#{"from":{"line":18,"ch":28,"sticky":null},"to":{"line":18,"ch":28,"sticky":null},"text":[" "],"removed":[""],"origin":"+input"}
2019-4-25 10:32:03.373#blur#
2019-4-25 10:32:03.373#blur#
2019-4-25 10:32:05.613#saida_testar#$ python3 main.py
2019-4-25 10:32:05.613#saida_testar#$ python3 main.py
2019-4-25 10:32:15.039#submit#Your code did not produce the correct output. Please, correct your code and try again.
2019-4-25 10:32:22.917#mousedown#{"isTrusted":true}
2019-4-25 10:32:22.939#focus#
2019-4-25 10:32:23.963#change#{"from":{"line":13,"ch":9,"sticky":"after"},"to":{"line":13,"ch":10,"sticky":"after","xRel":2.4000244140625},"text":[""],"removed":["t"],"origin":"+delete"}
2019-4-25 10:32:23.963#keyHandled#"Backspace"
2019-4-25 10:32:24.743#change#{"from":{"line":13,"ch":9,"sticky":null},"to":{"line":13,"ch":9,"sticky":null},"text":["T"],"removed":[""],"origin":"+input"}
2019-4-25 10:32:25.783#keyHandled#"Down"
2019-4-25 10:32:26.203#keyHandled#"Down"
2019-4-25 10:32:26.395#keyHandled#"Down"
2019-4-25 10:32:27.035#keyHandled#"Right"
2019-4-25 10:32:27.251#keyHandled#"Right"
2019-4-25 10:32:27.627#keyHandled#"Right"
2019-4-25 10:32:28.243#change#{"from":{"line":16,"ch":10,"sticky":"after"},"to":{"line":16,"ch":11,"sticky":"before"},"text":[""],"removed":["t"],"origin":"+delete"}
2019-4-25 10:32:28.243#keyHandled#"Backspace"
2019-4-25 10:32:29.367#change#{"from":{"line":16,"ch":10,"sticky":null},"to":{"line":16,"ch":10,"sticky":null},"text":["T"],"removed":[""],"origin":"+input"}
2019-4-25 10:32:30.435#keyHandled#"Down"
2019-4-25 10:32:30.815#keyHandled#"Down"
2019-4-25 10:32:32.123#change#{"from":{"line":18,"ch":10,"sticky":"after"},"to":{"line":18,"ch":11,"sticky":"after","xRel":0},"text":[""],"removed":["t"],"origin":"+delete"}
2019-4-25 10:32:32.123#keyHandled#"Backspace"
2019-4-25 10:32:33.519#change#{"from":{"line":18,"ch":10,"sticky":null},"to":{"line":18,"ch":10,"sticky":null},"text":["T"],"removed":[""],"origin":"+input"}
2019-4-25 10:32:43.688#blur#
2019-4-25 10:32:43.688#blur#
2019-4-25 10:32:45.924#saida_testar#$ python3 main.py
