2019-4-11 10:20:22.179#viewportChange#0
2019-4-11 10:20:24.824#mousedown#{"isTrusted":true}
2019-4-11 10:20:24.835#focus#
2019-4-11 10:20:27.350#change#{"from":{"line":0,"ch":0,"sticky":"after","xRel":103.4000244140625},"to":{"line":0,"ch":0,"sticky":"after","xRel":103.4000244140625},"text":["p"],"removed":[""],"origin":"+input"}
2019-4-11 10:20:28.125#change#{"from":{"line":0,"ch":1,"sticky":null},"to":{"line":0,"ch":1,"sticky":null},"text":[" "],"removed":[""],"origin":"+input"}
2019-4-11 10:20:28.205#change#{"from":{"line":0,"ch":2,"sticky":null},"to":{"line":0,"ch":2,"sticky":null},"text":["="],"removed":[""],"origin":"+input"}
2019-4-11 10:20:28.340#change#{"from":{"line":0,"ch":3,"sticky":null},"to":{"line":0,"ch":3,"sticky":null},"text":[" "],"removed":[""],"origin":"+input"}
2019-4-11 10:20:34.242#change#{"from":{"line":0,"ch":4,"sticky":null},"to":{"line":0,"ch":4,"sticky":null},"text":["f"],"removed":[""],"origin":"+input"}
2019-4-11 10:20:34.469#change#{"from":{"line":0,"ch":5,"sticky":null},"to":{"line":0,"ch":5,"sticky":null},"text":["l"],"removed":[""],"origin":"+input"}
2019-4-11 10:20:34.646#change#{"from":{"line":0,"ch":6,"sticky":null},"to":{"line":0,"ch":6,"sticky":null},"text":["a"],"removed":[""],"origin":"+input"}
2019-4-11 10:20:34.763#change#{"from":{"line":0,"ch":7,"sticky":null},"to":{"line":0,"ch":7,"sticky":null},"text":["o"],"removed":[""],"origin":"+input"}
2019-4-11 10:20:35.127#change#{"from":{"line":0,"ch":8,"sticky":null},"to":{"line":0,"ch":8,"sticky":null},"text":["t"],"removed":[""],"origin":"+input"}
2019-4-11 10:20:36.296#change#{"from":{"line":0,"ch":8,"sticky":"after"},"to":{"line":0,"ch":9,"sticky":null},"text":[""],"removed":["t"],"origin":"+delete"}
2019-4-11 10:20:36.296#keyHandled#"Backspace"
2019-4-11 10:20:36.455#change#{"from":{"line":0,"ch":7,"sticky":"after"},"to":{"line":0,"ch":8,"sticky":null},"text":[""],"removed":["o"],"origin":"+delete"}
2019-4-11 10:20:36.455#keyHandled#"Backspace"
2019-4-11 10:20:36.759#change#{"from":{"line":0,"ch":6,"sticky":"after"},"to":{"line":0,"ch":7,"sticky":null},"text":[""],"removed":["a"],"origin":"+delete"}
2019-4-11 10:20:36.759#keyHandled#"Backspace"
2019-4-11 10:20:37.884#change#{"from":{"line":0,"ch":6,"sticky":null},"to":{"line":0,"ch":6,"sticky":null},"text":["o"],"removed":[""],"origin":"+input"}
2019-4-11 10:20:38.132#change#{"from":{"line":0,"ch":7,"sticky":null},"to":{"line":0,"ch":7,"sticky":null},"text":["a"],"removed":[""],"origin":"+input"}
2019-4-11 10:20:38.324#change#{"from":{"line":0,"ch":8,"sticky":null},"to":{"line":0,"ch":8,"sticky":null},"text":["t"],"removed":[""],"origin":"+input"}
2019-4-11 10:20:39.426#change#{"from":{"line":0,"ch":9,"sticky":null},"to":{"line":0,"ch":9,"sticky":null},"text":["()"],"removed":[""],"origin":"+input"}
2019-4-11 10:20:39.427#keyHandled#"'('"
2019-4-11 10:20:39.963#change#{"from":{"line":0,"ch":10,"sticky":"after"},"to":{"line":0,"ch":10,"sticky":"after"},"text":["i"],"removed":[""],"origin":"+input"}
2019-4-11 10:20:40.180#change#{"from":{"line":0,"ch":11,"sticky":null},"to":{"line":0,"ch":11,"sticky":null},"text":["n"],"removed":[""],"origin":"+input"}
2019-4-11 10:20:40.575#change#{"from":{"line":0,"ch":12,"sticky":null},"to":{"line":0,"ch":12,"sticky":null},"text":["p"],"removed":[""],"origin":"+input"}
2019-4-11 10:20:40.965#change#{"from":{"line":0,"ch":13,"sticky":null},"to":{"line":0,"ch":13,"sticky":null},"text":["y"],"removed":[""],"origin":"+input"}
2019-4-11 10:20:40.989#change#{"from":{"line":0,"ch":14,"sticky":null},"to":{"line":0,"ch":14,"sticky":null},"text":["u"],"removed":[""],"origin":"+input"}
2019-4-11 10:20:41.340#change#{"from":{"line":0,"ch":15,"sticky":null},"to":{"line":0,"ch":15,"sticky":null},"text":["t"],"removed":[""],"origin":"+input"}
2019-4-11 10:20:42.609#change#{"from":{"line":0,"ch":15,"sticky":"after"},"to":{"line":0,"ch":16,"sticky":null},"text":[""],"removed":["t"],"origin":"+delete"}
2019-4-11 10:20:42.609#keyHandled#"Backspace"
2019-4-11 10:20:42.784#change#{"from":{"line":0,"ch":14,"sticky":"after"},"to":{"line":0,"ch":15,"sticky":null},"text":[""],"removed":["u"],"origin":"+delete"}
2019-4-11 10:20:42.784#keyHandled#"Backspace"
2019-4-11 10:20:43.103#change#{"from":{"line":0,"ch":13,"sticky":"after"},"to":{"line":0,"ch":14,"sticky":null},"text":[""],"removed":["y"],"origin":"+delete"}
2019-4-11 10:20:43.104#keyHandled#"Backspace"
2019-4-11 10:20:43.973#change#{"from":{"line":0,"ch":13,"sticky":null},"to":{"line":0,"ch":13,"sticky":null},"text":["u"],"removed":[""],"origin":"+input"}
2019-4-11 10:20:44.244#change#{"from":{"line":0,"ch":14,"sticky":null},"to":{"line":0,"ch":14,"sticky":null},"text":["t"],"removed":[""],"origin":"+input"}
2019-4-11 10:20:46.164#change#{"from":{"line":0,"ch":15,"sticky":null},"to":{"line":0,"ch":15,"sticky":null},"text":["()"],"removed":[""],"origin":"+input"}
2019-4-11 10:20:46.165#keyHandled#"'('"
2019-4-11 10:20:47.749#change#{"from":{"line":0,"ch":16,"sticky":"after"},"to":{"line":0,"ch":16,"sticky":"after"},"text":["\"\""],"removed":[""],"origin":"+input"}
2019-4-11 10:20:47.749#keyHandled#"'\"'"
2019-4-11 10:20:48.270#change#{"from":{"line":0,"ch":17,"sticky":"after"},"to":{"line":0,"ch":17,"sticky":"after"},"text":["i"],"removed":[""],"origin":"+input"}
2019-4-11 10:20:48.436#change#{"from":{"line":0,"ch":18,"sticky":null},"to":{"line":0,"ch":18,"sticky":null},"text":["n"],"removed":[""],"origin":"+input"}
2019-4-11 10:20:48.636#change#{"from":{"line":0,"ch":19,"sticky":null},"to":{"line":0,"ch":19,"sticky":null},"text":["s"],"removed":[""],"origin":"+input"}
2019-4-11 10:20:48.741#change#{"from":{"line":0,"ch":20,"sticky":null},"to":{"line":0,"ch":20,"sticky":null},"text":["i"],"removed":[""],"origin":"+input"}
2019-4-11 10:20:48.932#change#{"from":{"line":0,"ch":21,"sticky":null},"to":{"line":0,"ch":21,"sticky":null},"text":["r"],"removed":[""],"origin":"+input"}
2019-4-11 10:20:49.213#change#{"from":{"line":0,"ch":22,"sticky":null},"to":{"line":0,"ch":22,"sticky":null},"text":["a"],"removed":[""],"origin":"+input"}
2019-4-11 10:20:49.339#change#{"from":{"line":0,"ch":23,"sticky":null},"to":{"line":0,"ch":23,"sticky":null},"text":[" "],"removed":[""],"origin":"+input"}
2019-4-11 10:20:49.645#change#{"from":{"line":0,"ch":24,"sticky":null},"to":{"line":0,"ch":24,"sticky":null},"text":["o"],"removed":[""],"origin":"+input"}
2019-4-11 10:20:50.012#change#{"from":{"line":0,"ch":25,"sticky":null},"to":{"line":0,"ch":25,"sticky":null},"text":[" "],"removed":[""],"origin":"+input"}
2019-4-11 10:20:50.260#change#{"from":{"line":0,"ch":26,"sticky":null},"to":{"line":0,"ch":26,"sticky":null},"text":["p"],"removed":[""],"origin":"+input"}
2019-4-11 10:20:50.420#change#{"from":{"line":0,"ch":27,"sticky":null},"to":{"line":0,"ch":27,"sticky":null},"text":["e"],"removed":[""],"origin":"+input"}
2019-4-11 10:20:50.596#change#{"from":{"line":0,"ch":28,"sticky":null},"to":{"line":0,"ch":28,"sticky":null},"text":["r"],"removed":[""],"origin":"+input"}
2019-4-11 10:20:50.852#change#{"from":{"line":0,"ch":29,"sticky":null},"to":{"line":0,"ch":29,"sticky":null},"text":["c"],"removed":[""],"origin":"+input"}
2019-4-11 10:20:51.204#change#{"from":{"line":0,"ch":30,"sticky":null},"to":{"line":0,"ch":30,"sticky":null},"text":["u"],"removed":[""],"origin":"+input"}
2019-4-11 10:20:51.461#change#{"from":{"line":0,"ch":31,"sticky":null},"to":{"line":0,"ch":31,"sticky":null},"text":["r"],"removed":[""],"origin":"+input"}
2019-4-11 10:20:51.812#change#{"from":{"line":0,"ch":32,"sticky":null},"to":{"line":0,"ch":32,"sticky":null},"text":["s"],"removed":[""],"origin":"+input"}
2019-4-11 10:20:52.036#change#{"from":{"line":0,"ch":33,"sticky":null},"to":{"line":0,"ch":33,"sticky":null},"text":["o"],"removed":[""],"origin":"+input"}
2019-4-11 10:20:53.429#change#{"from":{"line":0,"ch":34,"sticky":null},"to":{"line":0,"ch":34,"sticky":null},"text":[":"],"removed":[""],"origin":"+input"}
2019-4-11 10:20:54.758#mousedown#{"isTrusted":true}
2019-4-11 10:20:55.506#change#{"from":{"line":0,"ch":38,"sticky":"before","xRel":33.4000244140625},"to":{"line":0,"ch":38,"sticky":"before","xRel":33.4000244140625},"text":["",""],"removed":[""],"origin":"+input"}
2019-4-11 10:20:55.506#keyHandled#"Enter"
2019-4-11 10:20:55.522#viewportChange#0
2019-4-11 10:21:00.909#change#{"from":{"line":1,"ch":0,"sticky":null},"to":{"line":1,"ch":0,"sticky":null},"text":["c"],"removed":[""],"origin":"+input"}
2019-4-11 10:21:01.861#change#{"from":{"line":1,"ch":1,"sticky":null},"to":{"line":1,"ch":1,"sticky":null},"text":["a"],"removed":[""],"origin":"+input"}
2019-4-11 10:21:02.693#change#{"from":{"line":1,"ch":2,"sticky":null},"to":{"line":1,"ch":2,"sticky":null},"text":["r"],"removed":[""],"origin":"+input"}
2019-4-11 10:21:03.340#change#{"from":{"line":1,"ch":3,"sticky":null},"to":{"line":1,"ch":3,"sticky":null},"text":[" "],"removed":[""],"origin":"+input"}
2019-4-11 10:21:03.452#change#{"from":{"line":1,"ch":4,"sticky":null},"to":{"line":1,"ch":4,"sticky":null},"text":["="],"removed":[""],"origin":"+input"}
2019-4-11 10:21:03.604#change#{"from":{"line":1,"ch":5,"sticky":null},"to":{"line":1,"ch":5,"sticky":null},"text":[" "],"removed":[""],"origin":"+input"}
2019-4-11 10:21:06.476#change#{"from":{"line":1,"ch":6,"sticky":null},"to":{"line":1,"ch":6,"sticky":null},"text":["i"],"removed":[""],"origin":"+input"}
2019-4-11 10:21:06.732#change#{"from":{"line":1,"ch":7,"sticky":null},"to":{"line":1,"ch":7,"sticky":null},"text":["n"],"removed":[""],"origin":"+input"}
2019-4-11 10:21:07.068#change#{"from":{"line":1,"ch":8,"sticky":null},"to":{"line":1,"ch":8,"sticky":null},"text":["p"],"removed":[""],"origin":"+input"}
2019-4-11 10:21:07.380#change#{"from":{"line":1,"ch":9,"sticky":null},"to":{"line":1,"ch":9,"sticky":null},"text":["u"],"removed":[""],"origin":"+input"}
2019-4-11 10:21:07.645#change#{"from":{"line":1,"ch":10,"sticky":null},"to":{"line":1,"ch":10,"sticky":null},"text":["t"],"removed":[""],"origin":"+input"}
2019-4-11 10:21:08.476#change#{"from":{"line":1,"ch":11,"sticky":null},"to":{"line":1,"ch":11,"sticky":null},"text":["()"],"removed":[""],"origin":"+input"}
2019-4-11 10:21:08.476#keyHandled#"'('"
2019-4-11 10:21:09.382#change#{"from":{"line":1,"ch":12,"sticky":"after"},"to":{"line":1,"ch":12,"sticky":"after"},"text":["\"\""],"removed":[""],"origin":"+input"}
2019-4-11 10:21:09.382#keyHandled#"'\"'"
2019-4-11 10:21:12.813#change#{"from":{"line":1,"ch":13,"sticky":"after"},"to":{"line":1,"ch":13,"sticky":"after"},"text":["q"],"removed":[""],"origin":"+input"}
2019-4-11 10:21:13.036#change#{"from":{"line":1,"ch":14,"sticky":null},"to":{"line":1,"ch":14,"sticky":null},"text":["u"],"removed":[""],"origin":"+input"}
2019-4-11 10:21:13.188#change#{"from":{"line":1,"ch":15,"sticky":null},"to":{"line":1,"ch":15,"sticky":null},"text":["a"],"removed":[""],"origin":"+input"}
2019-4-11 10:21:13.500#change#{"from":{"line":1,"ch":16,"sticky":null},"to":{"line":1,"ch":16,"sticky":null},"text":["l"],"removed":[""],"origin":"+input"}
2019-4-11 10:21:14.749#change#{"from":{"line":1,"ch":17,"sticky":null},"to":{"line":1,"ch":17,"sticky":null},"text":[" "],"removed":[""],"origin":"+input"}
2019-4-11 10:21:15.564#change#{"from":{"line":1,"ch":18,"sticky":null},"to":{"line":1,"ch":18,"sticky":null},"text":["o"],"removed":[""],"origin":"+input"}
2019-4-11 10:21:15.812#change#{"from":{"line":1,"ch":19,"sticky":null},"to":{"line":1,"ch":19,"sticky":null},"text":[" "],"removed":[""],"origin":"+input"}
2019-4-11 10:21:16.077#change#{"from":{"line":1,"ch":20,"sticky":null},"to":{"line":1,"ch":20,"sticky":null},"text":["t"],"removed":[""],"origin":"+input"}
2019-4-11 10:21:16.244#change#{"from":{"line":1,"ch":21,"sticky":null},"to":{"line":1,"ch":21,"sticky":null},"text":["i"],"removed":[""],"origin":"+input"}
2019-4-11 10:21:16.469#change#{"from":{"line":1,"ch":22,"sticky":null},"to":{"line":1,"ch":22,"sticky":null},"text":["p"],"removed":[""],"origin":"+input"}
2019-4-11 10:21:16.660#change#{"from":{"line":1,"ch":23,"sticky":null},"to":{"line":1,"ch":23,"sticky":null},"text":["o"],"removed":[""],"origin":"+input"}
2019-4-11 10:21:16.892#change#{"from":{"line":1,"ch":24,"sticky":null},"to":{"line":1,"ch":24,"sticky":null},"text":[" "],"removed":[""],"origin":"+input"}
2019-4-11 10:21:17.036#change#{"from":{"line":1,"ch":25,"sticky":null},"to":{"line":1,"ch":25,"sticky":null},"text":["d"],"removed":[""],"origin":"+input"}
2019-4-11 10:21:17.196#change#{"from":{"line":1,"ch":26,"sticky":null},"to":{"line":1,"ch":26,"sticky":null},"text":["e"],"removed":[""],"origin":"+input"}
2019-4-11 10:21:17.301#change#{"from":{"line":1,"ch":27,"sticky":null},"to":{"line":1,"ch":27,"sticky":null},"text":[" "],"removed":[""],"origin":"+input"}
2019-4-11 10:21:17.533#change#{"from":{"line":1,"ch":28,"sticky":null},"to":{"line":1,"ch":28,"sticky":null},"text":["c"],"removed":[""],"origin":"+input"}
2019-4-11 10:21:17.629#change#{"from":{"line":1,"ch":29,"sticky":null},"to":{"line":1,"ch":29,"sticky":null},"text":["a"],"removed":[""],"origin":"+input"}
2019-4-11 10:21:17.805#change#{"from":{"line":1,"ch":30,"sticky":null},"to":{"line":1,"ch":30,"sticky":null},"text":["r"],"removed":[""],"origin":"+input"}
2019-4-11 10:21:18.125#change#{"from":{"line":1,"ch":31,"sticky":null},"to":{"line":1,"ch":31,"sticky":null},"text":["r"],"removed":[""],"origin":"+input"}
2019-4-11 10:21:18.420#change#{"from":{"line":1,"ch":32,"sticky":null},"to":{"line":1,"ch":32,"sticky":null},"text":["o"],"removed":[""],"origin":"+input"}
2019-4-11 10:21:19.907#change#{"from":{"line":1,"ch":33,"sticky":null},"to":{"line":1,"ch":33,"sticky":null},"text":[":"],"removed":[""],"origin":"+input"}
2019-4-11 10:21:20.260#change#{"from":{"line":1,"ch":34,"sticky":null},"to":{"line":1,"ch":34,"sticky":null},"text":[" "],"removed":[""],"origin":"+input"}
2019-4-11 10:21:20.997#change#{"from":{"line":1,"ch":35,"sticky":null},"to":{"line":1,"ch":35,"sticky":null},"text":["()"],"removed":[""],"origin":"+input"}
2019-4-11 10:21:20.997#keyHandled#"'('"
2019-4-11 10:21:23.494#change#{"from":{"line":1,"ch":36,"sticky":"after"},"to":{"line":1,"ch":36,"sticky":"after"},"text":["A"],"removed":[""],"origin":"+input"}
2019-4-11 10:21:24.869#change#{"from":{"line":1,"ch":37,"sticky":null},"to":{"line":1,"ch":37,"sticky":null},"text":["/"],"removed":[""],"origin":"+input"}
2019-4-11 10:21:25.711#change#{"from":{"line":1,"ch":38,"sticky":null},"to":{"line":1,"ch":38,"sticky":null},"text":["b"],"removed":[""],"origin":"+input"}
2019-4-11 10:21:28.216#change#{"from":{"line":1,"ch":38,"sticky":"after"},"to":{"line":1,"ch":39,"sticky":null},"text":[""],"removed":["b"],"origin":"+delete"}
2019-4-11 10:21:28.216#keyHandled#"Backspace"
2019-4-11 10:21:29.070#change#{"from":{"line":1,"ch":38,"sticky":null},"to":{"line":1,"ch":38,"sticky":null},"text":["B"],"removed":[""],"origin":"+input"}
2019-4-11 10:21:30.401#mousedown#{"isTrusted":true}
2019-4-11 10:21:31.321#change#{"from":{"line":1,"ch":42,"sticky":"before","xRel":48.4000244140625},"to":{"line":1,"ch":42,"sticky":"before","xRel":48.4000244140625},"text":["",""],"removed":[""],"origin":"+input"}
2019-4-11 10:21:31.321#keyHandled#"Enter"
2019-4-11 10:21:31.337#viewportChange#0
2019-4-11 10:21:32.000#change#{"from":{"line":2,"ch":0,"sticky":null},"to":{"line":2,"ch":0,"sticky":null},"text":["",""],"removed":[""],"origin":"+input"}
2019-4-11 10:21:32.001#keyHandled#"Enter"
2019-4-11 10:21:32.014#viewportChange#0
2019-4-11 10:21:44.104#change#{"from":{"line":3,"ch":0,"sticky":null},"to":{"line":3,"ch":0,"sticky":null},"text":["A"],"removed":[""],"origin":"+input"}
2019-4-11 10:21:44.933#change#{"from":{"line":3,"ch":1,"sticky":null},"to":{"line":3,"ch":1,"sticky":null},"text":[" "],"removed":[""],"origin":"+input"}
2019-4-11 10:21:45.237#change#{"from":{"line":3,"ch":2,"sticky":null},"to":{"line":3,"ch":2,"sticky":null},"text":["="],"removed":[""],"origin":"+input"}
2019-4-11 10:21:47.549#change#{"from":{"line":3,"ch":3,"sticky":null},"to":{"line":3,"ch":3,"sticky":null},"text":[" "],"removed":[""],"origin":"+input"}
2019-4-11 10:21:50.117#change#{"from":{"line":3,"ch":4,"sticky":null},"to":{"line":3,"ch":4,"sticky":null},"text":["8"],"removed":[""],"origin":"+input"}
2019-4-11 10:21:51.204#change#{"from":{"line":3,"ch":5,"sticky":null},"to":{"line":3,"ch":5,"sticky":null},"text":[" "],"removed":[""],"origin":"+input"}
2019-4-11 10:21:51.300#change#{"from":{"line":3,"ch":6,"sticky":null},"to":{"line":3,"ch":6,"sticky":null},"text":["*"],"removed":[""],"origin":"+input"}
2019-4-11 10:21:51.598#change#{"from":{"line":3,"ch":7,"sticky":null},"to":{"line":3,"ch":7,"sticky":null},"text":[" "],"removed":[""],"origin":"+input"}
2019-4-11 10:21:52.638#change#{"from":{"line":3,"ch":8,"sticky":null},"to":{"line":3,"ch":8,"sticky":null},"text":["p"],"removed":[""],"origin":"+input"}
2019-4-11 10:21:56.098#change#{"from":{"line":3,"ch":9,"sticky":null},"to":{"line":3,"ch":9,"sticky":null},"text":["",""],"removed":[""],"origin":"+input"}
2019-4-11 10:21:56.098#keyHandled#"Enter"
2019-4-11 10:21:56.114#viewportChange#0
2019-4-11 10:21:57.390#change#{"from":{"line":4,"ch":0,"sticky":null},"to":{"line":4,"ch":0,"sticky":null},"text":["B"],"removed":[""],"origin":"+input"}
2019-4-11 10:21:57.988#change#{"from":{"line":4,"ch":1,"sticky":null},"to":{"line":4,"ch":1,"sticky":null},"text":[" "],"removed":[""],"origin":"+input"}
2019-4-11 10:21:58.085#change#{"from":{"line":4,"ch":2,"sticky":null},"to":{"line":4,"ch":2,"sticky":null},"text":["="],"removed":[""],"origin":"+input"}
2019-4-11 10:21:58.237#change#{"from":{"line":4,"ch":3,"sticky":null},"to":{"line":4,"ch":3,"sticky":null},"text":[" "],"removed":[""],"origin":"+input"}
2019-4-11 10:22:13.261#mousedown#{"isTrusted":true}
2019-4-11 10:22:13.853#mousedown#{"isTrusted":true}
2019-4-11 10:22:20.990#mousedown#{"isTrusted":true}
2019-4-11 10:22:21.981#mousedown#{"isTrusted":true}
2019-4-11 10:23:02.812#mousedown#{"isTrusted":true}
2019-4-11 10:23:07.706#change#{"from":{"line":3,"ch":8,"sticky":"after"},"to":{"line":3,"ch":9,"sticky":"before","xRel":23.4000244140625},"text":[""],"removed":["p"],"origin":"+delete"}
2019-4-11 10:23:07.706#keyHandled#"Backspace"
2019-4-11 10:23:07.921#change#{"from":{"line":3,"ch":7,"sticky":"after"},"to":{"line":3,"ch":8,"sticky":null},"text":[""],"removed":[" "],"origin":"+delete"}
2019-4-11 10:23:07.922#keyHandled#"Backspace"
2019-4-11 10:23:08.129#change#{"from":{"line":3,"ch":6,"sticky":"after"},"to":{"line":3,"ch":7,"sticky":null},"text":[""],"removed":["*"],"origin":"+delete"}
2019-4-11 10:23:08.130#keyHandled#"Backspace"
2019-4-11 10:23:08.337#change#{"from":{"line":3,"ch":5,"sticky":"after"},"to":{"line":3,"ch":6,"sticky":null},"text":[""],"removed":[" "],"origin":"+delete"}
2019-4-11 10:23:08.337#keyHandled#"Backspace"
2019-4-11 10:23:08.569#change#{"from":{"line":3,"ch":4,"sticky":"after"},"to":{"line":3,"ch":5,"sticky":null},"text":[""],"removed":["8"],"origin":"+delete"}
2019-4-11 10:23:08.569#keyHandled#"Backspace"
2019-4-11 10:23:09.591#change#{"from":{"line":3,"ch":4,"sticky":null},"to":{"line":3,"ch":4,"sticky":null},"text":["p"],"removed":[""],"origin":"+input"}
2019-4-11 10:23:10.630#change#{"from":{"line":3,"ch":5,"sticky":null},"to":{"line":3,"ch":5,"sticky":null},"text":["/"],"removed":[""],"origin":"+input"}
2019-4-11 10:23:11.438#change#{"from":{"line":3,"ch":6,"sticky":null},"to":{"line":3,"ch":6,"sticky":null},"text":["8"],"removed":[""],"origin":"+input"}
2019-4-11 10:23:15.075#change#{"from":{"line":3,"ch":7,"sticky":null},"to":{"line":3,"ch":7,"sticky":null},"text":["",""],"removed":[""],"origin":"+input"}
2019-4-11 10:23:15.075#keyHandled#"Enter"
2019-4-11 10:23:15.086#viewportChange#0
2019-4-11 10:23:16.128#change#{"from":{"line":3,"ch":7,"sticky":"before"},"to":{"line":4,"ch":0,"sticky":null},"text":[""],"removed":["",""],"origin":"+delete"}
2019-4-11 10:23:16.128#keyHandled#"Backspace"
2019-4-11 10:23:16.142#viewportChange#0
2019-4-11 10:23:16.834#mousedown#{"isTrusted":true}
2019-4-11 10:23:24.823#change#{"from":{"line":4,"ch":4,"sticky":"before","xRel":43.4000244140625},"to":{"line":4,"ch":4,"sticky":"before","xRel":43.4000244140625},"text":["p"],"removed":[""],"origin":"+input"}
2019-4-11 10:23:25.422#change#{"from":{"line":4,"ch":5,"sticky":null},"to":{"line":4,"ch":5,"sticky":null},"text":["/"],"removed":[""],"origin":"+input"}
2019-4-11 10:23:25.726#change#{"from":{"line":4,"ch":6,"sticky":null},"to":{"line":4,"ch":6,"sticky":null},"text":["1"],"removed":[""],"origin":"+input"}
2019-4-11 10:23:25.894#change#{"from":{"line":4,"ch":7,"sticky":null},"to":{"line":4,"ch":7,"sticky":null},"text":["2"],"removed":[""],"origin":"+input"}
2019-4-11 10:23:27.370#change#{"from":{"line":4,"ch":8,"sticky":null},"to":{"line":4,"ch":8,"sticky":null},"text":["",""],"removed":[""],"origin":"+input"}
2019-4-11 10:23:27.370#keyHandled#"Enter"
2019-4-11 10:23:27.384#viewportChange#0
2019-4-11 10:23:28.246#change#{"from":{"line":5,"ch":0,"sticky":null},"to":{"line":5,"ch":0,"sticky":null},"text":["o"],"removed":[""],"origin":"+input"}
2019-4-11 10:23:28.598#change#{"from":{"line":5,"ch":1,"sticky":null},"to":{"line":5,"ch":1,"sticky":null},"text":["f"],"removed":[""],"origin":"+input"}
2019-4-11 10:23:29.454#change#{"from":{"line":5,"ch":2,"sticky":null},"to":{"line":5,"ch":2,"sticky":null},"text":["()"],"removed":[""],"origin":"+input"}
2019-4-11 10:23:29.454#keyHandled#"'('"
2019-4-11 10:23:32.193#change#{"from":{"line":5,"ch":2,"sticky":null},"to":{"line":5,"ch":4,"sticky":null},"text":[""],"removed":["()"],"origin":"+delete"}
2019-4-11 10:23:32.193#keyHandled#"Backspace"
2019-4-11 10:23:32.345#change#{"from":{"line":5,"ch":1,"sticky":"after"},"to":{"line":5,"ch":2,"sticky":null},"text":[""],"removed":["f"],"origin":"+delete"}
2019-4-11 10:23:32.345#keyHandled#"Backspace"
2019-4-11 10:23:32.490#change#{"from":{"line":5,"ch":0,"sticky":"after"},"to":{"line":5,"ch":1,"sticky":null},"text":[""],"removed":["o"],"origin":"+delete"}
2019-4-11 10:23:32.490#keyHandled#"Backspace"
2019-4-11 10:23:33.196#change#{"from":{"line":5,"ch":0,"sticky":null},"to":{"line":5,"ch":0,"sticky":null},"text":["o"],"removed":[""],"origin":"+input"}
2019-4-11 10:23:33.212#change#{"from":{"line":5,"ch":1,"sticky":null},"to":{"line":5,"ch":1,"sticky":null},"text":["i"],"removed":[""],"origin":"+input"}
2019-4-11 10:23:33.882#change#{"from":{"line":5,"ch":1,"sticky":"after"},"to":{"line":5,"ch":2,"sticky":null},"text":[""],"removed":["i"],"origin":"+delete"}
2019-4-11 10:23:33.882#keyHandled#"Backspace"
2019-4-11 10:23:34.807#change#{"from":{"line":5,"ch":1,"sticky":null},"to":{"line":5,"ch":1,"sticky":null},"text":["]"],"removed":[""],"origin":"+input"}
2019-4-11 10:23:35.282#change#{"from":{"line":5,"ch":1,"sticky":"after"},"to":{"line":5,"ch":2,"sticky":null},"text":[""],"removed":["]"],"origin":"+delete"}
2019-4-11 10:23:35.282#keyHandled#"Backspace"
2019-4-11 10:23:35.554#change#{"from":{"line":5,"ch":0,"sticky":"after"},"to":{"line":5,"ch":1,"sticky":null},"text":[""],"removed":["o"],"origin":"+delete"}
2019-4-11 10:23:35.554#keyHandled#"Backspace"
2019-4-11 10:23:35.714#change#{"from":{"line":4,"ch":8,"sticky":"before"},"to":{"line":5,"ch":0,"sticky":null},"text":[""],"removed":["",""],"origin":"+delete"}
2019-4-11 10:23:35.714#keyHandled#"Backspace"
2019-4-11 10:23:35.728#viewportChange#0
2019-4-11 10:23:36.712#change#{"from":{"line":4,"ch":8,"sticky":null},"to":{"line":4,"ch":8,"sticky":null},"text":["i"],"removed":[""],"origin":"+input"}
2019-4-11 10:23:36.974#change#{"from":{"line":4,"ch":9,"sticky":null},"to":{"line":4,"ch":9,"sticky":null},"text":["f"],"removed":[""],"origin":"+input"}
2019-4-11 10:23:37.570#change#{"from":{"line":4,"ch":9,"sticky":"after"},"to":{"line":4,"ch":10,"sticky":null},"text":[""],"removed":["f"],"origin":"+delete"}
2019-4-11 10:23:37.570#keyHandled#"Backspace"
2019-4-11 10:23:37.754#change#{"from":{"line":4,"ch":8,"sticky":"after"},"to":{"line":4,"ch":9,"sticky":null},"text":[""],"removed":["i"],"origin":"+delete"}
2019-4-11 10:23:37.754#keyHandled#"Backspace"
2019-4-11 10:23:38.962#change#{"from":{"line":4,"ch":8,"sticky":null},"to":{"line":4,"ch":8,"sticky":null},"text":["",""],"removed":[""],"origin":"+input"}
2019-4-11 10:23:38.962#keyHandled#"Enter"
2019-4-11 10:23:38.977#viewportChange#0
2019-4-11 10:23:39.439#change#{"from":{"line":5,"ch":0,"sticky":null},"to":{"line":5,"ch":0,"sticky":null},"text":[" "],"removed":[""],"origin":"+input"}
2019-4-11 10:23:40.242#change#{"from":{"line":5,"ch":0,"sticky":"after"},"to":{"line":5,"ch":1,"sticky":null},"text":[""],"removed":[" "],"origin":"+delete"}
2019-4-11 10:23:40.242#keyHandled#"Backspace"
2019-4-11 10:23:40.595#change#{"from":{"line":5,"ch":0,"sticky":null},"to":{"line":5,"ch":0,"sticky":null},"text":["",""],"removed":[""],"origin":"+input"}
2019-4-11 10:23:40.595#keyHandled#"Enter"
2019-4-11 10:23:40.608#viewportChange#0
2019-4-11 10:23:41.488#change#{"from":{"line":6,"ch":0,"sticky":null},"to":{"line":6,"ch":0,"sticky":null},"text":["o"],"removed":[""],"origin":"+input"}
2019-4-11 10:23:41.727#change#{"from":{"line":6,"ch":1,"sticky":null},"to":{"line":6,"ch":1,"sticky":null},"text":["f"],"removed":[""],"origin":"+input"}
2019-4-11 10:23:42.486#change#{"from":{"line":6,"ch":2,"sticky":null},"to":{"line":6,"ch":2,"sticky":null},"text":["()"],"removed":[""],"origin":"+input"}
2019-4-11 10:23:42.486#keyHandled#"'('"
2019-4-11 10:23:43.378#change#{"from":{"line":6,"ch":2,"sticky":null},"to":{"line":6,"ch":4,"sticky":null},"text":[""],"removed":["()"],"origin":"+delete"}
2019-4-11 10:23:43.378#keyHandled#"Backspace"
2019-4-11 10:23:43.538#change#{"from":{"line":6,"ch":1,"sticky":"after"},"to":{"line":6,"ch":2,"sticky":null},"text":[""],"removed":["f"],"origin":"+delete"}
2019-4-11 10:23:43.538#keyHandled#"Backspace"
2019-4-11 10:23:43.698#change#{"from":{"line":6,"ch":0,"sticky":"after"},"to":{"line":6,"ch":1,"sticky":null},"text":[""],"removed":["o"],"origin":"+delete"}
2019-4-11 10:23:43.698#keyHandled#"Backspace"
2019-4-11 10:23:44.551#change#{"from":{"line":6,"ch":0,"sticky":null},"to":{"line":6,"ch":0,"sticky":null},"text":["i"],"removed":[""],"origin":"+input"}
2019-4-11 10:23:44.854#change#{"from":{"line":6,"ch":1,"sticky":null},"to":{"line":6,"ch":1,"sticky":null},"text":["f"],"removed":[""],"origin":"+input"}
2019-4-11 10:23:45.454#change#{"from":{"line":6,"ch":2,"sticky":null},"to":{"line":6,"ch":2,"sticky":null},"text":[" "],"removed":[""],"origin":"+input"}
2019-4-11 10:23:45.927#change#{"from":{"line":6,"ch":3,"sticky":null},"to":{"line":6,"ch":3,"sticky":null},"text":["()"],"removed":[""],"origin":"+input"}
2019-4-11 10:23:45.927#keyHandled#"'('"
2019-4-11 10:23:51.679#change#{"from":{"line":6,"ch":4,"sticky":"after"},"to":{"line":6,"ch":4,"sticky":"after"},"text":["c"],"removed":[""],"origin":"+input"}
2019-4-11 10:23:51.862#change#{"from":{"line":6,"ch":5,"sticky":null},"to":{"line":6,"ch":5,"sticky":null},"text":["a"],"removed":[""],"origin":"+input"}
2019-4-11 10:23:52.071#change#{"from":{"line":6,"ch":6,"sticky":null},"to":{"line":6,"ch":6,"sticky":null},"text":["r"],"removed":[""],"origin":"+input"}
2019-4-11 10:23:52.750#change#{"from":{"line":6,"ch":7,"sticky":null},"to":{"line":6,"ch":7,"sticky":null},"text":["."],"removed":[""],"origin":"+input"}
2019-4-11 10:23:53.833#change#{"from":{"line":6,"ch":8,"sticky":null},"to":{"line":6,"ch":8,"sticky":null},"text":["u"],"removed":[""],"origin":"+input"}
2019-4-11 10:23:54.415#change#{"from":{"line":6,"ch":9,"sticky":null},"to":{"line":6,"ch":9,"sticky":null},"text":["p"],"removed":[""],"origin":"+input"}
2019-4-11 10:23:54.558#change#{"from":{"line":6,"ch":10,"sticky":null},"to":{"line":6,"ch":10,"sticky":null},"text":["p"],"removed":[""],"origin":"+input"}
2019-4-11 10:23:54.702#change#{"from":{"line":6,"ch":11,"sticky":null},"to":{"line":6,"ch":11,"sticky":null},"text":["e"],"removed":[""],"origin":"+input"}
2019-4-11 10:23:54.886#change#{"from":{"line":6,"ch":12,"sticky":null},"to":{"line":6,"ch":12,"sticky":null},"text":["r"],"removed":[""],"origin":"+input"}
2019-4-11 10:23:58.162#mousedown#{"isTrusted":true}
2019-4-11 10:23:58.570#mousedown#{"isTrusted":true}
2019-4-11 10:23:59.111#mousedown#{"isTrusted":true}
2019-4-11 10:24:01.592#change#{"from":{"line":6,"ch":15,"sticky":"after","xRel":1.4000244140625},"to":{"line":6,"ch":15,"sticky":"after","xRel":1.4000244140625},"text":[" "],"removed":[""],"origin":"+input"}
2019-4-11 10:24:01.798#change#{"from":{"line":6,"ch":16,"sticky":null},"to":{"line":6,"ch":16,"sticky":null},"text":["="],"removed":[""],"origin":"+input"}
2019-4-11 10:24:01.959#change#{"from":{"line":6,"ch":17,"sticky":null},"to":{"line":6,"ch":17,"sticky":null},"text":["="],"removed":[""],"origin":"+input"}
2019-4-11 10:24:02.111#change#{"from":{"line":6,"ch":18,"sticky":null},"to":{"line":6,"ch":18,"sticky":null},"text":[" "],"removed":[""],"origin":"+input"}
2019-4-11 10:24:03.376#change#{"from":{"line":6,"ch":19,"sticky":null},"to":{"line":6,"ch":19,"sticky":null},"text":["\"\""],"removed":[""],"origin":"+input"}
2019-4-11 10:24:03.376#keyHandled#"'\"'"
2019-4-11 10:24:03.916#change#{"from":{"line":6,"ch":20,"sticky":"after"},"to":{"line":6,"ch":20,"sticky":"after"},"text":["A"],"removed":[""],"origin":"+input"}
2019-4-11 10:24:05.962#mousedown#{"isTrusted":true}
2019-4-11 10:24:06.955#change#{"from":{"line":6,"ch":23,"sticky":"before","xRel":4.4000244140625},"to":{"line":6,"ch":23,"sticky":"before","xRel":4.4000244140625},"text":[":"],"removed":[""],"origin":"+input"}
2019-4-11 10:24:07.251#change#{"from":{"line":6,"ch":24,"sticky":null},"to":{"line":6,"ch":24,"sticky":null},"text":["",""],"removed":[""],"origin":"+input"}
2019-4-11 10:24:07.251#change#{"from":{"line":7,"ch":0,"sticky":null},"to":{"line":7,"ch":0,"sticky":null},"text":["\t"],"removed":[""],"origin":"+input"}
2019-4-11 10:24:07.251#keyHandled#"Enter"
2019-4-11 10:24:07.277#viewportChange#0
2019-4-11 10:24:08.305#change#{"from":{"line":7,"ch":1,"sticky":null},"to":{"line":7,"ch":1,"sticky":null},"text":["p"],"removed":[""],"origin":"+input"}
2019-4-11 10:24:08.551#change#{"from":{"line":7,"ch":2,"sticky":null},"to":{"line":7,"ch":2,"sticky":null},"text":["r"],"removed":[""],"origin":"+input"}
2019-4-11 10:24:08.719#change#{"from":{"line":7,"ch":3,"sticky":null},"to":{"line":7,"ch":3,"sticky":null},"text":["i"],"removed":[""],"origin":"+input"}
2019-4-11 10:24:08.942#change#{"from":{"line":7,"ch":4,"sticky":null},"to":{"line":7,"ch":4,"sticky":null},"text":["n"],"removed":[""],"origin":"+input"}
2019-4-11 10:24:09.183#change#{"from":{"line":7,"ch":5,"sticky":null},"to":{"line":7,"ch":5,"sticky":null},"text":["t"],"removed":[""],"origin":"+input"}
2019-4-11 10:24:12.239#change#{"from":{"line":7,"ch":6,"sticky":null},"to":{"line":7,"ch":6,"sticky":null},"text":["()"],"removed":[""],"origin":"+input"}
2019-4-11 10:24:12.239#keyHandled#"'('"
2019-4-11 10:24:13.065#change#{"from":{"line":7,"ch":7,"sticky":"after"},"to":{"line":7,"ch":7,"sticky":"after"},"text":["A"],"removed":[""],"origin":"+input"}
2019-4-11 10:24:14.670#mousedown#{"isTrusted":true}
2019-4-11 10:24:15.411#change#{"from":{"line":7,"ch":9,"sticky":"before","xRel":37.4000244140625},"to":{"line":7,"ch":9,"sticky":"before","xRel":37.4000244140625},"text":["",""],"removed":[""],"origin":"+input"}
2019-4-11 10:24:15.411#change#{"from":{"line":8,"ch":0,"sticky":null},"to":{"line":8,"ch":0,"sticky":null},"text":["\t"],"removed":[""],"origin":"+input"}
2019-4-11 10:24:15.411#keyHandled#"Enter"
2019-4-11 10:24:15.426#viewportChange#0
2019-4-11 10:24:16.442#change#{"from":{"line":8,"ch":0,"sticky":"after"},"to":{"line":8,"ch":1,"sticky":null},"text":[""],"removed":["\t"],"origin":"+delete"}
2019-4-11 10:24:16.442#keyHandled#"Backspace"
2019-4-11 10:24:17.183#change#{"from":{"line":8,"ch":0,"sticky":null},"to":{"line":8,"ch":0,"sticky":null},"text":["e"],"removed":[""],"origin":"+input"}
2019-4-11 10:24:17.456#change#{"from":{"line":8,"ch":1,"sticky":null},"to":{"line":8,"ch":1,"sticky":null},"text":["l"],"removed":[""],"origin":"+input"}
2019-4-11 10:24:17.575#change#{"from":{"line":8,"ch":2,"sticky":null},"to":{"line":8,"ch":2,"sticky":null},"text":["s"],"removed":[""],"origin":"+input"}
2019-4-11 10:24:17.767#change#{"from":{"line":8,"ch":3,"sticky":null},"to":{"line":8,"ch":3,"sticky":null},"text":["e"],"removed":[""],"origin":"+input"}
2019-4-11 10:24:18.247#change#{"from":{"line":8,"ch":4,"sticky":null},"to":{"line":8,"ch":4,"sticky":null},"text":[":"],"removed":[""],"origin":"+input"}
2019-4-11 10:24:20.383#change#{"from":{"line":8,"ch":5,"sticky":null},"to":{"line":8,"ch":5,"sticky":null},"text":["",""],"removed":[""],"origin":"+input"}
2019-4-11 10:24:20.383#change#{"from":{"line":9,"ch":0,"sticky":null},"to":{"line":9,"ch":0,"sticky":null},"text":["\t"],"removed":[""],"origin":"+input"}
2019-4-11 10:24:20.383#keyHandled#"Enter"
2019-4-11 10:24:20.419#viewportChange#0
2019-4-11 10:24:21.616#change#{"from":{"line":9,"ch":1,"sticky":null},"to":{"line":9,"ch":1,"sticky":null},"text":["p"],"removed":[""],"origin":"+input"}
2019-4-11 10:24:21.807#change#{"from":{"line":9,"ch":2,"sticky":null},"to":{"line":9,"ch":2,"sticky":null},"text":["r"],"removed":[""],"origin":"+input"}
2019-4-11 10:24:21.957#change#{"from":{"line":9,"ch":3,"sticky":null},"to":{"line":9,"ch":3,"sticky":null},"text":["i"],"removed":[""],"origin":"+input"}
2019-4-11 10:24:22.190#change#{"from":{"line":9,"ch":4,"sticky":null},"to":{"line":9,"ch":4,"sticky":null},"text":["n"],"removed":[""],"origin":"+input"}
2019-4-11 10:24:22.455#change#{"from":{"line":9,"ch":5,"sticky":null},"to":{"line":9,"ch":5,"sticky":null},"text":["t"],"removed":[""],"origin":"+input"}
2019-4-11 10:24:23.023#change#{"from":{"line":9,"ch":6,"sticky":null},"to":{"line":9,"ch":6,"sticky":null},"text":["()"],"removed":[""],"origin":"+input"}
2019-4-11 10:24:23.023#keyHandled#"'('"
2019-4-11 10:24:23.616#change#{"from":{"line":9,"ch":7,"sticky":"after"},"to":{"line":9,"ch":7,"sticky":"after"},"text":["B"],"removed":[""],"origin":"+input"}
2019-4-11 10:24:25.150#mousedown#{"isTrusted":true}
2019-4-11 10:24:27.218#blur#
2019-4-11 10:24:27.218#blur#
2019-4-11 10:24:28.426#saida_testar#$ python3 main.py
2019-4-11 10:24:28.426#saida_testar#$ python3 main.py
2019-4-11 10:24:46.109#saida_testar#$ python3 main.py
2019-4-11 10:24:46.109#saida_testar#$ python3 main.py
2019-4-11 10:24:54.772#submit#Your code did not produce the correct output. Please, correct your code and try again.
2019-4-11 10:25:41.476#mousedown#{"isTrusted":true}
2019-4-11 10:25:41.497#focus#
2019-4-11 10:25:44.777#blur#
2019-4-11 10:25:44.777#blur#
2019-4-11 10:25:46.325#submit#Your code did not produce the correct output. Please, correct your code and try again.
2019-4-11 10:25:54.220#mousedown#{"isTrusted":true}
2019-4-11 10:25:54.239#focus#
2019-4-11 10:25:54.639#mousedown#{"isTrusted":true}
2019-4-11 10:25:55.578#mousedown#{"isTrusted":true}
2019-4-11 10:25:56.773#change#{"from":{"line":7,"ch":7,"sticky":"before","xRel":-0.5999755859375},"to":{"line":7,"ch":7,"sticky":"before","xRel":-0.5999755859375},"text":["r"],"removed":[""],"origin":"+input"}
2019-4-11 10:25:57.113#change#{"from":{"line":7,"ch":8,"sticky":null},"to":{"line":7,"ch":8,"sticky":null},"text":["p"],"removed":[""],"origin":"+input"}
2019-4-11 10:25:57.425#change#{"from":{"line":7,"ch":9,"sticky":null},"to":{"line":7,"ch":9,"sticky":null},"text":["u"],"removed":[""],"origin":"+input"}
2019-4-11 10:25:57.713#change#{"from":{"line":7,"ch":10,"sticky":null},"to":{"line":7,"ch":10,"sticky":null},"text":["b"],"removed":[""],"origin":"+input"}
2019-4-11 10:25:57.741#change#{"from":{"line":7,"ch":11,"sticky":null},"to":{"line":7,"ch":11,"sticky":null},"text":["n"],"removed":[""],"origin":"+input"}
2019-4-11 10:25:58.017#change#{"from":{"line":7,"ch":12,"sticky":null},"to":{"line":7,"ch":12,"sticky":null},"text":["d"],"removed":[""],"origin":"+input"}
2019-4-11 10:25:58.697#change#{"from":{"line":7,"ch":13,"sticky":null},"to":{"line":7,"ch":13,"sticky":null},"text":["d"],"removed":[""],"origin":"+input"}
2019-4-11 10:25:59.197#change#{"from":{"line":7,"ch":14,"sticky":null},"to":{"line":7,"ch":14,"sticky":null},"text":["d"],"removed":[""],"origin":"+input"}
2019-4-11 10:25:59.324#change#{"from":{"line":7,"ch":14,"sticky":"after"},"to":{"line":7,"ch":15,"sticky":null},"text":[""],"removed":["d"],"origin":"+delete"}
2019-4-11 10:25:59.324#keyHandled#"Backspace"
2019-4-11 10:25:59.500#change#{"from":{"line":7,"ch":13,"sticky":"after"},"to":{"line":7,"ch":14,"sticky":null},"text":[""],"removed":["d"],"origin":"+delete"}
2019-4-11 10:25:59.500#keyHandled#"Backspace"
2019-4-11 10:25:59.660#change#{"from":{"line":7,"ch":12,"sticky":"after"},"to":{"line":7,"ch":13,"sticky":null},"text":[""],"removed":["d"],"origin":"+delete"}
2019-4-11 10:25:59.660#keyHandled#"Backspace"
2019-4-11 10:25:59.820#change#{"from":{"line":7,"ch":11,"sticky":"after"},"to":{"line":7,"ch":12,"sticky":null},"text":[""],"removed":["n"],"origin":"+delete"}
2019-4-11 10:25:59.820#keyHandled#"Backspace"
2019-4-11 10:25:59.980#change#{"from":{"line":7,"ch":10,"sticky":"after"},"to":{"line":7,"ch":11,"sticky":null},"text":[""],"removed":["b"],"origin":"+delete"}
2019-4-11 10:25:59.980#keyHandled#"Backspace"
2019-4-11 10:26:00.172#change#{"from":{"line":7,"ch":9,"sticky":"after"},"to":{"line":7,"ch":10,"sticky":null},"text":[""],"removed":["u"],"origin":"+delete"}
2019-4-11 10:26:00.172#keyHandled#"Backspace"
2019-4-11 10:26:00.516#change#{"from":{"line":7,"ch":8,"sticky":"after"},"to":{"line":7,"ch":9,"sticky":null},"text":[""],"removed":["p"],"origin":"+delete"}
2019-4-11 10:26:00.516#keyHandled#"Backspace"
2019-4-11 10:26:01.313#change#{"from":{"line":7,"ch":8,"sticky":null},"to":{"line":7,"ch":8,"sticky":null},"text":["o"],"removed":[""],"origin":"+input"}
2019-4-11 10:26:01.569#change#{"from":{"line":7,"ch":9,"sticky":null},"to":{"line":7,"ch":9,"sticky":null},"text":["u"],"removed":[""],"origin":"+input"}
2019-4-11 10:26:01.801#change#{"from":{"line":7,"ch":10,"sticky":null},"to":{"line":7,"ch":10,"sticky":null},"text":["n"],"removed":[""],"origin":"+input"}
2019-4-11 10:26:02.089#change#{"from":{"line":7,"ch":11,"sticky":null},"to":{"line":7,"ch":11,"sticky":null},"text":["d"],"removed":[""],"origin":"+input"}
2019-4-11 10:26:02.769#change#{"from":{"line":7,"ch":12,"sticky":null},"to":{"line":7,"ch":12,"sticky":null},"text":["("],"removed":[""],"origin":"+input"}
2019-4-11 10:26:04.993#mousedown#{"isTrusted":true}
2019-4-11 10:26:06.073#change#{"from":{"line":7,"ch":14,"sticky":"after","xRel":1.4000244140625},"to":{"line":7,"ch":14,"sticky":"after","xRel":1.4000244140625},"text":[","],"removed":[""],"origin":"+input"}
2019-4-11 10:26:07.073#change#{"from":{"line":7,"ch":15,"sticky":null},"to":{"line":7,"ch":15,"sticky":null},"text":["2"],"removed":[""],"origin":"+input"}
2019-4-11 10:26:08.938#mousedown#{"isTrusted":true}
2019-4-11 10:26:14.666#mousedown#{"isTrusted":true}
2019-4-11 10:26:15.033#mousedown#{"isTrusted":true}
2019-4-11 10:26:15.104#mousedown#{"isTrusted":true}
2019-4-11 10:26:15.170#dblclick#{"isTrusted":true}
2019-4-11 10:26:15.609#mousedown#{"isTrusted":true}
2019-4-11 10:26:16.834#change#{"from":{"line":9,"ch":7,"sticky":"after","xRel":0.4000244140625},"to":{"line":9,"ch":7,"sticky":"after","xRel":0.4000244140625},"text":["r"],"removed":[""],"origin":"+input"}
2019-4-11 10:26:17.113#change#{"from":{"line":9,"ch":8,"sticky":null},"to":{"line":9,"ch":8,"sticky":null},"text":["o"],"removed":[""],"origin":"+input"}
2019-4-11 10:26:17.385#change#{"from":{"line":9,"ch":9,"sticky":null},"to":{"line":9,"ch":9,"sticky":null},"text":["u"],"removed":[""],"origin":"+input"}
2019-4-11 10:26:17.612#change#{"from":{"line":9,"ch":10,"sticky":null},"to":{"line":9,"ch":10,"sticky":null},"text":["n"],"removed":[""],"origin":"+input"}
2019-4-11 10:26:17.758#change#{"from":{"line":9,"ch":11,"sticky":null},"to":{"line":9,"ch":11,"sticky":null},"text":["d"],"removed":[""],"origin":"+input"}
2019-4-11 10:26:18.452#change#{"from":{"line":9,"ch":12,"sticky":null},"to":{"line":9,"ch":12,"sticky":null},"text":["("],"removed":[""],"origin":"+input"}
2019-4-11 10:26:20.422#mousedown#{"isTrusted":true}
2019-4-11 10:26:21.378#change#{"from":{"line":9,"ch":14,"sticky":"after","xRel":0.4000244140625},"to":{"line":9,"ch":14,"sticky":"after","xRel":0.4000244140625},"text":[","],"removed":[""],"origin":"+input"}
2019-4-11 10:26:21.662#change#{"from":{"line":9,"ch":15,"sticky":null},"to":{"line":9,"ch":15,"sticky":null},"text":["2"],"removed":[""],"origin":"+input"}
2019-4-11 10:26:24.491#blur#
2019-4-11 10:26:24.491#blur#
2019-4-11 10:26:26.400#submit#Your code did not produce the correct output. Please, correct your code and try again.
2019-4-11 10:26:26.400#submit#Your code did not produce the correct output. Please, correct your code and try again.
2019-4-11 10:26:29.368#submit#Your code did not produce the correct output. Please, correct your code and try again.
2019-4-11 10:26:29.368#submit#Your code did not produce the correct output. Please, correct your code and try again.
2019-4-11 10:26:31.990#dica_bullet#SyntaxError: invalid syntax
2019-4-11 10:26:32.153#saida_testar#$ python3 main.py
File "main.py", line 9
else:
SyntaxError: invalid syntax
2019-4-11 10:26:35.394#dica_open#SyntaxError: invalid syntax
2019-4-11 10:26:40.447#mousedown#{"isTrusted":true}
2019-4-11 10:26:40.471#focus#
2019-4-11 10:26:40.574#dica_close#
2019-4-11 10:26:40.834#mousedown#{"isTrusted":true}
2019-4-11 10:26:42.197#change#{"from":{"line":7,"ch":17,"sticky":"before","xRel":48.4000244140625},"to":{"line":7,"ch":17,"sticky":"before","xRel":48.4000244140625},"text":[")"],"removed":[""],"origin":"+input"}
2019-4-11 10:26:43.459#mousedown#{"isTrusted":true}
2019-4-11 10:26:44.477#change#{"from":{"line":9,"ch":17,"sticky":"before","xRel":100.4000244140625},"to":{"line":9,"ch":17,"sticky":"before","xRel":100.4000244140625},"text":[")"],"removed":[""],"origin":"+input"}
2019-4-11 10:26:45.815#blur#
