== SUBMITION (2019-04-23 15:47:52) 
-- CODE:
frase="Ada lovelace foi a primeira programadora da historia.".upper()
print(frase)
-- EXECUTION TIME:
0.183004
-- TEST CASE 1:
---- input:
xxx
---- correct output:
A UFAM tem 107 anos de fundacao.
---- user output:
ADA LOVELACE FOI A PRIMEIRA PROGRAMADORA DA HISTORIA.
-- GRADE:
0%
*-*-*-*-*-*-*-*-*-*-*-*-*-*-*-*-*-*-*-*-*-*-*-*
== SUBMITION (2019-04-23 15:48:06) 
-- CODE:
frase="Ada Lovelace foi a primeira programadora da historia.".upper()
print(frase)
-- EXECUTION TIME:
0.167881
-- TEST CASE 1:
---- input:
xxx
---- correct output:
A UFAM tem 107 anos de fundacao.
---- user output:
ADA LOVELACE FOI A PRIMEIRA PROGRAMADORA DA HISTORIA.
-- GRADE:
0%
*-*-*-*-*-*-*-*-*-*-*-*-*-*-*-*-*-*-*-*-*-*-*-*
== TEST (2019-04-23 15:48:07) 
-- CODE:
frase="Ada Lovelace foi a primeira programadora da historia.".upper()
print(frase)
-- OUTPUT:
ADA LOVELACE FOI A PRIMEIRA PROGRAMADORA DA HISTORIA.
*-*-*-*-*-*-*-*-*-*-*-*-*-*-*-*-*-*-*-*-*-*-*-*
== SUBMITION (2019-04-23 15:48:09) 
-- CODE:
frase="Ada Lovelace foi a primeira programadora da historia.".upper()
print(frase)
-- EXECUTION TIME:
0.14034
-- TEST CASE 1:
---- input:
xxx
---- correct output:
A UFAM tem 107 anos de fundacao.
---- user output:
ADA LOVELACE FOI A PRIMEIRA PROGRAMADORA DA HISTORIA.
-- GRADE:
0%
*-*-*-*-*-*-*-*-*-*-*-*-*-*-*-*-*-*-*-*-*-*-*-*
== SUBMITION (2019-04-23 15:48:37) 
-- CODE:
frase = "Ada Lovelace foi a primeira programadora da historia.".upper()
print(frase)
-- EXECUTION TIME:
0.293599
-- TEST CASE 1:
---- input:
xxx
---- correct output:
A UFAM tem 107 anos de fundacao.
---- user output:
ADA LOVELACE FOI A PRIMEIRA PROGRAMADORA DA HISTORIA.
-- GRADE:
0%
*-*-*-*-*-*-*-*-*-*-*-*-*-*-*-*-*-*-*-*-*-*-*-*
== TEST (2019-04-23 15:48:38) 
-- CODE:
frase = "Ada Lovelace foi a primeira programadora da historia.".upper()
print(frase)
-- OUTPUT:
ADA LOVELACE FOI A PRIMEIRA PROGRAMADORA DA HISTORIA.
*-*-*-*-*-*-*-*-*-*-*-*-*-*-*-*-*-*-*-*-*-*-*-*
== SUBMITION (2019-04-23 15:48:41) 
-- CODE:
frase = "Ada Lovelace foi a primeira programadora da historia.".upper()
print(frase)
-- EXECUTION TIME:
0.143502
-- TEST CASE 1:
---- input:
xxx
---- correct output:
A UFAM tem 107 anos de fundacao.
---- user output:
ADA LOVELACE FOI A PRIMEIRA PROGRAMADORA DA HISTORIA.
-- GRADE:
0%
*-*-*-*-*-*-*-*-*-*-*-*-*-*-*-*-*-*-*-*-*-*-*-*
== SUBMITION (2019-04-23 15:50:27) 
-- CODE:
print("A UFAM tem", 2016 - 1909, "anos de fundacao")
-- EXECUTION TIME:
0.167391
-- TEST CASE 1:
---- input:
xxx
---- correct output:
A UFAM tem 107 anos de fundacao.
---- user output:
A UFAM tem 107 anos de fundacao
-- GRADE:
0%
*-*-*-*-*-*-*-*-*-*-*-*-*-*-*-*-*-*-*-*-*-*-*-*
== SUBMITION (2019-04-23 15:50:35) 
-- CODE:
print("A UFAM tem", 2016 - 1909, "anos de fundacao.")
-- EXECUTION TIME:
0.204316
-- TEST CASE 1:
---- input:
xxx
---- correct output:
A UFAM tem 107 anos de fundacao.
---- user output:
A UFAM tem 107 anos de fundacao.
-- GRADE:
100%
*-*-*-*-*-*-*-*-*-*-*-*-*-*-*-*-*-*-*-*-*-*-*-*
