== TEST (2019-04-04 16:02:19) 
-- CODE:
print(20x35)
-- ERROR:
File "XXXX", line 1
    print(20x35)
              ^
SyntaxError: invalid syntax
*-*-*-*-*-*-*-*-*-*-*-*-*-*-*-*-*-*-*-*-*-*-*-*
== TEST (2019-04-04 16:02:32) 
-- CODE:
print(20*35)
-- OUTPUT:
700
*-*-*-*-*-*-*-*-*-*-*-*-*-*-*-*-*-*-*-*-*-*-*-*
== SUBMITION (2019-04-04 16:02:33) 
-- CODE:
print(20*35)
-- EXECUTION TIME:
0.147984
-- TEST CASE 1:
---- input:
xxx
---- correct output:
700
---- user output:
700
-- GRADE:
100%
*-*-*-*-*-*-*-*-*-*-*-*-*-*-*-*-*-*-*-*-*-*-*-*
