== TEST (2019-05-15 11:24:00) 
-- CODE:
A = int(input(""))
B = int(input(""))
Pa = float(input(""))
Pb = float(input(""))

x = 0

while A < B:
	A = (A + A * (Pa/100))
	B = (B + B * (Pb/100))
	x = x + 1
	
print(x)
-- OUTPUT:
5
*-*-*-*-*-*-*-*-*-*-*-*-*-*-*-*-*-*-*-*-*-*-*-*
== TEST (2019-05-15 11:24:19) 
-- CODE:
A = int(input(""))
B = int(input(""))
Pa = float(input(""))
Pb = float(input(""))

x = 0

while A < B:
	A = (A + A * (Pa/100))
	B = (B + B * (Pb/100))
	x = x + 1
	
print(x)
-- OUTPUT:
5
*-*-*-*-*-*-*-*-*-*-*-*-*-*-*-*-*-*-*-*-*-*-*-*
== SUBMITION (2019-05-15 11:24:48) 
-- CODE:
A = int(input(""))
B = int(input(""))
Pa = float(input(""))
Pb = float(input(""))

x = 0

while A < B:
	A = (A + A * (Pa/100))
	B = (B + B * (Pb/100))
	x = x + 1
	
print(x)
-- EXECUTION TIME:
0.203099
-- TEST CASE 1:
---- input:
250150
580000
35.5
10.5
---- correct output:
5
---- user output:
5
-- TEST CASE 2:
---- input:
180250
1200000
10.25
5.7
---- correct output:
45
---- user output:
45
-- TEST CASE 3:
---- input:
1000000
1650000
12.75
3.2
---- correct output:
6
---- user output:
6
-- GRADE:
100%
*-*-*-*-*-*-*-*-*-*-*-*-*-*-*-*-*-*-*-*-*-*-*-*
