== SUBMITION (2019-05-28 11:02:45) 
-- CODE:
from numpy import*

x = array(eval(input("vetores:")))
i = 0 #contadora
n = 0 #negativos
while(i < size(x)):
	if(x[i] < 0):
		n = n + 1
	i = i + 1

tf = size(x) - n
vf = zeros(tf,dtype = int)
j = 0
i = 0

while(i <size(x)):
	if (e[i])>=0 :
		vf[j] = e[i]
		j =j + 1
	i = i + 1
print(vf)	
	
-- EXECUTION TIME:
0.49985
-- ERROR:
Traceback (most recent call last):
  File "/home/codebench/codes/1758/1183/main.py", line 17, in <module>
    if (e[i])>=0 :
TypeError: 'float' object is not subscriptable

*-*-*-*-*-*-*-*-*-*-*-*-*-*-*-*-*-*-*-*-*-*-*-*
== TEST (2019-05-28 11:02:46) 
-- CODE:
from numpy import*

x = array(eval(input("vetores:")))
i = 0 #contadora
n = 0 #negativos
while(i < size(x)):
	if(x[i] < 0):
		n = n + 1
	i = i + 1

tf = size(x) - n
vf = zeros(tf,dtype = int)
j = 0
i = 0

while(i <size(x)):
	if (e[i])>=0 :
		vf[j] = e[i]
		j =j + 1
	i = i + 1
print(vf)	
	
-- ERROR:
Traceback (most recent call last):
  File "XXXX", line 1, in <module>
    from numpy import*
ModuleNotFoundError: No module named 'numpy'
*-*-*-*-*-*-*-*-*-*-*-*-*-*-*-*-*-*-*-*-*-*-*-*
== TEST (2019-05-28 11:04:42) 
-- CODE:
from numpy import*

x = array(eval(input("vetores:")))
i = 0 #contadora
n = 0 #negativos
while(i < size(x)):
	if(x[i] < 0):
		n = n + 1
	i = i + 1

tf = size(x) - n
vf = zeros(tf,dtype = int)
j = 0
i = 0

while(i <size(x)):
	if (x[i])>=0 :
		vf[j] = x[i]
		j =j + 1
	i = i + 1
print(vf)	
	
-- ERROR:
Traceback (most recent call last):
  File "XXXX", line 1, in <module>
    from numpy import*
ModuleNotFoundError: No module named 'numpy'
*-*-*-*-*-*-*-*-*-*-*-*-*-*-*-*-*-*-*-*-*-*-*-*
== SUBMITION (2019-05-28 11:04:49) 
-- CODE:
from numpy import*

x = array(eval(input("vetores:")))
i = 0 #contadora
n = 0 #negativos
while(i < size(x)):
	if(x[i] < 0):
		n = n + 1
	i = i + 1

tf = size(x) - n
vf = zeros(tf,dtype = int)
j = 0
i = 0

while(i <size(x)):
	if (x[i])>=0 :
		vf[j] = x[i]
		j =j + 1
	i = i + 1
print(vf)	
	
-- EXECUTION TIME:
0.523959
-- TEST CASE 1:
---- input:
[-1,-2,-3,-4,-5,-6,-7,-8,-9,-10,1]
---- correct output:
[1]
---- user output:
[1]
-- TEST CASE 2:
---- input:
[2,-1,3,-4,5]
---- correct output:
[2 3 5]
---- user output:
[2 3 5]
-- TEST CASE 3:
---- input:
[-1,18,32,14,25,-6]
---- correct output:
[18 32 14 25]
---- user output:
[18 32 14 25]
-- GRADE:
100%
*-*-*-*-*-*-*-*-*-*-*-*-*-*-*-*-*-*-*-*-*-*-*-*
