2019-4-30 10:09:32.388#viewportChange#0
2019-4-30 10:09:34.423#mousedown#{"isTrusted":true}
2019-4-30 10:09:34.445#focus#
2019-4-30 10:09:36.351#change#{"from":{"line":0,"ch":0,"sticky":"after","xRel":-4},"to":{"line":1,"ch":0,"sticky":"after","xRel":475.08331298828125},"text":[""],"removed":["# Ao testar sua solução, não se limite ao caso de exemplo.",""],"origin":"+delete"}
2019-4-30 10:09:36.351#keyHandled#"Backspace"
2019-4-30 10:09:36.369#viewportChange#0
2019-4-30 10:09:50.338#change#{"from":{"line":0,"ch":0,"sticky":null},"to":{"line":0,"ch":0,"sticky":null},"text":["x"],"removed":[""],"origin":"+input"}
2019-4-30 10:09:50.465#change#{"from":{"line":0,"ch":1,"sticky":null},"to":{"line":0,"ch":1,"sticky":null},"text":[" "],"removed":[""],"origin":"+input"}
2019-4-30 10:09:51.664#change#{"from":{"line":0,"ch":2,"sticky":null},"to":{"line":0,"ch":2,"sticky":null},"text":["="],"removed":[""],"origin":"+input"}
2019-4-30 10:09:51.944#change#{"from":{"line":0,"ch":3,"sticky":null},"to":{"line":0,"ch":3,"sticky":null},"text":[" "],"removed":[""],"origin":"+input"}
2019-4-30 10:09:55.824#change#{"from":{"line":0,"ch":4,"sticky":null},"to":{"line":0,"ch":4,"sticky":null},"text":["f"],"removed":[""],"origin":"+input"}
2019-4-30 10:09:55.948#change#{"from":{"line":0,"ch":5,"sticky":null},"to":{"line":0,"ch":5,"sticky":null},"text":["l"],"removed":[""],"origin":"+input"}
2019-4-30 10:09:56.118#change#{"from":{"line":0,"ch":6,"sticky":null},"to":{"line":0,"ch":6,"sticky":null},"text":["o"],"removed":[""],"origin":"+input"}
2019-4-30 10:09:56.396#change#{"from":{"line":0,"ch":7,"sticky":null},"to":{"line":0,"ch":7,"sticky":null},"text":["a"],"removed":[""],"origin":"+input"}
2019-4-30 10:09:56.851#change#{"from":{"line":0,"ch":8,"sticky":null},"to":{"line":0,"ch":8,"sticky":null},"text":["t"],"removed":[""],"origin":"+input"}
2019-4-30 10:09:58.738#change#{"from":{"line":0,"ch":9,"sticky":null},"to":{"line":0,"ch":9,"sticky":null},"text":["()"],"removed":[""],"origin":"+input"}
2019-4-30 10:09:58.738#keyHandled#"'('"
2019-4-30 10:10:01.265#change#{"from":{"line":0,"ch":10,"sticky":"after"},"to":{"line":0,"ch":10,"sticky":"after"},"text":["i"],"removed":[""],"origin":"+input"}
2019-4-30 10:10:01.521#change#{"from":{"line":0,"ch":11,"sticky":null},"to":{"line":0,"ch":11,"sticky":null},"text":["n"],"removed":[""],"origin":"+input"}
2019-4-30 10:10:01.950#change#{"from":{"line":0,"ch":12,"sticky":null},"to":{"line":0,"ch":12,"sticky":null},"text":["p"],"removed":[""],"origin":"+input"}
2019-4-30 10:10:02.482#change#{"from":{"line":0,"ch":13,"sticky":null},"to":{"line":0,"ch":13,"sticky":null},"text":["u"],"removed":[""],"origin":"+input"}
2019-4-30 10:10:02.794#change#{"from":{"line":0,"ch":14,"sticky":null},"to":{"line":0,"ch":14,"sticky":null},"text":["t"],"removed":[""],"origin":"+input"}
2019-4-30 10:10:05.061#change#{"from":{"line":0,"ch":15,"sticky":null},"to":{"line":0,"ch":15,"sticky":null},"text":["()"],"removed":[""],"origin":"+input"}
2019-4-30 10:10:05.061#keyHandled#"'('"
2019-4-30 10:10:08.879#change#{"from":{"line":0,"ch":16,"sticky":"after"},"to":{"line":0,"ch":16,"sticky":"after"},"text":["\"\""],"removed":[""],"origin":"+input"}
2019-4-30 10:10:08.879#keyHandled#"'\"'"
2019-4-30 10:10:09.813#change#{"from":{"line":0,"ch":18,"sticky":null},"to":{"line":0,"ch":18,"sticky":null},"text":["a"],"removed":[""],"origin":"+input"}
2019-4-30 10:10:10.306#change#{"from":{"line":0,"ch":19,"sticky":null},"to":{"line":0,"ch":19,"sticky":null},"text":["l"],"removed":[""],"origin":"+input"}
2019-4-30 10:10:10.477#change#{"from":{"line":0,"ch":20,"sticky":null},"to":{"line":0,"ch":20,"sticky":null},"text":["o"],"removed":[""],"origin":"+input"}
2019-4-30 10:10:10.672#change#{"from":{"line":0,"ch":21,"sticky":null},"to":{"line":0,"ch":21,"sticky":null},"text":["r"],"removed":[""],"origin":"+input"}
2019-4-30 10:10:11.167#change#{"from":{"line":0,"ch":22,"sticky":null},"to":{"line":0,"ch":22,"sticky":null},"text":[" "],"removed":[""],"origin":"+input"}
2019-4-30 10:10:11.305#change#{"from":{"line":0,"ch":23,"sticky":null},"to":{"line":0,"ch":23,"sticky":null},"text":["d"],"removed":[""],"origin":"+input"}
2019-4-30 10:10:11.492#change#{"from":{"line":0,"ch":24,"sticky":null},"to":{"line":0,"ch":24,"sticky":null},"text":["e"],"removed":[""],"origin":"+input"}
2019-4-30 10:10:11.624#change#{"from":{"line":0,"ch":25,"sticky":null},"to":{"line":0,"ch":25,"sticky":null},"text":[" "],"removed":[""],"origin":"+input"}
2019-4-30 10:10:15.504#change#{"from":{"line":0,"ch":26,"sticky":null},"to":{"line":0,"ch":26,"sticky":null},"text":["x"],"removed":[""],"origin":"+input"}
2019-4-30 10:10:17.177#change#{"from":{"line":0,"ch":27,"sticky":null},"to":{"line":0,"ch":27,"sticky":null},"text":[":"],"removed":[""],"origin":"+input"}
2019-4-30 10:10:17.960#change#{"from":{"line":0,"ch":28,"sticky":null},"to":{"line":0,"ch":28,"sticky":null},"text":[" "],"removed":[""],"origin":"+input"}
2019-4-30 10:10:19.383#keyHandled#"Right"
2019-4-30 10:10:19.589#keyHandled#"Right"
2019-4-30 10:10:20.028#keyHandled#"Right"
2019-4-30 10:10:20.702#change#{"from":{"line":0,"ch":32,"sticky":"before"},"to":{"line":0,"ch":32,"sticky":"before"},"text":["",""],"removed":[""],"origin":"+input"}
2019-4-30 10:10:20.702#keyHandled#"Enter"
2019-4-30 10:10:20.714#viewportChange#0
2019-4-30 10:10:26.648#change#{"from":{"line":1,"ch":0,"sticky":null},"to":{"line":1,"ch":0,"sticky":null},"text":["f"],"removed":[""],"origin":"+input"}
2019-4-30 10:10:26.833#change#{"from":{"line":1,"ch":1,"sticky":null},"to":{"line":1,"ch":1,"sticky":null},"text":["l"],"removed":[""],"origin":"+input"}
2019-4-30 10:10:27.051#change#{"from":{"line":1,"ch":2,"sticky":null},"to":{"line":1,"ch":2,"sticky":null},"text":["o"],"removed":[""],"origin":"+input"}
2019-4-30 10:10:27.366#change#{"from":{"line":1,"ch":3,"sticky":null},"to":{"line":1,"ch":3,"sticky":null},"text":["a"],"removed":[""],"origin":"+input"}
2019-4-30 10:10:27.590#change#{"from":{"line":1,"ch":4,"sticky":null},"to":{"line":1,"ch":4,"sticky":null},"text":["t"],"removed":[""],"origin":"+input"}
2019-4-30 10:10:28.990#change#{"from":{"line":1,"ch":4,"sticky":"after"},"to":{"line":1,"ch":5,"sticky":null},"text":[""],"removed":["t"],"origin":"+delete"}
2019-4-30 10:10:28.990#keyHandled#"Backspace"
2019-4-30 10:10:29.162#change#{"from":{"line":1,"ch":3,"sticky":"after"},"to":{"line":1,"ch":4,"sticky":null},"text":[""],"removed":["a"],"origin":"+delete"}
2019-4-30 10:10:29.162#keyHandled#"Backspace"
2019-4-30 10:10:29.336#change#{"from":{"line":1,"ch":2,"sticky":"after"},"to":{"line":1,"ch":3,"sticky":null},"text":[""],"removed":["o"],"origin":"+delete"}
2019-4-30 10:10:29.336#keyHandled#"Backspace"
2019-4-30 10:10:29.506#change#{"from":{"line":1,"ch":1,"sticky":"after"},"to":{"line":1,"ch":2,"sticky":null},"text":[""],"removed":["l"],"origin":"+delete"}
2019-4-30 10:10:29.507#keyHandled#"Backspace"
2019-4-30 10:10:29.686#change#{"from":{"line":1,"ch":0,"sticky":"after"},"to":{"line":1,"ch":1,"sticky":null},"text":[""],"removed":["f"],"origin":"+delete"}
2019-4-30 10:10:29.686#keyHandled#"Backspace"
2019-4-30 10:10:29.858#change#{"from":{"line":0,"ch":32,"sticky":"before"},"to":{"line":1,"ch":0,"sticky":null},"text":[""],"removed":["",""],"origin":"+delete"}
2019-4-30 10:10:29.858#keyHandled#"Backspace"
2019-4-30 10:10:29.871#viewportChange#0
2019-4-30 10:10:31.742#change#{"from":{"line":0,"ch":32,"sticky":null},"to":{"line":0,"ch":32,"sticky":null},"text":["",""],"removed":[""],"origin":"+input"}
2019-4-30 10:10:31.742#keyHandled#"Enter"
2019-4-30 10:10:31.756#viewportChange#0
2019-4-30 10:10:32.464#change#{"from":{"line":1,"ch":0,"sticky":null},"to":{"line":1,"ch":0,"sticky":null},"text":["y"],"removed":[""],"origin":"+input"}
2019-4-30 10:10:34.081#change#{"from":{"line":1,"ch":1,"sticky":null},"to":{"line":1,"ch":1,"sticky":null},"text":["="],"removed":[""],"origin":"+input"}
2019-4-30 10:10:34.224#change#{"from":{"line":1,"ch":2,"sticky":null},"to":{"line":1,"ch":2,"sticky":null},"text":[" "],"removed":[""],"origin":"+input"}
2019-4-30 10:10:35.149#change#{"from":{"line":1,"ch":2,"sticky":"after"},"to":{"line":1,"ch":3,"sticky":null},"text":[""],"removed":[" "],"origin":"+delete"}
2019-4-30 10:10:35.149#keyHandled#"Backspace"
2019-4-30 10:10:35.334#change#{"from":{"line":1,"ch":1,"sticky":"after"},"to":{"line":1,"ch":2,"sticky":null},"text":[""],"removed":["="],"origin":"+delete"}
2019-4-30 10:10:35.334#keyHandled#"Backspace"
2019-4-30 10:10:35.490#change#{"from":{"line":1,"ch":0,"sticky":"after"},"to":{"line":1,"ch":1,"sticky":null},"text":[""],"removed":["y"],"origin":"+delete"}
2019-4-30 10:10:35.490#keyHandled#"Backspace"
2019-4-30 10:10:37.032#change#{"from":{"line":1,"ch":0,"sticky":null},"to":{"line":1,"ch":0,"sticky":null},"text":["y"],"removed":[""],"origin":"+input"}
2019-4-30 10:10:37.539#change#{"from":{"line":1,"ch":1,"sticky":null},"to":{"line":1,"ch":1,"sticky":null},"text":[" "],"removed":[""],"origin":"+input"}
2019-4-30 10:10:38.775#change#{"from":{"line":1,"ch":2,"sticky":null},"to":{"line":1,"ch":2,"sticky":null},"text":["="],"removed":[""],"origin":"+input"}
2019-4-30 10:10:38.958#change#{"from":{"line":1,"ch":3,"sticky":null},"to":{"line":1,"ch":3,"sticky":null},"text":[" "],"removed":[""],"origin":"+input"}
2019-4-30 10:10:40.250#change#{"from":{"line":1,"ch":4,"sticky":null},"to":{"line":1,"ch":4,"sticky":null},"text":["f"],"removed":[""],"origin":"+input"}
2019-4-30 10:10:40.432#change#{"from":{"line":1,"ch":5,"sticky":null},"to":{"line":1,"ch":5,"sticky":null},"text":["l"],"removed":[""],"origin":"+input"}
2019-4-30 10:10:40.631#change#{"from":{"line":1,"ch":6,"sticky":null},"to":{"line":1,"ch":6,"sticky":null},"text":["o"],"removed":[""],"origin":"+input"}
2019-4-30 10:10:40.826#change#{"from":{"line":1,"ch":7,"sticky":null},"to":{"line":1,"ch":7,"sticky":null},"text":["a"],"removed":[""],"origin":"+input"}
2019-4-30 10:10:41.048#change#{"from":{"line":1,"ch":8,"sticky":null},"to":{"line":1,"ch":8,"sticky":null},"text":["t"],"removed":[""],"origin":"+input"}
2019-4-30 10:10:43.057#change#{"from":{"line":1,"ch":9,"sticky":null},"to":{"line":1,"ch":9,"sticky":null},"text":["()"],"removed":[""],"origin":"+input"}
2019-4-30 10:10:43.057#keyHandled#"'('"
2019-4-30 10:10:44.530#change#{"from":{"line":1,"ch":10,"sticky":"after"},"to":{"line":1,"ch":10,"sticky":"after"},"text":["i"],"removed":[""],"origin":"+input"}
2019-4-30 10:10:44.844#change#{"from":{"line":1,"ch":11,"sticky":null},"to":{"line":1,"ch":11,"sticky":null},"text":["n"],"removed":[""],"origin":"+input"}
2019-4-30 10:10:45.322#change#{"from":{"line":1,"ch":12,"sticky":null},"to":{"line":1,"ch":12,"sticky":null},"text":["p"],"removed":[""],"origin":"+input"}
2019-4-30 10:10:45.903#change#{"from":{"line":1,"ch":13,"sticky":null},"to":{"line":1,"ch":13,"sticky":null},"text":["u"],"removed":[""],"origin":"+input"}
2019-4-30 10:10:46.446#change#{"from":{"line":1,"ch":14,"sticky":null},"to":{"line":1,"ch":14,"sticky":null},"text":["t"],"removed":[""],"origin":"+input"}
2019-4-30 10:10:47.889#change#{"from":{"line":1,"ch":15,"sticky":null},"to":{"line":1,"ch":15,"sticky":null},"text":["()"],"removed":[""],"origin":"+input"}
2019-4-30 10:10:47.889#keyHandled#"'('"
2019-4-30 10:10:49.253#change#{"from":{"line":1,"ch":16,"sticky":"after"},"to":{"line":1,"ch":16,"sticky":"after"},"text":[" "],"removed":[""],"origin":"+input"}
2019-4-30 10:10:50.582#change#{"from":{"line":1,"ch":17,"sticky":null},"to":{"line":1,"ch":19,"sticky":null},"text":[""],"removed":["\"\""],"origin":"+delete"}
2019-4-30 10:10:50.582#keyHandled#"Backspace"
2019-4-30 10:10:50.787#change#{"from":{"line":1,"ch":16,"sticky":"after"},"to":{"line":1,"ch":17,"sticky":null},"text":[""],"removed":[" "],"origin":"+delete"}
2019-4-30 10:10:50.787#keyHandled#"Backspace"
2019-4-30 10:10:51.557#change#{"from":{"line":1,"ch":16,"sticky":null},"to":{"line":1,"ch":16,"sticky":null},"text":["\"\""],"removed":[""],"origin":"+input"}
2019-4-30 10:10:51.557#keyHandled#"'\"'"
2019-4-30 10:10:51.849#change#{"from":{"line":1,"ch":17,"sticky":"after"},"to":{"line":1,"ch":17,"sticky":"after"},"text":[" "],"removed":[""],"origin":"+input"}
2019-4-30 10:10:53.028#change#{"from":{"line":1,"ch":17,"sticky":"after"},"to":{"line":1,"ch":18,"sticky":null},"text":[""],"removed":[" "],"origin":"+delete"}
2019-4-30 10:10:53.028#keyHandled#"Backspace"
2019-4-30 10:10:53.478#change#{"from":{"line":1,"ch":17,"sticky":null},"to":{"line":1,"ch":17,"sticky":null},"text":["v"],"removed":[""],"origin":"+input"}
2019-4-30 10:10:53.677#change#{"from":{"line":1,"ch":18,"sticky":null},"to":{"line":1,"ch":18,"sticky":null},"text":["a"],"removed":[""],"origin":"+input"}
2019-4-30 10:10:54.432#change#{"from":{"line":1,"ch":19,"sticky":null},"to":{"line":1,"ch":19,"sticky":null},"text":["l"],"removed":[""],"origin":"+input"}
2019-4-30 10:10:54.612#change#{"from":{"line":1,"ch":20,"sticky":null},"to":{"line":1,"ch":20,"sticky":null},"text":["o"],"removed":[""],"origin":"+input"}
2019-4-30 10:10:54.808#change#{"from":{"line":1,"ch":21,"sticky":null},"to":{"line":1,"ch":21,"sticky":null},"text":["r"],"removed":[""],"origin":"+input"}
2019-4-30 10:10:54.994#change#{"from":{"line":1,"ch":22,"sticky":null},"to":{"line":1,"ch":22,"sticky":null},"text":[" "],"removed":[""],"origin":"+input"}
2019-4-30 10:10:55.185#change#{"from":{"line":1,"ch":23,"sticky":null},"to":{"line":1,"ch":23,"sticky":null},"text":["d"],"removed":[""],"origin":"+input"}
2019-4-30 10:10:55.348#change#{"from":{"line":1,"ch":24,"sticky":null},"to":{"line":1,"ch":24,"sticky":null},"text":["e"],"removed":[""],"origin":"+input"}
2019-4-30 10:10:55.484#change#{"from":{"line":1,"ch":25,"sticky":null},"to":{"line":1,"ch":25,"sticky":null},"text":[" "],"removed":[""],"origin":"+input"}
2019-4-30 10:10:56.689#change#{"from":{"line":1,"ch":26,"sticky":null},"to":{"line":1,"ch":26,"sticky":null},"text":["y"],"removed":[""],"origin":"+input"}
2019-4-30 10:10:59.990#change#{"from":{"line":1,"ch":27,"sticky":null},"to":{"line":1,"ch":27,"sticky":null},"text":[":"],"removed":[""],"origin":"+input"}
2019-4-30 10:11:00.392#change#{"from":{"line":1,"ch":28,"sticky":null},"to":{"line":1,"ch":28,"sticky":null},"text":[" "],"removed":[""],"origin":"+input"}
2019-4-30 10:11:01.882#keyHandled#"Right"
2019-4-30 10:11:02.089#keyHandled#"Right"
2019-4-30 10:11:02.438#keyHandled#"Right"
2019-4-30 10:11:03.189#change#{"from":{"line":1,"ch":32,"sticky":"before"},"to":{"line":1,"ch":32,"sticky":"before"},"text":["",""],"removed":[""],"origin":"+input"}
2019-4-30 10:11:03.189#keyHandled#"Enter"
2019-4-30 10:11:03.203#viewportChange#0
2019-4-30 10:11:21.126#change#{"from":{"line":2,"ch":0,"sticky":null},"to":{"line":2,"ch":0,"sticky":null},"text":["i"],"removed":[""],"origin":"+input"}
2019-4-30 10:11:21.740#change#{"from":{"line":2,"ch":1,"sticky":null},"to":{"line":2,"ch":1,"sticky":null},"text":["f"],"removed":[""],"origin":"+input"}
2019-4-30 10:11:24.806#change#{"from":{"line":2,"ch":2,"sticky":null},"to":{"line":2,"ch":2,"sticky":null},"text":["()"],"removed":[""],"origin":"+input"}
2019-4-30 10:11:24.806#keyHandled#"'('"
2019-4-30 10:11:26.211#change#{"from":{"line":2,"ch":3,"sticky":"after"},"to":{"line":2,"ch":3,"sticky":"after"},"text":["x"],"removed":[""],"origin":"+input"}
2019-4-30 10:11:26.825#change#{"from":{"line":2,"ch":4,"sticky":null},"to":{"line":2,"ch":4,"sticky":null},"text":["="],"removed":[""],"origin":"+input"}
2019-4-30 10:11:27.036#change#{"from":{"line":2,"ch":5,"sticky":null},"to":{"line":2,"ch":5,"sticky":null},"text":["="],"removed":[""],"origin":"+input"}
2019-4-30 10:11:42.085#change#{"from":{"line":2,"ch":6,"sticky":null},"to":{"line":2,"ch":6,"sticky":null},"text":["0"],"removed":[""],"origin":"+input"}
2019-4-30 10:11:50.633#keyHandled#"Right"
2019-4-30 10:11:51.871#change#{"from":{"line":2,"ch":8,"sticky":"before"},"to":{"line":2,"ch":8,"sticky":"before"},"text":["o"],"removed":[""],"origin":"+input"}
2019-4-30 10:11:52.564#change#{"from":{"line":2,"ch":9,"sticky":null},"to":{"line":2,"ch":9,"sticky":null},"text":["r"],"removed":[""],"origin":"+input"}
2019-4-30 10:11:54.143#change#{"from":{"line":2,"ch":10,"sticky":null},"to":{"line":2,"ch":10,"sticky":null},"text":["()"],"removed":[""],"origin":"+input"}
2019-4-30 10:11:54.143#keyHandled#"'('"
2019-4-30 10:11:58.121#change#{"from":{"line":2,"ch":11,"sticky":"after"},"to":{"line":2,"ch":11,"sticky":"after"},"text":["y"],"removed":[""],"origin":"+input"}
2019-4-30 10:11:59.009#change#{"from":{"line":2,"ch":12,"sticky":null},"to":{"line":2,"ch":12,"sticky":null},"text":["="],"removed":[""],"origin":"+input"}
2019-4-30 10:11:59.481#change#{"from":{"line":2,"ch":13,"sticky":null},"to":{"line":2,"ch":13,"sticky":null},"text":["="],"removed":[""],"origin":"+input"}
2019-4-30 10:12:01.476#change#{"from":{"line":2,"ch":14,"sticky":null},"to":{"line":2,"ch":14,"sticky":null},"text":["0"],"removed":[""],"origin":"+input"}
2019-4-30 10:12:03.356#keyHandled#"Right"
2019-4-30 10:12:04.199#change#{"from":{"line":2,"ch":16,"sticky":"before"},"to":{"line":2,"ch":16,"sticky":"before"},"text":["",""],"removed":[""],"origin":"+input"}
2019-4-30 10:12:04.199#keyHandled#"Enter"
2019-4-30 10:12:04.213#viewportChange#0
2019-4-30 10:12:47.009#change#{"from":{"line":3,"ch":0,"sticky":null},"to":{"line":3,"ch":0,"sticky":null},"text":["\t"],"removed":[""],"origin":"+input"}
2019-4-30 10:12:47.009#keyHandled#"Tab"
2019-4-30 10:12:48.213#change#{"from":{"line":3,"ch":1,"sticky":null},"to":{"line":3,"ch":1,"sticky":null},"text":["i"],"removed":[""],"origin":"+input"}
2019-4-30 10:12:48.882#change#{"from":{"line":3,"ch":2,"sticky":null},"to":{"line":3,"ch":2,"sticky":null},"text":["f"],"removed":[""],"origin":"+input"}
2019-4-30 10:13:25.202#change#{"from":{"line":3,"ch":3,"sticky":null},"to":{"line":3,"ch":3,"sticky":null},"text":["()"],"removed":[""],"origin":"+input"}
2019-4-30 10:13:25.202#keyHandled#"'('"
2019-4-30 10:13:44.076#change#{"from":{"line":3,"ch":4,"sticky":"after"},"to":{"line":3,"ch":4,"sticky":"after"},"text":["x"],"removed":[""],"origin":"+input"}
2019-4-30 10:13:44.500#change#{"from":{"line":3,"ch":5,"sticky":null},"to":{"line":3,"ch":5,"sticky":null},"text":["="],"removed":[""],"origin":"+input"}
2019-4-30 10:13:44.669#change#{"from":{"line":3,"ch":6,"sticky":null},"to":{"line":3,"ch":6,"sticky":null},"text":["="],"removed":[""],"origin":"+input"}
2019-4-30 10:13:46.540#change#{"from":{"line":3,"ch":7,"sticky":null},"to":{"line":3,"ch":7,"sticky":null},"text":["0"],"removed":[""],"origin":"+input"}
2019-4-30 10:13:48.750#keyHandled#"Right"
2019-4-30 10:13:49.286#change#{"from":{"line":3,"ch":9,"sticky":"before"},"to":{"line":3,"ch":9,"sticky":"before"},"text":["a"],"removed":[""],"origin":"+input"}
2019-4-30 10:13:49.519#change#{"from":{"line":3,"ch":10,"sticky":null},"to":{"line":3,"ch":10,"sticky":null},"text":["n"],"removed":[""],"origin":"+input"}
2019-4-30 10:13:49.795#change#{"from":{"line":3,"ch":11,"sticky":null},"to":{"line":3,"ch":11,"sticky":null},"text":["d"],"removed":[""],"origin":"+input"}
2019-4-30 10:13:51.441#change#{"from":{"line":3,"ch":12,"sticky":null},"to":{"line":3,"ch":12,"sticky":null},"text":["()"],"removed":[""],"origin":"+input"}
2019-4-30 10:13:51.441#keyHandled#"'('"
2019-4-30 10:13:53.066#change#{"from":{"line":3,"ch":13,"sticky":"after"},"to":{"line":3,"ch":13,"sticky":"after"},"text":["y"],"removed":[""],"origin":"+input"}
2019-4-30 10:13:56.509#change#{"from":{"line":3,"ch":14,"sticky":null},"to":{"line":3,"ch":14,"sticky":null},"text":[">"],"removed":[""],"origin":"+input"}
2019-4-30 10:13:58.003#change#{"from":{"line":3,"ch":15,"sticky":null},"to":{"line":3,"ch":15,"sticky":null},"text":["o"],"removed":[""],"origin":"+input"}
2019-4-30 10:13:59.112#change#{"from":{"line":3,"ch":15,"sticky":"after"},"to":{"line":3,"ch":16,"sticky":null},"text":[""],"removed":["o"],"origin":"+delete"}
2019-4-30 10:13:59.112#keyHandled#"Backspace"
2019-4-30 10:13:59.678#change#{"from":{"line":3,"ch":15,"sticky":null},"to":{"line":3,"ch":15,"sticky":null},"text":["0"],"removed":[""],"origin":"+input"}
2019-4-30 10:14:01.586#keyHandled#"Right"
2019-4-30 10:14:02.888#change#{"from":{"line":3,"ch":17,"sticky":"before"},"to":{"line":3,"ch":17,"sticky":"before"},"text":["o"],"removed":[""],"origin":"+input"}
2019-4-30 10:14:03.069#change#{"from":{"line":3,"ch":18,"sticky":null},"to":{"line":3,"ch":18,"sticky":null},"text":["r"],"removed":[""],"origin":"+input"}
2019-4-30 10:14:04.404#change#{"from":{"line":3,"ch":19,"sticky":null},"to":{"line":3,"ch":19,"sticky":null},"text":["()"],"removed":[""],"origin":"+input"}
2019-4-30 10:14:04.404#keyHandled#"'('"
2019-4-30 10:14:06.250#change#{"from":{"line":3,"ch":20,"sticky":"after"},"to":{"line":3,"ch":20,"sticky":"after"},"text":["y"],"removed":[""],"origin":"+input"}
2019-4-30 10:14:07.684#change#{"from":{"line":3,"ch":21,"sticky":null},"to":{"line":3,"ch":21,"sticky":null},"text":["<"],"removed":[""],"origin":"+input"}
2019-4-30 10:14:08.664#change#{"from":{"line":3,"ch":22,"sticky":null},"to":{"line":3,"ch":22,"sticky":null},"text":["0"],"removed":[""],"origin":"+input"}
2019-4-30 10:14:17.674#mousedown#{"isTrusted":true}
2019-4-30 10:14:20.737#change#{"from":{"line":2,"ch":16,"sticky":"before","xRel":12.08331298828125},"to":{"line":2,"ch":16,"sticky":"before","xRel":12.08331298828125},"text":[":"],"removed":[""],"origin":"+input"}
2019-4-30 10:14:22.940#keyHandled#"Down"
2019-4-30 10:14:23.347#keyHandled#"Right"
2019-4-30 10:14:23.566#keyHandled#"Right"
2019-4-30 10:14:23.749#keyHandled#"Right"
2019-4-30 10:14:23.907#keyHandled#"Right"
2019-4-30 10:14:24.179#keyHandled#"Right"
2019-4-30 10:14:24.331#keyHandled#"Right"
2019-4-30 10:14:24.483#keyHandled#"Right"
2019-4-30 10:14:24.663#keyHandled#"Right"
2019-4-30 10:14:24.855#keyHandled#"Right"
2019-4-30 10:14:26.185#change#{"from":{"line":3,"ch":24,"sticky":"before"},"to":{"line":3,"ch":24,"sticky":"before"},"text":[":"],"removed":[""],"origin":"+input"}
2019-4-30 10:14:28.997#change#{"from":{"line":3,"ch":24,"sticky":"after"},"to":{"line":3,"ch":25,"sticky":null},"text":[""],"removed":[":"],"origin":"+delete"}
2019-4-30 10:14:28.997#keyHandled#"Backspace"
2019-4-30 10:14:30.571#change#{"from":{"line":3,"ch":24,"sticky":null},"to":{"line":3,"ch":24,"sticky":null},"text":[":"],"removed":[""],"origin":"+input"}
2019-4-30 10:14:55.562#change#{"from":{"line":3,"ch":25,"sticky":null},"to":{"line":3,"ch":25,"sticky":null},"text":["",""],"removed":[""],"origin":"+input"}
2019-4-30 10:14:55.563#change#{"from":{"line":4,"ch":0,"sticky":null},"to":{"line":4,"ch":0,"sticky":null},"text":["\t\t"],"removed":[""],"origin":"+input"}
2019-4-30 10:14:55.563#keyHandled#"Enter"
2019-4-30 10:14:55.578#viewportChange#0
2019-4-30 10:15:03.622#change#{"from":{"line":4,"ch":2,"sticky":null},"to":{"line":4,"ch":2,"sticky":null},"text":["p"],"removed":[""],"origin":"+input"}
2019-4-30 10:15:03.783#change#{"from":{"line":4,"ch":3,"sticky":null},"to":{"line":4,"ch":3,"sticky":null},"text":["r"],"removed":[""],"origin":"+input"}
2019-4-30 10:15:04.029#change#{"from":{"line":4,"ch":4,"sticky":null},"to":{"line":4,"ch":4,"sticky":null},"text":["i"],"removed":[""],"origin":"+input"}
2019-4-30 10:15:04.328#change#{"from":{"line":4,"ch":5,"sticky":null},"to":{"line":4,"ch":5,"sticky":null},"text":["n"],"removed":[""],"origin":"+input"}
2019-4-30 10:15:04.509#change#{"from":{"line":4,"ch":6,"sticky":null},"to":{"line":4,"ch":6,"sticky":null},"text":["t"],"removed":[""],"origin":"+input"}
2019-4-30 10:15:07.031#change#{"from":{"line":4,"ch":7,"sticky":null},"to":{"line":4,"ch":7,"sticky":null},"text":["()"],"removed":[""],"origin":"+input"}
2019-4-30 10:15:07.031#keyHandled#"'('"
2019-4-30 10:15:07.983#change#{"from":{"line":4,"ch":8,"sticky":"after"},"to":{"line":4,"ch":8,"sticky":"after"},"text":["\"\""],"removed":[""],"origin":"+input"}
2019-4-30 10:15:07.983#keyHandled#"'\"'"
2019-4-30 10:15:09.144#change#{"from":{"line":4,"ch":9,"sticky":"after"},"to":{"line":4,"ch":9,"sticky":"after"},"text":["e"],"removed":[""],"origin":"+input"}
2019-4-30 10:15:09.463#change#{"from":{"line":4,"ch":10,"sticky":null},"to":{"line":4,"ch":10,"sticky":null},"text":["i"],"removed":[""],"origin":"+input"}
2019-4-30 10:15:09.860#change#{"from":{"line":4,"ch":11,"sticky":null},"to":{"line":4,"ch":11,"sticky":null},"text":["x"],"removed":[""],"origin":"+input"}
2019-4-30 10:15:10.105#change#{"from":{"line":4,"ch":12,"sticky":null},"to":{"line":4,"ch":12,"sticky":null},"text":["o"],"removed":[""],"origin":"+input"}
2019-4-30 10:15:11.003#change#{"from":{"line":4,"ch":13,"sticky":null},"to":{"line":4,"ch":13,"sticky":null},"text":[" "],"removed":[""],"origin":"+input"}
2019-4-30 10:15:11.478#change#{"from":{"line":4,"ch":14,"sticky":null},"to":{"line":4,"ch":14,"sticky":null},"text":["y"],"removed":[""],"origin":"+input"}
2019-4-30 10:15:18.129#keyHandled#"Right"
2019-4-30 10:15:18.309#keyHandled#"Right"
2019-4-30 10:15:19.085#change#{"from":{"line":4,"ch":17,"sticky":"before"},"to":{"line":4,"ch":17,"sticky":"before"},"text":["",""],"removed":[""],"origin":"+input"}
2019-4-30 10:15:19.085#change#{"from":{"line":5,"ch":0,"sticky":null},"to":{"line":5,"ch":0,"sticky":null},"text":["\t\t"],"removed":[""],"origin":"+input"}
2019-4-30 10:15:19.085#keyHandled#"Enter"
2019-4-30 10:15:19.099#viewportChange#0
2019-4-30 10:15:37.443#change#{"from":{"line":5,"ch":1,"sticky":"after"},"to":{"line":5,"ch":2,"sticky":null},"text":[""],"removed":["\t"],"origin":"+delete"}
2019-4-30 10:15:37.443#keyHandled#"Backspace"
2019-4-30 10:16:15.729#change#{"from":{"line":5,"ch":1,"sticky":null},"to":{"line":5,"ch":1,"sticky":null},"text":["e"],"removed":[""],"origin":"+input"}
2019-4-30 10:16:15.963#change#{"from":{"line":5,"ch":2,"sticky":null},"to":{"line":5,"ch":2,"sticky":null},"text":["l"],"removed":[""],"origin":"+input"}
2019-4-30 10:16:16.214#change#{"from":{"line":5,"ch":3,"sticky":null},"to":{"line":5,"ch":3,"sticky":null},"text":["i"],"removed":[""],"origin":"+input"}
2019-4-30 10:16:17.238#change#{"from":{"line":5,"ch":4,"sticky":null},"to":{"line":5,"ch":4,"sticky":null},"text":["f"],"removed":[""],"origin":"+input"}
2019-4-30 10:16:19.437#change#{"from":{"line":5,"ch":5,"sticky":null},"to":{"line":5,"ch":5,"sticky":null},"text":["()"],"removed":[""],"origin":"+input"}
2019-4-30 10:16:19.437#keyHandled#"'('"
2019-4-30 10:16:20.952#change#{"from":{"line":5,"ch":6,"sticky":"after"},"to":{"line":5,"ch":6,"sticky":"after"},"text":["y"],"removed":[""],"origin":"+input"}
2019-4-30 10:16:22.489#change#{"from":{"line":5,"ch":7,"sticky":null},"to":{"line":5,"ch":7,"sticky":null},"text":["="],"removed":[""],"origin":"+input"}
2019-4-30 10:16:22.701#change#{"from":{"line":5,"ch":8,"sticky":null},"to":{"line":5,"ch":8,"sticky":null},"text":["="],"removed":[""],"origin":"+input"}
2019-4-30 10:16:24.588#change#{"from":{"line":5,"ch":9,"sticky":null},"to":{"line":5,"ch":9,"sticky":null},"text":["0"],"removed":[""],"origin":"+input"}
2019-4-30 10:16:26.445#keyHandled#"Right"
2019-4-30 10:16:27.316#change#{"from":{"line":5,"ch":11,"sticky":"before"},"to":{"line":5,"ch":11,"sticky":"before"},"text":["a"],"removed":[""],"origin":"+input"}
2019-4-30 10:16:27.583#change#{"from":{"line":5,"ch":12,"sticky":null},"to":{"line":5,"ch":12,"sticky":null},"text":["n"],"removed":[""],"origin":"+input"}
2019-4-30 10:16:27.792#change#{"from":{"line":5,"ch":13,"sticky":null},"to":{"line":5,"ch":13,"sticky":null},"text":["d"],"removed":[""],"origin":"+input"}
2019-4-30 10:16:29.641#change#{"from":{"line":5,"ch":14,"sticky":null},"to":{"line":5,"ch":14,"sticky":null},"text":["()"],"removed":[""],"origin":"+input"}
2019-4-30 10:16:29.641#keyHandled#"'('"
2019-4-30 10:16:35.331#change#{"from":{"line":5,"ch":15,"sticky":"after"},"to":{"line":5,"ch":15,"sticky":"after"},"text":["x"],"removed":[""],"origin":"+input"}
2019-4-30 10:16:37.556#change#{"from":{"line":5,"ch":16,"sticky":null},"to":{"line":5,"ch":16,"sticky":null},"text":[">"],"removed":[""],"origin":"+input"}
2019-4-30 10:16:38.579#change#{"from":{"line":5,"ch":17,"sticky":null},"to":{"line":5,"ch":17,"sticky":null},"text":["0"],"removed":[""],"origin":"+input"}
2019-4-30 10:16:40.382#keyHandled#"Right"
2019-4-30 10:16:59.421#change#{"from":{"line":5,"ch":19,"sticky":"before"},"to":{"line":5,"ch":19,"sticky":"before"},"text":["o"],"removed":[""],"origin":"+input"}
2019-4-30 10:16:59.519#change#{"from":{"line":5,"ch":20,"sticky":null},"to":{"line":5,"ch":20,"sticky":null},"text":["r"],"removed":[""],"origin":"+input"}
2019-4-30 10:17:01.892#change#{"from":{"line":5,"ch":21,"sticky":null},"to":{"line":5,"ch":21,"sticky":null},"text":["()"],"removed":[""],"origin":"+input"}
2019-4-30 10:17:01.892#keyHandled#"'('"
2019-4-30 10:17:10.182#change#{"from":{"line":5,"ch":22,"sticky":"after"},"to":{"line":5,"ch":22,"sticky":"after"},"text":["x"],"removed":[""],"origin":"+input"}
2019-4-30 10:17:13.566#change#{"from":{"line":5,"ch":23,"sticky":null},"to":{"line":5,"ch":23,"sticky":null},"text":["<"],"removed":[""],"origin":"+input"}
2019-4-30 10:17:14.570#change#{"from":{"line":5,"ch":24,"sticky":null},"to":{"line":5,"ch":24,"sticky":null},"text":["0"],"removed":[""],"origin":"+input"}
2019-4-30 10:17:15.903#keyHandled#"Right"
2019-4-30 10:17:19.172#change#{"from":{"line":5,"ch":26,"sticky":"before"},"to":{"line":5,"ch":26,"sticky":"before"},"text":[":"],"removed":[""],"origin":"+input"}
2019-4-30 10:17:20.886#change#{"from":{"line":5,"ch":27,"sticky":null},"to":{"line":5,"ch":27,"sticky":null},"text":["",""],"removed":[""],"origin":"+input"}
2019-4-30 10:17:20.886#change#{"from":{"line":6,"ch":0,"sticky":null},"to":{"line":6,"ch":0,"sticky":null},"text":["\t\t"],"removed":[""],"origin":"+input"}
2019-4-30 10:17:20.886#keyHandled#"Enter"
2019-4-30 10:17:20.901#viewportChange#0
2019-4-30 10:17:22.449#change#{"from":{"line":6,"ch":1,"sticky":"after"},"to":{"line":6,"ch":2,"sticky":null},"text":[""],"removed":["\t"],"origin":"+delete"}
2019-4-30 10:17:22.449#keyHandled#"Backspace"
2019-4-30 10:17:35.310#change#{"from":{"line":6,"ch":1,"sticky":null},"to":{"line":6,"ch":1,"sticky":null},"text":["\t"],"removed":[""],"origin":"+input"}
2019-4-30 10:17:35.311#keyHandled#"Tab"
2019-4-30 10:17:36.966#change#{"from":{"line":6,"ch":1,"sticky":"after"},"to":{"line":6,"ch":2,"sticky":null},"text":[""],"removed":["\t"],"origin":"+delete"}
2019-4-30 10:17:36.966#keyHandled#"Backspace"
2019-4-30 10:17:38.615#change#{"from":{"line":6,"ch":1,"sticky":null},"to":{"line":6,"ch":1,"sticky":null},"text":["p"],"removed":[""],"origin":"+input"}
2019-4-30 10:17:38.741#change#{"from":{"line":6,"ch":2,"sticky":null},"to":{"line":6,"ch":2,"sticky":null},"text":["r"],"removed":[""],"origin":"+input"}
2019-4-30 10:17:39.103#change#{"from":{"line":6,"ch":3,"sticky":null},"to":{"line":6,"ch":3,"sticky":null},"text":["i"],"removed":[""],"origin":"+input"}
2019-4-30 10:17:40.549#change#{"from":{"line":6,"ch":3,"sticky":"after"},"to":{"line":6,"ch":4,"sticky":null},"text":[""],"removed":["i"],"origin":"+delete"}
2019-4-30 10:17:40.549#keyHandled#"Backspace"
2019-4-30 10:17:40.958#change#{"from":{"line":6,"ch":2,"sticky":"after"},"to":{"line":6,"ch":3,"sticky":null},"text":[""],"removed":["r"],"origin":"+delete"}
2019-4-30 10:17:40.958#keyHandled#"Backspace"
2019-4-30 10:17:41.211#change#{"from":{"line":6,"ch":1,"sticky":"after"},"to":{"line":6,"ch":2,"sticky":null},"text":[""],"removed":["p"],"origin":"+delete"}
2019-4-30 10:17:41.211#keyHandled#"Backspace"
2019-4-30 10:17:41.541#change#{"from":{"line":6,"ch":0,"sticky":"after"},"to":{"line":6,"ch":1,"sticky":null},"text":[""],"removed":["\t"],"origin":"+delete"}
2019-4-30 10:17:41.541#keyHandled#"Backspace"
2019-4-30 10:17:43.229#change#{"from":{"line":6,"ch":0,"sticky":null},"to":{"line":6,"ch":0,"sticky":null},"text":["\t"],"removed":[""],"origin":"+input"}
2019-4-30 10:17:43.229#keyHandled#"Tab"
2019-4-30 10:17:43.489#change#{"from":{"line":6,"ch":1,"sticky":null},"to":{"line":6,"ch":1,"sticky":null},"text":["\t"],"removed":[""],"origin":"+input"}
2019-4-30 10:17:43.489#keyHandled#"Tab"
2019-4-30 10:17:45.528#change#{"from":{"line":6,"ch":2,"sticky":null},"to":{"line":6,"ch":2,"sticky":null},"text":["P"],"removed":[""],"origin":"+input"}
2019-4-30 10:17:45.691#change#{"from":{"line":6,"ch":3,"sticky":null},"to":{"line":6,"ch":3,"sticky":null},"text":["R"],"removed":[""],"origin":"+input"}
2019-4-30 10:17:46.089#change#{"from":{"line":6,"ch":4,"sticky":null},"to":{"line":6,"ch":4,"sticky":null},"text":["I"],"removed":[""],"origin":"+input"}
2019-4-30 10:17:46.323#change#{"from":{"line":6,"ch":5,"sticky":null},"to":{"line":6,"ch":5,"sticky":null},"text":["N"],"removed":[""],"origin":"+input"}
2019-4-30 10:17:46.491#change#{"from":{"line":6,"ch":6,"sticky":null},"to":{"line":6,"ch":6,"sticky":null},"text":["T"],"removed":[""],"origin":"+input"}
2019-4-30 10:17:47.684#change#{"from":{"line":6,"ch":6,"sticky":"after"},"to":{"line":6,"ch":7,"sticky":null},"text":[""],"removed":["T"],"origin":"+delete"}
2019-4-30 10:17:47.684#keyHandled#"Backspace"
2019-4-30 10:17:47.883#change#{"from":{"line":6,"ch":5,"sticky":"after"},"to":{"line":6,"ch":6,"sticky":null},"text":[""],"removed":["N"],"origin":"+delete"}
2019-4-30 10:17:47.883#keyHandled#"Backspace"
2019-4-30 10:17:48.059#change#{"from":{"line":6,"ch":4,"sticky":"after"},"to":{"line":6,"ch":5,"sticky":null},"text":[""],"removed":["I"],"origin":"+delete"}
2019-4-30 10:17:48.059#keyHandled#"Backspace"
2019-4-30 10:17:48.220#change#{"from":{"line":6,"ch":3,"sticky":"after"},"to":{"line":6,"ch":4,"sticky":null},"text":[""],"removed":["R"],"origin":"+delete"}
2019-4-30 10:17:48.220#keyHandled#"Backspace"
2019-4-30 10:17:48.605#change#{"from":{"line":6,"ch":2,"sticky":"after"},"to":{"line":6,"ch":3,"sticky":null},"text":[""],"removed":["P"],"origin":"+delete"}
2019-4-30 10:17:48.605#keyHandled#"Backspace"
2019-4-30 10:17:50.904#change#{"from":{"line":6,"ch":2,"sticky":null},"to":{"line":6,"ch":2,"sticky":null},"text":["p"],"removed":[""],"origin":"+input"}
2019-4-30 10:17:51.058#change#{"from":{"line":6,"ch":3,"sticky":null},"to":{"line":6,"ch":3,"sticky":null},"text":["r"],"removed":[""],"origin":"+input"}
2019-4-30 10:17:51.498#change#{"from":{"line":6,"ch":4,"sticky":null},"to":{"line":6,"ch":4,"sticky":null},"text":["i"],"removed":[""],"origin":"+input"}
2019-4-30 10:17:51.754#change#{"from":{"line":6,"ch":5,"sticky":null},"to":{"line":6,"ch":5,"sticky":null},"text":["n"],"removed":[""],"origin":"+input"}
2019-4-30 10:17:51.893#change#{"from":{"line":6,"ch":6,"sticky":null},"to":{"line":6,"ch":6,"sticky":null},"text":["t"],"removed":[""],"origin":"+input"}
2019-4-30 10:17:56.431#change#{"from":{"line":6,"ch":7,"sticky":null},"to":{"line":6,"ch":7,"sticky":null},"text":["()"],"removed":[""],"origin":"+input"}
2019-4-30 10:17:56.431#keyHandled#"'('"
2019-4-30 10:17:58.332#change#{"from":{"line":6,"ch":8,"sticky":"after"},"to":{"line":6,"ch":8,"sticky":"after"},"text":["\"\""],"removed":[""],"origin":"+input"}
2019-4-30 10:17:58.332#keyHandled#"'\"'"
2019-4-30 10:18:00.069#change#{"from":{"line":6,"ch":9,"sticky":"after"},"to":{"line":6,"ch":9,"sticky":"after"},"text":["e"],"removed":[""],"origin":"+input"}
2019-4-30 10:18:00.308#change#{"from":{"line":6,"ch":10,"sticky":null},"to":{"line":6,"ch":10,"sticky":null},"text":["i"],"removed":[""],"origin":"+input"}
2019-4-30 10:18:01.201#change#{"from":{"line":6,"ch":11,"sticky":null},"to":{"line":6,"ch":11,"sticky":null},"text":["x"],"removed":[""],"origin":"+input"}
2019-4-30 10:18:02.449#change#{"from":{"line":6,"ch":12,"sticky":null},"to":{"line":6,"ch":12,"sticky":null},"text":["o"],"removed":[""],"origin":"+input"}
2019-4-30 10:18:03.206#change#{"from":{"line":6,"ch":13,"sticky":null},"to":{"line":6,"ch":13,"sticky":null},"text":[" "],"removed":[""],"origin":"+input"}
2019-4-30 10:18:04.947#change#{"from":{"line":6,"ch":14,"sticky":null},"to":{"line":6,"ch":14,"sticky":null},"text":["x"],"removed":[""],"origin":"+input"}
2019-4-30 10:18:16.043#keyHandled#"Right"
2019-4-30 10:18:16.306#keyHandled#"Right"
2019-4-30 10:18:17.277#change#{"from":{"line":6,"ch":17,"sticky":"before"},"to":{"line":6,"ch":17,"sticky":"before"},"text":["",""],"removed":[""],"origin":"+input"}
2019-4-30 10:18:17.277#change#{"from":{"line":7,"ch":0,"sticky":null},"to":{"line":7,"ch":0,"sticky":null},"text":["\t\t"],"removed":[""],"origin":"+input"}
2019-4-30 10:18:17.277#keyHandled#"Enter"
2019-4-30 10:18:17.291#viewportChange#0
2019-4-30 10:18:21.310#change#{"from":{"line":7,"ch":1,"sticky":"after"},"to":{"line":7,"ch":2,"sticky":null},"text":[""],"removed":["\t"],"origin":"+delete"}
2019-4-30 10:18:21.310#keyHandled#"Backspace"
2019-4-30 10:18:36.253#change#{"from":{"line":7,"ch":1,"sticky":null},"to":{"line":7,"ch":1,"sticky":null},"text":["e"],"removed":[""],"origin":"+input"}
2019-4-30 10:18:36.418#change#{"from":{"line":7,"ch":2,"sticky":null},"to":{"line":7,"ch":2,"sticky":null},"text":["l"],"removed":[""],"origin":"+input"}
2019-4-30 10:18:36.583#change#{"from":{"line":7,"ch":3,"sticky":null},"to":{"line":7,"ch":3,"sticky":null},"text":["s"],"removed":[""],"origin":"+input"}
2019-4-30 10:18:36.787#change#{"from":{"line":7,"ch":4,"sticky":null},"to":{"line":7,"ch":4,"sticky":null},"text":["e"],"removed":[""],"origin":"+input"}
2019-4-30 10:18:39.773#change#{"from":{"line":7,"ch":5,"sticky":null},"to":{"line":7,"ch":5,"sticky":null},"text":[":"],"removed":[""],"origin":"+input"}
2019-4-30 10:18:40.659#change#{"from":{"line":7,"ch":6,"sticky":null},"to":{"line":7,"ch":6,"sticky":null},"text":["",""],"removed":[""],"origin":"+input"}
2019-4-30 10:18:40.659#change#{"from":{"line":8,"ch":0,"sticky":null},"to":{"line":8,"ch":0,"sticky":null},"text":["\t\t"],"removed":[""],"origin":"+input"}
2019-4-30 10:18:40.659#keyHandled#"Enter"
2019-4-30 10:18:40.673#viewportChange#0
2019-4-30 10:18:42.017#change#{"from":{"line":8,"ch":2,"sticky":null},"to":{"line":8,"ch":2,"sticky":null},"text":["p"],"removed":[""],"origin":"+input"}
2019-4-30 10:18:42.214#change#{"from":{"line":8,"ch":3,"sticky":null},"to":{"line":8,"ch":3,"sticky":null},"text":["r"],"removed":[""],"origin":"+input"}
2019-4-30 10:18:42.815#change#{"from":{"line":8,"ch":4,"sticky":null},"to":{"line":8,"ch":4,"sticky":null},"text":["i"],"removed":[""],"origin":"+input"}
2019-4-30 10:18:44.300#change#{"from":{"line":8,"ch":5,"sticky":null},"to":{"line":8,"ch":5,"sticky":null},"text":["n"],"removed":[""],"origin":"+input"}
2019-4-30 10:18:44.538#change#{"from":{"line":8,"ch":6,"sticky":null},"to":{"line":8,"ch":6,"sticky":null},"text":["t"],"removed":[""],"origin":"+input"}
2019-4-30 10:18:46.480#change#{"from":{"line":8,"ch":7,"sticky":null},"to":{"line":8,"ch":7,"sticky":null},"text":["()"],"removed":[""],"origin":"+input"}
2019-4-30 10:18:46.480#keyHandled#"'('"
2019-4-30 10:18:46.939#change#{"from":{"line":8,"ch":8,"sticky":"after"},"to":{"line":8,"ch":8,"sticky":"after"},"text":["o"],"removed":[""],"origin":"+input"}
2019-4-30 10:18:47.269#change#{"from":{"line":8,"ch":9,"sticky":null},"to":{"line":8,"ch":9,"sticky":null},"text":["r"],"removed":[""],"origin":"+input"}
2019-4-30 10:18:52.854#change#{"from":{"line":8,"ch":9,"sticky":"after"},"to":{"line":8,"ch":10,"sticky":null},"text":[""],"removed":["r"],"origin":"+delete"}
2019-4-30 10:18:52.854#keyHandled#"Backspace"
2019-4-30 10:18:53.096#change#{"from":{"line":8,"ch":8,"sticky":"after"},"to":{"line":8,"ch":9,"sticky":null},"text":[""],"removed":["o"],"origin":"+delete"}
2019-4-30 10:18:53.096#keyHandled#"Backspace"
2019-4-30 10:18:56.614#change#{"from":{"line":8,"ch":8,"sticky":null},"to":{"line":8,"ch":8,"sticky":null},"text":["\"\""],"removed":[""],"origin":"+input"}
2019-4-30 10:18:56.614#keyHandled#"'\"'"
2019-4-30 10:18:57.197#change#{"from":{"line":8,"ch":9,"sticky":"after"},"to":{"line":8,"ch":9,"sticky":"after"},"text":["O"],"removed":[""],"origin":"+input"}
2019-4-30 10:18:57.695#change#{"from":{"line":8,"ch":10,"sticky":null},"to":{"line":8,"ch":10,"sticky":null},"text":["r"],"removed":[""],"origin":"+input"}
2019-4-30 10:18:57.900#change#{"from":{"line":8,"ch":11,"sticky":null},"to":{"line":8,"ch":11,"sticky":null},"text":["i"],"removed":[""],"origin":"+input"}
2019-4-30 10:18:58.673#change#{"from":{"line":8,"ch":12,"sticky":null},"to":{"line":8,"ch":12,"sticky":null},"text":["g"],"removed":[""],"origin":"+input"}
2019-4-30 10:18:58.833#change#{"from":{"line":8,"ch":13,"sticky":null},"to":{"line":8,"ch":13,"sticky":null},"text":["e"],"removed":[""],"origin":"+input"}
2019-4-30 10:18:59.200#change#{"from":{"line":8,"ch":14,"sticky":null},"to":{"line":8,"ch":14,"sticky":null},"text":["m"],"removed":[""],"origin":"+input"}
2019-4-30 10:19:06.155#mousedown#{"isTrusted":true}
2019-4-30 10:19:07.065#change#{"from":{"line":4,"ch":9,"sticky":"after"},"to":{"line":4,"ch":10,"sticky":"before","xRel":-3.91668701171875},"text":[""],"removed":["e"],"origin":"+delete"}
2019-4-30 10:19:07.065#keyHandled#"Backspace"
2019-4-30 10:19:08.110#change#{"from":{"line":4,"ch":9,"sticky":null},"to":{"line":4,"ch":9,"sticky":null},"text":["E"],"removed":[""],"origin":"+input"}
2019-4-30 10:19:09.427#mousedown#{"isTrusted":true}
2019-4-30 10:19:10.233#change#{"from":{"line":6,"ch":9,"sticky":"after"},"to":{"line":6,"ch":10,"sticky":"before","xRel":-2.91668701171875},"text":[""],"removed":["e"],"origin":"+delete"}
2019-4-30 10:19:10.233#keyHandled#"Backspace"
2019-4-30 10:19:11.230#change#{"from":{"line":6,"ch":9,"sticky":null},"to":{"line":6,"ch":9,"sticky":null},"text":["E"],"removed":[""],"origin":"+input"}
2019-4-30 10:19:12.781#mousedown#{"isTrusted":true}
2019-4-30 10:19:14.674#change#{"from":{"line":8,"ch":17,"sticky":"before","xRel":7.08331298828125},"to":{"line":8,"ch":17,"sticky":"before","xRel":7.08331298828125},"text":["",""],"removed":[""],"origin":"+input"}
2019-4-30 10:19:14.674#change#{"from":{"line":9,"ch":0,"sticky":null},"to":{"line":9,"ch":0,"sticky":null},"text":["\t\t"],"removed":[""],"origin":"+input"}
2019-4-30 10:19:14.674#keyHandled#"Enter"
2019-4-30 10:19:14.704#viewportChange#0
2019-4-30 10:20:36.550#blur#
2019-4-30 10:22:37.132#focus#
2019-4-30 10:23:03.301#change#{"from":{"line":9,"ch":1,"sticky":"after"},"to":{"line":9,"ch":2,"sticky":null},"text":[""],"removed":["\t"],"origin":"+delete"}
2019-4-30 10:23:03.301#keyHandled#"Backspace"
2019-4-30 10:23:03.832#change#{"from":{"line":9,"ch":0,"sticky":"after"},"to":{"line":9,"ch":1,"sticky":null},"text":[""],"removed":["\t"],"origin":"+delete"}
2019-4-30 10:23:03.832#keyHandled#"Backspace"
2019-4-30 10:23:06.808#change#{"from":{"line":9,"ch":0,"sticky":null},"to":{"line":9,"ch":0,"sticky":null},"text":["e"],"removed":[""],"origin":"+input"}
2019-4-30 10:23:06.970#change#{"from":{"line":9,"ch":1,"sticky":null},"to":{"line":9,"ch":1,"sticky":null},"text":["l"],"removed":[""],"origin":"+input"}
2019-4-30 10:23:07.199#change#{"from":{"line":9,"ch":2,"sticky":null},"to":{"line":9,"ch":2,"sticky":null},"text":["i"],"removed":[""],"origin":"+input"}
2019-4-30 10:23:07.672#change#{"from":{"line":9,"ch":3,"sticky":null},"to":{"line":9,"ch":3,"sticky":null},"text":["f"],"removed":[""],"origin":"+input"}
2019-4-30 10:23:10.700#change#{"from":{"line":9,"ch":4,"sticky":null},"to":{"line":9,"ch":4,"sticky":null},"text":["()"],"removed":[""],"origin":"+input"}
2019-4-30 10:23:10.700#keyHandled#"'('"
2019-4-30 10:23:11.432#change#{"from":{"line":9,"ch":5,"sticky":"after"},"to":{"line":9,"ch":5,"sticky":"after"},"text":["x"],"removed":[""],"origin":"+input"}
2019-4-30 10:23:13.616#change#{"from":{"line":9,"ch":6,"sticky":null},"to":{"line":9,"ch":6,"sticky":null},"text":["<"],"removed":[""],"origin":"+input"}
2019-4-30 10:23:14.276#change#{"from":{"line":9,"ch":7,"sticky":null},"to":{"line":9,"ch":7,"sticky":null},"text":["0"],"removed":[""],"origin":"+input"}
2019-4-30 10:23:16.295#keyHandled#"Right"
2019-4-30 10:23:19.065#change#{"from":{"line":9,"ch":9,"sticky":"before"},"to":{"line":9,"ch":9,"sticky":"before"},"text":[":"],"removed":[""],"origin":"+input"}
2019-4-30 10:23:25.936#change#{"from":{"line":9,"ch":10,"sticky":null},"to":{"line":9,"ch":10,"sticky":null},"text":["",""],"removed":[""],"origin":"+input"}
2019-4-30 10:23:25.936#change#{"from":{"line":10,"ch":0,"sticky":null},"to":{"line":10,"ch":0,"sticky":null},"text":["\t"],"removed":[""],"origin":"+input"}
2019-4-30 10:23:25.936#keyHandled#"Enter"
2019-4-30 10:23:25.960#viewportChange#0
2019-4-30 10:23:27.252#change#{"from":{"line":10,"ch":1,"sticky":null},"to":{"line":10,"ch":1,"sticky":null},"text":["i"],"removed":[""],"origin":"+input"}
2019-4-30 10:23:27.817#change#{"from":{"line":10,"ch":2,"sticky":null},"to":{"line":10,"ch":2,"sticky":null},"text":["f"],"removed":[""],"origin":"+input"}
2019-4-30 10:23:31.117#change#{"from":{"line":10,"ch":3,"sticky":null},"to":{"line":10,"ch":3,"sticky":null},"text":["()"],"removed":[""],"origin":"+input"}
2019-4-30 10:23:31.117#keyHandled#"'('"
2019-4-30 10:23:31.977#change#{"from":{"line":10,"ch":4,"sticky":"after"},"to":{"line":10,"ch":4,"sticky":"after"},"text":["y"],"removed":[""],"origin":"+input"}
2019-4-30 10:23:33.585#change#{"from":{"line":10,"ch":5,"sticky":null},"to":{"line":10,"ch":5,"sticky":null},"text":["<"],"removed":[""],"origin":"+input"}
2019-4-30 10:23:35.702#change#{"from":{"line":10,"ch":6,"sticky":null},"to":{"line":10,"ch":6,"sticky":null},"text":["0"],"removed":[""],"origin":"+input"}
2019-4-30 10:23:35.771#change#{"from":{"line":10,"ch":7,"sticky":null},"to":{"line":10,"ch":7,"sticky":null},"text":["0"],"removed":[""],"origin":"+input"}
2019-4-30 10:23:36.833#change#{"from":{"line":10,"ch":7,"sticky":"after"},"to":{"line":10,"ch":8,"sticky":null},"text":[""],"removed":["0"],"origin":"+delete"}
2019-4-30 10:23:36.834#keyHandled#"Backspace"
2019-4-30 10:23:39.384#keyHandled#"Right"
2019-4-30 10:23:40.893#change#{"from":{"line":10,"ch":8,"sticky":"before"},"to":{"line":10,"ch":8,"sticky":"before"},"text":[":"],"removed":[""],"origin":"+input"}
2019-4-30 10:23:42.394#change#{"from":{"line":10,"ch":9,"sticky":null},"to":{"line":10,"ch":9,"sticky":null},"text":["",""],"removed":[""],"origin":"+input"}
2019-4-30 10:23:42.394#change#{"from":{"line":11,"ch":0,"sticky":null},"to":{"line":11,"ch":0,"sticky":null},"text":["\t\t"],"removed":[""],"origin":"+input"}
2019-4-30 10:23:42.394#keyHandled#"Enter"
2019-4-30 10:23:42.409#viewportChange#0
2019-4-30 10:23:44.477#change#{"from":{"line":11,"ch":2,"sticky":null},"to":{"line":11,"ch":2,"sticky":null},"text":["p"],"removed":[""],"origin":"+input"}
2019-4-30 10:23:44.990#change#{"from":{"line":11,"ch":3,"sticky":null},"to":{"line":11,"ch":3,"sticky":null},"text":["r"],"removed":[""],"origin":"+input"}
2019-4-30 10:23:45.215#change#{"from":{"line":11,"ch":4,"sticky":null},"to":{"line":11,"ch":4,"sticky":null},"text":["i"],"removed":[""],"origin":"+input"}
2019-4-30 10:23:45.522#change#{"from":{"line":11,"ch":5,"sticky":null},"to":{"line":11,"ch":5,"sticky":null},"text":["n"],"removed":[""],"origin":"+input"}
2019-4-30 10:23:45.705#change#{"from":{"line":11,"ch":6,"sticky":null},"to":{"line":11,"ch":6,"sticky":null},"text":["t"],"removed":[""],"origin":"+input"}
2019-4-30 10:23:49.019#change#{"from":{"line":11,"ch":7,"sticky":null},"to":{"line":11,"ch":7,"sticky":null},"text":["()"],"removed":[""],"origin":"+input"}
2019-4-30 10:23:49.019#keyHandled#"'('"
2019-4-30 10:23:55.896#change#{"from":{"line":11,"ch":8,"sticky":"after"},"to":{"line":11,"ch":8,"sticky":"after"},"text":["\"\""],"removed":[""],"origin":"+input"}
2019-4-30 10:23:55.896#keyHandled#"'\"'"
2019-4-30 10:24:09.453#change#{"from":{"line":11,"ch":9,"sticky":"after"},"to":{"line":11,"ch":9,"sticky":"after"},"text":["Q"],"removed":[""],"origin":"+input"}
2019-4-30 10:24:11.515#change#{"from":{"line":11,"ch":9,"sticky":"after"},"to":{"line":11,"ch":10,"sticky":null},"text":[""],"removed":["Q"],"origin":"+delete"}
2019-4-30 10:24:11.515#keyHandled#"Backspace"
2019-4-30 10:24:11.887#change#{"from":{"line":11,"ch":9,"sticky":null},"to":{"line":11,"ch":9,"sticky":null},"text":["q"],"removed":[""],"origin":"+input"}
2019-4-30 10:24:12.911#change#{"from":{"line":11,"ch":9,"sticky":"after"},"to":{"line":11,"ch":10,"sticky":null},"text":[""],"removed":["q"],"origin":"+delete"}
2019-4-30 10:24:12.911#keyHandled#"Backspace"
2019-4-30 10:24:13.586#change#{"from":{"line":11,"ch":9,"sticky":null},"to":{"line":11,"ch":9,"sticky":null},"text":["Q"],"removed":[""],"origin":"+input"}
2019-4-30 10:24:15.733#change#{"from":{"line":11,"ch":10,"sticky":null},"to":{"line":11,"ch":10,"sticky":null},"text":["3"],"removed":[""],"origin":"+input"}
2019-4-30 10:24:18.023#keyHandled#"Right"
2019-4-30 10:24:18.577#keyHandled#"Right"
2019-4-30 10:24:20.961#change#{"from":{"line":11,"ch":13,"sticky":"before"},"to":{"line":11,"ch":13,"sticky":"before"},"text":["",""],"removed":[""],"origin":"+input"}
2019-4-30 10:24:20.961#change#{"from":{"line":12,"ch":0,"sticky":null},"to":{"line":12,"ch":0,"sticky":null},"text":["\t\t"],"removed":[""],"origin":"+input"}
2019-4-30 10:24:20.961#keyHandled#"Enter"
2019-4-30 10:24:20.975#viewportChange#0
2019-4-30 10:24:22.374#change#{"from":{"line":12,"ch":1,"sticky":"after"},"to":{"line":12,"ch":2,"sticky":null},"text":[""],"removed":["\t"],"origin":"+delete"}
2019-4-30 10:24:22.374#keyHandled#"Backspace"
2019-4-30 10:24:23.712#change#{"from":{"line":12,"ch":1,"sticky":null},"to":{"line":12,"ch":1,"sticky":null},"text":["e"],"removed":[""],"origin":"+input"}
2019-4-30 10:24:23.847#change#{"from":{"line":12,"ch":2,"sticky":null},"to":{"line":12,"ch":2,"sticky":null},"text":["l"],"removed":[""],"origin":"+input"}
2019-4-30 10:24:24.095#change#{"from":{"line":12,"ch":3,"sticky":null},"to":{"line":12,"ch":3,"sticky":null},"text":["i"],"removed":[""],"origin":"+input"}
2019-4-30 10:24:24.564#change#{"from":{"line":12,"ch":4,"sticky":null},"to":{"line":12,"ch":4,"sticky":null},"text":["f"],"removed":[""],"origin":"+input"}
2019-4-30 10:24:31.370#change#{"from":{"line":12,"ch":5,"sticky":null},"to":{"line":12,"ch":5,"sticky":null},"text":["y"],"removed":[""],"origin":"+input"}
2019-4-30 10:24:32.596#change#{"from":{"line":12,"ch":5,"sticky":"after"},"to":{"line":12,"ch":6,"sticky":null},"text":[""],"removed":["y"],"origin":"+delete"}
2019-4-30 10:24:32.596#keyHandled#"Backspace"
2019-4-30 10:24:34.983#change#{"from":{"line":12,"ch":5,"sticky":null},"to":{"line":12,"ch":5,"sticky":null},"text":["()"],"removed":[""],"origin":"+input"}
2019-4-30 10:24:34.983#keyHandled#"'('"
2019-4-30 10:25:09.613#change#{"from":{"line":12,"ch":6,"sticky":"after"},"to":{"line":12,"ch":6,"sticky":"after"},"text":[">"],"removed":[""],"origin":"+input"}
2019-4-30 10:25:10.529#change#{"from":{"line":12,"ch":7,"sticky":null},"to":{"line":12,"ch":7,"sticky":null},"text":["0"],"removed":[""],"origin":"+input"}
2019-4-30 10:25:11.923#change#{"from":{"line":12,"ch":7,"sticky":"after"},"to":{"line":12,"ch":8,"sticky":null},"text":[""],"removed":["0"],"origin":"+delete"}
2019-4-30 10:25:11.923#keyHandled#"Backspace"
2019-4-30 10:25:12.156#change#{"from":{"line":12,"ch":6,"sticky":"after"},"to":{"line":12,"ch":7,"sticky":null},"text":[""],"removed":[">"],"origin":"+delete"}
2019-4-30 10:25:12.156#keyHandled#"Backspace"
2019-4-30 10:25:13.476#change#{"from":{"line":12,"ch":6,"sticky":null},"to":{"line":12,"ch":6,"sticky":null},"text":["y"],"removed":[""],"origin":"+input"}
2019-4-30 10:25:14.285#change#{"from":{"line":12,"ch":7,"sticky":null},"to":{"line":12,"ch":7,"sticky":null},"text":[">"],"removed":[""],"origin":"+input"}
2019-4-30 10:25:14.985#change#{"from":{"line":12,"ch":8,"sticky":null},"to":{"line":12,"ch":8,"sticky":null},"text":["0"],"removed":[""],"origin":"+input"}
2019-4-30 10:25:18.258#keyHandled#"Right"
2019-4-30 10:25:19.524#change#{"from":{"line":12,"ch":10,"sticky":"before"},"to":{"line":12,"ch":10,"sticky":"before"},"text":[":"],"removed":[""],"origin":"+input"}
2019-4-30 10:25:21.393#change#{"from":{"line":12,"ch":11,"sticky":null},"to":{"line":12,"ch":11,"sticky":null},"text":["",""],"removed":[""],"origin":"+input"}
2019-4-30 10:25:21.394#change#{"from":{"line":13,"ch":0,"sticky":null},"to":{"line":13,"ch":0,"sticky":null},"text":["\t\t"],"removed":[""],"origin":"+input"}
2019-4-30 10:25:21.394#keyHandled#"Enter"
2019-4-30 10:25:21.409#viewportChange#0
2019-4-30 10:25:24.509#change#{"from":{"line":13,"ch":2,"sticky":null},"to":{"line":13,"ch":2,"sticky":null},"text":["p"],"removed":[""],"origin":"+input"}
2019-4-30 10:25:24.747#change#{"from":{"line":13,"ch":3,"sticky":null},"to":{"line":13,"ch":3,"sticky":null},"text":["r"],"removed":[""],"origin":"+input"}
2019-4-30 10:25:24.984#change#{"from":{"line":13,"ch":4,"sticky":null},"to":{"line":13,"ch":4,"sticky":null},"text":["i"],"removed":[""],"origin":"+input"}
2019-4-30 10:25:25.412#change#{"from":{"line":13,"ch":5,"sticky":null},"to":{"line":13,"ch":5,"sticky":null},"text":["n"],"removed":[""],"origin":"+input"}
2019-4-30 10:25:25.553#change#{"from":{"line":13,"ch":6,"sticky":null},"to":{"line":13,"ch":6,"sticky":null},"text":["t"],"removed":[""],"origin":"+input"}
2019-4-30 10:25:26.810#change#{"from":{"line":13,"ch":7,"sticky":null},"to":{"line":13,"ch":7,"sticky":null},"text":["()"],"removed":[""],"origin":"+input"}
2019-4-30 10:25:26.810#keyHandled#"'('"
2019-4-30 10:25:27.965#change#{"from":{"line":13,"ch":8,"sticky":"after"},"to":{"line":13,"ch":8,"sticky":"after"},"text":["Q"],"removed":[""],"origin":"+input"}
2019-4-30 10:25:28.765#change#{"from":{"line":13,"ch":9,"sticky":null},"to":{"line":13,"ch":9,"sticky":null},"text":["2"],"removed":[""],"origin":"+input"}
2019-4-30 10:25:31.456#keyHandled#"Left"
2019-4-30 10:25:31.711#keyHandled#"Left"
2019-4-30 10:25:33.227#change#{"from":{"line":13,"ch":8,"sticky":"after"},"to":{"line":13,"ch":8,"sticky":"after"},"text":["\""],"removed":[""],"origin":"+input"}
2019-4-30 10:25:34.247#keyHandled#"Right"
2019-4-30 10:25:34.440#keyHandled#"Right"
2019-4-30 10:25:35.098#change#{"from":{"line":13,"ch":11,"sticky":"before"},"to":{"line":13,"ch":11,"sticky":"before"},"text":["\""],"removed":[""],"origin":"+input"}
2019-4-30 10:25:35.867#keyHandled#"Right"
2019-4-30 10:25:37.869#change#{"from":{"line":13,"ch":13,"sticky":"before"},"to":{"line":13,"ch":13,"sticky":"before"},"text":["",""],"removed":[""],"origin":"+input"}
2019-4-30 10:25:37.869#change#{"from":{"line":14,"ch":0,"sticky":null},"to":{"line":14,"ch":0,"sticky":null},"text":["\t\t"],"removed":[""],"origin":"+input"}
2019-4-30 10:25:37.869#keyHandled#"Enter"
2019-4-30 10:25:37.882#viewportChange#0
2019-4-30 10:25:58.315#change#{"from":{"line":14,"ch":1,"sticky":"after"},"to":{"line":14,"ch":2,"sticky":null},"text":[""],"removed":["\t"],"origin":"+delete"}
2019-4-30 10:25:58.315#keyHandled#"Backspace"
2019-4-30 10:25:59.102#change#{"from":{"line":14,"ch":0,"sticky":"after"},"to":{"line":14,"ch":1,"sticky":null},"text":[""],"removed":["\t"],"origin":"+delete"}
2019-4-30 10:25:59.102#keyHandled#"Backspace"
2019-4-30 10:26:02.026#change#{"from":{"line":14,"ch":0,"sticky":null},"to":{"line":14,"ch":0,"sticky":null},"text":["e"],"removed":[""],"origin":"+input"}
2019-4-30 10:26:02.204#change#{"from":{"line":14,"ch":1,"sticky":null},"to":{"line":14,"ch":1,"sticky":null},"text":["l"],"removed":[""],"origin":"+input"}
2019-4-30 10:26:02.459#change#{"from":{"line":14,"ch":2,"sticky":null},"to":{"line":14,"ch":2,"sticky":null},"text":["i"],"removed":[""],"origin":"+input"}
2019-4-30 10:26:02.754#change#{"from":{"line":14,"ch":3,"sticky":null},"to":{"line":14,"ch":3,"sticky":null},"text":["f"],"removed":[""],"origin":"+input"}
2019-4-30 10:26:04.919#blur#
2019-4-30 10:26:19.381#focus#
2019-4-30 10:26:24.253#change#{"from":{"line":14,"ch":4,"sticky":null},"to":{"line":14,"ch":4,"sticky":null},"text":["()"],"removed":[""],"origin":"+input"}
2019-4-30 10:26:24.253#keyHandled#"'('"
2019-4-30 10:26:25.432#change#{"from":{"line":14,"ch":5,"sticky":"after"},"to":{"line":14,"ch":5,"sticky":"after"},"text":["x"],"removed":[""],"origin":"+input"}
2019-4-30 10:26:30.484#change#{"from":{"line":14,"ch":6,"sticky":null},"to":{"line":14,"ch":6,"sticky":null},"text":[">"],"removed":[""],"origin":"+input"}
2019-4-30 10:26:33.178#change#{"from":{"line":14,"ch":7,"sticky":null},"to":{"line":14,"ch":7,"sticky":null},"text":["0"],"removed":[""],"origin":"+input"}
2019-4-30 10:26:35.289#keyHandled#"Right"
2019-4-30 10:26:36.453#change#{"from":{"line":14,"ch":9,"sticky":"before"},"to":{"line":14,"ch":9,"sticky":"before"},"text":[":"],"removed":[""],"origin":"+input"}
2019-4-30 10:26:38.824#change#{"from":{"line":14,"ch":10,"sticky":null},"to":{"line":14,"ch":10,"sticky":null},"text":["",""],"removed":[""],"origin":"+input"}
2019-4-30 10:26:38.824#change#{"from":{"line":15,"ch":0,"sticky":null},"to":{"line":15,"ch":0,"sticky":null},"text":["\t"],"removed":[""],"origin":"+input"}
2019-4-30 10:26:38.824#keyHandled#"Enter"
2019-4-30 10:26:38.840#viewportChange#0
2019-4-30 10:26:42.363#change#{"from":{"line":15,"ch":1,"sticky":null},"to":{"line":15,"ch":1,"sticky":null},"text":["i"],"removed":[""],"origin":"+input"}
2019-4-30 10:26:42.727#change#{"from":{"line":15,"ch":2,"sticky":null},"to":{"line":15,"ch":2,"sticky":null},"text":["f"],"removed":[""],"origin":"+input"}
2019-4-30 10:26:45.314#change#{"from":{"line":15,"ch":3,"sticky":null},"to":{"line":15,"ch":3,"sticky":null},"text":["()"],"removed":[""],"origin":"+input"}
2019-4-30 10:26:45.314#keyHandled#"'('"
2019-4-30 10:26:46.338#change#{"from":{"line":15,"ch":4,"sticky":"after"},"to":{"line":15,"ch":4,"sticky":"after"},"text":["y"],"removed":[""],"origin":"+input"}
2019-4-30 10:26:48.215#change#{"from":{"line":15,"ch":5,"sticky":null},"to":{"line":15,"ch":5,"sticky":null},"text":["<"],"removed":[""],"origin":"+input"}
2019-4-30 10:26:49.592#change#{"from":{"line":15,"ch":6,"sticky":null},"to":{"line":15,"ch":6,"sticky":null},"text":["0"],"removed":[""],"origin":"+input"}
2019-4-30 10:26:52.007#keyHandled#"Right"
2019-4-30 10:26:52.899#change#{"from":{"line":15,"ch":8,"sticky":"before"},"to":{"line":15,"ch":8,"sticky":"before"},"text":[":"],"removed":[""],"origin":"+input"}
2019-4-30 10:27:03.340#change#{"from":{"line":15,"ch":9,"sticky":null},"to":{"line":15,"ch":9,"sticky":null},"text":["",""],"removed":[""],"origin":"+input"}
2019-4-30 10:27:03.340#change#{"from":{"line":16,"ch":0,"sticky":null},"to":{"line":16,"ch":0,"sticky":null},"text":["\t\t"],"removed":[""],"origin":"+input"}
2019-4-30 10:27:03.340#keyHandled#"Enter"
2019-4-30 10:27:03.355#viewportChange#0
2019-4-30 10:27:06.687#change#{"from":{"line":16,"ch":2,"sticky":null},"to":{"line":16,"ch":2,"sticky":null},"text":["p"],"removed":[""],"origin":"+input"}
2019-4-30 10:27:07.101#change#{"from":{"line":16,"ch":3,"sticky":null},"to":{"line":16,"ch":3,"sticky":null},"text":["r"],"removed":[""],"origin":"+input"}
2019-4-30 10:27:07.308#change#{"from":{"line":16,"ch":4,"sticky":null},"to":{"line":16,"ch":4,"sticky":null},"text":["i"],"removed":[""],"origin":"+input"}
2019-4-30 10:27:07.656#change#{"from":{"line":16,"ch":5,"sticky":null},"to":{"line":16,"ch":5,"sticky":null},"text":["n"],"removed":[""],"origin":"+input"}
2019-4-30 10:27:07.940#change#{"from":{"line":16,"ch":6,"sticky":null},"to":{"line":16,"ch":6,"sticky":null},"text":["t"],"removed":[""],"origin":"+input"}
2019-4-30 10:27:12.076#change#{"from":{"line":16,"ch":7,"sticky":null},"to":{"line":16,"ch":7,"sticky":null},"text":["()"],"removed":[""],"origin":"+input"}
2019-4-30 10:27:12.076#keyHandled#"'('"
2019-4-30 10:27:18.194#change#{"from":{"line":16,"ch":8,"sticky":"after"},"to":{"line":16,"ch":8,"sticky":"after"},"text":["\"\""],"removed":[""],"origin":"+input"}
2019-4-30 10:27:18.194#keyHandled#"'\"'"
2019-4-30 10:27:45.533#change#{"from":{"line":16,"ch":9,"sticky":"after"},"to":{"line":16,"ch":9,"sticky":"after"},"text":["Q"],"removed":[""],"origin":"+input"}
2019-4-30 10:27:46.943#change#{"from":{"line":16,"ch":10,"sticky":null},"to":{"line":16,"ch":10,"sticky":null},"text":["4"],"removed":[""],"origin":"+input"}
2019-4-30 10:27:50.451#keyHandled#"Right"
2019-4-30 10:27:51.251#keyHandled#"Right"
2019-4-30 10:27:53.217#change#{"from":{"line":16,"ch":13,"sticky":"before"},"to":{"line":16,"ch":13,"sticky":"before"},"text":["",""],"removed":[""],"origin":"+input"}
2019-4-30 10:27:53.217#change#{"from":{"line":17,"ch":0,"sticky":null},"to":{"line":17,"ch":0,"sticky":null},"text":["\t\t"],"removed":[""],"origin":"+input"}
2019-4-30 10:27:53.217#keyHandled#"Enter"
2019-4-30 10:27:53.231#viewportChange#0
2019-4-30 10:27:54.432#change#{"from":{"line":17,"ch":1,"sticky":"after"},"to":{"line":17,"ch":2,"sticky":null},"text":[""],"removed":["\t"],"origin":"+delete"}
2019-4-30 10:27:54.432#keyHandled#"Backspace"
2019-4-30 10:27:56.643#change#{"from":{"line":17,"ch":1,"sticky":null},"to":{"line":17,"ch":1,"sticky":null},"text":["e"],"removed":[""],"origin":"+input"}
2019-4-30 10:27:56.850#change#{"from":{"line":17,"ch":2,"sticky":null},"to":{"line":17,"ch":2,"sticky":null},"text":["l"],"removed":[""],"origin":"+input"}
2019-4-30 10:27:57.106#change#{"from":{"line":17,"ch":3,"sticky":null},"to":{"line":17,"ch":3,"sticky":null},"text":["i"],"removed":[""],"origin":"+input"}
2019-4-30 10:27:58.381#change#{"from":{"line":17,"ch":4,"sticky":null},"to":{"line":17,"ch":4,"sticky":null},"text":["f"],"removed":[""],"origin":"+input"}
2019-4-30 10:28:11.156#change#{"from":{"line":17,"ch":5,"sticky":null},"to":{"line":17,"ch":5,"sticky":null},"text":["y"],"removed":[""],"origin":"+input"}
2019-4-30 10:28:12.569#change#{"from":{"line":17,"ch":6,"sticky":null},"to":{"line":17,"ch":6,"sticky":null},"text":[">"],"removed":[""],"origin":"+input"}
2019-4-30 10:28:13.786#change#{"from":{"line":17,"ch":7,"sticky":null},"to":{"line":17,"ch":7,"sticky":null},"text":["o"],"removed":[""],"origin":"+input"}
2019-4-30 10:28:15.416#keyHandled#"Left"
2019-4-30 10:28:15.608#keyHandled#"Left"
2019-4-30 10:28:15.786#keyHandled#"Left"
2019-4-30 10:28:17.416#change#{"from":{"line":17,"ch":5,"sticky":"after"},"to":{"line":17,"ch":5,"sticky":"after"},"text":["("],"removed":[""],"origin":"+input"}
2019-4-30 10:28:18.380#keyHandled#"Right"
2019-4-30 10:28:18.603#keyHandled#"Right"
2019-4-30 10:28:18.886#keyHandled#"Right"
2019-4-30 10:28:22.546#change#{"from":{"line":17,"ch":9,"sticky":"before"},"to":{"line":17,"ch":9,"sticky":"before"},"text":[")"],"removed":[""],"origin":"+input"}
2019-4-30 10:28:24.369#change#{"from":{"line":17,"ch":9,"sticky":"after"},"to":{"line":17,"ch":10,"sticky":null},"text":[""],"removed":[")"],"origin":"+delete"}
2019-4-30 10:28:24.369#keyHandled#"Backspace"
2019-4-30 10:28:24.576#change#{"from":{"line":17,"ch":8,"sticky":"after"},"to":{"line":17,"ch":9,"sticky":null},"text":[""],"removed":["o"],"origin":"+delete"}
2019-4-30 10:28:24.576#keyHandled#"Backspace"
2019-4-30 10:28:25.573#change#{"from":{"line":17,"ch":8,"sticky":null},"to":{"line":17,"ch":8,"sticky":null},"text":["0"],"removed":[""],"origin":"+input"}
2019-4-30 10:28:27.551#change#{"from":{"line":17,"ch":9,"sticky":null},"to":{"line":17,"ch":9,"sticky":null},"text":[")"],"removed":[""],"origin":"+input"}
2019-4-30 10:28:29.174#change#{"from":{"line":17,"ch":10,"sticky":null},"to":{"line":17,"ch":10,"sticky":null},"text":["",""],"removed":[""],"origin":"+input"}
2019-4-30 10:28:29.174#change#{"from":{"line":18,"ch":0,"sticky":null},"to":{"line":18,"ch":0,"sticky":null},"text":["\t"],"removed":[""],"origin":"+input"}
2019-4-30 10:28:29.174#keyHandled#"Enter"
2019-4-30 10:28:29.187#viewportChange#0
2019-4-30 10:28:35.672#change#{"from":{"line":18,"ch":1,"sticky":null},"to":{"line":18,"ch":1,"sticky":null},"text":[" "],"removed":[""],"origin":"+input"}
2019-4-30 10:28:36.072#change#{"from":{"line":18,"ch":2,"sticky":null},"to":{"line":18,"ch":2,"sticky":null},"text":[" "],"removed":[""],"origin":"+input"}
2019-4-30 10:28:36.338#change#{"from":{"line":18,"ch":3,"sticky":null},"to":{"line":18,"ch":3,"sticky":null},"text":[" "],"removed":[""],"origin":"+input"}
2019-4-30 10:28:42.122#change#{"from":{"line":18,"ch":4,"sticky":null},"to":{"line":18,"ch":4,"sticky":null},"text":["p"],"removed":[""],"origin":"+input"}
2019-4-30 10:28:42.287#change#{"from":{"line":18,"ch":5,"sticky":null},"to":{"line":18,"ch":5,"sticky":null},"text":["r"],"removed":[""],"origin":"+input"}
2019-4-30 10:28:42.534#change#{"from":{"line":18,"ch":6,"sticky":null},"to":{"line":18,"ch":6,"sticky":null},"text":["i"],"removed":[""],"origin":"+input"}
2019-4-30 10:28:42.827#change#{"from":{"line":18,"ch":7,"sticky":null},"to":{"line":18,"ch":7,"sticky":null},"text":["n"],"removed":[""],"origin":"+input"}
2019-4-30 10:28:43.279#change#{"from":{"line":18,"ch":8,"sticky":null},"to":{"line":18,"ch":8,"sticky":null},"text":["t"],"removed":[""],"origin":"+input"}
2019-4-30 10:28:45.874#change#{"from":{"line":18,"ch":9,"sticky":null},"to":{"line":18,"ch":9,"sticky":null},"text":["()"],"removed":[""],"origin":"+input"}
2019-4-30 10:28:45.874#keyHandled#"'('"
2019-4-30 10:28:46.065#change#{"from":{"line":18,"ch":10,"sticky":"after"},"to":{"line":18,"ch":10,"sticky":"after"},"text":["\"\""],"removed":[""],"origin":"+input"}
2019-4-30 10:28:46.065#keyHandled#"'\"'"
2019-4-30 10:28:48.065#change#{"from":{"line":18,"ch":11,"sticky":"after"},"to":{"line":18,"ch":11,"sticky":"after"},"text":["Q"],"removed":[""],"origin":"+input"}
2019-4-30 10:28:48.746#change#{"from":{"line":18,"ch":12,"sticky":null},"to":{"line":18,"ch":12,"sticky":null},"text":["1"],"removed":[""],"origin":"+input"}
2019-4-30 10:28:51.717#submit#Your code did not produce the correct output. Please, correct your code and try again.
2019-4-30 10:28:51.828#dica_bullet#SyntaxError: invalid syntax
2019-4-30 10:28:52.127#saida_testar#$ python3 main.py
File "main.py", line 18
elif(y>0)
SyntaxError: invalid syntax
2019-4-30 10:28:52.127#saida_testar#$ python3 main.py
File "main.py", line 18
elif(y>0)
SyntaxError: invalid syntax
2019-4-30 10:28:53.704#submit#Your code did not produce the correct output. Please, correct your code and try again.
2019-4-30 10:28:53.704#submit#Your code did not produce the correct output. Please, correct your code and try again.
2019-4-30 10:28:58.233#dica_bullet#SyntaxError: invalid syntax
2019-4-30 10:28:58.333#saida_testar#$ python3 main.py
File "main.py", line 18
elif(y>0)
SyntaxError: invalid syntax
2019-4-30 10:28:59.078#blur#
2019-4-30 10:29:03.276#mousedown#{"isTrusted":true}
2019-4-30 10:29:03.462#focus#
2019-4-30 10:29:05.232#change#{"from":{"line":17,"ch":10,"sticky":"before","xRel":0.08331298828125},"to":{"line":17,"ch":10,"sticky":"before","xRel":0.08331298828125},"text":[":"],"removed":[""],"origin":"+input"}
2019-4-30 10:29:05.232#change#{"from":{"line":17,"ch":10,"sticky":"before","xRel":0.08331298828125},"to":{"line":17,"ch":10,"sticky":"before","xRel":0.08331298828125},"text":[":"],"removed":[""],"origin":"+input"}
2019-4-30 10:29:08.291#saida_testar#$ python3 main.py
2019-4-30 10:29:16.733#change#{"from":{"line":17,"ch":11,"sticky":null},"to":{"line":17,"ch":11,"sticky":null},"text":["0"],"removed":[""],"origin":"+input"}
2019-4-30 10:29:18.385#change#{"from":{"line":17,"ch":11,"sticky":"after"},"to":{"line":17,"ch":12,"sticky":null},"text":[""],"removed":["0"],"origin":"+delete"}
2019-4-30 10:29:18.385#keyHandled#"Backspace"
2019-4-30 10:29:19.885#blur#
2019-4-30 10:29:19.885#blur#
2019-4-30 10:29:34.834#submit#Your code did not produce the correct output. Please, correct your code and try again.
2019-4-30 10:29:40.361#mousedown#{"isTrusted":true}
2019-4-30 10:29:40.362#contextmenu#{"isTrusted":true}
2019-4-30 10:29:40.528#focus#
2019-4-30 10:29:40.361#mousedown#{"isTrusted":true}
2019-4-30 10:29:40.362#contextmenu#{"isTrusted":true}
2019-4-30 10:29:40.528#focus#
2019-4-30 10:29:44.346#saida_testar#$ python3 main.py
2019-4-30 10:29:44.351#blur#
2019-4-30 10:30:04.604#mousedown#{"isTrusted":true}
2019-4-30 10:30:04.765#focus#
2019-4-30 10:30:07.349#change#{"from":{"line":4,"ch":14,"sticky":"after"},"to":{"line":4,"ch":15,"sticky":"before","xRel":-2.91668701171875},"text":[""],"removed":["y"],"origin":"+delete"}
2019-4-30 10:30:07.349#keyHandled#"Backspace"
2019-4-30 10:30:08.710#change#{"from":{"line":4,"ch":14,"sticky":null},"to":{"line":4,"ch":14,"sticky":null},"text":["Y"],"removed":[""],"origin":"+input"}
2019-4-30 10:30:10.398#mousedown#{"isTrusted":true}
2019-4-30 10:30:13.184#change#{"from":{"line":6,"ch":15,"sticky":"before","xRel":-2.91668701171875},"to":{"line":6,"ch":15,"sticky":"before","xRel":-2.91668701171875},"text":["X"],"removed":[""],"origin":"+input"}
2019-4-30 10:30:14.877#change#{"from":{"line":6,"ch":15,"sticky":"after"},"to":{"line":6,"ch":16,"sticky":null},"text":[""],"removed":["X"],"origin":"+delete"}
2019-4-30 10:30:14.877#keyHandled#"Backspace"
2019-4-30 10:30:15.127#change#{"from":{"line":6,"ch":14,"sticky":"after"},"to":{"line":6,"ch":15,"sticky":null},"text":[""],"removed":["x"],"origin":"+delete"}
2019-4-30 10:30:15.127#keyHandled#"Backspace"
2019-4-30 10:30:16.345#change#{"from":{"line":6,"ch":14,"sticky":null},"to":{"line":6,"ch":14,"sticky":null},"text":["X"],"removed":[""],"origin":"+input"}
2019-4-30 10:30:23.979#mousedown#{"isTrusted":true}
2019-4-30 10:30:25.529#change#{"from":{"line":0,"ch":26,"sticky":"after"},"to":{"line":0,"ch":27,"sticky":"before","xRel":-1.91668701171875},"text":[""],"removed":["x"],"origin":"+delete"}
2019-4-30 10:30:25.529#keyHandled#"Backspace"
2019-4-30 10:30:26.392#change#{"from":{"line":0,"ch":26,"sticky":null},"to":{"line":0,"ch":26,"sticky":null},"text":["X"],"removed":[""],"origin":"+input"}
2019-4-30 10:30:28.726#mousedown#{"isTrusted":true}
2019-4-30 10:30:29.599#change#{"from":{"line":1,"ch":26,"sticky":"after"},"to":{"line":1,"ch":27,"sticky":"before","xRel":-0.91668701171875},"text":[""],"removed":["y"],"origin":"+delete"}
2019-4-30 10:30:29.599#keyHandled#"Backspace"
2019-4-30 10:30:30.940#change#{"from":{"line":1,"ch":26,"sticky":null},"to":{"line":1,"ch":26,"sticky":null},"text":["Y"],"removed":[""],"origin":"+input"}
2019-4-30 10:30:30.940#change#{"from":{"line":1,"ch":26,"sticky":null},"to":{"line":1,"ch":26,"sticky":null},"text":["Y"],"removed":[""],"origin":"+input"}
2019-4-30 10:30:33.875#blur#
2019-4-30 10:30:34.299#saida_testar#$ python3 main.py
