== SUBMITION (2019-03-26 13:02:27) 
-- CODE:
# Teste seu codigo aos poucos.
# Nao teste tudo no final, pois fica mais dificil de identificar erros.
# Nao se intimide com as mensagens de erro. Elas ajudam a corrigir seu codigo.
a = float(input())
b = float(input())
c = float(input())

S = (a + b + c)/2

A = (S*(S - a)*(S - b)*(S - c))**0.5

print(round(A, 5))
-- EXECUTION TIME:
0.111726
-- TEST CASE 1:
---- input:
11.0
19.5
13.2
---- correct output:
69.41967
---- user output:
69.41967
-- TEST CASE 2:
---- input:
30.0
40.0
50.0
---- correct output:
600.0
---- user output:
600.0
-- TEST CASE 3:
---- input:
33.0
43.0
55.0
---- correct output:
709.16654
---- user output:
709.16654
-- GRADE:
100%
*-*-*-*-*-*-*-*-*-*-*-*-*-*-*-*-*-*-*-*-*-*-*-*
