== SUBMITION (2019-06-02 23:56:02) 
-- CODE:
x=input("digite uma palavra: ")
x=x.replace("a","")
x=x.replace("e","")
x=x.replace("i","")
x=x.replace("o","")
x=x.replace("u","")
print(x)
-- EXECUTION TIME:
0.707113
-- TEST CASE 1:
---- input:
voce_pode_vir_aqui
---- correct output:
vc_pd_vr_q
---- user output:
vc_pd_vr_q
-- TEST CASE 2:
---- input:
com
---- correct output:
cm
---- user output:
cm
-- TEST CASE 3:
---- input:
tudo
---- correct output:
td
---- user output:
td
-- GRADE:
100%
*-*-*-*-*-*-*-*-*-*-*-*-*-*-*-*-*-*-*-*-*-*-*-*
