== SUBMITION (2019-03-14 19:03:31) 
-- CODE:
print("*****")
print("( * o o * )")
print("* ^ *")
print("* --- *")
print("*****")
-- EXECUTION TIME:
0.254513
-- TEST CASE 1:
---- input:
xx
---- correct output:
*****
(* o o *)
*  ^  *
* --- *
*****
---- user output:
*****
( * o o * )
* ^ *
* --- *
*****
-- GRADE:
0%
*-*-*-*-*-*-*-*-*-*-*-*-*-*-*-*-*-*-*-*-*-*-*-*
== SUBMITION (2019-03-14 19:04:55) 
-- CODE:
print("*****")
print("( * o o * )")
print("* ^ *")
print("* --- *")
print("*****")
-- EXECUTION TIME:
0.201272
-- TEST CASE 1:
---- input:
xx
---- correct output:
*****
(* o o *)
*  ^  *
* --- *
*****
---- user output:
*****
( * o o * )
* ^ *
* --- *
*****
-- GRADE:
0%
*-*-*-*-*-*-*-*-*-*-*-*-*-*-*-*-*-*-*-*-*-*-*-*
== SUBMITION (2019-03-14 19:05:23) 
-- CODE:
print(" ***** ")
print(" ( * o o * ) ")
print(" * ^ * ")
print(" * --- * ")
print(" ***** ")
-- EXECUTION TIME:
0.195223
-- TEST CASE 1:
---- input:
xx
---- correct output:
*****
(* o o *)
*  ^  *
* --- *
*****
---- user output:
***** 
 ( * o o * ) 
 * ^ * 
 * --- * 
 *****
-- GRADE:
0%
*-*-*-*-*-*-*-*-*-*-*-*-*-*-*-*-*-*-*-*-*-*-*-*
== SUBMITION (2019-03-14 19:06:59) 
-- CODE:
print("  *****")
print("(* o o *)")
print("*  ^  *")
print("* --- *")
print("*****")
-- EXECUTION TIME:
0.145602
-- TEST CASE 1:
---- input:
xx
---- correct output:
*****
(* o o *)
*  ^  *
* --- *
*****
---- user output:
*****
(* o o *)
*  ^  *
* --- *
*****
-- GRADE:
100%
*-*-*-*-*-*-*-*-*-*-*-*-*-*-*-*-*-*-*-*-*-*-*-*
