2019-6-23 21:12:30.143#viewportChange#0
2019-6-23 21:14:20.374#mousedown#{"isTrusted":true}
2019-6-23 21:14:20.383#focus#
2019-6-23 21:14:31.184#change#{"from":{"line":0,"ch":0,"sticky":null},"to":{"line":0,"ch":0,"sticky":null},"text":["f"],"removed":[""],"origin":"+input"}
2019-6-23 21:14:31.307#change#{"from":{"line":0,"ch":1,"sticky":null},"to":{"line":0,"ch":1,"sticky":null},"text":["r"],"removed":[""],"origin":"+input"}
2019-6-23 21:14:31.430#change#{"from":{"line":0,"ch":2,"sticky":null},"to":{"line":0,"ch":2,"sticky":null},"text":["o"],"removed":[""],"origin":"+input"}
2019-6-23 21:14:31.643#change#{"from":{"line":0,"ch":3,"sticky":null},"to":{"line":0,"ch":3,"sticky":null},"text":["m"],"removed":[""],"origin":"+input"}
2019-6-23 21:14:31.833#change#{"from":{"line":0,"ch":4,"sticky":null},"to":{"line":0,"ch":4,"sticky":null},"text":[" "],"removed":[""],"origin":"+input"}
2019-6-23 21:14:32.119#change#{"from":{"line":0,"ch":5,"sticky":null},"to":{"line":0,"ch":5,"sticky":null},"text":["n"],"removed":[""],"origin":"+input"}
2019-6-23 21:14:32.339#change#{"from":{"line":0,"ch":6,"sticky":null},"to":{"line":0,"ch":6,"sticky":null},"text":["u"],"removed":[""],"origin":"+input"}
2019-6-23 21:14:32.728#change#{"from":{"line":0,"ch":7,"sticky":null},"to":{"line":0,"ch":7,"sticky":null},"text":["m"],"removed":[""],"origin":"+input"}
2019-6-23 21:14:33.359#change#{"from":{"line":0,"ch":8,"sticky":null},"to":{"line":0,"ch":8,"sticky":null},"text":["p"],"removed":[""],"origin":"+input"}
2019-6-23 21:14:33.689#change#{"from":{"line":0,"ch":9,"sticky":null},"to":{"line":0,"ch":9,"sticky":null},"text":["y"],"removed":[""],"origin":"+input"}
2019-6-23 21:14:33.945#change#{"from":{"line":0,"ch":10,"sticky":null},"to":{"line":0,"ch":10,"sticky":null},"text":[" "],"removed":[""],"origin":"+input"}
2019-6-23 21:14:34.242#change#{"from":{"line":0,"ch":11,"sticky":null},"to":{"line":0,"ch":11,"sticky":null},"text":["i"],"removed":[""],"origin":"+input"}
2019-6-23 21:14:34.476#change#{"from":{"line":0,"ch":12,"sticky":null},"to":{"line":0,"ch":12,"sticky":null},"text":["m"],"removed":[""],"origin":"+input"}
2019-6-23 21:14:34.759#change#{"from":{"line":0,"ch":13,"sticky":null},"to":{"line":0,"ch":13,"sticky":null},"text":["p"],"removed":[""],"origin":"+input"}
2019-6-23 21:14:34.924#change#{"from":{"line":0,"ch":14,"sticky":null},"to":{"line":0,"ch":14,"sticky":null},"text":["o"],"removed":[""],"origin":"+input"}
2019-6-23 21:14:35.114#change#{"from":{"line":0,"ch":15,"sticky":null},"to":{"line":0,"ch":15,"sticky":null},"text":["r"],"removed":[""],"origin":"+input"}
2019-6-23 21:14:35.339#change#{"from":{"line":0,"ch":16,"sticky":null},"to":{"line":0,"ch":16,"sticky":null},"text":["t"],"removed":[""],"origin":"+input"}
2019-6-23 21:14:36.927#change#{"from":{"line":0,"ch":17,"sticky":null},"to":{"line":0,"ch":17,"sticky":null},"text":["*"],"removed":[""],"origin":"+input"}
2019-6-23 21:14:37.284#change#{"from":{"line":0,"ch":18,"sticky":null},"to":{"line":0,"ch":18,"sticky":null},"text":["",""],"removed":[""],"origin":"+input"}
2019-6-23 21:14:37.284#keyHandled#"Enter"
2019-6-23 21:14:37.289#viewportChange#0
2019-6-23 21:14:48.178#change#{"from":{"line":1,"ch":0,"sticky":null},"to":{"line":1,"ch":0,"sticky":null},"text":["N"],"removed":[""],"origin":"+input"}
2019-6-23 21:14:48.879#change#{"from":{"line":1,"ch":1,"sticky":null},"to":{"line":1,"ch":1,"sticky":null},"text":[" "],"removed":[""],"origin":"+input"}
2019-6-23 21:14:49.133#change#{"from":{"line":1,"ch":2,"sticky":null},"to":{"line":1,"ch":2,"sticky":null},"text":["="],"removed":[""],"origin":"+input"}
2019-6-23 21:14:49.262#change#{"from":{"line":1,"ch":3,"sticky":null},"to":{"line":1,"ch":3,"sticky":null},"text":[" "],"removed":[""],"origin":"+input"}
2019-6-23 21:14:56.868#blur#
2019-6-23 21:15:28.459#focus#
2019-6-23 21:15:29.496#change#{"from":{"line":1,"ch":4,"sticky":null},"to":{"line":1,"ch":4,"sticky":null},"text":["a"],"removed":[""],"origin":"+input"}
2019-6-23 21:15:29.693#change#{"from":{"line":1,"ch":5,"sticky":null},"to":{"line":1,"ch":5,"sticky":null},"text":["r"],"removed":[""],"origin":"+input"}
2019-6-23 21:15:29.821#change#{"from":{"line":1,"ch":6,"sticky":null},"to":{"line":1,"ch":6,"sticky":null},"text":["r"],"removed":[""],"origin":"+input"}
2019-6-23 21:15:29.972#change#{"from":{"line":1,"ch":7,"sticky":null},"to":{"line":1,"ch":7,"sticky":null},"text":["a"],"removed":[""],"origin":"+input"}
2019-6-23 21:15:30.616#change#{"from":{"line":1,"ch":8,"sticky":null},"to":{"line":1,"ch":8,"sticky":null},"text":["y"],"removed":[""],"origin":"+input"}
2019-6-23 21:15:32.154#change#{"from":{"line":1,"ch":9,"sticky":null},"to":{"line":1,"ch":9,"sticky":null},"text":["()"],"removed":[""],"origin":"+input"}
2019-6-23 21:15:32.154#keyHandled#"'('"
2019-6-23 21:15:32.700#change#{"from":{"line":1,"ch":10,"sticky":"after"},"to":{"line":1,"ch":10,"sticky":"after"},"text":["e"],"removed":[""],"origin":"+input"}
2019-6-23 21:15:33.106#change#{"from":{"line":1,"ch":11,"sticky":null},"to":{"line":1,"ch":11,"sticky":null},"text":["v"],"removed":[""],"origin":"+input"}
2019-6-23 21:15:33.264#change#{"from":{"line":1,"ch":12,"sticky":null},"to":{"line":1,"ch":12,"sticky":null},"text":["a"],"removed":[""],"origin":"+input"}
2019-6-23 21:15:33.997#change#{"from":{"line":1,"ch":13,"sticky":null},"to":{"line":1,"ch":13,"sticky":null},"text":["l"],"removed":[""],"origin":"+input"}
2019-6-23 21:15:34.516#change#{"from":{"line":1,"ch":14,"sticky":null},"to":{"line":1,"ch":14,"sticky":null},"text":["()"],"removed":[""],"origin":"+input"}
2019-6-23 21:15:34.516#keyHandled#"'('"
2019-6-23 21:15:36.229#blur#
2019-6-23 21:15:48.554#mousedown#{"isTrusted":true}
2019-6-23 21:15:48.562#focus#
2019-6-23 21:15:49.035#change#{"from":{"line":0,"ch":18,"sticky":"before","xRel":35.0242919921875},"to":{"line":0,"ch":18,"sticky":"before","xRel":35.0242919921875},"text":["",""],"removed":[""],"origin":"+input"}
2019-6-23 21:15:49.035#keyHandled#"Enter"
2019-6-23 21:15:49.039#viewportChange#0
2019-6-23 21:15:49.497#change#{"from":{"line":1,"ch":0,"sticky":null},"to":{"line":1,"ch":0,"sticky":null},"text":["f"],"removed":[""],"origin":"+input"}
2019-6-23 21:15:49.657#change#{"from":{"line":1,"ch":1,"sticky":null},"to":{"line":1,"ch":1,"sticky":null},"text":["r"],"removed":[""],"origin":"+input"}
2019-6-23 21:15:49.784#change#{"from":{"line":1,"ch":2,"sticky":null},"to":{"line":1,"ch":2,"sticky":null},"text":["o"],"removed":[""],"origin":"+input"}
2019-6-23 21:15:49.999#change#{"from":{"line":1,"ch":3,"sticky":null},"to":{"line":1,"ch":3,"sticky":null},"text":["m"],"removed":[""],"origin":"+input"}
2019-6-23 21:15:50.274#change#{"from":{"line":1,"ch":4,"sticky":null},"to":{"line":1,"ch":4,"sticky":null},"text":[" "],"removed":[""],"origin":"+input"}
2019-6-23 21:15:50.530#change#{"from":{"line":1,"ch":5,"sticky":null},"to":{"line":1,"ch":5,"sticky":null},"text":["n"],"removed":[""],"origin":"+input"}
2019-6-23 21:15:50.903#change#{"from":{"line":1,"ch":6,"sticky":null},"to":{"line":1,"ch":6,"sticky":null},"text":["y"],"removed":[""],"origin":"+input"}
2019-6-23 21:15:51.653#change#{"from":{"line":1,"ch":6,"sticky":"after"},"to":{"line":1,"ch":7,"sticky":null},"text":[""],"removed":["y"],"origin":"+delete"}
2019-6-23 21:15:51.653#keyHandled#"Backspace"
2019-6-23 21:15:51.998#change#{"from":{"line":1,"ch":6,"sticky":null},"to":{"line":1,"ch":6,"sticky":null},"text":["u"],"removed":[""],"origin":"+input"}
2019-6-23 21:15:52.223#change#{"from":{"line":1,"ch":7,"sticky":null},"to":{"line":1,"ch":7,"sticky":null},"text":["m"],"removed":[""],"origin":"+input"}
2019-6-23 21:15:52.508#change#{"from":{"line":1,"ch":8,"sticky":null},"to":{"line":1,"ch":8,"sticky":null},"text":["p"],"removed":[""],"origin":"+input"}
2019-6-23 21:15:52.842#change#{"from":{"line":1,"ch":9,"sticky":null},"to":{"line":1,"ch":9,"sticky":null},"text":["y"],"removed":[""],"origin":"+input"}
2019-6-23 21:15:53.800#change#{"from":{"line":1,"ch":10,"sticky":null},"to":{"line":1,"ch":10,"sticky":null},"text":["."],"removed":[""],"origin":"+input"}
2019-6-23 21:15:54.090#change#{"from":{"line":1,"ch":11,"sticky":null},"to":{"line":1,"ch":11,"sticky":null},"text":["l"],"removed":[""],"origin":"+input"}
2019-6-23 21:15:54.320#change#{"from":{"line":1,"ch":12,"sticky":null},"to":{"line":1,"ch":12,"sticky":null},"text":["i"],"removed":[""],"origin":"+input"}
2019-6-23 21:15:54.560#change#{"from":{"line":1,"ch":13,"sticky":null},"to":{"line":1,"ch":13,"sticky":null},"text":["n"],"removed":[""],"origin":"+input"}
2019-6-23 21:15:54.713#change#{"from":{"line":1,"ch":14,"sticky":null},"to":{"line":1,"ch":14,"sticky":null},"text":["a"],"removed":[""],"origin":"+input"}
2019-6-23 21:15:54.932#change#{"from":{"line":1,"ch":15,"sticky":null},"to":{"line":1,"ch":15,"sticky":null},"text":["l"],"removed":[""],"origin":"+input"}
2019-6-23 21:15:55.381#change#{"from":{"line":1,"ch":16,"sticky":null},"to":{"line":1,"ch":16,"sticky":null},"text":["g"],"removed":[""],"origin":"+input"}
2019-6-23 21:15:56.332#change#{"from":{"line":1,"ch":17,"sticky":null},"to":{"line":1,"ch":17,"sticky":null},"text":[" "],"removed":[""],"origin":"+input"}
2019-6-23 21:15:56.846#change#{"from":{"line":1,"ch":18,"sticky":null},"to":{"line":1,"ch":18,"sticky":null},"text":["i"],"removed":[""],"origin":"+input"}
2019-6-23 21:15:57.050#change#{"from":{"line":1,"ch":19,"sticky":null},"to":{"line":1,"ch":19,"sticky":null},"text":["m"],"removed":[""],"origin":"+input"}
2019-6-23 21:15:57.323#change#{"from":{"line":1,"ch":20,"sticky":null},"to":{"line":1,"ch":20,"sticky":null},"text":["p"],"removed":[""],"origin":"+input"}
2019-6-23 21:15:57.545#change#{"from":{"line":1,"ch":21,"sticky":null},"to":{"line":1,"ch":21,"sticky":null},"text":["o"],"removed":[""],"origin":"+input"}
2019-6-23 21:15:57.702#change#{"from":{"line":1,"ch":22,"sticky":null},"to":{"line":1,"ch":22,"sticky":null},"text":["r"],"removed":[""],"origin":"+input"}
2019-6-23 21:15:57.893#change#{"from":{"line":1,"ch":23,"sticky":null},"to":{"line":1,"ch":23,"sticky":null},"text":["t"],"removed":[""],"origin":"+input"}
2019-6-23 21:15:59.275#change#{"from":{"line":1,"ch":24,"sticky":null},"to":{"line":1,"ch":24,"sticky":null},"text":["*"],"removed":[""],"origin":"+input"}
2019-6-23 21:16:01.112#blur#
2019-6-23 21:16:15.876#mousedown#{"isTrusted":true}
2019-6-23 21:16:15.886#focus#
2019-6-23 21:16:16.643#change#{"from":{"line":2,"ch":15,"sticky":"before","xRel":-2.3646240234375},"to":{"line":2,"ch":15,"sticky":"before","xRel":-2.3646240234375},"text":["i"],"removed":[""],"origin":"+input"}
2019-6-23 21:16:16.833#change#{"from":{"line":2,"ch":16,"sticky":null},"to":{"line":2,"ch":16,"sticky":null},"text":["n"],"removed":[""],"origin":"+input"}
2019-6-23 21:16:17.105#change#{"from":{"line":2,"ch":17,"sticky":null},"to":{"line":2,"ch":17,"sticky":null},"text":["p"],"removed":[""],"origin":"+input"}
2019-6-23 21:16:17.429#change#{"from":{"line":2,"ch":18,"sticky":null},"to":{"line":2,"ch":18,"sticky":null},"text":["u"],"removed":[""],"origin":"+input"}
2019-6-23 21:16:17.787#change#{"from":{"line":2,"ch":19,"sticky":null},"to":{"line":2,"ch":19,"sticky":null},"text":["t"],"removed":[""],"origin":"+input"}
2019-6-23 21:16:19.925#change#{"from":{"line":2,"ch":20,"sticky":null},"to":{"line":2,"ch":20,"sticky":null},"text":["()"],"removed":[""],"origin":"+input"}
2019-6-23 21:16:19.925#keyHandled#"'('"
2019-6-23 21:16:20.982#change#{"from":{"line":2,"ch":21,"sticky":"after"},"to":{"line":2,"ch":21,"sticky":"after"},"text":["\"\""],"removed":[""],"origin":"+input"}
2019-6-23 21:16:20.982#keyHandled#"'\"'"
2019-6-23 21:16:22.264#change#{"from":{"line":2,"ch":22,"sticky":"after"},"to":{"line":2,"ch":22,"sticky":"after"},"text":["D"],"removed":[""],"origin":"+input"}
2019-6-23 21:16:23.094#change#{"from":{"line":2,"ch":23,"sticky":null},"to":{"line":2,"ch":23,"sticky":null},"text":["i"],"removed":[""],"origin":"+input"}
2019-6-23 21:16:23.318#change#{"from":{"line":2,"ch":24,"sticky":null},"to":{"line":2,"ch":24,"sticky":null},"text":["g"],"removed":[""],"origin":"+input"}
2019-6-23 21:16:23.507#change#{"from":{"line":2,"ch":25,"sticky":null},"to":{"line":2,"ch":25,"sticky":null},"text":["i"],"removed":[""],"origin":"+input"}
2019-6-23 21:16:23.787#change#{"from":{"line":2,"ch":26,"sticky":null},"to":{"line":2,"ch":26,"sticky":null},"text":["t"],"removed":[""],"origin":"+input"}
2019-6-23 21:16:23.913#change#{"from":{"line":2,"ch":27,"sticky":null},"to":{"line":2,"ch":27,"sticky":null},"text":["e"],"removed":[""],"origin":"+input"}
2019-6-23 21:16:24.076#change#{"from":{"line":2,"ch":28,"sticky":null},"to":{"line":2,"ch":28,"sticky":null},"text":[" "],"removed":[""],"origin":"+input"}
2019-6-23 21:16:30.507#change#{"from":{"line":2,"ch":29,"sticky":null},"to":{"line":2,"ch":29,"sticky":null},"text":["o"],"removed":[""],"origin":"+input"}
2019-6-23 21:16:30.744#change#{"from":{"line":2,"ch":30,"sticky":null},"to":{"line":2,"ch":30,"sticky":null},"text":[" "],"removed":[""],"origin":"+input"}
2019-6-23 21:16:30.986#change#{"from":{"line":2,"ch":31,"sticky":null},"to":{"line":2,"ch":31,"sticky":null},"text":["n"],"removed":[""],"origin":"+input"}
2019-6-23 21:16:31.192#change#{"from":{"line":2,"ch":32,"sticky":null},"to":{"line":2,"ch":32,"sticky":null},"text":["u"],"removed":[""],"origin":"+input"}
2019-6-23 21:16:31.464#change#{"from":{"line":2,"ch":33,"sticky":null},"to":{"line":2,"ch":33,"sticky":null},"text":["m"],"removed":[""],"origin":"+input"}
2019-6-23 21:16:31.610#change#{"from":{"line":2,"ch":34,"sticky":null},"to":{"line":2,"ch":34,"sticky":null},"text":["e"],"removed":[""],"origin":"+input"}
2019-6-23 21:16:31.782#change#{"from":{"line":2,"ch":35,"sticky":null},"to":{"line":2,"ch":35,"sticky":null},"text":["r"],"removed":[""],"origin":"+input"}
2019-6-23 21:16:31.899#change#{"from":{"line":2,"ch":36,"sticky":null},"to":{"line":2,"ch":36,"sticky":null},"text":["o"],"removed":[""],"origin":"+input"}
2019-6-23 21:16:32.130#change#{"from":{"line":2,"ch":37,"sticky":null},"to":{"line":2,"ch":37,"sticky":null},"text":[" "],"removed":[""],"origin":"+input"}
2019-6-23 21:16:32.214#change#{"from":{"line":2,"ch":38,"sticky":null},"to":{"line":2,"ch":38,"sticky":null},"text":["d"],"removed":[""],"origin":"+input"}
2019-6-23 21:16:32.307#change#{"from":{"line":2,"ch":39,"sticky":null},"to":{"line":2,"ch":39,"sticky":null},"text":["e"],"removed":[""],"origin":"+input"}
2019-6-23 21:16:32.478#change#{"from":{"line":2,"ch":40,"sticky":null},"to":{"line":2,"ch":40,"sticky":null},"text":[" "],"removed":[""],"origin":"+input"}
2019-6-23 21:16:32.935#change#{"from":{"line":2,"ch":41,"sticky":null},"to":{"line":2,"ch":41,"sticky":null},"text":["f"],"removed":[""],"origin":"+input"}
2019-6-23 21:16:33.154#change#{"from":{"line":2,"ch":42,"sticky":null},"to":{"line":2,"ch":42,"sticky":null},"text":["u"],"removed":[""],"origin":"+input"}
2019-6-23 21:16:33.311#change#{"from":{"line":2,"ch":43,"sticky":null},"to":{"line":2,"ch":43,"sticky":null},"text":["n"],"removed":[""],"origin":"+input"}
2019-6-23 21:16:33.505#change#{"from":{"line":2,"ch":44,"sticky":null},"to":{"line":2,"ch":44,"sticky":null},"text":["c"],"removed":[""],"origin":"+input"}
2019-6-23 21:16:33.678#change#{"from":{"line":2,"ch":45,"sticky":null},"to":{"line":2,"ch":45,"sticky":null},"text":["i"],"removed":[""],"origin":"+input"}
2019-6-23 21:16:33.858#change#{"from":{"line":2,"ch":46,"sticky":null},"to":{"line":2,"ch":46,"sticky":null},"text":["o"],"removed":[""],"origin":"+input"}
2019-6-23 21:16:34.076#change#{"from":{"line":2,"ch":47,"sticky":null},"to":{"line":2,"ch":47,"sticky":null},"text":["n"],"removed":[""],"origin":"+input"}
2019-6-23 21:16:34.209#change#{"from":{"line":2,"ch":48,"sticky":null},"to":{"line":2,"ch":48,"sticky":null},"text":["a"],"removed":[""],"origin":"+input"}
2019-6-23 21:16:34.415#change#{"from":{"line":2,"ch":49,"sticky":null},"to":{"line":2,"ch":49,"sticky":null},"text":["r"],"removed":[""],"origin":"+input"}
2019-6-23 21:16:34.561#change#{"from":{"line":2,"ch":50,"sticky":null},"to":{"line":2,"ch":50,"sticky":null},"text":["i"],"removed":[""],"origin":"+input"}
2019-6-23 21:16:34.772#change#{"from":{"line":2,"ch":51,"sticky":null},"to":{"line":2,"ch":51,"sticky":null},"text":["o"],"removed":[""],"origin":"+input"}
2019-6-23 21:16:34.888#change#{"from":{"line":2,"ch":52,"sticky":null},"to":{"line":2,"ch":52,"sticky":null},"text":["s"],"removed":[""],"origin":"+input"}
2019-6-23 21:16:35.658#change#{"from":{"line":2,"ch":53,"sticky":null},"to":{"line":2,"ch":53,"sticky":null},"text":[":"],"removed":[""],"origin":"+input"}
2019-6-23 21:16:35.819#change#{"from":{"line":2,"ch":54,"sticky":null},"to":{"line":2,"ch":54,"sticky":null},"text":[" "],"removed":[""],"origin":"+input"}
2019-6-23 21:16:36.188#keyHandled#"Right"
2019-6-23 21:16:36.455#keyHandled#"Right"
2019-6-23 21:16:36.828#keyHandled#"Right"
2019-6-23 21:16:37.109#keyHandled#"Right"
2019-6-23 21:16:37.397#change#{"from":{"line":2,"ch":59,"sticky":"before"},"to":{"line":2,"ch":59,"sticky":"before"},"text":["",""],"removed":[""],"origin":"+input"}
2019-6-23 21:16:37.397#keyHandled#"Enter"
2019-6-23 21:16:37.402#viewportChange#0
2019-6-23 21:17:04.584#blur#
2019-6-23 21:17:34.222#focus#
2019-6-23 21:17:49.462#mousedown#{"isTrusted":true}
2019-6-23 21:17:49.462#mousedown#{"isTrusted":true}
2019-6-23 21:18:43.649#blur#
2019-6-23 21:38:52.835#mousedown#{"isTrusted":true}
2019-6-23 21:38:52.867#focus#
2019-6-23 21:38:53.642#keyHandled#"Left"
2019-6-23 21:38:53.971#change#{"from":{"line":2,"ch":0,"sticky":"after"},"to":{"line":2,"ch":1,"sticky":"after"},"text":[""],"removed":["N"],"origin":"+delete"}
2019-6-23 21:38:53.972#keyHandled#"Backspace"
2019-6-23 21:38:54.772#change#{"from":{"line":2,"ch":0,"sticky":null},"to":{"line":2,"ch":0,"sticky":null},"text":["t"],"removed":[""],"origin":"+input"}
2019-6-23 21:38:54.847#change#{"from":{"line":2,"ch":1,"sticky":null},"to":{"line":2,"ch":1,"sticky":null},"text":["a"],"removed":[""],"origin":"+input"}
2019-6-23 21:38:55.047#change#{"from":{"line":2,"ch":2,"sticky":null},"to":{"line":2,"ch":2,"sticky":null},"text":["b"],"removed":[""],"origin":"+input"}
2019-6-23 21:38:55.111#change#{"from":{"line":2,"ch":3,"sticky":null},"to":{"line":2,"ch":3,"sticky":null},"text":["e"],"removed":[""],"origin":"+input"}
2019-6-23 21:38:55.399#change#{"from":{"line":2,"ch":4,"sticky":null},"to":{"line":2,"ch":4,"sticky":null},"text":["l"],"removed":[""],"origin":"+input"}
2019-6-23 21:38:55.529#change#{"from":{"line":2,"ch":5,"sticky":null},"to":{"line":2,"ch":5,"sticky":null},"text":["a"],"removed":[""],"origin":"+input"}
2019-6-23 21:40:58.972#blur#
2019-6-23 21:41:06.706#focus#
2019-6-23 21:41:08.307#mousedown#{"isTrusted":true}
2019-6-23 21:41:08.723#change#{"from":{"line":2,"ch":64,"sticky":"before","xRel":37.9964599609375},"to":{"line":2,"ch":64,"sticky":"before","xRel":37.9964599609375},"text":["",""],"removed":[""],"origin":"+input"}
2019-6-23 21:41:08.723#keyHandled#"Enter"
2019-6-23 21:41:08.729#viewportChange#0
2019-6-23 21:41:10.672#change#{"from":{"line":3,"ch":0,"sticky":null},"to":{"line":3,"ch":0,"sticky":null},"text":["n"],"removed":[""],"origin":"+input"}
2019-6-23 21:41:11.074#change#{"from":{"line":3,"ch":1,"sticky":null},"to":{"line":3,"ch":1,"sticky":null},"text":[" "],"removed":[""],"origin":"+input"}
2019-6-23 21:41:11.288#change#{"from":{"line":3,"ch":2,"sticky":null},"to":{"line":3,"ch":2,"sticky":null},"text":["="],"removed":[""],"origin":"+input"}
2019-6-23 21:41:11.415#change#{"from":{"line":3,"ch":3,"sticky":null},"to":{"line":3,"ch":3,"sticky":null},"text":[" "],"removed":[""],"origin":"+input"}
2019-6-23 21:41:13.014#blur#
2019-6-23 21:41:16.588#focus#
2019-6-23 21:41:16.794#change#{"from":{"line":3,"ch":4,"sticky":null},"to":{"line":3,"ch":4,"sticky":null},"text":["t"],"removed":[""],"origin":"+input"}
2019-6-23 21:41:17.061#change#{"from":{"line":3,"ch":5,"sticky":null},"to":{"line":3,"ch":5,"sticky":null},"text":["a"],"removed":[""],"origin":"+input"}
2019-6-23 21:41:17.389#change#{"from":{"line":3,"ch":6,"sticky":null},"to":{"line":3,"ch":6,"sticky":null},"text":["b"],"removed":[""],"origin":"+input"}
2019-6-23 21:41:17.521#change#{"from":{"line":3,"ch":7,"sticky":null},"to":{"line":3,"ch":7,"sticky":null},"text":["e"],"removed":[""],"origin":"+input"}
2019-6-23 21:41:17.747#change#{"from":{"line":3,"ch":8,"sticky":null},"to":{"line":3,"ch":8,"sticky":null},"text":["l"],"removed":[""],"origin":"+input"}
2019-6-23 21:41:17.892#change#{"from":{"line":3,"ch":9,"sticky":null},"to":{"line":3,"ch":9,"sticky":null},"text":["a"],"removed":[""],"origin":"+input"}
2019-6-23 21:41:18.243#change#{"from":{"line":3,"ch":10,"sticky":null},"to":{"line":3,"ch":10,"sticky":null},"text":["."],"removed":[""],"origin":"+input"}
2019-6-23 21:41:18.478#change#{"from":{"line":3,"ch":11,"sticky":null},"to":{"line":3,"ch":11,"sticky":null},"text":["s"],"removed":[""],"origin":"+input"}
2019-6-23 21:41:18.631#change#{"from":{"line":3,"ch":12,"sticky":null},"to":{"line":3,"ch":12,"sticky":null},"text":["h"],"removed":[""],"origin":"+input"}
2019-6-23 21:41:18.793#change#{"from":{"line":3,"ch":13,"sticky":null},"to":{"line":3,"ch":13,"sticky":null},"text":["a"],"removed":[""],"origin":"+input"}
2019-6-23 21:41:18.960#change#{"from":{"line":3,"ch":14,"sticky":null},"to":{"line":3,"ch":14,"sticky":null},"text":["p"],"removed":[""],"origin":"+input"}
2019-6-23 21:41:19.112#change#{"from":{"line":3,"ch":15,"sticky":null},"to":{"line":3,"ch":15,"sticky":null},"text":["e"],"removed":[""],"origin":"+input"}
2019-6-23 21:41:20.725#blur#
2019-6-23 21:41:23.383#focus#
2019-6-23 21:41:24.093#change#{"from":{"line":3,"ch":16,"sticky":null},"to":{"line":3,"ch":16,"sticky":null},"text":["[]"],"removed":[""],"origin":"+input"}
2019-6-23 21:41:24.093#keyHandled#"'['"
2019-6-23 21:41:24.457#change#{"from":{"line":3,"ch":17,"sticky":"after"},"to":{"line":3,"ch":17,"sticky":"after"},"text":["0"],"removed":[""],"origin":"+input"}
2019-6-23 21:41:25.047#keyHandled#"Right"
2019-6-23 21:41:25.340#change#{"from":{"line":3,"ch":19,"sticky":"before"},"to":{"line":3,"ch":19,"sticky":"before"},"text":["",""],"removed":[""],"origin":"+input"}
2019-6-23 21:41:25.340#keyHandled#"Enter"
2019-6-23 21:41:25.345#viewportChange#0
2019-6-23 21:41:26.008#change#{"from":{"line":4,"ch":0,"sticky":null},"to":{"line":4,"ch":0,"sticky":null},"text":["n"],"removed":[""],"origin":"+input"}
2019-6-23 21:41:26.530#change#{"from":{"line":4,"ch":1,"sticky":null},"to":{"line":4,"ch":1,"sticky":null},"text":["1"],"removed":[""],"origin":"+input"}
2019-6-23 21:41:26.995#change#{"from":{"line":4,"ch":2,"sticky":null},"to":{"line":4,"ch":2,"sticky":null},"text":["="],"removed":[""],"origin":"+input"}
2019-6-23 21:41:27.296#change#{"from":{"line":4,"ch":3,"sticky":null},"to":{"line":4,"ch":3,"sticky":null},"text":[" "],"removed":[""],"origin":"+input"}
2019-6-23 21:41:27.708#change#{"from":{"line":4,"ch":3,"sticky":"after"},"to":{"line":4,"ch":4,"sticky":null},"text":[""],"removed":[" "],"origin":"+delete"}
2019-6-23 21:41:27.708#keyHandled#"Backspace"
2019-6-23 21:41:27.874#change#{"from":{"line":4,"ch":2,"sticky":"after"},"to":{"line":4,"ch":3,"sticky":null},"text":[""],"removed":["="],"origin":"+delete"}
2019-6-23 21:41:27.874#keyHandled#"Backspace"
2019-6-23 21:41:28.137#change#{"from":{"line":4,"ch":2,"sticky":null},"to":{"line":4,"ch":2,"sticky":null},"text":[" "],"removed":[""],"origin":"+input"}
2019-6-23 21:41:28.442#change#{"from":{"line":4,"ch":3,"sticky":null},"to":{"line":4,"ch":3,"sticky":null},"text":["="],"removed":[""],"origin":"+input"}
2019-6-23 21:41:28.539#change#{"from":{"line":4,"ch":4,"sticky":null},"to":{"line":4,"ch":4,"sticky":null},"text":[" "],"removed":[""],"origin":"+input"}
2019-6-23 21:41:29.910#blur#
2019-6-23 21:41:33.521#focus#
2019-6-23 21:41:34.130#change#{"from":{"line":4,"ch":5,"sticky":null},"to":{"line":4,"ch":5,"sticky":null},"text":["t"],"removed":[""],"origin":"+input"}
2019-6-23 21:41:34.261#change#{"from":{"line":4,"ch":6,"sticky":null},"to":{"line":4,"ch":6,"sticky":null},"text":["a"],"removed":[""],"origin":"+input"}
2019-6-23 21:41:34.446#change#{"from":{"line":4,"ch":7,"sticky":null},"to":{"line":4,"ch":7,"sticky":null},"text":["b"],"removed":[""],"origin":"+input"}
2019-6-23 21:41:34.571#change#{"from":{"line":4,"ch":8,"sticky":null},"to":{"line":4,"ch":8,"sticky":null},"text":["e"],"removed":[""],"origin":"+input"}
2019-6-23 21:41:34.778#change#{"from":{"line":4,"ch":9,"sticky":null},"to":{"line":4,"ch":9,"sticky":null},"text":["l"],"removed":[""],"origin":"+input"}
2019-6-23 21:41:34.941#change#{"from":{"line":4,"ch":10,"sticky":null},"to":{"line":4,"ch":10,"sticky":null},"text":["a"],"removed":[""],"origin":"+input"}
2019-6-23 21:41:35.573#change#{"from":{"line":4,"ch":11,"sticky":null},"to":{"line":4,"ch":11,"sticky":null},"text":["."],"removed":[""],"origin":"+input"}
2019-6-23 21:41:35.855#change#{"from":{"line":4,"ch":12,"sticky":null},"to":{"line":4,"ch":12,"sticky":null},"text":["s"],"removed":[""],"origin":"+input"}
2019-6-23 21:41:36.733#change#{"from":{"line":4,"ch":12,"sticky":"after"},"to":{"line":4,"ch":13,"sticky":null},"text":[""],"removed":["s"],"origin":"+delete"}
2019-6-23 21:41:36.733#keyHandled#"Backspace"
2019-6-23 21:41:37.266#change#{"from":{"line":4,"ch":12,"sticky":null},"to":{"line":4,"ch":12,"sticky":null},"text":["s"],"removed":[""],"origin":"+input"}
2019-6-23 21:41:37.393#change#{"from":{"line":4,"ch":13,"sticky":null},"to":{"line":4,"ch":13,"sticky":null},"text":["h"],"removed":[""],"origin":"+input"}
2019-6-23 21:41:37.584#change#{"from":{"line":4,"ch":14,"sticky":null},"to":{"line":4,"ch":14,"sticky":null},"text":["a"],"removed":[""],"origin":"+input"}
2019-6-23 21:41:38.121#change#{"from":{"line":4,"ch":15,"sticky":null},"to":{"line":4,"ch":15,"sticky":null},"text":["p"],"removed":[""],"origin":"+input"}
2019-6-23 21:41:38.291#change#{"from":{"line":4,"ch":16,"sticky":null},"to":{"line":4,"ch":16,"sticky":null},"text":["e"],"removed":[""],"origin":"+input"}
2019-6-23 21:41:39.328#change#{"from":{"line":4,"ch":17,"sticky":null},"to":{"line":4,"ch":17,"sticky":null},"text":["[]"],"removed":[""],"origin":"+input"}
2019-6-23 21:41:39.328#keyHandled#"'['"
2019-6-23 21:41:40.058#change#{"from":{"line":4,"ch":18,"sticky":"after"},"to":{"line":4,"ch":18,"sticky":"after"},"text":["1"],"removed":[""],"origin":"+input"}
2019-6-23 21:41:40.627#keyHandled#"Right"
2019-6-23 21:41:40.948#change#{"from":{"line":4,"ch":20,"sticky":"before"},"to":{"line":4,"ch":20,"sticky":"before"},"text":["",""],"removed":[""],"origin":"+input"}
2019-6-23 21:41:40.948#keyHandled#"Enter"
2019-6-23 21:41:40.951#viewportChange#0
2019-6-23 21:41:42.389#blur#
2019-6-23 21:41:47.106#focus#
2019-6-23 21:41:48.843#mousedown#{"isTrusted":true}
2019-6-23 21:41:49.243#change#{"from":{"line":2,"ch":64,"sticky":"before","xRel":17.9964599609375},"to":{"line":2,"ch":64,"sticky":"before","xRel":17.9964599609375},"text":["",""],"removed":[""],"origin":"+input"}
2019-6-23 21:41:49.243#keyHandled#"Enter"
2019-6-23 21:41:49.251#viewportChange#0
2019-6-23 21:41:49.840#change#{"from":{"line":3,"ch":0,"sticky":null},"to":{"line":3,"ch":0,"sticky":null},"text":["t"],"removed":[""],"origin":"+input"}
2019-6-23 21:41:49.991#change#{"from":{"line":3,"ch":1,"sticky":null},"to":{"line":3,"ch":1,"sticky":null},"text":["o"],"removed":[""],"origin":"+input"}
2019-6-23 21:41:50.128#change#{"from":{"line":3,"ch":2,"sticky":null},"to":{"line":3,"ch":2,"sticky":null},"text":["t"],"removed":[""],"origin":"+input"}
2019-6-23 21:41:50.380#change#{"from":{"line":3,"ch":3,"sticky":null},"to":{"line":3,"ch":3,"sticky":null},"text":["a"],"removed":[""],"origin":"+input"}
2019-6-23 21:41:50.563#change#{"from":{"line":3,"ch":4,"sticky":null},"to":{"line":3,"ch":4,"sticky":null},"text":["l"],"removed":[""],"origin":"+input"}
2019-6-23 21:41:51.508#change#{"from":{"line":3,"ch":5,"sticky":null},"to":{"line":3,"ch":5,"sticky":null},"text":["="],"removed":[""],"origin":"+input"}
2019-6-23 21:41:51.915#change#{"from":{"line":3,"ch":6,"sticky":null},"to":{"line":3,"ch":6,"sticky":null},"text":["0"],"removed":[""],"origin":"+input"}
2019-6-23 21:41:52.619#change#{"from":{"line":3,"ch":6,"sticky":"after"},"to":{"line":3,"ch":7,"sticky":null},"text":[""],"removed":["0"],"origin":"+delete"}
2019-6-23 21:41:52.619#keyHandled#"Backspace"
2019-6-23 21:41:52.915#change#{"from":{"line":3,"ch":6,"sticky":null},"to":{"line":3,"ch":6,"sticky":null},"text":[" "],"removed":[""],"origin":"+input"}
2019-6-23 21:41:53.662#change#{"from":{"line":3,"ch":7,"sticky":null},"to":{"line":3,"ch":7,"sticky":null},"text":["0"],"removed":[""],"origin":"+input"}
2019-6-23 21:41:54.250#keyHandled#"Left"
2019-6-23 21:41:54.454#keyHandled#"Left"
2019-6-23 21:41:54.599#keyHandled#"Left"
2019-6-23 21:41:54.839#change#{"from":{"line":3,"ch":5,"sticky":"after"},"to":{"line":3,"ch":5,"sticky":"after"},"text":[" "],"removed":[""],"origin":"+input"}
2019-6-23 21:41:55.159#keyHandled#"Right"
2019-6-23 21:41:55.308#keyHandled#"Right"
2019-6-23 21:41:55.708#keyHandled#"Down"
2019-6-23 21:41:55.966#keyHandled#"Right"
2019-6-23 21:41:56.132#keyHandled#"Right"
2019-6-23 21:41:56.303#keyHandled#"Right"
2019-6-23 21:41:56.540#keyHandled#"Down"
2019-6-23 21:41:58.114#mousedown#{"isTrusted":true}
2019-6-23 21:41:58.500#change#{"from":{"line":5,"ch":20,"sticky":"before","xRel":210.65966796875},"to":{"line":5,"ch":20,"sticky":"before","xRel":210.65966796875},"text":["",""],"removed":[""],"origin":"+input"}
2019-6-23 21:41:58.500#keyHandled#"Enter"
2019-6-23 21:41:58.505#viewportChange#0
2019-6-23 21:42:00.775#blur#
2019-6-23 21:42:11.101#focus#
2019-6-23 21:42:11.517#change#{"from":{"line":6,"ch":0,"sticky":null},"to":{"line":6,"ch":0,"sticky":null},"text":["f"],"removed":[""],"origin":"+input"}
2019-6-23 21:42:11.670#change#{"from":{"line":6,"ch":1,"sticky":null},"to":{"line":6,"ch":1,"sticky":null},"text":["o"],"removed":[""],"origin":"+input"}
2019-6-23 21:42:11.837#change#{"from":{"line":6,"ch":2,"sticky":null},"to":{"line":6,"ch":2,"sticky":null},"text":["r"],"removed":[""],"origin":"+input"}
2019-6-23 21:42:11.951#change#{"from":{"line":6,"ch":3,"sticky":null},"to":{"line":6,"ch":3,"sticky":null},"text":[" "],"removed":[""],"origin":"+input"}
2019-6-23 21:42:12.136#change#{"from":{"line":6,"ch":4,"sticky":null},"to":{"line":6,"ch":4,"sticky":null},"text":["i"],"removed":[""],"origin":"+input"}
2019-6-23 21:42:12.510#change#{"from":{"line":6,"ch":5,"sticky":null},"to":{"line":6,"ch":5,"sticky":null},"text":["i"],"removed":[""],"origin":"+input"}
2019-6-23 21:42:13.000#change#{"from":{"line":6,"ch":5,"sticky":"after"},"to":{"line":6,"ch":6,"sticky":null},"text":[""],"removed":["i"],"origin":"+delete"}
2019-6-23 21:42:13.000#keyHandled#"Backspace"
2019-6-23 21:42:13.333#change#{"from":{"line":6,"ch":5,"sticky":null},"to":{"line":6,"ch":5,"sticky":null},"text":[" "],"removed":[""],"origin":"+input"}
2019-6-23 21:42:13.533#change#{"from":{"line":6,"ch":6,"sticky":null},"to":{"line":6,"ch":6,"sticky":null},"text":["i"],"removed":[""],"origin":"+input"}
2019-6-23 21:42:13.717#change#{"from":{"line":6,"ch":7,"sticky":null},"to":{"line":6,"ch":7,"sticky":null},"text":["n"],"removed":[""],"origin":"+input"}
2019-6-23 21:42:13.880#change#{"from":{"line":6,"ch":8,"sticky":null},"to":{"line":6,"ch":8,"sticky":null},"text":[" "],"removed":[""],"origin":"+input"}
2019-6-23 21:42:14.217#change#{"from":{"line":6,"ch":9,"sticky":null},"to":{"line":6,"ch":9,"sticky":null},"text":["r"],"removed":[""],"origin":"+input"}
2019-6-23 21:42:14.334#change#{"from":{"line":6,"ch":10,"sticky":null},"to":{"line":6,"ch":10,"sticky":null},"text":["a"],"removed":[""],"origin":"+input"}
2019-6-23 21:42:14.542#change#{"from":{"line":6,"ch":11,"sticky":null},"to":{"line":6,"ch":11,"sticky":null},"text":["n"],"removed":[""],"origin":"+input"}
2019-6-23 21:42:14.765#change#{"from":{"line":6,"ch":12,"sticky":null},"to":{"line":6,"ch":12,"sticky":null},"text":["g"],"removed":[""],"origin":"+input"}
2019-6-23 21:42:14.897#change#{"from":{"line":6,"ch":13,"sticky":null},"to":{"line":6,"ch":13,"sticky":null},"text":["e"],"removed":[""],"origin":"+input"}
2019-6-23 21:42:15.709#change#{"from":{"line":6,"ch":14,"sticky":null},"to":{"line":6,"ch":14,"sticky":null},"text":["()"],"removed":[""],"origin":"+input"}
2019-6-23 21:42:15.709#keyHandled#"'('"
2019-6-23 21:42:16.285#change#{"from":{"line":6,"ch":15,"sticky":"after"},"to":{"line":6,"ch":15,"sticky":"after"},"text":["n"],"removed":[""],"origin":"+input"}
2019-6-23 21:42:16.567#keyHandled#"Right"
2019-6-23 21:42:17.272#change#{"from":{"line":6,"ch":17,"sticky":"before"},"to":{"line":6,"ch":17,"sticky":"before"},"text":[":"],"removed":[""],"origin":"+input"}
2019-6-23 21:42:17.511#change#{"from":{"line":6,"ch":18,"sticky":null},"to":{"line":6,"ch":18,"sticky":null},"text":["",""],"removed":[""],"origin":"+input"}
2019-6-23 21:42:17.511#change#{"from":{"line":7,"ch":0,"sticky":null},"to":{"line":7,"ch":0,"sticky":null},"text":["\t"],"removed":[""],"origin":"+input"}
2019-6-23 21:42:17.511#keyHandled#"Enter"
2019-6-23 21:42:17.522#viewportChange#0
2019-6-23 21:42:19.483#blur#
2019-6-23 21:42:26.354#focus#
2019-6-23 21:42:26.969#change#{"from":{"line":7,"ch":1,"sticky":null},"to":{"line":7,"ch":1,"sticky":null},"text":["t"],"removed":[""],"origin":"+input"}
2019-6-23 21:42:27.314#change#{"from":{"line":7,"ch":2,"sticky":null},"to":{"line":7,"ch":2,"sticky":null},"text":["o"],"removed":[""],"origin":"+input"}
2019-6-23 21:42:27.482#change#{"from":{"line":7,"ch":3,"sticky":null},"to":{"line":7,"ch":3,"sticky":null},"text":["t"],"removed":[""],"origin":"+input"}
2019-6-23 21:42:27.748#change#{"from":{"line":7,"ch":4,"sticky":null},"to":{"line":7,"ch":4,"sticky":null},"text":["a"],"removed":[""],"origin":"+input"}
2019-6-23 21:42:27.912#change#{"from":{"line":7,"ch":5,"sticky":null},"to":{"line":7,"ch":5,"sticky":null},"text":["l"],"removed":[""],"origin":"+input"}
2019-6-23 21:42:28.230#change#{"from":{"line":7,"ch":6,"sticky":null},"to":{"line":7,"ch":6,"sticky":null},"text":[" "],"removed":[""],"origin":"+input"}
2019-6-23 21:42:28.380#change#{"from":{"line":7,"ch":7,"sticky":null},"to":{"line":7,"ch":7,"sticky":null},"text":["="],"removed":[""],"origin":"+input"}
2019-6-23 21:42:28.489#change#{"from":{"line":7,"ch":8,"sticky":null},"to":{"line":7,"ch":8,"sticky":null},"text":[" "],"removed":[""],"origin":"+input"}
2019-6-23 21:42:29.126#change#{"from":{"line":7,"ch":9,"sticky":null},"to":{"line":7,"ch":9,"sticky":null},"text":["t"],"removed":[""],"origin":"+input"}
2019-6-23 21:42:29.279#change#{"from":{"line":7,"ch":10,"sticky":null},"to":{"line":7,"ch":10,"sticky":null},"text":["o"],"removed":[""],"origin":"+input"}
2019-6-23 21:42:29.618#change#{"from":{"line":7,"ch":11,"sticky":null},"to":{"line":7,"ch":11,"sticky":null},"text":["t"],"removed":[""],"origin":"+input"}
2019-6-23 21:42:29.873#change#{"from":{"line":7,"ch":12,"sticky":null},"to":{"line":7,"ch":12,"sticky":null},"text":["a"],"removed":[""],"origin":"+input"}
2019-6-23 21:42:30.014#change#{"from":{"line":7,"ch":13,"sticky":null},"to":{"line":7,"ch":13,"sticky":null},"text":["l"],"removed":[""],"origin":"+input"}
2019-6-23 21:42:31.939#blur#
2019-6-23 21:42:34.795#focus#
2019-6-23 21:42:35.418#change#{"from":{"line":7,"ch":14,"sticky":null},"to":{"line":7,"ch":14,"sticky":null},"text":["+"],"removed":[""],"origin":"+input"}
2019-6-23 21:42:35.807#change#{"from":{"line":7,"ch":15,"sticky":null},"to":{"line":7,"ch":15,"sticky":null},"text":["t"],"removed":[""],"origin":"+input"}
2019-6-23 21:42:35.906#change#{"from":{"line":7,"ch":16,"sticky":null},"to":{"line":7,"ch":16,"sticky":null},"text":["a"],"removed":[""],"origin":"+input"}
2019-6-23 21:42:36.038#change#{"from":{"line":7,"ch":17,"sticky":null},"to":{"line":7,"ch":17,"sticky":null},"text":["b"],"removed":[""],"origin":"+input"}
2019-6-23 21:42:36.165#change#{"from":{"line":7,"ch":18,"sticky":null},"to":{"line":7,"ch":18,"sticky":null},"text":["e"],"removed":[""],"origin":"+input"}
2019-6-23 21:42:36.343#change#{"from":{"line":7,"ch":19,"sticky":null},"to":{"line":7,"ch":19,"sticky":null},"text":["l"],"removed":[""],"origin":"+input"}
2019-6-23 21:42:36.471#change#{"from":{"line":7,"ch":20,"sticky":null},"to":{"line":7,"ch":20,"sticky":null},"text":["a"],"removed":[""],"origin":"+input"}
2019-6-23 21:42:37.618#change#{"from":{"line":7,"ch":21,"sticky":null},"to":{"line":7,"ch":21,"sticky":null},"text":["[]"],"removed":[""],"origin":"+input"}
2019-6-23 21:42:37.618#keyHandled#"'['"
2019-6-23 21:42:39.148#blur#
2019-6-23 21:42:41.584#focus#
2019-6-23 21:42:42.373#change#{"from":{"line":7,"ch":22,"sticky":"after"},"to":{"line":7,"ch":22,"sticky":"after"},"text":["i"],"removed":[""],"origin":"+input"}
2019-6-23 21:42:45.029#mousedown#{"isTrusted":true}
2019-6-23 21:42:45.759#keyHandled#"Right"
2019-6-23 21:42:46.404#change#{"from":{"line":7,"ch":23,"sticky":"before"},"to":{"line":7,"ch":23,"sticky":"before"},"text":[";"],"removed":[""],"origin":"+input"}
2019-6-23 21:42:47.951#change#{"from":{"line":7,"ch":24,"sticky":null},"to":{"line":7,"ch":24,"sticky":null},"text":[" "],"removed":[""],"origin":"+input"}
2019-6-23 21:42:48.231#change#{"from":{"line":7,"ch":25,"sticky":null},"to":{"line":7,"ch":25,"sticky":null},"text":[":"],"removed":[""],"origin":"+input"}
2019-6-23 21:42:48.303#change#{"from":{"line":7,"ch":26,"sticky":null},"to":{"line":7,"ch":26,"sticky":null},"text":[" "],"removed":[""],"origin":"+input"}
2019-6-23 21:42:52.283#change#{"from":{"line":7,"ch":23,"sticky":"before","xRel":0.1527099609375},"to":{"line":7,"ch":23,"sticky":"before","xRel":0.1527099609375},"text":[" "],"removed":[""],"origin":"+input"}
2019-6-23 21:42:55.141#blur#
2019-6-23 21:42:57.528#focus#
2019-6-23 21:42:59.280#mousedown#{"isTrusted":true}
2019-6-23 21:42:59.705#change#{"from":{"line":7,"ch":25,"sticky":"after"},"to":{"line":7,"ch":26,"sticky":"before","xRel":-0.4757080078125},"text":[""],"removed":[" "],"origin":"+delete"}
2019-6-23 21:42:59.705#keyHandled#"Backspace"
2019-6-23 21:42:59.909#change#{"from":{"line":7,"ch":24,"sticky":"after"},"to":{"line":7,"ch":25,"sticky":null},"text":[""],"removed":[";"],"origin":"+delete"}
2019-6-23 21:42:59.909#keyHandled#"Backspace"
2019-6-23 21:43:00.086#change#{"from":{"line":7,"ch":23,"sticky":"after"},"to":{"line":7,"ch":24,"sticky":null},"text":[""],"removed":[" "],"origin":"+delete"}
2019-6-23 21:43:00.086#keyHandled#"Backspace"
2019-6-23 21:43:00.965#change#{"from":{"line":7,"ch":23,"sticky":null},"to":{"line":7,"ch":23,"sticky":null},"text":[","],"removed":[""],"origin":"+input"}
2019-6-23 21:43:01.580#keyHandled#"Right"
2019-6-23 21:43:01.876#keyHandled#"Right"
2019-6-23 21:43:02.242#change#{"from":{"line":7,"ch":25,"sticky":"after"},"to":{"line":7,"ch":26,"sticky":"before"},"text":[""],"removed":[" "],"origin":"+delete"}
2019-6-23 21:43:02.243#keyHandled#"Backspace"
2019-6-23 21:43:03.601#blur#
2019-6-23 21:43:07.075#focus#
2019-6-23 21:43:07.554#keyHandled#"Right"
2019-6-23 21:43:07.869#change#{"from":{"line":7,"ch":26,"sticky":"before"},"to":{"line":7,"ch":26,"sticky":"before"},"text":["",""],"removed":[""],"origin":"+input"}
2019-6-23 21:43:07.869#change#{"from":{"line":8,"ch":0,"sticky":null},"to":{"line":8,"ch":0,"sticky":null},"text":["\t"],"removed":[""],"origin":"+input"}
2019-6-23 21:43:07.869#keyHandled#"Enter"
2019-6-23 21:43:07.874#viewportChange#0
2019-6-23 21:43:08.319#change#{"from":{"line":8,"ch":0,"sticky":"after"},"to":{"line":8,"ch":1,"sticky":null},"text":[""],"removed":["\t"],"origin":"+delete"}
2019-6-23 21:43:08.319#keyHandled#"Backspace"
2019-6-23 21:43:08.893#change#{"from":{"line":8,"ch":0,"sticky":null},"to":{"line":8,"ch":0,"sticky":null},"text":["p"],"removed":[""],"origin":"+input"}
2019-6-23 21:43:09.033#change#{"from":{"line":8,"ch":1,"sticky":null},"to":{"line":8,"ch":1,"sticky":null},"text":["r"],"removed":[""],"origin":"+input"}
2019-6-23 21:43:09.165#change#{"from":{"line":8,"ch":2,"sticky":null},"to":{"line":8,"ch":2,"sticky":null},"text":["i"],"removed":[""],"origin":"+input"}
2019-6-23 21:43:09.344#change#{"from":{"line":8,"ch":3,"sticky":null},"to":{"line":8,"ch":3,"sticky":null},"text":["n"],"removed":[""],"origin":"+input"}
2019-6-23 21:43:09.498#change#{"from":{"line":8,"ch":4,"sticky":null},"to":{"line":8,"ch":4,"sticky":null},"text":["t"],"removed":[""],"origin":"+input"}
2019-6-23 21:43:10.007#change#{"from":{"line":8,"ch":5,"sticky":null},"to":{"line":8,"ch":5,"sticky":null},"text":["()"],"removed":[""],"origin":"+input"}
2019-6-23 21:43:10.007#keyHandled#"'('"
2019-6-23 21:43:10.688#change#{"from":{"line":8,"ch":6,"sticky":"after"},"to":{"line":8,"ch":6,"sticky":"after"},"text":["t"],"removed":[""],"origin":"+input"}
2019-6-23 21:43:11.173#change#{"from":{"line":8,"ch":7,"sticky":null},"to":{"line":8,"ch":7,"sticky":null},"text":["o"],"removed":[""],"origin":"+input"}
2019-6-23 21:43:11.311#change#{"from":{"line":8,"ch":8,"sticky":null},"to":{"line":8,"ch":8,"sticky":null},"text":["t"],"removed":[""],"origin":"+input"}
2019-6-23 21:43:11.626#change#{"from":{"line":8,"ch":9,"sticky":null},"to":{"line":8,"ch":9,"sticky":null},"text":["a"],"removed":[""],"origin":"+input"}
2019-6-23 21:43:11.811#change#{"from":{"line":8,"ch":10,"sticky":null},"to":{"line":8,"ch":10,"sticky":null},"text":["l"],"removed":[""],"origin":"+input"}
2019-6-23 21:43:14.465#blur#
2019-6-23 21:43:15.027#saida_testar#$ python3 main.py
2019-6-23 21:43:15.027#saida_testar#$ python3 main.py
2019-6-23 21:43:44.662#submit#Your code did not produce the correct output. Please, correct your code and try again.
2019-6-23 21:44:21.094#mousedown#{"isTrusted":true}
2019-6-23 21:44:21.255#focus#
2019-6-23 21:44:24.173#blur#
2019-6-24 13:08:36.590#viewportChange#0
2019-6-24 13:13:03.661#mousedown#{"isTrusted":true}
2019-6-24 13:13:03.685#focus#
2019-6-24 13:13:06.329#change#{"from":{"line":4,"ch":0,"sticky":"after","xRel":1.08331298828125},"to":{"line":8,"ch":12,"sticky":"before","xRel":56.08331298828125},"text":[""],"removed":["n = tabela.shape[0]","n1 = tabela.shape[1]","for i in range(n):","\ttotal = total+tabela[i,:]","print(total)"],"origin":"+delete"}
2019-6-24 13:13:06.329#keyHandled#"Backspace"
2019-6-24 13:13:06.355#viewportChange#0
2019-6-24 13:13:09.304#blur#
2019-6-24 13:13:31.578#mousedown#{"isTrusted":true}
2019-6-24 14:22:21.290#mousedown#{"isTrusted":true}
2019-6-24 14:22:21.305#focus#
2019-6-24 14:22:22.146#change#{"from":{"line":3,"ch":9,"sticky":"before"},"to":{"line":4,"ch":0,"sticky":"after","xRel":160.08331298828125},"text":[""],"removed":["",""],"origin":"+delete"}
2019-6-24 14:22:22.146#keyHandled#"Backspace"
2019-6-24 14:22:22.163#viewportChange#0
2019-6-24 14:22:22.646#change#{"from":{"line":3,"ch":8,"sticky":"after"},"to":{"line":3,"ch":9,"sticky":null},"text":[""],"removed":["0"],"origin":"+delete"}
2019-6-24 14:22:22.646#keyHandled#"Backspace"
2019-6-24 14:22:22.676#change#{"from":{"line":3,"ch":7,"sticky":"after"},"to":{"line":3,"ch":8,"sticky":null},"text":[""],"removed":[" "],"origin":"+delete"}
2019-6-24 14:22:22.677#keyHandled#"Backspace"
2019-6-24 14:22:22.706#change#{"from":{"line":3,"ch":6,"sticky":"after"},"to":{"line":3,"ch":7,"sticky":null},"text":[""],"removed":["="],"origin":"+delete"}
2019-6-24 14:22:22.707#keyHandled#"Backspace"
2019-6-24 14:22:22.754#change#{"from":{"line":3,"ch":5,"sticky":"after"},"to":{"line":3,"ch":6,"sticky":null},"text":[""],"removed":[" "],"origin":"+delete"}
2019-6-24 14:22:22.754#keyHandled#"Backspace"
2019-6-24 14:22:22.777#change#{"from":{"line":3,"ch":4,"sticky":"after"},"to":{"line":3,"ch":5,"sticky":null},"text":[""],"removed":["l"],"origin":"+delete"}
2019-6-24 14:22:22.777#keyHandled#"Backspace"
2019-6-24 14:22:22.798#change#{"from":{"line":3,"ch":3,"sticky":"after"},"to":{"line":3,"ch":4,"sticky":null},"text":[""],"removed":["a"],"origin":"+delete"}
2019-6-24 14:22:22.798#keyHandled#"Backspace"
2019-6-24 14:22:22.826#change#{"from":{"line":3,"ch":2,"sticky":"after"},"to":{"line":3,"ch":3,"sticky":null},"text":[""],"removed":["t"],"origin":"+delete"}
2019-6-24 14:22:22.826#keyHandled#"Backspace"
2019-6-24 14:22:22.856#change#{"from":{"line":3,"ch":1,"sticky":"after"},"to":{"line":3,"ch":2,"sticky":null},"text":[""],"removed":["o"],"origin":"+delete"}
2019-6-24 14:22:22.856#keyHandled#"Backspace"
2019-6-24 14:22:22.887#change#{"from":{"line":3,"ch":0,"sticky":"after"},"to":{"line":3,"ch":1,"sticky":null},"text":[""],"removed":["t"],"origin":"+delete"}
2019-6-24 14:22:22.887#keyHandled#"Backspace"
2019-6-24 14:22:22.920#change#{"from":{"line":2,"ch":64,"sticky":"before"},"to":{"line":3,"ch":0,"sticky":null},"text":[""],"removed":["",""],"origin":"+delete"}
2019-6-24 14:22:22.920#keyHandled#"Backspace"
2019-6-24 14:22:22.933#viewportChange#0
2019-6-24 14:22:23.193#change#{"from":{"line":2,"ch":63,"sticky":"after"},"to":{"line":2,"ch":64,"sticky":null},"text":[""],"removed":[")"],"origin":"+delete"}
2019-6-24 14:22:23.193#keyHandled#"Backspace"
2019-6-24 14:22:23.693#change#{"from":{"line":2,"ch":62,"sticky":"after"},"to":{"line":2,"ch":63,"sticky":null},"text":[""],"removed":[")"],"origin":"+delete"}
2019-6-24 14:22:23.693#keyHandled#"Backspace"
2019-6-24 14:22:23.722#change#{"from":{"line":2,"ch":61,"sticky":"after"},"to":{"line":2,"ch":62,"sticky":null},"text":[""],"removed":[")"],"origin":"+delete"}
2019-6-24 14:22:23.722#keyHandled#"Backspace"
2019-6-24 14:22:23.780#change#{"from":{"line":2,"ch":60,"sticky":"after"},"to":{"line":2,"ch":61,"sticky":null},"text":[""],"removed":["\""],"origin":"+delete"}
2019-6-24 14:22:23.780#keyHandled#"Backspace"
2019-6-24 14:22:23.802#change#{"from":{"line":2,"ch":59,"sticky":"after"},"to":{"line":2,"ch":60,"sticky":null},"text":[""],"removed":[" "],"origin":"+delete"}
2019-6-24 14:22:23.802#keyHandled#"Backspace"
2019-6-24 14:22:23.818#change#{"from":{"line":2,"ch":58,"sticky":"after"},"to":{"line":2,"ch":59,"sticky":null},"text":[""],"removed":[":"],"origin":"+delete"}
2019-6-24 14:22:23.819#keyHandled#"Backspace"
2019-6-24 14:22:23.844#change#{"from":{"line":2,"ch":57,"sticky":"after"},"to":{"line":2,"ch":58,"sticky":null},"text":[""],"removed":["s"],"origin":"+delete"}
2019-6-24 14:22:23.844#keyHandled#"Backspace"
2019-6-24 14:22:23.873#change#{"from":{"line":2,"ch":56,"sticky":"after"},"to":{"line":2,"ch":57,"sticky":null},"text":[""],"removed":["o"],"origin":"+delete"}
2019-6-24 14:22:23.873#keyHandled#"Backspace"
2019-6-24 14:22:23.904#change#{"from":{"line":2,"ch":55,"sticky":"after"},"to":{"line":2,"ch":56,"sticky":null},"text":[""],"removed":["i"],"origin":"+delete"}
2019-6-24 14:22:23.904#keyHandled#"Backspace"
2019-6-24 14:22:23.934#change#{"from":{"line":2,"ch":54,"sticky":"after"},"to":{"line":2,"ch":55,"sticky":null},"text":[""],"removed":["r"],"origin":"+delete"}
2019-6-24 14:22:23.934#keyHandled#"Backspace"
2019-6-24 14:22:23.964#change#{"from":{"line":2,"ch":53,"sticky":"after"},"to":{"line":2,"ch":54,"sticky":null},"text":[""],"removed":["a"],"origin":"+delete"}
2019-6-24 14:22:23.964#keyHandled#"Backspace"
2019-6-24 14:22:23.994#change#{"from":{"line":2,"ch":52,"sticky":"after"},"to":{"line":2,"ch":53,"sticky":null},"text":[""],"removed":["n"],"origin":"+delete"}
2019-6-24 14:22:23.994#keyHandled#"Backspace"
2019-6-24 14:22:24.281#change#{"from":{"line":2,"ch":51,"sticky":"after"},"to":{"line":2,"ch":52,"sticky":null},"text":[""],"removed":["o"],"origin":"+delete"}
2019-6-24 14:22:24.281#keyHandled#"Backspace"
2019-6-24 14:22:24.529#change#{"from":{"line":2,"ch":50,"sticky":"after"},"to":{"line":2,"ch":51,"sticky":null},"text":[""],"removed":["i"],"origin":"+delete"}
2019-6-24 14:22:24.529#keyHandled#"Backspace"
2019-6-24 14:22:24.793#change#{"from":{"line":2,"ch":49,"sticky":"after"},"to":{"line":2,"ch":50,"sticky":null},"text":[""],"removed":["c"],"origin":"+delete"}
2019-6-24 14:22:24.793#keyHandled#"Backspace"
2019-6-24 14:22:25.041#change#{"from":{"line":2,"ch":48,"sticky":"after"},"to":{"line":2,"ch":49,"sticky":null},"text":[""],"removed":["n"],"origin":"+delete"}
2019-6-24 14:22:25.041#keyHandled#"Backspace"
2019-6-24 14:22:25.297#change#{"from":{"line":2,"ch":47,"sticky":"after"},"to":{"line":2,"ch":48,"sticky":null},"text":[""],"removed":["u"],"origin":"+delete"}
2019-6-24 14:22:25.297#keyHandled#"Backspace"
2019-6-24 14:22:25.528#change#{"from":{"line":2,"ch":46,"sticky":"after"},"to":{"line":2,"ch":47,"sticky":null},"text":[""],"removed":["f"],"origin":"+delete"}
2019-6-24 14:22:25.529#keyHandled#"Backspace"
2019-6-24 14:22:25.736#change#{"from":{"line":2,"ch":45,"sticky":"after"},"to":{"line":2,"ch":46,"sticky":null},"text":[""],"removed":[" "],"origin":"+delete"}
2019-6-24 14:22:25.737#keyHandled#"Backspace"
2019-6-24 14:22:25.912#change#{"from":{"line":2,"ch":44,"sticky":"after"},"to":{"line":2,"ch":45,"sticky":null},"text":[""],"removed":["e"],"origin":"+delete"}
2019-6-24 14:22:25.912#keyHandled#"Backspace"
2019-6-24 14:22:26.413#change#{"from":{"line":2,"ch":43,"sticky":"after"},"to":{"line":2,"ch":44,"sticky":null},"text":[""],"removed":["d"],"origin":"+delete"}
2019-6-24 14:22:26.413#keyHandled#"Backspace"
2019-6-24 14:22:26.443#change#{"from":{"line":2,"ch":42,"sticky":"after"},"to":{"line":2,"ch":43,"sticky":null},"text":[""],"removed":[" "],"origin":"+delete"}
2019-6-24 14:22:26.443#keyHandled#"Backspace"
2019-6-24 14:22:26.473#change#{"from":{"line":2,"ch":41,"sticky":"after"},"to":{"line":2,"ch":42,"sticky":null},"text":[""],"removed":["o"],"origin":"+delete"}
2019-6-24 14:22:26.473#keyHandled#"Backspace"
2019-6-24 14:22:26.503#change#{"from":{"line":2,"ch":40,"sticky":"after"},"to":{"line":2,"ch":41,"sticky":null},"text":[""],"removed":["r"],"origin":"+delete"}
2019-6-24 14:22:26.503#keyHandled#"Backspace"
2019-6-24 14:22:26.534#change#{"from":{"line":2,"ch":39,"sticky":"after"},"to":{"line":2,"ch":40,"sticky":null},"text":[""],"removed":["e"],"origin":"+delete"}
2019-6-24 14:22:26.534#keyHandled#"Backspace"
2019-6-24 14:22:26.563#change#{"from":{"line":2,"ch":38,"sticky":"after"},"to":{"line":2,"ch":39,"sticky":null},"text":[""],"removed":["m"],"origin":"+delete"}
2019-6-24 14:22:26.563#keyHandled#"Backspace"
2019-6-24 14:22:26.594#change#{"from":{"line":2,"ch":37,"sticky":"after"},"to":{"line":2,"ch":38,"sticky":null},"text":[""],"removed":["u"],"origin":"+delete"}
2019-6-24 14:22:26.594#keyHandled#"Backspace"
2019-6-24 14:22:26.623#change#{"from":{"line":2,"ch":36,"sticky":"after"},"to":{"line":2,"ch":37,"sticky":null},"text":[""],"removed":["n"],"origin":"+delete"}
2019-6-24 14:22:26.623#keyHandled#"Backspace"
2019-6-24 14:22:26.654#change#{"from":{"line":2,"ch":35,"sticky":"after"},"to":{"line":2,"ch":36,"sticky":null},"text":[""],"removed":[" "],"origin":"+delete"}
2019-6-24 14:22:26.654#keyHandled#"Backspace"
2019-6-24 14:22:26.683#change#{"from":{"line":2,"ch":34,"sticky":"after"},"to":{"line":2,"ch":35,"sticky":null},"text":[""],"removed":["o"],"origin":"+delete"}
2019-6-24 14:22:26.683#keyHandled#"Backspace"
2019-6-24 14:22:26.713#change#{"from":{"line":2,"ch":33,"sticky":"after"},"to":{"line":2,"ch":34,"sticky":null},"text":[""],"removed":[" "],"origin":"+delete"}
2019-6-24 14:22:26.713#keyHandled#"Backspace"
2019-6-24 14:22:26.744#change#{"from":{"line":2,"ch":32,"sticky":"after"},"to":{"line":2,"ch":33,"sticky":null},"text":[""],"removed":["e"],"origin":"+delete"}
2019-6-24 14:22:26.744#keyHandled#"Backspace"
2019-6-24 14:22:26.782#change#{"from":{"line":2,"ch":31,"sticky":"after"},"to":{"line":2,"ch":32,"sticky":null},"text":[""],"removed":["t"],"origin":"+delete"}
2019-6-24 14:22:26.782#keyHandled#"Backspace"
2019-6-24 14:22:26.806#change#{"from":{"line":2,"ch":30,"sticky":"after"},"to":{"line":2,"ch":31,"sticky":null},"text":[""],"removed":["i"],"origin":"+delete"}
2019-6-24 14:22:26.807#keyHandled#"Backspace"
2019-6-24 14:22:26.839#change#{"from":{"line":2,"ch":29,"sticky":"after"},"to":{"line":2,"ch":30,"sticky":null},"text":[""],"removed":["g"],"origin":"+delete"}
2019-6-24 14:22:26.839#keyHandled#"Backspace"
2019-6-24 14:22:26.864#change#{"from":{"line":2,"ch":28,"sticky":"after"},"to":{"line":2,"ch":29,"sticky":null},"text":[""],"removed":["i"],"origin":"+delete"}
2019-6-24 14:22:26.864#keyHandled#"Backspace"
2019-6-24 14:22:26.894#change#{"from":{"line":2,"ch":27,"sticky":"after"},"to":{"line":2,"ch":28,"sticky":null},"text":[""],"removed":["D"],"origin":"+delete"}
2019-6-24 14:22:26.894#keyHandled#"Backspace"
2019-6-24 14:22:26.924#change#{"from":{"line":2,"ch":26,"sticky":"after"},"to":{"line":2,"ch":27,"sticky":null},"text":[""],"removed":["\""],"origin":"+delete"}
2019-6-24 14:22:26.924#keyHandled#"Backspace"
2019-6-24 14:22:26.955#change#{"from":{"line":2,"ch":25,"sticky":"after"},"to":{"line":2,"ch":26,"sticky":null},"text":[""],"removed":["("],"origin":"+delete"}
2019-6-24 14:22:26.955#keyHandled#"Backspace"
2019-6-24 14:22:26.986#change#{"from":{"line":2,"ch":24,"sticky":"after"},"to":{"line":2,"ch":25,"sticky":null},"text":[""],"removed":["t"],"origin":"+delete"}
2019-6-24 14:22:26.986#keyHandled#"Backspace"
2019-6-24 14:22:27.015#change#{"from":{"line":2,"ch":23,"sticky":"after"},"to":{"line":2,"ch":24,"sticky":null},"text":[""],"removed":["u"],"origin":"+delete"}
2019-6-24 14:22:27.015#keyHandled#"Backspace"
2019-6-24 14:22:27.046#change#{"from":{"line":2,"ch":22,"sticky":"after"},"to":{"line":2,"ch":23,"sticky":null},"text":[""],"removed":["p"],"origin":"+delete"}
2019-6-24 14:22:27.046#keyHandled#"Backspace"
2019-6-24 14:22:27.076#change#{"from":{"line":2,"ch":21,"sticky":"after"},"to":{"line":2,"ch":22,"sticky":null},"text":[""],"removed":["n"],"origin":"+delete"}
2019-6-24 14:22:27.076#keyHandled#"Backspace"
2019-6-24 14:22:27.106#change#{"from":{"line":2,"ch":20,"sticky":"after"},"to":{"line":2,"ch":21,"sticky":null},"text":[""],"removed":["i"],"origin":"+delete"}
2019-6-24 14:22:27.107#keyHandled#"Backspace"
2019-6-24 14:22:27.136#change#{"from":{"line":2,"ch":19,"sticky":"after"},"to":{"line":2,"ch":20,"sticky":null},"text":[""],"removed":["("],"origin":"+delete"}
2019-6-24 14:22:27.136#keyHandled#"Backspace"
2019-6-24 14:22:27.167#change#{"from":{"line":2,"ch":18,"sticky":"after"},"to":{"line":2,"ch":19,"sticky":null},"text":[""],"removed":["l"],"origin":"+delete"}
2019-6-24 14:22:27.167#keyHandled#"Backspace"
2019-6-24 14:22:27.197#change#{"from":{"line":2,"ch":17,"sticky":"after"},"to":{"line":2,"ch":18,"sticky":null},"text":[""],"removed":["a"],"origin":"+delete"}
2019-6-24 14:22:27.197#keyHandled#"Backspace"
2019-6-24 14:22:27.227#change#{"from":{"line":2,"ch":16,"sticky":"after"},"to":{"line":2,"ch":17,"sticky":null},"text":[""],"removed":["v"],"origin":"+delete"}
2019-6-24 14:22:27.227#keyHandled#"Backspace"
2019-6-24 14:22:27.257#change#{"from":{"line":2,"ch":15,"sticky":"after"},"to":{"line":2,"ch":16,"sticky":null},"text":[""],"removed":["e"],"origin":"+delete"}
2019-6-24 14:22:27.257#keyHandled#"Backspace"
2019-6-24 14:22:27.288#change#{"from":{"line":2,"ch":14,"sticky":"after"},"to":{"line":2,"ch":15,"sticky":null},"text":[""],"removed":["("],"origin":"+delete"}
2019-6-24 14:22:27.288#keyHandled#"Backspace"
2019-6-24 14:22:27.407#change#{"from":{"line":2,"ch":10,"sticky":"after"},"to":{"line":2,"ch":11,"sticky":null},"text":[""],"removed":["r"],"origin":"+delete"}
2019-6-24 14:22:27.407#keyHandled#"Backspace"
2019-6-24 14:22:27.438#change#{"from":{"line":2,"ch":9,"sticky":"after"},"to":{"line":2,"ch":10,"sticky":null},"text":[""],"removed":["a"],"origin":"+delete"}
2019-6-24 14:22:27.438#keyHandled#"Backspace"
2019-6-24 14:22:27.468#change#{"from":{"line":2,"ch":8,"sticky":"after"},"to":{"line":2,"ch":9,"sticky":null},"text":[""],"removed":[" "],"origin":"+delete"}
2019-6-24 14:22:27.468#keyHandled#"Backspace"
2019-6-24 14:22:27.497#change#{"from":{"line":2,"ch":7,"sticky":"after"},"to":{"line":2,"ch":8,"sticky":null},"text":[""],"removed":["="],"origin":"+delete"}
2019-6-24 14:22:27.497#keyHandled#"Backspace"
2019-6-24 14:22:27.528#change#{"from":{"line":2,"ch":6,"sticky":"after"},"to":{"line":2,"ch":7,"sticky":null},"text":[""],"removed":[" "],"origin":"+delete"}
2019-6-24 14:22:27.528#keyHandled#"Backspace"
2019-6-24 14:22:27.558#change#{"from":{"line":2,"ch":5,"sticky":"after"},"to":{"line":2,"ch":6,"sticky":null},"text":[""],"removed":["a"],"origin":"+delete"}
2019-6-24 14:22:27.558#keyHandled#"Backspace"
2019-6-24 14:22:27.588#change#{"from":{"line":2,"ch":4,"sticky":"after"},"to":{"line":2,"ch":5,"sticky":null},"text":[""],"removed":["l"],"origin":"+delete"}
2019-6-24 14:22:27.588#keyHandled#"Backspace"
2019-6-24 14:22:27.618#change#{"from":{"line":2,"ch":3,"sticky":"after"},"to":{"line":2,"ch":4,"sticky":null},"text":[""],"removed":["e"],"origin":"+delete"}
2019-6-24 14:22:27.618#keyHandled#"Backspace"
2019-6-24 14:22:27.648#change#{"from":{"line":2,"ch":2,"sticky":"after"},"to":{"line":2,"ch":3,"sticky":null},"text":[""],"removed":["b"],"origin":"+delete"}
2019-6-24 14:22:27.648#keyHandled#"Backspace"
2019-6-24 14:22:27.679#change#{"from":{"line":2,"ch":1,"sticky":"after"},"to":{"line":2,"ch":2,"sticky":null},"text":[""],"removed":["a"],"origin":"+delete"}
2019-6-24 14:22:27.679#keyHandled#"Backspace"
2019-6-24 14:22:27.710#change#{"from":{"line":2,"ch":0,"sticky":"after"},"to":{"line":2,"ch":1,"sticky":null},"text":[""],"removed":["t"],"origin":"+delete"}
2019-6-24 14:22:27.710#keyHandled#"Backspace"
2019-6-24 14:22:29.353#change#{"from":{"line":1,"ch":25,"sticky":"before"},"to":{"line":2,"ch":0,"sticky":null},"text":[""],"removed":["",""],"origin":"+delete"}
2019-6-24 14:22:29.353#keyHandled#"Backspace"
2019-6-24 14:22:29.366#viewportChange#0
2019-6-24 14:22:29.853#change#{"from":{"line":1,"ch":24,"sticky":"after"},"to":{"line":1,"ch":25,"sticky":null},"text":[""],"removed":["*"],"origin":"+delete"}
2019-6-24 14:22:29.853#keyHandled#"Backspace"
2019-6-24 14:22:29.882#change#{"from":{"line":1,"ch":23,"sticky":"after"},"to":{"line":1,"ch":24,"sticky":null},"text":[""],"removed":["t"],"origin":"+delete"}
2019-6-24 14:22:29.882#keyHandled#"Backspace"
2019-6-24 14:22:29.913#change#{"from":{"line":1,"ch":22,"sticky":"after"},"to":{"line":1,"ch":23,"sticky":null},"text":[""],"removed":["r"],"origin":"+delete"}
2019-6-24 14:22:29.913#keyHandled#"Backspace"
2019-6-24 14:22:29.943#change#{"from":{"line":1,"ch":21,"sticky":"after"},"to":{"line":1,"ch":22,"sticky":null},"text":[""],"removed":["o"],"origin":"+delete"}
2019-6-24 14:22:29.943#keyHandled#"Backspace"
2019-6-24 14:22:29.973#change#{"from":{"line":1,"ch":20,"sticky":"after"},"to":{"line":1,"ch":21,"sticky":null},"text":[""],"removed":["p"],"origin":"+delete"}
2019-6-24 14:22:29.973#keyHandled#"Backspace"
2019-6-24 14:22:30.002#change#{"from":{"line":1,"ch":19,"sticky":"after"},"to":{"line":1,"ch":20,"sticky":null},"text":[""],"removed":["m"],"origin":"+delete"}
2019-6-24 14:22:30.002#keyHandled#"Backspace"
2019-6-24 14:22:30.032#change#{"from":{"line":1,"ch":18,"sticky":"after"},"to":{"line":1,"ch":19,"sticky":null},"text":[""],"removed":["i"],"origin":"+delete"}
2019-6-24 14:22:30.032#keyHandled#"Backspace"
2019-6-24 14:22:30.063#change#{"from":{"line":1,"ch":17,"sticky":"after"},"to":{"line":1,"ch":18,"sticky":null},"text":[""],"removed":[" "],"origin":"+delete"}
2019-6-24 14:22:30.063#keyHandled#"Backspace"
2019-6-24 14:22:30.093#change#{"from":{"line":1,"ch":16,"sticky":"after"},"to":{"line":1,"ch":17,"sticky":null},"text":[""],"removed":["g"],"origin":"+delete"}
2019-6-24 14:22:30.093#keyHandled#"Backspace"
2019-6-24 14:22:30.123#change#{"from":{"line":1,"ch":15,"sticky":"after"},"to":{"line":1,"ch":16,"sticky":null},"text":[""],"removed":["l"],"origin":"+delete"}
2019-6-24 14:22:30.123#keyHandled#"Backspace"
2019-6-24 14:22:30.154#change#{"from":{"line":1,"ch":14,"sticky":"after"},"to":{"line":1,"ch":15,"sticky":null},"text":[""],"removed":["a"],"origin":"+delete"}
2019-6-24 14:22:30.154#keyHandled#"Backspace"
2019-6-24 14:22:30.184#change#{"from":{"line":1,"ch":13,"sticky":"after"},"to":{"line":1,"ch":14,"sticky":null},"text":[""],"removed":["n"],"origin":"+delete"}
2019-6-24 14:22:30.184#keyHandled#"Backspace"
2019-6-24 14:22:30.215#change#{"from":{"line":1,"ch":12,"sticky":"after"},"to":{"line":1,"ch":13,"sticky":null},"text":[""],"removed":["i"],"origin":"+delete"}
2019-6-24 14:22:30.215#keyHandled#"Backspace"
2019-6-24 14:22:30.245#change#{"from":{"line":1,"ch":11,"sticky":"after"},"to":{"line":1,"ch":12,"sticky":null},"text":[""],"removed":["l"],"origin":"+delete"}
2019-6-24 14:22:30.245#keyHandled#"Backspace"
2019-6-24 14:22:30.275#change#{"from":{"line":1,"ch":10,"sticky":"after"},"to":{"line":1,"ch":11,"sticky":null},"text":[""],"removed":["."],"origin":"+delete"}
2019-6-24 14:22:30.275#keyHandled#"Backspace"
2019-6-24 14:22:30.305#change#{"from":{"line":1,"ch":9,"sticky":"after"},"to":{"line":1,"ch":10,"sticky":null},"text":[""],"removed":["y"],"origin":"+delete"}
2019-6-24 14:22:30.305#keyHandled#"Backspace"
2019-6-24 14:22:30.334#change#{"from":{"line":1,"ch":8,"sticky":"after"},"to":{"line":1,"ch":9,"sticky":null},"text":[""],"removed":["p"],"origin":"+delete"}
2019-6-24 14:22:30.334#keyHandled#"Backspace"
2019-6-24 14:22:30.720#change#{"from":{"line":1,"ch":7,"sticky":"after"},"to":{"line":1,"ch":8,"sticky":null},"text":[""],"removed":["m"],"origin":"+delete"}
2019-6-24 14:22:30.721#keyHandled#"Backspace"
2019-6-24 14:22:30.888#change#{"from":{"line":1,"ch":6,"sticky":"after"},"to":{"line":1,"ch":7,"sticky":null},"text":[""],"removed":["u"],"origin":"+delete"}
2019-6-24 14:22:30.888#keyHandled#"Backspace"
2019-6-24 14:22:31.088#change#{"from":{"line":1,"ch":5,"sticky":"after"},"to":{"line":1,"ch":6,"sticky":null},"text":[""],"removed":["n"],"origin":"+delete"}
2019-6-24 14:22:31.089#keyHandled#"Backspace"
2019-6-24 14:22:31.289#change#{"from":{"line":1,"ch":4,"sticky":"after"},"to":{"line":1,"ch":5,"sticky":null},"text":[""],"removed":[" "],"origin":"+delete"}
2019-6-24 14:22:31.289#keyHandled#"Backspace"
2019-6-24 14:22:31.488#change#{"from":{"line":1,"ch":3,"sticky":"after"},"to":{"line":1,"ch":4,"sticky":null},"text":[""],"removed":["m"],"origin":"+delete"}
2019-6-24 14:22:31.488#keyHandled#"Backspace"
2019-6-24 14:22:31.681#change#{"from":{"line":1,"ch":2,"sticky":"after"},"to":{"line":1,"ch":3,"sticky":null},"text":[""],"removed":["o"],"origin":"+delete"}
2019-6-24 14:22:31.681#keyHandled#"Backspace"
2019-6-24 14:22:31.952#change#{"from":{"line":1,"ch":1,"sticky":"after"},"to":{"line":1,"ch":2,"sticky":null},"text":[""],"removed":["r"],"origin":"+delete"}
2019-6-24 14:22:31.953#keyHandled#"Backspace"
2019-6-24 14:22:32.128#change#{"from":{"line":1,"ch":0,"sticky":"after"},"to":{"line":1,"ch":1,"sticky":null},"text":[""],"removed":["f"],"origin":"+delete"}
2019-6-24 14:22:32.128#keyHandled#"Backspace"
2019-6-24 14:22:32.458#change#{"from":{"line":0,"ch":18,"sticky":"before"},"to":{"line":1,"ch":0,"sticky":null},"text":[""],"removed":["",""],"origin":"+delete"}
2019-6-24 14:22:32.458#keyHandled#"Backspace"
2019-6-24 14:22:32.469#viewportChange#0
2019-6-24 14:22:35.138#change#{"from":{"line":0,"ch":18,"sticky":null},"to":{"line":0,"ch":18,"sticky":null},"text":["",""],"removed":[""],"origin":"+input"}
2019-6-24 14:22:35.138#keyHandled#"Enter"
2019-6-24 14:22:35.152#viewportChange#0
2019-6-24 14:29:25.033#mousedown#{"isTrusted":true}
2019-6-24 14:29:32.383#change#{"from":{"line":1,"ch":0,"sticky":"after","xRel":33.08331298828125},"to":{"line":1,"ch":0,"sticky":"after","xRel":33.08331298828125},"text":["b"],"removed":[""],"origin":"+input"}
2019-6-24 14:29:33.416#change#{"from":{"line":1,"ch":1,"sticky":null},"to":{"line":1,"ch":1,"sticky":null},"text":[" "],"removed":[""],"origin":"+input"}
2019-6-24 14:29:33.923#change#{"from":{"line":1,"ch":2,"sticky":null},"to":{"line":1,"ch":2,"sticky":null},"text":["="],"removed":[""],"origin":"+input"}
2019-6-24 14:29:34.056#change#{"from":{"line":1,"ch":3,"sticky":null},"to":{"line":1,"ch":3,"sticky":null},"text":[" "],"removed":[""],"origin":"+input"}
2019-6-24 14:29:34.736#change#{"from":{"line":1,"ch":4,"sticky":null},"to":{"line":1,"ch":4,"sticky":null},"text":["a"],"removed":[""],"origin":"+input"}
2019-6-24 14:29:35.048#change#{"from":{"line":1,"ch":5,"sticky":null},"to":{"line":1,"ch":5,"sticky":null},"text":["r"],"removed":[""],"origin":"+input"}
2019-6-24 14:29:35.191#change#{"from":{"line":1,"ch":6,"sticky":null},"to":{"line":1,"ch":6,"sticky":null},"text":["r"],"removed":[""],"origin":"+input"}
2019-6-24 14:29:35.335#change#{"from":{"line":1,"ch":7,"sticky":null},"to":{"line":1,"ch":7,"sticky":null},"text":["a"],"removed":[""],"origin":"+input"}
2019-6-24 14:29:35.583#change#{"from":{"line":1,"ch":8,"sticky":null},"to":{"line":1,"ch":8,"sticky":null},"text":["y"],"removed":[""],"origin":"+input"}
2019-6-24 14:29:36.656#change#{"from":{"line":1,"ch":9,"sticky":null},"to":{"line":1,"ch":9,"sticky":null},"text":["()"],"removed":[""],"origin":"+input"}
2019-6-24 14:29:36.656#keyHandled#"'('"
2019-6-24 14:29:40.243#change#{"from":{"line":1,"ch":10,"sticky":"after"},"to":{"line":1,"ch":10,"sticky":"after"},"text":["e"],"removed":[""],"origin":"+input"}
2019-6-24 14:29:40.425#change#{"from":{"line":1,"ch":11,"sticky":null},"to":{"line":1,"ch":11,"sticky":null},"text":["v"],"removed":[""],"origin":"+input"}
2019-6-24 14:29:40.671#change#{"from":{"line":1,"ch":12,"sticky":null},"to":{"line":1,"ch":12,"sticky":null},"text":["a"],"removed":[""],"origin":"+input"}
2019-6-24 14:29:40.896#change#{"from":{"line":1,"ch":13,"sticky":null},"to":{"line":1,"ch":13,"sticky":null},"text":["l"],"removed":[""],"origin":"+input"}
2019-6-24 14:29:42.134#change#{"from":{"line":1,"ch":14,"sticky":null},"to":{"line":1,"ch":14,"sticky":null},"text":["()"],"removed":[""],"origin":"+input"}
2019-6-24 14:29:42.134#keyHandled#"'('"
2019-6-24 14:29:42.544#change#{"from":{"line":1,"ch":15,"sticky":"after"},"to":{"line":1,"ch":15,"sticky":"after"},"text":["i"],"removed":[""],"origin":"+input"}
2019-6-24 14:29:42.806#change#{"from":{"line":1,"ch":16,"sticky":null},"to":{"line":1,"ch":16,"sticky":null},"text":["n"],"removed":[""],"origin":"+input"}
2019-6-24 14:29:43.143#change#{"from":{"line":1,"ch":17,"sticky":null},"to":{"line":1,"ch":17,"sticky":null},"text":["p"],"removed":[""],"origin":"+input"}
2019-6-24 14:29:43.480#change#{"from":{"line":1,"ch":18,"sticky":null},"to":{"line":1,"ch":18,"sticky":null},"text":["u"],"removed":[""],"origin":"+input"}
2019-6-24 14:29:43.642#change#{"from":{"line":1,"ch":19,"sticky":null},"to":{"line":1,"ch":19,"sticky":null},"text":["t"],"removed":[""],"origin":"+input"}
2019-6-24 14:29:44.336#change#{"from":{"line":1,"ch":20,"sticky":null},"to":{"line":1,"ch":20,"sticky":null},"text":["()"],"removed":[""],"origin":"+input"}
2019-6-24 14:29:44.336#keyHandled#"'('"
2019-6-24 14:29:47.913#change#{"from":{"line":1,"ch":21,"sticky":"after"},"to":{"line":1,"ch":21,"sticky":"after"},"text":["\"\""],"removed":[""],"origin":"+input"}
2019-6-24 14:29:47.913#keyHandled#"'\"'"
2019-6-24 14:29:49.391#change#{"from":{"line":1,"ch":22,"sticky":"after"},"to":{"line":1,"ch":22,"sticky":"after"},"text":["D"],"removed":[""],"origin":"+input"}
2019-6-24 14:29:49.775#change#{"from":{"line":1,"ch":23,"sticky":null},"to":{"line":1,"ch":23,"sticky":null},"text":["i"],"removed":[""],"origin":"+input"}
2019-6-24 14:29:50.071#change#{"from":{"line":1,"ch":24,"sticky":null},"to":{"line":1,"ch":24,"sticky":null},"text":["g"],"removed":[""],"origin":"+input"}
2019-6-24 14:29:50.359#change#{"from":{"line":1,"ch":25,"sticky":null},"to":{"line":1,"ch":25,"sticky":null},"text":["i"],"removed":[""],"origin":"+input"}
2019-6-24 14:29:50.647#change#{"from":{"line":1,"ch":26,"sticky":null},"to":{"line":1,"ch":26,"sticky":null},"text":["t"],"removed":[""],"origin":"+input"}
2019-6-24 14:29:50.758#change#{"from":{"line":1,"ch":27,"sticky":null},"to":{"line":1,"ch":27,"sticky":null},"text":["e"],"removed":[""],"origin":"+input"}
2019-6-24 14:29:52.905#change#{"from":{"line":1,"ch":28,"sticky":null},"to":{"line":1,"ch":28,"sticky":null},"text":[" "],"removed":[""],"origin":"+input"}
2019-6-24 14:29:53.377#change#{"from":{"line":1,"ch":29,"sticky":null},"to":{"line":1,"ch":29,"sticky":null},"text":["h"],"removed":[""],"origin":"+input"}
2019-6-24 14:29:53.751#change#{"from":{"line":1,"ch":30,"sticky":null},"to":{"line":1,"ch":30,"sticky":null},"text":["o"],"removed":[""],"origin":"+input"}
2019-6-24 14:29:54.175#change#{"from":{"line":1,"ch":31,"sticky":null},"to":{"line":1,"ch":31,"sticky":null},"text":["r"],"removed":[""],"origin":"+input"}
2019-6-24 14:29:54.655#change#{"from":{"line":1,"ch":32,"sticky":null},"to":{"line":1,"ch":32,"sticky":null},"text":["a"],"removed":[""],"origin":"+input"}
2019-6-24 14:29:54.919#change#{"from":{"line":1,"ch":33,"sticky":null},"to":{"line":1,"ch":33,"sticky":null},"text":["s"],"removed":[""],"origin":"+input"}
2019-6-24 14:29:55.791#change#{"from":{"line":1,"ch":34,"sticky":null},"to":{"line":1,"ch":34,"sticky":null},"text":[":"],"removed":[""],"origin":"+input"}
2019-6-24 14:29:55.920#change#{"from":{"line":1,"ch":35,"sticky":null},"to":{"line":1,"ch":35,"sticky":null},"text":[" "],"removed":[""],"origin":"+input"}
2019-6-24 14:29:56.521#keyHandled#"Right"
2019-6-24 14:29:56.761#keyHandled#"Right"
2019-6-24 14:29:56.929#keyHandled#"Right"
2019-6-24 14:29:57.096#keyHandled#"Right"
2019-6-24 14:29:57.835#change#{"from":{"line":1,"ch":40,"sticky":"before"},"to":{"line":1,"ch":40,"sticky":"before"},"text":["",""],"removed":[""],"origin":"+input"}
2019-6-24 14:29:57.835#keyHandled#"Enter"
2019-6-24 14:29:57.850#viewportChange#0
2019-6-24 14:30:01.344#change#{"from":{"line":2,"ch":0,"sticky":null},"to":{"line":2,"ch":0,"sticky":null},"text":["m"],"removed":[""],"origin":"+input"}
2019-6-24 14:30:03.863#change#{"from":{"line":2,"ch":1,"sticky":null},"to":{"line":2,"ch":1,"sticky":null},"text":[" "],"removed":[""],"origin":"+input"}
2019-6-24 14:30:04.183#change#{"from":{"line":2,"ch":2,"sticky":null},"to":{"line":2,"ch":2,"sticky":null},"text":["="],"removed":[""],"origin":"+input"}
2019-6-24 14:30:04.447#change#{"from":{"line":2,"ch":3,"sticky":null},"to":{"line":2,"ch":3,"sticky":null},"text":[" "],"removed":[""],"origin":"+input"}
2019-6-24 14:30:08.662#change#{"from":{"line":2,"ch":4,"sticky":null},"to":{"line":2,"ch":4,"sticky":null},"text":["s"],"removed":[""],"origin":"+input"}
2019-6-24 14:30:08.927#change#{"from":{"line":2,"ch":5,"sticky":null},"to":{"line":2,"ch":5,"sticky":null},"text":["h"],"removed":[""],"origin":"+input"}
2019-6-24 14:30:09.087#change#{"from":{"line":2,"ch":6,"sticky":null},"to":{"line":2,"ch":6,"sticky":null},"text":["a"],"removed":[""],"origin":"+input"}
2019-6-24 14:30:09.260#change#{"from":{"line":2,"ch":7,"sticky":null},"to":{"line":2,"ch":7,"sticky":null},"text":["p"],"removed":[""],"origin":"+input"}
2019-6-24 14:30:09.448#change#{"from":{"line":2,"ch":8,"sticky":null},"to":{"line":2,"ch":8,"sticky":null},"text":["e"],"removed":[""],"origin":"+input"}
2019-6-24 14:30:14.809#change#{"from":{"line":2,"ch":9,"sticky":null},"to":{"line":2,"ch":9,"sticky":null},"text":["()"],"removed":[""],"origin":"+input"}
2019-6-24 14:30:14.809#keyHandled#"'('"
2019-6-24 14:30:15.420#change#{"from":{"line":2,"ch":10,"sticky":"after"},"to":{"line":2,"ch":10,"sticky":"after"},"text":["b"],"removed":[""],"origin":"+input"}
2019-6-24 14:30:16.089#keyHandled#"Right"
2019-6-24 14:30:17.704#change#{"from":{"line":2,"ch":13,"sticky":"after"},"to":{"line":2,"ch":13,"sticky":"after"},"text":["0"],"removed":[""],"origin":"+input"}
2019-6-24 14:30:18.672#keyHandled#"Right"
2019-6-24 14:30:19.106#change#{"from":{"line":2,"ch":15,"sticky":"before"},"to":{"line":2,"ch":15,"sticky":"before"},"text":["",""],"removed":[""],"origin":"+input"}
2019-6-24 14:30:19.106#keyHandled#"Enter"
2019-6-24 14:30:19.121#viewportChange#0
2019-6-24 14:30:22.670#change#{"from":{"line":3,"ch":0,"sticky":null},"to":{"line":3,"ch":0,"sticky":null},"text":["v"],"removed":[""],"origin":"+input"}
2019-6-24 14:30:22.895#change#{"from":{"line":3,"ch":1,"sticky":null},"to":{"line":3,"ch":1,"sticky":null},"text":["e"],"removed":[""],"origin":"+input"}
2019-6-24 14:30:23.078#change#{"from":{"line":3,"ch":2,"sticky":null},"to":{"line":3,"ch":2,"sticky":null},"text":["t"],"removed":[""],"origin":"+input"}
2019-6-24 14:30:23.415#change#{"from":{"line":3,"ch":3,"sticky":null},"to":{"line":3,"ch":3,"sticky":null},"text":[" "],"removed":[""],"origin":"+input"}
2019-6-24 14:30:23.544#change#{"from":{"line":3,"ch":4,"sticky":null},"to":{"line":3,"ch":4,"sticky":null},"text":["="],"removed":[""],"origin":"+input"}
2019-6-24 14:30:23.646#change#{"from":{"line":3,"ch":5,"sticky":null},"to":{"line":3,"ch":5,"sticky":null},"text":[" "],"removed":[""],"origin":"+input"}
2019-6-24 14:30:24.287#change#{"from":{"line":3,"ch":6,"sticky":null},"to":{"line":3,"ch":6,"sticky":null},"text":["z"],"removed":[""],"origin":"+input"}
2019-6-24 14:30:24.567#change#{"from":{"line":3,"ch":7,"sticky":null},"to":{"line":3,"ch":7,"sticky":null},"text":["e"],"removed":[""],"origin":"+input"}
2019-6-24 14:30:24.735#change#{"from":{"line":3,"ch":8,"sticky":null},"to":{"line":3,"ch":8,"sticky":null},"text":["r"],"removed":[""],"origin":"+input"}
2019-6-24 14:30:24.911#change#{"from":{"line":3,"ch":9,"sticky":null},"to":{"line":3,"ch":9,"sticky":null},"text":["o"],"removed":[""],"origin":"+input"}
2019-6-24 14:30:25.031#change#{"from":{"line":3,"ch":10,"sticky":null},"to":{"line":3,"ch":10,"sticky":null},"text":["s"],"removed":[""],"origin":"+input"}
2019-6-24 14:30:25.911#change#{"from":{"line":3,"ch":11,"sticky":null},"to":{"line":3,"ch":11,"sticky":null},"text":["()"],"removed":[""],"origin":"+input"}
2019-6-24 14:30:25.911#keyHandled#"'('"
2019-6-24 14:30:30.600#change#{"from":{"line":3,"ch":12,"sticky":"after"},"to":{"line":3,"ch":12,"sticky":"after"},"text":["b"],"removed":[""],"origin":"+input"}
2019-6-24 14:30:31.649#keyHandled#"Right"
2019-6-24 14:30:32.177#keyHandled#"Left"
2019-6-24 14:30:33.601#change#{"from":{"line":3,"ch":12,"sticky":"after"},"to":{"line":3,"ch":13,"sticky":"after"},"text":[""],"removed":["b"],"origin":"+delete"}
2019-6-24 14:30:33.601#keyHandled#"Backspace"
2019-6-24 14:30:38.247#change#{"from":{"line":3,"ch":12,"sticky":null},"to":{"line":3,"ch":12,"sticky":null},"text":["m"],"removed":[""],"origin":"+input"}
2019-6-24 14:30:40.961#keyHandled#"Left"
2019-6-24 14:30:42.520#keyHandled#"Right"
2019-6-24 14:30:43.073#change#{"from":{"line":3,"ch":12,"sticky":"after"},"to":{"line":3,"ch":13,"sticky":"before"},"text":[""],"removed":["m"],"origin":"+delete"}
2019-6-24 14:30:43.073#keyHandled#"Backspace"
2019-6-24 14:30:43.719#change#{"from":{"line":3,"ch":12,"sticky":null},"to":{"line":3,"ch":12,"sticky":null},"text":["()"],"removed":[""],"origin":"+input"}
2019-6-24 14:30:43.719#keyHandled#"'('"
2019-6-24 14:30:45.430#change#{"from":{"line":3,"ch":13,"sticky":"after"},"to":{"line":3,"ch":13,"sticky":"after"},"text":["m"],"removed":[""],"origin":"+input"}
2019-6-24 14:30:46.176#keyHandled#"Right"
2019-6-24 14:30:47.102#change#{"from":{"line":3,"ch":15,"sticky":"before"},"to":{"line":3,"ch":15,"sticky":"before"},"text":[","],"removed":[""],"origin":"+input"}
2019-6-24 14:30:52.916#change#{"from":{"line":3,"ch":16,"sticky":null},"to":{"line":3,"ch":16,"sticky":null},"text":[" "],"removed":[""],"origin":"+input"}
2019-6-24 14:30:53.358#change#{"from":{"line":3,"ch":17,"sticky":null},"to":{"line":3,"ch":17,"sticky":null},"text":["d"],"removed":[""],"origin":"+input"}
2019-6-24 14:30:53.647#change#{"from":{"line":3,"ch":18,"sticky":null},"to":{"line":3,"ch":18,"sticky":null},"text":["t"],"removed":[""],"origin":"+input"}
2019-6-24 14:30:53.864#change#{"from":{"line":3,"ch":19,"sticky":null},"to":{"line":3,"ch":19,"sticky":null},"text":["y"],"removed":[""],"origin":"+input"}
2019-6-24 14:30:54.359#change#{"from":{"line":3,"ch":20,"sticky":null},"to":{"line":3,"ch":20,"sticky":null},"text":["p"],"removed":[""],"origin":"+input"}
2019-6-24 14:30:54.527#change#{"from":{"line":3,"ch":21,"sticky":null},"to":{"line":3,"ch":21,"sticky":null},"text":["e"],"removed":[""],"origin":"+input"}
2019-6-24 14:30:54.967#change#{"from":{"line":3,"ch":22,"sticky":null},"to":{"line":3,"ch":22,"sticky":null},"text":["="],"removed":[""],"origin":"+input"}
2019-6-24 14:30:56.319#change#{"from":{"line":3,"ch":23,"sticky":null},"to":{"line":3,"ch":23,"sticky":null},"text":["i"],"removed":[""],"origin":"+input"}
2019-6-24 14:30:56.498#change#{"from":{"line":3,"ch":24,"sticky":null},"to":{"line":3,"ch":24,"sticky":null},"text":["n"],"removed":[""],"origin":"+input"}
2019-6-24 14:30:56.727#change#{"from":{"line":3,"ch":25,"sticky":null},"to":{"line":3,"ch":25,"sticky":null},"text":["t"],"removed":[""],"origin":"+input"}
2019-6-24 14:30:59.016#keyHandled#"Right"
2019-6-24 14:30:59.402#change#{"from":{"line":3,"ch":27,"sticky":"before"},"to":{"line":3,"ch":27,"sticky":"before"},"text":["",""],"removed":[""],"origin":"+input"}
2019-6-24 14:30:59.402#keyHandled#"Enter"
2019-6-24 14:30:59.415#viewportChange#0
2019-6-24 14:31:19.223#change#{"from":{"line":4,"ch":0,"sticky":null},"to":{"line":4,"ch":0,"sticky":null},"text":["f"],"removed":[""],"origin":"+input"}
2019-6-24 14:31:19.358#change#{"from":{"line":4,"ch":1,"sticky":null},"to":{"line":4,"ch":1,"sticky":null},"text":["o"],"removed":[""],"origin":"+input"}
2019-6-24 14:31:19.478#change#{"from":{"line":4,"ch":2,"sticky":null},"to":{"line":4,"ch":2,"sticky":null},"text":["r"],"removed":[""],"origin":"+input"}
2019-6-24 14:31:19.647#change#{"from":{"line":4,"ch":3,"sticky":null},"to":{"line":4,"ch":3,"sticky":null},"text":[" "],"removed":[""],"origin":"+input"}
2019-6-24 14:31:20.751#change#{"from":{"line":4,"ch":4,"sticky":null},"to":{"line":4,"ch":4,"sticky":null},"text":["i"],"removed":[""],"origin":"+input"}
2019-6-24 14:31:21.169#change#{"from":{"line":4,"ch":5,"sticky":null},"to":{"line":4,"ch":5,"sticky":null},"text":[" "],"removed":[""],"origin":"+input"}
2019-6-24 14:31:31.327#change#{"from":{"line":4,"ch":6,"sticky":null},"to":{"line":4,"ch":6,"sticky":null},"text":["i"],"removed":[""],"origin":"+input"}
2019-6-24 14:31:31.582#change#{"from":{"line":4,"ch":7,"sticky":null},"to":{"line":4,"ch":7,"sticky":null},"text":["n"],"removed":[""],"origin":"+input"}
2019-6-24 14:31:32.895#change#{"from":{"line":4,"ch":8,"sticky":null},"to":{"line":4,"ch":8,"sticky":null},"text":[" "],"removed":[""],"origin":"+input"}
2019-6-24 14:31:33.207#change#{"from":{"line":4,"ch":9,"sticky":null},"to":{"line":4,"ch":9,"sticky":null},"text":["r"],"removed":[""],"origin":"+input"}
2019-6-24 14:31:33.319#change#{"from":{"line":4,"ch":10,"sticky":null},"to":{"line":4,"ch":10,"sticky":null},"text":["a"],"removed":[""],"origin":"+input"}
2019-6-24 14:31:33.663#change#{"from":{"line":4,"ch":11,"sticky":null},"to":{"line":4,"ch":11,"sticky":null},"text":["n"],"removed":[""],"origin":"+input"}
2019-6-24 14:31:33.921#change#{"from":{"line":4,"ch":12,"sticky":null},"to":{"line":4,"ch":12,"sticky":null},"text":["g"],"removed":[""],"origin":"+input"}
2019-6-24 14:31:34.023#change#{"from":{"line":4,"ch":13,"sticky":null},"to":{"line":4,"ch":13,"sticky":null},"text":["e"],"removed":[""],"origin":"+input"}
2019-6-24 14:31:35.063#change#{"from":{"line":4,"ch":14,"sticky":null},"to":{"line":4,"ch":14,"sticky":null},"text":["()"],"removed":[""],"origin":"+input"}
2019-6-24 14:31:35.063#keyHandled#"'('"
2019-6-24 14:31:37.791#change#{"from":{"line":4,"ch":15,"sticky":"after"},"to":{"line":4,"ch":15,"sticky":"after"},"text":["s"],"removed":[""],"origin":"+input"}
2019-6-24 14:31:38.679#change#{"from":{"line":4,"ch":16,"sticky":null},"to":{"line":4,"ch":16,"sticky":null},"text":["h"],"removed":[""],"origin":"+input"}
2019-6-24 14:31:38.819#change#{"from":{"line":4,"ch":17,"sticky":null},"to":{"line":4,"ch":17,"sticky":null},"text":["a"],"removed":[""],"origin":"+input"}
2019-6-24 14:31:39.039#change#{"from":{"line":4,"ch":18,"sticky":null},"to":{"line":4,"ch":18,"sticky":null},"text":["p"],"removed":[""],"origin":"+input"}
2019-6-24 14:31:39.200#change#{"from":{"line":4,"ch":19,"sticky":null},"to":{"line":4,"ch":19,"sticky":null},"text":["e"],"removed":[""],"origin":"+input"}
2019-6-24 14:31:40.767#change#{"from":{"line":4,"ch":20,"sticky":null},"to":{"line":4,"ch":20,"sticky":null},"text":["()"],"removed":[""],"origin":"+input"}
2019-6-24 14:31:40.767#keyHandled#"'('"
2019-6-24 14:31:41.703#change#{"from":{"line":4,"ch":21,"sticky":"after"},"to":{"line":4,"ch":21,"sticky":"after"},"text":["b"],"removed":[""],"origin":"+input"}
2019-6-24 14:31:42.065#keyHandled#"Right"
2019-6-24 14:31:42.855#change#{"from":{"line":4,"ch":23,"sticky":"before"},"to":{"line":4,"ch":23,"sticky":"before"},"text":["[]"],"removed":[""],"origin":"+input"}
2019-6-24 14:31:42.855#keyHandled#"'['"
2019-6-24 14:31:43.287#change#{"from":{"line":4,"ch":24,"sticky":"after"},"to":{"line":4,"ch":24,"sticky":"after"},"text":["0"],"removed":[""],"origin":"+input"}
2019-6-24 14:31:43.833#keyHandled#"Right"
2019-6-24 14:31:44.264#keyHandled#"Right"
2019-6-24 14:31:44.857#change#{"from":{"line":4,"ch":27,"sticky":"before"},"to":{"line":4,"ch":27,"sticky":"before"},"text":[":"],"removed":[""],"origin":"+input"}
2019-6-24 14:31:45.059#change#{"from":{"line":4,"ch":28,"sticky":null},"to":{"line":4,"ch":28,"sticky":null},"text":["",""],"removed":[""],"origin":"+input"}
2019-6-24 14:31:45.059#change#{"from":{"line":5,"ch":0,"sticky":null},"to":{"line":5,"ch":0,"sticky":null},"text":["\t"],"removed":[""],"origin":"+input"}
2019-6-24 14:31:45.059#keyHandled#"Enter"
2019-6-24 14:31:45.074#viewportChange#0
2019-6-24 14:32:02.463#change#{"from":{"line":5,"ch":1,"sticky":null},"to":{"line":5,"ch":1,"sticky":null},"text":["c"],"removed":[""],"origin":"+input"}
2019-6-24 14:32:03.079#change#{"from":{"line":5,"ch":2,"sticky":null},"to":{"line":5,"ch":2,"sticky":null},"text":["o"],"removed":[""],"origin":"+input"}
2019-6-24 14:32:07.159#change#{"from":{"line":5,"ch":3,"sticky":null},"to":{"line":5,"ch":3,"sticky":null},"text":["n"],"removed":[""],"origin":"+input"}
2019-6-24 14:32:07.492#change#{"from":{"line":5,"ch":4,"sticky":null},"to":{"line":5,"ch":4,"sticky":null},"text":["t"],"removed":[""],"origin":"+input"}
2019-6-24 14:32:08.209#change#{"from":{"line":5,"ch":5,"sticky":null},"to":{"line":5,"ch":5,"sticky":null},"text":["="],"removed":[""],"origin":"+input"}
2019-6-24 14:32:08.719#change#{"from":{"line":5,"ch":6,"sticky":null},"to":{"line":5,"ch":6,"sticky":null},"text":["0"],"removed":[""],"origin":"+input"}
2019-6-24 14:32:17.954#change#{"from":{"line":5,"ch":7,"sticky":null},"to":{"line":5,"ch":7,"sticky":null},"text":["",""],"removed":[""],"origin":"+input"}
2019-6-24 14:32:17.954#change#{"from":{"line":6,"ch":0,"sticky":null},"to":{"line":6,"ch":0,"sticky":null},"text":["\t"],"removed":[""],"origin":"+input"}
2019-6-24 14:32:17.954#keyHandled#"Enter"
2019-6-24 14:32:17.968#viewportChange#0
2019-6-24 14:32:18.051#change#{"from":{"line":6,"ch":1,"sticky":null},"to":{"line":6,"ch":1,"sticky":null},"text":["",""],"removed":[""],"origin":"+input"}
2019-6-24 14:32:18.051#change#{"from":{"line":7,"ch":0,"sticky":null},"to":{"line":7,"ch":0,"sticky":null},"text":["\t"],"removed":[""],"origin":"+input"}
2019-6-24 14:32:18.051#keyHandled#"Enter"
2019-6-24 14:32:18.081#viewportChange#0
2019-6-24 14:32:19.721#change#{"from":{"line":7,"ch":0,"sticky":"after"},"to":{"line":7,"ch":1,"sticky":null},"text":[""],"removed":["\t"],"origin":"+delete"}
2019-6-24 14:32:19.721#keyHandled#"Backspace"
2019-6-24 14:32:19.953#change#{"from":{"line":6,"ch":1,"sticky":"before"},"to":{"line":7,"ch":0,"sticky":null},"text":[""],"removed":["",""],"origin":"+delete"}
2019-6-24 14:32:19.953#keyHandled#"Backspace"
2019-6-24 14:32:19.979#viewportChange#0
2019-6-24 14:32:20.321#change#{"from":{"line":6,"ch":0,"sticky":"after"},"to":{"line":6,"ch":1,"sticky":null},"text":[""],"removed":["\t"],"origin":"+delete"}
2019-6-24 14:32:20.321#keyHandled#"Backspace"
2019-6-24 14:32:20.713#change#{"from":{"line":5,"ch":7,"sticky":"before"},"to":{"line":6,"ch":0,"sticky":null},"text":[""],"removed":["",""],"origin":"+delete"}
2019-6-24 14:32:20.713#keyHandled#"Backspace"
2019-6-24 14:32:20.726#viewportChange#0
2019-6-24 14:32:21.106#change#{"from":{"line":5,"ch":7,"sticky":null},"to":{"line":5,"ch":7,"sticky":null},"text":["",""],"removed":[""],"origin":"+input"}
2019-6-24 14:32:21.106#change#{"from":{"line":6,"ch":0,"sticky":null},"to":{"line":6,"ch":0,"sticky":null},"text":["\t"],"removed":[""],"origin":"+input"}
2019-6-24 14:32:21.106#keyHandled#"Enter"
2019-6-24 14:32:21.117#viewportChange#0
2019-6-24 14:32:41.895#change#{"from":{"line":6,"ch":1,"sticky":null},"to":{"line":6,"ch":1,"sticky":null},"text":["f"],"removed":[""],"origin":"+input"}
2019-6-24 14:32:42.566#change#{"from":{"line":6,"ch":2,"sticky":null},"to":{"line":6,"ch":2,"sticky":null},"text":["o"],"removed":[""],"origin":"+input"}
2019-6-24 14:32:42.950#change#{"from":{"line":6,"ch":3,"sticky":null},"to":{"line":6,"ch":3,"sticky":null},"text":["r"],"removed":[""],"origin":"+input"}
2019-6-24 14:32:43.488#change#{"from":{"line":6,"ch":4,"sticky":null},"to":{"line":6,"ch":4,"sticky":null},"text":[" "],"removed":[""],"origin":"+input"}
2019-6-24 14:32:43.927#change#{"from":{"line":6,"ch":5,"sticky":null},"to":{"line":6,"ch":5,"sticky":null},"text":["j"],"removed":[""],"origin":"+input"}
2019-6-24 14:32:44.439#change#{"from":{"line":6,"ch":6,"sticky":null},"to":{"line":6,"ch":6,"sticky":null},"text":[" "],"removed":[""],"origin":"+input"}
2019-6-24 14:32:45.262#change#{"from":{"line":6,"ch":7,"sticky":null},"to":{"line":6,"ch":7,"sticky":null},"text":["i"],"removed":[""],"origin":"+input"}
2019-6-24 14:32:45.743#change#{"from":{"line":6,"ch":8,"sticky":null},"to":{"line":6,"ch":8,"sticky":null},"text":["n"],"removed":[""],"origin":"+input"}
2019-6-24 14:32:46.063#change#{"from":{"line":6,"ch":9,"sticky":null},"to":{"line":6,"ch":9,"sticky":null},"text":[" "],"removed":[""],"origin":"+input"}
2019-6-24 14:32:46.575#change#{"from":{"line":6,"ch":10,"sticky":null},"to":{"line":6,"ch":10,"sticky":null},"text":["r"],"removed":[""],"origin":"+input"}
2019-6-24 14:32:47.031#change#{"from":{"line":6,"ch":11,"sticky":null},"to":{"line":6,"ch":11,"sticky":null},"text":["a"],"removed":[""],"origin":"+input"}
2019-6-24 14:32:47.622#change#{"from":{"line":6,"ch":12,"sticky":null},"to":{"line":6,"ch":12,"sticky":null},"text":["n"],"removed":[""],"origin":"+input"}
2019-6-24 14:32:47.911#change#{"from":{"line":6,"ch":13,"sticky":null},"to":{"line":6,"ch":13,"sticky":null},"text":["g"],"removed":[""],"origin":"+input"}
2019-6-24 14:32:48.367#change#{"from":{"line":6,"ch":14,"sticky":null},"to":{"line":6,"ch":14,"sticky":null},"text":["e"],"removed":[""],"origin":"+input"}
2019-6-24 14:32:49.687#change#{"from":{"line":6,"ch":15,"sticky":null},"to":{"line":6,"ch":15,"sticky":null},"text":["()"],"removed":[""],"origin":"+input"}
2019-6-24 14:32:49.687#keyHandled#"'('"
2019-6-24 14:32:52.551#change#{"from":{"line":6,"ch":16,"sticky":"after"},"to":{"line":6,"ch":16,"sticky":"after"},"text":["7"],"removed":[""],"origin":"+input"}
2019-6-24 14:32:57.999#change#{"from":{"line":6,"ch":18,"sticky":"before"},"to":{"line":6,"ch":18,"sticky":"before"},"text":[":"],"removed":[""],"origin":"+input"}
2019-6-24 14:32:58.338#change#{"from":{"line":6,"ch":19,"sticky":null},"to":{"line":6,"ch":19,"sticky":null},"text":["",""],"removed":[""],"origin":"+input"}
2019-6-24 14:32:58.338#change#{"from":{"line":7,"ch":0,"sticky":null},"to":{"line":7,"ch":0,"sticky":null},"text":["\t\t"],"removed":[""],"origin":"+input"}
2019-6-24 14:32:58.338#keyHandled#"Enter"
2019-6-24 14:32:58.367#viewportChange#0
2019-6-24 14:33:08.303#change#{"from":{"line":7,"ch":2,"sticky":null},"to":{"line":7,"ch":2,"sticky":null},"text":["c"],"removed":[""],"origin":"+input"}
2019-6-24 14:33:08.390#change#{"from":{"line":7,"ch":3,"sticky":null},"to":{"line":7,"ch":3,"sticky":null},"text":["o"],"removed":[""],"origin":"+input"}
2019-6-24 14:33:08.630#change#{"from":{"line":7,"ch":4,"sticky":null},"to":{"line":7,"ch":4,"sticky":null},"text":["n"],"removed":[""],"origin":"+input"}
2019-6-24 14:33:08.846#change#{"from":{"line":7,"ch":5,"sticky":null},"to":{"line":7,"ch":5,"sticky":null},"text":["t"],"removed":[""],"origin":"+input"}
2019-6-24 14:33:09.702#change#{"from":{"line":7,"ch":6,"sticky":null},"to":{"line":7,"ch":6,"sticky":null},"text":[" "],"removed":[""],"origin":"+input"}
2019-6-24 14:33:09.847#change#{"from":{"line":7,"ch":7,"sticky":null},"to":{"line":7,"ch":7,"sticky":null},"text":["="],"removed":[""],"origin":"+input"}
2019-6-24 14:33:09.975#change#{"from":{"line":7,"ch":8,"sticky":null},"to":{"line":7,"ch":8,"sticky":null},"text":[" "],"removed":[""],"origin":"+input"}
2019-6-24 14:33:11.031#change#{"from":{"line":7,"ch":9,"sticky":null},"to":{"line":7,"ch":9,"sticky":null},"text":["c"],"removed":[""],"origin":"+input"}
2019-6-24 14:33:11.119#change#{"from":{"line":7,"ch":10,"sticky":null},"to":{"line":7,"ch":10,"sticky":null},"text":["o"],"removed":[""],"origin":"+input"}
2019-6-24 14:33:11.360#change#{"from":{"line":7,"ch":11,"sticky":null},"to":{"line":7,"ch":11,"sticky":null},"text":["n"],"removed":[""],"origin":"+input"}
2019-6-24 14:33:11.656#change#{"from":{"line":7,"ch":12,"sticky":null},"to":{"line":7,"ch":12,"sticky":null},"text":["t"],"removed":[""],"origin":"+input"}
2019-6-24 14:33:12.447#change#{"from":{"line":7,"ch":13,"sticky":null},"to":{"line":7,"ch":13,"sticky":null},"text":["+"],"removed":[""],"origin":"+input"}
2019-6-24 14:33:13.263#change#{"from":{"line":7,"ch":14,"sticky":null},"to":{"line":7,"ch":14,"sticky":null},"text":[" "],"removed":[""],"origin":"+input"}
2019-6-24 14:33:25.887#change#{"from":{"line":7,"ch":15,"sticky":null},"to":{"line":7,"ch":15,"sticky":null},"text":["b"],"removed":[""],"origin":"+input"}
2019-6-24 14:33:26.646#change#{"from":{"line":7,"ch":16,"sticky":null},"to":{"line":7,"ch":16,"sticky":null},"text":["[]"],"removed":[""],"origin":"+input"}
2019-6-24 14:33:26.646#keyHandled#"'['"
2019-6-24 14:33:27.031#change#{"from":{"line":7,"ch":17,"sticky":"after"},"to":{"line":7,"ch":17,"sticky":"after"},"text":["i"],"removed":[""],"origin":"+input"}
2019-6-24 14:33:27.415#change#{"from":{"line":7,"ch":18,"sticky":null},"to":{"line":7,"ch":18,"sticky":null},"text":[","],"removed":[""],"origin":"+input"}
2019-6-24 14:33:27.759#change#{"from":{"line":7,"ch":19,"sticky":null},"to":{"line":7,"ch":19,"sticky":null},"text":["j"],"removed":[""],"origin":"+input"}
2019-6-24 14:33:29.360#keyHandled#"Left"
2019-6-24 14:33:29.560#keyHandled#"Left"
2019-6-24 14:33:29.713#keyHandled#"Left"
2019-6-24 14:33:30.098#keyHandled#"Left"
2019-6-24 14:33:58.529#keyHandled#"Right"
2019-6-24 14:33:58.825#keyHandled#"Right"
2019-6-24 14:33:59.112#keyHandled#"Right"
2019-6-24 14:33:59.304#keyHandled#"Right"
2019-6-24 14:33:59.473#keyHandled#"Right"
2019-6-24 14:33:59.978#change#{"from":{"line":7,"ch":21,"sticky":"before"},"to":{"line":7,"ch":21,"sticky":"before"},"text":["",""],"removed":[""],"origin":"+input"}
2019-6-24 14:33:59.978#change#{"from":{"line":8,"ch":0,"sticky":null},"to":{"line":8,"ch":0,"sticky":null},"text":["\t\t"],"removed":[""],"origin":"+input"}
2019-6-24 14:33:59.978#keyHandled#"Enter"
2019-6-24 14:33:59.992#viewportChange#0
2019-6-24 14:34:17.756#change#{"from":{"line":8,"ch":2,"sticky":null},"to":{"line":8,"ch":2,"sticky":null},"text":["v"],"removed":[""],"origin":"+input"}
2019-6-24 14:34:18.614#change#{"from":{"line":8,"ch":3,"sticky":null},"to":{"line":8,"ch":3,"sticky":null},"text":["[]"],"removed":[""],"origin":"+input"}
2019-6-24 14:34:18.614#keyHandled#"'['"
2019-6-24 14:34:19.047#change#{"from":{"line":8,"ch":4,"sticky":"after"},"to":{"line":8,"ch":4,"sticky":"after"},"text":["i"],"removed":[""],"origin":"+input"}
2019-6-24 14:34:19.720#keyHandled#"Right"
2019-6-24 14:34:20.471#change#{"from":{"line":8,"ch":6,"sticky":"before"},"to":{"line":8,"ch":6,"sticky":"before"},"text":["="],"removed":[""],"origin":"+input"}
2019-6-24 14:34:21.735#change#{"from":{"line":8,"ch":7,"sticky":null},"to":{"line":8,"ch":7,"sticky":null},"text":[" "],"removed":[""],"origin":"+input"}
2019-6-24 14:34:21.990#change#{"from":{"line":8,"ch":8,"sticky":null},"to":{"line":8,"ch":8,"sticky":null},"text":["c"],"removed":[""],"origin":"+input"}
2019-6-24 14:34:22.359#change#{"from":{"line":8,"ch":9,"sticky":null},"to":{"line":8,"ch":9,"sticky":null},"text":["n"],"removed":[""],"origin":"+input"}
2019-6-24 14:34:22.488#change#{"from":{"line":8,"ch":10,"sticky":null},"to":{"line":8,"ch":10,"sticky":null},"text":["t"],"removed":[""],"origin":"+input"}
2019-6-24 14:34:23.353#change#{"from":{"line":8,"ch":10,"sticky":"after"},"to":{"line":8,"ch":11,"sticky":null},"text":[""],"removed":["t"],"origin":"+delete"}
2019-6-24 14:34:23.353#keyHandled#"Backspace"
2019-6-24 14:34:23.553#change#{"from":{"line":8,"ch":9,"sticky":"after"},"to":{"line":8,"ch":10,"sticky":null},"text":[""],"removed":["n"],"origin":"+delete"}
2019-6-24 14:34:23.553#keyHandled#"Backspace"
2019-6-24 14:34:25.249#keyHandled#"Left"
2019-6-24 14:34:25.748#keyHandled#"Left"
2019-6-24 14:34:25.985#keyHandled#"Left"
2019-6-24 14:34:26.152#keyHandled#"Left"
2019-6-24 14:34:26.296#keyHandled#"Left"
2019-6-24 14:34:26.464#keyHandled#"Left"
2019-6-24 14:34:27.103#change#{"from":{"line":8,"ch":3,"sticky":"after"},"to":{"line":8,"ch":3,"sticky":"after"},"text":["e"],"removed":[""],"origin":"+input"}
2019-6-24 14:34:27.294#change#{"from":{"line":8,"ch":4,"sticky":null},"to":{"line":8,"ch":4,"sticky":null},"text":["t"],"removed":[""],"origin":"+input"}
2019-6-24 14:34:27.641#keyHandled#"Right"
2019-6-24 14:34:27.840#keyHandled#"Right"
2019-6-24 14:34:27.976#keyHandled#"Right"
2019-6-24 14:34:28.088#keyHandled#"Right"
2019-6-24 14:34:28.200#keyHandled#"Right"
2019-6-24 14:34:28.576#keyHandled#"Right"
2019-6-24 14:34:29.199#change#{"from":{"line":8,"ch":11,"sticky":"before"},"to":{"line":8,"ch":11,"sticky":"before"},"text":["o"],"removed":[""],"origin":"+input"}
2019-6-24 14:34:29.446#change#{"from":{"line":8,"ch":12,"sticky":null},"to":{"line":8,"ch":12,"sticky":null},"text":["n"],"removed":[""],"origin":"+input"}
2019-6-24 14:34:29.598#change#{"from":{"line":8,"ch":13,"sticky":null},"to":{"line":8,"ch":13,"sticky":null},"text":["t"],"removed":[""],"origin":"+input"}
2019-6-24 14:34:32.066#change#{"from":{"line":8,"ch":14,"sticky":null},"to":{"line":8,"ch":14,"sticky":null},"text":["",""],"removed":[""],"origin":"+input"}
2019-6-24 14:34:32.066#change#{"from":{"line":9,"ch":0,"sticky":null},"to":{"line":9,"ch":0,"sticky":null},"text":["\t\t"],"removed":[""],"origin":"+input"}
2019-6-24 14:34:32.066#keyHandled#"Enter"
2019-6-24 14:34:32.086#viewportChange#0
2019-6-24 14:34:35.449#change#{"from":{"line":9,"ch":1,"sticky":"after"},"to":{"line":9,"ch":2,"sticky":null},"text":[""],"removed":["\t"],"origin":"+delete"}
2019-6-24 14:34:35.449#keyHandled#"Backspace"
2019-6-24 14:34:35.625#change#{"from":{"line":9,"ch":0,"sticky":"after"},"to":{"line":9,"ch":1,"sticky":null},"text":[""],"removed":["\t"],"origin":"+delete"}
2019-6-24 14:34:35.625#keyHandled#"Backspace"
2019-6-24 14:34:36.647#change#{"from":{"line":9,"ch":0,"sticky":null},"to":{"line":9,"ch":0,"sticky":null},"text":["p"],"removed":[""],"origin":"+input"}
2019-6-24 14:34:37.191#change#{"from":{"line":9,"ch":1,"sticky":null},"to":{"line":9,"ch":1,"sticky":null},"text":["r"],"removed":[""],"origin":"+input"}
2019-6-24 14:34:37.583#change#{"from":{"line":9,"ch":2,"sticky":null},"to":{"line":9,"ch":2,"sticky":null},"text":["i"],"removed":[""],"origin":"+input"}
2019-6-24 14:34:37.935#change#{"from":{"line":9,"ch":3,"sticky":null},"to":{"line":9,"ch":3,"sticky":null},"text":["n"],"removed":[""],"origin":"+input"}
2019-6-24 14:34:38.390#change#{"from":{"line":9,"ch":4,"sticky":null},"to":{"line":9,"ch":4,"sticky":null},"text":["t"],"removed":[""],"origin":"+input"}
2019-6-24 14:34:40.527#change#{"from":{"line":9,"ch":5,"sticky":null},"to":{"line":9,"ch":5,"sticky":null},"text":["()"],"removed":[""],"origin":"+input"}
2019-6-24 14:34:40.527#keyHandled#"'('"
2019-6-24 14:34:41.823#change#{"from":{"line":9,"ch":6,"sticky":"after"},"to":{"line":9,"ch":6,"sticky":"after"},"text":["v"],"removed":[""],"origin":"+input"}
2019-6-24 14:34:42.102#change#{"from":{"line":9,"ch":7,"sticky":null},"to":{"line":9,"ch":7,"sticky":null},"text":["e"],"removed":[""],"origin":"+input"}
2019-6-24 14:34:42.246#change#{"from":{"line":9,"ch":8,"sticky":null},"to":{"line":9,"ch":8,"sticky":null},"text":["t"],"removed":[""],"origin":"+input"}
2019-6-24 14:34:42.102#change#{"from":{"line":9,"ch":7,"sticky":null},"to":{"line":9,"ch":7,"sticky":null},"text":["e"],"removed":[""],"origin":"+input"}
2019-6-24 14:34:42.246#change#{"from":{"line":9,"ch":8,"sticky":null},"to":{"line":9,"ch":8,"sticky":null},"text":["t"],"removed":[""],"origin":"+input"}
2019-6-24 14:34:47.039#submit#Congratulations, your code is correct!
