2019-6-25 11:05:37.756#viewportChange#0
2019-6-25 11:06:09.366#mousedown#{"isTrusted":true}
2019-6-25 11:06:09.370#focus#
2019-6-25 11:06:09.644#mousedown#{"isTrusted":true}
2019-6-25 11:06:09.644#contextmenu#{"isTrusted":true}
2019-6-25 11:06:09.755#mousedown#{"isTrusted":true}
2019-6-25 11:06:09.756#contextmenu#{"isTrusted":true}
2019-6-25 11:06:10.800#change#{"from":{"line":0,"ch":0,"sticky":null},"to":{"line":0,"ch":0,"sticky":null},"text":["from numpy import*","from numpy.linalg import*","","n= array(eval(input(\"horario dos funcionarios: \")))","","x= shape(n)[0]","total=zeros((x),dtype=int)","for i in range(x):","\ttotal[i]= sum(n[i,:])","print(total)","\t"],"removed":[""],"origin":"paste"}
2019-6-25 11:06:10.834#viewportChange#0
2019-6-25 11:06:21.029#submit#Your code did not produce the correct output. Please, correct your code and try again.
2019-6-25 11:07:52.255#blur#
2019-6-25 11:09:06.189#mousedown#{"isTrusted":true}
2019-6-25 11:09:06.206#focus#
2019-6-25 11:09:08.302#change#{"from":{"line":5,"ch":12,"sticky":"after"},"to":{"line":5,"ch":13,"sticky":"after","xRel":2.08331298828125},"text":[""],"removed":["0"],"origin":"+delete"}
2019-6-25 11:09:08.302#keyHandled#"Backspace"
2019-6-25 11:09:08.448#change#{"from":{"line":5,"ch":12,"sticky":null},"to":{"line":5,"ch":12,"sticky":null},"text":["1"],"removed":[""],"origin":"+input"}
2019-6-25 11:09:25.091#saida_testar#$ python3 main.py
2019-6-25 11:09:25.554#blur#
2019-6-25 11:09:34.899#dica_bullet#IndexError: index X is out of bounds for axis Y with size Z
2019-6-25 11:09:34.899#dica_bullet#IndexError: index X is out of bounds for axis Y with size Z
2019-6-25 11:10:12.989#saida_testar#$ python3 main.py
2019-6-25 11:10:14.823#dica_bullet#IndexError: index X is out of bounds for axis Y with size Z
2019-6-25 11:10:34.078#mousedown#{"isTrusted":true}
2019-6-25 11:10:34.268#focus#
2019-6-25 11:10:36.062#keyHandled#"Left"
2019-6-25 11:10:36.768#change#{"from":{"line":8,"ch":17,"sticky":"after"},"to":{"line":8,"ch":18,"sticky":"after"},"text":[""],"removed":["i"],"origin":"+delete"}
2019-6-25 11:10:36.768#keyHandled#"Backspace"
2019-6-25 11:10:37.762#change#{"from":{"line":8,"ch":17,"sticky":null},"to":{"line":8,"ch":17,"sticky":null},"text":[":"],"removed":[""],"origin":"+input"}
2019-6-25 11:10:38.229#keyHandled#"Right"
2019-6-25 11:10:38.422#keyHandled#"Right"
2019-6-25 11:10:39.145#change#{"from":{"line":8,"ch":19,"sticky":"after"},"to":{"line":8,"ch":20,"sticky":"before"},"text":[""],"removed":[":"],"origin":"+delete"}
2019-6-25 11:10:39.145#keyHandled#"Backspace"
2019-6-25 11:10:41.101#change#{"from":{"line":8,"ch":19,"sticky":null},"to":{"line":8,"ch":19,"sticky":null},"text":["i"],"removed":[""],"origin":"+input"}
2019-6-25 11:10:41.101#change#{"from":{"line":8,"ch":19,"sticky":null},"to":{"line":8,"ch":19,"sticky":null},"text":["i"],"removed":[""],"origin":"+input"}
2019-6-25 11:10:43.111#saida_testar#$ python3 main.py
2019-6-25 11:10:43.237#blur#
2019-6-25 11:10:53.030#mousedown#{"isTrusted":true}
2019-6-25 11:10:53.216#focus#
2019-6-25 11:10:55.005#change#{"from":{"line":9,"ch":0,"sticky":"after","xRel":3.08331298828125},"to":{"line":9,"ch":12,"sticky":"before","xRel":11.08331298828125},"text":["p"],"removed":["print(total)"],"origin":"+input"}
2019-6-25 11:10:55.179#change#{"from":{"line":9,"ch":1,"sticky":null},"to":{"line":9,"ch":1,"sticky":null},"text":["r"],"removed":[""],"origin":"+input"}
2019-6-25 11:10:55.387#change#{"from":{"line":9,"ch":2,"sticky":null},"to":{"line":9,"ch":2,"sticky":null},"text":["i"],"removed":[""],"origin":"+input"}
2019-6-25 11:10:55.449#change#{"from":{"line":9,"ch":3,"sticky":null},"to":{"line":9,"ch":3,"sticky":null},"text":["n"],"removed":[""],"origin":"+input"}
2019-6-25 11:10:55.552#change#{"from":{"line":9,"ch":4,"sticky":null},"to":{"line":9,"ch":4,"sticky":null},"text":["t"],"removed":[""],"origin":"+input"}
2019-6-25 11:10:56.154#change#{"from":{"line":9,"ch":5,"sticky":null},"to":{"line":9,"ch":5,"sticky":null},"text":["()"],"removed":[""],"origin":"+input"}
2019-6-25 11:10:56.155#keyHandled#"'('"
2019-6-25 11:10:56.319#change#{"from":{"line":9,"ch":6,"sticky":"after"},"to":{"line":9,"ch":6,"sticky":"after"},"text":["m"],"removed":[""],"origin":"+input"}
2019-6-25 11:10:56.359#change#{"from":{"line":9,"ch":7,"sticky":null},"to":{"line":9,"ch":7,"sticky":null},"text":["a"],"removed":[""],"origin":"+input"}
2019-6-25 11:10:56.720#change#{"from":{"line":9,"ch":8,"sticky":null},"to":{"line":9,"ch":8,"sticky":null},"text":["x"],"removed":[""],"origin":"+input"}
2019-6-25 11:10:57.576#change#{"from":{"line":9,"ch":9,"sticky":null},"to":{"line":9,"ch":9,"sticky":null},"text":["()"],"removed":[""],"origin":"+input"}
2019-6-25 11:10:57.576#keyHandled#"'('"
2019-6-25 11:10:58.127#change#{"from":{"line":9,"ch":10,"sticky":"after"},"to":{"line":9,"ch":10,"sticky":"after"},"text":["t"],"removed":[""],"origin":"+input"}
2019-6-25 11:10:58.215#change#{"from":{"line":9,"ch":11,"sticky":null},"to":{"line":9,"ch":11,"sticky":null},"text":["o"],"removed":[""],"origin":"+input"}
2019-6-25 11:10:58.374#change#{"from":{"line":9,"ch":12,"sticky":null},"to":{"line":9,"ch":12,"sticky":null},"text":["t"],"removed":[""],"origin":"+input"}
2019-6-25 11:10:58.477#change#{"from":{"line":9,"ch":13,"sticky":null},"to":{"line":9,"ch":13,"sticky":null},"text":["a"],"removed":[""],"origin":"+input"}
2019-6-25 11:10:58.536#change#{"from":{"line":9,"ch":14,"sticky":null},"to":{"line":9,"ch":14,"sticky":null},"text":["l"],"removed":[""],"origin":"+input"}
2019-6-25 11:10:58.127#change#{"from":{"line":9,"ch":10,"sticky":"after"},"to":{"line":9,"ch":10,"sticky":"after"},"text":["t"],"removed":[""],"origin":"+input"}
2019-6-25 11:10:58.215#change#{"from":{"line":9,"ch":11,"sticky":null},"to":{"line":9,"ch":11,"sticky":null},"text":["o"],"removed":[""],"origin":"+input"}
2019-6-25 11:10:58.374#change#{"from":{"line":9,"ch":12,"sticky":null},"to":{"line":9,"ch":12,"sticky":null},"text":["t"],"removed":[""],"origin":"+input"}
2019-6-25 11:10:58.477#change#{"from":{"line":9,"ch":13,"sticky":null},"to":{"line":9,"ch":13,"sticky":null},"text":["a"],"removed":[""],"origin":"+input"}
2019-6-25 11:10:58.536#change#{"from":{"line":9,"ch":14,"sticky":null},"to":{"line":9,"ch":14,"sticky":null},"text":["l"],"removed":[""],"origin":"+input"}
2019-6-25 11:11:00.732#blur#
2019-6-25 11:11:00.934#saida_testar#$ python3 main.py
2019-6-25 11:11:15.679#mousedown#{"isTrusted":true}
2019-6-25 11:11:15.862#focus#
2019-6-25 11:11:17.287#change#{"from":{"line":9,"ch":10,"sticky":"after","xRel":2.08331298828125},"to":{"line":9,"ch":10,"sticky":"after","xRel":2.08331298828125},"text":["s"],"removed":[""],"origin":"+input"}
2019-6-25 11:11:17.418#change#{"from":{"line":9,"ch":11,"sticky":null},"to":{"line":9,"ch":11,"sticky":null},"text":["i"],"removed":[""],"origin":"+input"}
2019-6-25 11:11:17.559#change#{"from":{"line":9,"ch":12,"sticky":null},"to":{"line":9,"ch":12,"sticky":null},"text":["z"],"removed":[""],"origin":"+input"}
2019-6-25 11:11:17.757#change#{"from":{"line":9,"ch":13,"sticky":null},"to":{"line":9,"ch":13,"sticky":null},"text":["e"],"removed":[""],"origin":"+input"}
2019-6-25 11:11:18.970#change#{"from":{"line":9,"ch":14,"sticky":null},"to":{"line":9,"ch":14,"sticky":null},"text":["("],"removed":[""],"origin":"+input"}
2019-6-25 11:11:19.644#keyHandled#"Right"
2019-6-25 11:11:20.144#keyHandled#"Right"
2019-6-25 11:11:20.174#keyHandled#"Right"
2019-6-25 11:11:20.204#keyHandled#"Right"
2019-6-25 11:11:20.235#keyHandled#"Right"
2019-6-25 11:11:20.448#keyHandled#"Right"
2019-6-25 11:11:21.266#keyHandled#"')'"
2019-6-25 11:11:21.532#change#{"from":{"line":9,"ch":22,"sticky":"before"},"to":{"line":9,"ch":22,"sticky":"before"},"text":[")"],"removed":[""],"origin":"+input"}
2019-6-25 11:11:22.956#saida_testar#$ python3 main.py
2019-6-25 11:11:23.786#blur#
2019-6-25 11:11:29.502#mousedown#{"isTrusted":true}
2019-6-25 11:11:29.663#focus#
2019-6-25 11:11:30.512#change#{"from":{"line":9,"ch":14,"sticky":"after"},"to":{"line":9,"ch":15,"sticky":"after","xRel":2.08331298828125},"text":[""],"removed":["("],"origin":"+delete"}
2019-6-25 11:11:30.513#keyHandled#"Backspace"
2019-6-25 11:11:30.748#change#{"from":{"line":9,"ch":13,"sticky":"after"},"to":{"line":9,"ch":14,"sticky":null},"text":[""],"removed":["e"],"origin":"+delete"}
2019-6-25 11:11:30.748#keyHandled#"Backspace"
2019-6-25 11:11:30.933#change#{"from":{"line":9,"ch":12,"sticky":"after"},"to":{"line":9,"ch":13,"sticky":null},"text":[""],"removed":["z"],"origin":"+delete"}
2019-6-25 11:11:30.933#keyHandled#"Backspace"
2019-6-25 11:11:31.126#change#{"from":{"line":9,"ch":11,"sticky":"after"},"to":{"line":9,"ch":12,"sticky":null},"text":[""],"removed":["i"],"origin":"+delete"}
2019-6-25 11:11:31.126#keyHandled#"Backspace"
2019-6-25 11:11:31.641#change#{"from":{"line":9,"ch":10,"sticky":"after"},"to":{"line":9,"ch":11,"sticky":null},"text":[""],"removed":["s"],"origin":"+delete"}
2019-6-25 11:11:31.641#keyHandled#"Backspace"
2019-6-25 11:11:32.707#keyHandled#"Right"
2019-6-25 11:11:32.736#keyHandled#"Right"
2019-6-25 11:11:32.767#keyHandled#"Right"
2019-6-25 11:11:32.797#keyHandled#"Right"
2019-6-25 11:11:33.017#keyHandled#"Right"
2019-6-25 11:11:33.201#keyHandled#"Right"
2019-6-25 11:11:33.488#keyHandled#"Right"
2019-6-25 11:11:33.980#change#{"from":{"line":9,"ch":17,"sticky":"after"},"to":{"line":9,"ch":18,"sticky":"before"},"text":[""],"removed":[")"],"origin":"+delete"}
2019-6-25 11:11:33.980#keyHandled#"Backspace"
2019-6-25 11:13:06.733#saida_testar#$ python3 main.py
2019-6-25 11:13:08.058#blur#
2019-6-25 11:16:21.438#mousedown#{"isTrusted":true}
2019-6-25 11:16:21.590#focus#
2019-6-25 11:16:23.277#change#{"from":{"line":9,"ch":0,"sticky":"after","xRel":-4},"to":{"line":9,"ch":17,"sticky":"before","xRel":43.08331298828125},"text":["f"],"removed":["print(max(total))"],"origin":"+input"}
2019-6-25 11:16:23.335#change#{"from":{"line":9,"ch":1,"sticky":null},"to":{"line":9,"ch":1,"sticky":null},"text":["o"],"removed":[""],"origin":"+input"}
2019-6-25 11:16:23.518#change#{"from":{"line":9,"ch":2,"sticky":null},"to":{"line":9,"ch":2,"sticky":null},"text":["r"],"removed":[""],"origin":"+input"}
2019-6-25 11:16:23.641#change#{"from":{"line":9,"ch":3,"sticky":null},"to":{"line":9,"ch":3,"sticky":null},"text":[" "],"removed":[""],"origin":"+input"}
2019-6-25 11:16:24.723#change#{"from":{"line":9,"ch":4,"sticky":null},"to":{"line":9,"ch":4,"sticky":null},"text":["j"],"removed":[""],"origin":"+input"}
2019-6-25 11:16:24.963#change#{"from":{"line":9,"ch":5,"sticky":null},"to":{"line":9,"ch":5,"sticky":null},"text":[" "],"removed":[""],"origin":"+input"}
2019-6-25 11:16:25.598#change#{"from":{"line":9,"ch":6,"sticky":null},"to":{"line":9,"ch":6,"sticky":null},"text":["i"],"removed":[""],"origin":"+input"}
2019-6-25 11:16:25.757#change#{"from":{"line":9,"ch":7,"sticky":null},"to":{"line":9,"ch":7,"sticky":null},"text":["n"],"removed":[""],"origin":"+input"}
2019-6-25 11:16:26.003#change#{"from":{"line":9,"ch":8,"sticky":null},"to":{"line":9,"ch":8,"sticky":null},"text":[" "],"removed":[""],"origin":"+input"}
2019-6-25 11:16:34.013#change#{"from":{"line":9,"ch":9,"sticky":null},"to":{"line":9,"ch":9,"sticky":null},"text":["t"],"removed":[""],"origin":"+input"}
2019-6-25 11:16:34.157#change#{"from":{"line":9,"ch":10,"sticky":null},"to":{"line":9,"ch":10,"sticky":null},"text":["o"],"removed":[""],"origin":"+input"}
2019-6-25 11:16:34.268#change#{"from":{"line":9,"ch":11,"sticky":null},"to":{"line":9,"ch":11,"sticky":null},"text":["t"],"removed":[""],"origin":"+input"}
2019-6-25 11:16:34.409#change#{"from":{"line":9,"ch":12,"sticky":null},"to":{"line":9,"ch":12,"sticky":null},"text":["a"],"removed":[""],"origin":"+input"}
2019-6-25 11:16:34.564#change#{"from":{"line":9,"ch":13,"sticky":null},"to":{"line":9,"ch":13,"sticky":null},"text":["l"],"removed":[""],"origin":"+input"}
2019-6-25 11:16:36.078#change#{"from":{"line":9,"ch":14,"sticky":null},"to":{"line":9,"ch":14,"sticky":null},"text":[":"],"removed":[""],"origin":"+input"}
2019-6-25 11:16:36.392#change#{"from":{"line":9,"ch":15,"sticky":null},"to":{"line":9,"ch":15,"sticky":null},"text":["",""],"removed":[""],"origin":"+input"}
2019-6-25 11:16:36.392#change#{"from":{"line":10,"ch":0,"sticky":null},"to":{"line":10,"ch":0,"sticky":null},"text":["\t"],"removed":[""],"origin":"+input"}
2019-6-25 11:16:36.392#keyHandled#"Enter"
2019-6-25 11:16:36.410#viewportChange#0
2019-6-25 11:16:37.318#change#{"from":{"line":10,"ch":1,"sticky":null},"to":{"line":10,"ch":1,"sticky":null},"text":["t"],"removed":[""],"origin":"+input"}
2019-6-25 11:16:37.454#change#{"from":{"line":10,"ch":2,"sticky":null},"to":{"line":10,"ch":2,"sticky":null},"text":["o"],"removed":[""],"origin":"+input"}
2019-6-25 11:16:39.671#change#{"from":{"line":10,"ch":2,"sticky":"after"},"to":{"line":10,"ch":3,"sticky":null},"text":[""],"removed":["o"],"origin":"+delete"}
2019-6-25 11:16:39.672#keyHandled#"Backspace"
2019-6-25 11:16:39.871#change#{"from":{"line":10,"ch":1,"sticky":"after"},"to":{"line":10,"ch":2,"sticky":null},"text":[""],"removed":["t"],"origin":"+delete"}
2019-6-25 11:16:39.871#keyHandled#"Backspace"
2019-6-25 11:16:40.291#change#{"from":{"line":10,"ch":1,"sticky":null},"to":{"line":10,"ch":1,"sticky":null},"text":["i"],"removed":[""],"origin":"+input"}
2019-6-25 11:16:40.395#change#{"from":{"line":10,"ch":2,"sticky":null},"to":{"line":10,"ch":2,"sticky":null},"text":["f"],"removed":[""],"origin":"+input"}
2019-6-25 11:16:40.922#change#{"from":{"line":10,"ch":3,"sticky":null},"to":{"line":10,"ch":3,"sticky":null},"text":[" "],"removed":[""],"origin":"+input"}
2019-6-25 11:16:42.623#change#{"from":{"line":10,"ch":5,"sticky":null},"to":{"line":10,"ch":5,"sticky":null},"text":["="],"removed":[""],"origin":"+input"}
2019-6-25 11:16:43.479#change#{"from":{"line":10,"ch":6,"sticky":null},"to":{"line":10,"ch":6,"sticky":null},"text":["t"],"removed":[""],"origin":"+input"}
2019-6-25 11:16:43.587#change#{"from":{"line":10,"ch":7,"sticky":null},"to":{"line":10,"ch":7,"sticky":null},"text":["o"],"removed":[""],"origin":"+input"}
2019-6-25 11:16:43.693#change#{"from":{"line":10,"ch":8,"sticky":null},"to":{"line":10,"ch":8,"sticky":null},"text":["t"],"removed":[""],"origin":"+input"}
2019-6-25 11:16:43.771#change#{"from":{"line":10,"ch":9,"sticky":null},"to":{"line":10,"ch":9,"sticky":null},"text":["a"],"removed":[""],"origin":"+input"}
2019-6-25 11:16:43.844#change#{"from":{"line":10,"ch":10,"sticky":null},"to":{"line":10,"ch":10,"sticky":null},"text":["l"],"removed":[""],"origin":"+input"}
2019-6-25 11:16:47.349#change#{"from":{"line":10,"ch":10,"sticky":"after"},"to":{"line":10,"ch":11,"sticky":null},"text":[""],"removed":["l"],"origin":"+delete"}
2019-6-25 11:16:47.349#keyHandled#"Backspace"
2019-6-25 11:16:47.581#change#{"from":{"line":10,"ch":9,"sticky":"after"},"to":{"line":10,"ch":10,"sticky":null},"text":[""],"removed":["a"],"origin":"+delete"}
2019-6-25 11:16:47.581#keyHandled#"Backspace"
2019-6-25 11:16:47.807#change#{"from":{"line":10,"ch":8,"sticky":"after"},"to":{"line":10,"ch":9,"sticky":null},"text":[""],"removed":["t"],"origin":"+delete"}
2019-6-25 11:16:47.807#keyHandled#"Backspace"
2019-6-25 11:16:48.007#change#{"from":{"line":10,"ch":7,"sticky":"after"},"to":{"line":10,"ch":8,"sticky":null},"text":[""],"removed":["o"],"origin":"+delete"}
2019-6-25 11:16:48.007#keyHandled#"Backspace"
2019-6-25 11:16:48.357#change#{"from":{"line":10,"ch":6,"sticky":"after"},"to":{"line":10,"ch":7,"sticky":null},"text":[""],"removed":["t"],"origin":"+delete"}
2019-6-25 11:16:48.357#keyHandled#"Backspace"
2019-6-25 11:16:48.715#change#{"from":{"line":10,"ch":6,"sticky":null},"to":{"line":10,"ch":6,"sticky":null},"text":["m"],"removed":[""],"origin":"+input"}
2019-6-25 11:16:48.827#change#{"from":{"line":10,"ch":7,"sticky":null},"to":{"line":10,"ch":7,"sticky":null},"text":["a"],"removed":[""],"origin":"+input"}
2019-6-25 11:16:48.986#change#{"from":{"line":10,"ch":8,"sticky":null},"to":{"line":10,"ch":8,"sticky":null},"text":["x"],"removed":[""],"origin":"+input"}
2019-6-25 11:16:49.360#change#{"from":{"line":10,"ch":9,"sticky":null},"to":{"line":10,"ch":9,"sticky":null},"text":["()"],"removed":[""],"origin":"+input"}
2019-6-25 11:16:49.360#keyHandled#"'('"
2019-6-25 11:16:49.589#change#{"from":{"line":10,"ch":10,"sticky":"after"},"to":{"line":10,"ch":10,"sticky":"after"},"text":["t"],"removed":[""],"origin":"+input"}
2019-6-25 11:16:49.768#change#{"from":{"line":10,"ch":11,"sticky":null},"to":{"line":10,"ch":11,"sticky":null},"text":["p"],"removed":[""],"origin":"+input"}
2019-6-25 11:16:49.809#change#{"from":{"line":10,"ch":12,"sticky":null},"to":{"line":10,"ch":12,"sticky":null},"text":["t"],"removed":[""],"origin":"+input"}
2019-6-25 11:16:49.914#change#{"from":{"line":10,"ch":13,"sticky":null},"to":{"line":10,"ch":13,"sticky":null},"text":["a"],"removed":[""],"origin":"+input"}
2019-6-25 11:16:50.175#change#{"from":{"line":10,"ch":13,"sticky":"after"},"to":{"line":10,"ch":14,"sticky":null},"text":[""],"removed":["a"],"origin":"+delete"}
2019-6-25 11:16:50.175#keyHandled#"Backspace"
2019-6-25 11:16:50.333#change#{"from":{"line":10,"ch":12,"sticky":"after"},"to":{"line":10,"ch":13,"sticky":null},"text":[""],"removed":["t"],"origin":"+delete"}
2019-6-25 11:16:50.333#keyHandled#"Backspace"
2019-6-25 11:16:50.501#change#{"from":{"line":10,"ch":11,"sticky":"after"},"to":{"line":10,"ch":12,"sticky":null},"text":[""],"removed":["p"],"origin":"+delete"}
2019-6-25 11:16:50.501#keyHandled#"Backspace"
2019-6-25 11:16:50.886#change#{"from":{"line":10,"ch":11,"sticky":null},"to":{"line":10,"ch":11,"sticky":null},"text":["o"],"removed":[""],"origin":"+input"}
2019-6-25 11:16:50.993#change#{"from":{"line":10,"ch":12,"sticky":null},"to":{"line":10,"ch":12,"sticky":null},"text":["t"],"removed":[""],"origin":"+input"}
2019-6-25 11:16:51.095#change#{"from":{"line":10,"ch":13,"sticky":null},"to":{"line":10,"ch":13,"sticky":null},"text":["a"],"removed":[""],"origin":"+input"}
2019-6-25 11:16:51.173#change#{"from":{"line":10,"ch":14,"sticky":null},"to":{"line":10,"ch":14,"sticky":null},"text":["l"],"removed":[""],"origin":"+input"}
2019-6-25 11:16:52.435#keyHandled#"Right"
2019-6-25 11:16:53.007#change#{"from":{"line":10,"ch":16,"sticky":"before"},"to":{"line":10,"ch":16,"sticky":"before"},"text":[":"],"removed":[""],"origin":"+input"}
2019-6-25 11:16:53.217#change#{"from":{"line":10,"ch":17,"sticky":null},"to":{"line":10,"ch":17,"sticky":null},"text":["",""],"removed":[""],"origin":"+input"}
2019-6-25 11:16:53.217#change#{"from":{"line":11,"ch":0,"sticky":null},"to":{"line":11,"ch":0,"sticky":null},"text":["\t\t"],"removed":[""],"origin":"+input"}
2019-6-25 11:16:53.217#keyHandled#"Enter"
2019-6-25 11:16:53.232#viewportChange#0
2019-6-25 11:16:53.739#change#{"from":{"line":11,"ch":2,"sticky":null},"to":{"line":11,"ch":2,"sticky":null},"text":["p"],"removed":[""],"origin":"+input"}
2019-6-25 11:16:53.882#change#{"from":{"line":11,"ch":3,"sticky":null},"to":{"line":11,"ch":3,"sticky":null},"text":["r"],"removed":[""],"origin":"+input"}
2019-6-25 11:16:54.047#change#{"from":{"line":11,"ch":4,"sticky":null},"to":{"line":11,"ch":4,"sticky":null},"text":["i"],"removed":[""],"origin":"+input"}
2019-6-25 11:16:54.117#change#{"from":{"line":11,"ch":5,"sticky":null},"to":{"line":11,"ch":5,"sticky":null},"text":["n"],"removed":[""],"origin":"+input"}
2019-6-25 11:16:54.220#change#{"from":{"line":11,"ch":6,"sticky":null},"to":{"line":11,"ch":6,"sticky":null},"text":["t"],"removed":[""],"origin":"+input"}
2019-6-25 11:16:54.680#change#{"from":{"line":11,"ch":7,"sticky":null},"to":{"line":11,"ch":7,"sticky":null},"text":["()"],"removed":[""],"origin":"+input"}
2019-6-25 11:16:54.681#keyHandled#"'('"
2019-6-25 11:16:55.307#change#{"from":{"line":11,"ch":8,"sticky":"after"},"to":{"line":11,"ch":8,"sticky":"after"},"text":["t"],"removed":[""],"origin":"+input"}
2019-6-25 11:16:55.426#change#{"from":{"line":11,"ch":9,"sticky":null},"to":{"line":11,"ch":9,"sticky":null},"text":["o"],"removed":[""],"origin":"+input"}
2019-6-25 11:16:55.528#change#{"from":{"line":11,"ch":10,"sticky":null},"to":{"line":11,"ch":10,"sticky":null},"text":["t"],"removed":[""],"origin":"+input"}
2019-6-25 11:16:55.605#change#{"from":{"line":11,"ch":11,"sticky":null},"to":{"line":11,"ch":11,"sticky":null},"text":["a"],"removed":[""],"origin":"+input"}
2019-6-25 11:16:55.732#change#{"from":{"line":11,"ch":12,"sticky":null},"to":{"line":11,"ch":12,"sticky":null},"text":["l"],"removed":[""],"origin":"+input"}
2019-6-25 11:16:55.307#change#{"from":{"line":11,"ch":8,"sticky":"after"},"to":{"line":11,"ch":8,"sticky":"after"},"text":["t"],"removed":[""],"origin":"+input"}
2019-6-25 11:16:55.426#change#{"from":{"line":11,"ch":9,"sticky":null},"to":{"line":11,"ch":9,"sticky":null},"text":["o"],"removed":[""],"origin":"+input"}
2019-6-25 11:16:55.528#change#{"from":{"line":11,"ch":10,"sticky":null},"to":{"line":11,"ch":10,"sticky":null},"text":["t"],"removed":[""],"origin":"+input"}
2019-6-25 11:16:55.605#change#{"from":{"line":11,"ch":11,"sticky":null},"to":{"line":11,"ch":11,"sticky":null},"text":["a"],"removed":[""],"origin":"+input"}
2019-6-25 11:16:55.732#change#{"from":{"line":11,"ch":12,"sticky":null},"to":{"line":11,"ch":12,"sticky":null},"text":["l"],"removed":[""],"origin":"+input"}
2019-6-25 11:16:57.694#dica_bullet#SyntaxError: invalid syntax
2019-6-25 11:16:58.789#saida_testar#$ python3 main.py
File "main.py", line 11
if j=max(total):
SyntaxError: invalid syntax
2019-6-25 11:17:02.536#mousedown#{"isTrusted":true}
2019-6-25 11:17:03.664#change#{"from":{"line":10,"ch":6,"sticky":"after","xRel":1.08331298828125},"to":{"line":10,"ch":6,"sticky":"after","xRel":1.08331298828125},"text":["="],"removed":[""],"origin":"+input"}
2019-6-25 11:17:03.664#change#{"from":{"line":10,"ch":6,"sticky":"after","xRel":1.08331298828125},"to":{"line":10,"ch":6,"sticky":"after","xRel":1.08331298828125},"text":["="],"removed":[""],"origin":"+input"}
2019-6-25 11:17:04.847#saida_testar#$ python3 main.py
2019-6-25 11:17:05.323#blur#
2019-6-25 11:17:18.198#mousedown#{"isTrusted":true}
2019-6-25 11:17:18.360#focus#
2019-6-25 11:17:19.192#change#{"from":{"line":11,"ch":12,"sticky":"after"},"to":{"line":11,"ch":13,"sticky":"after","xRel":3.08331298828125},"text":[""],"removed":["l"],"origin":"+delete"}
2019-6-25 11:17:19.192#keyHandled#"Backspace"
2019-6-25 11:17:19.355#change#{"from":{"line":11,"ch":11,"sticky":"after"},"to":{"line":11,"ch":12,"sticky":null},"text":[""],"removed":["a"],"origin":"+delete"}
2019-6-25 11:17:19.355#keyHandled#"Backspace"
2019-6-25 11:17:19.528#change#{"from":{"line":11,"ch":10,"sticky":"after"},"to":{"line":11,"ch":11,"sticky":null},"text":[""],"removed":["t"],"origin":"+delete"}
2019-6-25 11:17:19.528#keyHandled#"Backspace"
2019-6-25 11:17:19.707#change#{"from":{"line":11,"ch":9,"sticky":"after"},"to":{"line":11,"ch":10,"sticky":null},"text":[""],"removed":["o"],"origin":"+delete"}
2019-6-25 11:17:19.707#keyHandled#"Backspace"
2019-6-25 11:17:19.909#change#{"from":{"line":11,"ch":8,"sticky":"after"},"to":{"line":11,"ch":9,"sticky":null},"text":[""],"removed":["t"],"origin":"+delete"}
2019-6-25 11:17:19.909#keyHandled#"Backspace"
2019-6-25 11:17:20.494#change#{"from":{"line":11,"ch":8,"sticky":null},"to":{"line":11,"ch":8,"sticky":null},"text":["j"],"removed":[""],"origin":"+input"}
2019-6-25 11:17:20.494#change#{"from":{"line":11,"ch":8,"sticky":null},"to":{"line":11,"ch":8,"sticky":null},"text":["j"],"removed":[""],"origin":"+input"}
2019-6-25 11:17:22.258#blur#
2019-6-25 11:17:23.065#saida_testar#$ python3 main.py
2019-6-25 11:17:44.415#mousedown#{"isTrusted":true}
2019-6-25 11:17:44.577#focus#
2019-6-25 11:17:45.404#change#{"from":{"line":9,"ch":9,"sticky":"after","xRel":1.08331298828125},"to":{"line":9,"ch":9,"sticky":"after","xRel":1.08331298828125},"text":["r"],"removed":[""],"origin":"+input"}
2019-6-25 11:17:45.502#change#{"from":{"line":9,"ch":10,"sticky":null},"to":{"line":9,"ch":10,"sticky":null},"text":["a"],"removed":[""],"origin":"+input"}
2019-6-25 11:17:45.588#change#{"from":{"line":9,"ch":11,"sticky":null},"to":{"line":9,"ch":11,"sticky":null},"text":["n"],"removed":[""],"origin":"+input"}
2019-6-25 11:17:45.752#change#{"from":{"line":9,"ch":12,"sticky":null},"to":{"line":9,"ch":12,"sticky":null},"text":["g"],"removed":[""],"origin":"+input"}
2019-6-25 11:17:45.862#change#{"from":{"line":9,"ch":13,"sticky":null},"to":{"line":9,"ch":13,"sticky":null},"text":["e"],"removed":[""],"origin":"+input"}
2019-6-25 11:17:46.578#change#{"from":{"line":9,"ch":14,"sticky":null},"to":{"line":9,"ch":14,"sticky":null},"text":["("],"removed":[""],"origin":"+input"}
2019-6-25 11:17:47.157#keyHandled#"Right"
2019-6-25 11:17:47.361#keyHandled#"Right"
2019-6-25 11:17:47.551#keyHandled#"Right"
2019-6-25 11:17:47.727#keyHandled#"Right"
2019-6-25 11:17:47.949#keyHandled#"Right"
2019-6-25 11:17:48.725#change#{"from":{"line":9,"ch":20,"sticky":"before"},"to":{"line":9,"ch":20,"sticky":"before"},"text":[")"],"removed":[""],"origin":"+input"}
2019-6-25 11:17:48.725#change#{"from":{"line":9,"ch":20,"sticky":"before"},"to":{"line":9,"ch":20,"sticky":"before"},"text":[")"],"removed":[""],"origin":"+input"}
2019-6-25 11:17:50.522#blur#
2019-6-25 11:17:50.710#saida_testar#$ python3 main.py
2019-6-25 11:18:32.535#mousedown#{"isTrusted":true}
2019-6-25 11:18:32.684#focus#
2019-6-25 11:18:55.102#mousedown#{"isTrusted":true}
2019-6-25 11:18:55.821#change#{"from":{"line":8,"ch":22,"sticky":"before","xRel":23.08331298828125},"to":{"line":8,"ch":22,"sticky":"before","xRel":23.08331298828125},"text":["",""],"removed":[""],"origin":"+input"}
2019-6-25 11:18:55.821#change#{"from":{"line":9,"ch":0,"sticky":null},"to":{"line":9,"ch":0,"sticky":null},"text":["\t"],"removed":[""],"origin":"+input"}
2019-6-25 11:18:55.821#keyHandled#"Enter"
2019-6-25 11:18:55.836#viewportChange#0
2019-6-25 11:18:56.753#change#{"from":{"line":9,"ch":0,"sticky":"after"},"to":{"line":9,"ch":1,"sticky":null},"text":[""],"removed":["\t"],"origin":"+delete"}
2019-6-25 11:18:56.753#keyHandled#"Backspace"
2019-6-25 11:18:57.538#change#{"from":{"line":9,"ch":0,"sticky":null},"to":{"line":9,"ch":0,"sticky":null},"text":["="],"removed":[""],"origin":"+input"}
2019-6-25 11:18:57.610#change#{"from":{"line":9,"ch":1,"sticky":null},"to":{"line":9,"ch":1,"sticky":null},"text":["x"],"removed":[""],"origin":"+input"}
2019-6-25 11:18:58.165#change#{"from":{"line":9,"ch":1,"sticky":"after"},"to":{"line":9,"ch":2,"sticky":null},"text":[""],"removed":["x"],"origin":"+delete"}
2019-6-25 11:18:58.165#keyHandled#"Backspace"
2019-6-25 11:18:58.335#change#{"from":{"line":9,"ch":0,"sticky":"after"},"to":{"line":9,"ch":1,"sticky":null},"text":[""],"removed":["="],"origin":"+delete"}
2019-6-25 11:18:58.335#keyHandled#"Backspace"
2019-6-25 11:18:58.594#change#{"from":{"line":9,"ch":0,"sticky":null},"to":{"line":9,"ch":0,"sticky":null},"text":["x"],"removed":[""],"origin":"+input"}
2019-6-25 11:18:58.793#change#{"from":{"line":9,"ch":1,"sticky":null},"to":{"line":9,"ch":1,"sticky":null},"text":["="],"removed":[""],"origin":"+input"}
2019-6-25 11:18:59.047#change#{"from":{"line":9,"ch":2,"sticky":null},"to":{"line":9,"ch":2,"sticky":null},"text":["0"],"removed":[""],"origin":"+input"}
2019-6-25 11:19:39.350#mousedown#{"isTrusted":true}
2019-6-25 11:19:40.009#change#{"from":{"line":10,"ch":14,"sticky":"after"},"to":{"line":10,"ch":15,"sticky":"before","xRel":-0.91668701171875},"text":[""],"removed":["("],"origin":"+delete"}
2019-6-25 11:19:40.009#keyHandled#"Backspace"
2019-6-25 11:19:41.174#change#{"from":{"line":10,"ch":13,"sticky":"after"},"to":{"line":10,"ch":14,"sticky":null},"text":[""],"removed":["e"],"origin":"+delete"}
2019-6-25 11:19:41.175#keyHandled#"Backspace"
2019-6-25 11:19:41.336#change#{"from":{"line":10,"ch":12,"sticky":"after"},"to":{"line":10,"ch":13,"sticky":null},"text":[""],"removed":["g"],"origin":"+delete"}
2019-6-25 11:19:41.336#keyHandled#"Backspace"
2019-6-25 11:19:41.568#change#{"from":{"line":10,"ch":11,"sticky":"after"},"to":{"line":10,"ch":12,"sticky":null},"text":[""],"removed":["n"],"origin":"+delete"}
2019-6-25 11:19:41.568#keyHandled#"Backspace"
2019-6-25 11:19:41.824#change#{"from":{"line":10,"ch":10,"sticky":"after"},"to":{"line":10,"ch":11,"sticky":null},"text":[""],"removed":["a"],"origin":"+delete"}
2019-6-25 11:19:41.824#keyHandled#"Backspace"
2019-6-25 11:19:42.091#change#{"from":{"line":10,"ch":9,"sticky":"after"},"to":{"line":10,"ch":10,"sticky":null},"text":[""],"removed":["r"],"origin":"+delete"}
2019-6-25 11:19:42.091#keyHandled#"Backspace"
2019-6-25 11:19:42.790#mousedown#{"isTrusted":true}
2019-6-25 11:19:42.954#change#{"from":{"line":10,"ch":13,"sticky":"after"},"to":{"line":10,"ch":14,"sticky":"after","xRel":3.08331298828125},"text":[""],"removed":["l"],"origin":"+delete"}
2019-6-25 11:19:42.954#keyHandled#"Backspace"
2019-6-25 11:19:44.148#change#{"from":{"line":10,"ch":13,"sticky":null},"to":{"line":10,"ch":13,"sticky":null},"text":["l"],"removed":[""],"origin":"+input"}
2019-6-25 11:19:44.576#keyHandled#"Right"
2019-6-25 11:19:44.986#change#{"from":{"line":10,"ch":14,"sticky":"after"},"to":{"line":10,"ch":15,"sticky":"before"},"text":[""],"removed":[")"],"origin":"+delete"}
2019-6-25 11:19:44.986#keyHandled#"Backspace"
2019-6-25 11:19:46.465#blur#
2019-6-25 11:21:11.941#mousedown#{"isTrusted":true}
2019-6-25 11:21:11.956#focus#
2019-6-25 11:21:12.825#change#{"from":{"line":12,"ch":10,"sticky":"before","xRel":25.08331298828125},"to":{"line":12,"ch":10,"sticky":"before","xRel":25.08331298828125},"text":["",""],"removed":[""],"origin":"+input"}
2019-6-25 11:21:12.825#change#{"from":{"line":13,"ch":0,"sticky":null},"to":{"line":13,"ch":0,"sticky":null},"text":["\t\t"],"removed":[""],"origin":"+input"}
2019-6-25 11:21:12.825#keyHandled#"Enter"
2019-6-25 11:21:12.840#viewportChange#0
2019-6-25 11:21:14.287#change#{"from":{"line":13,"ch":2,"sticky":null},"to":{"line":13,"ch":2,"sticky":null},"text":["j"],"removed":[""],"origin":"+input"}
2019-6-25 11:21:14.756#change#{"from":{"line":13,"ch":3,"sticky":null},"to":{"line":13,"ch":3,"sticky":null},"text":["="],"removed":[""],"origin":"+input"}
2019-6-25 11:21:15.073#change#{"from":{"line":13,"ch":4,"sticky":null},"to":{"line":13,"ch":4,"sticky":null},"text":["j"],"removed":[""],"origin":"+input"}
2019-6-25 11:21:15.571#change#{"from":{"line":13,"ch":5,"sticky":null},"to":{"line":13,"ch":5,"sticky":null},"text":["+"],"removed":[""],"origin":"+input"}
2019-6-25 11:21:15.789#change#{"from":{"line":13,"ch":6,"sticky":null},"to":{"line":13,"ch":6,"sticky":null},"text":["1"],"removed":[""],"origin":"+input"}
2019-6-25 11:21:17.262#change#{"from":{"line":13,"ch":6,"sticky":"after"},"to":{"line":13,"ch":7,"sticky":null},"text":[""],"removed":["1"],"origin":"+delete"}
2019-6-25 11:21:17.262#keyHandled#"Backspace"
2019-6-25 11:21:17.455#change#{"from":{"line":13,"ch":5,"sticky":"after"},"to":{"line":13,"ch":6,"sticky":null},"text":[""],"removed":["+"],"origin":"+delete"}
2019-6-25 11:21:17.455#keyHandled#"Backspace"
2019-6-25 11:21:17.628#change#{"from":{"line":13,"ch":4,"sticky":"after"},"to":{"line":13,"ch":5,"sticky":null},"text":[""],"removed":["j"],"origin":"+delete"}
2019-6-25 11:21:17.628#keyHandled#"Backspace"
2019-6-25 11:21:17.872#change#{"from":{"line":13,"ch":3,"sticky":"after"},"to":{"line":13,"ch":4,"sticky":null},"text":[""],"removed":["="],"origin":"+delete"}
2019-6-25 11:21:17.872#keyHandled#"Backspace"
2019-6-25 11:21:18.171#change#{"from":{"line":13,"ch":2,"sticky":"after"},"to":{"line":13,"ch":3,"sticky":null},"text":[""],"removed":["j"],"origin":"+delete"}
2019-6-25 11:21:18.171#keyHandled#"Backspace"
2019-6-25 11:21:18.764#change#{"from":{"line":13,"ch":2,"sticky":null},"to":{"line":13,"ch":2,"sticky":null},"text":["x"],"removed":[""],"origin":"+input"}
2019-6-25 11:21:19.070#change#{"from":{"line":13,"ch":3,"sticky":null},"to":{"line":13,"ch":3,"sticky":null},"text":["="],"removed":[""],"origin":"+input"}
2019-6-25 11:21:19.279#change#{"from":{"line":13,"ch":4,"sticky":null},"to":{"line":13,"ch":4,"sticky":null},"text":["x"],"removed":[""],"origin":"+input"}
2019-6-25 11:21:20.274#change#{"from":{"line":13,"ch":5,"sticky":null},"to":{"line":13,"ch":5,"sticky":null},"text":["+"],"removed":[""],"origin":"+input"}
2019-6-25 11:21:20.602#change#{"from":{"line":13,"ch":6,"sticky":null},"to":{"line":13,"ch":6,"sticky":null},"text":["1"],"removed":[""],"origin":"+input"}
2019-6-25 11:21:27.078#mousedown#{"isTrusted":true}
2019-6-25 11:21:27.982#change#{"from":{"line":9,"ch":2,"sticky":"after"},"to":{"line":9,"ch":3,"sticky":"before","xRel":26.08331298828125},"text":[""],"removed":["0"],"origin":"+delete"}
2019-6-25 11:21:27.982#keyHandled#"Backspace"
2019-6-25 11:21:28.089#change#{"from":{"line":9,"ch":2,"sticky":null},"to":{"line":9,"ch":2,"sticky":null},"text":["1"],"removed":[""],"origin":"+input"}
2019-6-25 11:21:29.214#mousedown#{"isTrusted":true}
2019-6-25 11:21:29.904#keyHandled#"Right"
2019-6-25 11:21:30.478#change#{"from":{"line":10,"ch":4,"sticky":"after"},"to":{"line":10,"ch":5,"sticky":"before","xRel":-3.91668701171875},"text":[""],"removed":["j"],"origin":"+delete"}
2019-6-25 11:21:30.478#keyHandled#"Backspace"
2019-6-25 11:21:30.598#change#{"from":{"line":10,"ch":4,"sticky":null},"to":{"line":10,"ch":4,"sticky":null},"text":["1"],"removed":[""],"origin":"+input"}
2019-6-25 11:21:31.188#change#{"from":{"line":10,"ch":4,"sticky":"after"},"to":{"line":10,"ch":5,"sticky":null},"text":[""],"removed":["1"],"origin":"+delete"}
2019-6-25 11:21:31.188#keyHandled#"Backspace"
2019-6-25 11:21:31.280#change#{"from":{"line":10,"ch":4,"sticky":null},"to":{"line":10,"ch":4,"sticky":null},"text":["x"],"removed":[""],"origin":"+input"}
2019-6-25 11:21:35.238#change#{"from":{"line":10,"ch":4,"sticky":"after"},"to":{"line":10,"ch":5,"sticky":null},"text":[""],"removed":["x"],"origin":"+delete"}
2019-6-25 11:21:35.238#keyHandled#"Backspace"
2019-6-25 11:21:35.599#change#{"from":{"line":10,"ch":4,"sticky":null},"to":{"line":10,"ch":4,"sticky":null},"text":["j"],"removed":[""],"origin":"+input"}
2019-6-25 11:21:47.846#mousedown#{"isTrusted":true}
2019-6-25 11:21:49.206#change#{"from":{"line":12,"ch":8,"sticky":"after"},"to":{"line":12,"ch":9,"sticky":"after","xRel":2.08331298828125},"text":[""],"removed":["j"],"origin":"+delete"}
2019-6-25 11:21:49.206#keyHandled#"Backspace"
2019-6-25 11:21:50.001#change#{"from":{"line":12,"ch":8,"sticky":null},"to":{"line":12,"ch":8,"sticky":null},"text":["x"],"removed":[""],"origin":"+input"}
2019-6-25 11:21:56.041#blur#
2019-6-25 11:21:56.641#saida_testar#$ python3 main.py
2019-6-25 11:21:56.041#blur#
2019-6-25 11:21:56.641#saida_testar#$ python3 main.py
2019-6-25 11:22:03.824#submit#Your code did not produce the correct output. Please, correct your code and try again.
2019-6-25 11:25:59.358#mousedown#{"isTrusted":true}
2019-6-25 11:25:59.375#focus#
2019-6-25 11:26:00.755#change#{"from":{"line":13,"ch":7,"sticky":"before","xRel":55.08331298828125},"to":{"line":13,"ch":7,"sticky":"before","xRel":55.08331298828125},"text":["",""],"removed":[""],"origin":"+input"}
2019-6-25 11:26:00.755#change#{"from":{"line":14,"ch":0,"sticky":null},"to":{"line":14,"ch":0,"sticky":null},"text":["\t\t"],"removed":[""],"origin":"+input"}
2019-6-25 11:26:00.755#keyHandled#"Enter"
2019-6-25 11:26:00.769#viewportChange#0
2019-6-25 11:26:01.450#change#{"from":{"line":14,"ch":1,"sticky":"after"},"to":{"line":14,"ch":2,"sticky":null},"text":[""],"removed":["\t"],"origin":"+delete"}
2019-6-25 11:26:01.450#keyHandled#"Backspace"
2019-6-25 11:26:02.061#change#{"from":{"line":14,"ch":0,"sticky":"after"},"to":{"line":14,"ch":1,"sticky":null},"text":[""],"removed":["\t"],"origin":"+delete"}
2019-6-25 11:26:02.061#keyHandled#"Backspace"
2019-6-25 11:26:09.039#saida_testar#$ python3 main.py
2019-6-25 11:26:10.625#blur#
2019-6-25 11:26:10.625#blur#
2019-6-25 11:26:22.937#submit#Your code did not produce the correct output. Please, correct your code and try again.
2019-6-25 11:27:39.182#mousedown#{"isTrusted":true}
2019-6-25 11:27:39.198#focus#
2019-6-25 11:27:40.027#change#{"from":{"line":13,"ch":7,"sticky":"before","xRel":56.08331298828125},"to":{"line":13,"ch":7,"sticky":"before","xRel":56.08331298828125},"text":["",""],"removed":[""],"origin":"+input"}
2019-6-25 11:27:40.027#change#{"from":{"line":14,"ch":0,"sticky":null},"to":{"line":14,"ch":0,"sticky":null},"text":["\t\t"],"removed":[""],"origin":"+input"}
2019-6-25 11:27:40.027#keyHandled#"Enter"
2019-6-25 11:27:40.044#viewportChange#0
2019-6-25 11:27:40.348#change#{"from":{"line":14,"ch":1,"sticky":"after"},"to":{"line":14,"ch":2,"sticky":null},"text":[""],"removed":["\t"],"origin":"+delete"}
2019-6-25 11:27:40.348#keyHandled#"Backspace"
2019-6-25 11:27:40.660#change#{"from":{"line":14,"ch":1,"sticky":null},"to":{"line":14,"ch":1,"sticky":null},"text":["e"],"removed":[""],"origin":"+input"}
2019-6-25 11:27:40.895#change#{"from":{"line":14,"ch":2,"sticky":null},"to":{"line":14,"ch":2,"sticky":null},"text":["l"],"removed":[""],"origin":"+input"}
2019-6-25 11:27:41.021#change#{"from":{"line":14,"ch":3,"sticky":null},"to":{"line":14,"ch":3,"sticky":null},"text":["s"],"removed":[""],"origin":"+input"}
2019-6-25 11:27:41.115#change#{"from":{"line":14,"ch":4,"sticky":null},"to":{"line":14,"ch":4,"sticky":null},"text":["e"],"removed":[""],"origin":"+input"}
2019-6-25 11:27:41.554#change#{"from":{"line":14,"ch":5,"sticky":null},"to":{"line":14,"ch":5,"sticky":null},"text":[":"],"removed":[""],"origin":"+input"}
2019-6-25 11:27:42.585#change#{"from":{"line":14,"ch":6,"sticky":null},"to":{"line":14,"ch":6,"sticky":null},"text":["",""],"removed":[""],"origin":"+input"}
2019-6-25 11:27:42.585#change#{"from":{"line":15,"ch":0,"sticky":null},"to":{"line":15,"ch":0,"sticky":null},"text":["\t\t"],"removed":[""],"origin":"+input"}
2019-6-25 11:27:42.585#keyHandled#"Enter"
2019-6-25 11:27:42.599#viewportChange#0
2019-6-25 11:27:43.211#change#{"from":{"line":15,"ch":2,"sticky":null},"to":{"line":15,"ch":2,"sticky":null},"text":["x"],"removed":[""],"origin":"+input"}
2019-6-25 11:27:43.638#change#{"from":{"line":15,"ch":3,"sticky":null},"to":{"line":15,"ch":3,"sticky":null},"text":["="],"removed":[""],"origin":"+input"}
2019-6-25 11:27:43.941#change#{"from":{"line":15,"ch":4,"sticky":null},"to":{"line":15,"ch":4,"sticky":null},"text":["x"],"removed":[""],"origin":"+input"}
2019-6-25 11:27:44.575#change#{"from":{"line":15,"ch":5,"sticky":null},"to":{"line":15,"ch":5,"sticky":null},"text":["+"],"removed":[""],"origin":"+input"}
2019-6-25 11:27:44.748#change#{"from":{"line":15,"ch":6,"sticky":null},"to":{"line":15,"ch":6,"sticky":null},"text":["1"],"removed":[""],"origin":"+input"}
2019-6-25 11:27:44.575#change#{"from":{"line":15,"ch":5,"sticky":null},"to":{"line":15,"ch":5,"sticky":null},"text":["+"],"removed":[""],"origin":"+input"}
2019-6-25 11:27:44.748#change#{"from":{"line":15,"ch":6,"sticky":null},"to":{"line":15,"ch":6,"sticky":null},"text":["1"],"removed":[""],"origin":"+input"}
2019-6-25 11:27:48.892#submit#Congratulations, your code is correct!
