2019-3-31 16:16:20.086#viewportChange#0
2019-3-31 16:16:46.137#mousedown#{"isTrusted":true}
2019-3-31 16:16:46.145#focus#
2019-3-31 16:16:46.264#mousedown#{"isTrusted":true}
2019-3-31 16:16:46.366#dblclick#{"isTrusted":true}
2019-3-31 16:16:58.152#change#{"from":{"line":0,"ch":4,"sticky":null},"to":{"line":0,"ch":4,"sticky":null},"text":["t"],"removed":[""],"origin":"+input"}
2019-3-31 16:16:58.871#change#{"from":{"line":0,"ch":4,"sticky":"after"},"to":{"line":0,"ch":5,"sticky":null},"text":[""],"removed":["t"],"origin":"+delete"}
2019-3-31 16:16:58.871#keyHandled#"Backspace"
2019-3-31 16:16:59.054#change#{"from":{"line":0,"ch":3,"sticky":"after"},"to":{"line":0,"ch":4,"sticky":null},"text":[""],"removed":["n"],"origin":"+delete"}
2019-3-31 16:16:59.054#keyHandled#"Backspace"
2019-3-31 16:16:59.216#change#{"from":{"line":0,"ch":2,"sticky":"after"},"to":{"line":0,"ch":3,"sticky":null},"text":[""],"removed":["i"],"origin":"+delete"}
2019-3-31 16:16:59.216#keyHandled#"Backspace"
2019-3-31 16:16:59.412#change#{"from":{"line":0,"ch":1,"sticky":"after"},"to":{"line":0,"ch":2,"sticky":null},"text":[""],"removed":["r"],"origin":"+delete"}
2019-3-31 16:16:59.412#keyHandled#"Backspace"
2019-3-31 16:16:59.697#change#{"from":{"line":0,"ch":0,"sticky":"after"},"to":{"line":0,"ch":1,"sticky":null},"text":[""],"removed":["p"],"origin":"+delete"}
2019-3-31 16:16:59.697#keyHandled#"Backspace"
2019-3-31 16:17:00.062#change#{"from":{"line":0,"ch":0,"sticky":null},"to":{"line":0,"ch":0,"sticky":null},"text":["a"],"removed":[""],"origin":"+input"}
2019-3-31 16:17:00.881#change#{"from":{"line":0,"ch":1,"sticky":null},"to":{"line":0,"ch":1,"sticky":null},"text":[" "],"removed":[""],"origin":"+input"}
2019-3-31 16:17:02.052#change#{"from":{"line":0,"ch":2,"sticky":null},"to":{"line":0,"ch":2,"sticky":null},"text":["="],"removed":[""],"origin":"+input"}
2019-3-31 16:17:02.237#change#{"from":{"line":0,"ch":3,"sticky":null},"to":{"line":0,"ch":3,"sticky":null},"text":[" "],"removed":[""],"origin":"+input"}
2019-3-31 16:17:03.702#change#{"from":{"line":0,"ch":4,"sticky":null},"to":{"line":0,"ch":4,"sticky":null},"text":["p"],"removed":[""],"origin":"+input"}
2019-3-31 16:17:03.825#change#{"from":{"line":0,"ch":5,"sticky":null},"to":{"line":0,"ch":5,"sticky":null},"text":["r"],"removed":[""],"origin":"+input"}
2019-3-31 16:17:04.001#change#{"from":{"line":0,"ch":6,"sticky":null},"to":{"line":0,"ch":6,"sticky":null},"text":["i"],"removed":[""],"origin":"+input"}
2019-3-31 16:17:04.211#change#{"from":{"line":0,"ch":7,"sticky":null},"to":{"line":0,"ch":7,"sticky":null},"text":["n"],"removed":[""],"origin":"+input"}
2019-3-31 16:17:04.363#change#{"from":{"line":0,"ch":8,"sticky":null},"to":{"line":0,"ch":8,"sticky":null},"text":["t"],"removed":[""],"origin":"+input"}
2019-3-31 16:17:05.685#change#{"from":{"line":0,"ch":9,"sticky":null},"to":{"line":0,"ch":9,"sticky":null},"text":["()"],"removed":[""],"origin":"+input"}
2019-3-31 16:17:05.685#keyHandled#"'('"
2019-3-31 16:17:06.577#change#{"from":{"line":0,"ch":10,"sticky":"after"},"to":{"line":0,"ch":10,"sticky":"after"},"text":["f"],"removed":[""],"origin":"+input"}
2019-3-31 16:17:06.728#change#{"from":{"line":0,"ch":11,"sticky":null},"to":{"line":0,"ch":11,"sticky":null},"text":["l"],"removed":[""],"origin":"+input"}
2019-3-31 16:17:06.885#change#{"from":{"line":0,"ch":12,"sticky":null},"to":{"line":0,"ch":12,"sticky":null},"text":["o"],"removed":[""],"origin":"+input"}
2019-3-31 16:17:07.085#change#{"from":{"line":0,"ch":13,"sticky":null},"to":{"line":0,"ch":13,"sticky":null},"text":["a"],"removed":[""],"origin":"+input"}
2019-3-31 16:17:07.329#change#{"from":{"line":0,"ch":14,"sticky":null},"to":{"line":0,"ch":14,"sticky":null},"text":["t"],"removed":[""],"origin":"+input"}
2019-3-31 16:17:32.159#viewportChange#0
2019-3-31 16:17:35.247#mousedown#{"isTrusted":true}
2019-3-31 16:17:35.255#focus#
2019-3-31 16:17:35.362#mousedown#{"isTrusted":true}
2019-3-31 16:17:35.444#dblclick#{"isTrusted":true}
2019-3-31 16:17:36.320#change#{"from":{"line":0,"ch":15,"sticky":null},"to":{"line":0,"ch":16,"sticky":null},"text":[""],"removed":[")"],"origin":"+delete"}
2019-3-31 16:17:36.320#keyHandled#"Backspace"
2019-3-31 16:17:36.892#change#{"from":{"line":0,"ch":14,"sticky":"after"},"to":{"line":0,"ch":15,"sticky":null},"text":[""],"removed":["t"],"origin":"+delete"}
2019-3-31 16:17:36.892#keyHandled#"Backspace"
2019-3-31 16:17:36.926#change#{"from":{"line":0,"ch":13,"sticky":"after"},"to":{"line":0,"ch":14,"sticky":null},"text":[""],"removed":["a"],"origin":"+delete"}
2019-3-31 16:17:36.926#keyHandled#"Backspace"
2019-3-31 16:17:36.960#change#{"from":{"line":0,"ch":12,"sticky":"after"},"to":{"line":0,"ch":13,"sticky":null},"text":[""],"removed":["o"],"origin":"+delete"}
2019-3-31 16:17:36.960#keyHandled#"Backspace"
2019-3-31 16:17:36.993#change#{"from":{"line":0,"ch":11,"sticky":"after"},"to":{"line":0,"ch":12,"sticky":null},"text":[""],"removed":["l"],"origin":"+delete"}
2019-3-31 16:17:36.993#keyHandled#"Backspace"
2019-3-31 16:17:37.027#change#{"from":{"line":0,"ch":10,"sticky":"after"},"to":{"line":0,"ch":11,"sticky":null},"text":[""],"removed":["f"],"origin":"+delete"}
2019-3-31 16:17:37.027#keyHandled#"Backspace"
2019-3-31 16:17:37.060#change#{"from":{"line":0,"ch":9,"sticky":"after"},"to":{"line":0,"ch":10,"sticky":null},"text":[""],"removed":["("],"origin":"+delete"}
2019-3-31 16:17:37.060#keyHandled#"Backspace"
2019-3-31 16:17:37.094#change#{"from":{"line":0,"ch":8,"sticky":"after"},"to":{"line":0,"ch":9,"sticky":null},"text":[""],"removed":["t"],"origin":"+delete"}
2019-3-31 16:17:37.094#keyHandled#"Backspace"
2019-3-31 16:17:37.289#change#{"from":{"line":0,"ch":7,"sticky":"after"},"to":{"line":0,"ch":8,"sticky":null},"text":[""],"removed":["n"],"origin":"+delete"}
2019-3-31 16:17:37.289#keyHandled#"Backspace"
2019-3-31 16:17:37.442#change#{"from":{"line":0,"ch":6,"sticky":"after"},"to":{"line":0,"ch":7,"sticky":null},"text":[""],"removed":["i"],"origin":"+delete"}
2019-3-31 16:17:37.442#keyHandled#"Backspace"
2019-3-31 16:17:37.593#change#{"from":{"line":0,"ch":5,"sticky":"after"},"to":{"line":0,"ch":6,"sticky":null},"text":[""],"removed":["r"],"origin":"+delete"}
2019-3-31 16:17:37.593#keyHandled#"Backspace"
2019-3-31 16:17:37.827#change#{"from":{"line":0,"ch":4,"sticky":"after"},"to":{"line":0,"ch":5,"sticky":null},"text":[""],"removed":["p"],"origin":"+delete"}
2019-3-31 16:17:37.827#keyHandled#"Backspace"
2019-3-31 16:17:38.496#change#{"from":{"line":0,"ch":4,"sticky":null},"to":{"line":0,"ch":4,"sticky":null},"text":["f"],"removed":[""],"origin":"+input"}
2019-3-31 16:17:38.756#change#{"from":{"line":0,"ch":5,"sticky":null},"to":{"line":0,"ch":5,"sticky":null},"text":["l"],"removed":[""],"origin":"+input"}
2019-3-31 16:17:38.947#change#{"from":{"line":0,"ch":6,"sticky":null},"to":{"line":0,"ch":6,"sticky":null},"text":["o"],"removed":[""],"origin":"+input"}
2019-3-31 16:17:39.130#change#{"from":{"line":0,"ch":7,"sticky":null},"to":{"line":0,"ch":7,"sticky":null},"text":["a"],"removed":[""],"origin":"+input"}
2019-3-31 16:17:39.439#change#{"from":{"line":0,"ch":8,"sticky":null},"to":{"line":0,"ch":8,"sticky":null},"text":["t"],"removed":[""],"origin":"+input"}
2019-3-31 16:17:40.696#change#{"from":{"line":0,"ch":9,"sticky":null},"to":{"line":0,"ch":9,"sticky":null},"text":["()"],"removed":[""],"origin":"+input"}
2019-3-31 16:17:40.696#keyHandled#"'('"
2019-3-31 16:17:42.141#change#{"from":{"line":0,"ch":10,"sticky":"after"},"to":{"line":0,"ch":10,"sticky":"after"},"text":["p"],"removed":[""],"origin":"+input"}
2019-3-31 16:17:42.360#change#{"from":{"line":0,"ch":11,"sticky":null},"to":{"line":0,"ch":11,"sticky":null},"text":["r"],"removed":[""],"origin":"+input"}
2019-3-31 16:17:42.764#change#{"from":{"line":0,"ch":12,"sticky":null},"to":{"line":0,"ch":12,"sticky":null},"text":["="],"removed":[""],"origin":"+input"}
2019-3-31 16:17:42.999#change#{"from":{"line":0,"ch":13,"sticky":null},"to":{"line":0,"ch":13,"sticky":null},"text":["="],"removed":[""],"origin":"+input"}
2019-3-31 16:17:43.536#change#{"from":{"line":0,"ch":13,"sticky":"after"},"to":{"line":0,"ch":14,"sticky":null},"text":[""],"removed":["="],"origin":"+delete"}
2019-3-31 16:17:43.536#keyHandled#"Backspace"
2019-3-31 16:17:43.725#change#{"from":{"line":0,"ch":12,"sticky":"after"},"to":{"line":0,"ch":13,"sticky":null},"text":[""],"removed":["="],"origin":"+delete"}
2019-3-31 16:17:43.725#keyHandled#"Backspace"
2019-3-31 16:17:43.862#change#{"from":{"line":0,"ch":11,"sticky":"after"},"to":{"line":0,"ch":12,"sticky":null},"text":[""],"removed":["r"],"origin":"+delete"}
2019-3-31 16:17:43.862#keyHandled#"Backspace"
2019-3-31 16:17:44.180#change#{"from":{"line":0,"ch":10,"sticky":"after"},"to":{"line":0,"ch":11,"sticky":null},"text":[""],"removed":["p"],"origin":"+delete"}
2019-3-31 16:17:44.180#keyHandled#"Backspace"
2019-3-31 16:17:45.181#change#{"from":{"line":0,"ch":10,"sticky":null},"to":{"line":0,"ch":10,"sticky":null},"text":["()"],"removed":[""],"origin":"+input"}
2019-3-31 16:17:45.181#keyHandled#"'('"
2019-3-31 16:17:46.445#keyHandled#"Left"
2019-3-31 16:17:47.092#change#{"from":{"line":0,"ch":10,"sticky":"after"},"to":{"line":0,"ch":10,"sticky":"after"},"text":["p"],"removed":[""],"origin":"+input"}
2019-3-31 16:17:47.333#change#{"from":{"line":0,"ch":11,"sticky":null},"to":{"line":0,"ch":11,"sticky":null},"text":["r"],"removed":[""],"origin":"+input"}
2019-3-31 16:17:47.583#change#{"from":{"line":0,"ch":12,"sticky":null},"to":{"line":0,"ch":12,"sticky":null},"text":["i"],"removed":[""],"origin":"+input"}
2019-3-31 16:17:47.876#change#{"from":{"line":0,"ch":13,"sticky":null},"to":{"line":0,"ch":13,"sticky":null},"text":["n"],"removed":[""],"origin":"+input"}
2019-3-31 16:17:48.154#change#{"from":{"line":0,"ch":14,"sticky":null},"to":{"line":0,"ch":14,"sticky":null},"text":["t"],"removed":[""],"origin":"+input"}
2019-3-31 16:17:49.210#keyHandled#"Right"
2019-3-31 16:17:50.679#keyHandled#"'\"'"
2019-3-31 16:17:51.790#keyHandled#"Left"
2019-3-31 16:17:54.809#change#{"from":{"line":0,"ch":17,"sticky":"after"},"to":{"line":0,"ch":17,"sticky":"after"},"text":["v"],"removed":[""],"origin":"+input"}
2019-3-31 16:17:55.010#change#{"from":{"line":0,"ch":18,"sticky":null},"to":{"line":0,"ch":18,"sticky":null},"text":["a"],"removed":[""],"origin":"+input"}
2019-3-31 16:17:55.224#change#{"from":{"line":0,"ch":19,"sticky":null},"to":{"line":0,"ch":19,"sticky":null},"text":["r"],"removed":[""],"origin":"+input"}
2019-3-31 16:17:55.452#change#{"from":{"line":0,"ch":20,"sticky":null},"to":{"line":0,"ch":20,"sticky":null},"text":["i"],"removed":[""],"origin":"+input"}
2019-3-31 16:17:55.640#change#{"from":{"line":0,"ch":21,"sticky":null},"to":{"line":0,"ch":21,"sticky":null},"text":["a"],"removed":[""],"origin":"+input"}
2019-3-31 16:17:56.824#change#{"from":{"line":0,"ch":22,"sticky":null},"to":{"line":0,"ch":22,"sticky":null},"text":["v"],"removed":[""],"origin":"+input"}
2019-3-31 16:17:58.192#change#{"from":{"line":0,"ch":23,"sticky":null},"to":{"line":0,"ch":23,"sticky":null},"text":["é"],"removed":[""],"origin":"+input"}
2019-3-31 16:17:59.442#change#{"from":{"line":0,"ch":24,"sticky":null},"to":{"line":0,"ch":24,"sticky":null},"text":["l"],"removed":[""],"origin":"+input"}
2019-3-31 16:18:00.691#change#{"from":{"line":0,"ch":25,"sticky":null},"to":{"line":0,"ch":25,"sticky":null},"text":[" "],"removed":[""],"origin":"+input"}
2019-3-31 16:18:01.154#change#{"from":{"line":0,"ch":26,"sticky":null},"to":{"line":0,"ch":26,"sticky":null},"text":["a"],"removed":[""],"origin":"+input"}
2019-3-31 16:18:02.639#change#{"from":{"line":0,"ch":27,"sticky":null},"to":{"line":0,"ch":27,"sticky":null},"text":[":"],"removed":[""],"origin":"+input"}
2019-3-31 16:18:03.117#change#{"from":{"line":0,"ch":28,"sticky":null},"to":{"line":0,"ch":28,"sticky":null},"text":[" "],"removed":[""],"origin":"+input"}
2019-3-31 16:18:04.826#keyHandled#"Right"
2019-3-31 16:18:05.116#keyHandled#"Right"
2019-3-31 16:18:05.305#keyHandled#"Right"
2019-3-31 16:18:06.038#change#{"from":{"line":0,"ch":32,"sticky":"before"},"to":{"line":0,"ch":32,"sticky":"before"},"text":["",""],"removed":[""],"origin":"+input"}
2019-3-31 16:18:06.038#keyHandled#"Enter"
2019-3-31 16:18:06.045#viewportChange#0
2019-3-31 16:18:07.208#change#{"from":{"line":1,"ch":0,"sticky":null},"to":{"line":1,"ch":0,"sticky":null},"text":["b"],"removed":[""],"origin":"+input"}
2019-3-31 16:18:07.767#change#{"from":{"line":1,"ch":1,"sticky":null},"to":{"line":1,"ch":1,"sticky":null},"text":[" "],"removed":[""],"origin":"+input"}
2019-3-31 16:18:07.967#change#{"from":{"line":1,"ch":2,"sticky":null},"to":{"line":1,"ch":2,"sticky":null},"text":["="],"removed":[""],"origin":"+input"}
2019-3-31 16:18:08.090#change#{"from":{"line":1,"ch":3,"sticky":null},"to":{"line":1,"ch":3,"sticky":null},"text":[" "],"removed":[""],"origin":"+input"}
2019-3-31 16:18:08.970#change#{"from":{"line":1,"ch":4,"sticky":null},"to":{"line":1,"ch":4,"sticky":null},"text":["f"],"removed":[""],"origin":"+input"}
2019-3-31 16:18:09.142#change#{"from":{"line":1,"ch":5,"sticky":null},"to":{"line":1,"ch":5,"sticky":null},"text":["l"],"removed":[""],"origin":"+input"}
2019-3-31 16:18:09.307#change#{"from":{"line":1,"ch":6,"sticky":null},"to":{"line":1,"ch":6,"sticky":null},"text":["o"],"removed":[""],"origin":"+input"}
2019-3-31 16:18:09.442#change#{"from":{"line":1,"ch":7,"sticky":null},"to":{"line":1,"ch":7,"sticky":null},"text":["a"],"removed":[""],"origin":"+input"}
2019-3-31 16:18:09.673#change#{"from":{"line":1,"ch":8,"sticky":null},"to":{"line":1,"ch":8,"sticky":null},"text":["t"],"removed":[""],"origin":"+input"}
2019-3-31 16:18:10.906#change#{"from":{"line":1,"ch":9,"sticky":null},"to":{"line":1,"ch":9,"sticky":null},"text":["()"],"removed":[""],"origin":"+input"}
2019-3-31 16:18:10.906#keyHandled#"'('"
2019-3-31 16:18:11.089#change#{"from":{"line":1,"ch":10,"sticky":"after"},"to":{"line":1,"ch":10,"sticky":"after"},"text":["()"],"removed":[""],"origin":"+input"}
2019-3-31 16:18:11.089#keyHandled#"'('"
2019-3-31 16:18:12.022#keyHandled#"Left"
2019-3-31 16:18:15.104#keyHandled#"Up"
2019-3-31 16:18:15.879#keyHandled#"Right"
2019-3-31 16:18:16.055#keyHandled#"Right"
2019-3-31 16:18:16.219#keyHandled#"Right"
2019-3-31 16:18:16.366#keyHandled#"Right"
2019-3-31 16:18:16.789#keyHandled#"Right"
2019-3-31 16:18:17.391#change#{"from":{"line":0,"ch":14,"sticky":"after"},"to":{"line":0,"ch":15,"sticky":"before"},"text":[""],"removed":["t"],"origin":"+delete"}
2019-3-31 16:18:17.391#keyHandled#"Backspace"
2019-3-31 16:18:17.556#change#{"from":{"line":0,"ch":13,"sticky":"after"},"to":{"line":0,"ch":14,"sticky":null},"text":[""],"removed":["n"],"origin":"+delete"}
2019-3-31 16:18:17.556#keyHandled#"Backspace"
2019-3-31 16:18:17.715#change#{"from":{"line":0,"ch":12,"sticky":"after"},"to":{"line":0,"ch":13,"sticky":null},"text":[""],"removed":["i"],"origin":"+delete"}
2019-3-31 16:18:17.715#keyHandled#"Backspace"
2019-3-31 16:18:17.868#change#{"from":{"line":0,"ch":11,"sticky":"after"},"to":{"line":0,"ch":12,"sticky":null},"text":[""],"removed":["r"],"origin":"+delete"}
2019-3-31 16:18:17.868#keyHandled#"Backspace"
2019-3-31 16:18:18.047#change#{"from":{"line":0,"ch":10,"sticky":"after"},"to":{"line":0,"ch":11,"sticky":null},"text":[""],"removed":["p"],"origin":"+delete"}
2019-3-31 16:18:18.047#keyHandled#"Backspace"
2019-3-31 16:18:18.904#change#{"from":{"line":0,"ch":10,"sticky":null},"to":{"line":0,"ch":10,"sticky":null},"text":["i"],"removed":[""],"origin":"+input"}
2019-3-31 16:18:19.100#change#{"from":{"line":0,"ch":11,"sticky":null},"to":{"line":0,"ch":11,"sticky":null},"text":["n"],"removed":[""],"origin":"+input"}
2019-3-31 16:18:21.040#change#{"from":{"line":0,"ch":12,"sticky":null},"to":{"line":0,"ch":12,"sticky":null},"text":["p"],"removed":[""],"origin":"+input"}
2019-3-31 16:18:21.230#change#{"from":{"line":0,"ch":13,"sticky":null},"to":{"line":0,"ch":13,"sticky":null},"text":["u"],"removed":[""],"origin":"+input"}
2019-3-31 16:18:21.932#change#{"from":{"line":0,"ch":14,"sticky":null},"to":{"line":0,"ch":14,"sticky":null},"text":["t"],"removed":[""],"origin":"+input"}
2019-3-31 16:18:22.852#keyHandled#"Down"
2019-3-31 16:18:23.871#keyHandled#"Left"
2019-3-31 16:18:24.097#keyHandled#"Left"
2019-3-31 16:18:24.404#keyHandled#"Left"
2019-3-31 16:18:25.056#change#{"from":{"line":1,"ch":10,"sticky":"after"},"to":{"line":1,"ch":10,"sticky":"after"},"text":["i"],"removed":[""],"origin":"+input"}
2019-3-31 16:18:25.587#change#{"from":{"line":1,"ch":11,"sticky":null},"to":{"line":1,"ch":11,"sticky":null},"text":["n"],"removed":[""],"origin":"+input"}
2019-3-31 16:18:25.769#change#{"from":{"line":1,"ch":12,"sticky":null},"to":{"line":1,"ch":12,"sticky":null},"text":["p"],"removed":[""],"origin":"+input"}
2019-3-31 16:18:26.274#change#{"from":{"line":1,"ch":13,"sticky":null},"to":{"line":1,"ch":13,"sticky":null},"text":["u"],"removed":[""],"origin":"+input"}
2019-3-31 16:18:26.505#change#{"from":{"line":1,"ch":14,"sticky":null},"to":{"line":1,"ch":14,"sticky":null},"text":["t"],"removed":[""],"origin":"+input"}
2019-3-31 16:18:27.333#keyHandled#"Right"
2019-3-31 16:18:28.261#change#{"from":{"line":1,"ch":16,"sticky":"before"},"to":{"line":1,"ch":16,"sticky":"before"},"text":["\"\""],"removed":[""],"origin":"+input"}
2019-3-31 16:18:28.261#keyHandled#"'\"'"
2019-3-31 16:18:28.415#keyHandled#"'\"'"
2019-3-31 16:18:29.845#keyHandled#"Left"
2019-3-31 16:18:31.599#change#{"from":{"line":1,"ch":17,"sticky":"after"},"to":{"line":1,"ch":17,"sticky":"after"},"text":["v"],"removed":[""],"origin":"+input"}
2019-3-31 16:18:32.150#change#{"from":{"line":1,"ch":18,"sticky":null},"to":{"line":1,"ch":18,"sticky":null},"text":["a"],"removed":[""],"origin":"+input"}
2019-3-31 16:18:32.354#change#{"from":{"line":1,"ch":19,"sticky":null},"to":{"line":1,"ch":19,"sticky":null},"text":["r"],"removed":[""],"origin":"+input"}
2019-3-31 16:18:32.602#change#{"from":{"line":1,"ch":20,"sticky":null},"to":{"line":1,"ch":20,"sticky":null},"text":["i"],"removed":[""],"origin":"+input"}
2019-3-31 16:18:32.867#change#{"from":{"line":1,"ch":21,"sticky":null},"to":{"line":1,"ch":21,"sticky":null},"text":["a"],"removed":[""],"origin":"+input"}
2019-3-31 16:18:34.116#change#{"from":{"line":1,"ch":22,"sticky":null},"to":{"line":1,"ch":22,"sticky":null},"text":["v"],"removed":[""],"origin":"+input"}
2019-3-31 16:18:35.615#change#{"from":{"line":1,"ch":23,"sticky":null},"to":{"line":1,"ch":23,"sticky":null},"text":["e"],"removed":[""],"origin":"+input"}
2019-3-31 16:18:35.772#change#{"from":{"line":1,"ch":24,"sticky":null},"to":{"line":1,"ch":24,"sticky":null},"text":["l"],"removed":[""],"origin":"+input"}
2019-3-31 16:18:37.067#change#{"from":{"line":1,"ch":25,"sticky":null},"to":{"line":1,"ch":25,"sticky":null},"text":[" "],"removed":[""],"origin":"+input"}
2019-3-31 16:18:37.336#change#{"from":{"line":1,"ch":26,"sticky":null},"to":{"line":1,"ch":26,"sticky":null},"text":["b"],"removed":[""],"origin":"+input"}
2019-3-31 16:18:38.948#change#{"from":{"line":1,"ch":27,"sticky":null},"to":{"line":1,"ch":27,"sticky":null},"text":[":"],"removed":[""],"origin":"+input"}
2019-3-31 16:18:39.569#change#{"from":{"line":1,"ch":28,"sticky":null},"to":{"line":1,"ch":28,"sticky":null},"text":[" "],"removed":[""],"origin":"+input"}
2019-3-31 16:18:41.123#keyHandled#"Left"
2019-3-31 16:18:41.292#keyHandled#"Left"
2019-3-31 16:18:41.490#keyHandled#"Left"
2019-3-31 16:18:41.663#keyHandled#"Left"
2019-3-31 16:18:41.934#keyHandled#"Left"
2019-3-31 16:18:42.897#change#{"from":{"line":0,"ch":23,"sticky":"after"},"to":{"line":0,"ch":24,"sticky":"after"},"text":[""],"removed":["é"],"origin":"+delete"}
2019-3-31 16:18:42.897#keyHandled#"Backspace"
2019-3-31 16:18:43.045#change#{"from":{"line":0,"ch":23,"sticky":null},"to":{"line":0,"ch":23,"sticky":null},"text":["e"],"removed":[""],"origin":"+input"}
2019-3-31 16:18:43.992#keyHandled#"Down"
2019-3-31 16:18:44.482#keyHandled#"Right"
2019-3-31 16:18:44.672#keyHandled#"Right"
2019-3-31 16:18:44.849#keyHandled#"Right"
2019-3-31 16:18:45.040#keyHandled#"Right"
2019-3-31 16:18:45.205#keyHandled#"Right"
2019-3-31 16:18:45.381#keyHandled#"Right"
2019-3-31 16:18:45.578#keyHandled#"Right"
2019-3-31 16:18:45.806#keyHandled#"Right"
2019-3-31 16:18:46.524#change#{"from":{"line":1,"ch":32,"sticky":"before"},"to":{"line":1,"ch":32,"sticky":"before"},"text":["",""],"removed":[""],"origin":"+input"}
2019-3-31 16:18:46.524#keyHandled#"Enter"
2019-3-31 16:18:46.532#viewportChange#0
2019-3-31 16:18:47.920#change#{"from":{"line":2,"ch":0,"sticky":null},"to":{"line":2,"ch":0,"sticky":null},"text":["c"],"removed":[""],"origin":"+input"}
2019-3-31 16:18:48.498#change#{"from":{"line":2,"ch":1,"sticky":null},"to":{"line":2,"ch":1,"sticky":null},"text":[" "],"removed":[""],"origin":"+input"}
2019-3-31 16:18:48.682#change#{"from":{"line":2,"ch":2,"sticky":null},"to":{"line":2,"ch":2,"sticky":null},"text":["="],"removed":[""],"origin":"+input"}
2019-3-31 16:18:48.819#change#{"from":{"line":2,"ch":3,"sticky":null},"to":{"line":2,"ch":3,"sticky":null},"text":[" "],"removed":[""],"origin":"+input"}
2019-3-31 16:19:04.311#change#{"from":{"line":2,"ch":4,"sticky":null},"to":{"line":2,"ch":4,"sticky":null},"text":["f"],"removed":[""],"origin":"+input"}
2019-3-31 16:19:04.608#change#{"from":{"line":2,"ch":5,"sticky":null},"to":{"line":2,"ch":5,"sticky":null},"text":["l"],"removed":[""],"origin":"+input"}
2019-3-31 16:19:04.859#change#{"from":{"line":2,"ch":6,"sticky":null},"to":{"line":2,"ch":6,"sticky":null},"text":["o"],"removed":[""],"origin":"+input"}
2019-3-31 16:19:04.992#change#{"from":{"line":2,"ch":7,"sticky":null},"to":{"line":2,"ch":7,"sticky":null},"text":["a"],"removed":[""],"origin":"+input"}
2019-3-31 16:19:05.327#change#{"from":{"line":2,"ch":8,"sticky":null},"to":{"line":2,"ch":8,"sticky":null},"text":["t"],"removed":[""],"origin":"+input"}
2019-3-31 16:19:06.876#change#{"from":{"line":2,"ch":9,"sticky":null},"to":{"line":2,"ch":9,"sticky":null},"text":["()"],"removed":[""],"origin":"+input"}
2019-3-31 16:19:06.876#keyHandled#"'('"
2019-3-31 16:19:07.006#change#{"from":{"line":2,"ch":10,"sticky":"after"},"to":{"line":2,"ch":10,"sticky":"after"},"text":["()"],"removed":[""],"origin":"+input"}
2019-3-31 16:19:07.006#keyHandled#"'('"
2019-3-31 16:19:08.079#keyHandled#"Left"
2019-3-31 16:19:09.126#change#{"from":{"line":2,"ch":10,"sticky":"after"},"to":{"line":2,"ch":10,"sticky":"after"},"text":["i"],"removed":[""],"origin":"+input"}
2019-3-31 16:19:09.403#change#{"from":{"line":2,"ch":11,"sticky":null},"to":{"line":2,"ch":11,"sticky":null},"text":["n"],"removed":[""],"origin":"+input"}
2019-3-31 16:19:09.710#change#{"from":{"line":2,"ch":12,"sticky":null},"to":{"line":2,"ch":12,"sticky":null},"text":["p"],"removed":[""],"origin":"+input"}
2019-3-31 16:19:11.376#change#{"from":{"line":2,"ch":13,"sticky":null},"to":{"line":2,"ch":13,"sticky":null},"text":["u"],"removed":[""],"origin":"+input"}
2019-3-31 16:19:11.891#change#{"from":{"line":2,"ch":14,"sticky":null},"to":{"line":2,"ch":14,"sticky":null},"text":["t"],"removed":[""],"origin":"+input"}
2019-3-31 16:19:12.893#keyHandled#"Right"
2019-3-31 16:19:13.826#change#{"from":{"line":2,"ch":16,"sticky":"before"},"to":{"line":2,"ch":16,"sticky":"before"},"text":["\"\""],"removed":[""],"origin":"+input"}
2019-3-31 16:19:13.826#keyHandled#"'\"'"
2019-3-31 16:19:13.969#keyHandled#"'\"'"
2019-3-31 16:19:15.202#keyHandled#"Left"
2019-3-31 16:19:15.668#change#{"from":{"line":2,"ch":17,"sticky":"after"},"to":{"line":2,"ch":17,"sticky":"after"},"text":["v"],"removed":[""],"origin":"+input"}
2019-3-31 16:19:16.202#change#{"from":{"line":2,"ch":18,"sticky":null},"to":{"line":2,"ch":18,"sticky":null},"text":["a"],"removed":[""],"origin":"+input"}
2019-3-31 16:19:16.585#change#{"from":{"line":2,"ch":19,"sticky":null},"to":{"line":2,"ch":19,"sticky":null},"text":["r"],"removed":[""],"origin":"+input"}
2019-3-31 16:19:16.792#change#{"from":{"line":2,"ch":20,"sticky":null},"to":{"line":2,"ch":20,"sticky":null},"text":["i"],"removed":[""],"origin":"+input"}
2019-3-31 16:19:16.919#change#{"from":{"line":2,"ch":21,"sticky":null},"to":{"line":2,"ch":21,"sticky":null},"text":["a"],"removed":[""],"origin":"+input"}
2019-3-31 16:19:17.889#change#{"from":{"line":2,"ch":22,"sticky":null},"to":{"line":2,"ch":22,"sticky":null},"text":["v"],"removed":[""],"origin":"+input"}
2019-3-31 16:19:18.135#change#{"from":{"line":2,"ch":23,"sticky":null},"to":{"line":2,"ch":23,"sticky":null},"text":["e"],"removed":[""],"origin":"+input"}
2019-3-31 16:19:18.358#change#{"from":{"line":2,"ch":24,"sticky":null},"to":{"line":2,"ch":24,"sticky":null},"text":["l"],"removed":[""],"origin":"+input"}
2019-3-31 16:19:20.113#change#{"from":{"line":2,"ch":25,"sticky":null},"to":{"line":2,"ch":25,"sticky":null},"text":[" "],"removed":[""],"origin":"+input"}
2019-3-31 16:19:20.785#change#{"from":{"line":2,"ch":26,"sticky":null},"to":{"line":2,"ch":26,"sticky":null},"text":["c"],"removed":[""],"origin":"+input"}
2019-3-31 16:19:22.557#change#{"from":{"line":2,"ch":27,"sticky":null},"to":{"line":2,"ch":27,"sticky":null},"text":[":"],"removed":[""],"origin":"+input"}
2019-3-31 16:19:23.106#change#{"from":{"line":2,"ch":28,"sticky":null},"to":{"line":2,"ch":28,"sticky":null},"text":[" "],"removed":[""],"origin":"+input"}
2019-3-31 16:19:24.876#keyHandled#"Right"
2019-3-31 16:19:25.064#keyHandled#"Right"
2019-3-31 16:19:25.286#keyHandled#"Right"
2019-3-31 16:19:25.968#change#{"from":{"line":2,"ch":32,"sticky":"before"},"to":{"line":2,"ch":32,"sticky":"before"},"text":["",""],"removed":[""],"origin":"+input"}
2019-3-31 16:19:25.968#keyHandled#"Enter"
2019-3-31 16:19:25.975#viewportChange#0
2019-3-31 16:19:41.269#change#{"from":{"line":3,"ch":0,"sticky":null},"to":{"line":3,"ch":0,"sticky":null},"text":["",""],"removed":[""],"origin":"+input"}
2019-3-31 16:19:41.269#keyHandled#"Enter"
2019-3-31 16:19:41.273#viewportChange#0
2019-3-31 16:19:42.891#change#{"from":{"line":4,"ch":0,"sticky":null},"to":{"line":4,"ch":0,"sticky":null},"text":["r"],"removed":[""],"origin":"+input"}
2019-3-31 16:19:43.069#change#{"from":{"line":4,"ch":1,"sticky":null},"to":{"line":4,"ch":1,"sticky":null},"text":["o"],"removed":[""],"origin":"+input"}
2019-3-31 16:19:43.353#change#{"from":{"line":4,"ch":2,"sticky":null},"to":{"line":4,"ch":2,"sticky":null},"text":["u"],"removed":[""],"origin":"+input"}
2019-3-31 16:19:43.552#change#{"from":{"line":4,"ch":3,"sticky":null},"to":{"line":4,"ch":3,"sticky":null},"text":["n"],"removed":[""],"origin":"+input"}
2019-3-31 16:19:43.758#change#{"from":{"line":4,"ch":4,"sticky":null},"to":{"line":4,"ch":4,"sticky":null},"text":["d"],"removed":[""],"origin":"+input"}
2019-3-31 16:19:44.895#change#{"from":{"line":4,"ch":5,"sticky":null},"to":{"line":4,"ch":5,"sticky":null},"text":["()"],"removed":[""],"origin":"+input"}
2019-3-31 16:19:44.895#keyHandled#"'('"
2019-3-31 16:19:50.634#change#{"from":{"line":4,"ch":6,"sticky":"after"},"to":{"line":4,"ch":7,"sticky":null},"text":[""],"removed":["p"],"origin":"+delete"}
2019-3-31 16:19:50.634#keyHandled#"Backspace"
2019-3-31 16:19:50.875#change#{"from":{"line":4,"ch":5,"sticky":null},"to":{"line":4,"ch":7,"sticky":null},"text":[""],"removed":["()"],"origin":"+delete"}
2019-3-31 16:19:50.875#keyHandled#"Backspace"
2019-3-31 16:19:51.286#change#{"from":{"line":4,"ch":4,"sticky":"after"},"to":{"line":4,"ch":5,"sticky":null},"text":[""],"removed":["d"],"origin":"+delete"}
2019-3-31 16:19:51.286#keyHandled#"Backspace"
2019-3-31 16:19:51.459#change#{"from":{"line":4,"ch":3,"sticky":"after"},"to":{"line":4,"ch":4,"sticky":null},"text":[""],"removed":["n"],"origin":"+delete"}
2019-3-31 16:19:51.459#keyHandled#"Backspace"
2019-3-31 16:19:51.626#change#{"from":{"line":4,"ch":2,"sticky":"after"},"to":{"line":4,"ch":3,"sticky":null},"text":[""],"removed":["u"],"origin":"+delete"}
2019-3-31 16:19:51.626#keyHandled#"Backspace"
2019-3-31 16:19:51.795#change#{"from":{"line":4,"ch":1,"sticky":"after"},"to":{"line":4,"ch":2,"sticky":null},"text":[""],"removed":["o"],"origin":"+delete"}
2019-3-31 16:19:51.795#keyHandled#"Backspace"
2019-3-31 16:19:52.161#change#{"from":{"line":4,"ch":0,"sticky":"after"},"to":{"line":4,"ch":1,"sticky":null},"text":[""],"removed":["r"],"origin":"+delete"}
2019-3-31 16:19:52.161#keyHandled#"Backspace"
2019-3-31 16:19:52.837#change#{"from":{"line":4,"ch":0,"sticky":null},"to":{"line":4,"ch":0,"sticky":null},"text":["p"],"removed":[""],"origin":"+input"}
2019-3-31 16:19:53.046#change#{"from":{"line":4,"ch":1,"sticky":null},"to":{"line":4,"ch":1,"sticky":null},"text":["r"],"removed":[""],"origin":"+input"}
2019-3-31 16:19:53.227#change#{"from":{"line":4,"ch":2,"sticky":null},"to":{"line":4,"ch":2,"sticky":null},"text":["i"],"removed":[""],"origin":"+input"}
2019-3-31 16:19:53.452#change#{"from":{"line":4,"ch":3,"sticky":null},"to":{"line":4,"ch":3,"sticky":null},"text":["n"],"removed":[""],"origin":"+input"}
2019-3-31 16:19:53.838#change#{"from":{"line":4,"ch":4,"sticky":null},"to":{"line":4,"ch":4,"sticky":null},"text":["t"],"removed":[""],"origin":"+input"}
2019-3-31 16:19:55.026#change#{"from":{"line":4,"ch":5,"sticky":null},"to":{"line":4,"ch":5,"sticky":null},"text":["()"],"removed":[""],"origin":"+input"}
2019-3-31 16:19:55.026#keyHandled#"'('"
2019-3-31 16:19:55.823#change#{"from":{"line":4,"ch":6,"sticky":"after"},"to":{"line":4,"ch":6,"sticky":"after"},"text":["r"],"removed":[""],"origin":"+input"}
2019-3-31 16:19:55.952#change#{"from":{"line":4,"ch":7,"sticky":null},"to":{"line":4,"ch":7,"sticky":null},"text":["o"],"removed":[""],"origin":"+input"}
2019-3-31 16:19:56.213#change#{"from":{"line":4,"ch":8,"sticky":null},"to":{"line":4,"ch":8,"sticky":null},"text":["u"],"removed":[""],"origin":"+input"}
2019-3-31 16:19:56.394#change#{"from":{"line":4,"ch":9,"sticky":null},"to":{"line":4,"ch":9,"sticky":null},"text":["n"],"removed":[""],"origin":"+input"}
2019-3-31 16:19:56.594#change#{"from":{"line":4,"ch":10,"sticky":null},"to":{"line":4,"ch":10,"sticky":null},"text":["d"],"removed":[""],"origin":"+input"}
2019-3-31 16:19:58.993#change#{"from":{"line":4,"ch":11,"sticky":null},"to":{"line":4,"ch":11,"sticky":null},"text":["()"],"removed":[""],"origin":"+input"}
2019-3-31 16:19:58.993#keyHandled#"'('"
2019-3-31 16:20:01.195#change#{"from":{"line":4,"ch":12,"sticky":"after"},"to":{"line":4,"ch":12,"sticky":"after"},"text":[" "],"removed":[""],"origin":"+input"}
2019-3-31 16:20:01.367#change#{"from":{"line":4,"ch":13,"sticky":null},"to":{"line":4,"ch":13,"sticky":null},"text":[","],"removed":[""],"origin":"+input"}
2019-3-31 16:20:01.516#change#{"from":{"line":4,"ch":14,"sticky":null},"to":{"line":4,"ch":14,"sticky":null},"text":[" "],"removed":[""],"origin":"+input"}
2019-3-31 16:20:05.485#change#{"from":{"line":4,"ch":15,"sticky":null},"to":{"line":4,"ch":15,"sticky":null},"text":["7"],"removed":[""],"origin":"+input"}
2019-3-31 16:20:07.397#keyHandled#"Up"
2019-3-31 16:20:08.549#change#{"from":{"line":3,"ch":0,"sticky":"after","xRel":128},"to":{"line":3,"ch":0,"sticky":"after","xRel":128},"text":["",""],"removed":[""],"origin":"+input"}
2019-3-31 16:20:08.549#keyHandled#"Enter"
2019-3-31 16:20:08.553#viewportChange#0
2019-3-31 16:20:26.501#change#{"from":{"line":4,"ch":0,"sticky":null},"to":{"line":4,"ch":0,"sticky":null},"text":["d"],"removed":[""],"origin":"+input"}
2019-3-31 16:20:28.445#change#{"from":{"line":4,"ch":1,"sticky":null},"to":{"line":4,"ch":1,"sticky":null},"text":[" "],"removed":[""],"origin":"+input"}
2019-3-31 16:20:29.175#change#{"from":{"line":4,"ch":1,"sticky":"after"},"to":{"line":4,"ch":2,"sticky":null},"text":[""],"removed":[" "],"origin":"+delete"}
2019-3-31 16:20:29.175#keyHandled#"Backspace"
2019-3-31 16:20:29.362#change#{"from":{"line":4,"ch":1,"sticky":null},"to":{"line":4,"ch":1,"sticky":null},"text":["e"],"removed":[""],"origin":"+input"}
2019-3-31 16:20:29.559#change#{"from":{"line":4,"ch":2,"sticky":null},"to":{"line":4,"ch":2,"sticky":null},"text":["n"],"removed":[""],"origin":"+input"}
2019-3-31 16:20:31.155#change#{"from":{"line":4,"ch":3,"sticky":null},"to":{"line":4,"ch":3,"sticky":null},"text":[" "],"removed":[""],"origin":"+input"}
2019-3-31 16:20:32.448#change#{"from":{"line":4,"ch":4,"sticky":null},"to":{"line":4,"ch":4,"sticky":null},"text":["="],"removed":[""],"origin":"+input"}
2019-3-31 16:20:32.693#change#{"from":{"line":4,"ch":5,"sticky":null},"to":{"line":4,"ch":5,"sticky":null},"text":[" "],"removed":[""],"origin":"+input"}
2019-3-31 16:20:34.312#change#{"from":{"line":4,"ch":6,"sticky":null},"to":{"line":4,"ch":6,"sticky":null},"text":["a"],"removed":[""],"origin":"+input"}
2019-3-31 16:20:40.270#change#{"from":{"line":4,"ch":7,"sticky":null},"to":{"line":4,"ch":7,"sticky":null},"text":["*"],"removed":[""],"origin":"+input"}
2019-3-31 16:20:40.411#change#{"from":{"line":4,"ch":8,"sticky":null},"to":{"line":4,"ch":8,"sticky":null},"text":["*"],"removed":[""],"origin":"+input"}
2019-3-31 16:20:42.537#change#{"from":{"line":4,"ch":9,"sticky":null},"to":{"line":4,"ch":9,"sticky":null},"text":["2"],"removed":[""],"origin":"+input"}
2019-3-31 16:20:45.772#change#{"from":{"line":4,"ch":10,"sticky":null},"to":{"line":4,"ch":10,"sticky":null},"text":[" "],"removed":[""],"origin":"+input"}
2019-3-31 16:20:48.171#change#{"from":{"line":4,"ch":11,"sticky":null},"to":{"line":4,"ch":11,"sticky":null},"text":["+"],"removed":[""],"origin":"+input"}
2019-3-31 16:20:49.708#change#{"from":{"line":4,"ch":12,"sticky":null},"to":{"line":4,"ch":12,"sticky":null},"text":[" "],"removed":[""],"origin":"+input"}
2019-3-31 16:20:52.623#change#{"from":{"line":4,"ch":13,"sticky":null},"to":{"line":4,"ch":13,"sticky":null},"text":["b"],"removed":[""],"origin":"+input"}
2019-3-31 16:20:54.801#keyHandled#"Left"
2019-3-31 16:20:54.963#keyHandled#"Left"
2019-3-31 16:20:55.113#keyHandled#"Left"
2019-3-31 16:20:55.253#keyHandled#"Left"
2019-3-31 16:20:55.408#keyHandled#"Left"
2019-3-31 16:20:55.566#keyHandled#"Left"
2019-3-31 16:20:55.789#keyHandled#"Left"
2019-3-31 16:20:56.571#change#{"from":{"line":4,"ch":7,"sticky":"after"},"to":{"line":4,"ch":7,"sticky":"after"},"text":[" "],"removed":[""],"origin":"+input"}
2019-3-31 16:20:56.796#keyHandled#"Right"
2019-3-31 16:20:56.988#keyHandled#"Right"
2019-3-31 16:20:57.349#change#{"from":{"line":4,"ch":10,"sticky":"before"},"to":{"line":4,"ch":10,"sticky":"before"},"text":[" "],"removed":[""],"origin":"+input"}
2019-3-31 16:20:58.290#keyHandled#"Left"
2019-3-31 16:20:58.460#keyHandled#"Left"
2019-3-31 16:20:58.632#keyHandled#"Left"
2019-3-31 16:20:58.792#keyHandled#"Left"
2019-3-31 16:20:58.964#keyHandled#"Left"
2019-3-31 16:21:00.060#change#{"from":{"line":4,"ch":6,"sticky":"after"},"to":{"line":4,"ch":6,"sticky":"after"},"text":["("],"removed":[""],"origin":"+input"}
2019-3-31 16:21:00.676#keyHandled#"Right"
2019-3-31 16:21:00.848#keyHandled#"Right"
2019-3-31 16:21:01.020#keyHandled#"Right"
2019-3-31 16:21:01.230#keyHandled#"Right"
2019-3-31 16:21:02.183#change#{"from":{"line":4,"ch":13,"sticky":"before"},"to":{"line":4,"ch":13,"sticky":"before"},"text":[")"],"removed":[""],"origin":"+input"}
2019-3-31 16:21:02.447#keyHandled#"Right"
2019-3-31 16:21:02.675#keyHandled#"Right"
2019-3-31 16:21:02.913#keyHandled#"Right"
2019-3-31 16:21:03.992#change#{"from":{"line":4,"ch":17,"sticky":"before"},"to":{"line":4,"ch":17,"sticky":"before"},"text":["("],"removed":[""],"origin":"+input"}
2019-3-31 16:21:04.987#keyHandled#"Right"
2019-3-31 16:21:06.339#change#{"from":{"line":4,"ch":19,"sticky":"before"},"to":{"line":4,"ch":19,"sticky":"before"},"text":[" "],"removed":[""],"origin":"+input"}
2019-3-31 16:21:08.088#change#{"from":{"line":4,"ch":20,"sticky":null},"to":{"line":4,"ch":20,"sticky":null},"text":["*"],"removed":[""],"origin":"+input"}
2019-3-31 16:21:08.223#change#{"from":{"line":4,"ch":21,"sticky":null},"to":{"line":4,"ch":21,"sticky":null},"text":["*"],"removed":[""],"origin":"+input"}
2019-3-31 16:21:09.352#change#{"from":{"line":4,"ch":22,"sticky":null},"to":{"line":4,"ch":22,"sticky":null},"text":[" "],"removed":[""],"origin":"+input"}
2019-3-31 16:21:09.621#change#{"from":{"line":4,"ch":23,"sticky":null},"to":{"line":4,"ch":23,"sticky":null},"text":["2"],"removed":[""],"origin":"+input"}
2019-3-31 16:21:09.858#change#{"from":{"line":4,"ch":24,"sticky":null},"to":{"line":4,"ch":24,"sticky":null},"text":[" "],"removed":[""],"origin":"+input"}
2019-3-31 16:21:10.980#change#{"from":{"line":4,"ch":24,"sticky":"after"},"to":{"line":4,"ch":25,"sticky":null},"text":[""],"removed":[" "],"origin":"+delete"}
2019-3-31 16:21:10.980#keyHandled#"Backspace"
2019-3-31 16:21:11.724#change#{"from":{"line":4,"ch":24,"sticky":null},"to":{"line":4,"ch":24,"sticky":null},"text":[")"],"removed":[""],"origin":"+input"}
2019-3-31 16:21:13.563#change#{"from":{"line":4,"ch":25,"sticky":null},"to":{"line":4,"ch":25,"sticky":null},"text":[" "],"removed":[""],"origin":"+input"}
2019-3-31 16:21:19.319#change#{"from":{"line":4,"ch":26,"sticky":null},"to":{"line":4,"ch":26,"sticky":null},"text":["+"],"removed":[""],"origin":"+input"}
2019-3-31 16:21:20.935#change#{"from":{"line":4,"ch":27,"sticky":null},"to":{"line":4,"ch":27,"sticky":null},"text":[" "],"removed":[""],"origin":"+input"}
2019-3-31 16:21:21.669#change#{"from":{"line":4,"ch":28,"sticky":null},"to":{"line":4,"ch":28,"sticky":null},"text":["()"],"removed":[""],"origin":"+input"}
2019-3-31 16:21:21.669#keyHandled#"'('"
2019-3-31 16:21:23.256#change#{"from":{"line":4,"ch":29,"sticky":"after"},"to":{"line":4,"ch":29,"sticky":"after"},"text":["c"],"removed":[""],"origin":"+input"}
2019-3-31 16:21:23.995#change#{"from":{"line":4,"ch":30,"sticky":null},"to":{"line":4,"ch":30,"sticky":null},"text":[" "],"removed":[""],"origin":"+input"}
2019-3-31 16:21:24.922#change#{"from":{"line":4,"ch":31,"sticky":null},"to":{"line":4,"ch":31,"sticky":null},"text":["*"],"removed":[""],"origin":"+input"}
2019-3-31 16:21:25.078#change#{"from":{"line":4,"ch":32,"sticky":null},"to":{"line":4,"ch":32,"sticky":null},"text":["*"],"removed":[""],"origin":"+input"}
2019-3-31 16:21:25.953#change#{"from":{"line":4,"ch":33,"sticky":null},"to":{"line":4,"ch":33,"sticky":null},"text":[" "],"removed":[""],"origin":"+input"}
2019-3-31 16:21:26.900#change#{"from":{"line":4,"ch":34,"sticky":null},"to":{"line":4,"ch":34,"sticky":null},"text":["2"],"removed":[""],"origin":"+input"}
2019-3-31 16:21:28.050#keyHandled#"Right"
2019-3-31 16:21:36.019#change#{"from":{"line":4,"ch":36,"sticky":"before"},"to":{"line":4,"ch":36,"sticky":"before"},"text":["",""],"removed":[""],"origin":"+input"}
2019-3-31 16:21:36.019#keyHandled#"Enter"
2019-3-31 16:21:36.024#viewportChange#0
2019-3-31 16:21:37.249#change#{"from":{"line":5,"ch":0,"sticky":null},"to":{"line":5,"ch":0,"sticky":null},"text":["d"],"removed":[""],"origin":"+input"}
2019-3-31 16:21:38.646#change#{"from":{"line":5,"ch":1,"sticky":null},"to":{"line":5,"ch":1,"sticky":null},"text":["i"],"removed":[""],"origin":"+input"}
2019-3-31 16:21:38.847#change#{"from":{"line":5,"ch":2,"sticky":null},"to":{"line":5,"ch":2,"sticky":null},"text":["v"],"removed":[""],"origin":"+input"}
2019-3-31 16:21:41.015#change#{"from":{"line":5,"ch":3,"sticky":null},"to":{"line":5,"ch":3,"sticky":null},"text":[" "],"removed":[""],"origin":"+input"}
2019-3-31 16:21:41.152#change#{"from":{"line":5,"ch":4,"sticky":null},"to":{"line":5,"ch":4,"sticky":null},"text":["="],"removed":[""],"origin":"+input"}
2019-3-31 16:21:41.325#change#{"from":{"line":5,"ch":5,"sticky":null},"to":{"line":5,"ch":5,"sticky":null},"text":[" "],"removed":[""],"origin":"+input"}
2019-3-31 16:21:42.132#change#{"from":{"line":5,"ch":6,"sticky":null},"to":{"line":5,"ch":6,"sticky":null},"text":["a"],"removed":[""],"origin":"+input"}
2019-3-31 16:21:42.495#change#{"from":{"line":5,"ch":7,"sticky":null},"to":{"line":5,"ch":7,"sticky":null},"text":[" "],"removed":[""],"origin":"+input"}
2019-3-31 16:21:43.201#change#{"from":{"line":5,"ch":8,"sticky":null},"to":{"line":5,"ch":8,"sticky":null},"text":["+"],"removed":[""],"origin":"+input"}
2019-3-31 16:21:43.680#change#{"from":{"line":5,"ch":9,"sticky":null},"to":{"line":5,"ch":9,"sticky":null},"text":[" "],"removed":[""],"origin":"+input"}
2019-3-31 16:21:44.382#change#{"from":{"line":5,"ch":10,"sticky":null},"to":{"line":5,"ch":10,"sticky":null},"text":["b"],"removed":[""],"origin":"+input"}
2019-3-31 16:21:44.765#change#{"from":{"line":5,"ch":11,"sticky":null},"to":{"line":5,"ch":11,"sticky":null},"text":[" "],"removed":[""],"origin":"+input"}
2019-3-31 16:21:45.497#change#{"from":{"line":5,"ch":12,"sticky":null},"to":{"line":5,"ch":12,"sticky":null},"text":["+"],"removed":[""],"origin":"+input"}
2019-3-31 16:21:46.396#change#{"from":{"line":5,"ch":13,"sticky":null},"to":{"line":5,"ch":13,"sticky":null},"text":[" "],"removed":[""],"origin":"+input"}
2019-3-31 16:21:46.624#change#{"from":{"line":5,"ch":14,"sticky":null},"to":{"line":5,"ch":14,"sticky":null},"text":["c"],"removed":[""],"origin":"+input"}
2019-3-31 16:21:51.504#change#{"from":{"line":5,"ch":15,"sticky":null},"to":{"line":5,"ch":15,"sticky":null},"text":["",""],"removed":[""],"origin":"+input"}
2019-3-31 16:21:51.504#keyHandled#"Enter"
2019-3-31 16:21:51.512#viewportChange#0
2019-3-31 16:21:52.895#change#{"from":{"line":6,"ch":0,"sticky":null},"to":{"line":6,"ch":0,"sticky":null},"text":["",""],"removed":[""],"origin":"+input"}
2019-3-31 16:21:52.895#keyHandled#"Enter"
2019-3-31 16:21:52.898#viewportChange#0
2019-3-31 16:21:54.196#change#{"from":{"line":7,"ch":0,"sticky":null},"to":{"line":7,"ch":0,"sticky":null},"text":["x"],"removed":[""],"origin":"+input"}
2019-3-31 16:21:55.281#change#{"from":{"line":7,"ch":0,"sticky":"after"},"to":{"line":7,"ch":1,"sticky":null},"text":[""],"removed":["x"],"origin":"+delete"}
2019-3-31 16:21:55.281#keyHandled#"Backspace"
2019-3-31 16:21:55.468#change#{"from":{"line":6,"ch":0,"sticky":"before"},"to":{"line":7,"ch":0,"sticky":null},"text":[""],"removed":["",""],"origin":"+delete"}
2019-3-31 16:21:55.468#keyHandled#"Backspace"
2019-3-31 16:21:55.475#viewportChange#0
2019-3-31 16:21:56.337#change#{"from":{"line":6,"ch":0,"sticky":null},"to":{"line":6,"ch":0,"sticky":null},"text":["x"],"removed":[""],"origin":"+input"}
2019-3-31 16:21:56.765#change#{"from":{"line":6,"ch":1,"sticky":null},"to":{"line":6,"ch":1,"sticky":null},"text":[" "],"removed":[""],"origin":"+input"}
2019-3-31 16:21:56.973#change#{"from":{"line":6,"ch":2,"sticky":null},"to":{"line":6,"ch":2,"sticky":null},"text":["="],"removed":[""],"origin":"+input"}
2019-3-31 16:21:57.181#change#{"from":{"line":6,"ch":3,"sticky":null},"to":{"line":6,"ch":3,"sticky":null},"text":[" "],"removed":[""],"origin":"+input"}
2019-3-31 16:21:58.299#change#{"from":{"line":6,"ch":4,"sticky":null},"to":{"line":6,"ch":4,"sticky":null},"text":["x"],"removed":[""],"origin":"+input"}
2019-3-31 16:21:59.242#change#{"from":{"line":6,"ch":4,"sticky":"after"},"to":{"line":6,"ch":5,"sticky":null},"text":[""],"removed":["x"],"origin":"+delete"}
2019-3-31 16:21:59.242#keyHandled#"Backspace"
2019-3-31 16:21:59.464#change#{"from":{"line":6,"ch":4,"sticky":null},"to":{"line":6,"ch":4,"sticky":null},"text":["d"],"removed":[""],"origin":"+input"}
2019-3-31 16:21:59.609#change#{"from":{"line":6,"ch":5,"sticky":null},"to":{"line":6,"ch":5,"sticky":null},"text":["e"],"removed":[""],"origin":"+input"}
2019-3-31 16:21:59.791#change#{"from":{"line":6,"ch":6,"sticky":null},"to":{"line":6,"ch":6,"sticky":null},"text":["n"],"removed":[""],"origin":"+input"}
2019-3-31 16:22:02.296#change#{"from":{"line":6,"ch":7,"sticky":null},"to":{"line":6,"ch":7,"sticky":null},"text":["/"],"removed":[""],"origin":"+input"}
2019-3-31 16:22:03.810#change#{"from":{"line":6,"ch":8,"sticky":null},"to":{"line":6,"ch":8,"sticky":null},"text":["d"],"removed":[""],"origin":"+input"}
2019-3-31 16:22:03.974#change#{"from":{"line":6,"ch":9,"sticky":null},"to":{"line":6,"ch":9,"sticky":null},"text":["i"],"removed":[""],"origin":"+input"}
2019-3-31 16:22:04.121#change#{"from":{"line":6,"ch":10,"sticky":null},"to":{"line":6,"ch":10,"sticky":null},"text":["v"],"removed":[""],"origin":"+input"}
2019-3-31 16:22:08.995#mousedown#{"isTrusted":true}
2019-3-31 16:22:09.993#change#{"from":{"line":7,"ch":12,"sticky":"before","xRel":-1.078125},"to":{"line":7,"ch":12,"sticky":"before","xRel":-1.078125},"text":["x"],"removed":[""],"origin":"+input"}
2019-3-31 16:22:14.268#blur#
