2019-4-12 13:31:00.826#viewportChange#0
2019-4-12 14:40:10.783#mousedown#{"isTrusted":true}
2019-4-12 14:40:10.798#focus#
2019-4-12 14:40:11.211#mousedown#{"isTrusted":true}
2019-4-12 14:41:05.230#blur#
2019-4-12 14:44:21.941#mousedown#{"isTrusted":true}
2019-4-12 14:44:21.947#focus#
2019-4-12 14:44:47.517#mousedown#{"isTrusted":true}
2019-4-12 14:44:48.371#change#{"from":{"line":1,"ch":0,"sticky":null,"xRel":1,"outside":true},"to":{"line":1,"ch":0,"sticky":null,"xRel":1,"outside":true},"text":["x"],"removed":[""],"origin":"+input"}
2019-4-12 14:44:48.561#change#{"from":{"line":1,"ch":1,"sticky":null},"to":{"line":1,"ch":1,"sticky":null},"text":[" "],"removed":[""],"origin":"+input"}
2019-4-12 14:44:48.721#change#{"from":{"line":1,"ch":2,"sticky":null},"to":{"line":1,"ch":2,"sticky":null},"text":["="],"removed":[""],"origin":"+input"}
2019-4-12 14:44:48.849#change#{"from":{"line":1,"ch":3,"sticky":null},"to":{"line":1,"ch":3,"sticky":null},"text":[" "],"removed":[""],"origin":"+input"}
2019-4-12 14:44:51.953#change#{"from":{"line":1,"ch":4,"sticky":null},"to":{"line":1,"ch":4,"sticky":null},"text":["f"],"removed":[""],"origin":"+input"}
2019-4-12 14:44:52.049#change#{"from":{"line":1,"ch":5,"sticky":null},"to":{"line":1,"ch":5,"sticky":null},"text":["l"],"removed":[""],"origin":"+input"}
2019-4-12 14:44:52.193#change#{"from":{"line":1,"ch":6,"sticky":null},"to":{"line":1,"ch":6,"sticky":null},"text":["o"],"removed":[""],"origin":"+input"}
2019-4-12 14:44:52.321#change#{"from":{"line":1,"ch":7,"sticky":null},"to":{"line":1,"ch":7,"sticky":null},"text":["a"],"removed":[""],"origin":"+input"}
2019-4-12 14:44:52.481#change#{"from":{"line":1,"ch":8,"sticky":null},"to":{"line":1,"ch":8,"sticky":null},"text":["t"],"removed":[""],"origin":"+input"}
2019-4-12 14:44:53.543#change#{"from":{"line":1,"ch":9,"sticky":null},"to":{"line":1,"ch":9,"sticky":null},"text":["()"],"removed":[""],"origin":"+input"}
2019-4-12 14:44:53.543#keyHandled#"'('"
2019-4-12 14:44:54.834#change#{"from":{"line":1,"ch":10,"sticky":"after"},"to":{"line":1,"ch":10,"sticky":"after"},"text":["i"],"removed":[""],"origin":"+input"}
2019-4-12 14:44:54.993#change#{"from":{"line":1,"ch":11,"sticky":null},"to":{"line":1,"ch":11,"sticky":null},"text":["n"],"removed":[""],"origin":"+input"}
2019-4-12 14:44:55.183#change#{"from":{"line":1,"ch":12,"sticky":null},"to":{"line":1,"ch":12,"sticky":null},"text":["p"],"removed":[""],"origin":"+input"}
2019-4-12 14:44:55.425#change#{"from":{"line":1,"ch":13,"sticky":null},"to":{"line":1,"ch":13,"sticky":null},"text":["u"],"removed":[""],"origin":"+input"}
2019-4-12 14:44:55.633#change#{"from":{"line":1,"ch":14,"sticky":null},"to":{"line":1,"ch":14,"sticky":null},"text":["t"],"removed":[""],"origin":"+input"}
2019-4-12 14:44:56.720#change#{"from":{"line":1,"ch":15,"sticky":null},"to":{"line":1,"ch":15,"sticky":null},"text":["()"],"removed":[""],"origin":"+input"}
2019-4-12 14:44:56.721#keyHandled#"'('"
2019-4-12 14:45:02.962#change#{"from":{"line":1,"ch":16,"sticky":"after"},"to":{"line":1,"ch":16,"sticky":"after"},"text":["\"\""],"removed":[""],"origin":"+input"}
2019-4-12 14:45:02.962#keyHandled#"'\"'"
2019-4-12 14:45:18.149#change#{"from":{"line":1,"ch":17,"sticky":"after"},"to":{"line":1,"ch":17,"sticky":"after"},"text":["c"],"removed":[""],"origin":"+input"}
2019-4-12 14:45:18.737#change#{"from":{"line":1,"ch":18,"sticky":null},"to":{"line":1,"ch":18,"sticky":null},"text":["o"],"removed":[""],"origin":"+input"}
2019-4-12 14:45:18.913#change#{"from":{"line":1,"ch":19,"sticky":null},"to":{"line":1,"ch":19,"sticky":null},"text":["o"],"removed":[""],"origin":"+input"}
2019-4-12 14:45:19.634#change#{"from":{"line":1,"ch":20,"sticky":null},"to":{"line":1,"ch":20,"sticky":null},"text":["r"],"removed":[""],"origin":"+input"}
2019-4-12 14:45:19.825#change#{"from":{"line":1,"ch":21,"sticky":null},"to":{"line":1,"ch":21,"sticky":null},"text":["d"],"removed":[""],"origin":"+input"}
2019-4-12 14:45:19.969#change#{"from":{"line":1,"ch":22,"sticky":null},"to":{"line":1,"ch":22,"sticky":null},"text":["e"],"removed":[""],"origin":"+input"}
2019-4-12 14:45:20.769#change#{"from":{"line":1,"ch":23,"sticky":null},"to":{"line":1,"ch":23,"sticky":null},"text":["j"],"removed":[""],"origin":"+input"}
2019-4-12 14:45:20.897#change#{"from":{"line":1,"ch":24,"sticky":null},"to":{"line":1,"ch":24,"sticky":null},"text":["a"],"removed":[""],"origin":"+input"}
2019-4-12 14:45:21.549#change#{"from":{"line":1,"ch":24,"sticky":"after"},"to":{"line":1,"ch":25,"sticky":null},"text":[""],"removed":["a"],"origin":"+delete"}
2019-4-12 14:45:21.549#keyHandled#"Backspace"
2019-4-12 14:45:21.692#change#{"from":{"line":1,"ch":23,"sticky":"after"},"to":{"line":1,"ch":24,"sticky":null},"text":[""],"removed":["j"],"origin":"+delete"}
2019-4-12 14:45:21.692#keyHandled#"Backspace"
2019-4-12 14:45:22.324#change#{"from":{"line":1,"ch":23,"sticky":null},"to":{"line":1,"ch":23,"sticky":null},"text":["n"],"removed":[""],"origin":"+input"}
2019-4-12 14:45:22.483#change#{"from":{"line":1,"ch":24,"sticky":null},"to":{"line":1,"ch":24,"sticky":null},"text":["a"],"removed":[""],"origin":"+input"}
2019-4-12 14:45:22.594#change#{"from":{"line":1,"ch":25,"sticky":null},"to":{"line":1,"ch":25,"sticky":null},"text":["d"],"removed":[""],"origin":"+input"}
2019-4-12 14:45:22.705#change#{"from":{"line":1,"ch":26,"sticky":null},"to":{"line":1,"ch":26,"sticky":null},"text":["a"],"removed":[""],"origin":"+input"}
2019-4-12 14:45:23.153#change#{"from":{"line":1,"ch":27,"sticky":null},"to":{"line":1,"ch":27,"sticky":null},"text":[" "],"removed":[""],"origin":"+input"}
2019-4-12 14:45:23.266#change#{"from":{"line":1,"ch":28,"sticky":null},"to":{"line":1,"ch":28,"sticky":null},"text":["x"],"removed":[""],"origin":"+input"}
2019-4-12 14:45:24.129#change#{"from":{"line":1,"ch":29,"sticky":null},"to":{"line":1,"ch":29,"sticky":null},"text":[":"],"removed":[""],"origin":"+input"}
2019-4-12 14:45:24.401#change#{"from":{"line":1,"ch":30,"sticky":null},"to":{"line":1,"ch":30,"sticky":null},"text":[" "],"removed":[""],"origin":"+input"}
2019-4-12 14:45:24.765#keyHandled#"Right"
2019-4-12 14:45:24.908#keyHandled#"Right"
2019-4-12 14:45:25.052#keyHandled#"Right"
2019-4-12 14:45:25.678#change#{"from":{"line":1,"ch":34,"sticky":"before"},"to":{"line":1,"ch":34,"sticky":"before"},"text":["",""],"removed":[""],"origin":"+input"}
2019-4-12 14:45:25.678#keyHandled#"Enter"
2019-4-12 14:45:25.697#viewportChange#0
2019-4-12 14:45:26.546#change#{"from":{"line":2,"ch":0,"sticky":null},"to":{"line":2,"ch":0,"sticky":null},"text":["y"],"removed":[""],"origin":"+input"}
2019-4-12 14:45:27.345#change#{"from":{"line":2,"ch":1,"sticky":null},"to":{"line":2,"ch":1,"sticky":null},"text":[" "],"removed":[""],"origin":"+input"}
2019-4-12 14:45:27.586#change#{"from":{"line":2,"ch":2,"sticky":null},"to":{"line":2,"ch":2,"sticky":null},"text":["="],"removed":[""],"origin":"+input"}
2019-4-12 14:45:27.697#change#{"from":{"line":2,"ch":3,"sticky":null},"to":{"line":2,"ch":3,"sticky":null},"text":[" "],"removed":[""],"origin":"+input"}
2019-4-12 14:45:28.488#change#{"from":{"line":2,"ch":4,"sticky":null},"to":{"line":2,"ch":4,"sticky":null},"text":["f"],"removed":[""],"origin":"+input"}
2019-4-12 14:45:28.628#change#{"from":{"line":2,"ch":5,"sticky":null},"to":{"line":2,"ch":5,"sticky":null},"text":["l"],"removed":[""],"origin":"+input"}
2019-4-12 14:45:28.769#change#{"from":{"line":2,"ch":6,"sticky":null},"to":{"line":2,"ch":6,"sticky":null},"text":["o"],"removed":[""],"origin":"+input"}
2019-4-12 14:45:28.865#change#{"from":{"line":2,"ch":7,"sticky":null},"to":{"line":2,"ch":7,"sticky":null},"text":["a"],"removed":[""],"origin":"+input"}
2019-4-12 14:45:28.993#change#{"from":{"line":2,"ch":8,"sticky":null},"to":{"line":2,"ch":8,"sticky":null},"text":["t"],"removed":[""],"origin":"+input"}
2019-4-12 14:45:30.225#change#{"from":{"line":2,"ch":9,"sticky":null},"to":{"line":2,"ch":9,"sticky":null},"text":["()"],"removed":[""],"origin":"+input"}
2019-4-12 14:45:30.225#keyHandled#"'('"
2019-4-12 14:45:30.369#change#{"from":{"line":2,"ch":10,"sticky":"after"},"to":{"line":2,"ch":10,"sticky":"after"},"text":["()"],"removed":[""],"origin":"+input"}
2019-4-12 14:45:30.369#keyHandled#"'('"
2019-4-12 14:45:30.845#keyHandled#"Left"
2019-4-12 14:45:31.669#change#{"from":{"line":2,"ch":10,"sticky":"after"},"to":{"line":2,"ch":10,"sticky":"after"},"text":["i"],"removed":[""],"origin":"+input"}
2019-4-12 14:45:31.777#change#{"from":{"line":2,"ch":11,"sticky":null},"to":{"line":2,"ch":11,"sticky":null},"text":["n"],"removed":[""],"origin":"+input"}
2019-4-12 14:45:31.905#change#{"from":{"line":2,"ch":12,"sticky":null},"to":{"line":2,"ch":12,"sticky":null},"text":["p"],"removed":[""],"origin":"+input"}
2019-4-12 14:45:32.193#change#{"from":{"line":2,"ch":13,"sticky":null},"to":{"line":2,"ch":13,"sticky":null},"text":["u"],"removed":[""],"origin":"+input"}
2019-4-12 14:45:32.337#change#{"from":{"line":2,"ch":14,"sticky":null},"to":{"line":2,"ch":14,"sticky":null},"text":["t"],"removed":[""],"origin":"+input"}
2019-4-12 14:45:32.909#keyHandled#"Right"
2019-4-12 14:45:33.458#change#{"from":{"line":2,"ch":16,"sticky":"before"},"to":{"line":2,"ch":16,"sticky":"before"},"text":["\"\""],"removed":[""],"origin":"+input"}
2019-4-12 14:45:33.458#keyHandled#"'\"'"
2019-4-12 14:45:34.082#change#{"from":{"line":2,"ch":17,"sticky":"after"},"to":{"line":2,"ch":17,"sticky":"after"},"text":["c"],"removed":[""],"origin":"+input"}
2019-4-12 14:45:34.385#change#{"from":{"line":2,"ch":18,"sticky":null},"to":{"line":2,"ch":18,"sticky":null},"text":["o"],"removed":[""],"origin":"+input"}
2019-4-12 14:45:34.546#change#{"from":{"line":2,"ch":19,"sticky":null},"to":{"line":2,"ch":19,"sticky":null},"text":["o"],"removed":[""],"origin":"+input"}
2019-4-12 14:45:35.137#change#{"from":{"line":2,"ch":20,"sticky":null},"to":{"line":2,"ch":20,"sticky":null},"text":["r"],"removed":[""],"origin":"+input"}
2019-4-12 14:45:35.313#change#{"from":{"line":2,"ch":21,"sticky":null},"to":{"line":2,"ch":21,"sticky":null},"text":["d"],"removed":[""],"origin":"+input"}
2019-4-12 14:45:35.441#change#{"from":{"line":2,"ch":22,"sticky":null},"to":{"line":2,"ch":22,"sticky":null},"text":["e"],"removed":[""],"origin":"+input"}
2019-4-12 14:45:35.921#change#{"from":{"line":2,"ch":23,"sticky":null},"to":{"line":2,"ch":23,"sticky":null},"text":["n"],"removed":[""],"origin":"+input"}
2019-4-12 14:45:36.178#change#{"from":{"line":2,"ch":24,"sticky":null},"to":{"line":2,"ch":24,"sticky":null},"text":["a"],"removed":[""],"origin":"+input"}
2019-4-12 14:45:36.608#change#{"from":{"line":2,"ch":25,"sticky":null},"to":{"line":2,"ch":25,"sticky":null},"text":["d"],"removed":[""],"origin":"+input"}
2019-4-12 14:45:36.721#change#{"from":{"line":2,"ch":26,"sticky":null},"to":{"line":2,"ch":26,"sticky":null},"text":["a"],"removed":[""],"origin":"+input"}
2019-4-12 14:45:37.348#change#{"from":{"line":2,"ch":27,"sticky":null},"to":{"line":2,"ch":27,"sticky":null},"text":[" "],"removed":[""],"origin":"+input"}
2019-4-12 14:45:37.874#change#{"from":{"line":2,"ch":28,"sticky":null},"to":{"line":2,"ch":28,"sticky":null},"text":["y"],"removed":[""],"origin":"+input"}
2019-4-12 14:45:38.689#change#{"from":{"line":2,"ch":29,"sticky":null},"to":{"line":2,"ch":29,"sticky":null},"text":[":"],"removed":[""],"origin":"+input"}
2019-4-12 14:45:38.981#change#{"from":{"line":2,"ch":30,"sticky":null},"to":{"line":2,"ch":30,"sticky":null},"text":[" "],"removed":[""],"origin":"+input"}
2019-4-12 14:45:39.293#keyHandled#"Right"
2019-4-12 14:45:39.453#keyHandled#"Right"
2019-4-12 14:45:39.614#keyHandled#"Right"
2019-4-12 14:45:40.175#change#{"from":{"line":2,"ch":34,"sticky":"before"},"to":{"line":2,"ch":34,"sticky":"before"},"text":["",""],"removed":[""],"origin":"+input"}
2019-4-12 14:45:40.175#keyHandled#"Enter"
2019-4-12 14:45:40.190#viewportChange#0
2019-4-12 14:45:40.365#change#{"from":{"line":3,"ch":0,"sticky":null},"to":{"line":3,"ch":0,"sticky":null},"text":["",""],"removed":[""],"origin":"+input"}
2019-4-12 14:45:40.366#keyHandled#"Enter"
2019-4-12 14:45:40.381#viewportChange#0
2019-4-12 14:45:56.835#change#{"from":{"line":4,"ch":0,"sticky":null},"to":{"line":4,"ch":0,"sticky":null},"text":["i"],"removed":[""],"origin":"+input"}
2019-4-12 14:45:56.930#change#{"from":{"line":4,"ch":1,"sticky":null},"to":{"line":4,"ch":1,"sticky":null},"text":["f"],"removed":[""],"origin":"+input"}
2019-4-12 14:45:58.002#change#{"from":{"line":4,"ch":2,"sticky":null},"to":{"line":4,"ch":2,"sticky":null},"text":[" "],"removed":[""],"origin":"+input"}
2019-4-12 14:45:59.761#change#{"from":{"line":4,"ch":3,"sticky":null},"to":{"line":4,"ch":3,"sticky":null},"text":["x"],"removed":[""],"origin":"+input"}
2019-4-12 14:46:00.370#change#{"from":{"line":4,"ch":4,"sticky":null},"to":{"line":4,"ch":4,"sticky":null},"text":[" "],"removed":[""],"origin":"+input"}
2019-4-12 14:46:04.514#change#{"from":{"line":4,"ch":5,"sticky":null},"to":{"line":4,"ch":5,"sticky":null},"text":["<"],"removed":[""],"origin":"+input"}
2019-4-12 14:46:05.394#change#{"from":{"line":4,"ch":6,"sticky":null},"to":{"line":4,"ch":6,"sticky":null},"text":[" "],"removed":[""],"origin":"+input"}
2019-4-12 14:46:05.569#change#{"from":{"line":4,"ch":7,"sticky":null},"to":{"line":4,"ch":7,"sticky":null},"text":["0"],"removed":[""],"origin":"+input"}
2019-4-12 14:46:06.402#change#{"from":{"line":4,"ch":8,"sticky":null},"to":{"line":4,"ch":8,"sticky":null},"text":[" "],"removed":[""],"origin":"+input"}
2019-4-12 14:46:07.090#change#{"from":{"line":4,"ch":9,"sticky":null},"to":{"line":4,"ch":9,"sticky":null},"text":["a"],"removed":[""],"origin":"+input"}
2019-4-12 14:46:07.218#change#{"from":{"line":4,"ch":10,"sticky":null},"to":{"line":4,"ch":10,"sticky":null},"text":["n"],"removed":[""],"origin":"+input"}
2019-4-12 14:46:07.378#change#{"from":{"line":4,"ch":11,"sticky":null},"to":{"line":4,"ch":11,"sticky":null},"text":["d"],"removed":[""],"origin":"+input"}
2019-4-12 14:46:09.299#change#{"from":{"line":4,"ch":12,"sticky":null},"to":{"line":4,"ch":12,"sticky":null},"text":[" "],"removed":[""],"origin":"+input"}
2019-4-12 14:46:11.010#change#{"from":{"line":4,"ch":13,"sticky":null},"to":{"line":4,"ch":13,"sticky":null},"text":["y"],"removed":[""],"origin":"+input"}
2019-4-12 14:46:11.397#change#{"from":{"line":4,"ch":14,"sticky":null},"to":{"line":4,"ch":14,"sticky":null},"text":[" "],"removed":[""],"origin":"+input"}
2019-4-12 14:46:12.978#change#{"from":{"line":4,"ch":15,"sticky":null},"to":{"line":4,"ch":15,"sticky":null},"text":["<"],"removed":[""],"origin":"+input"}
2019-4-12 14:46:14.198#change#{"from":{"line":4,"ch":16,"sticky":null},"to":{"line":4,"ch":16,"sticky":null},"text":[" "],"removed":[""],"origin":"+input"}
2019-4-12 14:46:14.418#change#{"from":{"line":4,"ch":17,"sticky":null},"to":{"line":4,"ch":17,"sticky":null},"text":["o"],"removed":[""],"origin":"+input"}
2019-4-12 14:46:15.951#change#{"from":{"line":4,"ch":17,"sticky":"after"},"to":{"line":4,"ch":18,"sticky":null},"text":[""],"removed":["o"],"origin":"+delete"}
2019-4-12 14:46:15.951#keyHandled#"Backspace"
2019-4-12 14:46:16.502#change#{"from":{"line":4,"ch":17,"sticky":null},"to":{"line":4,"ch":17,"sticky":null},"text":["0"],"removed":[""],"origin":"+input"}
2019-4-12 14:46:26.703#keyHandled#"Left"
2019-4-12 14:46:26.862#keyHandled#"Left"
2019-4-12 14:46:27.022#keyHandled#"Left"
2019-4-12 14:46:27.134#keyHandled#"Left"
2019-4-12 14:46:27.294#keyHandled#"Left"
2019-4-12 14:46:27.422#keyHandled#"Left"
2019-4-12 14:46:36.318#change#{"from":{"line":4,"ch":11,"sticky":"after"},"to":{"line":4,"ch":12,"sticky":"after"},"text":[""],"removed":["d"],"origin":"+delete"}
2019-4-12 14:46:36.318#keyHandled#"Backspace"
2019-4-12 14:46:36.819#change#{"from":{"line":4,"ch":10,"sticky":"after"},"to":{"line":4,"ch":11,"sticky":null},"text":[""],"removed":["n"],"origin":"+delete"}
2019-4-12 14:46:36.819#keyHandled#"Backspace"
2019-4-12 14:46:36.869#change#{"from":{"line":4,"ch":9,"sticky":"after"},"to":{"line":4,"ch":10,"sticky":null},"text":[""],"removed":["a"],"origin":"+delete"}
2019-4-12 14:46:36.869#keyHandled#"Backspace"
2019-4-12 14:46:36.919#change#{"from":{"line":4,"ch":8,"sticky":"after"},"to":{"line":4,"ch":9,"sticky":null},"text":[""],"removed":[" "],"origin":"+delete"}
2019-4-12 14:46:36.919#keyHandled#"Backspace"
2019-4-12 14:46:36.969#change#{"from":{"line":4,"ch":7,"sticky":"after"},"to":{"line":4,"ch":8,"sticky":null},"text":[""],"removed":["0"],"origin":"+delete"}
2019-4-12 14:46:36.969#keyHandled#"Backspace"
2019-4-12 14:46:37.019#change#{"from":{"line":4,"ch":6,"sticky":"after"},"to":{"line":4,"ch":7,"sticky":null},"text":[""],"removed":[" "],"origin":"+delete"}
2019-4-12 14:46:37.019#keyHandled#"Backspace"
2019-4-12 14:46:37.198#change#{"from":{"line":4,"ch":5,"sticky":"after"},"to":{"line":4,"ch":6,"sticky":null},"text":[""],"removed":["<"],"origin":"+delete"}
2019-4-12 14:46:37.198#keyHandled#"Backspace"
2019-4-12 14:46:37.358#change#{"from":{"line":4,"ch":4,"sticky":"after"},"to":{"line":4,"ch":5,"sticky":null},"text":[""],"removed":[" "],"origin":"+delete"}
2019-4-12 14:46:37.358#keyHandled#"Backspace"
2019-4-12 14:46:37.518#change#{"from":{"line":4,"ch":3,"sticky":"after"},"to":{"line":4,"ch":4,"sticky":null},"text":[""],"removed":["x"],"origin":"+delete"}
2019-4-12 14:46:37.518#keyHandled#"Backspace"
2019-4-12 14:46:39.215#change#{"from":{"line":4,"ch":2,"sticky":"after"},"to":{"line":4,"ch":3,"sticky":null},"text":[""],"removed":[" "],"origin":"+delete"}
2019-4-12 14:46:39.215#keyHandled#"Backspace"
2019-4-12 14:46:39.422#keyHandled#"Right"
2019-4-12 14:46:39.598#keyHandled#"Right"
2019-4-12 14:46:39.758#keyHandled#"Right"
2019-4-12 14:46:39.902#keyHandled#"Right"
2019-4-12 14:46:40.062#keyHandled#"Right"
2019-4-12 14:46:40.222#keyHandled#"Right"
2019-4-12 14:46:41.156#change#{"from":{"line":4,"ch":8,"sticky":"before"},"to":{"line":4,"ch":8,"sticky":"before"},"text":[":"],"removed":[""],"origin":"+input"}
2019-4-12 14:46:43.184#change#{"from":{"line":4,"ch":9,"sticky":null},"to":{"line":4,"ch":9,"sticky":null},"text":["",""],"removed":[""],"origin":"+input"}
2019-4-12 14:46:43.184#change#{"from":{"line":5,"ch":0,"sticky":null},"to":{"line":5,"ch":0,"sticky":null},"text":["\t"],"removed":[""],"origin":"+input"}
2019-4-12 14:46:43.184#keyHandled#"Enter"
2019-4-12 14:46:43.209#viewportChange#0
2019-4-12 14:46:44.407#change#{"from":{"line":5,"ch":1,"sticky":null},"to":{"line":5,"ch":1,"sticky":null},"text":["r"],"removed":[""],"origin":"+input"}
2019-4-12 14:46:44.498#change#{"from":{"line":5,"ch":2,"sticky":null},"to":{"line":5,"ch":2,"sticky":null},"text":["p"],"removed":[""],"origin":"+input"}
2019-4-12 14:46:44.693#change#{"from":{"line":5,"ch":3,"sticky":null},"to":{"line":5,"ch":3,"sticky":null},"text":["i"],"removed":[""],"origin":"+input"}
2019-4-12 14:46:44.868#change#{"from":{"line":5,"ch":4,"sticky":null},"to":{"line":5,"ch":4,"sticky":null},"text":["n"],"removed":[""],"origin":"+input"}
2019-4-12 14:46:45.230#change#{"from":{"line":5,"ch":4,"sticky":"after"},"to":{"line":5,"ch":5,"sticky":null},"text":[""],"removed":["n"],"origin":"+delete"}
2019-4-12 14:46:45.231#keyHandled#"Backspace"
2019-4-12 14:46:45.390#change#{"from":{"line":5,"ch":3,"sticky":"after"},"to":{"line":5,"ch":4,"sticky":null},"text":[""],"removed":["i"],"origin":"+delete"}
2019-4-12 14:46:45.390#keyHandled#"Backspace"
2019-4-12 14:46:45.550#change#{"from":{"line":5,"ch":2,"sticky":"after"},"to":{"line":5,"ch":3,"sticky":null},"text":[""],"removed":["p"],"origin":"+delete"}
2019-4-12 14:46:45.550#keyHandled#"Backspace"
2019-4-12 14:46:45.710#change#{"from":{"line":5,"ch":1,"sticky":"after"},"to":{"line":5,"ch":2,"sticky":null},"text":[""],"removed":["r"],"origin":"+delete"}
2019-4-12 14:46:45.710#keyHandled#"Backspace"
2019-4-12 14:46:46.243#change#{"from":{"line":5,"ch":1,"sticky":null},"to":{"line":5,"ch":1,"sticky":null},"text":["p"],"removed":[""],"origin":"+input"}
2019-4-12 14:46:46.371#change#{"from":{"line":5,"ch":2,"sticky":null},"to":{"line":5,"ch":2,"sticky":null},"text":["r"],"removed":[""],"origin":"+input"}
2019-4-12 14:46:46.547#change#{"from":{"line":5,"ch":3,"sticky":null},"to":{"line":5,"ch":3,"sticky":null},"text":["i"],"removed":[""],"origin":"+input"}
2019-4-12 14:46:46.739#change#{"from":{"line":5,"ch":4,"sticky":null},"to":{"line":5,"ch":4,"sticky":null},"text":["n"],"removed":[""],"origin":"+input"}
2019-4-12 14:46:47.619#change#{"from":{"line":5,"ch":5,"sticky":null},"to":{"line":5,"ch":5,"sticky":null},"text":["t"],"removed":[""],"origin":"+input"}
2019-4-12 14:46:48.322#change#{"from":{"line":5,"ch":6,"sticky":null},"to":{"line":5,"ch":6,"sticky":null},"text":["()"],"removed":[""],"origin":"+input"}
2019-4-12 14:46:48.322#keyHandled#"'('"
2019-4-12 14:46:49.349#change#{"from":{"line":5,"ch":7,"sticky":"after"},"to":{"line":5,"ch":7,"sticky":"after"},"text":["\"\""],"removed":[""],"origin":"+input"}
2019-4-12 14:46:49.349#keyHandled#"'\"'"
2019-4-12 14:46:51.588#change#{"from":{"line":5,"ch":8,"sticky":"after"},"to":{"line":5,"ch":8,"sticky":"after"},"text":["i"],"removed":[""],"origin":"+input"}
2019-4-12 14:46:51.779#change#{"from":{"line":5,"ch":9,"sticky":null},"to":{"line":5,"ch":9,"sticky":null},"text":["n"],"removed":[""],"origin":"+input"}
2019-4-12 14:46:52.019#change#{"from":{"line":5,"ch":10,"sticky":null},"to":{"line":5,"ch":10,"sticky":null},"text":["f"],"removed":[""],"origin":"+input"}
2019-4-12 14:46:52.163#change#{"from":{"line":5,"ch":11,"sticky":null},"to":{"line":5,"ch":11,"sticky":null},"text":["e"],"removed":[""],"origin":"+input"}
2019-4-12 14:46:52.723#change#{"from":{"line":5,"ch":12,"sticky":null},"to":{"line":5,"ch":12,"sticky":null},"text":["r"],"removed":[""],"origin":"+input"}
2019-4-12 14:46:52.851#change#{"from":{"line":5,"ch":13,"sticky":null},"to":{"line":5,"ch":13,"sticky":null},"text":["i"],"removed":[""],"origin":"+input"}
2019-4-12 14:46:53.026#change#{"from":{"line":5,"ch":14,"sticky":null},"to":{"line":5,"ch":14,"sticky":null},"text":["o"],"removed":[""],"origin":"+input"}
2019-4-12 14:46:53.363#change#{"from":{"line":5,"ch":15,"sticky":null},"to":{"line":5,"ch":15,"sticky":null},"text":["r"],"removed":[""],"origin":"+input"}
2019-4-12 14:46:53.491#change#{"from":{"line":5,"ch":16,"sticky":null},"to":{"line":5,"ch":16,"sticky":null},"text":["e"],"removed":[""],"origin":"+input"}
2019-4-12 14:46:53.667#change#{"from":{"line":5,"ch":17,"sticky":null},"to":{"line":5,"ch":17,"sticky":null},"text":["s"],"removed":[""],"origin":"+input"}
2019-4-12 14:46:54.302#keyHandled#"Right"
2019-4-12 14:46:54.462#keyHandled#"Right"
2019-4-12 14:46:56.238#keyHandled#"Left"
2019-4-12 14:46:56.738#keyHandled#"Left"
2019-4-12 14:46:56.788#keyHandled#"Left"
2019-4-12 14:46:56.838#keyHandled#"Left"
2019-4-12 14:46:56.888#keyHandled#"Left"
2019-4-12 14:46:56.938#keyHandled#"Left"
2019-4-12 14:46:56.989#keyHandled#"Left"
2019-4-12 14:46:57.039#keyHandled#"Left"
2019-4-12 14:46:57.185#keyHandled#"Left"
2019-4-12 14:46:57.351#keyHandled#"Left"
2019-4-12 14:46:57.486#keyHandled#"Left"
2019-4-12 14:46:58.079#change#{"from":{"line":5,"ch":8,"sticky":"after"},"to":{"line":5,"ch":9,"sticky":"after"},"text":[""],"removed":["i"],"origin":"+delete"}
2019-4-12 14:46:58.079#keyHandled#"Backspace"
2019-4-12 14:46:58.468#change#{"from":{"line":5,"ch":8,"sticky":null},"to":{"line":5,"ch":8,"sticky":null},"text":["I"],"removed":[""],"origin":"+input"}
2019-4-12 14:46:59.103#keyHandled#"Right"
2019-4-12 14:46:59.602#keyHandled#"Right"
2019-4-12 14:46:59.652#keyHandled#"Right"
2019-4-12 14:46:59.702#keyHandled#"Right"
2019-4-12 14:46:59.752#keyHandled#"Right"
2019-4-12 14:46:59.802#keyHandled#"Right"
2019-4-12 14:46:59.852#keyHandled#"Right"
2019-4-12 14:47:00.062#keyHandled#"Right"
2019-4-12 14:47:00.238#keyHandled#"Right"
2019-4-12 14:47:00.399#keyHandled#"Right"
2019-4-12 14:47:00.960#keyHandled#"Right"
2019-4-12 14:47:00.975#keyHandled#"Down"
2019-4-12 14:47:01.856#change#{"from":{"line":5,"ch":20,"sticky":null,"xRel":1,"outside":true,"hitSide":true},"to":{"line":5,"ch":20,"sticky":null,"xRel":1,"outside":true,"hitSide":true},"text":["",""],"removed":[""],"origin":"+input"}
2019-4-12 14:47:01.856#change#{"from":{"line":6,"ch":0,"sticky":null},"to":{"line":6,"ch":0,"sticky":null},"text":["\t"],"removed":[""],"origin":"+input"}
2019-4-12 14:47:01.856#keyHandled#"Enter"
2019-4-12 14:47:01.871#viewportChange#0
2019-4-12 14:47:02.671#change#{"from":{"line":6,"ch":0,"sticky":"after"},"to":{"line":6,"ch":1,"sticky":null},"text":[""],"removed":["\t"],"origin":"+delete"}
2019-4-12 14:47:02.671#keyHandled#"Backspace"
2019-4-12 14:47:03.204#change#{"from":{"line":6,"ch":0,"sticky":null},"to":{"line":6,"ch":0,"sticky":null},"text":["e"],"removed":[""],"origin":"+input"}
2019-4-12 14:47:03.459#change#{"from":{"line":6,"ch":1,"sticky":null},"to":{"line":6,"ch":1,"sticky":null},"text":["l"],"removed":[""],"origin":"+input"}
2019-4-12 14:47:03.635#change#{"from":{"line":6,"ch":2,"sticky":null},"to":{"line":6,"ch":2,"sticky":null},"text":["s"],"removed":[""],"origin":"+input"}
2019-4-12 14:47:03.731#change#{"from":{"line":6,"ch":3,"sticky":null},"to":{"line":6,"ch":3,"sticky":null},"text":["e"],"removed":[""],"origin":"+input"}
2019-4-12 14:47:05.043#change#{"from":{"line":6,"ch":4,"sticky":null},"to":{"line":6,"ch":4,"sticky":null},"text":[" "],"removed":[""],"origin":"+input"}
2019-4-12 14:47:06.271#change#{"from":{"line":6,"ch":4,"sticky":"after"},"to":{"line":6,"ch":5,"sticky":null},"text":[""],"removed":[" "],"origin":"+delete"}
2019-4-12 14:47:06.271#keyHandled#"Backspace"
2019-4-12 14:47:07.075#change#{"from":{"line":6,"ch":4,"sticky":null},"to":{"line":6,"ch":4,"sticky":null},"text":[":"],"removed":[""],"origin":"+input"}
2019-4-12 14:47:09.744#change#{"from":{"line":6,"ch":5,"sticky":null},"to":{"line":6,"ch":5,"sticky":null},"text":["",""],"removed":[""],"origin":"+input"}
2019-4-12 14:47:09.744#change#{"from":{"line":7,"ch":0,"sticky":null},"to":{"line":7,"ch":0,"sticky":null},"text":["\t"],"removed":[""],"origin":"+input"}
2019-4-12 14:47:09.744#keyHandled#"Enter"
2019-4-12 14:47:09.759#viewportChange#0
2019-4-12 14:47:10.516#change#{"from":{"line":7,"ch":1,"sticky":null},"to":{"line":7,"ch":1,"sticky":null},"text":["p"],"removed":[""],"origin":"+input"}
2019-4-12 14:47:10.595#change#{"from":{"line":7,"ch":2,"sticky":null},"to":{"line":7,"ch":2,"sticky":null},"text":["r"],"removed":[""],"origin":"+input"}
2019-4-12 14:47:10.755#change#{"from":{"line":7,"ch":3,"sticky":null},"to":{"line":7,"ch":3,"sticky":null},"text":["i"],"removed":[""],"origin":"+input"}
2019-4-12 14:47:10.901#change#{"from":{"line":7,"ch":4,"sticky":null},"to":{"line":7,"ch":4,"sticky":null},"text":["n"],"removed":[""],"origin":"+input"}
2019-4-12 14:47:11.042#change#{"from":{"line":7,"ch":5,"sticky":null},"to":{"line":7,"ch":5,"sticky":null},"text":["t"],"removed":[""],"origin":"+input"}
2019-4-12 14:47:11.907#change#{"from":{"line":7,"ch":6,"sticky":null},"to":{"line":7,"ch":6,"sticky":null},"text":["()"],"removed":[""],"origin":"+input"}
2019-4-12 14:47:11.907#keyHandled#"'('"
2019-4-12 14:47:12.580#change#{"from":{"line":7,"ch":7,"sticky":"after"},"to":{"line":7,"ch":7,"sticky":"after"},"text":["\"\""],"removed":[""],"origin":"+input"}
2019-4-12 14:47:12.580#keyHandled#"'\"'"
2019-4-12 14:47:13.620#change#{"from":{"line":7,"ch":8,"sticky":"after"},"to":{"line":7,"ch":8,"sticky":"after"},"text":["S"],"removed":[""],"origin":"+input"}
2019-4-12 14:47:13.891#change#{"from":{"line":7,"ch":9,"sticky":null},"to":{"line":7,"ch":9,"sticky":null},"text":["u"],"removed":[""],"origin":"+input"}
2019-4-12 14:47:14.483#change#{"from":{"line":7,"ch":10,"sticky":null},"to":{"line":7,"ch":10,"sticky":null},"text":["p"],"removed":[""],"origin":"+input"}
2019-4-12 14:47:14.692#change#{"from":{"line":7,"ch":11,"sticky":null},"to":{"line":7,"ch":11,"sticky":null},"text":["e"],"removed":[""],"origin":"+input"}
2019-4-12 14:47:15.107#change#{"from":{"line":7,"ch":12,"sticky":null},"to":{"line":7,"ch":12,"sticky":null},"text":["r"],"removed":[""],"origin":"+input"}
2019-4-12 14:47:15.251#change#{"from":{"line":7,"ch":13,"sticky":null},"to":{"line":7,"ch":13,"sticky":null},"text":["i"],"removed":[""],"origin":"+input"}
2019-4-12 14:47:15.427#change#{"from":{"line":7,"ch":14,"sticky":null},"to":{"line":7,"ch":14,"sticky":null},"text":["o"],"removed":[""],"origin":"+input"}
2019-4-12 14:47:15.587#change#{"from":{"line":7,"ch":15,"sticky":null},"to":{"line":7,"ch":15,"sticky":null},"text":["r"],"removed":[""],"origin":"+input"}
2019-4-12 14:47:15.731#change#{"from":{"line":7,"ch":16,"sticky":null},"to":{"line":7,"ch":16,"sticky":null},"text":["i"],"removed":[""],"origin":"+input"}
2019-4-12 14:47:15.924#change#{"from":{"line":7,"ch":17,"sticky":null},"to":{"line":7,"ch":17,"sticky":null},"text":["e"],"removed":[""],"origin":"+input"}
2019-4-12 14:47:16.527#change#{"from":{"line":7,"ch":17,"sticky":"after"},"to":{"line":7,"ch":18,"sticky":null},"text":[""],"removed":["e"],"origin":"+delete"}
2019-4-12 14:47:16.527#keyHandled#"Backspace"
2019-4-12 14:47:16.804#change#{"from":{"line":7,"ch":16,"sticky":null},"to":{"line":7,"ch":16,"sticky":null},"text":["e"],"removed":[""],"origin":"+input"}
2019-4-12 14:47:16.963#change#{"from":{"line":7,"ch":17,"sticky":null},"to":{"line":7,"ch":17,"sticky":null},"text":["s"],"removed":[""],"origin":"+input"}
2019-4-12 14:47:16.804#change#{"from":{"line":7,"ch":16,"sticky":null},"to":{"line":7,"ch":16,"sticky":null},"text":["e"],"removed":[""],"origin":"+input"}
2019-4-12 14:47:16.963#change#{"from":{"line":7,"ch":17,"sticky":null},"to":{"line":7,"ch":17,"sticky":null},"text":["s"],"removed":[""],"origin":"+input"}
2019-4-12 14:47:19.236#saida_testar#$ python3 main.py
2019-4-12 14:47:20.543#blur#
2019-4-12 14:47:20.543#blur#
2019-4-12 14:47:29.324#saida_testar#$ python3 main.py
