== TEST (2019-06-29 18:31:30) 
-- CODE:
n = int(input("digite um numero: "))
i = 1
s = 0
while (i < n):
	if (n % i == 0):
		s = i + s
		print(i)
	
	i = i + 1
if (s == n):
	print("PERFEITO")
	
else:
	print("NAO PERFEITO")
		
-- OUTPUT:
1
2
4
8
16
31
62
124
248
PERFEITO
*-*-*-*-*-*-*-*-*-*-*-*-*-*-*-*-*-*-*-*-*-*-*-*
== TEST (2019-06-29 18:33:00) 
-- CODE:
n = int(input("digite um numero: "))
i = 1
s = 0
while (i < n):
	if (n % i == 0):
		s = i + s
		print(i)
	
	i = i + 1
if (s == n):
	print("PERFEITO")
	
else:
	print("NAO PERFEITO")
		
-- OUTPUT:
1
2
4
8
16
31
62
124
248
PERFEITO
*-*-*-*-*-*-*-*-*-*-*-*-*-*-*-*-*-*-*-*-*-*-*-*
== SUBMITION (2019-06-29 18:33:28) 
-- CODE:
n = int(input("digite um numero: "))
i = 1
s = 0
while (i < n):
	if (n % i == 0):
		s = i + s
		print(i)
	
	i = i + 1
if (s == n):
	print("PERFEITO")
	
else:
	print("NAO PERFEITO")
		
-- EXECUTION TIME:
0.815876
-- TEST CASE 1:
---- input:
496
---- correct output:
1
2
4
8
16
31
62
124
248
PERFEITO
---- user output:
1
2
4
8
16
31
62
124
248
PERFEITO
-- TEST CASE 2:
---- input:
8128
---- correct output:
1
2
4
8
16
32
64
127
254
508
1016
2032
4064
PERFEITO
---- user output:
1
2
4
8
16
32
64
127
254
508
1016
2032
4064
PERFEITO
-- TEST CASE 3:
---- input:
20
---- correct output:
1
2
4
5
10
NAO PERFEITO
---- user output:
1
2
4
5
10
NAO PERFEITO
-- GRADE:
100%
*-*-*-*-*-*-*-*-*-*-*-*-*-*-*-*-*-*-*-*-*-*-*-*
