== SUBMITION (2019-04-03 15:20:32) 
-- CODE:
# Teste seu codigo aos poucos.
# Nao teste tudo no final, pois fica mais dificil de identificar erros.
# Nao se intimide com as mensagens de erro. Elas ajudam a corrigir seu codigo.
frase= input("Selina Kyle")
print(frase(.upper))
-- EXECUTION TIME:
0.12335
-- ERROR:
  File "/home/codebench/codes/1590/1571/main.py", line 5
    print(frase(.upper))
                ^
SyntaxError: invalid syntax

*-*-*-*-*-*-*-*-*-*-*-*-*-*-*-*-*-*-*-*-*-*-*-*
== SUBMITION (2019-04-03 15:20:39) 
-- CODE:
# Teste seu codigo aos poucos.
# Nao teste tudo no final, pois fica mais dificil de identificar erros.
# Nao se intimide com as mensagens de erro. Elas ajudam a corrigir seu codigo.
frase= input("Selina Kyle")
print(frase.upper))
-- EXECUTION TIME:
0.184248
-- ERROR:
  File "/home/codebench/codes/1590/1571/main.py", line 5
    print(frase.upper))
                      ^
SyntaxError: invalid syntax

*-*-*-*-*-*-*-*-*-*-*-*-*-*-*-*-*-*-*-*-*-*-*-*
== SUBMITION (2019-04-03 15:20:46) 
-- CODE:
# Teste seu codigo aos poucos.
# Nao teste tudo no final, pois fica mais dificil de identificar erros.
# Nao se intimide com as mensagens de erro. Elas ajudam a corrigir seu codigo.
frase= input("Selina Kyle")
print(frase.upper)
-- EXECUTION TIME:
0.142704
-- TEST CASE 1:
---- input:
Primeiro_caso_de_teste
---- correct output:
PRIMEIRO_CASO_DE_TESTE
---- user output:
<built-in method upper of str object at 0x7f97dea9c300>
-- GRADE:
0%
*-*-*-*-*-*-*-*-*-*-*-*-*-*-*-*-*-*-*-*-*-*-*-*
== SUBMITION (2019-04-03 15:20:59) 
-- CODE:
# Teste seu codigo aos poucos.
# Nao teste tudo no final, pois fica mais dificil de identificar erros.
# Nao se intimide com as mensagens de erro. Elas ajudam a corrigir seu codigo.
frase= input("Selina Kyle")
print(frase.upper())
-- EXECUTION TIME:
0.169671
-- TEST CASE 1:
---- input:
Primeiro_caso_de_teste
---- correct output:
PRIMEIRO_CASO_DE_TESTE
---- user output:
PRIMEIRO_CASO_DE_TESTE
-- GRADE:
100%
*-*-*-*-*-*-*-*-*-*-*-*-*-*-*-*-*-*-*-*-*-*-*-*
