2019-3-21 18:18:22.727#viewportChange#0
2019-3-21 18:18:28.993#mousedown#{"isTrusted":true}
2019-3-21 18:18:28.998#focus#
2019-3-21 18:18:30.652#change#{"from":{"line":0,"ch":0,"sticky":"after","xRel":79.8125},"to":{"line":0,"ch":0,"sticky":"after","xRel":79.8125},"text":["x"],"removed":[""],"origin":"+input"}
2019-3-21 18:18:30.787#change#{"from":{"line":0,"ch":1,"sticky":null},"to":{"line":0,"ch":1,"sticky":null},"text":["="],"removed":[""],"origin":"+input"}
2019-3-21 18:18:31.771#change#{"from":{"line":0,"ch":2,"sticky":null},"to":{"line":0,"ch":2,"sticky":null},"text":["3"],"removed":[""],"origin":"+input"}
2019-3-21 18:18:31.947#change#{"from":{"line":0,"ch":3,"sticky":null},"to":{"line":0,"ch":3,"sticky":null},"text":["5"],"removed":[""],"origin":"+input"}
2019-3-21 18:18:32.908#change#{"from":{"line":0,"ch":4,"sticky":null},"to":{"line":0,"ch":4,"sticky":null},"text":["",""],"removed":[""],"origin":"+input"}
2019-3-21 18:18:32.908#keyHandled#"Enter"
2019-3-21 18:18:32.913#viewportChange#0
2019-3-21 18:18:34.315#change#{"from":{"line":1,"ch":0,"sticky":null},"to":{"line":1,"ch":0,"sticky":null},"text":["x"],"removed":[""],"origin":"+input"}
2019-3-21 18:18:34.435#change#{"from":{"line":1,"ch":1,"sticky":null},"to":{"line":1,"ch":1,"sticky":null},"text":["="],"removed":[""],"origin":"+input"}
2019-3-21 18:18:35.235#change#{"from":{"line":1,"ch":2,"sticky":null},"to":{"line":1,"ch":2,"sticky":null},"text":["x"],"removed":[""],"origin":"+input"}
2019-3-21 18:18:36.195#change#{"from":{"line":1,"ch":3,"sticky":null},"to":{"line":1,"ch":3,"sticky":null},"text":["*"],"removed":[""],"origin":"+input"}
2019-3-21 18:18:36.715#change#{"from":{"line":1,"ch":4,"sticky":null},"to":{"line":1,"ch":4,"sticky":null},"text":["2"],"removed":[""],"origin":"+input"}
2019-3-21 18:18:36.851#change#{"from":{"line":1,"ch":5,"sticky":null},"to":{"line":1,"ch":5,"sticky":null},"text":["0"],"removed":[""],"origin":"+input"}
2019-3-21 18:18:37.449#change#{"from":{"line":1,"ch":6,"sticky":null},"to":{"line":1,"ch":6,"sticky":null},"text":["",""],"removed":[""],"origin":"+input"}
2019-3-21 18:18:37.449#keyHandled#"Enter"
2019-3-21 18:18:37.454#viewportChange#0
2019-3-21 18:18:38.348#change#{"from":{"line":2,"ch":0,"sticky":null},"to":{"line":2,"ch":0,"sticky":null},"text":["p"],"removed":[""],"origin":"+input"}
2019-3-21 18:18:38.451#change#{"from":{"line":2,"ch":1,"sticky":null},"to":{"line":2,"ch":1,"sticky":null},"text":["r"],"removed":[""],"origin":"+input"}
2019-3-21 18:18:38.547#change#{"from":{"line":2,"ch":2,"sticky":null},"to":{"line":2,"ch":2,"sticky":null},"text":["i"],"removed":[""],"origin":"+input"}
2019-3-21 18:18:38.619#change#{"from":{"line":2,"ch":3,"sticky":null},"to":{"line":2,"ch":3,"sticky":null},"text":["n"],"removed":[""],"origin":"+input"}
2019-3-21 18:18:38.698#change#{"from":{"line":2,"ch":4,"sticky":null},"to":{"line":2,"ch":4,"sticky":null},"text":["t"],"removed":[""],"origin":"+input"}
2019-3-21 18:18:39.283#change#{"from":{"line":2,"ch":5,"sticky":null},"to":{"line":2,"ch":5,"sticky":null},"text":["()"],"removed":[""],"origin":"+input"}
2019-3-21 18:18:39.284#keyHandled#"'('"
2019-3-21 18:18:39.379#change#{"from":{"line":2,"ch":6,"sticky":"after"},"to":{"line":2,"ch":6,"sticky":"after"},"text":["x"],"removed":[""],"origin":"+input"}
2019-3-21 18:18:40.888#blur#
