2019-3-22 22:46:20.408#viewportChange#0
2019-3-22 22:46:24.250#mousedown#{"isTrusted":true}
2019-3-22 22:46:24.335#focus#
2019-3-22 22:46:24.653#mousedown#{"isTrusted":true}
2019-3-22 22:46:25.616#change#{"from":{"line":0,"ch":23,"sticky":null},"to":{"line":2,"ch":78,"sticky":null},"text":[""],"removed":["poucos.","# Nao teste tudo no final, pois fica mais dificil de identificar erros.","# Nao se intimide com as mensagens de erro. Elas ajudam a corrigir seu codigo."],"origin":"+delete"}
2019-3-22 22:46:25.616#keyHandled#"Backspace"
2019-3-22 22:46:25.641#viewportChange#0
2019-3-22 22:46:26.115#change#{"from":{"line":0,"ch":22,"sticky":"after"},"to":{"line":0,"ch":23,"sticky":null},"text":[""],"removed":[" "],"origin":"+delete"}
2019-3-22 22:46:26.115#keyHandled#"Backspace"
2019-3-22 22:46:26.153#change#{"from":{"line":0,"ch":21,"sticky":"after"},"to":{"line":0,"ch":22,"sticky":null},"text":[""],"removed":["s"],"origin":"+delete"}
2019-3-22 22:46:26.154#keyHandled#"Backspace"
2019-3-22 22:46:26.213#change#{"from":{"line":0,"ch":20,"sticky":"after"},"to":{"line":0,"ch":21,"sticky":null},"text":[""],"removed":["o"],"origin":"+delete"}
2019-3-22 22:46:26.213#keyHandled#"Backspace"
2019-3-22 22:46:26.257#change#{"from":{"line":0,"ch":19,"sticky":"after"},"to":{"line":0,"ch":20,"sticky":null},"text":[""],"removed":["a"],"origin":"+delete"}
2019-3-22 22:46:26.257#keyHandled#"Backspace"
2019-3-22 22:46:26.304#mousedown#{"isTrusted":true}
2019-3-22 22:46:26.332#change#{"from":{"line":0,"ch":19,"sticky":"before"},"to":{"line":1,"ch":0,"sticky":"after","xRel":205.08331298828125},"text":[""],"removed":["",""],"origin":"+delete"}
2019-3-22 22:46:26.332#keyHandled#"Backspace"
2019-3-22 22:46:26.350#viewportChange#0
2019-3-22 22:46:26.419#change#{"from":{"line":0,"ch":18,"sticky":"after"},"to":{"line":0,"ch":19,"sticky":null},"text":[""],"removed":[" "],"origin":"+delete"}
2019-3-22 22:46:26.419#keyHandled#"Backspace"
2019-3-22 22:46:26.454#change#{"from":{"line":0,"ch":17,"sticky":"after"},"to":{"line":0,"ch":18,"sticky":null},"text":[""],"removed":["o"],"origin":"+delete"}
2019-3-22 22:46:26.454#keyHandled#"Backspace"
2019-3-22 22:46:26.515#change#{"from":{"line":0,"ch":16,"sticky":"after"},"to":{"line":0,"ch":17,"sticky":null},"text":[""],"removed":["g"],"origin":"+delete"}
2019-3-22 22:46:26.515#keyHandled#"Backspace"
2019-3-22 22:46:26.553#change#{"from":{"line":0,"ch":15,"sticky":"after"},"to":{"line":0,"ch":16,"sticky":null},"text":[""],"removed":["i"],"origin":"+delete"}
2019-3-22 22:46:26.554#keyHandled#"Backspace"
2019-3-22 22:46:26.614#change#{"from":{"line":0,"ch":14,"sticky":"after"},"to":{"line":0,"ch":15,"sticky":null},"text":[""],"removed":["d"],"origin":"+delete"}
2019-3-22 22:46:26.614#keyHandled#"Backspace"
2019-3-22 22:46:26.661#change#{"from":{"line":0,"ch":13,"sticky":"after"},"to":{"line":0,"ch":14,"sticky":null},"text":[""],"removed":["o"],"origin":"+delete"}
2019-3-22 22:46:26.661#keyHandled#"Backspace"
2019-3-22 22:46:26.712#change#{"from":{"line":0,"ch":12,"sticky":"after"},"to":{"line":0,"ch":13,"sticky":null},"text":[""],"removed":["c"],"origin":"+delete"}
2019-3-22 22:46:26.713#keyHandled#"Backspace"
2019-3-22 22:46:26.756#change#{"from":{"line":0,"ch":11,"sticky":"after"},"to":{"line":0,"ch":12,"sticky":null},"text":[""],"removed":[" "],"origin":"+delete"}
2019-3-22 22:46:26.756#keyHandled#"Backspace"
2019-3-22 22:46:26.812#change#{"from":{"line":0,"ch":10,"sticky":"after"},"to":{"line":0,"ch":11,"sticky":null},"text":[""],"removed":["u"],"origin":"+delete"}
2019-3-22 22:46:26.813#keyHandled#"Backspace"
2019-3-22 22:46:26.869#change#{"from":{"line":0,"ch":9,"sticky":"after"},"to":{"line":0,"ch":10,"sticky":null},"text":[""],"removed":["e"],"origin":"+delete"}
2019-3-22 22:46:26.869#keyHandled#"Backspace"
2019-3-22 22:46:26.912#change#{"from":{"line":0,"ch":8,"sticky":"after"},"to":{"line":0,"ch":9,"sticky":null},"text":[""],"removed":["s"],"origin":"+delete"}
2019-3-22 22:46:26.913#keyHandled#"Backspace"
2019-3-22 22:46:27.000#change#{"from":{"line":0,"ch":7,"sticky":"after"},"to":{"line":0,"ch":8,"sticky":null},"text":[""],"removed":[" "],"origin":"+delete"}
2019-3-22 22:46:27.000#keyHandled#"Backspace"
2019-3-22 22:46:27.043#change#{"from":{"line":0,"ch":6,"sticky":"after"},"to":{"line":0,"ch":7,"sticky":null},"text":[""],"removed":["e"],"origin":"+delete"}
2019-3-22 22:46:27.043#keyHandled#"Backspace"
2019-3-22 22:46:27.076#change#{"from":{"line":0,"ch":5,"sticky":"after"},"to":{"line":0,"ch":6,"sticky":null},"text":[""],"removed":["t"],"origin":"+delete"}
2019-3-22 22:46:27.076#keyHandled#"Backspace"
2019-3-22 22:46:27.153#change#{"from":{"line":0,"ch":4,"sticky":"after"},"to":{"line":0,"ch":5,"sticky":null},"text":[""],"removed":["s"],"origin":"+delete"}
2019-3-22 22:46:27.153#keyHandled#"Backspace"
2019-3-22 22:46:27.203#change#{"from":{"line":0,"ch":3,"sticky":"after"},"to":{"line":0,"ch":4,"sticky":null},"text":[""],"removed":["e"],"origin":"+delete"}
2019-3-22 22:46:27.203#keyHandled#"Backspace"
2019-3-22 22:46:27.266#change#{"from":{"line":0,"ch":2,"sticky":"after"},"to":{"line":0,"ch":3,"sticky":null},"text":[""],"removed":["T"],"origin":"+delete"}
2019-3-22 22:46:27.266#keyHandled#"Backspace"
2019-3-22 22:46:27.311#change#{"from":{"line":0,"ch":1,"sticky":"after"},"to":{"line":0,"ch":2,"sticky":null},"text":[""],"removed":[" "],"origin":"+delete"}
2019-3-22 22:46:27.311#keyHandled#"Backspace"
2019-3-22 22:46:27.343#change#{"from":{"line":0,"ch":0,"sticky":"after"},"to":{"line":0,"ch":1,"sticky":null},"text":[""],"removed":["#"],"origin":"+delete"}
2019-3-22 22:46:27.343#keyHandled#"Backspace"
2019-3-22 22:46:27.446#keyHandled#"Backspace"
2019-3-22 22:46:27.568#keyHandled#"Backspace"
2019-3-22 22:46:27.621#keyHandled#"Backspace"
2019-3-22 22:46:27.640#keyHandled#"Backspace"
2019-3-22 22:46:27.765#keyHandled#"Backspace"
2019-3-22 22:46:33.956#change#{"from":{"line":0,"ch":0,"sticky":null,"hitSide":true},"to":{"line":0,"ch":0,"sticky":null},"text":["i"],"removed":[""],"origin":"+input"}
2019-3-22 22:46:34.369#change#{"from":{"line":0,"ch":0,"sticky":"after"},"to":{"line":0,"ch":1,"sticky":null},"text":[""],"removed":["i"],"origin":"+delete"}
2019-3-22 22:46:34.369#keyHandled#"Backspace"
2019-3-22 22:46:45.726#change#{"from":{"line":0,"ch":0,"sticky":null},"to":{"line":0,"ch":0,"sticky":null},"text":["a"],"removed":[""],"origin":"+input"}
2019-3-22 22:46:45.898#change#{"from":{"line":0,"ch":1,"sticky":null},"to":{"line":0,"ch":1,"sticky":null},"text":["="],"removed":[""],"origin":"+input"}
2019-3-22 22:46:48.341#change#{"from":{"line":0,"ch":2,"sticky":null},"to":{"line":0,"ch":2,"sticky":null},"text":["f"],"removed":[""],"origin":"+input"}
2019-3-22 22:46:48.787#change#{"from":{"line":0,"ch":3,"sticky":null},"to":{"line":0,"ch":3,"sticky":null},"text":["l"],"removed":[""],"origin":"+input"}
2019-3-22 22:46:48.938#change#{"from":{"line":0,"ch":4,"sticky":null},"to":{"line":0,"ch":4,"sticky":null},"text":["o"],"removed":[""],"origin":"+input"}
2019-3-22 22:46:49.003#change#{"from":{"line":0,"ch":5,"sticky":null},"to":{"line":0,"ch":5,"sticky":null},"text":["a"],"removed":[""],"origin":"+input"}
2019-3-22 22:46:49.163#change#{"from":{"line":0,"ch":6,"sticky":null},"to":{"line":0,"ch":6,"sticky":null},"text":["t"],"removed":[""],"origin":"+input"}
2019-3-22 22:46:49.739#change#{"from":{"line":0,"ch":7,"sticky":null},"to":{"line":0,"ch":7,"sticky":null},"text":["()"],"removed":[""],"origin":"+input"}
2019-3-22 22:46:49.739#keyHandled#"'('"
2019-3-22 22:46:50.320#change#{"from":{"line":0,"ch":8,"sticky":"after"},"to":{"line":0,"ch":8,"sticky":"after"},"text":["i"],"removed":[""],"origin":"+input"}
2019-3-22 22:46:50.496#change#{"from":{"line":0,"ch":9,"sticky":null},"to":{"line":0,"ch":9,"sticky":null},"text":["n"],"removed":[""],"origin":"+input"}
2019-3-22 22:46:50.617#change#{"from":{"line":0,"ch":10,"sticky":null},"to":{"line":0,"ch":10,"sticky":null},"text":["p"],"removed":[""],"origin":"+input"}
2019-3-22 22:46:50.827#change#{"from":{"line":0,"ch":11,"sticky":null},"to":{"line":0,"ch":11,"sticky":null},"text":["u"],"removed":[""],"origin":"+input"}
2019-3-22 22:46:50.954#change#{"from":{"line":0,"ch":12,"sticky":null},"to":{"line":0,"ch":12,"sticky":null},"text":["t"],"removed":[""],"origin":"+input"}
2019-3-22 22:46:51.360#change#{"from":{"line":0,"ch":13,"sticky":null},"to":{"line":0,"ch":13,"sticky":null},"text":["()"],"removed":[""],"origin":"+input"}
2019-3-22 22:46:51.360#keyHandled#"'('"
2019-3-22 22:46:51.940#change#{"from":{"line":0,"ch":14,"sticky":"after"},"to":{"line":0,"ch":14,"sticky":"after"},"text":["!"],"removed":[""],"origin":"+input"}
2019-3-22 22:46:52.488#change#{"from":{"line":0,"ch":14,"sticky":"after"},"to":{"line":0,"ch":15,"sticky":null},"text":[""],"removed":["!"],"origin":"+delete"}
2019-3-22 22:46:52.488#keyHandled#"Backspace"
2019-3-22 22:46:52.850#change#{"from":{"line":0,"ch":14,"sticky":null},"to":{"line":0,"ch":14,"sticky":null},"text":["\"\""],"removed":[""],"origin":"+input"}
2019-3-22 22:46:52.850#keyHandled#"'\"'"
2019-3-22 22:46:53.602#change#{"from":{"line":0,"ch":15,"sticky":"after"},"to":{"line":0,"ch":15,"sticky":"after"},"text":["D"],"removed":[""],"origin":"+input"}
2019-3-22 22:46:53.745#change#{"from":{"line":0,"ch":16,"sticky":null},"to":{"line":0,"ch":16,"sticky":null},"text":["i"],"removed":[""],"origin":"+input"}
2019-3-22 22:46:53.858#change#{"from":{"line":0,"ch":17,"sticky":null},"to":{"line":0,"ch":17,"sticky":null},"text":["g"],"removed":[""],"origin":"+input"}
2019-3-22 22:46:53.972#change#{"from":{"line":0,"ch":18,"sticky":null},"to":{"line":0,"ch":18,"sticky":null},"text":["i"],"removed":[""],"origin":"+input"}
2019-3-22 22:46:54.106#change#{"from":{"line":0,"ch":19,"sticky":null},"to":{"line":0,"ch":19,"sticky":null},"text":["t"],"removed":[""],"origin":"+input"}
2019-3-22 22:46:54.164#change#{"from":{"line":0,"ch":20,"sticky":null},"to":{"line":0,"ch":20,"sticky":null},"text":["e"],"removed":[""],"origin":"+input"}
2019-3-22 22:46:54.634#change#{"from":{"line":0,"ch":21,"sticky":null},"to":{"line":0,"ch":21,"sticky":null},"text":[" "],"removed":[""],"origin":"+input"}
2019-3-22 22:46:55.125#change#{"from":{"line":0,"ch":24,"sticky":null},"to":{"line":0,"ch":24,"sticky":null},"text":[" "],"removed":[""],"origin":"+input"}
2019-3-22 22:46:55.363#change#{"from":{"line":0,"ch":25,"sticky":null},"to":{"line":0,"ch":25,"sticky":null},"text":["l"],"removed":[""],"origin":"+input"}
2019-3-22 22:46:55.403#change#{"from":{"line":0,"ch":26,"sticky":null},"to":{"line":0,"ch":26,"sticky":null},"text":["a"],"removed":[""],"origin":"+input"}
2019-3-22 22:46:55.460#change#{"from":{"line":0,"ch":27,"sticky":null},"to":{"line":0,"ch":27,"sticky":null},"text":["d"],"removed":[""],"origin":"+input"}
2019-3-22 22:46:55.525#change#{"from":{"line":0,"ch":28,"sticky":null},"to":{"line":0,"ch":28,"sticky":null},"text":["o"],"removed":[""],"origin":"+input"}
2019-3-22 22:46:55.669#change#{"from":{"line":0,"ch":29,"sticky":null},"to":{"line":0,"ch":29,"sticky":null},"text":[" "],"removed":[""],"origin":"+input"}
2019-3-22 22:46:55.746#change#{"from":{"line":0,"ch":30,"sticky":null},"to":{"line":0,"ch":30,"sticky":null},"text":["d"],"removed":[""],"origin":"+input"}
2019-3-22 22:46:55.834#change#{"from":{"line":0,"ch":31,"sticky":null},"to":{"line":0,"ch":31,"sticky":null},"text":["o"],"removed":[""],"origin":"+input"}
2019-3-22 22:46:55.932#change#{"from":{"line":0,"ch":32,"sticky":null},"to":{"line":0,"ch":32,"sticky":null},"text":[" "],"removed":[""],"origin":"+input"}
2019-3-22 22:46:56.097#change#{"from":{"line":0,"ch":33,"sticky":null},"to":{"line":0,"ch":33,"sticky":null},"text":["t"],"removed":[""],"origin":"+input"}
2019-3-22 22:46:56.258#change#{"from":{"line":0,"ch":34,"sticky":null},"to":{"line":0,"ch":34,"sticky":null},"text":["r"],"removed":[""],"origin":"+input"}
2019-3-22 22:46:56.378#change#{"from":{"line":0,"ch":35,"sticky":null},"to":{"line":0,"ch":35,"sticky":null},"text":["i"],"removed":[""],"origin":"+input"}
2019-3-22 22:46:56.466#change#{"from":{"line":0,"ch":36,"sticky":null},"to":{"line":0,"ch":36,"sticky":null},"text":["n"],"removed":[""],"origin":"+input"}
2019-3-22 22:46:56.554#change#{"from":{"line":0,"ch":37,"sticky":null},"to":{"line":0,"ch":37,"sticky":null},"text":["a"],"removed":[""],"origin":"+input"}
2019-3-22 22:46:56.912#change#{"from":{"line":0,"ch":38,"sticky":null},"to":{"line":0,"ch":38,"sticky":null},"text":["g"],"removed":[""],"origin":"+input"}
2019-3-22 22:46:56.978#change#{"from":{"line":0,"ch":39,"sticky":null},"to":{"line":0,"ch":39,"sticky":null},"text":["u"],"removed":[""],"origin":"+input"}
2019-3-22 22:46:57.169#change#{"from":{"line":0,"ch":40,"sticky":null},"to":{"line":0,"ch":40,"sticky":null},"text":["l"],"removed":[""],"origin":"+input"}
2019-3-22 22:46:57.354#change#{"from":{"line":0,"ch":40,"sticky":"after"},"to":{"line":0,"ch":41,"sticky":null},"text":[""],"removed":["l"],"origin":"+delete"}
2019-3-22 22:46:57.355#keyHandled#"Backspace"
2019-3-22 22:46:57.471#change#{"from":{"line":0,"ch":39,"sticky":"after"},"to":{"line":0,"ch":40,"sticky":null},"text":[""],"removed":["u"],"origin":"+delete"}
2019-3-22 22:46:57.471#keyHandled#"Backspace"
2019-3-22 22:46:57.607#change#{"from":{"line":0,"ch":38,"sticky":"after"},"to":{"line":0,"ch":39,"sticky":null},"text":[""],"removed":["g"],"origin":"+delete"}
2019-3-22 22:46:57.607#keyHandled#"Backspace"
2019-3-22 22:46:58.047#change#{"from":{"line":0,"ch":37,"sticky":"after"},"to":{"line":0,"ch":38,"sticky":null},"text":[""],"removed":["a"],"origin":"+delete"}
2019-3-22 22:46:58.047#keyHandled#"Backspace"
2019-3-22 22:46:59.382#change#{"from":{"line":0,"ch":36,"sticky":"after"},"to":{"line":0,"ch":37,"sticky":null},"text":[""],"removed":["n"],"origin":"+delete"}
2019-3-22 22:46:59.382#keyHandled#"Backspace"
2019-3-22 22:46:59.676#change#{"from":{"line":0,"ch":36,"sticky":null},"to":{"line":0,"ch":36,"sticky":null},"text":["a"],"removed":[""],"origin":"+input"}
2019-3-22 22:46:59.764#change#{"from":{"line":0,"ch":37,"sticky":null},"to":{"line":0,"ch":37,"sticky":null},"text":["n"],"removed":[""],"origin":"+input"}
2019-3-22 22:46:59.893#change#{"from":{"line":0,"ch":38,"sticky":null},"to":{"line":0,"ch":38,"sticky":null},"text":["g"],"removed":[""],"origin":"+input"}
2019-3-22 22:47:01.304#change#{"from":{"line":0,"ch":38,"sticky":"after"},"to":{"line":0,"ch":39,"sticky":null},"text":[""],"removed":["g"],"origin":"+delete"}
2019-3-22 22:47:01.305#keyHandled#"Backspace"
2019-3-22 22:47:01.346#change#{"from":{"line":0,"ch":37,"sticky":"after"},"to":{"line":0,"ch":38,"sticky":null},"text":[""],"removed":["n"],"origin":"+delete"}
2019-3-22 22:47:01.346#keyHandled#"Backspace"
2019-3-22 22:47:03.786#change#{"from":{"line":0,"ch":37,"sticky":null},"to":{"line":0,"ch":37,"sticky":null},"text":["n"],"removed":[""],"origin":"+input"}
2019-3-22 22:47:03.970#change#{"from":{"line":0,"ch":38,"sticky":null},"to":{"line":0,"ch":38,"sticky":null},"text":["g"],"removed":[""],"origin":"+input"}
2019-3-22 22:47:04.164#change#{"from":{"line":0,"ch":39,"sticky":null},"to":{"line":0,"ch":39,"sticky":null},"text":["u"],"removed":[""],"origin":"+input"}
2019-3-22 22:47:04.655#change#{"from":{"line":0,"ch":40,"sticky":null},"to":{"line":0,"ch":40,"sticky":null},"text":["l"],"removed":[""],"origin":"+input"}
2019-3-22 22:47:05.879#change#{"from":{"line":0,"ch":42,"sticky":null},"to":{"line":0,"ch":42,"sticky":null},"text":[" "],"removed":[""],"origin":"+input"}
2019-3-22 22:47:05.973#change#{"from":{"line":0,"ch":43,"sticky":null},"to":{"line":0,"ch":43,"sticky":null},"text":[";"],"removed":[""],"origin":"+input"}
2019-3-22 22:47:06.390#change#{"from":{"line":0,"ch":43,"sticky":"after"},"to":{"line":0,"ch":44,"sticky":null},"text":[""],"removed":[";"],"origin":"+delete"}
2019-3-22 22:47:06.391#keyHandled#"Backspace"
2019-3-22 22:47:06.564#change#{"from":{"line":0,"ch":43,"sticky":null},"to":{"line":0,"ch":43,"sticky":null},"text":["/"],"removed":[""],"origin":"+input"}
2019-3-22 22:47:07.016#change#{"from":{"line":0,"ch":43,"sticky":"after"},"to":{"line":0,"ch":44,"sticky":null},"text":[""],"removed":["/"],"origin":"+delete"}
2019-3-22 22:47:07.016#keyHandled#"Backspace"
2019-3-22 22:47:07.574#change#{"from":{"line":0,"ch":42,"sticky":"after"},"to":{"line":0,"ch":43,"sticky":null},"text":[""],"removed":[" "],"origin":"+delete"}
2019-3-22 22:47:07.574#keyHandled#"Backspace"
2019-3-22 22:47:07.949#change#{"from":{"line":0,"ch":42,"sticky":null},"to":{"line":0,"ch":42,"sticky":null},"text":["/"],"removed":[""],"origin":"+input"}
2019-3-22 22:47:08.352#change#{"from":{"line":0,"ch":42,"sticky":"after"},"to":{"line":0,"ch":43,"sticky":null},"text":[""],"removed":["/"],"origin":"+delete"}
2019-3-22 22:47:08.352#keyHandled#"Backspace"
2019-3-22 22:47:08.605#change#{"from":{"line":0,"ch":42,"sticky":null},"to":{"line":0,"ch":42,"sticky":null},"text":["?"],"removed":[""],"origin":"+input"}
2019-3-22 22:47:09.015#change#{"from":{"line":0,"ch":42,"sticky":"after"},"to":{"line":0,"ch":43,"sticky":null},"text":[""],"removed":["?"],"origin":"+delete"}
2019-3-22 22:47:09.016#keyHandled#"Shift-Backspace"
2019-3-22 22:47:09.134#change#{"from":{"line":0,"ch":42,"sticky":null},"to":{"line":0,"ch":42,"sticky":null},"text":[":"],"removed":[""],"origin":"+input"}
2019-3-22 22:47:09.694#change#{"from":{"line":0,"ch":43,"sticky":null},"to":{"line":0,"ch":43,"sticky":null},"text":[" "],"removed":[""],"origin":"+input"}
2019-3-22 22:47:11.895#mousedown#{"isTrusted":true}
2019-3-22 22:47:14.255#copy#{"isTrusted":true}
2019-3-22 22:47:14.604#mousedown#{"isTrusted":true}
2019-3-22 22:47:15.560#mousedown#{"isTrusted":true}
2019-3-22 22:47:16.293#change#{"from":{"line":0,"ch":47,"sticky":"before","xRel":99.08331298828125},"to":{"line":0,"ch":47,"sticky":"before","xRel":99.08331298828125},"text":["",""],"removed":[""],"origin":"+input"}
2019-3-22 22:47:16.293#keyHandled#"Enter"
2019-3-22 22:47:16.310#viewportChange#0
2019-3-22 22:47:16.625#change#{"from":{"line":1,"ch":0,"sticky":null},"to":{"line":1,"ch":0,"sticky":null},"text":["a=float(input(\"Digite um lado do triangulo: \"))"],"removed":[""],"origin":"paste"}
2019-3-22 22:47:17.047#change#{"from":{"line":1,"ch":47,"sticky":null},"to":{"line":1,"ch":47,"sticky":null},"text":["",""],"removed":[""],"origin":"+input"}
2019-3-22 22:47:17.047#keyHandled#"Enter"
2019-3-22 22:47:17.069#viewportChange#0
2019-3-22 22:47:17.371#change#{"from":{"line":2,"ch":0,"sticky":null},"to":{"line":2,"ch":0,"sticky":null},"text":["a=float(input(\"Digite um lado do triangulo: \"))"],"removed":[""],"origin":"paste"}
2019-3-22 22:47:18.671#mousedown#{"isTrusted":true}
2019-3-22 22:47:19.422#change#{"from":{"line":1,"ch":0,"sticky":"after"},"to":{"line":1,"ch":1,"sticky":"before","xRel":-0.91668701171875},"text":[""],"removed":["a"],"origin":"+delete"}
2019-3-22 22:47:19.422#keyHandled#"Backspace"
2019-3-22 22:47:19.557#change#{"from":{"line":1,"ch":0,"sticky":null},"to":{"line":1,"ch":0,"sticky":null},"text":["b"],"removed":[""],"origin":"+input"}
2019-3-22 22:47:20.403#keyHandled#"Down"
2019-3-22 22:47:21.046#change#{"from":{"line":2,"ch":0,"sticky":"after"},"to":{"line":2,"ch":1,"sticky":"after","xRel":0},"text":[""],"removed":["a"],"origin":"+delete"}
2019-3-22 22:47:21.046#keyHandled#"Backspace"
2019-3-22 22:47:21.276#change#{"from":{"line":2,"ch":0,"sticky":null},"to":{"line":2,"ch":0,"sticky":null},"text":["v"],"removed":[""],"origin":"+input"}
2019-3-22 22:47:21.679#change#{"from":{"line":2,"ch":0,"sticky":"after"},"to":{"line":2,"ch":1,"sticky":null},"text":[""],"removed":["v"],"origin":"+delete"}
2019-3-22 22:47:21.679#keyHandled#"Backspace"
2019-3-22 22:47:21.746#change#{"from":{"line":2,"ch":0,"sticky":null},"to":{"line":2,"ch":0,"sticky":null},"text":["c"],"removed":[""],"origin":"+input"}
2019-3-22 22:47:35.301#mousedown#{"isTrusted":true}
2019-3-22 22:47:36.897#change#{"from":{"line":2,"ch":47,"sticky":"before","xRel":12.08331298828125},"to":{"line":2,"ch":47,"sticky":"before","xRel":12.08331298828125},"text":["",""],"removed":[""],"origin":"+input"}
2019-3-22 22:47:36.898#keyHandled#"Enter"
2019-3-22 22:47:36.939#viewportChange#0
2019-3-22 22:47:37.787#change#{"from":{"line":3,"ch":0,"sticky":null},"to":{"line":3,"ch":0,"sticky":null},"text":["s"],"removed":[""],"origin":"+input"}
2019-3-22 22:47:37.970#change#{"from":{"line":3,"ch":1,"sticky":null},"to":{"line":3,"ch":1,"sticky":null},"text":["="],"removed":[""],"origin":"+input"}
2019-3-22 22:47:40.186#change#{"from":{"line":3,"ch":2,"sticky":null},"to":{"line":3,"ch":2,"sticky":null},"text":["a"],"removed":[""],"origin":"+input"}
2019-3-22 22:47:40.571#change#{"from":{"line":3,"ch":3,"sticky":null},"to":{"line":3,"ch":3,"sticky":null},"text":["_"],"removed":[""],"origin":"+input"}
2019-3-22 22:47:41.077#change#{"from":{"line":3,"ch":3,"sticky":"after"},"to":{"line":3,"ch":4,"sticky":null},"text":[""],"removed":["_"],"origin":"+delete"}
2019-3-22 22:47:41.077#keyHandled#"Backspace"
2019-3-22 22:47:41.274#change#{"from":{"line":3,"ch":3,"sticky":null},"to":{"line":3,"ch":3,"sticky":null},"text":["+"],"removed":[""],"origin":"+input"}
2019-3-22 22:47:41.906#change#{"from":{"line":3,"ch":4,"sticky":null},"to":{"line":3,"ch":4,"sticky":null},"text":["b"],"removed":[""],"origin":"+input"}
2019-3-22 22:47:42.590#change#{"from":{"line":3,"ch":5,"sticky":null},"to":{"line":3,"ch":5,"sticky":null},"text":["+"],"removed":[""],"origin":"+input"}
2019-3-22 22:47:42.751#change#{"from":{"line":3,"ch":6,"sticky":null},"to":{"line":3,"ch":6,"sticky":null},"text":["C"],"removed":[""],"origin":"+input"}
2019-3-22 22:47:43.454#change#{"from":{"line":3,"ch":6,"sticky":"after"},"to":{"line":3,"ch":7,"sticky":null},"text":[""],"removed":["C"],"origin":"+delete"}
2019-3-22 22:47:43.454#keyHandled#"Backspace"
2019-3-22 22:47:43.578#change#{"from":{"line":3,"ch":6,"sticky":null},"to":{"line":3,"ch":6,"sticky":null},"text":["c"],"removed":[""],"origin":"+input"}
2019-3-22 22:47:44.211#change#{"from":{"line":3,"ch":7,"sticky":null},"to":{"line":3,"ch":7,"sticky":null},"text":["/"],"removed":[""],"origin":"+input"}
2019-3-22 22:47:44.443#change#{"from":{"line":3,"ch":8,"sticky":null},"to":{"line":3,"ch":8,"sticky":null},"text":["2"],"removed":[""],"origin":"+input"}
2019-3-22 22:47:46.291#change#{"from":{"line":4,"ch":0,"sticky":null},"to":{"line":4,"ch":0,"sticky":null},"text":["p"],"removed":[""],"origin":"+input"}
2019-3-22 22:47:46.436#change#{"from":{"line":4,"ch":1,"sticky":null},"to":{"line":4,"ch":1,"sticky":null},"text":["r"],"removed":[""],"origin":"+input"}
2019-3-22 22:47:46.575#change#{"from":{"line":4,"ch":2,"sticky":null},"to":{"line":4,"ch":2,"sticky":null},"text":["i"],"removed":[""],"origin":"+input"}
2019-3-22 22:47:46.623#change#{"from":{"line":4,"ch":3,"sticky":null},"to":{"line":4,"ch":3,"sticky":null},"text":["n"],"removed":[""],"origin":"+input"}
2019-3-22 22:47:46.715#change#{"from":{"line":4,"ch":4,"sticky":null},"to":{"line":4,"ch":4,"sticky":null},"text":["t"],"removed":[""],"origin":"+input"}
2019-3-22 22:47:47.194#change#{"from":{"line":4,"ch":5,"sticky":null},"to":{"line":4,"ch":5,"sticky":null},"text":[")"],"removed":[""],"origin":"+input"}
2019-3-22 22:47:47.568#change#{"from":{"line":4,"ch":5,"sticky":"after"},"to":{"line":4,"ch":6,"sticky":null},"text":[""],"removed":[")"],"origin":"+delete"}
2019-3-22 22:47:47.568#keyHandled#"Shift-Backspace"
2019-3-22 22:47:48.404#change#{"from":{"line":4,"ch":5,"sticky":null},"to":{"line":4,"ch":5,"sticky":null},"text":["()"],"removed":[""],"origin":"+input"}
2019-3-22 22:47:48.404#keyHandled#"'('"
2019-3-22 22:47:48.457#change#{"from":{"line":4,"ch":6,"sticky":"after"},"to":{"line":4,"ch":6,"sticky":"after"},"text":["C"],"removed":[""],"origin":"+input"}
2019-3-22 22:47:49.094#change#{"from":{"line":4,"ch":6,"sticky":"after"},"to":{"line":4,"ch":7,"sticky":null},"text":[""],"removed":["C"],"origin":"+delete"}
2019-3-22 22:47:49.094#keyHandled#"Backspace"
2019-3-22 22:47:50.036#change#{"from":{"line":4,"ch":6,"sticky":null},"to":{"line":4,"ch":6,"sticky":null},"text":["S"],"removed":[""],"origin":"+input"}
2019-3-22 22:47:50.734#change#{"from":{"line":4,"ch":7,"sticky":null},"to":{"line":4,"ch":7,"sticky":null},"text":["s"],"removed":[""],"origin":"+input"}
2019-3-22 22:47:51.214#change#{"from":{"line":4,"ch":7,"sticky":"after"},"to":{"line":4,"ch":8,"sticky":null},"text":[""],"removed":["s"],"origin":"+delete"}
2019-3-22 22:47:51.214#keyHandled#"Backspace"
2019-3-22 22:47:51.382#change#{"from":{"line":4,"ch":6,"sticky":"after"},"to":{"line":4,"ch":7,"sticky":null},"text":[""],"removed":["S"],"origin":"+delete"}
2019-3-22 22:47:51.382#keyHandled#"Backspace"
2019-3-22 22:47:51.439#change#{"from":{"line":4,"ch":6,"sticky":null},"to":{"line":4,"ch":6,"sticky":null},"text":["s"],"removed":[""],"origin":"+input"}
2019-3-22 22:47:59.427#saida_testar#$ python3 main.py
2019-3-22 22:47:59.853#blur#
2019-3-22 22:48:07.443#mousedown#{"isTrusted":true}
2019-3-22 22:48:07.926#focus#
2019-3-22 22:48:08.166#mousedown#{"isTrusted":true}
2019-3-22 22:48:08.536#change#{"from":{"line":3,"ch":8,"sticky":"after"},"to":{"line":3,"ch":9,"sticky":"before","xRel":58.08331298828125},"text":[""],"removed":["2"],"origin":"+delete"}
2019-3-22 22:48:08.536#keyHandled#"Backspace"
2019-3-22 22:48:08.847#change#{"from":{"line":3,"ch":7,"sticky":"after"},"to":{"line":3,"ch":8,"sticky":null},"text":[""],"removed":["/"],"origin":"+delete"}
2019-3-22 22:48:08.847#keyHandled#"Backspace"
2019-3-22 22:48:09.413#change#{"from":{"line":3,"ch":7,"sticky":null},"to":{"line":3,"ch":7,"sticky":null},"text":["",""],"removed":[""],"origin":"+input"}
2019-3-22 22:48:09.413#keyHandled#"Enter"
2019-3-22 22:48:09.432#viewportChange#0
2019-3-22 22:48:09.871#change#{"from":{"line":4,"ch":0,"sticky":null},"to":{"line":4,"ch":0,"sticky":null},"text":["s"],"removed":[""],"origin":"+input"}
2019-3-22 22:48:10.010#change#{"from":{"line":4,"ch":1,"sticky":null},"to":{"line":4,"ch":1,"sticky":null},"text":["="],"removed":[""],"origin":"+input"}
2019-3-22 22:48:10.619#change#{"from":{"line":4,"ch":2,"sticky":null},"to":{"line":4,"ch":2,"sticky":null},"text":["/"],"removed":[""],"origin":"+input"}
2019-3-22 22:48:11.159#change#{"from":{"line":4,"ch":2,"sticky":"after"},"to":{"line":4,"ch":3,"sticky":null},"text":[""],"removed":["/"],"origin":"+delete"}
2019-3-22 22:48:11.159#keyHandled#"Backspace"
2019-3-22 22:48:11.252#change#{"from":{"line":4,"ch":2,"sticky":null},"to":{"line":4,"ch":2,"sticky":null},"text":["s"],"removed":[""],"origin":"+input"}
2019-3-22 22:48:11.419#change#{"from":{"line":4,"ch":3,"sticky":null},"to":{"line":4,"ch":3,"sticky":null},"text":["/"],"removed":[""],"origin":"+input"}
2019-3-22 22:48:11.955#change#{"from":{"line":4,"ch":4,"sticky":null},"to":{"line":4,"ch":4,"sticky":null},"text":["2"],"removed":[""],"origin":"+input"}
2019-3-22 22:48:12.863#mousedown#{"isTrusted":true}
2019-3-22 22:48:12.863#mousedown#{"isTrusted":true}
2019-3-22 22:48:17.402#saida_testar#$ python3 main.py
Digite um lado do triangulo: 1
Digite um lado do triangulo: 1
Digite um lado do triangulo: 1
2.5
2019-3-22 22:48:18.241#blur#
2019-3-22 22:48:24.772#mousedown#{"isTrusted":true}
2019-3-22 22:48:25.199#focus#
2019-3-22 22:48:25.833#mousedown#{"isTrusted":true}
2019-3-22 22:48:26.541#change#{"from":{"line":5,"ch":0,"sticky":"after","xRel":1.08331298828125},"to":{"line":5,"ch":8,"sticky":"before","xRel":12.08331298828125},"text":[""],"removed":["print(s)"],"origin":"+delete"}
2019-3-22 22:48:26.541#keyHandled#"Backspace"
2019-3-22 22:48:28.337#mousedown#{"isTrusted":true}
2019-3-22 22:48:28.417#mousedown#{"isTrusted":true}
2019-3-22 22:48:29.050#mousedown#{"isTrusted":true}
2019-3-22 22:48:29.721#change#{"from":{"line":4,"ch":5,"sticky":"before","xRel":6.08331298828125},"to":{"line":4,"ch":5,"sticky":"before","xRel":6.08331298828125},"text":["",""],"removed":[""],"origin":"+input"}
2019-3-22 22:48:29.721#keyHandled#"Enter"
2019-3-22 22:48:29.738#viewportChange#0
2019-3-22 22:50:18.547#change#{"from":{"line":5,"ch":0,"sticky":null},"to":{"line":5,"ch":0,"sticky":null},"text":["a"],"removed":[""],"origin":"+input"}
2019-3-22 22:50:18.756#change#{"from":{"line":5,"ch":1,"sticky":null},"to":{"line":5,"ch":1,"sticky":null},"text":["="],"removed":[""],"origin":"+input"}
2019-3-22 22:50:19.190#change#{"from":{"line":5,"ch":1,"sticky":"after"},"to":{"line":5,"ch":2,"sticky":null},"text":[""],"removed":["="],"origin":"+delete"}
2019-3-22 22:50:19.190#keyHandled#"Backspace"
2019-3-22 22:50:19.398#change#{"from":{"line":5,"ch":0,"sticky":"after"},"to":{"line":5,"ch":1,"sticky":null},"text":[""],"removed":["a"],"origin":"+delete"}
2019-3-22 22:50:19.399#keyHandled#"Backspace"
2019-3-22 22:50:19.899#change#{"from":{"line":5,"ch":0,"sticky":null},"to":{"line":5,"ch":0,"sticky":null},"text":["A"],"removed":[""],"origin":"+input"}
2019-3-22 22:50:20.302#change#{"from":{"line":5,"ch":1,"sticky":null},"to":{"line":5,"ch":1,"sticky":null},"text":["="],"removed":[""],"origin":"+input"}
2019-3-22 22:50:22.571#change#{"from":{"line":5,"ch":2,"sticky":null},"to":{"line":5,"ch":2,"sticky":null},"text":["s"],"removed":[""],"origin":"+input"}
2019-3-22 22:50:23.033#change#{"from":{"line":5,"ch":3,"sticky":null},"to":{"line":5,"ch":3,"sticky":null},"text":["()"],"removed":[""],"origin":"+input"}
2019-3-22 22:50:23.033#keyHandled#"'('"
2019-3-22 22:50:23.973#change#{"from":{"line":5,"ch":4,"sticky":"after"},"to":{"line":5,"ch":4,"sticky":"after"},"text":["s"],"removed":[""],"origin":"+input"}
2019-3-22 22:50:24.317#change#{"from":{"line":5,"ch":5,"sticky":null},"to":{"line":5,"ch":5,"sticky":null},"text":["-"],"removed":[""],"origin":"+input"}
2019-3-22 22:50:25.130#change#{"from":{"line":5,"ch":6,"sticky":null},"to":{"line":5,"ch":6,"sticky":null},"text":["a"],"removed":[""],"origin":"+input"}
2019-3-22 22:50:26.741#change#{"from":{"line":5,"ch":8,"sticky":"before"},"to":{"line":5,"ch":8,"sticky":"before"},"text":[")"],"removed":[""],"origin":"+input"}
2019-3-22 22:50:27.300#change#{"from":{"line":5,"ch":8,"sticky":"after"},"to":{"line":5,"ch":9,"sticky":null},"text":[""],"removed":[")"],"origin":"+delete"}
2019-3-22 22:50:27.300#keyHandled#"Shift-Backspace"
2019-3-22 22:50:28.671#keyHandled#"Left"
2019-3-22 22:50:28.838#keyHandled#"Left"
2019-3-22 22:50:28.980#keyHandled#"Left"
2019-3-22 22:50:29.118#keyHandled#"Left"
2019-3-22 22:50:29.262#keyHandled#"Left"
2019-3-22 22:50:39.229#change#{"from":{"line":5,"ch":3,"sticky":"after"},"to":{"line":5,"ch":3,"sticky":"after"},"text":["*"],"removed":[""],"origin":"+input"}
2019-3-22 22:50:40.272#keyHandled#"Right"
2019-3-22 22:50:40.470#keyHandled#"Right"
2019-3-22 22:50:40.622#keyHandled#"Right"
2019-3-22 22:50:40.831#keyHandled#"Right"
2019-3-22 22:50:41.314#keyHandled#"Right"
2019-3-22 22:50:44.109#change#{"from":{"line":5,"ch":9,"sticky":"before"},"to":{"line":5,"ch":9,"sticky":"before"},"text":["*"],"removed":[""],"origin":"+input"}
2019-3-22 22:50:44.707#change#{"from":{"line":5,"ch":10,"sticky":null},"to":{"line":5,"ch":10,"sticky":null},"text":["()"],"removed":[""],"origin":"+input"}
2019-3-22 22:50:44.707#keyHandled#"'('"
2019-3-22 22:50:45.756#change#{"from":{"line":5,"ch":11,"sticky":"after"},"to":{"line":5,"ch":11,"sticky":"after"},"text":["s"],"removed":[""],"origin":"+input"}
2019-3-22 22:50:46.074#change#{"from":{"line":5,"ch":12,"sticky":null},"to":{"line":5,"ch":12,"sticky":null},"text":["="],"removed":[""],"origin":"+input"}
2019-3-22 22:50:46.542#change#{"from":{"line":5,"ch":12,"sticky":"after"},"to":{"line":5,"ch":13,"sticky":null},"text":[""],"removed":["="],"origin":"+delete"}
2019-3-22 22:50:46.542#keyHandled#"Backspace"
2019-3-22 22:50:47.557#change#{"from":{"line":5,"ch":12,"sticky":null},"to":{"line":5,"ch":12,"sticky":null},"text":["-"],"removed":[""],"origin":"+input"}
2019-3-22 22:50:47.835#change#{"from":{"line":5,"ch":13,"sticky":null},"to":{"line":5,"ch":13,"sticky":null},"text":["b"],"removed":[""],"origin":"+input"}
2019-3-22 22:50:49.135#keyHandled#"Right"
2019-3-22 22:50:50.345#change#{"from":{"line":5,"ch":15,"sticky":"before"},"to":{"line":5,"ch":15,"sticky":"before"},"text":["()"],"removed":[""],"origin":"+input"}
2019-3-22 22:50:50.345#keyHandled#"'('"
2019-3-22 22:50:51.039#change#{"from":{"line":5,"ch":15,"sticky":null},"to":{"line":5,"ch":17,"sticky":null},"text":[""],"removed":["()"],"origin":"+delete"}
2019-3-22 22:50:51.039#keyHandled#"Backspace"
2019-3-22 22:50:51.321#change#{"from":{"line":5,"ch":14,"sticky":"after"},"to":{"line":5,"ch":15,"sticky":null},"text":[""],"removed":[")"],"origin":"+delete"}
2019-3-22 22:50:51.321#keyHandled#"Backspace"
2019-3-22 22:50:53.788#change#{"from":{"line":5,"ch":14,"sticky":null},"to":{"line":5,"ch":14,"sticky":null},"text":[")"],"removed":[""],"origin":"+input"}
2019-3-22 22:50:54.186#change#{"from":{"line":5,"ch":15,"sticky":null},"to":{"line":5,"ch":15,"sticky":null},"text":["*"],"removed":[""],"origin":"+input"}
2019-3-22 22:50:55.450#change#{"from":{"line":5,"ch":16,"sticky":null},"to":{"line":5,"ch":16,"sticky":null},"text":["()"],"removed":[""],"origin":"+input"}
2019-3-22 22:50:55.450#keyHandled#"'('"
2019-3-22 22:50:55.694#change#{"from":{"line":5,"ch":17,"sticky":"after"},"to":{"line":5,"ch":17,"sticky":"after"},"text":["S"],"removed":[""],"origin":"+input"}
2019-3-22 22:50:56.519#change#{"from":{"line":5,"ch":17,"sticky":"after"},"to":{"line":5,"ch":18,"sticky":null},"text":[""],"removed":["S"],"origin":"+delete"}
2019-3-22 22:50:56.519#keyHandled#"Backspace"
2019-3-22 22:50:56.819#change#{"from":{"line":5,"ch":17,"sticky":null},"to":{"line":5,"ch":17,"sticky":null},"text":["S"],"removed":[""],"origin":"+input"}
2019-3-22 22:50:57.266#change#{"from":{"line":5,"ch":18,"sticky":null},"to":{"line":5,"ch":18,"sticky":null},"text":["="],"removed":[""],"origin":"+input"}
2019-3-22 22:50:57.550#change#{"from":{"line":5,"ch":18,"sticky":"after"},"to":{"line":5,"ch":19,"sticky":null},"text":[""],"removed":["="],"origin":"+delete"}
2019-3-22 22:50:57.550#keyHandled#"Backspace"
2019-3-22 22:50:58.479#change#{"from":{"line":5,"ch":17,"sticky":"after"},"to":{"line":5,"ch":18,"sticky":null},"text":[""],"removed":["S"],"origin":"+delete"}
2019-3-22 22:50:58.479#keyHandled#"Backspace"
2019-3-22 22:50:58.666#change#{"from":{"line":5,"ch":17,"sticky":null},"to":{"line":5,"ch":17,"sticky":null},"text":["s"],"removed":[""],"origin":"+input"}
2019-3-22 22:51:00.370#change#{"from":{"line":5,"ch":18,"sticky":null},"to":{"line":5,"ch":18,"sticky":null},"text":["-"],"removed":[""],"origin":"+input"}
2019-3-22 22:51:00.545#change#{"from":{"line":5,"ch":19,"sticky":null},"to":{"line":5,"ch":19,"sticky":null},"text":["c"],"removed":[""],"origin":"+input"}
2019-3-22 22:51:01.518#keyHandled#"Right"
2019-3-22 22:51:03.915#change#{"from":{"line":5,"ch":21,"sticky":"before"},"to":{"line":5,"ch":21,"sticky":"before"},"text":["",""],"removed":[""],"origin":"+input"}
2019-3-22 22:51:03.915#keyHandled#"Enter"
2019-3-22 22:51:03.934#viewportChange#0
2019-3-22 22:51:04.867#change#{"from":{"line":6,"ch":0,"sticky":null},"to":{"line":6,"ch":0,"sticky":null},"text":["A"],"removed":[""],"origin":"+input"}
2019-3-22 22:51:05.284#change#{"from":{"line":6,"ch":1,"sticky":null},"to":{"line":6,"ch":1,"sticky":null},"text":["="],"removed":[""],"origin":"+input"}
2019-3-22 22:51:06.829#change#{"from":{"line":6,"ch":1,"sticky":null},"to":{"line":6,"ch":1,"sticky":null},"text":["="],"removed":[""],"origin":"+input"}
2019-3-22 22:51:07.195#change#{"from":{"line":6,"ch":2,"sticky":null},"to":{"line":6,"ch":2,"sticky":null},"text":["A"],"removed":[""],"origin":"+input"}
2019-3-22 22:51:09.467#change#{"from":{"line":6,"ch":3,"sticky":null},"to":{"line":6,"ch":3,"sticky":null},"text":["*"],"removed":[""],"origin":"+input"}
2019-3-22 22:51:10.058#change#{"from":{"line":6,"ch":4,"sticky":null},"to":{"line":6,"ch":4,"sticky":null},"text":["*"],"removed":[""],"origin":"+input"}
2019-3-22 22:51:11.908#blur#
2019-3-22 22:51:35.735#focus#
2019-3-22 22:51:45.556#change#{"from":{"line":6,"ch":5,"sticky":null},"to":{"line":6,"ch":5,"sticky":null},"text":["0"],"removed":[""],"origin":"+input"}
2019-3-22 22:51:46.008#change#{"from":{"line":6,"ch":6,"sticky":null},"to":{"line":6,"ch":6,"sticky":null},"text":["."],"removed":[""],"origin":"+input"}
2019-3-22 22:51:46.596#change#{"from":{"line":6,"ch":7,"sticky":null},"to":{"line":6,"ch":7,"sticky":null},"text":["5"],"removed":[""],"origin":"+input"}
2019-3-22 22:52:01.034#change#{"from":{"line":6,"ch":8,"sticky":null},"to":{"line":6,"ch":8,"sticky":null},"text":["",""],"removed":[""],"origin":"+input"}
2019-3-22 22:52:01.035#keyHandled#"Enter"
2019-3-22 22:52:01.063#viewportChange#0
2019-3-22 22:52:01.293#change#{"from":{"line":7,"ch":0,"sticky":null},"to":{"line":7,"ch":0,"sticky":null},"text":["p"],"removed":[""],"origin":"+input"}
2019-3-22 22:52:01.514#change#{"from":{"line":7,"ch":1,"sticky":null},"to":{"line":7,"ch":1,"sticky":null},"text":["r"],"removed":[""],"origin":"+input"}
2019-3-22 22:52:01.562#change#{"from":{"line":7,"ch":2,"sticky":null},"to":{"line":7,"ch":2,"sticky":null},"text":["e"],"removed":[""],"origin":"+input"}
2019-3-22 22:52:02.087#change#{"from":{"line":7,"ch":2,"sticky":"after"},"to":{"line":7,"ch":3,"sticky":null},"text":[""],"removed":["e"],"origin":"+delete"}
2019-3-22 22:52:02.087#keyHandled#"Backspace"
2019-3-22 22:52:02.317#change#{"from":{"line":7,"ch":2,"sticky":null},"to":{"line":7,"ch":2,"sticky":null},"text":["i"],"removed":[""],"origin":"+input"}
2019-3-22 22:52:02.427#change#{"from":{"line":7,"ch":3,"sticky":null},"to":{"line":7,"ch":3,"sticky":null},"text":["n"],"removed":[""],"origin":"+input"}
2019-3-22 22:52:02.490#change#{"from":{"line":7,"ch":4,"sticky":null},"to":{"line":7,"ch":4,"sticky":null},"text":["t"],"removed":[""],"origin":"+input"}
2019-3-22 22:52:03.034#change#{"from":{"line":7,"ch":5,"sticky":null},"to":{"line":7,"ch":5,"sticky":null},"text":["()"],"removed":[""],"origin":"+input"}
2019-3-22 22:52:03.034#keyHandled#"'('"
2019-3-22 22:52:05.216#change#{"from":{"line":7,"ch":6,"sticky":"after"},"to":{"line":7,"ch":6,"sticky":"after"},"text":["A"],"removed":[""],"origin":"+input"}
2019-3-22 22:52:05.590#change#{"from":{"line":7,"ch":7,"sticky":null},"to":{"line":7,"ch":7,"sticky":null},"text":[","],"removed":[""],"origin":"+input"}
2019-3-22 22:52:05.927#change#{"from":{"line":7,"ch":7,"sticky":"after"},"to":{"line":7,"ch":8,"sticky":null},"text":[""],"removed":[","],"origin":"+delete"}
2019-3-22 22:52:05.927#keyHandled#"Backspace"
2019-3-22 22:52:06.120#change#{"from":{"line":7,"ch":6,"sticky":"after"},"to":{"line":7,"ch":7,"sticky":null},"text":[""],"removed":["A"],"origin":"+delete"}
2019-3-22 22:52:06.120#keyHandled#"Backspace"
2019-3-22 22:52:06.338#change#{"from":{"line":7,"ch":6,"sticky":null},"to":{"line":7,"ch":6,"sticky":null},"text":["r"],"removed":[""],"origin":"+input"}
2019-3-22 22:52:06.405#change#{"from":{"line":7,"ch":7,"sticky":null},"to":{"line":7,"ch":7,"sticky":null},"text":["o"],"removed":[""],"origin":"+input"}
2019-3-22 22:52:07.178#change#{"from":{"line":7,"ch":11,"sticky":null},"to":{"line":7,"ch":11,"sticky":null},"text":["()"],"removed":[""],"origin":"+input"}
2019-3-22 22:52:07.178#keyHandled#"'('"
2019-3-22 22:52:10.597#change#{"from":{"line":7,"ch":12,"sticky":"after"},"to":{"line":7,"ch":12,"sticky":"after"},"text":["a"],"removed":[""],"origin":"+input"}
2019-3-22 22:52:11.279#change#{"from":{"line":7,"ch":12,"sticky":"after"},"to":{"line":7,"ch":13,"sticky":null},"text":[""],"removed":["a"],"origin":"+delete"}
2019-3-22 22:52:11.279#keyHandled#"Backspace"
2019-3-22 22:52:11.425#change#{"from":{"line":7,"ch":12,"sticky":null},"to":{"line":7,"ch":12,"sticky":null},"text":["A"],"removed":[""],"origin":"+input"}
2019-3-22 22:52:16.463#change#{"from":{"line":7,"ch":13,"sticky":null},"to":{"line":7,"ch":13,"sticky":null},"text":["."],"removed":[""],"origin":"+input"}
2019-3-22 22:52:17.622#change#{"from":{"line":7,"ch":13,"sticky":"after"},"to":{"line":7,"ch":14,"sticky":null},"text":[""],"removed":["."],"origin":"+delete"}
2019-3-22 22:52:17.622#keyHandled#"Backspace"
2019-3-22 22:52:17.839#change#{"from":{"line":7,"ch":13,"sticky":null},"to":{"line":7,"ch":13,"sticky":null},"text":[","],"removed":[""],"origin":"+input"}
2019-3-22 22:52:18.601#change#{"from":{"line":7,"ch":14,"sticky":null},"to":{"line":7,"ch":14,"sticky":null},"text":["5"],"removed":[""],"origin":"+input"}
2019-3-22 22:52:23.743#blur#
2019-3-22 22:52:23.743#blur#
2019-3-22 22:52:27.384#saida_testar#$ python3 main.py
2019-4-2 17:53:40.913#viewportChange#0
2019-4-2 17:55:28.091#mousedown#{"isTrusted":true}
2019-4-2 17:55:28.095#focus#
2019-4-2 17:55:31.005#copy#{"isTrusted":true}
2019-4-2 17:55:34.100#blur#
