== TEST (2019-05-30 18:15:38) 
-- CODE:
from numpy import *
t=array(eval(input("digite o tempo do banho: ")))
a=array(eval(input("digite o percentual de abertura: ")))
i=0
c=0
while(i<t):
	lc=(a[i] * 5)/100
	c=c+lc
print(round(c, 2))
-- ERROR:
Traceback (most recent call last):
  File "XXXX", line 1, in <module>
    from numpy import *
ModuleNotFoundError: No module named 'numpy'
*-*-*-*-*-*-*-*-*-*-*-*-*-*-*-*-*-*-*-*-*-*-*-*
== TEST (2019-05-30 18:16:50) 
-- CODE:
from numpy import *
t=array(eval(input("digite o tempo do banho: ")))
a=array(eval(input("digite o percentual de abertura: ")))
i=0
c=0
while(i<size(t)):
	lc=(a[i] * 5)/100
	c=c+lc
print(round(c, 2))
-- ERROR:
Traceback (most recent call last):
  File "XXXX", line 1, in <module>
    from numpy import *
ModuleNotFoundError: No module named 'numpy'
*-*-*-*-*-*-*-*-*-*-*-*-*-*-*-*-*-*-*-*-*-*-*-*
== TEST (2019-05-30 18:17:27) 
-- CODE:
from numpy import *
t=array(eval(input("digite o tempo do banho: ")))
a=array(eval(input("digite o percentual de abertura: ")))
i=0
c=0
while(i<size(t)):
	lc=(a[i] * 5)/100
	c=c+lc
	print(round(c, 2))
-- ERROR:
Traceback (most recent call last):
  File "XXXX", line 1, in <module>
    from numpy import *
ModuleNotFoundError: No module named 'numpy'
*-*-*-*-*-*-*-*-*-*-*-*-*-*-*-*-*-*-*-*-*-*-*-*
== TEST (2019-05-30 18:18:51) 
-- CODE:
from numpy import *
t=array(eval(input("digite o tempo do banho: ")))
a=array(eval(input("digite o percentual de abertura: ")))
i=0
c=0
while(i<size(t)):
	lc=(a[i] * 5)/100
	c=c+lc
print(round(c, 2))
-- ERROR:
Traceback (most recent call last):
  File "XXXX", line 1, in <module>
    from numpy import *
ModuleNotFoundError: No module named 'numpy'
*-*-*-*-*-*-*-*-*-*-*-*-*-*-*-*-*-*-*-*-*-*-*-*
== TEST (2019-05-30 18:19:03) 
-- CODE:
from numpy import *
t=array(eval(input("digite o tempo do banho: ")))
a=array(eval(input("digite o percentual de abertura: ")))
i=0
c=0
while(i<size(t)):
	lc=(a[i] * 5)/100
	c=c+lc
	i=i+1
print(round(c, 2))
-- ERROR:
Traceback (most recent call last):
  File "XXXX", line 1, in <module>
    from numpy import *
ModuleNotFoundError: No module named 'numpy'
*-*-*-*-*-*-*-*-*-*-*-*-*-*-*-*-*-*-*-*-*-*-*-*
== TEST (2019-05-30 18:23:07) 
-- CODE:
from numpy import *
t=array(eval(input("digite o tempo do banho: ")))
a=array(eval(input("digite o percentual de abertura: ")))
i=0
c=0
while(i<size(t)):
	lc=5* a[i]/100
	c=c+lc
	i=i+1
print(round(c, 2))
-- ERROR:
Traceback (most recent call last):
  File "XXXX", line 1, in <module>
    from numpy import *
ModuleNotFoundError: No module named 'numpy'
*-*-*-*-*-*-*-*-*-*-*-*-*-*-*-*-*-*-*-*-*-*-*-*
== TEST (2019-05-30 18:23:48) 
-- CODE:
from numpy import *
t=array(eval(input("digite o tempo do banho: ")))
a=array(eval(input("digite o percentual de abertura: ")))
i=0
c=0
while(i<size(t)):
	lc=5* a[i]
	c=c+lc
	i=i+1
print(round(c, 2))
-- ERROR:
Traceback (most recent call last):
  File "XXXX", line 1, in <module>
    from numpy import *
ModuleNotFoundError: No module named 'numpy'
*-*-*-*-*-*-*-*-*-*-*-*-*-*-*-*-*-*-*-*-*-*-*-*
== TEST (2019-05-30 18:47:39) 
-- CODE:
from numpy import *
t=array(eval(input("digite o tempo do banho: ")))
a=array(eval(input("digite o percentual de abertura: ")))
i=0
c=0
while(i<size(t)):
	lc=5* a[i]/100
	c=c+lc
	i=i+1
print(round(c, 2))
-- ERROR:
Traceback (most recent call last):
  File "XXXX", line 1, in <module>
    from numpy import *
ModuleNotFoundError: No module named 'numpy'
*-*-*-*-*-*-*-*-*-*-*-*-*-*-*-*-*-*-*-*-*-*-*-*
== TEST (2019-05-30 18:51:16) 
-- CODE:
from numpy import *
t=array(eval(input("digite o tempo do banho: ")))
a=array(eval(input("digite o percentual de abertura: ")))
i=0
c=0
while(i<size(t)):
	lc=5* (a[i]/100)
	c=c+lc
	i=i+1
print(round(c, 2))
-- ERROR:
Traceback (most recent call last):
  File "XXXX", line 1, in <module>
    from numpy import *
ModuleNotFoundError: No module named 'numpy'
*-*-*-*-*-*-*-*-*-*-*-*-*-*-*-*-*-*-*-*-*-*-*-*
== TEST (2019-05-30 18:51:16) 
-- CODE:
from numpy import *
t=array(eval(input("digite o tempo do banho: ")))
a=array(eval(input("digite o percentual de abertura: ")))
i=0
c=0
while(i<size(t)):
	lc=5* (a[i]/100)
	c=c+lc
	i=i+1
print(round(c, 2))
-- ERROR:
Traceback (most recent call last):
  File "XXXX", line 1, in <module>
    from numpy import *
ModuleNotFoundError: No module named 'numpy'
*-*-*-*-*-*-*-*-*-*-*-*-*-*-*-*-*-*-*-*-*-*-*-*
== TEST (2019-05-30 18:51:37) 
-- CODE:
from numpy import *
t=array(eval(input("digite o tempo do banho: ")))
a=array(eval(input("digite o percentual de abertura: ")))
i=0
c=0
while(i<size(t)):
	lc=5* (a[i]/100)
	c=c+lc
	i=i+1
print(round(c, 2))
-- ERROR:
Traceback (most recent call last):
  File "XXXX", line 1, in <module>
    from numpy import *
ModuleNotFoundError: No module named 'numpy'
*-*-*-*-*-*-*-*-*-*-*-*-*-*-*-*-*-*-*-*-*-*-*-*
== SUBMITION (2019-05-30 18:52:20) 
-- CODE:
from numpy import *
t=array(eval(input("digite o tempo do banho: ")))
a=array(eval(input("digite o percentual de abertura: ")))
i=0
c=0
while(i<size(t)):
	lc=5* (a[i]/100)
	c=c+lc
	i=i+1
print(round(c, 2))
-- EXECUTION TIME:
0.390124
-- TEST CASE 1:
---- input:
[5,30,5,10]
[20,35,15,20]
---- correct output:
71.25
---- user output:
4.5
-- TEST CASE 2:
---- input:
[5,30,5,7,52]
[20,35,15,10,60]
---- correct output:
220.75
---- user output:
7.0
-- TEST CASE 3:
---- input:
[2,60,10,30,20,10]
[10,70,20,35,21,10]
---- correct output:
299.5
---- user output:
8.3
-- GRADE:
0%
*-*-*-*-*-*-*-*-*-*-*-*-*-*-*-*-*-*-*-*-*-*-*-*
== TEST (2019-05-30 18:53:10) 
-- CODE:
from numpy import *
t=array(eval(input("digite o tempo do banho: ")))
a=array(eval(input("digite o percentual de abertura: ")))
i=0
c=0
while(i<size(t)):
	lc=5* (a[i]/100)
	c=c+lc*t[i]
	i=i+1
print(round(c, 2))
-- ERROR:
Traceback (most recent call last):
  File "XXXX", line 1, in <module>
    from numpy import *
ModuleNotFoundError: No module named 'numpy'
*-*-*-*-*-*-*-*-*-*-*-*-*-*-*-*-*-*-*-*-*-*-*-*
== SUBMITION (2019-05-30 18:53:32) 
-- CODE:
from numpy import *
t=array(eval(input("digite o tempo do banho: ")))
a=array(eval(input("digite o percentual de abertura: ")))
i=0
c=0
while(i<size(t)):
	lc=5* (a[i]/100)
	c=c+lc*t[i]
	i=i+1
print(round(c, 2))
-- EXECUTION TIME:
0.402165
-- TEST CASE 1:
---- input:
[5,30,5,10]
[20,35,15,20]
---- correct output:
71.25
---- user output:
71.25
-- TEST CASE 2:
---- input:
[5,30,5,7,52]
[20,35,15,10,60]
---- correct output:
220.75
---- user output:
220.75
-- TEST CASE 3:
---- input:
[2,60,10,30,20,10]
[10,70,20,35,21,10]
---- correct output:
299.5
---- user output:
299.5
-- GRADE:
100%
*-*-*-*-*-*-*-*-*-*-*-*-*-*-*-*-*-*-*-*-*-*-*-*
