== TEST (2019-04-01 14:12:56) 
-- CODE:
vi = float(input("Valor inicial emprestado: "))
j = float(input("Taxa de juros: "))
n = float(input("Meses em que o dinheiro ficou emprestado: "))

vf = vi*(1+j)**n

print(round(vf,2))
-- OUTPUT:
24798.08
*-*-*-*-*-*-*-*-*-*-*-*-*-*-*-*-*-*-*-*-*-*-*-*
== SUBMITION (2019-04-01 14:13:09) 
-- CODE:
vi = float(input("Valor inicial emprestado: "))
j = float(input("Taxa de juros: "))
n = float(input("Meses em que o dinheiro ficou emprestado: "))

vf = vi*(1+j)**n

print(round(vf,2))
-- EXECUTION TIME:
0.180121
-- TEST CASE 1:
---- input:
20000
0.009
24
---- correct output:
24798.08
---- user output:
24798.08
-- TEST CASE 2:
---- input:
10000
0.008
36
---- correct output:
13322.3
---- user output:
13322.3
-- GRADE:
100%
*-*-*-*-*-*-*-*-*-*-*-*-*-*-*-*-*-*-*-*-*-*-*-*
