== TEST (2019-03-12 11:30:44) 
-- CODE:
print(*40+35*= *75*)
-- ERROR:
File "XXXX", line 1
    print(*40+35*= *75*)
                 ^
SyntaxError: invalid syntax
*-*-*-*-*-*-*-*-*-*-*-*-*-*-*-*-*-*-*-*-*-*-*-*
== TEST (2019-03-12 11:31:05) 
-- CODE:
print(*40+35=75*)
-- ERROR:
File "XXXX", line 1
    print(*40+35=75*)
                ^
SyntaxError: invalid syntax
*-*-*-*-*-*-*-*-*-*-*-*-*-*-*-*-*-*-*-*-*-*-*-*
== TEST (2019-03-12 11:31:21) 
-- CODE:
print(*75*)
-- ERROR:
File "XXXX", line 1
    print(*75*)
              ^
SyntaxError: invalid syntax
*-*-*-*-*-*-*-*-*-*-*-*-*-*-*-*-*-*-*-*-*-*-*-*
== TEST (2019-03-12 11:31:30) 
-- CODE:
print(75)
-- OUTPUT:
75
*-*-*-*-*-*-*-*-*-*-*-*-*-*-*-*-*-*-*-*-*-*-*-*
== SUBMITION (2019-03-12 11:31:33) 
-- CODE:
print(75)
-- EXECUTION TIME:
0.185716
-- TEST CASE 1:
---- input:
xx
---- correct output:
75
---- user output:
75
-- GRADE:
100%
*-*-*-*-*-*-*-*-*-*-*-*-*-*-*-*-*-*-*-*-*-*-*-*
== SUBMITION (2019-03-29 19:01:14) 
-- CODE:
print(75 )
-- EXECUTION TIME:
0.202959
-- TEST CASE 1:
---- input:
xx
---- correct output:
75
---- user output:
75
-- GRADE:
100%
*-*-*-*-*-*-*-*-*-*-*-*-*-*-*-*-*-*-*-*-*-*-*-*
