== TEST (2019-03-21 18:27:07) 
-- CODE:
frase = "Ada Lovelace foi a primeira programadora da historia."
print(.upper(frase.???))
-- ERROR:
File "XXXX", line 2
    print(.upper(frase.???))
          ^
SyntaxError: invalid syntax
*-*-*-*-*-*-*-*-*-*-*-*-*-*-*-*-*-*-*-*-*-*-*-*
== TEST (2019-03-21 18:27:19) 
-- CODE:
frase = "Ada Lovelace foi a primeira programadora da historia."
print(.upper(frase))
-- ERROR:
File "XXXX", line 2
    print(.upper(frase))
          ^
SyntaxError: invalid syntax
*-*-*-*-*-*-*-*-*-*-*-*-*-*-*-*-*-*-*-*-*-*-*-*
== TEST (2019-03-21 18:32:27) 
-- CODE:
frase = "Ada Lovelace foi a primeira programadora da historia."
print(.upper("frase.???"))
-- ERROR:
File "XXXX", line 2
    print(.upper("frase.???"))
          ^
SyntaxError: invalid syntax
*-*-*-*-*-*-*-*-*-*-*-*-*-*-*-*-*-*-*-*-*-*-*-*
== TEST (2019-03-21 18:32:43) 
-- CODE:
frase = "Ada Lovelace foi a primeira programadora da historia."
print(.upper("frase."))
-- ERROR:
File "XXXX", line 2
    print(.upper("frase."))
          ^
SyntaxError: invalid syntax
*-*-*-*-*-*-*-*-*-*-*-*-*-*-*-*-*-*-*-*-*-*-*-*
== TEST (2019-03-21 18:32:52) 
-- CODE:
frase = "Ada Lovelace foi a primeira programadora da historia."
print.upper("frase."))
-- ERROR:
File "XXXX", line 2
    print.upper("frase."))
                         ^
SyntaxError: invalid syntax
*-*-*-*-*-*-*-*-*-*-*-*-*-*-*-*-*-*-*-*-*-*-*-*
== TEST (2019-03-21 18:33:09) 
-- CODE:
frase = "Ada Lovelace foi a primeira programadora da historia."
print.upper("frase.")
-- ERROR:
Traceback (most recent call last):
  File "XXXX", line 2, in <module>
    print.upper("frase.")
AttributeError: 'builtin_function_or_method' object has no attribute 'upper'
*-*-*-*-*-*-*-*-*-*-*-*-*-*-*-*-*-*-*-*-*-*-*-*
== TEST (2019-03-21 18:33:19) 
-- CODE:
frase = "Ada Lovelace foi a primeira programadora da historia."
print(.upper("frase.")
-- ERROR:
File "XXXX", line 2
    print(.upper("frase.")
          ^
SyntaxError: invalid syntax
*-*-*-*-*-*-*-*-*-*-*-*-*-*-*-*-*-*-*-*-*-*-*-*
== TEST (2019-03-21 18:33:35) 
-- CODE:
frase = "Ada Lovelace foi a primeira programadora da historia."
print()"frase.")
-- ERROR:
File "XXXX", line 2
    print()"frase.")
                  ^
SyntaxError: invalid syntax
*-*-*-*-*-*-*-*-*-*-*-*-*-*-*-*-*-*-*-*-*-*-*-*
== TEST (2019-03-21 18:33:50) 
-- CODE:
frase = "Ada Lovelace foi a primeira programadora da historia."
print("frase.")
-- OUTPUT:
frase.
*-*-*-*-*-*-*-*-*-*-*-*-*-*-*-*-*-*-*-*-*-*-*-*
== TEST (2019-03-21 18:36:04) 
-- CODE:
frase = "Ada Lovelace foi a primeira programadora da historia."
print("Ada Lovelace foi a primeira programadora da historia.".upper()
-- ERROR:
File "XXXX", line 3
    
                                                                         ^
SyntaxError: unexpected EOF while parsing
*-*-*-*-*-*-*-*-*-*-*-*-*-*-*-*-*-*-*-*-*-*-*-*
== TEST (2019-03-21 18:36:25) 
-- CODE:
frase = "Ada Lovelace foi a primeira programadora da historia."
print("Ada Lovelace foi a primeira programadora da historia.".upper
-- ERROR:
File "XXXX", line 3
    
                                                                       ^
SyntaxError: unexpected EOF while parsing
*-*-*-*-*-*-*-*-*-*-*-*-*-*-*-*-*-*-*-*-*-*-*-*
== TEST (2019-03-21 18:36:31) 
-- CODE:
frase = "Ada Lovelace foi a primeira programadora da historia."
print("Ada Lovelace foi a primeira programadora da historia.".upper)
-- OUTPUT:
<built-in method upper of str object at 0x7f0f34f339f0>
*-*-*-*-*-*-*-*-*-*-*-*-*-*-*-*-*-*-*-*-*-*-*-*
== TEST (2019-03-21 18:36:49) 
-- CODE:
frase = "Ada Lovelace foi a primeira programadora da historia."
print("Ada Lovelace foi a primeira programadora da historia.".upper()
-- ERROR:
File "XXXX", line 3
    
                                                                         ^
SyntaxError: unexpected EOF while parsing
*-*-*-*-*-*-*-*-*-*-*-*-*-*-*-*-*-*-*-*-*-*-*-*
== TEST (2019-03-21 18:37:12) 
-- CODE:
frase = "Ada Lovelace foi a primeira programadora da historia."
print("Ada Lovelace foi a primeira programadora da historia.".upper())
-- OUTPUT:
ADA LOVELACE FOI A PRIMEIRA PROGRAMADORA DA HISTORIA.
*-*-*-*-*-*-*-*-*-*-*-*-*-*-*-*-*-*-*-*-*-*-*-*
== SUBMITION (2019-03-21 18:37:31) 
-- CODE:
frase = "Ada Lovelace foi a primeira programadora da historia."
print("Ada Lovelace foi a primeira programadora da historia.".upper())
-- EXECUTION TIME:
0.111507
-- TEST CASE 1:
---- input:
nonono
---- correct output:
ADA LOVELACE FOI A PRIMEIRA PROGRAMADORA DA HISTORIA.
---- user output:
ADA LOVELACE FOI A PRIMEIRA PROGRAMADORA DA HISTORIA.
-- GRADE:
100%
*-*-*-*-*-*-*-*-*-*-*-*-*-*-*-*-*-*-*-*-*-*-*-*
