2019-4-11 13:34:13.139#viewportChange#0
2019-4-11 13:35:04.102#mousedown#{"isTrusted":true}
2019-4-11 13:35:04.109#focus#
2019-4-11 13:35:05.826#change#{"from":{"line":0,"ch":0,"sticky":"after","xRel":15.08331298828125},"to":{"line":0,"ch":0,"sticky":"after","xRel":15.08331298828125},"text":["n"],"removed":[""],"origin":"+input"}
2019-4-11 13:35:06.480#change#{"from":{"line":0,"ch":1,"sticky":null},"to":{"line":0,"ch":1,"sticky":null},"text":[" "],"removed":[""],"origin":"+input"}
2019-4-11 13:35:07.265#change#{"from":{"line":0,"ch":2,"sticky":null},"to":{"line":0,"ch":2,"sticky":null},"text":["="],"removed":[""],"origin":"+input"}
2019-4-11 13:35:07.417#change#{"from":{"line":0,"ch":3,"sticky":null},"to":{"line":0,"ch":3,"sticky":null},"text":[" "],"removed":[""],"origin":"+input"}
2019-4-11 13:35:10.825#change#{"from":{"line":0,"ch":4,"sticky":null},"to":{"line":0,"ch":4,"sticky":null},"text":["i"],"removed":[""],"origin":"+input"}
2019-4-11 13:35:11.064#change#{"from":{"line":0,"ch":5,"sticky":null},"to":{"line":0,"ch":5,"sticky":null},"text":["n"],"removed":[""],"origin":"+input"}
2019-4-11 13:35:11.329#change#{"from":{"line":0,"ch":6,"sticky":null},"to":{"line":0,"ch":6,"sticky":null},"text":["t"],"removed":[""],"origin":"+input"}
2019-4-11 13:35:13.044#change#{"from":{"line":0,"ch":7,"sticky":null},"to":{"line":0,"ch":7,"sticky":null},"text":["()"],"removed":[""],"origin":"+input"}
2019-4-11 13:35:13.044#keyHandled#"'('"
2019-4-11 13:35:15.298#change#{"from":{"line":0,"ch":8,"sticky":"after"},"to":{"line":0,"ch":8,"sticky":"after"},"text":["i"],"removed":[""],"origin":"+input"}
2019-4-11 13:35:15.525#change#{"from":{"line":0,"ch":9,"sticky":null},"to":{"line":0,"ch":9,"sticky":null},"text":["n"],"removed":[""],"origin":"+input"}
2019-4-11 13:35:16.281#change#{"from":{"line":0,"ch":10,"sticky":null},"to":{"line":0,"ch":10,"sticky":null},"text":["p"],"removed":[""],"origin":"+input"}
2019-4-11 13:35:16.633#change#{"from":{"line":0,"ch":11,"sticky":null},"to":{"line":0,"ch":11,"sticky":null},"text":["u"],"removed":[""],"origin":"+input"}
2019-4-11 13:35:16.769#change#{"from":{"line":0,"ch":12,"sticky":null},"to":{"line":0,"ch":12,"sticky":null},"text":["t"],"removed":[""],"origin":"+input"}
2019-4-11 13:35:18.216#change#{"from":{"line":0,"ch":13,"sticky":null},"to":{"line":0,"ch":13,"sticky":null},"text":["()"],"removed":[""],"origin":"+input"}
2019-4-11 13:35:18.216#keyHandled#"'('"
2019-4-11 13:35:19.098#change#{"from":{"line":0,"ch":14,"sticky":"after"},"to":{"line":0,"ch":14,"sticky":"after"},"text":["\"\""],"removed":[""],"origin":"+input"}
2019-4-11 13:35:19.098#keyHandled#"'\"'"
2019-4-11 13:35:23.649#change#{"from":{"line":0,"ch":15,"sticky":"after"},"to":{"line":0,"ch":15,"sticky":"after"},"text":["n"],"removed":[""],"origin":"+input"}
2019-4-11 13:35:23.881#change#{"from":{"line":0,"ch":16,"sticky":null},"to":{"line":0,"ch":16,"sticky":null},"text":["u"],"removed":[""],"origin":"+input"}
2019-4-11 13:35:24.216#change#{"from":{"line":0,"ch":17,"sticky":null},"to":{"line":0,"ch":17,"sticky":null},"text":["m"],"removed":[""],"origin":"+input"}
2019-4-11 13:35:24.441#change#{"from":{"line":0,"ch":18,"sticky":null},"to":{"line":0,"ch":18,"sticky":null},"text":["e"],"removed":[""],"origin":"+input"}
2019-4-11 13:35:24.704#change#{"from":{"line":0,"ch":19,"sticky":null},"to":{"line":0,"ch":19,"sticky":null},"text":["r"],"removed":[""],"origin":"+input"}
2019-4-11 13:35:25.120#change#{"from":{"line":0,"ch":20,"sticky":null},"to":{"line":0,"ch":20,"sticky":null},"text":["o"],"removed":[""],"origin":"+input"}
2019-4-11 13:35:25.240#change#{"from":{"line":0,"ch":21,"sticky":null},"to":{"line":0,"ch":21,"sticky":null},"text":["s"],"removed":[""],"origin":"+input"}
2019-4-11 13:35:26.819#change#{"from":{"line":0,"ch":22,"sticky":null},"to":{"line":0,"ch":22,"sticky":null},"text":[":"],"removed":[""],"origin":"+input"}
2019-4-11 13:35:28.820#keyHandled#"Right"
2019-4-11 13:35:29.052#keyHandled#"Right"
2019-4-11 13:35:29.259#keyHandled#"Right"
2019-4-11 13:35:57.141#change#{"from":{"line":0,"ch":26,"sticky":"before"},"to":{"line":0,"ch":26,"sticky":"before"},"text":["",""],"removed":[""],"origin":"+input"}
2019-4-11 13:35:57.141#keyHandled#"Enter"
2019-4-11 13:35:57.151#viewportChange#0
2019-4-11 13:37:10.875#mousedown#{"isTrusted":true}
2019-4-11 13:37:11.288#mousedown#{"isTrusted":true}
2019-4-11 13:37:11.918#mousedown#{"isTrusted":true}
2019-4-11 13:37:13.258#change#{"from":{"line":0,"ch":1,"sticky":"after","xRel":3.08331298828125},"to":{"line":0,"ch":1,"sticky":"after","xRel":3.08331298828125},"text":["1"],"removed":[""],"origin":"+input"}
2019-4-11 13:37:14.161#mousedown#{"isTrusted":true}
2019-4-11 13:37:15.571#change#{"from":{"line":1,"ch":0,"sticky":"after","xRel":86.08331298828125},"to":{"line":1,"ch":0,"sticky":"after","xRel":86.08331298828125},"text":["n"],"removed":[""],"origin":"+input"}
2019-4-11 13:37:15.840#change#{"from":{"line":1,"ch":1,"sticky":null},"to":{"line":1,"ch":1,"sticky":null},"text":["2"],"removed":[""],"origin":"+input"}
2019-4-11 13:37:16.713#change#{"from":{"line":1,"ch":2,"sticky":null},"to":{"line":1,"ch":2,"sticky":null},"text":[" "],"removed":[""],"origin":"+input"}
2019-4-11 13:37:17.064#change#{"from":{"line":1,"ch":3,"sticky":null},"to":{"line":1,"ch":3,"sticky":null},"text":["="],"removed":[""],"origin":"+input"}
2019-4-11 13:37:17.240#change#{"from":{"line":1,"ch":4,"sticky":null},"to":{"line":1,"ch":4,"sticky":null},"text":[" "],"removed":[""],"origin":"+input"}
2019-4-11 13:37:18.344#change#{"from":{"line":1,"ch":5,"sticky":null},"to":{"line":1,"ch":5,"sticky":null},"text":["i"],"removed":[""],"origin":"+input"}
2019-4-11 13:37:18.552#change#{"from":{"line":1,"ch":6,"sticky":null},"to":{"line":1,"ch":6,"sticky":null},"text":["n"],"removed":[""],"origin":"+input"}
2019-4-11 13:37:18.920#change#{"from":{"line":1,"ch":7,"sticky":null},"to":{"line":1,"ch":7,"sticky":null},"text":["t"],"removed":[""],"origin":"+input"}
2019-4-11 13:37:20.512#change#{"from":{"line":1,"ch":8,"sticky":null},"to":{"line":1,"ch":8,"sticky":null},"text":["()"],"removed":[""],"origin":"+input"}
2019-4-11 13:37:20.512#keyHandled#"'('"
2019-4-11 13:37:21.042#change#{"from":{"line":1,"ch":9,"sticky":"after"},"to":{"line":1,"ch":9,"sticky":"after"},"text":["i"],"removed":[""],"origin":"+input"}
2019-4-11 13:37:21.289#change#{"from":{"line":1,"ch":10,"sticky":null},"to":{"line":1,"ch":10,"sticky":null},"text":["n"],"removed":[""],"origin":"+input"}
2019-4-11 13:37:21.985#change#{"from":{"line":1,"ch":11,"sticky":null},"to":{"line":1,"ch":11,"sticky":null},"text":["p"],"removed":[""],"origin":"+input"}
2019-4-11 13:37:22.328#change#{"from":{"line":1,"ch":12,"sticky":null},"to":{"line":1,"ch":12,"sticky":null},"text":["u"],"removed":[""],"origin":"+input"}
2019-4-11 13:37:22.498#change#{"from":{"line":1,"ch":13,"sticky":null},"to":{"line":1,"ch":13,"sticky":null},"text":["t"],"removed":[""],"origin":"+input"}
2019-4-11 13:37:23.824#change#{"from":{"line":1,"ch":14,"sticky":null},"to":{"line":1,"ch":14,"sticky":null},"text":["()"],"removed":[""],"origin":"+input"}
2019-4-11 13:37:23.824#keyHandled#"'('"
2019-4-11 13:37:24.882#change#{"from":{"line":1,"ch":15,"sticky":"after"},"to":{"line":1,"ch":15,"sticky":"after"},"text":["\"\""],"removed":[""],"origin":"+input"}
2019-4-11 13:37:24.883#keyHandled#"'\"'"
2019-4-11 13:37:29.118#mousedown#{"isTrusted":true}
2019-4-11 13:37:29.812#change#{"from":{"line":0,"ch":22,"sticky":"after"},"to":{"line":0,"ch":23,"sticky":"before","xRel":-1.91668701171875},"text":[""],"removed":["s"],"origin":"+delete"}
2019-4-11 13:37:29.812#keyHandled#"Backspace"
2019-4-11 13:37:31.072#mousedown#{"isTrusted":true}
2019-4-11 13:37:32.186#change#{"from":{"line":1,"ch":16,"sticky":"before","xRel":-3.91668701171875},"to":{"line":1,"ch":16,"sticky":"before","xRel":-3.91668701171875},"text":["n"],"removed":[""],"origin":"+input"}
2019-4-11 13:37:32.512#change#{"from":{"line":1,"ch":17,"sticky":null},"to":{"line":1,"ch":17,"sticky":null},"text":["u"],"removed":[""],"origin":"+input"}
2019-4-11 13:37:32.888#change#{"from":{"line":1,"ch":18,"sticky":null},"to":{"line":1,"ch":18,"sticky":null},"text":["m"],"removed":[""],"origin":"+input"}
2019-4-11 13:37:33.056#change#{"from":{"line":1,"ch":19,"sticky":null},"to":{"line":1,"ch":19,"sticky":null},"text":["e"],"removed":[""],"origin":"+input"}
2019-4-11 13:37:33.262#change#{"from":{"line":1,"ch":20,"sticky":null},"to":{"line":1,"ch":20,"sticky":null},"text":["r"],"removed":[""],"origin":"+input"}
2019-4-11 13:37:33.497#change#{"from":{"line":1,"ch":21,"sticky":null},"to":{"line":1,"ch":21,"sticky":null},"text":["o"],"removed":[""],"origin":"+input"}
2019-4-11 13:37:37.929#change#{"from":{"line":1,"ch":22,"sticky":null},"to":{"line":1,"ch":22,"sticky":null},"text":[";"],"removed":[""],"origin":"+input"}
2019-4-11 13:37:39.476#change#{"from":{"line":1,"ch":22,"sticky":"after"},"to":{"line":1,"ch":23,"sticky":null},"text":[""],"removed":[";"],"origin":"+delete"}
2019-4-11 13:37:39.476#keyHandled#"Backspace"
2019-4-11 13:37:40.043#change#{"from":{"line":1,"ch":22,"sticky":null},"to":{"line":1,"ch":22,"sticky":null},"text":[":"],"removed":[""],"origin":"+input"}
2019-4-11 13:37:41.596#keyHandled#"Down"
2019-4-11 13:37:42.611#change#{"from":{"line":1,"ch":26,"sticky":null,"xRel":1,"outside":true,"hitSide":true},"to":{"line":1,"ch":26,"sticky":null,"xRel":1,"outside":true,"hitSide":true},"text":["",""],"removed":[""],"origin":"+input"}
2019-4-11 13:37:42.611#keyHandled#"Enter"
2019-4-11 13:37:42.619#viewportChange#0
2019-4-11 13:37:43.730#change#{"from":{"line":2,"ch":0,"sticky":null},"to":{"line":2,"ch":0,"sticky":null},"text":["n"],"removed":[""],"origin":"+input"}
2019-4-11 13:37:44.130#change#{"from":{"line":2,"ch":1,"sticky":null},"to":{"line":2,"ch":1,"sticky":null},"text":["3"],"removed":[""],"origin":"+input"}
2019-4-11 13:37:45.241#change#{"from":{"line":2,"ch":2,"sticky":null},"to":{"line":2,"ch":2,"sticky":null},"text":[" "],"removed":[""],"origin":"+input"}
2019-4-11 13:37:45.416#change#{"from":{"line":2,"ch":3,"sticky":null},"to":{"line":2,"ch":3,"sticky":null},"text":["="],"removed":[""],"origin":"+input"}
2019-4-11 13:37:45.616#change#{"from":{"line":2,"ch":4,"sticky":null},"to":{"line":2,"ch":4,"sticky":null},"text":[" "],"removed":[""],"origin":"+input"}
2019-4-11 13:37:46.457#change#{"from":{"line":2,"ch":5,"sticky":null},"to":{"line":2,"ch":5,"sticky":null},"text":["i"],"removed":[""],"origin":"+input"}
2019-4-11 13:37:46.697#change#{"from":{"line":2,"ch":6,"sticky":null},"to":{"line":2,"ch":6,"sticky":null},"text":["n"],"removed":[""],"origin":"+input"}
2019-4-11 13:37:46.961#change#{"from":{"line":2,"ch":7,"sticky":null},"to":{"line":2,"ch":7,"sticky":null},"text":["t"],"removed":[""],"origin":"+input"}
2019-4-11 13:37:48.768#change#{"from":{"line":2,"ch":8,"sticky":null},"to":{"line":2,"ch":8,"sticky":null},"text":["()"],"removed":[""],"origin":"+input"}
2019-4-11 13:37:48.768#keyHandled#"'('"
2019-4-11 13:37:49.994#change#{"from":{"line":2,"ch":9,"sticky":"after"},"to":{"line":2,"ch":9,"sticky":"after"},"text":["i"],"removed":[""],"origin":"+input"}
2019-4-11 13:37:50.184#change#{"from":{"line":2,"ch":10,"sticky":null},"to":{"line":2,"ch":10,"sticky":null},"text":["n"],"removed":[""],"origin":"+input"}
2019-4-11 13:37:50.920#change#{"from":{"line":2,"ch":11,"sticky":null},"to":{"line":2,"ch":11,"sticky":null},"text":["p"],"removed":[""],"origin":"+input"}
2019-4-11 13:37:51.168#change#{"from":{"line":2,"ch":12,"sticky":null},"to":{"line":2,"ch":12,"sticky":null},"text":["u"],"removed":[""],"origin":"+input"}
2019-4-11 13:37:51.360#change#{"from":{"line":2,"ch":13,"sticky":null},"to":{"line":2,"ch":13,"sticky":null},"text":["t"],"removed":[""],"origin":"+input"}
2019-4-11 13:37:52.504#change#{"from":{"line":2,"ch":14,"sticky":null},"to":{"line":2,"ch":14,"sticky":null},"text":["()"],"removed":[""],"origin":"+input"}
2019-4-11 13:37:52.504#keyHandled#"'('"
2019-4-11 13:37:54.504#change#{"from":{"line":2,"ch":15,"sticky":"after"},"to":{"line":2,"ch":15,"sticky":"after"},"text":["\"\""],"removed":[""],"origin":"+input"}
2019-4-11 13:37:54.504#keyHandled#"'\"'"
2019-4-11 13:37:54.953#change#{"from":{"line":2,"ch":16,"sticky":"after"},"to":{"line":2,"ch":16,"sticky":"after"},"text":["n"],"removed":[""],"origin":"+input"}
2019-4-11 13:37:55.424#change#{"from":{"line":2,"ch":17,"sticky":null},"to":{"line":2,"ch":17,"sticky":null},"text":["u"],"removed":[""],"origin":"+input"}
2019-4-11 13:37:55.800#change#{"from":{"line":2,"ch":18,"sticky":null},"to":{"line":2,"ch":18,"sticky":null},"text":["m"],"removed":[""],"origin":"+input"}
2019-4-11 13:37:55.916#change#{"from":{"line":2,"ch":19,"sticky":null},"to":{"line":2,"ch":19,"sticky":null},"text":["e"],"removed":[""],"origin":"+input"}
2019-4-11 13:37:57.121#change#{"from":{"line":2,"ch":20,"sticky":null},"to":{"line":2,"ch":20,"sticky":null},"text":["r"],"removed":[""],"origin":"+input"}
2019-4-11 13:37:57.432#change#{"from":{"line":2,"ch":21,"sticky":null},"to":{"line":2,"ch":21,"sticky":null},"text":["o"],"removed":[""],"origin":"+input"}
2019-4-11 13:37:59.009#change#{"from":{"line":2,"ch":22,"sticky":null},"to":{"line":2,"ch":22,"sticky":null},"text":[":"],"removed":[""],"origin":"+input"}
2019-4-11 13:38:00.542#mousedown#{"isTrusted":true}
2019-4-11 13:38:01.412#change#{"from":{"line":2,"ch":26,"sticky":"before","xRel":11.08331298828125},"to":{"line":2,"ch":26,"sticky":"before","xRel":11.08331298828125},"text":["",""],"removed":[""],"origin":"+input"}
2019-4-11 13:38:01.412#keyHandled#"Enter"
2019-4-11 13:38:01.422#viewportChange#0
2019-4-11 13:39:50.136#viewportChange#0
2019-4-11 13:39:51.394#mousedown#{"isTrusted":true}
2019-4-11 13:39:51.415#focus#
2019-4-11 13:40:23.336#change#{"from":{"line":3,"ch":0,"sticky":null,"xRel":1,"outside":true},"to":{"line":3,"ch":0,"sticky":null,"xRel":1,"outside":true},"text":["",""],"removed":[""],"origin":"+input"}
2019-4-11 13:40:23.336#keyHandled#"Enter"
2019-4-11 13:40:23.348#viewportChange#0
2019-4-13 22:18:46.597#viewportChange#0
2019-4-13 22:18:59.344#mousedown#{"isTrusted":true}
2019-4-13 22:18:59.373#focus#
2019-4-13 22:19:02.400#blur#
2019-4-13 22:20:37.693#mousedown#{"isTrusted":true}
2019-4-13 22:20:37.705#focus#
2019-4-13 22:20:39.068#change#{"from":{"line":4,"ch":0,"sticky":"after","xRel":38.08331298828125},"to":{"line":4,"ch":0,"sticky":"after","xRel":38.08331298828125},"text":["i"],"removed":[""],"origin":"+input"}
2019-4-13 22:20:39.733#change#{"from":{"line":4,"ch":1,"sticky":null},"to":{"line":4,"ch":1,"sticky":null},"text":["f"],"removed":[""],"origin":"+input"}
2019-4-13 22:20:41.401#change#{"from":{"line":4,"ch":2,"sticky":null},"to":{"line":4,"ch":2,"sticky":null},"text":["()"],"removed":[""],"origin":"+input"}
2019-4-13 22:20:41.402#keyHandled#"'('"
2019-4-13 22:20:45.103#change#{"from":{"line":4,"ch":3,"sticky":"after"},"to":{"line":4,"ch":3,"sticky":"after"},"text":["n"],"removed":[""],"origin":"+input"}
2019-4-13 22:20:45.284#change#{"from":{"line":4,"ch":4,"sticky":null},"to":{"line":4,"ch":4,"sticky":null},"text":["1"],"removed":[""],"origin":"+input"}
2019-4-13 22:20:46.655#change#{"from":{"line":4,"ch":5,"sticky":null},"to":{"line":4,"ch":5,"sticky":null},"text":[" "],"removed":[""],"origin":"+input"}
2019-4-13 22:20:48.740#change#{"from":{"line":4,"ch":5,"sticky":"after"},"to":{"line":4,"ch":6,"sticky":null},"text":[""],"removed":[" "],"origin":"+delete"}
2019-4-13 22:20:48.740#keyHandled#"Backspace"
2019-4-13 22:20:49.733#change#{"from":{"line":4,"ch":5,"sticky":null},"to":{"line":4,"ch":5,"sticky":null},"text":["<"],"removed":[""],"origin":"+input"}
2019-4-13 22:20:53.739#change#{"from":{"line":4,"ch":5,"sticky":"after"},"to":{"line":4,"ch":6,"sticky":null},"text":[""],"removed":["<"],"origin":"+delete"}
2019-4-13 22:20:53.739#keyHandled#"Backspace"
2019-4-13 22:20:54.350#change#{"from":{"line":4,"ch":5,"sticky":null},"to":{"line":4,"ch":5,"sticky":null},"text":[" "],"removed":[""],"origin":"+input"}
2019-4-13 22:20:55.329#change#{"from":{"line":4,"ch":6,"sticky":null},"to":{"line":4,"ch":6,"sticky":null},"text":["<"],"removed":[""],"origin":"+input"}
2019-4-13 22:20:56.045#change#{"from":{"line":4,"ch":7,"sticky":null},"to":{"line":4,"ch":7,"sticky":null},"text":[" "],"removed":[""],"origin":"+input"}
2019-4-13 22:20:56.473#change#{"from":{"line":4,"ch":8,"sticky":null},"to":{"line":4,"ch":8,"sticky":null},"text":["n"],"removed":[""],"origin":"+input"}
2019-4-13 22:20:57.782#change#{"from":{"line":4,"ch":9,"sticky":null},"to":{"line":4,"ch":9,"sticky":null},"text":["2"],"removed":[""],"origin":"+input"}
2019-4-13 22:20:58.946#keyHandled#"Right"
2019-4-13 22:21:00.405#change#{"from":{"line":4,"ch":11,"sticky":"before"},"to":{"line":4,"ch":11,"sticky":"before"},"text":[" "],"removed":[""],"origin":"+input"}
2019-4-13 22:21:00.630#change#{"from":{"line":4,"ch":12,"sticky":null},"to":{"line":4,"ch":12,"sticky":null},"text":["e"],"removed":[""],"origin":"+input"}
2019-4-13 22:21:01.043#change#{"from":{"line":4,"ch":13,"sticky":null},"to":{"line":4,"ch":13,"sticky":null},"text":[" "],"removed":[""],"origin":"+input"}
2019-4-13 22:21:02.276#change#{"from":{"line":4,"ch":14,"sticky":null},"to":{"line":4,"ch":14,"sticky":null},"text":["()"],"removed":[""],"origin":"+input"}
2019-4-13 22:21:02.276#keyHandled#"'('"
2019-4-13 22:21:05.054#change#{"from":{"line":4,"ch":15,"sticky":"after"},"to":{"line":4,"ch":15,"sticky":"after"},"text":["n"],"removed":[""],"origin":"+input"}
2019-4-13 22:21:05.309#change#{"from":{"line":4,"ch":16,"sticky":null},"to":{"line":4,"ch":16,"sticky":null},"text":["1"],"removed":[""],"origin":"+input"}
2019-4-13 22:21:06.657#change#{"from":{"line":4,"ch":17,"sticky":null},"to":{"line":4,"ch":17,"sticky":null},"text":["<"],"removed":[""],"origin":"+input"}
2019-4-13 22:21:08.123#change#{"from":{"line":4,"ch":17,"sticky":"after"},"to":{"line":4,"ch":18,"sticky":null},"text":[""],"removed":["<"],"origin":"+delete"}
2019-4-13 22:21:08.123#keyHandled#"Backspace"
2019-4-13 22:21:08.327#change#{"from":{"line":4,"ch":17,"sticky":null},"to":{"line":4,"ch":17,"sticky":null},"text":[" "],"removed":[""],"origin":"+input"}
2019-4-13 22:21:08.892#change#{"from":{"line":4,"ch":18,"sticky":null},"to":{"line":4,"ch":18,"sticky":null},"text":["<"],"removed":[""],"origin":"+input"}
2019-4-13 22:21:09.595#change#{"from":{"line":4,"ch":19,"sticky":null},"to":{"line":4,"ch":19,"sticky":null},"text":[" "],"removed":[""],"origin":"+input"}
2019-4-13 22:21:10.611#change#{"from":{"line":4,"ch":20,"sticky":null},"to":{"line":4,"ch":20,"sticky":null},"text":["n"],"removed":[""],"origin":"+input"}
2019-4-13 22:21:12.282#change#{"from":{"line":4,"ch":21,"sticky":null},"to":{"line":4,"ch":21,"sticky":null},"text":["3"],"removed":[""],"origin":"+input"}
2019-4-13 22:21:13.557#mousedown#{"isTrusted":true}
2019-4-13 22:21:15.195#change#{"from":{"line":4,"ch":23,"sticky":null,"xRel":1,"outside":true},"to":{"line":4,"ch":23,"sticky":null,"xRel":1,"outside":true},"text":[":"],"removed":[""],"origin":"+input"}
2019-4-13 22:21:16.554#change#{"from":{"line":4,"ch":24,"sticky":null},"to":{"line":4,"ch":24,"sticky":null},"text":["",""],"removed":[""],"origin":"+input"}
2019-4-13 22:21:16.554#change#{"from":{"line":5,"ch":0,"sticky":null},"to":{"line":5,"ch":0,"sticky":null},"text":["\t"],"removed":[""],"origin":"+input"}
2019-4-13 22:21:16.554#keyHandled#"Enter"
2019-4-13 22:21:16.558#viewportChange#0
2019-4-13 22:21:17.869#change#{"from":{"line":5,"ch":1,"sticky":null},"to":{"line":5,"ch":1,"sticky":null},"text":["m"],"removed":[""],"origin":"+input"}
2019-4-13 22:21:18.050#change#{"from":{"line":5,"ch":2,"sticky":null},"to":{"line":5,"ch":2,"sticky":null},"text":["s"],"removed":[""],"origin":"+input"}
2019-4-13 22:21:18.481#change#{"from":{"line":5,"ch":3,"sticky":null},"to":{"line":5,"ch":3,"sticky":null},"text":["g"],"removed":[""],"origin":"+input"}
2019-4-13 22:21:19.188#change#{"from":{"line":5,"ch":4,"sticky":null},"to":{"line":5,"ch":4,"sticky":null},"text":[" "],"removed":[""],"origin":"+input"}
2019-4-13 22:21:20.027#change#{"from":{"line":5,"ch":5,"sticky":null},"to":{"line":5,"ch":5,"sticky":null},"text":["="],"removed":[""],"origin":"+input"}
2019-4-13 22:21:20.163#change#{"from":{"line":5,"ch":6,"sticky":null},"to":{"line":5,"ch":6,"sticky":null},"text":[" "],"removed":[""],"origin":"+input"}
2019-4-13 22:21:29.930#change#{"from":{"line":5,"ch":7,"sticky":null},"to":{"line":5,"ch":7,"sticky":null},"text":["n"],"removed":[""],"origin":"+input"}
2019-4-13 22:21:30.068#change#{"from":{"line":5,"ch":8,"sticky":null},"to":{"line":5,"ch":8,"sticky":null},"text":["1"],"removed":[""],"origin":"+input"}
2019-4-13 22:21:31.474#change#{"from":{"line":5,"ch":9,"sticky":null},"to":{"line":5,"ch":9,"sticky":null},"text":["",""],"removed":[""],"origin":"+input"}
2019-4-13 22:21:31.474#change#{"from":{"line":6,"ch":0,"sticky":null},"to":{"line":6,"ch":0,"sticky":null},"text":["\t"],"removed":[""],"origin":"+input"}
2019-4-13 22:21:31.474#keyHandled#"Enter"
2019-4-13 22:21:31.477#viewportChange#0
2019-4-13 22:21:32.522#change#{"from":{"line":6,"ch":1,"sticky":null},"to":{"line":6,"ch":1,"sticky":null},"text":["",""],"removed":[""],"origin":"+input"}
2019-4-13 22:21:32.522#change#{"from":{"line":7,"ch":0,"sticky":null},"to":{"line":7,"ch":0,"sticky":null},"text":["\t"],"removed":[""],"origin":"+input"}
2019-4-13 22:21:32.522#keyHandled#"Enter"
2019-4-13 22:21:32.524#viewportChange#0
2019-4-13 22:21:33.305#change#{"from":{"line":7,"ch":0,"sticky":"after"},"to":{"line":7,"ch":1,"sticky":null},"text":[""],"removed":["\t"],"origin":"+delete"}
2019-4-13 22:21:33.305#keyHandled#"Backspace"
2019-4-13 22:21:33.482#change#{"from":{"line":6,"ch":1,"sticky":"before"},"to":{"line":7,"ch":0,"sticky":null},"text":[""],"removed":["",""],"origin":"+delete"}
2019-4-13 22:21:33.482#keyHandled#"Backspace"
2019-4-13 22:21:33.484#viewportChange#0
2019-4-13 22:21:34.022#change#{"from":{"line":6,"ch":0,"sticky":"after"},"to":{"line":6,"ch":1,"sticky":null},"text":[""],"removed":["\t"],"origin":"+delete"}
2019-4-13 22:21:34.022#keyHandled#"Backspace"
2019-4-13 22:21:35.091#change#{"from":{"line":6,"ch":0,"sticky":null},"to":{"line":6,"ch":0,"sticky":null},"text":["e"],"removed":[""],"origin":"+input"}
2019-4-13 22:21:35.443#change#{"from":{"line":6,"ch":1,"sticky":null},"to":{"line":6,"ch":1,"sticky":null},"text":["l"],"removed":[""],"origin":"+input"}
2019-4-13 22:21:35.731#change#{"from":{"line":6,"ch":2,"sticky":null},"to":{"line":6,"ch":2,"sticky":null},"text":["s"],"removed":[""],"origin":"+input"}
2019-4-13 22:21:35.930#change#{"from":{"line":6,"ch":3,"sticky":null},"to":{"line":6,"ch":3,"sticky":null},"text":["e"],"removed":[""],"origin":"+input"}
2019-4-13 22:21:37.750#change#{"from":{"line":6,"ch":4,"sticky":null},"to":{"line":6,"ch":4,"sticky":null},"text":[":"],"removed":[""],"origin":"+input"}
2019-4-13 22:21:38.361#change#{"from":{"line":6,"ch":5,"sticky":null},"to":{"line":6,"ch":5,"sticky":null},"text":["",""],"removed":[""],"origin":"+input"}
2019-4-13 22:21:38.361#change#{"from":{"line":7,"ch":0,"sticky":null},"to":{"line":7,"ch":0,"sticky":null},"text":["\t"],"removed":[""],"origin":"+input"}
2019-4-13 22:21:38.361#keyHandled#"Enter"
2019-4-13 22:21:38.366#viewportChange#0
2019-4-13 22:21:42.847#blur#
2019-4-13 22:21:50.396#focus#
2019-4-13 22:22:02.766#blur#
2019-4-13 22:24:38.299#focus#
2019-4-13 22:24:39.950#change#{"from":{"line":7,"ch":1,"sticky":null},"to":{"line":7,"ch":1,"sticky":null},"text":["m"],"removed":[""],"origin":"+input"}
2019-4-13 22:24:40.770#change#{"from":{"line":7,"ch":2,"sticky":null},"to":{"line":7,"ch":2,"sticky":null},"text":["s"],"removed":[""],"origin":"+input"}
2019-4-13 22:24:41.297#change#{"from":{"line":7,"ch":3,"sticky":null},"to":{"line":7,"ch":3,"sticky":null},"text":["g"],"removed":[""],"origin":"+input"}
2019-4-13 22:24:42.316#change#{"from":{"line":7,"ch":4,"sticky":null},"to":{"line":7,"ch":4,"sticky":null},"text":[" "],"removed":[""],"origin":"+input"}
2019-4-13 22:24:42.841#change#{"from":{"line":7,"ch":5,"sticky":null},"to":{"line":7,"ch":5,"sticky":null},"text":["="],"removed":[""],"origin":"+input"}
2019-4-13 22:24:42.992#change#{"from":{"line":7,"ch":6,"sticky":null},"to":{"line":7,"ch":6,"sticky":null},"text":[" "],"removed":[""],"origin":"+input"}
2019-4-13 22:24:44.659#change#{"from":{"line":7,"ch":7,"sticky":null},"to":{"line":7,"ch":7,"sticky":null},"text":["n"],"removed":[""],"origin":"+input"}
2019-4-13 22:24:45.248#change#{"from":{"line":7,"ch":8,"sticky":null},"to":{"line":7,"ch":8,"sticky":null},"text":["2"],"removed":[""],"origin":"+input"}
2019-4-13 22:24:46.216#change#{"from":{"line":7,"ch":9,"sticky":null},"to":{"line":7,"ch":9,"sticky":null},"text":["",""],"removed":[""],"origin":"+input"}
2019-4-13 22:24:46.216#change#{"from":{"line":8,"ch":0,"sticky":null},"to":{"line":8,"ch":0,"sticky":null},"text":["\t"],"removed":[""],"origin":"+input"}
2019-4-13 22:24:46.216#keyHandled#"Enter"
2019-4-13 22:24:46.221#viewportChange#0
2019-4-13 22:24:47.624#change#{"from":{"line":8,"ch":1,"sticky":null},"to":{"line":8,"ch":1,"sticky":null},"text":["",""],"removed":[""],"origin":"+input"}
2019-4-13 22:24:47.624#change#{"from":{"line":9,"ch":0,"sticky":null},"to":{"line":9,"ch":0,"sticky":null},"text":["\t"],"removed":[""],"origin":"+input"}
2019-4-13 22:24:47.624#keyHandled#"Enter"
2019-4-13 22:24:47.631#viewportChange#0
2019-4-13 22:24:47.953#change#{"from":{"line":9,"ch":0,"sticky":"after"},"to":{"line":9,"ch":1,"sticky":null},"text":[""],"removed":["\t"],"origin":"+delete"}
2019-4-13 22:24:47.953#keyHandled#"Backspace"
2019-4-13 22:24:48.900#change#{"from":{"line":9,"ch":0,"sticky":null},"to":{"line":9,"ch":0,"sticky":null},"text":["p"],"removed":[""],"origin":"+input"}
2019-4-13 22:24:49.162#change#{"from":{"line":9,"ch":1,"sticky":null},"to":{"line":9,"ch":1,"sticky":null},"text":["r"],"removed":[""],"origin":"+input"}
2019-4-13 22:24:49.435#change#{"from":{"line":9,"ch":2,"sticky":null},"to":{"line":9,"ch":2,"sticky":null},"text":["i"],"removed":[""],"origin":"+input"}
2019-4-13 22:24:49.697#change#{"from":{"line":9,"ch":3,"sticky":null},"to":{"line":9,"ch":3,"sticky":null},"text":["n"],"removed":[""],"origin":"+input"}
2019-4-13 22:24:49.873#change#{"from":{"line":9,"ch":4,"sticky":null},"to":{"line":9,"ch":4,"sticky":null},"text":["t"],"removed":[""],"origin":"+input"}
2019-4-13 22:24:51.394#change#{"from":{"line":9,"ch":5,"sticky":null},"to":{"line":9,"ch":5,"sticky":null},"text":["()"],"removed":[""],"origin":"+input"}
2019-4-13 22:24:51.394#keyHandled#"'('"
2019-4-13 22:24:51.914#change#{"from":{"line":9,"ch":6,"sticky":"after"},"to":{"line":9,"ch":6,"sticky":"after"},"text":["m"],"removed":[""],"origin":"+input"}
2019-4-13 22:24:52.161#change#{"from":{"line":9,"ch":7,"sticky":null},"to":{"line":9,"ch":7,"sticky":null},"text":["s"],"removed":[""],"origin":"+input"}
2019-4-13 22:24:52.690#change#{"from":{"line":9,"ch":8,"sticky":null},"to":{"line":9,"ch":8,"sticky":null},"text":["g"],"removed":[""],"origin":"+input"}
2019-4-13 22:24:54.594#blur#
2019-4-13 22:24:54.594#blur#
2019-4-13 22:24:57.867#dica_bullet#SyntaxError: invalid syntax
2019-4-13 22:24:57.885#saida_testar#$ python3 main.py
File "main.py", line 5
if(n1 < n2) e (n1 < n3):
SyntaxError: invalid syntax
2019-4-13 22:25:00.520#mousedown#{"isTrusted":true}
2019-4-13 22:25:00.526#focus#
2019-4-13 22:25:01.385#change#{"from":{"line":4,"ch":12,"sticky":"after"},"to":{"line":4,"ch":13,"sticky":"before","xRel":-1.91668701171875},"text":[""],"removed":["e"],"origin":"+delete"}
2019-4-13 22:25:01.385#keyHandled#"Backspace"
2019-4-13 22:25:02.012#change#{"from":{"line":4,"ch":11,"sticky":"after"},"to":{"line":4,"ch":12,"sticky":null},"text":[""],"removed":[" "],"origin":"+delete"}
2019-4-13 22:25:02.012#keyHandled#"Backspace"
2019-4-13 22:25:05.710#change#{"from":{"line":4,"ch":11,"sticky":null},"to":{"line":4,"ch":11,"sticky":null},"text":[","],"removed":[""],"origin":"+input"}
2019-4-13 22:25:09.168#keyHandled#"Right"
2019-4-13 22:25:09.634#change#{"from":{"line":4,"ch":12,"sticky":"after"},"to":{"line":4,"ch":13,"sticky":"before"},"text":[""],"removed":[" "],"origin":"+delete"}
2019-4-13 22:25:09.634#keyHandled#"Backspace"
2019-4-13 22:25:12.528#blur#
2019-4-13 22:25:12.528#blur#
2019-4-13 22:25:15.565#dica_bullet#SyntaxError: invalid syntax
2019-4-13 22:25:16.000#saida_testar#$ python3 main.py
File "main.py", line 5
if(n1 < n2),(n1 < n3):
SyntaxError: invalid syntax
2019-4-13 22:25:16.689#mousedown#{"isTrusted":true}
2019-4-13 22:25:16.699#focus#
2019-4-13 22:25:17.339#change#{"from":{"line":4,"ch":11,"sticky":"before","xRel":-0.91668701171875},"to":{"line":4,"ch":11,"sticky":"before","xRel":-0.91668701171875},"text":[" "],"removed":[""],"origin":"+input"}
2019-4-13 22:25:18.225#change#{"from":{"line":4,"ch":12,"sticky":null},"to":{"line":4,"ch":12,"sticky":null},"text":[" "],"removed":[""],"origin":"+input"}
2019-4-13 22:25:18.297#mousedown#{"isTrusted":true}
2019-4-13 22:25:19.593#change#{"from":{"line":4,"ch":12,"sticky":"after"},"to":{"line":4,"ch":13,"sticky":"before","xRel":-2.91668701171875},"text":[""],"removed":[" "],"origin":"+delete"}
2019-4-13 22:25:19.593#keyHandled#"Backspace"
2019-4-13 22:25:20.377#keyHandled#"Right"
2019-4-13 22:25:21.352#change#{"from":{"line":4,"ch":13,"sticky":"before"},"to":{"line":4,"ch":13,"sticky":"before"},"text":[" "],"removed":[""],"origin":"+input"}
2019-4-13 22:25:22.145#blur#
2019-4-13 22:25:24.293#dica_bullet#SyntaxError: invalid syntax
2019-4-13 22:25:27.750#mousedown#{"isTrusted":true}
2019-4-13 22:25:27.760#focus#
2019-4-13 22:25:28.730#change#{"from":{"line":4,"ch":12,"sticky":"after"},"to":{"line":4,"ch":13,"sticky":"before","xRel":-2.91668701171875},"text":[""],"removed":[","],"origin":"+delete"}
2019-4-13 22:25:28.731#keyHandled#"Backspace"
2019-4-13 22:25:29.122#change#{"from":{"line":4,"ch":12,"sticky":null},"to":{"line":4,"ch":12,"sticky":null},"text":["e"],"removed":[""],"origin":"+input"}
2019-4-13 22:25:30.707#blur#
2019-4-13 22:25:33.981#saida_testar#$ python3 main.py
File "main.py", line 5
if(n1 < n2) , (n1 < n3):
SyntaxError: invalid syntax
2019-4-13 22:25:34.210#dica_bullet#SyntaxError: invalid syntax
2019-4-13 22:25:36.064#mousedown#{"isTrusted":true}
2019-4-13 22:25:36.067#focus#
2019-4-13 22:25:37.201#change#{"from":{"line":4,"ch":12,"sticky":"after"},"to":{"line":4,"ch":13,"sticky":"after","xRel":1.08331298828125},"text":[""],"removed":["e"],"origin":"+delete"}
2019-4-13 22:25:37.201#keyHandled#"Backspace"
2019-4-13 22:25:39.429#change#{"from":{"line":4,"ch":12,"sticky":null},"to":{"line":4,"ch":12,"sticky":null},"text":["e"],"removed":[""],"origin":"+input"}
2019-4-13 22:25:40.709#change#{"from":{"line":4,"ch":12,"sticky":"after"},"to":{"line":4,"ch":13,"sticky":null},"text":[""],"removed":["e"],"origin":"+delete"}
2019-4-13 22:25:40.709#keyHandled#"Backspace"
2019-4-13 22:25:41.403#change#{"from":{"line":4,"ch":12,"sticky":null},"to":{"line":4,"ch":12,"sticky":null},"text":["E"],"removed":[""],"origin":"+input"}
2019-4-13 22:25:42.725#blur#
2019-4-13 22:25:42.725#blur#
2019-4-13 22:25:44.974#dica_bullet#SyntaxError: invalid syntax
2019-4-13 22:25:45.699#saida_testar#$ python3 main.py
File "main.py", line 5
if(n1 < n2) E (n1 < n3):
SyntaxError: invalid syntax
2019-4-13 22:26:15.304#mousedown#{"isTrusted":true}
2019-4-13 22:26:15.310#focus#
2019-4-13 22:26:16.264#change#{"from":{"line":4,"ch":12,"sticky":"after"},"to":{"line":4,"ch":13,"sticky":"before","xRel":-2.91668701171875},"text":[""],"removed":["E"],"origin":"+delete"}
2019-4-13 22:26:16.265#keyHandled#"Backspace"
2019-4-13 22:26:18.272#blur#
2019-4-13 22:26:18.272#blur#
2019-4-13 22:26:21.954#saida_testar#$ python3 main.py
2019-4-13 22:26:30.713#mousedown#{"isTrusted":true}
2019-4-13 22:26:30.804#focus#
2019-4-13 22:26:33.218#mousedown#{"isTrusted":true}
2019-4-13 22:26:33.983#mousedown#{"isTrusted":true}
2019-4-13 22:26:35.232#mousedown#{"isTrusted":true}
2019-4-13 22:26:36.866#blur#
2019-4-13 22:28:56.954#mousedown#{"isTrusted":true}
2019-4-13 22:28:56.963#focus#
2019-4-13 22:29:00.402#change#{"from":{"line":3,"ch":0,"sticky":"after","xRel":0.08331298828125},"to":{"line":9,"ch":10,"sticky":null,"xRel":1,"outside":true},"text":[""],"removed":["","if(n1 < n2)  (n1 < n3):","\tmsg = n1","else:","\tmsg = n2","\t","print(msg)"],"origin":"+delete"}
2019-4-13 22:29:00.402#keyHandled#"Backspace"
2019-4-13 22:29:00.409#viewportChange#0
2019-4-13 22:29:01.103#change#{"from":{"line":3,"ch":0,"sticky":null},"to":{"line":3,"ch":0,"sticky":null},"text":["",""],"removed":[""],"origin":"+input"}
2019-4-13 22:29:01.103#keyHandled#"Enter"
2019-4-13 22:29:01.106#viewportChange#0
2019-4-13 22:29:02.545#blur#
2019-4-13 22:29:07.033#focus#
2019-4-13 22:29:11.697#change#{"from":{"line":4,"ch":0,"sticky":null},"to":{"line":4,"ch":0,"sticky":null},"text":["M"],"removed":[""],"origin":"+input"}
2019-4-13 22:29:13.520#change#{"from":{"line":4,"ch":1,"sticky":null},"to":{"line":4,"ch":1,"sticky":null},"text":[" "],"removed":[""],"origin":"+input"}
2019-4-13 22:29:13.745#change#{"from":{"line":4,"ch":2,"sticky":null},"to":{"line":4,"ch":2,"sticky":null},"text":["="],"removed":[""],"origin":"+input"}
2019-4-13 22:29:13.895#change#{"from":{"line":4,"ch":3,"sticky":null},"to":{"line":4,"ch":3,"sticky":null},"text":[" "],"removed":[""],"origin":"+input"}
2019-4-13 22:29:15.579#blur#
2019-4-13 22:29:27.586#focus#
2019-4-13 22:29:29.192#mousedown#{"isTrusted":true}
2019-4-13 22:29:29.194#contextmenu#{"isTrusted":true}
2019-4-13 22:29:31.104#change#{"from":{"line":4,"ch":4,"sticky":null},"to":{"line":4,"ch":4,"sticky":null},"text":["(A+B - abs(A-B)) /2"],"removed":[""],"origin":"paste"}
2019-4-13 22:29:34.271#mousedown#{"isTrusted":true}
2019-4-13 22:29:35.672#change#{"from":{"line":4,"ch":15,"sticky":"after"},"to":{"line":4,"ch":16,"sticky":"before","xRel":-0.91668701171875},"text":[""],"removed":["A"],"origin":"+delete"}
2019-4-13 22:29:35.672#keyHandled#"Backspace"
2019-4-13 22:29:36.187#change#{"from":{"line":4,"ch":15,"sticky":null},"to":{"line":4,"ch":15,"sticky":null},"text":["N"],"removed":[""],"origin":"+input"}
2019-4-13 22:29:36.607#change#{"from":{"line":4,"ch":16,"sticky":null},"to":{"line":4,"ch":16,"sticky":null},"text":["1"],"removed":[""],"origin":"+input"}
2019-4-13 22:29:38.711#change#{"from":{"line":4,"ch":16,"sticky":"after"},"to":{"line":4,"ch":17,"sticky":null},"text":[""],"removed":["1"],"origin":"+delete"}
2019-4-13 22:29:38.711#keyHandled#"Backspace"
2019-4-13 22:29:38.872#change#{"from":{"line":4,"ch":15,"sticky":"after"},"to":{"line":4,"ch":16,"sticky":null},"text":[""],"removed":["N"],"origin":"+delete"}
2019-4-13 22:29:38.872#keyHandled#"Backspace"
2019-4-13 22:29:39.793#change#{"from":{"line":4,"ch":15,"sticky":null},"to":{"line":4,"ch":15,"sticky":null},"text":["n"],"removed":[""],"origin":"+input"}
2019-4-13 22:29:40.344#change#{"from":{"line":4,"ch":16,"sticky":null},"to":{"line":4,"ch":16,"sticky":null},"text":["1"],"removed":[""],"origin":"+input"}
2019-4-13 22:29:42.335#mousedown#{"isTrusted":true}
2019-4-13 22:29:43.304#change#{"from":{"line":4,"ch":18,"sticky":"after"},"to":{"line":4,"ch":19,"sticky":"before","xRel":-0.91668701171875},"text":[""],"removed":["B"],"origin":"+delete"}
2019-4-13 22:29:43.304#keyHandled#"Backspace"
2019-4-13 22:29:45.193#change#{"from":{"line":4,"ch":19,"sticky":null},"to":{"line":4,"ch":19,"sticky":null},"text":["2"],"removed":[""],"origin":"+input"}
2019-4-13 22:29:46.719#mousedown#{"isTrusted":true}
2019-4-13 22:29:47.752#change#{"from":{"line":4,"ch":5,"sticky":"after"},"to":{"line":4,"ch":6,"sticky":"before","xRel":-3.91668701171875},"text":[""],"removed":["A"],"origin":"+delete"}
2019-4-13 22:29:47.752#keyHandled#"Backspace"
2019-4-13 22:29:48.441#change#{"from":{"line":4,"ch":5,"sticky":null},"to":{"line":4,"ch":5,"sticky":null},"text":["n"],"removed":[""],"origin":"+input"}
2019-4-13 22:29:49.002#change#{"from":{"line":4,"ch":6,"sticky":null},"to":{"line":4,"ch":6,"sticky":null},"text":["1"],"removed":[""],"origin":"+input"}
2019-4-13 22:29:49.825#change#{"from":{"line":4,"ch":7,"sticky":null},"to":{"line":4,"ch":7,"sticky":null},"text":[" "],"removed":[""],"origin":"+input"}
2019-4-13 22:29:51.174#keyHandled#"Right"
2019-4-13 22:29:51.371#change#{"from":{"line":4,"ch":9,"sticky":"before"},"to":{"line":4,"ch":9,"sticky":"before"},"text":[" "],"removed":[""],"origin":"+input"}
2019-4-13 22:29:51.824#keyHandled#"Right"
2019-4-13 22:29:52.592#change#{"from":{"line":4,"ch":10,"sticky":"after"},"to":{"line":4,"ch":11,"sticky":"before"},"text":[""],"removed":["B"],"origin":"+delete"}
2019-4-13 22:29:52.592#keyHandled#"Backspace"
2019-4-13 22:29:53.330#change#{"from":{"line":4,"ch":10,"sticky":null},"to":{"line":4,"ch":10,"sticky":null},"text":["n"],"removed":[""],"origin":"+input"}
2019-4-13 22:29:53.755#change#{"from":{"line":4,"ch":11,"sticky":null},"to":{"line":4,"ch":11,"sticky":null},"text":["2"],"removed":[""],"origin":"+input"}
2019-4-13 22:29:55.614#mousedown#{"isTrusted":true}
2019-4-13 22:29:57.711#keyHandled#"Left"
2019-4-13 22:29:57.847#keyHandled#"Left"
2019-4-13 22:29:58.007#keyHandled#"Left"
2019-4-13 22:29:58.439#keyHandled#"Left"
2019-4-13 22:29:58.566#keyHandled#"Left"
2019-4-13 22:29:58.687#keyHandled#"Left"
2019-4-13 22:29:58.799#keyHandled#"Left"
2019-4-13 22:29:58.920#keyHandled#"Left"
2019-4-13 22:29:59.151#keyHandled#"Left"
2019-4-13 22:29:59.255#keyHandled#"Left"
2019-4-13 22:29:59.367#keyHandled#"Left"
2019-4-13 22:29:59.489#keyHandled#"Left"
2019-4-13 22:29:59.607#keyHandled#"Left"
2019-4-13 22:29:59.712#keyHandled#"Left"
2019-4-13 22:29:59.959#keyHandled#"Left"
2019-4-13 22:30:00.246#keyHandled#"Left"
2019-4-13 22:30:00.745#keyHandled#"Left"
2019-4-13 22:30:00.778#keyHandled#"Left"
2019-4-13 22:30:00.812#keyHandled#"Left"
2019-4-13 22:30:00.846#keyHandled#"Left"
2019-4-13 22:30:00.879#keyHandled#"Left"
2019-4-13 22:30:00.912#keyHandled#"Left"
2019-4-13 22:30:00.944#keyHandled#"Left"
2019-4-13 22:30:00.977#keyHandled#"Left"
2019-4-13 22:30:01.383#keyHandled#"Left"
2019-4-13 22:30:01.558#keyHandled#"Left"
2019-4-13 22:30:01.719#keyHandled#"Left"
2019-4-13 22:30:01.927#keyHandled#"Left"
2019-4-13 22:30:02.934#change#{"from":{"line":4,"ch":0,"sticky":"after"},"to":{"line":4,"ch":1,"sticky":"after"},"text":[""],"removed":["M"],"origin":"+delete"}
2019-4-13 22:30:02.934#keyHandled#"Backspace"
2019-4-13 22:30:03.384#change#{"from":{"line":4,"ch":0,"sticky":null},"to":{"line":4,"ch":0,"sticky":null},"text":["m"],"removed":[""],"origin":"+input"}
2019-4-13 22:30:05.071#keyHandled#"Down"
2019-4-13 22:30:06.318#change#{"from":{"line":4,"ch":29,"sticky":null,"xRel":1,"outside":true,"hitSide":true},"to":{"line":4,"ch":29,"sticky":null,"xRel":1,"outside":true,"hitSide":true},"text":["",""],"removed":[""],"origin":"+input"}
2019-4-13 22:30:06.318#keyHandled#"Enter"
2019-4-13 22:30:06.322#viewportChange#0
2019-4-13 22:30:13.435#change#{"from":{"line":5,"ch":0,"sticky":null},"to":{"line":5,"ch":0,"sticky":null},"text":["n"],"removed":[""],"origin":"+input"}
2019-4-13 22:30:15.216#change#{"from":{"line":5,"ch":1,"sticky":null},"to":{"line":5,"ch":1,"sticky":null},"text":[" "],"removed":[""],"origin":"+input"}
2019-4-13 22:30:15.456#change#{"from":{"line":5,"ch":2,"sticky":null},"to":{"line":5,"ch":2,"sticky":null},"text":["="],"removed":[""],"origin":"+input"}
2019-4-13 22:30:15.632#change#{"from":{"line":5,"ch":3,"sticky":null},"to":{"line":5,"ch":3,"sticky":null},"text":[" "],"removed":[""],"origin":"+input"}
2019-4-13 22:30:17.413#change#{"from":{"line":5,"ch":4,"sticky":null},"to":{"line":5,"ch":4,"sticky":null},"text":["()"],"removed":[""],"origin":"+input"}
2019-4-13 22:30:17.413#keyHandled#"'('"
2019-4-13 22:30:30.504#blur#
2019-4-13 22:31:16.608#focus#
2019-4-13 22:31:19.256#change#{"from":{"line":5,"ch":5,"sticky":"after"},"to":{"line":5,"ch":5,"sticky":"after"},"text":["n"],"removed":[""],"origin":"+input"}
2019-4-13 22:31:19.831#change#{"from":{"line":5,"ch":6,"sticky":null},"to":{"line":5,"ch":6,"sticky":null},"text":["2"],"removed":[""],"origin":"+input"}
2019-4-13 22:31:21.242#change#{"from":{"line":5,"ch":7,"sticky":null},"to":{"line":5,"ch":7,"sticky":null},"text":[" "],"removed":[""],"origin":"+input"}
2019-4-13 22:31:21.608#change#{"from":{"line":5,"ch":8,"sticky":null},"to":{"line":5,"ch":8,"sticky":null},"text":["+"],"removed":[""],"origin":"+input"}
2019-4-13 22:31:21.744#change#{"from":{"line":5,"ch":9,"sticky":null},"to":{"line":5,"ch":9,"sticky":null},"text":[" "],"removed":[""],"origin":"+input"}
2019-4-13 22:31:23.008#change#{"from":{"line":5,"ch":10,"sticky":null},"to":{"line":5,"ch":10,"sticky":null},"text":["n"],"removed":[""],"origin":"+input"}
2019-4-13 22:31:25.441#change#{"from":{"line":5,"ch":11,"sticky":null},"to":{"line":5,"ch":11,"sticky":null},"text":["3"],"removed":[""],"origin":"+input"}
2019-4-13 22:31:26.567#keyHandled#"Right"
2019-4-13 22:31:29.911#mousedown#{"isTrusted":true}
2019-4-13 22:31:31.754#change#{"from":{"line":4,"ch":12,"sticky":"after","xRel":0.08331298828125},"to":{"line":4,"ch":12,"sticky":"after","xRel":0.08331298828125},"text":[")"],"removed":[""],"origin":"+input"}
2019-4-13 22:31:38.649#blur#
2019-4-13 22:31:44.627#focus#
2019-4-13 22:31:46.959#change#{"from":{"line":4,"ch":12,"sticky":"after"},"to":{"line":4,"ch":13,"sticky":null},"text":[""],"removed":[")"],"origin":"+delete"}
2019-4-13 22:31:46.959#keyHandled#"Backspace"
2019-4-13 22:31:48.103#mousedown#{"isTrusted":true}
2019-4-13 22:31:48.958#change#{"from":{"line":5,"ch":12,"sticky":"after"},"to":{"line":5,"ch":13,"sticky":"before","xRel":5.08331298828125},"text":[""],"removed":[")"],"origin":"+delete"}
2019-4-13 22:31:48.958#keyHandled#"Backspace"
2019-4-13 22:31:49.871#change#{"from":{"line":5,"ch":12,"sticky":null},"to":{"line":5,"ch":12,"sticky":null},"text":[" "],"removed":[""],"origin":"+input"}
2019-4-13 22:31:50.535#change#{"from":{"line":5,"ch":13,"sticky":null},"to":{"line":5,"ch":13,"sticky":null},"text":["-"],"removed":[""],"origin":"+input"}
2019-4-13 22:31:50.879#change#{"from":{"line":5,"ch":14,"sticky":null},"to":{"line":5,"ch":14,"sticky":null},"text":[" "],"removed":[""],"origin":"+input"}
2019-4-13 22:31:52.110#change#{"from":{"line":5,"ch":15,"sticky":null},"to":{"line":5,"ch":15,"sticky":null},"text":["a"],"removed":[""],"origin":"+input"}
2019-4-13 22:31:52.369#change#{"from":{"line":5,"ch":16,"sticky":null},"to":{"line":5,"ch":16,"sticky":null},"text":["b"],"removed":[""],"origin":"+input"}
2019-4-13 22:31:52.528#change#{"from":{"line":5,"ch":17,"sticky":null},"to":{"line":5,"ch":17,"sticky":null},"text":["s"],"removed":[""],"origin":"+input"}
2019-4-13 22:31:53.977#change#{"from":{"line":5,"ch":18,"sticky":null},"to":{"line":5,"ch":18,"sticky":null},"text":["()"],"removed":[""],"origin":"+input"}
2019-4-13 22:31:53.977#keyHandled#"'('"
2019-4-13 22:31:59.322#change#{"from":{"line":5,"ch":19,"sticky":"after"},"to":{"line":5,"ch":19,"sticky":"after"},"text":["n"],"removed":[""],"origin":"+input"}
2019-4-13 22:31:59.951#change#{"from":{"line":5,"ch":20,"sticky":null},"to":{"line":5,"ch":20,"sticky":null},"text":["2"],"removed":[""],"origin":"+input"}
2019-4-13 22:32:00.795#change#{"from":{"line":5,"ch":21,"sticky":null},"to":{"line":5,"ch":21,"sticky":null},"text":[" "],"removed":[""],"origin":"+input"}
2019-4-13 22:32:01.200#change#{"from":{"line":5,"ch":22,"sticky":null},"to":{"line":5,"ch":22,"sticky":null},"text":["-"],"removed":[""],"origin":"+input"}
2019-4-13 22:32:01.442#change#{"from":{"line":5,"ch":23,"sticky":null},"to":{"line":5,"ch":23,"sticky":null},"text":[" "],"removed":[""],"origin":"+input"}
2019-4-13 22:32:02.391#change#{"from":{"line":5,"ch":24,"sticky":null},"to":{"line":5,"ch":24,"sticky":null},"text":["n"],"removed":[""],"origin":"+input"}
2019-4-13 22:32:03.008#change#{"from":{"line":5,"ch":25,"sticky":null},"to":{"line":5,"ch":25,"sticky":null},"text":["3"],"removed":[""],"origin":"+input"}
2019-4-13 22:32:04.063#keyHandled#"Right"
2019-4-13 22:32:04.592#change#{"from":{"line":5,"ch":27,"sticky":"before"},"to":{"line":5,"ch":27,"sticky":"before"},"text":[" "],"removed":[""],"origin":"+input"}
2019-4-13 22:32:04.807#change#{"from":{"line":5,"ch":28,"sticky":null},"to":{"line":5,"ch":28,"sticky":null},"text":["/"],"removed":[""],"origin":"+input"}
2019-4-13 22:32:06.438#change#{"from":{"line":5,"ch":28,"sticky":"after"},"to":{"line":5,"ch":29,"sticky":null},"text":[""],"removed":["/"],"origin":"+delete"}
2019-4-13 22:32:06.438#keyHandled#"Backspace"
2019-4-13 22:32:07.477#change#{"from":{"line":5,"ch":27,"sticky":"after"},"to":{"line":5,"ch":28,"sticky":null},"text":[""],"removed":[" "],"origin":"+delete"}
2019-4-13 22:32:07.477#keyHandled#"Backspace"
2019-4-13 22:32:13.439#mousedown#{"isTrusted":true}
2019-4-13 22:32:13.667#change#{"from":{"line":4,"ch":21,"sticky":"before","xRel":-1.91668701171875},"to":{"line":4,"ch":21,"sticky":"before","xRel":-1.91668701171875},"text":[" "],"removed":[""],"origin":"+input"}
2019-4-13 22:32:15.166#mousedown#{"isTrusted":true}
2019-4-13 22:32:15.359#change#{"from":{"line":4,"ch":23,"sticky":"after","xRel":0.08331298828125},"to":{"line":4,"ch":23,"sticky":"after","xRel":0.08331298828125},"text":[" "],"removed":[""],"origin":"+input"}
2019-4-13 22:32:15.967#mousedown#{"isTrusted":true}
2019-4-13 22:32:18.106#change#{"from":{"line":5,"ch":27,"sticky":"before","xRel":26.08331298828125},"to":{"line":5,"ch":27,"sticky":"before","xRel":26.08331298828125},"text":[")"],"removed":[""],"origin":"+input"}
2019-4-13 22:32:22.254#blur#
2019-4-13 22:32:26.470#mousedown#{"isTrusted":true}
2019-4-13 22:32:26.472#focus#
2019-4-13 22:32:26.976#mousedown#{"isTrusted":true}
2019-4-13 22:32:27.588#change#{"from":{"line":5,"ch":28,"sticky":"before","xRel":56.08331298828125},"to":{"line":5,"ch":28,"sticky":"before","xRel":56.08331298828125},"text":[" "],"removed":[""],"origin":"+input"}
2019-4-13 22:32:28.087#change#{"from":{"line":5,"ch":29,"sticky":null},"to":{"line":5,"ch":29,"sticky":null},"text":["/"],"removed":[""],"origin":"+input"}
2019-4-13 22:32:28.215#change#{"from":{"line":5,"ch":30,"sticky":null},"to":{"line":5,"ch":30,"sticky":null},"text":[" "],"removed":[""],"origin":"+input"}
2019-4-13 22:32:29.096#change#{"from":{"line":5,"ch":31,"sticky":null},"to":{"line":5,"ch":31,"sticky":null},"text":["2"],"removed":[""],"origin":"+input"}
2019-4-13 22:32:33.015#mousedown#{"isTrusted":true}
2019-4-13 22:32:34.262#change#{"from":{"line":5,"ch":32,"sticky":"before","xRel":23.08331298828125},"to":{"line":5,"ch":32,"sticky":"before","xRel":23.08331298828125},"text":["",""],"removed":[""],"origin":"+input"}
2019-4-13 22:32:34.262#keyHandled#"Enter"
2019-4-13 22:32:34.265#viewportChange#0
2019-4-13 22:32:37.433#change#{"from":{"line":6,"ch":0,"sticky":null},"to":{"line":6,"ch":0,"sticky":null},"text":["x"],"removed":[""],"origin":"+input"}
2019-4-13 22:32:38.711#change#{"from":{"line":6,"ch":1,"sticky":null},"to":{"line":6,"ch":1,"sticky":null},"text":[" "],"removed":[""],"origin":"+input"}
2019-4-13 22:32:38.953#change#{"from":{"line":6,"ch":2,"sticky":null},"to":{"line":6,"ch":2,"sticky":null},"text":["="],"removed":[""],"origin":"+input"}
2019-4-13 22:32:39.130#change#{"from":{"line":6,"ch":3,"sticky":null},"to":{"line":6,"ch":3,"sticky":null},"text":[" "],"removed":[""],"origin":"+input"}
2019-4-13 22:32:40.703#change#{"from":{"line":6,"ch":4,"sticky":null},"to":{"line":6,"ch":4,"sticky":null},"text":["()"],"removed":[""],"origin":"+input"}
2019-4-13 22:32:40.703#keyHandled#"'('"
2019-4-13 22:32:43.242#change#{"from":{"line":6,"ch":5,"sticky":"after"},"to":{"line":6,"ch":5,"sticky":"after"},"text":["m"],"removed":[""],"origin":"+input"}
2019-4-13 22:32:44.489#change#{"from":{"line":6,"ch":6,"sticky":null},"to":{"line":6,"ch":6,"sticky":null},"text":[" "],"removed":[""],"origin":"+input"}
2019-4-13 22:32:46.185#change#{"from":{"line":6,"ch":7,"sticky":null},"to":{"line":6,"ch":7,"sticky":null},"text":["+"],"removed":[""],"origin":"+input"}
2019-4-13 22:32:46.471#change#{"from":{"line":6,"ch":8,"sticky":null},"to":{"line":6,"ch":8,"sticky":null},"text":[" "],"removed":[""],"origin":"+input"}
2019-4-13 22:32:48.241#change#{"from":{"line":6,"ch":9,"sticky":null},"to":{"line":6,"ch":9,"sticky":null},"text":["n"],"removed":[""],"origin":"+input"}
2019-4-13 22:32:49.093#keyHandled#"Right"
2019-4-13 22:32:50.399#change#{"from":{"line":6,"ch":11,"sticky":"before"},"to":{"line":6,"ch":11,"sticky":"before"},"text":[" "],"removed":[""],"origin":"+input"}
2019-4-13 22:32:50.570#change#{"from":{"line":6,"ch":12,"sticky":null},"to":{"line":6,"ch":12,"sticky":null},"text":["-"],"removed":[""],"origin":"+input"}
2019-4-13 22:32:51.112#change#{"from":{"line":6,"ch":13,"sticky":null},"to":{"line":6,"ch":13,"sticky":null},"text":[" "],"removed":[""],"origin":"+input"}
2019-4-13 22:32:53.857#change#{"from":{"line":6,"ch":14,"sticky":null},"to":{"line":6,"ch":14,"sticky":null},"text":["a"],"removed":[""],"origin":"+input"}
2019-4-13 22:32:54.137#change#{"from":{"line":6,"ch":15,"sticky":null},"to":{"line":6,"ch":15,"sticky":null},"text":["b"],"removed":[""],"origin":"+input"}
2019-4-13 22:32:54.367#change#{"from":{"line":6,"ch":16,"sticky":null},"to":{"line":6,"ch":16,"sticky":null},"text":["s"],"removed":[""],"origin":"+input"}
2019-4-13 22:32:56.261#change#{"from":{"line":6,"ch":17,"sticky":null},"to":{"line":6,"ch":17,"sticky":null},"text":["()"],"removed":[""],"origin":"+input"}
2019-4-13 22:32:56.262#keyHandled#"'('"
2019-4-13 22:32:59.760#change#{"from":{"line":6,"ch":18,"sticky":"after"},"to":{"line":6,"ch":18,"sticky":"after"},"text":["m"],"removed":[""],"origin":"+input"}
2019-4-13 22:33:00.001#change#{"from":{"line":6,"ch":19,"sticky":null},"to":{"line":6,"ch":19,"sticky":null},"text":[" "],"removed":[""],"origin":"+input"}
2019-4-13 22:33:00.967#change#{"from":{"line":6,"ch":20,"sticky":null},"to":{"line":6,"ch":20,"sticky":null},"text":["-"],"removed":[""],"origin":"+input"}
2019-4-13 22:33:01.238#change#{"from":{"line":6,"ch":21,"sticky":null},"to":{"line":6,"ch":21,"sticky":null},"text":[" "],"removed":[""],"origin":"+input"}
2019-4-13 22:33:02.487#change#{"from":{"line":6,"ch":22,"sticky":null},"to":{"line":6,"ch":22,"sticky":null},"text":["n"],"removed":[""],"origin":"+input"}
2019-4-13 22:33:04.462#keyHandled#"Right"
2019-4-13 22:33:05.718#change#{"from":{"line":6,"ch":24,"sticky":"before"},"to":{"line":6,"ch":24,"sticky":"before"},"text":[")"],"removed":[""],"origin":"+input"}
2019-4-13 22:33:07.399#change#{"from":{"line":6,"ch":24,"sticky":"after"},"to":{"line":6,"ch":25,"sticky":null},"text":[""],"removed":[")"],"origin":"+delete"}
2019-4-13 22:33:07.399#keyHandled#"Backspace"
2019-4-13 22:33:09.848#change#{"from":{"line":6,"ch":24,"sticky":null},"to":{"line":6,"ch":24,"sticky":null},"text":[")"],"removed":[""],"origin":"+input"}
2019-4-13 22:33:10.959#keyHandled#"Left"
2019-4-13 22:33:11.117#keyHandled#"Left"
2019-4-13 22:33:11.261#keyHandled#"Left"
2019-4-13 22:33:11.413#keyHandled#"Left"
2019-4-13 22:33:11.558#keyHandled#"Left"
2019-4-13 22:33:11.878#keyHandled#"Left"
2019-4-13 22:33:12.030#keyHandled#"Left"
2019-4-13 22:33:12.181#keyHandled#"Left"
2019-4-13 22:33:12.334#keyHandled#"Left"
2019-4-13 22:33:12.503#keyHandled#"Left"
2019-4-13 22:33:12.662#keyHandled#"Left"
2019-4-13 22:33:12.846#keyHandled#"Left"
2019-4-13 22:33:13.039#keyHandled#"Left"
2019-4-13 22:33:13.245#keyHandled#"Left"
2019-4-13 22:33:13.654#keyHandled#"Left"
2019-4-13 22:33:14.526#keyHandled#"Right"
2019-4-13 22:33:15.318#change#{"from":{"line":6,"ch":10,"sticky":"after"},"to":{"line":6,"ch":11,"sticky":"before"},"text":[""],"removed":[")"],"origin":"+delete"}
2019-4-13 22:33:15.318#keyHandled#"Backspace"
2019-4-13 22:33:16.231#keyHandled#"Right"
2019-4-13 22:33:16.422#keyHandled#"Right"
2019-4-13 22:33:16.617#keyHandled#"Right"
2019-4-13 22:33:16.806#keyHandled#"Right"
2019-4-13 22:33:16.990#keyHandled#"Right"
2019-4-13 22:33:17.191#keyHandled#"Right"
2019-4-13 22:33:17.383#keyHandled#"Right"
2019-4-13 22:33:17.567#keyHandled#"Right"
2019-4-13 22:33:17.757#keyHandled#"Right"
2019-4-13 22:33:17.957#keyHandled#"Right"
2019-4-13 22:33:18.149#keyHandled#"Right"
2019-4-13 22:33:18.326#keyHandled#"Right"
2019-4-13 22:33:18.526#keyHandled#"Right"
2019-4-13 22:33:18.725#keyHandled#"Right"
2019-4-13 22:33:19.398#keyHandled#"Right"
2019-4-13 22:33:19.941#change#{"from":{"line":6,"ch":24,"sticky":"before","hitSide":true},"to":{"line":6,"ch":24,"sticky":"before","hitSide":true},"text":[" "],"removed":[""],"origin":"+input"}
2019-4-13 22:33:21.407#change#{"from":{"line":6,"ch":25,"sticky":null},"to":{"line":6,"ch":25,"sticky":null},"text":["/"],"removed":[""],"origin":"+input"}
2019-4-13 22:33:22.199#change#{"from":{"line":6,"ch":26,"sticky":null},"to":{"line":6,"ch":26,"sticky":null},"text":["3"],"removed":[""],"origin":"+input"}
2019-4-13 22:33:23.534#change#{"from":{"line":6,"ch":26,"sticky":"after"},"to":{"line":6,"ch":27,"sticky":null},"text":[""],"removed":["3"],"origin":"+delete"}
2019-4-13 22:33:23.534#keyHandled#"Backspace"
2019-4-13 22:33:23.897#change#{"from":{"line":6,"ch":26,"sticky":null},"to":{"line":6,"ch":26,"sticky":null},"text":[" "],"removed":[""],"origin":"+input"}
2019-4-13 22:33:24.207#change#{"from":{"line":6,"ch":27,"sticky":null},"to":{"line":6,"ch":27,"sticky":null},"text":["2"],"removed":[""],"origin":"+input"}
2019-4-13 22:33:25.182#change#{"from":{"line":6,"ch":28,"sticky":null},"to":{"line":6,"ch":28,"sticky":null},"text":["",""],"removed":[""],"origin":"+input"}
2019-4-13 22:33:25.182#keyHandled#"Enter"
2019-4-13 22:33:25.186#viewportChange#0
2019-4-13 22:33:26.134#change#{"from":{"line":7,"ch":0,"sticky":null},"to":{"line":7,"ch":0,"sticky":null},"text":["",""],"removed":[""],"origin":"+input"}
2019-4-13 22:33:26.134#keyHandled#"Enter"
2019-4-13 22:33:26.135#viewportChange#0
2019-4-13 22:33:27.674#change#{"from":{"line":8,"ch":0,"sticky":null},"to":{"line":8,"ch":0,"sticky":null},"text":["i"],"removed":[""],"origin":"+input"}
2019-4-13 22:33:27.847#change#{"from":{"line":8,"ch":1,"sticky":null},"to":{"line":8,"ch":1,"sticky":null},"text":["f"],"removed":[""],"origin":"+input"}
2019-4-13 22:33:29.831#change#{"from":{"line":8,"ch":2,"sticky":null},"to":{"line":8,"ch":2,"sticky":null},"text":["()"],"removed":[""],"origin":"+input"}
2019-4-13 22:33:29.831#keyHandled#"'('"
2019-4-13 22:33:37.190#blur#
2019-4-13 22:33:48.715#focus#
2019-4-13 22:33:51.199#mousedown#{"isTrusted":true}
2019-4-13 22:33:51.200#contextmenu#{"isTrusted":true}
2019-4-13 22:33:53.152#change#{"from":{"line":8,"ch":3,"sticky":"after"},"to":{"line":8,"ch":3,"sticky":"after"},"text":["&&"],"removed":[""],"origin":"paste"}
2019-4-13 22:33:56.703#blur#
2019-4-13 22:34:26.066#focus#
2019-4-13 22:34:28.241#blur#
2019-4-13 22:35:49.794#focus#
2019-4-13 22:35:50.919#mousedown#{"isTrusted":true}
2019-4-13 22:35:51.340#mousedown#{"isTrusted":true}
2019-4-13 22:35:51.451#dblclick#{"isTrusted":true}
2019-4-13 22:35:51.893#mousedown#{"isTrusted":true}
2019-4-13 22:35:51.893#contextmenu#{"isTrusted":true}
2019-4-13 22:35:53.798#change#{"from":{"line":8,"ch":6,"sticky":"before","xRel":124.08331298828125},"to":{"line":8,"ch":6,"sticky":"before","xRel":124.08331298828125},"text":["IEM012-lgebra Linear I"],"removed":[""],"origin":"paste"}
2019-4-13 22:35:55.983#change#{"from":{"line":8,"ch":28,"sticky":"after"},"to":{"line":8,"ch":29,"sticky":null},"text":[""],"removed":["I"],"origin":"+delete"}
2019-4-13 22:35:55.983#keyHandled#"Backspace"
2019-4-13 22:35:56.481#change#{"from":{"line":8,"ch":27,"sticky":"after"},"to":{"line":8,"ch":28,"sticky":null},"text":[""],"removed":[" "],"origin":"+delete"}
2019-4-13 22:35:56.481#keyHandled#"Backspace"
2019-4-13 22:35:56.513#change#{"from":{"line":8,"ch":26,"sticky":"after"},"to":{"line":8,"ch":27,"sticky":null},"text":[""],"removed":["r"],"origin":"+delete"}
2019-4-13 22:35:56.513#keyHandled#"Backspace"
2019-4-13 22:35:56.547#change#{"from":{"line":8,"ch":25,"sticky":"after"},"to":{"line":8,"ch":26,"sticky":null},"text":[""],"removed":["a"],"origin":"+delete"}
2019-4-13 22:35:56.547#keyHandled#"Backspace"
2019-4-13 22:35:56.580#change#{"from":{"line":8,"ch":24,"sticky":"after"},"to":{"line":8,"ch":25,"sticky":null},"text":[""],"removed":["e"],"origin":"+delete"}
2019-4-13 22:35:56.580#keyHandled#"Backspace"
2019-4-13 22:35:57.306#change#{"from":{"line":8,"ch":2,"sticky":"after"},"to":{"line":8,"ch":3,"sticky":null},"text":[""],"removed":["("],"origin":"+delete"}
2019-4-13 22:35:57.306#keyHandled#"Backspace"
2019-4-13 22:35:57.343#change#{"from":{"line":8,"ch":1,"sticky":"after"},"to":{"line":8,"ch":2,"sticky":null},"text":[""],"removed":["f"],"origin":"+delete"}
2019-4-13 22:35:57.343#keyHandled#"Backspace"
2019-4-13 22:35:57.371#change#{"from":{"line":8,"ch":0,"sticky":"after"},"to":{"line":8,"ch":1,"sticky":null},"text":[""],"removed":["i"],"origin":"+delete"}
2019-4-13 22:35:57.371#keyHandled#"Backspace"
2019-4-13 22:35:57.405#change#{"from":{"line":7,"ch":0,"sticky":"before"},"to":{"line":8,"ch":0,"sticky":null},"text":[""],"removed":["",""],"origin":"+delete"}
2019-4-13 22:35:57.405#keyHandled#"Backspace"
2019-4-13 22:35:57.411#viewportChange#0
2019-4-13 22:35:57.438#change#{"from":{"line":6,"ch":28,"sticky":"before"},"to":{"line":7,"ch":0,"sticky":null},"text":[""],"removed":["",""],"origin":"+delete"}
2019-4-13 22:35:57.438#keyHandled#"Backspace"
2019-4-13 22:35:57.445#viewportChange#0
2019-4-13 22:35:57.471#change#{"from":{"line":6,"ch":27,"sticky":"after"},"to":{"line":6,"ch":28,"sticky":null},"text":[""],"removed":["2"],"origin":"+delete"}
2019-4-13 22:35:57.472#keyHandled#"Backspace"
2019-4-13 22:35:57.504#change#{"from":{"line":6,"ch":26,"sticky":"after"},"to":{"line":6,"ch":27,"sticky":null},"text":[""],"removed":[" "],"origin":"+delete"}
2019-4-13 22:35:57.504#keyHandled#"Backspace"
2019-4-13 22:35:57.925#change#{"from":{"line":6,"ch":25,"sticky":"after"},"to":{"line":6,"ch":26,"sticky":null},"text":[""],"removed":["/"],"origin":"+delete"}
2019-4-13 22:35:57.925#keyHandled#"Backspace"
2019-4-13 22:35:58.426#change#{"from":{"line":6,"ch":24,"sticky":"after"},"to":{"line":6,"ch":25,"sticky":null},"text":[""],"removed":[" "],"origin":"+delete"}
2019-4-13 22:35:58.426#keyHandled#"Backspace"
2019-4-13 22:35:58.463#change#{"from":{"line":6,"ch":23,"sticky":"after"},"to":{"line":6,"ch":24,"sticky":null},"text":[""],"removed":[")"],"origin":"+delete"}
2019-4-13 22:35:58.463#keyHandled#"Backspace"
2019-4-13 22:35:58.492#change#{"from":{"line":6,"ch":22,"sticky":"after"},"to":{"line":6,"ch":23,"sticky":null},"text":[""],"removed":[")"],"origin":"+delete"}
2019-4-13 22:35:58.492#keyHandled#"Backspace"
2019-4-13 22:35:58.524#change#{"from":{"line":6,"ch":21,"sticky":"after"},"to":{"line":6,"ch":22,"sticky":null},"text":[""],"removed":["n"],"origin":"+delete"}
2019-4-13 22:35:58.524#keyHandled#"Backspace"
2019-4-13 22:35:58.557#change#{"from":{"line":6,"ch":20,"sticky":"after"},"to":{"line":6,"ch":21,"sticky":null},"text":[""],"removed":[" "],"origin":"+delete"}
2019-4-13 22:35:58.557#keyHandled#"Backspace"
2019-4-13 22:35:58.590#change#{"from":{"line":6,"ch":19,"sticky":"after"},"to":{"line":6,"ch":20,"sticky":null},"text":[""],"removed":["-"],"origin":"+delete"}
2019-4-13 22:35:58.590#keyHandled#"Backspace"
2019-4-13 22:35:58.624#change#{"from":{"line":6,"ch":18,"sticky":"after"},"to":{"line":6,"ch":19,"sticky":null},"text":[""],"removed":[" "],"origin":"+delete"}
2019-4-13 22:35:58.624#keyHandled#"Backspace"
2019-4-13 22:35:58.658#change#{"from":{"line":6,"ch":17,"sticky":"after"},"to":{"line":6,"ch":18,"sticky":null},"text":[""],"removed":["m"],"origin":"+delete"}
2019-4-13 22:35:58.658#keyHandled#"Backspace"
2019-4-13 22:35:58.690#change#{"from":{"line":6,"ch":16,"sticky":"after"},"to":{"line":6,"ch":17,"sticky":null},"text":[""],"removed":["("],"origin":"+delete"}
2019-4-13 22:35:58.690#keyHandled#"Backspace"
2019-4-13 22:35:58.722#change#{"from":{"line":6,"ch":15,"sticky":"after"},"to":{"line":6,"ch":16,"sticky":null},"text":[""],"removed":["s"],"origin":"+delete"}
2019-4-13 22:35:58.722#keyHandled#"Backspace"
2019-4-13 22:35:58.754#change#{"from":{"line":6,"ch":14,"sticky":"after"},"to":{"line":6,"ch":15,"sticky":null},"text":[""],"removed":["b"],"origin":"+delete"}
2019-4-13 22:35:58.755#keyHandled#"Backspace"
2019-4-13 22:35:58.788#change#{"from":{"line":6,"ch":13,"sticky":"after"},"to":{"line":6,"ch":14,"sticky":null},"text":[""],"removed":["a"],"origin":"+delete"}
2019-4-13 22:35:58.788#keyHandled#"Backspace"
2019-4-13 22:35:58.821#change#{"from":{"line":6,"ch":12,"sticky":"after"},"to":{"line":6,"ch":13,"sticky":null},"text":[""],"removed":[" "],"origin":"+delete"}
2019-4-13 22:35:58.821#keyHandled#"Backspace"
2019-4-13 22:35:58.854#change#{"from":{"line":6,"ch":11,"sticky":"after"},"to":{"line":6,"ch":12,"sticky":null},"text":[""],"removed":["-"],"origin":"+delete"}
2019-4-13 22:35:58.855#keyHandled#"Backspace"
2019-4-13 22:35:58.887#change#{"from":{"line":6,"ch":10,"sticky":"after"},"to":{"line":6,"ch":11,"sticky":null},"text":[""],"removed":[" "],"origin":"+delete"}
2019-4-13 22:35:58.887#keyHandled#"Backspace"
2019-4-13 22:35:58.920#change#{"from":{"line":6,"ch":9,"sticky":"after"},"to":{"line":6,"ch":10,"sticky":null},"text":[""],"removed":["n"],"origin":"+delete"}
2019-4-13 22:35:58.920#keyHandled#"Backspace"
2019-4-13 22:35:58.953#change#{"from":{"line":6,"ch":8,"sticky":"after"},"to":{"line":6,"ch":9,"sticky":null},"text":[""],"removed":[" "],"origin":"+delete"}
2019-4-13 22:35:58.953#keyHandled#"Backspace"
2019-4-13 22:35:58.986#change#{"from":{"line":6,"ch":7,"sticky":"after"},"to":{"line":6,"ch":8,"sticky":null},"text":[""],"removed":["+"],"origin":"+delete"}
2019-4-13 22:35:58.986#keyHandled#"Backspace"
2019-4-13 22:35:59.019#change#{"from":{"line":6,"ch":6,"sticky":"after"},"to":{"line":6,"ch":7,"sticky":null},"text":[""],"removed":[" "],"origin":"+delete"}
2019-4-13 22:35:59.020#keyHandled#"Backspace"
2019-4-13 22:35:59.053#change#{"from":{"line":6,"ch":5,"sticky":"after"},"to":{"line":6,"ch":6,"sticky":null},"text":[""],"removed":["m"],"origin":"+delete"}
2019-4-13 22:35:59.053#keyHandled#"Backspace"
2019-4-13 22:35:59.085#change#{"from":{"line":6,"ch":4,"sticky":"after"},"to":{"line":6,"ch":5,"sticky":null},"text":[""],"removed":["("],"origin":"+delete"}
2019-4-13 22:35:59.085#keyHandled#"Backspace"
2019-4-13 22:35:59.118#change#{"from":{"line":6,"ch":3,"sticky":"after"},"to":{"line":6,"ch":4,"sticky":null},"text":[""],"removed":[" "],"origin":"+delete"}
2019-4-13 22:35:59.118#keyHandled#"Backspace"
2019-4-13 22:35:59.151#change#{"from":{"line":6,"ch":2,"sticky":"after"},"to":{"line":6,"ch":3,"sticky":null},"text":[""],"removed":["="],"origin":"+delete"}
2019-4-13 22:35:59.151#keyHandled#"Backspace"
2019-4-13 22:35:59.184#change#{"from":{"line":6,"ch":1,"sticky":"after"},"to":{"line":6,"ch":2,"sticky":null},"text":[""],"removed":[" "],"origin":"+delete"}
2019-4-13 22:35:59.184#keyHandled#"Backspace"
2019-4-13 22:35:59.218#change#{"from":{"line":6,"ch":0,"sticky":"after"},"to":{"line":6,"ch":1,"sticky":null},"text":[""],"removed":["x"],"origin":"+delete"}
2019-4-13 22:35:59.218#keyHandled#"Backspace"
2019-4-13 22:35:59.251#change#{"from":{"line":5,"ch":32,"sticky":"before"},"to":{"line":6,"ch":0,"sticky":null},"text":[""],"removed":["",""],"origin":"+delete"}
2019-4-13 22:35:59.251#keyHandled#"Backspace"
2019-4-13 22:35:59.258#viewportChange#0
2019-4-13 22:35:59.283#change#{"from":{"line":5,"ch":31,"sticky":"after"},"to":{"line":5,"ch":32,"sticky":null},"text":[""],"removed":["2"],"origin":"+delete"}
2019-4-13 22:35:59.283#keyHandled#"Backspace"
2019-4-13 22:35:59.317#change#{"from":{"line":5,"ch":30,"sticky":"after"},"to":{"line":5,"ch":31,"sticky":null},"text":[""],"removed":[" "],"origin":"+delete"}
2019-4-13 22:35:59.317#keyHandled#"Backspace"
2019-4-13 22:35:59.368#change#{"from":{"line":5,"ch":29,"sticky":"after"},"to":{"line":5,"ch":30,"sticky":null},"text":[""],"removed":["/"],"origin":"+delete"}
2019-4-13 22:35:59.368#keyHandled#"Backspace"
2019-4-13 22:35:59.415#change#{"from":{"line":5,"ch":28,"sticky":"after"},"to":{"line":5,"ch":29,"sticky":null},"text":[""],"removed":[" "],"origin":"+delete"}
2019-4-13 22:35:59.415#keyHandled#"Backspace"
2019-4-13 22:35:59.448#change#{"from":{"line":5,"ch":27,"sticky":"after"},"to":{"line":5,"ch":28,"sticky":null},"text":[""],"removed":[")"],"origin":"+delete"}
2019-4-13 22:35:59.448#keyHandled#"Backspace"
2019-4-13 22:35:59.481#change#{"from":{"line":5,"ch":26,"sticky":"after"},"to":{"line":5,"ch":27,"sticky":null},"text":[""],"removed":[")"],"origin":"+delete"}
2019-4-13 22:35:59.481#keyHandled#"Backspace"
2019-4-13 22:35:59.514#change#{"from":{"line":5,"ch":25,"sticky":"after"},"to":{"line":5,"ch":26,"sticky":null},"text":[""],"removed":["3"],"origin":"+delete"}
2019-4-13 22:35:59.514#keyHandled#"Backspace"
2019-4-13 22:35:59.547#change#{"from":{"line":5,"ch":24,"sticky":"after"},"to":{"line":5,"ch":25,"sticky":null},"text":[""],"removed":["n"],"origin":"+delete"}
2019-4-13 22:35:59.547#keyHandled#"Backspace"
2019-4-13 22:35:59.581#change#{"from":{"line":5,"ch":23,"sticky":"after"},"to":{"line":5,"ch":24,"sticky":null},"text":[""],"removed":[" "],"origin":"+delete"}
2019-4-13 22:35:59.581#keyHandled#"Backspace"
2019-4-13 22:35:59.613#change#{"from":{"line":5,"ch":22,"sticky":"after"},"to":{"line":5,"ch":23,"sticky":null},"text":[""],"removed":["-"],"origin":"+delete"}
2019-4-13 22:35:59.613#keyHandled#"Backspace"
2019-4-13 22:35:59.647#change#{"from":{"line":5,"ch":21,"sticky":"after"},"to":{"line":5,"ch":22,"sticky":null},"text":[""],"removed":[" "],"origin":"+delete"}
2019-4-13 22:35:59.647#keyHandled#"Backspace"
2019-4-13 22:35:59.679#change#{"from":{"line":5,"ch":20,"sticky":"after"},"to":{"line":5,"ch":21,"sticky":null},"text":[""],"removed":["2"],"origin":"+delete"}
2019-4-13 22:35:59.679#keyHandled#"Backspace"
2019-4-13 22:35:59.712#change#{"from":{"line":5,"ch":19,"sticky":"after"},"to":{"line":5,"ch":20,"sticky":null},"text":[""],"removed":["n"],"origin":"+delete"}
2019-4-13 22:35:59.712#keyHandled#"Backspace"
2019-4-13 22:35:59.745#change#{"from":{"line":5,"ch":18,"sticky":"after"},"to":{"line":5,"ch":19,"sticky":null},"text":[""],"removed":["("],"origin":"+delete"}
2019-4-13 22:35:59.745#keyHandled#"Backspace"
2019-4-13 22:35:59.779#change#{"from":{"line":5,"ch":17,"sticky":"after"},"to":{"line":5,"ch":18,"sticky":null},"text":[""],"removed":["s"],"origin":"+delete"}
2019-4-13 22:35:59.779#keyHandled#"Backspace"
2019-4-13 22:35:59.811#change#{"from":{"line":5,"ch":16,"sticky":"after"},"to":{"line":5,"ch":17,"sticky":null},"text":[""],"removed":["b"],"origin":"+delete"}
2019-4-13 22:35:59.811#keyHandled#"Backspace"
2019-4-13 22:35:59.845#change#{"from":{"line":5,"ch":15,"sticky":"after"},"to":{"line":5,"ch":16,"sticky":null},"text":[""],"removed":["a"],"origin":"+delete"}
2019-4-13 22:35:59.846#keyHandled#"Backspace"
2019-4-13 22:35:59.879#change#{"from":{"line":5,"ch":14,"sticky":"after"},"to":{"line":5,"ch":15,"sticky":null},"text":[""],"removed":[" "],"origin":"+delete"}
2019-4-13 22:35:59.879#keyHandled#"Backspace"
2019-4-13 22:35:59.912#change#{"from":{"line":5,"ch":13,"sticky":"after"},"to":{"line":5,"ch":14,"sticky":null},"text":[""],"removed":["-"],"origin":"+delete"}
2019-4-13 22:35:59.912#keyHandled#"Backspace"
2019-4-13 22:35:59.945#change#{"from":{"line":5,"ch":12,"sticky":"after"},"to":{"line":5,"ch":13,"sticky":null},"text":[""],"removed":[" "],"origin":"+delete"}
2019-4-13 22:35:59.945#keyHandled#"Backspace"
2019-4-13 22:35:59.976#change#{"from":{"line":5,"ch":11,"sticky":"after"},"to":{"line":5,"ch":12,"sticky":null},"text":[""],"removed":["3"],"origin":"+delete"}
2019-4-13 22:35:59.976#keyHandled#"Backspace"
2019-4-13 22:36:00.010#change#{"from":{"line":5,"ch":10,"sticky":"after"},"to":{"line":5,"ch":11,"sticky":null},"text":[""],"removed":["n"],"origin":"+delete"}
2019-4-13 22:36:00.011#keyHandled#"Backspace"
2019-4-13 22:36:00.042#change#{"from":{"line":5,"ch":9,"sticky":"after"},"to":{"line":5,"ch":10,"sticky":null},"text":[""],"removed":[" "],"origin":"+delete"}
2019-4-13 22:36:00.042#keyHandled#"Backspace"
2019-4-13 22:36:00.074#change#{"from":{"line":5,"ch":8,"sticky":"after"},"to":{"line":5,"ch":9,"sticky":null},"text":[""],"removed":["+"],"origin":"+delete"}
2019-4-13 22:36:00.075#keyHandled#"Backspace"
2019-4-13 22:36:00.107#change#{"from":{"line":5,"ch":7,"sticky":"after"},"to":{"line":5,"ch":8,"sticky":null},"text":[""],"removed":[" "],"origin":"+delete"}
2019-4-13 22:36:00.107#keyHandled#"Backspace"
2019-4-13 22:36:00.142#change#{"from":{"line":5,"ch":6,"sticky":"after"},"to":{"line":5,"ch":7,"sticky":null},"text":[""],"removed":["2"],"origin":"+delete"}
2019-4-13 22:36:00.142#keyHandled#"Backspace"
2019-4-13 22:36:00.174#change#{"from":{"line":5,"ch":5,"sticky":"after"},"to":{"line":5,"ch":6,"sticky":null},"text":[""],"removed":["n"],"origin":"+delete"}
2019-4-13 22:36:00.174#keyHandled#"Backspace"
2019-4-13 22:36:00.207#change#{"from":{"line":5,"ch":4,"sticky":"after"},"to":{"line":5,"ch":5,"sticky":null},"text":[""],"removed":["("],"origin":"+delete"}
2019-4-13 22:36:00.207#keyHandled#"Backspace"
2019-4-13 22:36:00.239#change#{"from":{"line":5,"ch":3,"sticky":"after"},"to":{"line":5,"ch":4,"sticky":null},"text":[""],"removed":[" "],"origin":"+delete"}
2019-4-13 22:36:00.239#keyHandled#"Backspace"
2019-4-13 22:36:00.272#change#{"from":{"line":5,"ch":2,"sticky":"after"},"to":{"line":5,"ch":3,"sticky":null},"text":[""],"removed":["="],"origin":"+delete"}
2019-4-13 22:36:00.272#keyHandled#"Backspace"
2019-4-13 22:36:00.306#change#{"from":{"line":5,"ch":1,"sticky":"after"},"to":{"line":5,"ch":2,"sticky":null},"text":[""],"removed":[" "],"origin":"+delete"}
2019-4-13 22:36:00.306#keyHandled#"Backspace"
2019-4-13 22:36:00.339#change#{"from":{"line":5,"ch":0,"sticky":"after"},"to":{"line":5,"ch":1,"sticky":null},"text":[""],"removed":["n"],"origin":"+delete"}
2019-4-13 22:36:00.339#keyHandled#"Backspace"
2019-4-13 22:36:00.372#change#{"from":{"line":4,"ch":31,"sticky":"before"},"to":{"line":5,"ch":0,"sticky":null},"text":[""],"removed":["",""],"origin":"+delete"}
2019-4-13 22:36:00.372#keyHandled#"Backspace"
2019-4-13 22:36:00.375#viewportChange#0
2019-4-13 22:36:00.405#change#{"from":{"line":4,"ch":30,"sticky":"after"},"to":{"line":4,"ch":31,"sticky":null},"text":[""],"removed":["2"],"origin":"+delete"}
2019-4-13 22:36:00.405#keyHandled#"Backspace"
2019-4-13 22:36:00.438#change#{"from":{"line":4,"ch":29,"sticky":"after"},"to":{"line":4,"ch":30,"sticky":null},"text":[""],"removed":["/"],"origin":"+delete"}
2019-4-13 22:36:00.438#keyHandled#"Backspace"
2019-4-13 22:36:00.471#change#{"from":{"line":4,"ch":28,"sticky":"after"},"to":{"line":4,"ch":29,"sticky":null},"text":[""],"removed":[" "],"origin":"+delete"}
2019-4-13 22:36:00.471#keyHandled#"Backspace"
2019-4-13 22:36:00.504#change#{"from":{"line":4,"ch":27,"sticky":"after"},"to":{"line":4,"ch":28,"sticky":null},"text":[""],"removed":[")"],"origin":"+delete"}
2019-4-13 22:36:00.504#keyHandled#"Backspace"
2019-4-13 22:36:00.537#change#{"from":{"line":4,"ch":26,"sticky":"after"},"to":{"line":4,"ch":27,"sticky":null},"text":[""],"removed":[")"],"origin":"+delete"}
2019-4-13 22:36:00.537#keyHandled#"Backspace"
2019-4-13 22:36:00.570#change#{"from":{"line":4,"ch":25,"sticky":"after"},"to":{"line":4,"ch":26,"sticky":null},"text":[""],"removed":["2"],"origin":"+delete"}
2019-4-13 22:36:00.570#keyHandled#"Backspace"
2019-4-13 22:36:00.603#change#{"from":{"line":4,"ch":24,"sticky":"after"},"to":{"line":4,"ch":25,"sticky":null},"text":[""],"removed":["n"],"origin":"+delete"}
2019-4-13 22:36:00.603#keyHandled#"Backspace"
2019-4-13 22:36:00.637#change#{"from":{"line":4,"ch":23,"sticky":"after"},"to":{"line":4,"ch":24,"sticky":null},"text":[""],"removed":[" "],"origin":"+delete"}
2019-4-13 22:36:00.637#keyHandled#"Backspace"
2019-4-13 22:36:00.670#change#{"from":{"line":4,"ch":22,"sticky":"after"},"to":{"line":4,"ch":23,"sticky":null},"text":[""],"removed":["-"],"origin":"+delete"}
2019-4-13 22:36:00.670#keyHandled#"Backspace"
2019-4-13 22:36:00.702#change#{"from":{"line":4,"ch":21,"sticky":"after"},"to":{"line":4,"ch":22,"sticky":null},"text":[""],"removed":[" "],"origin":"+delete"}
2019-4-13 22:36:00.702#keyHandled#"Backspace"
2019-4-13 22:36:01.069#change#{"from":{"line":4,"ch":20,"sticky":"after"},"to":{"line":4,"ch":21,"sticky":null},"text":[""],"removed":["1"],"origin":"+delete"}
2019-4-13 22:36:01.069#keyHandled#"Backspace"
2019-4-13 22:36:01.570#change#{"from":{"line":4,"ch":19,"sticky":"after"},"to":{"line":4,"ch":20,"sticky":null},"text":[""],"removed":["n"],"origin":"+delete"}
2019-4-13 22:36:01.570#keyHandled#"Backspace"
2019-4-13 22:36:01.602#change#{"from":{"line":4,"ch":18,"sticky":"after"},"to":{"line":4,"ch":19,"sticky":null},"text":[""],"removed":["("],"origin":"+delete"}
2019-4-13 22:36:01.602#keyHandled#"Backspace"
2019-4-13 22:36:01.637#change#{"from":{"line":4,"ch":17,"sticky":"after"},"to":{"line":4,"ch":18,"sticky":null},"text":[""],"removed":["s"],"origin":"+delete"}
2019-4-13 22:36:01.637#keyHandled#"Backspace"
2019-4-13 22:36:01.674#change#{"from":{"line":4,"ch":16,"sticky":"after"},"to":{"line":4,"ch":17,"sticky":null},"text":[""],"removed":["b"],"origin":"+delete"}
2019-4-13 22:36:01.674#keyHandled#"Backspace"
2019-4-13 22:36:01.707#change#{"from":{"line":4,"ch":15,"sticky":"after"},"to":{"line":4,"ch":16,"sticky":null},"text":[""],"removed":["a"],"origin":"+delete"}
2019-4-13 22:36:01.707#keyHandled#"Backspace"
2019-4-13 22:36:01.737#change#{"from":{"line":4,"ch":14,"sticky":"after"},"to":{"line":4,"ch":15,"sticky":null},"text":[""],"removed":[" "],"origin":"+delete"}
2019-4-13 22:36:01.737#keyHandled#"Backspace"
2019-4-13 22:36:01.768#change#{"from":{"line":4,"ch":13,"sticky":"after"},"to":{"line":4,"ch":14,"sticky":null},"text":[""],"removed":["-"],"origin":"+delete"}
2019-4-13 22:36:01.768#keyHandled#"Backspace"
2019-4-13 22:36:01.802#change#{"from":{"line":4,"ch":12,"sticky":"after"},"to":{"line":4,"ch":13,"sticky":null},"text":[""],"removed":[" "],"origin":"+delete"}
2019-4-13 22:36:01.802#keyHandled#"Backspace"
2019-4-13 22:36:01.835#change#{"from":{"line":4,"ch":11,"sticky":"after"},"to":{"line":4,"ch":12,"sticky":null},"text":[""],"removed":["2"],"origin":"+delete"}
2019-4-13 22:36:01.835#keyHandled#"Backspace"
2019-4-13 22:36:01.866#change#{"from":{"line":4,"ch":10,"sticky":"after"},"to":{"line":4,"ch":11,"sticky":null},"text":[""],"removed":["n"],"origin":"+delete"}
2019-4-13 22:36:01.866#keyHandled#"Backspace"
2019-4-13 22:36:01.899#change#{"from":{"line":4,"ch":9,"sticky":"after"},"to":{"line":4,"ch":10,"sticky":null},"text":[""],"removed":[" "],"origin":"+delete"}
2019-4-13 22:36:01.899#keyHandled#"Backspace"
2019-4-13 22:36:01.933#change#{"from":{"line":4,"ch":8,"sticky":"after"},"to":{"line":4,"ch":9,"sticky":null},"text":[""],"removed":["+"],"origin":"+delete"}
2019-4-13 22:36:01.933#keyHandled#"Backspace"
2019-4-13 22:36:01.965#change#{"from":{"line":4,"ch":7,"sticky":"after"},"to":{"line":4,"ch":8,"sticky":null},"text":[""],"removed":[" "],"origin":"+delete"}
2019-4-13 22:36:01.965#keyHandled#"Backspace"
2019-4-13 22:36:01.998#change#{"from":{"line":4,"ch":6,"sticky":"after"},"to":{"line":4,"ch":7,"sticky":null},"text":[""],"removed":["1"],"origin":"+delete"}
2019-4-13 22:36:01.998#keyHandled#"Backspace"
2019-4-13 22:36:02.031#change#{"from":{"line":4,"ch":5,"sticky":"after"},"to":{"line":4,"ch":6,"sticky":null},"text":[""],"removed":["n"],"origin":"+delete"}
2019-4-13 22:36:02.031#keyHandled#"Backspace"
2019-4-13 22:36:02.065#change#{"from":{"line":4,"ch":4,"sticky":"after"},"to":{"line":4,"ch":5,"sticky":null},"text":[""],"removed":["("],"origin":"+delete"}
2019-4-13 22:36:02.065#keyHandled#"Backspace"
2019-4-13 22:36:02.097#change#{"from":{"line":4,"ch":3,"sticky":"after"},"to":{"line":4,"ch":4,"sticky":null},"text":[""],"removed":[" "],"origin":"+delete"}
2019-4-13 22:36:02.097#keyHandled#"Backspace"
2019-4-13 22:36:02.130#change#{"from":{"line":4,"ch":2,"sticky":"after"},"to":{"line":4,"ch":3,"sticky":null},"text":[""],"removed":["="],"origin":"+delete"}
2019-4-13 22:36:02.130#keyHandled#"Backspace"
2019-4-13 22:36:02.162#change#{"from":{"line":4,"ch":1,"sticky":"after"},"to":{"line":4,"ch":2,"sticky":null},"text":[""],"removed":[" "],"origin":"+delete"}
2019-4-13 22:36:02.162#keyHandled#"Backspace"
2019-4-13 22:36:02.195#change#{"from":{"line":4,"ch":0,"sticky":"after"},"to":{"line":4,"ch":1,"sticky":null},"text":[""],"removed":["m"],"origin":"+delete"}
2019-4-13 22:36:02.195#keyHandled#"Backspace"
2019-4-13 22:36:02.229#change#{"from":{"line":3,"ch":0,"sticky":"before"},"to":{"line":4,"ch":0,"sticky":null},"text":[""],"removed":["",""],"origin":"+delete"}
2019-4-13 22:36:02.229#keyHandled#"Backspace"
2019-4-13 22:36:02.232#viewportChange#0
2019-4-13 22:36:02.262#change#{"from":{"line":2,"ch":26,"sticky":"before"},"to":{"line":3,"ch":0,"sticky":null},"text":[""],"removed":["",""],"origin":"+delete"}
2019-4-13 22:36:02.262#keyHandled#"Backspace"
2019-4-13 22:36:02.264#viewportChange#0
2019-4-13 22:36:02.295#change#{"from":{"line":2,"ch":25,"sticky":"after"},"to":{"line":2,"ch":26,"sticky":null},"text":[""],"removed":[")"],"origin":"+delete"}
2019-4-13 22:36:02.295#keyHandled#"Backspace"
2019-4-13 22:36:02.328#change#{"from":{"line":2,"ch":24,"sticky":"after"},"to":{"line":2,"ch":25,"sticky":null},"text":[""],"removed":[")"],"origin":"+delete"}
2019-4-13 22:36:02.328#keyHandled#"Backspace"
2019-4-13 22:36:05.144#change#{"from":{"line":2,"ch":24,"sticky":null},"to":{"line":2,"ch":24,"sticky":null},"text":[")"],"removed":[""],"origin":"+input"}
2019-4-13 22:36:05.422#change#{"from":{"line":2,"ch":25,"sticky":null},"to":{"line":2,"ch":25,"sticky":null},"text":[")"],"removed":[""],"origin":"+input"}
2019-4-13 22:36:10.021#keyHandled#"Up"
2019-4-13 22:36:10.646#keyHandled#"Left"
2019-4-13 22:36:11.288#change#{"from":{"line":1,"ch":23,"sticky":"after"},"to":{"line":1,"ch":23,"sticky":"after"},"text":[" "],"removed":[""],"origin":"+input"}
2019-4-13 22:36:11.622#keyHandled#"Up"
2019-4-13 22:36:11.957#keyHandled#"Left"
2019-4-13 22:36:12.214#change#{"from":{"line":0,"ch":23,"sticky":"after"},"to":{"line":0,"ch":23,"sticky":"after"},"text":[" "],"removed":[""],"origin":"+input"}
