== SUBMITION (2019-06-26 12:52:31) 
-- CODE:
from numpy import*

m = array(eval(input()))

for i in range(shape(m)[0]):
	print(max(m[i,:]))
-- EXECUTION TIME:
0.883705
-- TEST CASE 1:
---- input:
[[8.9,7.3,5.2,7.7],[10.0,5.6,8.8,9.5],[3.2,5.6,7.8,8.7]]
---- correct output:
4.67
---- user output:
8.9
10.0
8.7
-- GRADE:
0%
*-*-*-*-*-*-*-*-*-*-*-*-*-*-*-*-*-*-*-*-*-*-*-*
== TEST (2019-06-26 12:52:37) 
-- CODE:
from numpy import*

m = array(eval(input()))

for i in range(shape(m)[0]):
	print(min(m[i,:]))
-- ERROR:
Traceback (most recent call last):
  File "XXXX", line 1, in <module>
    from numpy import*
ModuleNotFoundError: No module named 'numpy'
*-*-*-*-*-*-*-*-*-*-*-*-*-*-*-*-*-*-*-*-*-*-*-*
== TEST (2019-06-26 12:58:01) 
-- CODE:
from numpy import*

m = array(eval(input()))

for i in range(shape(m)[0]):
	p=(min(m[i,:]))
	print(sum(p)/size(p))
	
-- ERROR:
Traceback (most recent call last):
  File "XXXX", line 1, in <module>
    from numpy import*
ModuleNotFoundError: No module named 'numpy'
*-*-*-*-*-*-*-*-*-*-*-*-*-*-*-*-*-*-*-*-*-*-*-*
== TEST (2019-06-26 12:58:21) 
-- CODE:
from numpy import*

m = array(eval(input()))

for i in range(shape(m)[0]):
	p=(min(m[i,:]))
print(sum(p)/size(p))
	
-- ERROR:
Traceback (most recent call last):
  File "XXXX", line 1, in <module>
    from numpy import*
ModuleNotFoundError: No module named 'numpy'
*-*-*-*-*-*-*-*-*-*-*-*-*-*-*-*-*-*-*-*-*-*-*-*
== TEST (2019-06-26 12:59:09) 
-- CODE:
from numpy import*

m = array(eval(input()))

for i in range(shape(m)[0]):
	p=(min(m[i,:]))
print(sum(p)/size(p))
	
-- ERROR:
Traceback (most recent call last):
  File "XXXX", line 1, in <module>
    from numpy import*
ModuleNotFoundError: No module named 'numpy'
*-*-*-*-*-*-*-*-*-*-*-*-*-*-*-*-*-*-*-*-*-*-*-*
== TEST (2019-06-26 13:00:30) 
-- CODE:
from numpy import*

m = array(eval(input()))

for i in range(shape(m)[0]):
	p=(min(m[i,:]))
	print(sum(p) / size(p))
	
-- ERROR:
Traceback (most recent call last):
  File "XXXX", line 1, in <module>
    from numpy import*
ModuleNotFoundError: No module named 'numpy'
*-*-*-*-*-*-*-*-*-*-*-*-*-*-*-*-*-*-*-*-*-*-*-*
== TEST (2019-06-26 13:00:52) 
-- CODE:
from numpy import*

m = array(eval(input()))

for i in range(shape(m)[0]):
	p=(min(m[i,:]))
print(sum(p) / size(p))
	
-- ERROR:
Traceback (most recent call last):
  File "XXXX", line 1, in <module>
    from numpy import*
ModuleNotFoundError: No module named 'numpy'
*-*-*-*-*-*-*-*-*-*-*-*-*-*-*-*-*-*-*-*-*-*-*-*
== SUBMITION (2019-06-26 13:01:00) 
-- CODE:
from numpy import*

m = array(eval(input()))

for i in range(shape(m)[0]):
	p=(min(m[i,:]))
print(sum(p) / size(p))
	
-- EXECUTION TIME:
1.15879
-- TEST CASE 1:
---- input:
[[8.9,7.3,5.2,7.7],[10.0,5.6,8.8,9.5],[3.2,5.6,7.8,8.7]]
---- correct output:
4.67
---- user output:
3.2
-- GRADE:
0%
*-*-*-*-*-*-*-*-*-*-*-*-*-*-*-*-*-*-*-*-*-*-*-*
== TEST (2019-06-26 13:01:50) 
-- CODE:
from numpy import*

m = array(eval(input()))

for i in range(shape(m)[0]):
	print(min(m[i,:]))
	
-- ERROR:
Traceback (most recent call last):
  File "XXXX", line 1, in <module>
    from numpy import*
ModuleNotFoundError: No module named 'numpy'
*-*-*-*-*-*-*-*-*-*-*-*-*-*-*-*-*-*-*-*-*-*-*-*
== TEST (2019-06-26 13:03:12) 
-- CODE:
from numpy import*

m = array(eval(input()))
h=0
for i in range(shape(m)[0]):
	h+= (min(m[i,:]))
print(h/size(m))
	
	
-- ERROR:
Traceback (most recent call last):
  File "XXXX", line 1, in <module>
    from numpy import*
ModuleNotFoundError: No module named 'numpy'
*-*-*-*-*-*-*-*-*-*-*-*-*-*-*-*-*-*-*-*-*-*-*-*
== TEST (2019-06-26 13:04:01) 
-- CODE:
from numpy import*

m = array(eval(input()))
h=0
for i in range(shape(m)[0]):
	h+= (min(m[i,:]))
print(h/size(h))
	
	
-- ERROR:
Traceback (most recent call last):
  File "XXXX", line 1, in <module>
    from numpy import*
ModuleNotFoundError: No module named 'numpy'
*-*-*-*-*-*-*-*-*-*-*-*-*-*-*-*-*-*-*-*-*-*-*-*
== TEST (2019-06-26 13:04:18) 
-- CODE:
from numpy import*

m = array(eval(input()))
h=0
for i in range(shape(m)[0]):
	h+= (min(m[i,:]))
print(h)
	
	
-- ERROR:
Traceback (most recent call last):
  File "XXXX", line 1, in <module>
    from numpy import*
ModuleNotFoundError: No module named 'numpy'
*-*-*-*-*-*-*-*-*-*-*-*-*-*-*-*-*-*-*-*-*-*-*-*
== TEST (2019-06-26 13:04:51) 
-- CODE:
from numpy import*

m = array(eval(input()))

for i in range(shape(m)[0]):
	print (min(m[i,:]))

	
	
-- ERROR:
Traceback (most recent call last):
  File "XXXX", line 1, in <module>
    from numpy import*
ModuleNotFoundError: No module named 'numpy'
*-*-*-*-*-*-*-*-*-*-*-*-*-*-*-*-*-*-*-*-*-*-*-*
== TEST (2019-06-26 13:06:27) 
-- CODE:
from numpy import*

m = array(eval(input()))
h=0
for i in range(shape(m)[0]):
	h+=(min(m[i,:]))
print(h/shape(h)[0])
	
	
-- ERROR:
Traceback (most recent call last):
  File "XXXX", line 1, in <module>
    from numpy import*
ModuleNotFoundError: No module named 'numpy'
*-*-*-*-*-*-*-*-*-*-*-*-*-*-*-*-*-*-*-*-*-*-*-*
== TEST (2019-06-26 13:06:35) 
-- CODE:
from numpy import*

m = array(eval(input()))
h=0
for i in range(shape(m)[0]):
	h+=(min(m[i,:]))
print(h/shape(h))
	
	
-- ERROR:
Traceback (most recent call last):
  File "XXXX", line 1, in <module>
    from numpy import*
ModuleNotFoundError: No module named 'numpy'
*-*-*-*-*-*-*-*-*-*-*-*-*-*-*-*-*-*-*-*-*-*-*-*
== TEST (2019-06-26 13:06:40) 
-- CODE:
from numpy import*

m = array(eval(input()))
h=0
for i in range(shape(m)[0]):
	h+=(min(m[i,:]))
print(h/shape(h))
	
	
-- ERROR:
Traceback (most recent call last):
  File "XXXX", line 1, in <module>
    from numpy import*
ModuleNotFoundError: No module named 'numpy'
*-*-*-*-*-*-*-*-*-*-*-*-*-*-*-*-*-*-*-*-*-*-*-*
== TEST (2019-06-26 13:07:23) 
-- CODE:
from numpy import*

m = array(eval(input()))
h=0
for i in range(shape(m)[0]):
	h+=(min(m[i,:]))
print(h/shape(m)[0])
	
	
-- ERROR:
Traceback (most recent call last):
  File "XXXX", line 1, in <module>
    from numpy import*
ModuleNotFoundError: No module named 'numpy'
*-*-*-*-*-*-*-*-*-*-*-*-*-*-*-*-*-*-*-*-*-*-*-*
== TEST (2019-06-26 13:07:37) 
-- CODE:
from numpy import*

m = array(eval(input()))
h=0
for i in range(shape(m)[0]):
	h+=(min(m[i,:]))
print(h/shape(h)[0])
	
	
-- ERROR:
Traceback (most recent call last):
  File "XXXX", line 1, in <module>
    from numpy import*
ModuleNotFoundError: No module named 'numpy'
*-*-*-*-*-*-*-*-*-*-*-*-*-*-*-*-*-*-*-*-*-*-*-*
== TEST (2019-06-26 13:08:17) 
-- CODE:
from numpy import*

m = array(eval(input()))
#h=0
for i in range(shape(m)[0]):
	h=(min(m[i,:]))
print(h)
	
	
-- ERROR:
Traceback (most recent call last):
  File "XXXX", line 1, in <module>
    from numpy import*
ModuleNotFoundError: No module named 'numpy'
*-*-*-*-*-*-*-*-*-*-*-*-*-*-*-*-*-*-*-*-*-*-*-*
== TEST (2019-06-26 13:08:36) 
-- CODE:
from numpy import*

m = array(eval(input()))
#h=0
for i in range(shape(m)[0]):
	print(min(m[i,:]))

	
	
-- ERROR:
Traceback (most recent call last):
  File "XXXX", line 1, in <module>
    from numpy import*
ModuleNotFoundError: No module named 'numpy'
*-*-*-*-*-*-*-*-*-*-*-*-*-*-*-*-*-*-*-*-*-*-*-*
== TEST (2019-06-26 13:09:03) 
-- CODE:
from numpy import*

m = array(eval(input()))
h=0
for i in range(shape(m)[0]):
	h+=(min(m[i,:]))
print(h)
	
	
-- ERROR:
Traceback (most recent call last):
  File "XXXX", line 1, in <module>
    from numpy import*
ModuleNotFoundError: No module named 'numpy'
*-*-*-*-*-*-*-*-*-*-*-*-*-*-*-*-*-*-*-*-*-*-*-*
== TEST (2019-06-26 13:09:30) 
-- CODE:
from numpy import*

m = array(eval(input()))
h=0
c=0
for i in range(shape(m)[0]):
	h+=(min(m[i,:]))
	c+=1
print(h/c)
	
	
-- ERROR:
Traceback (most recent call last):
  File "XXXX", line 1, in <module>
    from numpy import*
ModuleNotFoundError: No module named 'numpy'
*-*-*-*-*-*-*-*-*-*-*-*-*-*-*-*-*-*-*-*-*-*-*-*
== TEST (2019-06-26 13:10:00) 
-- CODE:
from numpy import*

m = array(eval(input()))
h=0
c=0
for i in range(shape(m)[0]):
	h+=(min(m[i,:]))
	c+=1
print(round(h/c),2)
	
	
-- ERROR:
Traceback (most recent call last):
  File "XXXX", line 1, in <module>
    from numpy import*
ModuleNotFoundError: No module named 'numpy'
*-*-*-*-*-*-*-*-*-*-*-*-*-*-*-*-*-*-*-*-*-*-*-*
== TEST (2019-06-26 13:10:25) 
-- CODE:
from numpy import*

m = array(eval(input()))
h=0
c=0
for i in range(shape(m)[0]):
	h+=(min(m[i,:]))
	c+=1
print(round((h/c),2))
	
	
-- ERROR:
Traceback (most recent call last):
  File "XXXX", line 1, in <module>
    from numpy import*
ModuleNotFoundError: No module named 'numpy'
*-*-*-*-*-*-*-*-*-*-*-*-*-*-*-*-*-*-*-*-*-*-*-*
== SUBMITION (2019-06-26 13:10:31) 
-- CODE:
from numpy import*

m = array(eval(input()))
h=0
c=0
for i in range(shape(m)[0]):
	h+=(min(m[i,:]))
	c+=1
print(round((h/c),2))
	
	
-- EXECUTION TIME:
0.874789
-- TEST CASE 1:
---- input:
[[8.9,7.3,5.2,7.7],[10.0,5.6,8.8,9.5],[3.2,5.6,7.8,8.7]]
---- correct output:
4.67
---- user output:
4.67
-- GRADE:
100%
*-*-*-*-*-*-*-*-*-*-*-*-*-*-*-*-*-*-*-*-*-*-*-*
