== SUBMITION (2019-04-16 18:21:39) 
-- CODE:
posicao=(float(input("posicao   ")))
velocidade=float(input("velocidae   "))
deslocamento=float(input("deslocamento   "))
x=posicao+velocidade*deslocamento
a=1000
if(x>a):
	print(round(x,2))
	print("Sim")
else:
	print(round(x,2))
	print("Nao")


-- EXECUTION TIME:
0.181552
-- TEST CASE 1:
---- input:
2
25
120
---- correct output:
3002
Sim
---- user output:
posicao   velocidae   deslocamento   3002.0
Sim
-- TEST CASE 2:
---- input:
1
39
109
---- correct output:
4252
Sim
---- user output:
posicao   velocidae   deslocamento   4252.0
Sim
-- TEST CASE 3:
---- input:
5
50
15
---- correct output:
755
Nao
---- user output:
posicao   velocidae   deslocamento   755.0
Nao
-- GRADE:
0%
*-*-*-*-*-*-*-*-*-*-*-*-*-*-*-*-*-*-*-*-*-*-*-*
== TEST (2019-04-16 18:21:41) 
-- CODE:
posicao=(float(input("posicao   ")))
velocidade=float(input("velocidae   "))
deslocamento=float(input("deslocamento   "))
x=posicao+velocidade*deslocamento
a=1000
if(x>a):
	print(round(x,2))
	print("Sim")
else:
	print(round(x,2))
	print("Nao")


-- OUTPUT:
3002.0
Sim
*-*-*-*-*-*-*-*-*-*-*-*-*-*-*-*-*-*-*-*-*-*-*-*
== SUBMITION (2019-04-16 18:22:25) 
-- CODE:
posicao=(float(input("posicao   ")))
velocidade=float(input("velocidae   "))
deslocamento=float(input("deslocamento   "))
x=posicao+velocidade*deslocamento
a=1000
if(x>a):
	print(x)
	print("Sim")
else:
	print(x)
	print("Nao")


-- EXECUTION TIME:
0.122462
-- TEST CASE 1:
---- input:
2
25
120
---- correct output:
3002
Sim
---- user output:
3002.0
Sim
-- TEST CASE 2:
---- input:
1
39
109
---- correct output:
4252
Sim
---- user output:
4252.0
Sim
-- TEST CASE 3:
---- input:
5
50
15
---- correct output:
755
Nao
---- user output:
755.0
Nao
-- GRADE:
0%
*-*-*-*-*-*-*-*-*-*-*-*-*-*-*-*-*-*-*-*-*-*-*-*
== TEST (2019-04-16 18:22:29) 
-- CODE:
posicao=(float(input("posicao   ")))
velocidade=float(input("velocidae   "))
deslocamento=float(input("deslocamento   "))
x=posicao+velocidade*deslocamento
a=1000
if(x>a):
	print(x)
	print("Sim")
else:
	print(x)
	print("Nao")


-- OUTPUT:
3002.0
Sim
*-*-*-*-*-*-*-*-*-*-*-*-*-*-*-*-*-*-*-*-*-*-*-*
== SUBMITION (2019-04-16 18:23:03) 
-- CODE:
posicao=(float(input("posicao   ")))
velocidade=float(input("velocidae   "))
deslocamento=float(input("deslocamento   "))
x=posicao+velocidade*deslocamento
a=1000
if(x>a):
	print(x)
	print("Sim")
else:
	print(x)
	print("Nao")


-- EXECUTION TIME:
0.176923
-- TEST CASE 1:
---- input:
2
25
120
---- correct output:
3002
Sim
---- user output:
3002.0
Sim
-- TEST CASE 2:
---- input:
1
39
109
---- correct output:
4252
Sim
---- user output:
4252.0
Sim
-- TEST CASE 3:
---- input:
5
50
15
---- correct output:
755
Nao
---- user output:
755.0
Nao
-- GRADE:
0%
*-*-*-*-*-*-*-*-*-*-*-*-*-*-*-*-*-*-*-*-*-*-*-*
== SUBMITION (2019-04-16 18:23:29) 
-- CODE:
posicao=(float(input("posicao   ")))
velocidade=int(input("velocidae   "))
deslocamento=int(input("deslocamento   "))
x=posicao+velocidade*deslocamento
a=1000
if(x>a):
	print(x)
	print("Sim")
else:
	print(x)
	print("Nao")


-- EXECUTION TIME:
0.194088
-- TEST CASE 1:
---- input:
2
25
120
---- correct output:
3002
Sim
---- user output:
posicao   velocidae   deslocamento   3002.0
Sim
-- TEST CASE 2:
---- input:
1
39
109
---- correct output:
4252
Sim
---- user output:
posicao   velocidae   deslocamento   4252.0
Sim
-- TEST CASE 3:
---- input:
5
50
15
---- correct output:
755
Nao
---- user output:
posicao   velocidae   deslocamento   755.0
Nao
-- GRADE:
0%
*-*-*-*-*-*-*-*-*-*-*-*-*-*-*-*-*-*-*-*-*-*-*-*
== TEST (2019-04-16 18:23:32) 
-- CODE:
posicao=(float(input("posicao   ")))
velocidade=int(input("velocidae   "))
deslocamento=int(input("deslocamento   "))
x=posicao+velocidade*deslocamento
a=1000
if(x>a):
	print(x)
	print("Sim")
else:
	print(x)
	print("Nao")


-- OUTPUT:
3002.0
Sim
*-*-*-*-*-*-*-*-*-*-*-*-*-*-*-*-*-*-*-*-*-*-*-*
== SUBMITION (2019-04-16 18:23:46) 
-- CODE:
posicao=(int(input("posicao   ")))
velocidade=int(input("velocidae   "))
deslocamento=int(input("deslocamento   "))
x=posicao+velocidade*deslocamento
a=1000
if(x>a):
	print(x)
	print("Sim")
else:
	print(x)
	print("Nao")


-- EXECUTION TIME:
0.297358
-- TEST CASE 1:
---- input:
2
25
120
---- correct output:
3002
Sim
---- user output:
3002
Sim
-- TEST CASE 2:
---- input:
1
39
109
---- correct output:
4252
Sim
---- user output:
4252
Sim
-- TEST CASE 3:
---- input:
5
50
15
---- correct output:
755
Nao
---- user output:
755
Nao
-- GRADE:
100%
*-*-*-*-*-*-*-*-*-*-*-*-*-*-*-*-*-*-*-*-*-*-*-*
== SUBMITION (2019-04-16 18:47:56) 
-- CODE:
posicao=int(input("posicao   "))
velocidade=int(input("velocidae   "))
deslocamento=int(input("deslocamento   "))
x=posicao+velocidade*deslocamento
a=1000
if(x>a):
	print(x)
	print("Sim")
else:
	print(x)
	print("Nao")


-- EXECUTION TIME:
0.143827
-- TEST CASE 1:
---- input:
2
25
120
---- correct output:
3002
Sim
---- user output:
3002
Sim
-- TEST CASE 2:
---- input:
1
39
109
---- correct output:
4252
Sim
---- user output:
4252
Sim
-- TEST CASE 3:
---- input:
5
50
15
---- correct output:
755
Nao
---- user output:
755
Nao
-- GRADE:
100%
*-*-*-*-*-*-*-*-*-*-*-*-*-*-*-*-*-*-*-*-*-*-*-*
