== TEST (2019-04-28 14:57:31) 
-- CODE:
# Teste seu código aos poucos. Não teste tudo no final, pois fica mais difícil de identificar erros.
# Ao testar sua solução, não se limite ao caso de exemplo. Teste as diversas possibilidades de saída
a=input("qual a resposta:")
b=input("qual a resposta:")
c=input("qual a resposta:")
d=input("gabarito:")
e=input("gabarito:")
f=input("gabarito:")
if((a==d) and (b==e) and (c==f)):
	print(3)
elif(((b==e)and(c==f))or((a==d)and(b==e))or((a==d)and(c==f))):
	print(2)
elif(((a!=d)and(b!=e)and(c==f)) or ((a==d)and(b!=e)and(c!=f)) or((a!=d)and(b==e)and(c!=f))):
	print(1)
else:
	print(0)
-- OUTPUT:
Salario liquido=R$ 1135.8
*-*-*-*-*-*-*-*-*-*-*-*-*-*-*-*-*-*-*-*-*-*-*-*
== SUBMITION (2019-04-28 14:57:45) 
-- CODE:
# Teste seu código aos poucos. Não teste tudo no final, pois fica mais difícil de identificar erros.
# Ao testar sua solução, não se limite ao caso de exemplo. Teste as diversas possibilidades de saída
a=input("qual a resposta:")
b=input("qual a resposta:")
c=input("qual a resposta:")
d=input("gabarito:")
e=input("gabarito:")
f=input("gabarito:")
if((a==d) and (b==e) and (c==f)):
	print(3)
elif(((b==e)and(c==f))or((a==d)and(b==e))or((a==d)and(c==f))):
	print(2)
elif(((a!=d)and(b!=e)and(c==f)) or ((a==d)and(b!=e)and(c!=f)) or((a!=d)and(b==e)and(c!=f))):
	print(1)
else:
	print(0)
-- EXECUTION TIME:
0.17216
-- TEST CASE 1:
---- input:
a
b
c
d
e
a
---- correct output:
0
---- user output:
0
-- TEST CASE 2:
---- input:
a
b
c
a
b
c
---- correct output:
3
---- user output:
3
-- TEST CASE 3:
---- input:
c
d
e
c
d
c
---- correct output:
2
---- user output:
2
-- GRADE:
100%
*-*-*-*-*-*-*-*-*-*-*-*-*-*-*-*-*-*-*-*-*-*-*-*
