2019-5-20 10:51:16.142#viewportChange#0
2019-5-20 10:51:23.141#mousedown#{"isTrusted":true}
2019-5-20 10:51:23.149#focus#
2019-5-20 10:51:30.428#change#{"from":{"line":0,"ch":0,"sticky":"after","xRel":29.09375},"to":{"line":0,"ch":0,"sticky":"after","xRel":29.09375},"text":["a"],"removed":[""],"origin":"+input"}
2019-5-20 10:51:34.071#change#{"from":{"line":0,"ch":1,"sticky":null},"to":{"line":0,"ch":1,"sticky":null},"text":[" "],"removed":[""],"origin":"+input"}
2019-5-20 10:51:34.301#change#{"from":{"line":0,"ch":2,"sticky":null},"to":{"line":0,"ch":2,"sticky":null},"text":["="],"removed":[""],"origin":"+input"}
2019-5-20 10:51:34.466#change#{"from":{"line":0,"ch":3,"sticky":null},"to":{"line":0,"ch":3,"sticky":null},"text":[" "],"removed":[""],"origin":"+input"}
2019-5-20 10:51:37.017#change#{"from":{"line":0,"ch":4,"sticky":null},"to":{"line":0,"ch":4,"sticky":null},"text":["i"],"removed":[""],"origin":"+input"}
2019-5-20 10:51:37.266#change#{"from":{"line":0,"ch":5,"sticky":null},"to":{"line":0,"ch":5,"sticky":null},"text":["n"],"removed":[""],"origin":"+input"}
2019-5-20 10:51:38.117#change#{"from":{"line":0,"ch":5,"sticky":"after"},"to":{"line":0,"ch":6,"sticky":null},"text":[""],"removed":["n"],"origin":"+delete"}
2019-5-20 10:51:38.117#keyHandled#"Backspace"
2019-5-20 10:51:38.355#change#{"from":{"line":0,"ch":4,"sticky":"after"},"to":{"line":0,"ch":5,"sticky":null},"text":[""],"removed":["i"],"origin":"+delete"}
2019-5-20 10:51:38.355#keyHandled#"Backspace"
2019-5-20 10:51:40.594#change#{"from":{"line":0,"ch":4,"sticky":null},"to":{"line":0,"ch":4,"sticky":null},"text":["i"],"removed":[""],"origin":"+input"}
2019-5-20 10:51:40.829#change#{"from":{"line":0,"ch":5,"sticky":null},"to":{"line":0,"ch":5,"sticky":null},"text":["n"],"removed":[""],"origin":"+input"}
2019-5-20 10:51:41.110#change#{"from":{"line":0,"ch":6,"sticky":null},"to":{"line":0,"ch":6,"sticky":null},"text":["t"],"removed":[""],"origin":"+input"}
2019-5-20 10:51:41.937#change#{"from":{"line":0,"ch":7,"sticky":null},"to":{"line":0,"ch":7,"sticky":null},"text":["()"],"removed":[""],"origin":"+input"}
2019-5-20 10:51:41.937#keyHandled#"'('"
2019-5-20 10:51:43.412#change#{"from":{"line":0,"ch":8,"sticky":"after"},"to":{"line":0,"ch":8,"sticky":"after"},"text":["i"],"removed":[""],"origin":"+input"}
2019-5-20 10:51:43.692#change#{"from":{"line":0,"ch":9,"sticky":null},"to":{"line":0,"ch":9,"sticky":null},"text":["n"],"removed":[""],"origin":"+input"}
2019-5-20 10:51:44.144#change#{"from":{"line":0,"ch":10,"sticky":null},"to":{"line":0,"ch":10,"sticky":null},"text":["p"],"removed":[""],"origin":"+input"}
2019-5-20 10:51:44.411#change#{"from":{"line":0,"ch":11,"sticky":null},"to":{"line":0,"ch":11,"sticky":null},"text":["u"],"removed":[""],"origin":"+input"}
2019-5-20 10:51:45.181#change#{"from":{"line":0,"ch":12,"sticky":null},"to":{"line":0,"ch":12,"sticky":null},"text":["t"],"removed":[""],"origin":"+input"}
2019-5-20 10:51:45.574#change#{"from":{"line":0,"ch":13,"sticky":null},"to":{"line":0,"ch":13,"sticky":null},"text":["()"],"removed":[""],"origin":"+input"}
2019-5-20 10:51:45.574#keyHandled#"'('"
2019-5-20 10:51:46.442#change#{"from":{"line":0,"ch":14,"sticky":"after"},"to":{"line":0,"ch":14,"sticky":"after"},"text":["\"\""],"removed":[""],"origin":"+input"}
2019-5-20 10:51:46.442#keyHandled#"'\"'"
2019-5-20 10:51:47.340#change#{"from":{"line":0,"ch":15,"sticky":"after"},"to":{"line":0,"ch":15,"sticky":"after"},"text":["I"],"removed":[""],"origin":"+input"}
2019-5-20 10:51:47.651#change#{"from":{"line":0,"ch":16,"sticky":null},"to":{"line":0,"ch":16,"sticky":null},"text":["n"],"removed":[""],"origin":"+input"}
2019-5-20 10:51:48.009#change#{"from":{"line":0,"ch":17,"sticky":null},"to":{"line":0,"ch":17,"sticky":null},"text":["s"],"removed":[""],"origin":"+input"}
2019-5-20 10:51:48.116#change#{"from":{"line":0,"ch":18,"sticky":null},"to":{"line":0,"ch":18,"sticky":null},"text":["i"],"removed":[""],"origin":"+input"}
2019-5-20 10:51:48.431#change#{"from":{"line":0,"ch":19,"sticky":null},"to":{"line":0,"ch":19,"sticky":null},"text":["r"],"removed":[""],"origin":"+input"}
2019-5-20 10:51:48.572#change#{"from":{"line":0,"ch":20,"sticky":null},"to":{"line":0,"ch":20,"sticky":null},"text":["a"],"removed":[""],"origin":"+input"}
2019-5-20 10:51:48.812#change#{"from":{"line":0,"ch":21,"sticky":null},"to":{"line":0,"ch":21,"sticky":null},"text":[" "],"removed":[""],"origin":"+input"}
2019-5-20 10:51:49.084#change#{"from":{"line":0,"ch":22,"sticky":null},"to":{"line":0,"ch":22,"sticky":null},"text":["u"],"removed":[""],"origin":"+input"}
2019-5-20 10:51:49.355#change#{"from":{"line":0,"ch":23,"sticky":null},"to":{"line":0,"ch":23,"sticky":null},"text":["m"],"removed":[""],"origin":"+input"}
2019-5-20 10:51:49.577#change#{"from":{"line":0,"ch":24,"sticky":null},"to":{"line":0,"ch":24,"sticky":null},"text":[" "],"removed":[""],"origin":"+input"}
2019-5-20 10:51:49.805#change#{"from":{"line":0,"ch":25,"sticky":null},"to":{"line":0,"ch":25,"sticky":null},"text":["n"],"removed":[""],"origin":"+input"}
2019-5-20 10:51:50.012#change#{"from":{"line":0,"ch":26,"sticky":null},"to":{"line":0,"ch":26,"sticky":null},"text":["u"],"removed":[""],"origin":"+input"}
2019-5-20 10:51:50.243#change#{"from":{"line":0,"ch":27,"sticky":null},"to":{"line":0,"ch":27,"sticky":null},"text":["m"],"removed":[""],"origin":"+input"}
2019-5-20 10:51:50.372#change#{"from":{"line":0,"ch":28,"sticky":null},"to":{"line":0,"ch":28,"sticky":null},"text":["e"],"removed":[""],"origin":"+input"}
2019-5-20 10:51:50.600#change#{"from":{"line":0,"ch":29,"sticky":null},"to":{"line":0,"ch":29,"sticky":null},"text":["r"],"removed":[""],"origin":"+input"}
2019-5-20 10:51:50.702#change#{"from":{"line":0,"ch":30,"sticky":null},"to":{"line":0,"ch":30,"sticky":null},"text":["o"],"removed":[""],"origin":"+input"}
2019-5-20 10:51:50.907#change#{"from":{"line":0,"ch":31,"sticky":null},"to":{"line":0,"ch":31,"sticky":null},"text":[" "],"removed":[""],"origin":"+input"}
2019-5-20 10:51:51.358#change#{"from":{"line":0,"ch":32,"sticky":null},"to":{"line":0,"ch":32,"sticky":null},"text":["i"],"removed":[""],"origin":"+input"}
2019-5-20 10:51:51.541#change#{"from":{"line":0,"ch":33,"sticky":null},"to":{"line":0,"ch":33,"sticky":null},"text":["n"],"removed":[""],"origin":"+input"}
2019-5-20 10:51:51.870#change#{"from":{"line":0,"ch":34,"sticky":null},"to":{"line":0,"ch":34,"sticky":null},"text":["t"],"removed":[""],"origin":"+input"}
2019-5-20 10:51:52.105#change#{"from":{"line":0,"ch":35,"sticky":null},"to":{"line":0,"ch":35,"sticky":null},"text":["e"],"removed":[""],"origin":"+input"}
2019-5-20 10:51:52.395#change#{"from":{"line":0,"ch":36,"sticky":null},"to":{"line":0,"ch":36,"sticky":null},"text":["i"],"removed":[""],"origin":"+input"}
2019-5-20 10:51:52.597#change#{"from":{"line":0,"ch":37,"sticky":null},"to":{"line":0,"ch":37,"sticky":null},"text":["r"],"removed":[""],"origin":"+input"}
2019-5-20 10:51:52.861#change#{"from":{"line":0,"ch":38,"sticky":null},"to":{"line":0,"ch":38,"sticky":null},"text":["o"],"removed":[""],"origin":"+input"}
2019-5-20 10:51:53.857#change#{"from":{"line":0,"ch":39,"sticky":null},"to":{"line":0,"ch":39,"sticky":null},"text":[":"],"removed":[""],"origin":"+input"}
2019-5-20 10:51:54.136#change#{"from":{"line":0,"ch":40,"sticky":null},"to":{"line":0,"ch":40,"sticky":null},"text":[" "],"removed":[""],"origin":"+input"}
2019-5-20 10:52:00.737#mousedown#{"isTrusted":true}
2019-5-20 10:52:02.112#copy#{"isTrusted":true}
2019-5-20 10:52:03.034#change#{"from":{"line":0,"ch":0,"sticky":null,"xRel":-1,"outside":true},"to":{"line":0,"ch":44,"sticky":"before","xRel":2.5},"text":["",""],"removed":["a = int(input(\"Insira um numero inteiro: \"))"],"origin":"+input"}
2019-5-20 10:52:03.034#keyHandled#"Enter"
2019-5-20 10:52:03.045#viewportChange#0
2019-5-20 10:52:06.273#mousedown#{"isTrusted":true}
2019-5-20 10:52:07.033#change#{"from":{"line":0,"ch":0,"sticky":"after","xRel":7.09375},"to":{"line":0,"ch":0,"sticky":"after","xRel":7.09375},"text":["a = int(input(\"Insira um numero inteiro: \"))"],"removed":[""],"origin":"paste"}
2019-5-20 10:52:07.696#change#{"from":{"line":0,"ch":44,"sticky":null},"to":{"line":0,"ch":44,"sticky":null},"text":["",""],"removed":[""],"origin":"+input"}
2019-5-20 10:52:07.696#keyHandled#"Enter"
2019-5-20 10:52:07.707#viewportChange#0
2019-5-20 10:52:08.274#change#{"from":{"line":1,"ch":0,"sticky":null},"to":{"line":1,"ch":0,"sticky":null},"text":["a = int(input(\"Insira um numero inteiro: \"))"],"removed":[""],"origin":"paste"}
2019-5-20 10:52:09.785#mousedown#{"isTrusted":true}
2019-5-20 10:52:10.279#change#{"from":{"line":1,"ch":0,"sticky":"after"},"to":{"line":1,"ch":1,"sticky":"after","xRel":3.40625},"text":[""],"removed":["a"],"origin":"+delete"}
2019-5-20 10:52:10.279#keyHandled#"Backspace"
2019-5-20 10:52:10.683#change#{"from":{"line":1,"ch":0,"sticky":null},"to":{"line":1,"ch":0,"sticky":null},"text":["b"],"removed":[""],"origin":"+input"}
2019-5-20 10:52:12.369#mousedown#{"isTrusted":true}
2019-5-20 10:52:14.077#change#{"from":{"line":1,"ch":44,"sticky":"before","xRel":7.5},"to":{"line":1,"ch":44,"sticky":"before","xRel":7.5},"text":["",""],"removed":[""],"origin":"+input"}
2019-5-20 10:52:14.077#keyHandled#"Enter"
2019-5-20 10:52:14.089#viewportChange#0
2019-5-20 10:52:16.623#change#{"from":{"line":2,"ch":0,"sticky":null},"to":{"line":2,"ch":0,"sticky":null},"text":["i"],"removed":[""],"origin":"+input"}
2019-5-20 10:52:16.724#change#{"from":{"line":2,"ch":1,"sticky":null},"to":{"line":2,"ch":1,"sticky":null},"text":["d"],"removed":[""],"origin":"+input"}
2019-5-20 10:52:17.201#change#{"from":{"line":2,"ch":1,"sticky":"after"},"to":{"line":2,"ch":2,"sticky":null},"text":[""],"removed":["d"],"origin":"+delete"}
2019-5-20 10:52:17.201#keyHandled#"Backspace"
2019-5-20 10:52:17.378#change#{"from":{"line":2,"ch":1,"sticky":null},"to":{"line":2,"ch":1,"sticky":null},"text":["f"],"removed":[""],"origin":"+input"}
2019-5-20 10:52:18.093#change#{"from":{"line":2,"ch":2,"sticky":null},"to":{"line":2,"ch":2,"sticky":null},"text":["()"],"removed":[""],"origin":"+input"}
2019-5-20 10:52:18.093#keyHandled#"'('"
2019-5-20 10:52:55.795#change#{"from":{"line":2,"ch":3,"sticky":"after"},"to":{"line":2,"ch":3,"sticky":"after"},"text":["a"],"removed":[""],"origin":"+input"}
2019-5-20 10:52:57.110#change#{"from":{"line":2,"ch":4,"sticky":null},"to":{"line":2,"ch":4,"sticky":null},"text":["*"],"removed":[""],"origin":"+input"}
2019-5-20 10:52:58.370#change#{"from":{"line":2,"ch":5,"sticky":null},"to":{"line":2,"ch":5,"sticky":null},"text":["b"],"removed":[""],"origin":"+input"}
2019-5-20 10:53:01.478#change#{"from":{"line":2,"ch":6,"sticky":null},"to":{"line":2,"ch":6,"sticky":null},"text":[" "],"removed":[""],"origin":"+input"}
2019-5-20 10:53:01.756#change#{"from":{"line":2,"ch":7,"sticky":null},"to":{"line":2,"ch":7,"sticky":null},"text":["="],"removed":[""],"origin":"+input"}
2019-5-20 10:53:01.950#change#{"from":{"line":2,"ch":8,"sticky":null},"to":{"line":2,"ch":8,"sticky":null},"text":["="],"removed":[""],"origin":"+input"}
2019-5-20 10:53:02.118#change#{"from":{"line":2,"ch":9,"sticky":null},"to":{"line":2,"ch":9,"sticky":null},"text":[" "],"removed":[""],"origin":"+input"}
2019-5-20 10:53:03.683#mousedown#{"isTrusted":true}
2019-5-20 10:53:04.673#change#{"from":{"line":1,"ch":44,"sticky":"before","xRel":5.5},"to":{"line":1,"ch":44,"sticky":"before","xRel":5.5},"text":["",""],"removed":[""],"origin":"+input"}
2019-5-20 10:53:04.673#keyHandled#"Enter"
2019-5-20 10:53:04.686#viewportChange#0
2019-5-20 10:53:08.212#change#{"from":{"line":2,"ch":0,"sticky":null},"to":{"line":2,"ch":0,"sticky":null},"text":["p"],"removed":[""],"origin":"+input"}
2019-5-20 10:53:08.499#change#{"from":{"line":2,"ch":1,"sticky":null},"to":{"line":2,"ch":1,"sticky":null},"text":["a"],"removed":[""],"origin":"+input"}
2019-5-20 10:53:08.670#change#{"from":{"line":2,"ch":2,"sticky":null},"to":{"line":2,"ch":2,"sticky":null},"text":["r"],"removed":[""],"origin":"+input"}
2019-5-20 10:53:09.682#change#{"from":{"line":2,"ch":3,"sticky":null},"to":{"line":2,"ch":3,"sticky":null},"text":[" "],"removed":[""],"origin":"+input"}
2019-5-20 10:53:09.792#change#{"from":{"line":2,"ch":4,"sticky":null},"to":{"line":2,"ch":4,"sticky":null},"text":["="],"removed":[""],"origin":"+input"}
2019-5-20 10:53:09.929#change#{"from":{"line":2,"ch":5,"sticky":null},"to":{"line":2,"ch":5,"sticky":null},"text":[" "],"removed":[""],"origin":"+input"}
2019-5-20 10:53:42.434#change#{"from":{"line":2,"ch":5,"sticky":"after"},"to":{"line":2,"ch":6,"sticky":null},"text":[""],"removed":[" "],"origin":"+delete"}
2019-5-20 10:53:42.434#keyHandled#"Backspace"
2019-5-20 10:53:42.675#change#{"from":{"line":2,"ch":4,"sticky":"after"},"to":{"line":2,"ch":5,"sticky":null},"text":[""],"removed":["="],"origin":"+delete"}
2019-5-20 10:53:42.675#keyHandled#"Backspace"
2019-5-20 10:53:42.875#change#{"from":{"line":2,"ch":3,"sticky":"after"},"to":{"line":2,"ch":4,"sticky":null},"text":[""],"removed":[" "],"origin":"+delete"}
2019-5-20 10:53:42.875#keyHandled#"Backspace"
2019-5-20 10:53:43.423#change#{"from":{"line":2,"ch":2,"sticky":"after"},"to":{"line":2,"ch":3,"sticky":null},"text":[""],"removed":["r"],"origin":"+delete"}
2019-5-20 10:53:43.423#keyHandled#"Backspace"
2019-5-20 10:53:43.790#change#{"from":{"line":2,"ch":1,"sticky":"after"},"to":{"line":2,"ch":2,"sticky":null},"text":[""],"removed":["a"],"origin":"+delete"}
2019-5-20 10:53:43.790#keyHandled#"Backspace"
2019-5-20 10:53:44.374#change#{"from":{"line":2,"ch":0,"sticky":"after"},"to":{"line":2,"ch":1,"sticky":null},"text":[""],"removed":["p"],"origin":"+delete"}
2019-5-20 10:53:44.375#keyHandled#"Backspace"
2019-5-20 10:53:52.455#mousedown#{"isTrusted":true}
2019-5-20 10:54:46.810#blur#
2019-5-20 10:56:32.322#focus#
2019-5-20 10:56:34.519#blur#
2019-5-20 10:56:37.965#focus#
2019-5-20 10:56:46.237#mousedown#{"isTrusted":true}
2019-5-20 10:56:48.934#change#{"from":{"line":2,"ch":0,"sticky":"after","xRel":5.09375},"to":{"line":2,"ch":0,"sticky":"after","xRel":5.09375},"text":["p"],"removed":[""],"origin":"+input"}
2019-5-20 10:56:49.121#change#{"from":{"line":2,"ch":1,"sticky":null},"to":{"line":2,"ch":1,"sticky":null},"text":["r"],"removed":[""],"origin":"+input"}
2019-5-20 10:56:49.473#change#{"from":{"line":2,"ch":2,"sticky":null},"to":{"line":2,"ch":2,"sticky":null},"text":["o"],"removed":[""],"origin":"+input"}
2019-5-20 10:56:50.358#change#{"from":{"line":2,"ch":3,"sticky":null},"to":{"line":2,"ch":3,"sticky":null},"text":["d"],"removed":[""],"origin":"+input"}
2019-5-20 10:56:50.551#change#{"from":{"line":2,"ch":4,"sticky":null},"to":{"line":2,"ch":4,"sticky":null},"text":["u"],"removed":[""],"origin":"+input"}
2019-5-20 10:56:51.817#change#{"from":{"line":2,"ch":5,"sticky":null},"to":{"line":2,"ch":5,"sticky":null},"text":["t"],"removed":[""],"origin":"+input"}
2019-5-20 10:56:51.942#change#{"from":{"line":2,"ch":6,"sticky":null},"to":{"line":2,"ch":6,"sticky":null},"text":["o"],"removed":[""],"origin":"+input"}
2019-5-20 10:56:53.278#change#{"from":{"line":2,"ch":7,"sticky":null},"to":{"line":2,"ch":7,"sticky":null},"text":[" "],"removed":[""],"origin":"+input"}
2019-5-20 10:56:53.520#change#{"from":{"line":2,"ch":8,"sticky":null},"to":{"line":2,"ch":8,"sticky":null},"text":["="],"removed":[""],"origin":"+input"}
2019-5-20 10:56:53.653#change#{"from":{"line":2,"ch":9,"sticky":null},"to":{"line":2,"ch":9,"sticky":null},"text":[" "],"removed":[""],"origin":"+input"}
2019-5-20 10:56:57.177#change#{"from":{"line":2,"ch":10,"sticky":null},"to":{"line":2,"ch":10,"sticky":null},"text":["A"],"removed":[""],"origin":"+input"}
2019-5-20 10:56:59.801#change#{"from":{"line":2,"ch":10,"sticky":"after"},"to":{"line":2,"ch":11,"sticky":null},"text":[""],"removed":["A"],"origin":"+delete"}
2019-5-20 10:56:59.801#keyHandled#"Backspace"
2019-5-20 10:57:00.501#change#{"from":{"line":2,"ch":10,"sticky":null},"to":{"line":2,"ch":10,"sticky":null},"text":["a"],"removed":[""],"origin":"+input"}
2019-5-20 10:57:00.900#change#{"from":{"line":2,"ch":11,"sticky":null},"to":{"line":2,"ch":11,"sticky":null},"text":[" "],"removed":[""],"origin":"+input"}
2019-5-20 10:57:01.368#change#{"from":{"line":2,"ch":12,"sticky":null},"to":{"line":2,"ch":12,"sticky":null},"text":["()"],"removed":[""],"origin":"+input"}
2019-5-20 10:57:01.368#keyHandled#"'('"
2019-5-20 10:57:01.437#change#{"from":{"line":2,"ch":13,"sticky":"after"},"to":{"line":2,"ch":13,"sticky":"after"},"text":["*"],"removed":[""],"origin":"+input"}
2019-5-20 10:57:02.022#change#{"from":{"line":2,"ch":13,"sticky":"after"},"to":{"line":2,"ch":14,"sticky":null},"text":[""],"removed":["*"],"origin":"+delete"}
2019-5-20 10:57:02.022#keyHandled#"Backspace"
2019-5-20 10:57:02.258#change#{"from":{"line":2,"ch":12,"sticky":null},"to":{"line":2,"ch":14,"sticky":null},"text":[""],"removed":["()"],"origin":"+delete"}
2019-5-20 10:57:02.258#keyHandled#"Backspace"
2019-5-20 10:57:03.195#change#{"from":{"line":2,"ch":12,"sticky":null},"to":{"line":2,"ch":12,"sticky":null},"text":["*"],"removed":[""],"origin":"+input"}
2019-5-20 10:57:03.768#change#{"from":{"line":2,"ch":13,"sticky":null},"to":{"line":2,"ch":13,"sticky":null},"text":[" "],"removed":[""],"origin":"+input"}
2019-5-20 10:57:04.023#change#{"from":{"line":2,"ch":14,"sticky":null},"to":{"line":2,"ch":14,"sticky":null},"text":["b"],"removed":[""],"origin":"+input"}
2019-5-20 10:57:06.380#mousedown#{"isTrusted":true}
2019-5-20 10:57:08.224#change#{"from":{"line":3,"ch":8,"sticky":"after"},"to":{"line":3,"ch":9,"sticky":"before","xRel":-2.90625},"text":[""],"removed":["="],"origin":"+delete"}
2019-5-20 10:57:08.224#keyHandled#"Backspace"
2019-5-20 10:57:08.427#change#{"from":{"line":3,"ch":7,"sticky":"after"},"to":{"line":3,"ch":8,"sticky":null},"text":[""],"removed":["="],"origin":"+delete"}
2019-5-20 10:57:08.427#keyHandled#"Backspace"
2019-5-20 10:57:08.606#change#{"from":{"line":3,"ch":6,"sticky":"after"},"to":{"line":3,"ch":7,"sticky":null},"text":[""],"removed":[" "],"origin":"+delete"}
2019-5-20 10:57:08.606#keyHandled#"Backspace"
2019-5-20 10:57:08.773#change#{"from":{"line":3,"ch":5,"sticky":"after"},"to":{"line":3,"ch":6,"sticky":null},"text":[""],"removed":["b"],"origin":"+delete"}
2019-5-20 10:57:08.773#keyHandled#"Backspace"
2019-5-20 10:57:09.225#change#{"from":{"line":3,"ch":4,"sticky":"after"},"to":{"line":3,"ch":5,"sticky":null},"text":[""],"removed":["*"],"origin":"+delete"}
2019-5-20 10:57:09.225#keyHandled#"Backspace"
2019-5-20 10:57:09.672#change#{"from":{"line":3,"ch":3,"sticky":"after"},"to":{"line":3,"ch":4,"sticky":null},"text":[""],"removed":["a"],"origin":"+delete"}
2019-5-20 10:57:09.672#keyHandled#"Backspace"
2019-5-20 10:57:10.732#change#{"from":{"line":3,"ch":3,"sticky":null},"to":{"line":3,"ch":3,"sticky":null},"text":["p"],"removed":[""],"origin":"+input"}
2019-5-20 10:57:10.918#change#{"from":{"line":3,"ch":4,"sticky":null},"to":{"line":3,"ch":4,"sticky":null},"text":["r"],"removed":[""],"origin":"+input"}
2019-5-20 10:57:11.344#change#{"from":{"line":3,"ch":5,"sticky":null},"to":{"line":3,"ch":5,"sticky":null},"text":["o"],"removed":[""],"origin":"+input"}
2019-5-20 10:57:12.194#change#{"from":{"line":3,"ch":6,"sticky":null},"to":{"line":3,"ch":6,"sticky":null},"text":["d"],"removed":[""],"origin":"+input"}
2019-5-20 10:57:12.411#change#{"from":{"line":3,"ch":7,"sticky":null},"to":{"line":3,"ch":7,"sticky":null},"text":["u"],"removed":[""],"origin":"+input"}
2019-5-20 10:57:14.215#change#{"from":{"line":3,"ch":8,"sticky":null},"to":{"line":3,"ch":8,"sticky":null},"text":["d"],"removed":[""],"origin":"+input"}
2019-5-20 10:57:14.345#change#{"from":{"line":3,"ch":9,"sticky":null},"to":{"line":3,"ch":9,"sticky":null},"text":["o"],"removed":[""],"origin":"+input"}
2019-5-20 10:57:16.181#change#{"from":{"line":3,"ch":10,"sticky":null},"to":{"line":3,"ch":10,"sticky":null},"text":[" "],"removed":[""],"origin":"+input"}
2019-5-20 10:57:17.376#change#{"from":{"line":3,"ch":11,"sticky":null},"to":{"line":3,"ch":11,"sticky":null},"text":["%"],"removed":[""],"origin":"+input"}
2019-5-20 10:57:19.512#change#{"from":{"line":3,"ch":12,"sticky":null},"to":{"line":3,"ch":12,"sticky":null},"text":[" "],"removed":[""],"origin":"+input"}
2019-5-20 10:57:19.678#change#{"from":{"line":3,"ch":13,"sticky":null},"to":{"line":3,"ch":13,"sticky":null},"text":["2"],"removed":[""],"origin":"+input"}
2019-5-20 10:57:20.591#change#{"from":{"line":3,"ch":14,"sticky":null},"to":{"line":3,"ch":14,"sticky":null},"text":[" "],"removed":[""],"origin":"+input"}
2019-5-20 10:57:20.834#change#{"from":{"line":3,"ch":15,"sticky":null},"to":{"line":3,"ch":15,"sticky":null},"text":["="],"removed":[""],"origin":"+input"}
2019-5-20 10:57:20.989#change#{"from":{"line":3,"ch":16,"sticky":null},"to":{"line":3,"ch":16,"sticky":null},"text":["="],"removed":[""],"origin":"+input"}
2019-5-20 10:57:21.135#change#{"from":{"line":3,"ch":17,"sticky":null},"to":{"line":3,"ch":17,"sticky":null},"text":[" "],"removed":[""],"origin":"+input"}
2019-5-20 10:57:22.035#change#{"from":{"line":3,"ch":18,"sticky":null},"to":{"line":3,"ch":18,"sticky":null},"text":["0"],"removed":[""],"origin":"+input"}
2019-5-20 10:57:23.343#keyHandled#"Right"
2019-5-20 10:57:23.919#keyHandled#"Right"
2019-5-20 10:57:25.362#change#{"from":{"line":3,"ch":21,"sticky":"before"},"to":{"line":3,"ch":21,"sticky":"before"},"text":["",""],"removed":[""],"origin":"+input"}
2019-5-20 10:57:25.362#keyHandled#"Enter"
2019-5-20 10:57:25.378#viewportChange#0
2019-5-20 10:57:28.556#change#{"from":{"line":3,"ch":21,"sticky":"before"},"to":{"line":4,"ch":0,"sticky":null},"text":[""],"removed":["",""],"origin":"+delete"}
2019-5-20 10:57:28.556#keyHandled#"Backspace"
2019-5-20 10:57:28.566#viewportChange#0
2019-5-20 10:57:30.488#change#{"from":{"line":3,"ch":21,"sticky":null},"to":{"line":3,"ch":21,"sticky":null},"text":[":"],"removed":[""],"origin":"+input"}
2019-5-20 10:57:32.980#keyHandled#"Left"
2019-5-20 10:57:33.627#keyHandled#"Left"
2019-5-20 10:57:34.080#change#{"from":{"line":3,"ch":19,"sticky":"after"},"to":{"line":3,"ch":20,"sticky":"after"},"text":[""],"removed":[" "],"origin":"+delete"}
2019-5-20 10:57:34.080#keyHandled#"Backspace"
2019-5-20 10:57:35.494#keyHandled#"Right"
2019-5-20 10:57:35.784#keyHandled#"Right"
2019-5-20 10:57:36.207#change#{"from":{"line":3,"ch":21,"sticky":"before"},"to":{"line":3,"ch":21,"sticky":"before"},"text":["",""],"removed":[""],"origin":"+input"}
2019-5-20 10:57:36.207#change#{"from":{"line":4,"ch":0,"sticky":null},"to":{"line":4,"ch":0,"sticky":null},"text":["\t"],"removed":[""],"origin":"+input"}
2019-5-20 10:57:36.207#keyHandled#"Enter"
2019-5-20 10:57:36.218#viewportChange#0
2019-5-20 10:57:36.986#change#{"from":{"line":4,"ch":1,"sticky":null},"to":{"line":4,"ch":1,"sticky":null},"text":["p"],"removed":[""],"origin":"+input"}
2019-5-20 10:57:37.337#change#{"from":{"line":4,"ch":2,"sticky":null},"to":{"line":4,"ch":2,"sticky":null},"text":["r"],"removed":[""],"origin":"+input"}
2019-5-20 10:57:37.430#change#{"from":{"line":4,"ch":3,"sticky":null},"to":{"line":4,"ch":3,"sticky":null},"text":["i"],"removed":[""],"origin":"+input"}
2019-5-20 10:57:37.647#change#{"from":{"line":4,"ch":4,"sticky":null},"to":{"line":4,"ch":4,"sticky":null},"text":["n"],"removed":[""],"origin":"+input"}
2019-5-20 10:57:37.732#change#{"from":{"line":4,"ch":5,"sticky":null},"to":{"line":4,"ch":5,"sticky":null},"text":["t"],"removed":[""],"origin":"+input"}
2019-5-20 10:57:38.448#change#{"from":{"line":4,"ch":6,"sticky":null},"to":{"line":4,"ch":6,"sticky":null},"text":["()"],"removed":[""],"origin":"+input"}
2019-5-20 10:57:38.448#keyHandled#"'('"
2019-5-20 10:58:44.961#change#{"from":{"line":4,"ch":7,"sticky":"after"},"to":{"line":4,"ch":7,"sticky":"after"},"text":["a"],"removed":[""],"origin":"+input"}
2019-5-20 10:58:46.544#change#{"from":{"line":4,"ch":8,"sticky":null},"to":{"line":4,"ch":8,"sticky":null},"text":[" "],"removed":[""],"origin":"+input"}
2019-5-20 10:58:46.863#change#{"from":{"line":4,"ch":9,"sticky":null},"to":{"line":4,"ch":9,"sticky":null},"text":["+"],"removed":[""],"origin":"+input"}
2019-5-20 10:58:46.982#change#{"from":{"line":4,"ch":10,"sticky":null},"to":{"line":4,"ch":10,"sticky":null},"text":[" "],"removed":[""],"origin":"+input"}
2019-5-20 10:58:48.207#change#{"from":{"line":4,"ch":11,"sticky":null},"to":{"line":4,"ch":11,"sticky":null},"text":["b"],"removed":[""],"origin":"+input"}
2019-5-20 10:58:52.205#keyHandled#"Right"
2019-5-20 10:58:53.197#change#{"from":{"line":4,"ch":13,"sticky":"before"},"to":{"line":4,"ch":13,"sticky":"before"},"text":["",""],"removed":[""],"origin":"+input"}
2019-5-20 10:58:53.197#change#{"from":{"line":5,"ch":0,"sticky":null},"to":{"line":5,"ch":0,"sticky":null},"text":["\t"],"removed":[""],"origin":"+input"}
2019-5-20 10:58:53.197#keyHandled#"Enter"
2019-5-20 10:58:53.207#viewportChange#0
2019-5-20 10:58:54.337#change#{"from":{"line":5,"ch":1,"sticky":null},"to":{"line":5,"ch":1,"sticky":null},"text":["/"],"removed":[""],"origin":"+input"}
2019-5-20 10:58:55.191#change#{"from":{"line":5,"ch":1,"sticky":"after"},"to":{"line":5,"ch":2,"sticky":null},"text":[""],"removed":["/"],"origin":"+delete"}
2019-5-20 10:58:55.191#keyHandled#"Backspace"
2019-5-20 10:58:55.596#change#{"from":{"line":5,"ch":0,"sticky":"after"},"to":{"line":5,"ch":1,"sticky":null},"text":[""],"removed":["\t"],"origin":"+delete"}
2019-5-20 10:58:55.596#keyHandled#"Backspace"
2019-5-20 10:58:56.511#change#{"from":{"line":5,"ch":0,"sticky":null},"to":{"line":5,"ch":0,"sticky":null},"text":["e"],"removed":[""],"origin":"+input"}
2019-5-20 10:58:56.643#change#{"from":{"line":5,"ch":1,"sticky":null},"to":{"line":5,"ch":1,"sticky":null},"text":["l"],"removed":[""],"origin":"+input"}
2019-5-20 10:58:56.863#change#{"from":{"line":5,"ch":2,"sticky":null},"to":{"line":5,"ch":2,"sticky":null},"text":["s"],"removed":[""],"origin":"+input"}
2019-5-20 10:58:57.196#change#{"from":{"line":5,"ch":3,"sticky":null},"to":{"line":5,"ch":3,"sticky":null},"text":["e"],"removed":[""],"origin":"+input"}
2019-5-20 10:58:57.982#change#{"from":{"line":5,"ch":4,"sticky":null},"to":{"line":5,"ch":4,"sticky":null},"text":[":"],"removed":[""],"origin":"+input"}
2019-5-20 10:58:59.037#change#{"from":{"line":5,"ch":5,"sticky":null},"to":{"line":5,"ch":5,"sticky":null},"text":["",""],"removed":[""],"origin":"+input"}
2019-5-20 10:58:59.037#change#{"from":{"line":6,"ch":0,"sticky":null},"to":{"line":6,"ch":0,"sticky":null},"text":["\t"],"removed":[""],"origin":"+input"}
2019-5-20 10:58:59.037#keyHandled#"Enter"
2019-5-20 10:58:59.047#viewportChange#0
2019-5-20 10:58:59.802#change#{"from":{"line":6,"ch":1,"sticky":null},"to":{"line":6,"ch":1,"sticky":null},"text":["p"],"removed":[""],"origin":"+input"}
2019-5-20 10:59:00.069#change#{"from":{"line":6,"ch":2,"sticky":null},"to":{"line":6,"ch":2,"sticky":null},"text":["r"],"removed":[""],"origin":"+input"}
2019-5-20 10:59:00.161#change#{"from":{"line":6,"ch":3,"sticky":null},"to":{"line":6,"ch":3,"sticky":null},"text":["i"],"removed":[""],"origin":"+input"}
2019-5-20 10:59:00.393#change#{"from":{"line":6,"ch":4,"sticky":null},"to":{"line":6,"ch":4,"sticky":null},"text":["n"],"removed":[""],"origin":"+input"}
2019-5-20 10:59:00.529#change#{"from":{"line":6,"ch":5,"sticky":null},"to":{"line":6,"ch":5,"sticky":null},"text":["t"],"removed":[""],"origin":"+input"}
2019-5-20 10:59:01.903#change#{"from":{"line":6,"ch":6,"sticky":null},"to":{"line":6,"ch":6,"sticky":null},"text":["()"],"removed":[""],"origin":"+input"}
2019-5-20 10:59:01.903#keyHandled#"'('"
2019-5-20 10:59:10.997#change#{"from":{"line":6,"ch":7,"sticky":"after"},"to":{"line":6,"ch":7,"sticky":"after"},"text":["b"],"removed":[""],"origin":"+input"}
2019-5-20 10:59:11.704#change#{"from":{"line":6,"ch":8,"sticky":null},"to":{"line":6,"ch":8,"sticky":null},"text":["-"],"removed":[""],"origin":"+input"}
2019-5-20 10:59:11.929#change#{"from":{"line":6,"ch":9,"sticky":null},"to":{"line":6,"ch":9,"sticky":null},"text":["a"],"removed":[""],"origin":"+input"}
2019-5-20 10:59:14.020#keyHandled#"Left"
2019-5-20 10:59:14.446#keyHandled#"Left"
2019-5-20 10:59:14.759#change#{"from":{"line":6,"ch":8,"sticky":"after"},"to":{"line":6,"ch":8,"sticky":"after"},"text":[" "],"removed":[""],"origin":"+input"}
2019-5-20 10:59:14.961#keyHandled#"Right"
2019-5-20 10:59:15.298#change#{"from":{"line":6,"ch":10,"sticky":"before"},"to":{"line":6,"ch":10,"sticky":"before"},"text":[" "],"removed":[""],"origin":"+input"}
2019-5-20 10:59:15.298#change#{"from":{"line":6,"ch":10,"sticky":"before"},"to":{"line":6,"ch":10,"sticky":"before"},"text":[" "],"removed":[""],"origin":"+input"}
2019-5-20 10:59:18.298#blur#
2019-5-20 10:59:28.187#dica_bullet#NameError: name 'NOME_DA_VARIAVEL' is not defined
2019-5-20 10:59:35.046#mousedown#{"isTrusted":true}
2019-5-20 10:59:36.866#focus#
2019-5-20 10:59:37.866#mousedown#{"isTrusted":true}
2019-5-20 10:59:38.885#change#{"from":{"line":3,"ch":8,"sticky":"after"},"to":{"line":3,"ch":9,"sticky":"after","xRel":1.09375},"text":[""],"removed":["d"],"origin":"+delete"}
2019-5-20 10:59:38.885#keyHandled#"Backspace"
2019-5-20 10:59:39.718#change#{"from":{"line":3,"ch":8,"sticky":null},"to":{"line":3,"ch":8,"sticky":null},"text":["t"],"removed":[""],"origin":"+input"}
2019-5-20 10:59:39.718#change#{"from":{"line":3,"ch":8,"sticky":null},"to":{"line":3,"ch":8,"sticky":null},"text":["t"],"removed":[""],"origin":"+input"}
2019-5-20 10:59:43.124#saida_testar#$ python3 main.py
Insira um numero inteiro: 5
Insira um numero inteiro: 7
Traceback (most recent call last):
File "main.py", line 4, in <module>
if(produdo % 2 == 0):
NameError: name 'produdo' is not defined
2019-5-20 10:59:46.192#blur#
