2019-4-21 15:36:43.275#viewportChange#0
2019-4-21 15:38:56.338#mousedown#{"isTrusted":true}
2019-4-21 15:39:10.786#mousedown#{"isTrusted":true}
2019-4-21 15:39:10.797#focus#
2019-4-21 15:39:22.953#change#{"from":{"line":0,"ch":0,"sticky":"after","xRel":29.08331298828125},"to":{"line":0,"ch":0,"sticky":"after","xRel":29.08331298828125},"text":["p"],"removed":[""],"origin":"+input"}
2019-4-21 15:39:23.390#change#{"from":{"line":0,"ch":1,"sticky":null},"to":{"line":0,"ch":1,"sticky":null},"text":["e"],"removed":[""],"origin":"+input"}
2019-4-21 15:39:23.544#change#{"from":{"line":0,"ch":2,"sticky":null},"to":{"line":0,"ch":2,"sticky":null},"text":["r"],"removed":[""],"origin":"+input"}
2019-4-21 15:39:23.959#change#{"from":{"line":0,"ch":3,"sticky":null},"to":{"line":0,"ch":3,"sticky":null},"text":["c"],"removed":[""],"origin":"+input"}
2019-4-21 15:39:24.186#change#{"from":{"line":0,"ch":4,"sticky":null},"to":{"line":0,"ch":4,"sticky":null},"text":["u"],"removed":[""],"origin":"+input"}
2019-4-21 15:39:24.479#change#{"from":{"line":0,"ch":5,"sticky":null},"to":{"line":0,"ch":5,"sticky":null},"text":["r"],"removed":[""],"origin":"+input"}
2019-4-21 15:39:25.207#change#{"from":{"line":0,"ch":6,"sticky":null},"to":{"line":0,"ch":6,"sticky":null},"text":["s"],"removed":[""],"origin":"+input"}
2019-4-21 15:39:25.384#change#{"from":{"line":0,"ch":7,"sticky":null},"to":{"line":0,"ch":7,"sticky":null},"text":["o"],"removed":[""],"origin":"+input"}
2019-4-21 15:39:26.824#change#{"from":{"line":0,"ch":8,"sticky":null},"to":{"line":0,"ch":8,"sticky":null},"text":[" "],"removed":[""],"origin":"+input"}
2019-4-21 15:39:26.962#change#{"from":{"line":0,"ch":9,"sticky":null},"to":{"line":0,"ch":9,"sticky":null},"text":["="],"removed":[""],"origin":"+input"}
2019-4-21 15:39:27.076#change#{"from":{"line":0,"ch":10,"sticky":null},"to":{"line":0,"ch":10,"sticky":null},"text":[" "],"removed":[""],"origin":"+input"}
2019-4-21 15:39:27.797#change#{"from":{"line":0,"ch":11,"sticky":null},"to":{"line":0,"ch":11,"sticky":null},"text":["",""],"removed":[""],"origin":"+input"}
2019-4-21 15:39:27.797#keyHandled#"Enter"
2019-4-21 15:39:27.809#viewportChange#0
2019-4-21 15:39:28.790#change#{"from":{"line":1,"ch":0,"sticky":null},"to":{"line":1,"ch":0,"sticky":null},"text":["t"],"removed":[""],"origin":"+input"}
2019-4-21 15:39:29.047#change#{"from":{"line":1,"ch":1,"sticky":null},"to":{"line":1,"ch":1,"sticky":null},"text":["i"],"removed":[""],"origin":"+input"}
2019-4-21 15:39:31.015#change#{"from":{"line":1,"ch":2,"sticky":null},"to":{"line":1,"ch":2,"sticky":null},"text":["´"],"removed":[""],"origin":"+input"}
2019-4-21 15:39:31.044#change#{"from":{"line":1,"ch":3,"sticky":null},"to":{"line":1,"ch":3,"sticky":null},"text":["p"],"removed":[""],"origin":"+input"}
2019-4-21 15:39:31.278#change#{"from":{"line":1,"ch":4,"sticky":null},"to":{"line":1,"ch":4,"sticky":null},"text":["o"],"removed":[""],"origin":"+input"}
2019-4-21 15:39:31.938#change#{"from":{"line":1,"ch":4,"sticky":"after"},"to":{"line":1,"ch":5,"sticky":null},"text":[""],"removed":["o"],"origin":"+delete"}
2019-4-21 15:39:31.938#keyHandled#"Backspace"
2019-4-21 15:39:32.223#change#{"from":{"line":1,"ch":3,"sticky":"after"},"to":{"line":1,"ch":4,"sticky":null},"text":[""],"removed":["p"],"origin":"+delete"}
2019-4-21 15:39:32.224#keyHandled#"Backspace"
2019-4-21 15:39:32.733#change#{"from":{"line":1,"ch":2,"sticky":"after"},"to":{"line":1,"ch":3,"sticky":null},"text":[""],"removed":["´"],"origin":"+delete"}
2019-4-21 15:39:32.733#keyHandled#"Backspace"
2019-4-21 15:39:33.220#change#{"from":{"line":1,"ch":2,"sticky":null},"to":{"line":1,"ch":2,"sticky":null},"text":["p"],"removed":[""],"origin":"+input"}
2019-4-21 15:39:33.411#change#{"from":{"line":1,"ch":3,"sticky":null},"to":{"line":1,"ch":3,"sticky":null},"text":["o"],"removed":[""],"origin":"+input"}
2019-4-21 15:39:34.164#change#{"from":{"line":1,"ch":4,"sticky":null},"to":{"line":1,"ch":4,"sticky":null},"text":[" "],"removed":[""],"origin":"+input"}
2019-4-21 15:39:34.214#change#{"from":{"line":1,"ch":5,"sticky":null},"to":{"line":1,"ch":5,"sticky":null},"text":["="],"removed":[""],"origin":"+input"}
2019-4-21 15:39:34.423#change#{"from":{"line":1,"ch":6,"sticky":null},"to":{"line":1,"ch":6,"sticky":null},"text":[" "],"removed":[""],"origin":"+input"}
2019-4-23 16:51:24.918#viewportChange#0
2019-4-23 16:51:32.880#mousedown#{"isTrusted":true}
2019-4-23 16:51:32.898#focus#
2019-4-23 16:51:34.541#change#{"from":{"line":0,"ch":11,"sticky":"before","xRel":64.06668090820312},"to":{"line":0,"ch":11,"sticky":"before","xRel":64.06668090820312},"text":["i"],"removed":[""],"origin":"+input"}
2019-4-23 16:51:34.756#change#{"from":{"line":0,"ch":12,"sticky":null},"to":{"line":0,"ch":12,"sticky":null},"text":["n"],"removed":[""],"origin":"+input"}
2019-4-23 16:51:34.923#change#{"from":{"line":0,"ch":13,"sticky":null},"to":{"line":0,"ch":13,"sticky":null},"text":["t"],"removed":[""],"origin":"+input"}
2019-4-23 16:51:35.925#change#{"from":{"line":0,"ch":14,"sticky":null},"to":{"line":0,"ch":14,"sticky":null},"text":["()"],"removed":[""],"origin":"+input"}
2019-4-23 16:51:35.925#keyHandled#"'('"
2019-4-23 16:51:36.508#change#{"from":{"line":0,"ch":15,"sticky":"after"},"to":{"line":0,"ch":15,"sticky":"after"},"text":["i"],"removed":[""],"origin":"+input"}
2019-4-23 16:51:36.781#change#{"from":{"line":0,"ch":16,"sticky":null},"to":{"line":0,"ch":16,"sticky":null},"text":["n"],"removed":[""],"origin":"+input"}
2019-4-23 16:51:37.130#change#{"from":{"line":0,"ch":17,"sticky":null},"to":{"line":0,"ch":17,"sticky":null},"text":["p"],"removed":[""],"origin":"+input"}
2019-4-23 16:51:37.493#change#{"from":{"line":0,"ch":18,"sticky":null},"to":{"line":0,"ch":18,"sticky":null},"text":["u"],"removed":[""],"origin":"+input"}
2019-4-23 16:51:37.732#change#{"from":{"line":0,"ch":19,"sticky":null},"to":{"line":0,"ch":19,"sticky":null},"text":["t"],"removed":[""],"origin":"+input"}
2019-4-23 16:51:39.266#change#{"from":{"line":0,"ch":20,"sticky":null},"to":{"line":0,"ch":20,"sticky":null},"text":["()"],"removed":[""],"origin":"+input"}
2019-4-23 16:51:39.266#keyHandled#"'('"
2019-4-23 16:51:40.902#change#{"from":{"line":0,"ch":21,"sticky":"after"},"to":{"line":0,"ch":21,"sticky":"after"},"text":["\"\""],"removed":[""],"origin":"+input"}
2019-4-23 16:51:40.902#keyHandled#"'\"'"
2019-4-23 16:51:45.764#change#{"from":{"line":0,"ch":22,"sticky":"after"},"to":{"line":0,"ch":22,"sticky":"after"},"text":["I"],"removed":[""],"origin":"+input"}
2019-4-23 16:51:46.449#change#{"from":{"line":0,"ch":23,"sticky":null},"to":{"line":0,"ch":23,"sticky":null},"text":["s"],"removed":[""],"origin":"+input"}
2019-4-23 16:51:46.615#change#{"from":{"line":0,"ch":24,"sticky":null},"to":{"line":0,"ch":24,"sticky":null},"text":["i"],"removed":[""],"origin":"+input"}
2019-4-23 16:51:46.967#change#{"from":{"line":0,"ch":25,"sticky":null},"to":{"line":0,"ch":25,"sticky":null},"text":["r"],"removed":[""],"origin":"+input"}
2019-4-23 16:51:47.184#change#{"from":{"line":0,"ch":26,"sticky":null},"to":{"line":0,"ch":26,"sticky":null},"text":["a"],"removed":[""],"origin":"+input"}
2019-4-23 16:51:47.394#change#{"from":{"line":0,"ch":27,"sticky":null},"to":{"line":0,"ch":27,"sticky":null},"text":[" "],"removed":[""],"origin":"+input"}
2019-4-23 16:51:49.337#keyHandled#"Left"
2019-4-23 16:51:49.556#keyHandled#"Left"
2019-4-23 16:51:49.741#keyHandled#"Left"
2019-4-23 16:51:49.948#keyHandled#"Left"
2019-4-23 16:51:50.129#keyHandled#"Left"
2019-4-23 16:51:51.215#change#{"from":{"line":0,"ch":23,"sticky":"after"},"to":{"line":0,"ch":23,"sticky":"after"},"text":["n"],"removed":[""],"origin":"+input"}
2019-4-23 16:51:51.490#keyHandled#"Right"
2019-4-23 16:51:51.717#keyHandled#"Right"
2019-4-23 16:51:51.886#keyHandled#"Right"
2019-4-23 16:51:55.332#change#{"from":{"line":0,"ch":28,"sticky":"before"},"to":{"line":0,"ch":28,"sticky":"before"},"text":[" "],"removed":[""],"origin":"+input"}
2019-4-23 16:51:55.454#change#{"from":{"line":0,"ch":29,"sticky":null},"to":{"line":0,"ch":29,"sticky":null},"text":["o"],"removed":[""],"origin":"+input"}
2019-4-23 16:51:55.559#change#{"from":{"line":0,"ch":30,"sticky":null},"to":{"line":0,"ch":30,"sticky":null},"text":[" "],"removed":[""],"origin":"+input"}
2019-4-23 16:51:56.372#change#{"from":{"line":0,"ch":31,"sticky":null},"to":{"line":0,"ch":31,"sticky":null},"text":["p"],"removed":[""],"origin":"+input"}
2019-4-23 16:51:56.619#change#{"from":{"line":0,"ch":32,"sticky":null},"to":{"line":0,"ch":32,"sticky":null},"text":["e"],"removed":[""],"origin":"+input"}
2019-4-23 16:51:56.875#change#{"from":{"line":0,"ch":33,"sticky":null},"to":{"line":0,"ch":33,"sticky":null},"text":["r"],"removed":[""],"origin":"+input"}
2019-4-23 16:51:57.419#change#{"from":{"line":0,"ch":34,"sticky":null},"to":{"line":0,"ch":34,"sticky":null},"text":["c"],"removed":[""],"origin":"+input"}
2019-4-23 16:51:57.589#change#{"from":{"line":0,"ch":35,"sticky":null},"to":{"line":0,"ch":35,"sticky":null},"text":["u"],"removed":[""],"origin":"+input"}
2019-4-23 16:51:57.762#change#{"from":{"line":0,"ch":36,"sticky":null},"to":{"line":0,"ch":36,"sticky":null},"text":["r"],"removed":[""],"origin":"+input"}
2019-4-23 16:51:58.159#change#{"from":{"line":0,"ch":37,"sticky":null},"to":{"line":0,"ch":37,"sticky":null},"text":["s"],"removed":[""],"origin":"+input"}
2019-4-23 16:51:58.304#change#{"from":{"line":0,"ch":38,"sticky":null},"to":{"line":0,"ch":38,"sticky":null},"text":["o"],"removed":[""],"origin":"+input"}
2019-4-23 16:51:59.000#change#{"from":{"line":0,"ch":39,"sticky":null},"to":{"line":0,"ch":39,"sticky":null},"text":[":"],"removed":[""],"origin":"+input"}
2019-4-23 16:52:00.543#keyHandled#"Down"
2019-4-23 16:52:05.840#change#{"from":{"line":1,"ch":7,"sticky":"before","xRel":283.8000183105469},"to":{"line":1,"ch":7,"sticky":"before","xRel":283.8000183105469},"text":["i"],"removed":[""],"origin":"+input"}
2019-4-23 16:52:06.098#change#{"from":{"line":1,"ch":8,"sticky":null},"to":{"line":1,"ch":8,"sticky":null},"text":["n"],"removed":[""],"origin":"+input"}
2019-4-23 16:52:06.473#change#{"from":{"line":1,"ch":9,"sticky":null},"to":{"line":1,"ch":9,"sticky":null},"text":["p"],"removed":[""],"origin":"+input"}
2019-4-23 16:52:06.754#change#{"from":{"line":1,"ch":10,"sticky":null},"to":{"line":1,"ch":10,"sticky":null},"text":["u"],"removed":[""],"origin":"+input"}
2019-4-23 16:52:07.067#change#{"from":{"line":1,"ch":11,"sticky":null},"to":{"line":1,"ch":11,"sticky":null},"text":["t"],"removed":[""],"origin":"+input"}
2019-4-23 16:52:08.770#change#{"from":{"line":1,"ch":12,"sticky":null},"to":{"line":1,"ch":12,"sticky":null},"text":["()"],"removed":[""],"origin":"+input"}
2019-4-23 16:52:08.770#keyHandled#"'('"
2019-4-23 16:52:12.655#change#{"from":{"line":1,"ch":13,"sticky":"after"},"to":{"line":1,"ch":13,"sticky":"after"},"text":["\"\""],"removed":[""],"origin":"+input"}
2019-4-23 16:52:12.655#keyHandled#"'\"'"
2019-4-23 16:52:14.089#change#{"from":{"line":1,"ch":14,"sticky":"after"},"to":{"line":1,"ch":14,"sticky":"after"},"text":["T"],"removed":[""],"origin":"+input"}
2019-4-23 16:52:14.574#change#{"from":{"line":1,"ch":15,"sticky":null},"to":{"line":1,"ch":15,"sticky":null},"text":["i"],"removed":[""],"origin":"+input"}
2019-4-23 16:52:14.843#change#{"from":{"line":1,"ch":16,"sticky":null},"to":{"line":1,"ch":16,"sticky":null},"text":["p"],"removed":[""],"origin":"+input"}
2019-4-23 16:52:15.078#change#{"from":{"line":1,"ch":17,"sticky":null},"to":{"line":1,"ch":17,"sticky":null},"text":["o"],"removed":[""],"origin":"+input"}
2019-4-23 16:52:15.704#change#{"from":{"line":1,"ch":18,"sticky":null},"to":{"line":1,"ch":18,"sticky":null},"text":[" "],"removed":[""],"origin":"+input"}
2019-4-23 16:52:17.570#change#{"from":{"line":1,"ch":19,"sticky":null},"to":{"line":1,"ch":19,"sticky":null},"text":["f"],"removed":[""],"origin":"+input"}
2019-4-23 16:52:17.772#change#{"from":{"line":1,"ch":20,"sticky":null},"to":{"line":1,"ch":20,"sticky":null},"text":["o"],"removed":[""],"origin":"+input"}
2019-4-23 16:52:18.016#change#{"from":{"line":1,"ch":21,"sticky":null},"to":{"line":1,"ch":21,"sticky":null},"text":[" "],"removed":[""],"origin":"+input"}
2019-4-23 16:52:18.349#change#{"from":{"line":1,"ch":22,"sticky":null},"to":{"line":1,"ch":22,"sticky":null},"text":["c"],"removed":[""],"origin":"+input"}
2019-4-23 16:52:18.692#change#{"from":{"line":1,"ch":23,"sticky":null},"to":{"line":1,"ch":23,"sticky":null},"text":["a"],"removed":[""],"origin":"+input"}
2019-4-23 16:52:18.883#change#{"from":{"line":1,"ch":24,"sticky":null},"to":{"line":1,"ch":24,"sticky":null},"text":["r"],"removed":[""],"origin":"+input"}
2019-4-23 16:52:19.109#change#{"from":{"line":1,"ch":25,"sticky":null},"to":{"line":1,"ch":25,"sticky":null},"text":["r"],"removed":[""],"origin":"+input"}
2019-4-23 16:52:20.150#change#{"from":{"line":1,"ch":26,"sticky":null},"to":{"line":1,"ch":26,"sticky":null},"text":["o"],"removed":[""],"origin":"+input"}
2019-4-23 16:52:21.056#change#{"from":{"line":1,"ch":27,"sticky":null},"to":{"line":1,"ch":27,"sticky":null},"text":[":"],"removed":[""],"origin":"+input"}
2019-4-23 16:52:22.902#mousedown#{"isTrusted":true}
2019-4-23 16:52:23.508#change#{"from":{"line":1,"ch":19,"sticky":"after"},"to":{"line":1,"ch":20,"sticky":"before","xRel":-0.3333282470703125},"text":[""],"removed":["f"],"origin":"+delete"}
2019-4-23 16:52:23.508#keyHandled#"Backspace"
2019-4-23 16:52:23.882#change#{"from":{"line":1,"ch":19,"sticky":null},"to":{"line":1,"ch":19,"sticky":null},"text":["d"],"removed":[""],"origin":"+input"}
2019-4-23 16:52:26.038#mousedown#{"isTrusted":true}
2019-4-23 16:52:26.968#change#{"from":{"line":1,"ch":30,"sticky":"before","xRel":38.66667175292969},"to":{"line":1,"ch":30,"sticky":"before","xRel":38.66667175292969},"text":["",""],"removed":[""],"origin":"+input"}
2019-4-23 16:52:26.968#keyHandled#"Enter"
2019-4-23 16:52:26.983#viewportChange#0
2019-4-23 16:52:28.960#mousedown#{"isTrusted":true}
2019-4-23 16:52:29.049#change#{"from":{"line":1,"ch":28,"sticky":"before","xRel":-0.1333160400390625},"to":{"line":1,"ch":28,"sticky":"before","xRel":-0.1333160400390625},"text":[" "],"removed":[""],"origin":"+input"}
2019-4-23 16:52:29.747#mousedown#{"isTrusted":true}
2019-4-23 16:52:30.727#change#{"from":{"line":1,"ch":31,"sticky":"before","xRel":75.06668090820312},"to":{"line":1,"ch":31,"sticky":"before","xRel":75.06668090820312},"text":["",""],"removed":[""],"origin":"+input"}
2019-4-23 16:52:30.727#keyHandled#"Enter"
2019-4-23 16:52:30.742#viewportChange#0
2019-5-20 10:45:34.068#viewportChange#0
2019-5-20 10:45:51.541#mousedown#{"isTrusted":true}
2019-5-20 10:45:51.559#focus#
2019-5-20 10:45:55.819#change#{"from":{"line":2,"ch":0,"sticky":"after","xRel":33.09375},"to":{"line":2,"ch":0,"sticky":"after","xRel":33.09375},"text":["c"],"removed":[""],"origin":"+input"}
2019-5-20 10:45:55.915#change#{"from":{"line":2,"ch":1,"sticky":null},"to":{"line":2,"ch":1,"sticky":null},"text":["o"],"removed":[""],"origin":"+input"}
2019-5-20 10:45:56.219#change#{"from":{"line":2,"ch":2,"sticky":null},"to":{"line":2,"ch":2,"sticky":null},"text":["n"],"removed":[""],"origin":"+input"}
2019-5-20 10:45:56.545#change#{"from":{"line":2,"ch":3,"sticky":null},"to":{"line":2,"ch":3,"sticky":null},"text":["s"],"removed":[""],"origin":"+input"}
2019-5-20 10:45:56.646#change#{"from":{"line":2,"ch":4,"sticky":null},"to":{"line":2,"ch":4,"sticky":null},"text":["u"],"removed":[""],"origin":"+input"}
2019-5-20 10:45:56.884#change#{"from":{"line":2,"ch":5,"sticky":null},"to":{"line":2,"ch":5,"sticky":null},"text":["m"],"removed":[""],"origin":"+input"}
2019-5-20 10:45:57.123#change#{"from":{"line":2,"ch":6,"sticky":null},"to":{"line":2,"ch":6,"sticky":null},"text":["o"],"removed":[""],"origin":"+input"}
2019-5-20 10:45:58.023#change#{"from":{"line":2,"ch":7,"sticky":null},"to":{"line":2,"ch":7,"sticky":null},"text":[" "],"removed":[""],"origin":"+input"}
2019-5-20 10:45:58.195#change#{"from":{"line":2,"ch":8,"sticky":null},"to":{"line":2,"ch":8,"sticky":null},"text":["="],"removed":[""],"origin":"+input"}
2019-5-20 10:45:58.306#change#{"from":{"line":2,"ch":9,"sticky":null},"to":{"line":2,"ch":9,"sticky":null},"text":[" "],"removed":[""],"origin":"+input"}
2019-5-20 10:47:00.996#mousedown#{"isTrusted":true}
2019-5-20 10:47:02.916#change#{"from":{"line":0,"ch":13,"sticky":"after"},"to":{"line":0,"ch":14,"sticky":"after","xRel":3.375},"text":[""],"removed":["t"],"origin":"+delete"}
2019-5-20 10:47:02.916#keyHandled#"Backspace"
2019-5-20 10:47:03.194#change#{"from":{"line":0,"ch":12,"sticky":"after"},"to":{"line":0,"ch":13,"sticky":null},"text":[""],"removed":["n"],"origin":"+delete"}
2019-5-20 10:47:03.194#keyHandled#"Backspace"
2019-5-20 10:47:03.611#change#{"from":{"line":0,"ch":11,"sticky":"after"},"to":{"line":0,"ch":12,"sticky":null},"text":[""],"removed":["i"],"origin":"+delete"}
2019-5-20 10:47:03.611#keyHandled#"Backspace"
2019-5-20 10:47:04.934#change#{"from":{"line":0,"ch":11,"sticky":null},"to":{"line":0,"ch":11,"sticky":null},"text":["f"],"removed":[""],"origin":"+input"}
2019-5-20 10:47:05.086#change#{"from":{"line":0,"ch":12,"sticky":null},"to":{"line":0,"ch":12,"sticky":null},"text":["l"],"removed":[""],"origin":"+input"}
2019-5-20 10:47:05.287#change#{"from":{"line":0,"ch":13,"sticky":null},"to":{"line":0,"ch":13,"sticky":null},"text":["o"],"removed":[""],"origin":"+input"}
2019-5-20 10:47:05.750#change#{"from":{"line":0,"ch":14,"sticky":null},"to":{"line":0,"ch":14,"sticky":null},"text":["a"],"removed":[""],"origin":"+input"}
2019-5-20 10:47:05.898#change#{"from":{"line":0,"ch":15,"sticky":null},"to":{"line":0,"ch":15,"sticky":null},"text":["t"],"removed":[""],"origin":"+input"}
2019-5-20 10:47:14.892#mousedown#{"isTrusted":true}
2019-5-20 10:47:16.439#change#{"from":{"line":2,"ch":0,"sticky":"after","xRel":0.09375},"to":{"line":3,"ch":0,"sticky":"after","xRel":73.09375},"text":[""],"removed":["consumo = ",""],"origin":"+delete"}
2019-5-20 10:47:16.440#keyHandled#"Backspace"
2019-5-20 10:47:16.451#viewportChange#0
2019-5-20 10:47:16.892#change#{"from":{"line":2,"ch":0,"sticky":null},"to":{"line":2,"ch":0,"sticky":null},"text":["i"],"removed":[""],"origin":"+input"}
2019-5-20 10:47:17.249#change#{"from":{"line":2,"ch":1,"sticky":null},"to":{"line":2,"ch":1,"sticky":null},"text":["f"],"removed":[""],"origin":"+input"}
2019-5-20 10:47:19.079#blur#
2019-5-20 10:47:26.868#mousedown#{"isTrusted":true}
2019-5-20 10:47:26.875#focus#
2019-5-20 10:47:27.926#change#{"from":{"line":2,"ch":2,"sticky":"before","xRel":1.09375},"to":{"line":2,"ch":2,"sticky":"before","xRel":1.09375},"text":["()"],"removed":[""],"origin":"+input"}
2019-5-20 10:47:27.926#keyHandled#"'('"
2019-5-20 10:47:28.699#change#{"from":{"line":2,"ch":3,"sticky":"after"},"to":{"line":2,"ch":3,"sticky":"after"},"text":["t"],"removed":[""],"origin":"+input"}
2019-5-20 10:47:28.894#change#{"from":{"line":2,"ch":4,"sticky":null},"to":{"line":2,"ch":4,"sticky":null},"text":["i"],"removed":[""],"origin":"+input"}
2019-5-20 10:47:29.199#change#{"from":{"line":2,"ch":5,"sticky":null},"to":{"line":2,"ch":5,"sticky":null},"text":["p"],"removed":[""],"origin":"+input"}
2019-5-20 10:47:29.482#change#{"from":{"line":2,"ch":6,"sticky":null},"to":{"line":2,"ch":6,"sticky":null},"text":["o"],"removed":[""],"origin":"+input"}
2019-5-20 10:47:31.823#change#{"from":{"line":2,"ch":8,"sticky":null},"to":{"line":2,"ch":8,"sticky":null},"text":["="],"removed":[""],"origin":"+input"}
2019-5-20 10:47:32.012#change#{"from":{"line":2,"ch":9,"sticky":null},"to":{"line":2,"ch":9,"sticky":null},"text":["="],"removed":[""],"origin":"+input"}
2019-5-20 10:47:32.262#change#{"from":{"line":2,"ch":10,"sticky":null},"to":{"line":2,"ch":10,"sticky":null},"text":[" "],"removed":[""],"origin":"+input"}
2019-5-20 10:47:33.602#change#{"from":{"line":2,"ch":11,"sticky":null},"to":{"line":2,"ch":11,"sticky":null},"text":["A"],"removed":[""],"origin":"+input"}
2019-5-20 10:47:34.776#keyHandled#"Right"
2019-5-20 10:47:35.624#change#{"from":{"line":2,"ch":13,"sticky":"before"},"to":{"line":2,"ch":13,"sticky":"before"},"text":[":"],"removed":[""],"origin":"+input"}
2019-5-20 10:47:36.201#change#{"from":{"line":2,"ch":14,"sticky":null},"to":{"line":2,"ch":14,"sticky":null},"text":["",""],"removed":[""],"origin":"+input"}
2019-5-20 10:47:36.201#change#{"from":{"line":3,"ch":0,"sticky":null},"to":{"line":3,"ch":0,"sticky":null},"text":["\t"],"removed":[""],"origin":"+input"}
2019-5-20 10:47:36.201#keyHandled#"Enter"
2019-5-20 10:47:36.212#viewportChange#0
2019-5-20 10:47:38.372#change#{"from":{"line":3,"ch":1,"sticky":null},"to":{"line":3,"ch":1,"sticky":null},"text":["c"],"removed":[""],"origin":"+input"}
2019-5-20 10:47:38.525#change#{"from":{"line":3,"ch":2,"sticky":null},"to":{"line":3,"ch":2,"sticky":null},"text":["o"],"removed":[""],"origin":"+input"}
2019-5-20 10:47:38.820#change#{"from":{"line":3,"ch":3,"sticky":null},"to":{"line":3,"ch":3,"sticky":null},"text":["n"],"removed":[""],"origin":"+input"}
2019-5-20 10:47:39.536#change#{"from":{"line":3,"ch":4,"sticky":null},"to":{"line":3,"ch":4,"sticky":null},"text":["s"],"removed":[""],"origin":"+input"}
2019-5-20 10:47:39.633#change#{"from":{"line":3,"ch":5,"sticky":null},"to":{"line":3,"ch":5,"sticky":null},"text":["u"],"removed":[""],"origin":"+input"}
2019-5-20 10:47:39.982#change#{"from":{"line":3,"ch":6,"sticky":null},"to":{"line":3,"ch":6,"sticky":null},"text":["m"],"removed":[""],"origin":"+input"}
2019-5-20 10:47:40.288#change#{"from":{"line":3,"ch":7,"sticky":null},"to":{"line":3,"ch":7,"sticky":null},"text":["o"],"removed":[""],"origin":"+input"}
2019-5-20 10:47:44.181#change#{"from":{"line":3,"ch":8,"sticky":null},"to":{"line":3,"ch":8,"sticky":null},"text":[" "],"removed":[""],"origin":"+input"}
2019-5-20 10:47:44.241#change#{"from":{"line":3,"ch":9,"sticky":null},"to":{"line":3,"ch":9,"sticky":null},"text":["="],"removed":[""],"origin":"+input"}
2019-5-20 10:47:45.076#change#{"from":{"line":3,"ch":10,"sticky":null},"to":{"line":3,"ch":10,"sticky":null},"text":[" "],"removed":[""],"origin":"+input"}
2019-5-20 10:47:50.032#change#{"from":{"line":3,"ch":11,"sticky":null},"to":{"line":3,"ch":11,"sticky":null},"text":["p"],"removed":[""],"origin":"+input"}
2019-5-20 10:47:50.219#change#{"from":{"line":3,"ch":12,"sticky":null},"to":{"line":3,"ch":12,"sticky":null},"text":["e"],"removed":[""],"origin":"+input"}
2019-5-20 10:47:50.434#change#{"from":{"line":3,"ch":13,"sticky":null},"to":{"line":3,"ch":13,"sticky":null},"text":["r"],"removed":[""],"origin":"+input"}
2019-5-20 10:47:51.170#change#{"from":{"line":3,"ch":14,"sticky":null},"to":{"line":3,"ch":14,"sticky":null},"text":["c"],"removed":[""],"origin":"+input"}
2019-5-20 10:47:51.839#change#{"from":{"line":3,"ch":15,"sticky":null},"to":{"line":3,"ch":15,"sticky":null},"text":["u"],"removed":[""],"origin":"+input"}
2019-5-20 10:47:52.097#change#{"from":{"line":3,"ch":16,"sticky":null},"to":{"line":3,"ch":16,"sticky":null},"text":["r"],"removed":[""],"origin":"+input"}
2019-5-20 10:47:52.849#change#{"from":{"line":3,"ch":17,"sticky":null},"to":{"line":3,"ch":17,"sticky":null},"text":["s"],"removed":[""],"origin":"+input"}
2019-5-20 10:47:53.081#change#{"from":{"line":3,"ch":18,"sticky":null},"to":{"line":3,"ch":18,"sticky":null},"text":["o"],"removed":[""],"origin":"+input"}
2019-5-20 10:47:55.166#change#{"from":{"line":3,"ch":19,"sticky":null},"to":{"line":3,"ch":19,"sticky":null},"text":["/"],"removed":[""],"origin":"+input"}
2019-5-20 10:47:57.082#change#{"from":{"line":3,"ch":20,"sticky":null},"to":{"line":3,"ch":20,"sticky":null},"text":["8"],"removed":[""],"origin":"+input"}
2019-5-20 10:48:20.573#change#{"from":{"line":3,"ch":21,"sticky":null},"to":{"line":3,"ch":21,"sticky":null},"text":["",""],"removed":[""],"origin":"+input"}
2019-5-20 10:48:20.573#change#{"from":{"line":4,"ch":0,"sticky":null},"to":{"line":4,"ch":0,"sticky":null},"text":["\t"],"removed":[""],"origin":"+input"}
2019-5-20 10:48:20.574#keyHandled#"Enter"
2019-5-20 10:48:20.585#viewportChange#0
2019-5-20 10:48:21.694#change#{"from":{"line":4,"ch":1,"sticky":null},"to":{"line":4,"ch":1,"sticky":null},"text":["p"],"removed":[""],"origin":"+input"}
2019-5-20 10:48:21.955#change#{"from":{"line":4,"ch":2,"sticky":null},"to":{"line":4,"ch":2,"sticky":null},"text":["r"],"removed":[""],"origin":"+input"}
2019-5-20 10:48:22.131#change#{"from":{"line":4,"ch":3,"sticky":null},"to":{"line":4,"ch":3,"sticky":null},"text":["i"],"removed":[""],"origin":"+input"}
2019-5-20 10:48:22.394#change#{"from":{"line":4,"ch":4,"sticky":null},"to":{"line":4,"ch":4,"sticky":null},"text":["n"],"removed":[""],"origin":"+input"}
2019-5-20 10:48:22.600#change#{"from":{"line":4,"ch":5,"sticky":null},"to":{"line":4,"ch":5,"sticky":null},"text":["t"],"removed":[""],"origin":"+input"}
2019-5-20 10:48:24.528#change#{"from":{"line":4,"ch":6,"sticky":null},"to":{"line":4,"ch":6,"sticky":null},"text":["()"],"removed":[""],"origin":"+input"}
2019-5-20 10:48:24.528#keyHandled#"'('"
2019-5-20 10:48:25.389#change#{"from":{"line":4,"ch":7,"sticky":"after"},"to":{"line":4,"ch":7,"sticky":"after"},"text":["r"],"removed":[""],"origin":"+input"}
2019-5-20 10:48:25.772#change#{"from":{"line":4,"ch":8,"sticky":null},"to":{"line":4,"ch":8,"sticky":null},"text":["o"],"removed":[""],"origin":"+input"}
2019-5-20 10:48:26.083#change#{"from":{"line":4,"ch":9,"sticky":null},"to":{"line":4,"ch":9,"sticky":null},"text":["u"],"removed":[""],"origin":"+input"}
2019-5-20 10:48:26.345#change#{"from":{"line":4,"ch":10,"sticky":null},"to":{"line":4,"ch":10,"sticky":null},"text":["n"],"removed":[""],"origin":"+input"}
2019-5-20 10:48:26.603#change#{"from":{"line":4,"ch":11,"sticky":null},"to":{"line":4,"ch":11,"sticky":null},"text":["d"],"removed":[""],"origin":"+input"}
2019-5-20 10:48:27.770#change#{"from":{"line":4,"ch":12,"sticky":null},"to":{"line":4,"ch":12,"sticky":null},"text":["()"],"removed":[""],"origin":"+input"}
2019-5-20 10:48:27.770#keyHandled#"'('"
2019-5-20 10:48:28.952#change#{"from":{"line":4,"ch":13,"sticky":"after"},"to":{"line":4,"ch":13,"sticky":"after"},"text":["c"],"removed":[""],"origin":"+input"}
2019-5-20 10:48:29.145#change#{"from":{"line":4,"ch":14,"sticky":null},"to":{"line":4,"ch":14,"sticky":null},"text":["o"],"removed":[""],"origin":"+input"}
2019-5-20 10:48:29.433#change#{"from":{"line":4,"ch":15,"sticky":null},"to":{"line":4,"ch":15,"sticky":null},"text":["n"],"removed":[""],"origin":"+input"}
2019-5-20 10:48:29.772#change#{"from":{"line":4,"ch":16,"sticky":null},"to":{"line":4,"ch":16,"sticky":null},"text":["s"],"removed":[""],"origin":"+input"}
2019-5-20 10:48:29.924#change#{"from":{"line":4,"ch":17,"sticky":null},"to":{"line":4,"ch":17,"sticky":null},"text":["u"],"removed":[""],"origin":"+input"}
2019-5-20 10:48:30.192#change#{"from":{"line":4,"ch":18,"sticky":null},"to":{"line":4,"ch":18,"sticky":null},"text":["m"],"removed":[""],"origin":"+input"}
2019-5-20 10:48:30.448#change#{"from":{"line":4,"ch":19,"sticky":null},"to":{"line":4,"ch":19,"sticky":null},"text":["o"],"removed":[""],"origin":"+input"}
2019-5-20 10:48:31.198#change#{"from":{"line":4,"ch":20,"sticky":null},"to":{"line":4,"ch":20,"sticky":null},"text":[","],"removed":[""],"origin":"+input"}
2019-5-20 10:48:32.417#keyHandled#"Right"
2019-5-20 10:48:32.838#keyHandled#"Right"
2019-5-20 10:48:33.286#change#{"from":{"line":4,"ch":24,"sticky":"before"},"to":{"line":4,"ch":24,"sticky":"before"},"text":["",""],"removed":[""],"origin":"+input"}
2019-5-20 10:48:33.286#change#{"from":{"line":5,"ch":0,"sticky":null},"to":{"line":5,"ch":0,"sticky":null},"text":["\t"],"removed":[""],"origin":"+input"}
2019-5-20 10:48:33.286#keyHandled#"Enter"
2019-5-20 10:48:33.297#viewportChange#0
2019-5-20 10:48:34.819#keyHandled#"Left"
2019-5-20 10:48:35.676#change#{"from":{"line":5,"ch":0,"sticky":"after"},"to":{"line":5,"ch":0,"sticky":"after"},"text":["e"],"removed":[""],"origin":"+input"}
2019-5-20 10:48:35.843#change#{"from":{"line":5,"ch":1,"sticky":null},"to":{"line":5,"ch":1,"sticky":null},"text":["l"],"removed":[""],"origin":"+input"}
2019-5-20 10:48:36.056#change#{"from":{"line":5,"ch":2,"sticky":null},"to":{"line":5,"ch":2,"sticky":null},"text":["s"],"removed":[""],"origin":"+input"}
2019-5-20 10:48:36.381#change#{"from":{"line":5,"ch":3,"sticky":null},"to":{"line":5,"ch":3,"sticky":null},"text":["e"],"removed":[""],"origin":"+input"}
2019-5-20 10:48:37.889#change#{"from":{"line":5,"ch":4,"sticky":null},"to":{"line":5,"ch":4,"sticky":null},"text":[":"],"removed":[""],"origin":"+input"}
2019-5-20 10:48:38.752#change#{"from":{"line":5,"ch":5,"sticky":null},"to":{"line":5,"ch":5,"sticky":null},"text":["",""],"removed":[""],"origin":"+input"}
2019-5-20 10:48:38.752#keyHandled#"Enter"
2019-5-20 10:48:38.763#viewportChange#0
2019-5-20 10:48:39.654#change#{"from":{"line":6,"ch":1,"sticky":null},"to":{"line":6,"ch":1,"sticky":null},"text":["c"],"removed":[""],"origin":"+input"}
2019-5-20 10:48:39.839#change#{"from":{"line":6,"ch":2,"sticky":null},"to":{"line":6,"ch":2,"sticky":null},"text":["o"],"removed":[""],"origin":"+input"}
2019-5-20 10:48:40.191#change#{"from":{"line":6,"ch":3,"sticky":null},"to":{"line":6,"ch":3,"sticky":null},"text":["n"],"removed":[""],"origin":"+input"}
2019-5-20 10:48:40.415#change#{"from":{"line":6,"ch":4,"sticky":null},"to":{"line":6,"ch":4,"sticky":null},"text":["s"],"removed":[""],"origin":"+input"}
2019-5-20 10:48:40.519#change#{"from":{"line":6,"ch":5,"sticky":null},"to":{"line":6,"ch":5,"sticky":null},"text":["u"],"removed":[""],"origin":"+input"}
2019-5-20 10:48:40.767#change#{"from":{"line":6,"ch":6,"sticky":null},"to":{"line":6,"ch":6,"sticky":null},"text":["m"],"removed":[""],"origin":"+input"}
2019-5-20 10:48:41.014#change#{"from":{"line":6,"ch":7,"sticky":null},"to":{"line":6,"ch":7,"sticky":null},"text":["o"],"removed":[""],"origin":"+input"}
2019-5-20 10:48:41.774#change#{"from":{"line":6,"ch":8,"sticky":null},"to":{"line":6,"ch":8,"sticky":null},"text":[" "],"removed":[""],"origin":"+input"}
2019-5-20 10:48:42.044#change#{"from":{"line":6,"ch":9,"sticky":null},"to":{"line":6,"ch":9,"sticky":null},"text":["="],"removed":[""],"origin":"+input"}
2019-5-20 10:48:42.187#change#{"from":{"line":6,"ch":10,"sticky":null},"to":{"line":6,"ch":10,"sticky":null},"text":[" "],"removed":[""],"origin":"+input"}
2019-5-20 10:48:42.872#change#{"from":{"line":6,"ch":11,"sticky":null},"to":{"line":6,"ch":11,"sticky":null},"text":["p"],"removed":[""],"origin":"+input"}
2019-5-20 10:48:43.041#change#{"from":{"line":6,"ch":12,"sticky":null},"to":{"line":6,"ch":12,"sticky":null},"text":["e"],"removed":[""],"origin":"+input"}
2019-5-20 10:48:43.758#change#{"from":{"line":6,"ch":13,"sticky":null},"to":{"line":6,"ch":13,"sticky":null},"text":["r"],"removed":[""],"origin":"+input"}
2019-5-20 10:48:44.245#change#{"from":{"line":6,"ch":14,"sticky":null},"to":{"line":6,"ch":14,"sticky":null},"text":["c"],"removed":[""],"origin":"+input"}
2019-5-20 10:48:44.449#change#{"from":{"line":6,"ch":15,"sticky":null},"to":{"line":6,"ch":15,"sticky":null},"text":["u"],"removed":[""],"origin":"+input"}
2019-5-20 10:48:44.614#change#{"from":{"line":6,"ch":16,"sticky":null},"to":{"line":6,"ch":16,"sticky":null},"text":["r"],"removed":[""],"origin":"+input"}
2019-5-20 10:48:44.957#change#{"from":{"line":6,"ch":17,"sticky":null},"to":{"line":6,"ch":17,"sticky":null},"text":["s"],"removed":[""],"origin":"+input"}
2019-5-20 10:48:45.116#change#{"from":{"line":6,"ch":18,"sticky":null},"to":{"line":6,"ch":18,"sticky":null},"text":["o"],"removed":[""],"origin":"+input"}
2019-5-20 10:48:46.329#change#{"from":{"line":6,"ch":19,"sticky":null},"to":{"line":6,"ch":19,"sticky":null},"text":["/"],"removed":[""],"origin":"+input"}
2019-5-20 10:48:47.840#change#{"from":{"line":6,"ch":20,"sticky":null},"to":{"line":6,"ch":20,"sticky":null},"text":["1"],"removed":[""],"origin":"+input"}
2019-5-20 10:48:48.041#change#{"from":{"line":6,"ch":21,"sticky":null},"to":{"line":6,"ch":21,"sticky":null},"text":["2"],"removed":[""],"origin":"+input"}
2019-5-20 10:49:00.203#change#{"from":{"line":6,"ch":22,"sticky":null},"to":{"line":6,"ch":22,"sticky":null},"text":["",""],"removed":[""],"origin":"+input"}
2019-5-20 10:49:00.203#change#{"from":{"line":7,"ch":0,"sticky":null},"to":{"line":7,"ch":0,"sticky":null},"text":["\t"],"removed":[""],"origin":"+input"}
2019-5-20 10:49:00.203#keyHandled#"Enter"
2019-5-20 10:49:00.221#viewportChange#0
2019-5-20 10:49:01.139#change#{"from":{"line":7,"ch":1,"sticky":null},"to":{"line":7,"ch":1,"sticky":null},"text":["p"],"removed":[""],"origin":"+input"}
2019-5-20 10:49:01.379#change#{"from":{"line":7,"ch":2,"sticky":null},"to":{"line":7,"ch":2,"sticky":null},"text":["r"],"removed":[""],"origin":"+input"}
2019-5-20 10:49:01.529#change#{"from":{"line":7,"ch":3,"sticky":null},"to":{"line":7,"ch":3,"sticky":null},"text":["i"],"removed":[""],"origin":"+input"}
2019-5-20 10:49:01.780#change#{"from":{"line":7,"ch":4,"sticky":null},"to":{"line":7,"ch":4,"sticky":null},"text":["n"],"removed":[""],"origin":"+input"}
2019-5-20 10:49:01.957#change#{"from":{"line":7,"ch":5,"sticky":null},"to":{"line":7,"ch":5,"sticky":null},"text":["t"],"removed":[""],"origin":"+input"}
2019-5-20 10:49:02.676#change#{"from":{"line":7,"ch":6,"sticky":null},"to":{"line":7,"ch":6,"sticky":null},"text":["()"],"removed":[""],"origin":"+input"}
2019-5-20 10:49:02.676#keyHandled#"'('"
2019-5-20 10:49:03.266#change#{"from":{"line":7,"ch":7,"sticky":"after"},"to":{"line":7,"ch":7,"sticky":"after"},"text":["r"],"removed":[""],"origin":"+input"}
2019-5-20 10:49:03.410#change#{"from":{"line":7,"ch":8,"sticky":null},"to":{"line":7,"ch":8,"sticky":null},"text":["o"],"removed":[""],"origin":"+input"}
2019-5-20 10:49:03.676#change#{"from":{"line":7,"ch":9,"sticky":null},"to":{"line":7,"ch":9,"sticky":null},"text":["u"],"removed":[""],"origin":"+input"}
2019-5-20 10:49:03.917#change#{"from":{"line":7,"ch":10,"sticky":null},"to":{"line":7,"ch":10,"sticky":null},"text":["n"],"removed":[""],"origin":"+input"}
2019-5-20 10:49:04.238#change#{"from":{"line":7,"ch":11,"sticky":null},"to":{"line":7,"ch":11,"sticky":null},"text":["d"],"removed":[""],"origin":"+input"}
2019-5-20 10:49:05.548#change#{"from":{"line":7,"ch":12,"sticky":null},"to":{"line":7,"ch":12,"sticky":null},"text":["()"],"removed":[""],"origin":"+input"}
2019-5-20 10:49:05.548#keyHandled#"'('"
2019-5-20 10:49:07.026#change#{"from":{"line":7,"ch":13,"sticky":"after"},"to":{"line":7,"ch":13,"sticky":"after"},"text":["c"],"removed":[""],"origin":"+input"}
2019-5-20 10:49:07.175#change#{"from":{"line":7,"ch":14,"sticky":null},"to":{"line":7,"ch":14,"sticky":null},"text":["o"],"removed":[""],"origin":"+input"}
2019-5-20 10:49:07.869#change#{"from":{"line":7,"ch":15,"sticky":null},"to":{"line":7,"ch":15,"sticky":null},"text":["m"],"removed":[""],"origin":"+input"}
2019-5-20 10:49:08.710#change#{"from":{"line":7,"ch":16,"sticky":null},"to":{"line":7,"ch":16,"sticky":null},"text":["="],"removed":[""],"origin":"+input"}
2019-5-20 10:49:09.655#change#{"from":{"line":7,"ch":16,"sticky":"after"},"to":{"line":7,"ch":17,"sticky":null},"text":[""],"removed":["="],"origin":"+delete"}
2019-5-20 10:49:09.655#keyHandled#"Backspace"
2019-5-20 10:49:09.953#change#{"from":{"line":7,"ch":15,"sticky":"after"},"to":{"line":7,"ch":16,"sticky":null},"text":[""],"removed":["m"],"origin":"+delete"}
2019-5-20 10:49:09.953#keyHandled#"Backspace"
2019-5-20 10:49:10.558#change#{"from":{"line":7,"ch":15,"sticky":null},"to":{"line":7,"ch":15,"sticky":null},"text":["n"],"removed":[""],"origin":"+input"}
2019-5-20 10:49:10.950#change#{"from":{"line":7,"ch":16,"sticky":null},"to":{"line":7,"ch":16,"sticky":null},"text":["s"],"removed":[""],"origin":"+input"}
2019-5-20 10:49:11.039#change#{"from":{"line":7,"ch":17,"sticky":null},"to":{"line":7,"ch":17,"sticky":null},"text":["u"],"removed":[""],"origin":"+input"}
2019-5-20 10:49:11.304#change#{"from":{"line":7,"ch":18,"sticky":null},"to":{"line":7,"ch":18,"sticky":null},"text":["m"],"removed":[""],"origin":"+input"}
2019-5-20 10:49:12.099#change#{"from":{"line":7,"ch":20,"sticky":null},"to":{"line":7,"ch":20,"sticky":null},"text":[","],"removed":[""],"origin":"+input"}
2019-5-20 10:49:12.500#change#{"from":{"line":7,"ch":21,"sticky":null},"to":{"line":7,"ch":21,"sticky":null},"text":["2"],"removed":[""],"origin":"+input"}
2019-5-20 10:49:12.099#change#{"from":{"line":7,"ch":20,"sticky":null},"to":{"line":7,"ch":20,"sticky":null},"text":[","],"removed":[""],"origin":"+input"}
2019-5-20 10:49:12.500#change#{"from":{"line":7,"ch":21,"sticky":null},"to":{"line":7,"ch":21,"sticky":null},"text":["2"],"removed":[""],"origin":"+input"}
2019-5-20 10:49:29.037#blur#
2019-5-20 10:49:29.659#saida_testar#$ python3 main.py
2019-5-20 10:49:38.707#dica_bullet#NameError: name 'NOME_DA_VARIAVEL' is not defined
2019-5-20 10:49:49.999#mousedown#{"isTrusted":true}
2019-5-20 10:49:50.218#focus#
2019-5-20 10:49:51.626#change#{"from":{"line":2,"ch":12,"sticky":"before","xRel":-0.21875},"to":{"line":2,"ch":12,"sticky":"before","xRel":-0.21875},"text":["\"\""],"removed":[""],"origin":"+input"}
2019-5-20 10:49:51.626#keyHandled#"'\"'"
2019-5-20 10:49:53.073#change#{"from":{"line":2,"ch":12,"sticky":null},"to":{"line":2,"ch":14,"sticky":null},"text":[""],"removed":["\"\""],"origin":"+delete"}
2019-5-20 10:49:53.073#keyHandled#"Backspace"
2019-5-20 10:49:53.365#change#{"from":{"line":2,"ch":11,"sticky":"after"},"to":{"line":2,"ch":12,"sticky":null},"text":[""],"removed":["A"],"origin":"+delete"}
2019-5-20 10:49:53.365#keyHandled#"Backspace"
2019-5-20 10:49:54.408#change#{"from":{"line":2,"ch":11,"sticky":null},"to":{"line":2,"ch":11,"sticky":null},"text":["\"\""],"removed":[""],"origin":"+input"}
2019-5-20 10:49:54.408#keyHandled#"'\"'"
2019-5-20 10:49:54.932#change#{"from":{"line":2,"ch":12,"sticky":"after"},"to":{"line":2,"ch":12,"sticky":"after"},"text":["A"],"removed":[""],"origin":"+input"}
2019-5-20 10:49:54.408#change#{"from":{"line":2,"ch":11,"sticky":null},"to":{"line":2,"ch":11,"sticky":null},"text":["\"\""],"removed":[""],"origin":"+input"}
2019-5-20 10:49:54.408#keyHandled#"'\"'"
2019-5-20 10:49:54.932#change#{"from":{"line":2,"ch":12,"sticky":"after"},"to":{"line":2,"ch":12,"sticky":"after"},"text":["A"],"removed":[""],"origin":"+input"}
2019-5-20 10:49:57.571#blur#
2019-5-20 10:49:57.957#saida_testar#$ python3 main.py
