2019-3-25 03:49:49.919#viewportChange#0
2019-3-25 03:50:07.888#mousedown#{"isTrusted":true}
2019-3-25 03:50:07.902#focus#
2019-3-25 03:50:09.320#blur#
2019-3-25 03:50:11.548#focus#
2019-3-25 03:50:12.848#mousedown#{"isTrusted":true}
2019-3-25 03:50:13.572#change#{"from":{"line":3,"ch":0,"sticky":null,"xRel":1,"outside":true},"to":{"line":3,"ch":0,"sticky":null,"xRel":1,"outside":true},"text":["t"],"removed":[""],"origin":"+input"}
2019-3-25 03:50:13.665#mousedown#{"isTrusted":true}
2019-3-25 03:50:13.777#change#{"from":{"line":3,"ch":1,"sticky":null},"to":{"line":3,"ch":1,"sticky":null},"text":["e"],"removed":[""],"origin":"+input"}
2019-3-25 03:50:14.190#change#{"from":{"line":3,"ch":2,"sticky":null},"to":{"line":3,"ch":2,"sticky":null},"text":["x"],"removed":[""],"origin":"+input"}
2019-3-25 03:50:14.832#change#{"from":{"line":3,"ch":3,"sticky":null},"to":{"line":3,"ch":3,"sticky":null},"text":["t"],"removed":[""],"origin":"+input"}
2019-3-25 03:50:15.027#change#{"from":{"line":3,"ch":4,"sticky":null},"to":{"line":3,"ch":4,"sticky":null},"text":["o"],"removed":[""],"origin":"+input"}
2019-3-25 03:50:17.595#change#{"from":{"line":3,"ch":5,"sticky":null},"to":{"line":3,"ch":5,"sticky":null},"text":[" "],"removed":[""],"origin":"+input"}
2019-3-25 03:50:17.850#change#{"from":{"line":3,"ch":6,"sticky":null},"to":{"line":3,"ch":6,"sticky":null},"text":["="],"removed":[""],"origin":"+input"}
2019-3-25 03:50:18.171#change#{"from":{"line":3,"ch":7,"sticky":null},"to":{"line":3,"ch":7,"sticky":null},"text":[" "],"removed":[""],"origin":"+input"}
2019-3-25 03:50:19.918#blur#
2019-3-25 03:50:21.343#focus#
2019-3-25 03:50:22.329#blur#
2019-3-25 03:50:23.557#focus#
2019-3-25 03:50:26.991#change#{"from":{"line":3,"ch":8,"sticky":null},"to":{"line":3,"ch":8,"sticky":null},"text":["i"],"removed":[""],"origin":"+input"}
2019-3-25 03:50:27.166#change#{"from":{"line":3,"ch":9,"sticky":null},"to":{"line":3,"ch":9,"sticky":null},"text":["n"],"removed":[""],"origin":"+input"}
2019-3-25 03:50:27.433#change#{"from":{"line":3,"ch":10,"sticky":null},"to":{"line":3,"ch":10,"sticky":null},"text":["p"],"removed":[""],"origin":"+input"}
2019-3-25 03:50:27.713#change#{"from":{"line":3,"ch":11,"sticky":null},"to":{"line":3,"ch":11,"sticky":null},"text":["u"],"removed":[""],"origin":"+input"}
2019-3-25 03:50:27.916#change#{"from":{"line":3,"ch":12,"sticky":null},"to":{"line":3,"ch":12,"sticky":null},"text":["t"],"removed":[""],"origin":"+input"}
2019-3-25 03:50:29.310#change#{"from":{"line":3,"ch":13,"sticky":null},"to":{"line":3,"ch":13,"sticky":null},"text":["/"],"removed":[""],"origin":"+input"}
2019-3-25 03:50:29.666#change#{"from":{"line":3,"ch":14,"sticky":null},"to":{"line":3,"ch":14,"sticky":null},"text":["9"],"removed":[""],"origin":"+input"}
2019-3-25 03:50:30.298#change#{"from":{"line":3,"ch":14,"sticky":"after"},"to":{"line":3,"ch":15,"sticky":null},"text":[""],"removed":["9"],"origin":"+delete"}
2019-3-25 03:50:30.298#keyHandled#"Backspace"
2019-3-25 03:50:30.474#change#{"from":{"line":3,"ch":13,"sticky":"after"},"to":{"line":3,"ch":14,"sticky":null},"text":[""],"removed":["/"],"origin":"+delete"}
2019-3-25 03:50:30.474#keyHandled#"Backspace"
2019-3-25 03:50:31.735#change#{"from":{"line":3,"ch":13,"sticky":null},"to":{"line":3,"ch":13,"sticky":null},"text":["()"],"removed":[""],"origin":"+input"}
2019-3-25 03:50:31.735#keyHandled#"'('"
2019-3-25 03:50:33.207#change#{"from":{"line":3,"ch":14,"sticky":"after"},"to":{"line":3,"ch":14,"sticky":"after"},"text":["\"\""],"removed":[""],"origin":"+input"}
2019-3-25 03:50:33.207#keyHandled#"'\"'"
2019-3-25 03:50:36.975#change#{"from":{"line":3,"ch":15,"sticky":"after"},"to":{"line":3,"ch":15,"sticky":"after"},"text":["m"],"removed":[""],"origin":"+input"}
2019-3-25 03:50:37.116#change#{"from":{"line":3,"ch":16,"sticky":null},"to":{"line":3,"ch":16,"sticky":null},"text":["e"],"removed":[""],"origin":"+input"}
2019-3-25 03:50:37.245#change#{"from":{"line":3,"ch":17,"sticky":null},"to":{"line":3,"ch":17,"sticky":null},"text":["u"],"removed":[""],"origin":"+input"}
2019-3-25 03:50:37.768#change#{"from":{"line":3,"ch":18,"sticky":null},"to":{"line":3,"ch":18,"sticky":null},"text":[" "],"removed":[""],"origin":"+input"}
2019-3-25 03:50:37.974#change#{"from":{"line":3,"ch":19,"sticky":null},"to":{"line":3,"ch":19,"sticky":null},"text":["n"],"removed":[""],"origin":"+input"}
2019-3-25 03:50:38.158#change#{"from":{"line":3,"ch":20,"sticky":null},"to":{"line":3,"ch":20,"sticky":null},"text":["o"],"removed":[""],"origin":"+input"}
2019-3-25 03:50:38.339#change#{"from":{"line":3,"ch":21,"sticky":null},"to":{"line":3,"ch":21,"sticky":null},"text":["m"],"removed":[""],"origin":"+input"}
2019-3-25 03:50:38.477#change#{"from":{"line":3,"ch":22,"sticky":null},"to":{"line":3,"ch":22,"sticky":null},"text":["e"],"removed":[""],"origin":"+input"}
2019-3-25 03:50:38.615#change#{"from":{"line":3,"ch":23,"sticky":null},"to":{"line":3,"ch":23,"sticky":null},"text":[" "],"removed":[""],"origin":"+input"}
2019-3-25 03:50:39.406#change#{"from":{"line":3,"ch":24,"sticky":null},"to":{"line":3,"ch":24,"sticky":null},"text":["é"],"removed":[""],"origin":"+input"}
2019-3-25 03:50:39.490#change#{"from":{"line":3,"ch":25,"sticky":null},"to":{"line":3,"ch":25,"sticky":null},"text":[" "],"removed":[""],"origin":"+input"}
2019-3-25 03:50:39.656#change#{"from":{"line":3,"ch":26,"sticky":null},"to":{"line":3,"ch":26,"sticky":null},"text":["m"],"removed":[""],"origin":"+input"}
2019-3-25 03:50:39.799#change#{"from":{"line":3,"ch":27,"sticky":null},"to":{"line":3,"ch":27,"sticky":null},"text":["a"],"removed":[""],"origin":"+input"}
2019-3-25 03:50:39.924#change#{"from":{"line":3,"ch":28,"sticky":null},"to":{"line":3,"ch":28,"sticky":null},"text":["r"],"removed":[""],"origin":"+input"}
2019-3-25 03:50:40.066#change#{"from":{"line":3,"ch":29,"sticky":null},"to":{"line":3,"ch":29,"sticky":null},"text":["i"],"removed":[""],"origin":"+input"}
2019-3-25 03:50:40.218#change#{"from":{"line":3,"ch":30,"sticky":null},"to":{"line":3,"ch":30,"sticky":null},"text":["a"],"removed":[""],"origin":"+input"}
2019-3-25 03:50:42.741#blur#
2019-3-25 03:50:42.741#blur#
2019-3-25 03:50:54.296#mousedown#{"isTrusted":true}
2019-3-25 03:50:54.357#focus#
2019-3-25 03:50:55.269#mousedown#{"isTrusted":true}
2019-3-25 03:50:56.712#change#{"from":{"line":3,"ch":13,"sticky":"after"},"to":{"line":3,"ch":14,"sticky":"before","xRel":-2.625},"text":[""],"removed":["("],"origin":"+delete"}
2019-3-25 03:50:56.712#keyHandled#"Backspace"
2019-3-25 03:50:56.905#change#{"from":{"line":3,"ch":12,"sticky":"after"},"to":{"line":3,"ch":13,"sticky":null},"text":[""],"removed":["t"],"origin":"+delete"}
2019-3-25 03:50:56.905#keyHandled#"Backspace"
2019-3-25 03:50:57.195#change#{"from":{"line":3,"ch":11,"sticky":"after"},"to":{"line":3,"ch":12,"sticky":null},"text":[""],"removed":["u"],"origin":"+delete"}
2019-3-25 03:50:57.195#keyHandled#"Backspace"
2019-3-25 03:50:57.369#change#{"from":{"line":3,"ch":10,"sticky":"after"},"to":{"line":3,"ch":11,"sticky":null},"text":[""],"removed":["p"],"origin":"+delete"}
2019-3-25 03:50:57.369#keyHandled#"Backspace"
2019-3-25 03:50:57.595#change#{"from":{"line":3,"ch":9,"sticky":"after"},"to":{"line":3,"ch":10,"sticky":null},"text":[""],"removed":["n"],"origin":"+delete"}
2019-3-25 03:50:57.595#keyHandled#"Backspace"
2019-3-25 03:50:57.918#change#{"from":{"line":3,"ch":8,"sticky":"after"},"to":{"line":3,"ch":9,"sticky":null},"text":[""],"removed":["i"],"origin":"+delete"}
2019-3-25 03:50:57.918#keyHandled#"Backspace"
2019-3-25 03:50:58.497#keyHandled#"Right"
2019-3-25 03:50:58.985#keyHandled#"Right"
2019-3-25 03:50:59.021#keyHandled#"Right"
2019-3-25 03:50:59.055#keyHandled#"Right"
2019-3-25 03:50:59.091#keyHandled#"Right"
2019-3-25 03:50:59.138#keyHandled#"Right"
2019-3-25 03:50:59.159#keyHandled#"Right"
2019-3-25 03:50:59.198#keyHandled#"Right"
2019-3-25 03:50:59.232#keyHandled#"Right"
2019-3-25 03:50:59.268#keyHandled#"Right"
2019-3-25 03:50:59.303#keyHandled#"Right"
2019-3-25 03:50:59.346#keyHandled#"Right"
2019-3-25 03:50:59.381#keyHandled#"Right"
2019-3-25 03:50:59.416#keyHandled#"Right"
2019-3-25 03:50:59.450#keyHandled#"Right"
2019-3-25 03:50:59.486#keyHandled#"Right"
2019-3-25 03:50:59.521#keyHandled#"Right"
2019-3-25 03:50:59.753#keyHandled#"Right"
2019-3-25 03:50:59.946#keyHandled#"Right"
2019-3-25 03:51:00.563#change#{"from":{"line":3,"ch":26,"sticky":"after"},"to":{"line":3,"ch":27,"sticky":"before"},"text":[""],"removed":[")"],"origin":"+delete"}
2019-3-25 03:51:00.563#keyHandled#"Backspace"
2019-3-25 03:51:02.265#blur#
2019-3-25 03:51:02.265#blur#
2019-3-25 03:51:04.996#saida_testar#$ python3 main.py
2019-3-25 03:51:06.657#mousedown#{"isTrusted":true}
2019-3-25 03:51:06.717#focus#
2019-3-25 03:51:07.241#change#{"from":{"line":3,"ch":26,"sticky":"before","xRel":14.09375},"to":{"line":3,"ch":26,"sticky":"before","xRel":14.09375},"text":["",""],"removed":[""],"origin":"+input"}
2019-3-25 03:51:07.241#keyHandled#"Enter"
2019-3-25 03:51:07.247#viewportChange#0
2019-3-25 03:51:11.548#change#{"from":{"line":4,"ch":0,"sticky":null},"to":{"line":4,"ch":0,"sticky":null},"text":["p"],"removed":[""],"origin":"+input"}
2019-3-25 03:51:11.759#change#{"from":{"line":4,"ch":1,"sticky":null},"to":{"line":4,"ch":1,"sticky":null},"text":["r"],"removed":[""],"origin":"+input"}
2019-3-25 03:51:11.897#change#{"from":{"line":4,"ch":2,"sticky":null},"to":{"line":4,"ch":2,"sticky":null},"text":["i"],"removed":[""],"origin":"+input"}
2019-3-25 03:51:12.080#change#{"from":{"line":4,"ch":3,"sticky":null},"to":{"line":4,"ch":3,"sticky":null},"text":["n"],"removed":[""],"origin":"+input"}
2019-3-25 03:51:12.397#change#{"from":{"line":4,"ch":4,"sticky":null},"to":{"line":4,"ch":4,"sticky":null},"text":["t"],"removed":[""],"origin":"+input"}
2019-3-25 03:51:13.064#change#{"from":{"line":4,"ch":5,"sticky":null},"to":{"line":4,"ch":5,"sticky":null},"text":[" "],"removed":[""],"origin":"+input"}
2019-3-25 03:51:13.364#change#{"from":{"line":4,"ch":6,"sticky":null},"to":{"line":4,"ch":6,"sticky":null},"text":["/"],"removed":[""],"origin":"+input"}
2019-3-25 03:51:13.560#change#{"from":{"line":4,"ch":7,"sticky":null},"to":{"line":4,"ch":7,"sticky":null},"text":["9"],"removed":[""],"origin":"+input"}
2019-3-25 03:51:14.329#change#{"from":{"line":4,"ch":7,"sticky":"after"},"to":{"line":4,"ch":8,"sticky":null},"text":[""],"removed":["9"],"origin":"+delete"}
2019-3-25 03:51:14.329#keyHandled#"Backspace"
2019-3-25 03:51:14.511#change#{"from":{"line":4,"ch":6,"sticky":"after"},"to":{"line":4,"ch":7,"sticky":null},"text":[""],"removed":["/"],"origin":"+delete"}
2019-3-25 03:51:14.511#keyHandled#"Backspace"
2019-3-25 03:51:14.879#change#{"from":{"line":4,"ch":5,"sticky":"after"},"to":{"line":4,"ch":6,"sticky":null},"text":[""],"removed":[" "],"origin":"+delete"}
2019-3-25 03:51:14.879#keyHandled#"Backspace"
2019-3-25 03:51:15.534#change#{"from":{"line":4,"ch":5,"sticky":null},"to":{"line":4,"ch":5,"sticky":null},"text":[" "],"removed":[""],"origin":"+input"}
2019-3-25 03:51:16.377#change#{"from":{"line":4,"ch":6,"sticky":null},"to":{"line":4,"ch":6,"sticky":null},"text":["()"],"removed":[""],"origin":"+input"}
2019-3-25 03:51:16.377#keyHandled#"'('"
2019-3-25 03:51:19.713#change#{"from":{"line":4,"ch":7,"sticky":"after"},"to":{"line":4,"ch":7,"sticky":"after"},"text":["t"],"removed":[""],"origin":"+input"}
2019-3-25 03:51:19.997#change#{"from":{"line":4,"ch":8,"sticky":null},"to":{"line":4,"ch":8,"sticky":null},"text":["e"],"removed":[""],"origin":"+input"}
2019-3-25 03:51:20.655#change#{"from":{"line":4,"ch":9,"sticky":null},"to":{"line":4,"ch":9,"sticky":null},"text":["x"],"removed":[""],"origin":"+input"}
2019-3-25 03:51:20.997#change#{"from":{"line":4,"ch":10,"sticky":null},"to":{"line":4,"ch":10,"sticky":null},"text":["t"],"removed":[""],"origin":"+input"}
2019-3-25 03:51:21.264#change#{"from":{"line":4,"ch":11,"sticky":null},"to":{"line":4,"ch":11,"sticky":null},"text":["o"],"removed":[""],"origin":"+input"}
2019-3-25 03:51:22.431#change#{"from":{"line":4,"ch":12,"sticky":null},"to":{"line":4,"ch":12,"sticky":null},"text":["."],"removed":[""],"origin":"+input"}
2019-3-25 03:51:22.835#change#{"from":{"line":4,"ch":13,"sticky":null},"to":{"line":4,"ch":13,"sticky":null},"text":["u"],"removed":[""],"origin":"+input"}
2019-3-25 03:51:23.446#change#{"from":{"line":4,"ch":14,"sticky":null},"to":{"line":4,"ch":14,"sticky":null},"text":["p"],"removed":[""],"origin":"+input"}
2019-3-25 03:51:23.621#change#{"from":{"line":4,"ch":15,"sticky":null},"to":{"line":4,"ch":15,"sticky":null},"text":["p"],"removed":[""],"origin":"+input"}
2019-3-25 03:51:23.976#change#{"from":{"line":4,"ch":16,"sticky":null},"to":{"line":4,"ch":16,"sticky":null},"text":["e"],"removed":[""],"origin":"+input"}
2019-3-25 03:51:24.164#change#{"from":{"line":4,"ch":17,"sticky":null},"to":{"line":4,"ch":17,"sticky":null},"text":["r"],"removed":[""],"origin":"+input"}
2019-3-25 03:51:31.676#blur#
2019-3-25 03:51:34.323#focus#
2019-3-25 03:51:36.700#change#{"from":{"line":4,"ch":18,"sticky":null},"to":{"line":4,"ch":18,"sticky":null},"text":["()"],"removed":[""],"origin":"+input"}
2019-3-25 03:51:36.700#keyHandled#"'('"
2019-3-25 03:51:39.928#blur#
2019-3-25 03:51:39.928#blur#
2019-3-25 03:51:42.853#saida_testar#$ python3 main.py
Traceback (most recent call last):
File "main.py", line 5, in <module>
print (texto.upper())
UnicodeEncodeError: 'ascii' codec can't encode character '\xc9' in position 9: ordinal not inrange(128)
2019-3-25 03:51:59.434#mousedown#{"isTrusted":true}
2019-3-25 03:51:59.513#focus#
2019-3-25 03:52:00.563#change#{"from":{"line":3,"ch":25,"sticky":"after","xRel":1.09375},"to":{"line":3,"ch":25,"sticky":"after","xRel":1.09375},"text":["."],"removed":[""],"origin":"+input"}
2019-3-25 03:52:02.154#blur#
2019-3-25 03:52:02.154#blur#
2019-3-25 03:52:07.347#saida_testar#$ python3 main.py
Traceback (most recent call last):
File "main.py", line 5, in <module>
print (texto.upper())
UnicodeEncodeError: 'ascii' codec can't encode character '\xc9' in position 9: ordinal not inrange(128)
2019-3-25 03:52:07.347#saida_testar#$ python3 main.py
Traceback (most recent call last):
File "main.py", line 5, in <module>
print (texto.upper())
UnicodeEncodeError: 'ascii' codec can't encode character '\xc9' in position 9: ordinal not inrange(128)
2019-3-25 03:52:15.937#submit#Your code did not produce the correct output. Please, correct your code and try again.
2019-3-25 03:52:28.261#mousedown#{"isTrusted":true}
2019-3-25 03:52:28.270#focus#
2019-3-25 03:52:28.851#keyHandled#"Right"
2019-3-25 03:52:29.693#change#{"from":{"line":4,"ch":11,"sticky":"after"},"to":{"line":4,"ch":12,"sticky":"before"},"text":[""],"removed":["o"],"origin":"+delete"}
2019-3-25 03:52:29.693#keyHandled#"Backspace"
2019-3-25 03:52:30.193#change#{"from":{"line":4,"ch":10,"sticky":"after"},"to":{"line":4,"ch":11,"sticky":null},"text":[""],"removed":["t"],"origin":"+delete"}
2019-3-25 03:52:30.194#keyHandled#"Backspace"
2019-3-25 03:52:30.237#change#{"from":{"line":4,"ch":9,"sticky":"after"},"to":{"line":4,"ch":10,"sticky":null},"text":[""],"removed":["x"],"origin":"+delete"}
2019-3-25 03:52:30.237#keyHandled#"Backspace"
2019-3-25 03:52:30.254#change#{"from":{"line":4,"ch":8,"sticky":"after"},"to":{"line":4,"ch":9,"sticky":null},"text":[""],"removed":["e"],"origin":"+delete"}
2019-3-25 03:52:30.254#keyHandled#"Backspace"
2019-3-25 03:52:30.709#change#{"from":{"line":4,"ch":7,"sticky":"after"},"to":{"line":4,"ch":8,"sticky":null},"text":[""],"removed":["t"],"origin":"+delete"}
2019-3-25 03:52:30.710#keyHandled#"Backspace"
2019-3-25 03:52:31.661#change#{"from":{"line":4,"ch":7,"sticky":null},"to":{"line":4,"ch":7,"sticky":null},"text":["\"\""],"removed":[""],"origin":"+input"}
2019-3-25 03:52:31.661#keyHandled#"'\"'"
2019-3-25 03:52:32.167#change#{"from":{"line":4,"ch":8,"sticky":"after"},"to":{"line":4,"ch":8,"sticky":"after"},"text":["m"],"removed":[""],"origin":"+input"}
2019-3-25 03:52:32.461#change#{"from":{"line":4,"ch":9,"sticky":null},"to":{"line":4,"ch":9,"sticky":null},"text":["e"],"removed":[""],"origin":"+input"}
2019-3-25 03:52:32.967#change#{"from":{"line":4,"ch":10,"sticky":null},"to":{"line":4,"ch":10,"sticky":null},"text":["u"],"removed":[""],"origin":"+input"}
2019-3-25 03:52:33.214#change#{"from":{"line":4,"ch":11,"sticky":null},"to":{"line":4,"ch":11,"sticky":null},"text":[" "],"removed":[""],"origin":"+input"}
2019-3-25 03:52:33.421#change#{"from":{"line":4,"ch":12,"sticky":null},"to":{"line":4,"ch":12,"sticky":null},"text":["n"],"removed":[""],"origin":"+input"}
2019-3-25 03:52:33.632#change#{"from":{"line":4,"ch":13,"sticky":null},"to":{"line":4,"ch":13,"sticky":null},"text":["o"],"removed":[""],"origin":"+input"}
2019-3-25 03:52:33.829#change#{"from":{"line":4,"ch":14,"sticky":null},"to":{"line":4,"ch":14,"sticky":null},"text":["m"],"removed":[""],"origin":"+input"}
2019-3-25 03:52:33.973#change#{"from":{"line":4,"ch":15,"sticky":null},"to":{"line":4,"ch":15,"sticky":null},"text":["e"],"removed":[""],"origin":"+input"}
2019-3-25 03:52:34.046#change#{"from":{"line":4,"ch":16,"sticky":null},"to":{"line":4,"ch":16,"sticky":null},"text":[" "],"removed":[""],"origin":"+input"}
2019-3-25 03:52:35.161#change#{"from":{"line":4,"ch":16,"sticky":"after"},"to":{"line":4,"ch":17,"sticky":null},"text":[""],"removed":[" "],"origin":"+delete"}
2019-3-25 03:52:35.162#keyHandled#"Backspace"
2019-3-25 03:52:35.418#change#{"from":{"line":4,"ch":15,"sticky":"after"},"to":{"line":4,"ch":16,"sticky":null},"text":[""],"removed":["e"],"origin":"+delete"}
2019-3-25 03:52:35.418#keyHandled#"Backspace"
2019-3-25 03:52:35.592#change#{"from":{"line":4,"ch":14,"sticky":"after"},"to":{"line":4,"ch":15,"sticky":null},"text":[""],"removed":["m"],"origin":"+delete"}
2019-3-25 03:52:35.593#keyHandled#"Backspace"
2019-3-25 03:52:35.784#change#{"from":{"line":4,"ch":13,"sticky":"after"},"to":{"line":4,"ch":14,"sticky":null},"text":[""],"removed":["o"],"origin":"+delete"}
2019-3-25 03:52:35.784#keyHandled#"Backspace"
2019-3-25 03:52:36.009#change#{"from":{"line":4,"ch":12,"sticky":"after"},"to":{"line":4,"ch":13,"sticky":null},"text":[""],"removed":["n"],"origin":"+delete"}
2019-3-25 03:52:36.009#keyHandled#"Backspace"
2019-3-25 03:52:36.211#change#{"from":{"line":4,"ch":11,"sticky":"after"},"to":{"line":4,"ch":12,"sticky":null},"text":[""],"removed":[" "],"origin":"+delete"}
2019-3-25 03:52:36.211#keyHandled#"Backspace"
2019-3-25 03:52:36.436#change#{"from":{"line":4,"ch":10,"sticky":"after"},"to":{"line":4,"ch":11,"sticky":null},"text":[""],"removed":["u"],"origin":"+delete"}
2019-3-25 03:52:36.436#keyHandled#"Backspace"
2019-3-25 03:52:36.626#change#{"from":{"line":4,"ch":9,"sticky":"after"},"to":{"line":4,"ch":10,"sticky":null},"text":[""],"removed":["e"],"origin":"+delete"}
2019-3-25 03:52:36.627#keyHandled#"Backspace"
2019-3-25 03:52:36.918#change#{"from":{"line":4,"ch":8,"sticky":"after"},"to":{"line":4,"ch":9,"sticky":null},"text":[""],"removed":["m"],"origin":"+delete"}
2019-3-25 03:52:36.918#keyHandled#"Backspace"
2019-3-25 03:52:37.317#keyHandled#"Right"
2019-3-25 03:52:37.779#change#{"from":{"line":4,"ch":8,"sticky":"after"},"to":{"line":4,"ch":9,"sticky":"before"},"text":[""],"removed":["\""],"origin":"+delete"}
2019-3-25 03:52:37.779#keyHandled#"Backspace"
2019-3-25 03:52:37.972#change#{"from":{"line":4,"ch":7,"sticky":"after"},"to":{"line":4,"ch":8,"sticky":null},"text":[""],"removed":["\""],"origin":"+delete"}
2019-3-25 03:52:37.972#keyHandled#"Backspace"
2019-3-25 03:52:38.565#change#{"from":{"line":4,"ch":7,"sticky":null},"to":{"line":4,"ch":7,"sticky":null},"text":["t"],"removed":[""],"origin":"+input"}
2019-3-25 03:52:38.861#change#{"from":{"line":4,"ch":8,"sticky":null},"to":{"line":4,"ch":8,"sticky":null},"text":["e"],"removed":[""],"origin":"+input"}
2019-3-25 03:52:39.139#change#{"from":{"line":4,"ch":9,"sticky":null},"to":{"line":4,"ch":9,"sticky":null},"text":["x"],"removed":[""],"origin":"+input"}
2019-3-25 03:52:39.462#change#{"from":{"line":4,"ch":10,"sticky":null},"to":{"line":4,"ch":10,"sticky":null},"text":["t"],"removed":[""],"origin":"+input"}
2019-3-25 03:52:39.578#change#{"from":{"line":4,"ch":11,"sticky":null},"to":{"line":4,"ch":11,"sticky":null},"text":["o"],"removed":[""],"origin":"+input"}
2019-3-25 03:52:40.795#mousedown#{"isTrusted":true}
2019-3-25 03:52:41.210#change#{"from":{"line":3,"ch":18,"sticky":"after"},"to":{"line":3,"ch":19,"sticky":"before","xRel":-0.90625},"text":[""],"removed":["é"],"origin":"+delete"}
2019-3-25 03:52:41.210#keyHandled#"Backspace"
2019-3-25 03:52:41.439#change#{"from":{"line":3,"ch":18,"sticky":null},"to":{"line":3,"ch":18,"sticky":null},"text":["e"],"removed":[""],"origin":"+input"}
2019-3-25 03:52:43.421#blur#
2019-3-25 03:52:43.421#blur#
2019-3-25 03:52:51.328#submit#Your code did not produce the correct output. Please, correct your code and try again.
2019-3-25 03:52:51.328#submit#Your code did not produce the correct output. Please, correct your code and try again.
2019-3-25 03:52:57.082#saida_testar#$ python3 main.py
MEU NOME E MARIA.
2019-3-25 03:53:22.560#mousedown#{"isTrusted":true}
2019-3-25 03:53:22.642#focus#
2019-3-25 03:53:23.306#change#{"from":{"line":4,"ch":5,"sticky":"after"},"to":{"line":4,"ch":6,"sticky":"after","xRel":0.09375},"text":[""],"removed":[" "],"origin":"+delete"}
2019-3-25 03:53:23.306#keyHandled#"Backspace"
2019-3-25 03:53:24.946#blur#
2019-3-25 03:53:24.946#blur#
2019-3-25 03:53:30.440#submit#Your code did not produce the correct output. Please, correct your code and try again.
2019-3-25 03:53:47.491#mousedown#{"isTrusted":true}
2019-3-25 03:53:47.499#focus#
2019-3-25 03:53:48.223#change#{"from":{"line":3,"ch":25,"sticky":"after"},"to":{"line":3,"ch":26,"sticky":"before","xRel":-0.90625},"text":[""],"removed":["."],"origin":"+delete"}
2019-3-25 03:53:48.223#keyHandled#"Backspace"
2019-3-25 03:53:48.700#change#{"from":{"line":3,"ch":24,"sticky":"after"},"to":{"line":3,"ch":25,"sticky":null},"text":[""],"removed":["a"],"origin":"+delete"}
2019-3-25 03:53:48.700#keyHandled#"Backspace"
2019-3-25 03:53:48.736#change#{"from":{"line":3,"ch":23,"sticky":"after"},"to":{"line":3,"ch":24,"sticky":null},"text":[""],"removed":["i"],"origin":"+delete"}
2019-3-25 03:53:48.736#keyHandled#"Backspace"
2019-3-25 03:53:48.786#change#{"from":{"line":3,"ch":22,"sticky":"after"},"to":{"line":3,"ch":23,"sticky":null},"text":[""],"removed":["r"],"origin":"+delete"}
2019-3-25 03:53:48.786#keyHandled#"Backspace"
2019-3-25 03:53:48.829#change#{"from":{"line":3,"ch":21,"sticky":"after"},"to":{"line":3,"ch":22,"sticky":null},"text":[""],"removed":["a"],"origin":"+delete"}
2019-3-25 03:53:48.829#keyHandled#"Backspace"
2019-3-25 03:53:48.843#change#{"from":{"line":3,"ch":20,"sticky":"after"},"to":{"line":3,"ch":21,"sticky":null},"text":[""],"removed":["m"],"origin":"+delete"}
2019-3-25 03:53:48.843#keyHandled#"Backspace"
2019-3-25 03:53:48.881#change#{"from":{"line":3,"ch":19,"sticky":"after"},"to":{"line":3,"ch":20,"sticky":null},"text":[""],"removed":[" "],"origin":"+delete"}
2019-3-25 03:53:48.882#keyHandled#"Backspace"
2019-3-25 03:53:48.933#change#{"from":{"line":3,"ch":18,"sticky":"after"},"to":{"line":3,"ch":19,"sticky":null},"text":[""],"removed":["e"],"origin":"+delete"}
2019-3-25 03:53:48.933#keyHandled#"Backspace"
2019-3-25 03:53:48.949#change#{"from":{"line":3,"ch":17,"sticky":"after"},"to":{"line":3,"ch":18,"sticky":null},"text":[""],"removed":[" "],"origin":"+delete"}
2019-3-25 03:53:48.949#keyHandled#"Backspace"
2019-3-25 03:53:48.987#change#{"from":{"line":3,"ch":16,"sticky":"after"},"to":{"line":3,"ch":17,"sticky":null},"text":[""],"removed":["e"],"origin":"+delete"}
2019-3-25 03:53:48.987#keyHandled#"Backspace"
2019-3-25 03:53:49.019#change#{"from":{"line":3,"ch":15,"sticky":"after"},"to":{"line":3,"ch":16,"sticky":null},"text":[""],"removed":["m"],"origin":"+delete"}
2019-3-25 03:53:49.019#keyHandled#"Backspace"
2019-3-25 03:53:49.063#change#{"from":{"line":3,"ch":14,"sticky":"after"},"to":{"line":3,"ch":15,"sticky":null},"text":[""],"removed":["o"],"origin":"+delete"}
2019-3-25 03:53:49.064#keyHandled#"Backspace"
2019-3-25 03:53:49.089#change#{"from":{"line":3,"ch":13,"sticky":"after"},"to":{"line":3,"ch":14,"sticky":null},"text":[""],"removed":["n"],"origin":"+delete"}
2019-3-25 03:53:49.089#keyHandled#"Backspace"
2019-3-25 03:53:49.125#change#{"from":{"line":3,"ch":12,"sticky":"after"},"to":{"line":3,"ch":13,"sticky":null},"text":[""],"removed":[" "],"origin":"+delete"}
2019-3-25 03:53:49.125#keyHandled#"Backspace"
2019-3-25 03:53:49.324#change#{"from":{"line":3,"ch":11,"sticky":"after"},"to":{"line":3,"ch":12,"sticky":null},"text":[""],"removed":["u"],"origin":"+delete"}
2019-3-25 03:53:49.324#keyHandled#"Backspace"
2019-3-25 03:53:49.548#change#{"from":{"line":3,"ch":10,"sticky":"after"},"to":{"line":3,"ch":11,"sticky":null},"text":[""],"removed":["e"],"origin":"+delete"}
2019-3-25 03:53:49.548#keyHandled#"Backspace"
2019-3-25 03:53:50.032#change#{"from":{"line":3,"ch":9,"sticky":"after"},"to":{"line":3,"ch":10,"sticky":null},"text":[""],"removed":["m"],"origin":"+delete"}
2019-3-25 03:53:50.032#keyHandled#"Backspace"
2019-3-25 03:53:52.308#blur#
2019-3-25 03:53:57.749#mousedown#{"isTrusted":true}
2019-3-25 03:53:57.755#focus#
2019-3-25 03:53:58.691#change#{"from":{"line":3,"ch":9,"sticky":"before","xRel":-1.90625},"to":{"line":3,"ch":9,"sticky":"before","xRel":-1.90625},"text":["Guido van Rossum criou o Python"],"removed":[""],"origin":"paste"}
2019-3-25 03:54:03.358#blur#
2019-3-25 03:54:03.358#blur#
2019-3-25 03:54:06.931#saida_testar#$ python3 main.py
GUIDO VAN ROSSUM CRIOU O PYTHON
2019-3-25 03:54:06.931#saida_testar#$ python3 main.py
GUIDO VAN ROSSUM CRIOU O PYTHON
2019-3-25 03:54:10.142#submit#Your code did not produce the correct output. Please, correct your code and try again.
2019-3-25 03:54:14.355#mousedown#{"isTrusted":true}
2019-3-25 03:54:14.360#focus#
2019-3-25 03:54:15.306#keyHandled#"Right"
2019-3-25 03:54:15.757#change#{"from":{"line":3,"ch":40,"sticky":"before"},"to":{"line":3,"ch":40,"sticky":"before"},"text":["."],"removed":[""],"origin":"+input"}
2019-3-25 03:54:17.343#blur#
2019-3-25 03:54:17.343#blur#
2019-3-25 03:54:20.637#submit#Your code did not produce the correct output. Please, correct your code and try again.
2019-3-25 04:03:36.289#mousedown#{"isTrusted":true}
2019-3-25 04:03:36.298#focus#
2019-3-25 04:03:36.698#change#{"from":{"line":4,"ch":11,"sticky":"before","xRel":-0.5625},"to":{"line":4,"ch":11,"sticky":"before","xRel":-0.5625},"text":[" "],"removed":[""],"origin":"+input"}
2019-3-25 04:03:38.943#blur#
2019-3-25 04:03:38.943#blur#
2019-3-25 04:03:42.796#saida_testar#$ python3 main.py
GUIDO VAN ROSSUM CRIOU O PYTHON.
2019-3-25 04:03:42.796#saida_testar#$ python3 main.py
GUIDO VAN ROSSUM CRIOU O PYTHON.
2019-3-25 04:03:45.761#submit#Your code did not produce the correct output. Please, correct your code and try again.
2019-3-25 04:05:20.161#mousedown#{"isTrusted":true}
2019-3-25 04:05:20.166#focus#
2019-3-25 04:05:20.738#change#{"from":{"line":4,"ch":11,"sticky":"after"},"to":{"line":4,"ch":12,"sticky":"after","xRel":1.09375},"text":[""],"removed":[" "],"origin":"+delete"}
2019-3-25 04:05:20.738#keyHandled#"Backspace"
2019-3-25 04:05:23.571#mousedown#{"isTrusted":true}
2019-3-25 04:05:25.771#mousedown#{"isTrusted":true}
2019-3-25 04:05:25.872#blur#
2019-3-25 04:05:25.925#contextmenu#{"isTrusted":true}
2019-3-25 04:05:25.932#focus#
2019-3-25 18:04:26.578#viewportChange#0
2019-3-25 18:04:56.888#mousedown#{"isTrusted":true}
2019-3-25 18:04:56.918#focus#
2019-3-25 18:05:06.221#change#{"from":{"line":3,"ch":9,"sticky":"after","xRel":3.4000244140625},"to":{"line":3,"ch":41,"sticky":"before","xRel":-2.5999755859375},"text":[""],"removed":["Guido van Rossum criou o Python."],"origin":"+delete"}
2019-3-25 18:05:06.221#keyHandled#"Backspace"
2019-3-25 18:05:07.468#keyHandled#"Right"
2019-3-25 18:05:07.707#keyHandled#"Right"
2019-3-25 18:05:12.394#keyHandled#"Right"
2019-3-25 18:05:12.700#keyHandled#"Up"
2019-3-25 18:05:12.971#keyHandled#"Up"
2019-3-25 18:05:13.194#keyHandled#"Right"
2019-3-25 18:05:13.695#keyHandled#"Right"
2019-3-25 18:05:13.745#keyHandled#"Right"
2019-3-25 18:05:13.795#keyHandled#"Right"
2019-3-25 18:05:13.845#keyHandled#"Right"
2019-3-25 18:05:13.895#keyHandled#"Right"
2019-3-25 18:05:14.234#keyHandled#"Right"
2019-3-25 18:05:14.795#keyHandled#"Down"
2019-3-25 18:05:21.067#keyHandled#"Right"
2019-3-25 18:05:21.338#keyHandled#"Right"
2019-3-25 18:05:23.660#change#{"from":{"line":3,"ch":9,"sticky":"after"},"to":{"line":3,"ch":10,"sticky":"before"},"text":[""],"removed":["\""],"origin":"+delete"}
2019-3-25 18:05:23.660#keyHandled#"Backspace"
2019-3-25 18:05:23.931#change#{"from":{"line":3,"ch":8,"sticky":"after"},"to":{"line":3,"ch":9,"sticky":null},"text":[""],"removed":["\""],"origin":"+delete"}
2019-3-25 18:05:23.931#keyHandled#"Backspace"
2019-3-25 18:05:24.299#change#{"from":{"line":3,"ch":7,"sticky":"after"},"to":{"line":3,"ch":8,"sticky":null},"text":[""],"removed":[" "],"origin":"+delete"}
2019-3-25 18:05:24.299#keyHandled#"Backspace"
2019-3-25 18:05:24.897#change#{"from":{"line":3,"ch":7,"sticky":null},"to":{"line":3,"ch":7,"sticky":null},"text":[" "],"removed":[""],"origin":"+input"}
2019-3-25 18:05:25.215#change#{"from":{"line":3,"ch":8,"sticky":null},"to":{"line":3,"ch":8,"sticky":null},"text":["i"],"removed":[""],"origin":"+input"}
2019-3-25 18:05:25.376#change#{"from":{"line":3,"ch":9,"sticky":null},"to":{"line":3,"ch":9,"sticky":null},"text":["n"],"removed":[""],"origin":"+input"}
2019-3-25 18:05:26.320#change#{"from":{"line":3,"ch":10,"sticky":null},"to":{"line":3,"ch":10,"sticky":null},"text":["p"],"removed":[""],"origin":"+input"}
2019-3-25 18:05:26.607#change#{"from":{"line":3,"ch":11,"sticky":null},"to":{"line":3,"ch":11,"sticky":null},"text":["u"],"removed":[""],"origin":"+input"}
2019-3-25 18:05:26.863#change#{"from":{"line":3,"ch":12,"sticky":null},"to":{"line":3,"ch":12,"sticky":null},"text":["t"],"removed":[""],"origin":"+input"}
2019-3-25 18:05:27.830#change#{"from":{"line":3,"ch":13,"sticky":null},"to":{"line":3,"ch":13,"sticky":null},"text":["()"],"removed":[""],"origin":"+input"}
2019-3-25 18:05:27.830#keyHandled#"'('"
2019-3-25 18:05:28.654#keyHandled#"')'"
2019-3-25 18:05:30.477#blur#
2019-3-25 18:05:30.477#blur#
2019-3-25 18:05:31.822#submit#Congratulations, your code is correct!
