2019-3-12 11:31:28.588#viewportChange#0
2019-3-12 11:31:50.096#mousedown#{"isTrusted":true}
2019-3-12 11:31:50.103#focus#
2019-3-12 11:31:51.991#change#{"from":{"line":0,"ch":0,"sticky":"after","xRel":196.933349609375},"to":{"line":0,"ch":0,"sticky":"after","xRel":196.933349609375},"text":["p"],"removed":[""],"origin":"+input"}
2019-3-12 11:31:52.164#change#{"from":{"line":0,"ch":1,"sticky":null},"to":{"line":0,"ch":1,"sticky":null},"text":["r"],"removed":[""],"origin":"+input"}
2019-3-12 11:31:52.371#change#{"from":{"line":0,"ch":2,"sticky":null},"to":{"line":0,"ch":2,"sticky":null},"text":["i"],"removed":[""],"origin":"+input"}
2019-3-12 11:31:52.655#change#{"from":{"line":0,"ch":3,"sticky":null},"to":{"line":0,"ch":3,"sticky":null},"text":["n"],"removed":[""],"origin":"+input"}
2019-3-12 11:31:52.761#change#{"from":{"line":0,"ch":4,"sticky":null},"to":{"line":0,"ch":4,"sticky":null},"text":["t"],"removed":[""],"origin":"+input"}
2019-3-12 11:31:53.797#change#{"from":{"line":0,"ch":5,"sticky":null},"to":{"line":0,"ch":5,"sticky":null},"text":["()"],"removed":[""],"origin":"+input"}
2019-3-12 11:31:53.797#keyHandled#"'('"
2019-3-12 11:31:54.003#keyHandled#"')'"
2019-3-12 11:31:54.864#keyHandled#"Left"
2019-3-12 11:31:55.239#change#{"from":{"line":0,"ch":6,"sticky":"after"},"to":{"line":0,"ch":6,"sticky":"after"},"text":["''"],"removed":[""],"origin":"+input"}
2019-3-12 11:31:55.240#keyHandled#"'''"
2019-3-12 11:31:55.430#keyHandled#"'''"
2019-3-12 11:31:58.098#change#{"from":{"line":0,"ch":7,"sticky":"after"},"to":{"line":0,"ch":8,"sticky":"before"},"text":[""],"removed":["'"],"origin":"+delete"}
2019-3-12 11:31:58.098#keyHandled#"Backspace"
2019-3-12 11:31:58.269#change#{"from":{"line":0,"ch":6,"sticky":"after"},"to":{"line":0,"ch":7,"sticky":null},"text":[""],"removed":["'"],"origin":"+delete"}
2019-3-12 11:31:58.269#keyHandled#"Backspace"
2019-3-12 11:31:59.161#change#{"from":{"line":0,"ch":6,"sticky":null},"to":{"line":0,"ch":6,"sticky":null},"text":["\"\""],"removed":[""],"origin":"+input"}
2019-3-12 11:31:59.161#keyHandled#"'\"'"
2019-3-12 11:31:59.371#keyHandled#"'\"'"
2019-3-12 11:32:00.541#keyHandled#"Left"
2019-3-12 11:32:16.654#change#{"from":{"line":0,"ch":7,"sticky":"after"},"to":{"line":0,"ch":7,"sticky":"after"},"text":["R"],"removed":[""],"origin":"+input"}
2019-3-12 11:32:19.434#change#{"from":{"line":0,"ch":8,"sticky":null},"to":{"line":0,"ch":8,"sticky":null},"text":["$"],"removed":[""],"origin":"+input"}
2019-3-12 11:32:22.237#change#{"from":{"line":0,"ch":9,"sticky":null},"to":{"line":0,"ch":9,"sticky":null},"text":[" "],"removed":[""],"origin":"+input"}
2019-3-12 11:32:24.213#change#{"from":{"line":0,"ch":10,"sticky":null},"to":{"line":0,"ch":10,"sticky":null},"text":["7"],"removed":[""],"origin":"+input"}
2019-3-12 11:32:24.359#change#{"from":{"line":0,"ch":11,"sticky":null},"to":{"line":0,"ch":11,"sticky":null},"text":["5"],"removed":[""],"origin":"+input"}
2019-3-12 11:32:27.946#blur#
2019-3-12 11:32:29.326#submit#Your code did not produce the correct output. Please, correct your code and try again.
2019-3-12 11:32:47.647#mousedown#{"isTrusted":true}
2019-3-12 11:32:47.653#focus#
2019-3-12 11:32:48.121#mousedown#{"isTrusted":true}
2019-3-12 11:32:49.860#change#{"from":{"line":0,"ch":12,"sticky":"after"},"to":{"line":0,"ch":13,"sticky":"before","xRel":-2.316650390625},"text":[""],"removed":["\""],"origin":"+delete"}
2019-3-12 11:32:49.860#keyHandled#"Backspace"
2019-3-12 11:32:50.465#mousedown#{"isTrusted":true}
2019-3-12 11:32:51.281#change#{"from":{"line":0,"ch":9,"sticky":"after"},"to":{"line":0,"ch":10,"sticky":"before","xRel":-3.566650390625},"text":[""],"removed":[" "],"origin":"+delete"}
2019-3-12 11:32:51.281#keyHandled#"Backspace"
2019-3-12 11:33:06.421#change#{"from":{"line":0,"ch":9,"sticky":null},"to":{"line":0,"ch":9,"sticky":null},"text":["'"],"removed":[""],"origin":"+input"}
2019-3-12 11:33:07.909#change#{"from":{"line":0,"ch":9,"sticky":"after"},"to":{"line":0,"ch":10,"sticky":null},"text":[""],"removed":["'"],"origin":"+delete"}
2019-3-12 11:33:07.909#keyHandled#"Backspace"
2019-3-12 11:33:08.376#change#{"from":{"line":0,"ch":9,"sticky":null},"to":{"line":0,"ch":9,"sticky":null},"text":["\""],"removed":[""],"origin":"+input"}
2019-3-12 11:33:11.163#change#{"from":{"line":0,"ch":10,"sticky":null},"to":{"line":0,"ch":10,"sticky":null},"text":[","],"removed":[""],"origin":"+input"}
2019-3-12 11:33:12.030#change#{"from":{"line":0,"ch":11,"sticky":null},"to":{"line":0,"ch":11,"sticky":null},"text":[" "],"removed":[""],"origin":"+input"}
2019-3-12 11:33:13.753#change#{"from":{"line":0,"ch":11,"sticky":"after"},"to":{"line":0,"ch":12,"sticky":null},"text":[""],"removed":[" "],"origin":"+delete"}
2019-3-12 11:33:13.753#keyHandled#"Backspace"
2019-3-12 11:33:15.487#blur#
2019-3-12 11:33:15.487#blur#
2019-3-12 11:33:19.235#submit#Your code did not produce the correct output. Please, correct your code and try again.
2019-3-12 11:33:23.792#mousedown#{"isTrusted":true}
2019-3-12 11:33:23.799#focus#
2019-3-12 11:33:24.671#change#{"from":{"line":0,"ch":10,"sticky":"after"},"to":{"line":0,"ch":11,"sticky":"after","xRel":1.183349609375},"text":[""],"removed":[","],"origin":"+delete"}
2019-3-12 11:33:24.671#keyHandled#"Backspace"
2019-3-12 11:33:24.872#change#{"from":{"line":0,"ch":9,"sticky":"after"},"to":{"line":0,"ch":10,"sticky":null},"text":[""],"removed":["\""],"origin":"+delete"}
2019-3-12 11:33:24.872#keyHandled#"Backspace"
2019-3-12 11:33:25.200#change#{"from":{"line":0,"ch":8,"sticky":"after"},"to":{"line":0,"ch":9,"sticky":null},"text":[""],"removed":["$"],"origin":"+delete"}
2019-3-12 11:33:25.200#keyHandled#"Backspace"
2019-3-12 11:33:25.566#change#{"from":{"line":0,"ch":7,"sticky":"after"},"to":{"line":0,"ch":8,"sticky":null},"text":[""],"removed":["R"],"origin":"+delete"}
2019-3-12 11:33:25.566#keyHandled#"Backspace"
2019-3-12 11:33:25.987#change#{"from":{"line":0,"ch":6,"sticky":"after"},"to":{"line":0,"ch":7,"sticky":null},"text":[""],"removed":["\""],"origin":"+delete"}
2019-3-12 11:33:25.987#keyHandled#"Backspace"
2019-3-12 11:33:27.318#blur#
2019-3-12 11:33:27.318#blur#
2019-3-12 11:33:28.323#submit#Congratulations, your code is correct!
