2019-4-16 11:01:16.161#viewportChange#0
2019-4-16 11:05:27.890#mousedown#{"isTrusted":true}
2019-4-16 11:05:27.890#contextmenu#{"isTrusted":true}
2019-4-16 11:05:27.908#focus#
2019-4-16 11:05:29.745#mousedown#{"isTrusted":true}
2019-4-16 11:05:31.948#mousedown#{"isTrusted":true}
2019-4-16 11:05:32.133#mousedown#{"isTrusted":true}
2019-4-16 11:05:32.180#dblclick#{"isTrusted":true}
2019-4-16 11:05:34.219#blur#
2019-4-16 11:06:03.016#mousedown#{"isTrusted":true}
2019-4-16 11:06:03.027#focus#
2019-4-16 11:06:07.549#change#{"from":{"line":0,"ch":0,"sticky":"after","xRel":116.5333251953125},"to":{"line":0,"ch":0,"sticky":"after","xRel":116.5333251953125},"text":["1"],"removed":[""],"origin":"+input"}
2019-4-16 11:06:08.484#change#{"from":{"line":0,"ch":0,"sticky":"after"},"to":{"line":0,"ch":1,"sticky":null},"text":[""],"removed":["1"],"origin":"+delete"}
2019-4-16 11:06:08.484#keyHandled#"Backspace"
2019-4-16 11:06:08.945#change#{"from":{"line":0,"ch":0,"sticky":null},"to":{"line":0,"ch":0,"sticky":null},"text":["h"],"removed":[""],"origin":"+input"}
2019-4-16 11:06:09.065#change#{"from":{"line":0,"ch":1,"sticky":null},"to":{"line":0,"ch":1,"sticky":null},"text":["1"],"removed":[""],"origin":"+input"}
2019-4-16 11:06:09.647#change#{"from":{"line":0,"ch":2,"sticky":null},"to":{"line":0,"ch":2,"sticky":null},"text":["",""],"removed":[""],"origin":"+input"}
2019-4-16 11:06:09.647#keyHandled#"Enter"
2019-4-16 11:06:09.660#viewportChange#0
2019-4-16 11:06:11.225#change#{"from":{"line":1,"ch":0,"sticky":null},"to":{"line":1,"ch":0,"sticky":null},"text":["h"],"removed":[""],"origin":"+input"}
2019-4-16 11:06:11.300#change#{"from":{"line":1,"ch":1,"sticky":null},"to":{"line":1,"ch":1,"sticky":null},"text":["2"],"removed":[""],"origin":"+input"}
2019-4-16 11:06:11.928#keyHandled#"Up"
2019-4-16 11:06:12.878#change#{"from":{"line":0,"ch":2,"sticky":"before","xRel":0},"to":{"line":0,"ch":2,"sticky":"before","xRel":0},"text":["="],"removed":[""],"origin":"+input"}
2019-4-16 11:06:12.895#change#{"from":{"line":0,"ch":3,"sticky":null},"to":{"line":0,"ch":3,"sticky":null},"text":["-"],"removed":[""],"origin":"+input"}
2019-4-16 11:06:13.495#change#{"from":{"line":0,"ch":4,"sticky":null},"to":{"line":0,"ch":4,"sticky":null},"text":["f"],"removed":[""],"origin":"+input"}
2019-4-16 11:06:13.615#change#{"from":{"line":0,"ch":5,"sticky":null},"to":{"line":0,"ch":5,"sticky":null},"text":["l"],"removed":[""],"origin":"+input"}
2019-4-16 11:06:13.751#change#{"from":{"line":0,"ch":6,"sticky":null},"to":{"line":0,"ch":6,"sticky":null},"text":["o"],"removed":[""],"origin":"+input"}
2019-4-16 11:06:13.894#change#{"from":{"line":0,"ch":7,"sticky":null},"to":{"line":0,"ch":7,"sticky":null},"text":["a"],"removed":[""],"origin":"+input"}
2019-4-16 11:06:14.087#change#{"from":{"line":0,"ch":8,"sticky":null},"to":{"line":0,"ch":8,"sticky":null},"text":["t"],"removed":[""],"origin":"+input"}
2019-4-16 11:06:15.315#change#{"from":{"line":0,"ch":9,"sticky":null},"to":{"line":0,"ch":9,"sticky":null},"text":["()"],"removed":[""],"origin":"+input"}
2019-4-16 11:06:15.315#keyHandled#"'('"
2019-4-16 11:06:16.361#change#{"from":{"line":0,"ch":10,"sticky":"after"},"to":{"line":0,"ch":10,"sticky":"after"},"text":["i"],"removed":[""],"origin":"+input"}
2019-4-16 11:06:16.596#change#{"from":{"line":0,"ch":11,"sticky":null},"to":{"line":0,"ch":11,"sticky":null},"text":["n"],"removed":[""],"origin":"+input"}
2019-4-16 11:06:16.887#change#{"from":{"line":0,"ch":12,"sticky":null},"to":{"line":0,"ch":12,"sticky":null},"text":["p"],"removed":[""],"origin":"+input"}
2019-4-16 11:06:17.164#change#{"from":{"line":0,"ch":13,"sticky":null},"to":{"line":0,"ch":13,"sticky":null},"text":["u"],"removed":[""],"origin":"+input"}
2019-4-16 11:06:17.382#change#{"from":{"line":0,"ch":14,"sticky":null},"to":{"line":0,"ch":14,"sticky":null},"text":["t"],"removed":[""],"origin":"+input"}
2019-4-16 11:06:17.994#change#{"from":{"line":0,"ch":15,"sticky":null},"to":{"line":0,"ch":15,"sticky":null},"text":["()"],"removed":[""],"origin":"+input"}
2019-4-16 11:06:17.994#keyHandled#"'('"
2019-4-16 11:06:19.924#change#{"from":{"line":0,"ch":16,"sticky":"after"},"to":{"line":0,"ch":16,"sticky":"after"},"text":["\"\""],"removed":[""],"origin":"+input"}
2019-4-16 11:06:19.925#keyHandled#"'\"'"
2019-4-16 11:06:20.904#change#{"from":{"line":0,"ch":17,"sticky":"after"},"to":{"line":0,"ch":17,"sticky":"after"},"text":["e"],"removed":[""],"origin":"+input"}
2019-4-16 11:06:21.144#change#{"from":{"line":0,"ch":18,"sticky":null},"to":{"line":0,"ch":18,"sticky":null},"text":["s"],"removed":[""],"origin":"+input"}
2019-4-16 11:06:21.324#change#{"from":{"line":0,"ch":19,"sticky":null},"to":{"line":0,"ch":19,"sticky":null},"text":["c"],"removed":[""],"origin":"+input"}
2019-4-16 11:06:21.516#change#{"from":{"line":0,"ch":20,"sticky":null},"to":{"line":0,"ch":20,"sticky":null},"text":["r"],"removed":[""],"origin":"+input"}
2019-4-16 11:06:21.708#change#{"from":{"line":0,"ch":21,"sticky":null},"to":{"line":0,"ch":21,"sticky":null},"text":["e"],"removed":[""],"origin":"+input"}
2019-4-16 11:06:21.841#change#{"from":{"line":0,"ch":22,"sticky":null},"to":{"line":0,"ch":22,"sticky":null},"text":["v"],"removed":[""],"origin":"+input"}
2019-4-16 11:06:22.000#change#{"from":{"line":0,"ch":23,"sticky":null},"to":{"line":0,"ch":23,"sticky":null},"text":["a"],"removed":[""],"origin":"+input"}
2019-4-16 11:06:23.103#change#{"from":{"line":0,"ch":24,"sticky":null},"to":{"line":0,"ch":24,"sticky":null},"text":[":"],"removed":[""],"origin":"+input"}
2019-4-16 11:06:23.300#change#{"from":{"line":0,"ch":25,"sticky":null},"to":{"line":0,"ch":25,"sticky":null},"text":[" "],"removed":[""],"origin":"+input"}
2019-4-16 11:06:23.861#keyHandled#"Down"
2019-4-16 11:06:25.055#keyHandled#"Up"
2019-4-16 11:06:25.346#keyHandled#"Right"
2019-4-16 11:06:25.881#keyHandled#"Left"
2019-4-16 11:06:26.381#keyHandled#"Left"
2019-4-16 11:06:26.430#keyHandled#"Left"
2019-4-16 11:06:26.481#keyHandled#"Left"
2019-4-16 11:06:26.531#keyHandled#"Left"
2019-4-16 11:06:26.581#keyHandled#"Left"
2019-4-16 11:06:26.632#keyHandled#"Left"
2019-4-16 11:06:26.682#keyHandled#"Left"
2019-4-16 11:06:26.733#keyHandled#"Left"
2019-4-16 11:06:26.783#keyHandled#"Left"
2019-4-16 11:06:26.833#keyHandled#"Left"
2019-4-16 11:06:26.884#keyHandled#"Left"
2019-4-16 11:06:26.934#keyHandled#"Left"
2019-4-16 11:06:26.984#keyHandled#"Left"
2019-4-16 11:06:27.033#keyHandled#"Left"
2019-4-16 11:06:27.084#keyHandled#"Left"
2019-4-16 11:06:27.134#keyHandled#"Left"
2019-4-16 11:06:27.298#keyHandled#"Left"
2019-4-16 11:06:27.457#keyHandled#"Left"
2019-4-16 11:06:27.627#keyHandled#"Left"
2019-4-16 11:06:27.776#keyHandled#"Left"
2019-4-16 11:06:27.943#keyHandled#"Left"
2019-4-16 11:06:28.111#keyHandled#"Left"
2019-4-16 11:06:28.933#keyHandled#"Right"
2019-4-16 11:06:29.305#change#{"from":{"line":0,"ch":3,"sticky":"after"},"to":{"line":0,"ch":4,"sticky":"before"},"text":[""],"removed":["-"],"origin":"+delete"}
2019-4-16 11:06:29.305#keyHandled#"Backspace"
2019-4-16 11:06:29.922#keyHandled#"Down"
2019-4-16 11:06:30.920#change#{"from":{"line":1,"ch":2,"sticky":"before","xRel":8},"to":{"line":1,"ch":2,"sticky":"before","xRel":8},"text":["+"],"removed":[""],"origin":"+input"}
2019-4-16 11:06:31.701#change#{"from":{"line":1,"ch":2,"sticky":"after"},"to":{"line":1,"ch":3,"sticky":null},"text":[""],"removed":["+"],"origin":"+delete"}
2019-4-16 11:06:31.701#keyHandled#"Backspace"
2019-4-16 11:06:31.954#change#{"from":{"line":1,"ch":2,"sticky":null},"to":{"line":1,"ch":2,"sticky":null},"text":["="],"removed":[""],"origin":"+input"}
2019-4-16 11:06:33.466#change#{"from":{"line":1,"ch":3,"sticky":null},"to":{"line":1,"ch":3,"sticky":null},"text":["f"],"removed":[""],"origin":"+input"}
2019-4-16 11:06:33.588#change#{"from":{"line":1,"ch":4,"sticky":null},"to":{"line":1,"ch":4,"sticky":null},"text":["l"],"removed":[""],"origin":"+input"}
2019-4-16 11:06:33.943#change#{"from":{"line":1,"ch":5,"sticky":null},"to":{"line":1,"ch":5,"sticky":null},"text":["o"],"removed":[""],"origin":"+input"}
2019-4-16 11:06:34.075#change#{"from":{"line":1,"ch":6,"sticky":null},"to":{"line":1,"ch":6,"sticky":null},"text":["a"],"removed":[""],"origin":"+input"}
2019-4-16 11:06:34.286#change#{"from":{"line":1,"ch":7,"sticky":null},"to":{"line":1,"ch":7,"sticky":null},"text":["t"],"removed":[""],"origin":"+input"}
2019-4-16 11:06:35.906#change#{"from":{"line":1,"ch":8,"sticky":null},"to":{"line":1,"ch":8,"sticky":null},"text":["()"],"removed":[""],"origin":"+input"}
2019-4-16 11:06:35.906#keyHandled#"'('"
2019-4-16 11:06:36.465#change#{"from":{"line":1,"ch":9,"sticky":"after"},"to":{"line":1,"ch":9,"sticky":"after"},"text":["i"],"removed":[""],"origin":"+input"}
2019-4-16 11:06:36.668#change#{"from":{"line":1,"ch":10,"sticky":null},"to":{"line":1,"ch":10,"sticky":null},"text":["n"],"removed":[""],"origin":"+input"}
2019-4-16 11:06:36.893#change#{"from":{"line":1,"ch":11,"sticky":null},"to":{"line":1,"ch":11,"sticky":null},"text":["p"],"removed":[""],"origin":"+input"}
2019-4-16 11:06:37.125#change#{"from":{"line":1,"ch":12,"sticky":null},"to":{"line":1,"ch":12,"sticky":null},"text":["u"],"removed":[""],"origin":"+input"}
2019-4-16 11:06:37.306#change#{"from":{"line":1,"ch":13,"sticky":null},"to":{"line":1,"ch":13,"sticky":null},"text":["t"],"removed":[""],"origin":"+input"}
2019-4-16 11:06:38.800#change#{"from":{"line":1,"ch":14,"sticky":null},"to":{"line":1,"ch":14,"sticky":null},"text":["()"],"removed":[""],"origin":"+input"}
2019-4-16 11:06:38.800#keyHandled#"'('"
2019-4-16 11:06:39.406#change#{"from":{"line":1,"ch":15,"sticky":"after"},"to":{"line":1,"ch":15,"sticky":"after"},"text":["\"\""],"removed":[""],"origin":"+input"}
2019-4-16 11:06:39.406#keyHandled#"'\"'"
2019-4-16 11:06:40.510#change#{"from":{"line":1,"ch":16,"sticky":"after"},"to":{"line":1,"ch":16,"sticky":"after"},"text":["e"],"removed":[""],"origin":"+input"}
2019-4-16 11:06:40.930#change#{"from":{"line":1,"ch":17,"sticky":null},"to":{"line":1,"ch":17,"sticky":null},"text":["s"],"removed":[""],"origin":"+input"}
2019-4-16 11:06:41.074#change#{"from":{"line":1,"ch":18,"sticky":null},"to":{"line":1,"ch":18,"sticky":null},"text":["c"],"removed":[""],"origin":"+input"}
2019-4-16 11:06:41.281#change#{"from":{"line":1,"ch":19,"sticky":null},"to":{"line":1,"ch":19,"sticky":null},"text":["r"],"removed":[""],"origin":"+input"}
2019-4-16 11:06:41.421#change#{"from":{"line":1,"ch":20,"sticky":null},"to":{"line":1,"ch":20,"sticky":null},"text":["e"],"removed":[""],"origin":"+input"}
2019-4-16 11:06:41.613#change#{"from":{"line":1,"ch":21,"sticky":null},"to":{"line":1,"ch":21,"sticky":null},"text":["v"],"removed":[""],"origin":"+input"}
2019-4-16 11:06:41.768#change#{"from":{"line":1,"ch":22,"sticky":null},"to":{"line":1,"ch":22,"sticky":null},"text":["a"],"removed":[""],"origin":"+input"}
2019-4-16 11:06:42.334#change#{"from":{"line":1,"ch":23,"sticky":null},"to":{"line":1,"ch":23,"sticky":null},"text":[":"],"removed":[""],"origin":"+input"}
2019-4-16 11:06:42.481#change#{"from":{"line":1,"ch":24,"sticky":null},"to":{"line":1,"ch":24,"sticky":null},"text":[" "],"removed":[""],"origin":"+input"}
2019-4-16 11:06:46.026#mousedown#{"isTrusted":true}
2019-4-16 11:06:46.663#change#{"from":{"line":1,"ch":28,"sticky":"before","xRel":22.5333251953125},"to":{"line":1,"ch":28,"sticky":"before","xRel":22.5333251953125},"text":["",""],"removed":[""],"origin":"+input"}
2019-4-16 11:06:46.664#keyHandled#"Enter"
2019-4-16 11:06:46.679#viewportChange#0
2019-4-16 11:06:46.818#change#{"from":{"line":2,"ch":0,"sticky":null},"to":{"line":2,"ch":0,"sticky":null},"text":["",""],"removed":[""],"origin":"+input"}
2019-4-16 11:06:46.819#keyHandled#"Enter"
2019-4-16 11:06:46.832#viewportChange#0
2019-4-16 11:06:48.563#change#{"from":{"line":3,"ch":0,"sticky":null},"to":{"line":3,"ch":0,"sticky":null},"text":["i"],"removed":[""],"origin":"+input"}
2019-4-16 11:06:48.716#change#{"from":{"line":3,"ch":1,"sticky":null},"to":{"line":3,"ch":1,"sticky":null},"text":["f"],"removed":[""],"origin":"+input"}
2019-4-16 11:06:49.992#change#{"from":{"line":3,"ch":2,"sticky":null},"to":{"line":3,"ch":2,"sticky":null},"text":["()"],"removed":[""],"origin":"+input"}
2019-4-16 11:06:49.992#keyHandled#"'('"
2019-4-16 11:06:50.235#keyHandled#"Right"
2019-4-16 11:06:52.126#change#{"from":{"line":3,"ch":4,"sticky":"before"},"to":{"line":3,"ch":4,"sticky":"before"},"text":[":"],"removed":[""],"origin":"+input"}
2019-4-16 11:07:05.102#change#{"from":{"line":3,"ch":5,"sticky":null},"to":{"line":3,"ch":5,"sticky":null},"text":["",""],"removed":[""],"origin":"+input"}
2019-4-16 11:07:05.102#change#{"from":{"line":4,"ch":0,"sticky":null},"to":{"line":4,"ch":0,"sticky":null},"text":["\t"],"removed":[""],"origin":"+input"}
2019-4-16 11:07:05.102#keyHandled#"Enter"
2019-4-16 11:07:05.120#viewportChange#0
2019-4-16 11:07:06.218#change#{"from":{"line":4,"ch":0,"sticky":"after"},"to":{"line":4,"ch":1,"sticky":null},"text":[""],"removed":["\t"],"origin":"+delete"}
2019-4-16 11:07:06.218#keyHandled#"Backspace"
2019-4-16 11:07:06.881#change#{"from":{"line":3,"ch":5,"sticky":"before"},"to":{"line":4,"ch":0,"sticky":null},"text":[""],"removed":["",""],"origin":"+delete"}
2019-4-16 11:07:06.881#keyHandled#"Backspace"
2019-4-16 11:07:06.893#viewportChange#0
2019-4-16 11:08:03.069#blur#
2019-4-16 11:08:21.690#mousedown#{"isTrusted":true}
2019-4-16 11:08:21.703#focus#
2019-4-16 11:09:21.853#keyHandled#"Right"
2019-4-16 11:09:22.652#keyHandled#"Right"
2019-4-16 11:09:22.973#change#{"from":{"line":3,"ch":5,"sticky":"before"},"to":{"line":3,"ch":5,"sticky":"before"},"text":["",""],"removed":[""],"origin":"+input"}
2019-4-16 11:09:22.973#change#{"from":{"line":4,"ch":0,"sticky":null},"to":{"line":4,"ch":0,"sticky":null},"text":["\t"],"removed":[""],"origin":"+input"}
2019-4-16 11:09:22.973#keyHandled#"Enter"
2019-4-16 11:09:22.987#viewportChange#0
2019-4-16 11:09:25.079#change#{"from":{"line":4,"ch":1,"sticky":null},"to":{"line":4,"ch":1,"sticky":null},"text":["m"],"removed":[""],"origin":"+input"}
2019-4-16 11:09:25.195#change#{"from":{"line":4,"ch":2,"sticky":null},"to":{"line":4,"ch":2,"sticky":null},"text":["e"],"removed":[""],"origin":"+input"}
2019-4-16 11:09:25.757#change#{"from":{"line":4,"ch":3,"sticky":null},"to":{"line":4,"ch":3,"sticky":null},"text":["s"],"removed":[""],"origin":"+input"}
2019-4-16 11:09:26.449#change#{"from":{"line":4,"ch":3,"sticky":"after"},"to":{"line":4,"ch":4,"sticky":null},"text":[""],"removed":["s"],"origin":"+delete"}
2019-4-16 11:09:26.449#keyHandled#"Backspace"
2019-4-16 11:09:26.729#change#{"from":{"line":4,"ch":3,"sticky":null},"to":{"line":4,"ch":3,"sticky":null},"text":["n"],"removed":[""],"origin":"+input"}
2019-4-16 11:09:26.830#change#{"from":{"line":4,"ch":4,"sticky":null},"to":{"line":4,"ch":4,"sticky":null},"text":["s"],"removed":[""],"origin":"+input"}
2019-4-16 11:09:27.453#change#{"from":{"line":4,"ch":5,"sticky":null},"to":{"line":4,"ch":5,"sticky":null},"text":["a"],"removed":[""],"origin":"+input"}
2019-4-16 11:09:27.686#change#{"from":{"line":4,"ch":6,"sticky":null},"to":{"line":4,"ch":6,"sticky":null},"text":["g"],"removed":[""],"origin":"+input"}
2019-4-16 11:09:27.800#change#{"from":{"line":4,"ch":7,"sticky":null},"to":{"line":4,"ch":7,"sticky":null},"text":["e"],"removed":[""],"origin":"+input"}
2019-4-16 11:09:28.158#change#{"from":{"line":4,"ch":8,"sticky":null},"to":{"line":4,"ch":8,"sticky":null},"text":["m"],"removed":[""],"origin":"+input"}
2019-4-16 11:09:30.970#change#{"from":{"line":4,"ch":9,"sticky":null},"to":{"line":4,"ch":9,"sticky":null},"text":["()"],"removed":[""],"origin":"+input"}
2019-4-16 11:09:30.970#keyHandled#"'('"
2019-4-16 11:09:33.310#keyHandled#"Left"
2019-4-16 11:09:33.524#keyHandled#"Left"
2019-4-16 11:09:33.690#keyHandled#"Left"
2019-4-16 11:09:33.845#keyHandled#"Left"
2019-4-16 11:09:33.978#keyHandled#"Left"
2019-4-16 11:09:34.099#keyHandled#"Left"
2019-4-16 11:09:34.247#keyHandled#"Left"
2019-4-16 11:09:34.405#keyHandled#"Left"
2019-4-16 11:09:34.575#keyHandled#"Left"
2019-4-16 11:09:34.881#keyHandled#"Left"
2019-4-16 11:09:35.173#keyHandled#"Left"
2019-4-16 11:09:36.046#keyHandled#"Left"
2019-4-16 11:09:36.321#keyHandled#"Left"
2019-4-16 11:09:36.548#keyHandled#"Left"
2019-4-16 11:09:36.861#keyHandled#"Right"
2019-4-16 11:09:38.436#keyHandled#"Down"
2019-4-16 11:09:38.748#keyHandled#"Right"
2019-4-16 11:09:39.249#keyHandled#"Right"
2019-4-16 11:09:39.299#keyHandled#"Right"
2019-4-16 11:09:39.350#keyHandled#"Right"
2019-4-16 11:09:39.399#keyHandled#"Right"
2019-4-16 11:09:39.450#keyHandled#"Right"
2019-4-16 11:09:39.500#keyHandled#"Right"
2019-4-16 11:09:39.688#keyHandled#"Right"
2019-4-16 11:09:39.938#keyHandled#"Right"
2019-4-16 11:09:58.635#mousedown#{"isTrusted":true}
2019-4-16 11:09:59.655#mousedown#{"isTrusted":true}
2019-4-16 11:10:00.360#mousedown#{"isTrusted":true}
2019-4-16 11:10:01.696#change#{"from":{"line":4,"ch":2,"sticky":"after","xRel":3.5333251953125},"to":{"line":4,"ch":11,"sticky":"before","xRel":11.5333251953125},"text":[""],"removed":["ensagem()"],"origin":"+delete"}
2019-4-16 11:10:01.696#keyHandled#"Backspace"
2019-4-16 11:10:01.887#change#{"from":{"line":4,"ch":1,"sticky":"after"},"to":{"line":4,"ch":2,"sticky":null},"text":[""],"removed":["m"],"origin":"+delete"}
2019-4-16 11:10:01.888#keyHandled#"Backspace"
2019-4-16 11:10:02.109#change#{"from":{"line":4,"ch":0,"sticky":"after"},"to":{"line":4,"ch":1,"sticky":null},"text":[""],"removed":["\t"],"origin":"+delete"}
2019-4-16 11:10:02.109#keyHandled#"Backspace"
2019-4-16 11:10:02.497#change#{"from":{"line":3,"ch":5,"sticky":"before"},"to":{"line":4,"ch":0,"sticky":null},"text":[""],"removed":["",""],"origin":"+delete"}
2019-4-16 11:10:02.497#keyHandled#"Backspace"
2019-4-16 11:10:02.513#viewportChange#0
2019-4-16 11:10:56.194#blur#
2019-4-16 11:12:41.669#mousedown#{"isTrusted":true}
2019-4-16 11:12:41.679#focus#
2019-4-16 11:12:42.604#blur#
2019-4-16 11:23:55.522#mousedown#{"isTrusted":true}
2019-4-16 11:23:55.538#focus#
2019-4-16 11:23:55.934#mousedown#{"isTrusted":true}
2019-4-16 11:23:58.163#change#{"from":{"line":3,"ch":3,"sticky":"before","xRel":-0.4666748046875},"to":{"line":3,"ch":3,"sticky":"before","xRel":-0.4666748046875},"text":["h"],"removed":[""],"origin":"+input"}
2019-4-16 11:23:58.747#change#{"from":{"line":3,"ch":4,"sticky":null},"to":{"line":3,"ch":4,"sticky":null},"text":["1"],"removed":[""],"origin":"+input"}
2019-4-16 11:24:02.478#change#{"from":{"line":3,"ch":5,"sticky":null},"to":{"line":3,"ch":5,"sticky":null},"text":[">"],"removed":[""],"origin":"+input"}
2019-4-16 11:24:03.874#change#{"from":{"line":3,"ch":6,"sticky":null},"to":{"line":3,"ch":6,"sticky":null},"text":["1"],"removed":[""],"origin":"+input"}
2019-4-16 11:24:04.444#change#{"from":{"line":3,"ch":7,"sticky":null},"to":{"line":3,"ch":7,"sticky":null},"text":["."],"removed":[""],"origin":"+input"}
2019-4-16 11:24:04.846#change#{"from":{"line":3,"ch":8,"sticky":null},"to":{"line":3,"ch":8,"sticky":null},"text":["3"],"removed":[""],"origin":"+input"}
2019-4-16 11:24:05.011#change#{"from":{"line":3,"ch":9,"sticky":null},"to":{"line":3,"ch":9,"sticky":null},"text":["0"],"removed":[""],"origin":"+input"}
2019-4-16 11:24:05.866#change#{"from":{"line":3,"ch":9,"sticky":"after"},"to":{"line":3,"ch":10,"sticky":null},"text":[""],"removed":["0"],"origin":"+delete"}
2019-4-16 11:24:05.866#keyHandled#"Backspace"
2019-4-16 11:24:06.282#change#{"from":{"line":3,"ch":9,"sticky":null},"to":{"line":3,"ch":9,"sticky":null},"text":["7"],"removed":[""],"origin":"+input"}
2019-4-16 11:24:07.799#mousedown#{"isTrusted":true}
2019-4-16 11:24:08.637#change#{"from":{"line":3,"ch":12,"sticky":"before","xRel":28.5333251953125},"to":{"line":3,"ch":12,"sticky":"before","xRel":28.5333251953125},"text":["",""],"removed":[""],"origin":"+input"}
2019-4-16 11:24:08.637#change#{"from":{"line":4,"ch":0,"sticky":null},"to":{"line":4,"ch":0,"sticky":null},"text":["\t"],"removed":[""],"origin":"+input"}
2019-4-16 11:24:08.637#keyHandled#"Enter"
2019-4-16 11:24:08.651#viewportChange#0
2019-4-16 11:24:12.616#change#{"from":{"line":4,"ch":1,"sticky":null},"to":{"line":4,"ch":1,"sticky":null},"text":["m"],"removed":[""],"origin":"+input"}
2019-4-16 11:24:12.739#change#{"from":{"line":4,"ch":2,"sticky":null},"to":{"line":4,"ch":2,"sticky":null},"text":["s"],"removed":[""],"origin":"+input"}
2019-4-16 11:24:12.925#change#{"from":{"line":4,"ch":3,"sticky":null},"to":{"line":4,"ch":3,"sticky":null},"text":["g"],"removed":[""],"origin":"+input"}
2019-4-16 11:24:13.387#change#{"from":{"line":4,"ch":4,"sticky":null},"to":{"line":4,"ch":4,"sticky":null},"text":["",""],"removed":[""],"origin":"+input"}
2019-4-16 11:24:13.387#change#{"from":{"line":5,"ch":0,"sticky":null},"to":{"line":5,"ch":0,"sticky":null},"text":["\t"],"removed":[""],"origin":"+input"}
2019-4-16 11:24:13.387#keyHandled#"Enter"
2019-4-16 11:24:13.404#viewportChange#0
2019-4-16 11:24:57.201#mousedown#{"isTrusted":true}
2019-4-16 11:24:58.374#change#{"from":{"line":4,"ch":4,"sticky":"before","xRel":91.5333251953125},"to":{"line":4,"ch":4,"sticky":"before","xRel":91.5333251953125},"text":["="],"removed":[""],"origin":"+input"}
2019-4-16 11:25:00.557#change#{"from":{"line":4,"ch":5,"sticky":null},"to":{"line":4,"ch":5,"sticky":null},"text":["()"],"removed":[""],"origin":"+input"}
2019-4-16 11:25:00.557#keyHandled#"'('"
2019-4-16 11:25:01.589#change#{"from":{"line":4,"ch":6,"sticky":"after"},"to":{"line":4,"ch":6,"sticky":"after"},"text":["s"],"removed":[""],"origin":"+input"}
2019-4-16 11:25:01.679#change#{"from":{"line":4,"ch":7,"sticky":null},"to":{"line":4,"ch":7,"sticky":null},"text":["i"],"removed":[""],"origin":"+input"}
2019-4-16 11:25:01.749#change#{"from":{"line":4,"ch":8,"sticky":null},"to":{"line":4,"ch":8,"sticky":null},"text":["m"],"removed":[""],"origin":"+input"}
2019-4-16 11:25:03.739#keyHandled#"Left"
2019-4-16 11:25:03.927#keyHandled#"Left"
2019-4-16 11:25:04.347#keyHandled#"Left"
2019-4-16 11:25:04.698#change#{"from":{"line":4,"ch":6,"sticky":"after"},"to":{"line":4,"ch":7,"sticky":"before"},"text":[""],"removed":["s"],"origin":"+delete"}
2019-4-16 11:25:04.698#keyHandled#"Delete"
2019-4-16 11:25:04.860#change#{"from":{"line":4,"ch":6,"sticky":null},"to":{"line":4,"ch":7,"sticky":"before"},"text":[""],"removed":["i"],"origin":"+delete"}
2019-4-16 11:25:04.860#keyHandled#"Delete"
2019-4-16 11:25:05.007#change#{"from":{"line":4,"ch":6,"sticky":null},"to":{"line":4,"ch":7,"sticky":"before"},"text":[""],"removed":["m"],"origin":"+delete"}
2019-4-16 11:25:05.008#keyHandled#"Delete"
2019-4-16 11:25:05.750#change#{"from":{"line":4,"ch":6,"sticky":null},"to":{"line":4,"ch":6,"sticky":null},"text":["\"\""],"removed":[""],"origin":"+input"}
2019-4-16 11:25:05.750#keyHandled#"'\"'"
2019-4-16 11:25:06.172#change#{"from":{"line":4,"ch":7,"sticky":"after"},"to":{"line":4,"ch":7,"sticky":"after"},"text":["s"],"removed":[""],"origin":"+input"}
2019-4-16 11:25:06.359#change#{"from":{"line":4,"ch":8,"sticky":null},"to":{"line":4,"ch":8,"sticky":null},"text":["i"],"removed":[""],"origin":"+input"}
2019-4-16 11:25:06.495#change#{"from":{"line":4,"ch":9,"sticky":null},"to":{"line":4,"ch":9,"sticky":null},"text":["m"],"removed":[""],"origin":"+input"}
2019-4-16 11:25:10.404#mousedown#{"isTrusted":true}
2019-4-16 11:25:11.229#mousedown#{"isTrusted":true}
2019-4-16 11:25:14.027#mousedown#{"isTrusted":true}
2019-4-16 11:25:14.890#change#{"from":{"line":4,"ch":7,"sticky":"before","xRel":-2.4666748046875},"to":{"line":4,"ch":8,"sticky":"before"},"text":[""],"removed":["s"],"origin":"+delete"}
2019-4-16 11:25:14.890#keyHandled#"Delete"
2019-4-16 11:25:15.758#change#{"from":{"line":4,"ch":7,"sticky":null},"to":{"line":4,"ch":7,"sticky":null},"text":["S"],"removed":[""],"origin":"+input"}
2019-4-16 11:25:19.734#mousedown#{"isTrusted":true}
2019-4-16 11:25:28.760#change#{"from":{"line":5,"ch":0,"sticky":"after"},"to":{"line":5,"ch":1,"sticky":"before","xRel":112.5333251953125},"text":[""],"removed":["\t"],"origin":"+delete"}
2019-4-16 11:25:28.760#keyHandled#"Backspace"
2019-4-16 11:25:30.175#change#{"from":{"line":5,"ch":0,"sticky":null},"to":{"line":5,"ch":0,"sticky":null},"text":["i"],"removed":[""],"origin":"+input"}
2019-4-16 11:25:30.664#change#{"from":{"line":5,"ch":1,"sticky":null},"to":{"line":5,"ch":1,"sticky":null},"text":["f"],"removed":[""],"origin":"+input"}
2019-4-16 11:25:31.865#change#{"from":{"line":5,"ch":2,"sticky":null},"to":{"line":5,"ch":2,"sticky":null},"text":[")"],"removed":[""],"origin":"+input"}
2019-4-16 11:25:32.573#change#{"from":{"line":5,"ch":2,"sticky":"after"},"to":{"line":5,"ch":3,"sticky":null},"text":[""],"removed":[")"],"origin":"+delete"}
2019-4-16 11:25:32.573#keyHandled#"Backspace"
2019-4-16 11:25:32.957#change#{"from":{"line":5,"ch":2,"sticky":null},"to":{"line":5,"ch":2,"sticky":null},"text":["",""],"removed":[""],"origin":"+input"}
2019-4-16 11:25:32.970#viewportChange#0
2019-4-16 11:25:33.956#change#{"from":{"line":5,"ch":2,"sticky":"before"},"to":{"line":6,"ch":0,"sticky":null},"text":[""],"removed":["",""],"origin":"+delete"}
2019-4-16 11:25:33.956#keyHandled#"Backspace"
2019-4-16 11:25:33.969#viewportChange#0
2019-4-16 11:25:34.393#change#{"from":{"line":5,"ch":2,"sticky":null},"to":{"line":5,"ch":2,"sticky":null},"text":["()"],"removed":[""],"origin":"+input"}
2019-4-16 11:25:34.393#keyHandled#"'('"
2019-4-16 11:25:37.822#change#{"from":{"line":5,"ch":3,"sticky":"after"},"to":{"line":5,"ch":3,"sticky":"after"},"text":["h"],"removed":[""],"origin":"+input"}
2019-4-16 11:25:37.948#change#{"from":{"line":5,"ch":4,"sticky":null},"to":{"line":5,"ch":4,"sticky":null},"text":["1"],"removed":[""],"origin":"+input"}
2019-4-16 11:25:40.903#change#{"from":{"line":5,"ch":5,"sticky":null},"to":{"line":5,"ch":5,"sticky":null},"text":["="],"removed":[""],"origin":"+input"}
2019-4-16 11:25:41.080#change#{"from":{"line":5,"ch":6,"sticky":null},"to":{"line":5,"ch":6,"sticky":null},"text":["="],"removed":[""],"origin":"+input"}
2019-4-16 11:25:41.931#change#{"from":{"line":5,"ch":7,"sticky":null},"to":{"line":5,"ch":7,"sticky":null},"text":["h"],"removed":[""],"origin":"+input"}
2019-4-16 11:25:42.326#change#{"from":{"line":5,"ch":8,"sticky":null},"to":{"line":5,"ch":8,"sticky":null},"text":["2"],"removed":[""],"origin":"+input"}
2019-4-16 11:25:44.335#change#{"from":{"line":5,"ch":8,"sticky":"after"},"to":{"line":5,"ch":9,"sticky":null},"text":[""],"removed":["2"],"origin":"+delete"}
2019-4-16 11:25:44.335#keyHandled#"Backspace"
2019-4-16 11:25:44.471#change#{"from":{"line":5,"ch":7,"sticky":"after"},"to":{"line":5,"ch":8,"sticky":null},"text":[""],"removed":["h"],"origin":"+delete"}
2019-4-16 11:25:44.471#keyHandled#"Backspace"
2019-4-16 11:25:44.600#change#{"from":{"line":5,"ch":6,"sticky":"after"},"to":{"line":5,"ch":7,"sticky":null},"text":[""],"removed":["="],"origin":"+delete"}
2019-4-16 11:25:44.600#keyHandled#"Backspace"
2019-4-16 11:25:44.733#change#{"from":{"line":5,"ch":5,"sticky":"after"},"to":{"line":5,"ch":6,"sticky":null},"text":[""],"removed":["="],"origin":"+delete"}
2019-4-16 11:25:44.733#keyHandled#"Backspace"
2019-4-16 11:25:44.854#change#{"from":{"line":5,"ch":4,"sticky":"after"},"to":{"line":5,"ch":5,"sticky":null},"text":[""],"removed":["1"],"origin":"+delete"}
2019-4-16 11:25:44.854#keyHandled#"Backspace"
2019-4-16 11:25:45.168#change#{"from":{"line":5,"ch":3,"sticky":"after"},"to":{"line":5,"ch":4,"sticky":null},"text":[""],"removed":["h"],"origin":"+delete"}
2019-4-16 11:25:45.168#keyHandled#"Backspace"
2019-4-16 11:25:46.893#mousedown#{"isTrusted":true}
2019-4-16 11:26:14.948#mousedown#{"isTrusted":true}
2019-4-16 11:26:19.214#change#{"from":{"line":5,"ch":3,"sticky":"after","xRel":0.5333251953125},"to":{"line":5,"ch":3,"sticky":"after","xRel":0.5333251953125},"text":["h"],"removed":[""],"origin":"+input"}
2019-4-16 11:26:19.515#change#{"from":{"line":5,"ch":4,"sticky":null},"to":{"line":5,"ch":4,"sticky":null},"text":["2"],"removed":[""],"origin":"+input"}
2019-4-16 11:26:21.022#change#{"from":{"line":5,"ch":5,"sticky":null},"to":{"line":5,"ch":5,"sticky":null},"text":[">"],"removed":[""],"origin":"+input"}
2019-4-16 11:26:21.943#change#{"from":{"line":5,"ch":6,"sticky":null},"to":{"line":5,"ch":6,"sticky":null},"text":["1"],"removed":[""],"origin":"+input"}
2019-4-16 11:26:23.853#change#{"from":{"line":5,"ch":7,"sticky":null},"to":{"line":5,"ch":7,"sticky":null},"text":["."],"removed":[""],"origin":"+input"}
2019-4-16 11:26:24.383#change#{"from":{"line":5,"ch":8,"sticky":null},"to":{"line":5,"ch":8,"sticky":null},"text":["3"],"removed":[""],"origin":"+input"}
2019-4-16 11:26:24.682#change#{"from":{"line":5,"ch":9,"sticky":null},"to":{"line":5,"ch":9,"sticky":null},"text":["7"],"removed":[""],"origin":"+input"}
2019-4-16 11:26:25.528#keyHandled#"Right"
2019-4-16 11:26:29.302#change#{"from":{"line":5,"ch":11,"sticky":"before"},"to":{"line":5,"ch":11,"sticky":"before"},"text":[":"],"removed":[""],"origin":"+input"}
2019-4-16 11:26:30.272#keyHandled#"Right"
2019-4-16 11:26:30.726#change#{"from":{"line":5,"ch":12,"sticky":null},"to":{"line":5,"ch":12,"sticky":null,"hitSide":true},"text":["",""],"removed":[""],"origin":"+input"}
2019-4-16 11:26:30.726#change#{"from":{"line":6,"ch":0,"sticky":null},"to":{"line":6,"ch":0,"sticky":null},"text":["\t"],"removed":[""],"origin":"+input"}
2019-4-16 11:26:30.726#keyHandled#"Enter"
2019-4-16 11:26:30.743#viewportChange#0
2019-4-16 11:26:32.986#change#{"from":{"line":6,"ch":1,"sticky":null},"to":{"line":6,"ch":1,"sticky":null},"text":["m"],"removed":[""],"origin":"+input"}
2019-4-16 11:26:33.119#change#{"from":{"line":6,"ch":2,"sticky":null},"to":{"line":6,"ch":2,"sticky":null},"text":["s"],"removed":[""],"origin":"+input"}
2019-4-16 11:26:33.337#change#{"from":{"line":6,"ch":3,"sticky":null},"to":{"line":6,"ch":3,"sticky":null},"text":["g"],"removed":[""],"origin":"+input"}
2019-4-16 11:26:38.035#change#{"from":{"line":6,"ch":4,"sticky":null},"to":{"line":6,"ch":4,"sticky":null},"text":["()"],"removed":[""],"origin":"+input"}
2019-4-16 11:26:38.035#keyHandled#"'('"
2019-4-16 11:26:38.707#change#{"from":{"line":6,"ch":5,"sticky":"after"},"to":{"line":6,"ch":5,"sticky":"after"},"text":["\"\""],"removed":[""],"origin":"+input"}
2019-4-16 11:26:38.708#keyHandled#"'\"'"
2019-4-16 11:26:40.560#change#{"from":{"line":6,"ch":6,"sticky":"after"},"to":{"line":6,"ch":6,"sticky":"after"},"text":["S"],"removed":[""],"origin":"+input"}
2019-4-16 11:26:41.394#change#{"from":{"line":6,"ch":7,"sticky":null},"to":{"line":6,"ch":7,"sticky":null},"text":["I"],"removed":[""],"origin":"+input"}
2019-4-16 11:26:42.132#change#{"from":{"line":6,"ch":7,"sticky":"after"},"to":{"line":6,"ch":8,"sticky":null},"text":[""],"removed":["I"],"origin":"+delete"}
2019-4-16 11:26:42.133#keyHandled#"Backspace"
2019-4-16 11:26:42.525#change#{"from":{"line":6,"ch":7,"sticky":null},"to":{"line":6,"ch":7,"sticky":null},"text":["i"],"removed":[""],"origin":"+input"}
2019-4-16 11:26:42.681#change#{"from":{"line":6,"ch":8,"sticky":null},"to":{"line":6,"ch":8,"sticky":null},"text":["m"],"removed":[""],"origin":"+input"}
2019-4-16 11:26:44.265#mousedown#{"isTrusted":true}
2019-4-16 11:26:44.568#mousedown#{"isTrusted":true}
2019-4-16 11:26:45.100#mousedown#{"isTrusted":true}
2019-4-16 11:27:06.551#mousedown#{"isTrusted":true}
2019-4-16 11:27:08.071#keyHandled#"Right"
2019-4-16 11:27:09.009#change#{"from":{"line":3,"ch":5,"sticky":"before"},"to":{"line":3,"ch":5,"sticky":"before"},"text":[","],"removed":[""],"origin":"+input"}
2019-4-16 11:27:09.984#change#{"from":{"line":3,"ch":6,"sticky":null},"to":{"line":3,"ch":6,"sticky":null},"text":["h"],"removed":[""],"origin":"+input"}
2019-4-16 11:27:10.068#change#{"from":{"line":3,"ch":7,"sticky":null},"to":{"line":3,"ch":7,"sticky":null},"text":["e"],"removed":[""],"origin":"+input"}
2019-4-16 11:27:11.007#change#{"from":{"line":3,"ch":7,"sticky":"after"},"to":{"line":3,"ch":8,"sticky":null},"text":[""],"removed":["e"],"origin":"+delete"}
2019-4-16 11:27:11.007#keyHandled#"Backspace"
2019-4-16 11:27:11.304#change#{"from":{"line":3,"ch":7,"sticky":null},"to":{"line":3,"ch":7,"sticky":null},"text":["2"],"removed":[""],"origin":"+input"}
2019-4-16 11:27:12.018#keyHandled#"Down"
2019-4-16 11:27:12.244#keyHandled#"Down"
2019-4-16 11:27:12.425#keyHandled#"Down"
2019-4-16 11:27:14.300#change#{"from":{"line":6,"ch":6,"sticky":"after","xRel":0},"to":{"line":6,"ch":7,"sticky":"before"},"text":[""],"removed":["S"],"origin":"+delete"}
2019-4-16 11:27:14.300#keyHandled#"Delete"
2019-4-16 11:27:14.535#change#{"from":{"line":6,"ch":5,"sticky":"after"},"to":{"line":6,"ch":6,"sticky":null},"text":[""],"removed":["\""],"origin":"+delete"}
2019-4-16 11:27:14.535#keyHandled#"Backspace"
2019-4-16 11:27:14.719#change#{"from":{"line":6,"ch":4,"sticky":"after"},"to":{"line":6,"ch":5,"sticky":null},"text":[""],"removed":["("],"origin":"+delete"}
2019-4-16 11:27:14.719#keyHandled#"Backspace"
2019-4-16 11:27:15.165#change#{"from":{"line":6,"ch":3,"sticky":"after"},"to":{"line":6,"ch":4,"sticky":null},"text":[""],"removed":["g"],"origin":"+delete"}
2019-4-16 11:27:15.165#keyHandled#"Backspace"
2019-4-16 11:27:15.328#change#{"from":{"line":6,"ch":2,"sticky":"after"},"to":{"line":6,"ch":3,"sticky":null},"text":[""],"removed":["s"],"origin":"+delete"}
2019-4-16 11:27:15.328#keyHandled#"Backspace"
2019-4-16 11:27:17.074#change#{"from":{"line":6,"ch":2,"sticky":null},"to":{"line":6,"ch":2,"sticky":null},"text":["s"],"removed":[""],"origin":"+input"}
2019-4-16 11:27:17.317#change#{"from":{"line":6,"ch":3,"sticky":null},"to":{"line":6,"ch":3,"sticky":null},"text":["g"],"removed":[""],"origin":"+input"}
2019-4-16 11:27:18.853#change#{"from":{"line":6,"ch":4,"sticky":null},"to":{"line":6,"ch":4,"sticky":null},"text":["("],"removed":[""],"origin":"+input"}
2019-4-16 11:27:20.641#change#{"from":{"line":6,"ch":5,"sticky":null},"to":{"line":6,"ch":6,"sticky":"before"},"text":[""],"removed":["i"],"origin":"+delete"}
2019-4-16 11:27:20.641#keyHandled#"Delete"
2019-4-16 11:27:20.799#change#{"from":{"line":6,"ch":5,"sticky":null},"to":{"line":6,"ch":6,"sticky":"before"},"text":[""],"removed":["m"],"origin":"+delete"}
2019-4-16 11:27:20.799#keyHandled#"Delete"
2019-4-16 11:27:20.940#change#{"from":{"line":6,"ch":5,"sticky":null},"to":{"line":6,"ch":6,"sticky":"before"},"text":[""],"removed":["\""],"origin":"+delete"}
2019-4-16 11:27:20.940#keyHandled#"Delete"
2019-4-16 11:27:21.109#change#{"from":{"line":6,"ch":5,"sticky":null},"to":{"line":6,"ch":6,"sticky":"before"},"text":[""],"removed":[")"],"origin":"+delete"}
2019-4-16 11:27:21.109#keyHandled#"Delete"
2019-4-16 11:27:22.359#change#{"from":{"line":6,"ch":5,"sticky":null},"to":{"line":6,"ch":5,"sticky":null},"text":[")"],"removed":[""],"origin":"+input"}
2019-4-16 11:27:22.940#change#{"from":{"line":6,"ch":6,"sticky":null},"to":{"line":6,"ch":6,"sticky":null},"text":["\"\""],"removed":[""],"origin":"+input"}
2019-4-16 11:27:22.940#keyHandled#"'\"'"
2019-4-16 11:27:23.292#keyHandled#"Left"
2019-4-16 11:27:23.856#change#{"from":{"line":6,"ch":6,"sticky":"after"},"to":{"line":6,"ch":6,"sticky":"after"},"text":["n"],"removed":[""],"origin":"+input"}
2019-4-16 11:27:24.317#change#{"from":{"line":6,"ch":6,"sticky":"after"},"to":{"line":6,"ch":7,"sticky":null},"text":[""],"removed":["n"],"origin":"+delete"}
2019-4-16 11:27:24.317#keyHandled#"Backspace"
2019-4-16 11:27:25.523#change#{"from":{"line":6,"ch":6,"sticky":null},"to":{"line":6,"ch":7,"sticky":"before"},"text":[""],"removed":["\""],"origin":"+delete"}
2019-4-16 11:27:25.523#keyHandled#"Delete"
2019-4-16 11:27:26.069#change#{"from":{"line":6,"ch":6,"sticky":null},"to":{"line":6,"ch":7,"sticky":"before"},"text":[""],"removed":["\""],"origin":"+delete"}
2019-4-16 11:27:26.069#keyHandled#"Delete"
2019-4-16 11:27:26.447#keyHandled#"Left"
2019-4-16 11:27:27.211#change#{"from":{"line":6,"ch":5,"sticky":"after"},"to":{"line":6,"ch":5,"sticky":"after"},"text":["\"\""],"removed":[""],"origin":"+input"}
2019-4-16 11:27:27.211#keyHandled#"'\"'"
2019-4-16 11:27:27.498#keyHandled#"Left"
2019-4-16 11:27:27.849#keyHandled#"Right"
2019-4-16 11:27:28.678#change#{"from":{"line":6,"ch":6,"sticky":"before"},"to":{"line":6,"ch":6,"sticky":"before"},"text":["N"],"removed":[""],"origin":"+input"}
2019-4-16 11:27:29.251#change#{"from":{"line":6,"ch":7,"sticky":null},"to":{"line":6,"ch":7,"sticky":null},"text":["a"],"removed":[""],"origin":"+input"}
2019-4-16 11:27:29.398#change#{"from":{"line":6,"ch":8,"sticky":null},"to":{"line":6,"ch":8,"sticky":null},"text":["o"],"removed":[""],"origin":"+input"}
2019-4-16 11:27:30.123#keyHandled#"Up"
2019-4-16 11:27:30.723#keyHandled#"Left"
2019-4-16 11:27:30.882#keyHandled#"Left"
2019-4-16 11:27:31.029#keyHandled#"Left"
2019-4-16 11:27:31.188#keyHandled#"Left"
2019-4-16 11:27:31.317#keyHandled#"Left"
2019-4-16 11:27:31.475#keyHandled#"Left"
2019-4-16 11:27:31.940#keyHandled#"Left"
2019-4-16 11:27:32.268#keyHandled#"Left"
2019-4-16 11:27:33.243#change#{"from":{"line":5,"ch":3,"sticky":"after"},"to":{"line":5,"ch":3,"sticky":"after"},"text":["h"],"removed":[""],"origin":"+input"}
2019-4-16 11:27:33.794#change#{"from":{"line":5,"ch":4,"sticky":null},"to":{"line":5,"ch":4,"sticky":null},"text":["1"],"removed":[""],"origin":"+input"}
2019-4-16 11:27:34.142#change#{"from":{"line":5,"ch":5,"sticky":null},"to":{"line":5,"ch":5,"sticky":null},"text":[","],"removed":[""],"origin":"+input"}
2019-4-16 11:27:35.193#change#{"from":{"line":5,"ch":6,"sticky":null},"to":{"line":5,"ch":6,"sticky":null},"text":["h"],"removed":[""],"origin":"+input"}
2019-4-16 11:27:35.327#change#{"from":{"line":5,"ch":7,"sticky":null},"to":{"line":5,"ch":7,"sticky":null},"text":["2"],"removed":[""],"origin":"+input"}
2019-4-16 11:27:36.006#keyHandled#"Right"
2019-4-16 11:27:37.156#change#{"from":{"line":5,"ch":9,"sticky":"before"},"to":{"line":5,"ch":10,"sticky":"before"},"text":[""],"removed":["2"],"origin":"+delete"}
2019-4-16 11:27:37.156#keyHandled#"Delete"
2019-4-16 11:27:37.358#change#{"from":{"line":5,"ch":8,"sticky":"after"},"to":{"line":5,"ch":9,"sticky":null},"text":[""],"removed":["h"],"origin":"+delete"}
2019-4-16 11:27:37.358#keyHandled#"Backspace"
2019-4-16 11:27:37.864#keyHandled#"Right"
2019-4-16 11:27:38.486#change#{"from":{"line":5,"ch":8,"sticky":"after"},"to":{"line":5,"ch":9,"sticky":"before"},"text":[""],"removed":[">"],"origin":"+delete"}
2019-4-16 11:27:38.486#keyHandled#"Backspace"
2019-4-16 11:27:39.219#change#{"from":{"line":5,"ch":8,"sticky":null},"to":{"line":5,"ch":8,"sticky":null},"text":["<"],"removed":[""],"origin":"+input"}
2019-4-16 11:27:39.219#change#{"from":{"line":5,"ch":8,"sticky":null},"to":{"line":5,"ch":8,"sticky":null},"text":["<"],"removed":[""],"origin":"+input"}
2019-4-16 11:27:42.659#saida_testar#$ python3 main.py
2019-4-16 11:27:44.176#blur#
2019-4-16 11:28:08.591#mousedown#{"isTrusted":true}
2019-4-16 11:28:08.824#focus#
2019-4-16 11:28:08.862#mousedown#{"isTrusted":true}
2019-4-16 11:28:09.675#mousedown#{"isTrusted":true}
2019-4-16 11:28:10.304#change#{"from":{"line":6,"ch":11,"sticky":"before","xRel":28.5333251953125},"to":{"line":6,"ch":11,"sticky":"before","xRel":28.5333251953125},"text":["",""],"removed":[""],"origin":"+input"}
2019-4-16 11:28:10.304#change#{"from":{"line":7,"ch":0,"sticky":null},"to":{"line":7,"ch":0,"sticky":null},"text":["\t"],"removed":[""],"origin":"+input"}
2019-4-16 11:28:10.304#keyHandled#"Enter"
2019-4-16 11:28:10.320#viewportChange#0
2019-4-16 11:28:10.509#change#{"from":{"line":7,"ch":1,"sticky":null},"to":{"line":7,"ch":1,"sticky":null},"text":["",""],"removed":[""],"origin":"+input"}
2019-4-16 11:28:10.509#change#{"from":{"line":8,"ch":0,"sticky":null},"to":{"line":8,"ch":0,"sticky":null},"text":["\t"],"removed":[""],"origin":"+input"}
2019-4-16 11:28:10.509#keyHandled#"Enter"
2019-4-16 11:28:10.523#viewportChange#0
2019-4-16 11:28:11.145#change#{"from":{"line":8,"ch":0,"sticky":"after"},"to":{"line":8,"ch":1,"sticky":null},"text":[""],"removed":["\t"],"origin":"+delete"}
2019-4-16 11:28:11.145#keyHandled#"Backspace"
2019-4-16 11:28:12.299#change#{"from":{"line":8,"ch":0,"sticky":null},"to":{"line":8,"ch":0,"sticky":null},"text":["p"],"removed":[""],"origin":"+input"}
2019-4-16 11:28:12.407#change#{"from":{"line":8,"ch":1,"sticky":null},"to":{"line":8,"ch":1,"sticky":null},"text":["r"],"removed":[""],"origin":"+input"}
2019-4-16 11:28:12.556#change#{"from":{"line":8,"ch":2,"sticky":null},"to":{"line":8,"ch":2,"sticky":null},"text":["i"],"removed":[""],"origin":"+input"}
2019-4-16 11:28:12.766#change#{"from":{"line":8,"ch":3,"sticky":null},"to":{"line":8,"ch":3,"sticky":null},"text":["n"],"removed":[""],"origin":"+input"}
2019-4-16 11:28:12.789#change#{"from":{"line":8,"ch":4,"sticky":null},"to":{"line":8,"ch":4,"sticky":null},"text":["m"],"removed":[""],"origin":"+input"}
2019-4-16 11:28:12.974#change#{"from":{"line":8,"ch":5,"sticky":null},"to":{"line":8,"ch":5,"sticky":null},"text":["t"],"removed":[""],"origin":"+input"}
2019-4-16 11:28:13.687#change#{"from":{"line":8,"ch":5,"sticky":"after"},"to":{"line":8,"ch":6,"sticky":null},"text":[""],"removed":["t"],"origin":"+delete"}
2019-4-16 11:28:13.687#keyHandled#"Backspace"
2019-4-16 11:28:13.867#change#{"from":{"line":8,"ch":4,"sticky":"after"},"to":{"line":8,"ch":5,"sticky":null},"text":[""],"removed":["m"],"origin":"+delete"}
2019-4-16 11:28:13.867#keyHandled#"Backspace"
2019-4-16 11:28:14.184#change#{"from":{"line":8,"ch":4,"sticky":null},"to":{"line":8,"ch":4,"sticky":null},"text":["t"],"removed":[""],"origin":"+input"}
2019-4-16 11:28:14.780#change#{"from":{"line":8,"ch":5,"sticky":null},"to":{"line":8,"ch":5,"sticky":null},"text":["()"],"removed":[""],"origin":"+input"}
2019-4-16 11:28:14.780#keyHandled#"'('"
2019-4-16 11:28:14.798#keyHandled#"')'"
2019-4-16 11:28:15.392#change#{"from":{"line":8,"ch":7,"sticky":"before"},"to":{"line":8,"ch":7,"sticky":"before"},"text":["m"],"removed":[""],"origin":"+input"}
2019-4-16 11:28:15.534#change#{"from":{"line":8,"ch":8,"sticky":null},"to":{"line":8,"ch":8,"sticky":null},"text":["s"],"removed":[""],"origin":"+input"}
2019-4-16 11:28:16.426#change#{"from":{"line":8,"ch":8,"sticky":"after"},"to":{"line":8,"ch":9,"sticky":null},"text":[""],"removed":["s"],"origin":"+delete"}
2019-4-16 11:28:16.426#keyHandled#"Backspace"
2019-4-16 11:28:16.577#change#{"from":{"line":8,"ch":7,"sticky":"after"},"to":{"line":8,"ch":8,"sticky":null},"text":[""],"removed":["m"],"origin":"+delete"}
2019-4-16 11:28:16.577#keyHandled#"Backspace"
2019-4-16 11:28:16.854#keyHandled#"Left"
2019-4-16 11:28:17.057#keyHandled#"Left"
2019-4-16 11:28:17.576#change#{"from":{"line":8,"ch":5,"sticky":"after"},"to":{"line":8,"ch":5,"sticky":"after"},"text":["m"],"removed":[""],"origin":"+input"}
2019-4-16 11:28:17.691#change#{"from":{"line":8,"ch":6,"sticky":null},"to":{"line":8,"ch":6,"sticky":null},"text":["s"],"removed":[""],"origin":"+input"}
2019-4-16 11:28:17.844#change#{"from":{"line":8,"ch":7,"sticky":null},"to":{"line":8,"ch":7,"sticky":null},"text":["g"],"removed":[""],"origin":"+input"}
2019-4-16 11:28:19.896#blur#
2019-4-16 11:28:20.764#saida_testar#$ python3 main.py
2019-4-16 11:28:23.116#mousedown#{"isTrusted":true}
2019-4-16 11:28:23.310#focus#
2019-4-16 11:28:24.096#change#{"from":{"line":8,"ch":7,"sticky":"after"},"to":{"line":8,"ch":8,"sticky":"before","xRel":-0.4666748046875},"text":[""],"removed":["g"],"origin":"+delete"}
2019-4-16 11:28:24.096#keyHandled#"Backspace"
2019-4-16 11:28:24.266#change#{"from":{"line":8,"ch":6,"sticky":"after"},"to":{"line":8,"ch":7,"sticky":null},"text":[""],"removed":["s"],"origin":"+delete"}
2019-4-16 11:28:24.266#keyHandled#"Backspace"
2019-4-16 11:28:24.395#change#{"from":{"line":8,"ch":5,"sticky":"after"},"to":{"line":8,"ch":6,"sticky":null},"text":[""],"removed":["m"],"origin":"+delete"}
2019-4-16 11:28:24.395#keyHandled#"Backspace"
2019-4-16 11:28:24.911#keyHandled#"Right"
2019-4-16 11:28:25.310#change#{"from":{"line":8,"ch":6,"sticky":"before"},"to":{"line":8,"ch":6,"sticky":"before"},"text":["m"],"removed":[""],"origin":"+input"}
2019-4-16 11:28:25.531#change#{"from":{"line":8,"ch":7,"sticky":null},"to":{"line":8,"ch":7,"sticky":null},"text":["s"],"removed":[""],"origin":"+input"}
2019-4-16 11:28:25.719#change#{"from":{"line":8,"ch":8,"sticky":null},"to":{"line":8,"ch":8,"sticky":null},"text":["g"],"removed":[""],"origin":"+input"}
2019-4-16 11:28:25.310#change#{"from":{"line":8,"ch":6,"sticky":"before"},"to":{"line":8,"ch":6,"sticky":"before"},"text":["m"],"removed":[""],"origin":"+input"}
2019-4-16 11:28:25.531#change#{"from":{"line":8,"ch":7,"sticky":null},"to":{"line":8,"ch":7,"sticky":null},"text":["s"],"removed":[""],"origin":"+input"}
2019-4-16 11:28:25.719#change#{"from":{"line":8,"ch":8,"sticky":null},"to":{"line":8,"ch":8,"sticky":null},"text":["g"],"removed":[""],"origin":"+input"}
2019-4-16 11:28:25.310#change#{"from":{"line":8,"ch":6,"sticky":"before"},"to":{"line":8,"ch":6,"sticky":"before"},"text":["m"],"removed":[""],"origin":"+input"}
2019-4-16 11:28:25.531#change#{"from":{"line":8,"ch":7,"sticky":null},"to":{"line":8,"ch":7,"sticky":null},"text":["s"],"removed":[""],"origin":"+input"}
2019-4-16 11:28:25.719#change#{"from":{"line":8,"ch":8,"sticky":null},"to":{"line":8,"ch":8,"sticky":null},"text":["g"],"removed":[""],"origin":"+input"}
2019-4-16 11:28:28.588#blur#
2019-4-16 11:28:34.318#mousedown#{"isTrusted":true}
2019-4-16 11:28:34.523#focus#
2019-4-16 11:28:34.722#mousedown#{"isTrusted":true}
2019-4-16 11:28:35.185#mousedown#{"isTrusted":true}
2019-4-16 11:28:35.185#mousedown#{"isTrusted":true}
2019-4-16 11:28:35.185#mousedown#{"isTrusted":true}
2019-4-16 11:28:41.076#blur#
2019-4-16 11:28:41.076#blur#
2019-4-16 11:28:48.916#mousedown#{"isTrusted":true}
2019-4-16 11:28:49.099#focus#
2019-4-16 11:28:49.620#keyHandled#"PageDown"
2019-4-16 11:28:49.748#change#{"from":{"line":8,"ch":10,"sticky":null,"xRel":1,"outside":true,"hitSide":true},"to":{"line":8,"ch":10,"sticky":null,"xRel":1,"outside":true,"hitSide":true},"text":["4"],"removed":[""],"origin":"+input"}
2019-4-16 11:28:50.853#change#{"from":{"line":8,"ch":10,"sticky":"after"},"to":{"line":8,"ch":11,"sticky":null},"text":[""],"removed":["4"],"origin":"+delete"}
2019-4-16 11:28:50.853#keyHandled#"Backspace"
2019-4-16 11:28:51.192#change#{"from":{"line":8,"ch":9,"sticky":"after"},"to":{"line":8,"ch":10,"sticky":null},"text":[""],"removed":[")"],"origin":"+delete"}
2019-4-16 11:28:51.192#keyHandled#"Backspace"
2019-4-16 11:28:52.456#change#{"from":{"line":8,"ch":9,"sticky":null},"to":{"line":8,"ch":9,"sticky":null},"text":[")"],"removed":[""],"origin":"+input"}
2019-4-16 11:28:57.924#blur#
2019-4-16 11:28:57.924#blur#
2019-4-16 11:29:00.192#submit#Your code did not produce the correct output. Please, correct your code and try again.
2019-4-16 11:29:00.413#saida_testar#$ python3 main.py
2019-4-16 11:29:00.192#submit#Your code did not produce the correct output. Please, correct your code and try again.
2019-4-16 11:29:00.413#saida_testar#$ python3 main.py
2019-4-16 11:29:00.192#submit#Your code did not produce the correct output. Please, correct your code and try again.
2019-4-16 11:29:00.413#saida_testar#$ python3 main.py
2019-4-16 11:29:24.401#mousedown#{"isTrusted":true}
2019-4-16 11:29:24.422#focus#
2019-4-16 11:29:24.889#mousedown#{"isTrusted":true}
2019-4-16 11:29:25.170#mousedown#{"isTrusted":true}
2019-4-16 11:29:25.421#mousedown#{"isTrusted":true}
2019-4-16 11:29:25.735#mousedown#{"isTrusted":true}
2019-4-16 11:29:25.962#mousedown#{"isTrusted":true}
2019-4-16 11:29:26.077#dblclick#{"isTrusted":true}
2019-4-16 11:29:26.168#mousedown#{"isTrusted":true}
2019-4-16 11:29:26.342#mousedown#{"isTrusted":true}
2019-4-16 11:29:26.952#blur#
2019-4-16 11:29:26.077#dblclick#{"isTrusted":true}
2019-4-16 11:29:26.168#mousedown#{"isTrusted":true}
2019-4-16 11:29:26.342#mousedown#{"isTrusted":true}
2019-4-16 11:29:26.952#blur#
2019-4-16 11:29:26.077#dblclick#{"isTrusted":true}
2019-4-16 11:29:26.168#mousedown#{"isTrusted":true}
2019-4-16 11:29:26.342#mousedown#{"isTrusted":true}
2019-4-16 11:29:26.952#blur#
2019-4-16 11:29:26.077#dblclick#{"isTrusted":true}
2019-4-16 11:29:26.168#mousedown#{"isTrusted":true}
2019-4-16 11:29:26.342#mousedown#{"isTrusted":true}
2019-4-16 11:29:26.952#blur#
2019-4-16 11:29:45.202#submit#Your code did not produce the correct output. Please, correct your code and try again.
2019-4-16 11:29:45.485#saida_testar#$ python3 main.py
2019-4-16 11:29:45.202#submit#Your code did not produce the correct output. Please, correct your code and try again.
2019-4-16 11:29:45.485#saida_testar#$ python3 main.py
2019-4-16 11:29:52.711#saida_testar#$ python3 main.py
2019-4-16 11:30:02.587#saida_testar#$ python3 main.py
2019-4-16 11:30:06.002#mousedown#{"isTrusted":true}
2019-4-16 11:30:06.206#focus#
2019-4-16 11:30:12.108#keyHandled#"Left"
2019-4-16 11:30:12.350#keyHandled#"Left"
2019-4-16 11:30:12.714#keyHandled#"Right"
2019-4-16 11:30:13.258#change#{"from":{"line":3,"ch":5,"sticky":"after"},"to":{"line":3,"ch":6,"sticky":"before"},"text":[""],"removed":[","],"origin":"+delete"}
2019-4-16 11:30:13.258#keyHandled#"Backspace"
2019-4-16 11:30:14.006#change#{"from":{"line":3,"ch":5,"sticky":null},"to":{"line":3,"ch":5,"sticky":null},"text":[" "],"removed":[""],"origin":"+input"}
2019-4-16 11:30:14.068#change#{"from":{"line":3,"ch":6,"sticky":null},"to":{"line":3,"ch":6,"sticky":null},"text":["a"],"removed":[""],"origin":"+input"}
2019-4-16 11:30:14.185#change#{"from":{"line":3,"ch":7,"sticky":null},"to":{"line":3,"ch":7,"sticky":null},"text":["n"],"removed":[""],"origin":"+input"}
2019-4-16 11:30:14.417#change#{"from":{"line":3,"ch":8,"sticky":null},"to":{"line":3,"ch":8,"sticky":null},"text":["d"],"removed":[""],"origin":"+input"}
2019-4-16 11:30:14.588#change#{"from":{"line":3,"ch":9,"sticky":null},"to":{"line":3,"ch":9,"sticky":null},"text":[" "],"removed":[""],"origin":"+input"}
2019-4-16 11:30:14.763#saida_testar#$ python3 main.py
2019-4-16 11:30:15.235#keyHandled#"Down"
2019-4-16 11:30:15.415#keyHandled#"Down"
2019-4-16 11:30:15.651#keyHandled#"Left"
2019-4-16 11:30:15.800#keyHandled#"Left"
2019-4-16 11:30:15.934#keyHandled#"Left"
2019-4-16 11:30:16.052#keyHandled#"Left"
2019-4-16 11:30:16.660#change#{"from":{"line":5,"ch":5,"sticky":"after"},"to":{"line":5,"ch":6,"sticky":"after"},"text":[""],"removed":[","],"origin":"+delete"}
2019-4-16 11:30:16.660#keyHandled#"Backspace"
2019-4-16 11:30:17.113#change#{"from":{"line":5,"ch":5,"sticky":null},"to":{"line":5,"ch":5,"sticky":null},"text":[" "],"removed":[""],"origin":"+input"}
2019-4-16 11:30:17.319#change#{"from":{"line":5,"ch":6,"sticky":null},"to":{"line":5,"ch":6,"sticky":null},"text":["a"],"removed":[""],"origin":"+input"}
2019-4-16 11:30:17.445#change#{"from":{"line":5,"ch":7,"sticky":null},"to":{"line":5,"ch":7,"sticky":null},"text":["n"],"removed":[""],"origin":"+input"}
2019-4-16 11:30:17.979#change#{"from":{"line":5,"ch":8,"sticky":null},"to":{"line":5,"ch":8,"sticky":null},"text":["d"],"removed":[""],"origin":"+input"}
2019-4-16 11:30:18.077#change#{"from":{"line":5,"ch":9,"sticky":null},"to":{"line":5,"ch":9,"sticky":null},"text":[" "],"removed":[""],"origin":"+input"}
2019-4-16 11:30:21.988#blur#
2019-4-16 11:30:22.783#saida_testar#$ python3 main.py
2019-4-16 11:30:57.618#mousedown#{"isTrusted":true}
2019-4-16 11:30:57.847#focus#
2019-4-16 11:31:03.245#mousedown#{"isTrusted":true}
2019-4-16 11:31:03.711#mousedown#{"isTrusted":true}
2019-4-16 11:31:04.742#mousedown#{"isTrusted":true}
2019-4-16 11:31:09.938#mousedown#{"isTrusted":true}
2019-4-16 11:31:11.053#change#{"from":{"line":8,"ch":9,"sticky":"after","xRel":2.5333251953125},"to":{"line":8,"ch":9,"sticky":"after","xRel":2.5333251953125},"text":[","],"removed":[""],"origin":"+input"}
2019-4-16 11:31:11.277#change#{"from":{"line":8,"ch":10,"sticky":null},"to":{"line":8,"ch":10,"sticky":null},"text":[" "],"removed":[""],"origin":"+input"}
2019-4-16 11:31:13.192#mousedown#{"isTrusted":true}
2019-4-16 11:31:15.108#change#{"from":{"line":7,"ch":1,"sticky":"before","xRel":57.5333251953125},"to":{"line":7,"ch":1,"sticky":"before","xRel":57.5333251953125},"text":["",""],"removed":[""],"origin":"+input"}
2019-4-16 11:31:15.108#change#{"from":{"line":8,"ch":0,"sticky":null},"to":{"line":8,"ch":0,"sticky":null},"text":["\t"],"removed":[""],"origin":"+input"}
2019-4-16 11:31:15.108#keyHandled#"Enter"
2019-4-16 11:31:15.143#viewportChange#0
2019-4-16 11:31:15.371#change#{"from":{"line":8,"ch":0,"sticky":"after"},"to":{"line":8,"ch":1,"sticky":null},"text":[""],"removed":["\t"],"origin":"+delete"}
2019-4-16 11:31:15.371#keyHandled#"Backspace"
2019-4-16 11:31:17.597#change#{"from":{"line":8,"ch":0,"sticky":null},"to":{"line":8,"ch":0,"sticky":null},"text":["x"],"removed":[""],"origin":"+input"}
2019-4-16 11:31:18.522#change#{"from":{"line":8,"ch":1,"sticky":null},"to":{"line":8,"ch":1,"sticky":null},"text":["="],"removed":[""],"origin":"+input"}
2019-4-16 11:31:23.434#change#{"from":{"line":8,"ch":1,"sticky":"after"},"to":{"line":8,"ch":2,"sticky":null},"text":[""],"removed":["="],"origin":"+delete"}
2019-4-16 11:31:23.434#keyHandled#"Backspace"
2019-4-16 11:31:23.608#change#{"from":{"line":8,"ch":0,"sticky":"after"},"to":{"line":8,"ch":1,"sticky":null},"text":[""],"removed":["x"],"origin":"+delete"}
2019-4-16 11:31:23.608#keyHandled#"Backspace"
2019-4-16 11:31:23.763#change#{"from":{"line":7,"ch":1,"sticky":"before"},"to":{"line":8,"ch":0,"sticky":null},"text":[""],"removed":["",""],"origin":"+delete"}
2019-4-16 11:31:23.764#keyHandled#"Backspace"
2019-4-16 11:31:23.797#viewportChange#0
2019-4-16 11:31:56.285#change#{"from":{"line":7,"ch":1,"sticky":null},"to":{"line":7,"ch":1,"sticky":null},"text":["",""],"removed":[""],"origin":"+input"}
2019-4-16 11:31:56.285#change#{"from":{"line":8,"ch":0,"sticky":null},"to":{"line":8,"ch":0,"sticky":null},"text":["\t"],"removed":[""],"origin":"+input"}
2019-4-16 11:31:56.285#keyHandled#"Enter"
2019-4-16 11:31:56.321#viewportChange#0
2019-4-16 11:31:56.480#change#{"from":{"line":8,"ch":0,"sticky":"after"},"to":{"line":8,"ch":1,"sticky":null},"text":[""],"removed":["\t"],"origin":"+delete"}
2019-4-16 11:31:56.480#keyHandled#"Backspace"
2019-4-16 11:32:09.413#mousedown#{"isTrusted":true}
2019-4-16 11:32:10.475#keyHandled#"Left"
2019-4-16 11:32:10.566#change#{"from":{"line":9,"ch":10,"sticky":"after"},"to":{"line":9,"ch":11,"sticky":"after"},"text":[""],"removed":[" "],"origin":"+delete"}
2019-4-16 11:32:10.566#keyHandled#"Backspace"
2019-4-16 11:32:10.778#change#{"from":{"line":9,"ch":9,"sticky":"after"},"to":{"line":9,"ch":10,"sticky":null},"text":[""],"removed":[","],"origin":"+delete"}
2019-4-16 11:32:10.778#keyHandled#"Backspace"
2019-4-16 11:32:10.475#keyHandled#"Left"
2019-4-16 11:32:10.566#change#{"from":{"line":9,"ch":10,"sticky":"after"},"to":{"line":9,"ch":11,"sticky":"after"},"text":[""],"removed":[" "],"origin":"+delete"}
2019-4-16 11:32:10.566#keyHandled#"Backspace"
2019-4-16 11:32:10.778#change#{"from":{"line":9,"ch":9,"sticky":"after"},"to":{"line":9,"ch":10,"sticky":null},"text":[""],"removed":[","],"origin":"+delete"}
2019-4-16 11:32:10.778#keyHandled#"Backspace"
2019-4-16 11:32:12.413#saida_testar#$ python3 main.py
2019-4-16 11:32:13.095#blur#
2019-4-16 11:32:13.095#blur#
2019-4-16 11:32:30.616#saida_testar#$ python3 main.py
2019-4-16 11:32:43.632#mousedown#{"isTrusted":true}
2019-4-16 11:32:43.840#focus#
2019-4-16 11:32:44.510#mousedown#{"isTrusted":true}
2019-4-16 11:32:45.616#keyHandled#"Right"
2019-4-16 11:32:45.858#change#{"from":{"line":6,"ch":4,"sticky":"before"},"to":{"line":6,"ch":4,"sticky":"before"},"text":["="],"removed":[""],"origin":"+input"}
2019-4-16 11:32:45.616#keyHandled#"Right"
2019-4-16 11:32:45.858#change#{"from":{"line":6,"ch":4,"sticky":"before"},"to":{"line":6,"ch":4,"sticky":"before"},"text":["="],"removed":[""],"origin":"+input"}
2019-4-16 11:32:47.845#blur#
2019-4-16 11:32:48.544#saida_testar#$ python3 main.py
2019-4-16 11:32:53.000#mousedown#{"isTrusted":true}
2019-4-16 11:32:53.200#focus#
2019-4-16 11:32:53.955#change#{"from":{"line":6,"ch":12,"sticky":"before","xRel":36.5333251953125},"to":{"line":6,"ch":12,"sticky":"before","xRel":36.5333251953125},"text":["",""],"removed":[""],"origin":"+input"}
2019-4-16 11:32:53.955#change#{"from":{"line":7,"ch":0,"sticky":null},"to":{"line":7,"ch":0,"sticky":null},"text":["\t"],"removed":[""],"origin":"+input"}
2019-4-16 11:32:53.955#keyHandled#"Enter"
2019-4-16 11:32:53.969#viewportChange#0
2019-4-16 11:32:55.250#change#{"from":{"line":7,"ch":0,"sticky":"after"},"to":{"line":7,"ch":1,"sticky":null},"text":[""],"removed":["\t"],"origin":"+delete"}
2019-4-16 11:32:55.250#keyHandled#"Backspace"
2019-4-16 11:33:22.064#mousedown#{"isTrusted":true}
2019-4-16 11:33:22.617#mousedown#{"isTrusted":true}
2019-4-16 11:33:25.046#mousedown#{"isTrusted":true}
2019-4-16 11:33:25.047#contextmenu#{"isTrusted":true}
2019-4-16 11:33:25.840#mousedown#{"isTrusted":true}
2019-4-16 11:33:34.276#change#{"from":{"line":7,"ch":0,"sticky":"after","xRel":175.5333251953125},"to":{"line":7,"ch":0,"sticky":"after","xRel":175.5333251953125},"text":["h"],"removed":[""],"origin":"+input"}
2019-4-16 11:33:34.465#change#{"from":{"line":7,"ch":1,"sticky":null},"to":{"line":7,"ch":1,"sticky":null},"text":["''"],"removed":[""],"origin":"+input"}
2019-4-16 11:33:34.465#keyHandled#"'''"
2019-4-16 11:33:35.348#change#{"from":{"line":7,"ch":1,"sticky":null},"to":{"line":7,"ch":3,"sticky":null},"text":[""],"removed":["''"],"origin":"+delete"}
2019-4-16 11:33:35.348#keyHandled#"Backspace"
2019-4-16 11:33:36.110#change#{"from":{"line":7,"ch":1,"sticky":null},"to":{"line":7,"ch":1,"sticky":null},"text":["1"],"removed":[""],"origin":"+input"}
2019-4-16 11:33:37.209#change#{"from":{"line":7,"ch":1,"sticky":"after"},"to":{"line":7,"ch":2,"sticky":null},"text":[""],"removed":["1"],"origin":"+delete"}
2019-4-16 11:33:37.209#keyHandled#"Backspace"
2019-4-16 11:33:37.394#change#{"from":{"line":7,"ch":0,"sticky":"after"},"to":{"line":7,"ch":1,"sticky":null},"text":[""],"removed":["h"],"origin":"+delete"}
2019-4-16 11:33:37.394#keyHandled#"Backspace"
2019-4-16 11:33:47.855#blur#
2019-4-16 11:33:47.855#blur#
2019-4-16 11:33:47.855#blur#
2019-4-16 11:34:08.152#submit#Your code did not produce the correct output. Please, correct your code and try again.
2019-4-16 11:34:08.399#submit#Your code did not produce the correct output. Please, correct your code and try again.
2019-4-16 11:34:26.198#mousedown#{"isTrusted":true}
2019-4-16 11:34:26.219#focus#
2019-4-16 11:34:27.057#change#{"from":{"line":4,"ch":4,"sticky":"after"},"to":{"line":4,"ch":5,"sticky":"after","xRel":3.5333251953125},"text":[""],"removed":["="],"origin":"+delete"}
2019-4-16 11:34:27.057#keyHandled#"Backspace"
2019-4-16 11:34:27.286#keyHandled#"Down"
2019-4-16 11:34:27.518#keyHandled#"Down"
2019-4-16 11:34:27.792#keyHandled#"Right"
2019-4-16 11:34:29.049#change#{"from":{"line":6,"ch":5,"sticky":"before"},"to":{"line":6,"ch":5,"sticky":"before"},"text":["z"],"removed":[""],"origin":"+input"}
2019-4-16 11:34:30.216#change#{"from":{"line":6,"ch":5,"sticky":"after"},"to":{"line":6,"ch":6,"sticky":null},"text":[""],"removed":["z"],"origin":"+delete"}
2019-4-16 11:34:30.216#keyHandled#"Backspace"
2019-4-16 11:34:30.713#change#{"from":{"line":6,"ch":5,"sticky":null},"to":{"line":6,"ch":5,"sticky":null},"text":["z"],"removed":[""],"origin":"undo"}
2019-4-16 11:34:30.713#keyHandled#"Ctrl-Z"
2019-4-16 11:34:31.112#change#{"from":{"line":6,"ch":5,"sticky":null},"to":{"line":6,"ch":6,"sticky":null},"text":[""],"removed":["z"],"origin":"undo"}
2019-4-16 11:34:31.112#keyHandled#"Ctrl-Z"
2019-4-16 11:34:31.507#change#{"from":{"line":4,"ch":4,"sticky":null},"to":{"line":4,"ch":4,"sticky":null},"text":["="],"removed":[""],"origin":"undo"}
2019-4-16 11:34:31.507#keyHandled#"Ctrl-Z"
2019-4-16 11:34:59.920#mousedown#{"isTrusted":true}
2019-4-16 11:35:00.531#change#{"from":{"line":6,"ch":12,"sticky":"before","xRel":151.5333251953125},"to":{"line":6,"ch":12,"sticky":"before","xRel":151.5333251953125},"text":["",""],"removed":[""],"origin":"+input"}
2019-4-16 11:35:00.531#change#{"from":{"line":7,"ch":0,"sticky":null},"to":{"line":7,"ch":0,"sticky":null},"text":["\t"],"removed":[""],"origin":"+input"}
2019-4-16 11:35:00.531#keyHandled#"Enter"
2019-4-16 11:35:00.555#viewportChange#0
2019-4-16 11:35:00.704#change#{"from":{"line":7,"ch":1,"sticky":null},"to":{"line":7,"ch":1,"sticky":null},"text":["",""],"removed":[""],"origin":"+input"}
2019-4-16 11:35:00.704#change#{"from":{"line":8,"ch":0,"sticky":null},"to":{"line":8,"ch":0,"sticky":null},"text":["\t"],"removed":[""],"origin":"+input"}
2019-4-16 11:35:00.704#keyHandled#"Enter"
2019-4-16 11:35:00.720#viewportChange#0
2019-4-16 11:35:01.492#change#{"from":{"line":8,"ch":0,"sticky":"after"},"to":{"line":8,"ch":1,"sticky":null},"text":[""],"removed":["\t"],"origin":"+delete"}
2019-4-16 11:35:01.492#keyHandled#"Backspace"
2019-4-16 11:35:02.677#change#{"from":{"line":8,"ch":0,"sticky":null},"to":{"line":9,"ch":0,"sticky":"after"},"text":[""],"removed":["",""],"origin":"+delete"}
2019-4-16 11:35:02.677#keyHandled#"Delete"
2019-4-16 11:35:02.692#viewportChange#0
2019-4-16 11:35:04.551#change#{"from":{"line":8,"ch":0,"sticky":null},"to":{"line":9,"ch":0,"sticky":"after"},"text":[""],"removed":["",""],"origin":"+delete"}
2019-4-16 11:35:04.551#keyHandled#"Delete"
2019-4-16 11:35:04.571#viewportChange#0
2019-4-16 11:35:18.670#change#{"from":{"line":8,"ch":0,"sticky":null},"to":{"line":8,"ch":0,"sticky":null},"text":["x"],"removed":[""],"origin":"+input"}
2019-4-16 11:35:20.661#change#{"from":{"line":8,"ch":1,"sticky":null},"to":{"line":8,"ch":1,"sticky":null},"text":["+"],"removed":[""],"origin":"+input"}
2019-4-16 11:35:21.181#change#{"from":{"line":8,"ch":2,"sticky":null},"to":{"line":8,"ch":2,"sticky":null},"text":["()"],"removed":[""],"origin":"+input"}
2019-4-16 11:35:21.181#keyHandled#"'('"
2019-4-16 11:35:22.776#change#{"from":{"line":8,"ch":2,"sticky":null},"to":{"line":8,"ch":4,"sticky":null},"text":[""],"removed":["()"],"origin":"+delete"}
2019-4-16 11:35:22.776#keyHandled#"Backspace"
2019-4-16 11:35:22.949#change#{"from":{"line":8,"ch":1,"sticky":"after"},"to":{"line":8,"ch":2,"sticky":null},"text":[""],"removed":["+"],"origin":"+delete"}
2019-4-16 11:35:22.949#keyHandled#"Backspace"
2019-4-16 11:35:23.207#change#{"from":{"line":8,"ch":1,"sticky":null},"to":{"line":8,"ch":1,"sticky":null},"text":["="],"removed":[""],"origin":"+input"}
2019-4-16 11:35:23.927#change#{"from":{"line":8,"ch":2,"sticky":null},"to":{"line":8,"ch":2,"sticky":null},"text":["()"],"removed":[""],"origin":"+input"}
2019-4-16 11:35:23.927#keyHandled#"'('"
2019-4-16 11:35:24.194#keyHandled#"')'"
2019-4-16 11:35:25.161#keyHandled#"Left"
2019-4-16 11:35:27.283#change#{"from":{"line":8,"ch":3,"sticky":"after"},"to":{"line":8,"ch":3,"sticky":"after"},"text":["h"],"removed":[""],"origin":"+input"}
2019-4-16 11:35:27.971#change#{"from":{"line":8,"ch":4,"sticky":null},"to":{"line":8,"ch":4,"sticky":null},"text":["1"],"removed":[""],"origin":"+input"}
2019-4-16 11:35:29.707#change#{"from":{"line":8,"ch":5,"sticky":null},"to":{"line":8,"ch":5,"sticky":null},"text":["="],"removed":[""],"origin":"+input"}
2019-4-16 11:35:29.902#change#{"from":{"line":8,"ch":6,"sticky":null},"to":{"line":8,"ch":6,"sticky":null},"text":["="],"removed":[""],"origin":"+input"}
2019-4-16 11:35:30.957#change#{"from":{"line":8,"ch":7,"sticky":null},"to":{"line":8,"ch":7,"sticky":null},"text":["h"],"removed":[""],"origin":"+input"}
2019-4-16 11:35:31.186#change#{"from":{"line":8,"ch":8,"sticky":null},"to":{"line":8,"ch":8,"sticky":null},"text":["2"],"removed":[""],"origin":"+input"}
2019-4-16 11:35:35.477#keyHandled#"Down"
2019-4-16 11:35:35.947#keyHandled#"Down"
2019-4-16 11:35:37.062#change#{"from":{"line":10,"ch":9,"sticky":"after","xRel":0},"to":{"line":10,"ch":9,"sticky":"after","xRel":0},"text":[","],"removed":[""],"origin":"+input"}
2019-4-16 11:35:38.325#change#{"from":{"line":10,"ch":10,"sticky":null},"to":{"line":10,"ch":10,"sticky":null},"text":[" "],"removed":[""],"origin":"+input"}
2019-4-16 11:35:39.692#change#{"from":{"line":10,"ch":11,"sticky":null},"to":{"line":10,"ch":11,"sticky":null},"text":["x"],"removed":[""],"origin":"+input"}
2019-4-16 11:35:40.350#keyHandled#"Up"
2019-4-16 11:35:40.738#keyHandled#"Up"
2019-4-16 11:35:41.360#keyHandled#"Left"
2019-4-16 11:35:41.533#keyHandled#"Left"
2019-4-16 11:35:41.724#keyHandled#"Left"
2019-4-16 11:35:42.498#keyHandled#"Right"
2019-4-16 11:36:16.029#blur#
2019-4-16 11:36:35.042#mousedown#{"isTrusted":true}
2019-4-16 11:36:35.054#focus#
2019-4-16 11:36:36.073#blur#
2019-4-16 11:36:38.284#mousedown#{"isTrusted":true}
2019-4-16 11:36:38.483#focus#
2019-4-16 11:36:38.695#mousedown#{"isTrusted":true}
2019-4-16 11:36:39.075#mousedown#{"isTrusted":true}
2019-4-16 11:36:39.191#dblclick#{"isTrusted":true}
2019-4-16 11:36:40.984#mousedown#{"isTrusted":true}
2019-4-16 11:36:45.475#mousedown#{"isTrusted":true}
2019-4-16 11:36:46.956#keyHandled#"Right"
2019-4-16 11:36:48.001#change#{"from":{"line":8,"ch":1,"sticky":"after"},"to":{"line":8,"ch":2,"sticky":"before"},"text":[""],"removed":["="],"origin":"+delete"}
2019-4-16 11:36:48.001#keyHandled#"Backspace"
2019-4-16 11:36:48.355#change#{"from":{"line":8,"ch":0,"sticky":"after"},"to":{"line":8,"ch":1,"sticky":null},"text":[""],"removed":["x"],"origin":"+delete"}
2019-4-16 11:36:48.355#keyHandled#"Backspace"
2019-4-16 11:36:48.942#change#{"from":{"line":7,"ch":1,"sticky":"before"},"to":{"line":8,"ch":0,"sticky":null},"text":[""],"removed":["",""],"origin":"+delete"}
2019-4-16 11:36:48.942#keyHandled#"Backspace"
2019-4-16 11:36:48.956#viewportChange#0
2019-4-16 11:36:49.667#change#{"from":{"line":7,"ch":0,"sticky":"after"},"to":{"line":7,"ch":1,"sticky":null},"text":[""],"removed":["\t"],"origin":"+delete"}
2019-4-16 11:36:49.667#keyHandled#"Backspace"
2019-4-16 11:36:50.732#change#{"from":{"line":7,"ch":0,"sticky":null},"to":{"line":7,"ch":0,"sticky":null},"text":["i"],"removed":[""],"origin":"+input"}
2019-4-16 11:36:50.922#change#{"from":{"line":7,"ch":1,"sticky":null},"to":{"line":7,"ch":1,"sticky":null},"text":["f"],"removed":[""],"origin":"+input"}
2019-4-16 11:36:52.224#keyHandled#"Right"
2019-4-16 11:36:52.367#keyHandled#"Right"
2019-4-16 11:36:52.526#keyHandled#"Right"
2019-4-16 11:36:52.625#keyHandled#"Right"
2019-4-16 11:36:53.517#keyHandled#"Right"
2019-4-16 11:36:53.918#change#{"from":{"line":7,"ch":6,"sticky":"after"},"to":{"line":7,"ch":7,"sticky":"before"},"text":[""],"removed":["="],"origin":"+delete"}
2019-4-16 11:36:53.918#keyHandled#"Backspace"
2019-4-16 11:36:54.091#change#{"from":{"line":7,"ch":5,"sticky":"after"},"to":{"line":7,"ch":6,"sticky":null},"text":[""],"removed":["="],"origin":"+delete"}
2019-4-16 11:36:54.091#keyHandled#"Backspace"
2019-4-16 11:36:57.237#keyHandled#"Up"
2019-4-16 11:36:57.472#keyHandled#"Up"
2019-4-16 11:36:57.722#keyHandled#"Up"
2019-4-16 11:37:00.313#keyHandled#"Right"
2019-4-16 11:37:00.814#keyHandled#"Right"
2019-4-16 11:37:00.863#keyHandled#"Right"
2019-4-16 11:37:00.914#keyHandled#"Right"
2019-4-16 11:37:00.964#keyHandled#"Right"
2019-4-16 11:37:01.015#keyHandled#"Right"
2019-4-16 11:37:01.375#keyHandled#"Right"
2019-4-16 11:37:01.583#keyHandled#"Right"
2019-4-16 11:37:01.767#keyHandled#"Right"
2019-4-16 11:37:04.937#keyHandled#"Down"
2019-4-16 11:37:05.301#keyHandled#"Down"
2019-4-16 11:37:05.474#keyHandled#"Down"
2019-4-16 11:37:05.834#keyHandled#"Left"
2019-4-16 11:37:05.986#keyHandled#"Left"
2019-4-16 11:37:06.137#keyHandled#"Left"
2019-4-16 11:37:06.273#keyHandled#"Left"
2019-4-16 11:37:11.303#change#{"from":{"line":7,"ch":5,"sticky":"after"},"to":{"line":7,"ch":5,"sticky":"after"},"text":[">"],"removed":[""],"origin":"+input"}
2019-4-16 11:37:11.841#keyHandled#"Right"
2019-4-16 11:37:12.051#keyHandled#"Right"
2019-4-16 11:37:12.450#change#{"from":{"line":7,"ch":8,"sticky":"before"},"to":{"line":7,"ch":8,"sticky":"before"},"text":["",""],"removed":[""],"origin":"+input"}
2019-4-16 11:37:12.450#change#{"from":{"line":8,"ch":0,"sticky":null},"to":{"line":8,"ch":0,"sticky":null},"text":["  "],"removed":[""],"origin":"+input"}
2019-4-16 11:37:12.450#keyHandled#"Enter"
2019-4-16 11:37:12.466#viewportChange#0
2019-4-16 11:37:13.436#change#{"from":{"line":8,"ch":1,"sticky":"after"},"to":{"line":8,"ch":2,"sticky":null},"text":[""],"removed":[" "],"origin":"+delete"}
2019-4-16 11:37:13.436#keyHandled#"Backspace"
2019-4-16 11:37:13.646#change#{"from":{"line":8,"ch":0,"sticky":"after"},"to":{"line":8,"ch":1,"sticky":null},"text":[""],"removed":[" "],"origin":"+delete"}
2019-4-16 11:37:13.646#keyHandled#"Backspace"
2019-4-16 11:37:13.964#change#{"from":{"line":7,"ch":8,"sticky":"before"},"to":{"line":8,"ch":0,"sticky":null},"text":[""],"removed":["",""],"origin":"+delete"}
2019-4-16 11:37:13.964#keyHandled#"Backspace"
2019-4-16 11:37:13.976#viewportChange#0
2019-4-16 11:37:14.661#keyHandled#"Right"
2019-4-16 11:37:15.203#change#{"from":{"line":7,"ch":9,"sticky":"before"},"to":{"line":7,"ch":9,"sticky":"before"},"text":["",""],"removed":[""],"origin":"+input"}
2019-4-16 11:37:15.203#change#{"from":{"line":8,"ch":0,"sticky":null},"to":{"line":8,"ch":1,"sticky":null},"text":[""],"removed":["\t"],"origin":"+input"}
2019-4-16 11:37:15.203#keyHandled#"Enter"
2019-4-16 11:37:15.218#viewportChange#0
2019-4-16 11:37:16.275#change#{"from":{"line":8,"ch":0,"sticky":null},"to":{"line":8,"ch":0,"sticky":null},"text":["\t"],"removed":[""],"origin":"+input"}
2019-4-16 11:37:16.275#keyHandled#"Tab"
2019-4-16 11:37:16.930#change#{"from":{"line":8,"ch":1,"sticky":null},"to":{"line":8,"ch":1,"sticky":null},"text":["x"],"removed":[""],"origin":"+input"}
2019-4-16 11:37:17.730#change#{"from":{"line":8,"ch":2,"sticky":null},"to":{"line":8,"ch":2,"sticky":null},"text":["="],"removed":[""],"origin":"+input"}
2019-4-16 11:37:22.224#change#{"from":{"line":8,"ch":3,"sticky":null},"to":{"line":8,"ch":3,"sticky":null},"text":["()"],"removed":[""],"origin":"+input"}
2019-4-16 11:37:22.224#keyHandled#"'('"
2019-4-16 11:37:23.325#change#{"from":{"line":8,"ch":4,"sticky":"after"},"to":{"line":8,"ch":4,"sticky":"after"},"text":["h"],"removed":[""],"origin":"+input"}
2019-4-16 11:37:23.797#change#{"from":{"line":8,"ch":5,"sticky":null},"to":{"line":8,"ch":5,"sticky":null},"text":["1"],"removed":[""],"origin":"+input"}
2019-4-16 11:37:24.466#keyHandled#"Up"
2019-4-16 11:37:24.985#keyHandled#"Right"
2019-4-16 11:37:25.369#keyHandled#"Down"
2019-4-16 11:37:26.102#change#{"from":{"line":8,"ch":7,"sticky":"before","xRel":0},"to":{"line":8,"ch":7,"sticky":"before","xRel":0},"text":["",""],"removed":[""],"origin":"+input"}
2019-4-16 11:37:26.102#change#{"from":{"line":9,"ch":0,"sticky":null},"to":{"line":9,"ch":0,"sticky":null},"text":["\t"],"removed":[""],"origin":"+input"}
2019-4-16 11:37:26.102#keyHandled#"Enter"
2019-4-16 11:37:26.124#viewportChange#0
2019-4-16 11:37:27.152#change#{"from":{"line":9,"ch":0,"sticky":"after"},"to":{"line":9,"ch":1,"sticky":null},"text":[""],"removed":["\t"],"origin":"+delete"}
2019-4-16 11:37:27.152#keyHandled#"Backspace"
2019-4-16 11:37:27.745#change#{"from":{"line":9,"ch":0,"sticky":null},"to":{"line":9,"ch":0,"sticky":null},"text":["i"],"removed":[""],"origin":"+input"}
2019-4-16 11:37:29.923#change#{"from":{"line":9,"ch":2,"sticky":null},"to":{"line":9,"ch":2,"sticky":null},"text":["()"],"removed":[""],"origin":"+input"}
2019-4-16 11:37:29.923#keyHandled#"'('"
2019-4-16 11:37:32.293#change#{"from":{"line":9,"ch":3,"sticky":"after"},"to":{"line":9,"ch":3,"sticky":"after"},"text":["h"],"removed":[""],"origin":"+input"}
2019-4-16 11:37:32.572#change#{"from":{"line":9,"ch":4,"sticky":null},"to":{"line":9,"ch":4,"sticky":null},"text":["e"],"removed":[""],"origin":"+input"}
2019-4-16 11:37:33.373#change#{"from":{"line":9,"ch":4,"sticky":"after"},"to":{"line":9,"ch":5,"sticky":null},"text":[""],"removed":["e"],"origin":"+delete"}
2019-4-16 11:37:33.373#keyHandled#"Backspace"
2019-4-16 11:37:33.653#change#{"from":{"line":9,"ch":4,"sticky":null},"to":{"line":9,"ch":4,"sticky":null},"text":["2"],"removed":[""],"origin":"+input"}
2019-4-16 11:37:33.670#change#{"from":{"line":9,"ch":5,"sticky":null},"to":{"line":9,"ch":5,"sticky":null},"text":["1"],"removed":[""],"origin":"+input"}
2019-4-16 11:37:34.583#change#{"from":{"line":9,"ch":5,"sticky":"after"},"to":{"line":9,"ch":6,"sticky":null},"text":[""],"removed":["1"],"origin":"+delete"}
2019-4-16 11:37:34.583#keyHandled#"Backspace"
2019-4-16 11:37:36.919#change#{"from":{"line":9,"ch":5,"sticky":null},"to":{"line":9,"ch":5,"sticky":null},"text":[">"],"removed":[""],"origin":"+input"}
2019-4-16 11:37:38.648#change#{"from":{"line":9,"ch":6,"sticky":null},"to":{"line":9,"ch":6,"sticky":null},"text":["h"],"removed":[""],"origin":"+input"}
2019-4-16 11:37:38.821#change#{"from":{"line":9,"ch":7,"sticky":null},"to":{"line":9,"ch":7,"sticky":null},"text":["1"],"removed":[""],"origin":"+input"}
2019-4-16 11:37:39.443#keyHandled#"Down"
2019-4-16 11:37:39.815#keyHandled#"Right"
2019-4-16 11:37:40.375#keyHandled#"Up"
2019-4-16 11:37:41.384#change#{"from":{"line":10,"ch":0,"sticky":"after","xRel":0},"to":{"line":10,"ch":0,"sticky":"after","xRel":0},"text":["\t"],"removed":[""],"origin":"+input"}
2019-4-16 11:37:41.384#keyHandled#"Tab"
2019-4-16 11:37:41.816#change#{"from":{"line":10,"ch":1,"sticky":null},"to":{"line":10,"ch":1,"sticky":null},"text":["",""],"removed":[""],"origin":"+input"}
2019-4-16 11:37:41.816#change#{"from":{"line":11,"ch":0,"sticky":null},"to":{"line":11,"ch":0,"sticky":null},"text":["\t"],"removed":[""],"origin":"+input"}
2019-4-16 11:37:41.816#keyHandled#"Enter"
2019-4-16 11:37:41.831#viewportChange#0
2019-4-16 11:37:42.613#keyHandled#"Up"
2019-4-16 11:37:42.769#keyHandled#"Up"
2019-4-16 11:37:43.346#keyHandled#"Down"
2019-4-16 11:37:44.669#keyHandled#"Up"
2019-4-16 11:37:44.927#keyHandled#"Up"
2019-4-16 11:37:45.185#keyHandled#"Right"
2019-4-16 11:37:45.362#keyHandled#"Right"
2019-4-16 11:37:45.483#keyHandled#"Right"
2019-4-16 11:37:45.672#keyHandled#"Up"
2019-4-16 11:37:46.110#keyHandled#"Right"
2019-4-16 11:37:46.288#keyHandled#"Right"
2019-4-16 11:37:46.719#keyHandled#"Right"
2019-4-16 11:37:48.146#change#{"from":{"line":7,"ch":9,"sticky":"before"},"to":{"line":7,"ch":9,"sticky":"before"},"text":[":"],"removed":[""],"origin":"+input"}
2019-4-16 11:37:48.504#keyHandled#"Down"
2019-4-16 11:37:48.780#keyHandled#"Down"
2019-4-16 11:37:49.518#change#{"from":{"line":9,"ch":9,"sticky":"before","xRel":8},"to":{"line":9,"ch":9,"sticky":"before","xRel":8},"text":[":"],"removed":[""],"origin":"+input"}
2019-4-16 11:37:49.899#keyHandled#"Down"
2019-4-16 11:37:52.074#change#{"from":{"line":10,"ch":1,"sticky":"before","xRel":56},"to":{"line":10,"ch":1,"sticky":"before","xRel":56},"text":["x"],"removed":[""],"origin":"+input"}
2019-4-16 11:37:52.878#change#{"from":{"line":10,"ch":2,"sticky":null},"to":{"line":10,"ch":2,"sticky":null},"text":["="],"removed":[""],"origin":"+input"}
2019-4-16 11:37:55.047#change#{"from":{"line":10,"ch":3,"sticky":null},"to":{"line":10,"ch":3,"sticky":null},"text":["()"],"removed":[""],"origin":"+input"}
2019-4-16 11:37:55.047#keyHandled#"'('"
2019-4-16 11:37:55.931#change#{"from":{"line":10,"ch":4,"sticky":"after"},"to":{"line":10,"ch":4,"sticky":"after"},"text":["h"],"removed":[""],"origin":"+input"}
2019-4-16 11:37:56.173#change#{"from":{"line":10,"ch":5,"sticky":null},"to":{"line":10,"ch":5,"sticky":null},"text":["2"],"removed":[""],"origin":"+input"}
2019-4-16 11:37:56.173#change#{"from":{"line":10,"ch":5,"sticky":null},"to":{"line":10,"ch":5,"sticky":null},"text":["2"],"removed":[""],"origin":"+input"}
2019-4-16 11:37:58.366#saida_testar#$ python3 main.py
2019-4-16 11:37:59.129#blur#
2019-4-16 11:38:20.555#mousedown#{"isTrusted":true}
2019-4-16 11:38:20.754#focus#
2019-4-16 11:38:21.787#change#{"from":{"line":12,"ch":10,"sticky":"after","xRel":0.5333251953125},"to":{"line":12,"ch":11,"sticky":"before"},"text":[""],"removed":[" "],"origin":"+delete"}
2019-4-16 11:38:21.787#keyHandled#"Delete"
2019-4-16 11:38:21.974#change#{"from":{"line":12,"ch":10,"sticky":null},"to":{"line":12,"ch":11,"sticky":"before"},"text":[""],"removed":["x"],"origin":"+delete"}
2019-4-16 11:38:21.974#keyHandled#"Delete"
2019-4-16 11:38:22.194#change#{"from":{"line":12,"ch":9,"sticky":"after"},"to":{"line":12,"ch":10,"sticky":null},"text":[""],"removed":[","],"origin":"+delete"}
2019-4-16 11:38:22.194#keyHandled#"Backspace"
2019-4-16 11:38:22.382#change#{"from":{"line":12,"ch":8,"sticky":"after"},"to":{"line":12,"ch":9,"sticky":null},"text":[""],"removed":["g"],"origin":"+delete"}
2019-4-16 11:38:22.382#keyHandled#"Backspace"
2019-4-16 11:38:23.393#change#{"from":{"line":12,"ch":8,"sticky":null},"to":{"line":12,"ch":8,"sticky":null},"text":["s"],"removed":[""],"origin":"+input"}
2019-4-16 11:38:23.663#keyHandled#"Right"
2019-4-16 11:38:24.535#change#{"from":{"line":12,"ch":9,"sticky":"after"},"to":{"line":12,"ch":10,"sticky":"before"},"text":[""],"removed":[")"],"origin":"+delete"}
2019-4-16 11:38:24.535#keyHandled#"Backspace"
2019-4-16 11:38:24.712#change#{"from":{"line":12,"ch":8,"sticky":"after"},"to":{"line":12,"ch":9,"sticky":null},"text":[""],"removed":["s"],"origin":"+delete"}
2019-4-16 11:38:24.712#keyHandled#"Backspace"
2019-4-16 11:38:24.919#change#{"from":{"line":12,"ch":8,"sticky":null},"to":{"line":12,"ch":8,"sticky":null},"text":["g"],"removed":[""],"origin":"+input"}
2019-4-16 11:38:25.904#change#{"from":{"line":12,"ch":9,"sticky":null},"to":{"line":12,"ch":9,"sticky":null},"text":[")"],"removed":[""],"origin":"+input"}
2019-4-16 11:38:26.704#change#{"from":{"line":12,"ch":10,"sticky":null},"to":{"line":12,"ch":10,"sticky":null},"text":["",""],"removed":[""],"origin":"+input"}
2019-4-16 11:38:26.705#keyHandled#"Enter"
2019-4-16 11:38:26.721#viewportChange#0
2019-4-16 11:38:27.705#change#{"from":{"line":13,"ch":0,"sticky":null},"to":{"line":13,"ch":0,"sticky":null},"text":["p"],"removed":[""],"origin":"+input"}
2019-4-16 11:38:27.944#change#{"from":{"line":13,"ch":1,"sticky":null},"to":{"line":13,"ch":1,"sticky":null},"text":["r"],"removed":[""],"origin":"+input"}
2019-4-16 11:38:28.097#change#{"from":{"line":13,"ch":2,"sticky":null},"to":{"line":13,"ch":2,"sticky":null},"text":["i"],"removed":[""],"origin":"+input"}
2019-4-16 11:38:28.475#change#{"from":{"line":13,"ch":4,"sticky":null},"to":{"line":13,"ch":4,"sticky":null},"text":["t"],"removed":[""],"origin":"+input"}
2019-4-16 11:38:29.602#change#{"from":{"line":13,"ch":5,"sticky":null},"to":{"line":13,"ch":5,"sticky":null},"text":["()"],"removed":[""],"origin":"+input"}
2019-4-16 11:38:29.602#keyHandled#"'('"
2019-4-16 11:38:30.622#change#{"from":{"line":13,"ch":6,"sticky":"after"},"to":{"line":13,"ch":6,"sticky":"after"},"text":["x"],"removed":[""],"origin":"+input"}
2019-4-16 11:38:30.622#change#{"from":{"line":13,"ch":6,"sticky":"after"},"to":{"line":13,"ch":6,"sticky":"after"},"text":["x"],"removed":[""],"origin":"+input"}
2019-4-16 11:38:32.417#saida_testar#$ python3 main.py
2019-4-16 11:38:32.918#blur#
2019-4-16 11:38:32.417#saida_testar#$ python3 main.py
2019-4-16 11:38:32.918#blur#
2019-4-16 11:38:42.363#saida_testar#$ python3 main.py
2019-4-16 11:38:42.363#saida_testar#$ python3 main.py
2019-4-16 11:39:04.630#saida_testar#$ python3 main.py
escreva: 1
