2019-3-27 19:02:41.375#viewportChange#0
2019-3-27 19:02:49.567#mousedown#{"isTrusted":true}
2019-3-27 19:02:49.585#focus#
2019-3-27 19:02:50.039#mousedown#{"isTrusted":true}
2019-3-27 19:02:50.761#change#{"from":{"line":3,"ch":0,"sticky":"after","xRel":64.4000244140625},"to":{"line":3,"ch":0,"sticky":"after","xRel":64.4000244140625},"text":["t"],"removed":[""],"origin":"+input"}
2019-3-27 19:02:50.859#change#{"from":{"line":3,"ch":1,"sticky":null},"to":{"line":3,"ch":1,"sticky":null},"text":["e"],"removed":[""],"origin":"+input"}
2019-3-27 19:02:51.317#change#{"from":{"line":3,"ch":2,"sticky":null},"to":{"line":3,"ch":2,"sticky":null},"text":["z"],"removed":[""],"origin":"+input"}
2019-3-27 19:02:51.879#change#{"from":{"line":3,"ch":2,"sticky":"after"},"to":{"line":3,"ch":3,"sticky":null},"text":[""],"removed":["z"],"origin":"+delete"}
2019-3-27 19:02:51.879#keyHandled#"Backspace"
2019-3-27 19:02:51.957#change#{"from":{"line":3,"ch":2,"sticky":null},"to":{"line":3,"ch":2,"sticky":null},"text":["x"],"removed":[""],"origin":"+input"}
2019-3-27 19:02:52.204#change#{"from":{"line":3,"ch":3,"sticky":null},"to":{"line":3,"ch":3,"sticky":null},"text":["t"],"removed":[""],"origin":"+input"}
2019-3-27 19:02:52.325#change#{"from":{"line":3,"ch":4,"sticky":null},"to":{"line":3,"ch":4,"sticky":null},"text":["o"],"removed":[""],"origin":"+input"}
2019-3-27 19:02:52.933#change#{"from":{"line":3,"ch":5,"sticky":null},"to":{"line":3,"ch":5,"sticky":null},"text":[" "],"removed":[""],"origin":"+input"}
2019-3-27 19:02:53.141#change#{"from":{"line":3,"ch":6,"sticky":null},"to":{"line":3,"ch":6,"sticky":null},"text":["="],"removed":[""],"origin":"+input"}
2019-3-27 19:02:53.222#change#{"from":{"line":3,"ch":7,"sticky":null},"to":{"line":3,"ch":7,"sticky":null},"text":[" "],"removed":[""],"origin":"+input"}
2019-3-27 19:02:54.290#change#{"from":{"line":3,"ch":8,"sticky":null},"to":{"line":3,"ch":8,"sticky":null},"text":["\"\""],"removed":[""],"origin":"+input"}
2019-3-27 19:02:54.290#keyHandled#"'\"'"
2019-3-27 19:02:56.606#change#{"from":{"line":3,"ch":9,"sticky":"after"},"to":{"line":3,"ch":9,"sticky":"after"},"text":["E"],"removed":[""],"origin":"+input"}
2019-3-27 19:02:57.461#change#{"from":{"line":3,"ch":10,"sticky":null},"to":{"line":3,"ch":10,"sticky":null},"text":["s"],"removed":[""],"origin":"+input"}
2019-3-27 19:02:57.749#change#{"from":{"line":3,"ch":11,"sticky":null},"to":{"line":3,"ch":11,"sticky":null},"text":["t"],"removed":[""],"origin":"+input"}
2019-3-27 19:02:57.876#change#{"from":{"line":3,"ch":12,"sticky":null},"to":{"line":3,"ch":12,"sticky":null},"text":["o"],"removed":[""],"origin":"+input"}
2019-3-27 19:02:57.997#change#{"from":{"line":3,"ch":13,"sticky":null},"to":{"line":3,"ch":13,"sticky":null},"text":["u"],"removed":[""],"origin":"+input"}
2019-3-27 19:02:58.796#change#{"from":{"line":3,"ch":14,"sticky":null},"to":{"line":3,"ch":14,"sticky":null},"text":[" "],"removed":[""],"origin":"+input"}
2019-3-27 19:02:59.293#change#{"from":{"line":3,"ch":15,"sticky":null},"to":{"line":3,"ch":15,"sticky":null},"text":["A"],"removed":[""],"origin":"+input"}
2019-3-27 19:02:59.533#change#{"from":{"line":3,"ch":16,"sticky":null},"to":{"line":3,"ch":16,"sticky":null},"text":["p"],"removed":[""],"origin":"+input"}
2019-3-27 19:02:59.686#change#{"from":{"line":3,"ch":17,"sticky":null},"to":{"line":3,"ch":17,"sticky":null},"text":["r"],"removed":[""],"origin":"+input"}
2019-3-27 19:02:59.997#change#{"from":{"line":3,"ch":18,"sticky":null},"to":{"line":3,"ch":18,"sticky":null},"text":["e"],"removed":[""],"origin":"+input"}
2019-3-27 19:03:00.150#change#{"from":{"line":3,"ch":19,"sticky":null},"to":{"line":3,"ch":19,"sticky":null},"text":["n"],"removed":[""],"origin":"+input"}
2019-3-27 19:03:00.310#change#{"from":{"line":3,"ch":20,"sticky":null},"to":{"line":3,"ch":20,"sticky":null},"text":["d"],"removed":[""],"origin":"+input"}
2019-3-27 19:03:00.397#change#{"from":{"line":3,"ch":21,"sticky":null},"to":{"line":3,"ch":21,"sticky":null},"text":["e"],"removed":[""],"origin":"+input"}
2019-3-27 19:03:00.510#change#{"from":{"line":3,"ch":22,"sticky":null},"to":{"line":3,"ch":22,"sticky":null},"text":["n"],"removed":[""],"origin":"+input"}
2019-3-27 19:03:00.629#change#{"from":{"line":3,"ch":23,"sticky":null},"to":{"line":3,"ch":23,"sticky":null},"text":["d"],"removed":[""],"origin":"+input"}
2019-3-27 19:03:00.725#change#{"from":{"line":3,"ch":24,"sticky":null},"to":{"line":3,"ch":24,"sticky":null},"text":["o"],"removed":[""],"origin":"+input"}
2019-3-27 19:03:00.861#change#{"from":{"line":3,"ch":25,"sticky":null},"to":{"line":3,"ch":25,"sticky":null},"text":[" "],"removed":[""],"origin":"+input"}
2019-3-27 19:03:01.246#change#{"from":{"line":3,"ch":26,"sticky":null},"to":{"line":3,"ch":26,"sticky":null},"text":["P"],"removed":[""],"origin":"+input"}
2019-3-27 19:03:01.573#change#{"from":{"line":3,"ch":27,"sticky":null},"to":{"line":3,"ch":27,"sticky":null},"text":["y"],"removed":[""],"origin":"+input"}
2019-3-27 19:03:02.189#change#{"from":{"line":3,"ch":28,"sticky":null},"to":{"line":3,"ch":28,"sticky":null},"text":["t"],"removed":[""],"origin":"+input"}
2019-3-27 19:03:02.357#change#{"from":{"line":3,"ch":29,"sticky":null},"to":{"line":3,"ch":29,"sticky":null},"text":["h"],"removed":[""],"origin":"+input"}
2019-3-27 19:03:02.469#change#{"from":{"line":3,"ch":30,"sticky":null},"to":{"line":3,"ch":30,"sticky":null},"text":["i"],"removed":[""],"origin":"+input"}
2019-3-27 19:03:02.621#change#{"from":{"line":3,"ch":31,"sticky":null},"to":{"line":3,"ch":31,"sticky":null},"text":["n"],"removed":[""],"origin":"+input"}
2019-3-27 19:03:03.503#change#{"from":{"line":3,"ch":31,"sticky":"after"},"to":{"line":3,"ch":32,"sticky":null},"text":[""],"removed":["n"],"origin":"+delete"}
2019-3-27 19:03:03.503#keyHandled#"Backspace"
2019-3-27 19:03:03.647#change#{"from":{"line":3,"ch":30,"sticky":"after"},"to":{"line":3,"ch":31,"sticky":null},"text":[""],"removed":["i"],"origin":"+delete"}
2019-3-27 19:03:03.647#keyHandled#"Backspace"
2019-3-27 19:03:03.862#change#{"from":{"line":3,"ch":30,"sticky":null},"to":{"line":3,"ch":30,"sticky":null},"text":["o"],"removed":[""],"origin":"+input"}
2019-3-27 19:03:04.165#change#{"from":{"line":3,"ch":31,"sticky":null},"to":{"line":3,"ch":31,"sticky":null},"text":["n"],"removed":[""],"origin":"+input"}
2019-3-27 19:03:04.447#keyHandled#"Right"
2019-3-27 19:03:04.881#change#{"from":{"line":3,"ch":33,"sticky":"before"},"to":{"line":3,"ch":33,"sticky":"before"},"text":["",""],"removed":[""],"origin":"+input"}
2019-3-27 19:03:04.881#keyHandled#"Enter"
2019-3-27 19:03:04.892#viewportChange#0
2019-3-27 19:03:05.845#change#{"from":{"line":4,"ch":0,"sticky":null},"to":{"line":4,"ch":0,"sticky":null},"text":["p"],"removed":[""],"origin":"+input"}
2019-3-27 19:03:06.345#change#{"from":{"line":4,"ch":1,"sticky":null},"to":{"line":4,"ch":1,"sticky":null},"text":["p"],"removed":[""],"origin":"+input"}
2019-3-27 19:03:06.831#change#{"from":{"line":4,"ch":1,"sticky":"after"},"to":{"line":4,"ch":2,"sticky":null},"text":[""],"removed":["p"],"origin":"+delete"}
2019-3-27 19:03:06.831#keyHandled#"Backspace"
2019-3-27 19:03:07.092#change#{"from":{"line":4,"ch":2,"sticky":null},"to":{"line":4,"ch":2,"sticky":null},"text":["i"],"removed":[""],"origin":"+input"}
2019-3-27 19:03:07.277#change#{"from":{"line":4,"ch":3,"sticky":null},"to":{"line":4,"ch":3,"sticky":null},"text":["n"],"removed":[""],"origin":"+input"}
2019-3-27 19:03:07.342#change#{"from":{"line":4,"ch":4,"sticky":null},"to":{"line":4,"ch":4,"sticky":null},"text":["t"],"removed":[""],"origin":"+input"}
2019-3-27 19:03:08.300#change#{"from":{"line":4,"ch":5,"sticky":null},"to":{"line":4,"ch":5,"sticky":null},"text":["()"],"removed":[""],"origin":"+input"}
2019-3-27 19:03:08.300#keyHandled#"'('"
2019-3-27 19:03:09.725#change#{"from":{"line":4,"ch":6,"sticky":"after"},"to":{"line":4,"ch":6,"sticky":"after"},"text":["\"\""],"removed":[""],"origin":"+input"}
2019-3-27 19:03:09.725#keyHandled#"'\"'"
2019-3-27 19:03:10.806#change#{"from":{"line":4,"ch":7,"sticky":"after"},"to":{"line":4,"ch":7,"sticky":"after"},"text":["e"],"removed":[""],"origin":"+input"}
2019-3-27 19:03:11.271#change#{"from":{"line":4,"ch":7,"sticky":"after"},"to":{"line":4,"ch":8,"sticky":null},"text":[""],"removed":["e"],"origin":"+delete"}
2019-3-27 19:03:11.271#keyHandled#"Backspace"
2019-3-27 19:03:11.542#change#{"from":{"line":4,"ch":7,"sticky":null},"to":{"line":4,"ch":7,"sticky":null},"text":["E"],"removed":[""],"origin":"+input"}
2019-3-27 19:03:12.013#change#{"from":{"line":4,"ch":8,"sticky":null},"to":{"line":4,"ch":8,"sticky":null},"text":["s"],"removed":[""],"origin":"+input"}
2019-3-27 19:03:12.502#change#{"from":{"line":4,"ch":9,"sticky":null},"to":{"line":4,"ch":9,"sticky":null},"text":["t"],"removed":[""],"origin":"+input"}
2019-3-27 19:03:12.647#change#{"from":{"line":4,"ch":10,"sticky":null},"to":{"line":4,"ch":10,"sticky":null},"text":["o"],"removed":[""],"origin":"+input"}
2019-3-27 19:03:12.781#change#{"from":{"line":4,"ch":11,"sticky":null},"to":{"line":4,"ch":11,"sticky":null},"text":["u"],"removed":[""],"origin":"+input"}
2019-3-27 19:03:12.840#change#{"from":{"line":4,"ch":12,"sticky":null},"to":{"line":4,"ch":12,"sticky":null},"text":[" "],"removed":[""],"origin":"+input"}
2019-3-27 19:03:13.389#change#{"from":{"line":4,"ch":13,"sticky":null},"to":{"line":4,"ch":13,"sticky":null},"text":["A"],"removed":[""],"origin":"+input"}
2019-3-27 19:03:13.669#change#{"from":{"line":4,"ch":14,"sticky":null},"to":{"line":4,"ch":14,"sticky":null},"text":["p"],"removed":[""],"origin":"+input"}
2019-3-27 19:03:13.837#change#{"from":{"line":4,"ch":15,"sticky":null},"to":{"line":4,"ch":15,"sticky":null},"text":["r"],"removed":[""],"origin":"+input"}
2019-3-27 19:03:13.924#change#{"from":{"line":4,"ch":16,"sticky":null},"to":{"line":4,"ch":16,"sticky":null},"text":["e"],"removed":[""],"origin":"+input"}
2019-3-27 19:03:14.134#change#{"from":{"line":4,"ch":17,"sticky":null},"to":{"line":4,"ch":17,"sticky":null},"text":["n"],"removed":[""],"origin":"+input"}
2019-3-27 19:03:14.238#change#{"from":{"line":4,"ch":18,"sticky":null},"to":{"line":4,"ch":18,"sticky":null},"text":["d"],"removed":[""],"origin":"+input"}
2019-3-27 19:03:14.341#change#{"from":{"line":4,"ch":19,"sticky":null},"to":{"line":4,"ch":19,"sticky":null},"text":["e"],"removed":[""],"origin":"+input"}
2019-3-27 19:03:14.469#change#{"from":{"line":4,"ch":20,"sticky":null},"to":{"line":4,"ch":20,"sticky":null},"text":["n"],"removed":[""],"origin":"+input"}
2019-3-27 19:03:14.580#change#{"from":{"line":4,"ch":21,"sticky":null},"to":{"line":4,"ch":21,"sticky":null},"text":["d"],"removed":[""],"origin":"+input"}
2019-3-27 19:03:14.676#change#{"from":{"line":4,"ch":22,"sticky":null},"to":{"line":4,"ch":22,"sticky":null},"text":["o"],"removed":[""],"origin":"+input"}
2019-3-27 19:03:14.804#change#{"from":{"line":4,"ch":23,"sticky":null},"to":{"line":4,"ch":23,"sticky":null},"text":[" "],"removed":[""],"origin":"+input"}
2019-3-27 19:03:15.093#change#{"from":{"line":4,"ch":24,"sticky":null},"to":{"line":4,"ch":24,"sticky":null},"text":["P"],"removed":[""],"origin":"+input"}
2019-3-27 19:03:15.565#change#{"from":{"line":4,"ch":25,"sticky":null},"to":{"line":4,"ch":25,"sticky":null},"text":["y"],"removed":[""],"origin":"+input"}
2019-3-27 19:03:15.837#change#{"from":{"line":4,"ch":26,"sticky":null},"to":{"line":4,"ch":26,"sticky":null},"text":["t"],"removed":[""],"origin":"+input"}
2019-3-27 19:03:16.670#change#{"from":{"line":4,"ch":27,"sticky":null},"to":{"line":4,"ch":27,"sticky":null},"text":["h"],"removed":[""],"origin":"+input"}
2019-3-27 19:03:16.989#change#{"from":{"line":4,"ch":28,"sticky":null},"to":{"line":4,"ch":28,"sticky":null},"text":["o"],"removed":[""],"origin":"+input"}
2019-3-27 19:03:17.165#change#{"from":{"line":4,"ch":29,"sticky":null},"to":{"line":4,"ch":29,"sticky":null},"text":["n"],"removed":[""],"origin":"+input"}
2019-3-27 19:03:18.439#keyHandled#"Right"
2019-3-27 19:03:19.750#change#{"from":{"line":4,"ch":31,"sticky":"before"},"to":{"line":4,"ch":31,"sticky":"before"},"text":["."],"removed":[""],"origin":"+input"}
2019-3-27 19:03:22.293#change#{"from":{"line":4,"ch":32,"sticky":null},"to":{"line":4,"ch":32,"sticky":null},"text":["l"],"removed":[""],"origin":"+input"}
2019-3-27 19:03:22.477#change#{"from":{"line":4,"ch":33,"sticky":null},"to":{"line":4,"ch":33,"sticky":null},"text":["o"],"removed":[""],"origin":"+input"}
2019-3-27 19:03:23.173#change#{"from":{"line":4,"ch":34,"sticky":null},"to":{"line":4,"ch":34,"sticky":null},"text":["w"],"removed":[""],"origin":"+input"}
2019-3-27 19:03:23.422#change#{"from":{"line":4,"ch":35,"sticky":null},"to":{"line":4,"ch":35,"sticky":null},"text":["e"],"removed":[""],"origin":"+input"}
2019-3-27 19:03:23.518#change#{"from":{"line":4,"ch":36,"sticky":null},"to":{"line":4,"ch":36,"sticky":null},"text":["r"],"removed":[""],"origin":"+input"}
2019-3-27 19:03:24.396#change#{"from":{"line":4,"ch":37,"sticky":null},"to":{"line":4,"ch":37,"sticky":null},"text":["()"],"removed":[""],"origin":"+input"}
2019-3-27 19:03:24.396#keyHandled#"'('"
2019-3-27 19:03:24.396#change#{"from":{"line":4,"ch":37,"sticky":null},"to":{"line":4,"ch":37,"sticky":null},"text":["()"],"removed":[""],"origin":"+input"}
2019-3-27 19:03:24.396#keyHandled#"'('"
2019-3-27 19:03:27.528#saida_testar#$ python3 main.py
estou aprendendo python
