2019-4-4 19:40:27.683#viewportChange#0
2019-4-4 19:41:21.260#mousedown#{"isTrusted":true}
2019-4-4 19:41:21.267#focus#
2019-4-4 19:41:23.365#change#{"from":{"line":0,"ch":0,"sticky":null},"to":{"line":0,"ch":0,"sticky":null},"text":["a"],"removed":[""],"origin":"+input"}
2019-4-4 19:41:23.912#change#{"from":{"line":0,"ch":1,"sticky":null},"to":{"line":0,"ch":1,"sticky":null},"text":[" "],"removed":[""],"origin":"+input"}
2019-4-4 19:41:24.110#change#{"from":{"line":0,"ch":2,"sticky":null},"to":{"line":0,"ch":2,"sticky":null},"text":["="],"removed":[""],"origin":"+input"}
2019-4-4 19:41:24.279#change#{"from":{"line":0,"ch":3,"sticky":null},"to":{"line":0,"ch":3,"sticky":null},"text":[" "],"removed":[""],"origin":"+input"}
2019-4-4 19:41:27.538#change#{"from":{"line":0,"ch":4,"sticky":null},"to":{"line":0,"ch":4,"sticky":null},"text":["v"],"removed":[""],"origin":"+input"}
2019-4-4 19:41:27.609#change#{"from":{"line":0,"ch":5,"sticky":null},"to":{"line":0,"ch":5,"sticky":null},"text":["a"],"removed":[""],"origin":"+input"}
2019-4-4 19:41:28.946#change#{"from":{"line":0,"ch":5,"sticky":"after"},"to":{"line":0,"ch":6,"sticky":null},"text":[""],"removed":["a"],"origin":"+delete"}
2019-4-4 19:41:28.946#keyHandled#"Backspace"
2019-4-4 19:41:29.117#change#{"from":{"line":0,"ch":4,"sticky":"after"},"to":{"line":0,"ch":5,"sticky":null},"text":[""],"removed":["v"],"origin":"+delete"}
2019-4-4 19:41:29.117#keyHandled#"Backspace"
2019-4-4 19:41:30.878#change#{"from":{"line":0,"ch":4,"sticky":null},"to":{"line":0,"ch":4,"sticky":null},"text":["f"],"removed":[""],"origin":"+input"}
2019-4-4 19:41:30.963#change#{"from":{"line":0,"ch":5,"sticky":null},"to":{"line":0,"ch":5,"sticky":null},"text":["l"],"removed":[""],"origin":"+input"}
2019-4-4 19:41:31.113#change#{"from":{"line":0,"ch":6,"sticky":null},"to":{"line":0,"ch":6,"sticky":null},"text":["o"],"removed":[""],"origin":"+input"}
2019-4-4 19:41:31.162#change#{"from":{"line":0,"ch":7,"sticky":null},"to":{"line":0,"ch":7,"sticky":null},"text":["a"],"removed":[""],"origin":"+input"}
2019-4-4 19:41:31.279#change#{"from":{"line":0,"ch":8,"sticky":null},"to":{"line":0,"ch":8,"sticky":null},"text":["t"],"removed":[""],"origin":"+input"}
2019-4-4 19:41:31.955#change#{"from":{"line":0,"ch":9,"sticky":null},"to":{"line":0,"ch":9,"sticky":null},"text":["()"],"removed":[""],"origin":"+input"}
2019-4-4 19:41:31.955#keyHandled#"'('"
2019-4-4 19:41:32.415#change#{"from":{"line":0,"ch":10,"sticky":"after"},"to":{"line":0,"ch":10,"sticky":"after"},"text":["i"],"removed":[""],"origin":"+input"}
2019-4-4 19:41:32.600#change#{"from":{"line":0,"ch":11,"sticky":null},"to":{"line":0,"ch":11,"sticky":null},"text":["n"],"removed":[""],"origin":"+input"}
2019-4-4 19:41:32.806#change#{"from":{"line":0,"ch":12,"sticky":null},"to":{"line":0,"ch":12,"sticky":null},"text":["t"],"removed":[""],"origin":"+input"}
2019-4-4 19:41:33.936#change#{"from":{"line":0,"ch":13,"sticky":null},"to":{"line":0,"ch":13,"sticky":null},"text":["()"],"removed":[""],"origin":"+input"}
2019-4-4 19:41:33.936#keyHandled#"'('"
2019-4-4 19:41:34.261#change#{"from":{"line":0,"ch":13,"sticky":null},"to":{"line":0,"ch":15,"sticky":null},"text":[""],"removed":["()"],"origin":"+delete"}
2019-4-4 19:41:34.261#keyHandled#"Backspace"
2019-4-4 19:41:34.405#change#{"from":{"line":0,"ch":12,"sticky":"after"},"to":{"line":0,"ch":13,"sticky":null},"text":[""],"removed":["t"],"origin":"+delete"}
2019-4-4 19:41:34.405#keyHandled#"Backspace"
2019-4-4 19:41:34.538#change#{"from":{"line":0,"ch":11,"sticky":"after"},"to":{"line":0,"ch":12,"sticky":null},"text":[""],"removed":["n"],"origin":"+delete"}
2019-4-4 19:41:34.538#keyHandled#"Backspace"
2019-4-4 19:41:34.667#change#{"from":{"line":0,"ch":10,"sticky":"after"},"to":{"line":0,"ch":11,"sticky":null},"text":[""],"removed":["i"],"origin":"+delete"}
2019-4-4 19:41:34.667#keyHandled#"Backspace"
2019-4-4 19:41:35.237#change#{"from":{"line":0,"ch":10,"sticky":null},"to":{"line":0,"ch":10,"sticky":null},"text":["i"],"removed":[""],"origin":"+input"}
2019-4-4 19:41:35.374#change#{"from":{"line":0,"ch":11,"sticky":null},"to":{"line":0,"ch":11,"sticky":null},"text":["n"],"removed":[""],"origin":"+input"}
2019-4-4 19:41:35.522#change#{"from":{"line":0,"ch":12,"sticky":null},"to":{"line":0,"ch":12,"sticky":null},"text":["p"],"removed":[""],"origin":"+input"}
2019-4-4 19:41:35.693#change#{"from":{"line":0,"ch":13,"sticky":null},"to":{"line":0,"ch":13,"sticky":null},"text":["u"],"removed":[""],"origin":"+input"}
2019-4-4 19:41:35.779#change#{"from":{"line":0,"ch":14,"sticky":null},"to":{"line":0,"ch":14,"sticky":null},"text":["t"],"removed":[""],"origin":"+input"}
2019-4-4 19:41:36.434#change#{"from":{"line":0,"ch":15,"sticky":null},"to":{"line":0,"ch":15,"sticky":null},"text":["()"],"removed":[""],"origin":"+input"}
2019-4-4 19:41:36.434#keyHandled#"'('"
2019-4-4 19:41:37.211#change#{"from":{"line":0,"ch":16,"sticky":"after"},"to":{"line":0,"ch":16,"sticky":"after"},"text":["v"],"removed":[""],"origin":"+input"}
2019-4-4 19:41:37.286#change#{"from":{"line":0,"ch":17,"sticky":null},"to":{"line":0,"ch":17,"sticky":null},"text":["a"],"removed":[""],"origin":"+input"}
2019-4-4 19:41:37.418#change#{"from":{"line":0,"ch":18,"sticky":null},"to":{"line":0,"ch":18,"sticky":null},"text":["l"],"removed":[""],"origin":"+input"}
2019-4-4 19:41:37.560#change#{"from":{"line":0,"ch":19,"sticky":null},"to":{"line":0,"ch":19,"sticky":null},"text":["o"],"removed":[""],"origin":"+input"}
2019-4-4 19:41:37.633#change#{"from":{"line":0,"ch":20,"sticky":null},"to":{"line":0,"ch":20,"sticky":null},"text":["r"],"removed":[""],"origin":"+input"}
2019-4-4 19:41:38.311#change#{"from":{"line":0,"ch":20,"sticky":"after"},"to":{"line":0,"ch":21,"sticky":null},"text":[""],"removed":["r"],"origin":"+delete"}
2019-4-4 19:41:38.311#keyHandled#"Backspace"
2019-4-4 19:41:38.452#change#{"from":{"line":0,"ch":19,"sticky":"after"},"to":{"line":0,"ch":20,"sticky":null},"text":[""],"removed":["o"],"origin":"+delete"}
2019-4-4 19:41:38.452#keyHandled#"Backspace"
2019-4-4 19:41:38.599#change#{"from":{"line":0,"ch":18,"sticky":"after"},"to":{"line":0,"ch":19,"sticky":null},"text":[""],"removed":["l"],"origin":"+delete"}
2019-4-4 19:41:38.599#keyHandled#"Backspace"
2019-4-4 19:41:38.716#change#{"from":{"line":0,"ch":17,"sticky":"after"},"to":{"line":0,"ch":18,"sticky":null},"text":[""],"removed":["a"],"origin":"+delete"}
2019-4-4 19:41:38.716#keyHandled#"Backspace"
2019-4-4 19:41:39.166#change#{"from":{"line":0,"ch":16,"sticky":"after"},"to":{"line":0,"ch":17,"sticky":null},"text":[""],"removed":["v"],"origin":"+delete"}
2019-4-4 19:41:39.166#keyHandled#"Backspace"
2019-4-4 19:41:39.677#change#{"from":{"line":0,"ch":16,"sticky":null},"to":{"line":0,"ch":16,"sticky":null},"text":["\"\""],"removed":[""],"origin":"+input"}
2019-4-4 19:41:39.677#keyHandled#"'\"'"
2019-4-4 19:41:40.628#change#{"from":{"line":0,"ch":17,"sticky":"after"},"to":{"line":0,"ch":17,"sticky":"after"},"text":["v"],"removed":[""],"origin":"+input"}
2019-4-4 19:41:40.696#change#{"from":{"line":0,"ch":18,"sticky":null},"to":{"line":0,"ch":18,"sticky":null},"text":["a"],"removed":[""],"origin":"+input"}
2019-4-4 19:41:40.829#change#{"from":{"line":0,"ch":19,"sticky":null},"to":{"line":0,"ch":19,"sticky":null},"text":["l"],"removed":[""],"origin":"+input"}
2019-4-4 19:41:40.979#change#{"from":{"line":0,"ch":20,"sticky":null},"to":{"line":0,"ch":20,"sticky":null},"text":["o"],"removed":[""],"origin":"+input"}
2019-4-4 19:41:41.053#change#{"from":{"line":0,"ch":21,"sticky":null},"to":{"line":0,"ch":21,"sticky":null},"text":["r"],"removed":[""],"origin":"+input"}
2019-4-4 19:41:41.244#change#{"from":{"line":0,"ch":22,"sticky":null},"to":{"line":0,"ch":22,"sticky":null},"text":[" "],"removed":[""],"origin":"+input"}
2019-4-4 19:41:41.274#change#{"from":{"line":0,"ch":23,"sticky":null},"to":{"line":0,"ch":23,"sticky":null},"text":["d"],"removed":[""],"origin":"+input"}
2019-4-4 19:41:41.397#change#{"from":{"line":0,"ch":24,"sticky":null},"to":{"line":0,"ch":24,"sticky":null},"text":["e"],"removed":[""],"origin":"+input"}
2019-4-4 19:41:41.583#change#{"from":{"line":0,"ch":25,"sticky":null},"to":{"line":0,"ch":25,"sticky":null},"text":[" "],"removed":[""],"origin":"+input"}
2019-4-4 19:41:41.655#change#{"from":{"line":0,"ch":26,"sticky":null},"to":{"line":0,"ch":26,"sticky":null},"text":["a"],"removed":[""],"origin":"+input"}
2019-4-4 19:41:42.450#change#{"from":{"line":0,"ch":27,"sticky":null},"to":{"line":0,"ch":27,"sticky":null},"text":[":"],"removed":[""],"origin":"+input"}
2019-4-4 19:41:42.568#change#{"from":{"line":0,"ch":28,"sticky":null},"to":{"line":0,"ch":28,"sticky":null},"text":[" "],"removed":[""],"origin":"+input"}
2019-4-4 19:41:43.934#mousedown#{"isTrusted":true}
2019-4-4 19:41:46.013#copy#{"isTrusted":true}
2019-4-4 19:41:46.587#mousedown#{"isTrusted":true}
2019-4-4 19:41:47.421#mousedown#{"isTrusted":true}
2019-4-4 19:41:48.373#mousedown#{"isTrusted":true}
2019-4-4 19:41:49.278#change#{"from":{"line":0,"ch":32,"sticky":"before","xRel":6.09375},"to":{"line":0,"ch":32,"sticky":"before","xRel":6.09375},"text":["",""],"removed":[""],"origin":"+input"}
2019-4-4 19:41:49.278#keyHandled#"Enter"
2019-4-4 19:41:49.285#viewportChange#0
2019-4-4 19:41:49.558#change#{"from":{"line":1,"ch":0,"sticky":null},"to":{"line":1,"ch":0,"sticky":null},"text":["float(input(\"valor de a: \"))"],"removed":[""],"origin":"paste"}
2019-4-4 19:41:50.599#change#{"from":{"line":1,"ch":27,"sticky":"after"},"to":{"line":1,"ch":28,"sticky":null},"text":[""],"removed":[")"],"origin":"+delete"}
2019-4-4 19:41:50.599#keyHandled#"Backspace"
2019-4-4 19:41:51.125#change#{"from":{"line":1,"ch":26,"sticky":"after"},"to":{"line":1,"ch":27,"sticky":null},"text":[""],"removed":[")"],"origin":"+delete"}
2019-4-4 19:41:51.125#keyHandled#"Backspace"
2019-4-4 19:41:51.162#change#{"from":{"line":1,"ch":25,"sticky":"after"},"to":{"line":1,"ch":26,"sticky":null},"text":[""],"removed":["\""],"origin":"+delete"}
2019-4-4 19:41:51.162#keyHandled#"Backspace"
2019-4-4 19:41:51.199#change#{"from":{"line":1,"ch":24,"sticky":"after"},"to":{"line":1,"ch":25,"sticky":null},"text":[""],"removed":[" "],"origin":"+delete"}
2019-4-4 19:41:51.199#keyHandled#"Backspace"
2019-4-4 19:41:51.236#change#{"from":{"line":1,"ch":23,"sticky":"after"},"to":{"line":1,"ch":24,"sticky":null},"text":[""],"removed":[":"],"origin":"+delete"}
2019-4-4 19:41:51.236#keyHandled#"Backspace"
2019-4-4 19:41:51.273#change#{"from":{"line":1,"ch":22,"sticky":"after"},"to":{"line":1,"ch":23,"sticky":null},"text":[""],"removed":["a"],"origin":"+delete"}
2019-4-4 19:41:51.274#keyHandled#"Backspace"
2019-4-4 19:41:51.313#change#{"from":{"line":1,"ch":21,"sticky":"after"},"to":{"line":1,"ch":22,"sticky":null},"text":[""],"removed":[" "],"origin":"+delete"}
2019-4-4 19:41:51.313#keyHandled#"Backspace"
2019-4-4 19:41:51.348#change#{"from":{"line":1,"ch":20,"sticky":"after"},"to":{"line":1,"ch":21,"sticky":null},"text":[""],"removed":["e"],"origin":"+delete"}
2019-4-4 19:41:51.348#keyHandled#"Backspace"
2019-4-4 19:41:51.385#change#{"from":{"line":1,"ch":19,"sticky":"after"},"to":{"line":1,"ch":20,"sticky":null},"text":[""],"removed":["d"],"origin":"+delete"}
2019-4-4 19:41:51.385#keyHandled#"Backspace"
2019-4-4 19:41:51.422#change#{"from":{"line":1,"ch":18,"sticky":"after"},"to":{"line":1,"ch":19,"sticky":null},"text":[""],"removed":[" "],"origin":"+delete"}
2019-4-4 19:41:51.423#keyHandled#"Backspace"
2019-4-4 19:41:51.459#change#{"from":{"line":1,"ch":17,"sticky":"after"},"to":{"line":1,"ch":18,"sticky":null},"text":[""],"removed":["r"],"origin":"+delete"}
2019-4-4 19:41:51.459#keyHandled#"Backspace"
2019-4-4 19:41:51.498#change#{"from":{"line":1,"ch":16,"sticky":"after"},"to":{"line":1,"ch":17,"sticky":null},"text":[""],"removed":["o"],"origin":"+delete"}
2019-4-4 19:41:51.498#keyHandled#"Backspace"
2019-4-4 19:41:51.533#change#{"from":{"line":1,"ch":15,"sticky":"after"},"to":{"line":1,"ch":16,"sticky":null},"text":[""],"removed":["l"],"origin":"+delete"}
2019-4-4 19:41:51.534#keyHandled#"Backspace"
2019-4-4 19:41:51.571#change#{"from":{"line":1,"ch":14,"sticky":"after"},"to":{"line":1,"ch":15,"sticky":null},"text":[""],"removed":["a"],"origin":"+delete"}
2019-4-4 19:41:51.571#keyHandled#"Backspace"
2019-4-4 19:41:51.608#change#{"from":{"line":1,"ch":13,"sticky":"after"},"to":{"line":1,"ch":14,"sticky":null},"text":[""],"removed":["v"],"origin":"+delete"}
2019-4-4 19:41:51.608#keyHandled#"Backspace"
2019-4-4 19:41:51.648#change#{"from":{"line":1,"ch":12,"sticky":"after"},"to":{"line":1,"ch":13,"sticky":null},"text":[""],"removed":["\""],"origin":"+delete"}
2019-4-4 19:41:51.648#keyHandled#"Backspace"
2019-4-4 19:41:51.682#change#{"from":{"line":1,"ch":11,"sticky":"after"},"to":{"line":1,"ch":12,"sticky":null},"text":[""],"removed":["("],"origin":"+delete"}
2019-4-4 19:41:51.682#keyHandled#"Backspace"
2019-4-4 19:41:51.720#change#{"from":{"line":1,"ch":10,"sticky":"after"},"to":{"line":1,"ch":11,"sticky":null},"text":[""],"removed":["t"],"origin":"+delete"}
2019-4-4 19:41:51.720#keyHandled#"Backspace"
2019-4-4 19:41:51.757#change#{"from":{"line":1,"ch":9,"sticky":"after"},"to":{"line":1,"ch":10,"sticky":null},"text":[""],"removed":["u"],"origin":"+delete"}
2019-4-4 19:41:51.757#keyHandled#"Backspace"
2019-4-4 19:41:51.794#change#{"from":{"line":1,"ch":8,"sticky":"after"},"to":{"line":1,"ch":9,"sticky":null},"text":[""],"removed":["p"],"origin":"+delete"}
2019-4-4 19:41:51.794#keyHandled#"Backspace"
2019-4-4 19:41:51.832#change#{"from":{"line":1,"ch":7,"sticky":"after"},"to":{"line":1,"ch":8,"sticky":null},"text":[""],"removed":["n"],"origin":"+delete"}
2019-4-4 19:41:51.832#keyHandled#"Backspace"
2019-4-4 19:41:51.868#change#{"from":{"line":1,"ch":6,"sticky":"after"},"to":{"line":1,"ch":7,"sticky":null},"text":[""],"removed":["i"],"origin":"+delete"}
2019-4-4 19:41:51.868#keyHandled#"Backspace"
2019-4-4 19:41:51.909#change#{"from":{"line":1,"ch":5,"sticky":"after"},"to":{"line":1,"ch":6,"sticky":null},"text":[""],"removed":["("],"origin":"+delete"}
2019-4-4 19:41:51.909#keyHandled#"Backspace"
2019-4-4 19:41:51.944#change#{"from":{"line":1,"ch":4,"sticky":"after"},"to":{"line":1,"ch":5,"sticky":null},"text":[""],"removed":["t"],"origin":"+delete"}
2019-4-4 19:41:51.944#keyHandled#"Backspace"
2019-4-4 19:41:52.122#change#{"from":{"line":1,"ch":3,"sticky":"after"},"to":{"line":1,"ch":4,"sticky":null},"text":[""],"removed":["a"],"origin":"+delete"}
2019-4-4 19:41:52.122#keyHandled#"Backspace"
2019-4-4 19:41:52.285#change#{"from":{"line":1,"ch":2,"sticky":"after"},"to":{"line":1,"ch":3,"sticky":null},"text":[""],"removed":["o"],"origin":"+delete"}
2019-4-4 19:41:52.285#keyHandled#"Backspace"
2019-4-4 19:41:52.449#change#{"from":{"line":1,"ch":1,"sticky":"after"},"to":{"line":1,"ch":2,"sticky":null},"text":[""],"removed":["l"],"origin":"+delete"}
2019-4-4 19:41:52.449#keyHandled#"Backspace"
2019-4-4 19:41:52.626#change#{"from":{"line":1,"ch":0,"sticky":"after"},"to":{"line":1,"ch":1,"sticky":null},"text":[""],"removed":["f"],"origin":"+delete"}
2019-4-4 19:41:52.626#keyHandled#"Backspace"
2019-4-4 19:41:53.410#change#{"from":{"line":1,"ch":0,"sticky":null},"to":{"line":1,"ch":0,"sticky":null},"text":["b"],"removed":[""],"origin":"+input"}
2019-4-4 19:41:53.656#change#{"from":{"line":1,"ch":1,"sticky":null},"to":{"line":1,"ch":1,"sticky":null},"text":[" "],"removed":[""],"origin":"+input"}
2019-4-4 19:41:53.866#change#{"from":{"line":1,"ch":2,"sticky":null},"to":{"line":1,"ch":2,"sticky":null},"text":["="],"removed":[""],"origin":"+input"}
2019-4-4 19:41:55.441#change#{"from":{"line":1,"ch":3,"sticky":null},"to":{"line":1,"ch":3,"sticky":null},"text":["float(input(\"valor de a: \"))"],"removed":[""],"origin":"paste"}
2019-4-4 19:41:57.828#mousedown#{"isTrusted":true}
2019-4-4 19:41:59.501#copy#{"isTrusted":true}
2019-4-4 19:42:00.044#mousedown#{"isTrusted":true}
2019-4-4 19:42:00.378#mousedown#{"isTrusted":true}
2019-4-4 19:42:01.545#change#{"from":{"line":1,"ch":28,"sticky":null},"to":{"line":1,"ch":31,"sticky":null},"text":[""],"removed":["\"))"],"origin":"+delete"}
2019-4-4 19:42:01.545#keyHandled#"Backspace"
2019-4-4 19:42:02.077#change#{"from":{"line":1,"ch":27,"sticky":"after"},"to":{"line":1,"ch":28,"sticky":null},"text":[""],"removed":[" "],"origin":"+delete"}
2019-4-4 19:42:02.077#keyHandled#"Backspace"
2019-4-4 19:42:02.107#change#{"from":{"line":1,"ch":26,"sticky":"after"},"to":{"line":1,"ch":27,"sticky":null},"text":[""],"removed":[":"],"origin":"+delete"}
2019-4-4 19:42:02.107#keyHandled#"Backspace"
2019-4-4 19:42:02.144#change#{"from":{"line":1,"ch":25,"sticky":"after"},"to":{"line":1,"ch":26,"sticky":null},"text":[""],"removed":["a"],"origin":"+delete"}
2019-4-4 19:42:02.144#keyHandled#"Backspace"
2019-4-4 19:42:02.183#change#{"from":{"line":1,"ch":24,"sticky":"after"},"to":{"line":1,"ch":25,"sticky":null},"text":[""],"removed":[" "],"origin":"+delete"}
2019-4-4 19:42:02.183#keyHandled#"Backspace"
2019-4-4 19:42:02.218#change#{"from":{"line":1,"ch":23,"sticky":"after"},"to":{"line":1,"ch":24,"sticky":null},"text":[""],"removed":["e"],"origin":"+delete"}
2019-4-4 19:42:02.218#keyHandled#"Backspace"
2019-4-4 19:42:02.256#change#{"from":{"line":1,"ch":22,"sticky":"after"},"to":{"line":1,"ch":23,"sticky":null},"text":[""],"removed":["d"],"origin":"+delete"}
2019-4-4 19:42:02.256#keyHandled#"Backspace"
2019-4-4 19:42:02.293#change#{"from":{"line":1,"ch":21,"sticky":"after"},"to":{"line":1,"ch":22,"sticky":null},"text":[""],"removed":[" "],"origin":"+delete"}
2019-4-4 19:42:02.293#keyHandled#"Backspace"
2019-4-4 19:42:02.330#change#{"from":{"line":1,"ch":20,"sticky":"after"},"to":{"line":1,"ch":21,"sticky":null},"text":[""],"removed":["r"],"origin":"+delete"}
2019-4-4 19:42:02.330#keyHandled#"Backspace"
2019-4-4 19:42:02.368#change#{"from":{"line":1,"ch":19,"sticky":"after"},"to":{"line":1,"ch":20,"sticky":null},"text":[""],"removed":["o"],"origin":"+delete"}
2019-4-4 19:42:02.368#keyHandled#"Backspace"
2019-4-4 19:42:02.404#change#{"from":{"line":1,"ch":18,"sticky":"after"},"to":{"line":1,"ch":19,"sticky":null},"text":[""],"removed":["l"],"origin":"+delete"}
2019-4-4 19:42:02.404#keyHandled#"Backspace"
2019-4-4 19:42:02.442#change#{"from":{"line":1,"ch":17,"sticky":"after"},"to":{"line":1,"ch":18,"sticky":null},"text":[""],"removed":["a"],"origin":"+delete"}
2019-4-4 19:42:02.442#keyHandled#"Backspace"
2019-4-4 19:42:02.479#change#{"from":{"line":1,"ch":16,"sticky":"after"},"to":{"line":1,"ch":17,"sticky":null},"text":[""],"removed":["v"],"origin":"+delete"}
2019-4-4 19:42:02.479#keyHandled#"Backspace"
2019-4-4 19:42:02.519#change#{"from":{"line":1,"ch":15,"sticky":"after"},"to":{"line":1,"ch":16,"sticky":null},"text":[""],"removed":["\""],"origin":"+delete"}
2019-4-4 19:42:02.519#keyHandled#"Backspace"
2019-4-4 19:42:02.553#change#{"from":{"line":1,"ch":14,"sticky":"after"},"to":{"line":1,"ch":15,"sticky":null},"text":[""],"removed":["("],"origin":"+delete"}
2019-4-4 19:42:02.554#keyHandled#"Backspace"
2019-4-4 19:42:02.590#change#{"from":{"line":1,"ch":13,"sticky":"after"},"to":{"line":1,"ch":14,"sticky":null},"text":[""],"removed":["t"],"origin":"+delete"}
2019-4-4 19:42:02.590#keyHandled#"Backspace"
2019-4-4 19:42:02.627#change#{"from":{"line":1,"ch":12,"sticky":"after"},"to":{"line":1,"ch":13,"sticky":null},"text":[""],"removed":["u"],"origin":"+delete"}
2019-4-4 19:42:02.627#keyHandled#"Backspace"
2019-4-4 19:42:02.668#change#{"from":{"line":1,"ch":11,"sticky":"after"},"to":{"line":1,"ch":12,"sticky":null},"text":[""],"removed":["p"],"origin":"+delete"}
2019-4-4 19:42:02.668#keyHandled#"Backspace"
2019-4-4 19:42:02.702#change#{"from":{"line":1,"ch":10,"sticky":"after"},"to":{"line":1,"ch":11,"sticky":null},"text":[""],"removed":["n"],"origin":"+delete"}
2019-4-4 19:42:02.702#keyHandled#"Backspace"
2019-4-4 19:42:02.740#change#{"from":{"line":1,"ch":9,"sticky":"after"},"to":{"line":1,"ch":10,"sticky":null},"text":[""],"removed":["i"],"origin":"+delete"}
2019-4-4 19:42:02.740#keyHandled#"Backspace"
2019-4-4 19:42:02.776#change#{"from":{"line":1,"ch":8,"sticky":"after"},"to":{"line":1,"ch":9,"sticky":null},"text":[""],"removed":["("],"origin":"+delete"}
2019-4-4 19:42:02.776#keyHandled#"Backspace"
2019-4-4 19:42:02.813#change#{"from":{"line":1,"ch":7,"sticky":"after"},"to":{"line":1,"ch":8,"sticky":null},"text":[""],"removed":["t"],"origin":"+delete"}
2019-4-4 19:42:02.813#keyHandled#"Backspace"
2019-4-4 19:42:02.850#change#{"from":{"line":1,"ch":6,"sticky":"after"},"to":{"line":1,"ch":7,"sticky":null},"text":[""],"removed":["a"],"origin":"+delete"}
2019-4-4 19:42:02.850#keyHandled#"Backspace"
2019-4-4 19:42:03.016#change#{"from":{"line":1,"ch":5,"sticky":"after"},"to":{"line":1,"ch":6,"sticky":null},"text":[""],"removed":["o"],"origin":"+delete"}
2019-4-4 19:42:03.016#keyHandled#"Backspace"
2019-4-4 19:42:03.179#change#{"from":{"line":1,"ch":4,"sticky":"after"},"to":{"line":1,"ch":5,"sticky":null},"text":[""],"removed":["l"],"origin":"+delete"}
2019-4-4 19:42:03.179#keyHandled#"Backspace"
2019-4-4 19:42:03.325#change#{"from":{"line":1,"ch":3,"sticky":"after"},"to":{"line":1,"ch":4,"sticky":null},"text":[""],"removed":["f"],"origin":"+delete"}
2019-4-4 19:42:03.325#keyHandled#"Backspace"
2019-4-4 19:42:03.545#change#{"from":{"line":1,"ch":2,"sticky":"after"},"to":{"line":1,"ch":3,"sticky":null},"text":[""],"removed":["="],"origin":"+delete"}
2019-4-4 19:42:03.545#keyHandled#"Backspace"
2019-4-4 19:42:04.127#change#{"from":{"line":1,"ch":2,"sticky":null},"to":{"line":1,"ch":2,"sticky":null},"text":["= float(input(\"valor de a: \"))"],"removed":[""],"origin":"paste"}
2019-4-4 19:42:04.989#change#{"from":{"line":1,"ch":32,"sticky":null},"to":{"line":1,"ch":32,"sticky":null},"text":["",""],"removed":[""],"origin":"+input"}
2019-4-4 19:42:04.989#keyHandled#"Enter"
2019-4-4 19:42:04.994#viewportChange#0
2019-4-4 19:42:05.542#change#{"from":{"line":2,"ch":0,"sticky":null},"to":{"line":2,"ch":0,"sticky":null},"text":["c"],"removed":[""],"origin":"+input"}
2019-4-4 19:42:06.319#change#{"from":{"line":2,"ch":1,"sticky":null},"to":{"line":2,"ch":1,"sticky":null},"text":["= float(input(\"valor de a: \"))"],"removed":[""],"origin":"paste"}
2019-4-4 19:42:09.487#keyHandled#"Left"
2019-4-4 19:42:09.524#keyHandled#"Left"
2019-4-4 19:42:09.561#keyHandled#"Left"
2019-4-4 19:42:09.598#keyHandled#"Left"
2019-4-4 19:42:09.637#keyHandled#"Left"
2019-4-4 19:42:09.672#keyHandled#"Left"
2019-4-4 19:42:09.710#keyHandled#"Left"
2019-4-4 19:42:09.748#keyHandled#"Left"
2019-4-4 19:42:09.784#keyHandled#"Left"
2019-4-4 19:42:09.821#keyHandled#"Left"
2019-4-4 19:42:09.858#keyHandled#"Left"
2019-4-4 19:42:10.407#change#{"from":{"line":2,"ch":1,"sticky":"after"},"to":{"line":2,"ch":1,"sticky":"after"},"text":[" "],"removed":[""],"origin":"+input"}
2019-4-4 19:42:10.885#keyHandled#"Down"
2019-4-4 19:42:11.404#change#{"from":{"line":2,"ch":32,"sticky":null,"xRel":1,"outside":true,"hitSide":true},"to":{"line":2,"ch":32,"sticky":null,"xRel":1,"outside":true,"hitSide":true},"text":["",""],"removed":[""],"origin":"+input"}
2019-4-4 19:42:11.404#keyHandled#"Enter"
2019-4-4 19:42:11.409#viewportChange#0
2019-4-4 19:42:13.156#change#{"from":{"line":3,"ch":0,"sticky":null},"to":{"line":3,"ch":0,"sticky":null},"text":["d"],"removed":[""],"origin":"+input"}
2019-4-4 19:42:14.020#change#{"from":{"line":3,"ch":1,"sticky":null},"to":{"line":3,"ch":1,"sticky":null},"text":[" "],"removed":[""],"origin":"+input"}
2019-4-4 19:42:14.484#change#{"from":{"line":3,"ch":2,"sticky":null},"to":{"line":3,"ch":2,"sticky":null},"text":["= float(input(\"valor de a: \"))"],"removed":[""],"origin":"paste"}
2019-4-4 19:42:15.082#change#{"from":{"line":3,"ch":32,"sticky":null},"to":{"line":3,"ch":32,"sticky":null},"text":["",""],"removed":[""],"origin":"+input"}
2019-4-4 19:42:15.082#keyHandled#"Enter"
2019-4-4 19:42:15.087#viewportChange#0
2019-4-4 19:42:15.911#change#{"from":{"line":4,"ch":0,"sticky":null},"to":{"line":4,"ch":0,"sticky":null},"text":["e"],"removed":[""],"origin":"+input"}
2019-4-4 19:42:16.661#change#{"from":{"line":4,"ch":1,"sticky":null},"to":{"line":4,"ch":1,"sticky":null},"text":[" "],"removed":[""],"origin":"+input"}
2019-4-4 19:42:18.059#change#{"from":{"line":4,"ch":2,"sticky":null},"to":{"line":4,"ch":2,"sticky":null},"text":["= float(input(\"valor de a: \"))"],"removed":[""],"origin":"paste"}
2019-4-4 19:42:19.136#change#{"from":{"line":4,"ch":32,"sticky":null},"to":{"line":4,"ch":32,"sticky":null},"text":["",""],"removed":[""],"origin":"+input"}
2019-4-4 19:42:19.136#keyHandled#"Enter"
2019-4-4 19:42:19.142#viewportChange#0
2019-4-4 19:42:20.100#change#{"from":{"line":5,"ch":0,"sticky":null},"to":{"line":5,"ch":0,"sticky":null},"text":["f"],"removed":[""],"origin":"+input"}
2019-4-4 19:42:20.795#change#{"from":{"line":5,"ch":1,"sticky":null},"to":{"line":5,"ch":1,"sticky":null},"text":[" "],"removed":[""],"origin":"+input"}
2019-4-4 19:42:21.190#change#{"from":{"line":5,"ch":2,"sticky":null},"to":{"line":5,"ch":2,"sticky":null},"text":["= float(input(\"valor de a: \"))"],"removed":[""],"origin":"paste"}
2019-4-4 19:42:22.883#mousedown#{"isTrusted":true}
2019-4-4 19:42:23.758#change#{"from":{"line":1,"ch":26,"sticky":"after"},"to":{"line":1,"ch":27,"sticky":"before","xRel":-3.90625},"text":[""],"removed":["a"],"origin":"+delete"}
2019-4-4 19:42:23.758#keyHandled#"Backspace"
2019-4-4 19:42:23.922#change#{"from":{"line":1,"ch":26,"sticky":null},"to":{"line":1,"ch":26,"sticky":null},"text":["b"],"removed":[""],"origin":"+input"}
2019-4-4 19:42:24.699#mousedown#{"isTrusted":true}
2019-4-4 19:42:25.404#change#{"from":{"line":2,"ch":26,"sticky":"after"},"to":{"line":2,"ch":27,"sticky":"after","xRel":2.09375},"text":[""],"removed":["a"],"origin":"+delete"}
2019-4-4 19:42:25.404#keyHandled#"Backspace"
2019-4-4 19:42:25.600#change#{"from":{"line":2,"ch":26,"sticky":null},"to":{"line":2,"ch":26,"sticky":null},"text":["v"],"removed":[""],"origin":"+input"}
2019-4-4 19:42:25.932#keyHandled#"Down"
2019-4-4 19:42:28.204#change#{"from":{"line":3,"ch":26,"sticky":null},"to":{"line":3,"ch":26,"sticky":null},"text":["d"],"removed":[""],"origin":"+input"}
2019-4-4 19:42:28.545#keyHandled#"Up"
2019-4-4 19:42:29.549#change#{"from":{"line":2,"ch":26,"sticky":"after"},"to":{"line":2,"ch":27,"sticky":"after","xRel":0},"text":[""],"removed":["v"],"origin":"+delete"}
2019-4-4 19:42:29.549#keyHandled#"Backspace"
2019-4-4 19:42:29.723#change#{"from":{"line":2,"ch":26,"sticky":null},"to":{"line":2,"ch":26,"sticky":null},"text":["c"],"removed":[""],"origin":"+input"}
2019-4-4 19:42:29.910#keyHandled#"Down"
2019-4-4 19:42:30.116#keyHandled#"Down"
2019-4-4 19:42:30.710#change#{"from":{"line":4,"ch":26,"sticky":"after"},"to":{"line":4,"ch":27,"sticky":"after","xRel":0},"text":[""],"removed":["a"],"origin":"+delete"}
2019-4-4 19:42:30.710#keyHandled#"Backspace"
2019-4-4 19:42:31.000#change#{"from":{"line":4,"ch":26,"sticky":null},"to":{"line":4,"ch":26,"sticky":null},"text":["e"],"removed":[""],"origin":"+input"}
2019-4-4 19:42:31.561#keyHandled#"Down"
2019-4-4 19:42:31.906#change#{"from":{"line":5,"ch":26,"sticky":"after"},"to":{"line":5,"ch":27,"sticky":"after","xRel":0},"text":[""],"removed":["a"],"origin":"+delete"}
2019-4-4 19:42:31.906#keyHandled#"Backspace"
2019-4-4 19:42:32.418#change#{"from":{"line":5,"ch":26,"sticky":null},"to":{"line":5,"ch":26,"sticky":null},"text":["f"],"removed":[""],"origin":"+input"}
2019-4-4 19:42:32.812#keyHandled#"Right"
2019-4-4 19:42:33.023#keyHandled#"Right"
2019-4-4 19:42:33.182#keyHandled#"Right"
2019-4-4 19:42:33.338#keyHandled#"Right"
2019-4-4 19:42:33.501#keyHandled#"Right"
2019-4-4 19:42:34.340#change#{"from":{"line":5,"ch":32,"sticky":"before"},"to":{"line":5,"ch":32,"sticky":"before"},"text":["",""],"removed":[""],"origin":"+input"}
2019-4-4 19:42:34.340#keyHandled#"Enter"
2019-4-4 19:42:34.345#viewportChange#0
2019-4-4 19:42:37.502#change#{"from":{"line":6,"ch":0,"sticky":null},"to":{"line":6,"ch":0,"sticky":null},"text":["x"],"removed":[""],"origin":"+input"}
2019-4-4 19:42:38.208#change#{"from":{"line":6,"ch":0,"sticky":"after"},"to":{"line":6,"ch":1,"sticky":null},"text":[""],"removed":["x"],"origin":"+delete"}
2019-4-4 19:42:38.208#keyHandled#"Backspace"
2019-4-4 19:42:40.668#change#{"from":{"line":6,"ch":0,"sticky":null},"to":{"line":6,"ch":0,"sticky":null},"text":["a"],"removed":[""],"origin":"+input"}
2019-4-4 19:42:40.957#change#{"from":{"line":6,"ch":1,"sticky":null},"to":{"line":6,"ch":1,"sticky":null},"text":["e"],"removed":[""],"origin":"+input"}
2019-4-4 19:42:41.725#change#{"from":{"line":6,"ch":1,"sticky":"after"},"to":{"line":6,"ch":2,"sticky":null},"text":[""],"removed":["e"],"origin":"+delete"}
2019-4-4 19:42:41.725#keyHandled#"Backspace"
2019-4-4 19:42:41.865#change#{"from":{"line":6,"ch":0,"sticky":"after"},"to":{"line":6,"ch":1,"sticky":null},"text":[""],"removed":["a"],"origin":"+delete"}
2019-4-4 19:42:41.865#keyHandled#"Backspace"
2019-4-4 19:42:45.096#change#{"from":{"line":6,"ch":0,"sticky":null},"to":{"line":6,"ch":0,"sticky":null},"text":["z"],"removed":[""],"origin":"+input"}
2019-4-4 19:42:45.511#change#{"from":{"line":6,"ch":1,"sticky":null},"to":{"line":6,"ch":1,"sticky":null},"text":["1"],"removed":[""],"origin":"+input"}
2019-4-4 19:42:46.288#change#{"from":{"line":6,"ch":2,"sticky":null},"to":{"line":6,"ch":2,"sticky":null},"text":[" "],"removed":[""],"origin":"+input"}
2019-4-4 19:42:46.405#change#{"from":{"line":6,"ch":3,"sticky":null},"to":{"line":6,"ch":3,"sticky":null},"text":["="],"removed":[""],"origin":"+input"}
2019-4-4 19:42:46.550#change#{"from":{"line":6,"ch":4,"sticky":null},"to":{"line":6,"ch":4,"sticky":null},"text":[" "],"removed":[""],"origin":"+input"}
2019-4-4 19:42:47.479#change#{"from":{"line":6,"ch":5,"sticky":null},"to":{"line":6,"ch":5,"sticky":null},"text":["a"],"removed":[""],"origin":"+input"}
2019-4-4 19:42:47.743#change#{"from":{"line":6,"ch":6,"sticky":null},"to":{"line":6,"ch":6,"sticky":null},"text":["e"],"removed":[""],"origin":"+input"}
2019-4-4 19:42:49.366#change#{"from":{"line":6,"ch":7,"sticky":null},"to":{"line":6,"ch":7,"sticky":null},"text":[" "],"removed":[""],"origin":"+input"}
2019-4-4 19:42:49.518#change#{"from":{"line":6,"ch":8,"sticky":null},"to":{"line":6,"ch":8,"sticky":null},"text":["-"],"removed":[""],"origin":"+input"}
2019-4-4 19:42:49.657#change#{"from":{"line":6,"ch":9,"sticky":null},"to":{"line":6,"ch":9,"sticky":null},"text":[" "],"removed":[""],"origin":"+input"}
2019-4-4 19:42:51.129#change#{"from":{"line":6,"ch":10,"sticky":null},"to":{"line":6,"ch":10,"sticky":null},"text":["b"],"removed":[""],"origin":"+input"}
2019-4-4 19:42:51.866#change#{"from":{"line":6,"ch":11,"sticky":null},"to":{"line":6,"ch":11,"sticky":null},"text":["d"],"removed":[""],"origin":"+input"}
2019-4-4 19:43:01.421#change#{"from":{"line":6,"ch":12,"sticky":null},"to":{"line":6,"ch":12,"sticky":null},"text":["",""],"removed":[""],"origin":"+input"}
2019-4-4 19:43:01.421#keyHandled#"Enter"
2019-4-4 19:43:01.426#viewportChange#0
2019-4-4 19:43:02.173#change#{"from":{"line":7,"ch":0,"sticky":null},"to":{"line":7,"ch":0,"sticky":null},"text":["z"],"removed":[""],"origin":"+input"}
2019-4-4 19:43:02.784#change#{"from":{"line":7,"ch":1,"sticky":null},"to":{"line":7,"ch":1,"sticky":null},"text":["2"],"removed":[""],"origin":"+input"}
2019-4-4 19:43:03.380#change#{"from":{"line":7,"ch":2,"sticky":null},"to":{"line":7,"ch":2,"sticky":null},"text":[" "],"removed":[""],"origin":"+input"}
2019-4-4 19:43:03.595#change#{"from":{"line":7,"ch":3,"sticky":null},"to":{"line":7,"ch":3,"sticky":null},"text":["="],"removed":[""],"origin":"+input"}
2019-4-4 19:43:03.744#change#{"from":{"line":7,"ch":4,"sticky":null},"to":{"line":7,"ch":4,"sticky":null},"text":[" "],"removed":[""],"origin":"+input"}
2019-4-4 19:43:04.517#change#{"from":{"line":7,"ch":5,"sticky":null},"to":{"line":7,"ch":5,"sticky":null},"text":["a"],"removed":[""],"origin":"+input"}
2019-4-4 19:43:04.733#change#{"from":{"line":7,"ch":6,"sticky":null},"to":{"line":7,"ch":6,"sticky":null},"text":["e"],"removed":[""],"origin":"+input"}
2019-4-4 19:43:08.516#change#{"from":{"line":7,"ch":6,"sticky":"after"},"to":{"line":7,"ch":7,"sticky":null},"text":[""],"removed":["e"],"origin":"+delete"}
2019-4-4 19:43:08.516#keyHandled#"Backspace"
2019-4-4 19:43:08.699#change#{"from":{"line":7,"ch":5,"sticky":"after"},"to":{"line":7,"ch":6,"sticky":null},"text":[""],"removed":["a"],"origin":"+delete"}
2019-4-4 19:43:08.699#keyHandled#"Backspace"
2019-4-4 19:43:08.872#change#{"from":{"line":7,"ch":4,"sticky":"after"},"to":{"line":7,"ch":5,"sticky":null},"text":[""],"removed":[" "],"origin":"+delete"}
2019-4-4 19:43:08.872#keyHandled#"Backspace"
2019-4-4 19:43:08.994#change#{"from":{"line":7,"ch":3,"sticky":"after"},"to":{"line":7,"ch":4,"sticky":null},"text":[""],"removed":["="],"origin":"+delete"}
2019-4-4 19:43:08.994#keyHandled#"Backspace"
2019-4-4 19:43:09.104#change#{"from":{"line":7,"ch":2,"sticky":"after"},"to":{"line":7,"ch":3,"sticky":null},"text":[""],"removed":[" "],"origin":"+delete"}
2019-4-4 19:43:09.104#keyHandled#"Backspace"
2019-4-4 19:43:09.484#change#{"from":{"line":7,"ch":1,"sticky":"after"},"to":{"line":7,"ch":2,"sticky":null},"text":[""],"removed":["2"],"origin":"+delete"}
2019-4-4 19:43:09.484#keyHandled#"Backspace"
2019-4-4 19:43:09.654#change#{"from":{"line":7,"ch":0,"sticky":"after"},"to":{"line":7,"ch":1,"sticky":null},"text":[""],"removed":["z"],"origin":"+delete"}
2019-4-4 19:43:09.654#keyHandled#"Backspace"
2019-4-4 19:43:09.867#change#{"from":{"line":6,"ch":12,"sticky":"before"},"to":{"line":7,"ch":0,"sticky":null},"text":[""],"removed":["",""],"origin":"+delete"}
2019-4-4 19:43:09.867#keyHandled#"Backspace"
2019-4-4 19:43:09.871#viewportChange#0
2019-4-4 19:43:12.161#change#{"from":{"line":6,"ch":12,"sticky":null},"to":{"line":6,"ch":12,"sticky":null},"text":["",""],"removed":[""],"origin":"+input"}
2019-4-4 19:43:12.161#keyHandled#"Enter"
2019-4-4 19:43:12.166#viewportChange#0
2019-4-4 19:43:12.885#change#{"from":{"line":7,"ch":0,"sticky":null},"to":{"line":7,"ch":0,"sticky":null},"text":["i"],"removed":[""],"origin":"+input"}
2019-4-4 19:43:13.040#change#{"from":{"line":7,"ch":1,"sticky":null},"to":{"line":7,"ch":1,"sticky":null},"text":["f"],"removed":[""],"origin":"+input"}
2019-4-4 19:43:13.554#change#{"from":{"line":7,"ch":2,"sticky":null},"to":{"line":7,"ch":2,"sticky":null},"text":[" "],"removed":[""],"origin":"+input"}
2019-4-4 19:43:14.853#change#{"from":{"line":7,"ch":3,"sticky":null},"to":{"line":7,"ch":3,"sticky":null},"text":["z"],"removed":[""],"origin":"+input"}
2019-4-4 19:43:15.369#change#{"from":{"line":7,"ch":4,"sticky":null},"to":{"line":7,"ch":4,"sticky":null},"text":["1"],"removed":[""],"origin":"+input"}
2019-4-4 19:43:15.649#change#{"from":{"line":7,"ch":4,"sticky":"after"},"to":{"line":7,"ch":5,"sticky":null},"text":[""],"removed":["1"],"origin":"+delete"}
2019-4-4 19:43:15.649#keyHandled#"Backspace"
2019-4-4 19:43:15.809#change#{"from":{"line":7,"ch":3,"sticky":"after"},"to":{"line":7,"ch":4,"sticky":null},"text":[""],"removed":["z"],"origin":"+delete"}
2019-4-4 19:43:15.810#keyHandled#"Backspace"
2019-4-4 19:43:17.424#change#{"from":{"line":7,"ch":4,"sticky":"after"},"to":{"line":7,"ch":4,"sticky":"after"},"text":["z"],"removed":[""],"origin":"+input"}
2019-4-4 19:43:17.625#change#{"from":{"line":7,"ch":5,"sticky":null},"to":{"line":7,"ch":5,"sticky":null},"text":["1"],"removed":[""],"origin":"+input"}
2019-4-4 19:43:18.318#change#{"from":{"line":7,"ch":6,"sticky":null},"to":{"line":7,"ch":6,"sticky":null},"text":[" "],"removed":[""],"origin":"+input"}
2019-4-4 19:43:18.484#change#{"from":{"line":7,"ch":7,"sticky":null},"to":{"line":7,"ch":7,"sticky":null},"text":["="],"removed":[""],"origin":"+input"}
2019-4-4 19:43:18.590#change#{"from":{"line":7,"ch":8,"sticky":null},"to":{"line":7,"ch":8,"sticky":null},"text":[" "],"removed":[""],"origin":"+input"}
2019-4-4 19:43:19.070#change#{"from":{"line":7,"ch":8,"sticky":"after"},"to":{"line":7,"ch":9,"sticky":null},"text":[""],"removed":[" "],"origin":"+delete"}
2019-4-4 19:43:19.070#keyHandled#"Backspace"
2019-4-4 19:43:19.308#change#{"from":{"line":7,"ch":8,"sticky":null},"to":{"line":7,"ch":8,"sticky":null},"text":["="],"removed":[""],"origin":"+input"}
2019-4-4 19:43:19.417#change#{"from":{"line":7,"ch":9,"sticky":null},"to":{"line":7,"ch":9,"sticky":null},"text":[" "],"removed":[""],"origin":"+input"}
2019-4-4 19:43:20.133#change#{"from":{"line":7,"ch":10,"sticky":null},"to":{"line":7,"ch":10,"sticky":null},"text":["0"],"removed":[""],"origin":"+input"}
2019-4-4 19:43:20.468#keyHandled#"Right"
2019-4-4 19:43:21.368#change#{"from":{"line":7,"ch":12,"sticky":"before"},"to":{"line":7,"ch":12,"sticky":"before"},"text":[":"],"removed":[""],"origin":"+input"}
2019-4-4 19:43:21.727#change#{"from":{"line":7,"ch":13,"sticky":null},"to":{"line":7,"ch":13,"sticky":null},"text":["",""],"removed":[""],"origin":"+input"}
2019-4-4 19:43:21.727#change#{"from":{"line":8,"ch":0,"sticky":null},"to":{"line":8,"ch":0,"sticky":null},"text":["\t"],"removed":[""],"origin":"+input"}
2019-4-4 19:43:21.727#keyHandled#"Enter"
2019-4-4 19:43:21.732#viewportChange#0
2019-4-4 19:43:26.978#change#{"from":{"line":8,"ch":2,"sticky":null},"to":{"line":8,"ch":2,"sticky":null},"text":["r"],"removed":[""],"origin":"+input"}
2019-4-4 19:43:27.100#change#{"from":{"line":8,"ch":3,"sticky":null},"to":{"line":8,"ch":3,"sticky":null},"text":["i"],"removed":[""],"origin":"+input"}
2019-4-4 19:43:27.243#change#{"from":{"line":8,"ch":4,"sticky":null},"to":{"line":8,"ch":4,"sticky":null},"text":["n"],"removed":[""],"origin":"+input"}
2019-4-4 19:43:27.323#change#{"from":{"line":8,"ch":5,"sticky":null},"to":{"line":8,"ch":5,"sticky":null},"text":["t"],"removed":[""],"origin":"+input"}
2019-4-4 19:43:28.304#change#{"from":{"line":8,"ch":6,"sticky":null},"to":{"line":8,"ch":6,"sticky":null},"text":["()"],"removed":[""],"origin":"+input"}
2019-4-4 19:43:28.304#keyHandled#"'('"
2019-4-4 19:43:29.179#change#{"from":{"line":8,"ch":7,"sticky":"after"},"to":{"line":8,"ch":7,"sticky":"after"},"text":["N"],"removed":[""],"origin":"+input"}
2019-4-4 19:43:29.639#change#{"from":{"line":8,"ch":7,"sticky":"after"},"to":{"line":8,"ch":8,"sticky":null},"text":[""],"removed":["N"],"origin":"+delete"}
2019-4-4 19:43:29.639#keyHandled#"Backspace"
2019-4-4 19:43:30.205#change#{"from":{"line":8,"ch":7,"sticky":null},"to":{"line":8,"ch":7,"sticky":null},"text":["\"\""],"removed":[""],"origin":"+input"}
2019-4-4 19:43:30.205#keyHandled#"'\"'"
2019-4-4 19:43:31.295#change#{"from":{"line":8,"ch":8,"sticky":"after"},"to":{"line":8,"ch":8,"sticky":"after"},"text":["N"],"removed":[""],"origin":"+input"}
2019-4-4 19:43:31.805#change#{"from":{"line":8,"ch":9,"sticky":null},"to":{"line":8,"ch":9,"sticky":null},"text":["a"],"removed":[""],"origin":"+input"}
2019-4-4 19:43:32.061#change#{"from":{"line":8,"ch":10,"sticky":null},"to":{"line":8,"ch":10,"sticky":null},"text":["o"],"removed":[""],"origin":"+input"}
2019-4-4 19:43:32.384#change#{"from":{"line":8,"ch":11,"sticky":null},"to":{"line":8,"ch":11,"sticky":null},"text":[" "],"removed":[""],"origin":"+input"}
2019-4-4 19:43:32.500#change#{"from":{"line":8,"ch":12,"sticky":null},"to":{"line":8,"ch":12,"sticky":null},"text":["t"],"removed":[""],"origin":"+input"}
2019-4-4 19:43:32.600#change#{"from":{"line":8,"ch":13,"sticky":null},"to":{"line":8,"ch":13,"sticky":null},"text":["e"],"removed":[""],"origin":"+input"}
2019-4-4 19:43:32.726#change#{"from":{"line":8,"ch":14,"sticky":null},"to":{"line":8,"ch":14,"sticky":null},"text":["m"],"removed":[""],"origin":"+input"}
2019-4-4 19:43:32.880#change#{"from":{"line":8,"ch":15,"sticky":null},"to":{"line":8,"ch":15,"sticky":null},"text":[" "],"removed":[""],"origin":"+input"}
2019-4-4 19:43:33.044#change#{"from":{"line":8,"ch":16,"sticky":null},"to":{"line":8,"ch":16,"sticky":null},"text":["s"],"removed":[""],"origin":"+input"}
2019-4-4 19:43:33.194#change#{"from":{"line":8,"ch":17,"sticky":null},"to":{"line":8,"ch":17,"sticky":null},"text":["o"],"removed":[""],"origin":"+input"}
2019-4-4 19:43:33.693#change#{"from":{"line":8,"ch":18,"sticky":null},"to":{"line":8,"ch":18,"sticky":null},"text":["l"],"removed":[""],"origin":"+input"}
2019-4-4 19:43:33.977#change#{"from":{"line":8,"ch":19,"sticky":null},"to":{"line":8,"ch":19,"sticky":null},"text":["u"],"removed":[""],"origin":"+input"}
2019-4-4 19:43:34.152#change#{"from":{"line":8,"ch":20,"sticky":null},"to":{"line":8,"ch":20,"sticky":null},"text":["c"],"removed":[""],"origin":"+input"}
2019-4-4 19:43:34.242#change#{"from":{"line":8,"ch":21,"sticky":null},"to":{"line":8,"ch":21,"sticky":null},"text":["a"],"removed":[""],"origin":"+input"}
2019-4-4 19:43:34.349#change#{"from":{"line":8,"ch":22,"sticky":null},"to":{"line":8,"ch":22,"sticky":null},"text":["o"],"removed":[""],"origin":"+input"}
2019-4-4 19:43:35.308#keyHandled#"Right"
2019-4-4 19:43:35.459#keyHandled#"Right"
2019-4-4 19:43:35.970#change#{"from":{"line":8,"ch":25,"sticky":"before"},"to":{"line":8,"ch":25,"sticky":"before"},"text":["",""],"removed":[""],"origin":"+input"}
2019-4-4 19:43:35.970#change#{"from":{"line":9,"ch":0,"sticky":null},"to":{"line":9,"ch":0,"sticky":null},"text":["\t"],"removed":[""],"origin":"+input"}
2019-4-4 19:43:35.970#keyHandled#"Enter"
2019-4-4 19:43:35.982#viewportChange#0
2019-4-4 19:43:37.661#change#{"from":{"line":9,"ch":0,"sticky":null},"to":{"line":9,"ch":0,"sticky":null},"text":["e"],"removed":[""],"origin":"+input"}
2019-4-4 19:43:37.810#change#{"from":{"line":9,"ch":1,"sticky":null},"to":{"line":9,"ch":1,"sticky":null},"text":["l"],"removed":[""],"origin":"+input"}
2019-4-4 19:43:37.926#change#{"from":{"line":9,"ch":2,"sticky":null},"to":{"line":9,"ch":2,"sticky":null},"text":["s"],"removed":[""],"origin":"+input"}
2019-4-4 19:43:38.272#change#{"from":{"line":9,"ch":3,"sticky":null},"to":{"line":9,"ch":3,"sticky":null},"text":["e"],"removed":[""],"origin":"+input"}
2019-4-4 19:43:39.395#change#{"from":{"line":9,"ch":4,"sticky":null},"to":{"line":9,"ch":4,"sticky":null},"text":[":"],"removed":[""],"origin":"+input"}
2019-4-4 19:43:39.550#change#{"from":{"line":9,"ch":5,"sticky":null},"to":{"line":9,"ch":5,"sticky":null},"text":[" "],"removed":[""],"origin":"+input"}
2019-4-4 19:43:40.215#change#{"from":{"line":9,"ch":5,"sticky":"after"},"to":{"line":9,"ch":6,"sticky":null},"text":[""],"removed":[" "],"origin":"+delete"}
2019-4-4 19:43:40.215#keyHandled#"Backspace"
2019-4-4 19:43:40.531#change#{"from":{"line":9,"ch":5,"sticky":null},"to":{"line":9,"ch":5,"sticky":null},"text":["",""],"removed":[""],"origin":"+input"}
2019-4-4 19:43:40.531#change#{"from":{"line":10,"ch":0,"sticky":null},"to":{"line":10,"ch":0,"sticky":null},"text":["\t"],"removed":[""],"origin":"+input"}
2019-4-4 19:43:40.531#keyHandled#"Enter"
2019-4-4 19:43:40.537#viewportChange#0
2019-4-4 19:43:42.329#change#{"from":{"line":10,"ch":1,"sticky":null},"to":{"line":10,"ch":1,"sticky":null},"text":["x"],"removed":[""],"origin":"+input"}
2019-4-4 19:43:43.659#change#{"from":{"line":10,"ch":2,"sticky":null},"to":{"line":10,"ch":2,"sticky":null},"text":[" "],"removed":[""],"origin":"+input"}
2019-4-4 19:43:43.822#change#{"from":{"line":10,"ch":3,"sticky":null},"to":{"line":10,"ch":3,"sticky":null},"text":["="],"removed":[""],"origin":"+input"}
2019-4-4 19:43:43.954#change#{"from":{"line":10,"ch":4,"sticky":null},"to":{"line":10,"ch":4,"sticky":null},"text":[" "],"removed":[""],"origin":"+input"}
2019-4-4 19:43:46.115#change#{"from":{"line":10,"ch":5,"sticky":null},"to":{"line":10,"ch":5,"sticky":null},"text":["()"],"removed":[""],"origin":"+input"}
2019-4-4 19:43:46.115#keyHandled#"'('"
2019-4-4 19:43:50.065#change#{"from":{"line":10,"ch":7,"sticky":null},"to":{"line":10,"ch":7,"sticky":null},"text":["*"],"removed":[""],"origin":"+input"}
2019-4-4 19:43:50.332#change#{"from":{"line":10,"ch":8,"sticky":null},"to":{"line":10,"ch":8,"sticky":null},"text":["E"],"removed":[""],"origin":"+input"}
2019-4-4 19:43:51.206#change#{"from":{"line":10,"ch":8,"sticky":"after"},"to":{"line":10,"ch":9,"sticky":null},"text":[""],"removed":["E"],"origin":"+delete"}
2019-4-4 19:43:51.206#keyHandled#"Backspace"
2019-4-4 19:43:51.435#change#{"from":{"line":10,"ch":8,"sticky":null},"to":{"line":10,"ch":8,"sticky":null},"text":["e"],"removed":[""],"origin":"+input"}
2019-4-4 19:43:52.383#change#{"from":{"line":10,"ch":9,"sticky":null},"to":{"line":10,"ch":9,"sticky":null},"text":[" "],"removed":[""],"origin":"+input"}
2019-4-4 19:43:52.587#change#{"from":{"line":10,"ch":10,"sticky":null},"to":{"line":10,"ch":10,"sticky":null},"text":["-"],"removed":[""],"origin":"+input"}
2019-4-4 19:43:52.832#change#{"from":{"line":10,"ch":11,"sticky":null},"to":{"line":10,"ch":11,"sticky":null},"text":[" "],"removed":[""],"origin":"+input"}
2019-4-4 19:43:54.115#change#{"from":{"line":10,"ch":12,"sticky":null},"to":{"line":10,"ch":12,"sticky":null},"text":["b"],"removed":[""],"origin":"+input"}
2019-4-4 19:43:54.594#change#{"from":{"line":10,"ch":13,"sticky":null},"to":{"line":10,"ch":13,"sticky":null},"text":["*"],"removed":[""],"origin":"+input"}
2019-4-4 19:43:55.957#change#{"from":{"line":10,"ch":14,"sticky":null},"to":{"line":10,"ch":14,"sticky":null},"text":["f"],"removed":[""],"origin":"+input"}
2019-4-4 19:43:56.660#keyHandled#"Right"
2019-4-4 19:44:05.129#change#{"from":{"line":10,"ch":16,"sticky":"before"},"to":{"line":10,"ch":16,"sticky":"before"},"text":["/"],"removed":[""],"origin":"+input"}
2019-4-4 19:44:06.016#change#{"from":{"line":10,"ch":17,"sticky":null},"to":{"line":10,"ch":17,"sticky":null},"text":["z"],"removed":[""],"origin":"+input"}
2019-4-4 19:44:06.604#change#{"from":{"line":10,"ch":18,"sticky":null},"to":{"line":10,"ch":18,"sticky":null},"text":["1"],"removed":[""],"origin":"+input"}
2019-4-4 19:44:08.141#mousedown#{"isTrusted":true}
2019-4-4 19:44:09.289#change#{"from":{"line":6,"ch":6,"sticky":"before","xRel":-3.90625},"to":{"line":6,"ch":6,"sticky":"before","xRel":-3.90625},"text":["*"],"removed":[""],"origin":"+input"}
2019-4-4 19:44:09.849#keyHandled#"Right"
2019-4-4 19:44:10.003#keyHandled#"Right"
2019-4-4 19:44:10.130#keyHandled#"Right"
2019-4-4 19:44:10.264#keyHandled#"Right"
2019-4-4 19:44:10.409#keyHandled#"Right"
2019-4-4 19:44:11.292#change#{"from":{"line":6,"ch":12,"sticky":"before"},"to":{"line":6,"ch":12,"sticky":"before"},"text":["*"],"removed":[""],"origin":"+input"}
2019-4-4 19:44:12.586#mousedown#{"isTrusted":true}
2019-4-4 19:44:14.739#change#{"from":{"line":10,"ch":19,"sticky":"before","xRel":30.59375},"to":{"line":10,"ch":19,"sticky":"before","xRel":30.59375},"text":["",""],"removed":[""],"origin":"+input"}
2019-4-4 19:44:14.740#change#{"from":{"line":11,"ch":0,"sticky":null},"to":{"line":11,"ch":0,"sticky":null},"text":["\t"],"removed":[""],"origin":"+input"}
2019-4-4 19:44:14.740#keyHandled#"Enter"
2019-4-4 19:44:14.745#viewportChange#0
2019-4-4 19:44:15.702#change#{"from":{"line":11,"ch":1,"sticky":null},"to":{"line":11,"ch":1,"sticky":null},"text":["y"],"removed":[""],"origin":"+input"}
2019-4-4 19:44:16.256#change#{"from":{"line":11,"ch":2,"sticky":null},"to":{"line":11,"ch":2,"sticky":null},"text":[" "],"removed":[""],"origin":"+input"}
2019-4-4 19:44:16.424#change#{"from":{"line":11,"ch":3,"sticky":null},"to":{"line":11,"ch":3,"sticky":null},"text":["="],"removed":[""],"origin":"+input"}
2019-4-4 19:44:16.525#change#{"from":{"line":11,"ch":4,"sticky":null},"to":{"line":11,"ch":4,"sticky":null},"text":[" "],"removed":[""],"origin":"+input"}
2019-4-4 19:44:18.427#change#{"from":{"line":11,"ch":5,"sticky":null},"to":{"line":11,"ch":5,"sticky":null},"text":["a"],"removed":[""],"origin":"+input"}
2019-4-4 19:44:18.844#change#{"from":{"line":11,"ch":6,"sticky":null},"to":{"line":11,"ch":6,"sticky":null},"text":["f"],"removed":[""],"origin":"+input"}
2019-4-4 19:44:19.434#change#{"from":{"line":11,"ch":6,"sticky":"after"},"to":{"line":11,"ch":7,"sticky":null},"text":[""],"removed":["f"],"origin":"+delete"}
2019-4-4 19:44:19.435#keyHandled#"Backspace"
2019-4-4 19:44:19.917#change#{"from":{"line":11,"ch":5,"sticky":"after"},"to":{"line":11,"ch":6,"sticky":null},"text":[""],"removed":["a"],"origin":"+delete"}
2019-4-4 19:44:19.917#keyHandled#"Backspace"
2019-4-4 19:44:20.834#change#{"from":{"line":11,"ch":5,"sticky":null},"to":{"line":11,"ch":5,"sticky":null},"text":["()"],"removed":[""],"origin":"+input"}
2019-4-4 19:44:20.834#keyHandled#"'('"
2019-4-4 19:44:21.375#change#{"from":{"line":11,"ch":6,"sticky":"after"},"to":{"line":11,"ch":6,"sticky":"after"},"text":["a"],"removed":[""],"origin":"+input"}
2019-4-4 19:44:22.579#change#{"from":{"line":11,"ch":7,"sticky":null},"to":{"line":11,"ch":7,"sticky":null},"text":["*"],"removed":[""],"origin":"+input"}
2019-4-4 19:44:22.976#change#{"from":{"line":11,"ch":8,"sticky":null},"to":{"line":11,"ch":8,"sticky":null},"text":["f"],"removed":[""],"origin":"+input"}
2019-4-4 19:44:23.716#change#{"from":{"line":11,"ch":9,"sticky":null},"to":{"line":11,"ch":9,"sticky":null},"text":[" "],"removed":[""],"origin":"+input"}
2019-4-4 19:44:24.199#change#{"from":{"line":11,"ch":10,"sticky":null},"to":{"line":11,"ch":10,"sticky":null},"text":["0"],"removed":[""],"origin":"+input"}
2019-4-4 19:44:24.453#change#{"from":{"line":11,"ch":11,"sticky":null},"to":{"line":11,"ch":11,"sticky":null},"text":[" "],"removed":[""],"origin":"+input"}
2019-4-4 19:44:25.286#change#{"from":{"line":11,"ch":11,"sticky":"after"},"to":{"line":11,"ch":12,"sticky":null},"text":[""],"removed":[" "],"origin":"+delete"}
2019-4-4 19:44:25.286#keyHandled#"Backspace"
2019-4-4 19:44:25.436#change#{"from":{"line":11,"ch":10,"sticky":"after"},"to":{"line":11,"ch":11,"sticky":null},"text":[""],"removed":["0"],"origin":"+delete"}
2019-4-4 19:44:25.436#keyHandled#"Backspace"
2019-4-4 19:44:25.753#change#{"from":{"line":11,"ch":10,"sticky":null},"to":{"line":11,"ch":10,"sticky":null},"text":[" "],"removed":[""],"origin":"+input"}
2019-4-4 19:44:26.722#change#{"from":{"line":11,"ch":10,"sticky":"after"},"to":{"line":11,"ch":11,"sticky":null},"text":[""],"removed":[" "],"origin":"+delete"}
2019-4-4 19:44:26.723#keyHandled#"Backspace"
2019-4-4 19:44:26.932#change#{"from":{"line":11,"ch":10,"sticky":null},"to":{"line":11,"ch":10,"sticky":null},"text":["-"],"removed":[""],"origin":"+input"}
2019-4-4 19:44:27.125#change#{"from":{"line":11,"ch":11,"sticky":null},"to":{"line":11,"ch":11,"sticky":null},"text":[" "],"removed":[""],"origin":"+input"}
2019-4-4 19:44:27.924#change#{"from":{"line":11,"ch":12,"sticky":null},"to":{"line":11,"ch":12,"sticky":null},"text":["c"],"removed":[""],"origin":"+input"}
2019-4-4 19:44:28.576#change#{"from":{"line":11,"ch":13,"sticky":null},"to":{"line":11,"ch":13,"sticky":null},"text":["*"],"removed":[""],"origin":"+input"}
2019-4-4 19:44:29.533#change#{"from":{"line":11,"ch":14,"sticky":null},"to":{"line":11,"ch":14,"sticky":null},"text":["d"],"removed":[""],"origin":"+input"}
2019-4-4 19:44:30.330#keyHandled#"Right"
2019-4-4 19:44:31.625#change#{"from":{"line":11,"ch":16,"sticky":"before"},"to":{"line":11,"ch":16,"sticky":"before"},"text":["q"],"removed":[""],"origin":"+input"}
2019-4-4 19:44:31.803#contextmenu#{"isTrusted":true}
2019-4-4 19:44:34.656#mousedown#{"isTrusted":true}
2019-4-4 19:44:35.632#change#{"from":{"line":11,"ch":16,"sticky":"after"},"to":{"line":11,"ch":17,"sticky":"before","xRel":58.984375},"text":[""],"removed":["q"],"origin":"+delete"}
2019-4-4 19:44:35.632#keyHandled#"Backspace"
2019-4-4 19:44:39.538#change#{"from":{"line":11,"ch":16,"sticky":null},"to":{"line":11,"ch":16,"sticky":null},"text":["/"],"removed":[""],"origin":"+input"}
2019-4-4 19:44:40.849#change#{"from":{"line":11,"ch":17,"sticky":null},"to":{"line":11,"ch":17,"sticky":null},"text":["z"],"removed":[""],"origin":"+input"}
2019-4-4 19:44:41.165#change#{"from":{"line":11,"ch":18,"sticky":null},"to":{"line":11,"ch":18,"sticky":null},"text":["2"],"removed":[""],"origin":"+input"}
2019-4-4 19:44:41.791#change#{"from":{"line":11,"ch":18,"sticky":"after"},"to":{"line":11,"ch":19,"sticky":null},"text":[""],"removed":["2"],"origin":"+delete"}
2019-4-4 19:44:41.791#keyHandled#"Backspace"
2019-4-4 19:44:42.746#change#{"from":{"line":11,"ch":18,"sticky":null},"to":{"line":11,"ch":18,"sticky":null},"text":["1"],"removed":[""],"origin":"+input"}
2019-4-4 19:44:43.747#change#{"from":{"line":11,"ch":19,"sticky":null},"to":{"line":11,"ch":19,"sticky":null},"text":["",""],"removed":[""],"origin":"+input"}
2019-4-4 19:44:43.748#change#{"from":{"line":12,"ch":0,"sticky":null},"to":{"line":12,"ch":0,"sticky":null},"text":["\t"],"removed":[""],"origin":"+input"}
2019-4-4 19:44:43.748#keyHandled#"Enter"
2019-4-4 19:44:43.758#viewportChange#0
2019-4-4 19:44:44.795#change#{"from":{"line":12,"ch":1,"sticky":null},"to":{"line":12,"ch":1,"sticky":null},"text":["p"],"removed":[""],"origin":"+input"}
2019-4-4 19:44:44.948#change#{"from":{"line":12,"ch":2,"sticky":null},"to":{"line":12,"ch":2,"sticky":null},"text":["r"],"removed":[""],"origin":"+input"}
2019-4-4 19:44:45.086#change#{"from":{"line":12,"ch":3,"sticky":null},"to":{"line":12,"ch":3,"sticky":null},"text":["i"],"removed":[""],"origin":"+input"}
2019-4-4 19:44:45.249#change#{"from":{"line":12,"ch":4,"sticky":null},"to":{"line":12,"ch":4,"sticky":null},"text":["n"],"removed":[""],"origin":"+input"}
2019-4-4 19:44:45.356#change#{"from":{"line":12,"ch":5,"sticky":null},"to":{"line":12,"ch":5,"sticky":null},"text":["t"],"removed":[""],"origin":"+input"}
2019-4-4 19:44:53.426#change#{"from":{"line":12,"ch":6,"sticky":null},"to":{"line":12,"ch":6,"sticky":null},"text":["()"],"removed":[""],"origin":"+input"}
2019-4-4 19:44:53.426#keyHandled#"'('"
2019-4-4 19:44:54.186#change#{"from":{"line":12,"ch":7,"sticky":"after"},"to":{"line":12,"ch":7,"sticky":"after"},"text":["x"],"removed":[""],"origin":"+input"}
2019-4-4 19:44:55.724#change#{"from":{"line":12,"ch":8,"sticky":null},"to":{"line":12,"ch":8,"sticky":null},"text":[","],"removed":[""],"origin":"+input"}
2019-4-4 19:44:56.187#change#{"from":{"line":12,"ch":9,"sticky":null},"to":{"line":12,"ch":9,"sticky":null},"text":[" "],"removed":[""],"origin":"+input"}
2019-4-4 19:44:59.300#change#{"from":{"line":12,"ch":10,"sticky":"after"},"to":{"line":12,"ch":11,"sticky":null},"text":[""],"removed":["y"],"origin":"+delete"}
2019-4-4 19:44:59.300#keyHandled#"Backspace"
2019-4-4 19:44:59.644#change#{"from":{"line":12,"ch":9,"sticky":"after"},"to":{"line":12,"ch":10,"sticky":null},"text":[""],"removed":[" "],"origin":"+delete"}
2019-4-4 19:44:59.645#keyHandled#"Backspace"
2019-4-4 19:45:00.090#change#{"from":{"line":12,"ch":8,"sticky":"after"},"to":{"line":12,"ch":9,"sticky":null},"text":[""],"removed":[","],"origin":"+delete"}
2019-4-4 19:45:00.090#keyHandled#"Backspace"
2019-4-4 19:45:00.732#keyHandled#"Right"
2019-4-4 19:45:01.093#change#{"from":{"line":12,"ch":9,"sticky":"before"},"to":{"line":12,"ch":9,"sticky":"before"},"text":["",""],"removed":[""],"origin":"+input"}
2019-4-4 19:45:01.093#change#{"from":{"line":13,"ch":0,"sticky":null},"to":{"line":13,"ch":0,"sticky":null},"text":["\t"],"removed":[""],"origin":"+input"}
2019-4-4 19:45:01.093#keyHandled#"Enter"
2019-4-4 19:45:01.098#viewportChange#0
2019-4-4 19:45:01.720#change#{"from":{"line":13,"ch":1,"sticky":null},"to":{"line":13,"ch":1,"sticky":null},"text":["p"],"removed":[""],"origin":"+input"}
2019-4-4 19:45:01.896#change#{"from":{"line":13,"ch":2,"sticky":null},"to":{"line":13,"ch":2,"sticky":null},"text":["r"],"removed":[""],"origin":"+input"}
2019-4-4 19:45:02.024#change#{"from":{"line":13,"ch":3,"sticky":null},"to":{"line":13,"ch":3,"sticky":null},"text":["i"],"removed":[""],"origin":"+input"}
2019-4-4 19:45:02.157#change#{"from":{"line":13,"ch":4,"sticky":null},"to":{"line":13,"ch":4,"sticky":null},"text":["n"],"removed":[""],"origin":"+input"}
2019-4-4 19:45:02.263#change#{"from":{"line":13,"ch":5,"sticky":null},"to":{"line":13,"ch":5,"sticky":null},"text":["t"],"removed":[""],"origin":"+input"}
2019-4-4 19:45:03.116#change#{"from":{"line":13,"ch":6,"sticky":null},"to":{"line":13,"ch":6,"sticky":null},"text":["()"],"removed":[""],"origin":"+input"}
2019-4-4 19:45:03.116#keyHandled#"'('"
2019-4-4 19:45:04.083#change#{"from":{"line":13,"ch":7,"sticky":"after"},"to":{"line":13,"ch":7,"sticky":"after"},"text":["y"],"removed":[""],"origin":"+input"}
2019-4-4 19:45:04.083#change#{"from":{"line":13,"ch":7,"sticky":"after"},"to":{"line":13,"ch":7,"sticky":"after"},"text":["y"],"removed":[""],"origin":"+input"}
2019-4-4 19:45:05.788#blur#
2019-4-4 19:45:07.166#saida_testar#$ python3 main.py
2019-4-9 10:24:12.039#viewportChange#0
2019-4-9 10:24:12.039#viewportChange#0
2019-4-9 10:24:14.949#submit#Congratulations, your code is correct!
2019-4-9 10:24:14.949#submit#Congratulations, your code is correct!
2019-4-9 10:24:43.407#submit#Congratulations, your code is correct!
