== TEST (2019-04-27 09:35:12) 
-- CODE:
# Digite o numero de horas extras:
HE = float(input("Digite o numero de horas extras: "))
NT = float(input("Digite o numero de horas não trabalhadas: "))

#Calculo do indice H:
H = HE - (0.25*NT)
print(H)

-- OUTPUT:
415.0
*-*-*-*-*-*-*-*-*-*-*-*-*-*-*-*-*-*-*-*-*-*-*-*
== TEST (2019-04-27 09:35:51) 
-- CODE:
# Digite o numero de horas extras:
HE = float(input("Digite o numero de horas extras: "))
NT = float(input("Digite o numero de horas nao trabalhadas: "))

#Calculo do indice H:
H = HE - (0.25*NT)
print(H)

-- OUTPUT:
415.0
*-*-*-*-*-*-*-*-*-*-*-*-*-*-*-*-*-*-*-*-*-*-*-*
== TEST (2019-04-27 09:38:32) 
-- CODE:
# Digite o numero de horas extras:
HE = float(input("Digite o numero de horas extras: "))
NT = float(input("Digite o numero de horas nao trabalhadas: "))

#Calculo do indice H:
H = HE - (0.25*NT)
print(HE, "extras e",NT, "de falta")

-- OUTPUT:
420.0 extras e 20.0 de falta
*-*-*-*-*-*-*-*-*-*-*-*-*-*-*-*-*-*-*-*-*-*-*-*
== TEST (2019-04-27 09:41:31) 
-- CODE:
# Digite o numero de horas extras:
HE = float(input("Digite o numero de horas extras: "))
NT = float(input("Digite o numero de horas nao trabalhadas: "))

#Calculo do indice H:
H = HE - (0.25*NT)
print(HE, "extras e",NT, "de falta")

if(H > 400):
	print("R$", round(500, 2))
elif(H <= 400):
	print("R$", round(100, 2))
	

-- OUTPUT:
420.0 extras e 20.0 de falta
R$ 500
*-*-*-*-*-*-*-*-*-*-*-*-*-*-*-*-*-*-*-*-*-*-*-*
== TEST (2019-04-27 09:42:15) 
-- CODE:
# Digite o numero de horas extras:
HE = float(input("Digite o numero de horas extras: "))
NT = float(input("Digite o numero de horas nao trabalhadas: "))

#Calculo do indice H:
H = HE - (0.25*NT)
print(HE, "extras e",NT, "de falta")

if(H > 400):
	print("R$", round(500.00, 2))
elif(H <= 400):
	print("R$", round(100.00, 2))
	

-- OUTPUT:
420.0 extras e 20.0 de falta
R$ 500.0
*-*-*-*-*-*-*-*-*-*-*-*-*-*-*-*-*-*-*-*-*-*-*-*
== TEST (2019-04-27 09:42:50) 
-- CODE:
# Digite o numero de horas extras:
HE = float(input("Digite o numero de horas extras: "))
NT = float(input("Digite o numero de horas nao trabalhadas: "))

#Calculo do indice H:
H = HE - (0.25*NT)
print(HE, "extras e",NT, "de falta")

if(H > 400):
	print("R$", round(500.275, 2))
elif(H <= 400):
	print("R$", round(100.00, 2))
	

-- OUTPUT:
420.0 extras e 20.0 de falta
R$ 500.27
*-*-*-*-*-*-*-*-*-*-*-*-*-*-*-*-*-*-*-*-*-*-*-*
== TEST (2019-04-27 09:43:04) 
-- CODE:
# Digite o numero de horas extras:
HE = float(input("Digite o numero de horas extras: "))
NT = float(input("Digite o numero de horas nao trabalhadas: "))

#Calculo do indice H:
H = HE - (0.25*NT)
print(HE, "extras e",NT, "de falta")

if(H > 400):
	print("R$", round(500.275, 2))
elif(H <= 400):
	print("R$", round(100.00, 2))
	

-- OUTPUT:
420.0 extras e 20.0 de falta
R$ 500.27
*-*-*-*-*-*-*-*-*-*-*-*-*-*-*-*-*-*-*-*-*-*-*-*
== SUBMITION (2019-04-27 09:43:30) 
-- CODE:
# Digite o numero de horas extras:
HE = float(input("Digite o numero de horas extras: "))
NT = float(input("Digite o numero de horas nao trabalhadas: "))

#Calculo do indice H:
H = HE - (0.25*NT)
print(HE, "extras e",NT, "de falta")

if(H > 400):
	print("R$", round(500.00, 2))
elif(H <= 400):
	print("R$", round(100.00, 2))
	

-- EXECUTION TIME:
0.126867
-- TEST CASE 1:
---- input:
420
20
---- correct output:
420.0 extras e 20.0 de falta
R$ 500.0
---- user output:
420.0 extras e 20.0 de falta
R$ 500.0
-- TEST CASE 2:
---- input:
400.5
100
---- correct output:
400.5 extras e 100.0 de falta
R$ 100.0
---- user output:
400.5 extras e 100.0 de falta
R$ 100.0
-- TEST CASE 3:
---- input:
300
44
---- correct output:
300.0 extras e 44.0 de falta
R$ 100.0
---- user output:
300.0 extras e 44.0 de falta
R$ 100.0
-- GRADE:
100%
*-*-*-*-*-*-*-*-*-*-*-*-*-*-*-*-*-*-*-*-*-*-*-*
