2019-3-12 19:14:22.225#viewportChange#0
2019-3-12 19:14:33.524#mousedown#{"isTrusted":true}
2019-3-12 19:14:33.529#focus#
2019-3-12 19:14:34.404#change#{"from":{"line":0,"ch":0,"sticky":null},"to":{"line":0,"ch":0,"sticky":null},"text":["p"],"removed":[""],"origin":"+input"}
2019-3-12 19:14:34.654#change#{"from":{"line":0,"ch":1,"sticky":null},"to":{"line":0,"ch":1,"sticky":null},"text":["r"],"removed":[""],"origin":"+input"}
2019-3-12 19:14:34.746#change#{"from":{"line":0,"ch":2,"sticky":null},"to":{"line":0,"ch":2,"sticky":null},"text":["i"],"removed":[""],"origin":"+input"}
2019-3-12 19:14:35.029#change#{"from":{"line":0,"ch":3,"sticky":null},"to":{"line":0,"ch":3,"sticky":null},"text":["n"],"removed":[""],"origin":"+input"}
2019-3-12 19:14:35.226#change#{"from":{"line":0,"ch":4,"sticky":null},"to":{"line":0,"ch":4,"sticky":null},"text":["t"],"removed":[""],"origin":"+input"}
2019-3-12 19:14:36.739#change#{"from":{"line":0,"ch":5,"sticky":null},"to":{"line":0,"ch":5,"sticky":null},"text":["()"],"removed":[""],"origin":"+input"}
2019-3-12 19:14:36.741#keyHandled#"'('"
2019-3-12 19:14:39.819#change#{"from":{"line":0,"ch":6,"sticky":"after"},"to":{"line":0,"ch":6,"sticky":"after"},"text":["\"\""],"removed":[""],"origin":"+input"}
2019-3-12 19:14:39.819#keyHandled#"'\"'"
2019-3-12 19:14:40.382#change#{"from":{"line":0,"ch":7,"sticky":"after"},"to":{"line":0,"ch":7,"sticky":"after"},"text":["A"],"removed":[""],"origin":"+input"}
2019-3-12 19:14:41.611#change#{"from":{"line":0,"ch":8,"sticky":null},"to":{"line":0,"ch":8,"sticky":null},"text":[" "],"removed":[""],"origin":"+input"}
2019-3-12 19:14:42.353#change#{"from":{"line":0,"ch":9,"sticky":null},"to":{"line":0,"ch":9,"sticky":null},"text":["U"],"removed":[""],"origin":"+input"}
2019-3-12 19:14:43.327#change#{"from":{"line":0,"ch":11,"sticky":null},"to":{"line":0,"ch":11,"sticky":null},"text":["A"],"removed":[""],"origin":"+input"}
2019-3-12 19:14:43.583#change#{"from":{"line":0,"ch":12,"sticky":null},"to":{"line":0,"ch":12,"sticky":null},"text":["M"],"removed":[""],"origin":"+input"}
2019-3-12 19:14:44.036#change#{"from":{"line":0,"ch":13,"sticky":null},"to":{"line":0,"ch":13,"sticky":null},"text":[" "],"removed":[""],"origin":"+input"}
2019-3-12 19:14:44.359#change#{"from":{"line":0,"ch":14,"sticky":null},"to":{"line":0,"ch":14,"sticky":null},"text":["t"],"removed":[""],"origin":"+input"}
2019-3-12 19:14:44.701#change#{"from":{"line":0,"ch":15,"sticky":null},"to":{"line":0,"ch":15,"sticky":null},"text":["e"],"removed":[""],"origin":"+input"}
2019-3-12 19:14:44.803#change#{"from":{"line":0,"ch":16,"sticky":null},"to":{"line":0,"ch":16,"sticky":null},"text":["m"],"removed":[""],"origin":"+input"}
2019-3-12 19:14:47.371#keyHandled#"Right"
2019-3-12 19:14:49.064#change#{"from":{"line":0,"ch":18,"sticky":"before"},"to":{"line":0,"ch":18,"sticky":"before"},"text":[","],"removed":[""],"origin":"+input"}
2019-3-12 19:14:51.794#change#{"from":{"line":0,"ch":19,"sticky":null},"to":{"line":0,"ch":19,"sticky":null},"text":[" "],"removed":[""],"origin":"+input"}
2019-3-12 19:14:54.488#change#{"from":{"line":0,"ch":19,"sticky":null},"to":{"line":0,"ch":19,"sticky":null},"text":[" "],"removed":[""],"origin":"+input"}
2019-3-12 19:14:55.017#change#{"from":{"line":0,"ch":20,"sticky":null},"to":{"line":0,"ch":20,"sticky":null},"text":["2"],"removed":[""],"origin":"+input"}
2019-3-12 19:14:55.312#change#{"from":{"line":0,"ch":21,"sticky":null},"to":{"line":0,"ch":21,"sticky":null},"text":["0"],"removed":[""],"origin":"+input"}
2019-3-12 19:14:55.610#change#{"from":{"line":0,"ch":22,"sticky":null},"to":{"line":0,"ch":22,"sticky":null},"text":["1"],"removed":[""],"origin":"+input"}
2019-3-12 19:14:56.129#change#{"from":{"line":0,"ch":23,"sticky":null},"to":{"line":0,"ch":23,"sticky":null},"text":["6"],"removed":[""],"origin":"+input"}
2019-3-12 19:14:56.437#change#{"from":{"line":0,"ch":24,"sticky":null},"to":{"line":0,"ch":24,"sticky":null},"text":["-"],"removed":[""],"origin":"+input"}
2019-3-12 19:14:57.354#change#{"from":{"line":0,"ch":25,"sticky":null},"to":{"line":0,"ch":25,"sticky":null},"text":["1"],"removed":[""],"origin":"+input"}
2019-3-12 19:14:58.411#change#{"from":{"line":0,"ch":26,"sticky":null},"to":{"line":0,"ch":26,"sticky":null},"text":["9"],"removed":[""],"origin":"+input"}
2019-3-12 19:14:58.574#change#{"from":{"line":0,"ch":27,"sticky":null},"to":{"line":0,"ch":27,"sticky":null},"text":["0"],"removed":[""],"origin":"+input"}
2019-3-12 19:14:59.062#change#{"from":{"line":0,"ch":28,"sticky":null},"to":{"line":0,"ch":28,"sticky":null},"text":["9"],"removed":[""],"origin":"+input"}
2019-3-12 19:15:00.914#change#{"from":{"line":0,"ch":29,"sticky":null},"to":{"line":0,"ch":29,"sticky":null},"text":[","],"removed":[""],"origin":"+input"}
2019-3-12 19:15:05.069#change#{"from":{"line":0,"ch":31,"sticky":"after"},"to":{"line":0,"ch":31,"sticky":"after"},"text":["a"],"removed":[""],"origin":"+input"}
2019-3-12 19:15:05.209#change#{"from":{"line":0,"ch":32,"sticky":null},"to":{"line":0,"ch":32,"sticky":null},"text":["n"],"removed":[""],"origin":"+input"}
2019-3-12 19:15:05.580#change#{"from":{"line":0,"ch":33,"sticky":null},"to":{"line":0,"ch":33,"sticky":null},"text":["o"],"removed":[""],"origin":"+input"}
2019-3-12 19:15:05.726#change#{"from":{"line":0,"ch":34,"sticky":null},"to":{"line":0,"ch":34,"sticky":null},"text":["s"],"removed":[""],"origin":"+input"}
2019-3-12 19:15:06.087#change#{"from":{"line":0,"ch":35,"sticky":null},"to":{"line":0,"ch":35,"sticky":null},"text":[" "],"removed":[""],"origin":"+input"}
2019-3-12 19:15:06.276#change#{"from":{"line":0,"ch":36,"sticky":null},"to":{"line":0,"ch":36,"sticky":null},"text":["d"],"removed":[""],"origin":"+input"}
2019-3-12 19:15:06.496#change#{"from":{"line":0,"ch":37,"sticky":null},"to":{"line":0,"ch":37,"sticky":null},"text":["e"],"removed":[""],"origin":"+input"}
2019-3-12 19:15:06.630#change#{"from":{"line":0,"ch":38,"sticky":null},"to":{"line":0,"ch":38,"sticky":null},"text":[" "],"removed":[""],"origin":"+input"}
2019-3-12 19:15:07.094#change#{"from":{"line":0,"ch":39,"sticky":null},"to":{"line":0,"ch":39,"sticky":null},"text":["f"],"removed":[""],"origin":"+input"}
2019-3-12 19:15:07.278#change#{"from":{"line":0,"ch":40,"sticky":null},"to":{"line":0,"ch":40,"sticky":null},"text":["u"],"removed":[""],"origin":"+input"}
2019-3-12 19:15:07.607#change#{"from":{"line":0,"ch":41,"sticky":null},"to":{"line":0,"ch":41,"sticky":null},"text":["n"],"removed":[""],"origin":"+input"}
2019-3-12 19:15:08.349#change#{"from":{"line":0,"ch":42,"sticky":null},"to":{"line":0,"ch":42,"sticky":null},"text":["d"],"removed":[""],"origin":"+input"}
2019-3-12 19:15:08.567#change#{"from":{"line":0,"ch":43,"sticky":null},"to":{"line":0,"ch":43,"sticky":null},"text":["a"],"removed":[""],"origin":"+input"}
2019-3-12 19:15:08.777#change#{"from":{"line":0,"ch":44,"sticky":null},"to":{"line":0,"ch":44,"sticky":null},"text":["c"],"removed":[""],"origin":"+input"}
2019-3-12 19:15:08.960#change#{"from":{"line":0,"ch":45,"sticky":null},"to":{"line":0,"ch":45,"sticky":null},"text":["a"],"removed":[""],"origin":"+input"}
2019-3-12 19:15:09.133#change#{"from":{"line":0,"ch":46,"sticky":null},"to":{"line":0,"ch":46,"sticky":null},"text":["o"],"removed":[""],"origin":"+input"}
2019-3-12 19:15:10.108#change#{"from":{"line":0,"ch":47,"sticky":null},"to":{"line":0,"ch":47,"sticky":null},"text":["."],"removed":[""],"origin":"+input"}
2019-3-12 19:15:11.882#blur#
2019-3-12 19:15:27.902#mousedown#{"isTrusted":true}
2019-3-12 19:15:27.905#focus#
