2019-4-30 11:31:02.131#viewportChange#0
2019-4-30 11:37:27.742#mousedown#{"isTrusted":true}
2019-4-30 11:37:27.763#focus#
2019-4-30 11:37:31.049#change#{"from":{"line":0,"ch":0,"sticky":"after","xRel":-4},"to":{"line":5,"ch":0,"sticky":"after","xRel":502.4000244140625},"text":[""],"removed":["# Teste todas as possibilidades de entradas 'H', 'h' e 'x'","# Se seu programa funciona para apenas um caso de tese, isso não quer dizer que ele vai funcionar para todos os outros","# Teste seu código aos poucos.","# Não teste tudo no final, pois fica mais difícil de identificar erros.","# Use as mensagens de erro para corrigir seu código.",""],"origin":"+delete"}
2019-4-30 11:37:31.049#keyHandled#"Backspace"
2019-4-30 11:37:31.076#viewportChange#0
2019-4-30 11:37:35.944#change#{"from":{"line":0,"ch":0,"sticky":null},"to":{"line":0,"ch":0,"sticky":null},"text":["# Teste todas as possibilidades de entradas 'H', 'h' e 'x'","# Se seu programa funciona para apenas um caso de tese, isso não quer dizer que ele vai funcionar para todos os outros","# Teste seu código aos poucos.","# Não teste tudo no final, pois fica mais difícil de identificar erros.","# Use as mensagens de erro para corrigir seu código.",""],"removed":[""],"origin":"undo"}
2019-4-30 11:37:35.944#keyHandled#"Ctrl-Z"
2019-4-30 11:37:35.984#viewportChange#0
2019-4-30 11:37:37.831#mousedown#{"isTrusted":true}
2019-4-30 11:37:38.166#mousedown#{"isTrusted":true}
2019-4-30 11:37:38.270#dblclick#{"isTrusted":true}
2019-4-30 11:37:38.350#mousedown#{"isTrusted":true}
2019-4-30 11:37:38.518#mousedown#{"isTrusted":true}
2019-4-30 11:37:38.710#mousedown#{"isTrusted":true}
2019-4-30 11:37:38.841#dblclick#{"isTrusted":true}
2019-4-30 11:37:38.878#mousedown#{"isTrusted":true}
2019-4-30 11:37:39.070#mousedown#{"isTrusted":true}
2019-4-30 11:37:39.254#mousedown#{"isTrusted":true}
2019-4-30 11:37:39.430#dblclick#{"isTrusted":true}
2019-4-30 11:37:39.486#mousedown#{"isTrusted":true}
2019-4-30 11:37:39.718#mousedown#{"isTrusted":true}
2019-4-30 11:37:40.078#mousedown#{"isTrusted":true}
2019-4-30 11:37:40.214#dblclick#{"isTrusted":true}
2019-4-30 11:37:40.334#mousedown#{"isTrusted":true}
2019-4-30 11:37:40.542#mousedown#{"isTrusted":true}
2019-4-30 11:37:40.750#mousedown#{"isTrusted":true}
2019-4-30 11:37:40.910#dblclick#{"isTrusted":true}
2019-4-30 11:37:53.816#mousedown#{"isTrusted":true}
2019-4-30 11:37:54.702#mousedown#{"isTrusted":true}
2019-4-30 11:37:54.894#mousedown#{"isTrusted":true}
2019-4-30 11:37:55.042#dblclick#{"isTrusted":true}
2019-4-30 11:37:57.519#mousedown#{"isTrusted":true}
2019-4-30 11:38:02.286#mousedown#{"isTrusted":true}
2019-4-30 11:38:05.023#mousedown#{"isTrusted":true}
2019-4-30 11:38:05.647#mousedown#{"isTrusted":true}
2019-4-30 11:38:05.887#mousedown#{"isTrusted":true}
2019-4-30 11:38:06.040#dblclick#{"isTrusted":true}
2019-4-30 11:38:06.103#mousedown#{"isTrusted":true}
2019-4-30 11:38:06.279#mousedown#{"isTrusted":true}
2019-4-30 11:38:06.495#mousedown#{"isTrusted":true}
2019-4-30 11:38:06.679#dblclick#{"isTrusted":true}
2019-4-30 11:38:06.735#mousedown#{"isTrusted":true}
2019-4-30 11:38:07.175#mousedown#{"isTrusted":true}
2019-4-30 11:38:07.399#mousedown#{"isTrusted":true}
2019-4-30 11:38:07.575#dblclick#{"isTrusted":true}
2019-4-30 11:38:09.863#mousedown#{"isTrusted":true}
2019-4-30 11:38:10.079#mousedown#{"isTrusted":true}
2019-4-30 11:38:10.223#dblclick#{"isTrusted":true}
2019-4-30 11:38:10.815#mousedown#{"isTrusted":true}
2019-4-30 11:38:11.047#mousedown#{"isTrusted":true}
2019-4-30 11:38:11.207#mousedown#{"isTrusted":true}
2019-4-30 11:38:11.375#dblclick#{"isTrusted":true}
2019-4-30 11:39:26.278#blur#
2019-4-30 11:39:32.801#mousedown#{"isTrusted":true}
2019-4-30 11:39:32.807#focus#
2019-4-30 11:39:36.550#change#{"from":{"line":0,"ch":0,"sticky":null},"to":{"line":0,"ch":0,"sticky":null},"text":["H"],"removed":[""],"origin":"+input"}
2019-4-30 11:39:37.425#change#{"from":{"line":0,"ch":1,"sticky":null},"to":{"line":0,"ch":1,"sticky":null},"text":[" "],"removed":[""],"origin":"+input"}
2019-4-30 11:39:37.615#change#{"from":{"line":0,"ch":2,"sticky":null},"to":{"line":0,"ch":2,"sticky":null},"text":["="],"removed":[""],"origin":"+input"}
2019-4-30 11:39:38.097#change#{"from":{"line":0,"ch":3,"sticky":null},"to":{"line":0,"ch":3,"sticky":null},"text":[" "],"removed":[""],"origin":"+input"}
2019-4-30 11:39:39.777#change#{"from":{"line":0,"ch":4,"sticky":null},"to":{"line":0,"ch":4,"sticky":null},"text":["f"],"removed":[""],"origin":"+input"}
2019-4-30 11:39:39.921#change#{"from":{"line":0,"ch":5,"sticky":null},"to":{"line":0,"ch":5,"sticky":null},"text":["l"],"removed":[""],"origin":"+input"}
2019-4-30 11:39:40.144#change#{"from":{"line":0,"ch":6,"sticky":null},"to":{"line":0,"ch":6,"sticky":null},"text":["o"],"removed":[""],"origin":"+input"}
2019-4-30 11:39:40.255#change#{"from":{"line":0,"ch":7,"sticky":null},"to":{"line":0,"ch":7,"sticky":null},"text":["a"],"removed":[""],"origin":"+input"}
2019-4-30 11:39:40.705#change#{"from":{"line":0,"ch":8,"sticky":null},"to":{"line":0,"ch":8,"sticky":null},"text":["t"],"removed":[""],"origin":"+input"}
2019-4-30 11:39:42.242#change#{"from":{"line":0,"ch":9,"sticky":null},"to":{"line":0,"ch":9,"sticky":null},"text":["()"],"removed":[""],"origin":"+input"}
2019-4-30 11:39:42.242#keyHandled#"'('"
2019-4-30 11:39:44.081#change#{"from":{"line":0,"ch":10,"sticky":"after"},"to":{"line":0,"ch":10,"sticky":"after"},"text":["I"],"removed":[""],"origin":"+input"}
2019-4-30 11:39:44.620#change#{"from":{"line":0,"ch":10,"sticky":"after"},"to":{"line":0,"ch":11,"sticky":null},"text":[""],"removed":["I"],"origin":"+delete"}
2019-4-30 11:39:44.620#keyHandled#"Backspace"
2019-4-30 11:39:45.058#change#{"from":{"line":0,"ch":10,"sticky":null},"to":{"line":0,"ch":10,"sticky":null},"text":["i"],"removed":[""],"origin":"+input"}
2019-4-30 11:39:45.455#change#{"from":{"line":0,"ch":11,"sticky":null},"to":{"line":0,"ch":11,"sticky":null},"text":["n"],"removed":[""],"origin":"+input"}
2019-4-30 11:39:45.615#change#{"from":{"line":0,"ch":12,"sticky":null},"to":{"line":0,"ch":12,"sticky":null},"text":["p"],"removed":[""],"origin":"+input"}
2019-4-30 11:39:45.919#change#{"from":{"line":0,"ch":13,"sticky":null},"to":{"line":0,"ch":13,"sticky":null},"text":["u"],"removed":[""],"origin":"+input"}
2019-4-30 11:39:46.271#change#{"from":{"line":0,"ch":14,"sticky":null},"to":{"line":0,"ch":14,"sticky":null},"text":["t"],"removed":[""],"origin":"+input"}
2019-4-30 11:39:47.137#change#{"from":{"line":0,"ch":15,"sticky":null},"to":{"line":0,"ch":15,"sticky":null},"text":["()"],"removed":[""],"origin":"+input"}
2019-4-30 11:39:47.137#keyHandled#"'('"
2019-4-30 11:39:47.507#change#{"from":{"line":0,"ch":16,"sticky":"after"},"to":{"line":0,"ch":16,"sticky":"after"},"text":["\"\""],"removed":[""],"origin":"+input"}
2019-4-30 11:39:47.507#keyHandled#"'\"'"
2019-4-30 11:39:52.624#change#{"from":{"line":0,"ch":17,"sticky":"after"},"to":{"line":0,"ch":17,"sticky":"after"},"text":["I"],"removed":[""],"origin":"+input"}
2019-4-30 11:39:53.010#change#{"from":{"line":0,"ch":18,"sticky":null},"to":{"line":0,"ch":18,"sticky":null},"text":["n"],"removed":[""],"origin":"+input"}
2019-4-30 11:39:53.568#change#{"from":{"line":0,"ch":19,"sticky":null},"to":{"line":0,"ch":19,"sticky":null},"text":["s"],"removed":[""],"origin":"+input"}
2019-4-30 11:39:54.540#change#{"from":{"line":0,"ch":19,"sticky":"after"},"to":{"line":0,"ch":20,"sticky":null},"text":[""],"removed":["s"],"origin":"+delete"}
2019-4-30 11:39:54.540#keyHandled#"Backspace"
2019-4-30 11:39:54.940#change#{"from":{"line":0,"ch":18,"sticky":"after"},"to":{"line":0,"ch":19,"sticky":null},"text":[""],"removed":["n"],"origin":"+delete"}
2019-4-30 11:39:54.940#keyHandled#"Backspace"
2019-4-30 11:39:56.107#change#{"from":{"line":0,"ch":17,"sticky":"after"},"to":{"line":0,"ch":18,"sticky":null},"text":[""],"removed":["I"],"origin":"+delete"}
2019-4-30 11:39:56.108#keyHandled#"Backspace"
2019-4-30 11:39:59.257#blur#
2019-4-30 11:41:14.461#focus#
2019-4-30 11:41:31.374#keyHandled#"Left"
2019-4-30 11:41:34.473#change#{"from":{"line":0,"ch":16,"sticky":"after"},"to":{"line":0,"ch":16,"sticky":"after"},"text":[" "],"removed":[""],"origin":"+input"}
2019-4-30 11:41:35.984#change#{"from":{"line":0,"ch":16,"sticky":"after"},"to":{"line":0,"ch":17,"sticky":null},"text":[""],"removed":[" "],"origin":"+delete"}
2019-4-30 11:41:35.984#keyHandled#"Backspace"
2019-4-30 11:41:36.677#keyHandled#"Right"
2019-4-30 11:41:42.886#change#{"from":{"line":0,"ch":17,"sticky":"before"},"to":{"line":0,"ch":17,"sticky":"before"},"text":["A"],"removed":[""],"origin":"+input"}
2019-4-30 11:41:43.735#change#{"from":{"line":0,"ch":18,"sticky":null},"to":{"line":0,"ch":18,"sticky":null},"text":["l"],"removed":[""],"origin":"+input"}
2019-4-30 11:41:44.134#change#{"from":{"line":0,"ch":19,"sticky":null},"to":{"line":0,"ch":19,"sticky":null},"text":["t"],"removed":[""],"origin":"+input"}
2019-4-30 11:41:44.197#change#{"from":{"line":0,"ch":20,"sticky":null},"to":{"line":0,"ch":20,"sticky":null},"text":["u"],"removed":[""],"origin":"+input"}
2019-4-30 11:41:44.373#change#{"from":{"line":0,"ch":21,"sticky":null},"to":{"line":0,"ch":21,"sticky":null},"text":["r"],"removed":[""],"origin":"+input"}
2019-4-30 11:41:44.679#change#{"from":{"line":0,"ch":22,"sticky":null},"to":{"line":0,"ch":22,"sticky":null},"text":["a"],"removed":[""],"origin":"+input"}
2019-4-30 11:41:44.870#change#{"from":{"line":0,"ch":23,"sticky":null},"to":{"line":0,"ch":23,"sticky":null},"text":[" "],"removed":[""],"origin":"+input"}
2019-4-30 11:41:45.092#change#{"from":{"line":0,"ch":24,"sticky":null},"to":{"line":0,"ch":24,"sticky":null},"text":["d"],"removed":[""],"origin":"+input"}
2019-4-30 11:41:45.256#change#{"from":{"line":0,"ch":25,"sticky":null},"to":{"line":0,"ch":25,"sticky":null},"text":["o"],"removed":[""],"origin":"+input"}
2019-4-30 11:41:45.444#change#{"from":{"line":0,"ch":26,"sticky":null},"to":{"line":0,"ch":26,"sticky":null},"text":[" "],"removed":[""],"origin":"+input"}
2019-4-30 11:41:45.666#change#{"from":{"line":0,"ch":27,"sticky":null},"to":{"line":0,"ch":27,"sticky":null},"text":["t"],"removed":[""],"origin":"+input"}
2019-4-30 11:41:46.067#change#{"from":{"line":0,"ch":28,"sticky":null},"to":{"line":0,"ch":28,"sticky":null},"text":["n"],"removed":[""],"origin":"+input"}
2019-4-30 11:41:46.703#change#{"from":{"line":0,"ch":28,"sticky":"after"},"to":{"line":0,"ch":29,"sticky":null},"text":[""],"removed":["n"],"origin":"+delete"}
2019-4-30 11:41:46.703#keyHandled#"Backspace"
2019-4-30 11:41:47.619#change#{"from":{"line":0,"ch":28,"sticky":null},"to":{"line":0,"ch":28,"sticky":null},"text":["a"],"removed":[""],"origin":"+input"}
2019-4-30 11:41:47.793#change#{"from":{"line":0,"ch":29,"sticky":null},"to":{"line":0,"ch":29,"sticky":null},"text":["n"],"removed":[""],"origin":"+input"}
2019-4-30 11:41:47.954#change#{"from":{"line":0,"ch":30,"sticky":null},"to":{"line":0,"ch":30,"sticky":null},"text":["q"],"removed":[""],"origin":"+input"}
2019-4-30 11:41:48.082#change#{"from":{"line":0,"ch":31,"sticky":null},"to":{"line":0,"ch":31,"sticky":null},"text":["u"],"removed":[""],"origin":"+input"}
2019-4-30 11:41:48.259#change#{"from":{"line":0,"ch":32,"sticky":null},"to":{"line":0,"ch":32,"sticky":null},"text":["e"],"removed":[""],"origin":"+input"}
2019-4-30 11:41:49.827#change#{"from":{"line":0,"ch":33,"sticky":null},"to":{"line":0,"ch":33,"sticky":null},"text":[":"],"removed":[""],"origin":"+input"}
2019-4-30 11:41:50.290#change#{"from":{"line":0,"ch":34,"sticky":null},"to":{"line":0,"ch":34,"sticky":null},"text":[" "],"removed":[""],"origin":"+input"}
2019-4-30 11:41:51.173#mousedown#{"isTrusted":true}
2019-4-30 11:41:51.758#mousedown#{"isTrusted":true}
2019-4-30 11:41:52.594#change#{"from":{"line":0,"ch":38,"sticky":null,"xRel":1,"outside":true},"to":{"line":0,"ch":38,"sticky":null,"xRel":1,"outside":true},"text":["",""],"removed":[""],"origin":"+input"}
2019-4-30 11:41:52.594#keyHandled#"Enter"
2019-4-30 11:41:52.611#viewportChange#0
2019-4-30 11:41:54.707#change#{"from":{"line":1,"ch":0,"sticky":null},"to":{"line":1,"ch":0,"sticky":null},"text":["h"],"removed":[""],"origin":"+input"}
2019-4-30 11:42:04.207#blur#
2019-4-30 11:42:11.461#mousedown#{"isTrusted":true}
2019-4-30 11:42:11.474#focus#
2019-4-30 11:42:12.884#change#{"from":{"line":1,"ch":1,"sticky":"before","xRel":229.4000244140625},"to":{"line":1,"ch":1,"sticky":"before","xRel":229.4000244140625},"text":[" "],"removed":[""],"origin":"+input"}
2019-4-30 11:42:12.995#change#{"from":{"line":1,"ch":2,"sticky":null},"to":{"line":1,"ch":2,"sticky":null},"text":["="],"removed":[""],"origin":"+input"}
2019-4-30 11:42:14.179#change#{"from":{"line":1,"ch":3,"sticky":null},"to":{"line":1,"ch":3,"sticky":null},"text":[" "],"removed":[""],"origin":"+input"}
2019-4-30 11:42:14.579#change#{"from":{"line":1,"ch":4,"sticky":null},"to":{"line":1,"ch":4,"sticky":null},"text":["f"],"removed":[""],"origin":"+input"}
2019-4-30 11:42:14.691#change#{"from":{"line":1,"ch":5,"sticky":null},"to":{"line":1,"ch":5,"sticky":null},"text":["l"],"removed":[""],"origin":"+input"}
2019-4-30 11:42:14.883#change#{"from":{"line":1,"ch":6,"sticky":null},"to":{"line":1,"ch":6,"sticky":null},"text":["o"],"removed":[""],"origin":"+input"}
2019-4-30 11:42:15.154#change#{"from":{"line":1,"ch":7,"sticky":null},"to":{"line":1,"ch":7,"sticky":null},"text":["a"],"removed":[""],"origin":"+input"}
2019-4-30 11:42:15.210#change#{"from":{"line":1,"ch":8,"sticky":null},"to":{"line":1,"ch":8,"sticky":null},"text":["t"],"removed":[""],"origin":"+input"}
2019-4-30 11:42:16.345#change#{"from":{"line":1,"ch":9,"sticky":null},"to":{"line":1,"ch":9,"sticky":null},"text":["()"],"removed":[""],"origin":"+input"}
2019-4-30 11:42:16.345#keyHandled#"'('"
2019-4-30 11:42:16.820#change#{"from":{"line":1,"ch":10,"sticky":"after"},"to":{"line":1,"ch":10,"sticky":"after"},"text":["i"],"removed":[""],"origin":"+input"}
2019-4-30 11:42:17.125#change#{"from":{"line":1,"ch":11,"sticky":null},"to":{"line":1,"ch":11,"sticky":null},"text":["n"],"removed":[""],"origin":"+input"}
2019-4-30 11:42:18.467#change#{"from":{"line":1,"ch":12,"sticky":null},"to":{"line":1,"ch":12,"sticky":null},"text":["p"],"removed":[""],"origin":"+input"}
2019-4-30 11:42:18.787#change#{"from":{"line":1,"ch":13,"sticky":null},"to":{"line":1,"ch":13,"sticky":null},"text":["u"],"removed":[""],"origin":"+input"}
2019-4-30 11:42:19.267#change#{"from":{"line":1,"ch":14,"sticky":null},"to":{"line":1,"ch":14,"sticky":null},"text":["t"],"removed":[""],"origin":"+input"}
2019-4-30 11:42:20.902#change#{"from":{"line":1,"ch":16,"sticky":"after"},"to":{"line":1,"ch":16,"sticky":"after"},"text":["\"\""],"removed":[""],"origin":"+input"}
2019-4-30 11:42:20.903#keyHandled#"'\"'"
2019-4-30 11:42:22.820#change#{"from":{"line":1,"ch":17,"sticky":"after"},"to":{"line":1,"ch":17,"sticky":"after"},"text":["n"],"removed":[""],"origin":"+input"}
2019-4-30 11:42:23.091#change#{"from":{"line":1,"ch":18,"sticky":null},"to":{"line":1,"ch":18,"sticky":null},"text":["i"],"removed":[""],"origin":"+input"}
2019-4-30 11:42:23.476#change#{"from":{"line":1,"ch":19,"sticky":null},"to":{"line":1,"ch":19,"sticky":null},"text":["v"],"removed":[""],"origin":"+input"}
2019-4-30 11:42:23.856#change#{"from":{"line":1,"ch":20,"sticky":null},"to":{"line":1,"ch":20,"sticky":null},"text":["e"],"removed":[""],"origin":"+input"}
2019-4-30 11:42:23.987#change#{"from":{"line":1,"ch":21,"sticky":null},"to":{"line":1,"ch":21,"sticky":null},"text":["l"],"removed":[""],"origin":"+input"}
2019-4-30 11:42:24.291#change#{"from":{"line":1,"ch":22,"sticky":null},"to":{"line":1,"ch":22,"sticky":null},"text":[" "],"removed":[""],"origin":"+input"}
2019-4-30 11:42:24.891#change#{"from":{"line":1,"ch":23,"sticky":null},"to":{"line":1,"ch":23,"sticky":null},"text":["d"],"removed":[""],"origin":"+input"}
2019-4-30 11:42:25.298#change#{"from":{"line":1,"ch":24,"sticky":null},"to":{"line":1,"ch":24,"sticky":null},"text":["e"],"removed":[""],"origin":"+input"}
2019-4-30 11:42:25.523#change#{"from":{"line":1,"ch":25,"sticky":null},"to":{"line":1,"ch":25,"sticky":null},"text":[" "],"removed":[""],"origin":"+input"}
2019-4-30 11:42:25.763#change#{"from":{"line":1,"ch":26,"sticky":null},"to":{"line":1,"ch":26,"sticky":null},"text":["c"],"removed":[""],"origin":"+input"}
2019-4-30 11:42:25.875#change#{"from":{"line":1,"ch":27,"sticky":null},"to":{"line":1,"ch":27,"sticky":null},"text":["o"],"removed":[""],"origin":"+input"}
2019-4-30 11:42:26.131#change#{"from":{"line":1,"ch":28,"sticky":null},"to":{"line":1,"ch":28,"sticky":null},"text":["m"],"removed":[""],"origin":"+input"}
2019-4-30 11:42:26.419#change#{"from":{"line":1,"ch":29,"sticky":null},"to":{"line":1,"ch":29,"sticky":null},"text":["b"],"removed":[""],"origin":"+input"}
2019-4-30 11:42:26.643#change#{"from":{"line":1,"ch":30,"sticky":null},"to":{"line":1,"ch":30,"sticky":null},"text":["u"],"removed":[""],"origin":"+input"}
2019-4-30 11:42:26.786#change#{"from":{"line":1,"ch":31,"sticky":null},"to":{"line":1,"ch":31,"sticky":null},"text":["s"],"removed":[""],"origin":"+input"}
2019-4-30 11:42:27.166#change#{"from":{"line":1,"ch":32,"sticky":null},"to":{"line":1,"ch":32,"sticky":null},"text":["t"],"removed":[""],"origin":"+input"}
2019-4-30 11:42:27.281#change#{"from":{"line":1,"ch":33,"sticky":null},"to":{"line":1,"ch":33,"sticky":null},"text":["i"],"removed":[""],"origin":"+input"}
2019-4-30 11:42:27.555#change#{"from":{"line":1,"ch":34,"sticky":null},"to":{"line":1,"ch":34,"sticky":null},"text":["v"],"removed":[""],"origin":"+input"}
2019-4-30 11:42:27.862#change#{"from":{"line":1,"ch":35,"sticky":null},"to":{"line":1,"ch":35,"sticky":null},"text":["e"],"removed":[""],"origin":"+input"}
2019-4-30 11:42:27.980#change#{"from":{"line":1,"ch":36,"sticky":null},"to":{"line":1,"ch":36,"sticky":null},"text":["l"],"removed":[""],"origin":"+input"}
2019-4-30 11:42:29.028#change#{"from":{"line":1,"ch":37,"sticky":null},"to":{"line":1,"ch":37,"sticky":null},"text":[":"],"removed":[""],"origin":"+input"}
2019-4-30 11:42:29.288#change#{"from":{"line":1,"ch":38,"sticky":null},"to":{"line":1,"ch":38,"sticky":null},"text":[" "],"removed":[""],"origin":"+input"}
2019-4-30 11:42:30.135#mousedown#{"isTrusted":true}
2019-4-30 11:42:31.688#change#{"from":{"line":1,"ch":42,"sticky":null,"xRel":1,"outside":true},"to":{"line":1,"ch":42,"sticky":null,"xRel":1,"outside":true},"text":["",""],"removed":[""],"origin":"+input"}
2019-4-30 11:42:31.688#keyHandled#"Enter"
2019-4-30 11:42:31.705#viewportChange#0
2019-4-30 11:42:32.387#change#{"from":{"line":2,"ch":0,"sticky":null},"to":{"line":2,"ch":0,"sticky":null},"text":["r"],"removed":[""],"origin":"+input"}
2019-4-30 11:42:33.971#change#{"from":{"line":2,"ch":1,"sticky":null},"to":{"line":2,"ch":1,"sticky":null},"text":[" "],"removed":[""],"origin":"+input"}
2019-4-30 11:42:34.099#change#{"from":{"line":2,"ch":2,"sticky":null},"to":{"line":2,"ch":2,"sticky":null},"text":["="],"removed":[""],"origin":"+input"}
2019-4-30 11:42:34.387#change#{"from":{"line":2,"ch":3,"sticky":null},"to":{"line":2,"ch":3,"sticky":null},"text":[" "],"removed":[""],"origin":"+input"}
2019-4-30 11:42:35.379#change#{"from":{"line":2,"ch":4,"sticky":null},"to":{"line":2,"ch":4,"sticky":null},"text":["f"],"removed":[""],"origin":"+input"}
2019-4-30 11:42:35.651#change#{"from":{"line":2,"ch":5,"sticky":null},"to":{"line":2,"ch":5,"sticky":null},"text":["l"],"removed":[""],"origin":"+input"}
2019-4-30 11:42:35.843#change#{"from":{"line":2,"ch":6,"sticky":null},"to":{"line":2,"ch":6,"sticky":null},"text":["o"],"removed":[""],"origin":"+input"}
2019-4-30 11:42:36.131#change#{"from":{"line":2,"ch":7,"sticky":null},"to":{"line":2,"ch":7,"sticky":null},"text":["a"],"removed":[""],"origin":"+input"}
2019-4-30 11:42:36.196#change#{"from":{"line":2,"ch":8,"sticky":null},"to":{"line":2,"ch":8,"sticky":null},"text":["t"],"removed":[""],"origin":"+input"}
2019-4-30 11:42:43.476#change#{"from":{"line":2,"ch":9,"sticky":null},"to":{"line":2,"ch":9,"sticky":null},"text":["()"],"removed":[""],"origin":"+input"}
2019-4-30 11:42:43.476#keyHandled#"'('"
2019-4-30 11:42:48.773#change#{"from":{"line":2,"ch":10,"sticky":"after"},"to":{"line":2,"ch":10,"sticky":"after"},"text":["i"],"removed":[""],"origin":"+input"}
2019-4-30 11:42:49.043#change#{"from":{"line":2,"ch":11,"sticky":null},"to":{"line":2,"ch":11,"sticky":null},"text":["n"],"removed":[""],"origin":"+input"}
2019-4-30 11:42:49.442#change#{"from":{"line":2,"ch":12,"sticky":null},"to":{"line":2,"ch":12,"sticky":null},"text":["p"],"removed":[""],"origin":"+input"}
2019-4-30 11:42:49.748#change#{"from":{"line":2,"ch":13,"sticky":null},"to":{"line":2,"ch":13,"sticky":null},"text":["u"],"removed":[""],"origin":"+input"}
2019-4-30 11:42:49.972#change#{"from":{"line":2,"ch":14,"sticky":null},"to":{"line":2,"ch":14,"sticky":null},"text":["t"],"removed":[""],"origin":"+input"}
2019-4-30 11:43:03.507#change#{"from":{"line":2,"ch":15,"sticky":null},"to":{"line":2,"ch":15,"sticky":null},"text":["()"],"removed":[""],"origin":"+input"}
2019-4-30 11:43:03.508#keyHandled#"'('"
2019-4-30 11:43:04.101#change#{"from":{"line":2,"ch":16,"sticky":"after"},"to":{"line":2,"ch":16,"sticky":"after"},"text":["\"\""],"removed":[""],"origin":"+input"}
2019-4-30 11:43:04.101#keyHandled#"'\"'"
2019-4-30 11:43:04.933#change#{"from":{"line":2,"ch":17,"sticky":"after"},"to":{"line":2,"ch":17,"sticky":"after"},"text":["n"],"removed":[""],"origin":"+input"}
2019-4-30 11:43:05.492#change#{"from":{"line":2,"ch":18,"sticky":null},"to":{"line":2,"ch":18,"sticky":null},"text":["i"],"removed":[""],"origin":"+input"}
2019-4-30 11:43:06.019#change#{"from":{"line":2,"ch":19,"sticky":null},"to":{"line":2,"ch":19,"sticky":null},"text":["v"],"removed":[""],"origin":"+input"}
2019-4-30 11:43:06.788#change#{"from":{"line":2,"ch":20,"sticky":null},"to":{"line":2,"ch":20,"sticky":null},"text":["e"],"removed":[""],"origin":"+input"}
2019-4-30 11:43:07.056#change#{"from":{"line":2,"ch":21,"sticky":null},"to":{"line":2,"ch":21,"sticky":null},"text":["l"],"removed":[""],"origin":"+input"}
2019-4-30 11:43:15.253#change#{"from":{"line":2,"ch":22,"sticky":null},"to":{"line":2,"ch":22,"sticky":null},"text":[" "],"removed":[""],"origin":"+input"}
2019-4-30 11:43:17.938#change#{"from":{"line":2,"ch":22,"sticky":"after"},"to":{"line":2,"ch":23,"sticky":null},"text":[""],"removed":[" "],"origin":"+delete"}
2019-4-30 11:43:17.938#keyHandled#"Backspace"
2019-4-30 11:43:18.112#change#{"from":{"line":2,"ch":21,"sticky":"after"},"to":{"line":2,"ch":22,"sticky":null},"text":[""],"removed":["l"],"origin":"+delete"}
2019-4-30 11:43:18.112#keyHandled#"Backspace"
2019-4-30 11:43:18.289#change#{"from":{"line":2,"ch":20,"sticky":"after"},"to":{"line":2,"ch":21,"sticky":null},"text":[""],"removed":["e"],"origin":"+delete"}
2019-4-30 11:43:18.289#keyHandled#"Backspace"
2019-4-30 11:43:18.433#change#{"from":{"line":2,"ch":19,"sticky":"after"},"to":{"line":2,"ch":20,"sticky":null},"text":[""],"removed":["v"],"origin":"+delete"}
2019-4-30 11:43:18.433#keyHandled#"Backspace"
2019-4-30 11:43:18.608#change#{"from":{"line":2,"ch":18,"sticky":"after"},"to":{"line":2,"ch":19,"sticky":null},"text":[""],"removed":["i"],"origin":"+delete"}
2019-4-30 11:43:18.608#keyHandled#"Backspace"
2019-4-30 11:43:23.728#change#{"from":{"line":2,"ch":17,"sticky":"after"},"to":{"line":2,"ch":18,"sticky":null},"text":[""],"removed":["n"],"origin":"+delete"}
2019-4-30 11:43:23.729#keyHandled#"Backspace"
2019-4-30 11:43:24.837#change#{"from":{"line":2,"ch":17,"sticky":null},"to":{"line":2,"ch":17,"sticky":null},"text":["r"],"removed":[""],"origin":"+input"}
2019-4-30 11:43:25.268#change#{"from":{"line":2,"ch":18,"sticky":null},"to":{"line":2,"ch":18,"sticky":null},"text":["a"],"removed":[""],"origin":"+input"}
2019-4-30 11:43:25.397#change#{"from":{"line":2,"ch":19,"sticky":null},"to":{"line":2,"ch":19,"sticky":null},"text":["i"],"removed":[""],"origin":"+input"}
2019-4-30 11:43:28.020#change#{"from":{"line":2,"ch":20,"sticky":null},"to":{"line":2,"ch":20,"sticky":null},"text":["o"],"removed":[""],"origin":"+input"}
2019-4-30 11:43:28.725#change#{"from":{"line":2,"ch":21,"sticky":null},"to":{"line":2,"ch":21,"sticky":null},"text":[":"],"removed":[""],"origin":"+input"}
2019-4-30 11:43:29.333#change#{"from":{"line":2,"ch":22,"sticky":null},"to":{"line":2,"ch":22,"sticky":null},"text":[" "],"removed":[""],"origin":"+input"}
2019-4-30 11:43:30.455#mousedown#{"isTrusted":true}
2019-4-30 11:43:31.284#change#{"from":{"line":2,"ch":26,"sticky":"before","xRel":78.4000244140625},"to":{"line":2,"ch":26,"sticky":"before","xRel":78.4000244140625},"text":["",""],"removed":[""],"origin":"+input"}
2019-4-30 11:43:31.284#keyHandled#"Enter"
2019-4-30 11:43:31.300#viewportChange#0
2019-4-30 11:43:35.330#change#{"from":{"line":3,"ch":0,"sticky":null},"to":{"line":3,"ch":0,"sticky":null},"text":["",""],"removed":[""],"origin":"+input"}
2019-4-30 11:43:35.330#keyHandled#"Enter"
2019-4-30 11:43:35.345#viewportChange#0
2019-4-30 11:44:03.910#change#{"from":{"line":4,"ch":0,"sticky":null},"to":{"line":4,"ch":0,"sticky":null},"text":["e"],"removed":[""],"origin":"+input"}
2019-4-30 11:44:03.974#change#{"from":{"line":4,"ch":1,"sticky":null},"to":{"line":4,"ch":1,"sticky":null},"text":["n"],"removed":[""],"origin":"+input"}
2019-4-30 11:44:04.261#change#{"from":{"line":4,"ch":2,"sticky":null},"to":{"line":4,"ch":2,"sticky":null},"text":["t"],"removed":[""],"origin":"+input"}
2019-4-30 11:44:04.469#change#{"from":{"line":4,"ch":3,"sticky":null},"to":{"line":4,"ch":3,"sticky":null},"text":["r"],"removed":[""],"origin":"+input"}
2019-4-30 11:44:04.693#change#{"from":{"line":4,"ch":4,"sticky":null},"to":{"line":4,"ch":4,"sticky":null},"text":["a"],"removed":[""],"origin":"+input"}
2019-4-30 11:44:05.093#change#{"from":{"line":4,"ch":5,"sticky":null},"to":{"line":4,"ch":5,"sticky":null},"text":["d"],"removed":[""],"origin":"+input"}
2019-4-30 11:44:05.317#change#{"from":{"line":4,"ch":6,"sticky":null},"to":{"line":4,"ch":6,"sticky":null},"text":["a"],"removed":[""],"origin":"+input"}
2019-4-30 11:44:05.541#change#{"from":{"line":4,"ch":7,"sticky":null},"to":{"line":4,"ch":7,"sticky":null},"text":["s"],"removed":[""],"origin":"+input"}
2019-4-30 11:44:07.297#change#{"from":{"line":4,"ch":7,"sticky":"after"},"to":{"line":4,"ch":8,"sticky":null},"text":[""],"removed":["s"],"origin":"+delete"}
2019-4-30 11:44:07.297#keyHandled#"Backspace"
2019-4-30 11:44:07.797#change#{"from":{"line":4,"ch":6,"sticky":"after"},"to":{"line":4,"ch":7,"sticky":null},"text":[""],"removed":["a"],"origin":"+delete"}
2019-4-30 11:44:07.797#keyHandled#"Backspace"
2019-4-30 11:44:07.847#change#{"from":{"line":4,"ch":5,"sticky":"after"},"to":{"line":4,"ch":6,"sticky":null},"text":[""],"removed":["d"],"origin":"+delete"}
2019-4-30 11:44:07.847#keyHandled#"Backspace"
2019-4-30 11:44:07.897#change#{"from":{"line":4,"ch":4,"sticky":"after"},"to":{"line":4,"ch":5,"sticky":null},"text":[""],"removed":["a"],"origin":"+delete"}
2019-4-30 11:44:07.897#keyHandled#"Backspace"
2019-4-30 11:44:07.947#change#{"from":{"line":4,"ch":3,"sticky":"after"},"to":{"line":4,"ch":4,"sticky":null},"text":[""],"removed":["r"],"origin":"+delete"}
2019-4-30 11:44:07.947#keyHandled#"Backspace"
2019-4-30 11:44:07.997#change#{"from":{"line":4,"ch":2,"sticky":"after"},"to":{"line":4,"ch":3,"sticky":null},"text":[""],"removed":["t"],"origin":"+delete"}
2019-4-30 11:44:07.997#keyHandled#"Backspace"
2019-4-30 11:44:08.048#change#{"from":{"line":4,"ch":1,"sticky":"after"},"to":{"line":4,"ch":2,"sticky":null},"text":[""],"removed":["n"],"origin":"+delete"}
2019-4-30 11:44:08.048#keyHandled#"Backspace"
2019-4-30 11:44:08.098#change#{"from":{"line":4,"ch":0,"sticky":"after"},"to":{"line":4,"ch":1,"sticky":null},"text":[""],"removed":["e"],"origin":"+delete"}
2019-4-30 11:44:08.098#keyHandled#"Backspace"
2019-4-30 11:44:08.149#change#{"from":{"line":3,"ch":0,"sticky":"before"},"to":{"line":4,"ch":0,"sticky":null},"text":[""],"removed":["",""],"origin":"+delete"}
2019-4-30 11:44:08.149#keyHandled#"Backspace"
2019-4-30 11:44:08.163#viewportChange#0
2019-4-30 11:44:08.198#change#{"from":{"line":2,"ch":26,"sticky":"before"},"to":{"line":3,"ch":0,"sticky":null},"text":[""],"removed":["",""],"origin":"+delete"}
2019-4-30 11:44:08.198#keyHandled#"Backspace"
2019-4-30 11:44:08.207#viewportChange#0
2019-4-30 11:44:08.248#change#{"from":{"line":2,"ch":25,"sticky":"after"},"to":{"line":2,"ch":26,"sticky":null},"text":[""],"removed":[")"],"origin":"+delete"}
2019-4-30 11:44:08.248#keyHandled#"Backspace"
2019-4-30 11:44:08.870#change#{"from":{"line":2,"ch":25,"sticky":null},"to":{"line":2,"ch":25,"sticky":null},"text":["i"],"removed":[""],"origin":"+input"}
2019-4-30 11:44:09.302#change#{"from":{"line":2,"ch":26,"sticky":null},"to":{"line":2,"ch":26,"sticky":null},"text":["f"],"removed":[""],"origin":"+input"}
2019-4-30 11:44:10.785#change#{"from":{"line":2,"ch":25,"sticky":"after"},"to":{"line":2,"ch":26,"sticky":null},"text":[""],"removed":["i"],"origin":"+delete"}
2019-4-30 11:44:10.785#keyHandled#"Backspace"
2019-4-30 11:44:11.027#change#{"from":{"line":2,"ch":25,"sticky":null},"to":{"line":2,"ch":25,"sticky":null},"text":["",""],"removed":[""],"origin":"+input"}
2019-4-30 11:44:11.027#change#{"from":{"line":3,"ch":0,"sticky":null},"to":{"line":3,"ch":0,"sticky":null},"text":["\t\t\t "],"removed":[""],"origin":"+input"}
2019-4-30 11:44:11.027#keyHandled#"Enter"
2019-4-30 11:44:11.045#viewportChange#0
2019-4-30 11:44:11.939#change#{"from":{"line":3,"ch":4,"sticky":null},"to":{"line":3,"ch":4,"sticky":null},"text":["",""],"removed":[""],"origin":"+input"}
2019-4-30 11:44:11.939#change#{"from":{"line":4,"ch":0,"sticky":null},"to":{"line":4,"ch":0,"sticky":null},"text":["\t\t\t "],"removed":[""],"origin":"+input"}
2019-4-30 11:44:11.939#keyHandled#"Enter"
2019-4-30 11:44:11.955#viewportChange#0
2019-4-30 11:44:12.417#change#{"from":{"line":4,"ch":3,"sticky":"after"},"to":{"line":4,"ch":4,"sticky":null},"text":[""],"removed":[" "],"origin":"+delete"}
2019-4-30 11:44:12.418#keyHandled#"Backspace"
2019-4-30 11:44:12.817#change#{"from":{"line":4,"ch":2,"sticky":"after"},"to":{"line":4,"ch":3,"sticky":null},"text":[""],"removed":["\t"],"origin":"+delete"}
2019-4-30 11:44:12.818#keyHandled#"Backspace"
2019-4-30 11:44:13.318#change#{"from":{"line":4,"ch":1,"sticky":"after"},"to":{"line":4,"ch":2,"sticky":null},"text":[""],"removed":["\t"],"origin":"+delete"}
2019-4-30 11:44:13.318#keyHandled#"Backspace"
2019-4-30 11:44:13.368#change#{"from":{"line":4,"ch":0,"sticky":"after"},"to":{"line":4,"ch":1,"sticky":null},"text":[""],"removed":["\t"],"origin":"+delete"}
2019-4-30 11:44:13.368#keyHandled#"Backspace"
2019-4-30 11:44:13.419#change#{"from":{"line":3,"ch":4,"sticky":"before"},"to":{"line":4,"ch":0,"sticky":null},"text":[""],"removed":["",""],"origin":"+delete"}
2019-4-30 11:44:13.419#keyHandled#"Backspace"
2019-4-30 11:44:13.431#viewportChange#0
2019-4-30 11:44:13.468#change#{"from":{"line":3,"ch":3,"sticky":"after"},"to":{"line":3,"ch":4,"sticky":null},"text":[""],"removed":[" "],"origin":"+delete"}
2019-4-30 11:44:13.468#keyHandled#"Backspace"
2019-4-30 11:44:13.518#change#{"from":{"line":3,"ch":2,"sticky":"after"},"to":{"line":3,"ch":3,"sticky":null},"text":[""],"removed":["\t"],"origin":"+delete"}
2019-4-30 11:44:13.518#keyHandled#"Backspace"
2019-4-30 11:44:14.161#change#{"from":{"line":3,"ch":1,"sticky":"after"},"to":{"line":3,"ch":2,"sticky":null},"text":[""],"removed":["\t"],"origin":"+delete"}
2019-4-30 11:44:14.162#keyHandled#"Backspace"
2019-4-30 11:44:14.305#change#{"from":{"line":3,"ch":0,"sticky":"after"},"to":{"line":3,"ch":1,"sticky":null},"text":[""],"removed":["\t"],"origin":"+delete"}
2019-4-30 11:44:14.305#keyHandled#"Backspace"
2019-4-30 11:44:14.770#change#{"from":{"line":2,"ch":25,"sticky":"before"},"to":{"line":3,"ch":0,"sticky":null},"text":[""],"removed":["",""],"origin":"+delete"}
2019-4-30 11:44:14.770#keyHandled#"Backspace"
2019-4-30 11:44:14.792#viewportChange#0
2019-4-30 11:44:15.346#change#{"from":{"line":2,"ch":25,"sticky":null},"to":{"line":2,"ch":25,"sticky":null},"text":["",""],"removed":[""],"origin":"+input"}
2019-4-30 11:44:15.346#change#{"from":{"line":3,"ch":0,"sticky":null},"to":{"line":3,"ch":0,"sticky":null},"text":["\t\t\t "],"removed":[""],"origin":"+input"}
2019-4-30 11:44:15.346#keyHandled#"Enter"
2019-4-30 11:44:15.361#viewportChange#0
2019-4-30 11:44:15.543#change#{"from":{"line":3,"ch":4,"sticky":null},"to":{"line":3,"ch":4,"sticky":null},"text":["",""],"removed":[""],"origin":"+input"}
2019-4-30 11:44:15.543#change#{"from":{"line":4,"ch":0,"sticky":null},"to":{"line":4,"ch":0,"sticky":null},"text":["\t\t\t "],"removed":[""],"origin":"+input"}
2019-4-30 11:44:15.543#keyHandled#"Enter"
2019-4-30 11:44:15.559#viewportChange#0
2019-4-30 11:44:15.938#change#{"from":{"line":4,"ch":3,"sticky":"after"},"to":{"line":4,"ch":4,"sticky":null},"text":[""],"removed":[" "],"origin":"+delete"}
2019-4-30 11:44:15.938#keyHandled#"Backspace"
2019-4-30 11:44:16.129#change#{"from":{"line":4,"ch":2,"sticky":"after"},"to":{"line":4,"ch":3,"sticky":null},"text":[""],"removed":["\t"],"origin":"+delete"}
2019-4-30 11:44:16.130#keyHandled#"Backspace"
2019-4-30 11:44:16.290#change#{"from":{"line":4,"ch":1,"sticky":"after"},"to":{"line":4,"ch":2,"sticky":null},"text":[""],"removed":["\t"],"origin":"+delete"}
2019-4-30 11:44:16.290#keyHandled#"Backspace"
2019-4-30 11:44:16.450#change#{"from":{"line":4,"ch":0,"sticky":"after"},"to":{"line":4,"ch":1,"sticky":null},"text":[""],"removed":["\t"],"origin":"+delete"}
2019-4-30 11:44:16.450#keyHandled#"Backspace"
2019-4-30 11:44:17.639#change#{"from":{"line":4,"ch":0,"sticky":null},"to":{"line":4,"ch":0,"sticky":null},"text":["i"],"removed":[""],"origin":"+input"}
2019-4-30 11:44:17.782#change#{"from":{"line":4,"ch":1,"sticky":null},"to":{"line":4,"ch":1,"sticky":null},"text":["f"],"removed":[""],"origin":"+input"}
2019-4-30 11:44:18.709#change#{"from":{"line":4,"ch":2,"sticky":null},"to":{"line":4,"ch":2,"sticky":null},"text":["()"],"removed":[""],"origin":"+input"}
2019-4-30 11:44:18.709#keyHandled#"'('"
2019-4-30 11:44:22.150#change#{"from":{"line":4,"ch":3,"sticky":"after"},"to":{"line":4,"ch":3,"sticky":"after"},"text":["H"],"removed":[""],"origin":"+input"}
2019-4-30 11:44:23.926#change#{"from":{"line":4,"ch":4,"sticky":null},"to":{"line":4,"ch":4,"sticky":null},"text":[" "],"removed":[""],"origin":"+input"}
2019-4-30 11:44:24.242#change#{"from":{"line":4,"ch":4,"sticky":"after"},"to":{"line":4,"ch":5,"sticky":null},"text":[""],"removed":[" "],"origin":"+delete"}
2019-4-30 11:44:24.242#keyHandled#"Backspace"
2019-4-30 11:44:25.222#change#{"from":{"line":4,"ch":4,"sticky":null},"to":{"line":4,"ch":4,"sticky":null},"text":[" "],"removed":[""],"origin":"+input"}
2019-4-30 11:44:25.894#change#{"from":{"line":4,"ch":5,"sticky":null},"to":{"line":4,"ch":5,"sticky":null},"text":["<"],"removed":[""],"origin":"+input"}
2019-4-30 11:44:26.471#change#{"from":{"line":4,"ch":6,"sticky":null},"to":{"line":4,"ch":6,"sticky":null},"text":[" "],"removed":[""],"origin":"+input"}
2019-4-30 11:44:26.614#change#{"from":{"line":4,"ch":7,"sticky":null},"to":{"line":4,"ch":7,"sticky":null},"text":["0"],"removed":[""],"origin":"+input"}
2019-4-30 11:44:28.902#change#{"from":{"line":4,"ch":8,"sticky":null},"to":{"line":4,"ch":8,"sticky":null},"text":[" "],"removed":[""],"origin":"+input"}
2019-4-30 11:44:29.173#change#{"from":{"line":4,"ch":9,"sticky":null},"to":{"line":4,"ch":9,"sticky":null},"text":["a"],"removed":[""],"origin":"+input"}
2019-4-30 11:44:29.350#change#{"from":{"line":4,"ch":10,"sticky":null},"to":{"line":4,"ch":10,"sticky":null},"text":["n"],"removed":[""],"origin":"+input"}
2019-4-30 11:44:31.222#change#{"from":{"line":4,"ch":11,"sticky":null},"to":{"line":4,"ch":11,"sticky":null},"text":["d"],"removed":[""],"origin":"+input"}
2019-4-30 11:44:36.194#change#{"from":{"line":4,"ch":11,"sticky":"after"},"to":{"line":4,"ch":12,"sticky":null},"text":[""],"removed":["d"],"origin":"+delete"}
2019-4-30 11:44:36.194#keyHandled#"Backspace"
2019-4-30 11:44:36.434#change#{"from":{"line":4,"ch":10,"sticky":"after"},"to":{"line":4,"ch":11,"sticky":null},"text":[""],"removed":["n"],"origin":"+delete"}
2019-4-30 11:44:36.434#keyHandled#"Backspace"
2019-4-30 11:44:36.626#change#{"from":{"line":4,"ch":9,"sticky":"after"},"to":{"line":4,"ch":10,"sticky":null},"text":[""],"removed":["a"],"origin":"+delete"}
2019-4-30 11:44:36.626#keyHandled#"Backspace"
2019-4-30 11:44:38.038#change#{"from":{"line":4,"ch":9,"sticky":null},"to":{"line":4,"ch":9,"sticky":null},"text":["o"],"removed":[""],"origin":"+input"}
2019-4-30 11:44:38.166#change#{"from":{"line":4,"ch":10,"sticky":null},"to":{"line":4,"ch":10,"sticky":null},"text":["r"],"removed":[""],"origin":"+input"}
2019-4-30 11:44:38.390#change#{"from":{"line":4,"ch":11,"sticky":null},"to":{"line":4,"ch":11,"sticky":null},"text":[" "],"removed":[""],"origin":"+input"}
2019-4-30 11:44:40.934#change#{"from":{"line":4,"ch":12,"sticky":null},"to":{"line":4,"ch":12,"sticky":null},"text":["h"],"removed":[""],"origin":"+input"}
2019-4-30 11:44:41.499#change#{"from":{"line":4,"ch":13,"sticky":null},"to":{"line":4,"ch":13,"sticky":null},"text":[" "],"removed":[""],"origin":"+input"}
2019-4-30 11:44:41.753#change#{"from":{"line":4,"ch":14,"sticky":null},"to":{"line":4,"ch":14,"sticky":null},"text":["<"],"removed":[""],"origin":"+input"}
2019-4-30 11:44:42.694#change#{"from":{"line":4,"ch":15,"sticky":null},"to":{"line":4,"ch":15,"sticky":null},"text":[" "],"removed":[""],"origin":"+input"}
2019-4-30 11:44:42.870#change#{"from":{"line":4,"ch":16,"sticky":null},"to":{"line":4,"ch":16,"sticky":null},"text":["0"],"removed":[""],"origin":"+input"}
2019-4-30 11:44:46.182#change#{"from":{"line":4,"ch":17,"sticky":null},"to":{"line":4,"ch":17,"sticky":null},"text":[" "],"removed":[""],"origin":"+input"}
2019-4-30 11:44:47.217#change#{"from":{"line":4,"ch":18,"sticky":null},"to":{"line":4,"ch":18,"sticky":null},"text":["o"],"removed":[""],"origin":"+input"}
2019-4-30 11:44:47.351#change#{"from":{"line":4,"ch":19,"sticky":null},"to":{"line":4,"ch":19,"sticky":null},"text":["r"],"removed":[""],"origin":"+input"}
2019-4-30 11:44:47.557#change#{"from":{"line":4,"ch":20,"sticky":null},"to":{"line":4,"ch":20,"sticky":null},"text":[" "],"removed":[""],"origin":"+input"}
2019-4-30 11:44:49.079#change#{"from":{"line":4,"ch":21,"sticky":null},"to":{"line":4,"ch":21,"sticky":null},"text":["r"],"removed":[""],"origin":"+input"}
2019-4-30 11:44:49.814#change#{"from":{"line":4,"ch":22,"sticky":null},"to":{"line":4,"ch":22,"sticky":null},"text":[" "],"removed":[""],"origin":"+input"}
2019-4-30 11:44:50.616#change#{"from":{"line":4,"ch":23,"sticky":null},"to":{"line":4,"ch":23,"sticky":null},"text":["<"],"removed":[""],"origin":"+input"}
2019-4-30 11:44:51.190#change#{"from":{"line":4,"ch":24,"sticky":null},"to":{"line":4,"ch":24,"sticky":null},"text":["0"],"removed":[""],"origin":"+input"}
2019-4-30 11:44:52.906#mousedown#{"isTrusted":true}
2019-4-30 11:44:54.081#mousedown#{"isTrusted":true}
2019-4-30 11:44:54.551#change#{"from":{"line":4,"ch":24,"sticky":"before","xRel":-1.5999755859375},"to":{"line":4,"ch":24,"sticky":"before","xRel":-1.5999755859375},"text":[" "],"removed":[""],"origin":"+input"}
2019-4-30 11:44:54.721#mousedown#{"isTrusted":true}
2019-4-30 11:44:55.767#change#{"from":{"line":4,"ch":27,"sticky":"before","xRel":18.4000244140625},"to":{"line":4,"ch":27,"sticky":"before","xRel":18.4000244140625},"text":[":"],"removed":[""],"origin":"+input"}
2019-4-30 11:44:56.053#change#{"from":{"line":4,"ch":28,"sticky":null},"to":{"line":4,"ch":28,"sticky":null},"text":["",""],"removed":[""],"origin":"+input"}
2019-4-30 11:44:56.053#change#{"from":{"line":5,"ch":0,"sticky":null},"to":{"line":5,"ch":0,"sticky":null},"text":["\t\t\t "],"removed":[""],"origin":"+input"}
2019-4-30 11:44:56.053#keyHandled#"Enter"
2019-4-30 11:44:56.071#viewportChange#0
2019-4-30 11:44:57.652#change#{"from":{"line":5,"ch":3,"sticky":"after"},"to":{"line":5,"ch":4,"sticky":null},"text":[""],"removed":[" "],"origin":"+delete"}
2019-4-30 11:44:57.652#keyHandled#"Backspace"
2019-4-30 11:44:58.227#change#{"from":{"line":5,"ch":2,"sticky":"after"},"to":{"line":5,"ch":3,"sticky":null},"text":[""],"removed":["\t"],"origin":"+delete"}
2019-4-30 11:44:58.227#keyHandled#"Backspace"
2019-4-30 11:44:58.419#change#{"from":{"line":5,"ch":1,"sticky":"after"},"to":{"line":5,"ch":2,"sticky":null},"text":[""],"removed":["\t"],"origin":"+delete"}
2019-4-30 11:44:58.419#keyHandled#"Backspace"
2019-4-30 11:44:58.611#change#{"from":{"line":5,"ch":0,"sticky":"after"},"to":{"line":5,"ch":1,"sticky":null},"text":[""],"removed":["\t"],"origin":"+delete"}
2019-4-30 11:44:58.611#keyHandled#"Backspace"
2019-4-30 11:44:58.803#change#{"from":{"line":4,"ch":28,"sticky":"before"},"to":{"line":5,"ch":0,"sticky":null},"text":[""],"removed":["",""],"origin":"+delete"}
2019-4-30 11:44:58.803#keyHandled#"Backspace"
2019-4-30 11:44:58.818#viewportChange#0
2019-4-30 11:44:59.973#change#{"from":{"line":4,"ch":28,"sticky":null},"to":{"line":4,"ch":28,"sticky":null},"text":["",""],"removed":[""],"origin":"+input"}
2019-4-30 11:44:59.973#change#{"from":{"line":5,"ch":0,"sticky":null},"to":{"line":5,"ch":0,"sticky":null},"text":["\t\t\t "],"removed":[""],"origin":"+input"}
2019-4-30 11:44:59.973#keyHandled#"Enter"
2019-4-30 11:44:59.988#viewportChange#0
2019-4-30 11:45:00.883#change#{"from":{"line":5,"ch":3,"sticky":"after"},"to":{"line":5,"ch":4,"sticky":null},"text":[""],"removed":[" "],"origin":"+delete"}
2019-4-30 11:45:00.883#keyHandled#"Backspace"
2019-4-30 11:45:01.219#change#{"from":{"line":5,"ch":2,"sticky":"after"},"to":{"line":5,"ch":3,"sticky":null},"text":[""],"removed":["\t"],"origin":"+delete"}
2019-4-30 11:45:01.219#keyHandled#"Backspace"
2019-4-30 11:45:01.554#change#{"from":{"line":5,"ch":1,"sticky":"after"},"to":{"line":5,"ch":2,"sticky":null},"text":[""],"removed":["\t"],"origin":"+delete"}
2019-4-30 11:45:01.554#keyHandled#"Backspace"
2019-4-30 11:45:01.923#change#{"from":{"line":5,"ch":0,"sticky":"after"},"to":{"line":5,"ch":1,"sticky":null},"text":[""],"removed":["\t"],"origin":"+delete"}
2019-4-30 11:45:01.923#keyHandled#"Backspace"
2019-4-30 11:45:02.307#change#{"from":{"line":5,"ch":0,"sticky":null},"to":{"line":5,"ch":0,"sticky":null},"text":["\t"],"removed":[""],"origin":"+input"}
2019-4-30 11:45:02.307#keyHandled#"Tab"
2019-4-30 11:45:03.248#change#{"from":{"line":5,"ch":1,"sticky":null},"to":{"line":5,"ch":1,"sticky":null},"text":["p"],"removed":[""],"origin":"+input"}
2019-4-30 11:45:03.403#change#{"from":{"line":5,"ch":2,"sticky":null},"to":{"line":5,"ch":2,"sticky":null},"text":["r"],"removed":[""],"origin":"+input"}
2019-4-30 11:45:03.542#change#{"from":{"line":5,"ch":3,"sticky":null},"to":{"line":5,"ch":3,"sticky":null},"text":["i"],"removed":[""],"origin":"+input"}
2019-4-30 11:45:03.751#change#{"from":{"line":5,"ch":4,"sticky":null},"to":{"line":5,"ch":4,"sticky":null},"text":["n"],"removed":[""],"origin":"+input"}
2019-4-30 11:45:03.911#change#{"from":{"line":5,"ch":5,"sticky":null},"to":{"line":5,"ch":5,"sticky":null},"text":["t"],"removed":[""],"origin":"+input"}
2019-4-30 11:45:05.415#change#{"from":{"line":5,"ch":6,"sticky":null},"to":{"line":5,"ch":6,"sticky":null},"text":["()"],"removed":[""],"origin":"+input"}
2019-4-30 11:45:05.415#keyHandled#"'('"
2019-4-30 11:45:08.439#change#{"from":{"line":5,"ch":7,"sticky":"after"},"to":{"line":5,"ch":7,"sticky":"after"},"text":["E"],"removed":[""],"origin":"+input"}
2019-4-30 11:45:09.599#change#{"from":{"line":5,"ch":8,"sticky":null},"to":{"line":5,"ch":8,"sticky":null},"text":["n"],"removed":[""],"origin":"+input"}
2019-4-30 11:45:09.863#change#{"from":{"line":5,"ch":9,"sticky":null},"to":{"line":5,"ch":9,"sticky":null},"text":["t"],"removed":[""],"origin":"+input"}
2019-4-30 11:45:10.118#change#{"from":{"line":5,"ch":10,"sticky":null},"to":{"line":5,"ch":10,"sticky":null},"text":["r"],"removed":[""],"origin":"+input"}
2019-4-30 11:45:10.295#change#{"from":{"line":5,"ch":11,"sticky":null},"to":{"line":5,"ch":11,"sticky":null},"text":["a"],"removed":[""],"origin":"+input"}
2019-4-30 11:45:10.659#change#{"from":{"line":5,"ch":11,"sticky":"after"},"to":{"line":5,"ch":12,"sticky":null},"text":[""],"removed":["a"],"origin":"+delete"}
2019-4-30 11:45:10.659#keyHandled#"Backspace"
2019-4-30 11:45:10.867#change#{"from":{"line":5,"ch":10,"sticky":"after"},"to":{"line":5,"ch":11,"sticky":null},"text":[""],"removed":["r"],"origin":"+delete"}
2019-4-30 11:45:10.867#keyHandled#"Backspace"
2019-4-30 11:45:11.043#change#{"from":{"line":5,"ch":9,"sticky":"after"},"to":{"line":5,"ch":10,"sticky":null},"text":[""],"removed":["t"],"origin":"+delete"}
2019-4-30 11:45:11.043#keyHandled#"Backspace"
2019-4-30 11:45:11.219#change#{"from":{"line":5,"ch":8,"sticky":"after"},"to":{"line":5,"ch":9,"sticky":null},"text":[""],"removed":["n"],"origin":"+delete"}
2019-4-30 11:45:11.219#keyHandled#"Backspace"
2019-4-30 11:45:11.411#change#{"from":{"line":5,"ch":7,"sticky":"after"},"to":{"line":5,"ch":8,"sticky":null},"text":[""],"removed":["E"],"origin":"+delete"}
2019-4-30 11:45:11.411#keyHandled#"Backspace"
2019-4-30 11:45:12.344#change#{"from":{"line":5,"ch":7,"sticky":null},"to":{"line":5,"ch":7,"sticky":null},"text":["\"\""],"removed":[""],"origin":"+input"}
2019-4-30 11:45:12.344#keyHandled#"'\"'"
2019-4-30 11:45:12.984#change#{"from":{"line":5,"ch":8,"sticky":"after"},"to":{"line":5,"ch":8,"sticky":"after"},"text":["E"],"removed":[""],"origin":"+input"}
2019-4-30 11:45:13.831#change#{"from":{"line":5,"ch":9,"sticky":null},"to":{"line":5,"ch":9,"sticky":null},"text":["n"],"removed":[""],"origin":"+input"}
2019-4-30 11:45:14.150#change#{"from":{"line":5,"ch":10,"sticky":null},"to":{"line":5,"ch":10,"sticky":null},"text":["t"],"removed":[""],"origin":"+input"}
2019-4-30 11:45:14.358#change#{"from":{"line":5,"ch":11,"sticky":null},"to":{"line":5,"ch":11,"sticky":null},"text":["r"],"removed":[""],"origin":"+input"}
2019-4-30 11:45:14.486#change#{"from":{"line":5,"ch":12,"sticky":null},"to":{"line":5,"ch":12,"sticky":null},"text":["a"],"removed":[""],"origin":"+input"}
2019-4-30 11:45:14.727#change#{"from":{"line":5,"ch":13,"sticky":null},"to":{"line":5,"ch":13,"sticky":null},"text":["d"],"removed":[""],"origin":"+input"}
2019-4-30 11:45:14.855#change#{"from":{"line":5,"ch":14,"sticky":null},"to":{"line":5,"ch":14,"sticky":null},"text":["a"],"removed":[""],"origin":"+input"}
2019-4-30 11:45:15.095#change#{"from":{"line":5,"ch":15,"sticky":null},"to":{"line":5,"ch":15,"sticky":null},"text":["s"],"removed":[""],"origin":"+input"}
2019-4-30 11:45:16.726#change#{"from":{"line":5,"ch":16,"sticky":null},"to":{"line":5,"ch":16,"sticky":null},"text":[":"],"removed":[""],"origin":"+input"}
2019-4-30 11:45:18.803#keyHandled#"Right"
2019-4-30 11:45:20.231#change#{"from":{"line":5,"ch":18,"sticky":"before"},"to":{"line":5,"ch":18,"sticky":"before"},"text":[","],"removed":[""],"origin":"+input"}
2019-4-30 11:45:20.919#change#{"from":{"line":5,"ch":19,"sticky":null},"to":{"line":5,"ch":19,"sticky":null},"text":["/"],"removed":[""],"origin":"+input"}
2019-4-30 11:45:21.127#change#{"from":{"line":5,"ch":20,"sticky":null},"to":{"line":5,"ch":20,"sticky":null},"text":["h"],"removed":[""],"origin":"+input"}
2019-4-30 11:45:21.699#change#{"from":{"line":5,"ch":20,"sticky":"after"},"to":{"line":5,"ch":21,"sticky":null},"text":[""],"removed":["h"],"origin":"+delete"}
2019-4-30 11:45:21.699#keyHandled#"Backspace"
2019-4-30 11:45:21.907#change#{"from":{"line":5,"ch":19,"sticky":"after"},"to":{"line":5,"ch":20,"sticky":null},"text":[""],"removed":["/"],"origin":"+delete"}
2019-4-30 11:45:21.907#keyHandled#"Backspace"
2019-4-30 11:45:24.440#change#{"from":{"line":5,"ch":19,"sticky":null},"to":{"line":5,"ch":19,"sticky":null},"text":["H"],"removed":[""],"origin":"+input"}
2019-4-30 11:45:25.911#change#{"from":{"line":5,"ch":20,"sticky":null},"to":{"line":5,"ch":20,"sticky":null},"text":[","],"removed":[""],"origin":"+input"}
2019-4-30 11:45:27.112#change#{"from":{"line":5,"ch":21,"sticky":null},"to":{"line":5,"ch":21,"sticky":null},"text":["''"],"removed":[""],"origin":"+input"}
2019-4-30 11:45:27.112#keyHandled#"'''"
2019-4-30 11:45:27.240#change#{"from":{"line":5,"ch":22,"sticky":"after"},"to":{"line":5,"ch":22,"sticky":"after"},"text":[","],"removed":[""],"origin":"+input"}
2019-4-30 11:45:27.328#keyHandled#"'''"
2019-4-30 11:45:28.028#change#{"from":{"line":5,"ch":24,"sticky":"before"},"to":{"line":5,"ch":24,"sticky":"before"},"text":[","],"removed":[""],"origin":"+input"}
2019-4-30 11:45:30.359#change#{"from":{"line":5,"ch":25,"sticky":null},"to":{"line":5,"ch":25,"sticky":null},"text":["h"],"removed":[""],"origin":"+input"}
2019-4-30 11:45:30.487#change#{"from":{"line":5,"ch":26,"sticky":null},"to":{"line":5,"ch":26,"sticky":null},"text":[","],"removed":[""],"origin":"+input"}
2019-4-30 11:45:31.033#change#{"from":{"line":5,"ch":27,"sticky":null},"to":{"line":5,"ch":27,"sticky":null},"text":["''"],"removed":[""],"origin":"+input"}
2019-4-30 11:45:31.033#keyHandled#"'''"
2019-4-30 11:45:31.479#change#{"from":{"line":5,"ch":28,"sticky":"after"},"to":{"line":5,"ch":28,"sticky":"after"},"text":[","],"removed":[""],"origin":"+input"}
2019-4-30 11:45:32.563#keyHandled#"Right"
2019-4-30 11:45:35.112#change#{"from":{"line":5,"ch":30,"sticky":"before"},"to":{"line":5,"ch":30,"sticky":"before"},"text":[","],"removed":[""],"origin":"+input"}
2019-4-30 11:45:36.902#change#{"from":{"line":5,"ch":31,"sticky":null},"to":{"line":5,"ch":31,"sticky":null},"text":["r"],"removed":[""],"origin":"+input"}
2019-4-30 11:45:37.602#mousedown#{"isTrusted":true}
2019-4-30 11:45:39.782#change#{"from":{"line":5,"ch":33,"sticky":"before","xRel":13.4000244140625},"to":{"line":5,"ch":33,"sticky":"before","xRel":13.4000244140625},"text":["",""],"removed":[""],"origin":"+input"}
2019-4-30 11:45:39.782#change#{"from":{"line":6,"ch":0,"sticky":null},"to":{"line":6,"ch":0,"sticky":null},"text":["\t\t\t "],"removed":[""],"origin":"+input"}
2019-4-30 11:45:39.782#keyHandled#"Enter"
2019-4-30 11:45:39.801#viewportChange#0
2019-4-30 11:45:41.092#change#{"from":{"line":6,"ch":3,"sticky":"after"},"to":{"line":6,"ch":4,"sticky":null},"text":[""],"removed":[" "],"origin":"+delete"}
2019-4-30 11:45:41.092#keyHandled#"Backspace"
2019-4-30 11:45:41.444#change#{"from":{"line":6,"ch":2,"sticky":"after"},"to":{"line":6,"ch":3,"sticky":null},"text":[""],"removed":["\t"],"origin":"+delete"}
2019-4-30 11:45:41.444#keyHandled#"Backspace"
2019-4-30 11:45:41.843#change#{"from":{"line":6,"ch":1,"sticky":"after"},"to":{"line":6,"ch":2,"sticky":null},"text":[""],"removed":["\t"],"origin":"+delete"}
2019-4-30 11:45:41.844#keyHandled#"Backspace"
2019-4-30 11:45:42.758#change#{"from":{"line":6,"ch":1,"sticky":null},"to":{"line":6,"ch":1,"sticky":null},"text":["p"],"removed":[""],"origin":"+input"}
2019-4-30 11:45:42.871#change#{"from":{"line":6,"ch":2,"sticky":null},"to":{"line":6,"ch":2,"sticky":null},"text":["r"],"removed":[""],"origin":"+input"}
2019-4-30 11:45:43.042#change#{"from":{"line":6,"ch":3,"sticky":null},"to":{"line":6,"ch":3,"sticky":null},"text":["i"],"removed":[""],"origin":"+input"}
2019-4-30 11:45:43.255#change#{"from":{"line":6,"ch":4,"sticky":null},"to":{"line":6,"ch":4,"sticky":null},"text":["n"],"removed":[""],"origin":"+input"}
2019-4-30 11:45:43.416#change#{"from":{"line":6,"ch":5,"sticky":null},"to":{"line":6,"ch":5,"sticky":null},"text":["t"],"removed":[""],"origin":"+input"}
2019-4-30 11:45:44.455#change#{"from":{"line":6,"ch":6,"sticky":null},"to":{"line":6,"ch":6,"sticky":null},"text":["()"],"removed":[""],"origin":"+input"}
2019-4-30 11:45:44.456#keyHandled#"'('"
2019-4-30 11:45:45.624#change#{"from":{"line":6,"ch":7,"sticky":"after"},"to":{"line":6,"ch":7,"sticky":"after"},"text":["\"\""],"removed":[""],"origin":"+input"}
2019-4-30 11:45:45.624#keyHandled#"'\"'"
2019-4-30 11:45:46.456#change#{"from":{"line":6,"ch":8,"sticky":"after"},"to":{"line":6,"ch":8,"sticky":"after"},"text":["E"],"removed":[""],"origin":"+input"}
2019-4-30 11:45:46.855#change#{"from":{"line":6,"ch":9,"sticky":null},"to":{"line":6,"ch":9,"sticky":null},"text":["j"],"removed":[""],"origin":"+input"}
2019-4-30 11:45:46.874#change#{"from":{"line":6,"ch":10,"sticky":null},"to":{"line":6,"ch":10,"sticky":null},"text":["n"],"removed":[""],"origin":"+input"}
2019-4-30 11:45:48.116#change#{"from":{"line":6,"ch":10,"sticky":"after"},"to":{"line":6,"ch":11,"sticky":null},"text":[""],"removed":["n"],"origin":"+delete"}
2019-4-30 11:45:48.116#keyHandled#"Backspace"
2019-4-30 11:45:48.740#change#{"from":{"line":6,"ch":9,"sticky":"after"},"to":{"line":6,"ch":10,"sticky":null},"text":[""],"removed":["j"],"origin":"+delete"}
2019-4-30 11:45:48.740#keyHandled#"Backspace"
2019-4-30 11:45:49.720#change#{"from":{"line":6,"ch":9,"sticky":null},"to":{"line":6,"ch":9,"sticky":null},"text":["n"],"removed":[""],"origin":"+input"}
2019-4-30 11:45:50.007#change#{"from":{"line":6,"ch":10,"sticky":null},"to":{"line":6,"ch":10,"sticky":null},"text":["t"],"removed":[""],"origin":"+input"}
2019-4-30 11:45:50.216#change#{"from":{"line":6,"ch":11,"sticky":null},"to":{"line":6,"ch":11,"sticky":null},"text":["r"],"removed":[""],"origin":"+input"}
2019-4-30 11:45:50.360#change#{"from":{"line":6,"ch":12,"sticky":null},"to":{"line":6,"ch":12,"sticky":null},"text":["a"],"removed":[""],"origin":"+input"}
2019-4-30 11:45:50.632#change#{"from":{"line":6,"ch":13,"sticky":null},"to":{"line":6,"ch":13,"sticky":null},"text":["d"],"removed":[""],"origin":"+input"}
2019-4-30 11:45:50.824#change#{"from":{"line":6,"ch":14,"sticky":null},"to":{"line":6,"ch":14,"sticky":null},"text":["a"],"removed":[""],"origin":"+input"}
2019-4-30 11:45:51.032#change#{"from":{"line":6,"ch":15,"sticky":null},"to":{"line":6,"ch":15,"sticky":null},"text":["s"],"removed":[""],"origin":"+input"}
2019-4-30 11:45:53.384#change#{"from":{"line":6,"ch":16,"sticky":null},"to":{"line":6,"ch":16,"sticky":null},"text":[" "],"removed":[""],"origin":"+input"}
2019-4-30 11:45:53.624#change#{"from":{"line":6,"ch":17,"sticky":null},"to":{"line":6,"ch":17,"sticky":null},"text":["i"],"removed":[""],"origin":"+input"}
2019-4-30 11:45:53.992#change#{"from":{"line":6,"ch":18,"sticky":null},"to":{"line":6,"ch":18,"sticky":null},"text":["n"],"removed":[""],"origin":"+input"}
2019-4-30 11:45:54.232#change#{"from":{"line":6,"ch":19,"sticky":null},"to":{"line":6,"ch":19,"sticky":null},"text":["v"],"removed":[""],"origin":"+input"}
2019-4-30 11:45:54.608#change#{"from":{"line":6,"ch":20,"sticky":null},"to":{"line":6,"ch":20,"sticky":null},"text":["a"],"removed":[""],"origin":"+input"}
2019-4-30 11:45:54.732#change#{"from":{"line":6,"ch":21,"sticky":null},"to":{"line":6,"ch":21,"sticky":null},"text":["l"],"removed":[""],"origin":"+input"}
2019-4-30 11:45:55.001#change#{"from":{"line":6,"ch":22,"sticky":null},"to":{"line":6,"ch":22,"sticky":null},"text":["i"],"removed":[""],"origin":"+input"}
2019-4-30 11:45:55.144#change#{"from":{"line":6,"ch":23,"sticky":null},"to":{"line":6,"ch":23,"sticky":null},"text":["d"],"removed":[""],"origin":"+input"}
2019-4-30 11:45:55.224#change#{"from":{"line":6,"ch":24,"sticky":null},"to":{"line":6,"ch":24,"sticky":null},"text":["a"],"removed":[""],"origin":"+input"}
2019-4-30 11:45:55.720#change#{"from":{"line":6,"ch":25,"sticky":null},"to":{"line":6,"ch":25,"sticky":null},"text":["s"],"removed":[""],"origin":"+input"}
2019-4-30 11:45:56.806#mousedown#{"isTrusted":true}
2019-4-30 11:46:04.834#dica_bullet#SyntaxError: invalid syntax
2019-4-30 11:46:05.017#saida_testar#$ python3 main.py
File "main.py", line 5
if(H < 0 or h < 0 or r < 0):
SyntaxError: invalid syntax
2019-4-30 11:46:11.855#mousedown#{"isTrusted":true}
2019-4-30 11:46:12.806#change#{"from":{"line":4,"ch":27,"sticky":"after"},"to":{"line":4,"ch":28,"sticky":"before","xRel":8.4000244140625},"text":[""],"removed":[":"],"origin":"+delete"}
2019-4-30 11:46:12.806#keyHandled#"Backspace"
2019-4-30 11:46:13.977#change#{"from":{"line":4,"ch":27,"sticky":null},"to":{"line":4,"ch":27,"sticky":null},"text":[":"],"removed":[""],"origin":"+input"}
2019-4-30 11:46:16.644#mousedown#{"isTrusted":true}
2019-4-30 11:46:17.773#change#{"from":{"line":4,"ch":21,"sticky":"after","xRel":2.4000244140625},"to":{"line":4,"ch":21,"sticky":"after","xRel":2.4000244140625},"text":["("],"removed":[""],"origin":"+input"}
2019-4-30 11:46:18.292#keyHandled#"Right"
2019-4-30 11:46:18.548#keyHandled#"Right"
2019-4-30 11:46:18.724#keyHandled#"Right"
2019-4-30 11:46:18.932#keyHandled#"Right"
2019-4-30 11:46:19.156#keyHandled#"Right"
2019-4-30 11:46:19.396#keyHandled#"Right"
2019-4-30 11:46:21.130#change#{"from":{"line":4,"ch":28,"sticky":"before"},"to":{"line":4,"ch":28,"sticky":"before"},"text":[")"],"removed":[""],"origin":"+input"}
2019-4-30 11:46:23.140#mousedown#{"isTrusted":true}
2019-4-30 11:46:24.297#change#{"from":{"line":4,"ch":17,"sticky":"after","xRel":3.4000244140625},"to":{"line":4,"ch":17,"sticky":"after","xRel":3.4000244140625},"text":[")"],"removed":[""],"origin":"+input"}
2019-4-30 11:46:24.772#keyHandled#"Left"
2019-4-30 11:46:24.981#keyHandled#"Left"
2019-4-30 11:46:25.173#keyHandled#"Left"
2019-4-30 11:46:25.348#keyHandled#"Left"
2019-4-30 11:46:25.527#keyHandled#"Left"
2019-4-30 11:46:25.733#keyHandled#"Left"
2019-4-30 11:46:26.618#change#{"from":{"line":4,"ch":12,"sticky":"after"},"to":{"line":4,"ch":12,"sticky":"after"},"text":["("],"removed":[""],"origin":"+input"}
2019-4-30 11:46:26.964#keyHandled#"Left"
2019-4-30 11:46:27.465#keyHandled#"Left"
2019-4-30 11:46:27.516#keyHandled#"Left"
2019-4-30 11:46:27.566#keyHandled#"Left"
2019-4-30 11:46:27.925#keyHandled#"Left"
2019-4-30 11:46:29.129#change#{"from":{"line":4,"ch":8,"sticky":"after"},"to":{"line":4,"ch":8,"sticky":"after"},"text":[")"],"removed":[""],"origin":"+input"}
2019-4-30 11:46:30.772#keyHandled#"Left"
2019-4-30 11:46:31.273#keyHandled#"Left"
2019-4-30 11:46:31.323#keyHandled#"Left"
2019-4-30 11:46:31.373#keyHandled#"Left"
2019-4-30 11:46:31.423#keyHandled#"Left"
2019-4-30 11:46:31.829#keyHandled#"Left"
2019-4-30 11:46:32.716#change#{"from":{"line":4,"ch":3,"sticky":"after"},"to":{"line":4,"ch":3,"sticky":"after"},"text":["("],"removed":[""],"origin":"+input"}
2019-4-30 11:46:32.716#change#{"from":{"line":4,"ch":3,"sticky":"after"},"to":{"line":4,"ch":3,"sticky":"after"},"text":["("],"removed":[""],"origin":"+input"}
2019-4-30 11:46:34.863#dica_bullet#SyntaxError: invalid syntax
2019-4-30 11:46:35.037#saida_testar#$ python3 main.py
File "main.py", line 5
if((H < 0) or (h < 0) or (r < 0)):
SyntaxError: invalid syntax
2019-4-30 11:46:38.444#mousedown#{"isTrusted":true}
2019-4-30 11:46:39.417#change#{"from":{"line":4,"ch":34,"sticky":"before","xRel":47.4000244140625},"to":{"line":4,"ch":34,"sticky":"before","xRel":47.4000244140625},"text":["",""],"removed":[""],"origin":"+input"}
2019-4-30 11:46:39.418#change#{"from":{"line":5,"ch":0,"sticky":null},"to":{"line":5,"ch":0,"sticky":null},"text":["\t\t\t "],"removed":[""],"origin":"+input"}
2019-4-30 11:46:39.418#keyHandled#"Enter"
2019-4-30 11:46:39.438#viewportChange#0
2019-4-30 11:46:41.477#change#{"from":{"line":5,"ch":4,"sticky":null},"to":{"line":5,"ch":4,"sticky":null},"text":["\t"],"removed":[""],"origin":"+input"}
2019-4-30 11:46:41.477#keyHandled#"Tab"
2019-4-30 11:46:42.069#change#{"from":{"line":5,"ch":5,"sticky":null},"to":{"line":5,"ch":5,"sticky":null},"text":["\t"],"removed":[""],"origin":"+input"}
2019-4-30 11:46:42.069#keyHandled#"Tab"
2019-4-30 11:46:42.342#change#{"from":{"line":5,"ch":5,"sticky":"after"},"to":{"line":5,"ch":6,"sticky":null},"text":[""],"removed":["\t"],"origin":"+delete"}
2019-4-30 11:46:42.342#keyHandled#"Backspace"
2019-4-30 11:46:42.582#change#{"from":{"line":5,"ch":4,"sticky":"after"},"to":{"line":5,"ch":5,"sticky":null},"text":[""],"removed":["\t"],"origin":"+delete"}
2019-4-30 11:46:42.582#keyHandled#"Backspace"
2019-4-30 11:46:42.742#change#{"from":{"line":5,"ch":3,"sticky":"after"},"to":{"line":5,"ch":4,"sticky":null},"text":[""],"removed":[" "],"origin":"+delete"}
2019-4-30 11:46:42.742#keyHandled#"Backspace"
2019-4-30 11:46:42.935#change#{"from":{"line":5,"ch":2,"sticky":"after"},"to":{"line":5,"ch":3,"sticky":null},"text":[""],"removed":["\t"],"origin":"+delete"}
2019-4-30 11:46:42.935#keyHandled#"Backspace"
2019-4-30 11:46:43.093#change#{"from":{"line":5,"ch":1,"sticky":"after"},"to":{"line":5,"ch":2,"sticky":null},"text":[""],"removed":["\t"],"origin":"+delete"}
2019-4-30 11:46:43.093#keyHandled#"Backspace"
2019-4-30 11:46:43.284#change#{"from":{"line":5,"ch":0,"sticky":"after"},"to":{"line":5,"ch":1,"sticky":null},"text":[""],"removed":["\t"],"origin":"+delete"}
2019-4-30 11:46:43.284#keyHandled#"Backspace"
2019-4-30 11:46:43.659#change#{"from":{"line":5,"ch":0,"sticky":null},"to":{"line":5,"ch":0,"sticky":null},"text":["\t"],"removed":[""],"origin":"+input"}
2019-4-30 11:46:43.659#keyHandled#"Tab"
2019-4-30 11:46:44.021#change#{"from":{"line":5,"ch":1,"sticky":null},"to":{"line":5,"ch":1,"sticky":null},"text":["\t"],"removed":[""],"origin":"+input"}
2019-4-30 11:46:44.021#keyHandled#"Tab"
2019-4-30 11:46:44.213#change#{"from":{"line":5,"ch":2,"sticky":null},"to":{"line":5,"ch":2,"sticky":null},"text":["\t"],"removed":[""],"origin":"+input"}
2019-4-30 11:46:44.213#keyHandled#"Tab"
2019-4-30 11:46:44.505#change#{"from":{"line":5,"ch":2,"sticky":"after"},"to":{"line":5,"ch":3,"sticky":null},"text":[""],"removed":["\t"],"origin":"+delete"}
2019-4-30 11:46:44.505#keyHandled#"Backspace"
2019-4-30 11:46:44.709#change#{"from":{"line":5,"ch":1,"sticky":"after"},"to":{"line":5,"ch":2,"sticky":null},"text":[""],"removed":["\t"],"origin":"+delete"}
2019-4-30 11:46:44.709#keyHandled#"Backspace"
2019-4-30 11:46:44.869#change#{"from":{"line":5,"ch":0,"sticky":"after"},"to":{"line":5,"ch":1,"sticky":null},"text":[""],"removed":["\t"],"origin":"+delete"}
2019-4-30 11:46:44.869#keyHandled#"Backspace"
2019-4-30 11:46:45.046#change#{"from":{"line":4,"ch":34,"sticky":"before"},"to":{"line":5,"ch":0,"sticky":null},"text":[""],"removed":["",""],"origin":"+delete"}
2019-4-30 11:46:45.046#keyHandled#"Backspace"
2019-4-30 11:46:45.062#viewportChange#0
2019-4-30 11:46:45.221#change#{"from":{"line":4,"ch":33,"sticky":"after"},"to":{"line":4,"ch":34,"sticky":null},"text":[""],"removed":[":"],"origin":"+delete"}
2019-4-30 11:46:45.221#keyHandled#"Backspace"
2019-4-30 11:46:45.046#change#{"from":{"line":4,"ch":34,"sticky":"before"},"to":{"line":5,"ch":0,"sticky":null},"text":[""],"removed":["",""],"origin":"+delete"}
2019-4-30 11:46:45.046#keyHandled#"Backspace"
2019-4-30 11:46:45.062#viewportChange#0
2019-4-30 11:46:45.221#change#{"from":{"line":4,"ch":33,"sticky":"after"},"to":{"line":4,"ch":34,"sticky":null},"text":[""],"removed":[":"],"origin":"+delete"}
2019-4-30 11:46:45.221#keyHandled#"Backspace"
2019-4-30 11:46:47.653#dica_bullet#SyntaxError: invalid syntax
2019-4-30 11:46:49.245#saida_testar#$ python3 main.py
File "main.py", line 6
print("Entradas:",H,',',h,',',r)
SyntaxError: invalid syntax
2019-4-30 11:46:53.661#mousedown#{"isTrusted":true}
2019-4-30 11:46:54.885#mousedown#{"isTrusted":true}
2019-4-30 11:46:54.891#contextmenu#{"isTrusted":true}
2019-4-30 11:46:56.151#copy#{"isTrusted":true}
2019-4-30 11:46:57.367#change#{"from":{"line":5,"ch":1,"sticky":"before","xRel":-9.5999755859375},"to":{"line":6,"ch":28,"sticky":null,"xRel":1,"outside":true},"text":[""],"removed":["print(\"Entradas:\",H,',',h,',',r)","\tprint(\"Entradas invalidas\")"],"origin":"+delete"}
2019-4-30 11:46:57.367#keyHandled#"Backspace"
2019-4-30 11:46:57.382#viewportChange#0
2019-4-30 11:46:59.766#change#{"from":{"line":5,"ch":0,"sticky":"after"},"to":{"line":5,"ch":1,"sticky":null},"text":[""],"removed":["\t"],"origin":"+delete"}
2019-4-30 11:46:59.766#keyHandled#"Backspace"
2019-4-30 11:47:00.454#change#{"from":{"line":4,"ch":33,"sticky":"before"},"to":{"line":5,"ch":0,"sticky":null},"text":[""],"removed":["",""],"origin":"+delete"}
2019-4-30 11:47:00.454#keyHandled#"Backspace"
2019-4-30 11:47:00.467#viewportChange#0
2019-4-30 11:47:01.722#change#{"from":{"line":4,"ch":33,"sticky":null},"to":{"line":4,"ch":33,"sticky":null},"text":[":"],"removed":[""],"origin":"+input"}
2019-4-30 11:47:02.007#change#{"from":{"line":4,"ch":34,"sticky":null},"to":{"line":4,"ch":34,"sticky":null},"text":["",""],"removed":[""],"origin":"+input"}
2019-4-30 11:47:02.007#change#{"from":{"line":5,"ch":0,"sticky":null},"to":{"line":5,"ch":0,"sticky":null},"text":["\t\t\t "],"removed":[""],"origin":"+input"}
2019-4-30 11:47:02.008#keyHandled#"Enter"
2019-4-30 11:47:02.026#viewportChange#0
2019-4-30 11:47:03.026#change#{"from":{"line":5,"ch":4,"sticky":null},"to":{"line":5,"ch":4,"sticky":null},"text":["print(\"Entradas:\",H,',',h,',',r)","\tprint(\"Entradas invalidas\")"],"removed":[""],"origin":"paste"}
2019-4-30 11:47:03.040#viewportChange#0
2019-4-30 11:47:04.888#mousedown#{"isTrusted":true}
2019-4-30 11:47:05.611#change#{"from":{"line":5,"ch":2,"sticky":"after"},"to":{"line":5,"ch":3,"sticky":"before","xRel":-2.5999755859375},"text":[""],"removed":["\t"],"origin":"+delete"}
2019-4-30 11:47:05.611#keyHandled#"Backspace"
2019-4-30 11:47:06.213#change#{"from":{"line":5,"ch":1,"sticky":"after"},"to":{"line":5,"ch":2,"sticky":null},"text":[""],"removed":["\t"],"origin":"+delete"}
2019-4-30 11:47:06.213#keyHandled#"Backspace"
2019-4-30 11:47:08.165#mousedown#{"isTrusted":true}
2019-4-30 11:47:08.395#change#{"from":{"line":6,"ch":1,"sticky":"before","xRel":-9.5999755859375},"to":{"line":6,"ch":1,"sticky":"before","xRel":-9.5999755859375},"text":[" "],"removed":[""],"origin":"+input"}
2019-4-30 11:47:08.165#mousedown#{"isTrusted":true}
2019-4-30 11:47:08.395#change#{"from":{"line":6,"ch":1,"sticky":"before","xRel":-9.5999755859375},"to":{"line":6,"ch":1,"sticky":"before","xRel":-9.5999755859375},"text":[" "],"removed":[""],"origin":"+input"}
2019-4-30 11:47:09.833#dica_bullet#SyntaxError: invalid syntax
2019-4-30 11:47:10.994#saida_testar#$ python3 main.py
File "main.py", line 5
if((H < 0) or (h < 0) or (r < 0)):
SyntaxError: invalid syntax
2019-4-30 11:47:10.996#mousedown#{"isTrusted":true}
2019-4-30 11:47:14.709#mousedown#{"isTrusted":true}
2019-4-30 11:47:17.326#change#{"from":{"line":5,"ch":2,"sticky":"after","xRel":3.4000244140625},"to":{"line":6,"ch":29,"sticky":"before","xRel":26.4000244140625},"text":[""],"removed":["print(\"Entradas:\",H,',',h,',',r)","\t print(\"Entradas invalidas\")"],"origin":"+delete"}
2019-4-30 11:47:17.326#keyHandled#"Backspace"
2019-4-30 11:47:17.345#viewportChange#0
2019-4-30 11:47:17.911#change#{"from":{"line":5,"ch":1,"sticky":"after"},"to":{"line":5,"ch":2,"sticky":null},"text":[""],"removed":[" "],"origin":"+delete"}
2019-4-30 11:47:17.911#keyHandled#"Backspace"
2019-4-30 11:47:18.326#change#{"from":{"line":5,"ch":0,"sticky":"after"},"to":{"line":5,"ch":1,"sticky":null},"text":[""],"removed":["\t"],"origin":"+delete"}
2019-4-30 11:47:18.326#keyHandled#"Backspace"
2019-4-30 11:47:18.566#change#{"from":{"line":4,"ch":34,"sticky":"before"},"to":{"line":5,"ch":0,"sticky":null},"text":[""],"removed":["",""],"origin":"+delete"}
2019-4-30 11:47:18.566#keyHandled#"Backspace"
2019-4-30 11:47:18.583#viewportChange#0
2019-4-30 11:47:18.326#change#{"from":{"line":5,"ch":0,"sticky":"after"},"to":{"line":5,"ch":1,"sticky":null},"text":[""],"removed":["\t"],"origin":"+delete"}
2019-4-30 11:47:18.326#keyHandled#"Backspace"
2019-4-30 11:47:18.566#change#{"from":{"line":4,"ch":34,"sticky":"before"},"to":{"line":5,"ch":0,"sticky":null},"text":[""],"removed":["",""],"origin":"+delete"}
2019-4-30 11:47:18.566#keyHandled#"Backspace"
2019-4-30 11:47:18.583#viewportChange#0
2019-4-30 11:47:19.747#dica_bullet#SyntaxError: invalid syntax
2019-4-30 11:47:21.440#saida_testar#$ python3 main.py
File "main.py", line 5
if((H < 0) or (h < 0) or (r < 0)):
SyntaxError: invalid syntax
2019-4-30 11:47:24.855#change#{"from":{"line":4,"ch":33,"sticky":"after"},"to":{"line":4,"ch":34,"sticky":null},"text":[""],"removed":[":"],"origin":"+delete"}
2019-4-30 11:47:24.855#keyHandled#"Backspace"
2019-4-30 11:47:24.855#change#{"from":{"line":4,"ch":33,"sticky":"after"},"to":{"line":4,"ch":34,"sticky":null},"text":[""],"removed":[":"],"origin":"+delete"}
2019-4-30 11:47:24.855#keyHandled#"Backspace"
2019-4-30 11:47:25.829#dica_bullet#SyntaxError: unexpected EOF while parsing
2019-4-30 11:47:26.971#saida_testar#$ python3 main.py
File "main.py", line 6
SyntaxError: unexpected EOF while parsing
2019-4-30 11:47:28.633#change#{"from":{"line":4,"ch":33,"sticky":null},"to":{"line":4,"ch":33,"sticky":null},"text":["",""],"removed":[""],"origin":"+input"}
2019-4-30 11:47:28.633#change#{"from":{"line":5,"ch":0,"sticky":null},"to":{"line":5,"ch":0,"sticky":null},"text":["\t\t\t "],"removed":[""],"origin":"+input"}
2019-4-30 11:47:28.633#keyHandled#"Enter"
2019-4-30 11:47:28.645#viewportChange#0
2019-4-30 11:47:28.856#change#{"from":{"line":5,"ch":4,"sticky":null},"to":{"line":5,"ch":4,"sticky":null},"text":["",""],"removed":[""],"origin":"+input"}
2019-4-30 11:47:28.856#change#{"from":{"line":6,"ch":0,"sticky":null},"to":{"line":6,"ch":0,"sticky":null},"text":["\t\t\t "],"removed":[""],"origin":"+input"}
2019-4-30 11:47:28.856#keyHandled#"Enter"
2019-4-30 11:47:28.865#viewportChange#0
2019-4-30 11:47:29.062#change#{"from":{"line":6,"ch":4,"sticky":null},"to":{"line":6,"ch":4,"sticky":null},"text":["",""],"removed":[""],"origin":"+input"}
2019-4-30 11:47:29.062#change#{"from":{"line":7,"ch":0,"sticky":null},"to":{"line":7,"ch":0,"sticky":null},"text":["\t\t\t "],"removed":[""],"origin":"+input"}
2019-4-30 11:47:29.063#keyHandled#"Enter"
2019-4-30 11:47:29.078#viewportChange#0
2019-4-30 11:47:33.173#mousedown#{"isTrusted":true}
2019-4-30 11:47:34.542#change#{"from":{"line":2,"ch":25,"sticky":"before","xRel":9.4000244140625},"to":{"line":2,"ch":25,"sticky":"before","xRel":9.4000244140625},"text":[")"],"removed":[""],"origin":"+input"}
2019-4-30 11:47:35.869#mousedown#{"isTrusted":true}
2019-4-30 11:47:36.453#mousedown#{"isTrusted":true}
2019-4-30 11:47:37.836#change#{"from":{"line":4,"ch":33,"sticky":"before","xRel":26.4000244140625},"to":{"line":4,"ch":33,"sticky":"before","xRel":26.4000244140625},"text":[":"],"removed":[""],"origin":"+input"}
2019-4-30 11:47:38.557#change#{"from":{"line":4,"ch":34,"sticky":null},"to":{"line":4,"ch":34,"sticky":null},"text":["",""],"removed":[""],"origin":"+input"}
2019-4-30 11:47:38.557#change#{"from":{"line":5,"ch":0,"sticky":null},"to":{"line":5,"ch":0,"sticky":null},"text":["\t"],"removed":[""],"origin":"+input"}
2019-4-30 11:47:38.557#keyHandled#"Enter"
2019-4-30 11:47:38.578#viewportChange#0
2019-4-30 11:47:39.660#change#{"from":{"line":5,"ch":1,"sticky":null},"to":{"line":5,"ch":1,"sticky":null},"text":["print(\"Entradas:\",H,',',h,',',r)","\tprint(\"Entradas invalidas\")"],"removed":[""],"origin":"paste"}
2019-4-30 11:47:39.696#viewportChange#0
2019-4-30 11:47:43.433#saida_testar#$ python3 main.py
2019-4-30 11:47:45.770#blur#
2019-4-30 11:47:58.150#mousedown#{"isTrusted":true}
2019-4-30 11:47:58.365#focus#
2019-4-30 11:47:58.838#mousedown#{"isTrusted":true}
2019-4-30 11:47:59.674#change#{"from":{"line":6,"ch":28,"sticky":"before","xRel":102.4000244140625},"to":{"line":6,"ch":28,"sticky":"before","xRel":102.4000244140625},"text":["",""],"removed":[""],"origin":"+input"}
2019-4-30 11:47:59.674#change#{"from":{"line":7,"ch":0,"sticky":null},"to":{"line":7,"ch":0,"sticky":null},"text":["\t"],"removed":[""],"origin":"+input"}
2019-4-30 11:47:59.674#keyHandled#"Enter"
2019-4-30 11:47:59.696#viewportChange#0
2019-4-30 11:47:59.976#change#{"from":{"line":7,"ch":0,"sticky":"after"},"to":{"line":7,"ch":1,"sticky":null},"text":[""],"removed":["\t"],"origin":"+delete"}
2019-4-30 11:47:59.976#keyHandled#"Backspace"
2019-4-30 11:48:01.053#change#{"from":{"line":7,"ch":0,"sticky":null},"to":{"line":7,"ch":0,"sticky":null},"text":["3"],"removed":[""],"origin":"+input"}
2019-4-30 11:48:01.077#change#{"from":{"line":7,"ch":1,"sticky":null},"to":{"line":7,"ch":1,"sticky":null},"text":["e"],"removed":[""],"origin":"+input"}
2019-4-30 11:48:01.195#change#{"from":{"line":7,"ch":2,"sticky":null},"to":{"line":7,"ch":2,"sticky":null},"text":["l"],"removed":[""],"origin":"+input"}
2019-4-30 11:48:01.435#change#{"from":{"line":7,"ch":3,"sticky":null},"to":{"line":7,"ch":3,"sticky":null},"text":["i"],"removed":[""],"origin":"+input"}
2019-4-30 11:48:01.595#change#{"from":{"line":7,"ch":4,"sticky":null},"to":{"line":7,"ch":4,"sticky":null},"text":["f"],"removed":[""],"origin":"+input"}
2019-4-30 11:48:01.927#change#{"from":{"line":7,"ch":4,"sticky":"after"},"to":{"line":7,"ch":5,"sticky":null},"text":[""],"removed":["f"],"origin":"+delete"}
2019-4-30 11:48:01.927#keyHandled#"Backspace"
2019-4-30 11:48:02.135#change#{"from":{"line":7,"ch":3,"sticky":"after"},"to":{"line":7,"ch":4,"sticky":null},"text":[""],"removed":["i"],"origin":"+delete"}
2019-4-30 11:48:02.135#keyHandled#"Backspace"
2019-4-30 11:48:02.295#change#{"from":{"line":7,"ch":2,"sticky":"after"},"to":{"line":7,"ch":3,"sticky":null},"text":[""],"removed":["l"],"origin":"+delete"}
2019-4-30 11:48:02.295#keyHandled#"Backspace"
2019-4-30 11:48:02.472#change#{"from":{"line":7,"ch":1,"sticky":"after"},"to":{"line":7,"ch":2,"sticky":null},"text":[""],"removed":["e"],"origin":"+delete"}
2019-4-30 11:48:02.472#keyHandled#"Backspace"
2019-4-30 11:48:02.632#change#{"from":{"line":7,"ch":0,"sticky":"after"},"to":{"line":7,"ch":1,"sticky":null},"text":[""],"removed":["3"],"origin":"+delete"}
2019-4-30 11:48:02.632#keyHandled#"Backspace"
2019-4-30 11:48:03.212#change#{"from":{"line":7,"ch":0,"sticky":null},"to":{"line":7,"ch":0,"sticky":null},"text":["e"],"removed":[""],"origin":"+input"}
2019-4-30 11:48:03.361#change#{"from":{"line":7,"ch":1,"sticky":null},"to":{"line":7,"ch":1,"sticky":null},"text":["l"],"removed":[""],"origin":"+input"}
2019-4-30 11:48:03.580#change#{"from":{"line":7,"ch":2,"sticky":null},"to":{"line":7,"ch":2,"sticky":null},"text":["i"],"removed":[""],"origin":"+input"}
2019-4-30 11:48:03.707#change#{"from":{"line":7,"ch":3,"sticky":null},"to":{"line":7,"ch":3,"sticky":null},"text":["f"],"removed":[""],"origin":"+input"}
2019-4-30 11:48:54.199#mousedown#{"isTrusted":true}
2019-4-30 11:48:57.411#change#{"from":{"line":4,"ch":32,"sticky":"before","xRel":-1.5999755859375},"to":{"line":4,"ch":32,"sticky":"before","xRel":-1.5999755859375},"text":[" "],"removed":[""],"origin":"+input"}
2019-4-30 11:48:58.946#change#{"from":{"line":4,"ch":33,"sticky":null},"to":{"line":4,"ch":33,"sticky":null},"text":["o"],"removed":[""],"origin":"+input"}
2019-4-30 11:48:59.901#change#{"from":{"line":4,"ch":34,"sticky":null},"to":{"line":4,"ch":34,"sticky":null},"text":["r"],"removed":[""],"origin":"+input"}
2019-4-30 11:49:00.463#change#{"from":{"line":4,"ch":35,"sticky":null},"to":{"line":4,"ch":35,"sticky":null},"text":[" "],"removed":[""],"origin":"+input"}
2019-4-30 11:49:07.390#change#{"from":{"line":4,"ch":36,"sticky":null},"to":{"line":4,"ch":36,"sticky":null},"text":["H"],"removed":[""],"origin":"+input"}
2019-4-30 11:49:08.864#change#{"from":{"line":4,"ch":37,"sticky":null},"to":{"line":4,"ch":37,"sticky":null},"text":[" "],"removed":[""],"origin":"+input"}
2019-4-30 11:49:10.462#change#{"from":{"line":4,"ch":38,"sticky":null},"to":{"line":4,"ch":38,"sticky":null},"text":["<"],"removed":[""],"origin":"+input"}
2019-4-30 11:49:11.789#change#{"from":{"line":4,"ch":39,"sticky":null},"to":{"line":4,"ch":39,"sticky":null},"text":[" "],"removed":[""],"origin":"+input"}
2019-4-30 11:49:12.317#change#{"from":{"line":4,"ch":40,"sticky":null},"to":{"line":4,"ch":40,"sticky":null},"text":["h"],"removed":[""],"origin":"+input"}
2019-4-30 11:49:13.054#change#{"from":{"line":4,"ch":41,"sticky":null},"to":{"line":4,"ch":41,"sticky":null},"text":[" "],"removed":[""],"origin":"+input"}
2019-4-30 11:49:13.341#change#{"from":{"line":4,"ch":42,"sticky":null},"to":{"line":4,"ch":42,"sticky":null},"text":["o"],"removed":[""],"origin":"+input"}
2019-4-30 11:49:13.662#change#{"from":{"line":4,"ch":43,"sticky":null},"to":{"line":4,"ch":43,"sticky":null},"text":["r"],"removed":[""],"origin":"+input"}
2019-4-30 11:49:30.542#change#{"from":{"line":4,"ch":44,"sticky":null},"to":{"line":4,"ch":44,"sticky":null},"text":[" "],"removed":[""],"origin":"+input"}
2019-4-30 11:49:31.485#change#{"from":{"line":4,"ch":45,"sticky":null},"to":{"line":4,"ch":45,"sticky":null},"text":["H"],"removed":[""],"origin":"+input"}
2019-4-30 11:49:32.302#change#{"from":{"line":4,"ch":46,"sticky":null},"to":{"line":4,"ch":46,"sticky":null},"text":[" "],"removed":[""],"origin":"+input"}
2019-4-30 11:49:32.461#change#{"from":{"line":4,"ch":47,"sticky":null},"to":{"line":4,"ch":47,"sticky":null},"text":[","],"removed":[""],"origin":"+input"}
2019-4-30 11:49:33.258#change#{"from":{"line":4,"ch":47,"sticky":"after"},"to":{"line":4,"ch":48,"sticky":null},"text":[""],"removed":[","],"origin":"+delete"}
2019-4-30 11:49:33.258#keyHandled#"Backspace"
2019-4-30 11:49:33.646#change#{"from":{"line":4,"ch":47,"sticky":null},"to":{"line":4,"ch":47,"sticky":null},"text":["<"],"removed":[""],"origin":"+input"}
2019-4-30 11:49:34.334#change#{"from":{"line":4,"ch":48,"sticky":null},"to":{"line":4,"ch":48,"sticky":null},"text":[" "],"removed":[""],"origin":"+input"}
2019-4-30 11:49:35.774#change#{"from":{"line":4,"ch":49,"sticky":null},"to":{"line":4,"ch":49,"sticky":null},"text":["2"],"removed":[""],"origin":"+input"}
2019-4-30 11:49:36.894#change#{"from":{"line":4,"ch":50,"sticky":null},"to":{"line":4,"ch":50,"sticky":null},"text":["*"],"removed":[""],"origin":"+input"}
2019-4-30 11:49:37.598#change#{"from":{"line":4,"ch":51,"sticky":null},"to":{"line":4,"ch":51,"sticky":null},"text":["r"],"removed":[""],"origin":"+input"}
2019-4-30 11:49:37.598#change#{"from":{"line":4,"ch":51,"sticky":null},"to":{"line":4,"ch":51,"sticky":null},"text":["r"],"removed":[""],"origin":"+input"}
2019-4-30 11:49:40.439#dica_bullet#SyntaxError: invalid syntax
2019-4-30 11:49:41.082#saida_testar#$ python3 main.py
File "main.py", line 8
elif
SyntaxError: invalid syntax
2019-4-30 11:49:41.961#mousedown#{"isTrusted":true}
2019-4-30 11:49:43.067#change#{"from":{"line":7,"ch":0,"sticky":"after","xRel":3.4000244140625},"to":{"line":7,"ch":4,"sticky":"before","xRel":17.4000244140625},"text":[""],"removed":["elif"],"origin":"+delete"}
2019-4-30 11:49:43.067#keyHandled#"Backspace"
