== SUBMITION (2019-04-11 18:24:45) 
-- CODE:
# Teste seu código aos poucos.
# Não teste tudo no final, pois fica mais difícil de identificar erros.
# Use as mensagens de erro para corrigir seu código.
x=int(input("digite o x"))
y=int(input("digite o y"))
reta=2*x+y
if (reta==3):
	mensagem= "ponto pertence a reta"
else:
	mensagem= "pomto nao pertence a reta"
print(mensagem)
-- EXECUTION TIME:
0.144064
-- TEST CASE 1:
---- input:
20
-37
---- correct output:
ponto pertence a reta
---- user output:
ponto pertence a reta
-- TEST CASE 2:
---- input:
5
13
---- correct output:
ponto nao pertence a reta
---- user output:
pomto nao pertence a reta
-- GRADE:
0%
*-*-*-*-*-*-*-*-*-*-*-*-*-*-*-*-*-*-*-*-*-*-*-*
== TEST (2019-04-11 18:25:22) 
-- CODE:
# Teste seu código aos poucos.
# Não teste tudo no final, pois fica mais difícil de identificar erros.
# Use as mensagens de erro para corrigir seu código.
x=int(input("digite o x"))
y=int(input("digite o y"))
reta=2*x+y
if (reta==3):
	mensagem= "ponto pertence a reta"
else:
	mensagem= "pomto nao pertence a reta"
print(mensagem)
-- OUTPUT:
ponto pertence a reta
*-*-*-*-*-*-*-*-*-*-*-*-*-*-*-*-*-*-*-*-*-*-*-*
== SUBMITION (2019-04-11 18:26:41) 
-- CODE:
# Teste seu código aos poucos.
# Não teste tudo no final, pois fica mais difícil de identificar erros.
# Use as mensagens de erro para corrigir seu código.
x=int(input("digite o x"))
y=int(input("digite o y"))
reta=2*x+y
if (reta==3):
	mensagem= "ponto pertence a reta"
else:
	mensagem= "pomto nao pertence a reta"
print(mensagem)
-- EXECUTION TIME:
0.214988
-- TEST CASE 1:
---- input:
20
-37
---- correct output:
ponto pertence a reta
---- user output:
ponto pertence a reta
-- TEST CASE 2:
---- input:
5
13
---- correct output:
ponto nao pertence a reta
---- user output:
pomto nao pertence a reta
-- GRADE:
0%
*-*-*-*-*-*-*-*-*-*-*-*-*-*-*-*-*-*-*-*-*-*-*-*
== TEST (2019-04-11 18:26:44) 
-- CODE:
# Teste seu código aos poucos.
# Não teste tudo no final, pois fica mais difícil de identificar erros.
# Use as mensagens de erro para corrigir seu código.
x=int(input("digite o x"))
y=int(input("digite o y"))
reta=2*x+y
if (reta==3):
	mensagem= "ponto pertence a reta"
else:
	mensagem= "pomto nao pertence a reta"
print(mensagem)
-- OUTPUT:
ponto pertence a reta
*-*-*-*-*-*-*-*-*-*-*-*-*-*-*-*-*-*-*-*-*-*-*-*
== TEST (2019-04-11 18:27:05) 
-- CODE:
# Teste seu código aos poucos.
# Não teste tudo no final, pois fica mais difícil de identificar erros.
# Use as mensagens de erro para corrigir seu código.
x=int(input("digite o x":))
y=int(input("digite o y":))
reta=2*x+y
if (reta==3):
	mensagem= "ponto pertence a reta"
else:
	mensagem= "pomto nao pertence a reta"
print(mensagem)
-- ERROR:
File "XXXX", line 4
    x=int(input("digite o x":))
                            ^
SyntaxError: invalid syntax
*-*-*-*-*-*-*-*-*-*-*-*-*-*-*-*-*-*-*-*-*-*-*-*
== TEST (2019-04-11 18:27:35) 
-- CODE:
# Teste seu código aos poucos.
# Não teste tudo no final, pois fica mais difícil de identificar erros.
# Use as mensagens de erro para corrigir seu código.
x=int(input("x"))
y=int(input("y"))
reta=2*x+y
if (reta==3):
	mensagem= "ponto pertence a reta"
else:
	mensagem= "pomto nao pertence a reta"
print(mensagem)
-- OUTPUT:
ponto pertence a reta
*-*-*-*-*-*-*-*-*-*-*-*-*-*-*-*-*-*-*-*-*-*-*-*
== TEST (2019-04-11 18:28:09) 
-- CODE:
# Teste seu código aos poucos.
# Não teste tudo no final, pois fica mais difícil de identificar erros.
# Use as mensagens de erro para corrigir seu código.
x=float(input("x"))
y=float(input("y"))
reta=2*x+y
if (reta==3):
	mensagem= "ponto pertence a reta"
else:
	mensagem= "pomto nao pertence a reta"
print(mensagem)
-- OUTPUT:
ponto pertence a reta
*-*-*-*-*-*-*-*-*-*-*-*-*-*-*-*-*-*-*-*-*-*-*-*
== SUBMITION (2019-04-11 18:28:21) 
-- CODE:
# Teste seu código aos poucos.
# Não teste tudo no final, pois fica mais difícil de identificar erros.
# Use as mensagens de erro para corrigir seu código.
x=float(input("x"))
y=float(input("y"))
reta=2*x+y
if (reta==3):
	mensagem= "ponto pertence a reta"
else:
	mensagem= "pomto nao pertence a reta"
print(mensagem)
-- EXECUTION TIME:
0.178563
-- TEST CASE 1:
---- input:
20
-37
---- correct output:
ponto pertence a reta
---- user output:
ponto pertence a reta
-- TEST CASE 2:
---- input:
5
13
---- correct output:
ponto nao pertence a reta
---- user output:
pomto nao pertence a reta
-- GRADE:
0%
*-*-*-*-*-*-*-*-*-*-*-*-*-*-*-*-*-*-*-*-*-*-*-*
== SUBMITION (2019-04-11 18:28:24) 
-- CODE:
# Teste seu código aos poucos.
# Não teste tudo no final, pois fica mais difícil de identificar erros.
# Use as mensagens de erro para corrigir seu código.
x=float(input("x"))
y=float(input("y"))
reta=2*x+y
if (reta==3):
	mensagem= "ponto pertence a reta"
else:
	mensagem= "pomto nao pertence a reta"
print(mensagem)
-- EXECUTION TIME:
0.156328
-- TEST CASE 1:
---- input:
20
-37
---- correct output:
ponto pertence a reta
---- user output:
ponto pertence a reta
-- TEST CASE 2:
---- input:
5
13
---- correct output:
ponto nao pertence a reta
---- user output:
pomto nao pertence a reta
-- GRADE:
0%
*-*-*-*-*-*-*-*-*-*-*-*-*-*-*-*-*-*-*-*-*-*-*-*
== SUBMITION (2019-04-11 18:28:36) 
-- CODE:
# Teste seu código aos poucos.
# Não teste tudo no final, pois fica mais difícil de identificar erros.
# Use as mensagens de erro para corrigir seu código.
x=float(input("x"))
y=float(input("y"))
reta=2*x+y
if (reta==3):
	mensagem= "ponto pertence a reta"
else:
	mensagem= "ponto nao pertence a reta"
print(mensagem)
-- EXECUTION TIME:
0.177959
-- TEST CASE 1:
---- input:
20
-37
---- correct output:
ponto pertence a reta
---- user output:
ponto pertence a reta
-- TEST CASE 2:
---- input:
5
13
---- correct output:
ponto nao pertence a reta
---- user output:
ponto nao pertence a reta
-- GRADE:
100%
*-*-*-*-*-*-*-*-*-*-*-*-*-*-*-*-*-*-*-*-*-*-*-*
