== SUBMITION (2019-03-13 13:07:38) 
-- CODE:
string = "Augusta Ada Byron, a Condessa de Lovelace, nasceu em 1815, na Inglaterra."
print("Augusta Ada Byron, a Condessa de Lovelace, nasceu em 1815, na Inglaterra.".lower())
-- EXECUTION TIME:
0.168476
-- TEST CASE 1:
---- input:
nonono
---- correct output:
augusta ada byron, a condessa de lovelace, nasceu em 1815, na inglaterra.
---- user output:
augusta ada byron, a condessa de lovelace, nasceu em 1815, na inglaterra.
-- GRADE:
100%
*-*-*-*-*-*-*-*-*-*-*-*-*-*-*-*-*-*-*-*-*-*-*-*
== SUBMITION (2019-03-15 13:29:37) 
-- CODE:
string = "Augusta Ada Byron, a Condessa de Lovelace, nasceu em 1815, na Inglaterra."
print("Augusta Ada Byron, a Condessa de Lovelace, nasceu em 1815, na Inglaterra.".lower())
-- EXECUTION TIME:
0.133456
-- TEST CASE 1:
---- input:
nonono
---- correct output:
augusta ada byron, a condessa de lovelace, nasceu em 1815, na inglaterra.
---- user output:
augusta ada byron, a condessa de lovelace, nasceu em 1815, na inglaterra.
-- GRADE:
100%
*-*-*-*-*-*-*-*-*-*-*-*-*-*-*-*-*-*-*-*-*-*-*-*
== SUBMITION (2019-03-15 13:30:42) 
-- CODE:
string = "Augusta Ada Byron, a Condessa de Lovelace, nasceu em 1815, na Inglaterra."
print("Augusta Ada Byron, a Condessa de Lovelace, nasceu em 1815, na Inglaterra.".lower())
-- EXECUTION TIME:
0.136188
-- TEST CASE 1:
---- input:
nonono
---- correct output:
augusta ada byron, a condessa de lovelace, nasceu em 1815, na inglaterra.
---- user output:
augusta ada byron, a condessa de lovelace, nasceu em 1815, na inglaterra.
-- GRADE:
100%
*-*-*-*-*-*-*-*-*-*-*-*-*-*-*-*-*-*-*-*-*-*-*-*
== SUBMITION (2019-03-15 13:54:52) 
-- CODE:
string = "Augusta Ada Byron, a Condessa de Lovelace, nasceu em 1815, na Inglaterra."
print("Augusta Ada Byron, a Condessa de Lovelace, nasceu em 1815, na Inglaterra.".lower())
-- EXECUTION TIME:
0.17609
-- TEST CASE 1:
---- input:
nonono
---- correct output:
augusta ada byron, a condessa de lovelace, nasceu em 1815, na inglaterra.
---- user output:
augusta ada byron, a condessa de lovelace, nasceu em 1815, na inglaterra.
-- GRADE:
100%
*-*-*-*-*-*-*-*-*-*-*-*-*-*-*-*-*-*-*-*-*-*-*-*
== SUBMITION (2019-03-15 14:12:23) 
-- CODE:
string = "Augusta Ada Byron, a Condessa de Lovelace, nasceu em 1815, na Inglaterra."
print("Augusta Ada Byron, a Condessa de Lovelace, nasceu em 1815, na Inglaterra.".lower())
-- EXECUTION TIME:
0.130242
-- TEST CASE 1:
---- input:
nonono
---- correct output:
augusta ada byron, a condessa de lovelace, nasceu em 1815, na inglaterra.
---- user output:
augusta ada byron, a condessa de lovelace, nasceu em 1815, na inglaterra.
-- GRADE:
100%
*-*-*-*-*-*-*-*-*-*-*-*-*-*-*-*-*-*-*-*-*-*-*-*
