== TEST (2019-06-10 16:44:35) 
-- CODE:
na=int(input())
nb=int(input())
pa=float(input())
pb=float(input())
anos=0

while (na<nb):
	cresa=na*(pa/100)
	na=na+cresa
	cresb=nb*(pb/100)
	nb=nb+cresb
	anos=anos+1
print(anos)

-- OUTPUT:
5
*-*-*-*-*-*-*-*-*-*-*-*-*-*-*-*-*-*-*-*-*-*-*-*
== SUBMITION (2019-06-10 16:45:43) 
-- CODE:
na=int(input())
nb=int(input())
pa=float(input())
pb=float(input())
anos=0

while (na<nb):
	cresa=na*(pa/100)
	na=na+cresa
	cresb=nb*(pb/100)
	nb=nb+cresb
	anos=anos+1
print(anos)

-- EXECUTION TIME:
0.817603
-- TEST CASE 1:
---- input:
250150
580000
35.5
10.5
---- correct output:
5
---- user output:
5
-- TEST CASE 2:
---- input:
180250
1200000
10.25
5.7
---- correct output:
45
---- user output:
45
-- TEST CASE 3:
---- input:
1000000
1650000
12.75
3.2
---- correct output:
6
---- user output:
6
-- GRADE:
100%
*-*-*-*-*-*-*-*-*-*-*-*-*-*-*-*-*-*-*-*-*-*-*-*
