== TEST (2019-06-09 15:20:03) 
-- CODE:
from numpy import *
v1=array(eval(input()))
n=size(v1)
mult=1

m=sum(v1)/size(v1)
for i in range(size(v1)):
	a=abs(v[i]-m)
	mult=mult*a
p=(mult)**(1/n)
print(round(p,3))


-- ERROR:
Traceback (most recent call last):
  File "XXXX", line 1, in <module>
    from numpy import *
ModuleNotFoundError: No module named 'numpy'
*-*-*-*-*-*-*-*-*-*-*-*-*-*-*-*-*-*-*-*-*-*-*-*
== SUBMITION (2019-06-09 15:20:40) 
-- CODE:
from numpy import *
v1=array(eval(input()))
n=size(v1)
mult=1

m=sum(v1)/size(v1)
for i in range(size(v1)):
	a=abs(v1[i]-m)
	mult=mult*a
p=(mult)**(1/n)
print(round(p,3))


-- EXECUTION TIME:
0.945492
-- TEST CASE 1:
---- input:
[-25,8,-6,10,12,13,-4,-7,-9]
---- correct output:
8.839
---- user output:
8.839
-- TEST CASE 2:
---- input:
[-1.5,-5.5,-3.8,-9.6,-12.8,-13.3,-15.9]
---- correct output:
3.757
---- user output:
3.757
-- TEST CASE 3:
---- input:
[32.2,31.6,42.8,61.7,10.5,52.7,15.9,17.8,19.2]
---- correct output:
0.212
---- user output:
0.212
-- GRADE:
100%
*-*-*-*-*-*-*-*-*-*-*-*-*-*-*-*-*-*-*-*-*-*-*-*
