2019-4-1 19:01:40.678#viewportChange#0
2019-4-1 19:07:09.576#mousedown#{"isTrusted":true}
2019-4-1 19:07:09.586#focus#
2019-4-1 19:07:35.911#blur#
2019-4-1 19:26:09.220#mousedown#{"isTrusted":true}
2019-4-1 19:26:09.225#focus#
2019-4-1 19:29:08.526#change#{"from":{"line":0,"ch":1,"sticky":null},"to":{"line":0,"ch":1,"sticky":null},"text":["g"],"removed":[""],"origin":"+input"}
2019-4-1 19:29:10.505#change#{"from":{"line":0,"ch":2,"sticky":null},"to":{"line":0,"ch":2,"sticky":null},"text":["="],"removed":[""],"origin":"+input"}
2019-4-1 19:29:14.862#change#{"from":{"line":0,"ch":3,"sticky":null},"to":{"line":0,"ch":3,"sticky":null},"text":["f"],"removed":[""],"origin":"+input"}
2019-4-1 19:29:15.054#change#{"from":{"line":0,"ch":4,"sticky":null},"to":{"line":0,"ch":4,"sticky":null},"text":["l"],"removed":[""],"origin":"+input"}
2019-4-1 19:29:15.209#change#{"from":{"line":0,"ch":5,"sticky":null},"to":{"line":0,"ch":5,"sticky":null},"text":["o"],"removed":[""],"origin":"+input"}
2019-4-1 19:29:15.468#change#{"from":{"line":0,"ch":6,"sticky":null},"to":{"line":0,"ch":6,"sticky":null},"text":["a"],"removed":[""],"origin":"+input"}
2019-4-1 19:29:15.658#change#{"from":{"line":0,"ch":7,"sticky":null},"to":{"line":0,"ch":7,"sticky":null},"text":["t"],"removed":[""],"origin":"+input"}
2019-4-1 19:29:18.677#change#{"from":{"line":0,"ch":8,"sticky":null},"to":{"line":0,"ch":8,"sticky":null},"text":["="],"removed":[""],"origin":"+input"}
2019-4-1 19:29:20.157#change#{"from":{"line":0,"ch":9,"sticky":null},"to":{"line":0,"ch":9,"sticky":null},"text":["."],"removed":[""],"origin":"+input"}
2019-4-1 19:29:26.565#change#{"from":{"line":0,"ch":9,"sticky":"after"},"to":{"line":0,"ch":10,"sticky":null},"text":[""],"removed":["."],"origin":"+delete"}
2019-4-1 19:29:26.565#keyHandled#"Backspace"
2019-4-1 19:29:27.012#change#{"from":{"line":0,"ch":8,"sticky":"after"},"to":{"line":0,"ch":9,"sticky":null},"text":[""],"removed":["="],"origin":"+delete"}
2019-4-1 19:29:27.012#keyHandled#"Backspace"
2019-4-1 19:29:28.612#change#{"from":{"line":0,"ch":8,"sticky":null},"to":{"line":0,"ch":8,"sticky":null},"text":["()"],"removed":[""],"origin":"+input"}
2019-4-1 19:29:28.612#keyHandled#"'('"
2019-4-1 19:29:32.903#change#{"from":{"line":0,"ch":9,"sticky":"after"},"to":{"line":0,"ch":9,"sticky":"after"},"text":["i"],"removed":[""],"origin":"+input"}
2019-4-1 19:29:33.119#change#{"from":{"line":0,"ch":10,"sticky":null},"to":{"line":0,"ch":10,"sticky":null},"text":["n"],"removed":[""],"origin":"+input"}
2019-4-1 19:29:43.595#change#{"from":{"line":0,"ch":11,"sticky":null},"to":{"line":0,"ch":11,"sticky":null},"text":["p"],"removed":[""],"origin":"+input"}
2019-4-1 19:29:44.022#change#{"from":{"line":0,"ch":12,"sticky":null},"to":{"line":0,"ch":12,"sticky":null},"text":["u"],"removed":[""],"origin":"+input"}
2019-4-1 19:29:44.407#change#{"from":{"line":0,"ch":13,"sticky":null},"to":{"line":0,"ch":13,"sticky":null},"text":["t"],"removed":[""],"origin":"+input"}
2019-4-1 19:29:51.682#change#{"from":{"line":0,"ch":14,"sticky":null},"to":{"line":0,"ch":14,"sticky":null},"text":["9"],"removed":[""],"origin":"+input"}
2019-4-1 19:29:52.815#change#{"from":{"line":0,"ch":14,"sticky":"after"},"to":{"line":0,"ch":15,"sticky":null},"text":[""],"removed":["9"],"origin":"+delete"}
2019-4-1 19:29:52.815#keyHandled#"Backspace"
2019-4-1 19:29:53.607#change#{"from":{"line":0,"ch":14,"sticky":null},"to":{"line":0,"ch":14,"sticky":null},"text":["()"],"removed":[""],"origin":"+input"}
2019-4-1 19:29:53.607#keyHandled#"'('"
2019-4-1 19:29:55.357#change#{"from":{"line":0,"ch":15,"sticky":"after"},"to":{"line":0,"ch":15,"sticky":"after"},"text":["\"\""],"removed":[""],"origin":"+input"}
2019-4-1 19:29:55.357#keyHandled#"'\"'"
2019-4-1 19:29:56.770#change#{"from":{"line":0,"ch":16,"sticky":"after"},"to":{"line":0,"ch":16,"sticky":"after"},"text":["q"],"removed":[""],"origin":"+input"}
2019-4-1 19:29:56.955#change#{"from":{"line":0,"ch":17,"sticky":null},"to":{"line":0,"ch":17,"sticky":null},"text":["u"],"removed":[""],"origin":"+input"}
2019-4-1 19:29:57.116#change#{"from":{"line":0,"ch":18,"sticky":null},"to":{"line":0,"ch":18,"sticky":null},"text":["a"],"removed":[""],"origin":"+input"}
2019-4-1 19:29:57.449#change#{"from":{"line":0,"ch":19,"sticky":null},"to":{"line":0,"ch":19,"sticky":null},"text":["l"],"removed":[""],"origin":"+input"}
2019-4-1 19:29:57.907#change#{"from":{"line":0,"ch":20,"sticky":null},"to":{"line":0,"ch":20,"sticky":null},"text":[" "],"removed":[""],"origin":"+input"}
2019-4-1 19:30:12.228#change#{"from":{"line":0,"ch":21,"sticky":null},"to":{"line":0,"ch":21,"sticky":null},"text":["a"],"removed":[""],"origin":"+input"}
2019-4-1 19:30:12.333#change#{"from":{"line":0,"ch":22,"sticky":null},"to":{"line":0,"ch":22,"sticky":null},"text":[" "],"removed":[""],"origin":"+input"}
2019-4-1 19:30:12.535#change#{"from":{"line":0,"ch":23,"sticky":null},"to":{"line":0,"ch":23,"sticky":null},"text":["m"],"removed":[""],"origin":"+input"}
2019-4-1 19:30:12.676#change#{"from":{"line":0,"ch":24,"sticky":null},"to":{"line":0,"ch":24,"sticky":null},"text":["a"],"removed":[""],"origin":"+input"}
2019-4-1 19:30:12.922#change#{"from":{"line":0,"ch":25,"sticky":null},"to":{"line":0,"ch":25,"sticky":null},"text":["s"],"removed":[""],"origin":"+input"}
2019-4-1 19:30:13.049#change#{"from":{"line":0,"ch":26,"sticky":null},"to":{"line":0,"ch":26,"sticky":null},"text":["s"],"removed":[""],"origin":"+input"}
2019-4-1 19:30:13.343#change#{"from":{"line":0,"ch":27,"sticky":null},"to":{"line":0,"ch":27,"sticky":null},"text":["s"],"removed":[""],"origin":"+input"}
2019-4-1 19:30:14.113#change#{"from":{"line":0,"ch":27,"sticky":"after"},"to":{"line":0,"ch":28,"sticky":null},"text":[""],"removed":["s"],"origin":"+delete"}
2019-4-1 19:30:14.113#keyHandled#"Backspace"
2019-4-1 19:30:14.245#change#{"from":{"line":0,"ch":27,"sticky":null},"to":{"line":0,"ch":27,"sticky":null},"text":["a"],"removed":[""],"origin":"+input"}
2019-4-1 19:30:15.254#change#{"from":{"line":0,"ch":28,"sticky":null},"to":{"line":0,"ch":28,"sticky":null},"text":["?"],"removed":[""],"origin":"+input"}
2019-4-1 19:30:16.313#keyHandled#"Right"
2019-4-1 19:30:16.449#keyHandled#"Right"
2019-4-1 19:30:17.093#keyHandled#"Right"
2019-4-1 19:30:17.607#change#{"from":{"line":0,"ch":32,"sticky":"before"},"to":{"line":0,"ch":32,"sticky":"before"},"text":["",""],"removed":[""],"origin":"+input"}
2019-4-1 19:30:17.607#keyHandled#"Enter"
2019-4-1 19:30:17.620#viewportChange#0
2019-4-1 19:30:20.472#change#{"from":{"line":1,"ch":0,"sticky":null},"to":{"line":1,"ch":0,"sticky":null},"text":["f"],"removed":[""],"origin":"+input"}
2019-4-1 19:30:20.607#change#{"from":{"line":1,"ch":1,"sticky":null},"to":{"line":1,"ch":1,"sticky":null},"text":["l"],"removed":[""],"origin":"+input"}
2019-4-1 19:30:20.795#change#{"from":{"line":1,"ch":2,"sticky":null},"to":{"line":1,"ch":2,"sticky":null},"text":["o"],"removed":[""],"origin":"+input"}
2019-4-1 19:30:21.014#change#{"from":{"line":1,"ch":3,"sticky":null},"to":{"line":1,"ch":3,"sticky":null},"text":["a"],"removed":[""],"origin":"+input"}
2019-4-1 19:30:21.237#change#{"from":{"line":1,"ch":4,"sticky":null},"to":{"line":1,"ch":4,"sticky":null},"text":["t"],"removed":[""],"origin":"+input"}
2019-4-1 19:30:23.693#change#{"from":{"line":1,"ch":5,"sticky":null},"to":{"line":1,"ch":5,"sticky":null},"text":["()"],"removed":[""],"origin":"+input"}
2019-4-1 19:30:23.693#keyHandled#"'('"
2019-4-1 19:30:25.185#change#{"from":{"line":1,"ch":6,"sticky":"after"},"to":{"line":1,"ch":6,"sticky":"after"},"text":["i"],"removed":[""],"origin":"+input"}
2019-4-1 19:30:25.325#change#{"from":{"line":1,"ch":7,"sticky":null},"to":{"line":1,"ch":7,"sticky":null},"text":["n"],"removed":[""],"origin":"+input"}
2019-4-1 19:30:25.804#change#{"from":{"line":1,"ch":8,"sticky":null},"to":{"line":1,"ch":8,"sticky":null},"text":["p"],"removed":[""],"origin":"+input"}
2019-4-1 19:30:26.233#change#{"from":{"line":1,"ch":9,"sticky":null},"to":{"line":1,"ch":9,"sticky":null},"text":["u"],"removed":[""],"origin":"+input"}
2019-4-1 19:30:26.943#change#{"from":{"line":1,"ch":10,"sticky":null},"to":{"line":1,"ch":10,"sticky":null},"text":["t"],"removed":[""],"origin":"+input"}
2019-4-1 19:30:29.334#change#{"from":{"line":1,"ch":11,"sticky":null},"to":{"line":1,"ch":11,"sticky":null},"text":["9"],"removed":[""],"origin":"+input"}
2019-4-1 19:30:30.271#change#{"from":{"line":1,"ch":11,"sticky":"after"},"to":{"line":1,"ch":12,"sticky":null},"text":[""],"removed":["9"],"origin":"+delete"}
2019-4-1 19:30:30.271#keyHandled#"Backspace"
2019-4-1 19:30:30.674#change#{"from":{"line":1,"ch":11,"sticky":null},"to":{"line":1,"ch":11,"sticky":null},"text":["()"],"removed":[""],"origin":"+input"}
2019-4-1 19:30:30.674#keyHandled#"'('"
2019-4-1 19:30:39.219#keyHandled#"Right"
2019-4-1 19:30:39.496#keyHandled#"Right"
2019-4-1 19:30:41.135#change#{"from":{"line":1,"ch":14,"sticky":"before"},"to":{"line":1,"ch":14,"sticky":"before"},"text":["",""],"removed":[""],"origin":"+input"}
2019-4-1 19:30:41.135#keyHandled#"Enter"
2019-4-1 19:30:41.148#viewportChange#0
2019-4-1 19:30:42.415#change#{"from":{"line":2,"ch":0,"sticky":null},"to":{"line":2,"ch":0,"sticky":null},"text":["f"],"removed":[""],"origin":"+input"}
2019-4-1 19:30:42.752#change#{"from":{"line":2,"ch":1,"sticky":null},"to":{"line":2,"ch":1,"sticky":null},"text":["l"],"removed":[""],"origin":"+input"}
2019-4-1 19:30:42.945#change#{"from":{"line":2,"ch":2,"sticky":null},"to":{"line":2,"ch":2,"sticky":null},"text":["o"],"removed":[""],"origin":"+input"}
2019-4-1 19:30:43.508#change#{"from":{"line":2,"ch":3,"sticky":null},"to":{"line":2,"ch":3,"sticky":null},"text":["a"],"removed":[""],"origin":"+input"}
2019-4-1 19:30:43.819#change#{"from":{"line":2,"ch":4,"sticky":null},"to":{"line":2,"ch":4,"sticky":null},"text":["t"],"removed":[""],"origin":"+input"}
2019-4-1 19:30:46.585#change#{"from":{"line":2,"ch":5,"sticky":null},"to":{"line":2,"ch":5,"sticky":null},"text":["9"],"removed":[""],"origin":"+input"}
2019-4-1 19:30:47.523#change#{"from":{"line":2,"ch":5,"sticky":"after"},"to":{"line":2,"ch":6,"sticky":null},"text":[""],"removed":["9"],"origin":"+delete"}
2019-4-1 19:30:47.523#keyHandled#"Backspace"
2019-4-1 19:30:48.012#change#{"from":{"line":2,"ch":5,"sticky":null},"to":{"line":2,"ch":5,"sticky":null},"text":["()"],"removed":[""],"origin":"+input"}
2019-4-1 19:30:48.012#keyHandled#"'('"
2019-4-1 19:31:03.516#mousedown#{"isTrusted":true}
2019-4-1 19:31:14.184#change#{"from":{"line":1,"ch":0,"sticky":"after","xRel":0.08331298828125},"to":{"line":1,"ch":0,"sticky":"after","xRel":0.08331298828125},"text":["v"],"removed":[""],"origin":"+input"}
2019-4-1 19:31:14.450#change#{"from":{"line":1,"ch":1,"sticky":null},"to":{"line":1,"ch":1,"sticky":null},"text":["p"],"removed":[""],"origin":"+input"}
2019-4-1 19:31:17.433#change#{"from":{"line":1,"ch":2,"sticky":null},"to":{"line":1,"ch":2,"sticky":null},"text":["="],"removed":[""],"origin":"+input"}
2019-4-1 19:31:18.688#mousedown#{"isTrusted":true}
2019-4-1 19:31:20.462#change#{"from":{"line":1,"ch":15,"sticky":"after","xRel":0.08331298828125},"to":{"line":1,"ch":15,"sticky":"after","xRel":0.08331298828125},"text":["\"\""],"removed":[""],"origin":"+input"}
2019-4-1 19:31:20.462#keyHandled#"'\"'"
2019-4-1 19:31:21.034#change#{"from":{"line":1,"ch":16,"sticky":"after"},"to":{"line":1,"ch":16,"sticky":"after"},"text":["q"],"removed":[""],"origin":"+input"}
2019-4-1 19:31:21.546#change#{"from":{"line":1,"ch":17,"sticky":null},"to":{"line":1,"ch":17,"sticky":null},"text":["u"],"removed":[""],"origin":"+input"}
2019-4-1 19:31:21.698#change#{"from":{"line":1,"ch":18,"sticky":null},"to":{"line":1,"ch":18,"sticky":null},"text":["a"],"removed":[""],"origin":"+input"}
2019-4-1 19:31:22.482#change#{"from":{"line":1,"ch":19,"sticky":null},"to":{"line":1,"ch":19,"sticky":null},"text":["l"],"removed":[""],"origin":"+input"}
2019-4-1 19:31:22.743#change#{"from":{"line":1,"ch":20,"sticky":null},"to":{"line":1,"ch":20,"sticky":null},"text":[" "],"removed":[""],"origin":"+input"}
2019-4-1 19:31:23.077#change#{"from":{"line":1,"ch":21,"sticky":null},"to":{"line":1,"ch":21,"sticky":null},"text":["a"],"removed":[""],"origin":"+input"}
2019-4-1 19:31:23.251#change#{"from":{"line":1,"ch":22,"sticky":null},"to":{"line":1,"ch":22,"sticky":null},"text":[" "],"removed":[""],"origin":"+input"}
2019-4-1 19:31:24.050#change#{"from":{"line":1,"ch":23,"sticky":null},"to":{"line":1,"ch":23,"sticky":null},"text":["v"],"removed":[""],"origin":"+input"}
2019-4-1 19:31:24.232#change#{"from":{"line":1,"ch":24,"sticky":null},"to":{"line":1,"ch":24,"sticky":null},"text":["e"],"removed":[""],"origin":"+input"}
2019-4-1 19:31:24.561#change#{"from":{"line":1,"ch":25,"sticky":null},"to":{"line":1,"ch":25,"sticky":null},"text":["l"],"removed":[""],"origin":"+input"}
2019-4-1 19:31:24.755#change#{"from":{"line":1,"ch":26,"sticky":null},"to":{"line":1,"ch":26,"sticky":null},"text":["o"],"removed":[""],"origin":"+input"}
2019-4-1 19:31:24.974#change#{"from":{"line":1,"ch":27,"sticky":null},"to":{"line":1,"ch":27,"sticky":null},"text":["c"],"removed":[""],"origin":"+input"}
2019-4-1 19:31:25.122#change#{"from":{"line":1,"ch":28,"sticky":null},"to":{"line":1,"ch":28,"sticky":null},"text":["i"],"removed":[""],"origin":"+input"}
2019-4-1 19:31:25.457#change#{"from":{"line":1,"ch":29,"sticky":null},"to":{"line":1,"ch":29,"sticky":null},"text":["f"],"removed":[""],"origin":"+input"}
2019-4-1 19:31:26.516#change#{"from":{"line":1,"ch":29,"sticky":"after"},"to":{"line":1,"ch":30,"sticky":null},"text":[""],"removed":["f"],"origin":"+delete"}
2019-4-1 19:31:26.517#keyHandled#"Backspace"
2019-4-1 19:31:26.632#change#{"from":{"line":1,"ch":29,"sticky":null},"to":{"line":1,"ch":29,"sticky":null},"text":["d"],"removed":[""],"origin":"+input"}
2019-4-1 19:31:26.926#change#{"from":{"line":1,"ch":30,"sticky":null},"to":{"line":1,"ch":30,"sticky":null},"text":["a"],"removed":[""],"origin":"+input"}
2019-4-1 19:31:27.213#change#{"from":{"line":1,"ch":31,"sticky":null},"to":{"line":1,"ch":31,"sticky":null},"text":["d"],"removed":[""],"origin":"+input"}
2019-4-1 19:31:27.384#change#{"from":{"line":1,"ch":32,"sticky":null},"to":{"line":1,"ch":32,"sticky":null},"text":["e"],"removed":[""],"origin":"+input"}
2019-4-1 19:31:29.228#keyHandled#"Right"
2019-4-1 19:31:29.375#keyHandled#"Right"
2019-4-1 19:31:30.131#keyHandled#"Right"
2019-4-1 19:31:30.439#change#{"from":{"line":1,"ch":37,"sticky":"before"},"to":{"line":1,"ch":37,"sticky":"before"},"text":["",""],"removed":[""],"origin":"+input"}
2019-4-1 19:31:30.439#keyHandled#"Enter"
2019-4-1 19:31:30.454#viewportChange#0
2019-4-1 19:31:31.935#change#{"from":{"line":1,"ch":37,"sticky":"before"},"to":{"line":2,"ch":0,"sticky":null},"text":[""],"removed":["",""],"origin":"+delete"}
2019-4-1 19:31:31.935#keyHandled#"Backspace"
2019-4-1 19:31:31.953#viewportChange#0
2019-4-1 19:31:33.388#keyHandled#"Right"
2019-4-1 19:31:33.586#keyHandled#"Left"
2019-4-1 19:31:34.511#keyHandled#"Down"
2019-4-1 19:31:34.788#keyHandled#"Left"
2019-4-1 19:31:35.288#keyHandled#"Left"
2019-4-1 19:31:35.339#keyHandled#"Left"
2019-4-1 19:31:35.389#keyHandled#"Left"
2019-4-1 19:31:35.535#keyHandled#"Left"
2019-4-1 19:31:35.703#keyHandled#"Left"
2019-4-1 19:31:35.868#keyHandled#"Left"
2019-4-1 19:31:38.381#change#{"from":{"line":2,"ch":0,"sticky":"after"},"to":{"line":2,"ch":0,"sticky":"after"},"text":["m"],"removed":[""],"origin":"+input"}
2019-4-1 19:31:38.841#change#{"from":{"line":2,"ch":1,"sticky":null},"to":{"line":2,"ch":1,"sticky":null},"text":["p"],"removed":[""],"origin":"+input"}
2019-4-1 19:31:39.991#change#{"from":{"line":2,"ch":2,"sticky":null},"to":{"line":2,"ch":2,"sticky":null},"text":["="],"removed":[""],"origin":"+input"}
2019-4-1 19:31:42.183#keyHandled#"Right"
2019-4-1 19:31:42.357#keyHandled#"Right"
2019-4-1 19:31:42.553#keyHandled#"Right"
2019-4-1 19:31:42.825#keyHandled#"Right"
2019-4-1 19:31:43.029#keyHandled#"Right"
2019-4-1 19:31:43.338#keyHandled#"Right"
2019-4-1 19:31:44.375#change#{"from":{"line":2,"ch":9,"sticky":"before"},"to":{"line":2,"ch":9,"sticky":"before"},"text":["i"],"removed":[""],"origin":"+input"}
2019-4-1 19:31:44.534#change#{"from":{"line":2,"ch":10,"sticky":null},"to":{"line":2,"ch":10,"sticky":null},"text":["m"],"removed":[""],"origin":"+input"}
2019-4-1 19:31:45.525#change#{"from":{"line":2,"ch":10,"sticky":"after"},"to":{"line":2,"ch":11,"sticky":null},"text":[""],"removed":["m"],"origin":"+delete"}
2019-4-1 19:31:45.525#keyHandled#"Backspace"
2019-4-1 19:31:45.724#change#{"from":{"line":2,"ch":10,"sticky":null},"to":{"line":2,"ch":10,"sticky":null},"text":["n"],"removed":[""],"origin":"+input"}
2019-4-1 19:31:45.923#change#{"from":{"line":2,"ch":11,"sticky":null},"to":{"line":2,"ch":11,"sticky":null},"text":["p"],"removed":[""],"origin":"+input"}
2019-4-1 19:31:46.256#change#{"from":{"line":2,"ch":12,"sticky":null},"to":{"line":2,"ch":12,"sticky":null},"text":["u"],"removed":[""],"origin":"+input"}
2019-4-1 19:31:46.369#change#{"from":{"line":2,"ch":13,"sticky":null},"to":{"line":2,"ch":13,"sticky":null},"text":["u"],"removed":[""],"origin":"+input"}
2019-4-1 19:31:46.632#change#{"from":{"line":2,"ch":14,"sticky":null},"to":{"line":2,"ch":14,"sticky":null},"text":["t"],"removed":[""],"origin":"+input"}
2019-4-1 19:31:48.114#change#{"from":{"line":2,"ch":14,"sticky":"after"},"to":{"line":2,"ch":15,"sticky":null},"text":[""],"removed":["t"],"origin":"+delete"}
2019-4-1 19:31:48.114#keyHandled#"Backspace"
2019-4-1 19:31:48.473#change#{"from":{"line":2,"ch":12,"sticky":"after"},"to":{"line":2,"ch":13,"sticky":null},"text":[""],"removed":["u"],"origin":"+delete"}
2019-4-1 19:31:48.473#keyHandled#"Backspace"
2019-4-1 19:31:50.064#change#{"from":{"line":2,"ch":12,"sticky":null},"to":{"line":2,"ch":12,"sticky":null},"text":["u"],"removed":[""],"origin":"+input"}
2019-4-1 19:31:50.289#change#{"from":{"line":2,"ch":13,"sticky":null},"to":{"line":2,"ch":13,"sticky":null},"text":["t"],"removed":[""],"origin":"+input"}
2019-4-1 19:31:52.175#change#{"from":{"line":2,"ch":14,"sticky":null},"to":{"line":2,"ch":14,"sticky":null},"text":["9"],"removed":[""],"origin":"+input"}
2019-4-1 19:31:53.214#change#{"from":{"line":2,"ch":15,"sticky":null},"to":{"line":2,"ch":15,"sticky":null},"text":["''"],"removed":[""],"origin":"+input"}
2019-4-1 19:31:53.214#keyHandled#"'''"
2019-4-1 19:31:55.645#change#{"from":{"line":2,"ch":15,"sticky":null},"to":{"line":2,"ch":17,"sticky":null},"text":[""],"removed":["''"],"origin":"+delete"}
2019-4-1 19:31:55.645#keyHandled#"Backspace"
2019-4-1 19:31:56.617#keyHandled#"Right"
2019-4-1 19:31:57.371#change#{"from":{"line":2,"ch":15,"sticky":"after"},"to":{"line":2,"ch":16,"sticky":"before"},"text":[""],"removed":[")"],"origin":"+delete"}
2019-4-1 19:31:57.371#keyHandled#"Backspace"
2019-4-1 19:31:57.731#change#{"from":{"line":2,"ch":14,"sticky":"after"},"to":{"line":2,"ch":15,"sticky":null},"text":[""],"removed":["9"],"origin":"+delete"}
2019-4-1 19:31:57.731#keyHandled#"Backspace"
2019-4-1 19:32:00.001#change#{"from":{"line":2,"ch":14,"sticky":null},"to":{"line":2,"ch":14,"sticky":null},"text":[")"],"removed":[""],"origin":"+input"}
2019-4-1 19:32:01.836#keyHandled#"Left"
2019-4-1 19:32:02.456#change#{"from":{"line":2,"ch":14,"sticky":"after"},"to":{"line":2,"ch":14,"sticky":"after"},"text":["()"],"removed":[""],"origin":"+input"}
2019-4-1 19:32:02.457#keyHandled#"'('"
2019-4-1 19:32:04.426#change#{"from":{"line":2,"ch":15,"sticky":"after"},"to":{"line":2,"ch":15,"sticky":"after"},"text":["\"\""],"removed":[""],"origin":"+input"}
2019-4-1 19:32:04.426#keyHandled#"'\"'"
2019-4-1 19:32:05.776#change#{"from":{"line":2,"ch":16,"sticky":"after"},"to":{"line":2,"ch":16,"sticky":"after"},"text":["q"],"removed":[""],"origin":"+input"}
2019-4-1 19:32:05.970#change#{"from":{"line":2,"ch":17,"sticky":null},"to":{"line":2,"ch":17,"sticky":null},"text":["u"],"removed":[""],"origin":"+input"}
2019-4-1 19:32:06.119#change#{"from":{"line":2,"ch":18,"sticky":null},"to":{"line":2,"ch":18,"sticky":null},"text":["a"],"removed":[""],"origin":"+input"}
2019-4-1 19:32:06.377#change#{"from":{"line":2,"ch":19,"sticky":null},"to":{"line":2,"ch":19,"sticky":null},"text":["l"],"removed":[""],"origin":"+input"}
2019-4-1 19:32:07.580#change#{"from":{"line":2,"ch":20,"sticky":null},"to":{"line":2,"ch":20,"sticky":null},"text":[" "],"removed":[""],"origin":"+input"}
2019-4-1 19:32:08.690#keyHandled#"Right"
2019-4-1 19:32:08.838#keyHandled#"Right"
2019-4-1 19:32:09.121#keyHandled#"Right"
2019-4-1 19:32:09.908#change#{"from":{"line":2,"ch":24,"sticky":"before"},"to":{"line":2,"ch":24,"sticky":"before"},"text":["",""],"removed":[""],"origin":"+input"}
2019-4-1 19:32:09.908#keyHandled#"Enter"
2019-4-1 19:32:09.922#viewportChange#0
2019-4-1 19:32:14.633#change#{"from":{"line":3,"ch":0,"sticky":null},"to":{"line":3,"ch":0,"sticky":null},"text":["v"],"removed":[""],"origin":"+input"}
2019-4-1 19:32:16.055#change#{"from":{"line":3,"ch":1,"sticky":null},"to":{"line":3,"ch":1,"sticky":null},"text":["f"],"removed":[""],"origin":"+input"}
2019-4-1 19:32:17.443#change#{"from":{"line":3,"ch":2,"sticky":null},"to":{"line":3,"ch":2,"sticky":null},"text":["="],"removed":[""],"origin":"+input"}
2019-4-1 19:32:18.495#change#{"from":{"line":3,"ch":3,"sticky":null},"to":{"line":3,"ch":3,"sticky":null},"text":["f"],"removed":[""],"origin":"+input"}
2019-4-1 19:32:18.671#change#{"from":{"line":3,"ch":4,"sticky":null},"to":{"line":3,"ch":4,"sticky":null},"text":["l"],"removed":[""],"origin":"+input"}
2019-4-1 19:32:18.846#change#{"from":{"line":3,"ch":5,"sticky":null},"to":{"line":3,"ch":5,"sticky":null},"text":["o"],"removed":[""],"origin":"+input"}
2019-4-1 19:32:19.019#change#{"from":{"line":3,"ch":6,"sticky":null},"to":{"line":3,"ch":6,"sticky":null},"text":["a"],"removed":[""],"origin":"+input"}
2019-4-1 19:32:19.272#change#{"from":{"line":3,"ch":7,"sticky":null},"to":{"line":3,"ch":7,"sticky":null},"text":["t"],"removed":[""],"origin":"+input"}
2019-4-1 19:32:21.595#change#{"from":{"line":3,"ch":8,"sticky":null},"to":{"line":3,"ch":8,"sticky":null},"text":["9"],"removed":[""],"origin":"+input"}
2019-4-1 19:32:22.650#change#{"from":{"line":3,"ch":8,"sticky":"after"},"to":{"line":3,"ch":9,"sticky":null},"text":[""],"removed":["9"],"origin":"+delete"}
2019-4-1 19:32:22.650#keyHandled#"Backspace"
2019-4-1 19:32:23.039#change#{"from":{"line":3,"ch":8,"sticky":null},"to":{"line":3,"ch":8,"sticky":null},"text":["()"],"removed":[""],"origin":"+input"}
2019-4-1 19:32:23.039#keyHandled#"'('"
2019-4-1 19:32:24.341#change#{"from":{"line":3,"ch":9,"sticky":"after"},"to":{"line":3,"ch":9,"sticky":"after"},"text":["i"],"removed":[""],"origin":"+input"}
2019-4-1 19:32:24.516#change#{"from":{"line":3,"ch":10,"sticky":null},"to":{"line":3,"ch":10,"sticky":null},"text":["n"],"removed":[""],"origin":"+input"}
2019-4-1 19:32:24.905#change#{"from":{"line":3,"ch":11,"sticky":null},"to":{"line":3,"ch":11,"sticky":null},"text":["p"],"removed":[""],"origin":"+input"}
2019-4-1 19:32:25.243#change#{"from":{"line":3,"ch":12,"sticky":null},"to":{"line":3,"ch":12,"sticky":null},"text":["y"],"removed":[""],"origin":"+input"}
2019-4-1 19:32:25.847#change#{"from":{"line":3,"ch":12,"sticky":"after"},"to":{"line":3,"ch":13,"sticky":null},"text":[""],"removed":["y"],"origin":"+delete"}
2019-4-1 19:32:25.847#keyHandled#"Backspace"
2019-4-1 19:32:26.214#change#{"from":{"line":3,"ch":12,"sticky":null},"to":{"line":3,"ch":12,"sticky":null},"text":["t"],"removed":[""],"origin":"+input"}
2019-4-1 19:32:27.497#change#{"from":{"line":3,"ch":12,"sticky":"after"},"to":{"line":3,"ch":13,"sticky":null},"text":[""],"removed":["t"],"origin":"+delete"}
2019-4-1 19:32:27.497#keyHandled#"Backspace"
2019-4-1 19:32:27.946#change#{"from":{"line":3,"ch":12,"sticky":null},"to":{"line":3,"ch":12,"sticky":null},"text":["u"],"removed":[""],"origin":"+input"}
2019-4-1 19:32:28.191#change#{"from":{"line":3,"ch":13,"sticky":null},"to":{"line":3,"ch":13,"sticky":null},"text":["t"],"removed":[""],"origin":"+input"}
2019-4-1 19:32:30.403#change#{"from":{"line":3,"ch":14,"sticky":null},"to":{"line":3,"ch":14,"sticky":null},"text":["\"\""],"removed":[""],"origin":"+input"}
2019-4-1 19:32:30.403#keyHandled#"'\"'"
2019-4-1 19:32:36.829#change#{"from":{"line":3,"ch":15,"sticky":"after"},"to":{"line":3,"ch":15,"sticky":"after"},"text":["q"],"removed":[""],"origin":"+input"}
2019-4-1 19:32:37.035#change#{"from":{"line":3,"ch":16,"sticky":null},"to":{"line":3,"ch":16,"sticky":null},"text":["u"],"removed":[""],"origin":"+input"}
2019-4-1 19:32:37.202#change#{"from":{"line":3,"ch":17,"sticky":null},"to":{"line":3,"ch":17,"sticky":null},"text":["a"],"removed":[""],"origin":"+input"}
2019-4-1 19:32:37.516#change#{"from":{"line":3,"ch":18,"sticky":null},"to":{"line":3,"ch":18,"sticky":null},"text":["l"],"removed":[""],"origin":"+input"}
2019-4-1 19:32:37.823#change#{"from":{"line":3,"ch":19,"sticky":null},"to":{"line":3,"ch":19,"sticky":null},"text":[" "],"removed":[""],"origin":"+input"}
2019-4-1 19:32:54.917#mousedown#{"isTrusted":true}
2019-4-1 19:32:58.346#change#{"from":{"line":2,"ch":20,"sticky":"after"},"to":{"line":2,"ch":21,"sticky":"before","xRel":-2.5166473388671875},"text":[""],"removed":[" "],"origin":"+delete"}
2019-4-1 19:32:58.346#keyHandled#"Backspace"
2019-4-1 19:33:02.975#mousedown#{"isTrusted":true}
2019-4-1 19:33:03.679#mousedown#{"isTrusted":true}
2019-4-1 19:33:04.841#mousedown#{"isTrusted":true}
2019-4-1 19:33:06.157#mousedown#{"isTrusted":true}
2019-4-1 19:33:14.264#blur#
2019-4-1 19:33:33.469#mousedown#{"isTrusted":true}
2019-4-1 19:33:33.483#focus#
2019-4-1 19:33:35.462#change#{"from":{"line":2,"ch":20,"sticky":"before","xRel":-2.5833587646484375},"to":{"line":2,"ch":20,"sticky":"before","xRel":-2.5833587646484375},"text":["a"],"removed":[""],"origin":"+input"}
2019-4-1 19:33:35.790#change#{"from":{"line":2,"ch":21,"sticky":null},"to":{"line":2,"ch":21,"sticky":null},"text":[" "],"removed":[""],"origin":"+input"}
2019-4-1 19:33:36.549#change#{"from":{"line":2,"ch":21,"sticky":"after"},"to":{"line":2,"ch":22,"sticky":null},"text":[""],"removed":[" "],"origin":"+delete"}
2019-4-1 19:33:36.550#keyHandled#"Backspace"
2019-4-1 19:33:36.952#change#{"from":{"line":2,"ch":20,"sticky":"after"},"to":{"line":2,"ch":21,"sticky":null},"text":[""],"removed":["a"],"origin":"+delete"}
2019-4-1 19:33:36.952#keyHandled#"Backspace"
2019-4-1 19:33:37.248#change#{"from":{"line":2,"ch":20,"sticky":null},"to":{"line":2,"ch":20,"sticky":null},"text":["a"],"removed":[""],"origin":"+input"}
2019-4-1 19:33:37.565#change#{"from":{"line":2,"ch":21,"sticky":null},"to":{"line":2,"ch":21,"sticky":null},"text":[" "],"removed":[""],"origin":"+input"}
2019-4-1 19:33:38.248#change#{"from":{"line":2,"ch":21,"sticky":"after"},"to":{"line":2,"ch":22,"sticky":null},"text":[""],"removed":[" "],"origin":"+delete"}
2019-4-1 19:33:38.249#keyHandled#"Backspace"
2019-4-1 19:33:38.847#change#{"from":{"line":2,"ch":20,"sticky":"after"},"to":{"line":2,"ch":21,"sticky":null},"text":[""],"removed":["a"],"origin":"+delete"}
2019-4-1 19:33:38.847#keyHandled#"Backspace"
2019-4-1 19:33:39.360#change#{"from":{"line":2,"ch":20,"sticky":null},"to":{"line":2,"ch":20,"sticky":null},"text":[" "],"removed":[""],"origin":"+input"}
2019-4-1 19:33:39.618#change#{"from":{"line":2,"ch":21,"sticky":null},"to":{"line":2,"ch":21,"sticky":null},"text":["a"],"removed":[""],"origin":"+input"}
2019-4-1 19:33:39.785#change#{"from":{"line":2,"ch":22,"sticky":null},"to":{"line":2,"ch":22,"sticky":null},"text":[" "],"removed":[""],"origin":"+input"}
2019-4-1 19:33:40.437#change#{"from":{"line":2,"ch":23,"sticky":null},"to":{"line":2,"ch":23,"sticky":null},"text":["m"],"removed":[""],"origin":"+input"}
2019-4-1 19:33:40.570#change#{"from":{"line":2,"ch":24,"sticky":null},"to":{"line":2,"ch":24,"sticky":null},"text":["a"],"removed":[""],"origin":"+input"}
2019-4-1 19:33:40.938#change#{"from":{"line":2,"ch":25,"sticky":null},"to":{"line":2,"ch":25,"sticky":null},"text":["s"],"removed":[""],"origin":"+input"}
2019-4-1 19:33:41.028#change#{"from":{"line":2,"ch":26,"sticky":null},"to":{"line":2,"ch":26,"sticky":null},"text":["s"],"removed":[""],"origin":"+input"}
2019-4-1 19:33:41.323#change#{"from":{"line":2,"ch":27,"sticky":null},"to":{"line":2,"ch":27,"sticky":null},"text":["a"],"removed":[""],"origin":"+input"}
2019-4-1 19:33:46.880#mousedown#{"isTrusted":true}
2019-4-1 19:33:49.349#change#{"from":{"line":3,"ch":19,"sticky":"after","xRel":0.3499755859375},"to":{"line":3,"ch":19,"sticky":"after","xRel":0.3499755859375},"text":["v"],"removed":[""],"origin":"+input"}
2019-4-1 19:33:49.364#change#{"from":{"line":3,"ch":20,"sticky":null},"to":{"line":3,"ch":20,"sticky":null},"text":[" "],"removed":[""],"origin":"+input"}
2019-4-1 19:33:49.669#change#{"from":{"line":3,"ch":21,"sticky":null},"to":{"line":3,"ch":21,"sticky":null},"text":["e"],"removed":[""],"origin":"+input"}
2019-4-1 19:33:50.479#change#{"from":{"line":3,"ch":21,"sticky":"after"},"to":{"line":3,"ch":22,"sticky":null},"text":[""],"removed":["e"],"origin":"+delete"}
2019-4-1 19:33:50.479#keyHandled#"Backspace"
2019-4-1 19:33:50.655#change#{"from":{"line":3,"ch":20,"sticky":"after"},"to":{"line":3,"ch":21,"sticky":null},"text":[""],"removed":[" "],"origin":"+delete"}
2019-4-1 19:33:50.655#keyHandled#"Backspace"
2019-4-1 19:33:51.344#change#{"from":{"line":3,"ch":19,"sticky":"after"},"to":{"line":3,"ch":20,"sticky":null},"text":[""],"removed":["v"],"origin":"+delete"}
2019-4-1 19:33:51.344#keyHandled#"Backspace"
2019-4-1 19:33:51.917#change#{"from":{"line":3,"ch":19,"sticky":null},"to":{"line":3,"ch":19,"sticky":null},"text":[" "],"removed":[""],"origin":"+input"}
2019-4-1 19:33:52.473#change#{"from":{"line":3,"ch":20,"sticky":null},"to":{"line":3,"ch":20,"sticky":null},"text":["v"],"removed":[""],"origin":"+input"}
2019-4-1 19:33:52.983#change#{"from":{"line":3,"ch":21,"sticky":null},"to":{"line":3,"ch":21,"sticky":null},"text":["e"],"removed":[""],"origin":"+input"}
2019-4-1 19:33:53.251#change#{"from":{"line":3,"ch":22,"sticky":null},"to":{"line":3,"ch":22,"sticky":null},"text":["l"],"removed":[""],"origin":"+input"}
2019-4-1 19:33:53.423#change#{"from":{"line":3,"ch":23,"sticky":null},"to":{"line":3,"ch":23,"sticky":null},"text":["o"],"removed":[""],"origin":"+input"}
2019-4-1 19:33:53.895#change#{"from":{"line":3,"ch":24,"sticky":null},"to":{"line":3,"ch":24,"sticky":null},"text":["c"],"removed":[""],"origin":"+input"}
2019-4-1 19:33:54.110#change#{"from":{"line":3,"ch":25,"sticky":null},"to":{"line":3,"ch":25,"sticky":null},"text":["i"],"removed":[""],"origin":"+input"}
2019-4-1 19:33:55.236#change#{"from":{"line":3,"ch":26,"sticky":null},"to":{"line":3,"ch":26,"sticky":null},"text":["d"],"removed":[""],"origin":"+input"}
2019-4-1 19:33:55.364#change#{"from":{"line":3,"ch":27,"sticky":null},"to":{"line":3,"ch":27,"sticky":null},"text":["a"],"removed":[""],"origin":"+input"}
2019-4-1 19:33:55.452#change#{"from":{"line":3,"ch":28,"sticky":null},"to":{"line":3,"ch":28,"sticky":null},"text":["d"],"removed":[""],"origin":"+input"}
2019-4-1 19:33:55.631#change#{"from":{"line":3,"ch":29,"sticky":null},"to":{"line":3,"ch":29,"sticky":null},"text":["e"],"removed":[""],"origin":"+input"}
2019-4-1 19:33:58.209#mousedown#{"isTrusted":true}
2019-4-1 19:33:59.120#change#{"from":{"line":3,"ch":30,"sticky":"after"},"to":{"line":3,"ch":31,"sticky":"before","xRel":-2.8500213623046875},"text":[""],"removed":[" "],"origin":"+delete"}
2019-4-1 19:33:59.120#keyHandled#"Backspace"
2019-4-1 19:33:59.624#change#{"from":{"line":3,"ch":30,"sticky":null},"to":{"line":3,"ch":30,"sticky":null},"text":["?"],"removed":[""],"origin":"+input"}
2019-4-1 19:34:00.260#keyHandled#"Up"
2019-4-1 19:34:01.051#keyHandled#"Left"
2019-4-1 19:34:01.163#keyHandled#"Left"
2019-4-1 19:34:01.313#keyHandled#"Left"
2019-4-1 19:34:02.416#change#{"from":{"line":2,"ch":28,"sticky":"after"},"to":{"line":2,"ch":28,"sticky":"after"},"text":["?"],"removed":[""],"origin":"+input"}
2019-4-1 19:34:04.148#mousedown#{"isTrusted":true}
2019-4-1 19:34:05.287#change#{"from":{"line":3,"ch":33,"sticky":"before","xRel":6.283355712890625},"to":{"line":3,"ch":33,"sticky":"before","xRel":6.283355712890625},"text":["",""],"removed":[""],"origin":"+input"}
2019-4-1 19:34:05.287#keyHandled#"Enter"
2019-4-1 19:34:05.301#viewportChange#0
2019-4-1 19:34:09.573#change#{"from":{"line":4,"ch":0,"sticky":null},"to":{"line":4,"ch":0,"sticky":null},"text":["",""],"removed":[""],"origin":"+input"}
2019-4-1 19:34:09.573#keyHandled#"Enter"
2019-4-1 19:34:09.586#viewportChange#0
2019-4-1 19:34:24.758#change#{"from":{"line":5,"ch":0,"sticky":null},"to":{"line":5,"ch":0,"sticky":null},"text":["v"],"removed":[""],"origin":"+input"}
2019-4-1 19:34:28.577#change#{"from":{"line":5,"ch":1,"sticky":null},"to":{"line":5,"ch":1,"sticky":null},"text":["f"],"removed":[""],"origin":"+input"}
2019-4-1 19:34:31.248#change#{"from":{"line":5,"ch":2,"sticky":null},"to":{"line":5,"ch":2,"sticky":null},"text":["="],"removed":[""],"origin":"+input"}
2019-4-1 19:34:40.225#change#{"from":{"line":5,"ch":3,"sticky":null},"to":{"line":5,"ch":3,"sticky":null},"text":["m"],"removed":[""],"origin":"+input"}
2019-4-1 19:34:40.732#change#{"from":{"line":5,"ch":4,"sticky":null},"to":{"line":5,"ch":4,"sticky":null},"text":["g"],"removed":[""],"origin":"+input"}
2019-4-1 19:34:41.862#change#{"from":{"line":5,"ch":4,"sticky":"after"},"to":{"line":5,"ch":5,"sticky":null},"text":[""],"removed":["g"],"origin":"+delete"}
2019-4-1 19:34:41.862#keyHandled#"Backspace"
2019-4-1 19:34:42.181#change#{"from":{"line":5,"ch":3,"sticky":"after"},"to":{"line":5,"ch":4,"sticky":null},"text":[""],"removed":["m"],"origin":"+delete"}
2019-4-1 19:34:42.181#keyHandled#"Backspace"
2019-4-1 19:34:43.139#change#{"from":{"line":5,"ch":3,"sticky":null},"to":{"line":5,"ch":3,"sticky":null},"text":["()"],"removed":[""],"origin":"+input"}
2019-4-1 19:34:43.139#keyHandled#"'('"
2019-4-1 19:34:44.016#change#{"from":{"line":5,"ch":4,"sticky":"after"},"to":{"line":5,"ch":4,"sticky":"after"},"text":["m"],"removed":[""],"origin":"+input"}
2019-4-1 19:34:44.543#change#{"from":{"line":5,"ch":5,"sticky":null},"to":{"line":5,"ch":5,"sticky":null},"text":["g"],"removed":[""],"origin":"+input"}
2019-4-1 19:34:55.386#keyHandled#"Right"
2019-4-1 19:34:56.286#change#{"from":{"line":5,"ch":7,"sticky":"before"},"to":{"line":5,"ch":7,"sticky":"before"},"text":["",""],"removed":[""],"origin":"+input"}
2019-4-1 19:34:56.286#keyHandled#"Enter"
2019-4-1 19:34:56.299#viewportChange#0
2019-4-1 19:34:57.017#change#{"from":{"line":6,"ch":0,"sticky":null},"to":{"line":6,"ch":0,"sticky":null},"text":["p"],"removed":[""],"origin":"+input"}
2019-4-1 19:34:57.932#change#{"from":{"line":6,"ch":1,"sticky":null},"to":{"line":6,"ch":1,"sticky":null},"text":["r"],"removed":[""],"origin":"+input"}
2019-4-1 19:34:58.037#change#{"from":{"line":6,"ch":2,"sticky":null},"to":{"line":6,"ch":2,"sticky":null},"text":["i"],"removed":[""],"origin":"+input"}
2019-4-1 19:34:58.228#change#{"from":{"line":6,"ch":3,"sticky":null},"to":{"line":6,"ch":3,"sticky":null},"text":["n"],"removed":[""],"origin":"+input"}
2019-4-1 19:34:58.479#change#{"from":{"line":6,"ch":4,"sticky":null},"to":{"line":6,"ch":4,"sticky":null},"text":["t"],"removed":[""],"origin":"+input"}
2019-4-1 19:35:01.175#change#{"from":{"line":6,"ch":5,"sticky":null},"to":{"line":6,"ch":5,"sticky":null},"text":["="],"removed":[""],"origin":"+input"}
2019-4-1 19:35:14.661#change#{"from":{"line":6,"ch":5,"sticky":"after"},"to":{"line":6,"ch":6,"sticky":null},"text":[""],"removed":["="],"origin":"+delete"}
2019-4-1 19:35:14.661#keyHandled#"Backspace"
2019-4-1 19:35:15.986#change#{"from":{"line":6,"ch":5,"sticky":null},"to":{"line":6,"ch":5,"sticky":null},"text":["="],"removed":[""],"origin":"+input"}
2019-4-1 19:35:16.436#keyHandled#"Up"
2019-4-1 19:35:22.858#change#{"from":{"line":5,"ch":6,"sticky":"before","xRel":0},"to":{"line":5,"ch":6,"sticky":"before","xRel":0},"text":["*"],"removed":[""],"origin":"+input"}
2019-4-1 19:35:27.823#change#{"from":{"line":5,"ch":7,"sticky":null},"to":{"line":5,"ch":7,"sticky":null},"text":["v"],"removed":[""],"origin":"+input"}
2019-4-1 19:35:28.785#change#{"from":{"line":5,"ch":8,"sticky":null},"to":{"line":5,"ch":8,"sticky":null},"text":["p"],"removed":[""],"origin":"+input"}
2019-4-1 19:35:29.953#change#{"from":{"line":5,"ch":8,"sticky":"after"},"to":{"line":5,"ch":9,"sticky":null},"text":[""],"removed":["p"],"origin":"+delete"}
2019-4-1 19:35:29.953#keyHandled#"Backspace"
2019-4-1 19:35:30.872#change#{"from":{"line":5,"ch":8,"sticky":null},"to":{"line":5,"ch":8,"sticky":null},"text":["g"],"removed":[""],"origin":"+input"}
2019-4-1 19:35:31.936#keyHandled#"')'"
2019-4-1 19:35:36.166#change#{"from":{"line":5,"ch":10,"sticky":"before"},"to":{"line":5,"ch":10,"sticky":"before"},"text":[" "],"removed":[""],"origin":"+input"}
2019-4-1 19:35:37.452#change#{"from":{"line":5,"ch":11,"sticky":null},"to":{"line":5,"ch":11,"sticky":null},"text":["()"],"removed":[""],"origin":"+input"}
2019-4-1 19:35:37.452#keyHandled#"'('"
2019-4-1 19:35:41.029#change#{"from":{"line":5,"ch":12,"sticky":"after"},"to":{"line":5,"ch":12,"sticky":"after"},"text":["m"],"removed":[""],"origin":"+input"}
2019-4-1 19:35:41.419#change#{"from":{"line":5,"ch":13,"sticky":null},"to":{"line":5,"ch":13,"sticky":null},"text":["p"],"removed":[""],"origin":"+input"}
2019-4-1 19:35:44.067#change#{"from":{"line":5,"ch":14,"sticky":null},"to":{"line":5,"ch":14,"sticky":null},"text":["*"],"removed":[""],"origin":"+input"}
2019-4-1 19:35:46.722#change#{"from":{"line":5,"ch":15,"sticky":null},"to":{"line":5,"ch":15,"sticky":null},"text":["v"],"removed":[""],"origin":"+input"}
2019-4-1 19:35:47.138#change#{"from":{"line":5,"ch":16,"sticky":null},"to":{"line":5,"ch":16,"sticky":null},"text":["p"],"removed":[""],"origin":"+input"}
2019-4-1 19:35:48.513#keyHandled#"Right"
2019-4-1 19:35:50.049#change#{"from":{"line":5,"ch":18,"sticky":"before"},"to":{"line":5,"ch":18,"sticky":"before"},"text":[" "],"removed":[""],"origin":"+input"}
2019-4-1 19:36:02.384#change#{"from":{"line":5,"ch":19,"sticky":null},"to":{"line":5,"ch":19,"sticky":null},"text":["m"],"removed":[""],"origin":"+input"}
2019-4-1 19:36:03.275#change#{"from":{"line":5,"ch":19,"sticky":"after"},"to":{"line":5,"ch":20,"sticky":null},"text":[""],"removed":["m"],"origin":"+delete"}
2019-4-1 19:36:03.275#keyHandled#"Backspace"
2019-4-1 19:36:03.958#change#{"from":{"line":5,"ch":19,"sticky":null},"to":{"line":5,"ch":19,"sticky":null},"text":["()"],"removed":[""],"origin":"+input"}
2019-4-1 19:36:03.958#keyHandled#"'('"
2019-4-1 19:36:04.708#change#{"from":{"line":5,"ch":20,"sticky":"after"},"to":{"line":5,"ch":20,"sticky":"after"},"text":["m"],"removed":[""],"origin":"+input"}
2019-4-1 19:36:05.426#change#{"from":{"line":5,"ch":21,"sticky":null},"to":{"line":5,"ch":21,"sticky":null},"text":["g"],"removed":[""],"origin":"+input"}
2019-4-1 19:36:11.186#change#{"from":{"line":5,"ch":22,"sticky":null},"to":{"line":5,"ch":22,"sticky":null},"text":["="],"removed":[""],"origin":"+input"}
2019-4-1 19:36:12.034#change#{"from":{"line":5,"ch":22,"sticky":"after"},"to":{"line":5,"ch":23,"sticky":null},"text":[""],"removed":["="],"origin":"+delete"}
2019-4-1 19:36:12.034#keyHandled#"Backspace"
2019-4-1 19:36:12.350#change#{"from":{"line":5,"ch":22,"sticky":null},"to":{"line":5,"ch":22,"sticky":null},"text":["+"],"removed":[""],"origin":"+input"}
2019-4-1 19:36:13.586#change#{"from":{"line":5,"ch":23,"sticky":null},"to":{"line":5,"ch":23,"sticky":null},"text":["m"],"removed":[""],"origin":"+input"}
2019-4-1 19:36:15.382#change#{"from":{"line":5,"ch":24,"sticky":null},"to":{"line":5,"ch":24,"sticky":null},"text":["p"],"removed":[""],"origin":"+input"}
2019-4-1 19:36:17.592#mousedown#{"isTrusted":true}
2019-4-1 19:36:31.022#mousedown#{"isTrusted":true}
2019-4-1 19:36:36.326#mousedown#{"isTrusted":true}
2019-4-1 19:36:37.415#change#{"from":{"line":5,"ch":10,"sticky":"after","xRel":2.75},"to":{"line":5,"ch":10,"sticky":"after","xRel":2.75},"text":["-"],"removed":[""],"origin":"+input"}
2019-4-1 19:36:38.523#mousedown#{"isTrusted":true}
2019-4-1 19:36:51.459#change#{"from":{"line":5,"ch":20,"sticky":"after","xRel":0.41668701171875},"to":{"line":5,"ch":20,"sticky":"after","xRel":0.41668701171875},"text":["/"],"removed":[""],"origin":"+input"}
2019-4-1 19:36:52.336#mousedown#{"isTrusted":true}
2019-4-1 19:36:57.771#mousedown#{"isTrusted":true}
2019-4-1 19:36:59.121#change#{"from":{"line":6,"ch":6,"sticky":"before","xRel":91.48335266113281},"to":{"line":6,"ch":6,"sticky":"before","xRel":91.48335266113281},"text":["()"],"removed":[""],"origin":"+input"}
2019-4-1 19:36:59.121#keyHandled#"'('"
2019-4-1 19:37:00.470#change#{"from":{"line":6,"ch":7,"sticky":"after"},"to":{"line":6,"ch":7,"sticky":"after"},"text":["r"],"removed":[""],"origin":"+input"}
2019-4-1 19:37:00.666#change#{"from":{"line":6,"ch":8,"sticky":null},"to":{"line":6,"ch":8,"sticky":null},"text":["o"],"removed":[""],"origin":"+input"}
2019-4-1 19:37:00.813#change#{"from":{"line":6,"ch":9,"sticky":null},"to":{"line":6,"ch":9,"sticky":null},"text":["u"],"removed":[""],"origin":"+input"}
2019-4-1 19:37:01.082#change#{"from":{"line":6,"ch":10,"sticky":null},"to":{"line":6,"ch":10,"sticky":null},"text":["n"],"removed":[""],"origin":"+input"}
2019-4-1 19:37:01.452#change#{"from":{"line":6,"ch":11,"sticky":null},"to":{"line":6,"ch":11,"sticky":null},"text":["d"],"removed":[""],"origin":"+input"}
2019-4-1 19:37:19.205#change#{"from":{"line":6,"ch":12,"sticky":null},"to":{"line":6,"ch":12,"sticky":null},"text":["4"],"removed":[""],"origin":"+input"}
2019-4-1 19:37:19.947#change#{"from":{"line":6,"ch":13,"sticky":null},"to":{"line":6,"ch":13,"sticky":null},"text":[","],"removed":[""],"origin":"+input"}
2019-4-1 19:37:20.557#change#{"from":{"line":6,"ch":14,"sticky":null},"to":{"line":6,"ch":14,"sticky":null},"text":["2"],"removed":[""],"origin":"+input"}
2019-4-1 19:37:23.745#blur#
2019-4-1 19:37:23.745#blur#
2019-4-1 19:37:25.893#submit#Your code did not produce the correct output. Please, correct your code and try again.
2019-4-1 19:37:30.868#saida_testar#$ python3 main.py
File "main.py", line 4
vf=float(input"qual velocidade?")
SyntaxError: invalid syntax
2019-4-1 19:41:05.575#mousedown#{"isTrusted":true}
2019-4-1 19:41:05.588#focus#
2019-4-1 19:41:06.455#mousedown#{"isTrusted":true}
2019-4-1 19:41:07.036#change#{"from":{"line":6,"ch":12,"sticky":"after"},"to":{"line":6,"ch":13,"sticky":"before","xRel":-4.0500335693359375},"text":[""],"removed":["4"],"origin":"+delete"}
2019-4-1 19:41:07.036#keyHandled#"Backspace"
2019-4-1 19:41:07.185#change#{"from":{"line":6,"ch":11,"sticky":"after"},"to":{"line":6,"ch":12,"sticky":null},"text":[""],"removed":["d"],"origin":"+delete"}
2019-4-1 19:41:07.185#keyHandled#"Backspace"
2019-4-1 19:41:07.357#change#{"from":{"line":6,"ch":10,"sticky":"after"},"to":{"line":6,"ch":11,"sticky":null},"text":[""],"removed":["n"],"origin":"+delete"}
2019-4-1 19:41:07.357#keyHandled#"Backspace"
2019-4-1 19:41:07.500#change#{"from":{"line":6,"ch":9,"sticky":"after"},"to":{"line":6,"ch":10,"sticky":null},"text":[""],"removed":["u"],"origin":"+delete"}
2019-4-1 19:41:07.500#keyHandled#"Backspace"
2019-4-1 19:41:08.277#change#{"from":{"line":6,"ch":8,"sticky":"after"},"to":{"line":6,"ch":9,"sticky":null},"text":[""],"removed":["o"],"origin":"+delete"}
2019-4-1 19:41:08.277#keyHandled#"Backspace"
2019-4-1 19:41:08.886#change#{"from":{"line":6,"ch":7,"sticky":"after"},"to":{"line":6,"ch":8,"sticky":null},"text":[""],"removed":["r"],"origin":"+delete"}
2019-4-1 19:41:08.886#keyHandled#"Backspace"
2019-4-1 19:41:09.894#change#{"from":{"line":6,"ch":7,"sticky":null},"to":{"line":6,"ch":7,"sticky":null},"text":["4"],"removed":[""],"origin":"+input"}
2019-4-1 19:41:11.884#keyHandled#"Right"
2019-4-1 19:41:12.079#keyHandled#"Right"
2019-4-1 19:41:13.704#keyHandled#"Up"
2019-4-1 19:41:30.377#mousedown#{"isTrusted":true}
2019-4-1 19:41:31.406#change#{"from":{"line":6,"ch":7,"sticky":"after","xRel":1.54998779296875},"to":{"line":6,"ch":7,"sticky":"after","xRel":1.54998779296875},"text":["r"],"removed":[""],"origin":"+input"}
2019-4-1 19:41:31.616#change#{"from":{"line":6,"ch":8,"sticky":null},"to":{"line":6,"ch":8,"sticky":null},"text":["o"],"removed":[""],"origin":"+input"}
2019-4-1 19:41:31.822#change#{"from":{"line":6,"ch":9,"sticky":null},"to":{"line":6,"ch":9,"sticky":null},"text":["u"],"removed":[""],"origin":"+input"}
2019-4-1 19:41:32.095#change#{"from":{"line":6,"ch":10,"sticky":null},"to":{"line":6,"ch":10,"sticky":null},"text":["n"],"removed":[""],"origin":"+input"}
2019-4-1 19:41:32.398#change#{"from":{"line":6,"ch":11,"sticky":null},"to":{"line":6,"ch":11,"sticky":null},"text":["d"],"removed":[""],"origin":"+input"}
2019-4-1 19:41:34.353#change#{"from":{"line":6,"ch":12,"sticky":null},"to":{"line":6,"ch":12,"sticky":null},"text":["("],"removed":[""],"origin":"+input"}
2019-4-1 19:41:34.353#change#{"from":{"line":6,"ch":12,"sticky":null},"to":{"line":6,"ch":12,"sticky":null},"text":["("],"removed":[""],"origin":"+input"}
2019-4-1 19:41:37.363#submit#Your code did not produce the correct output. Please, correct your code and try again.
2019-4-1 19:41:39.489#blur#
2019-4-1 19:41:39.489#blur#
2019-4-1 19:41:42.811#saida_testar#$ python3 main.py
File "main.py", line 4
vf=float(input"qual velocidade?")
SyntaxError: invalid syntax
2019-4-1 19:41:58.963#mousedown#{"isTrusted":true}
2019-4-1 19:41:58.985#focus#
2019-4-1 19:42:00.448#change#{"from":{"line":0,"ch":1,"sticky":"after"},"to":{"line":0,"ch":2,"sticky":"after","xRel":0.2166748046875},"text":[""],"removed":["g"],"origin":"+delete"}
2019-4-1 19:42:00.448#keyHandled#"Backspace"
2019-4-1 19:42:00.871#change#{"from":{"line":0,"ch":0,"sticky":"after"},"to":{"line":0,"ch":1,"sticky":null},"text":[""],"removed":["m"],"origin":"+delete"}
2019-4-1 19:42:00.871#keyHandled#"Backspace"
2019-4-1 19:42:02.948#change#{"from":{"line":0,"ch":0,"sticky":null},"to":{"line":0,"ch":0,"sticky":null},"text":["M"],"removed":[""],"origin":"+input"}
2019-4-1 19:42:04.005#change#{"from":{"line":0,"ch":1,"sticky":null},"to":{"line":0,"ch":1,"sticky":null},"text":["G"],"removed":[""],"origin":"+input"}
2019-4-1 19:42:05.452#mousedown#{"isTrusted":true}
2019-4-1 19:42:06.244#change#{"from":{"line":1,"ch":1,"sticky":"after"},"to":{"line":1,"ch":2,"sticky":"after","xRel":0.2166748046875},"text":[""],"removed":["p"],"origin":"+delete"}
2019-4-1 19:42:06.244#keyHandled#"Backspace"
2019-4-1 19:42:06.526#change#{"from":{"line":1,"ch":0,"sticky":"after"},"to":{"line":1,"ch":1,"sticky":null},"text":[""],"removed":["v"],"origin":"+delete"}
2019-4-1 19:42:06.526#keyHandled#"Backspace"
2019-4-1 19:42:07.487#change#{"from":{"line":1,"ch":0,"sticky":null},"to":{"line":1,"ch":0,"sticky":null},"text":["V"],"removed":[""],"origin":"+input"}
2019-4-1 19:42:07.877#change#{"from":{"line":1,"ch":1,"sticky":null},"to":{"line":1,"ch":1,"sticky":null},"text":["P"],"removed":[""],"origin":"+input"}
2019-4-1 19:42:09.303#mousedown#{"isTrusted":true}
2019-4-1 19:42:10.077#change#{"from":{"line":2,"ch":1,"sticky":"after"},"to":{"line":2,"ch":2,"sticky":"before","xRel":-3.7833099365234375},"text":[""],"removed":["p"],"origin":"+delete"}
2019-4-1 19:42:10.078#keyHandled#"Backspace"
2019-4-1 19:42:10.432#change#{"from":{"line":2,"ch":0,"sticky":"after"},"to":{"line":2,"ch":1,"sticky":null},"text":[""],"removed":["m"],"origin":"+delete"}
2019-4-1 19:42:10.432#keyHandled#"Backspace"
2019-4-1 19:42:11.305#change#{"from":{"line":2,"ch":0,"sticky":null},"to":{"line":2,"ch":0,"sticky":null},"text":["M"],"removed":[""],"origin":"+input"}
2019-4-1 19:42:11.651#change#{"from":{"line":2,"ch":1,"sticky":null},"to":{"line":2,"ch":1,"sticky":null},"text":["P"],"removed":[""],"origin":"+input"}
2019-4-1 19:42:13.017#mousedown#{"isTrusted":true}
2019-4-1 19:42:13.728#change#{"from":{"line":3,"ch":1,"sticky":"after"},"to":{"line":3,"ch":2,"sticky":"before","xRel":-0.7833099365234375},"text":[""],"removed":["f"],"origin":"+delete"}
2019-4-1 19:42:13.728#keyHandled#"Backspace"
2019-4-1 19:42:13.883#change#{"from":{"line":3,"ch":0,"sticky":"after"},"to":{"line":3,"ch":1,"sticky":null},"text":[""],"removed":["v"],"origin":"+delete"}
2019-4-1 19:42:13.883#keyHandled#"Backspace"
2019-4-1 19:42:15.014#change#{"from":{"line":3,"ch":0,"sticky":null},"to":{"line":3,"ch":0,"sticky":null},"text":["V"],"removed":[""],"origin":"+input"}
2019-4-1 19:42:17.012#change#{"from":{"line":3,"ch":1,"sticky":null},"to":{"line":3,"ch":1,"sticky":null},"text":["F"],"removed":[""],"origin":"+input"}
2019-4-1 19:42:18.207#mousedown#{"isTrusted":true}
2019-4-1 19:42:19.121#change#{"from":{"line":5,"ch":5,"sticky":"after"},"to":{"line":5,"ch":6,"sticky":"after","xRel":2.48333740234375},"text":[""],"removed":["g"],"origin":"+delete"}
2019-4-1 19:42:19.121#keyHandled#"Backspace"
2019-4-1 19:42:19.505#change#{"from":{"line":5,"ch":4,"sticky":"after"},"to":{"line":5,"ch":5,"sticky":null},"text":[""],"removed":["m"],"origin":"+delete"}
2019-4-1 19:42:19.505#keyHandled#"Backspace"
2019-4-1 19:42:20.296#change#{"from":{"line":5,"ch":4,"sticky":null},"to":{"line":5,"ch":4,"sticky":null},"text":["M"],"removed":[""],"origin":"+input"}
2019-4-1 19:42:21.438#change#{"from":{"line":5,"ch":5,"sticky":null},"to":{"line":5,"ch":5,"sticky":null},"text":["G"],"removed":[""],"origin":"+input"}
2019-4-1 19:42:23.746#mousedown#{"isTrusted":true}
2019-4-1 19:42:25.141#change#{"from":{"line":5,"ch":7,"sticky":"after"},"to":{"line":5,"ch":8,"sticky":"after","xRel":1.61669921875},"text":[""],"removed":["v"],"origin":"+delete"}
2019-4-1 19:42:25.142#keyHandled#"Backspace"
2019-4-1 19:42:25.797#change#{"from":{"line":5,"ch":7,"sticky":null},"to":{"line":5,"ch":7,"sticky":null},"text":["V"],"removed":[""],"origin":"+input"}
2019-4-1 19:42:26.991#mousedown#{"isTrusted":true}
2019-4-1 19:42:27.684#change#{"from":{"line":5,"ch":8,"sticky":"after"},"to":{"line":5,"ch":9,"sticky":"before","xRel":-0.3166351318359375},"text":[""],"removed":["g"],"origin":"+delete"}
2019-4-1 19:42:27.684#keyHandled#"Backspace"
2019-4-1 19:42:28.180#change#{"from":{"line":5,"ch":8,"sticky":null},"to":{"line":5,"ch":8,"sticky":null},"text":["G"],"removed":[""],"origin":"+input"}
2019-4-1 19:42:29.479#mousedown#{"isTrusted":true}
2019-4-1 19:42:30.507#change#{"from":{"line":5,"ch":14,"sticky":"after"},"to":{"line":5,"ch":15,"sticky":"before","xRel":-0.9166717529296875},"text":[""],"removed":["p"],"origin":"+delete"}
2019-4-1 19:42:30.507#keyHandled#"Backspace"
2019-4-1 19:42:30.656#change#{"from":{"line":5,"ch":13,"sticky":"after"},"to":{"line":5,"ch":14,"sticky":null},"text":[""],"removed":["m"],"origin":"+delete"}
2019-4-1 19:42:30.656#keyHandled#"Backspace"
2019-4-1 19:42:31.611#change#{"from":{"line":5,"ch":13,"sticky":null},"to":{"line":5,"ch":13,"sticky":null},"text":["M"],"removed":[""],"origin":"+input"}
2019-4-1 19:42:32.004#change#{"from":{"line":5,"ch":14,"sticky":null},"to":{"line":5,"ch":14,"sticky":null},"text":["P"],"removed":[""],"origin":"+input"}
2019-4-1 19:42:33.317#mousedown#{"isTrusted":true}
2019-4-1 19:42:34.069#change#{"from":{"line":5,"ch":17,"sticky":"after"},"to":{"line":5,"ch":18,"sticky":"before","xRel":-0.716644287109375},"text":[""],"removed":["p"],"origin":"+delete"}
2019-4-1 19:42:34.069#keyHandled#"Backspace"
2019-4-1 19:42:34.438#change#{"from":{"line":5,"ch":16,"sticky":"after"},"to":{"line":5,"ch":17,"sticky":null},"text":[""],"removed":["v"],"origin":"+delete"}
2019-4-1 19:42:34.438#keyHandled#"Backspace"
2019-4-1 19:42:35.584#change#{"from":{"line":5,"ch":16,"sticky":null},"to":{"line":5,"ch":16,"sticky":null},"text":["V"],"removed":[""],"origin":"+input"}
2019-4-1 19:42:35.786#change#{"from":{"line":5,"ch":17,"sticky":null},"to":{"line":5,"ch":17,"sticky":null},"text":["P"],"removed":[""],"origin":"+input"}
2019-4-1 19:42:37.374#mousedown#{"isTrusted":true}
2019-4-1 19:42:38.147#change#{"from":{"line":5,"ch":23,"sticky":"after"},"to":{"line":5,"ch":24,"sticky":"before","xRel":-1.3166351318359375},"text":[""],"removed":["g"],"origin":"+delete"}
2019-4-1 19:42:38.147#keyHandled#"Backspace"
2019-4-1 19:42:38.711#change#{"from":{"line":5,"ch":22,"sticky":"after"},"to":{"line":5,"ch":23,"sticky":null},"text":[""],"removed":["m"],"origin":"+delete"}
2019-4-1 19:42:38.711#keyHandled#"Backspace"
2019-4-1 19:42:39.322#change#{"from":{"line":5,"ch":22,"sticky":null},"to":{"line":5,"ch":22,"sticky":null},"text":["M"],"removed":[""],"origin":"+input"}
2019-4-1 19:42:40.208#change#{"from":{"line":5,"ch":23,"sticky":null},"to":{"line":5,"ch":23,"sticky":null},"text":["G"],"removed":[""],"origin":"+input"}
2019-4-1 19:42:41.845#mousedown#{"isTrusted":true}
2019-4-1 19:42:46.846#change#{"from":{"line":5,"ch":26,"sticky":"after"},"to":{"line":5,"ch":27,"sticky":"before","xRel":-3.1166839599609375},"text":[""],"removed":["p"],"origin":"+delete"}
2019-4-1 19:42:46.846#keyHandled#"Backspace"
2019-4-1 19:42:47.001#change#{"from":{"line":5,"ch":25,"sticky":"after"},"to":{"line":5,"ch":26,"sticky":null},"text":[""],"removed":["m"],"origin":"+delete"}
2019-4-1 19:42:47.001#keyHandled#"Backspace"
2019-4-1 19:42:47.894#change#{"from":{"line":5,"ch":25,"sticky":null},"to":{"line":5,"ch":25,"sticky":null},"text":["M"],"removed":[""],"origin":"+input"}
2019-4-1 19:42:51.675#blur#
2019-4-1 19:42:51.675#blur#
2019-4-1 19:42:54.443#saida_testar#$ python3 main.py
File "main.py", line 4
VF=float(input"qual velocidade?")
SyntaxError: invalid syntax
2019-4-1 19:42:54.443#saida_testar#$ python3 main.py
File "main.py", line 4
VF=float(input"qual velocidade?")
SyntaxError: invalid syntax
2019-4-1 19:43:08.813#saida_testar#$ python3 main.py
File "main.py", line 4
VF=float(input"qual velocidade?")
SyntaxError: invalid syntax
2019-4-1 19:43:36.669#mousedown#{"isTrusted":true}
2019-4-1 19:43:36.843#focus#
2019-4-1 19:43:38.198#change#{"from":{"line":0,"ch":13,"sticky":"after"},"to":{"line":0,"ch":14,"sticky":"before","xRel":-1.9833221435546875},"text":[""],"removed":["t"],"origin":"+delete"}
2019-4-1 19:43:38.198#keyHandled#"Backspace"
2019-4-1 19:43:39.204#change#{"from":{"line":0,"ch":12,"sticky":"after"},"to":{"line":0,"ch":13,"sticky":null},"text":[""],"removed":["u"],"origin":"+delete"}
2019-4-1 19:43:39.204#keyHandled#"Backspace"
2019-4-1 19:43:40.118#change#{"from":{"line":0,"ch":11,"sticky":"after"},"to":{"line":0,"ch":12,"sticky":null},"text":[""],"removed":["p"],"origin":"+delete"}
2019-4-1 19:43:40.118#keyHandled#"Backspace"
2019-4-1 19:43:40.932#change#{"from":{"line":0,"ch":11,"sticky":null},"to":{"line":0,"ch":11,"sticky":null},"text":["T"],"removed":[""],"origin":"+input"}
2019-4-1 19:43:42.514#change#{"from":{"line":0,"ch":11,"sticky":"after"},"to":{"line":0,"ch":12,"sticky":null},"text":[""],"removed":["T"],"origin":"+delete"}
2019-4-1 19:43:42.514#keyHandled#"Backspace"
2019-4-1 19:43:43.845#change#{"from":{"line":0,"ch":11,"sticky":null},"to":{"line":0,"ch":11,"sticky":null},"text":["t"],"removed":[""],"origin":"+input"}
2019-4-1 19:43:45.053#mousedown#{"isTrusted":true}
2019-4-1 19:43:45.927#change#{"from":{"line":1,"ch":13,"sticky":"after"},"to":{"line":1,"ch":14,"sticky":"after","xRel":0.01666259765625},"text":[""],"removed":["t"],"origin":"+delete"}
2019-4-1 19:43:45.927#keyHandled#"Backspace"
2019-4-1 19:43:46.067#change#{"from":{"line":1,"ch":12,"sticky":"after"},"to":{"line":1,"ch":13,"sticky":null},"text":[""],"removed":["u"],"origin":"+delete"}
2019-4-1 19:43:46.067#keyHandled#"Backspace"
2019-4-1 19:43:46.606#change#{"from":{"line":1,"ch":11,"sticky":"after"},"to":{"line":1,"ch":12,"sticky":null},"text":[""],"removed":["p"],"origin":"+delete"}
2019-4-1 19:43:46.606#keyHandled#"Backspace"
2019-4-1 19:43:49.117#change#{"from":{"line":1,"ch":11,"sticky":null},"to":{"line":1,"ch":11,"sticky":null},"text":["p"],"removed":[""],"origin":"+input"}
2019-4-1 19:43:49.319#change#{"from":{"line":1,"ch":12,"sticky":null},"to":{"line":1,"ch":12,"sticky":null},"text":["t"],"removed":[""],"origin":"+input"}
2019-4-1 19:43:50.892#change#{"from":{"line":1,"ch":12,"sticky":"after"},"to":{"line":1,"ch":13,"sticky":null},"text":[""],"removed":["t"],"origin":"+delete"}
2019-4-1 19:43:50.892#keyHandled#"Backspace"
2019-4-1 19:43:51.029#change#{"from":{"line":1,"ch":11,"sticky":"after"},"to":{"line":1,"ch":12,"sticky":null},"text":[""],"removed":["p"],"origin":"+delete"}
2019-4-1 19:43:51.029#keyHandled#"Backspace"
2019-4-1 19:43:51.443#change#{"from":{"line":1,"ch":11,"sticky":null},"to":{"line":1,"ch":11,"sticky":null},"text":["t"],"removed":[""],"origin":"+input"}
2019-4-1 19:43:53.436#mousedown#{"isTrusted":true}
2019-4-1 19:43:54.242#change#{"from":{"line":2,"ch":12,"sticky":"after"},"to":{"line":2,"ch":13,"sticky":"after","xRel":1.95001220703125},"text":[""],"removed":["u"],"origin":"+delete"}
2019-4-1 19:43:54.242#keyHandled#"Backspace"
2019-4-1 19:43:54.980#change#{"from":{"line":2,"ch":11,"sticky":"after"},"to":{"line":2,"ch":12,"sticky":null},"text":[""],"removed":["p"],"origin":"+delete"}
2019-4-1 19:43:54.980#keyHandled#"Backspace"
2019-4-1 19:43:55.892#mousedown#{"isTrusted":true}
2019-4-1 19:43:56.525#change#{"from":{"line":3,"ch":12,"sticky":"after"},"to":{"line":3,"ch":13,"sticky":"before","xRel":-3.0500335693359375},"text":[""],"removed":["u"],"origin":"+delete"}
2019-4-1 19:43:56.525#keyHandled#"Backspace"
2019-4-1 19:43:56.820#change#{"from":{"line":3,"ch":11,"sticky":"after"},"to":{"line":3,"ch":12,"sticky":null},"text":[""],"removed":["p"],"origin":"+delete"}
2019-4-1 19:43:56.821#keyHandled#"Backspace"
2019-4-1 19:43:59.921#submit#Your code did not produce the correct output. Please, correct your code and try again.
2019-4-1 19:44:00.195#blur#
2019-4-1 19:44:03.699#submit#Your code did not produce the correct output. Please, correct your code and try again.
2019-4-1 19:44:03.699#submit#Your code did not produce the correct output. Please, correct your code and try again.
2019-4-1 19:44:07.711#submit#Your code did not produce the correct output. Please, correct your code and try again.
2019-4-1 19:44:07.711#submit#Your code did not produce the correct output. Please, correct your code and try again.
2019-4-1 19:44:10.779#saida_testar#$ python3 main.py
File "main.py", line 4
VF=float(int"qual velocidade?")
SyntaxError: invalid syntax
2019-4-1 19:45:41.794#mousedown#{"isTrusted":true}
2019-4-1 19:45:41.812#focus#
2019-4-1 19:45:42.532#change#{"from":{"line":3,"ch":31,"sticky":"before"},"to":{"line":4,"ch":0,"sticky":"after","xRel":12.08331298828125},"text":[""],"removed":["",""],"origin":"+delete"}
2019-4-1 19:45:42.532#keyHandled#"Backspace"
2019-4-1 19:45:42.546#viewportChange#0
2019-4-10 18:09:50.452#viewportChange#0
2019-4-10 18:09:52.733#mousedown#{"isTrusted":true}
2019-4-10 18:09:52.750#focus#
2019-4-10 18:09:53.082#mousedown#{"isTrusted":true}
2019-4-10 18:11:36.686#mousedown#{"isTrusted":true}
2019-4-10 18:11:37.739#keyHandled#"Backspace"
