2019-3-13 18:32:42.608#viewportChange#0
2019-3-13 18:32:51.269#mousedown#{"isTrusted":true}
2019-3-13 18:32:51.271#focus#
2019-3-13 18:32:55.634#change#{"from":{"line":0,"ch":7,"sticky":"before","xRel":-2.59375},"to":{"line":0,"ch":7,"sticky":"before","xRel":-2.59375},"text":["*"],"removed":[""],"origin":"+input"}
2019-3-13 18:32:55.961#change#{"from":{"line":0,"ch":8,"sticky":null},"to":{"line":0,"ch":8,"sticky":null},"text":["*"],"removed":[""],"origin":"+input"}
2019-3-13 18:32:56.225#change#{"from":{"line":0,"ch":9,"sticky":null},"to":{"line":0,"ch":9,"sticky":null},"text":["*"],"removed":[""],"origin":"+input"}
2019-3-13 18:32:56.505#change#{"from":{"line":0,"ch":10,"sticky":null},"to":{"line":0,"ch":10,"sticky":null},"text":["*"],"removed":[""],"origin":"+input"}
2019-3-13 18:32:56.788#change#{"from":{"line":0,"ch":11,"sticky":null},"to":{"line":0,"ch":11,"sticky":null},"text":["*"],"removed":[""],"origin":"+input"}
2019-3-13 18:32:57.487#change#{"from":{"line":0,"ch":12,"sticky":null},"to":{"line":0,"ch":13,"sticky":"before"},"text":[""],"removed":[" "],"origin":"+delete"}
2019-3-13 18:32:57.487#keyHandled#"Delete"
2019-3-13 18:32:58.693#mousedown#{"isTrusted":true}
2019-3-13 18:33:00.587#change#{"from":{"line":1,"ch":7,"sticky":"before","xRel":-3.59375},"to":{"line":1,"ch":7,"sticky":"before","xRel":-3.59375},"text":["()"],"removed":[""],"origin":"+input"}
2019-3-13 18:33:00.587#keyHandled#"'('"
2019-3-13 18:33:01.009#change#{"from":{"line":1,"ch":8,"sticky":"after"},"to":{"line":1,"ch":8,"sticky":"after"},"text":["*"],"removed":[""],"origin":"+input"}
2019-3-13 18:33:02.009#change#{"from":{"line":1,"ch":9,"sticky":null},"to":{"line":1,"ch":9,"sticky":null},"text":[" "],"removed":[""],"origin":"+input"}
2019-3-13 18:33:04.433#change#{"from":{"line":1,"ch":10,"sticky":null},"to":{"line":1,"ch":10,"sticky":null},"text":["°"],"removed":[""],"origin":"+input"}
2019-3-13 18:33:07.543#change#{"from":{"line":1,"ch":10,"sticky":"after"},"to":{"line":1,"ch":11,"sticky":null},"text":[""],"removed":["°"],"origin":"+delete"}
2019-3-13 18:33:07.543#keyHandled#"Backspace"
2019-3-13 18:33:08.729#change#{"from":{"line":1,"ch":10,"sticky":null},"to":{"line":1,"ch":10,"sticky":null},"text":["o"],"removed":[""],"origin":"+input"}
2019-3-13 18:33:10.097#change#{"from":{"line":1,"ch":11,"sticky":null},"to":{"line":1,"ch":11,"sticky":null},"text":[" "],"removed":[""],"origin":"+input"}
2019-3-13 18:33:10.458#change#{"from":{"line":1,"ch":12,"sticky":null},"to":{"line":1,"ch":12,"sticky":null},"text":["o"],"removed":[""],"origin":"+input"}
2019-3-13 18:33:11.520#change#{"from":{"line":1,"ch":13,"sticky":null},"to":{"line":1,"ch":13,"sticky":null},"text":[" "],"removed":[""],"origin":"+input"}
2019-3-13 18:33:12.113#change#{"from":{"line":1,"ch":14,"sticky":null},"to":{"line":1,"ch":14,"sticky":null},"text":["*"],"removed":[""],"origin":"+input"}
2019-3-13 18:33:12.937#change#{"from":{"line":1,"ch":15,"sticky":null},"to":{"line":1,"ch":15,"sticky":null},"text":[" "],"removed":[""],"origin":"+input"}
2019-3-13 18:33:13.367#change#{"from":{"line":1,"ch":15,"sticky":"after"},"to":{"line":1,"ch":16,"sticky":null},"text":[""],"removed":[" "],"origin":"+delete"}
2019-3-13 18:33:13.367#keyHandled#"Backspace"
2019-3-13 18:33:15.751#mousedown#{"isTrusted":true}
2019-3-13 18:33:16.391#change#{"from":{"line":1,"ch":16,"sticky":"after"},"to":{"line":1,"ch":17,"sticky":"before","xRel":-0.59375},"text":[""],"removed":[" "],"origin":"+delete"}
2019-3-13 18:33:16.391#keyHandled#"Backspace"
2019-3-13 18:33:19.736#mousedown#{"isTrusted":true}
2019-3-13 18:33:22.026#mousedown#{"isTrusted":true}
2019-3-13 18:33:22.330#change#{"from":{"line":0,"ch":7,"sticky":"before","xRel":-0.59375},"to":{"line":0,"ch":7,"sticky":"before","xRel":-0.59375},"text":[" "],"removed":[""],"origin":"+input"}
2019-3-13 18:33:23.453#mousedown#{"isTrusted":true}
2019-3-13 18:33:23.817#change#{"from":{"line":0,"ch":13,"sticky":"after","xRel":1.40625},"to":{"line":0,"ch":13,"sticky":"after","xRel":1.40625},"text":[" "],"removed":[""],"origin":"+input"}
2019-3-13 18:33:24.851#mousedown#{"isTrusted":true}
2019-3-13 18:33:28.537#change#{"from":{"line":2,"ch":7,"sticky":"after","xRel":0.40625},"to":{"line":2,"ch":7,"sticky":"after","xRel":0.40625},"text":[" "],"removed":[""],"origin":"+input"}
2019-3-13 18:33:29.712#change#{"from":{"line":2,"ch":7,"sticky":"after"},"to":{"line":2,"ch":8,"sticky":null},"text":[""],"removed":[" "],"origin":"+delete"}
2019-3-13 18:33:29.712#keyHandled#"Backspace"
2019-3-13 18:33:30.489#change#{"from":{"line":2,"ch":7,"sticky":null},"to":{"line":2,"ch":7,"sticky":null},"text":["*"],"removed":[""],"origin":"+input"}
2019-3-13 18:33:31.569#change#{"from":{"line":2,"ch":8,"sticky":null},"to":{"line":2,"ch":8,"sticky":null},"text":[" "],"removed":[""],"origin":"+input"}
2019-3-13 18:33:33.057#change#{"from":{"line":2,"ch":9,"sticky":null},"to":{"line":2,"ch":9,"sticky":null},"text":[" "],"removed":[""],"origin":"+input"}
2019-3-13 18:33:38.457#change#{"from":{"line":2,"ch":10,"sticky":null},"to":{"line":2,"ch":10,"sticky":null},"text":["~"],"removed":[""],"origin":"+input"}
2019-3-13 18:33:40.248#change#{"from":{"line":2,"ch":10,"sticky":"after"},"to":{"line":2,"ch":11,"sticky":null},"text":[""],"removed":["~"],"origin":"+delete"}
2019-3-13 18:33:40.248#keyHandled#"Backspace"
2019-3-13 18:33:40.944#change#{"from":{"line":2,"ch":10,"sticky":null},"to":{"line":2,"ch":10,"sticky":null},"text":["~"],"removed":[""],"origin":"+input"}
2019-3-13 18:33:44.991#change#{"from":{"line":2,"ch":10,"sticky":"after"},"to":{"line":2,"ch":11,"sticky":null},"text":[""],"removed":["~"],"origin":"+delete"}
2019-3-13 18:33:44.991#keyHandled#"Backspace"
2019-3-13 18:33:45.664#change#{"from":{"line":2,"ch":10,"sticky":null},"to":{"line":2,"ch":10,"sticky":null},"text":["~"],"removed":[""],"origin":"+input"}
2019-3-13 18:33:46.073#change#{"from":{"line":2,"ch":11,"sticky":null},"to":{"line":2,"ch":11,"sticky":null},"text":["~"],"removed":[""],"origin":"+input"}
2019-3-13 18:33:46.367#change#{"from":{"line":2,"ch":11,"sticky":"after"},"to":{"line":2,"ch":12,"sticky":null},"text":[""],"removed":["~"],"origin":"+delete"}
2019-3-13 18:33:46.367#keyHandled#"Backspace"
2019-3-13 18:33:46.551#change#{"from":{"line":2,"ch":10,"sticky":"after"},"to":{"line":2,"ch":11,"sticky":null},"text":[""],"removed":["~"],"origin":"+delete"}
2019-3-13 18:33:46.551#keyHandled#"Backspace"
2019-3-13 18:33:48.194#blur#
2019-3-13 18:33:50.279#mousedown#{"isTrusted":true}
2019-3-13 18:33:50.282#focus#
2019-3-13 18:33:51.281#change#{"from":{"line":2,"ch":9,"sticky":"before","xRel":-0.59375},"to":{"line":2,"ch":9,"sticky":"before","xRel":-0.59375},"text":["^ "],"removed":[""],"origin":"paste"}
2019-3-13 18:33:53.129#change#{"from":{"line":2,"ch":11,"sticky":null},"to":{"line":2,"ch":11,"sticky":null},"text":["*"],"removed":[""],"origin":"+input"}
2019-3-13 18:33:54.079#change#{"from":{"line":2,"ch":12,"sticky":null},"to":{"line":2,"ch":13,"sticky":"before"},"text":[""],"removed":[" "],"origin":"+delete"}
2019-3-13 18:33:54.079#keyHandled#"Delete"
2019-3-13 18:33:54.943#change#{"from":{"line":2,"ch":12,"sticky":null},"to":{"line":2,"ch":13,"sticky":"before"},"text":[""],"removed":[" "],"origin":"+delete"}
2019-3-13 18:33:54.943#keyHandled#"Delete"
2019-3-13 18:33:56.075#mousedown#{"isTrusted":true}
2019-3-13 18:33:58.107#change#{"from":{"line":3,"ch":7,"sticky":"before","xRel":-0.59375},"to":{"line":3,"ch":7,"sticky":"before","xRel":-0.59375},"text":["*"],"removed":[""],"origin":"+input"}
2019-3-13 18:33:58.752#change#{"from":{"line":3,"ch":8,"sticky":null},"to":{"line":3,"ch":8,"sticky":null},"text":[" "],"removed":[""],"origin":"+input"}
2019-3-13 18:33:59.681#change#{"from":{"line":3,"ch":9,"sticky":null},"to":{"line":3,"ch":9,"sticky":null},"text":["-"],"removed":[""],"origin":"+input"}
2019-3-13 18:34:00.112#change#{"from":{"line":3,"ch":10,"sticky":null},"to":{"line":3,"ch":10,"sticky":null},"text":["-"],"removed":[""],"origin":"+input"}
2019-3-13 18:34:00.481#change#{"from":{"line":3,"ch":11,"sticky":null},"to":{"line":3,"ch":11,"sticky":null},"text":["-"],"removed":[""],"origin":"+input"}
2019-3-13 18:34:01.970#change#{"from":{"line":3,"ch":12,"sticky":null},"to":{"line":3,"ch":12,"sticky":null},"text":[" "],"removed":[""],"origin":"+input"}
2019-3-13 18:34:02.400#change#{"from":{"line":3,"ch":13,"sticky":null},"to":{"line":3,"ch":13,"sticky":null},"text":["*"],"removed":[""],"origin":"+input"}
2019-3-13 18:34:03.430#change#{"from":{"line":3,"ch":14,"sticky":null},"to":{"line":3,"ch":15,"sticky":"before"},"text":[""],"removed":[" "],"origin":"+delete"}
2019-3-13 18:34:03.430#keyHandled#"Delete"
2019-3-13 18:34:04.512#mousedown#{"isTrusted":true}
2019-3-13 18:34:05.407#change#{"from":{"line":4,"ch":7,"sticky":"after"},"to":{"line":4,"ch":8,"sticky":"before","xRel":-3.59375},"text":[""],"removed":[" "],"origin":"+delete"}
2019-3-13 18:34:05.407#keyHandled#"Backspace"
2019-3-13 18:34:07.504#change#{"from":{"line":4,"ch":7,"sticky":null},"to":{"line":4,"ch":7,"sticky":null},"text":[" "],"removed":[""],"origin":"+input"}
2019-3-13 18:34:07.960#change#{"from":{"line":4,"ch":8,"sticky":null},"to":{"line":4,"ch":8,"sticky":null},"text":["*"],"removed":[""],"origin":"+input"}
2019-3-13 18:34:08.193#change#{"from":{"line":4,"ch":9,"sticky":null},"to":{"line":4,"ch":9,"sticky":null},"text":["*"],"removed":[""],"origin":"+input"}
2019-3-13 18:34:08.426#change#{"from":{"line":4,"ch":10,"sticky":null},"to":{"line":4,"ch":10,"sticky":null},"text":["*"],"removed":[""],"origin":"+input"}
2019-3-13 18:34:08.659#change#{"from":{"line":4,"ch":11,"sticky":null},"to":{"line":4,"ch":11,"sticky":null},"text":["*"],"removed":[""],"origin":"+input"}
2019-3-13 18:34:08.928#change#{"from":{"line":4,"ch":12,"sticky":null},"to":{"line":4,"ch":12,"sticky":null},"text":["*"],"removed":[""],"origin":"+input"}
2019-3-13 18:34:09.264#change#{"from":{"line":4,"ch":13,"sticky":null},"to":{"line":4,"ch":13,"sticky":null},"text":[" "],"removed":[""],"origin":"+input"}
