2019-4-20 19:15:51.343#viewportChange#0
2019-4-20 19:16:27.721#mousedown#{"isTrusted":true}
2019-4-20 19:16:27.980#focus#
2019-4-20 19:16:27.721#mousedown#{"isTrusted":true}
2019-4-20 19:16:27.980#focus#
2019-4-20 19:16:52.319#blur#
2019-4-20 19:16:53.803#dica_bullet#SyntaxError: invalid syntax
2019-4-20 19:17:10.889#mousedown#{"isTrusted":true}
2019-4-20 19:17:11.072#focus#
2019-4-20 19:17:12.720#change#{"from":{"line":14,"ch":0,"sticky":"after"},"to":{"line":14,"ch":1,"sticky":"before","xRel":-3.390625},"text":[""],"removed":["\t"],"origin":"+delete"}
2019-4-20 19:17:12.720#keyHandled#"Backspace"
2019-4-20 19:17:13.632#keyHandled#"Down"
2019-4-20 19:17:14.024#keyHandled#"Down"
2019-4-20 19:17:14.472#keyHandled#"Down"
2019-4-20 19:17:14.670#keyHandled#"Down"
2019-4-20 19:17:15.379#keyHandled#"Right"
2019-4-20 19:17:15.604#keyHandled#"Right"
2019-4-20 19:17:16.185#keyHandled#"Left"
2019-4-20 19:17:16.788#change#{"from":{"line":19,"ch":0,"sticky":"after"},"to":{"line":19,"ch":1,"sticky":"after"},"text":[""],"removed":["\t"],"origin":"+delete"}
2019-4-20 19:17:16.788#keyHandled#"Backspace"
2019-4-20 19:17:18.276#keyHandled#"Down"
2019-4-20 19:17:18.468#keyHandled#"Down"
2019-4-20 19:17:18.699#keyHandled#"Down"
2019-4-20 19:17:18.869#keyHandled#"Down"
2019-4-20 19:17:19.403#change#{"from":{"line":23,"ch":0,"sticky":"after","xRel":0},"to":{"line":23,"ch":0,"sticky":"after","xRel":0},"text":["",""],"removed":[""],"origin":"+input"}
2019-4-20 19:17:19.403#change#{"from":{"line":24,"ch":0,"sticky":null},"to":{"line":24,"ch":0,"sticky":null},"text":["\t"],"removed":[""],"origin":"+input"}
2019-4-20 19:17:19.403#keyHandled#"Enter"
2019-4-20 19:17:19.431#viewportChange#0
2019-4-20 19:17:19.605#change#{"from":{"line":24,"ch":1,"sticky":null},"to":{"line":24,"ch":1,"sticky":null},"text":["",""],"removed":[""],"origin":"+input"}
2019-4-20 19:17:19.605#change#{"from":{"line":25,"ch":0,"sticky":null},"to":{"line":25,"ch":0,"sticky":null},"text":["\t"],"removed":[""],"origin":"+input"}
2019-4-20 19:17:19.605#keyHandled#"Enter"
2019-4-20 19:17:19.630#viewportChange#0
2019-4-20 19:17:19.889#change#{"from":{"line":25,"ch":1,"sticky":null},"to":{"line":25,"ch":1,"sticky":null},"text":["",""],"removed":[""],"origin":"+input"}
2019-4-20 19:17:19.889#change#{"from":{"line":26,"ch":0,"sticky":null},"to":{"line":26,"ch":0,"sticky":null},"text":["\t"],"removed":[""],"origin":"+input"}
2019-4-20 19:17:19.889#keyHandled#"Enter"
2019-4-20 19:17:19.916#viewportChange#0
2019-4-20 19:17:21.152#keyHandled#"Up"
2019-4-20 19:17:21.509#keyHandled#"Up"
2019-4-20 19:17:21.750#keyHandled#"Up"
2019-4-20 19:17:21.896#keyHandled#"Up"
2019-4-20 19:17:22.572#keyHandled#"Right"
2019-4-20 19:17:22.742#keyHandled#"Up"
2019-4-20 19:17:22.980#keyHandled#"Up"
2019-4-20 19:17:23.253#keyHandled#"Right"
2019-4-20 19:17:23.985#change#{"from":{"line":20,"ch":1,"sticky":"after"},"to":{"line":20,"ch":2,"sticky":"before"},"text":[""],"removed":["\t"],"origin":"+delete"}
2019-4-20 19:17:23.985#keyHandled#"Backspace"
2019-4-20 19:17:25.327#keyHandled#"Up"
2019-4-20 19:17:25.489#keyHandled#"Up"
2019-4-20 19:17:25.724#keyHandled#"Right"
2019-4-20 19:17:26.906#change#{"from":{"line":18,"ch":1,"sticky":"after"},"to":{"line":18,"ch":2,"sticky":"before"},"text":[""],"removed":["\t"],"origin":"+delete"}
2019-4-20 19:17:26.906#keyHandled#"Backspace"
2019-4-20 19:17:28.288#keyHandled#"Up"
2019-4-20 19:17:28.579#keyHandled#"Right"
2019-4-20 19:17:29.306#change#{"from":{"line":17,"ch":1,"sticky":"after"},"to":{"line":17,"ch":2,"sticky":"before"},"text":[""],"removed":["\t"],"origin":"+delete"}
2019-4-20 19:17:29.306#keyHandled#"Backspace"
2019-4-20 19:17:30.141#keyHandled#"Up"
2019-4-20 19:17:30.437#keyHandled#"Right"
2019-4-20 19:17:31.039#change#{"from":{"line":16,"ch":1,"sticky":"after"},"to":{"line":16,"ch":2,"sticky":"before"},"text":[""],"removed":["\t"],"origin":"+delete"}
2019-4-20 19:17:31.039#keyHandled#"Backspace"
2019-4-20 19:17:31.632#keyHandled#"Up"
2019-4-20 19:17:32.646#keyHandled#"Right"
2019-4-20 19:17:33.257#change#{"from":{"line":15,"ch":1,"sticky":"after"},"to":{"line":15,"ch":2,"sticky":"before"},"text":[""],"removed":["\t"],"origin":"+delete"}
2019-4-20 19:17:33.257#keyHandled#"Backspace"
2019-4-20 19:17:34.119#keyHandled#"Up"
2019-4-20 19:17:34.507#keyHandled#"Up"
2019-4-20 19:17:35.337#keyHandled#"Up"
2019-4-20 19:17:35.526#keyHandled#"Up"
2019-4-20 19:17:35.804#keyHandled#"Up"
2019-4-20 19:17:36.442#keyHandled#"Up"
2019-4-20 19:17:37.096#keyHandled#"Up"
2019-4-20 19:17:37.520#keyHandled#"Up"
2019-4-20 19:17:37.810#keyHandled#"Up"
2019-4-20 19:17:38.008#keyHandled#"Up"
2019-4-20 19:17:38.269#keyHandled#"Up"
2019-4-22 18:15:50.993#viewportChange#0
2019-4-22 18:16:04.152#mousedown#{"isTrusted":true}
2019-4-22 18:16:04.181#focus#
2019-4-22 18:16:07.728#change#{"from":{"line":9,"ch":25,"sticky":"after"},"to":{"line":9,"ch":26,"sticky":"before","xRel":-0.5999755859375},"text":[""],"removed":[","],"origin":"+delete"}
2019-4-22 18:16:07.728#keyHandled#"Backspace"
2019-4-22 18:16:08.219#keyHandled#"Right"
2019-4-22 18:16:08.378#keyHandled#"Right"
2019-4-22 18:16:09.746#keyHandled#"Right"
2019-4-22 18:16:09.755#keyHandled#"Down"
2019-4-22 18:16:10.147#keyHandled#"Right"
2019-4-22 18:16:10.331#keyHandled#"Up"
2019-4-22 18:16:10.499#keyHandled#"Up"
2019-4-22 18:16:10.666#keyHandled#"Up"
2019-4-22 18:16:10.892#keyHandled#"Left"
2019-4-22 18:16:11.116#keyHandled#"Down"
2019-4-22 18:16:11.412#keyHandled#"Down"
2019-4-22 18:16:11.786#keyHandled#"Left"
2019-4-22 18:16:12.635#change#{"from":{"line":9,"ch":27,"sticky":"after"},"to":{"line":9,"ch":28,"sticky":"after"},"text":[""],"removed":[","],"origin":"+delete"}
2019-4-22 18:16:12.635#keyHandled#"Backspace"
2019-4-22 18:16:13.315#keyHandled#"Right"
2019-4-22 18:16:13.490#keyHandled#"Right"
2019-4-22 18:16:13.627#keyHandled#"Right"
2019-4-22 18:16:13.791#keyHandled#"Right"
2019-4-22 18:16:13.923#keyHandled#"Right"
2019-4-22 18:16:15.019#change#{"from":{"line":9,"ch":31,"sticky":"after"},"to":{"line":9,"ch":32,"sticky":"before"},"text":[""],"removed":[","],"origin":"+delete"}
2019-4-22 18:16:15.019#keyHandled#"Backspace"
2019-4-22 18:16:15.354#keyHandled#"Left"
2019-4-22 18:16:15.682#keyHandled#"Left"
2019-4-22 18:16:15.842#keyHandled#"Left"
2019-4-22 18:16:15.970#keyHandled#"Left"
2019-4-22 18:16:16.130#keyHandled#"Left"
2019-4-22 18:16:16.282#keyHandled#"Left"
2019-4-22 18:16:16.426#keyHandled#"Left"
2019-4-22 18:16:16.579#keyHandled#"Left"
2019-4-22 18:16:16.730#keyHandled#"Left"
2019-4-22 18:16:16.906#keyHandled#"Left"
2019-4-22 18:16:17.619#change#{"from":{"line":9,"ch":20,"sticky":"after"},"to":{"line":9,"ch":21,"sticky":"after"},"text":[""],"removed":[","],"origin":"+delete"}
2019-4-22 18:16:17.619#keyHandled#"Backspace"
2019-4-22 18:16:17.619#change#{"from":{"line":9,"ch":20,"sticky":"after"},"to":{"line":9,"ch":21,"sticky":"after"},"text":[""],"removed":[","],"origin":"+delete"}
2019-4-22 18:16:17.619#keyHandled#"Backspace"
2019-4-22 18:16:21.889#dica_bullet#SyntaxError: invalid syntax
2019-4-22 18:16:24.011#focus#
2019-4-22 18:16:30.250#change#{"from":{"line":9,"ch":20,"sticky":null},"to":{"line":9,"ch":20,"sticky":null},"text":[","],"removed":[""],"origin":"undo"}
2019-4-22 18:16:30.250#keyHandled#"Ctrl-Z"
2019-4-22 18:16:30.748#change#{"from":{"line":9,"ch":31,"sticky":null},"to":{"line":9,"ch":31,"sticky":null},"text":[","],"removed":[""],"origin":"undo"}
2019-4-22 18:16:30.748#keyHandled#"Ctrl-Z"
2019-4-22 18:16:31.315#change#{"from":{"line":9,"ch":27,"sticky":null},"to":{"line":9,"ch":27,"sticky":null},"text":[","],"removed":[""],"origin":"undo"}
2019-4-22 18:16:31.316#keyHandled#"Ctrl-Z"
2019-4-22 18:16:31.315#change#{"from":{"line":9,"ch":27,"sticky":null},"to":{"line":9,"ch":27,"sticky":null},"text":[","],"removed":[""],"origin":"undo"}
2019-4-22 18:16:31.316#keyHandled#"Ctrl-Z"
2019-4-22 18:16:32.985#dica_bullet#SyntaxError: invalid syntax
2019-4-22 18:16:33.650#saida_testar#$ python3 main.py
File "main.py", line 10
print("Entradas:", a, "," b, ",", c)
SyntaxError: invalid syntax
2019-4-22 18:16:34.539#mousedown#{"isTrusted":true}
2019-4-22 18:16:35.018#mousedown#{"isTrusted":true}
2019-4-22 18:16:35.546#mousedown#{"isTrusted":true}
2019-4-22 18:16:47.053#keyHandled#"Down"
2019-4-22 18:16:47.552#keyHandled#"Down"
2019-4-22 18:16:47.602#keyHandled#"Down"
2019-4-22 18:16:47.804#keyHandled#"Down"
2019-4-22 18:16:48.130#keyHandled#"Down"
2019-4-22 18:16:48.529#keyHandled#"Up"
2019-4-22 18:16:48.713#keyHandled#"Up"
2019-4-22 18:17:03.852#viewportChange#0
2019-4-22 18:17:25.484#mousedown#{"isTrusted":true}
2019-4-22 18:17:27.637#change#{"from":{"line":18,"ch":14,"sticky":"after"},"to":{"line":18,"ch":15,"sticky":"after","xRel":1.4000244140625},"text":[""],"removed":[","],"origin":"+delete"}
2019-4-22 18:17:27.637#keyHandled#"Backspace"
2019-4-22 18:17:27.637#change#{"from":{"line":18,"ch":14,"sticky":"after"},"to":{"line":18,"ch":15,"sticky":"after","xRel":1.4000244140625},"text":[""],"removed":[","],"origin":"+delete"}
2019-4-22 18:17:27.637#keyHandled#"Backspace"
2019-4-22 18:17:28.587#dica_bullet#SyntaxError: invalid syntax
2019-4-22 18:17:29.807#saida_testar#$ python3 main.py
File "main.py", line 10
print("Entradas:", a, "," b, ",", c)
SyntaxError: invalid syntax
2019-4-22 18:17:31.180#mousedown#{"isTrusted":true}
2019-4-22 18:17:31.917#change#{"from":{"line":9,"ch":20,"sticky":"after"},"to":{"line":9,"ch":21,"sticky":"before","xRel":-0.5999755859375},"text":[""],"removed":[","],"origin":"+delete"}
2019-4-22 18:17:31.917#keyHandled#"Backspace"
2019-4-22 18:17:33.148#mousedown#{"isTrusted":true}
2019-4-22 18:17:33.446#change#{"from":{"line":9,"ch":17,"sticky":"after"},"to":{"line":9,"ch":18,"sticky":"before","xRel":-0.5999755859375},"text":[""],"removed":[","],"origin":"+delete"}
2019-4-22 18:17:33.446#keyHandled#"Backspace"
2019-4-22 18:17:34.097#mousedown#{"isTrusted":true}
2019-4-22 18:17:34.363#change#{"from":{"line":9,"ch":25,"sticky":"after"},"to":{"line":9,"ch":26,"sticky":"after","xRel":1.4000244140625},"text":[""],"removed":[","],"origin":"+delete"}
2019-4-22 18:17:34.363#keyHandled#"Backspace"
2019-4-22 18:17:35.112#mousedown#{"isTrusted":true}
2019-4-22 18:17:35.263#change#{"from":{"line":9,"ch":29,"sticky":"after"},"to":{"line":9,"ch":30,"sticky":"before","xRel":-1.5999755859375},"text":[""],"removed":[","],"origin":"+delete"}
2019-4-22 18:17:35.263#keyHandled#"Backspace"
2019-4-22 18:17:35.112#mousedown#{"isTrusted":true}
2019-4-22 18:17:35.263#change#{"from":{"line":9,"ch":29,"sticky":"after"},"to":{"line":9,"ch":30,"sticky":"before","xRel":-1.5999755859375},"text":[""],"removed":[","],"origin":"+delete"}
2019-4-22 18:17:35.263#keyHandled#"Backspace"
2019-4-22 18:17:36.584#dica_bullet#SyntaxError: invalid syntax
2019-4-22 18:17:37.709#saida_testar#$ python3 main.py
File "main.py", line 10
print("Entradas:" a "," b "," c)
SyntaxError: invalid syntax
2019-4-22 18:17:42.365#mousedown#{"isTrusted":true}
2019-4-22 18:17:51.382#change#{"from":{"line":9,"ch":29,"sticky":null},"to":{"line":9,"ch":29,"sticky":null},"text":[","],"removed":[""],"origin":"undo"}
2019-4-22 18:17:51.382#keyHandled#"Ctrl-Z"
2019-4-22 18:17:52.166#change#{"from":{"line":9,"ch":25,"sticky":null},"to":{"line":9,"ch":25,"sticky":null},"text":[","],"removed":[""],"origin":"undo"}
2019-4-22 18:17:52.166#keyHandled#"Ctrl-Z"
2019-4-22 18:17:53.365#mousedown#{"isTrusted":true}
2019-4-22 18:17:55.907#copy#{"isTrusted":true}
2019-4-22 18:18:00.853#mousedown#{"isTrusted":true}
2019-4-22 18:18:01.392#blur#
2019-4-22 18:18:01.578#dica_open#SyntaxError: invalid syntax
2019-4-22 18:18:09.470#mousedown#{"isTrusted":true}
2019-4-22 18:18:09.491#focus#
2019-4-22 18:18:09.597#dica_close#
2019-4-22 18:18:10.493#mousedown#{"isTrusted":true}
2019-4-22 18:18:11.918#mousedown#{"isTrusted":true}
2019-4-22 18:18:12.935#change#{"from":{"line":9,"ch":21,"sticky":"after"},"to":{"line":9,"ch":22,"sticky":"after","xRel":3.4000244140625},"text":[""],"removed":[","],"origin":"+delete"}
2019-4-22 18:18:12.935#keyHandled#"Backspace"
2019-4-22 18:18:13.527#keyHandled#"Right"
2019-4-22 18:18:13.719#keyHandled#"Right"
2019-4-22 18:18:13.862#keyHandled#"Right"
2019-4-22 18:18:14.014#keyHandled#"Right"
2019-4-22 18:18:14.110#keyHandled#"Right"
2019-4-22 18:18:14.382#keyHandled#"Right"
2019-4-22 18:18:14.478#keyHandled#"Right"
2019-4-22 18:18:15.232#change#{"from":{"line":9,"ch":27,"sticky":"after"},"to":{"line":9,"ch":28,"sticky":"before"},"text":[""],"removed":[","],"origin":"+delete"}
2019-4-22 18:18:15.232#keyHandled#"Backspace"
2019-4-22 18:18:19.678#keyHandled#"Left"
2019-4-22 18:18:19.814#keyHandled#"Right"
2019-4-22 18:18:19.982#keyHandled#"Right"
2019-4-22 18:18:20.142#keyHandled#"Right"
2019-4-22 18:18:21.796#change#{"from":{"line":9,"ch":27,"sticky":null},"to":{"line":9,"ch":27,"sticky":null},"text":[","],"removed":[""],"origin":"undo"}
2019-4-22 18:18:21.796#keyHandled#"Ctrl-Z"
2019-4-22 18:18:22.079#change#{"from":{"line":9,"ch":21,"sticky":null},"to":{"line":9,"ch":21,"sticky":null},"text":[","],"removed":[""],"origin":"undo"}
2019-4-22 18:18:22.080#keyHandled#"Ctrl-Z"
2019-4-22 18:18:22.958#keyHandled#"Right"
2019-4-22 18:18:23.150#keyHandled#"Right"
2019-4-22 18:18:23.358#keyHandled#"Right"
2019-4-22 18:18:23.718#keyHandled#"Right"
2019-4-22 18:18:23.741#keyHandled#"Down"
2019-4-22 18:18:24.343#keyHandled#"Up"
2019-4-22 18:18:25.207#change#{"from":{"line":9,"ch":25,"sticky":"after"},"to":{"line":9,"ch":26,"sticky":"after","xRel":0},"text":[""],"removed":[","],"origin":"+delete"}
2019-4-22 18:18:25.207#keyHandled#"Backspace"
2019-4-22 18:18:25.542#keyHandled#"Right"
2019-4-22 18:18:25.751#keyHandled#"Right"
2019-4-22 18:18:25.887#keyHandled#"Right"
2019-4-22 18:18:26.022#keyHandled#"Right"
2019-4-22 18:18:26.179#keyHandled#"Right"
2019-4-22 18:18:26.959#change#{"from":{"line":9,"ch":29,"sticky":"after"},"to":{"line":9,"ch":30,"sticky":"before"},"text":[""],"removed":[","],"origin":"+delete"}
2019-4-22 18:18:26.959#keyHandled#"Backspace"
2019-4-22 18:18:29.517#change#{"from":{"line":9,"ch":29,"sticky":null},"to":{"line":9,"ch":29,"sticky":null},"text":[","],"removed":[""],"origin":"+input"}
2019-4-22 18:18:30.114#keyHandled#"Left"
2019-4-22 18:18:30.344#keyHandled#"Left"
2019-4-22 18:18:30.498#keyHandled#"Left"
2019-4-22 18:18:30.814#keyHandled#"Left"
2019-4-22 18:18:30.978#keyHandled#"Left"
2019-4-22 18:18:31.892#change#{"from":{"line":9,"ch":25,"sticky":"after"},"to":{"line":9,"ch":25,"sticky":"after"},"text":[","],"removed":[""],"origin":"+input"}
2019-4-22 18:18:32.670#keyHandled#"Left"
2019-4-22 18:18:32.878#keyHandled#"Left"
2019-4-22 18:18:33.030#keyHandled#"Left"
2019-4-22 18:18:33.302#keyHandled#"Left"
2019-4-22 18:18:33.510#keyHandled#"Left"
2019-4-22 18:18:33.679#keyHandled#"Left"
2019-4-22 18:18:33.830#keyHandled#"Left"
2019-4-22 18:18:35.019#change#{"from":{"line":9,"ch":19,"sticky":"after"},"to":{"line":9,"ch":19,"sticky":"after"},"text":[","],"removed":[""],"origin":"+input"}
2019-4-22 18:18:38.102#keyHandled#"Left"
2019-4-22 18:18:38.310#keyHandled#"Left"
2019-4-22 18:18:38.454#keyHandled#"Left"
2019-4-22 18:18:40.901#change#{"from":{"line":9,"ch":17,"sticky":"after"},"to":{"line":9,"ch":17,"sticky":"after"},"text":[","],"removed":[""],"origin":"+input"}
2019-4-22 18:18:41.519#keyHandled#"Down"
2019-4-22 18:18:41.743#keyHandled#"Down"
2019-4-22 18:18:42.071#keyHandled#"Down"
2019-4-22 18:18:42.335#keyHandled#"Down"
2019-4-22 18:18:42.529#keyHandled#"Down"
2019-4-22 18:18:42.679#keyHandled#"Down"
2019-4-22 18:18:43.695#keyHandled#"Up"
2019-4-22 18:18:43.975#keyHandled#"Left"
2019-4-22 18:18:44.029#keyHandled#"Down"
2019-4-22 18:18:44.281#keyHandled#"Down"
2019-4-22 18:18:44.553#keyHandled#"Down"
2019-4-22 18:18:45.431#keyHandled#"Left"
2019-4-22 18:18:46.154#keyHandled#"Down"
2019-4-22 18:18:46.281#keyHandled#"Left"
2019-4-22 18:18:46.514#keyHandled#"Down"
2019-4-22 18:18:46.812#keyHandled#"Down"
2019-4-22 18:18:46.967#keyHandled#"Down"
2019-4-22 18:18:47.127#keyHandled#"Down"
2019-4-22 18:18:47.559#keyHandled#"Left"
2019-4-22 18:18:47.727#keyHandled#"Left"
2019-4-22 18:18:47.895#keyHandled#"Left"
2019-4-22 18:18:48.320#keyHandled#"Down"
2019-4-22 18:18:48.583#keyHandled#"Down"
2019-4-22 18:18:48.831#keyHandled#"Down"
2019-4-22 18:18:49.287#keyHandled#"Up"
2019-4-22 18:18:49.481#keyHandled#"Up"
2019-4-22 18:18:49.631#keyHandled#"Up"
2019-4-22 18:18:50.736#keyHandled#"Up"
2019-4-22 18:18:50.929#keyHandled#"Up"
2019-4-22 18:18:51.200#keyHandled#"Up"
2019-4-22 18:18:52.472#keyHandled#"Up"
2019-4-22 18:18:52.751#keyHandled#"Right"
2019-4-22 18:18:53.147#keyHandled#"Up"
2019-4-22 18:18:53.471#keyHandled#"Left"
2019-4-22 18:18:53.697#keyHandled#"Up"
2019-4-22 18:18:54.213#keyHandled#"Down"
2019-4-22 18:18:54.247#keyHandled#"Left"
2019-4-22 18:18:54.503#keyHandled#"Up"
2019-4-22 18:18:54.856#keyHandled#"Up"
2019-4-22 18:18:55.088#keyHandled#"Up"
2019-4-22 18:18:58.239#keyHandled#"Down"
2019-4-22 18:18:58.623#keyHandled#"Down"
2019-4-22 18:18:58.818#keyHandled#"Right"
2019-4-22 18:18:58.975#keyHandled#"Right"
2019-4-22 18:18:59.111#keyHandled#"Right"
2019-4-22 18:18:59.130#keyHandled#"Down"
2019-4-22 18:18:59.216#keyHandled#"Down"
2019-4-22 18:18:59.367#keyHandled#"Down"
2019-4-22 18:18:59.615#keyHandled#"Right"
2019-4-22 18:18:59.888#keyHandled#"Up"
2019-4-22 18:19:00.143#keyHandled#"Right"
2019-4-22 18:19:00.417#keyHandled#"Up"
2019-4-22 18:19:00.695#keyHandled#"Right"
2019-4-22 18:19:00.935#keyHandled#"Right"
2019-4-22 18:19:01.212#keyHandled#"Right"
2019-4-22 18:19:01.708#keyHandled#"Right"
2019-4-22 18:19:01.757#keyHandled#"Right"
2019-4-22 18:19:01.808#keyHandled#"Right"
2019-4-22 18:19:01.866#keyHandled#"Right"
2019-4-22 18:19:01.909#keyHandled#"Right"
2019-4-22 18:19:01.958#keyHandled#"Right"
2019-4-22 18:19:02.012#keyHandled#"Right"
2019-4-22 18:19:02.057#keyHandled#"Right"
2019-4-22 18:19:02.112#keyHandled#"Right"
2019-4-22 18:19:02.157#keyHandled#"Right"
2019-4-22 18:19:03.622#change#{"from":{"line":18,"ch":14,"sticky":"before"},"to":{"line":18,"ch":14,"sticky":"before"},"text":[","],"removed":[""],"origin":"+input"}
2019-4-22 18:19:04.296#keyHandled#"Up"
2019-4-22 18:19:11.736#keyHandled#"Up"
2019-4-22 18:19:12.001#keyHandled#"Up"
2019-4-22 18:19:12.168#keyHandled#"Up"
2019-4-22 18:19:40.593#keyHandled#"Up"
2019-4-22 18:19:40.753#keyHandled#"Up"
2019-4-22 18:19:42.088#keyHandled#"Right"
2019-4-22 18:19:42.273#keyHandled#"Right"
2019-4-22 18:19:42.905#keyHandled#"Right"
2019-4-22 18:19:45.961#keyHandled#"Right"
2019-4-22 18:19:46.096#keyHandled#"Right"
2019-4-22 18:19:47.529#keyHandled#"Right"
2019-4-22 18:20:55.564#change#{"from":{"line":12,"ch":22,"sticky":"after"},"to":{"line":12,"ch":23,"sticky":"before"},"text":[""],"removed":["_"],"origin":"+delete"}
2019-4-22 18:20:55.564#keyHandled#"Backspace"
2019-4-22 18:20:55.732#change#{"from":{"line":12,"ch":21,"sticky":"after"},"to":{"line":12,"ch":22,"sticky":null},"text":[""],"removed":["_"],"origin":"+delete"}
2019-4-22 18:20:55.732#keyHandled#"Backspace"
2019-4-22 18:20:55.876#change#{"from":{"line":12,"ch":20,"sticky":"after"},"to":{"line":12,"ch":21,"sticky":null},"text":[""],"removed":["_"],"origin":"+delete"}
2019-4-22 18:20:55.876#keyHandled#"Backspace"
2019-4-22 18:20:56.011#change#{"from":{"line":12,"ch":19,"sticky":"after"},"to":{"line":12,"ch":20,"sticky":null},"text":[""],"removed":["I"],"origin":"+delete"}
2019-4-22 18:20:56.011#keyHandled#"Backspace"
2019-4-22 18:20:56.131#change#{"from":{"line":12,"ch":18,"sticky":"after"},"to":{"line":12,"ch":19,"sticky":null},"text":[""],"removed":["U"],"origin":"+delete"}
2019-4-22 18:20:56.131#keyHandled#"Backspace"
2019-4-22 18:20:56.483#change#{"from":{"line":12,"ch":17,"sticky":"after"},"to":{"line":12,"ch":18,"sticky":null},"text":[""],"removed":["Q"],"origin":"+delete"}
2019-4-22 18:20:56.483#keyHandled#"Backspace"
2019-4-22 18:20:56.619#change#{"from":{"line":12,"ch":16,"sticky":"after"},"to":{"line":12,"ch":17,"sticky":null},"text":[""],"removed":["A"],"origin":"+delete"}
2019-4-22 18:20:56.619#keyHandled#"Backspace"
2019-4-22 18:20:56.748#change#{"from":{"line":12,"ch":15,"sticky":"after"},"to":{"line":12,"ch":16,"sticky":null},"text":[""],"removed":[" "],"origin":"+delete"}
2019-4-22 18:20:56.748#keyHandled#"Backspace"
2019-4-22 18:20:56.899#change#{"from":{"line":12,"ch":14,"sticky":"after"},"to":{"line":12,"ch":15,"sticky":null},"text":[""],"removed":["E"],"origin":"+delete"}
2019-4-22 18:20:56.899#keyHandled#"Backspace"
2019-4-22 18:20:57.067#change#{"from":{"line":12,"ch":13,"sticky":"after"},"to":{"line":12,"ch":14,"sticky":null},"text":[""],"removed":["T"],"origin":"+delete"}
2019-4-22 18:20:57.067#keyHandled#"Backspace"
2019-4-22 18:20:57.243#change#{"from":{"line":12,"ch":12,"sticky":"after"},"to":{"line":12,"ch":13,"sticky":null},"text":[""],"removed":["E"],"origin":"+delete"}
2019-4-22 18:20:57.243#keyHandled#"Backspace"
2019-4-22 18:20:57.396#change#{"from":{"line":12,"ch":11,"sticky":"after"},"to":{"line":12,"ch":12,"sticky":null},"text":[""],"removed":["L"],"origin":"+delete"}
2019-4-22 18:20:57.396#keyHandled#"Backspace"
2019-4-22 18:20:57.547#change#{"from":{"line":12,"ch":10,"sticky":"after"},"to":{"line":12,"ch":11,"sticky":null},"text":[""],"removed":["P"],"origin":"+delete"}
2019-4-22 18:20:57.547#keyHandled#"Backspace"
2019-4-22 18:20:57.699#change#{"from":{"line":12,"ch":9,"sticky":"after"},"to":{"line":12,"ch":10,"sticky":null},"text":[""],"removed":["M"],"origin":"+delete"}
2019-4-22 18:20:57.699#keyHandled#"Backspace"
2019-4-22 18:20:57.862#change#{"from":{"line":12,"ch":8,"sticky":"after"},"to":{"line":12,"ch":9,"sticky":null},"text":[""],"removed":["O"],"origin":"+delete"}
2019-4-22 18:20:57.862#keyHandled#"Backspace"
2019-4-22 18:20:58.019#change#{"from":{"line":12,"ch":7,"sticky":"after"},"to":{"line":12,"ch":8,"sticky":null},"text":[""],"removed":["C"],"origin":"+delete"}
2019-4-22 18:20:58.019#keyHandled#"Backspace"
2019-4-22 18:20:58.195#change#{"from":{"line":12,"ch":6,"sticky":"after"},"to":{"line":12,"ch":7,"sticky":null},"text":[""],"removed":["_"],"origin":"+delete"}
2019-4-22 18:20:58.195#keyHandled#"Backspace"
2019-4-22 18:20:58.378#change#{"from":{"line":12,"ch":5,"sticky":"after"},"to":{"line":12,"ch":6,"sticky":null},"text":[""],"removed":["_"],"origin":"+delete"}
2019-4-22 18:20:58.378#keyHandled#"Backspace"
2019-4-22 18:20:58.555#change#{"from":{"line":12,"ch":4,"sticky":"after"},"to":{"line":12,"ch":5,"sticky":null},"text":[""],"removed":["_"],"origin":"+delete"}
2019-4-22 18:20:58.555#keyHandled#"Backspace"
2019-4-22 18:20:59.336#change#{"from":{"line":12,"ch":4,"sticky":null},"to":{"line":12,"ch":4,"sticky":null},"text":["a"],"removed":[""],"origin":"+input"}
2019-4-22 18:21:35.735#change#{"from":{"line":12,"ch":5,"sticky":null},"to":{"line":12,"ch":5,"sticky":null},"text":[","],"removed":[""],"origin":"+input"}
2019-4-22 18:21:37.764#blur#
2019-4-22 18:21:40.433#focus#
2019-4-22 18:21:41.352#change#{"from":{"line":12,"ch":5,"sticky":"after"},"to":{"line":12,"ch":6,"sticky":null},"text":[""],"removed":[","],"origin":"+delete"}
2019-4-22 18:21:41.352#keyHandled#"Backspace"
2019-4-22 18:21:41.922#change#{"from":{"line":12,"ch":5,"sticky":null},"to":{"line":12,"ch":5,"sticky":null},"text":["<"],"removed":[""],"origin":"+input"}
2019-4-22 18:21:46.621#change#{"from":{"line":12,"ch":6,"sticky":null},"to":{"line":12,"ch":6,"sticky":null},"text":["o"],"removed":[""],"origin":"+input"}
2019-4-22 18:21:47.687#change#{"from":{"line":12,"ch":6,"sticky":"after"},"to":{"line":12,"ch":7,"sticky":null},"text":[""],"removed":["o"],"origin":"+delete"}
2019-4-22 18:21:47.687#keyHandled#"Backspace"
2019-4-22 18:21:48.325#change#{"from":{"line":12,"ch":6,"sticky":null},"to":{"line":12,"ch":6,"sticky":null},"text":["0"],"removed":[""],"origin":"+input"}
2019-4-22 18:21:49.590#change#{"from":{"line":12,"ch":7,"sticky":null},"to":{"line":12,"ch":7,"sticky":null},"text":[","],"removed":[""],"origin":"+input"}
2019-4-22 18:21:51.587#change#{"from":{"line":12,"ch":9,"sticky":null},"to":{"line":12,"ch":9,"sticky":null},"text":["<"],"removed":[""],"origin":"+input"}
2019-4-22 18:21:53.199#change#{"from":{"line":12,"ch":10,"sticky":null},"to":{"line":12,"ch":10,"sticky":null},"text":["0"],"removed":[""],"origin":"+input"}
2019-4-22 18:21:54.842#change#{"from":{"line":12,"ch":11,"sticky":null},"to":{"line":12,"ch":11,"sticky":null},"text":[","],"removed":[""],"origin":"+input"}
2019-4-22 18:21:54.877#change#{"from":{"line":12,"ch":12,"sticky":null},"to":{"line":12,"ch":12,"sticky":null},"text":["."],"removed":[""],"origin":"+input"}
2019-4-22 18:21:55.712#change#{"from":{"line":12,"ch":12,"sticky":"after"},"to":{"line":12,"ch":13,"sticky":null},"text":[""],"removed":["."],"origin":"+delete"}
2019-4-22 18:21:55.712#keyHandled#"Backspace"
2019-4-22 18:21:56.076#change#{"from":{"line":12,"ch":12,"sticky":null},"to":{"line":12,"ch":12,"sticky":null},"text":["c"],"removed":[""],"origin":"+input"}
2019-4-22 18:21:57.433#change#{"from":{"line":12,"ch":13,"sticky":null},"to":{"line":12,"ch":13,"sticky":null},"text":["<"],"removed":[""],"origin":"+input"}
2019-4-22 18:21:57.992#change#{"from":{"line":12,"ch":14,"sticky":null},"to":{"line":12,"ch":14,"sticky":null},"text":["0"],"removed":[""],"origin":"+input"}
2019-4-22 18:21:57.433#change#{"from":{"line":12,"ch":13,"sticky":null},"to":{"line":12,"ch":13,"sticky":null},"text":["<"],"removed":[""],"origin":"+input"}
2019-4-22 18:21:57.992#change#{"from":{"line":12,"ch":14,"sticky":null},"to":{"line":12,"ch":14,"sticky":null},"text":["0"],"removed":[""],"origin":"+input"}
2019-4-22 18:22:00.288#dica_bullet#SyntaxError: invalid syntax
2019-4-22 18:22:01.431#saida_testar#$ python3 main.py
File "main.py", line 10
print("Entradas:", a, "," b, ",", c)
SyntaxError: invalid syntax
2019-4-22 18:22:03.613#keyHandled#"Up"
2019-4-22 18:22:03.918#keyHandled#"Up"
2019-4-22 18:22:04.277#keyHandled#"Right"
2019-4-22 18:22:04.591#keyHandled#"Down"
2019-4-22 18:22:05.349#keyHandled#"Right"
2019-4-22 18:22:05.565#keyHandled#"Right"
2019-4-22 18:22:05.813#keyHandled#"Right"
2019-4-22 18:22:06.177#keyHandled#"Right"
2019-4-22 18:22:06.362#keyHandled#"Right"
2019-4-22 18:22:06.469#keyHandled#"Right"
2019-4-22 18:23:08.962#keyHandled#"Up"
2019-4-22 18:23:09.495#keyHandled#"Down"
2019-4-22 18:23:09.903#keyHandled#"Right"
2019-4-22 18:23:10.095#keyHandled#"Right"
2019-4-22 18:23:10.247#keyHandled#"Right"
2019-4-22 18:23:10.383#keyHandled#"Right"
2019-4-22 18:23:10.511#keyHandled#"Right"
2019-4-22 18:23:10.647#keyHandled#"Right"
2019-4-22 18:23:10.799#keyHandled#"Right"
2019-4-22 18:23:10.951#keyHandled#"Right"
2019-4-22 18:23:11.216#keyHandled#"Right"
2019-4-22 18:23:11.688#change#{"from":{"line":12,"ch":14,"sticky":"after"},"to":{"line":12,"ch":15,"sticky":"before"},"text":[""],"removed":["0"],"origin":"+delete"}
2019-4-22 18:23:11.688#keyHandled#"Backspace"
2019-4-22 18:23:11.847#change#{"from":{"line":12,"ch":13,"sticky":"after"},"to":{"line":12,"ch":14,"sticky":null},"text":[""],"removed":["<"],"origin":"+delete"}
2019-4-22 18:23:11.847#keyHandled#"Backspace"
2019-4-22 18:23:12.008#change#{"from":{"line":12,"ch":12,"sticky":"after"},"to":{"line":12,"ch":13,"sticky":null},"text":[""],"removed":["c"],"origin":"+delete"}
2019-4-22 18:23:12.008#keyHandled#"Backspace"
2019-4-22 18:23:12.151#change#{"from":{"line":12,"ch":11,"sticky":"after"},"to":{"line":12,"ch":12,"sticky":null},"text":[""],"removed":[","],"origin":"+delete"}
2019-4-22 18:23:12.151#keyHandled#"Backspace"
2019-4-22 18:23:12.295#change#{"from":{"line":12,"ch":10,"sticky":"after"},"to":{"line":12,"ch":11,"sticky":null},"text":[""],"removed":["0"],"origin":"+delete"}
2019-4-22 18:23:12.295#keyHandled#"Backspace"
2019-4-22 18:23:12.447#change#{"from":{"line":12,"ch":9,"sticky":"after"},"to":{"line":12,"ch":10,"sticky":null},"text":[""],"removed":["<"],"origin":"+delete"}
2019-4-22 18:23:12.447#keyHandled#"Backspace"
2019-4-22 18:23:12.599#change#{"from":{"line":12,"ch":8,"sticky":"after"},"to":{"line":12,"ch":9,"sticky":null},"text":[""],"removed":["b"],"origin":"+delete"}
2019-4-22 18:23:12.599#keyHandled#"Backspace"
2019-4-22 18:23:12.757#change#{"from":{"line":12,"ch":7,"sticky":"after"},"to":{"line":12,"ch":8,"sticky":null},"text":[""],"removed":[","],"origin":"+delete"}
2019-4-22 18:23:12.757#keyHandled#"Backspace"
2019-4-22 18:23:12.929#change#{"from":{"line":12,"ch":6,"sticky":"after"},"to":{"line":12,"ch":7,"sticky":null},"text":[""],"removed":["0"],"origin":"+delete"}
2019-4-22 18:23:12.929#keyHandled#"Backspace"
2019-4-22 18:23:14.196#change#{"from":{"line":12,"ch":6,"sticky":null},"to":{"line":12,"ch":6,"sticky":null},"text":["="],"removed":[""],"origin":"+input"}
2019-4-22 18:23:15.416#change#{"from":{"line":12,"ch":7,"sticky":null},"to":{"line":12,"ch":7,"sticky":null},"text":["0"],"removed":[""],"origin":"+input"}
2019-4-22 18:23:16.955#change#{"from":{"line":12,"ch":8,"sticky":null},"to":{"line":12,"ch":8,"sticky":null},"text":[","],"removed":[""],"origin":"+input"}
2019-4-22 18:23:18.259#change#{"from":{"line":12,"ch":9,"sticky":null},"to":{"line":12,"ch":9,"sticky":null},"text":["<"],"removed":[""],"origin":"+input"}
2019-4-22 18:23:23.372#change#{"from":{"line":12,"ch":10,"sticky":null},"to":{"line":12,"ch":10,"sticky":null},"text":["="],"removed":[""],"origin":"+input"}
2019-4-22 18:23:24.787#change#{"from":{"line":12,"ch":11,"sticky":null},"to":{"line":12,"ch":11,"sticky":null},"text":["0"],"removed":[""],"origin":"+input"}
2019-4-22 18:23:25.484#change#{"from":{"line":12,"ch":12,"sticky":null},"to":{"line":12,"ch":12,"sticky":null},"text":[","],"removed":[""],"origin":"+input"}
2019-4-22 18:23:27.133#keyHandled#"Left"
2019-4-22 18:23:27.295#keyHandled#"Left"
2019-4-22 18:23:27.439#keyHandled#"Left"
2019-4-22 18:23:27.583#keyHandled#"Left"
2019-4-22 18:23:28.563#change#{"from":{"line":12,"ch":9,"sticky":"after"},"to":{"line":12,"ch":9,"sticky":"after"},"text":["b"],"removed":[""],"origin":"+input"}
2019-4-22 18:23:28.881#keyHandled#"Up"
2019-4-22 18:23:28.983#keyHandled#"Right"
2019-4-22 18:23:29.215#keyHandled#"Right"
2019-4-22 18:23:29.400#keyHandled#"Down"
2019-4-22 18:23:29.703#keyHandled#"Right"
2019-4-22 18:23:29.959#keyHandled#"Right"
2019-4-22 18:23:30.513#change#{"from":{"line":12,"ch":13,"sticky":"after"},"to":{"line":12,"ch":14,"sticky":"before"},"text":[""],"removed":[","],"origin":"+delete"}
2019-4-22 18:23:30.513#keyHandled#"Backspace"
2019-4-22 18:23:30.664#change#{"from":{"line":12,"ch":12,"sticky":"after"},"to":{"line":12,"ch":13,"sticky":null},"text":[""],"removed":["0"],"origin":"+delete"}
2019-4-22 18:23:30.664#keyHandled#"Backspace"
2019-4-22 18:23:30.827#change#{"from":{"line":12,"ch":11,"sticky":"after"},"to":{"line":12,"ch":12,"sticky":null},"text":[""],"removed":["="],"origin":"+delete"}
2019-4-22 18:23:30.827#keyHandled#"Backspace"
2019-4-22 18:23:30.962#change#{"from":{"line":12,"ch":10,"sticky":"after"},"to":{"line":12,"ch":11,"sticky":null},"text":[""],"removed":["<"],"origin":"+delete"}
2019-4-22 18:23:30.962#keyHandled#"Backspace"
2019-4-22 18:23:31.104#change#{"from":{"line":12,"ch":9,"sticky":"after"},"to":{"line":12,"ch":10,"sticky":null},"text":[""],"removed":["b"],"origin":"+delete"}
2019-4-22 18:23:31.104#keyHandled#"Backspace"
2019-4-22 18:23:31.248#change#{"from":{"line":12,"ch":8,"sticky":"after"},"to":{"line":12,"ch":9,"sticky":null},"text":[""],"removed":[","],"origin":"+delete"}
2019-4-22 18:23:31.248#keyHandled#"Backspace"
2019-4-22 18:23:31.407#change#{"from":{"line":12,"ch":7,"sticky":"after"},"to":{"line":12,"ch":8,"sticky":null},"text":[""],"removed":["0"],"origin":"+delete"}
2019-4-22 18:23:31.408#keyHandled#"Backspace"
2019-4-22 18:23:31.560#change#{"from":{"line":12,"ch":6,"sticky":"after"},"to":{"line":12,"ch":7,"sticky":null},"text":[""],"removed":["="],"origin":"+delete"}
2019-4-22 18:23:31.560#keyHandled#"Backspace"
2019-4-22 18:23:31.704#change#{"from":{"line":12,"ch":5,"sticky":"after"},"to":{"line":12,"ch":6,"sticky":null},"text":[""],"removed":["<"],"origin":"+delete"}
2019-4-22 18:23:31.704#keyHandled#"Backspace"
2019-4-22 18:23:31.832#change#{"from":{"line":12,"ch":4,"sticky":"after"},"to":{"line":12,"ch":5,"sticky":null},"text":[""],"removed":["a"],"origin":"+delete"}
2019-4-22 18:23:31.832#keyHandled#"Backspace"
2019-4-22 18:23:33.386#blur#
2019-4-22 18:25:54.387#mousedown#{"isTrusted":true}
2019-4-22 18:25:54.400#focus#
2019-4-22 18:25:55.363#change#{"from":{"line":12,"ch":4,"sticky":"before","xRel":-1.5999755859375},"to":{"line":12,"ch":4,"sticky":"before","xRel":-1.5999755859375},"text":["a"],"removed":[""],"origin":"+input"}
2019-4-22 18:26:00.372#blur#
2019-4-22 18:26:07.192#focus#
2019-4-22 18:26:08.499#change#{"from":{"line":12,"ch":5,"sticky":null},"to":{"line":12,"ch":5,"sticky":null},"text":["="],"removed":[""],"origin":"+input"}
2019-4-22 18:26:08.633#change#{"from":{"line":12,"ch":6,"sticky":null},"to":{"line":12,"ch":6,"sticky":null},"text":["="],"removed":[""],"origin":"+input"}
2019-4-22 18:26:10.944#change#{"from":{"line":12,"ch":7,"sticky":null},"to":{"line":12,"ch":7,"sticky":null},"text":["0"],"removed":[""],"origin":"+input"}
2019-4-22 18:26:12.364#keyHandled#"Left"
2019-4-22 18:26:12.852#keyHandled#"Right"
2019-4-22 18:26:14.167#change#{"from":{"line":12,"ch":8,"sticky":"before"},"to":{"line":12,"ch":8,"sticky":"before"},"text":[","],"removed":[""],"origin":"+input"}
2019-4-22 18:26:15.905#change#{"from":{"line":12,"ch":9,"sticky":null},"to":{"line":12,"ch":9,"sticky":null},"text":["b"],"removed":[""],"origin":"+input"}
2019-4-22 18:26:16.977#change#{"from":{"line":12,"ch":10,"sticky":null},"to":{"line":12,"ch":10,"sticky":null},"text":["="],"removed":[""],"origin":"+input"}
2019-4-22 18:26:17.121#change#{"from":{"line":12,"ch":11,"sticky":null},"to":{"line":12,"ch":11,"sticky":null},"text":["="],"removed":[""],"origin":"+input"}
2019-4-22 18:26:18.777#change#{"from":{"line":12,"ch":12,"sticky":null},"to":{"line":12,"ch":12,"sticky":null},"text":["0"],"removed":[""],"origin":"+input"}
2019-4-22 18:26:19.920#change#{"from":{"line":12,"ch":13,"sticky":null},"to":{"line":12,"ch":13,"sticky":null},"text":[","],"removed":[""],"origin":"+input"}
2019-4-22 18:26:20.400#change#{"from":{"line":12,"ch":14,"sticky":null},"to":{"line":12,"ch":14,"sticky":null},"text":["c"],"removed":[""],"origin":"+input"}
2019-4-22 18:26:21.561#change#{"from":{"line":12,"ch":15,"sticky":null},"to":{"line":12,"ch":15,"sticky":null},"text":["0"],"removed":[""],"origin":"+input"}
2019-4-22 18:26:23.285#keyHandled#"Left"
2019-4-22 18:26:23.305#keyHandled#"Down"
2019-4-22 18:26:25.286#keyHandled#"Up"
2019-4-22 18:26:27.194#change#{"from":{"line":12,"ch":15,"sticky":"after","xRel":0},"to":{"line":12,"ch":15,"sticky":"after","xRel":0},"text":["="],"removed":[""],"origin":"+input"}
2019-4-22 18:26:27.353#change#{"from":{"line":12,"ch":16,"sticky":null},"to":{"line":12,"ch":16,"sticky":null},"text":["="],"removed":[""],"origin":"+input"}
2019-4-22 18:26:41.221#mousedown#{"isTrusted":true}
2019-4-22 18:26:43.084#change#{"from":{"line":14,"ch":4,"sticky":"before","xRel":-0.5999755859375},"to":{"line":14,"ch":23,"sticky":"before","xRel":-3.5999755859375},"text":[""],"removed":["___COMPLETE AQUI___"],"origin":"+delete"}
2019-4-22 18:26:43.084#keyHandled#"Backspace"
2019-4-22 18:26:44.869#change#{"from":{"line":14,"ch":4,"sticky":null},"to":{"line":14,"ch":4,"sticky":null},"text":["a"],"removed":[""],"origin":"+input"}
2019-4-22 18:27:46.506#blur#
2019-4-22 18:28:13.105#focus#
2019-4-22 18:28:14.456#mousedown#{"isTrusted":true}
2019-4-22 18:28:16.725#blur#
2019-4-22 18:28:43.190#focus#
2019-4-22 18:28:50.099#blur#
2019-4-22 18:28:55.064#focus#
2019-4-22 18:28:55.725#blur#
2019-4-22 18:29:44.187#focus#
2019-4-22 18:29:46.514#mousedown#{"isTrusted":true}
2019-4-22 18:29:46.826#mousedown#{"isTrusted":true}
2019-4-22 18:29:46.972#dblclick#{"isTrusted":true}
2019-4-22 18:29:47.626#mousedown#{"isTrusted":true}
2019-4-22 18:30:03.874#dica_bullet#SyntaxError: invalid syntax
2019-4-22 18:30:05.428#saida_testar#$ python3 main.py
File "main.py", line 10
print("Entradas:", a, "," b, ",", c)
SyntaxError: invalid syntax
2019-4-22 18:31:58.201#blur#
2019-4-22 18:33:47.986#mousedown#{"isTrusted":true}
2019-4-22 18:33:48.009#focus#
2019-4-22 18:33:48.457#mousedown#{"isTrusted":true}
2019-4-22 18:33:52.655#change#{"from":{"line":12,"ch":8,"sticky":"after","xRel":1.4000244140625},"to":{"line":12,"ch":8,"sticky":"after","xRel":1.4000244140625},"text":[")"],"removed":[""],"origin":"+input"}
2019-4-22 18:33:53.154#keyHandled#"Right"
2019-4-22 18:33:54.074#change#{"from":{"line":12,"ch":9,"sticky":"after"},"to":{"line":12,"ch":10,"sticky":"before"},"text":[""],"removed":[","],"origin":"+delete"}
2019-4-22 18:33:54.074#keyHandled#"Backspace"
2019-4-22 18:33:54.636#change#{"from":{"line":12,"ch":9,"sticky":null},"to":{"line":12,"ch":9,"sticky":null},"text":["a"],"removed":[""],"origin":"+input"}
2019-4-22 18:33:54.753#change#{"from":{"line":12,"ch":10,"sticky":null},"to":{"line":12,"ch":10,"sticky":null},"text":["n"],"removed":[""],"origin":"+input"}
2019-4-22 18:33:54.886#change#{"from":{"line":12,"ch":11,"sticky":null},"to":{"line":12,"ch":11,"sticky":null},"text":["c"],"removed":[""],"origin":"+input"}
2019-4-22 18:33:56.210#change#{"from":{"line":12,"ch":11,"sticky":"after"},"to":{"line":12,"ch":12,"sticky":null},"text":[""],"removed":["c"],"origin":"+delete"}
2019-4-22 18:33:56.210#keyHandled#"Backspace"
2019-4-22 18:33:56.319#change#{"from":{"line":12,"ch":11,"sticky":null},"to":{"line":12,"ch":11,"sticky":null},"text":["d"],"removed":[""],"origin":"+input"}
2019-4-22 18:33:57.455#change#{"from":{"line":12,"ch":12,"sticky":null},"to":{"line":12,"ch":12,"sticky":null},"text":[" "],"removed":[""],"origin":"+input"}
2019-4-22 18:33:58.527#change#{"from":{"line":12,"ch":13,"sticky":null},"to":{"line":12,"ch":13,"sticky":null},"text":["("],"removed":[""],"origin":"+input"}
2019-4-22 18:33:58.859#keyHandled#"Right"
2019-4-22 18:33:59.106#keyHandled#"Right"
2019-4-22 18:33:59.290#keyHandled#"Right"
2019-4-22 18:33:59.426#keyHandled#"Right"
2019-4-22 18:33:59.967#change#{"from":{"line":12,"ch":18,"sticky":"before"},"to":{"line":12,"ch":18,"sticky":"before"},"text":[")"],"removed":[""],"origin":"+input"}
2019-4-22 18:34:00.396#keyHandled#"Right"
2019-4-22 18:34:01.001#change#{"from":{"line":12,"ch":19,"sticky":"after"},"to":{"line":12,"ch":20,"sticky":"before"},"text":[""],"removed":[","],"origin":"+delete"}
2019-4-22 18:34:01.001#keyHandled#"Backspace"
2019-4-22 18:34:01.927#change#{"from":{"line":12,"ch":19,"sticky":null},"to":{"line":12,"ch":19,"sticky":null},"text":["("],"removed":[""],"origin":"+input"}
2019-4-22 18:34:02.322#keyHandled#"Left"
2019-4-22 18:34:02.879#change#{"from":{"line":12,"ch":19,"sticky":"after"},"to":{"line":12,"ch":19,"sticky":"after"},"text":["a"],"removed":[""],"origin":"+input"}
2019-4-22 18:34:03.223#change#{"from":{"line":12,"ch":20,"sticky":null},"to":{"line":12,"ch":20,"sticky":null},"text":["n"],"removed":[""],"origin":"+input"}
2019-4-22 18:34:03.383#change#{"from":{"line":12,"ch":21,"sticky":null},"to":{"line":12,"ch":21,"sticky":null},"text":["d"],"removed":[""],"origin":"+input"}
2019-4-22 18:34:03.674#keyHandled#"Left"
2019-4-22 18:34:03.850#keyHandled#"Left"
2019-4-22 18:34:04.004#keyHandled#"Left"
2019-4-22 18:34:04.154#keyHandled#"Left"
2019-4-22 18:34:04.282#keyHandled#"Left"
2019-4-22 18:34:04.442#keyHandled#"Left"
2019-4-22 18:34:04.602#keyHandled#"Left"
2019-4-22 18:34:05.170#keyHandled#"Left"
2019-4-22 18:34:05.306#keyHandled#"Left"
2019-4-22 18:34:06.163#change#{"from":{"line":12,"ch":12,"sticky":"after"},"to":{"line":12,"ch":13,"sticky":"after"},"text":[""],"removed":[" "],"origin":"+delete"}
2019-4-22 18:34:06.163#keyHandled#"Backspace"
2019-4-22 18:34:06.995#keyHandled#"Down"
2019-4-22 18:34:07.443#keyHandled#"Up"
2019-4-22 18:34:07.555#keyHandled#"Left"
2019-4-22 18:34:07.899#keyHandled#"Down"
2019-4-22 18:34:08.308#keyHandled#"Down"
2019-4-22 18:34:08.496#keyHandled#"Left"
2019-4-22 18:34:09.404#keyHandled#"Down"
2019-4-22 18:34:09.739#keyHandled#"Left"
2019-4-22 18:34:11.586#blur#
2019-4-22 18:34:19.979#focus#
2019-4-22 18:34:22.658#mousedown#{"isTrusted":true}
2019-4-22 18:34:23.420#change#{"from":{"line":12,"ch":11,"sticky":"after"},"to":{"line":12,"ch":12,"sticky":"before","xRel":-0.5999755859375},"text":[""],"removed":["d"],"origin":"+delete"}
2019-4-22 18:34:23.420#keyHandled#"Backspace"
2019-4-22 18:34:23.611#change#{"from":{"line":12,"ch":10,"sticky":"after"},"to":{"line":12,"ch":11,"sticky":null},"text":[""],"removed":["n"],"origin":"+delete"}
2019-4-22 18:34:23.611#keyHandled#"Backspace"
2019-4-22 18:34:23.907#change#{"from":{"line":12,"ch":9,"sticky":"after"},"to":{"line":12,"ch":10,"sticky":null},"text":[""],"removed":["a"],"origin":"+delete"}
2019-4-22 18:34:23.907#keyHandled#"Backspace"
2019-4-22 18:34:24.608#change#{"from":{"line":12,"ch":9,"sticky":null},"to":{"line":12,"ch":9,"sticky":null},"text":["o"],"removed":[""],"origin":"+input"}
2019-4-22 18:34:24.760#change#{"from":{"line":12,"ch":10,"sticky":null},"to":{"line":12,"ch":10,"sticky":null},"text":["r"],"removed":[""],"origin":"+input"}
2019-4-22 18:34:25.251#keyHandled#"Right"
2019-4-22 18:34:25.395#keyHandled#"Right"
2019-4-22 18:34:25.651#keyHandled#"Right"
2019-4-22 18:34:25.731#keyHandled#"Right"
2019-4-22 18:34:26.115#keyHandled#"Right"
2019-4-22 18:34:26.243#keyHandled#"Right"
2019-4-22 18:34:26.451#keyHandled#"Right"
2019-4-22 18:34:26.619#keyHandled#"Right"
2019-4-22 18:34:26.763#keyHandled#"Right"
2019-4-22 18:34:27.428#change#{"from":{"line":12,"ch":19,"sticky":"after"},"to":{"line":12,"ch":20,"sticky":"before"},"text":[""],"removed":["d"],"origin":"+delete"}
2019-4-22 18:34:27.428#keyHandled#"Backspace"
2019-4-22 18:34:27.587#change#{"from":{"line":12,"ch":18,"sticky":"after"},"to":{"line":12,"ch":19,"sticky":null},"text":[""],"removed":["n"],"origin":"+delete"}
2019-4-22 18:34:27.588#keyHandled#"Backspace"
2019-4-22 18:34:28.355#change#{"from":{"line":12,"ch":17,"sticky":"after"},"to":{"line":12,"ch":18,"sticky":null},"text":[""],"removed":["a"],"origin":"+delete"}
2019-4-22 18:34:28.355#keyHandled#"Backspace"
2019-4-22 18:34:28.697#change#{"from":{"line":12,"ch":17,"sticky":null},"to":{"line":12,"ch":17,"sticky":null},"text":["o"],"removed":[""],"origin":"+input"}
2019-4-22 18:34:28.839#change#{"from":{"line":12,"ch":18,"sticky":null},"to":{"line":12,"ch":18,"sticky":null},"text":["r"],"removed":[""],"origin":"+input"}
2019-4-22 18:34:29.309#keyHandled#"Down"
2019-4-22 18:34:29.572#keyHandled#"Left"
2019-4-22 18:34:29.883#keyHandled#"Up"
2019-4-22 18:34:30.067#keyHandled#"Left"
2019-4-22 18:34:30.371#keyHandled#"Down"
2019-4-22 18:34:30.739#keyHandled#"Left"
2019-4-22 18:34:30.947#keyHandled#"Down"
2019-4-22 18:36:04.750#mousedown#{"isTrusted":true}
2019-4-22 18:36:17.886#mousedown#{"isTrusted":true}
2019-4-22 18:36:19.127#change#{"from":{"line":12,"ch":5,"sticky":"after"},"to":{"line":12,"ch":6,"sticky":"before","xRel":-0.5999755859375},"text":[""],"removed":["="],"origin":"+delete"}
2019-4-22 18:36:19.128#keyHandled#"Backspace"
2019-4-22 18:36:19.774#keyHandled#"Right"
2019-4-22 18:36:19.950#keyHandled#"Right"
2019-4-22 18:36:20.094#keyHandled#"Right"
2019-4-22 18:36:20.238#keyHandled#"Right"
2019-4-22 18:36:20.406#keyHandled#"Right"
2019-4-22 18:36:20.999#change#{"from":{"line":12,"ch":9,"sticky":"after"},"to":{"line":12,"ch":10,"sticky":"before"},"text":[""],"removed":["r"],"origin":"+delete"}
2019-4-22 18:36:20.999#keyHandled#"Backspace"
2019-4-22 18:36:21.159#change#{"from":{"line":12,"ch":8,"sticky":"after"},"to":{"line":12,"ch":9,"sticky":null},"text":[""],"removed":["o"],"origin":"+delete"}
2019-4-22 18:36:21.159#keyHandled#"Backspace"
2019-4-22 18:36:21.606#keyHandled#"Right"
2019-4-22 18:36:21.782#keyHandled#"Right"
2019-4-22 18:36:21.945#keyHandled#"Right"
2019-4-22 18:36:22.038#keyHandled#"Right"
2019-4-22 18:36:22.166#keyHandled#"Right"
2019-4-22 18:36:22.662#keyHandled#"Right"
2019-4-22 18:36:22.790#keyHandled#"Right"
2019-4-22 18:36:22.934#keyHandled#"Right"
2019-4-22 18:36:23.847#change#{"from":{"line":12,"ch":15,"sticky":"after"},"to":{"line":12,"ch":16,"sticky":"before"},"text":[""],"removed":["r"],"origin":"+delete"}
2019-4-22 18:36:23.847#keyHandled#"Backspace"
2019-4-22 18:36:24.007#change#{"from":{"line":12,"ch":14,"sticky":"after"},"to":{"line":12,"ch":15,"sticky":null},"text":[""],"removed":["o"],"origin":"+delete"}
2019-4-22 18:36:24.007#keyHandled#"Backspace"
2019-4-22 18:36:24.662#keyHandled#"Left"
2019-4-22 18:36:25.158#keyHandled#"Left"
2019-4-22 18:36:25.342#keyHandled#"Left"
2019-4-22 18:36:25.935#change#{"from":{"line":12,"ch":10,"sticky":"after"},"to":{"line":12,"ch":11,"sticky":"after"},"text":[""],"removed":["="],"origin":"+delete"}
2019-4-22 18:36:25.935#keyHandled#"Backspace"
2019-4-22 18:36:26.823#keyHandled#"Left"
2019-4-22 18:36:27.054#keyHandled#"Left"
2019-4-22 18:36:27.190#keyHandled#"Left"
2019-4-22 18:36:27.366#keyHandled#"Left"
2019-4-22 18:36:27.526#keyHandled#"Left"
2019-4-22 18:36:28.604#change#{"from":{"line":12,"ch":5,"sticky":"after"},"to":{"line":12,"ch":5,"sticky":"after"},"text":["<"],"removed":[""],"origin":"+input"}
2019-4-22 18:36:28.830#keyHandled#"Right"
2019-4-22 18:36:29.032#keyHandled#"Right"
2019-4-22 18:36:29.535#keyHandled#"Right"
2019-4-22 18:36:30.095#keyHandled#"Right"
2019-4-22 18:36:31.191#keyHandled#"Right"
2019-4-22 18:36:32.636#change#{"from":{"line":12,"ch":11,"sticky":"before"},"to":{"line":12,"ch":11,"sticky":"before"},"text":["<"],"removed":[""],"origin":"+input"}
2019-4-22 18:36:32.907#keyHandled#"Right"
2019-4-22 18:36:32.945#keyHandled#"Up"
2019-4-22 18:36:33.071#keyHandled#"Right"
2019-4-22 18:36:33.214#keyHandled#"Right"
2019-4-22 18:36:33.495#keyHandled#"Left"
2019-4-22 18:36:33.615#keyHandled#"Down"
2019-4-22 18:36:33.806#keyHandled#"Right"
2019-4-22 18:36:33.831#keyHandled#"Down"
2019-4-22 18:36:34.047#keyHandled#"Right"
2019-4-22 18:36:34.257#keyHandled#"Up"
2019-4-22 18:36:34.911#keyHandled#"Right"
2019-4-22 18:36:34.936#keyHandled#"Up"
2019-4-22 18:36:35.361#keyHandled#"Down"
2019-4-22 18:36:35.607#keyHandled#"Right"
2019-4-22 18:36:36.751#change#{"from":{"line":12,"ch":17,"sticky":"after"},"to":{"line":12,"ch":18,"sticky":"before"},"text":[""],"removed":["="],"origin":"+delete"}
2019-4-22 18:36:36.751#keyHandled#"Backspace"
2019-4-22 18:36:37.284#change#{"from":{"line":12,"ch":17,"sticky":null},"to":{"line":12,"ch":17,"sticky":null},"text":["<"],"removed":[""],"origin":"+input"}
2019-4-22 18:36:37.888#keyHandled#"Up"
2019-4-22 18:36:38.063#keyHandled#"Left"
2019-4-22 18:36:38.263#keyHandled#"Down"
2019-4-22 18:36:38.415#keyHandled#"Left"
2019-4-22 18:36:38.847#keyHandled#"Left"
2019-4-22 18:36:39.319#keyHandled#"Right"
2019-4-22 18:36:39.951#change#{"from":{"line":12,"ch":15,"sticky":"after"},"to":{"line":12,"ch":16,"sticky":"before"},"text":[""],"removed":["("],"origin":"+delete"}
2019-4-22 18:36:39.951#keyHandled#"Backspace"
2019-4-22 18:36:40.175#change#{"from":{"line":12,"ch":14,"sticky":"after"},"to":{"line":12,"ch":15,"sticky":null},"text":[""],"removed":[")"],"origin":"+delete"}
2019-4-22 18:36:40.175#keyHandled#"Backspace"
2019-4-22 18:36:43.887#keyHandled#"Left"
2019-4-22 18:36:44.055#keyHandled#"Left"
2019-4-22 18:36:44.215#keyHandled#"Left"
2019-4-22 18:36:44.319#keyHandled#"Left"
2019-4-22 18:36:45.023#change#{"from":{"line":12,"ch":9,"sticky":"after"},"to":{"line":12,"ch":10,"sticky":"after"},"text":[""],"removed":["("],"origin":"+delete"}
2019-4-22 18:36:45.023#keyHandled#"Backspace"
2019-4-22 18:36:45.191#change#{"from":{"line":12,"ch":8,"sticky":"after"},"to":{"line":12,"ch":9,"sticky":null},"text":[""],"removed":[")"],"origin":"+delete"}
2019-4-22 18:36:45.191#keyHandled#"Backspace"
2019-4-22 18:36:46.543#keyHandled#"Right"
2019-4-22 18:36:46.783#keyHandled#"Right"
2019-4-22 18:36:46.975#keyHandled#"Right"
2019-4-22 18:36:47.167#keyHandled#"Right"
2019-4-22 18:36:48.263#change#{"from":{"line":12,"ch":12,"sticky":"before"},"to":{"line":12,"ch":12,"sticky":"before"},"text":["("],"removed":[""],"origin":"+input"}
2019-4-22 18:36:55.640#keyHandled#"Left"
2019-4-22 18:36:55.815#keyHandled#"Left"
2019-4-22 18:36:55.983#keyHandled#"Left"
2019-4-22 18:36:56.119#keyHandled#"Left"
2019-4-22 18:36:56.431#keyHandled#"Left"
2019-4-22 18:36:57.190#change#{"from":{"line":12,"ch":8,"sticky":"after"},"to":{"line":12,"ch":8,"sticky":"after"},"text":["+"],"removed":[""],"origin":"+input"}
2019-4-22 18:38:04.906#keyHandled#"Down"
2019-4-22 18:38:05.202#keyHandled#"Down"
2019-4-22 18:38:05.321#keyHandled#"Left"
2019-4-22 18:38:05.402#keyHandled#"Up"
2019-4-22 18:38:05.561#keyHandled#"Left"
2019-4-22 18:38:05.674#keyHandled#"Up"
2019-4-22 18:38:05.730#keyHandled#"Left"
2019-4-22 18:38:05.946#keyHandled#"Down"
2019-4-22 18:38:06.482#keyHandled#"Right"
2019-4-22 18:38:06.578#keyHandled#"Down"
2019-4-22 18:38:06.697#keyHandled#"Left"
2019-4-22 18:38:07.633#keyHandled#"Right"
2019-4-22 18:38:12.842#blur#
2019-4-22 18:38:12.842#blur#
2019-4-22 18:38:13.353#dica_bullet#SyntaxError: invalid syntax
2019-4-22 18:38:13.472#saida_testar#$ python3 main.py
File "main.py", line 10
print("Entradas:", a, "," b, ",", c)
SyntaxError: invalid syntax
2019-4-22 18:38:58.212#mousedown#{"isTrusted":true}
2019-4-22 18:38:58.230#focus#
2019-4-22 18:38:58.939#mousedown#{"isTrusted":true}
2019-4-22 18:38:59.798#blur#
2019-4-22 18:38:59.944#dica_open#SyntaxError: invalid syntax
2019-4-22 18:39:03.803#mousedown#{"isTrusted":true}
2019-4-22 18:39:03.822#focus#
2019-4-22 18:39:03.931#dica_close#
2019-4-22 18:39:04.339#mousedown#{"isTrusted":true}
2019-4-22 18:39:07.819#keyHandled#"Down"
2019-4-22 18:39:08.051#keyHandled#"Down"
2019-4-22 18:39:08.115#keyHandled#"Left"
2019-4-22 18:39:08.220#keyHandled#"Down"
2019-4-22 18:39:08.781#keyHandled#"Up"
2019-4-22 18:39:09.064#keyHandled#"Left"
2019-4-22 18:39:24.724#mousedown#{"isTrusted":true}
2019-4-22 18:39:27.806#keyHandled#"Up"
2019-4-22 18:39:28.890#change#{"from":{"line":14,"ch":3,"sticky":"after","xRel":0},"to":{"line":14,"ch":3,"sticky":"after","xRel":0},"text":["\t"],"removed":[""],"origin":"+input"}
2019-4-22 18:39:28.890#keyHandled#"Tab"
2019-4-22 18:39:30.687#change#{"from":{"line":14,"ch":4,"sticky":null},"to":{"line":14,"ch":4,"sticky":null},"text":["]"],"removed":[""],"origin":"+input"}
2019-4-22 18:39:32.469#change#{"from":{"line":14,"ch":4,"sticky":null},"to":{"line":14,"ch":5,"sticky":null},"text":[""],"removed":["]"],"origin":"undo"}
2019-4-22 18:39:32.469#keyHandled#"Ctrl-Z"
2019-4-22 18:39:32.956#change#{"from":{"line":14,"ch":3,"sticky":null},"to":{"line":14,"ch":4,"sticky":null},"text":[""],"removed":["\t"],"origin":"undo"}
2019-4-22 18:39:32.957#keyHandled#"Ctrl-Z"
2019-4-22 18:39:36.324#mousedown#{"isTrusted":true}
2019-4-22 18:39:38.789#change#{"from":{"line":14,"ch":0,"sticky":"after","xRel":-1.5999755859375},"to":{"line":14,"ch":0,"sticky":"after","xRel":-1.5999755859375},"text":["\t"],"removed":[""],"origin":"+input"}
2019-4-22 18:39:38.789#keyHandled#"Tab"
2019-4-22 18:39:41.564#mousedown#{"isTrusted":true}
2019-4-22 18:39:42.581#change#{"from":{"line":19,"ch":0,"sticky":"after","xRel":-2.5999755859375},"to":{"line":19,"ch":0,"sticky":"after","xRel":-2.5999755859375},"text":["\t"],"removed":[""],"origin":"+input"}
2019-4-22 18:39:42.581#keyHandled#"Tab"
2019-4-22 18:39:42.581#change#{"from":{"line":19,"ch":0,"sticky":"after","xRel":-2.5999755859375},"to":{"line":19,"ch":0,"sticky":"after","xRel":-2.5999755859375},"text":["\t"],"removed":[""],"origin":"+input"}
2019-4-22 18:39:42.581#keyHandled#"Tab"
2019-4-22 18:39:47.202#dica_bullet#SyntaxError: invalid syntax
2019-4-22 18:39:47.394#saida_testar#$ python3 main.py
File "main.py", line 10
print("Entradas:", a, "," b, ",", c)
SyntaxError: invalid syntax
2019-4-22 18:39:48.788#mousedown#{"isTrusted":true}
2019-4-22 18:39:55.147#mousedown#{"isTrusted":true}
2019-4-22 18:39:56.246#change#{"from":{"line":15,"ch":1,"sticky":"before","xRel":-2.5999755859375},"to":{"line":15,"ch":1,"sticky":"before","xRel":-2.5999755859375},"text":["\t"],"removed":[""],"origin":"+input"}
2019-4-22 18:39:56.246#keyHandled#"Tab"
2019-4-22 18:39:57.829#mousedown#{"isTrusted":true}
2019-4-22 18:39:58.238#change#{"from":{"line":16,"ch":1,"sticky":"before","xRel":-1.5999755859375},"to":{"line":16,"ch":1,"sticky":"before","xRel":-1.5999755859375},"text":["\t"],"removed":[""],"origin":"+input"}
2019-4-22 18:39:58.238#keyHandled#"Tab"
2019-4-22 18:39:58.724#mousedown#{"isTrusted":true}
2019-4-22 18:39:59.175#change#{"from":{"line":17,"ch":1,"sticky":"after","xRel":1.4000244140625},"to":{"line":17,"ch":1,"sticky":"after","xRel":1.4000244140625},"text":["\t"],"removed":[""],"origin":"+input"}
2019-4-22 18:39:59.175#keyHandled#"Tab"
2019-4-22 18:40:01.989#mousedown#{"isTrusted":true}
2019-4-22 18:40:02.502#change#{"from":{"line":18,"ch":1,"sticky":"before","xRel":-6.5999755859375},"to":{"line":18,"ch":1,"sticky":"before","xRel":-6.5999755859375},"text":["\t"],"removed":[""],"origin":"+input"}
2019-4-22 18:40:02.502#keyHandled#"Tab"
2019-4-22 18:40:03.621#mousedown#{"isTrusted":true}
2019-4-22 18:40:03.845#change#{"from":{"line":20,"ch":1,"sticky":"after","xRel":2.4000244140625},"to":{"line":20,"ch":1,"sticky":"after","xRel":2.4000244140625},"text":["\t"],"removed":[""],"origin":"+input"}
2019-4-22 18:40:03.845#keyHandled#"Tab"
2019-4-22 18:40:04.797#mousedown#{"isTrusted":true}
2019-4-22 18:40:05.021#change#{"from":{"line":22,"ch":1,"sticky":"after","xRel":3.4000244140625},"to":{"line":22,"ch":1,"sticky":"after","xRel":3.4000244140625},"text":["\t"],"removed":[""],"origin":"+input"}
2019-4-22 18:40:05.021#keyHandled#"Tab"
2019-4-22 18:40:06.565#change#{"from":{"line":22,"ch":2,"sticky":null},"to":{"line":22,"ch":2,"sticky":null},"text":["\t"],"removed":[""],"origin":"+input"}
2019-4-22 18:40:06.565#keyHandled#"Tab"
2019-4-22 18:40:07.648#change#{"from":{"line":22,"ch":2,"sticky":null},"to":{"line":22,"ch":3,"sticky":null},"text":[""],"removed":["\t"],"origin":"undo"}
2019-4-22 18:40:07.648#keyHandled#"Ctrl-Z"
2019-4-22 18:40:07.998#change#{"from":{"line":22,"ch":1,"sticky":null},"to":{"line":22,"ch":2,"sticky":null},"text":[""],"removed":["\t"],"origin":"undo"}
2019-4-22 18:40:07.998#keyHandled#"Ctrl-Z"
2019-4-22 18:40:13.475#dica_bullet#SyntaxError: invalid syntax
2019-4-22 18:40:13.607#saida_testar#$ python3 main.py
File "main.py", line 10
print("Entradas:", a, "," b, ",", c)
SyntaxError: invalid syntax
2019-4-22 18:40:30.634#blur#
2019-4-22 18:43:45.900#focus#
2019-4-22 18:45:10.504#keyHandled#"Left"
2019-4-22 18:45:22.383#mousedown#{"isTrusted":true}
2019-4-22 18:45:24.935#blur#
2019-4-22 18:45:25.066#dica_open#SyntaxError: invalid syntax
2019-4-22 18:45:25.747#dica_close#
2019-4-22 18:45:25.749#dica_open#SyntaxError: invalid syntax
2019-4-22 18:45:34.475#dica_bullet#SyntaxError: invalid syntax
2019-4-22 18:45:35.672#saida_testar#$ python3 main.py
File "main.py", line 10
print("Entradas:", a, "," b, ",", c)
SyntaxError: invalid syntax
2019-4-22 18:45:57.216#mousedown#{"isTrusted":true}
2019-4-22 18:45:57.364#focus#
2019-4-22 18:45:58.456#change#{"from":{"line":14,"ch":5,"sticky":"after"},"to":{"line":14,"ch":6,"sticky":"after","xRel":3.4000244140625},"text":[""],"removed":["a"],"origin":"+delete"}
2019-4-22 18:45:58.456#keyHandled#"Backspace"
2019-4-22 18:45:58.456#change#{"from":{"line":14,"ch":5,"sticky":"after"},"to":{"line":14,"ch":6,"sticky":"after","xRel":3.4000244140625},"text":[""],"removed":["a"],"origin":"+delete"}
2019-4-22 18:45:58.456#keyHandled#"Backspace"
2019-4-22 18:45:59.373#dica_bullet#SyntaxError: invalid syntax
2019-4-22 18:45:59.507#saida_testar#$ python3 main.py
File "main.py", line 10
print("Entradas:", a, "," b, ",", c)
SyntaxError: invalid syntax
2019-4-22 18:45:59.373#dica_bullet#SyntaxError: invalid syntax
2019-4-22 18:45:59.507#saida_testar#$ python3 main.py
File "main.py", line 10
print("Entradas:", a, "," b, ",", c)
SyntaxError: invalid syntax
2019-4-22 18:46:08.686#dica_bullet#SyntaxError: invalid syntax
2019-4-22 18:46:09.775#saida_testar#$ python3 main.py
File "main.py", line 10
print("Entradas:", a, "," b, ",", c)
SyntaxError: invalid syntax
2019-4-22 18:46:16.785#mousedown#{"isTrusted":true}
2019-4-22 18:46:28.298#keyHandled#"Left"
2019-4-22 18:46:28.481#keyHandled#"Left"
2019-4-22 18:46:28.620#keyHandled#"Left"
2019-4-22 18:46:28.765#keyHandled#"Left"
2019-4-22 18:46:28.906#keyHandled#"Left"
2019-4-22 18:46:29.063#keyHandled#"Left"
2019-4-22 18:46:29.201#keyHandled#"Left"
2019-4-22 18:46:29.353#keyHandled#"Left"
2019-4-22 18:46:29.497#keyHandled#"Left"
2019-4-22 18:46:29.649#keyHandled#"Left"
2019-4-22 18:46:29.795#keyHandled#"Left"
2019-4-22 18:46:30.430#change#{"from":{"line":12,"ch":6,"sticky":"after"},"to":{"line":12,"ch":7,"sticky":"after"},"text":[""],"removed":["="],"origin":"+delete"}
2019-4-22 18:46:30.430#keyHandled#"Backspace"
2019-4-22 18:46:30.825#keyHandled#"Right"
2019-4-22 18:46:31.625#change#{"from":{"line":12,"ch":7,"sticky":"after"},"to":{"line":12,"ch":8,"sticky":"before"},"text":[""],"removed":["+"],"origin":"+delete"}
2019-4-22 18:46:31.625#keyHandled#"Backspace"
2019-4-22 18:46:31.929#keyHandled#"Right"
2019-4-22 18:46:32.121#keyHandled#"Right"
2019-4-22 18:46:32.273#keyHandled#"Right"
2019-4-22 18:46:32.818#change#{"from":{"line":12,"ch":9,"sticky":"after"},"to":{"line":12,"ch":10,"sticky":"before"},"text":[""],"removed":["="],"origin":"+delete"}
2019-4-22 18:46:32.818#keyHandled#"Backspace"
2019-4-22 18:46:33.169#keyHandled#"Right"
2019-4-22 18:46:33.545#keyHandled#"Right"
2019-4-22 18:46:33.705#keyHandled#"Right"
2019-4-22 18:46:33.849#keyHandled#"Right"
2019-4-22 18:46:34.017#keyHandled#"Right"
2019-4-22 18:46:34.831#change#{"from":{"line":12,"ch":13,"sticky":"after"},"to":{"line":12,"ch":14,"sticky":"before"},"text":[""],"removed":["="],"origin":"+delete"}
2019-4-22 18:46:34.831#keyHandled#"Backspace"
2019-4-22 18:46:35.521#keyHandled#"Left"
2019-4-22 18:46:35.681#keyHandled#"Left"
2019-4-22 18:46:36.201#change#{"from":{"line":12,"ch":10,"sticky":"after"},"to":{"line":12,"ch":11,"sticky":"after"},"text":[""],"removed":["("],"origin":"+delete"}
2019-4-22 18:46:36.202#keyHandled#"Backspace"
2019-4-22 18:46:36.201#change#{"from":{"line":12,"ch":10,"sticky":"after"},"to":{"line":12,"ch":11,"sticky":"after"},"text":[""],"removed":["("],"origin":"+delete"}
2019-4-22 18:46:36.202#keyHandled#"Backspace"
2019-4-22 18:46:37.371#dica_bullet#SyntaxError: invalid syntax
2019-4-22 18:46:37.488#saida_testar#$ python3 main.py
File "main.py", line 10
print("Entradas:", a, "," b, ",", c)
SyntaxError: invalid syntax
2019-4-22 18:46:58.250#mousedown#{"isTrusted":true}
2019-4-22 18:47:00.481#keyHandled#"Left"
2019-4-22 18:47:00.944#change#{"from":{"line":9,"ch":25,"sticky":"after"},"to":{"line":9,"ch":25,"sticky":"after"},"text":[","],"removed":[""],"origin":"+input"}
2019-4-22 18:47:02.096#keyHandled#"Right"
2019-4-22 18:47:02.096#keyHandled#"Right"
2019-4-22 18:47:07.666#saida_testar#$ python3 main.py
File "main.py", line 13
if (a<0b<0c<0):
SyntaxError: invalid token
2019-4-22 18:47:07.987#keyHandled#"Down"
2019-4-22 18:47:08.267#keyHandled#"Down"
2019-4-22 18:47:08.659#keyHandled#"Down"
2019-4-22 18:47:08.802#keyHandled#"Left"
2019-4-22 18:47:09.458#keyHandled#"Left"
2019-4-22 18:47:11.266#keyHandled#"Left"
2019-4-22 18:47:11.450#keyHandled#"Left"
2019-4-22 18:47:14.739#keyHandled#"Left"
2019-4-22 18:47:14.987#keyHandled#"Left"
2019-4-22 18:47:15.397#keyHandled#"Left"
2019-4-22 18:47:15.587#keyHandled#"Left"
2019-4-22 18:47:16.571#change#{"from":{"line":12,"ch":7,"sticky":"after"},"to":{"line":12,"ch":7,"sticky":"after"},"text":[","],"removed":[""],"origin":"+input"}
2019-4-22 18:47:16.593#change#{"from":{"line":12,"ch":8,"sticky":null},"to":{"line":12,"ch":8,"sticky":null},"text":["m"],"removed":[""],"origin":"+input"}
2019-4-22 18:47:18.213#change#{"from":{"line":12,"ch":8,"sticky":"after"},"to":{"line":12,"ch":9,"sticky":null},"text":[""],"removed":["m"],"origin":"+delete"}
2019-4-22 18:47:18.213#keyHandled#"Backspace"
2019-4-22 18:47:18.851#keyHandled#"Right"
2019-4-22 18:47:19.075#keyHandled#"Right"
2019-4-22 18:47:19.227#keyHandled#"Right"
2019-4-22 18:47:20.176#change#{"from":{"line":12,"ch":11,"sticky":"before"},"to":{"line":12,"ch":11,"sticky":"before"},"text":[","],"removed":[""],"origin":"+input"}
2019-4-22 18:47:20.176#change#{"from":{"line":12,"ch":11,"sticky":"before"},"to":{"line":12,"ch":11,"sticky":"before"},"text":[","],"removed":[""],"origin":"+input"}
2019-4-22 18:47:21.808#saida_testar#$ python3 main.py
2019-4-22 18:47:26.368#blur#
2019-4-22 18:47:26.368#blur#
2019-4-22 18:47:35.918#submit#Your code did not produce the correct output. Please, correct your code and try again.
2019-4-22 18:47:39.363#mousedown#{"isTrusted":true}
2019-4-22 18:47:39.502#focus#
2019-4-22 18:47:41.090#change#{"from":{"line":14,"ch":5,"sticky":"before","xRel":-3.5999755859375},"to":{"line":14,"ch":5,"sticky":"before","xRel":-3.5999755859375},"text":["a"],"removed":[""],"origin":"+input"}
2019-4-22 18:47:42.568#change#{"from":{"line":14,"ch":6,"sticky":null},"to":{"line":14,"ch":6,"sticky":null},"text":["<"],"removed":[""],"origin":"+input"}
2019-4-22 18:47:44.402#change#{"from":{"line":14,"ch":7,"sticky":null},"to":{"line":14,"ch":7,"sticky":null},"text":["="],"removed":[""],"origin":"+input"}
2019-4-22 18:47:46.686#change#{"from":{"line":14,"ch":8,"sticky":null},"to":{"line":14,"ch":8,"sticky":null},"text":["0"],"removed":[""],"origin":"+input"}
2019-4-22 18:47:47.320#change#{"from":{"line":14,"ch":9,"sticky":null},"to":{"line":14,"ch":9,"sticky":null},"text":[","],"removed":[""],"origin":"+input"}
2019-4-22 18:47:48.489#change#{"from":{"line":14,"ch":10,"sticky":null},"to":{"line":14,"ch":10,"sticky":null},"text":["a"],"removed":[""],"origin":"+input"}
2019-4-22 18:47:49.205#change#{"from":{"line":14,"ch":10,"sticky":"after"},"to":{"line":14,"ch":11,"sticky":null},"text":[""],"removed":["a"],"origin":"+delete"}
2019-4-22 18:47:49.205#keyHandled#"Backspace"
2019-4-22 18:47:49.489#change#{"from":{"line":14,"ch":10,"sticky":null},"to":{"line":14,"ch":10,"sticky":null},"text":["b"],"removed":[""],"origin":"+input"}
2019-4-22 18:47:50.616#change#{"from":{"line":14,"ch":11,"sticky":null},"to":{"line":14,"ch":11,"sticky":null},"text":["<"],"removed":[""],"origin":"+input"}
2019-4-22 18:47:51.456#change#{"from":{"line":14,"ch":12,"sticky":null},"to":{"line":14,"ch":12,"sticky":null},"text":["="],"removed":[""],"origin":"+input"}
2019-4-22 18:47:52.641#change#{"from":{"line":14,"ch":13,"sticky":null},"to":{"line":14,"ch":13,"sticky":null},"text":["0"],"removed":[""],"origin":"+input"}
2019-4-22 18:47:53.300#change#{"from":{"line":14,"ch":14,"sticky":null},"to":{"line":14,"ch":14,"sticky":null},"text":["()"],"removed":[""],"origin":"+input"}
2019-4-22 18:47:53.300#keyHandled#"'('"
2019-4-22 18:47:56.764#keyHandled#"Left"
2019-4-22 18:47:57.060#keyHandled#"Left"
2019-4-22 18:47:57.220#keyHandled#"Left"
2019-4-22 18:47:57.372#keyHandled#"Left"
2019-4-22 18:47:57.678#keyHandled#"Left"
2019-4-22 18:47:59.620#change#{"from":{"line":14,"ch":9,"sticky":"after"},"to":{"line":14,"ch":10,"sticky":"after"},"text":[""],"removed":[","],"origin":"+delete"}
2019-4-22 18:47:59.621#keyHandled#"Backspace"
2019-4-22 18:48:00.841#change#{"from":{"line":14,"ch":9,"sticky":null},"to":{"line":14,"ch":9,"sticky":null},"text":["+"],"removed":[""],"origin":"+input"}
2019-4-22 18:48:01.421#keyHandled#"Right"
2019-4-22 18:48:01.628#keyHandled#"Right"
2019-4-22 18:48:01.796#keyHandled#"Right"
2019-4-22 18:48:01.924#keyHandled#"Right"
2019-4-22 18:48:02.212#keyHandled#"Right"
2019-4-22 18:48:04.201#change#{"from":{"line":14,"ch":15,"sticky":"before"},"to":{"line":14,"ch":15,"sticky":"before"},"text":["c"],"removed":[""],"origin":"+input"}
2019-4-22 18:48:04.721#change#{"from":{"line":14,"ch":16,"sticky":null},"to":{"line":14,"ch":16,"sticky":null},"text":["<"],"removed":[""],"origin":"+input"}
2019-4-22 18:48:06.769#change#{"from":{"line":14,"ch":17,"sticky":null},"to":{"line":14,"ch":17,"sticky":null},"text":["0"],"removed":[""],"origin":"+input"}
2019-4-22 18:48:08.284#keyHandled#"Left"
2019-4-22 18:48:09.490#change#{"from":{"line":14,"ch":17,"sticky":"after"},"to":{"line":14,"ch":17,"sticky":"after"},"text":["="],"removed":[""],"origin":"+input"}
2019-4-22 18:48:09.490#change#{"from":{"line":14,"ch":17,"sticky":"after"},"to":{"line":14,"ch":17,"sticky":"after"},"text":["="],"removed":[""],"origin":"+input"}
2019-4-22 18:48:11.480#saida_testar#$ python3 main.py
2019-4-22 18:48:13.474#blur#
2019-4-22 18:48:26.804#mousedown#{"isTrusted":true}
2019-4-22 18:48:26.952#focus#
2019-4-22 18:48:27.614#change#{"from":{"line":14,"ch":9,"sticky":"after"},"to":{"line":14,"ch":10,"sticky":"before","xRel":-0.5999755859375},"text":[""],"removed":["+"],"origin":"+delete"}
2019-4-22 18:48:27.614#keyHandled#"Backspace"
2019-4-22 18:48:27.614#change#{"from":{"line":14,"ch":9,"sticky":"after"},"to":{"line":14,"ch":10,"sticky":"before","xRel":-0.5999755859375},"text":[""],"removed":["+"],"origin":"+delete"}
2019-4-22 18:48:27.614#keyHandled#"Backspace"
2019-4-22 18:48:29.728#saida_testar#$ python3 main.py
File "main.py", line 15
if (a<=0b<=0(c<=0)):
SyntaxError: invalid token
2019-4-22 18:48:32.225#blur#
2019-4-22 18:48:34.837#mousedown#{"isTrusted":true}
2019-4-22 18:48:34.989#focus#
2019-4-22 18:48:36.645#mousedown#{"isTrusted":true}
2019-4-22 18:48:38.317#mousedown#{"isTrusted":true}
2019-4-22 18:48:39.180#change#{"from":{"line":14,"ch":9,"sticky":"before","xRel":-1.5999755859375},"to":{"line":14,"ch":9,"sticky":"before","xRel":-1.5999755859375},"text":[","],"removed":[""],"origin":"+input"}
2019-4-22 18:48:40.149#mousedown#{"isTrusted":true}
2019-4-22 18:48:40.149#mousedown#{"isTrusted":true}
2019-4-22 18:48:41.798#saida_testar#$ python3 main.py
2019-4-22 18:48:42.035#blur#
2019-4-22 18:48:52.222#mousedown#{"isTrusted":true}
2019-4-22 18:48:52.373#focus#
2019-4-22 18:48:53.063#change#{"from":{"line":14,"ch":12,"sticky":"after"},"to":{"line":14,"ch":13,"sticky":"after","xRel":1.4000244140625},"text":[""],"removed":["="],"origin":"+delete"}
2019-4-22 18:48:53.063#keyHandled#"Backspace"
2019-4-22 18:48:54.809#mousedown#{"isTrusted":true}
2019-4-22 18:48:55.038#change#{"from":{"line":14,"ch":7,"sticky":"after"},"to":{"line":14,"ch":8,"sticky":"after","xRel":1.4000244140625},"text":[""],"removed":["="],"origin":"+delete"}
2019-4-22 18:48:55.038#keyHandled#"Backspace"
2019-4-22 18:48:56.269#mousedown#{"isTrusted":true}
2019-4-22 18:48:56.862#change#{"from":{"line":14,"ch":15,"sticky":"after"},"to":{"line":14,"ch":16,"sticky":"after","xRel":0.4000244140625},"text":[""],"removed":["="],"origin":"+delete"}
2019-4-22 18:48:56.862#keyHandled#"Backspace"
2019-4-22 18:48:57.918#mousedown#{"isTrusted":true}
2019-4-22 18:48:57.918#mousedown#{"isTrusted":true}
2019-4-22 18:49:01.673#saida_testar#$ python3 main.py
2019-4-22 18:49:02.074#blur#
2019-4-22 18:49:05.830#mousedown#{"isTrusted":true}
2019-4-22 18:49:05.983#focus#
2019-4-22 18:49:06.656#change#{"from":{"line":14,"ch":12,"sticky":"after"},"to":{"line":14,"ch":13,"sticky":"after","xRel":3.4000244140625},"text":[""],"removed":["("],"origin":"+delete"}
2019-4-22 18:49:06.656#keyHandled#"Backspace"
2019-4-22 18:49:07.402#change#{"from":{"line":14,"ch":12,"sticky":null},"to":{"line":14,"ch":12,"sticky":null},"text":[","],"removed":[""],"origin":"+input"}
2019-4-22 18:49:08.182#mousedown#{"isTrusted":true}
2019-4-22 18:49:08.518#mousedown#{"isTrusted":true}
2019-4-22 18:49:09.086#change#{"from":{"line":14,"ch":17,"sticky":"after"},"to":{"line":14,"ch":18,"sticky":"before","xRel":-1.5999755859375},"text":[""],"removed":[")"],"origin":"+delete"}
2019-4-22 18:49:09.086#keyHandled#"Backspace"
2019-4-22 18:49:09.086#change#{"from":{"line":14,"ch":17,"sticky":"after"},"to":{"line":14,"ch":18,"sticky":"before","xRel":-1.5999755859375},"text":[""],"removed":[")"],"origin":"+delete"}
2019-4-22 18:49:09.086#keyHandled#"Backspace"
2019-4-22 18:49:11.338#saida_testar#$ python3 main.py
2019-4-22 18:49:11.572#blur#
2019-4-22 18:49:26.855#mousedown#{"isTrusted":true}
2019-4-22 18:49:27.007#focus#
2019-4-22 18:49:28.109#change#{"from":{"line":14,"ch":15,"sticky":"after","xRel":1.4000244140625},"to":{"line":14,"ch":15,"sticky":"after","xRel":1.4000244140625},"text":["="],"removed":[""],"origin":"+input"}
2019-4-22 18:49:29.791#mousedown#{"isTrusted":true}
2019-4-22 18:49:30.438#mousedown#{"isTrusted":true}
2019-4-22 18:49:30.772#change#{"from":{"line":14,"ch":11,"sticky":"before","xRel":-0.5999755859375},"to":{"line":14,"ch":11,"sticky":"before","xRel":-0.5999755859375},"text":["="],"removed":[""],"origin":"+input"}
2019-4-22 18:49:31.255#mousedown#{"isTrusted":true}
2019-4-22 18:49:31.735#mousedown#{"isTrusted":true}
2019-4-22 18:49:32.111#mousedown#{"isTrusted":true}
2019-4-22 18:49:32.267#dblclick#{"isTrusted":true}
2019-4-22 18:49:32.452#change#{"from":{"line":14,"ch":7,"sticky":"after","xRel":1.4000244140625},"to":{"line":14,"ch":7,"sticky":"after","xRel":1.4000244140625},"text":["="],"removed":[""],"origin":"+input"}
2019-4-22 18:49:32.111#mousedown#{"isTrusted":true}
2019-4-22 18:49:32.267#dblclick#{"isTrusted":true}
2019-4-22 18:49:32.452#change#{"from":{"line":14,"ch":7,"sticky":"after","xRel":1.4000244140625},"to":{"line":14,"ch":7,"sticky":"after","xRel":1.4000244140625},"text":["="],"removed":[""],"origin":"+input"}
2019-4-22 18:49:33.688#saida_testar#$ python3 main.py
2019-4-22 18:49:34.053#blur#
2019-4-22 18:49:39.007#mousedown#{"isTrusted":true}
2019-4-22 18:49:39.183#focus#
2019-4-22 18:49:39.767#mousedown#{"isTrusted":true}
2019-4-22 18:49:40.584#change#{"from":{"line":14,"ch":6,"sticky":"after"},"to":{"line":14,"ch":7,"sticky":"after","xRel":2.4000244140625},"text":[""],"removed":["<"],"origin":"+delete"}
2019-4-22 18:49:40.584#keyHandled#"Backspace"
2019-4-22 18:49:42.023#mousedown#{"isTrusted":true}
2019-4-22 18:49:42.301#change#{"from":{"line":14,"ch":12,"sticky":"after","xRel":0.4000244140625},"to":{"line":14,"ch":12,"sticky":"after","xRel":0.4000244140625},"text":["="],"removed":[""],"origin":"+input"}
2019-4-22 18:49:43.339#mousedown#{"isTrusted":true}
2019-4-22 18:49:43.640#change#{"from":{"line":14,"ch":11,"sticky":"after"},"to":{"line":14,"ch":12,"sticky":"after","xRel":1.4000244140625},"text":[""],"removed":["<"],"origin":"+delete"}
2019-4-22 18:49:43.640#keyHandled#"Backspace"
2019-4-22 18:49:44.570#mousedown#{"isTrusted":true}
2019-4-22 18:49:44.925#change#{"from":{"line":14,"ch":17,"sticky":"after","xRel":2.4000244140625},"to":{"line":14,"ch":17,"sticky":"after","xRel":2.4000244140625},"text":["="],"removed":[""],"origin":"+input"}
2019-4-22 18:49:46.384#change#{"from":{"line":14,"ch":17,"sticky":"after"},"to":{"line":14,"ch":18,"sticky":null},"text":[""],"removed":["="],"origin":"+delete"}
2019-4-22 18:49:46.384#keyHandled#"Backspace"
2019-4-22 18:49:47.624#change#{"from":{"line":14,"ch":16,"sticky":"after"},"to":{"line":14,"ch":17,"sticky":null},"text":[""],"removed":["<"],"origin":"+delete"}
2019-4-22 18:49:47.624#keyHandled#"Backspace"
2019-4-22 18:49:48.453#change#{"from":{"line":14,"ch":16,"sticky":null},"to":{"line":14,"ch":16,"sticky":null},"text":["="],"removed":[""],"origin":"+input"}
2019-4-22 18:49:48.453#change#{"from":{"line":14,"ch":16,"sticky":null},"to":{"line":14,"ch":16,"sticky":null},"text":["="],"removed":[""],"origin":"+input"}
2019-4-22 18:49:50.670#blur#
2019-4-22 18:49:51.600#saida_testar#$ python3 main.py
Lado 1: 1
2019-4-22 18:49:51.600#saida_testar#$ python3 main.py
Lado 1: 1
2019-4-22 18:49:55.805#submit#Your code did not produce the correct output. Please, correct your code and try again.
2019-4-22 18:50:15.923#viewportChange#0
2019-4-22 18:51:55.795#mousedown#{"isTrusted":true}
2019-4-22 18:51:55.823#focus#
2019-4-22 18:52:00.365#change#{"from":{"line":14,"ch":5,"sticky":"after","xRel":3.4000244140625},"to":{"line":14,"ch":19,"sticky":"after","xRel":0.4000244140625},"text":[""],"removed":["a==0,b==0,c==0"],"origin":"+delete"}
2019-4-22 18:52:00.365#keyHandled#"Backspace"
2019-4-22 18:52:03.449#saida_testar#$ python3 main.py
2019-4-22 18:52:04.081#blur#
2019-4-22 18:52:10.852#mousedown#{"isTrusted":true}
2019-4-22 18:52:11.010#focus#
2019-4-22 18:52:11.010#focus#
2019-4-22 18:52:12.802#submit#Your code did not produce the correct output. Please, correct your code and try again.
2019-4-22 18:52:13.723#mousedown#{"isTrusted":true}
2019-4-22 18:52:14.398#viewportChange#0
2019-4-24 17:19:03.109#viewportChange#0
2019-4-29 11:38:13.063#viewportChange#0
2019-4-29 11:38:13.063#viewportChange#0
2019-4-29 13:05:03.279#mousedown#{"isTrusted":true}
2019-4-29 13:05:03.453#focus#
2019-4-29 13:05:06.511#change#{"from":{"line":12,"ch":7,"sticky":"before","xRel":-0.390625},"to":{"line":12,"ch":7,"sticky":"before","xRel":-0.390625},"text":["="],"removed":[""],"origin":"+input"}
2019-4-29 13:05:07.111#change#{"from":{"line":12,"ch":7,"sticky":"after"},"to":{"line":12,"ch":8,"sticky":null},"text":[""],"removed":["="],"origin":"+delete"}
2019-4-29 13:05:07.112#keyHandled#"Backspace"
2019-4-29 13:05:08.169#change#{"from":{"line":12,"ch":7,"sticky":null},"to":{"line":12,"ch":7,"sticky":null},"text":["+"],"removed":[""],"origin":"+input"}
2019-4-29 13:05:09.504#change#{"from":{"line":12,"ch":8,"sticky":null},"to":{"line":12,"ch":8,"sticky":null},"text":["a"],"removed":[""],"origin":"+input"}
2019-4-29 13:05:10.785#change#{"from":{"line":12,"ch":8,"sticky":"after"},"to":{"line":12,"ch":9,"sticky":null},"text":[""],"removed":["a"],"origin":"+delete"}
2019-4-29 13:05:10.785#keyHandled#"Backspace"
2019-4-29 13:05:15.567#change#{"from":{"line":12,"ch":7,"sticky":"after"},"to":{"line":12,"ch":8,"sticky":null},"text":[""],"removed":["+"],"origin":"+delete"}
2019-4-29 13:05:15.567#keyHandled#"Backspace"
2019-4-29 13:05:18.062#keyHandled#"Right"
2019-4-29 13:05:19.271#change#{"from":{"line":12,"ch":7,"sticky":"after"},"to":{"line":12,"ch":8,"sticky":"before"},"text":[""],"removed":[","],"origin":"+delete"}
2019-4-29 13:05:19.271#keyHandled#"Backspace"
2019-4-29 13:05:20.314#change#{"from":{"line":12,"ch":7,"sticky":null},"to":{"line":12,"ch":7,"sticky":null},"text":[")"],"removed":[""],"origin":"+input"}
2019-4-29 13:05:22.496#change#{"from":{"line":12,"ch":8,"sticky":null},"to":{"line":12,"ch":8,"sticky":null},"text":["("],"removed":[""],"origin":"+input"}
2019-4-29 13:05:23.093#keyHandled#"Right"
2019-4-29 13:05:23.197#keyHandled#"Right"
2019-4-29 13:05:23.428#keyHandled#"Right"
2019-4-29 13:05:24.397#change#{"from":{"line":12,"ch":12,"sticky":"before"},"to":{"line":12,"ch":12,"sticky":"before"},"text":[")"],"removed":[""],"origin":"+input"}
2019-4-29 13:05:24.558#keyHandled#"Right"
2019-4-29 13:05:25.576#change#{"from":{"line":12,"ch":13,"sticky":"after"},"to":{"line":12,"ch":14,"sticky":"before"},"text":[""],"removed":[","],"origin":"+delete"}
2019-4-29 13:05:25.577#keyHandled#"Backspace"
2019-4-29 13:05:26.567#change#{"from":{"line":12,"ch":13,"sticky":null},"to":{"line":12,"ch":13,"sticky":null},"text":["("],"removed":[""],"origin":"+input"}
2019-4-29 13:05:28.005#keyHandled#"Left"
2019-4-29 13:05:28.228#keyHandled#"Left"
2019-4-29 13:05:28.560#keyHandled#"Left"
2019-4-29 13:05:30.653#change#{"from":{"line":12,"ch":13,"sticky":"after"},"to":{"line":12,"ch":13,"sticky":"after"},"text":["a"],"removed":[""],"origin":"+input"}
2019-4-29 13:05:30.737#change#{"from":{"line":12,"ch":14,"sticky":null},"to":{"line":12,"ch":14,"sticky":null},"text":["n"],"removed":[""],"origin":"+input"}
2019-4-29 13:05:30.869#change#{"from":{"line":12,"ch":15,"sticky":null},"to":{"line":12,"ch":15,"sticky":null},"text":["d"],"removed":[""],"origin":"+input"}
2019-4-29 13:05:31.124#change#{"from":{"line":12,"ch":16,"sticky":null},"to":{"line":12,"ch":16,"sticky":null},"text":[" "],"removed":[""],"origin":"+input"}
2019-4-29 13:05:32.383#change#{"from":{"line":12,"ch":16,"sticky":"after"},"to":{"line":12,"ch":17,"sticky":null},"text":[""],"removed":[" "],"origin":"+delete"}
2019-4-29 13:05:32.383#keyHandled#"Backspace"
2019-4-29 13:05:33.138#keyHandled#"Left"
2019-4-29 13:05:33.426#keyHandled#"Left"
2019-4-29 13:05:33.540#keyHandled#"Left"
2019-4-29 13:05:33.784#keyHandled#"Left"
2019-4-29 13:05:34.083#keyHandled#"Left"
2019-4-29 13:05:34.391#keyHandled#"Left"
2019-4-29 13:05:34.623#keyHandled#"Left"
2019-4-29 13:05:34.914#keyHandled#"Left"
2019-4-29 13:05:36.998#change#{"from":{"line":12,"ch":8,"sticky":"after"},"to":{"line":12,"ch":8,"sticky":"after"},"text":["o"],"removed":[""],"origin":"+input"}
2019-4-29 13:06:01.876#mousedown#{"isTrusted":true}
2019-4-29 13:06:03.768#change#{"from":{"line":12,"ch":5,"sticky":"after"},"to":{"line":12,"ch":6,"sticky":"after","xRel":1.609375},"text":[""],"removed":["<"],"origin":"+delete"}
2019-4-29 13:06:03.768#keyHandled#"Backspace"
2019-4-29 13:06:04.877#change#{"from":{"line":12,"ch":5,"sticky":null},"to":{"line":12,"ch":5,"sticky":null},"text":[">"],"removed":[""],"origin":"+input"}
2019-4-29 13:06:05.525#keyHandled#"Right"
2019-4-29 13:06:05.878#keyHandled#"Right"
2019-4-29 13:06:05.900#keyHandled#"Right"
2019-4-29 13:06:06.200#keyHandled#"Right"
2019-4-29 13:06:06.331#keyHandled#"Right"
2019-4-29 13:06:06.589#keyHandled#"Right"
2019-4-29 13:06:09.888#keyHandled#"Right"
2019-4-29 13:06:09.999#keyHandled#"Right"
2019-4-29 13:06:10.280#keyHandled#"Right"
2019-4-29 13:06:10.439#keyHandled#"Right"
2019-4-29 13:06:11.005#keyHandled#"Right"
2019-4-29 13:06:11.336#keyHandled#"Right"
2019-4-29 13:06:12.535#keyHandled#"Right"
2019-4-29 13:06:12.853#keyHandled#"Right"
2019-4-29 13:06:13.984#change#{"from":{"line":12,"ch":20,"sticky":"after"},"to":{"line":12,"ch":21,"sticky":"before"},"text":[""],"removed":["<"],"origin":"+delete"}
2019-4-29 13:06:13.984#keyHandled#"Backspace"
2019-4-29 13:06:14.594#change#{"from":{"line":12,"ch":20,"sticky":null},"to":{"line":12,"ch":20,"sticky":null},"text":[">"],"removed":[""],"origin":"+input"}
2019-4-29 13:06:15.575#keyHandled#"Down"
2019-4-29 13:06:16.353#keyHandled#"Left"
2019-4-29 13:06:16.489#keyHandled#"Left"
2019-4-29 13:06:16.794#keyHandled#"Left"
2019-4-29 13:06:16.893#keyHandled#"Left"
2019-4-29 13:06:17.941#keyHandled#"Left"
2019-4-29 13:06:18.243#keyHandled#"Left"
2019-4-29 13:06:18.297#keyHandled#"Left"
2019-4-29 13:06:18.657#keyHandled#"Left"
2019-4-29 13:06:19.142#keyHandled#"Down"
2019-4-29 13:06:19.752#keyHandled#"Left"
2019-4-29 13:06:25.425#change#{"from":{"line":14,"ch":5,"sticky":"after"},"to":{"line":14,"ch":5,"sticky":"after"},"text":["a"],"removed":[""],"origin":"+input"}
2019-4-29 13:06:26.851#change#{"from":{"line":14,"ch":6,"sticky":null},"to":{"line":14,"ch":6,"sticky":null},"text":["<"],"removed":[""],"origin":"+input"}
2019-4-29 13:06:30.174#change#{"from":{"line":14,"ch":7,"sticky":null},"to":{"line":14,"ch":7,"sticky":null},"text":["="],"removed":[""],"origin":"+input"}
2019-4-29 13:06:30.933#change#{"from":{"line":14,"ch":8,"sticky":null},"to":{"line":14,"ch":8,"sticky":null},"text":["b"],"removed":[""],"origin":"+input"}
2019-4-29 13:06:34.396#change#{"from":{"line":14,"ch":9,"sticky":null},"to":{"line":14,"ch":9,"sticky":null},"text":["+"],"removed":[""],"origin":"+input"}
2019-4-29 13:06:36.648#change#{"from":{"line":14,"ch":10,"sticky":null},"to":{"line":14,"ch":10,"sticky":null},"text":["c"],"removed":[""],"origin":"+input"}
2019-4-29 13:06:39.589#keyHandled#"Right"
2019-4-29 13:06:40.366#change#{"from":{"line":14,"ch":12,"sticky":"before"},"to":{"line":14,"ch":12,"sticky":"before"},"text":["o"],"removed":[""],"origin":"+input"}
2019-4-29 13:06:40.785#change#{"from":{"line":14,"ch":13,"sticky":null},"to":{"line":14,"ch":13,"sticky":null},"text":["r"],"removed":[""],"origin":"+input"}
2019-4-29 13:06:43.608#change#{"from":{"line":14,"ch":14,"sticky":null},"to":{"line":14,"ch":14,"sticky":null},"text":["("],"removed":[""],"origin":"+input"}
2019-4-29 13:06:44.851#change#{"from":{"line":14,"ch":15,"sticky":null},"to":{"line":14,"ch":15,"sticky":null},"text":["b"],"removed":[""],"origin":"+input"}
2019-4-29 13:06:46.724#change#{"from":{"line":14,"ch":16,"sticky":null},"to":{"line":14,"ch":16,"sticky":null},"text":["<"],"removed":[""],"origin":"+input"}
2019-4-29 13:06:51.237#change#{"from":{"line":14,"ch":17,"sticky":null},"to":{"line":14,"ch":17,"sticky":null},"text":["a"],"removed":[""],"origin":"+input"}
2019-4-29 13:06:51.934#change#{"from":{"line":14,"ch":18,"sticky":null},"to":{"line":14,"ch":18,"sticky":null},"text":["="],"removed":[""],"origin":"+input"}
2019-4-29 13:06:52.576#change#{"from":{"line":14,"ch":18,"sticky":"after"},"to":{"line":14,"ch":19,"sticky":null},"text":[""],"removed":["="],"origin":"+delete"}
2019-4-29 13:06:52.577#keyHandled#"Backspace"
2019-4-29 13:06:53.683#change#{"from":{"line":14,"ch":18,"sticky":null},"to":{"line":14,"ch":18,"sticky":null},"text":["+"],"removed":[""],"origin":"+input"}
2019-4-29 13:06:58.060#change#{"from":{"line":14,"ch":19,"sticky":null},"to":{"line":14,"ch":19,"sticky":null},"text":["c"],"removed":[""],"origin":"+input"}
2019-4-29 13:07:01.263#change#{"from":{"line":14,"ch":20,"sticky":null},"to":{"line":14,"ch":20,"sticky":null},"text":[")"],"removed":[""],"origin":"+input"}
2019-4-29 13:07:03.253#change#{"from":{"line":14,"ch":21,"sticky":null},"to":{"line":14,"ch":21,"sticky":null},"text":["o"],"removed":[""],"origin":"+input"}
2019-4-29 13:07:03.456#change#{"from":{"line":14,"ch":22,"sticky":null},"to":{"line":14,"ch":22,"sticky":null},"text":["r"],"removed":[""],"origin":"+input"}
2019-4-29 13:07:04.089#change#{"from":{"line":14,"ch":23,"sticky":null},"to":{"line":14,"ch":23,"sticky":null},"text":["("],"removed":[""],"origin":"+input"}
2019-4-29 13:07:06.140#change#{"from":{"line":14,"ch":24,"sticky":null},"to":{"line":14,"ch":24,"sticky":null},"text":["c"],"removed":[""],"origin":"+input"}
2019-4-29 13:07:06.643#change#{"from":{"line":14,"ch":25,"sticky":null},"to":{"line":14,"ch":25,"sticky":null},"text":["<"],"removed":[""],"origin":"+input"}
2019-4-29 13:07:09.150#change#{"from":{"line":14,"ch":26,"sticky":null},"to":{"line":14,"ch":26,"sticky":null},"text":["="],"removed":[""],"origin":"+input"}
2019-4-29 13:07:11.237#change#{"from":{"line":14,"ch":27,"sticky":null},"to":{"line":14,"ch":27,"sticky":null},"text":["b"],"removed":[""],"origin":"+input"}
2019-4-29 13:07:13.050#change#{"from":{"line":14,"ch":28,"sticky":null},"to":{"line":14,"ch":28,"sticky":null},"text":["+"],"removed":[""],"origin":"+input"}
2019-4-29 13:07:14.644#change#{"from":{"line":14,"ch":29,"sticky":null},"to":{"line":14,"ch":29,"sticky":null},"text":["a"],"removed":[""],"origin":"+input"}
2019-4-29 13:07:16.004#change#{"from":{"line":14,"ch":30,"sticky":null},"to":{"line":14,"ch":30,"sticky":null},"text":[")"],"removed":[""],"origin":"+input"}
2019-4-29 13:07:21.264#saida_testar#$ python3 main.py
Lado 1: 1
Lado 2: 2
Lado 3: 3
Entradas: 1.0 , 2.0 , 3.0
Area: invalida
2019-4-29 13:07:22.751#blur#
