2019-3-21 13:06:52.877#viewportChange#0
2019-3-21 13:07:02.249#mousedown#{"isTrusted":true}
2019-3-21 13:07:02.580#mousedown#{"isTrusted":true}
2019-3-21 13:07:02.602#focus#
2019-3-21 13:07:12.632#change#{"from":{"line":3,"ch":0,"sticky":"after","xRel":12.29998779296875},"to":{"line":3,"ch":0,"sticky":"after","xRel":12.29998779296875},"text":["f"],"removed":[""],"origin":"+input"}
2019-3-21 13:07:12.877#change#{"from":{"line":3,"ch":1,"sticky":null},"to":{"line":3,"ch":1,"sticky":null},"text":["r"],"removed":[""],"origin":"+input"}
2019-3-21 13:07:12.900#change#{"from":{"line":3,"ch":2,"sticky":null},"to":{"line":3,"ch":2,"sticky":null},"text":["a"],"removed":[""],"origin":"+input"}
2019-3-21 13:07:14.084#change#{"from":{"line":3,"ch":3,"sticky":null},"to":{"line":3,"ch":3,"sticky":null},"text":["s"],"removed":[""],"origin":"+input"}
2019-3-21 13:07:14.242#change#{"from":{"line":3,"ch":4,"sticky":null},"to":{"line":3,"ch":4,"sticky":null},"text":["e"],"removed":[""],"origin":"+input"}
2019-3-21 13:07:15.162#change#{"from":{"line":3,"ch":5,"sticky":null},"to":{"line":3,"ch":5,"sticky":null},"text":[" "],"removed":[""],"origin":"+input"}
2019-3-21 13:07:15.273#change#{"from":{"line":3,"ch":6,"sticky":null},"to":{"line":3,"ch":6,"sticky":null},"text":["="],"removed":[""],"origin":"+input"}
2019-3-21 13:07:15.466#change#{"from":{"line":3,"ch":7,"sticky":null},"to":{"line":3,"ch":7,"sticky":null},"text":[" "],"removed":[""],"origin":"+input"}
2019-3-21 13:07:25.583#change#{"from":{"line":3,"ch":8,"sticky":null},"to":{"line":3,"ch":8,"sticky":null},"text":["p"],"removed":[""],"origin":"+input"}
2019-3-21 13:07:25.794#change#{"from":{"line":3,"ch":9,"sticky":null},"to":{"line":3,"ch":9,"sticky":null},"text":["r"],"removed":[""],"origin":"+input"}
2019-3-21 13:07:26.962#change#{"from":{"line":3,"ch":9,"sticky":"after"},"to":{"line":3,"ch":10,"sticky":null},"text":[""],"removed":["r"],"origin":"+delete"}
2019-3-21 13:07:26.962#keyHandled#"Backspace"
2019-3-21 13:07:27.113#change#{"from":{"line":3,"ch":8,"sticky":"after"},"to":{"line":3,"ch":9,"sticky":null},"text":[""],"removed":["p"],"origin":"+delete"}
2019-3-21 13:07:27.114#keyHandled#"Backspace"
2019-3-21 13:07:27.242#change#{"from":{"line":3,"ch":7,"sticky":"after"},"to":{"line":3,"ch":8,"sticky":null},"text":[""],"removed":[" "],"origin":"+delete"}
2019-3-21 13:07:27.242#keyHandled#"Backspace"
2019-3-21 13:07:28.003#change#{"from":{"line":3,"ch":7,"sticky":null},"to":{"line":3,"ch":7,"sticky":null},"text":[" "],"removed":[""],"origin":"+input"}
2019-3-21 13:07:28.641#change#{"from":{"line":3,"ch":8,"sticky":null},"to":{"line":3,"ch":8,"sticky":null},"text":["i"],"removed":[""],"origin":"+input"}
2019-3-21 13:07:29.716#change#{"from":{"line":3,"ch":9,"sticky":null},"to":{"line":3,"ch":9,"sticky":null},"text":["n"],"removed":[""],"origin":"+input"}
2019-3-21 13:07:30.211#change#{"from":{"line":3,"ch":10,"sticky":null},"to":{"line":3,"ch":10,"sticky":null},"text":["p"],"removed":[""],"origin":"+input"}
2019-3-21 13:07:30.633#change#{"from":{"line":3,"ch":11,"sticky":null},"to":{"line":3,"ch":11,"sticky":null},"text":["u"],"removed":[""],"origin":"+input"}
2019-3-21 13:07:31.413#change#{"from":{"line":3,"ch":12,"sticky":null},"to":{"line":3,"ch":12,"sticky":null},"text":["t"],"removed":[""],"origin":"+input"}
2019-3-21 13:07:32.777#change#{"from":{"line":3,"ch":13,"sticky":null},"to":{"line":3,"ch":13,"sticky":null},"text":["()"],"removed":[""],"origin":"+input"}
2019-3-21 13:07:32.777#keyHandled#"'('"
2019-3-21 13:07:33.557#change#{"from":{"line":3,"ch":14,"sticky":"after"},"to":{"line":3,"ch":14,"sticky":"after"},"text":["\"\""],"removed":[""],"origin":"+input"}
2019-3-21 13:07:33.557#keyHandled#"'\"'"
2019-3-21 13:07:59.890#keyHandled#"Left"
2019-3-21 13:08:00.109#keyHandled#"Left"
2019-3-21 13:08:01.001#change#{"from":{"line":3,"ch":12,"sticky":"after"},"to":{"line":3,"ch":13,"sticky":"after"},"text":[""],"removed":["t"],"origin":"+delete"}
2019-3-21 13:08:01.001#keyHandled#"Backspace"
2019-3-21 13:08:01.182#change#{"from":{"line":3,"ch":11,"sticky":"after"},"to":{"line":3,"ch":12,"sticky":null},"text":[""],"removed":["u"],"origin":"+delete"}
2019-3-21 13:08:01.182#keyHandled#"Backspace"
2019-3-21 13:08:01.650#change#{"from":{"line":3,"ch":10,"sticky":"after"},"to":{"line":3,"ch":11,"sticky":null},"text":[""],"removed":["p"],"origin":"+delete"}
2019-3-21 13:08:01.650#keyHandled#"Backspace"
2019-3-21 13:08:01.828#change#{"from":{"line":3,"ch":9,"sticky":"after"},"to":{"line":3,"ch":10,"sticky":null},"text":[""],"removed":["n"],"origin":"+delete"}
2019-3-21 13:08:01.828#keyHandled#"Backspace"
2019-3-21 13:08:02.343#change#{"from":{"line":3,"ch":8,"sticky":"after"},"to":{"line":3,"ch":9,"sticky":null},"text":[""],"removed":["i"],"origin":"+delete"}
2019-3-21 13:08:02.343#keyHandled#"Backspace"
2019-3-21 13:08:03.427#keyHandled#"Right"
2019-3-21 13:08:03.601#keyHandled#"Right"
2019-3-21 13:08:06.632#change#{"from":{"line":3,"ch":10,"sticky":"before"},"to":{"line":3,"ch":10,"sticky":"before"},"text":["o"],"removed":[""],"origin":"+input"}
2019-3-21 13:08:06.862#change#{"from":{"line":3,"ch":11,"sticky":null},"to":{"line":3,"ch":11,"sticky":null},"text":[" "],"removed":[""],"origin":"+input"}
2019-3-21 13:08:07.934#change#{"from":{"line":3,"ch":12,"sticky":null},"to":{"line":3,"ch":12,"sticky":null},"text":["v"],"removed":[""],"origin":"+input"}
2019-3-21 13:08:08.068#change#{"from":{"line":3,"ch":13,"sticky":null},"to":{"line":3,"ch":13,"sticky":null},"text":["a"],"removed":[""],"origin":"+input"}
2019-3-21 13:08:08.315#change#{"from":{"line":3,"ch":14,"sticky":null},"to":{"line":3,"ch":14,"sticky":null},"text":["a"],"removed":[""],"origin":"+input"}
2019-3-21 13:08:09.126#change#{"from":{"line":3,"ch":14,"sticky":"after"},"to":{"line":3,"ch":15,"sticky":null},"text":[""],"removed":["a"],"origin":"+delete"}
2019-3-21 13:08:09.126#keyHandled#"Backspace"
2019-3-21 13:08:09.372#change#{"from":{"line":3,"ch":14,"sticky":null},"to":{"line":3,"ch":14,"sticky":null},"text":["s"],"removed":[""],"origin":"+input"}
2019-3-21 13:08:10.246#change#{"from":{"line":3,"ch":15,"sticky":null},"to":{"line":3,"ch":15,"sticky":null},"text":["c"],"removed":[""],"origin":"+input"}
2019-3-21 13:08:10.437#change#{"from":{"line":3,"ch":16,"sticky":null},"to":{"line":3,"ch":16,"sticky":null},"text":["o"],"removed":[""],"origin":"+input"}
2019-3-21 13:08:10.745#change#{"from":{"line":3,"ch":17,"sticky":null},"to":{"line":3,"ch":17,"sticky":null},"text":[" "],"removed":[""],"origin":"+input"}
2019-3-21 13:08:12.627#change#{"from":{"line":3,"ch":18,"sticky":null},"to":{"line":3,"ch":18,"sticky":null},"text":["é"],"removed":[""],"origin":"*compose"}
2019-3-21 13:08:13.060#change#{"from":{"line":3,"ch":19,"sticky":null},"to":{"line":3,"ch":19,"sticky":null},"text":[" "],"removed":[""],"origin":"+input"}
2019-3-21 13:08:14.072#change#{"from":{"line":3,"ch":20,"sticky":null},"to":{"line":3,"ch":20,"sticky":null},"text":["c"],"removed":[""],"origin":"+input"}
2019-3-21 13:08:14.291#change#{"from":{"line":3,"ch":21,"sticky":null},"to":{"line":3,"ch":21,"sticky":null},"text":["a"],"removed":[""],"origin":"+input"}
2019-3-21 13:08:15.501#change#{"from":{"line":3,"ch":23,"sticky":null},"to":{"line":3,"ch":23,"sticky":null},"text":["e"],"removed":[""],"origin":"+input"}
2019-3-21 13:08:16.043#change#{"from":{"line":3,"ch":24,"sticky":null},"to":{"line":3,"ch":24,"sticky":null},"text":["ã"],"removed":[""],"origin":"*compose"}
2019-3-21 13:08:16.310#change#{"from":{"line":3,"ch":25,"sticky":null},"to":{"line":3,"ch":25,"sticky":null},"text":["o"],"removed":[""],"origin":"+input"}
2019-3-21 13:08:18.788#mousedown#{"isTrusted":true}
2019-3-21 13:08:19.508#change#{"from":{"line":3,"ch":28,"sticky":"before","xRel":52.16664123535156},"to":{"line":3,"ch":28,"sticky":"before","xRel":52.16664123535156},"text":["",""],"removed":[""],"origin":"+input"}
2019-3-21 13:08:19.509#keyHandled#"Enter"
2019-3-21 13:08:19.524#viewportChange#0
2019-3-21 13:08:20.414#change#{"from":{"line":4,"ch":0,"sticky":null},"to":{"line":4,"ch":0,"sticky":null},"text":["p"],"removed":[""],"origin":"+input"}
2019-3-21 13:08:20.658#change#{"from":{"line":4,"ch":1,"sticky":null},"to":{"line":4,"ch":1,"sticky":null},"text":["r"],"removed":[""],"origin":"+input"}
2019-3-21 13:08:21.002#change#{"from":{"line":4,"ch":2,"sticky":null},"to":{"line":4,"ch":2,"sticky":null},"text":["i"],"removed":[""],"origin":"+input"}
2019-3-21 13:08:21.323#change#{"from":{"line":4,"ch":3,"sticky":null},"to":{"line":4,"ch":3,"sticky":null},"text":["n"],"removed":[""],"origin":"+input"}
2019-3-21 13:08:22.115#change#{"from":{"line":4,"ch":4,"sticky":null},"to":{"line":4,"ch":4,"sticky":null},"text":["t"],"removed":[""],"origin":"+input"}
2019-3-21 13:08:23.773#change#{"from":{"line":4,"ch":5,"sticky":null},"to":{"line":4,"ch":5,"sticky":null},"text":["()"],"removed":[""],"origin":"+input"}
2019-3-21 13:08:23.773#keyHandled#"'('"
2019-3-21 13:08:25.768#change#{"from":{"line":4,"ch":6,"sticky":"after"},"to":{"line":4,"ch":6,"sticky":"after"},"text":["f"],"removed":[""],"origin":"+input"}
2019-3-21 13:08:26.060#change#{"from":{"line":4,"ch":7,"sticky":null},"to":{"line":4,"ch":7,"sticky":null},"text":["r"],"removed":[""],"origin":"+input"}
2019-3-21 13:08:26.899#change#{"from":{"line":4,"ch":8,"sticky":null},"to":{"line":4,"ch":8,"sticky":null},"text":["a"],"removed":[""],"origin":"+input"}
2019-3-21 13:08:27.152#change#{"from":{"line":4,"ch":9,"sticky":null},"to":{"line":4,"ch":9,"sticky":null},"text":["s"],"removed":[""],"origin":"+input"}
2019-3-21 13:08:27.358#change#{"from":{"line":4,"ch":10,"sticky":null},"to":{"line":4,"ch":10,"sticky":null},"text":["e"],"removed":[""],"origin":"+input"}
2019-3-21 13:08:28.925#change#{"from":{"line":4,"ch":11,"sticky":null},"to":{"line":4,"ch":11,"sticky":null},"text":["."],"removed":[""],"origin":"+input"}
2019-3-21 13:08:29.667#change#{"from":{"line":4,"ch":12,"sticky":null},"to":{"line":4,"ch":12,"sticky":null},"text":["u"],"removed":[""],"origin":"+input"}
2019-3-21 13:08:30.180#change#{"from":{"line":4,"ch":13,"sticky":null},"to":{"line":4,"ch":13,"sticky":null},"text":["p"],"removed":[""],"origin":"+input"}
2019-3-21 13:08:30.361#change#{"from":{"line":4,"ch":14,"sticky":null},"to":{"line":4,"ch":14,"sticky":null},"text":["p"],"removed":[""],"origin":"+input"}
2019-3-21 13:08:30.657#change#{"from":{"line":4,"ch":15,"sticky":null},"to":{"line":4,"ch":15,"sticky":null},"text":["e"],"removed":[""],"origin":"+input"}
2019-3-21 13:08:30.873#change#{"from":{"line":4,"ch":16,"sticky":null},"to":{"line":4,"ch":16,"sticky":null},"text":["r"],"removed":[""],"origin":"+input"}
2019-3-21 13:08:33.943#change#{"from":{"line":4,"ch":17,"sticky":null},"to":{"line":4,"ch":17,"sticky":null},"text":["()"],"removed":[""],"origin":"+input"}
2019-3-21 13:08:33.943#keyHandled#"'('"
2019-3-21 13:08:34.136#keyHandled#"')'"
2019-3-21 13:08:35.063#change#{"from":{"line":4,"ch":19,"sticky":"before"},"to":{"line":4,"ch":19,"sticky":"before"},"text":[" "],"removed":[""],"origin":"+input"}
2019-3-21 13:08:35.903#change#{"from":{"line":4,"ch":19,"sticky":"after"},"to":{"line":4,"ch":20,"sticky":null},"text":[""],"removed":[" "],"origin":"+delete"}
2019-3-21 13:08:35.903#keyHandled#"Backspace"
2019-3-21 13:08:36.754#blur#
2019-3-21 13:08:36.754#blur#
2019-3-21 13:08:39.522#saida_testar#$ python3 main.py
Traceback (most recent call last):
File "main.py", line 5, in <module>
print(frase.upper())
UnicodeEncodeError: 'ascii' codec can't encode character '\xc9' in position 8: ordinal not in range(128)
2019-3-21 13:08:39.522#saida_testar#$ python3 main.py
Traceback (most recent call last):
File "main.py", line 5, in <module>
print(frase.upper())
UnicodeEncodeError: 'ascii' codec can't encode character '\xc9' in position 8: ordinal not in range(128)
2019-3-21 13:09:22.412#submit#Your code did not produce the correct output. Please, correct your code and try again.
2019-3-21 13:09:41.609#viewportChange#0
2019-3-21 13:09:41.609#viewportChange#0
2019-3-21 13:09:58.382#saida_testar#$ python3 main.py
Traceback (most recent call last):
File "main.py", line 5, in <module>
print(frase.upper())
UnicodeEncodeError: 'ascii' codec can't encode character '\xc9' in position 8: ordinal not in range(128)
2019-3-21 13:10:21.288#mousedown#{"isTrusted":true}
2019-3-21 13:10:21.312#focus#
2019-3-21 13:10:22.675#change#{"from":{"line":3,"ch":8,"sticky":"after"},"to":{"line":3,"ch":9,"sticky":"before","xRel":-3.1000213623046875},"text":[""],"removed":["("],"origin":"+delete"}
2019-3-21 13:10:22.675#keyHandled#"Backspace"
2019-3-21 13:10:23.489#mousedown#{"isTrusted":true}
2019-3-21 13:10:23.783#change#{"from":{"line":3,"ch":26,"sticky":"after"},"to":{"line":3,"ch":27,"sticky":"before","xRel":21.099990844726562},"text":[""],"removed":[")"],"origin":"+delete"}
2019-3-21 13:10:23.783#keyHandled#"Backspace"
2019-3-21 13:10:24.757#blur#
2019-3-21 13:10:24.757#blur#
2019-3-21 13:10:26.522#saida_testar#$ python3 main.py
Traceback (most recent call last):
File "main.py", line 5, in <module>
print(frase.upper())
UnicodeEncodeError: 'ascii' codec can't encode character '\xc9' in position 8: ordinal not in range(128)
2019-3-21 13:10:55.844#mousedown#{"isTrusted":true}
2019-3-21 13:10:55.859#focus#
2019-3-21 13:10:57.302#change#{"from":{"line":3,"ch":4,"sticky":"after"},"to":{"line":3,"ch":5,"sticky":"before","xRel":-1.3666839599609375},"text":[""],"removed":["e"],"origin":"+delete"}
2019-3-21 13:10:57.302#keyHandled#"Backspace"
2019-3-21 13:10:57.430#change#{"from":{"line":3,"ch":3,"sticky":"after"},"to":{"line":3,"ch":4,"sticky":null},"text":[""],"removed":["s"],"origin":"+delete"}
2019-3-21 13:10:57.430#keyHandled#"Backspace"
2019-3-21 13:10:57.612#change#{"from":{"line":3,"ch":2,"sticky":"after"},"to":{"line":3,"ch":3,"sticky":null},"text":[""],"removed":["a"],"origin":"+delete"}
2019-3-21 13:10:57.612#keyHandled#"Backspace"
2019-3-21 13:10:57.785#change#{"from":{"line":3,"ch":1,"sticky":"after"},"to":{"line":3,"ch":2,"sticky":null},"text":[""],"removed":["r"],"origin":"+delete"}
2019-3-21 13:10:57.785#keyHandled#"Backspace"
2019-3-21 13:10:58.147#change#{"from":{"line":3,"ch":0,"sticky":"after"},"to":{"line":3,"ch":1,"sticky":null},"text":[""],"removed":["f"],"origin":"+delete"}
2019-3-21 13:10:58.147#keyHandled#"Backspace"
2019-3-21 13:10:58.968#change#{"from":{"line":3,"ch":0,"sticky":null},"to":{"line":3,"ch":0,"sticky":null},"text":["t"],"removed":[""],"origin":"+input"}
2019-3-21 13:10:59.183#change#{"from":{"line":3,"ch":1,"sticky":null},"to":{"line":3,"ch":1,"sticky":null},"text":["e"],"removed":[""],"origin":"+input"}
2019-3-21 13:10:59.482#change#{"from":{"line":3,"ch":2,"sticky":null},"to":{"line":3,"ch":2,"sticky":null},"text":["s"],"removed":[""],"origin":"+input"}
2019-3-21 13:10:59.680#change#{"from":{"line":3,"ch":3,"sticky":null},"to":{"line":3,"ch":3,"sticky":null},"text":["t"],"removed":[""],"origin":"+input"}
2019-3-21 13:11:00.244#change#{"from":{"line":3,"ch":4,"sticky":null},"to":{"line":3,"ch":4,"sticky":null},"text":["o"],"removed":[""],"origin":"+input"}
2019-3-21 13:11:01.506#change#{"from":{"line":3,"ch":4,"sticky":"after"},"to":{"line":3,"ch":5,"sticky":null},"text":[""],"removed":["o"],"origin":"+delete"}
2019-3-21 13:11:01.506#keyHandled#"Backspace"
2019-3-21 13:11:01.671#change#{"from":{"line":3,"ch":3,"sticky":"after"},"to":{"line":3,"ch":4,"sticky":null},"text":[""],"removed":["t"],"origin":"+delete"}
2019-3-21 13:11:01.671#keyHandled#"Backspace"
2019-3-21 13:11:02.142#change#{"from":{"line":3,"ch":2,"sticky":"after"},"to":{"line":3,"ch":3,"sticky":null},"text":[""],"removed":["s"],"origin":"+delete"}
2019-3-21 13:11:02.142#keyHandled#"Backspace"
2019-3-21 13:11:02.946#change#{"from":{"line":3,"ch":2,"sticky":null},"to":{"line":3,"ch":2,"sticky":null},"text":["x"],"removed":[""],"origin":"+input"}
2019-3-21 13:11:03.437#change#{"from":{"line":3,"ch":3,"sticky":null},"to":{"line":3,"ch":3,"sticky":null},"text":["t"],"removed":[""],"origin":"+input"}
2019-3-21 13:11:03.586#change#{"from":{"line":3,"ch":4,"sticky":null},"to":{"line":3,"ch":4,"sticky":null},"text":["o"],"removed":[""],"origin":"+input"}
2019-3-21 13:11:04.859#blur#
2019-3-21 13:11:04.859#blur#
2019-3-21 13:11:06.325#dica_bullet#NameError: name 'NOME_DA_VARIAVEL' is not defined
2019-3-21 13:11:09.815#mousedown#{"isTrusted":true}
2019-3-21 13:11:09.835#focus#
2019-3-21 13:11:10.917#change#{"from":{"line":4,"ch":10,"sticky":"after"},"to":{"line":4,"ch":11,"sticky":"before","xRel":-1.966644287109375},"text":[""],"removed":["e"],"origin":"+delete"}
2019-3-21 13:11:10.917#keyHandled#"Backspace"
2019-3-21 13:11:11.065#change#{"from":{"line":4,"ch":9,"sticky":"after"},"to":{"line":4,"ch":10,"sticky":null},"text":[""],"removed":["s"],"origin":"+delete"}
2019-3-21 13:11:11.065#keyHandled#"Backspace"
2019-3-21 13:11:11.229#change#{"from":{"line":4,"ch":8,"sticky":"after"},"to":{"line":4,"ch":9,"sticky":null},"text":[""],"removed":["a"],"origin":"+delete"}
2019-3-21 13:11:11.229#keyHandled#"Backspace"
2019-3-21 13:11:11.657#change#{"from":{"line":4,"ch":7,"sticky":"after"},"to":{"line":4,"ch":8,"sticky":null},"text":[""],"removed":["r"],"origin":"+delete"}
2019-3-21 13:11:11.657#keyHandled#"Backspace"
2019-3-21 13:11:12.032#change#{"from":{"line":4,"ch":6,"sticky":"after"},"to":{"line":4,"ch":7,"sticky":null},"text":[""],"removed":["f"],"origin":"+delete"}
2019-3-21 13:11:12.032#keyHandled#"Backspace"
2019-3-21 13:11:12.962#change#{"from":{"line":4,"ch":6,"sticky":null},"to":{"line":4,"ch":6,"sticky":null},"text":["t"],"removed":[""],"origin":"+input"}
2019-3-21 13:11:13.226#change#{"from":{"line":4,"ch":7,"sticky":null},"to":{"line":4,"ch":7,"sticky":null},"text":["e"],"removed":[""],"origin":"+input"}
2019-3-21 13:11:13.804#change#{"from":{"line":4,"ch":8,"sticky":null},"to":{"line":4,"ch":8,"sticky":null},"text":["s"],"removed":[""],"origin":"+input"}
2019-3-21 13:11:14.541#change#{"from":{"line":4,"ch":9,"sticky":null},"to":{"line":4,"ch":9,"sticky":null},"text":["t"],"removed":[""],"origin":"+input"}
2019-3-21 13:11:14.778#change#{"from":{"line":4,"ch":10,"sticky":null},"to":{"line":4,"ch":10,"sticky":null},"text":["o"],"removed":[""],"origin":"+input"}
2019-3-21 13:11:16.485#keyHandled#"Left"
2019-3-21 13:11:16.646#keyHandled#"Left"
2019-3-21 13:11:17.844#change#{"from":{"line":4,"ch":8,"sticky":"after"},"to":{"line":4,"ch":9,"sticky":"after"},"text":[""],"removed":["s"],"origin":"+delete"}
2019-3-21 13:11:17.844#keyHandled#"Backspace"
2019-3-21 13:11:18.282#change#{"from":{"line":4,"ch":8,"sticky":null},"to":{"line":4,"ch":8,"sticky":null},"text":["x"],"removed":[""],"origin":"+input"}
2019-3-21 13:11:21.518#blur#
2019-3-21 13:11:21.518#blur#
2019-3-21 13:11:24.417#saida_testar#$ python3 main.py
Traceback (most recent call last):
File "main.py", line 5, in <module>
print(texto.upper())
UnicodeEncodeError: 'ascii' codec can't encode character '\xc9' in position 8: ordinal not in range(128)
2019-3-21 13:11:26.494#mousedown#{"isTrusted":true}
2019-3-21 13:11:26.517#focus#
2019-3-21 13:11:27.396#change#{"from":{"line":4,"ch":19,"sticky":"after"},"to":{"line":4,"ch":20,"sticky":"before","xRel":8.633316040039062},"text":[""],"removed":[")"],"origin":"+delete"}
2019-3-21 13:11:27.396#keyHandled#"Backspace"
2019-3-21 13:11:27.550#change#{"from":{"line":4,"ch":18,"sticky":"after"},"to":{"line":4,"ch":19,"sticky":null},"text":[""],"removed":[")"],"origin":"+delete"}
2019-3-21 13:11:27.550#keyHandled#"Backspace"
2019-3-21 13:11:27.691#change#{"from":{"line":4,"ch":17,"sticky":"after"},"to":{"line":4,"ch":18,"sticky":null},"text":[""],"removed":["("],"origin":"+delete"}
2019-3-21 13:11:27.692#keyHandled#"Backspace"
2019-3-21 13:11:27.858#change#{"from":{"line":4,"ch":16,"sticky":"after"},"to":{"line":4,"ch":17,"sticky":null},"text":[""],"removed":["r"],"origin":"+delete"}
2019-3-21 13:11:27.858#keyHandled#"Backspace"
2019-3-21 13:11:28.021#change#{"from":{"line":4,"ch":15,"sticky":"after"},"to":{"line":4,"ch":16,"sticky":null},"text":[""],"removed":["e"],"origin":"+delete"}
2019-3-21 13:11:28.021#keyHandled#"Backspace"
2019-3-21 13:11:28.186#change#{"from":{"line":4,"ch":14,"sticky":"after"},"to":{"line":4,"ch":15,"sticky":null},"text":[""],"removed":["p"],"origin":"+delete"}
2019-3-21 13:11:28.186#keyHandled#"Backspace"
2019-3-21 13:11:28.343#change#{"from":{"line":4,"ch":13,"sticky":"after"},"to":{"line":4,"ch":14,"sticky":null},"text":[""],"removed":["p"],"origin":"+delete"}
2019-3-21 13:11:28.343#keyHandled#"Backspace"
2019-3-21 13:11:28.510#change#{"from":{"line":4,"ch":12,"sticky":"after"},"to":{"line":4,"ch":13,"sticky":null},"text":[""],"removed":["u"],"origin":"+delete"}
2019-3-21 13:11:28.510#keyHandled#"Backspace"
2019-3-21 13:11:28.671#change#{"from":{"line":4,"ch":11,"sticky":"after"},"to":{"line":4,"ch":12,"sticky":null},"text":[""],"removed":["."],"origin":"+delete"}
2019-3-21 13:11:28.671#keyHandled#"Backspace"
2019-3-21 13:11:29.116#change#{"from":{"line":4,"ch":10,"sticky":"after"},"to":{"line":4,"ch":11,"sticky":null},"text":[""],"removed":["o"],"origin":"+delete"}
2019-3-21 13:11:29.116#keyHandled#"Backspace"
2019-3-21 13:11:30.379#change#{"from":{"line":4,"ch":10,"sticky":null},"to":{"line":4,"ch":10,"sticky":null},"text":["o"],"removed":[""],"origin":"+input"}
2019-3-21 13:11:31.329#change#{"from":{"line":4,"ch":11,"sticky":null},"to":{"line":4,"ch":11,"sticky":null},"text":["."],"removed":[""],"origin":"+input"}
2019-3-21 13:11:33.854#change#{"from":{"line":4,"ch":12,"sticky":null},"to":{"line":4,"ch":12,"sticky":null},"text":["u"],"removed":[""],"origin":"+input"}
2019-3-21 13:11:36.266#change#{"from":{"line":4,"ch":13,"sticky":null},"to":{"line":4,"ch":13,"sticky":null},"text":["p"],"removed":[""],"origin":"+input"}
2019-3-21 13:11:37.038#change#{"from":{"line":4,"ch":14,"sticky":null},"to":{"line":4,"ch":14,"sticky":null},"text":["p"],"removed":[""],"origin":"+input"}
2019-3-21 13:11:38.054#change#{"from":{"line":4,"ch":15,"sticky":null},"to":{"line":4,"ch":15,"sticky":null},"text":["e"],"removed":[""],"origin":"+input"}
2019-3-21 13:11:38.316#change#{"from":{"line":4,"ch":16,"sticky":null},"to":{"line":4,"ch":16,"sticky":null},"text":["r"],"removed":[""],"origin":"+input"}
2019-3-21 13:11:40.600#change#{"from":{"line":4,"ch":17,"sticky":null},"to":{"line":4,"ch":17,"sticky":null},"text":["()"],"removed":[""],"origin":"+input"}
2019-3-21 13:11:40.600#keyHandled#"'('"
2019-3-21 13:11:42.381#keyHandled#"Right"
2019-3-21 13:11:43.292#change#{"from":{"line":4,"ch":19,"sticky":"before"},"to":{"line":4,"ch":19,"sticky":"before"},"text":[")"],"removed":[""],"origin":"+input"}
2019-3-21 13:11:45.036#blur#
2019-3-21 13:11:45.036#blur#
2019-3-21 13:11:45.036#blur#
2019-3-21 13:12:32.628#saida_testar#$ python3 main.py
Traceback (most recent call last):
File "main.py", line 5, in <module>
print(texto.upper())
UnicodeEncodeError: 'ascii' codec can't encode character '\xc9' in position 8: ordinal not in range(128)
2019-3-21 13:12:42.139#mousedown#{"isTrusted":true}
2019-3-21 13:12:42.160#focus#
2019-3-21 13:12:43.464#change#{"from":{"line":3,"ch":24,"sticky":"after"},"to":{"line":3,"ch":25,"sticky":"before","xRel":-4.0333099365234375},"text":[""],"removed":["o"],"origin":"+delete"}
2019-3-21 13:12:43.465#keyHandled#"Backspace"
2019-3-21 13:12:43.631#change#{"from":{"line":3,"ch":23,"sticky":"after"},"to":{"line":3,"ch":24,"sticky":null},"text":[""],"removed":["ã"],"origin":"+delete"}
2019-3-21 13:12:43.631#keyHandled#"Backspace"
2019-3-21 13:12:43.786#change#{"from":{"line":3,"ch":22,"sticky":"after"},"to":{"line":3,"ch":23,"sticky":null},"text":[""],"removed":["e"],"origin":"+delete"}
2019-3-21 13:12:43.786#keyHandled#"Backspace"
2019-3-21 13:12:43.961#change#{"from":{"line":3,"ch":21,"sticky":"after"},"to":{"line":3,"ch":22,"sticky":null},"text":[""],"removed":["p"],"origin":"+delete"}
2019-3-21 13:12:43.961#keyHandled#"Backspace"
2019-3-21 13:12:44.131#change#{"from":{"line":3,"ch":20,"sticky":"after"},"to":{"line":3,"ch":21,"sticky":null},"text":[""],"removed":["a"],"origin":"+delete"}
2019-3-21 13:12:44.131#keyHandled#"Backspace"
2019-3-21 13:12:44.303#change#{"from":{"line":3,"ch":19,"sticky":"after"},"to":{"line":3,"ch":20,"sticky":null},"text":[""],"removed":["c"],"origin":"+delete"}
2019-3-21 13:12:44.303#keyHandled#"Backspace"
2019-3-21 13:12:44.505#change#{"from":{"line":3,"ch":18,"sticky":"after"},"to":{"line":3,"ch":19,"sticky":null},"text":[""],"removed":[" "],"origin":"+delete"}
2019-3-21 13:12:44.505#keyHandled#"Backspace"
2019-3-21 13:12:44.888#change#{"from":{"line":3,"ch":17,"sticky":"after"},"to":{"line":3,"ch":18,"sticky":null},"text":[""],"removed":["é"],"origin":"+delete"}
2019-3-21 13:12:44.888#keyHandled#"Backspace"
2019-3-21 13:12:45.073#change#{"from":{"line":3,"ch":16,"sticky":"after"},"to":{"line":3,"ch":17,"sticky":null},"text":[""],"removed":[" "],"origin":"+delete"}
2019-3-21 13:12:45.073#keyHandled#"Backspace"
2019-3-21 13:12:45.266#change#{"from":{"line":3,"ch":15,"sticky":"after"},"to":{"line":3,"ch":16,"sticky":null},"text":[""],"removed":["o"],"origin":"+delete"}
2019-3-21 13:12:45.266#keyHandled#"Backspace"
2019-3-21 13:12:45.462#change#{"from":{"line":3,"ch":14,"sticky":"after"},"to":{"line":3,"ch":15,"sticky":null},"text":[""],"removed":["c"],"origin":"+delete"}
2019-3-21 13:12:45.462#keyHandled#"Backspace"
2019-3-21 13:12:45.654#change#{"from":{"line":3,"ch":13,"sticky":"after"},"to":{"line":3,"ch":14,"sticky":null},"text":[""],"removed":["s"],"origin":"+delete"}
2019-3-21 13:12:45.654#keyHandled#"Backspace"
2019-3-21 13:12:46.529#change#{"from":{"line":3,"ch":12,"sticky":"after"},"to":{"line":3,"ch":13,"sticky":null},"text":[""],"removed":["a"],"origin":"+delete"}
2019-3-21 13:12:46.529#keyHandled#"Backspace"
2019-3-21 13:12:46.843#change#{"from":{"line":3,"ch":11,"sticky":"after"},"to":{"line":3,"ch":12,"sticky":null},"text":[""],"removed":["v"],"origin":"+delete"}
2019-3-21 13:12:46.844#keyHandled#"Backspace"
2019-3-21 13:12:46.903#change#{"from":{"line":3,"ch":10,"sticky":"after"},"to":{"line":3,"ch":11,"sticky":null},"text":[""],"removed":[" "],"origin":"+delete"}
2019-3-21 13:12:46.903#keyHandled#"Backspace"
2019-3-21 13:12:47.313#change#{"from":{"line":3,"ch":9,"sticky":"after"},"to":{"line":3,"ch":10,"sticky":null},"text":[""],"removed":["o"],"origin":"+delete"}
2019-3-21 13:12:47.313#keyHandled#"Backspace"
2019-3-21 13:12:57.438#change#{"from":{"line":3,"ch":9,"sticky":null},"to":{"line":3,"ch":9,"sticky":null},"text":["s"],"removed":[""],"origin":"+input"}
2019-3-21 13:12:58.101#change#{"from":{"line":3,"ch":10,"sticky":null},"to":{"line":3,"ch":10,"sticky":null},"text":["e"],"removed":[""],"origin":"+input"}
2019-3-21 13:12:58.319#change#{"from":{"line":3,"ch":11,"sticky":null},"to":{"line":3,"ch":11,"sticky":null},"text":["l"],"removed":[""],"origin":"+input"}
2019-3-21 13:12:58.608#change#{"from":{"line":3,"ch":12,"sticky":null},"to":{"line":3,"ch":12,"sticky":null},"text":["i"],"removed":[""],"origin":"+input"}
2019-3-21 13:12:58.869#change#{"from":{"line":3,"ch":13,"sticky":null},"to":{"line":3,"ch":13,"sticky":null},"text":["n"],"removed":[""],"origin":"+input"}
2019-3-21 13:12:59.033#change#{"from":{"line":3,"ch":14,"sticky":null},"to":{"line":3,"ch":14,"sticky":null},"text":["a"],"removed":[""],"origin":"+input"}
2019-3-21 13:12:59.300#change#{"from":{"line":3,"ch":15,"sticky":null},"to":{"line":3,"ch":15,"sticky":null},"text":[" "],"removed":[""],"origin":"+input"}
2019-3-21 13:13:02.624#change#{"from":{"line":3,"ch":16,"sticky":null},"to":{"line":3,"ch":16,"sticky":null},"text":["k"],"removed":[""],"origin":"+input"}
2019-3-21 13:13:03.082#change#{"from":{"line":3,"ch":17,"sticky":null},"to":{"line":3,"ch":17,"sticky":null},"text":["y"],"removed":[""],"origin":"+input"}
2019-3-21 13:13:03.549#change#{"from":{"line":3,"ch":18,"sticky":null},"to":{"line":3,"ch":18,"sticky":null},"text":["l"],"removed":[""],"origin":"+input"}
2019-3-21 13:13:03.752#change#{"from":{"line":3,"ch":19,"sticky":null},"to":{"line":3,"ch":19,"sticky":null},"text":["e"],"removed":[""],"origin":"+input"}
2019-3-21 13:13:08.007#blur#
2019-3-21 13:13:08.007#blur#
2019-3-21 13:13:10.246#saida_testar#$ python3 main.py
SELINA KYLE
2019-3-21 13:13:13.863#mousedown#{"isTrusted":true}
2019-3-21 13:13:13.877#focus#
2019-3-21 13:13:15.175#change#{"from":{"line":3,"ch":19,"sticky":"after"},"to":{"line":3,"ch":20,"sticky":"before","xRel":-0.3666839599609375},"text":[""],"removed":["e"],"origin":"+delete"}
2019-3-21 13:13:15.175#keyHandled#"Backspace"
2019-3-21 13:13:15.366#change#{"from":{"line":3,"ch":18,"sticky":"after"},"to":{"line":3,"ch":19,"sticky":null},"text":[""],"removed":["l"],"origin":"+delete"}
2019-3-21 13:13:15.366#keyHandled#"Backspace"
2019-3-21 13:13:15.536#change#{"from":{"line":3,"ch":17,"sticky":"after"},"to":{"line":3,"ch":18,"sticky":null},"text":[""],"removed":["y"],"origin":"+delete"}
2019-3-21 13:13:15.536#keyHandled#"Backspace"
2019-3-21 13:13:15.729#change#{"from":{"line":3,"ch":16,"sticky":"after"},"to":{"line":3,"ch":17,"sticky":null},"text":[""],"removed":["k"],"origin":"+delete"}
2019-3-21 13:13:15.729#keyHandled#"Backspace"
2019-3-21 13:13:15.869#change#{"from":{"line":3,"ch":15,"sticky":"after"},"to":{"line":3,"ch":16,"sticky":null},"text":[""],"removed":[" "],"origin":"+delete"}
2019-3-21 13:13:15.869#keyHandled#"Backspace"
2019-3-21 13:13:16.042#change#{"from":{"line":3,"ch":14,"sticky":"after"},"to":{"line":3,"ch":15,"sticky":null},"text":[""],"removed":["a"],"origin":"+delete"}
2019-3-21 13:13:16.042#keyHandled#"Backspace"
2019-3-21 13:13:16.226#change#{"from":{"line":3,"ch":13,"sticky":"after"},"to":{"line":3,"ch":14,"sticky":null},"text":[""],"removed":["n"],"origin":"+delete"}
2019-3-21 13:13:16.226#keyHandled#"Backspace"
2019-3-21 13:13:16.381#change#{"from":{"line":3,"ch":12,"sticky":"after"},"to":{"line":3,"ch":13,"sticky":null},"text":[""],"removed":["i"],"origin":"+delete"}
2019-3-21 13:13:16.381#keyHandled#"Backspace"
2019-3-21 13:13:16.577#change#{"from":{"line":3,"ch":11,"sticky":"after"},"to":{"line":3,"ch":12,"sticky":null},"text":[""],"removed":["l"],"origin":"+delete"}
2019-3-21 13:13:16.577#keyHandled#"Backspace"
2019-3-21 13:13:16.943#change#{"from":{"line":3,"ch":10,"sticky":"after"},"to":{"line":3,"ch":11,"sticky":null},"text":[""],"removed":["e"],"origin":"+delete"}
2019-3-21 13:13:16.943#keyHandled#"Backspace"
2019-3-21 13:13:17.118#change#{"from":{"line":3,"ch":9,"sticky":"after"},"to":{"line":3,"ch":10,"sticky":null},"text":[""],"removed":["s"],"origin":"+delete"}
2019-3-21 13:13:17.118#keyHandled#"Backspace"
2019-3-21 13:13:18.265#change#{"from":{"line":3,"ch":9,"sticky":null},"to":{"line":3,"ch":9,"sticky":null},"text":["o"],"removed":[""],"origin":"+input"}
2019-3-21 13:13:18.536#change#{"from":{"line":3,"ch":10,"sticky":null},"to":{"line":3,"ch":10,"sticky":null},"text":[" "],"removed":[""],"origin":"+input"}
2019-3-21 13:13:19.188#change#{"from":{"line":3,"ch":11,"sticky":null},"to":{"line":3,"ch":11,"sticky":null},"text":["v"],"removed":[""],"origin":"+input"}
2019-3-21 13:13:19.502#change#{"from":{"line":3,"ch":12,"sticky":null},"to":{"line":3,"ch":12,"sticky":null},"text":["a"],"removed":[""],"origin":"+input"}
2019-3-21 13:13:19.864#change#{"from":{"line":3,"ch":14,"sticky":null},"to":{"line":3,"ch":14,"sticky":null},"text":["c"],"removed":[""],"origin":"+input"}
2019-3-21 13:13:21.020#change#{"from":{"line":3,"ch":15,"sticky":null},"to":{"line":3,"ch":15,"sticky":null},"text":["o"],"removed":[""],"origin":"+input"}
2019-3-21 13:13:21.289#change#{"from":{"line":3,"ch":16,"sticky":null},"to":{"line":3,"ch":16,"sticky":null},"text":[" "],"removed":[""],"origin":"+input"}
2019-3-21 13:13:21.537#change#{"from":{"line":3,"ch":17,"sticky":null},"to":{"line":3,"ch":17,"sticky":null},"text":["e"],"removed":[""],"origin":"+input"}
2019-3-21 13:13:21.681#change#{"from":{"line":3,"ch":18,"sticky":null},"to":{"line":3,"ch":18,"sticky":null},"text":[" "],"removed":[""],"origin":"+input"}
2019-3-21 13:13:23.333#change#{"from":{"line":3,"ch":19,"sticky":null},"to":{"line":3,"ch":19,"sticky":null},"text":["c"],"removed":[""],"origin":"+input"}
2019-3-21 13:13:23.502#change#{"from":{"line":3,"ch":20,"sticky":null},"to":{"line":3,"ch":20,"sticky":null},"text":["a"],"removed":[""],"origin":"+input"}
2019-3-21 13:13:23.872#change#{"from":{"line":3,"ch":21,"sticky":null},"to":{"line":3,"ch":21,"sticky":null},"text":["p"],"removed":[""],"origin":"+input"}
2019-3-21 13:13:24.145#change#{"from":{"line":3,"ch":22,"sticky":null},"to":{"line":3,"ch":22,"sticky":null},"text":["e"],"removed":[""],"origin":"+input"}
2019-3-21 13:13:24.498#change#{"from":{"line":3,"ch":23,"sticky":null},"to":{"line":3,"ch":23,"sticky":null},"text":["a"],"removed":[""],"origin":"+input"}
2019-3-21 13:13:25.807#change#{"from":{"line":3,"ch":24,"sticky":null},"to":{"line":3,"ch":24,"sticky":null},"text":["o"],"removed":[""],"origin":"+input"}
2019-3-21 13:13:27.429#blur#
2019-3-21 13:13:27.429#blur#
2019-3-21 13:13:30.250#saida_testar#$ python3 main.py
O VASCO E CAPEAO
2019-3-21 13:13:31.140#mousedown#{"isTrusted":true}
2019-3-21 13:13:31.153#focus#
2019-3-21 13:13:32.215#change#{"from":{"line":3,"ch":23,"sticky":"after"},"to":{"line":3,"ch":24,"sticky":"before","xRel":-1.1000213623046875},"text":[""],"removed":["a"],"origin":"+delete"}
2019-3-21 13:13:32.215#keyHandled#"Backspace"
2019-3-21 13:13:33.235#change#{"from":{"line":3,"ch":23,"sticky":null},"to":{"line":3,"ch":23,"sticky":null},"text":["ã"],"removed":[""],"origin":"*compose"}
2019-3-21 13:13:34.698#blur#
2019-3-21 13:13:34.698#blur#
2019-3-21 13:13:36.463#saida_testar#$ python3 main.py
Traceback (most recent call last):
File "main.py", line 5, in <module>
print(texto.upper())
UnicodeEncodeError: 'ascii' codec can't encode character '\xc3' in position 14: ordinal not in range(128)
2019-3-21 13:13:37.255#mousedown#{"isTrusted":true}
2019-3-21 13:13:37.271#focus#
2019-3-21 13:13:38.173#change#{"from":{"line":3,"ch":23,"sticky":"after"},"to":{"line":3,"ch":24,"sticky":"before","xRel":-2.1000213623046875},"text":[""],"removed":["ã"],"origin":"+delete"}
2019-3-21 13:13:38.173#keyHandled#"Backspace"
2019-3-21 13:13:38.364#change#{"from":{"line":3,"ch":23,"sticky":null},"to":{"line":3,"ch":23,"sticky":null},"text":["a"],"removed":[""],"origin":"+input"}
2019-3-21 13:13:38.173#change#{"from":{"line":3,"ch":23,"sticky":"after"},"to":{"line":3,"ch":24,"sticky":"before","xRel":-2.1000213623046875},"text":[""],"removed":["ã"],"origin":"+delete"}
2019-3-21 13:13:38.173#keyHandled#"Backspace"
2019-3-21 13:13:38.364#change#{"from":{"line":3,"ch":23,"sticky":null},"to":{"line":3,"ch":23,"sticky":null},"text":["a"],"removed":[""],"origin":"+input"}
2019-3-21 13:13:40.927#blur#
2019-3-21 13:13:40.927#blur#
2019-3-21 13:13:50.335#saida_testar#$ python3 main.py
O VASCO E CAPEAO
2019-3-21 13:13:50.335#saida_testar#$ python3 main.py
O VASCO E CAPEAO
2019-3-21 13:13:51.806#submit#Your code did not produce the correct output. Please, correct your code and try again.
2019-3-21 13:14:39.219#mousedown#{"isTrusted":true}
2019-3-21 13:14:39.232#focus#
2019-3-21 13:14:41.662#change#{"from":{"line":3,"ch":8,"sticky":"after","xRel":0.83331298828125},"to":{"line":3,"ch":8,"sticky":"after","xRel":0.83331298828125},"text":["i"],"removed":[""],"origin":"+input"}
2019-3-21 13:14:42.213#change#{"from":{"line":3,"ch":9,"sticky":null},"to":{"line":3,"ch":9,"sticky":null},"text":["n"],"removed":[""],"origin":"+input"}
2019-3-21 13:14:42.878#change#{"from":{"line":3,"ch":10,"sticky":null},"to":{"line":3,"ch":10,"sticky":null},"text":["p"],"removed":[""],"origin":"+input"}
2019-3-21 13:14:43.256#change#{"from":{"line":3,"ch":11,"sticky":null},"to":{"line":3,"ch":11,"sticky":null},"text":["u"],"removed":[""],"origin":"+input"}
2019-3-21 13:14:43.571#change#{"from":{"line":3,"ch":12,"sticky":null},"to":{"line":3,"ch":12,"sticky":null},"text":["t"],"removed":[""],"origin":"+input"}
2019-3-21 13:14:45.232#change#{"from":{"line":3,"ch":13,"sticky":null},"to":{"line":3,"ch":13,"sticky":null},"text":["()"],"removed":[""],"origin":"+input"}
2019-3-21 13:14:45.232#keyHandled#"'('"
2019-3-21 13:14:47.756#keyHandled#"Right"
2019-3-21 13:14:48.143#change#{"from":{"line":3,"ch":14,"sticky":"after"},"to":{"line":3,"ch":15,"sticky":"before"},"text":[""],"removed":[")"],"origin":"+delete"}
2019-3-21 13:14:48.143#keyHandled#"Backspace"
2019-3-21 13:14:49.458#mousedown#{"isTrusted":true}
2019-3-21 13:14:57.245#change#{"from":{"line":3,"ch":32,"sticky":"before","xRel":-2.5666351318359375},"to":{"line":3,"ch":32,"sticky":"before","xRel":-2.5666351318359375},"text":[")"],"removed":[""],"origin":"+input"}
2019-3-21 13:14:59.041#blur#
2019-3-21 13:14:59.041#blur#
2019-3-21 13:14:59.041#blur#
2019-3-21 13:15:11.911#submit#Congratulations, your code is correct!
2019-3-21 13:15:14.853#mousedown#{"isTrusted":true}
2019-3-21 13:15:14.864#focus#
2019-3-21 13:15:15.954#mousedown#{"isTrusted":true}
2019-3-21 13:15:20.074#blur#
2019-3-21 13:15:36.150#mousedown#{"isTrusted":true}
2019-3-21 13:15:36.168#focus#
2019-3-21 13:15:36.730#mousedown#{"isTrusted":true}
2019-3-21 13:15:39.434#change#{"from":{"line":3,"ch":30,"sticky":"after"},"to":{"line":3,"ch":31,"sticky":"before","xRel":-2.6333465576171875},"text":[""],"removed":["o"],"origin":"+delete"}
2019-3-21 13:15:39.434#keyHandled#"Backspace"
2019-3-21 13:15:39.794#change#{"from":{"line":3,"ch":28,"sticky":"after"},"to":{"line":3,"ch":29,"sticky":null},"text":[""],"removed":["e"],"origin":"+delete"}
2019-3-21 13:15:39.794#keyHandled#"Backspace"
2019-3-21 13:15:39.937#change#{"from":{"line":3,"ch":27,"sticky":"after"},"to":{"line":3,"ch":28,"sticky":null},"text":[""],"removed":["p"],"origin":"+delete"}
2019-3-21 13:15:39.937#keyHandled#"Backspace"
2019-3-21 13:15:40.438#change#{"from":{"line":3,"ch":26,"sticky":"after"},"to":{"line":3,"ch":27,"sticky":null},"text":[""],"removed":["a"],"origin":"+delete"}
2019-3-21 13:15:40.438#keyHandled#"Backspace"
2019-3-21 13:15:40.602#change#{"from":{"line":3,"ch":25,"sticky":"after"},"to":{"line":3,"ch":26,"sticky":null},"text":[""],"removed":["c"],"origin":"+delete"}
2019-3-21 13:15:40.602#keyHandled#"Backspace"
2019-3-21 13:15:40.960#change#{"from":{"line":3,"ch":24,"sticky":"after"},"to":{"line":3,"ch":25,"sticky":null},"text":[""],"removed":[" "],"origin":"+delete"}
2019-3-21 13:15:40.960#keyHandled#"Backspace"
2019-3-21 13:15:41.154#change#{"from":{"line":3,"ch":23,"sticky":"after"},"to":{"line":3,"ch":24,"sticky":null},"text":[""],"removed":["e"],"origin":"+delete"}
2019-3-21 13:15:41.154#keyHandled#"Backspace"
2019-3-21 13:15:41.336#change#{"from":{"line":3,"ch":22,"sticky":"after"},"to":{"line":3,"ch":23,"sticky":null},"text":[""],"removed":[" "],"origin":"+delete"}
2019-3-21 13:15:41.336#keyHandled#"Backspace"
2019-3-21 13:15:41.532#change#{"from":{"line":3,"ch":21,"sticky":"after"},"to":{"line":3,"ch":22,"sticky":null},"text":[""],"removed":["o"],"origin":"+delete"}
2019-3-21 13:15:41.532#keyHandled#"Backspace"
2019-3-21 13:15:41.702#change#{"from":{"line":3,"ch":20,"sticky":"after"},"to":{"line":3,"ch":21,"sticky":null},"text":[""],"removed":["c"],"origin":"+delete"}
2019-3-21 13:15:41.702#keyHandled#"Backspace"
2019-3-21 13:15:41.864#change#{"from":{"line":3,"ch":19,"sticky":"after"},"to":{"line":3,"ch":20,"sticky":null},"text":[""],"removed":["s"],"origin":"+delete"}
2019-3-21 13:15:41.864#keyHandled#"Backspace"
2019-3-21 13:15:42.060#change#{"from":{"line":3,"ch":18,"sticky":"after"},"to":{"line":3,"ch":19,"sticky":null},"text":[""],"removed":["a"],"origin":"+delete"}
2019-3-21 13:15:42.060#keyHandled#"Backspace"
2019-3-21 13:15:42.235#change#{"from":{"line":3,"ch":17,"sticky":"after"},"to":{"line":3,"ch":18,"sticky":null},"text":[""],"removed":["v"],"origin":"+delete"}
2019-3-21 13:15:42.235#keyHandled#"Backspace"
2019-3-21 13:15:42.413#change#{"from":{"line":3,"ch":16,"sticky":"after"},"to":{"line":3,"ch":17,"sticky":null},"text":[""],"removed":[" "],"origin":"+delete"}
2019-3-21 13:15:42.413#keyHandled#"Backspace"
2019-3-21 13:15:42.826#change#{"from":{"line":3,"ch":15,"sticky":"after"},"to":{"line":3,"ch":16,"sticky":null},"text":[""],"removed":["o"],"origin":"+delete"}
2019-3-21 13:15:42.826#keyHandled#"Backspace"
2019-3-21 13:15:44.005#change#{"from":{"line":3,"ch":15,"sticky":null},"to":{"line":3,"ch":15,"sticky":null},"text":["c"],"removed":[""],"origin":"+input"}
2019-3-21 13:15:44.239#change#{"from":{"line":3,"ch":16,"sticky":null},"to":{"line":3,"ch":16,"sticky":null},"text":["a"],"removed":[""],"origin":"+input"}
2019-3-21 13:15:44.754#change#{"from":{"line":3,"ch":17,"sticky":null},"to":{"line":3,"ch":17,"sticky":null},"text":["p"],"removed":[""],"origin":"+input"}
2019-3-21 13:15:44.889#change#{"from":{"line":3,"ch":18,"sticky":null},"to":{"line":3,"ch":18,"sticky":null},"text":["e"],"removed":[""],"origin":"+input"}
2019-3-21 13:15:45.136#change#{"from":{"line":3,"ch":19,"sticky":null},"to":{"line":3,"ch":19,"sticky":null},"text":["a"],"removed":[""],"origin":"+input"}
2019-3-21 13:15:46.114#change#{"from":{"line":3,"ch":20,"sticky":null},"to":{"line":3,"ch":20,"sticky":null},"text":["o"],"removed":[""],"origin":"+input"}
2019-3-21 13:15:46.387#change#{"from":{"line":3,"ch":21,"sticky":null},"to":{"line":3,"ch":21,"sticky":null},"text":[" "],"removed":[""],"origin":"+input"}
2019-3-21 13:15:46.785#change#{"from":{"line":3,"ch":22,"sticky":null},"to":{"line":3,"ch":22,"sticky":null},"text":["d"],"removed":[""],"origin":"+input"}
2019-3-21 13:15:46.967#change#{"from":{"line":3,"ch":23,"sticky":null},"to":{"line":3,"ch":23,"sticky":null},"text":["a"],"removed":[""],"origin":"+input"}
2019-3-21 13:15:47.119#change#{"from":{"line":3,"ch":24,"sticky":null},"to":{"line":3,"ch":24,"sticky":null},"text":[" "],"removed":[""],"origin":"+input"}
2019-3-21 13:15:48.144#change#{"from":{"line":3,"ch":25,"sticky":null},"to":{"line":3,"ch":25,"sticky":null},"text":["c"],"removed":[""],"origin":"+input"}
2019-3-21 13:15:48.337#change#{"from":{"line":3,"ch":26,"sticky":null},"to":{"line":3,"ch":26,"sticky":null},"text":["o"],"removed":[""],"origin":"+input"}
2019-3-21 13:15:48.686#change#{"from":{"line":3,"ch":27,"sticky":null},"to":{"line":3,"ch":27,"sticky":null},"text":["p"],"removed":[""],"origin":"+input"}
2019-3-21 13:15:48.945#change#{"from":{"line":3,"ch":28,"sticky":null},"to":{"line":3,"ch":28,"sticky":null},"text":["a"],"removed":[""],"origin":"+input"}
2019-3-21 13:15:49.787#change#{"from":{"line":3,"ch":29,"sticky":null},"to":{"line":3,"ch":29,"sticky":null},"text":[" "],"removed":[""],"origin":"+input"}
2019-3-21 13:15:50.483#change#{"from":{"line":3,"ch":30,"sticky":null},"to":{"line":3,"ch":30,"sticky":null},"text":["d"],"removed":[""],"origin":"+input"}
2019-3-21 13:15:50.659#change#{"from":{"line":3,"ch":31,"sticky":null},"to":{"line":3,"ch":31,"sticky":null},"text":["e"],"removed":[""],"origin":"+input"}
2019-3-21 13:15:50.823#change#{"from":{"line":3,"ch":32,"sticky":null},"to":{"line":3,"ch":32,"sticky":null},"text":[" "],"removed":[""],"origin":"+input"}
2019-3-21 13:15:51.269#change#{"from":{"line":3,"ch":33,"sticky":null},"to":{"line":3,"ch":33,"sticky":null},"text":["2"],"removed":[""],"origin":"+input"}
2019-3-21 13:15:51.655#change#{"from":{"line":3,"ch":34,"sticky":null},"to":{"line":3,"ch":34,"sticky":null},"text":["0"],"removed":[""],"origin":"+input"}
2019-3-21 13:15:51.859#change#{"from":{"line":3,"ch":35,"sticky":null},"to":{"line":3,"ch":35,"sticky":null},"text":["1"],"removed":[""],"origin":"+input"}
2019-3-21 13:15:52.081#change#{"from":{"line":3,"ch":36,"sticky":null},"to":{"line":3,"ch":36,"sticky":null},"text":["8"],"removed":[""],"origin":"+input"}
2019-3-21 13:15:53.683#change#{"from":{"line":3,"ch":37,"sticky":null},"to":{"line":3,"ch":37,"sticky":null},"text":[":"],"removed":[""],"origin":"+input"}
2019-3-21 13:15:55.548#blur#
2019-3-21 13:15:55.548#blur#
2019-3-21 13:15:58.268#saida_testar#$ python3 main.py
2019-3-21 13:15:58.268#saida_testar#$ python3 main.py
2019-3-21 13:16:08.430#saida_testar#$ python3 main.py
2019-3-30 23:21:36.357#viewportChange#0
2019-3-30 23:21:36.357#viewportChange#0
2019-3-30 23:21:39.876#saida_testar#$ python3 main.py
