== TEST (2019-05-27 18:50:50) 
-- CODE:
# Não se esqueça de incluir o módulo numpy
# Use o navegador Chrome, para copiar/colar a entrada de exemplo 
from numpy import*

vetor=array(eval(input("digite um vetor: ")))
print(size(vet))
print(max(vet))
print(min(vet))
print(sum(vet))

-- ERROR:
Traceback (most recent call last):
  File "XXXX", line 3, in <module>
    from numpy import*
ModuleNotFoundError: No module named 'numpy'
*-*-*-*-*-*-*-*-*-*-*-*-*-*-*-*-*-*-*-*-*-*-*-*
== TEST (2019-05-27 18:51:02) 
-- CODE:
# Não se esqueça de incluir o módulo numpy
# Use o navegador Chrome, para copiar/colar a entrada de exemplo 
from numpy import*

vetor=array(eval(input("digite um vetor: ")))
print(size(vet))
print(max(vet))
print(min(vet))
print(sum(vet))

-- ERROR:
Traceback (most recent call last):
  File "XXXX", line 3, in <module>
    from numpy import*
ModuleNotFoundError: No module named 'numpy'
*-*-*-*-*-*-*-*-*-*-*-*-*-*-*-*-*-*-*-*-*-*-*-*
== TEST (2019-05-27 18:52:30) 
-- CODE:
# Não se esqueça de incluir o módulo numpy
# Use o navegador Chrome, para copiar/colar a entrada de exemplo 
from numpy import*

vetor=array(eval(input("digite um vetor: ")))
print(size(vetor))
print(max(vet))
print(min(vet))
print(sum(vet))

-- ERROR:
Traceback (most recent call last):
  File "XXXX", line 3, in <module>
    from numpy import*
ModuleNotFoundError: No module named 'numpy'
*-*-*-*-*-*-*-*-*-*-*-*-*-*-*-*-*-*-*-*-*-*-*-*
== TEST (2019-05-27 18:54:02) 
-- CODE:
# Não se esqueça de incluir o módulo numpy
# Use o navegador Chrome, para copiar/colar a entrada de exemplo 
from numpy import*

vetor=array(eval(input("digite um vetor: ")))
print(size(vetor))
print(vetor[0])
print(vetor)
print(sum(vet))

-- ERROR:
Traceback (most recent call last):
  File "XXXX", line 3, in <module>
    from numpy import*
ModuleNotFoundError: No module named 'numpy'
*-*-*-*-*-*-*-*-*-*-*-*-*-*-*-*-*-*-*-*-*-*-*-*
== SUBMITION (2019-05-27 18:56:35) 
-- CODE:
# Não se esqueça de incluir o módulo numpy
# Use o navegador Chrome, para copiar/colar a entrada de exemplo 
from numpy import*

vetor=array(eval(input("digite um vetor: ")))
print(size(vetor))
print(vetor[0])
print(size(vetor))
print(max(vetor))
print(min(vetor))
print(sum(vetor))

-- EXECUTION TIME:
0.0325539
-- ERROR:
Error response from daemon: Container e86b7484d2f11e711ff1c5382a570e3eb8be1de059774492e23ab1989a0f8159 is not running

*-*-*-*-*-*-*-*-*-*-*-*-*-*-*-*-*-*-*-*-*-*-*-*
== TEST (2019-05-27 18:56:37) 
-- CODE:
# Não se esqueça de incluir o módulo numpy
# Use o navegador Chrome, para copiar/colar a entrada de exemplo 
from numpy import*

vetor=array(eval(input("digite um vetor: ")))
print(size(vetor))
print(vetor[0])
print(size(vetor))
print(max(vetor))
print(min(vetor))
print(sum(vetor))

-- ERROR:
Traceback (most recent call last):
  File "XXXX", line 3, in <module>
    from numpy import*
ModuleNotFoundError: No module named 'numpy'
*-*-*-*-*-*-*-*-*-*-*-*-*-*-*-*-*-*-*-*-*-*-*-*
== TEST (2019-05-27 18:56:40) 
-- CODE:
# Não se esqueça de incluir o módulo numpy
# Use o navegador Chrome, para copiar/colar a entrada de exemplo 
from numpy import*

vetor=array(eval(input("digite um vetor: ")))
print(size(vetor))
print(vetor[0])
print(size(vetor))
print(max(vetor))
print(min(vetor))
print(sum(vetor))

-- ERROR:
Traceback (most recent call last):
  File "XXXX", line 3, in <module>
    from numpy import*
ModuleNotFoundError: No module named 'numpy'
*-*-*-*-*-*-*-*-*-*-*-*-*-*-*-*-*-*-*-*-*-*-*-*
== TEST (2019-05-27 18:56:47) 
-- CODE:
# Não se esqueça de incluir o módulo numpy
# Use o navegador Chrome, para copiar/colar a entrada de exemplo 
from numpy import*

vetor=array(eval(input("digite um vetor: ")))
print(size(vetor))
print(vetor[0])
print(size(vetor))
print(max(vetor))
print(min(vetor))
print(sum(vetor))

-- ERROR:
Traceback (most recent call last):
  File "XXXX", line 3, in <module>
    from numpy import*
ModuleNotFoundError: No module named 'numpy'
*-*-*-*-*-*-*-*-*-*-*-*-*-*-*-*-*-*-*-*-*-*-*-*
== TEST (2019-05-27 18:57:23) 
-- CODE:
# Não se esqueça de incluir o módulo numpy
# Use o navegador Chrome, para copiar/colar a entrada de exemplo 
from numpy import*

vetor=array(eval(input("digite um vetor: ")))
print(size(vetor))
print(vetor[0])
print(size(vetor))
print(max(vetor))
print(min(vetor))
print(sum(vetor))

-- ERROR:
Traceback (most recent call last):
  File "XXXX", line 3, in <module>
    from numpy import*
ModuleNotFoundError: No module named 'numpy'
*-*-*-*-*-*-*-*-*-*-*-*-*-*-*-*-*-*-*-*-*-*-*-*
== SUBMITION (2019-05-27 18:58:43) 
-- CODE:
# Não se esqueça de incluir o módulo numpy
# Use o navegador Chrome, para copiar/colar a entrada de exemplo 
from numpy import*

vetor=array(eval(input("digite um vetor: ")))
print(size(vetor))
print(vetor[0])
print(size(vetor))
print(max(vetor))
print(min(vetor))
print(sum(vetor))

-- EXECUTION TIME:
0.030452
-- ERROR:
Error response from daemon: Container e86b7484d2f11e711ff1c5382a570e3eb8be1de059774492e23ab1989a0f8159 is not running

*-*-*-*-*-*-*-*-*-*-*-*-*-*-*-*-*-*-*-*-*-*-*-*
== TEST (2019-05-27 18:58:45) 
-- CODE:
# Não se esqueça de incluir o módulo numpy
# Use o navegador Chrome, para copiar/colar a entrada de exemplo 
from numpy import*

vetor=array(eval(input("digite um vetor: ")))
print(size(vetor))
print(vetor[0])
print(size(vetor))
print(max(vetor))
print(min(vetor))
print(sum(vetor))

-- ERROR:
Traceback (most recent call last):
  File "XXXX", line 3, in <module>
    from numpy import*
ModuleNotFoundError: No module named 'numpy'
*-*-*-*-*-*-*-*-*-*-*-*-*-*-*-*-*-*-*-*-*-*-*-*
== TEST (2019-05-27 19:02:29) 
-- CODE:
# Não se esqueça de incluir o módulo numpy
# Use o navegador Chrome, para copiar/colar a entrada de exemplo 
from numpy import*

vetor=array(eval(input("digite um vetor: ")))
print(size(vetor))
print(vetor[0])
print(size(vetor))
print(max(vetor))
print(min(vetor))
print(sum(vetor))

-- ERROR:
Traceback (most recent call last):
  File "XXXX", line 3, in <module>
    from numpy import*
ModuleNotFoundError: No module named 'numpy'
*-*-*-*-*-*-*-*-*-*-*-*-*-*-*-*-*-*-*-*-*-*-*-*
== SUBMITION (2019-05-27 19:03:01) 
-- CODE:
# Não se esqueça de incluir o módulo numpy
# Use o navegador Chrome, para copiar/colar a entrada de exemplo 
from numpy import*

vetor=array(eval(input("digite um vetor: ")))
print(size(vetor))
print(vetor[0])
tam=size(vetor)
print(size(vetor))

print(max(vetor))
print(min(vetor))
print(sum(vetor))

-- EXECUTION TIME:
0.0300992
-- ERROR:
Error response from daemon: Container e86b7484d2f11e711ff1c5382a570e3eb8be1de059774492e23ab1989a0f8159 is not running

*-*-*-*-*-*-*-*-*-*-*-*-*-*-*-*-*-*-*-*-*-*-*-*
== TEST (2019-05-27 19:03:03) 
-- CODE:
# Não se esqueça de incluir o módulo numpy
# Use o navegador Chrome, para copiar/colar a entrada de exemplo 
from numpy import*

vetor=array(eval(input("digite um vetor: ")))
print(size(vetor))
print(vetor[0])
tam=size(vetor)
print(size(vetor))

print(max(vetor))
print(min(vetor))
print(sum(vetor))

-- ERROR:
Traceback (most recent call last):
  File "XXXX", line 3, in <module>
    from numpy import*
ModuleNotFoundError: No module named 'numpy'
*-*-*-*-*-*-*-*-*-*-*-*-*-*-*-*-*-*-*-*-*-*-*-*
== TEST (2019-05-27 19:23:05) 
-- CODE:
# Não se esqueça de incluir o módulo numpy
# Use o navegador Chrome, para copiar/colar a entrada de exemplo 
from numpy import*

vetor=array(eval(input("digite um vetor: ")))
print(size(vetor))
print(vetor[0])
tam=size(vetor)
print(size(vetor))

print(max(vetor))
print(min(vetor))
print(sum(vetor))

-- ERROR:
Traceback (most recent call last):
  File "XXXX", line 3, in <module>
    from numpy import*
ModuleNotFoundError: No module named 'numpy'
*-*-*-*-*-*-*-*-*-*-*-*-*-*-*-*-*-*-*-*-*-*-*-*
== TEST (2019-05-27 19:23:25) 
-- CODE:
# Não se esqueça de incluir o módulo numpy
# Use o navegador Chrome, para copiar/colar a entrada de exemplo 
from numpy import*

vetor=array(eval(input("digite um vetor: ")))
print(size(vetor))
print(vetor[0])
tam=size(vetor)
print(size(tam))

print(max(vetor))
print(min(vetor))
print(sum(vetor))

-- ERROR:
Traceback (most recent call last):
  File "XXXX", line 3, in <module>
    from numpy import*
ModuleNotFoundError: No module named 'numpy'
*-*-*-*-*-*-*-*-*-*-*-*-*-*-*-*-*-*-*-*-*-*-*-*
