2019-4-29 10:24:40.322#viewportChange#0
2019-4-29 10:24:59.654#mousedown#{"isTrusted":true}
2019-4-29 10:24:59.656#focus#
2019-4-29 10:25:00.966#change#{"from":{"line":0,"ch":7,"sticky":"after","xRel":1.40625},"to":{"line":0,"ch":7,"sticky":"after","xRel":1.40625},"text":["Universidade Federal do Amazonas"],"removed":[""],"origin":"paste"}
2019-4-29 10:25:01.420#change#{"from":{"line":0,"ch":38,"sticky":"after"},"to":{"line":0,"ch":39,"sticky":null},"text":[""],"removed":["s"],"origin":"+delete"}
2019-4-29 10:25:01.420#keyHandled#"Backspace"
2019-4-29 10:25:01.587#change#{"from":{"line":0,"ch":37,"sticky":"after"},"to":{"line":0,"ch":38,"sticky":null},"text":[""],"removed":["a"],"origin":"+delete"}
2019-4-29 10:25:01.587#keyHandled#"Backspace"
2019-4-29 10:25:01.748#change#{"from":{"line":0,"ch":36,"sticky":"after"},"to":{"line":0,"ch":37,"sticky":null},"text":[""],"removed":["n"],"origin":"+delete"}
2019-4-29 10:25:01.748#keyHandled#"Backspace"
2019-4-29 10:25:01.420#change#{"from":{"line":0,"ch":38,"sticky":"after"},"to":{"line":0,"ch":39,"sticky":null},"text":[""],"removed":["s"],"origin":"+delete"}
2019-4-29 10:25:01.420#keyHandled#"Backspace"
2019-4-29 10:25:01.587#change#{"from":{"line":0,"ch":37,"sticky":"after"},"to":{"line":0,"ch":38,"sticky":null},"text":[""],"removed":["a"],"origin":"+delete"}
2019-4-29 10:25:01.587#keyHandled#"Backspace"
2019-4-29 10:25:01.748#change#{"from":{"line":0,"ch":36,"sticky":"after"},"to":{"line":0,"ch":37,"sticky":null},"text":[""],"removed":["n"],"origin":"+delete"}
2019-4-29 10:25:01.748#keyHandled#"Backspace"
2019-4-29 10:25:04.469#blur#
2019-4-29 10:25:04.724#saida_testar#$ python3 main.py
Universidade Federal do Amazo
2019-4-29 10:25:07.582#mousedown#{"isTrusted":true}
2019-4-29 10:25:07.623#focus#
2019-4-29 10:25:07.582#mousedown#{"isTrusted":true}
2019-4-29 10:25:07.623#focus#
2019-4-29 10:25:11.720#submit#Your code did not produce the correct output. Please, correct your code and try again.
2019-4-29 10:25:15.914#mousedown#{"isTrusted":true}
2019-4-29 10:25:17.765#change#{"from":{"line":0,"ch":36,"sticky":"after","xRel":1.40625},"to":{"line":0,"ch":36,"sticky":"after","xRel":1.40625},"text":["n"],"removed":[""],"origin":"+input"}
2019-4-29 10:25:17.849#change#{"from":{"line":0,"ch":37,"sticky":null},"to":{"line":0,"ch":37,"sticky":null},"text":["a"],"removed":[""],"origin":"+input"}
2019-4-29 10:25:17.947#change#{"from":{"line":0,"ch":38,"sticky":null},"to":{"line":0,"ch":38,"sticky":null},"text":["s"],"removed":[""],"origin":"+input"}
2019-4-29 10:25:20.231#submit#Congratulations, your code is correct!
2019-4-29 10:25:28.283#blur#
2019-4-29 10:27:43.126#mousedown#{"isTrusted":true}
2019-4-29 10:27:43.169#focus#
2019-4-29 10:27:44.881#keyHandled#"End"
2019-4-29 10:27:45.161#change#{"from":{"line":0,"ch":40,"sticky":"after"},"to":{"line":0,"ch":41,"sticky":"before"},"text":[""],"removed":[")"],"origin":"+delete"}
2019-4-29 10:27:45.161#keyHandled#"Backspace"
2019-4-29 10:27:45.161#change#{"from":{"line":0,"ch":40,"sticky":"after"},"to":{"line":0,"ch":41,"sticky":"before"},"text":[""],"removed":[")"],"origin":"+delete"}
2019-4-29 10:27:45.161#keyHandled#"Backspace"
2019-4-29 10:27:47.443#blur#
2019-4-29 10:27:47.618#dica_bullet#SyntaxError: unexpected EOF while parsing
2019-4-29 10:27:48.332#saida_testar#$ python3 main.py
File "main.py", line 2
SyntaxError: unexpected EOF while parsing
2019-4-29 10:27:50.397#dica_open#SyntaxError: unexpected EOF while parsing
2019-4-29 10:28:06.831#mousedown#{"isTrusted":true}
2019-4-29 10:28:06.832#focus#
2019-4-29 10:28:06.965#dica_close#
2019-4-29 10:37:59.037#blur#
2019-4-29 10:38:22.391#focus#
2019-4-29 10:38:24.726#blur#
2019-4-29 11:04:01.406#focus#
2019-4-29 11:04:03.525#blur#
2019-4-29 11:04:07.747#focus#
2019-4-29 11:04:09.257#blur#
2019-4-29 11:12:47.484#focus#
