2019-4-2 18:05:09.265#viewportChange#0
2019-4-2 18:05:47.334#mousedown#{"isTrusted":true}
2019-4-2 18:05:47.339#focus#
2019-4-2 18:05:48.694#change#{"from":{"line":0,"ch":0,"sticky":"after","xRel":4.8125},"to":{"line":0,"ch":0,"sticky":"after","xRel":4.8125},"text":["()"],"removed":[""],"origin":"+input"}
2019-4-2 18:05:48.694#keyHandled#"'('"
2019-4-2 18:05:49.458#change#{"from":{"line":0,"ch":1,"sticky":"after"},"to":{"line":0,"ch":1,"sticky":"after"},"text":["p"],"removed":[""],"origin":"+input"}
2019-4-2 18:05:50.012#change#{"from":{"line":0,"ch":2,"sticky":null},"to":{"line":0,"ch":2,"sticky":null},"text":["r"],"removed":[""],"origin":"+input"}
2019-4-2 18:05:50.177#change#{"from":{"line":0,"ch":3,"sticky":null},"to":{"line":0,"ch":3,"sticky":null},"text":["i"],"removed":[""],"origin":"+input"}
2019-4-2 18:05:50.376#change#{"from":{"line":0,"ch":4,"sticky":null},"to":{"line":0,"ch":4,"sticky":null},"text":["n"],"removed":[""],"origin":"+input"}
2019-4-2 18:05:50.659#change#{"from":{"line":0,"ch":5,"sticky":null},"to":{"line":0,"ch":5,"sticky":null},"text":["t"],"removed":[""],"origin":"+input"}
2019-4-2 18:05:52.746#change#{"from":{"line":0,"ch":6,"sticky":null},"to":{"line":0,"ch":6,"sticky":null},"text":["",""],"removed":[""],"origin":"+input"}
2019-4-2 18:05:52.746#keyHandled#"Enter"
2019-4-2 18:05:52.748#viewportChange#0
2019-4-2 18:05:53.304#change#{"from":{"line":1,"ch":0,"sticky":null},"to":{"line":1,"ch":0,"sticky":null},"text":["0"],"removed":[""],"origin":"+input"}
2019-4-2 18:05:54.118#change#{"from":{"line":1,"ch":0,"sticky":"after"},"to":{"line":1,"ch":1,"sticky":null},"text":[""],"removed":["0"],"origin":"+delete"}
2019-4-2 18:05:54.118#keyHandled#"Backspace"
2019-4-2 18:05:54.512#change#{"from":{"line":0,"ch":6,"sticky":"before"},"to":{"line":1,"ch":0,"sticky":null},"text":[""],"removed":["",""],"origin":"+delete"}
2019-4-2 18:05:54.512#keyHandled#"Backspace"
2019-4-2 18:05:54.517#viewportChange#0
2019-4-2 18:05:56.507#keyHandled#"Right"
2019-4-2 18:06:07.333#change#{"from":{"line":0,"ch":2,"sticky":"after"},"to":{"line":0,"ch":3,"sticky":null},"text":[""],"removed":["f"],"origin":"+delete"}
2019-4-2 18:06:07.333#keyHandled#"Backspace"
2019-4-2 18:06:07.585#change#{"from":{"line":0,"ch":2,"sticky":null},"to":{"line":0,"ch":2,"sticky":null},"text":["d"],"removed":[""],"origin":"+input"}
2019-4-2 18:06:08.144#change#{"from":{"line":0,"ch":3,"sticky":null},"to":{"line":0,"ch":3,"sticky":null},"text":["_"],"removed":[""],"origin":"+input"}
2019-4-2 18:06:09.692#change#{"from":{"line":0,"ch":4,"sticky":null},"to":{"line":0,"ch":4,"sticky":null},"text":["d"],"removed":[""],"origin":"+input"}
2019-4-2 18:06:09.793#change#{"from":{"line":0,"ch":5,"sticky":null},"to":{"line":0,"ch":5,"sticky":null},"text":["e"],"removed":[""],"origin":"+input"}
2019-4-2 18:06:28.184#change#{"from":{"line":0,"ch":5,"sticky":null},"to":{"line":0,"ch":5,"sticky":null},"text":["_"],"removed":[""],"origin":"+input"}
2019-4-2 18:06:28.720#change#{"from":{"line":0,"ch":6,"sticky":null},"to":{"line":0,"ch":6,"sticky":null},"text":["d"],"removed":[""],"origin":"+input"}
2019-4-2 18:06:29.183#change#{"from":{"line":0,"ch":7,"sticky":null},"to":{"line":0,"ch":7,"sticky":null},"text":["a"],"removed":[""],"origin":"+input"}
2019-4-2 18:06:30.008#change#{"from":{"line":0,"ch":8,"sticky":null},"to":{"line":0,"ch":8,"sticky":null},"text":["_"],"removed":[""],"origin":"+input"}
2019-4-2 18:06:30.529#change#{"from":{"line":0,"ch":9,"sticky":null},"to":{"line":0,"ch":9,"sticky":null},"text":["b"],"removed":[""],"origin":"+input"}
2019-4-2 18:06:30.679#change#{"from":{"line":0,"ch":10,"sticky":null},"to":{"line":0,"ch":10,"sticky":null},"text":["e"],"removed":[""],"origin":"+input"}
2019-4-2 18:06:30.752#change#{"from":{"line":0,"ch":11,"sticky":null},"to":{"line":0,"ch":11,"sticky":null},"text":["b"],"removed":[""],"origin":"+input"}
2019-4-2 18:06:31.025#change#{"from":{"line":0,"ch":12,"sticky":null},"to":{"line":0,"ch":12,"sticky":null},"text":["i"],"removed":[""],"origin":"+input"}
2019-4-2 18:06:31.216#change#{"from":{"line":0,"ch":13,"sticky":null},"to":{"line":0,"ch":13,"sticky":null},"text":["d"],"removed":[""],"origin":"+input"}
2019-4-2 18:06:31.360#change#{"from":{"line":0,"ch":14,"sticky":null},"to":{"line":0,"ch":14,"sticky":null},"text":["a"],"removed":[""],"origin":"+input"}
2019-4-2 18:06:34.314#change#{"from":{"line":0,"ch":15,"sticky":null},"to":{"line":0,"ch":15,"sticky":null},"text":["="],"removed":[""],"origin":"+input"}
2019-4-2 18:06:36.032#change#{"from":{"line":0,"ch":16,"sticky":null},"to":{"line":0,"ch":16,"sticky":null},"text":[" "],"removed":[""],"origin":"+input"}
2019-4-2 18:06:36.798#change#{"from":{"line":0,"ch":16,"sticky":"after"},"to":{"line":0,"ch":17,"sticky":null},"text":[""],"removed":[" "],"origin":"+delete"}
2019-4-2 18:06:36.798#keyHandled#"Backspace"
2019-4-2 18:06:37.936#change#{"from":{"line":0,"ch":16,"sticky":null},"to":{"line":0,"ch":16,"sticky":null},"text":["p"],"removed":[""],"origin":"+input"}
2019-4-2 18:06:38.074#change#{"from":{"line":0,"ch":17,"sticky":null},"to":{"line":0,"ch":17,"sticky":null},"text":["r"],"removed":[""],"origin":"+input"}
2019-4-2 18:06:38.263#change#{"from":{"line":0,"ch":18,"sticky":null},"to":{"line":0,"ch":18,"sticky":null},"text":["i"],"removed":[""],"origin":"+input"}
2019-4-2 18:06:38.511#change#{"from":{"line":0,"ch":19,"sticky":null},"to":{"line":0,"ch":19,"sticky":null},"text":["n"],"removed":[""],"origin":"+input"}
2019-4-2 18:06:38.664#change#{"from":{"line":0,"ch":20,"sticky":null},"to":{"line":0,"ch":20,"sticky":null},"text":["t"],"removed":[""],"origin":"+input"}
2019-4-2 18:06:40.389#keyHandled#"Left"
2019-4-2 18:06:40.550#keyHandled#"Left"
2019-4-2 18:06:40.689#keyHandled#"Left"
2019-4-2 18:06:40.829#keyHandled#"Left"
2019-4-2 18:06:41.261#keyHandled#"Left"
2019-4-2 18:06:42.080#change#{"from":{"line":0,"ch":16,"sticky":"after"},"to":{"line":0,"ch":16,"sticky":"after"},"text":["("],"removed":[""],"origin":"+input"}
2019-4-2 18:06:42.629#keyHandled#"Right"
2019-4-2 18:06:42.806#keyHandled#"Right"
2019-4-2 18:06:42.933#keyHandled#"Right"
2019-4-2 18:06:43.072#keyHandled#"Right"
2019-4-2 18:06:43.255#keyHandled#"Right"
2019-4-2 18:06:44.329#change#{"from":{"line":0,"ch":22,"sticky":"before"},"to":{"line":0,"ch":22,"sticky":"before"},"text":[")"],"removed":[""],"origin":"+input"}
2019-4-2 18:06:46.630#change#{"from":{"line":0,"ch":22,"sticky":"after"},"to":{"line":0,"ch":23,"sticky":null},"text":[""],"removed":[")"],"origin":"+delete"}
2019-4-2 18:06:46.630#keyHandled#"Backspace"
2019-4-2 18:09:59.462#change#{"from":{"line":0,"ch":5,"sticky":null},"to":{"line":0,"ch":5,"sticky":null},"text":["="],"removed":[""],"origin":"+input"}
2019-4-2 18:10:00.767#change#{"from":{"line":0,"ch":6,"sticky":null},"to":{"line":0,"ch":6,"sticky":null},"text":["r"],"removed":[""],"origin":"+input"}
2019-4-2 18:10:00.828#change#{"from":{"line":0,"ch":7,"sticky":null},"to":{"line":0,"ch":7,"sticky":null},"text":["o"],"removed":[""],"origin":"+input"}
2019-4-2 18:10:01.006#change#{"from":{"line":0,"ch":8,"sticky":null},"to":{"line":0,"ch":8,"sticky":null},"text":["u"],"removed":[""],"origin":"+input"}
2019-4-2 18:10:01.190#change#{"from":{"line":0,"ch":9,"sticky":null},"to":{"line":0,"ch":9,"sticky":null},"text":["n"],"removed":[""],"origin":"+input"}
2019-4-2 18:10:01.342#change#{"from":{"line":0,"ch":10,"sticky":null},"to":{"line":0,"ch":10,"sticky":null},"text":["d"],"removed":[""],"origin":"+input"}
2019-4-2 18:10:02.423#change#{"from":{"line":0,"ch":11,"sticky":null},"to":{"line":0,"ch":11,"sticky":null},"text":["()"],"removed":[""],"origin":"+input"}
2019-4-2 18:10:02.423#keyHandled#"'('"
2019-4-2 18:10:04.406#change#{"from":{"line":0,"ch":12,"sticky":"after"},"to":{"line":0,"ch":12,"sticky":"after"},"text":["3"],"removed":[""],"origin":"+input"}
2019-4-2 18:10:05.799#change#{"from":{"line":0,"ch":13,"sticky":null},"to":{"line":0,"ch":13,"sticky":null},"text":["*"],"removed":[""],"origin":"+input"}
2019-4-2 18:10:06.359#change#{"from":{"line":0,"ch":14,"sticky":null},"to":{"line":0,"ch":14,"sticky":null},"text":["3"],"removed":[""],"origin":"+input"}
2019-4-2 18:10:07.175#change#{"from":{"line":0,"ch":15,"sticky":null},"to":{"line":0,"ch":15,"sticky":null},"text":[","],"removed":[""],"origin":"+input"}
2019-4-2 18:10:07.676#change#{"from":{"line":0,"ch":15,"sticky":"after"},"to":{"line":0,"ch":16,"sticky":null},"text":[""],"removed":[","],"origin":"+delete"}
2019-4-2 18:10:07.676#keyHandled#"Backspace"
2019-4-2 18:10:07.950#change#{"from":{"line":0,"ch":15,"sticky":null},"to":{"line":0,"ch":15,"sticky":null},"text":["."],"removed":[""],"origin":"+input"}
2019-4-2 18:10:08.368#change#{"from":{"line":0,"ch":16,"sticky":null},"to":{"line":0,"ch":16,"sticky":null},"text":["5"],"removed":[""],"origin":"+input"}
2019-4-2 18:10:08.632#change#{"from":{"line":0,"ch":17,"sticky":null},"to":{"line":0,"ch":17,"sticky":null},"text":["0"],"removed":[""],"origin":"+input"}
2019-4-2 18:10:10.023#change#{"from":{"line":0,"ch":18,"sticky":null},"to":{"line":0,"ch":18,"sticky":null},"text":["*"],"removed":[""],"origin":"+input"}
2019-4-2 18:10:10.630#change#{"from":{"line":0,"ch":19,"sticky":null},"to":{"line":0,"ch":19,"sticky":null},"text":["1"],"removed":[""],"origin":"+input"}
2019-4-2 18:10:11.039#change#{"from":{"line":0,"ch":20,"sticky":null},"to":{"line":0,"ch":20,"sticky":null},"text":["."],"removed":[""],"origin":"+input"}
2019-4-2 18:10:11.422#change#{"from":{"line":0,"ch":21,"sticky":null},"to":{"line":0,"ch":21,"sticky":null},"text":["5"],"removed":[""],"origin":"+input"}
2019-4-2 18:10:11.678#change#{"from":{"line":0,"ch":22,"sticky":null},"to":{"line":0,"ch":22,"sticky":null},"text":["0"],"removed":[""],"origin":"+input"}
2019-4-2 18:10:15.692#mousedown#{"isTrusted":true}
2019-4-2 18:10:16.519#change#{"from":{"line":0,"ch":24,"sticky":"before","xRel":7.59375},"to":{"line":0,"ch":24,"sticky":"before","xRel":7.59375},"text":["",""],"removed":[""],"origin":"+input"}
2019-4-2 18:10:16.519#keyHandled#"Enter"
2019-4-2 18:10:16.525#viewportChange#0
2019-4-2 18:10:17.598#change#{"from":{"line":1,"ch":0,"sticky":null},"to":{"line":1,"ch":0,"sticky":null},"text":["t"],"removed":[""],"origin":"+input"}
2019-4-2 18:10:17.934#change#{"from":{"line":1,"ch":1,"sticky":null},"to":{"line":1,"ch":1,"sticky":null},"text":["o"],"removed":[""],"origin":"+input"}
2019-4-2 18:10:18.252#change#{"from":{"line":1,"ch":1,"sticky":"after"},"to":{"line":1,"ch":2,"sticky":null},"text":[""],"removed":["o"],"origin":"+delete"}
2019-4-2 18:10:18.252#keyHandled#"Backspace"
2019-4-2 18:10:18.396#change#{"from":{"line":1,"ch":0,"sticky":"after"},"to":{"line":1,"ch":1,"sticky":null},"text":[""],"removed":["t"],"origin":"+delete"}
2019-4-2 18:10:18.396#keyHandled#"Backspace"
2019-4-2 18:10:19.030#change#{"from":{"line":1,"ch":0,"sticky":null},"to":{"line":1,"ch":0,"sticky":null},"text":["t"],"removed":[""],"origin":"+input"}
2019-4-2 18:10:19.254#change#{"from":{"line":1,"ch":1,"sticky":null},"to":{"line":1,"ch":1,"sticky":null},"text":["o"],"removed":[""],"origin":"+input"}
2019-4-2 18:10:19.446#change#{"from":{"line":1,"ch":2,"sticky":null},"to":{"line":1,"ch":2,"sticky":null},"text":["a"],"removed":[""],"origin":"+input"}
2019-4-2 18:10:19.639#change#{"from":{"line":1,"ch":3,"sticky":null},"to":{"line":1,"ch":3,"sticky":null},"text":["l"],"removed":[""],"origin":"+input"}
2019-4-2 18:10:20.196#change#{"from":{"line":1,"ch":3,"sticky":"after"},"to":{"line":1,"ch":4,"sticky":null},"text":[""],"removed":["l"],"origin":"+delete"}
2019-4-2 18:10:20.196#keyHandled#"Backspace"
2019-4-2 18:10:20.364#change#{"from":{"line":1,"ch":2,"sticky":"after"},"to":{"line":1,"ch":3,"sticky":null},"text":[""],"removed":["a"],"origin":"+delete"}
2019-4-2 18:10:20.364#keyHandled#"Backspace"
2019-4-2 18:10:21.022#change#{"from":{"line":1,"ch":2,"sticky":null},"to":{"line":1,"ch":2,"sticky":null},"text":["t"],"removed":[""],"origin":"+input"}
2019-4-2 18:10:21.390#change#{"from":{"line":1,"ch":3,"sticky":null},"to":{"line":1,"ch":3,"sticky":null},"text":["a"],"removed":[""],"origin":"+input"}
2019-4-2 18:10:22.006#change#{"from":{"line":1,"ch":4,"sticky":null},"to":{"line":1,"ch":4,"sticky":null},"text":["l"],"removed":[""],"origin":"+input"}
2019-4-2 18:10:22.958#change#{"from":{"line":1,"ch":5,"sticky":null},"to":{"line":1,"ch":5,"sticky":null},"text":["+"],"removed":[""],"origin":"+input"}
2019-4-2 18:10:23.804#change#{"from":{"line":1,"ch":5,"sticky":"after"},"to":{"line":1,"ch":6,"sticky":null},"text":[""],"removed":["+"],"origin":"+delete"}
2019-4-2 18:10:23.804#keyHandled#"Backspace"
2019-4-2 18:10:24.014#change#{"from":{"line":1,"ch":5,"sticky":null},"to":{"line":1,"ch":5,"sticky":null},"text":["="],"removed":[""],"origin":"+input"}
2019-4-2 18:10:25.709#blur#
2019-4-2 18:10:29.482#saida_testar#$ python3 main.py
File "main.py", line 2
total=
SyntaxError: invalid syntax
2019-4-2 18:10:33.525#mousedown#{"isTrusted":true}
2019-4-2 18:10:33.587#focus#
2019-4-2 18:10:34.611#mousedown#{"isTrusted":true}
2019-4-2 18:10:35.524#mousedown#{"isTrusted":true}
2019-4-2 18:10:37.675#mousedown#{"isTrusted":true}
2019-4-2 18:10:39.567#change#{"from":{"line":0,"ch":5,"sticky":"before","xRel":-1.1875},"to":{"line":0,"ch":5,"sticky":"before","xRel":-1.1875},"text":[")"],"removed":[""],"origin":"+input"}
2019-4-2 18:10:40.620#keyHandled#"Left"
2019-4-2 18:10:40.803#keyHandled#"Left"
2019-4-2 18:10:40.935#keyHandled#"Left"
2019-4-2 18:10:41.051#keyHandled#"Left"
2019-4-2 18:10:41.179#keyHandled#"Left"
2019-4-2 18:10:41.323#keyHandled#"Left"
2019-4-2 18:10:42.750#change#{"from":{"line":0,"ch":0,"sticky":"after"},"to":{"line":0,"ch":0,"sticky":"after"},"text":["("],"removed":[""],"origin":"+input"}
2019-4-2 18:10:58.593#blur#
2019-4-2 18:10:58.593#blur#
2019-4-2 18:11:01.511#saida_testar#$ python3 main.py
File "main.py", line 2
total=
SyntaxError: invalid syntax
2019-4-2 18:11:22.884#mousedown#{"isTrusted":true}
2019-4-2 18:11:22.933#focus#
2019-4-2 18:11:26.951#change#{"from":{"line":1,"ch":6,"sticky":"before","xRel":7.25},"to":{"line":1,"ch":6,"sticky":"before","xRel":7.25},"text":["r"],"removed":[""],"origin":"+input"}
2019-4-2 18:11:27.198#change#{"from":{"line":1,"ch":7,"sticky":null},"to":{"line":1,"ch":7,"sticky":null},"text":["o"],"removed":[""],"origin":"+input"}
2019-4-2 18:11:27.381#change#{"from":{"line":1,"ch":8,"sticky":null},"to":{"line":1,"ch":8,"sticky":null},"text":["u"],"removed":[""],"origin":"+input"}
2019-4-2 18:11:27.614#change#{"from":{"line":1,"ch":9,"sticky":null},"to":{"line":1,"ch":9,"sticky":null},"text":["n"],"removed":[""],"origin":"+input"}
2019-4-2 18:11:27.692#change#{"from":{"line":1,"ch":10,"sticky":null},"to":{"line":1,"ch":10,"sticky":null},"text":["f"],"removed":[""],"origin":"+input"}
2019-4-2 18:11:28.291#change#{"from":{"line":1,"ch":10,"sticky":"after"},"to":{"line":1,"ch":11,"sticky":null},"text":[""],"removed":["f"],"origin":"+delete"}
2019-4-2 18:11:28.291#keyHandled#"Backspace"
2019-4-2 18:11:28.447#change#{"from":{"line":1,"ch":10,"sticky":null},"to":{"line":1,"ch":10,"sticky":null},"text":["f"],"removed":[""],"origin":"+input"}
2019-4-2 18:11:29.491#change#{"from":{"line":1,"ch":10,"sticky":"after"},"to":{"line":1,"ch":11,"sticky":null},"text":[""],"removed":["f"],"origin":"+delete"}
2019-4-2 18:11:29.491#keyHandled#"Backspace"
2019-4-2 18:11:29.597#change#{"from":{"line":1,"ch":10,"sticky":null},"to":{"line":1,"ch":10,"sticky":null},"text":["d"],"removed":[""],"origin":"+input"}
2019-4-2 18:11:32.544#blur#
2019-4-2 18:11:32.544#blur#
2019-4-2 18:11:35.553#saida_testar#$ python3 main.py
2019-4-2 18:11:35.553#saida_testar#$ python3 main.py
2019-4-2 18:11:37.085#submit#Your code did not produce the correct output. Please, correct your code and try again.
2019-4-2 18:11:44.367#mousedown#{"isTrusted":true}
2019-4-2 18:11:44.376#focus#
2019-4-2 18:11:47.334#mousedown#{"isTrusted":true}
2019-4-2 18:11:48.683#change#{"from":{"line":0,"ch":5,"sticky":"after"},"to":{"line":0,"ch":6,"sticky":"after","xRel":2.25},"text":[""],"removed":["t"],"origin":"+delete"}
2019-4-2 18:11:48.683#keyHandled#"Backspace"
2019-4-2 18:11:48.843#change#{"from":{"line":0,"ch":4,"sticky":"after"},"to":{"line":0,"ch":5,"sticky":null},"text":[""],"removed":["n"],"origin":"+delete"}
2019-4-2 18:11:48.843#keyHandled#"Backspace"
2019-4-2 18:11:48.979#change#{"from":{"line":0,"ch":3,"sticky":"after"},"to":{"line":0,"ch":4,"sticky":null},"text":[""],"removed":["i"],"origin":"+delete"}
2019-4-2 18:11:48.979#keyHandled#"Backspace"
2019-4-2 18:11:49.219#change#{"from":{"line":0,"ch":2,"sticky":"after"},"to":{"line":0,"ch":3,"sticky":null},"text":[""],"removed":["r"],"origin":"+delete"}
2019-4-2 18:11:49.219#keyHandled#"Backspace"
2019-4-2 18:11:49.571#change#{"from":{"line":0,"ch":1,"sticky":"after"},"to":{"line":0,"ch":2,"sticky":null},"text":[""],"removed":["p"],"origin":"+delete"}
2019-4-2 18:11:49.571#keyHandled#"Backspace"
2019-4-2 18:11:50.046#change#{"from":{"line":0,"ch":1,"sticky":null},"to":{"line":0,"ch":1,"sticky":null},"text":["n"],"removed":[""],"origin":"+input"}
2019-4-2 18:11:50.230#change#{"from":{"line":0,"ch":2,"sticky":null},"to":{"line":0,"ch":2,"sticky":null},"text":["u"],"removed":[""],"origin":"+input"}
2019-4-2 18:11:50.421#change#{"from":{"line":0,"ch":3,"sticky":null},"to":{"line":0,"ch":3,"sticky":null},"text":["m"],"removed":[""],"origin":"+input"}
2019-4-2 18:11:52.279#blur#
2019-4-2 18:11:52.279#blur#
2019-4-2 18:11:55.379#saida_testar#$ python3 main.py
2019-4-2 18:12:14.368#mousedown#{"isTrusted":true}
2019-4-2 18:12:14.416#focus#
2019-4-2 18:12:17.203#change#{"from":{"line":0,"ch":3,"sticky":"after"},"to":{"line":0,"ch":4,"sticky":"before","xRel":-0.890625},"text":[""],"removed":["m"],"origin":"+delete"}
2019-4-2 18:12:17.203#keyHandled#"Backspace"
2019-4-2 18:12:17.355#change#{"from":{"line":0,"ch":2,"sticky":"after"},"to":{"line":0,"ch":3,"sticky":null},"text":[""],"removed":["u"],"origin":"+delete"}
2019-4-2 18:12:17.355#keyHandled#"Backspace"
2019-4-2 18:12:17.500#change#{"from":{"line":0,"ch":1,"sticky":"after"},"to":{"line":0,"ch":2,"sticky":null},"text":[""],"removed":["n"],"origin":"+delete"}
2019-4-2 18:12:17.500#keyHandled#"Backspace"
2019-4-2 18:12:18.229#change#{"from":{"line":0,"ch":1,"sticky":null},"to":{"line":0,"ch":1,"sticky":null},"text":["p"],"removed":[""],"origin":"+input"}
2019-4-2 18:12:18.397#change#{"from":{"line":0,"ch":2,"sticky":null},"to":{"line":0,"ch":2,"sticky":null},"text":["r"],"removed":[""],"origin":"+input"}
2019-4-2 18:12:18.598#change#{"from":{"line":0,"ch":3,"sticky":null},"to":{"line":0,"ch":3,"sticky":null},"text":["i"],"removed":[""],"origin":"+input"}
2019-4-2 18:12:18.797#change#{"from":{"line":0,"ch":4,"sticky":null},"to":{"line":0,"ch":4,"sticky":null},"text":["n"],"removed":[""],"origin":"+input"}
2019-4-2 18:12:18.975#change#{"from":{"line":0,"ch":5,"sticky":null},"to":{"line":0,"ch":5,"sticky":null},"text":["t"],"removed":[""],"origin":"+input"}
2019-4-2 18:12:52.043#mousedown#{"isTrusted":true}
2019-4-2 18:13:44.995#mousedown#{"isTrusted":true}
2019-4-2 18:13:46.769#change#{"from":{"line":0,"ch":8,"sticky":"before","xRel":-1.59375},"to":{"line":0,"ch":8,"sticky":"before","xRel":-1.59375},"text":["("],"removed":[""],"origin":"+input"}
2019-4-2 18:13:47.919#change#{"from":{"line":0,"ch":9,"sticky":null},"to":{"line":0,"ch":9,"sticky":null},"text":["i"],"removed":[""],"origin":"+input"}
2019-4-2 18:13:48.136#change#{"from":{"line":0,"ch":10,"sticky":null},"to":{"line":0,"ch":10,"sticky":null},"text":["n"],"removed":[""],"origin":"+input"}
2019-4-2 18:13:48.420#change#{"from":{"line":0,"ch":11,"sticky":null},"to":{"line":0,"ch":11,"sticky":null},"text":["o"],"removed":[""],"origin":"+input"}
2019-4-2 18:13:49.450#change#{"from":{"line":0,"ch":11,"sticky":"after"},"to":{"line":0,"ch":12,"sticky":null},"text":[""],"removed":["o"],"origin":"+delete"}
2019-4-2 18:13:49.450#keyHandled#"Backspace"
2019-4-2 18:13:50.389#change#{"from":{"line":0,"ch":11,"sticky":null},"to":{"line":0,"ch":11,"sticky":null},"text":["p"],"removed":[""],"origin":"+input"}
2019-4-2 18:13:50.661#change#{"from":{"line":0,"ch":12,"sticky":null},"to":{"line":0,"ch":12,"sticky":null},"text":["u"],"removed":[""],"origin":"+input"}
2019-4-2 18:13:50.941#change#{"from":{"line":0,"ch":13,"sticky":null},"to":{"line":0,"ch":13,"sticky":null},"text":["t"],"removed":[""],"origin":"+input"}
2019-4-2 18:13:51.619#change#{"from":{"line":0,"ch":13,"sticky":"after"},"to":{"line":0,"ch":14,"sticky":null},"text":[""],"removed":["t"],"origin":"+delete"}
2019-4-2 18:13:51.619#keyHandled#"Backspace"
2019-4-2 18:13:54.325#change#{"from":{"line":0,"ch":13,"sticky":null},"to":{"line":0,"ch":13,"sticky":null},"text":["t"],"removed":[""],"origin":"+input"}
2019-4-2 18:13:56.535#change#{"from":{"line":0,"ch":14,"sticky":null},"to":{"line":0,"ch":14,"sticky":null},"text":[")"],"removed":[""],"origin":"+input"}
2019-4-2 18:13:56.988#change#{"from":{"line":0,"ch":15,"sticky":null},"to":{"line":0,"ch":15,"sticky":null},"text":["("],"removed":[""],"origin":"+input"}
2019-4-2 18:14:01.544#blur#
2019-4-2 18:14:01.544#blur#
2019-4-2 18:14:03.738#mousedown#{"isTrusted":true}
2019-4-2 18:14:03.786#focus#
2019-4-2 18:14:03.805#saida_testar#$ python3 main.py
File "main.py", line 2
total=round
SyntaxError: invalid syntax
2019-4-2 18:14:05.506#change#{"from":{"line":0,"ch":20,"sticky":"after"},"to":{"line":0,"ch":21,"sticky":"after","xRel":3.859375},"text":[""],"removed":["d"],"origin":"+delete"}
2019-4-2 18:14:05.506#keyHandled#"Backspace"
2019-4-2 18:14:05.701#change#{"from":{"line":0,"ch":19,"sticky":"after"},"to":{"line":0,"ch":20,"sticky":null},"text":[""],"removed":["n"],"origin":"+delete"}
2019-4-2 18:14:05.701#keyHandled#"Backspace"
2019-4-2 18:14:05.850#change#{"from":{"line":0,"ch":18,"sticky":"after"},"to":{"line":0,"ch":19,"sticky":null},"text":[""],"removed":["u"],"origin":"+delete"}
2019-4-2 18:14:05.850#keyHandled#"Backspace"
2019-4-2 18:14:05.994#change#{"from":{"line":0,"ch":17,"sticky":"after"},"to":{"line":0,"ch":18,"sticky":null},"text":[""],"removed":["o"],"origin":"+delete"}
2019-4-2 18:14:05.994#keyHandled#"Backspace"
2019-4-2 18:14:06.165#change#{"from":{"line":0,"ch":16,"sticky":"after"},"to":{"line":0,"ch":17,"sticky":null},"text":[""],"removed":["r"],"origin":"+delete"}
2019-4-2 18:14:06.165#keyHandled#"Backspace"
2019-4-2 18:14:06.306#change#{"from":{"line":0,"ch":15,"sticky":"after"},"to":{"line":0,"ch":16,"sticky":null},"text":[""],"removed":["("],"origin":"+delete"}
2019-4-2 18:14:06.306#keyHandled#"Backspace"
2019-4-2 18:14:07.458#change#{"from":{"line":0,"ch":14,"sticky":"after"},"to":{"line":0,"ch":15,"sticky":null},"text":[""],"removed":[")"],"origin":"+delete"}
2019-4-2 18:14:07.458#keyHandled#"Backspace"
2019-4-2 18:14:09.509#change#{"from":{"line":0,"ch":14,"sticky":null},"to":{"line":0,"ch":14,"sticky":null},"text":["("],"removed":[""],"origin":"+input"}
2019-4-2 18:14:11.132#change#{"from":{"line":0,"ch":14,"sticky":"after"},"to":{"line":0,"ch":15,"sticky":null},"text":[""],"removed":["("],"origin":"+delete"}
2019-4-2 18:14:11.132#keyHandled#"Backspace"
2019-4-2 18:14:12.242#keyHandled#"Right"
2019-4-2 18:14:12.418#keyHandled#"Right"
2019-4-2 18:14:12.706#keyHandled#"Right"
2019-4-2 18:14:12.858#keyHandled#"Right"
2019-4-2 18:14:13.026#keyHandled#"Right"
2019-4-2 18:14:13.210#keyHandled#"Right"
2019-4-2 18:14:13.386#keyHandled#"Right"
2019-4-2 18:14:13.581#keyHandled#"Right"
2019-4-2 18:14:13.754#keyHandled#"Right"
2019-4-2 18:14:13.954#keyHandled#"Right"
2019-4-2 18:14:14.148#keyHandled#"Right"
2019-4-2 18:14:14.394#keyHandled#"Right"
2019-4-2 18:14:14.690#keyHandled#"Right"
2019-4-2 18:14:15.445#change#{"from":{"line":0,"ch":27,"sticky":"before"},"to":{"line":0,"ch":27,"sticky":"before"},"text":[":"],"removed":[""],"origin":"+input"}
2019-4-2 18:14:16.036#change#{"from":{"line":0,"ch":28,"sticky":null},"to":{"line":0,"ch":28,"sticky":null},"text":[")"],"removed":[""],"origin":"+input"}
2019-4-2 18:14:16.866#change#{"from":{"line":0,"ch":28,"sticky":"after"},"to":{"line":0,"ch":29,"sticky":null},"text":[""],"removed":[")"],"origin":"+delete"}
2019-4-2 18:14:16.866#keyHandled#"Backspace"
2019-4-2 18:14:17.026#change#{"from":{"line":0,"ch":27,"sticky":"after"},"to":{"line":0,"ch":28,"sticky":null},"text":[""],"removed":[":"],"origin":"+delete"}
2019-4-2 18:14:17.027#keyHandled#"Backspace"
2019-4-2 18:14:18.021#change#{"from":{"line":0,"ch":27,"sticky":null},"to":{"line":0,"ch":27,"sticky":null},"text":[")"],"removed":[""],"origin":"+input"}
2019-4-2 18:14:19.654#blur#
2019-4-2 18:14:19.654#blur#
2019-4-2 18:14:21.350#saida_testar#$ python3 main.py
2019-4-2 18:14:36.011#mousedown#{"isTrusted":true}
2019-4-2 18:14:36.064#focus#
2019-4-2 18:14:54.674#change#{"from":{"line":1,"ch":10,"sticky":"after"},"to":{"line":1,"ch":11,"sticky":"before","xRel":5.109375},"text":[""],"removed":["d"],"origin":"+delete"}
2019-4-2 18:14:54.674#keyHandled#"Backspace"
2019-4-2 18:14:54.842#change#{"from":{"line":1,"ch":9,"sticky":"after"},"to":{"line":1,"ch":10,"sticky":null},"text":[""],"removed":["n"],"origin":"+delete"}
2019-4-2 18:14:54.842#keyHandled#"Backspace"
2019-4-2 18:14:54.985#change#{"from":{"line":1,"ch":8,"sticky":"after"},"to":{"line":1,"ch":9,"sticky":null},"text":[""],"removed":["u"],"origin":"+delete"}
2019-4-2 18:14:54.986#keyHandled#"Backspace"
2019-4-2 18:14:55.131#change#{"from":{"line":1,"ch":7,"sticky":"after"},"to":{"line":1,"ch":8,"sticky":null},"text":[""],"removed":["o"],"origin":"+delete"}
2019-4-2 18:14:55.131#keyHandled#"Backspace"
2019-4-2 18:14:55.533#change#{"from":{"line":1,"ch":6,"sticky":"after"},"to":{"line":1,"ch":7,"sticky":null},"text":[""],"removed":["r"],"origin":"+delete"}
2019-4-2 18:14:55.533#keyHandled#"Backspace"
2019-4-2 18:15:03.660#change#{"from":{"line":1,"ch":6,"sticky":null},"to":{"line":1,"ch":6,"sticky":null},"text":["8"],"removed":[""],"origin":"+input"}
2019-4-2 18:15:06.832#blur#
2019-4-2 18:15:06.832#blur#
2019-4-2 18:15:09.743#saida_testar#$ python3 main.py
2019-4-2 18:15:25.099#mousedown#{"isTrusted":true}
2019-4-2 18:15:25.149#focus#
2019-4-2 18:15:28.972#change#{"from":{"line":1,"ch":5,"sticky":"before","xRel":-1.1875},"to":{"line":1,"ch":5,"sticky":"before","xRel":-1.1875},"text":["("],"removed":[""],"origin":"+input"}
2019-4-2 18:15:29.724#change#{"from":{"line":1,"ch":6,"sticky":null},"to":{"line":1,"ch":6,"sticky":null},"text":["r"],"removed":[""],"origin":"+input"}
2019-4-2 18:15:30.044#change#{"from":{"line":1,"ch":7,"sticky":null},"to":{"line":1,"ch":7,"sticky":null},"text":["o"],"removed":[""],"origin":"+input"}
2019-4-2 18:15:30.468#change#{"from":{"line":1,"ch":8,"sticky":null},"to":{"line":1,"ch":8,"sticky":null},"text":["u"],"removed":[""],"origin":"+input"}
2019-4-2 18:15:31.139#change#{"from":{"line":1,"ch":9,"sticky":null},"to":{"line":1,"ch":9,"sticky":null},"text":["n"],"removed":[""],"origin":"+input"}
2019-4-2 18:15:31.444#change#{"from":{"line":1,"ch":10,"sticky":null},"to":{"line":1,"ch":10,"sticky":null},"text":["d"],"removed":[""],"origin":"+input"}
2019-4-2 18:15:32.572#change#{"from":{"line":1,"ch":11,"sticky":null},"to":{"line":1,"ch":11,"sticky":null},"text":[")"],"removed":[""],"origin":"+input"}
2019-4-2 18:15:34.422#blur#
2019-4-2 18:15:34.422#blur#
2019-4-2 18:15:37.370#saida_testar#$ python3 main.py
File "main.py", line 2
total(round)=8
SyntaxError: can't assign to function call
2019-4-2 18:15:41.554#mousedown#{"isTrusted":true}
2019-4-2 18:15:41.605#focus#
2019-4-2 18:15:43.708#change#{"from":{"line":1,"ch":14,"sticky":"before","xRel":2.84375},"to":{"line":1,"ch":14,"sticky":"before","xRel":2.84375},"text":["."],"removed":[""],"origin":"+input"}
2019-4-2 18:15:44.716#change#{"from":{"line":1,"ch":15,"sticky":null},"to":{"line":1,"ch":15,"sticky":null},"text":["0"],"removed":[""],"origin":"+input"}
2019-4-2 18:15:44.983#change#{"from":{"line":1,"ch":16,"sticky":null},"to":{"line":1,"ch":16,"sticky":null},"text":["0"],"removed":[""],"origin":"+input"}
2019-4-2 18:20:18.738#blur#
2019-4-2 18:20:20.956#focus#
2019-4-2 18:20:21.978#change#{"from":{"line":0,"ch":1,"sticky":null},"to":{"line":0,"ch":1,"sticky":null},"text":["o"],"removed":[""],"origin":"+input"}
2019-4-2 18:20:22.178#change#{"from":{"line":0,"ch":2,"sticky":null},"to":{"line":0,"ch":2,"sticky":null},"text":["m"],"removed":[""],"origin":"+input"}
2019-4-2 18:20:22.330#change#{"from":{"line":0,"ch":3,"sticky":null},"to":{"line":0,"ch":3,"sticky":null},"text":["a"],"removed":[""],"origin":"+input"}
2019-4-2 18:20:22.953#change#{"from":{"line":0,"ch":4,"sticky":null},"to":{"line":0,"ch":4,"sticky":null},"text":["_"],"removed":[""],"origin":"+input"}
2019-4-2 18:20:23.613#change#{"from":{"line":0,"ch":5,"sticky":null},"to":{"line":0,"ch":5,"sticky":null},"text":["d"],"removed":[""],"origin":"+input"}
2019-4-2 18:20:23.707#change#{"from":{"line":0,"ch":6,"sticky":null},"to":{"line":0,"ch":6,"sticky":null},"text":["o"],"removed":[""],"origin":"+input"}
2019-4-2 18:20:24.770#change#{"from":{"line":0,"ch":7,"sticky":null},"to":{"line":0,"ch":7,"sticky":null},"text":["_"],"removed":[""],"origin":"+input"}
2019-4-2 18:20:25.145#change#{"from":{"line":0,"ch":8,"sticky":null},"to":{"line":0,"ch":8,"sticky":null},"text":["l"],"removed":[""],"origin":"+input"}
2019-4-2 18:20:25.417#change#{"from":{"line":0,"ch":9,"sticky":null},"to":{"line":0,"ch":9,"sticky":null},"text":["a"],"removed":[""],"origin":"+input"}
2019-4-2 18:20:25.561#change#{"from":{"line":0,"ch":10,"sticky":null},"to":{"line":0,"ch":10,"sticky":null},"text":["n"],"removed":[""],"origin":"+input"}
2019-4-2 18:20:25.658#change#{"from":{"line":0,"ch":11,"sticky":null},"to":{"line":0,"ch":11,"sticky":null},"text":["c"],"removed":[""],"origin":"+input"}
2019-4-2 18:20:25.778#change#{"from":{"line":0,"ch":12,"sticky":null},"to":{"line":0,"ch":12,"sticky":null},"text":["h"],"removed":[""],"origin":"+input"}
2019-4-2 18:20:25.898#change#{"from":{"line":0,"ch":13,"sticky":null},"to":{"line":0,"ch":13,"sticky":null},"text":["e"],"removed":[""],"origin":"+input"}
2019-4-2 18:20:27.858#blur#
2019-4-2 18:20:30.516#focus#
2019-4-2 18:20:31.787#change#{"from":{"line":0,"ch":14,"sticky":null},"to":{"line":0,"ch":14,"sticky":null},"text":[" "],"removed":[""],"origin":"+input"}
2019-4-2 18:20:32.041#change#{"from":{"line":0,"ch":15,"sticky":null},"to":{"line":0,"ch":15,"sticky":null},"text":["="],"removed":[""],"origin":"+input"}
2019-4-2 18:20:32.630#change#{"from":{"line":0,"ch":16,"sticky":null},"to":{"line":0,"ch":16,"sticky":null},"text":[" "],"removed":[""],"origin":"+input"}
2019-4-2 18:20:32.770#change#{"from":{"line":0,"ch":17,"sticky":null},"to":{"line":0,"ch":17,"sticky":null},"text":["s"],"removed":[""],"origin":"+input"}
2019-4-2 18:20:32.866#change#{"from":{"line":0,"ch":18,"sticky":null},"to":{"line":0,"ch":18,"sticky":null},"text":["u"],"removed":[""],"origin":"+input"}
2019-4-2 18:20:33.401#change#{"from":{"line":0,"ch":19,"sticky":null},"to":{"line":0,"ch":19,"sticky":null},"text":["m"],"removed":[""],"origin":"+input"}
2019-4-2 18:20:39.523#change#{"from":{"line":0,"ch":20,"sticky":null},"to":{"line":0,"ch":20,"sticky":null},"text":[" "],"removed":[""],"origin":"+input"}
2019-4-2 18:20:46.938#blur#
2019-4-2 18:20:52.136#focus#
2019-4-2 18:20:54.935#change#{"from":{"line":0,"ch":21,"sticky":null},"to":{"line":0,"ch":21,"sticky":null},"text":["()"],"removed":[""],"origin":"+input"}
2019-4-2 18:20:54.935#keyHandled#"'('"
2019-4-2 18:20:55.537#change#{"from":{"line":0,"ch":22,"sticky":"after"},"to":{"line":0,"ch":22,"sticky":"after"},"text":["e"],"removed":[""],"origin":"+input"}
2019-4-2 18:20:55.729#change#{"from":{"line":0,"ch":23,"sticky":null},"to":{"line":0,"ch":23,"sticky":null},"text":["s"],"removed":[""],"origin":"+input"}
2019-4-2 18:20:55.953#change#{"from":{"line":0,"ch":24,"sticky":null},"to":{"line":0,"ch":24,"sticky":null},"text":["f"],"removed":[""],"origin":"+input"}
2019-4-2 18:20:56.097#change#{"from":{"line":0,"ch":25,"sticky":null},"to":{"line":0,"ch":25,"sticky":null},"text":["i"],"removed":[""],"origin":"+input"}
2019-4-2 18:20:56.194#change#{"from":{"line":0,"ch":26,"sticky":null},"to":{"line":0,"ch":26,"sticky":null},"text":["r"],"removed":[""],"origin":"+input"}
2019-4-2 18:20:56.329#change#{"from":{"line":0,"ch":27,"sticky":null},"to":{"line":0,"ch":27,"sticky":null},"text":["r"],"removed":[""],"origin":"+input"}
2019-4-2 18:20:57.401#change#{"from":{"line":0,"ch":29,"sticky":null},"to":{"line":0,"ch":29,"sticky":null},"text":["s"],"removed":[""],"origin":"+input"}
2019-4-2 18:20:58.010#keyHandled#"')'"
2019-4-2 18:20:58.682#change#{"from":{"line":0,"ch":31,"sticky":"before"},"to":{"line":0,"ch":31,"sticky":"before"},"text":["",""],"removed":[""],"origin":"+input"}
2019-4-2 18:20:58.683#keyHandled#"Enter"
2019-4-2 18:20:58.689#viewportChange#0
2019-4-2 18:21:00.179#blur#
2019-4-2 18:21:05.345#focus#
2019-4-2 18:21:06.248#change#{"from":{"line":1,"ch":0,"sticky":null},"to":{"line":1,"ch":0,"sticky":null},"text":["p"],"removed":[""],"origin":"+input"}
2019-4-2 18:21:06.457#change#{"from":{"line":1,"ch":1,"sticky":null},"to":{"line":1,"ch":1,"sticky":null},"text":["r"],"removed":[""],"origin":"+input"}
2019-4-2 18:21:06.630#change#{"from":{"line":1,"ch":2,"sticky":null},"to":{"line":1,"ch":2,"sticky":null},"text":["i"],"removed":[""],"origin":"+input"}
2019-4-2 18:21:06.817#change#{"from":{"line":1,"ch":3,"sticky":null},"to":{"line":1,"ch":3,"sticky":null},"text":["n"],"removed":[""],"origin":"+input"}
2019-4-2 18:21:07.521#change#{"from":{"line":1,"ch":4,"sticky":null},"to":{"line":1,"ch":4,"sticky":null},"text":["t"],"removed":[""],"origin":"+input"}
2019-4-2 18:21:08.762#blur#
2019-4-2 18:21:12.328#focus#
2019-4-2 18:21:14.341#change#{"from":{"line":1,"ch":5,"sticky":null},"to":{"line":1,"ch":5,"sticky":null},"text":["()"],"removed":[""],"origin":"+input"}
2019-4-2 18:21:14.342#keyHandled#"'('"
2019-4-2 18:21:15.081#change#{"from":{"line":1,"ch":6,"sticky":"after"},"to":{"line":1,"ch":6,"sticky":"after"},"text":["s"],"removed":[""],"origin":"+input"}
2019-4-2 18:21:15.194#change#{"from":{"line":1,"ch":7,"sticky":null},"to":{"line":1,"ch":7,"sticky":null},"text":["o"],"removed":[""],"origin":"+input"}
2019-4-2 18:21:15.396#change#{"from":{"line":1,"ch":8,"sticky":null},"to":{"line":1,"ch":8,"sticky":null},"text":["m"],"removed":[""],"origin":"+input"}
2019-4-2 18:21:15.497#change#{"from":{"line":1,"ch":9,"sticky":null},"to":{"line":1,"ch":9,"sticky":null},"text":["a"],"removed":[""],"origin":"+input"}
2019-4-2 18:21:16.178#change#{"from":{"line":1,"ch":10,"sticky":null},"to":{"line":1,"ch":10,"sticky":null},"text":["_"],"removed":[""],"origin":"+input"}
2019-4-2 18:21:17.465#change#{"from":{"line":1,"ch":12,"sticky":null},"to":{"line":1,"ch":12,"sticky":null},"text":["o"],"removed":[""],"origin":"+input"}
2019-4-2 18:21:18.138#change#{"from":{"line":1,"ch":13,"sticky":null},"to":{"line":1,"ch":13,"sticky":null},"text":["-"],"removed":[""],"origin":"+input"}
2019-4-2 18:21:18.401#change#{"from":{"line":1,"ch":14,"sticky":null},"to":{"line":1,"ch":14,"sticky":null},"text":["l"],"removed":[""],"origin":"+input"}
2019-4-2 18:21:18.512#change#{"from":{"line":1,"ch":15,"sticky":null},"to":{"line":1,"ch":15,"sticky":null},"text":["a"],"removed":[""],"origin":"+input"}
2019-4-2 18:21:18.737#change#{"from":{"line":1,"ch":16,"sticky":null},"to":{"line":1,"ch":16,"sticky":null},"text":["n"],"removed":[""],"origin":"+input"}
2019-4-2 18:21:18.953#change#{"from":{"line":1,"ch":17,"sticky":null},"to":{"line":1,"ch":17,"sticky":null},"text":["c"],"removed":[""],"origin":"+input"}
2019-4-2 18:21:20.327#change#{"from":{"line":1,"ch":17,"sticky":"after"},"to":{"line":1,"ch":18,"sticky":null},"text":[""],"removed":["c"],"origin":"+delete"}
2019-4-2 18:21:20.327#keyHandled#"Backspace"
2019-4-2 18:21:20.610#change#{"from":{"line":1,"ch":16,"sticky":"after"},"to":{"line":1,"ch":17,"sticky":null},"text":[""],"removed":["n"],"origin":"+delete"}
2019-4-2 18:21:20.610#keyHandled#"Backspace"
2019-4-2 18:21:20.742#change#{"from":{"line":1,"ch":15,"sticky":"after"},"to":{"line":1,"ch":16,"sticky":null},"text":[""],"removed":["a"],"origin":"+delete"}
2019-4-2 18:21:20.742#keyHandled#"Backspace"
2019-4-2 18:21:20.878#change#{"from":{"line":1,"ch":14,"sticky":"after"},"to":{"line":1,"ch":15,"sticky":null},"text":[""],"removed":["l"],"origin":"+delete"}
2019-4-2 18:21:20.879#keyHandled#"Backspace"
2019-4-2 18:21:21.062#change#{"from":{"line":1,"ch":13,"sticky":"after"},"to":{"line":1,"ch":14,"sticky":null},"text":[""],"removed":["-"],"origin":"+delete"}
2019-4-2 18:21:21.062#keyHandled#"Backspace"
2019-4-2 18:21:21.921#change#{"from":{"line":1,"ch":13,"sticky":null},"to":{"line":1,"ch":13,"sticky":null},"text":["_"],"removed":[""],"origin":"+input"}
2019-4-2 18:21:22.473#change#{"from":{"line":1,"ch":14,"sticky":null},"to":{"line":1,"ch":14,"sticky":null},"text":["l"],"removed":[""],"origin":"+input"}
2019-4-2 18:21:22.617#change#{"from":{"line":1,"ch":15,"sticky":null},"to":{"line":1,"ch":15,"sticky":null},"text":["a"],"removed":[""],"origin":"+input"}
2019-4-2 18:21:22.832#change#{"from":{"line":1,"ch":16,"sticky":null},"to":{"line":1,"ch":16,"sticky":null},"text":["n"],"removed":[""],"origin":"+input"}
2019-4-2 18:21:22.937#change#{"from":{"line":1,"ch":17,"sticky":null},"to":{"line":1,"ch":17,"sticky":null},"text":["c"],"removed":[""],"origin":"+input"}
2019-4-2 18:21:23.056#change#{"from":{"line":1,"ch":18,"sticky":null},"to":{"line":1,"ch":18,"sticky":null},"text":["h"],"removed":[""],"origin":"+input"}
2019-4-2 18:21:23.178#change#{"from":{"line":1,"ch":19,"sticky":null},"to":{"line":1,"ch":19,"sticky":null},"text":["e"],"removed":[""],"origin":"+input"}
2019-4-2 18:21:29.497#blur#
2019-4-2 18:21:39.837#focus#
2019-4-2 18:21:41.583#mousedown#{"isTrusted":true}
2019-4-2 18:21:43.009#change#{"from":{"line":0,"ch":0,"sticky":"after","xRel":2.8125},"to":{"line":0,"ch":0,"sticky":"after","xRel":2.8125},"text":["",""],"removed":[""],"origin":"+input"}
2019-4-2 18:21:43.009#keyHandled#"Enter"
2019-4-2 18:21:43.019#viewportChange#0
2019-4-2 18:21:44.951#mousedown#{"isTrusted":true}
2019-4-2 18:21:45.820#change#{"from":{"line":0,"ch":0,"sticky":"after","xRel":16.8125},"to":{"line":0,"ch":0,"sticky":"after","xRel":16.8125},"text":["e"],"removed":[""],"origin":"+input"}
2019-4-2 18:21:46.017#change#{"from":{"line":0,"ch":1,"sticky":null},"to":{"line":0,"ch":1,"sticky":null},"text":["s"],"removed":[""],"origin":"+input"}
2019-4-2 18:21:46.305#change#{"from":{"line":0,"ch":2,"sticky":null},"to":{"line":0,"ch":2,"sticky":null},"text":["f"],"removed":[""],"origin":"+input"}
2019-4-2 18:21:46.553#change#{"from":{"line":0,"ch":3,"sticky":null},"to":{"line":0,"ch":3,"sticky":null},"text":["i"],"removed":[""],"origin":"+input"}
2019-4-2 18:21:46.705#change#{"from":{"line":0,"ch":4,"sticky":null},"to":{"line":0,"ch":4,"sticky":null},"text":["i"],"removed":[""],"origin":"+input"}
2019-4-2 18:21:47.103#change#{"from":{"line":0,"ch":4,"sticky":"after"},"to":{"line":0,"ch":5,"sticky":null},"text":[""],"removed":["i"],"origin":"+delete"}
2019-4-2 18:21:47.103#keyHandled#"Backspace"
2019-4-2 18:21:47.280#change#{"from":{"line":0,"ch":4,"sticky":null},"to":{"line":0,"ch":4,"sticky":null},"text":["r"],"removed":[""],"origin":"+input"}
2019-4-2 18:21:47.561#change#{"from":{"line":0,"ch":5,"sticky":null},"to":{"line":0,"ch":5,"sticky":null},"text":["r"],"removed":[""],"origin":"+input"}
2019-4-2 18:21:47.784#change#{"from":{"line":0,"ch":6,"sticky":null},"to":{"line":0,"ch":6,"sticky":null},"text":["a"],"removed":[""],"origin":"+input"}
2019-4-2 18:21:47.936#change#{"from":{"line":0,"ch":7,"sticky":null},"to":{"line":0,"ch":7,"sticky":null},"text":["s"],"removed":[""],"origin":"+input"}
2019-4-2 18:21:49.288#change#{"from":{"line":0,"ch":8,"sticky":null},"to":{"line":0,"ch":8,"sticky":null},"text":["()"],"removed":[""],"origin":"+input"}
2019-4-2 18:21:49.288#keyHandled#"'('"
2019-4-2 18:21:50.365#change#{"from":{"line":0,"ch":9,"sticky":"after"},"to":{"line":0,"ch":9,"sticky":"after"},"text":["1"],"removed":[""],"origin":"+input"}
2019-4-2 18:21:51.152#keyHandled#"')'"
2019-4-2 18:21:53.849#blur#
2019-4-2 18:21:55.957#focus#
2019-4-2 18:21:59.050#change#{"from":{"line":0,"ch":11,"sticky":"before"},"to":{"line":0,"ch":11,"sticky":"before"},"text":["u"],"removed":[""],"origin":"+input"}
2019-4-2 18:22:00.792#change#{"from":{"line":0,"ch":11,"sticky":"after"},"to":{"line":0,"ch":12,"sticky":null},"text":[""],"removed":["u"],"origin":"+delete"}
2019-4-2 18:22:00.792#keyHandled#"Backspace"
2019-4-2 18:22:02.219#blur#
2019-4-2 18:22:02.219#blur#
2019-4-2 18:22:05.445#saida_testar#$ python3 main.py
Traceback (most recent call last):
File "main.py", line 1, in <module>
esfirras(1)
NameError: name 'esfirras' is not defined
2019-4-2 18:22:09.592#mousedown#{"isTrusted":true}
2019-4-2 18:22:09.639#focus#
2019-4-2 18:22:14.404#change#{"from":{"line":0,"ch":10,"sticky":"before","xRel":-0.453125},"to":{"line":0,"ch":10,"sticky":"before","xRel":-0.453125},"text":["."],"removed":[""],"origin":"+input"}
2019-4-2 18:22:15.328#change#{"from":{"line":0,"ch":11,"sticky":null},"to":{"line":0,"ch":11,"sticky":null},"text":["5"],"removed":[""],"origin":"+input"}
2019-4-2 18:22:15.928#change#{"from":{"line":0,"ch":12,"sticky":null},"to":{"line":0,"ch":12,"sticky":null},"text":["0"],"removed":[""],"origin":"+input"}
2019-4-2 18:22:17.891#blur#
2019-4-2 18:22:17.891#blur#
2019-4-2 18:22:19.621#saida_testar#$ python3 main.py
Traceback (most recent call last):
File "main.py", line 1, in <module>
esfirras(1.50)
NameError: name 'esfirras' is not defined
2019-4-2 18:22:24.350#mousedown#{"isTrusted":true}
2019-4-2 18:22:24.398#focus#
2019-4-2 18:22:24.951#mousedown#{"isTrusted":true}
2019-4-2 18:23:03.759#mousedown#{"isTrusted":true}
2019-4-2 18:23:18.079#mousedown#{"isTrusted":true}
2019-4-2 18:23:18.942#mousedown#{"isTrusted":true}
2019-4-2 18:23:20.207#mousedown#{"isTrusted":true}
2019-4-2 18:23:44.198#mousedown#{"isTrusted":true}
2019-4-2 18:23:47.265#change#{"from":{"line":1,"ch":13,"sticky":"after"},"to":{"line":1,"ch":14,"sticky":"before","xRel":-0.1875},"text":[""],"removed":["e"],"origin":"+delete"}
2019-4-2 18:23:47.265#keyHandled#"Backspace"
2019-4-2 18:23:47.407#change#{"from":{"line":1,"ch":12,"sticky":"after"},"to":{"line":1,"ch":13,"sticky":null},"text":[""],"removed":["h"],"origin":"+delete"}
2019-4-2 18:23:47.407#keyHandled#"Backspace"
2019-4-2 18:23:47.549#change#{"from":{"line":1,"ch":11,"sticky":"after"},"to":{"line":1,"ch":12,"sticky":null},"text":[""],"removed":["c"],"origin":"+delete"}
2019-4-2 18:23:47.549#keyHandled#"Backspace"
2019-4-2 18:23:47.677#change#{"from":{"line":1,"ch":10,"sticky":"after"},"to":{"line":1,"ch":11,"sticky":null},"text":[""],"removed":["n"],"origin":"+delete"}
2019-4-2 18:23:47.677#keyHandled#"Backspace"
2019-4-2 18:23:47.797#change#{"from":{"line":1,"ch":9,"sticky":"after"},"to":{"line":1,"ch":10,"sticky":null},"text":[""],"removed":["a"],"origin":"+delete"}
2019-4-2 18:23:47.797#keyHandled#"Backspace"
2019-4-2 18:23:47.933#change#{"from":{"line":1,"ch":8,"sticky":"after"},"to":{"line":1,"ch":9,"sticky":null},"text":[""],"removed":["l"],"origin":"+delete"}
2019-4-2 18:23:47.933#keyHandled#"Backspace"
2019-4-2 18:23:48.069#change#{"from":{"line":1,"ch":7,"sticky":"after"},"to":{"line":1,"ch":8,"sticky":null},"text":[""],"removed":["_"],"origin":"+delete"}
2019-4-2 18:23:48.069#keyHandled#"Backspace"
2019-4-2 18:23:48.213#change#{"from":{"line":1,"ch":6,"sticky":"after"},"to":{"line":1,"ch":7,"sticky":null},"text":[""],"removed":["o"],"origin":"+delete"}
2019-4-2 18:23:48.213#keyHandled#"Backspace"
2019-4-2 18:23:48.968#change#{"from":{"line":1,"ch":6,"sticky":null},"to":{"line":1,"ch":6,"sticky":null},"text":["a"],"removed":[""],"origin":"+input"}
2019-4-2 18:23:49.464#change#{"from":{"line":1,"ch":7,"sticky":null},"to":{"line":1,"ch":7,"sticky":null},"text":["_"],"removed":[""],"origin":"+input"}
2019-4-2 18:23:49.759#change#{"from":{"line":1,"ch":8,"sticky":null},"to":{"line":1,"ch":8,"sticky":null},"text":["e"],"removed":[""],"origin":"+input"}
2019-4-2 18:23:50.343#change#{"from":{"line":1,"ch":9,"sticky":null},"to":{"line":1,"ch":9,"sticky":null},"text":["s"],"removed":[""],"origin":"+input"}
2019-4-2 18:23:50.611#change#{"from":{"line":1,"ch":10,"sticky":null},"to":{"line":1,"ch":10,"sticky":null},"text":["f"],"removed":[""],"origin":"+input"}
2019-4-2 18:23:50.826#change#{"from":{"line":1,"ch":11,"sticky":null},"to":{"line":1,"ch":11,"sticky":null},"text":["i"],"removed":[""],"origin":"+input"}
2019-4-2 18:23:50.977#change#{"from":{"line":1,"ch":12,"sticky":null},"to":{"line":1,"ch":12,"sticky":null},"text":["r"],"removed":[""],"origin":"+input"}
2019-4-2 18:23:51.104#change#{"from":{"line":1,"ch":13,"sticky":null},"to":{"line":1,"ch":13,"sticky":null},"text":["r"],"removed":[""],"origin":"+input"}
2019-4-2 18:23:51.480#change#{"from":{"line":1,"ch":14,"sticky":null},"to":{"line":1,"ch":14,"sticky":null},"text":["a"],"removed":[""],"origin":"+input"}
2019-4-2 18:23:53.525#mousedown#{"isTrusted":true}
2019-4-2 18:23:54.517#change#{"from":{"line":1,"ch":30,"sticky":"after"},"to":{"line":1,"ch":31,"sticky":"before","xRel":-2.1875},"text":[""],"removed":["s"],"origin":"+delete"}
2019-4-2 18:23:54.518#keyHandled#"Backspace"
2019-4-2 18:23:55.488#change#{"from":{"line":1,"ch":30,"sticky":null},"to":{"line":1,"ch":30,"sticky":null},"text":["a"],"removed":[""],"origin":"+input"}
2019-4-2 18:23:57.057#change#{"from":{"line":1,"ch":30,"sticky":"after"},"to":{"line":1,"ch":31,"sticky":null},"text":[""],"removed":["a"],"origin":"+delete"}
2019-4-2 18:23:57.057#keyHandled#"Backspace"
2019-4-2 18:23:57.259#change#{"from":{"line":1,"ch":30,"sticky":null},"to":{"line":1,"ch":30,"sticky":null},"text":["s"],"removed":[""],"origin":"+input"}
2019-4-2 18:24:00.240#mousedown#{"isTrusted":true}
2019-4-2 18:24:01.224#change#{"from":{"line":2,"ch":19,"sticky":"after"},"to":{"line":2,"ch":20,"sticky":"before","xRel":-3.75},"text":[""],"removed":["e"],"origin":"+delete"}
2019-4-2 18:24:01.224#keyHandled#"Backspace"
2019-4-2 18:24:01.365#change#{"from":{"line":2,"ch":18,"sticky":"after"},"to":{"line":2,"ch":19,"sticky":null},"text":[""],"removed":["h"],"origin":"+delete"}
2019-4-2 18:24:01.365#keyHandled#"Backspace"
2019-4-2 18:24:01.477#change#{"from":{"line":2,"ch":17,"sticky":"after"},"to":{"line":2,"ch":18,"sticky":null},"text":[""],"removed":["c"],"origin":"+delete"}
2019-4-2 18:24:01.477#keyHandled#"Backspace"
2019-4-2 18:24:01.613#change#{"from":{"line":2,"ch":16,"sticky":"after"},"to":{"line":2,"ch":17,"sticky":null},"text":[""],"removed":["n"],"origin":"+delete"}
2019-4-2 18:24:01.613#keyHandled#"Backspace"
2019-4-2 18:24:01.741#change#{"from":{"line":2,"ch":15,"sticky":"after"},"to":{"line":2,"ch":16,"sticky":null},"text":[""],"removed":["a"],"origin":"+delete"}
2019-4-2 18:24:01.741#keyHandled#"Backspace"
2019-4-2 18:24:01.861#change#{"from":{"line":2,"ch":14,"sticky":"after"},"to":{"line":2,"ch":15,"sticky":null},"text":[""],"removed":["l"],"origin":"+delete"}
2019-4-2 18:24:01.861#keyHandled#"Backspace"
2019-4-2 18:24:01.997#change#{"from":{"line":2,"ch":13,"sticky":"after"},"to":{"line":2,"ch":14,"sticky":null},"text":[""],"removed":["_"],"origin":"+delete"}
2019-4-2 18:24:01.997#keyHandled#"Backspace"
2019-4-2 18:24:02.133#change#{"from":{"line":2,"ch":12,"sticky":"after"},"to":{"line":2,"ch":13,"sticky":null},"text":[""],"removed":["o"],"origin":"+delete"}
2019-4-2 18:24:02.133#keyHandled#"Backspace"
2019-4-2 18:24:03.111#change#{"from":{"line":2,"ch":12,"sticky":null},"to":{"line":2,"ch":12,"sticky":null},"text":["a"],"removed":[""],"origin":"+input"}
2019-4-2 18:24:03.719#change#{"from":{"line":2,"ch":13,"sticky":null},"to":{"line":2,"ch":13,"sticky":null},"text":["_"],"removed":[""],"origin":"+input"}
2019-4-2 18:24:03.897#change#{"from":{"line":2,"ch":14,"sticky":null},"to":{"line":2,"ch":14,"sticky":null},"text":["e"],"removed":[""],"origin":"+input"}
2019-4-2 18:24:04.088#change#{"from":{"line":2,"ch":15,"sticky":null},"to":{"line":2,"ch":15,"sticky":null},"text":["s"],"removed":[""],"origin":"+input"}
2019-4-2 18:24:04.312#change#{"from":{"line":2,"ch":16,"sticky":null},"to":{"line":2,"ch":16,"sticky":null},"text":["f"],"removed":[""],"origin":"+input"}
2019-4-2 18:24:04.458#change#{"from":{"line":2,"ch":17,"sticky":null},"to":{"line":2,"ch":17,"sticky":null},"text":["i"],"removed":[""],"origin":"+input"}
2019-4-2 18:24:04.551#change#{"from":{"line":2,"ch":18,"sticky":null},"to":{"line":2,"ch":18,"sticky":null},"text":["r"],"removed":[""],"origin":"+input"}
2019-4-2 18:24:04.703#change#{"from":{"line":2,"ch":19,"sticky":null},"to":{"line":2,"ch":19,"sticky":null},"text":["r"],"removed":[""],"origin":"+input"}
2019-4-2 18:24:04.943#change#{"from":{"line":2,"ch":20,"sticky":null},"to":{"line":2,"ch":20,"sticky":null},"text":["a"],"removed":[""],"origin":"+input"}
2019-4-2 18:24:07.785#blur#
2019-4-2 18:24:07.785#blur#
2019-4-2 18:24:09.617#saida_testar#$ python3 main.py
Traceback (most recent call last):
File "main.py", line 1, in <module>
esfirras(1.50)
NameError: name 'esfirras' is not defined
2019-4-2 18:24:13.214#mousedown#{"isTrusted":true}
2019-4-2 18:24:13.267#focus#
2019-4-2 18:24:15.009#change#{"from":{"line":0,"ch":13,"sticky":"after","xRel":1.265625},"to":{"line":0,"ch":13,"sticky":"after","xRel":1.265625},"text":["*"],"removed":[""],"origin":"+input"}
2019-4-2 18:24:16.473#change#{"from":{"line":0,"ch":13,"sticky":"after"},"to":{"line":0,"ch":14,"sticky":null},"text":[""],"removed":["*"],"origin":"+delete"}
2019-4-2 18:24:16.473#keyHandled#"Backspace"
2019-4-2 18:24:17.864#change#{"from":{"line":0,"ch":13,"sticky":null},"to":{"line":0,"ch":13,"sticky":null},"text":["*"],"removed":[""],"origin":"+input"}
2019-4-2 18:24:18.399#change#{"from":{"line":0,"ch":14,"sticky":null},"to":{"line":0,"ch":14,"sticky":null},"text":["2"],"removed":[""],"origin":"+input"}
2019-4-2 18:24:20.681#blur#
2019-4-2 18:24:20.681#blur#
2019-4-2 18:24:23.709#mousedown#{"isTrusted":true}
2019-4-2 18:24:23.756#focus#
2019-4-2 18:24:23.774#saida_testar#$ python3 main.py
Traceback (most recent call last):
File "main.py", line 1, in <module>
esfirras(1.50*2)
NameError: name 'esfirras' is not defined
2019-4-2 18:24:27.321#change#{"from":{"line":2,"ch":22,"sticky":"before","xRel":2.40625},"to":{"line":2,"ch":22,"sticky":"before","xRel":2.40625},"text":["="],"removed":[""],"origin":"+input"}
2019-4-2 18:24:27.936#change#{"from":{"line":2,"ch":23,"sticky":null},"to":{"line":2,"ch":23,"sticky":null},"text":["t"],"removed":[""],"origin":"+input"}
2019-4-2 18:24:28.815#change#{"from":{"line":2,"ch":24,"sticky":null},"to":{"line":2,"ch":24,"sticky":null},"text":["o"],"removed":[""],"origin":"+input"}
2019-4-2 18:24:28.977#change#{"from":{"line":2,"ch":25,"sticky":null},"to":{"line":2,"ch":25,"sticky":null},"text":["t"],"removed":[""],"origin":"+input"}
2019-4-2 18:24:29.359#change#{"from":{"line":2,"ch":26,"sticky":null},"to":{"line":2,"ch":26,"sticky":null},"text":["a"],"removed":[""],"origin":"+input"}
2019-4-2 18:24:29.563#change#{"from":{"line":2,"ch":27,"sticky":null},"to":{"line":2,"ch":27,"sticky":null},"text":["l"],"removed":[""],"origin":"+input"}
2019-4-2 18:24:33.444#blur#
2019-4-2 18:24:33.444#blur#
2019-4-2 18:24:35.486#saida_testar#$ python3 main.py
File "main.py", line 3
print(soma_da_esfirra)=total
SyntaxError: can't assign to function call
2019-4-2 18:24:37.173#mousedown#{"isTrusted":true}
2019-4-2 18:24:37.219#focus#
2019-4-2 18:24:39.485#change#{"from":{"line":2,"ch":27,"sticky":"after"},"to":{"line":2,"ch":28,"sticky":"before","xRel":5.84375},"text":[""],"removed":["l"],"origin":"+delete"}
2019-4-2 18:24:39.486#keyHandled#"Backspace"
2019-4-2 18:24:39.717#change#{"from":{"line":2,"ch":26,"sticky":"after"},"to":{"line":2,"ch":27,"sticky":null},"text":[""],"removed":["a"],"origin":"+delete"}
2019-4-2 18:24:39.717#keyHandled#"Backspace"
2019-4-2 18:24:39.917#change#{"from":{"line":2,"ch":25,"sticky":"after"},"to":{"line":2,"ch":26,"sticky":null},"text":[""],"removed":["t"],"origin":"+delete"}
2019-4-2 18:24:39.917#keyHandled#"Backspace"
2019-4-2 18:24:40.149#change#{"from":{"line":2,"ch":24,"sticky":"after"},"to":{"line":2,"ch":25,"sticky":null},"text":[""],"removed":["o"],"origin":"+delete"}
2019-4-2 18:24:40.149#keyHandled#"Backspace"
2019-4-2 18:24:40.493#change#{"from":{"line":2,"ch":23,"sticky":"after"},"to":{"line":2,"ch":24,"sticky":null},"text":[""],"removed":["t"],"origin":"+delete"}
2019-4-2 18:24:40.493#keyHandled#"Backspace"
2019-4-2 18:24:42.093#change#{"from":{"line":2,"ch":22,"sticky":"after"},"to":{"line":2,"ch":23,"sticky":null},"text":[""],"removed":["="],"origin":"+delete"}
2019-4-2 18:24:42.093#keyHandled#"Backspace"
2019-4-2 18:25:29.605#mousedown#{"isTrusted":true}
2019-4-2 18:25:37.045#change#{"from":{"line":0,"ch":14,"sticky":"after"},"to":{"line":0,"ch":15,"sticky":"before","xRel":-0.578125},"text":[""],"removed":["2"],"origin":"+delete"}
2019-4-2 18:25:37.045#keyHandled#"Backspace"
2019-4-2 18:25:37.316#change#{"from":{"line":0,"ch":13,"sticky":"after"},"to":{"line":0,"ch":14,"sticky":null},"text":[""],"removed":["*"],"origin":"+delete"}
2019-4-2 18:25:37.316#keyHandled#"Backspace"
2019-4-2 18:25:44.597#mousedown#{"isTrusted":true}
2019-4-2 18:25:46.876#mousedown#{"isTrusted":true}
2019-4-2 18:25:48.708#mousedown#{"isTrusted":true}
2019-4-2 18:25:53.556#mousedown#{"isTrusted":true}
2019-4-2 18:25:54.681#change#{"from":{"line":2,"ch":22,"sticky":"before","xRel":3.40625},"to":{"line":2,"ch":22,"sticky":"before","xRel":3.40625},"text":["",""],"removed":[""],"origin":"+input"}
2019-4-2 18:25:54.681#keyHandled#"Enter"
2019-4-2 18:25:54.688#viewportChange#0
2019-4-2 18:25:55.215#change#{"from":{"line":3,"ch":0,"sticky":null},"to":{"line":3,"ch":0,"sticky":null},"text":["t"],"removed":[""],"origin":"+input"}
2019-4-2 18:25:55.409#change#{"from":{"line":3,"ch":1,"sticky":null},"to":{"line":3,"ch":1,"sticky":null},"text":["o"],"removed":[""],"origin":"+input"}
2019-4-2 18:25:55.519#change#{"from":{"line":3,"ch":2,"sticky":null},"to":{"line":3,"ch":2,"sticky":null},"text":["t"],"removed":[""],"origin":"+input"}
2019-4-2 18:25:56.664#change#{"from":{"line":3,"ch":3,"sticky":null},"to":{"line":3,"ch":3,"sticky":null},"text":["a"],"removed":[""],"origin":"+input"}
2019-4-2 18:25:56.839#change#{"from":{"line":3,"ch":4,"sticky":null},"to":{"line":3,"ch":4,"sticky":null},"text":["l"],"removed":[""],"origin":"+input"}
2019-4-2 18:25:58.095#change#{"from":{"line":3,"ch":5,"sticky":null},"to":{"line":3,"ch":5,"sticky":null},"text":["+"],"removed":[""],"origin":"+input"}
2019-4-2 18:25:59.228#change#{"from":{"line":3,"ch":5,"sticky":"after"},"to":{"line":3,"ch":6,"sticky":null},"text":[""],"removed":["+"],"origin":"+delete"}
2019-4-2 18:25:59.228#keyHandled#"Backspace"
2019-4-2 18:25:59.460#change#{"from":{"line":3,"ch":5,"sticky":null},"to":{"line":3,"ch":5,"sticky":null},"text":["="],"removed":[""],"origin":"+input"}
2019-4-2 18:26:00.527#change#{"from":{"line":3,"ch":6,"sticky":null},"to":{"line":3,"ch":6,"sticky":null},"text":["1"],"removed":[""],"origin":"+input"}
2019-4-2 18:26:01.079#change#{"from":{"line":3,"ch":7,"sticky":null},"to":{"line":3,"ch":7,"sticky":null},"text":["."],"removed":[""],"origin":"+input"}
2019-4-2 18:26:01.535#change#{"from":{"line":3,"ch":8,"sticky":null},"to":{"line":3,"ch":8,"sticky":null},"text":["5"],"removed":[""],"origin":"+input"}
2019-4-2 18:26:01.743#change#{"from":{"line":3,"ch":9,"sticky":null},"to":{"line":3,"ch":9,"sticky":null},"text":["0"],"removed":[""],"origin":"+input"}
2019-4-2 18:26:07.177#blur#
2019-4-2 18:26:09.643#saida_testar#$ python3 main.py
Traceback (most recent call last):
File "main.py", line 1, in <module>
esfirras(1.50)
NameError: name 'esfirras' is not defined
2019-4-2 18:26:09.724#mousedown#{"isTrusted":true}
2019-4-2 18:26:09.767#focus#
2019-4-2 18:26:12.862#change#{"from":{"line":3,"ch":10,"sticky":"before","xRel":2.8125},"to":{"line":3,"ch":10,"sticky":"before","xRel":2.8125},"text":["",""],"removed":[""],"origin":"+input"}
2019-4-2 18:26:12.862#keyHandled#"Enter"
2019-4-2 18:26:12.868#viewportChange#0
2019-4-2 18:26:13.676#change#{"from":{"line":4,"ch":0,"sticky":null},"to":{"line":4,"ch":0,"sticky":null},"text":["",""],"removed":[""],"origin":"+input"}
2019-4-2 18:26:13.676#keyHandled#"Enter"
2019-4-2 18:26:13.682#viewportChange#0
2019-4-2 18:26:46.813#mousedown#{"isTrusted":true}
2019-4-2 18:26:48.020#mousedown#{"isTrusted":true}
2019-4-2 18:26:48.932#change#{"from":{"line":1,"ch":3,"sticky":"after"},"to":{"line":1,"ch":4,"sticky":"before","xRel":-2.1875},"text":[""],"removed":["a"],"origin":"+delete"}
2019-4-2 18:26:48.932#keyHandled#"Backspace"
2019-4-2 18:26:49.103#change#{"from":{"line":1,"ch":2,"sticky":"after"},"to":{"line":1,"ch":3,"sticky":null},"text":[""],"removed":["m"],"origin":"+delete"}
2019-4-2 18:26:49.103#keyHandled#"Backspace"
2019-4-2 18:26:49.263#change#{"from":{"line":1,"ch":1,"sticky":"after"},"to":{"line":1,"ch":2,"sticky":null},"text":[""],"removed":["o"],"origin":"+delete"}
2019-4-2 18:26:49.263#keyHandled#"Backspace"
2019-4-2 18:26:49.725#change#{"from":{"line":1,"ch":0,"sticky":"after"},"to":{"line":1,"ch":1,"sticky":null},"text":[""],"removed":["s"],"origin":"+delete"}
2019-4-2 18:26:49.725#keyHandled#"Backspace"
2019-4-2 18:26:49.873#change#{"from":{"line":1,"ch":0,"sticky":null},"to":{"line":1,"ch":0,"sticky":null},"text":["q"],"removed":[""],"origin":"+input"}
2019-4-2 18:26:50.679#change#{"from":{"line":1,"ch":1,"sticky":null},"to":{"line":1,"ch":1,"sticky":null},"text":["t"],"removed":[""],"origin":"+input"}
2019-4-2 18:26:51.110#change#{"from":{"line":1,"ch":2,"sticky":null},"to":{"line":1,"ch":2,"sticky":null},"text":["d"],"removed":[""],"origin":"+input"}
2019-4-2 18:26:59.476#mousedown#{"isTrusted":true}
2019-4-2 18:27:02.043#change#{"from":{"line":1,"ch":19,"sticky":"after"},"to":{"line":1,"ch":20,"sticky":"before","xRel":-1.734375},"text":[""],"removed":["m"],"origin":"+delete"}
2019-4-2 18:27:02.044#keyHandled#"Backspace"
2019-4-2 18:27:02.508#change#{"from":{"line":1,"ch":18,"sticky":"after"},"to":{"line":1,"ch":19,"sticky":null},"text":[""],"removed":["u"],"origin":"+delete"}
2019-4-2 18:27:02.508#keyHandled#"Backspace"
2019-4-2 18:27:03.908#change#{"from":{"line":1,"ch":17,"sticky":"after"},"to":{"line":1,"ch":18,"sticky":null},"text":[""],"removed":["s"],"origin":"+delete"}
2019-4-2 18:27:03.908#keyHandled#"Backspace"
2019-4-2 18:27:04.839#change#{"from":{"line":1,"ch":17,"sticky":null},"to":{"line":1,"ch":17,"sticky":null},"text":["r"],"removed":[""],"origin":"+input"}
2019-4-2 18:27:05.534#change#{"from":{"line":1,"ch":18,"sticky":null},"to":{"line":1,"ch":18,"sticky":null},"text":["p"],"removed":[""],"origin":"+input"}
2019-4-2 18:27:05.958#change#{"from":{"line":1,"ch":19,"sticky":null},"to":{"line":1,"ch":19,"sticky":null},"text":["u"],"removed":[""],"origin":"+input"}
2019-4-2 18:27:06.231#change#{"from":{"line":1,"ch":20,"sticky":null},"to":{"line":1,"ch":20,"sticky":null},"text":["n"],"removed":[""],"origin":"+input"}
2019-4-2 18:27:06.566#change#{"from":{"line":1,"ch":21,"sticky":null},"to":{"line":1,"ch":21,"sticky":null},"text":["d"],"removed":[""],"origin":"+input"}
2019-4-2 18:27:07.876#change#{"from":{"line":1,"ch":21,"sticky":"after"},"to":{"line":1,"ch":22,"sticky":null},"text":[""],"removed":["d"],"origin":"+delete"}
2019-4-2 18:27:07.876#keyHandled#"Backspace"
2019-4-2 18:27:08.028#change#{"from":{"line":1,"ch":20,"sticky":"after"},"to":{"line":1,"ch":21,"sticky":null},"text":[""],"removed":["n"],"origin":"+delete"}
2019-4-2 18:27:08.028#keyHandled#"Backspace"
2019-4-2 18:27:08.179#change#{"from":{"line":1,"ch":19,"sticky":"after"},"to":{"line":1,"ch":20,"sticky":null},"text":[""],"removed":["u"],"origin":"+delete"}
2019-4-2 18:27:08.179#keyHandled#"Backspace"
2019-4-2 18:27:08.655#change#{"from":{"line":1,"ch":18,"sticky":"after"},"to":{"line":1,"ch":19,"sticky":null},"text":[""],"removed":["p"],"origin":"+delete"}
2019-4-2 18:27:08.655#keyHandled#"Backspace"
2019-4-2 18:27:09.310#change#{"from":{"line":1,"ch":18,"sticky":null},"to":{"line":1,"ch":18,"sticky":null},"text":["o"],"removed":[""],"origin":"+input"}
2019-4-2 18:27:09.598#change#{"from":{"line":1,"ch":19,"sticky":null},"to":{"line":1,"ch":19,"sticky":null},"text":["u"],"removed":[""],"origin":"+input"}
2019-4-2 18:27:09.862#change#{"from":{"line":1,"ch":20,"sticky":null},"to":{"line":1,"ch":20,"sticky":null},"text":["n"],"removed":[""],"origin":"+input"}
2019-4-2 18:27:10.222#change#{"from":{"line":1,"ch":21,"sticky":null},"to":{"line":1,"ch":21,"sticky":null},"text":["d"],"removed":[""],"origin":"+input"}
2019-4-2 18:27:11.604#mousedown#{"isTrusted":true}
2019-4-2 18:27:12.388#mousedown#{"isTrusted":true}
2019-4-2 18:27:16.612#mousedown#{"isTrusted":true}
2019-4-2 18:27:18.644#change#{"from":{"line":2,"ch":9,"sticky":"after"},"to":{"line":2,"ch":10,"sticky":"after","xRel":1.8125},"text":[""],"removed":["a"],"origin":"+delete"}
2019-4-2 18:27:18.644#keyHandled#"Backspace"
2019-4-2 18:27:18.828#change#{"from":{"line":2,"ch":8,"sticky":"after"},"to":{"line":2,"ch":9,"sticky":null},"text":[""],"removed":["m"],"origin":"+delete"}
2019-4-2 18:27:18.828#keyHandled#"Backspace"
2019-4-2 18:27:18.979#change#{"from":{"line":2,"ch":7,"sticky":"after"},"to":{"line":2,"ch":8,"sticky":null},"text":[""],"removed":["o"],"origin":"+delete"}
2019-4-2 18:27:18.980#keyHandled#"Backspace"
2019-4-2 18:27:19.323#change#{"from":{"line":2,"ch":6,"sticky":"after"},"to":{"line":2,"ch":7,"sticky":null},"text":[""],"removed":["s"],"origin":"+delete"}
2019-4-2 18:27:19.323#keyHandled#"Backspace"
2019-4-2 18:27:20.199#change#{"from":{"line":2,"ch":6,"sticky":null},"to":{"line":2,"ch":6,"sticky":null},"text":["q"],"removed":[""],"origin":"+input"}
2019-4-2 18:27:20.878#change#{"from":{"line":2,"ch":7,"sticky":null},"to":{"line":2,"ch":7,"sticky":null},"text":["t"],"removed":[""],"origin":"+input"}
2019-4-2 18:27:21.150#change#{"from":{"line":2,"ch":8,"sticky":null},"to":{"line":2,"ch":8,"sticky":null},"text":["d"],"removed":[""],"origin":"+input"}
2019-4-2 18:27:25.428#mousedown#{"isTrusted":true}
2019-4-2 18:27:27.164#change#{"from":{"line":0,"ch":7,"sticky":"after"},"to":{"line":0,"ch":8,"sticky":"before","xRel":-0.1875},"text":[""],"removed":["s"],"origin":"+delete"}
2019-4-2 18:27:27.164#keyHandled#"Backspace"
2019-4-2 18:27:27.460#change#{"from":{"line":0,"ch":5,"sticky":"after"},"to":{"line":0,"ch":6,"sticky":null},"text":[""],"removed":["r"],"origin":"+delete"}
2019-4-2 18:27:27.460#keyHandled#"Backspace"
2019-4-2 18:27:27.580#change#{"from":{"line":0,"ch":4,"sticky":"after"},"to":{"line":0,"ch":5,"sticky":null},"text":[""],"removed":["r"],"origin":"+delete"}
2019-4-2 18:27:27.580#keyHandled#"Backspace"
2019-4-2 18:27:27.715#change#{"from":{"line":0,"ch":3,"sticky":"after"},"to":{"line":0,"ch":4,"sticky":null},"text":[""],"removed":["i"],"origin":"+delete"}
2019-4-2 18:27:27.715#keyHandled#"Backspace"
2019-4-2 18:27:27.854#change#{"from":{"line":0,"ch":2,"sticky":"after"},"to":{"line":0,"ch":3,"sticky":null},"text":[""],"removed":["f"],"origin":"+delete"}
2019-4-2 18:27:27.854#keyHandled#"Backspace"
2019-4-2 18:27:28.019#change#{"from":{"line":0,"ch":1,"sticky":"after"},"to":{"line":0,"ch":2,"sticky":null},"text":[""],"removed":["s"],"origin":"+delete"}
2019-4-2 18:27:28.019#keyHandled#"Backspace"
2019-4-2 18:27:28.244#change#{"from":{"line":0,"ch":0,"sticky":"after"},"to":{"line":0,"ch":1,"sticky":null},"text":[""],"removed":["e"],"origin":"+delete"}
2019-4-2 18:27:28.244#keyHandled#"Backspace"
2019-4-2 18:27:28.919#change#{"from":{"line":0,"ch":0,"sticky":null},"to":{"line":0,"ch":0,"sticky":null},"text":["v"],"removed":[""],"origin":"+input"}
2019-4-2 18:27:29.229#change#{"from":{"line":0,"ch":1,"sticky":null},"to":{"line":0,"ch":1,"sticky":null},"text":["a"],"removed":[""],"origin":"+input"}
2019-4-2 18:27:29.806#change#{"from":{"line":0,"ch":2,"sticky":null},"to":{"line":0,"ch":2,"sticky":null},"text":["l"],"removed":[""],"origin":"+input"}
2019-4-2 18:27:29.983#change#{"from":{"line":0,"ch":3,"sticky":null},"to":{"line":0,"ch":3,"sticky":null},"text":["o"],"removed":[""],"origin":"+input"}
2019-4-2 18:27:30.327#change#{"from":{"line":0,"ch":4,"sticky":null},"to":{"line":0,"ch":4,"sticky":null},"text":["t"],"removed":[""],"origin":"+input"}
2019-4-2 18:27:31.259#change#{"from":{"line":0,"ch":4,"sticky":"after"},"to":{"line":0,"ch":5,"sticky":null},"text":[""],"removed":["t"],"origin":"+delete"}
2019-4-2 18:27:31.259#keyHandled#"Backspace"
2019-4-2 18:27:31.846#change#{"from":{"line":0,"ch":4,"sticky":null},"to":{"line":0,"ch":4,"sticky":null},"text":["r"],"removed":[""],"origin":"+input"}
2019-4-2 18:27:32.790#change#{"from":{"line":0,"ch":5,"sticky":null},"to":{"line":0,"ch":5,"sticky":null},"text":["_"],"removed":[""],"origin":"+input"}
2019-4-2 18:27:33.398#change#{"from":{"line":0,"ch":6,"sticky":null},"to":{"line":0,"ch":6,"sticky":null},"text":["u"],"removed":[""],"origin":"+input"}
2019-4-2 18:27:33.622#change#{"from":{"line":0,"ch":7,"sticky":null},"to":{"line":0,"ch":7,"sticky":null},"text":["n"],"removed":[""],"origin":"+input"}
2019-4-2 18:27:33.856#change#{"from":{"line":0,"ch":8,"sticky":null},"to":{"line":0,"ch":8,"sticky":null},"text":["i"],"removed":[""],"origin":"+input"}
2019-4-2 18:27:34.128#change#{"from":{"line":0,"ch":9,"sticky":null},"to":{"line":0,"ch":9,"sticky":null},"text":["t"],"removed":[""],"origin":"+input"}
2019-4-2 18:27:42.624#mousedown#{"isTrusted":true}
2019-4-2 18:27:43.363#mousedown#{"isTrusted":true}
2019-4-2 18:27:45.264#blur#
2019-4-2 18:27:45.264#blur#
2019-4-2 18:27:49.766#saida_testar#$ python3 main.py
Traceback (most recent call last):
File "main.py", line 1, in <module>
valor_unit(1.50)
NameError: name 'valor_unit' is not defined
2019-4-2 18:27:50.380#mousedown#{"isTrusted":true}
2019-4-2 18:27:50.425#focus#
2019-4-2 18:28:10.390#change#{"from":{"line":5,"ch":0,"sticky":"after","xRel":59.8125},"to":{"line":5,"ch":0,"sticky":"after","xRel":59.8125},"text":["v"],"removed":[""],"origin":"+input"}
2019-4-2 18:28:10.549#change#{"from":{"line":5,"ch":1,"sticky":null},"to":{"line":5,"ch":1,"sticky":null},"text":["a"],"removed":[""],"origin":"+input"}
2019-4-2 18:28:10.750#change#{"from":{"line":5,"ch":2,"sticky":null},"to":{"line":5,"ch":2,"sticky":null},"text":["l"],"removed":[""],"origin":"+input"}
2019-4-2 18:28:10.949#change#{"from":{"line":5,"ch":3,"sticky":null},"to":{"line":5,"ch":3,"sticky":null},"text":["o"],"removed":[""],"origin":"+input"}
2019-4-2 18:28:11.104#change#{"from":{"line":5,"ch":4,"sticky":null},"to":{"line":5,"ch":4,"sticky":null},"text":["r"],"removed":[""],"origin":"+input"}
2019-4-2 18:28:12.477#change#{"from":{"line":5,"ch":5,"sticky":null},"to":{"line":5,"ch":5,"sticky":null},"text":["_"],"removed":[""],"origin":"+input"}
2019-4-2 18:28:13.271#change#{"from":{"line":5,"ch":6,"sticky":null},"to":{"line":5,"ch":6,"sticky":null},"text":["d"],"removed":[""],"origin":"+input"}
2019-4-2 18:28:13.429#change#{"from":{"line":5,"ch":7,"sticky":null},"to":{"line":5,"ch":7,"sticky":null},"text":["a"],"removed":[""],"origin":"+input"}
2019-4-2 18:28:14.509#change#{"from":{"line":5,"ch":8,"sticky":null},"to":{"line":5,"ch":8,"sticky":null},"text":["_"],"removed":[""],"origin":"+input"}
2019-4-2 18:28:14.909#change#{"from":{"line":5,"ch":9,"sticky":null},"to":{"line":5,"ch":9,"sticky":null},"text":["b"],"removed":[""],"origin":"+input"}
2019-4-2 18:28:15.055#change#{"from":{"line":5,"ch":10,"sticky":null},"to":{"line":5,"ch":10,"sticky":null},"text":["e"],"removed":[""],"origin":"+input"}
2019-4-2 18:28:15.229#change#{"from":{"line":5,"ch":11,"sticky":null},"to":{"line":5,"ch":11,"sticky":null},"text":["b"],"removed":[""],"origin":"+input"}
2019-4-2 18:28:15.445#change#{"from":{"line":5,"ch":12,"sticky":null},"to":{"line":5,"ch":12,"sticky":null},"text":["i"],"removed":[""],"origin":"+input"}
2019-4-2 18:28:15.614#change#{"from":{"line":5,"ch":13,"sticky":null},"to":{"line":5,"ch":13,"sticky":null},"text":["d"],"removed":[""],"origin":"+input"}
2019-4-2 18:28:15.773#change#{"from":{"line":5,"ch":14,"sticky":null},"to":{"line":5,"ch":14,"sticky":null},"text":["a"],"removed":[""],"origin":"+input"}
2019-4-2 18:28:19.027#change#{"from":{"line":5,"ch":15,"sticky":null},"to":{"line":5,"ch":15,"sticky":null},"text":["",""],"removed":[""],"origin":"+input"}
2019-4-2 18:28:19.027#keyHandled#"Enter"
2019-4-2 18:28:19.033#viewportChange#0
2019-4-2 18:28:26.055#change#{"from":{"line":6,"ch":0,"sticky":null},"to":{"line":6,"ch":0,"sticky":null},"text":["p"],"removed":[""],"origin":"+input"}
2019-4-2 18:28:26.531#change#{"from":{"line":6,"ch":0,"sticky":"after"},"to":{"line":6,"ch":1,"sticky":null},"text":[""],"removed":["p"],"origin":"+delete"}
2019-4-2 18:28:26.531#keyHandled#"Backspace"
2019-4-2 18:28:27.058#change#{"from":{"line":6,"ch":0,"sticky":null},"to":{"line":6,"ch":0,"sticky":null},"text":["()"],"removed":[""],"origin":"+input"}
2019-4-2 18:28:27.058#keyHandled#"'('"
2019-4-2 18:28:27.693#change#{"from":{"line":6,"ch":2,"sticky":null},"to":{"line":6,"ch":2,"sticky":null},"text":["r"],"removed":[""],"origin":"+input"}
2019-4-2 18:28:27.837#change#{"from":{"line":6,"ch":3,"sticky":null},"to":{"line":6,"ch":3,"sticky":null},"text":["i"],"removed":[""],"origin":"+input"}
2019-4-2 18:28:28.013#change#{"from":{"line":6,"ch":4,"sticky":null},"to":{"line":6,"ch":4,"sticky":null},"text":["n"],"removed":[""],"origin":"+input"}
2019-4-2 18:28:28.425#change#{"from":{"line":6,"ch":5,"sticky":null},"to":{"line":6,"ch":5,"sticky":null},"text":["t"],"removed":[""],"origin":"+input"}
2019-4-2 18:28:29.979#keyHandled#"Right"
2019-4-2 18:28:31.565#change#{"from":{"line":6,"ch":7,"sticky":"before"},"to":{"line":6,"ch":7,"sticky":"before"},"text":["="],"removed":[""],"origin":"+input"}
2019-4-2 18:28:32.773#change#{"from":{"line":6,"ch":8,"sticky":null},"to":{"line":6,"ch":8,"sticky":null},"text":["3"],"removed":[""],"origin":"+input"}
2019-4-2 18:28:33.605#change#{"from":{"line":6,"ch":9,"sticky":null},"to":{"line":6,"ch":9,"sticky":null},"text":["."],"removed":[""],"origin":"+input"}
2019-4-2 18:28:34.382#change#{"from":{"line":6,"ch":10,"sticky":null},"to":{"line":6,"ch":10,"sticky":null},"text":["0"],"removed":[""],"origin":"+input"}
2019-4-2 18:28:34.549#change#{"from":{"line":6,"ch":11,"sticky":null},"to":{"line":6,"ch":11,"sticky":null},"text":["0"],"removed":[""],"origin":"+input"}
2019-4-2 18:28:36.595#change#{"from":{"line":6,"ch":12,"sticky":null},"to":{"line":6,"ch":12,"sticky":null},"text":["",""],"removed":[""],"origin":"+input"}
2019-4-2 18:28:36.595#keyHandled#"Enter"
2019-4-2 18:28:36.601#viewportChange#0
2019-4-2 18:28:41.991#blur#
