2019-4-11 19:34:19.056#viewportChange#0
2019-4-11 19:34:26.902#mousedown#{"isTrusted":true}
2019-4-11 19:34:26.907#focus#
2019-4-11 19:34:27.889#change#{"from":{"line":0,"ch":0,"sticky":"after","xRel":80.8125},"to":{"line":0,"ch":0,"sticky":"after","xRel":80.8125},"text":["v"],"removed":[""],"origin":"+input"}
2019-4-11 19:34:28.104#change#{"from":{"line":0,"ch":1,"sticky":null},"to":{"line":0,"ch":1,"sticky":null},"text":["a"],"removed":[""],"origin":"+input"}
2019-4-11 19:34:28.419#change#{"from":{"line":0,"ch":2,"sticky":null},"to":{"line":0,"ch":2,"sticky":null},"text":["l"],"removed":[""],"origin":"+input"}
2019-4-11 19:34:28.608#change#{"from":{"line":0,"ch":3,"sticky":null},"to":{"line":0,"ch":3,"sticky":null},"text":["o"],"removed":[""],"origin":"+input"}
2019-4-11 19:34:29.436#change#{"from":{"line":0,"ch":4,"sticky":null},"to":{"line":0,"ch":4,"sticky":null},"text":["r"],"removed":[""],"origin":"+input"}
2019-4-11 19:34:29.792#change#{"from":{"line":0,"ch":5,"sticky":null},"to":{"line":0,"ch":5,"sticky":null},"text":["="],"removed":[""],"origin":"+input"}
2019-4-11 19:34:34.035#change#{"from":{"line":0,"ch":6,"sticky":null},"to":{"line":0,"ch":6,"sticky":null},"text":["i"],"removed":[""],"origin":"+input"}
2019-4-11 19:34:34.269#change#{"from":{"line":0,"ch":7,"sticky":null},"to":{"line":0,"ch":7,"sticky":null},"text":["n"],"removed":[""],"origin":"+input"}
2019-4-11 19:34:34.608#change#{"from":{"line":0,"ch":8,"sticky":null},"to":{"line":0,"ch":8,"sticky":null},"text":["p"],"removed":[""],"origin":"+input"}
2019-4-11 19:34:34.886#change#{"from":{"line":0,"ch":9,"sticky":null},"to":{"line":0,"ch":9,"sticky":null},"text":["u"],"removed":[""],"origin":"+input"}
2019-4-11 19:34:35.256#change#{"from":{"line":0,"ch":10,"sticky":null},"to":{"line":0,"ch":10,"sticky":null},"text":["t"],"removed":[""],"origin":"+input"}
2019-4-11 19:34:35.818#change#{"from":{"line":0,"ch":11,"sticky":null},"to":{"line":0,"ch":11,"sticky":null},"text":["()"],"removed":[""],"origin":"+input"}
2019-4-11 19:34:35.819#keyHandled#"'('"
2019-4-11 19:34:37.512#change#{"from":{"line":0,"ch":12,"sticky":"after"},"to":{"line":0,"ch":12,"sticky":"after"},"text":["\"\""],"removed":[""],"origin":"+input"}
2019-4-11 19:34:37.512#keyHandled#"'\"'"
2019-4-11 19:34:38.035#change#{"from":{"line":0,"ch":13,"sticky":"after"},"to":{"line":0,"ch":13,"sticky":"after"},"text":["v"],"removed":[""],"origin":"+input"}
2019-4-11 19:34:38.176#change#{"from":{"line":0,"ch":14,"sticky":null},"to":{"line":0,"ch":14,"sticky":null},"text":["a"],"removed":[""],"origin":"+input"}
2019-4-11 19:34:38.496#change#{"from":{"line":0,"ch":15,"sticky":null},"to":{"line":0,"ch":15,"sticky":null},"text":["l"],"removed":[""],"origin":"+input"}
2019-4-11 19:34:38.672#change#{"from":{"line":0,"ch":16,"sticky":null},"to":{"line":0,"ch":16,"sticky":null},"text":["o"],"removed":[""],"origin":"+input"}
2019-4-11 19:34:38.810#change#{"from":{"line":0,"ch":17,"sticky":null},"to":{"line":0,"ch":17,"sticky":null},"text":["r"],"removed":[""],"origin":"+input"}
2019-4-11 19:34:39.006#change#{"from":{"line":0,"ch":18,"sticky":null},"to":{"line":0,"ch":18,"sticky":null},"text":[" "],"removed":[""],"origin":"+input"}
2019-4-11 19:34:39.201#change#{"from":{"line":0,"ch":19,"sticky":null},"to":{"line":0,"ch":19,"sticky":null},"text":["d"],"removed":[""],"origin":"+input"}
2019-4-11 19:34:39.418#change#{"from":{"line":0,"ch":20,"sticky":null},"to":{"line":0,"ch":20,"sticky":null},"text":["i"],"removed":[""],"origin":"+input"}
2019-4-11 19:34:39.609#change#{"from":{"line":0,"ch":21,"sticky":null},"to":{"line":0,"ch":21,"sticky":null},"text":["s"],"removed":[""],"origin":"+input"}
2019-4-11 19:34:39.744#change#{"from":{"line":0,"ch":22,"sticky":null},"to":{"line":0,"ch":22,"sticky":null},"text":["p"],"removed":[""],"origin":"+input"}
2019-4-11 19:34:39.952#change#{"from":{"line":0,"ch":23,"sticky":null},"to":{"line":0,"ch":23,"sticky":null},"text":["o"],"removed":[""],"origin":"+input"}
2019-4-11 19:34:40.219#change#{"from":{"line":0,"ch":24,"sticky":null},"to":{"line":0,"ch":24,"sticky":null},"text":["n"],"removed":[""],"origin":"+input"}
2019-4-11 19:34:40.435#change#{"from":{"line":0,"ch":25,"sticky":null},"to":{"line":0,"ch":25,"sticky":null},"text":["i"],"removed":[""],"origin":"+input"}
2019-4-11 19:34:40.728#change#{"from":{"line":0,"ch":26,"sticky":null},"to":{"line":0,"ch":26,"sticky":null},"text":["v"],"removed":[""],"origin":"+input"}
2019-4-11 19:34:40.977#change#{"from":{"line":0,"ch":27,"sticky":null},"to":{"line":0,"ch":27,"sticky":null},"text":["e"],"removed":[""],"origin":"+input"}
2019-4-11 19:34:41.224#change#{"from":{"line":0,"ch":28,"sticky":null},"to":{"line":0,"ch":28,"sticky":null},"text":["l"],"removed":[""],"origin":"+input"}
2019-4-11 19:34:42.269#keyHandled#"Right"
2019-4-11 19:34:42.605#keyHandled#"Right"
2019-4-11 19:34:43.377#change#{"from":{"line":0,"ch":31,"sticky":"before"},"to":{"line":0,"ch":31,"sticky":"before"},"text":["",""],"removed":[""],"origin":"+input"}
2019-4-11 19:34:43.377#keyHandled#"Enter"
2019-4-11 19:34:43.385#viewportChange#0
2019-4-11 19:34:46.992#change#{"from":{"line":1,"ch":0,"sticky":null},"to":{"line":1,"ch":0,"sticky":null},"text":["t"],"removed":[""],"origin":"+input"}
2019-4-11 19:34:47.624#change#{"from":{"line":1,"ch":1,"sticky":null},"to":{"line":1,"ch":1,"sticky":null},"text":["i"],"removed":[""],"origin":"+input"}
2019-4-11 19:34:48.040#change#{"from":{"line":1,"ch":2,"sticky":null},"to":{"line":1,"ch":2,"sticky":null},"text":["c"],"removed":[""],"origin":"+input"}
2019-4-11 19:34:50.196#change#{"from":{"line":1,"ch":3,"sticky":null},"to":{"line":1,"ch":3,"sticky":null},"text":["k"],"removed":[""],"origin":"+input"}
2019-4-11 19:34:50.419#change#{"from":{"line":1,"ch":4,"sticky":null},"to":{"line":1,"ch":4,"sticky":null},"text":["e"],"removed":[""],"origin":"+input"}
2019-4-11 19:34:50.853#change#{"from":{"line":1,"ch":5,"sticky":null},"to":{"line":1,"ch":5,"sticky":null},"text":["t"],"removed":[""],"origin":"+input"}
2019-4-11 19:34:51.035#change#{"from":{"line":1,"ch":6,"sticky":null},"to":{"line":1,"ch":6,"sticky":null},"text":["s"],"removed":[""],"origin":"+input"}
2019-4-11 19:34:52.618#change#{"from":{"line":1,"ch":7,"sticky":null},"to":{"line":1,"ch":7,"sticky":null},"text":["="],"removed":[""],"origin":"+input"}
2019-4-11 19:34:54.072#change#{"from":{"line":1,"ch":8,"sticky":null},"to":{"line":1,"ch":8,"sticky":null},"text":[" "],"removed":[""],"origin":"+input"}
2019-4-11 19:34:55.049#change#{"from":{"line":1,"ch":8,"sticky":"after"},"to":{"line":1,"ch":9,"sticky":null},"text":[""],"removed":[" "],"origin":"+delete"}
2019-4-11 19:34:55.049#keyHandled#"Backspace"
2019-4-11 19:34:56.056#change#{"from":{"line":1,"ch":8,"sticky":null},"to":{"line":1,"ch":8,"sticky":null},"text":["I"],"removed":[""],"origin":"+input"}
2019-4-11 19:34:56.549#change#{"from":{"line":1,"ch":8,"sticky":"after"},"to":{"line":1,"ch":9,"sticky":null},"text":[""],"removed":["I"],"origin":"+delete"}
2019-4-11 19:34:56.549#keyHandled#"Backspace"
2019-4-11 19:34:57.224#change#{"from":{"line":1,"ch":8,"sticky":null},"to":{"line":1,"ch":8,"sticky":null},"text":["i"],"removed":[""],"origin":"+input"}
2019-4-11 19:34:57.434#change#{"from":{"line":1,"ch":9,"sticky":null},"to":{"line":1,"ch":9,"sticky":null},"text":["n"],"removed":[""],"origin":"+input"}
2019-4-11 19:34:57.768#change#{"from":{"line":1,"ch":10,"sticky":null},"to":{"line":1,"ch":10,"sticky":null},"text":["p"],"removed":[""],"origin":"+input"}
2019-4-11 19:34:58.104#change#{"from":{"line":1,"ch":11,"sticky":null},"to":{"line":1,"ch":11,"sticky":null},"text":["u"],"removed":[""],"origin":"+input"}
2019-4-11 19:34:58.468#change#{"from":{"line":1,"ch":12,"sticky":null},"to":{"line":1,"ch":12,"sticky":null},"text":["t"],"removed":[""],"origin":"+input"}
2019-4-11 19:34:58.951#change#{"from":{"line":1,"ch":13,"sticky":null},"to":{"line":1,"ch":13,"sticky":null},"text":["()"],"removed":[""],"origin":"+input"}
2019-4-11 19:34:58.951#keyHandled#"'('"
2019-4-11 19:34:59.904#change#{"from":{"line":1,"ch":14,"sticky":"after"},"to":{"line":1,"ch":14,"sticky":"after"},"text":["\"\""],"removed":[""],"origin":"+input"}
2019-4-11 19:34:59.904#keyHandled#"'\"'"
2019-4-11 19:35:01.425#change#{"from":{"line":1,"ch":15,"sticky":"after"},"to":{"line":1,"ch":15,"sticky":"after"},"text":["q"],"removed":[""],"origin":"+input"}
2019-4-11 19:35:01.776#change#{"from":{"line":1,"ch":16,"sticky":null},"to":{"line":1,"ch":16,"sticky":null},"text":["u"],"removed":[""],"origin":"+input"}
2019-4-11 19:35:01.888#change#{"from":{"line":1,"ch":17,"sticky":null},"to":{"line":1,"ch":17,"sticky":null},"text":["a"],"removed":[""],"origin":"+input"}
2019-4-11 19:35:01.987#change#{"from":{"line":1,"ch":18,"sticky":null},"to":{"line":1,"ch":18,"sticky":null},"text":["n"],"removed":[""],"origin":"+input"}
2019-4-11 19:35:02.256#change#{"from":{"line":1,"ch":19,"sticky":null},"to":{"line":1,"ch":19,"sticky":null},"text":["t"],"removed":[""],"origin":"+input"}
2019-4-11 19:35:02.528#change#{"from":{"line":1,"ch":20,"sticky":null},"to":{"line":1,"ch":20,"sticky":null},"text":["i"],"removed":[""],"origin":"+input"}
2019-4-11 19:35:02.539#change#{"from":{"line":1,"ch":21,"sticky":null},"to":{"line":1,"ch":21,"sticky":null},"text":["o"],"removed":[""],"origin":"+input"}
2019-4-11 19:35:02.688#change#{"from":{"line":1,"ch":22,"sticky":null},"to":{"line":1,"ch":22,"sticky":null},"text":["d"],"removed":[""],"origin":"+input"}
2019-4-11 19:35:03.357#change#{"from":{"line":1,"ch":21,"sticky":"after"},"to":{"line":1,"ch":22,"sticky":null},"text":[""],"removed":["o"],"origin":"+delete"}
2019-4-11 19:35:03.357#keyHandled#"Backspace"
2019-4-11 19:35:03.868#change#{"from":{"line":1,"ch":21,"sticky":null},"to":{"line":1,"ch":21,"sticky":null},"text":["d"],"removed":[""],"origin":"+input"}
2019-4-11 19:35:04.120#change#{"from":{"line":1,"ch":22,"sticky":null},"to":{"line":1,"ch":22,"sticky":null},"text":["a"],"removed":[""],"origin":"+input"}
2019-4-11 19:35:04.385#change#{"from":{"line":1,"ch":23,"sticky":null},"to":{"line":1,"ch":23,"sticky":null},"text":["d"],"removed":[""],"origin":"+input"}
2019-4-11 19:35:04.601#change#{"from":{"line":1,"ch":24,"sticky":null},"to":{"line":1,"ch":24,"sticky":null},"text":["e"],"removed":[""],"origin":"+input"}
2019-4-11 19:35:05.056#change#{"from":{"line":1,"ch":25,"sticky":null},"to":{"line":1,"ch":25,"sticky":null},"text":[" "],"removed":[""],"origin":"+input"}
2019-4-11 19:35:05.964#keyHandled#"Right"
2019-4-11 19:35:07.052#keyHandled#"Down"
2019-4-11 19:35:07.670#change#{"from":{"line":1,"ch":28,"sticky":null,"xRel":1,"outside":true,"hitSide":true},"to":{"line":1,"ch":28,"sticky":null,"xRel":1,"outside":true,"hitSide":true},"text":["",""],"removed":[""],"origin":"+input"}
2019-4-11 19:35:07.670#keyHandled#"Enter"
2019-4-11 19:35:07.678#viewportChange#0
2019-4-11 19:35:10.368#change#{"from":{"line":2,"ch":0,"sticky":null},"to":{"line":2,"ch":0,"sticky":null},"text":["v"],"removed":[""],"origin":"+input"}
2019-4-11 19:35:10.568#change#{"from":{"line":2,"ch":1,"sticky":null},"to":{"line":2,"ch":1,"sticky":null},"text":["a"],"removed":[""],"origin":"+input"}
2019-4-11 19:35:10.856#change#{"from":{"line":2,"ch":2,"sticky":null},"to":{"line":2,"ch":2,"sticky":null},"text":["l"],"removed":[""],"origin":"+input"}
2019-4-11 19:35:11.035#change#{"from":{"line":2,"ch":3,"sticky":null},"to":{"line":2,"ch":3,"sticky":null},"text":["o"],"removed":[""],"origin":"+input"}
2019-4-11 19:35:11.672#change#{"from":{"line":2,"ch":4,"sticky":null},"to":{"line":2,"ch":4,"sticky":null},"text":["r"],"removed":[""],"origin":"+input"}
2019-4-11 19:35:12.886#change#{"from":{"line":2,"ch":5,"sticky":null},"to":{"line":2,"ch":5,"sticky":null},"text":["t"],"removed":[""],"origin":"+input"}
2019-4-11 19:35:13.320#change#{"from":{"line":2,"ch":6,"sticky":null},"to":{"line":2,"ch":6,"sticky":null},"text":["i"],"removed":[""],"origin":"+input"}
2019-4-11 19:35:13.672#change#{"from":{"line":2,"ch":7,"sticky":null},"to":{"line":2,"ch":7,"sticky":null},"text":["c"],"removed":[""],"origin":"+input"}
2019-4-11 19:35:13.952#change#{"from":{"line":2,"ch":8,"sticky":null},"to":{"line":2,"ch":8,"sticky":null},"text":["k"],"removed":[""],"origin":"+input"}
2019-4-11 19:35:14.984#change#{"from":{"line":2,"ch":9,"sticky":null},"to":{"line":2,"ch":9,"sticky":null},"text":["="],"removed":[""],"origin":"+input"}
2019-4-11 19:35:16.008#change#{"from":{"line":2,"ch":10,"sticky":null},"to":{"line":2,"ch":10,"sticky":null},"text":["i"],"removed":[""],"origin":"+input"}
2019-4-11 19:35:16.251#change#{"from":{"line":2,"ch":11,"sticky":null},"to":{"line":2,"ch":11,"sticky":null},"text":["n"],"removed":[""],"origin":"+input"}
2019-4-11 19:35:16.624#change#{"from":{"line":2,"ch":12,"sticky":null},"to":{"line":2,"ch":12,"sticky":null},"text":["p"],"removed":[""],"origin":"+input"}
2019-4-11 19:35:16.904#change#{"from":{"line":2,"ch":13,"sticky":null},"to":{"line":2,"ch":13,"sticky":null},"text":["u"],"removed":[""],"origin":"+input"}
2019-4-11 19:35:17.200#change#{"from":{"line":2,"ch":14,"sticky":null},"to":{"line":2,"ch":14,"sticky":null},"text":["t"],"removed":[""],"origin":"+input"}
2019-4-11 19:35:17.719#change#{"from":{"line":2,"ch":15,"sticky":null},"to":{"line":2,"ch":15,"sticky":null},"text":["()"],"removed":[""],"origin":"+input"}
2019-4-11 19:35:17.719#keyHandled#"'('"
2019-4-11 19:35:19.273#change#{"from":{"line":2,"ch":16,"sticky":"after"},"to":{"line":2,"ch":16,"sticky":"after"},"text":["\"\""],"removed":[""],"origin":"+input"}
2019-4-11 19:35:19.273#keyHandled#"'\"'"
2019-4-11 19:35:19.704#change#{"from":{"line":2,"ch":17,"sticky":"after"},"to":{"line":2,"ch":17,"sticky":"after"},"text":["v"],"removed":[""],"origin":"+input"}
2019-4-11 19:35:19.850#change#{"from":{"line":2,"ch":18,"sticky":null},"to":{"line":2,"ch":18,"sticky":null},"text":["a"],"removed":[""],"origin":"+input"}
2019-4-11 19:35:20.168#change#{"from":{"line":2,"ch":19,"sticky":null},"to":{"line":2,"ch":19,"sticky":null},"text":["l"],"removed":[""],"origin":"+input"}
2019-4-11 19:35:20.328#change#{"from":{"line":2,"ch":20,"sticky":null},"to":{"line":2,"ch":20,"sticky":null},"text":["o"],"removed":[""],"origin":"+input"}
2019-4-11 19:35:20.484#change#{"from":{"line":2,"ch":21,"sticky":null},"to":{"line":2,"ch":21,"sticky":null},"text":["r"],"removed":[""],"origin":"+input"}
2019-4-11 19:35:20.617#change#{"from":{"line":2,"ch":22,"sticky":null},"to":{"line":2,"ch":22,"sticky":null},"text":[" "],"removed":[""],"origin":"+input"}
2019-4-11 19:35:21.069#change#{"from":{"line":2,"ch":23,"sticky":null},"to":{"line":2,"ch":23,"sticky":null},"text":["d"],"removed":[""],"origin":"+input"}
2019-4-11 19:35:21.203#change#{"from":{"line":2,"ch":24,"sticky":null},"to":{"line":2,"ch":24,"sticky":null},"text":["o"],"removed":[""],"origin":"+input"}
2019-4-11 19:35:21.319#change#{"from":{"line":2,"ch":25,"sticky":null},"to":{"line":2,"ch":25,"sticky":null},"text":["s"],"removed":[""],"origin":"+input"}
2019-4-11 19:35:21.440#change#{"from":{"line":2,"ch":26,"sticky":null},"to":{"line":2,"ch":26,"sticky":null},"text":[" "],"removed":[""],"origin":"+input"}
2019-4-11 19:35:22.040#change#{"from":{"line":2,"ch":27,"sticky":null},"to":{"line":2,"ch":27,"sticky":null},"text":["t"],"removed":[""],"origin":"+input"}
2019-4-11 19:35:22.466#change#{"from":{"line":2,"ch":28,"sticky":null},"to":{"line":2,"ch":28,"sticky":null},"text":["i"],"removed":[""],"origin":"+input"}
2019-4-11 19:35:22.776#change#{"from":{"line":2,"ch":29,"sticky":null},"to":{"line":2,"ch":29,"sticky":null},"text":["c"],"removed":[""],"origin":"+input"}
2019-4-11 19:35:22.951#change#{"from":{"line":2,"ch":30,"sticky":null},"to":{"line":2,"ch":30,"sticky":null},"text":["k"],"removed":[""],"origin":"+input"}
2019-4-11 19:35:23.151#change#{"from":{"line":2,"ch":31,"sticky":null},"to":{"line":2,"ch":31,"sticky":null},"text":["e"],"removed":[""],"origin":"+input"}
2019-4-11 19:35:23.408#change#{"from":{"line":2,"ch":32,"sticky":null},"to":{"line":2,"ch":32,"sticky":null},"text":["t"],"removed":[""],"origin":"+input"}
2019-4-11 19:35:24.616#change#{"from":{"line":2,"ch":33,"sticky":null},"to":{"line":2,"ch":33,"sticky":null},"text":["s"],"removed":[""],"origin":"+input"}
2019-4-11 19:35:25.647#keyHandled#"Right"
2019-4-11 19:35:25.836#keyHandled#"Right"
2019-4-11 19:35:26.021#keyHandled#"Right"
2019-4-11 19:35:26.606#change#{"from":{"line":2,"ch":36,"sticky":"before","hitSide":true},"to":{"line":2,"ch":36,"sticky":"before","hitSide":true},"text":["",""],"removed":[""],"origin":"+input"}
2019-4-11 19:35:26.606#keyHandled#"Enter"
2019-4-11 19:35:26.615#viewportChange#0
2019-4-11 19:35:31.640#change#{"from":{"line":3,"ch":0,"sticky":null},"to":{"line":3,"ch":0,"sticky":null},"text":["o"],"removed":[""],"origin":"+input"}
2019-4-11 19:35:31.961#change#{"from":{"line":3,"ch":1,"sticky":null},"to":{"line":3,"ch":1,"sticky":null},"text":["n"],"removed":[""],"origin":"+input"}
2019-4-11 19:35:33.569#change#{"from":{"line":3,"ch":2,"sticky":null},"to":{"line":3,"ch":2,"sticky":null},"text":["i"],"removed":[""],"origin":"+input"}
2019-4-11 19:35:33.840#change#{"from":{"line":3,"ch":3,"sticky":null},"to":{"line":3,"ch":3,"sticky":null},"text":["b"],"removed":[""],"origin":"+input"}
2019-4-11 19:35:34.033#change#{"from":{"line":3,"ch":4,"sticky":null},"to":{"line":3,"ch":4,"sticky":null},"text":["u"],"removed":[""],"origin":"+input"}
2019-4-11 19:35:34.176#change#{"from":{"line":3,"ch":5,"sticky":null},"to":{"line":3,"ch":5,"sticky":null},"text":["s"],"removed":[""],"origin":"+input"}
2019-4-11 19:35:35.483#change#{"from":{"line":3,"ch":6,"sticky":null},"to":{"line":3,"ch":6,"sticky":null},"text":["="],"removed":[""],"origin":"+input"}
2019-4-11 19:35:36.472#change#{"from":{"line":3,"ch":7,"sticky":null},"to":{"line":3,"ch":7,"sticky":null},"text":["i"],"removed":[""],"origin":"+input"}
2019-4-11 19:35:36.744#change#{"from":{"line":3,"ch":8,"sticky":null},"to":{"line":3,"ch":8,"sticky":null},"text":["n"],"removed":[""],"origin":"+input"}
2019-4-11 19:35:37.116#change#{"from":{"line":3,"ch":9,"sticky":null},"to":{"line":3,"ch":9,"sticky":null},"text":["p"],"removed":[""],"origin":"+input"}
2019-4-11 19:35:37.384#change#{"from":{"line":3,"ch":10,"sticky":null},"to":{"line":3,"ch":10,"sticky":null},"text":["u"],"removed":[""],"origin":"+input"}
2019-4-11 19:35:37.700#change#{"from":{"line":3,"ch":11,"sticky":null},"to":{"line":3,"ch":11,"sticky":null},"text":["t"],"removed":[""],"origin":"+input"}
2019-4-11 19:35:38.151#change#{"from":{"line":3,"ch":12,"sticky":null},"to":{"line":3,"ch":12,"sticky":null},"text":["()"],"removed":[""],"origin":"+input"}
2019-4-11 19:35:38.151#keyHandled#"'('"
2019-4-11 19:35:39.791#change#{"from":{"line":3,"ch":13,"sticky":"after"},"to":{"line":3,"ch":13,"sticky":"after"},"text":["\"\""],"removed":[""],"origin":"+input"}
2019-4-11 19:35:39.792#keyHandled#"'\"'"
2019-4-11 19:35:41.783#change#{"from":{"line":3,"ch":14,"sticky":"after"},"to":{"line":3,"ch":14,"sticky":"after"},"text":["o"],"removed":[""],"origin":"+input"}
2019-4-11 19:35:42.152#change#{"from":{"line":3,"ch":15,"sticky":null},"to":{"line":3,"ch":15,"sticky":null},"text":["n"],"removed":[""],"origin":"+input"}
2019-4-11 19:35:42.383#change#{"from":{"line":3,"ch":16,"sticky":null},"to":{"line":3,"ch":16,"sticky":null},"text":["i"],"removed":[""],"origin":"+input"}
2019-4-11 19:35:42.395#change#{"from":{"line":3,"ch":17,"sticky":null},"to":{"line":3,"ch":17,"sticky":null},"text":["u"],"removed":[""],"origin":"+input"}
2019-4-11 19:35:43.500#change#{"from":{"line":3,"ch":16,"sticky":"after"},"to":{"line":3,"ch":17,"sticky":null},"text":[""],"removed":["i"],"origin":"+delete"}
2019-4-11 19:35:43.500#keyHandled#"Backspace"
2019-4-11 19:35:44.233#change#{"from":{"line":3,"ch":16,"sticky":null},"to":{"line":3,"ch":16,"sticky":null},"text":["i"],"removed":[""],"origin":"+input"}
2019-4-11 19:35:44.487#change#{"from":{"line":3,"ch":17,"sticky":null},"to":{"line":3,"ch":17,"sticky":null},"text":["b"],"removed":[""],"origin":"+input"}
2019-4-11 19:35:44.667#change#{"from":{"line":3,"ch":18,"sticky":null},"to":{"line":3,"ch":18,"sticky":null},"text":["u"],"removed":[""],"origin":"+input"}
2019-4-11 19:35:44.945#change#{"from":{"line":3,"ch":19,"sticky":null},"to":{"line":3,"ch":19,"sticky":null},"text":["s"],"removed":[""],"origin":"+input"}
2019-4-11 19:35:45.684#keyHandled#"Down"
2019-4-11 19:35:46.072#change#{"from":{"line":3,"ch":22,"sticky":null,"xRel":1,"outside":true,"hitSide":true},"to":{"line":3,"ch":22,"sticky":null,"xRel":1,"outside":true,"hitSide":true},"text":["",""],"removed":[""],"origin":"+input"}
2019-4-11 19:35:46.072#keyHandled#"Enter"
2019-4-11 19:35:46.084#viewportChange#0
2019-4-11 19:35:49.576#change#{"from":{"line":4,"ch":0,"sticky":null},"to":{"line":4,"ch":0,"sticky":null},"text":["v"],"removed":[""],"origin":"+input"}
2019-4-11 19:35:50.008#change#{"from":{"line":4,"ch":1,"sticky":null},"to":{"line":4,"ch":1,"sticky":null},"text":["a"],"removed":[""],"origin":"+input"}
2019-4-11 19:35:50.303#change#{"from":{"line":4,"ch":2,"sticky":null},"to":{"line":4,"ch":2,"sticky":null},"text":["l"],"removed":[""],"origin":"+input"}
2019-4-11 19:35:50.503#change#{"from":{"line":4,"ch":3,"sticky":null},"to":{"line":4,"ch":3,"sticky":null},"text":["o"],"removed":[""],"origin":"+input"}
2019-4-11 19:35:50.699#change#{"from":{"line":4,"ch":4,"sticky":null},"to":{"line":4,"ch":4,"sticky":null},"text":["r"],"removed":[""],"origin":"+input"}
2019-4-11 19:35:51.730#change#{"from":{"line":4,"ch":5,"sticky":null},"to":{"line":4,"ch":5,"sticky":null},"text":["o"],"removed":[""],"origin":"+input"}
2019-4-11 19:35:52.039#change#{"from":{"line":4,"ch":6,"sticky":null},"to":{"line":4,"ch":6,"sticky":null},"text":["n"],"removed":[""],"origin":"+input"}
2019-4-11 19:35:53.332#change#{"from":{"line":4,"ch":7,"sticky":null},"to":{"line":4,"ch":7,"sticky":null},"text":["()"],"removed":[""],"origin":"+input"}
2019-4-11 19:35:53.332#keyHandled#"'('"
2019-4-11 19:35:53.748#change#{"from":{"line":4,"ch":7,"sticky":null},"to":{"line":4,"ch":9,"sticky":null},"text":[""],"removed":["()"],"origin":"+delete"}
2019-4-11 19:35:53.748#keyHandled#"Backspace"
2019-4-11 19:35:54.899#change#{"from":{"line":4,"ch":7,"sticky":null},"to":{"line":4,"ch":7,"sticky":null},"text":["="],"removed":[""],"origin":"+input"}
2019-4-11 19:35:56.484#change#{"from":{"line":4,"ch":8,"sticky":null},"to":{"line":4,"ch":8,"sticky":null},"text":["i"],"removed":[""],"origin":"+input"}
2019-4-11 19:35:56.715#change#{"from":{"line":4,"ch":9,"sticky":null},"to":{"line":4,"ch":9,"sticky":null},"text":["n"],"removed":[""],"origin":"+input"}
2019-4-11 19:35:57.103#change#{"from":{"line":4,"ch":10,"sticky":null},"to":{"line":4,"ch":10,"sticky":null},"text":["p"],"removed":[""],"origin":"+input"}
2019-4-11 19:35:57.376#change#{"from":{"line":4,"ch":11,"sticky":null},"to":{"line":4,"ch":11,"sticky":null},"text":["u"],"removed":[""],"origin":"+input"}
2019-4-11 19:35:57.600#change#{"from":{"line":4,"ch":12,"sticky":null},"to":{"line":4,"ch":12,"sticky":null},"text":["t"],"removed":[""],"origin":"+input"}
2019-4-11 19:35:58.217#change#{"from":{"line":4,"ch":13,"sticky":null},"to":{"line":4,"ch":13,"sticky":null},"text":["()"],"removed":[""],"origin":"+input"}
2019-4-11 19:35:58.217#keyHandled#"'('"
2019-4-11 19:35:59.391#change#{"from":{"line":4,"ch":14,"sticky":"after"},"to":{"line":4,"ch":14,"sticky":"after"},"text":["\"\""],"removed":[""],"origin":"+input"}
2019-4-11 19:35:59.391#keyHandled#"'\"'"
2019-4-11 19:36:00.433#change#{"from":{"line":4,"ch":15,"sticky":"after"},"to":{"line":4,"ch":15,"sticky":"after"},"text":["v"],"removed":[""],"origin":"+input"}
2019-4-11 19:36:00.967#change#{"from":{"line":4,"ch":16,"sticky":null},"to":{"line":4,"ch":16,"sticky":null},"text":["a"],"removed":[""],"origin":"+input"}
2019-4-11 19:36:01.167#change#{"from":{"line":4,"ch":17,"sticky":null},"to":{"line":4,"ch":17,"sticky":null},"text":["l"],"removed":[""],"origin":"+input"}
2019-4-11 19:36:01.336#change#{"from":{"line":4,"ch":18,"sticky":null},"to":{"line":4,"ch":18,"sticky":null},"text":["o"],"removed":[""],"origin":"+input"}
2019-4-11 19:36:01.515#change#{"from":{"line":4,"ch":19,"sticky":null},"to":{"line":4,"ch":19,"sticky":null},"text":["r"],"removed":[""],"origin":"+input"}
2019-4-11 19:36:01.607#change#{"from":{"line":4,"ch":20,"sticky":null},"to":{"line":4,"ch":20,"sticky":null},"text":[" "],"removed":[""],"origin":"+input"}
2019-4-11 19:36:01.839#change#{"from":{"line":4,"ch":21,"sticky":null},"to":{"line":4,"ch":21,"sticky":null},"text":["o"],"removed":[""],"origin":"+input"}
2019-4-11 19:36:02.183#change#{"from":{"line":4,"ch":22,"sticky":null},"to":{"line":4,"ch":22,"sticky":null},"text":["n"],"removed":[""],"origin":"+input"}
2019-4-11 19:36:02.455#change#{"from":{"line":4,"ch":23,"sticky":null},"to":{"line":4,"ch":23,"sticky":null},"text":["i"],"removed":[""],"origin":"+input"}
2019-4-11 19:36:02.824#change#{"from":{"line":4,"ch":24,"sticky":null},"to":{"line":4,"ch":24,"sticky":null},"text":["b"],"removed":[""],"origin":"+input"}
2019-4-11 19:36:03.151#change#{"from":{"line":4,"ch":26,"sticky":null},"to":{"line":4,"ch":26,"sticky":null},"text":["s"],"removed":[""],"origin":"+input"}
2019-4-11 19:36:04.029#keyHandled#"Down"
2019-4-11 19:36:04.429#change#{"from":{"line":4,"ch":29,"sticky":null,"xRel":1,"outside":true,"hitSide":true},"to":{"line":4,"ch":29,"sticky":null,"xRel":1,"outside":true,"hitSide":true},"text":["",""],"removed":[""],"origin":"+input"}
2019-4-11 19:36:04.429#keyHandled#"Enter"
2019-4-11 19:36:04.439#viewportChange#0
2019-4-11 19:36:39.420#change#{"from":{"line":5,"ch":0,"sticky":null},"to":{"line":5,"ch":0,"sticky":null},"text":["",""],"removed":[""],"origin":"+input"}
2019-4-11 19:36:39.420#keyHandled#"Enter"
2019-4-11 19:36:39.429#viewportChange#0
2019-4-11 19:36:40.407#change#{"from":{"line":6,"ch":0,"sticky":null},"to":{"line":6,"ch":0,"sticky":null},"text":["i"],"removed":[""],"origin":"+input"}
2019-4-11 19:36:40.807#change#{"from":{"line":6,"ch":1,"sticky":null},"to":{"line":6,"ch":1,"sticky":null},"text":["f"],"removed":[""],"origin":"+input"}
2019-4-11 19:36:41.731#change#{"from":{"line":6,"ch":2,"sticky":null},"to":{"line":6,"ch":2,"sticky":null},"text":[" "],"removed":[""],"origin":"+input"}
2019-4-11 19:36:44.794#change#{"from":{"line":6,"ch":3,"sticky":null},"to":{"line":6,"ch":3,"sticky":null},"text":["v"],"removed":[""],"origin":"+input"}
2019-4-11 19:36:45.032#change#{"from":{"line":6,"ch":4,"sticky":null},"to":{"line":6,"ch":4,"sticky":null},"text":["a"],"removed":[""],"origin":"+input"}
2019-4-11 19:36:45.303#change#{"from":{"line":6,"ch":5,"sticky":null},"to":{"line":6,"ch":5,"sticky":null},"text":["l"],"removed":[""],"origin":"+input"}
2019-4-11 19:36:45.487#change#{"from":{"line":6,"ch":6,"sticky":null},"to":{"line":6,"ch":6,"sticky":null},"text":["o"],"removed":[""],"origin":"+input"}
2019-4-11 19:36:45.855#change#{"from":{"line":6,"ch":7,"sticky":null},"to":{"line":6,"ch":7,"sticky":null},"text":["r"],"removed":[""],"origin":"+input"}
2019-4-11 19:36:46.436#change#{"from":{"line":6,"ch":7,"sticky":"after"},"to":{"line":6,"ch":8,"sticky":null},"text":[""],"removed":["r"],"origin":"+delete"}
2019-4-11 19:36:46.436#keyHandled#"Backspace"
2019-4-11 19:36:46.612#change#{"from":{"line":6,"ch":6,"sticky":"after"},"to":{"line":6,"ch":7,"sticky":null},"text":[""],"removed":["o"],"origin":"+delete"}
2019-4-11 19:36:46.612#keyHandled#"Backspace"
2019-4-11 19:36:46.772#change#{"from":{"line":6,"ch":5,"sticky":"after"},"to":{"line":6,"ch":6,"sticky":null},"text":[""],"removed":["l"],"origin":"+delete"}
2019-4-11 19:36:46.772#keyHandled#"Backspace"
2019-4-11 19:36:46.944#change#{"from":{"line":6,"ch":4,"sticky":"after"},"to":{"line":6,"ch":5,"sticky":null},"text":[""],"removed":["a"],"origin":"+delete"}
2019-4-11 19:36:46.944#keyHandled#"Backspace"
2019-4-11 19:36:47.188#change#{"from":{"line":6,"ch":3,"sticky":"after"},"to":{"line":6,"ch":4,"sticky":null},"text":[""],"removed":["v"],"origin":"+delete"}
2019-4-11 19:36:47.188#keyHandled#"Backspace"
2019-4-11 19:36:48.054#change#{"from":{"line":6,"ch":3,"sticky":null},"to":{"line":6,"ch":3,"sticky":null},"text":["()"],"removed":[""],"origin":"+input"}
2019-4-11 19:36:48.054#keyHandled#"'('"
2019-4-11 19:36:48.975#change#{"from":{"line":6,"ch":4,"sticky":"after"},"to":{"line":6,"ch":4,"sticky":"after"},"text":["v"],"removed":[""],"origin":"+input"}
2019-4-11 19:36:49.175#change#{"from":{"line":6,"ch":5,"sticky":null},"to":{"line":6,"ch":5,"sticky":null},"text":["a"],"removed":[""],"origin":"+input"}
2019-4-11 19:36:49.559#change#{"from":{"line":6,"ch":6,"sticky":null},"to":{"line":6,"ch":6,"sticky":null},"text":["l"],"removed":[""],"origin":"+input"}
2019-4-11 19:36:49.730#change#{"from":{"line":6,"ch":7,"sticky":null},"to":{"line":6,"ch":7,"sticky":null},"text":["o"],"removed":[""],"origin":"+input"}
2019-4-11 19:36:50.007#change#{"from":{"line":6,"ch":8,"sticky":null},"to":{"line":6,"ch":8,"sticky":null},"text":["r"],"removed":[""],"origin":"+input"}
2019-4-11 19:36:53.767#change#{"from":{"line":6,"ch":9,"sticky":null},"to":{"line":6,"ch":9,"sticky":null},"text":["."],"removed":[""],"origin":"+input"}
2019-4-11 19:36:55.044#change#{"from":{"line":6,"ch":9,"sticky":"after"},"to":{"line":6,"ch":10,"sticky":null},"text":[""],"removed":["."],"origin":"+delete"}
2019-4-11 19:36:55.044#keyHandled#"Backspace"
2019-4-11 19:36:55.697#change#{"from":{"line":6,"ch":9,"sticky":null},"to":{"line":6,"ch":9,"sticky":null},"text":[">"],"removed":[""],"origin":"+input"}
2019-4-11 19:36:59.481#change#{"from":{"line":6,"ch":10,"sticky":null},"to":{"line":6,"ch":10,"sticky":null},"text":[" "],"removed":[""],"origin":"+input"}
2019-4-11 19:37:00.097#change#{"from":{"line":6,"ch":11,"sticky":null},"to":{"line":6,"ch":11,"sticky":null},"text":["()"],"removed":[""],"origin":"+input"}
2019-4-11 19:37:00.097#keyHandled#"'('"
2019-4-11 19:37:02.367#change#{"from":{"line":6,"ch":12,"sticky":"after"},"to":{"line":6,"ch":12,"sticky":"after"},"text":["t"],"removed":[""],"origin":"+input"}
2019-4-11 19:37:02.829#change#{"from":{"line":6,"ch":13,"sticky":null},"to":{"line":6,"ch":13,"sticky":null},"text":["i"],"removed":[""],"origin":"+input"}
2019-4-11 19:37:04.199#change#{"from":{"line":6,"ch":14,"sticky":null},"to":{"line":6,"ch":14,"sticky":null},"text":["c"],"removed":[""],"origin":"+input"}
2019-4-11 19:37:04.414#change#{"from":{"line":6,"ch":15,"sticky":null},"to":{"line":6,"ch":15,"sticky":null},"text":["k"],"removed":[""],"origin":"+input"}
2019-4-11 19:37:04.631#change#{"from":{"line":6,"ch":16,"sticky":null},"to":{"line":6,"ch":16,"sticky":null},"text":["e"],"removed":[""],"origin":"+input"}
2019-4-11 19:37:06.980#change#{"from":{"line":6,"ch":17,"sticky":null},"to":{"line":6,"ch":17,"sticky":null},"text":["t"],"removed":[""],"origin":"+input"}
2019-4-11 19:37:07.297#change#{"from":{"line":6,"ch":18,"sticky":null},"to":{"line":6,"ch":18,"sticky":null},"text":["s"],"removed":[""],"origin":"+input"}
2019-4-11 19:37:09.271#change#{"from":{"line":6,"ch":19,"sticky":null},"to":{"line":6,"ch":19,"sticky":null},"text":["*"],"removed":[""],"origin":"+input"}
2019-4-11 19:37:11.087#change#{"from":{"line":6,"ch":20,"sticky":null},"to":{"line":6,"ch":20,"sticky":null},"text":["v"],"removed":[""],"origin":"+input"}
2019-4-11 19:37:11.280#change#{"from":{"line":6,"ch":21,"sticky":null},"to":{"line":6,"ch":21,"sticky":null},"text":["a"],"removed":[""],"origin":"+input"}
2019-4-11 19:37:11.719#change#{"from":{"line":6,"ch":22,"sticky":null},"to":{"line":6,"ch":22,"sticky":null},"text":["l"],"removed":[""],"origin":"+input"}
2019-4-11 19:37:11.903#change#{"from":{"line":6,"ch":23,"sticky":null},"to":{"line":6,"ch":23,"sticky":null},"text":["o"],"removed":[""],"origin":"+input"}
2019-4-11 19:37:12.063#change#{"from":{"line":6,"ch":24,"sticky":null},"to":{"line":6,"ch":24,"sticky":null},"text":["r"],"removed":[""],"origin":"+input"}
2019-4-11 19:37:16.047#change#{"from":{"line":6,"ch":25,"sticky":null},"to":{"line":6,"ch":25,"sticky":null},"text":["t"],"removed":[""],"origin":"+input"}
2019-4-11 19:37:16.313#change#{"from":{"line":6,"ch":26,"sticky":null},"to":{"line":6,"ch":26,"sticky":null},"text":["i"],"removed":[""],"origin":"+input"}
2019-4-11 19:37:16.839#change#{"from":{"line":6,"ch":27,"sticky":null},"to":{"line":6,"ch":27,"sticky":null},"text":["c"],"removed":[""],"origin":"+input"}
2019-4-11 19:37:17.097#change#{"from":{"line":6,"ch":28,"sticky":null},"to":{"line":6,"ch":28,"sticky":null},"text":["k"],"removed":[""],"origin":"+input"}
2019-4-11 19:37:18.328#keyHandled#"Right"
2019-4-11 19:37:20.215#change#{"from":{"line":6,"ch":30,"sticky":"before"},"to":{"line":6,"ch":30,"sticky":"before"},"text":["+"],"removed":[""],"origin":"+input"}
2019-4-11 19:37:21.422#change#{"from":{"line":6,"ch":31,"sticky":null},"to":{"line":6,"ch":31,"sticky":null},"text":["()"],"removed":[""],"origin":"+input"}
2019-4-11 19:37:21.422#keyHandled#"'('"
2019-4-11 19:37:23.314#change#{"from":{"line":6,"ch":32,"sticky":"after"},"to":{"line":6,"ch":32,"sticky":"after"},"text":["o"],"removed":[""],"origin":"+input"}
2019-4-11 19:37:23.670#change#{"from":{"line":6,"ch":33,"sticky":null},"to":{"line":6,"ch":33,"sticky":null},"text":["n"],"removed":[""],"origin":"+input"}
2019-4-11 19:37:23.951#change#{"from":{"line":6,"ch":34,"sticky":null},"to":{"line":6,"ch":34,"sticky":null},"text":["i"],"removed":[""],"origin":"+input"}
2019-4-11 19:37:24.218#change#{"from":{"line":6,"ch":35,"sticky":null},"to":{"line":6,"ch":35,"sticky":null},"text":["b"],"removed":[""],"origin":"+input"}
2019-4-11 19:37:24.414#change#{"from":{"line":6,"ch":36,"sticky":null},"to":{"line":6,"ch":36,"sticky":null},"text":["u"],"removed":[""],"origin":"+input"}
2019-4-11 19:37:24.607#change#{"from":{"line":6,"ch":37,"sticky":null},"to":{"line":6,"ch":37,"sticky":null},"text":["s"],"removed":[""],"origin":"+input"}
2019-4-11 19:37:25.165#change#{"from":{"line":6,"ch":38,"sticky":null},"to":{"line":6,"ch":38,"sticky":null},"text":["*"],"removed":[""],"origin":"+input"}
2019-4-11 19:37:27.363#change#{"from":{"line":6,"ch":39,"sticky":null},"to":{"line":6,"ch":39,"sticky":null},"text":["v"],"removed":[""],"origin":"+input"}
2019-4-11 19:37:28.751#change#{"from":{"line":6,"ch":40,"sticky":null},"to":{"line":6,"ch":40,"sticky":null},"text":["a"],"removed":[""],"origin":"+input"}
2019-4-11 19:37:29.023#change#{"from":{"line":6,"ch":41,"sticky":null},"to":{"line":6,"ch":41,"sticky":null},"text":["l"],"removed":[""],"origin":"+input"}
2019-4-11 19:37:29.256#change#{"from":{"line":6,"ch":42,"sticky":null},"to":{"line":6,"ch":42,"sticky":null},"text":["o"],"removed":[""],"origin":"+input"}
2019-4-11 19:37:30.576#change#{"from":{"line":6,"ch":43,"sticky":null},"to":{"line":6,"ch":43,"sticky":null},"text":["r"],"removed":[""],"origin":"+input"}
2019-4-11 19:37:30.790#change#{"from":{"line":6,"ch":44,"sticky":null},"to":{"line":6,"ch":44,"sticky":null},"text":["o"],"removed":[""],"origin":"+input"}
2019-4-11 19:37:31.011#change#{"from":{"line":6,"ch":45,"sticky":null},"to":{"line":6,"ch":45,"sticky":null},"text":["n"],"removed":[""],"origin":"+input"}
2019-4-11 19:37:32.379#keyHandled#"Right"
2019-4-11 19:37:33.579#change#{"from":{"line":6,"ch":47,"sticky":"before"},"to":{"line":6,"ch":47,"sticky":"before"},"text":["_"],"removed":[""],"origin":"+input"}
2019-4-11 19:37:34.532#change#{"from":{"line":6,"ch":47,"sticky":"after"},"to":{"line":6,"ch":48,"sticky":null},"text":[""],"removed":["_"],"origin":"+delete"}
2019-4-11 19:37:34.532#keyHandled#"Backspace"
2019-4-11 19:37:35.061#keyHandled#"')'"
2019-4-11 19:37:35.962#change#{"from":{"line":6,"ch":48,"sticky":"before"},"to":{"line":6,"ch":48,"sticky":"before"},"text":[")"],"removed":[""],"origin":"+input"}
2019-4-11 19:37:38.044#mousedown#{"isTrusted":true}
2019-4-11 19:37:39.119#change#{"from":{"line":6,"ch":11,"sticky":"after","xRel":1.8125},"to":{"line":6,"ch":11,"sticky":"after","xRel":1.8125},"text":["("],"removed":[""],"origin":"+input"}
2019-4-11 19:37:41.028#mousedown#{"isTrusted":true}
2019-4-11 19:37:42.434#change#{"from":{"line":6,"ch":50,"sticky":"before","xRel":46.8125},"to":{"line":6,"ch":50,"sticky":"before","xRel":46.8125},"text":[":"],"removed":[""],"origin":"+input"}
2019-4-11 19:37:42.790#change#{"from":{"line":6,"ch":51,"sticky":null},"to":{"line":6,"ch":51,"sticky":null},"text":["",""],"removed":[""],"origin":"+input"}
2019-4-11 19:37:42.790#change#{"from":{"line":7,"ch":0,"sticky":null},"to":{"line":7,"ch":0,"sticky":null},"text":["\t"],"removed":[""],"origin":"+input"}
2019-4-11 19:37:42.790#keyHandled#"Enter"
2019-4-11 19:37:42.805#viewportChange#0
2019-4-11 19:37:47.065#change#{"from":{"line":7,"ch":1,"sticky":null},"to":{"line":7,"ch":1,"sticky":null},"text":["p"],"removed":[""],"origin":"+input"}
2019-4-11 19:37:47.233#change#{"from":{"line":7,"ch":2,"sticky":null},"to":{"line":7,"ch":2,"sticky":null},"text":["r"],"removed":[""],"origin":"+input"}
2019-4-11 19:37:47.422#change#{"from":{"line":7,"ch":3,"sticky":null},"to":{"line":7,"ch":3,"sticky":null},"text":["i"],"removed":[""],"origin":"+input"}
2019-4-11 19:37:47.712#change#{"from":{"line":7,"ch":4,"sticky":null},"to":{"line":7,"ch":4,"sticky":null},"text":["n"],"removed":[""],"origin":"+input"}
2019-4-11 19:37:47.967#change#{"from":{"line":7,"ch":5,"sticky":null},"to":{"line":7,"ch":5,"sticky":null},"text":["t"],"removed":[""],"origin":"+input"}
2019-4-11 19:37:49.286#change#{"from":{"line":7,"ch":6,"sticky":null},"to":{"line":7,"ch":6,"sticky":null},"text":["()"],"removed":[""],"origin":"+input"}
2019-4-11 19:37:49.286#keyHandled#"'('"
2019-4-11 19:37:50.381#change#{"from":{"line":7,"ch":7,"sticky":"after"},"to":{"line":7,"ch":7,"sticky":"after"},"text":["\"\""],"removed":[""],"origin":"+input"}
2019-4-11 19:37:50.381#keyHandled#"'\"'"
2019-4-11 19:37:51.465#change#{"from":{"line":7,"ch":8,"sticky":"after"},"to":{"line":7,"ch":8,"sticky":"after"},"text":["S"],"removed":[""],"origin":"+input"}
2019-4-11 19:37:51.679#change#{"from":{"line":7,"ch":9,"sticky":null},"to":{"line":7,"ch":9,"sticky":null},"text":["U"],"removed":[""],"origin":"+input"}
2019-4-11 19:37:51.945#change#{"from":{"line":7,"ch":10,"sticky":null},"to":{"line":7,"ch":10,"sticky":null},"text":["F"],"removed":[""],"origin":"+input"}
2019-4-11 19:37:52.118#change#{"from":{"line":7,"ch":11,"sticky":null},"to":{"line":7,"ch":11,"sticky":null},"text":["I"],"removed":[""],"origin":"+input"}
2019-4-11 19:37:52.962#change#{"from":{"line":7,"ch":12,"sticky":null},"to":{"line":7,"ch":12,"sticky":null},"text":["V"],"removed":[""],"origin":"+input"}
2019-4-11 19:37:53.446#change#{"from":{"line":7,"ch":13,"sticky":null},"to":{"line":7,"ch":13,"sticky":null},"text":["="],"removed":[""],"origin":"+input"}
2019-4-11 19:37:53.663#change#{"from":{"line":7,"ch":14,"sticky":null},"to":{"line":7,"ch":14,"sticky":null},"text":["C"],"removed":[""],"origin":"+input"}
2019-4-11 19:37:53.934#change#{"from":{"line":7,"ch":15,"sticky":null},"to":{"line":7,"ch":15,"sticky":null},"text":["I"],"removed":[""],"origin":"+input"}
2019-4-11 19:37:55.178#change#{"from":{"line":7,"ch":16,"sticky":null},"to":{"line":7,"ch":16,"sticky":null},"text":["="],"removed":[""],"origin":"+input"}
2019-4-11 19:37:55.383#change#{"from":{"line":7,"ch":17,"sticky":null},"to":{"line":7,"ch":17,"sticky":null},"text":["="],"removed":[""],"origin":"+input"}
2019-4-11 19:37:56.011#change#{"from":{"line":7,"ch":17,"sticky":"after"},"to":{"line":7,"ch":18,"sticky":null},"text":[""],"removed":["="],"origin":"+delete"}
2019-4-11 19:37:56.011#keyHandled#"Backspace"
2019-4-11 19:37:56.175#change#{"from":{"line":7,"ch":16,"sticky":"after"},"to":{"line":7,"ch":17,"sticky":null},"text":[""],"removed":["="],"origin":"+delete"}
2019-4-11 19:37:56.175#keyHandled#"Backspace"
2019-4-11 19:37:56.363#change#{"from":{"line":7,"ch":15,"sticky":"after"},"to":{"line":7,"ch":16,"sticky":null},"text":[""],"removed":["I"],"origin":"+delete"}
2019-4-11 19:37:56.363#keyHandled#"Backspace"
2019-4-11 19:37:56.547#change#{"from":{"line":7,"ch":14,"sticky":"after"},"to":{"line":7,"ch":15,"sticky":null},"text":[""],"removed":["C"],"origin":"+delete"}
2019-4-11 19:37:56.547#keyHandled#"Backspace"
2019-4-11 19:37:56.819#change#{"from":{"line":7,"ch":13,"sticky":"after"},"to":{"line":7,"ch":14,"sticky":null},"text":[""],"removed":["="],"origin":"+delete"}
2019-4-11 19:37:56.819#keyHandled#"Backspace"
2019-4-11 19:37:57.126#change#{"from":{"line":7,"ch":12,"sticky":"after"},"to":{"line":7,"ch":13,"sticky":null},"text":[""],"removed":["V"],"origin":"+delete"}
2019-4-11 19:37:57.126#keyHandled#"Backspace"
2019-4-11 19:37:57.871#change#{"from":{"line":7,"ch":12,"sticky":null},"to":{"line":7,"ch":12,"sticky":null},"text":["C"],"removed":[""],"origin":"+input"}
2019-4-11 19:37:58.070#change#{"from":{"line":7,"ch":13,"sticky":null},"to":{"line":7,"ch":13,"sticky":null},"text":["I"],"removed":[""],"origin":"+input"}
2019-4-11 19:37:58.247#change#{"from":{"line":7,"ch":14,"sticky":null},"to":{"line":7,"ch":14,"sticky":null},"text":["E"],"removed":[""],"origin":"+input"}
2019-4-11 19:37:58.486#change#{"from":{"line":7,"ch":15,"sticky":null},"to":{"line":7,"ch":15,"sticky":null},"text":["N"],"removed":[""],"origin":"+input"}
2019-4-11 19:37:58.686#change#{"from":{"line":7,"ch":16,"sticky":null},"to":{"line":7,"ch":16,"sticky":null},"text":["T"],"removed":[""],"origin":"+input"}
2019-4-11 19:37:58.912#change#{"from":{"line":7,"ch":17,"sticky":null},"to":{"line":7,"ch":17,"sticky":null},"text":["E"],"removed":[""],"origin":"+input"}
2019-4-11 19:37:59.811#keyHandled#"Right"
2019-4-11 19:38:00.579#keyHandled#"Right"
2019-4-11 19:38:01.211#change#{"from":{"line":7,"ch":20,"sticky":"before"},"to":{"line":7,"ch":20,"sticky":"before"},"text":["",""],"removed":[""],"origin":"+input"}
2019-4-11 19:38:01.211#change#{"from":{"line":8,"ch":0,"sticky":null},"to":{"line":8,"ch":0,"sticky":null},"text":["\t"],"removed":[""],"origin":"+input"}
2019-4-11 19:38:01.212#keyHandled#"Enter"
2019-4-11 19:38:01.223#viewportChange#0
2019-4-11 19:38:01.747#change#{"from":{"line":8,"ch":0,"sticky":"after"},"to":{"line":8,"ch":1,"sticky":null},"text":[""],"removed":["\t"],"origin":"+delete"}
2019-4-11 19:38:01.747#keyHandled#"Backspace"
2019-4-11 19:38:02.695#change#{"from":{"line":8,"ch":0,"sticky":null},"to":{"line":8,"ch":0,"sticky":null},"text":["E"],"removed":[""],"origin":"+input"}
2019-4-11 19:38:02.918#change#{"from":{"line":8,"ch":1,"sticky":null},"to":{"line":8,"ch":1,"sticky":null},"text":["S"],"removed":[""],"origin":"+input"}
2019-4-11 19:38:03.214#change#{"from":{"line":8,"ch":2,"sticky":null},"to":{"line":8,"ch":2,"sticky":null},"text":["L"],"removed":[""],"origin":"+input"}
2019-4-11 19:38:03.454#change#{"from":{"line":8,"ch":3,"sticky":null},"to":{"line":8,"ch":3,"sticky":null},"text":["S"],"removed":[""],"origin":"+input"}
2019-4-11 19:38:03.811#change#{"from":{"line":8,"ch":3,"sticky":"after"},"to":{"line":8,"ch":4,"sticky":null},"text":[""],"removed":["S"],"origin":"+delete"}
2019-4-11 19:38:03.811#keyHandled#"Backspace"
2019-4-11 19:38:04.035#change#{"from":{"line":8,"ch":2,"sticky":"after"},"to":{"line":8,"ch":3,"sticky":null},"text":[""],"removed":["L"],"origin":"+delete"}
2019-4-11 19:38:04.035#keyHandled#"Backspace"
2019-4-11 19:38:04.219#change#{"from":{"line":8,"ch":1,"sticky":"after"},"to":{"line":8,"ch":2,"sticky":null},"text":[""],"removed":["S"],"origin":"+delete"}
2019-4-11 19:38:04.219#keyHandled#"Backspace"
2019-4-11 19:38:04.403#change#{"from":{"line":8,"ch":0,"sticky":"after"},"to":{"line":8,"ch":1,"sticky":null},"text":[""],"removed":["E"],"origin":"+delete"}
2019-4-11 19:38:04.403#keyHandled#"Backspace"
2019-4-11 19:38:05.430#change#{"from":{"line":8,"ch":0,"sticky":null},"to":{"line":8,"ch":0,"sticky":null},"text":["e"],"removed":[""],"origin":"+input"}
2019-4-11 19:38:06.263#change#{"from":{"line":8,"ch":1,"sticky":null},"to":{"line":8,"ch":1,"sticky":null},"text":["l"],"removed":[""],"origin":"+input"}
2019-4-11 19:38:06.378#change#{"from":{"line":8,"ch":2,"sticky":null},"to":{"line":8,"ch":2,"sticky":null},"text":["s"],"removed":[""],"origin":"+input"}
2019-4-11 19:38:06.595#change#{"from":{"line":8,"ch":3,"sticky":null},"to":{"line":8,"ch":3,"sticky":null},"text":["e"],"removed":[""],"origin":"+input"}
2019-4-11 19:38:08.438#change#{"from":{"line":8,"ch":4,"sticky":null},"to":{"line":8,"ch":4,"sticky":null},"text":[":"],"removed":[""],"origin":"+input"}
2019-4-11 19:38:10.492#change#{"from":{"line":8,"ch":5,"sticky":null},"to":{"line":8,"ch":5,"sticky":null},"text":["",""],"removed":[""],"origin":"+input"}
2019-4-11 19:38:10.492#change#{"from":{"line":9,"ch":0,"sticky":null},"to":{"line":9,"ch":0,"sticky":null},"text":["\t"],"removed":[""],"origin":"+input"}
2019-4-11 19:38:10.492#keyHandled#"Enter"
2019-4-11 19:38:10.510#viewportChange#0
2019-4-11 19:38:12.561#change#{"from":{"line":9,"ch":1,"sticky":null},"to":{"line":9,"ch":1,"sticky":null},"text":["p"],"removed":[""],"origin":"+input"}
2019-4-11 19:38:12.862#change#{"from":{"line":9,"ch":2,"sticky":null},"to":{"line":9,"ch":2,"sticky":null},"text":["r"],"removed":[""],"origin":"+input"}
2019-4-11 19:38:13.310#change#{"from":{"line":9,"ch":4,"sticky":null},"to":{"line":9,"ch":4,"sticky":null},"text":["n"],"removed":[""],"origin":"+input"}
2019-4-11 19:38:13.551#change#{"from":{"line":9,"ch":5,"sticky":null},"to":{"line":9,"ch":5,"sticky":null},"text":["t"],"removed":[""],"origin":"+input"}
2019-4-11 19:38:14.613#change#{"from":{"line":9,"ch":6,"sticky":null},"to":{"line":9,"ch":6,"sticky":null},"text":["()"],"removed":[""],"origin":"+input"}
2019-4-11 19:38:14.613#keyHandled#"'('"
2019-4-11 19:38:15.814#change#{"from":{"line":9,"ch":7,"sticky":"after"},"to":{"line":9,"ch":7,"sticky":"after"},"text":["I"],"removed":[""],"origin":"+input"}
2019-4-11 19:38:16.038#change#{"from":{"line":9,"ch":8,"sticky":null},"to":{"line":9,"ch":8,"sticky":null},"text":["N"],"removed":[""],"origin":"+input"}
2019-4-11 19:38:16.350#change#{"from":{"line":9,"ch":9,"sticky":null},"to":{"line":9,"ch":9,"sticky":null},"text":["S"],"removed":[""],"origin":"+input"}
2019-4-11 19:38:16.622#change#{"from":{"line":9,"ch":10,"sticky":null},"to":{"line":9,"ch":10,"sticky":null},"text":["U"],"removed":[""],"origin":"+input"}
2019-4-11 19:38:16.902#change#{"from":{"line":9,"ch":11,"sticky":null},"to":{"line":9,"ch":11,"sticky":null},"text":["F"],"removed":[""],"origin":"+input"}
2019-4-11 19:38:17.169#change#{"from":{"line":9,"ch":12,"sticky":null},"to":{"line":9,"ch":12,"sticky":null},"text":["I"],"removed":[""],"origin":"+input"}
2019-4-11 19:38:17.503#change#{"from":{"line":9,"ch":13,"sticky":null},"to":{"line":9,"ch":13,"sticky":null},"text":["C"],"removed":[""],"origin":"+input"}
2019-4-11 19:38:17.734#change#{"from":{"line":9,"ch":14,"sticky":null},"to":{"line":9,"ch":14,"sticky":null},"text":["I"],"removed":[""],"origin":"+input"}
2019-4-11 19:38:17.911#change#{"from":{"line":9,"ch":15,"sticky":null},"to":{"line":9,"ch":15,"sticky":null},"text":["E"],"removed":[""],"origin":"+input"}
2019-4-11 19:38:18.111#change#{"from":{"line":9,"ch":16,"sticky":null},"to":{"line":9,"ch":16,"sticky":null},"text":["N"],"removed":[""],"origin":"+input"}
2019-4-11 19:38:18.260#change#{"from":{"line":9,"ch":17,"sticky":null},"to":{"line":9,"ch":17,"sticky":null},"text":["T"],"removed":[""],"origin":"+input"}
2019-4-11 19:38:18.494#change#{"from":{"line":9,"ch":18,"sticky":null},"to":{"line":9,"ch":18,"sticky":null},"text":["E"],"removed":[""],"origin":"+input"}
2019-4-11 19:38:24.418#keyHandled#"Left"
2019-4-11 19:38:24.918#keyHandled#"Left"
2019-4-11 19:38:24.968#keyHandled#"Left"
2019-4-11 19:38:25.018#keyHandled#"Left"
2019-4-11 19:38:25.074#keyHandled#"Left"
2019-4-11 19:38:25.124#keyHandled#"Left"
2019-4-11 19:38:25.174#keyHandled#"Left"
2019-4-11 19:38:25.224#keyHandled#"Left"
2019-4-11 19:38:25.274#keyHandled#"Left"
2019-4-11 19:38:25.324#keyHandled#"Left"
2019-4-11 19:38:25.373#keyHandled#"Left"
2019-4-11 19:38:25.423#keyHandled#"Left"
2019-4-11 19:38:25.666#keyHandled#"Left"
2019-4-11 19:38:26.358#keyHandled#"Right"
2019-4-11 19:38:26.524#keyHandled#"Right"
2019-4-11 19:38:26.963#keyHandled#"Right"
2019-4-11 19:38:27.563#keyHandled#"Left"
2019-4-11 19:38:27.757#keyHandled#"Left"
2019-4-11 19:38:28.718#change#{"from":{"line":9,"ch":7,"sticky":"after"},"to":{"line":9,"ch":7,"sticky":"after"},"text":["\""],"removed":[""],"origin":"+input"}
2019-4-11 19:38:29.763#keyHandled#"Right"
2019-4-11 19:38:30.262#keyHandled#"Right"
2019-4-11 19:38:30.312#keyHandled#"Right"
2019-4-11 19:38:30.362#keyHandled#"Right"
2019-4-11 19:38:30.413#keyHandled#"Right"
2019-4-11 19:38:30.463#keyHandled#"Right"
2019-4-11 19:38:30.513#keyHandled#"Right"
2019-4-11 19:38:30.563#keyHandled#"Right"
2019-4-11 19:38:30.724#keyHandled#"Right"
2019-4-11 19:38:30.898#keyHandled#"Right"
2019-4-11 19:38:31.059#keyHandled#"Right"
2019-4-11 19:38:31.362#keyHandled#"Right"
2019-4-11 19:38:32.439#change#{"from":{"line":9,"ch":20,"sticky":"before"},"to":{"line":9,"ch":20,"sticky":"before"},"text":["\""],"removed":[""],"origin":"+input"}
2019-4-11 19:38:33.948#mousedown#{"isTrusted":true}
2019-4-11 19:38:33.948#mousedown#{"isTrusted":true}
2019-4-11 19:38:35.911#blur#
2019-4-11 19:38:37.231#saida_testar#$ python3 main.py
2019-4-11 19:39:05.148#mousedown#{"isTrusted":true}
2019-4-11 19:39:05.207#focus#
2019-4-11 19:39:06.479#change#{"from":{"line":0,"ch":6,"sticky":"before","xRel":-0.75},"to":{"line":0,"ch":6,"sticky":"before","xRel":-0.75},"text":["I"],"removed":[""],"origin":"+input"}
2019-4-11 19:39:06.902#change#{"from":{"line":0,"ch":7,"sticky":null},"to":{"line":0,"ch":7,"sticky":null},"text":["N"],"removed":[""],"origin":"+input"}
2019-4-11 19:39:07.165#change#{"from":{"line":0,"ch":8,"sticky":null},"to":{"line":0,"ch":8,"sticky":null},"text":["T"],"removed":[""],"origin":"+input"}
2019-4-11 19:39:08.248#change#{"from":{"line":0,"ch":9,"sticky":null},"to":{"line":0,"ch":9,"sticky":null},"text":["("],"removed":[""],"origin":"+input"}
2019-4-11 19:39:09.409#change#{"from":{"line":0,"ch":9,"sticky":"after"},"to":{"line":0,"ch":10,"sticky":null},"text":[""],"removed":["("],"origin":"+delete"}
2019-4-11 19:39:09.409#keyHandled#"Backspace"
2019-4-11 19:39:09.642#change#{"from":{"line":0,"ch":8,"sticky":"after"},"to":{"line":0,"ch":9,"sticky":null},"text":[""],"removed":["T"],"origin":"+delete"}
2019-4-11 19:39:09.642#keyHandled#"Backspace"
2019-4-11 19:39:09.914#change#{"from":{"line":0,"ch":7,"sticky":"after"},"to":{"line":0,"ch":8,"sticky":null},"text":[""],"removed":["N"],"origin":"+delete"}
2019-4-11 19:39:09.914#keyHandled#"Backspace"
2019-4-11 19:39:10.378#change#{"from":{"line":0,"ch":6,"sticky":"after"},"to":{"line":0,"ch":7,"sticky":null},"text":[""],"removed":["I"],"origin":"+delete"}
2019-4-11 19:39:10.379#keyHandled#"Backspace"
2019-4-11 19:39:11.998#change#{"from":{"line":0,"ch":6,"sticky":null},"to":{"line":0,"ch":6,"sticky":null},"text":["f"],"removed":[""],"origin":"+input"}
2019-4-11 19:39:12.165#change#{"from":{"line":0,"ch":7,"sticky":null},"to":{"line":0,"ch":7,"sticky":null},"text":["l"],"removed":[""],"origin":"+input"}
2019-4-11 19:39:12.359#change#{"from":{"line":0,"ch":8,"sticky":null},"to":{"line":0,"ch":8,"sticky":null},"text":["o"],"removed":[""],"origin":"+input"}
2019-4-11 19:39:12.581#change#{"from":{"line":0,"ch":9,"sticky":null},"to":{"line":0,"ch":9,"sticky":null},"text":["a"],"removed":[""],"origin":"+input"}
2019-4-11 19:39:13.781#change#{"from":{"line":0,"ch":10,"sticky":null},"to":{"line":0,"ch":10,"sticky":null},"text":["t"],"removed":[""],"origin":"+input"}
2019-4-11 19:39:14.237#change#{"from":{"line":0,"ch":11,"sticky":null},"to":{"line":0,"ch":11,"sticky":null},"text":["("],"removed":[""],"origin":"+input"}
2019-4-11 19:39:15.540#mousedown#{"isTrusted":true}
2019-4-11 19:39:16.609#change#{"from":{"line":0,"ch":37,"sticky":"before","xRel":95},"to":{"line":0,"ch":37,"sticky":"before","xRel":95},"text":[")"],"removed":[""],"origin":"+input"}
2019-4-11 19:39:18.571#mousedown#{"isTrusted":true}
2019-4-11 19:39:19.534#change#{"from":{"line":1,"ch":8,"sticky":"before","xRel":-2.609375},"to":{"line":1,"ch":8,"sticky":"before","xRel":-2.609375},"text":["f"],"removed":[""],"origin":"+input"}
2019-4-11 19:39:19.781#change#{"from":{"line":1,"ch":9,"sticky":null},"to":{"line":1,"ch":9,"sticky":null},"text":["l"],"removed":[""],"origin":"+input"}
2019-4-11 19:39:19.982#change#{"from":{"line":1,"ch":10,"sticky":null},"to":{"line":1,"ch":10,"sticky":null},"text":["a"],"removed":[""],"origin":"+input"}
2019-4-11 19:39:20.179#change#{"from":{"line":1,"ch":11,"sticky":null},"to":{"line":1,"ch":11,"sticky":null},"text":["o"],"removed":[""],"origin":"+input"}
2019-4-11 19:39:20.613#change#{"from":{"line":1,"ch":12,"sticky":null},"to":{"line":1,"ch":12,"sticky":null},"text":["t"],"removed":[""],"origin":"+input"}
2019-4-11 19:39:22.306#change#{"from":{"line":1,"ch":12,"sticky":"after"},"to":{"line":1,"ch":13,"sticky":null},"text":[""],"removed":["t"],"origin":"+delete"}
2019-4-11 19:39:22.306#keyHandled#"Backspace"
2019-4-11 19:39:22.490#change#{"from":{"line":1,"ch":11,"sticky":"after"},"to":{"line":1,"ch":12,"sticky":null},"text":[""],"removed":["o"],"origin":"+delete"}
2019-4-11 19:39:22.490#keyHandled#"Backspace"
2019-4-11 19:39:22.882#change#{"from":{"line":1,"ch":10,"sticky":"after"},"to":{"line":1,"ch":11,"sticky":null},"text":[""],"removed":["a"],"origin":"+delete"}
2019-4-11 19:39:22.882#keyHandled#"Backspace"
2019-4-11 19:39:23.653#change#{"from":{"line":1,"ch":10,"sticky":null},"to":{"line":1,"ch":10,"sticky":null},"text":["o"],"removed":[""],"origin":"+input"}
2019-4-11 19:39:23.965#change#{"from":{"line":1,"ch":11,"sticky":null},"to":{"line":1,"ch":11,"sticky":null},"text":["a"],"removed":[""],"origin":"+input"}
2019-4-11 19:39:24.317#change#{"from":{"line":1,"ch":12,"sticky":null},"to":{"line":1,"ch":12,"sticky":null},"text":["t"],"removed":[""],"origin":"+input"}
2019-4-11 19:39:25.317#change#{"from":{"line":1,"ch":13,"sticky":null},"to":{"line":1,"ch":13,"sticky":null},"text":["("],"removed":[""],"origin":"+input"}
2019-4-11 19:39:26.587#mousedown#{"isTrusted":true}
2019-4-11 19:39:27.006#mousedown#{"isTrusted":true}
2019-4-11 19:39:27.997#change#{"from":{"line":1,"ch":34,"sticky":"before","xRel":42.28125},"to":{"line":1,"ch":34,"sticky":"before","xRel":42.28125},"text":[")"],"removed":[""],"origin":"+input"}
2019-4-11 19:39:29.925#mousedown#{"isTrusted":true}
2019-4-11 19:39:31.397#change#{"from":{"line":2,"ch":10,"sticky":"after","xRel":3.8125},"to":{"line":2,"ch":10,"sticky":"after","xRel":3.8125},"text":["f"],"removed":[""],"origin":"+input"}
2019-4-11 19:39:31.644#change#{"from":{"line":2,"ch":11,"sticky":null},"to":{"line":2,"ch":11,"sticky":null},"text":["l"],"removed":[""],"origin":"+input"}
2019-4-11 19:39:31.909#change#{"from":{"line":2,"ch":12,"sticky":null},"to":{"line":2,"ch":12,"sticky":null},"text":["o"],"removed":[""],"origin":"+input"}
2019-4-11 19:39:32.133#change#{"from":{"line":2,"ch":13,"sticky":null},"to":{"line":2,"ch":13,"sticky":null},"text":["a"],"removed":[""],"origin":"+input"}
2019-4-11 19:39:32.470#change#{"from":{"line":2,"ch":14,"sticky":null},"to":{"line":2,"ch":14,"sticky":null},"text":["t"],"removed":[""],"origin":"+input"}
2019-4-11 19:39:34.025#change#{"from":{"line":2,"ch":15,"sticky":null},"to":{"line":2,"ch":15,"sticky":null},"text":["("],"removed":[""],"origin":"+input"}
2019-4-11 19:39:35.147#mousedown#{"isTrusted":true}
2019-4-11 19:39:36.069#change#{"from":{"line":2,"ch":42,"sticky":"before","xRel":31.859375},"to":{"line":2,"ch":42,"sticky":"before","xRel":31.859375},"text":[")"],"removed":[""],"origin":"+input"}
2019-4-11 19:39:37.731#mousedown#{"isTrusted":true}
2019-4-11 19:39:38.730#keyHandled#"Left"
2019-4-11 19:39:39.429#change#{"from":{"line":3,"ch":7,"sticky":"after"},"to":{"line":3,"ch":7,"sticky":"after"},"text":["f"],"removed":[""],"origin":"+input"}
2019-4-11 19:39:39.717#change#{"from":{"line":3,"ch":8,"sticky":null},"to":{"line":3,"ch":8,"sticky":null},"text":["l"],"removed":[""],"origin":"+input"}
2019-4-11 19:39:40.058#change#{"from":{"line":3,"ch":9,"sticky":null},"to":{"line":3,"ch":9,"sticky":null},"text":["o"],"removed":[""],"origin":"+input"}
2019-4-11 19:39:40.241#change#{"from":{"line":3,"ch":10,"sticky":null},"to":{"line":3,"ch":10,"sticky":null},"text":["a"],"removed":[""],"origin":"+input"}
2019-4-11 19:39:40.558#change#{"from":{"line":3,"ch":11,"sticky":null},"to":{"line":3,"ch":11,"sticky":null},"text":["t"],"removed":[""],"origin":"+input"}
2019-4-11 19:39:41.229#change#{"from":{"line":3,"ch":12,"sticky":null},"to":{"line":3,"ch":12,"sticky":null},"text":["("],"removed":[""],"origin":"+input"}
2019-4-11 19:39:43.227#mousedown#{"isTrusted":true}
2019-4-11 19:39:44.302#change#{"from":{"line":3,"ch":28,"sticky":"before","xRel":38.859375},"to":{"line":3,"ch":28,"sticky":"before","xRel":38.859375},"text":[")"],"removed":[""],"origin":"+input"}
2019-4-11 19:39:46.227#mousedown#{"isTrusted":true}
2019-4-11 19:39:47.271#keyHandled#"Left"
2019-4-11 19:39:47.782#change#{"from":{"line":4,"ch":8,"sticky":"after"},"to":{"line":4,"ch":8,"sticky":"after"},"text":["f"],"removed":[""],"origin":"+input"}
2019-4-11 19:39:48.038#change#{"from":{"line":4,"ch":9,"sticky":null},"to":{"line":4,"ch":9,"sticky":null},"text":["l"],"removed":[""],"origin":"+input"}
2019-4-11 19:39:48.245#change#{"from":{"line":4,"ch":10,"sticky":null},"to":{"line":4,"ch":10,"sticky":null},"text":["o"],"removed":[""],"origin":"+input"}
2019-4-11 19:39:48.453#change#{"from":{"line":4,"ch":11,"sticky":null},"to":{"line":4,"ch":11,"sticky":null},"text":["a"],"removed":[""],"origin":"+input"}
2019-4-11 19:39:48.781#change#{"from":{"line":4,"ch":12,"sticky":null},"to":{"line":4,"ch":12,"sticky":null},"text":["t"],"removed":[""],"origin":"+input"}
2019-4-11 19:39:49.357#change#{"from":{"line":4,"ch":13,"sticky":null},"to":{"line":4,"ch":13,"sticky":null},"text":["("],"removed":[""],"origin":"+input"}
2019-4-11 19:39:50.490#mousedown#{"isTrusted":true}
2019-4-11 19:39:51.375#change#{"from":{"line":4,"ch":35,"sticky":"before","xRel":88.84375},"to":{"line":4,"ch":35,"sticky":"before","xRel":88.84375},"text":[")"],"removed":[""],"origin":"+input"}
2019-4-11 19:39:53.862#blur#
2019-4-11 19:39:55.237#saida_testar#$ python3 main.py
