2019-4-16 19:42:24.144#viewportChange#0
2019-4-16 19:42:36.715#mousedown#{"isTrusted":true}
2019-4-16 19:42:36.736#focus#
2019-4-16 19:42:40.460#change#{"from":{"line":3,"ch":6,"sticky":"before","xRel":53.953125},"to":{"line":3,"ch":6,"sticky":"before","xRel":53.953125},"text":["i"],"removed":[""],"origin":"+input"}
2019-4-16 19:42:40.668#change#{"from":{"line":3,"ch":7,"sticky":null},"to":{"line":3,"ch":7,"sticky":null},"text":["n"],"removed":[""],"origin":"+input"}
2019-4-16 19:42:45.382#blur#
2019-4-16 19:42:53.528#focus#
2019-4-16 19:42:53.530#mousedown#{"isTrusted":true}
2019-4-16 19:42:55.383#change#{"from":{"line":3,"ch":8,"sticky":"before","xRel":13.5625},"to":{"line":3,"ch":8,"sticky":"before","xRel":13.5625},"text":["p"],"removed":[""],"origin":"+input"}
2019-4-16 19:42:56.303#change#{"from":{"line":3,"ch":9,"sticky":null},"to":{"line":3,"ch":9,"sticky":null},"text":["u"],"removed":[""],"origin":"+input"}
2019-4-16 19:42:56.571#change#{"from":{"line":3,"ch":10,"sticky":null},"to":{"line":3,"ch":10,"sticky":null},"text":["t"],"removed":[""],"origin":"+input"}
2019-4-16 19:42:58.007#change#{"from":{"line":3,"ch":11,"sticky":null},"to":{"line":3,"ch":11,"sticky":null},"text":["()"],"removed":[""],"origin":"+input"}
2019-4-16 19:42:58.007#keyHandled#"'('"
2019-4-16 19:42:59.118#change#{"from":{"line":3,"ch":12,"sticky":"after"},"to":{"line":3,"ch":12,"sticky":"after"},"text":["\"\""],"removed":[""],"origin":"+input"}
2019-4-16 19:42:59.118#keyHandled#"'\"'"
2019-4-16 19:43:01.725#change#{"from":{"line":3,"ch":13,"sticky":"after"},"to":{"line":3,"ch":13,"sticky":"after"},"text":["d"],"removed":[""],"origin":"+input"}
2019-4-16 19:43:01.874#change#{"from":{"line":3,"ch":14,"sticky":null},"to":{"line":3,"ch":14,"sticky":null},"text":["i"],"removed":[""],"origin":"+input"}
2019-4-16 19:43:02.453#change#{"from":{"line":3,"ch":15,"sticky":null},"to":{"line":3,"ch":15,"sticky":null},"text":["g"],"removed":[""],"origin":"+input"}
2019-4-16 19:43:02.589#change#{"from":{"line":3,"ch":16,"sticky":null},"to":{"line":3,"ch":16,"sticky":null},"text":["i"],"removed":[""],"origin":"+input"}
2019-4-16 19:43:02.830#change#{"from":{"line":3,"ch":17,"sticky":null},"to":{"line":3,"ch":17,"sticky":null},"text":["t"],"removed":[""],"origin":"+input"}
2019-4-16 19:43:03.442#change#{"from":{"line":3,"ch":18,"sticky":null},"to":{"line":3,"ch":18,"sticky":null},"text":["e"],"removed":[""],"origin":"+input"}
2019-4-16 19:43:07.883#change#{"from":{"line":3,"ch":19,"sticky":null},"to":{"line":3,"ch":19,"sticky":null},"text":[" "],"removed":[""],"origin":"+input"}
2019-4-16 19:43:08.246#change#{"from":{"line":3,"ch":20,"sticky":null},"to":{"line":3,"ch":20,"sticky":null},"text":["o"],"removed":[""],"origin":"+input"}
2019-4-16 19:43:08.737#change#{"from":{"line":3,"ch":21,"sticky":null},"to":{"line":3,"ch":21,"sticky":null},"text":[" "],"removed":[""],"origin":"+input"}
2019-4-16 19:43:08.897#change#{"from":{"line":3,"ch":22,"sticky":null},"to":{"line":3,"ch":22,"sticky":null},"text":["n"],"removed":[""],"origin":"+input"}
2019-4-16 19:43:09.242#change#{"from":{"line":3,"ch":23,"sticky":null},"to":{"line":3,"ch":23,"sticky":null},"text":["o"],"removed":[""],"origin":"+input"}
2019-4-16 19:43:09.646#change#{"from":{"line":3,"ch":24,"sticky":null},"to":{"line":3,"ch":24,"sticky":null},"text":["m"],"removed":[""],"origin":"+input"}
2019-4-16 19:43:09.869#change#{"from":{"line":3,"ch":25,"sticky":null},"to":{"line":3,"ch":25,"sticky":null},"text":["e"],"removed":[""],"origin":"+input"}
2019-4-16 19:43:12.169#change#{"from":{"line":3,"ch":26,"sticky":null},"to":{"line":3,"ch":26,"sticky":null},"text":[":"],"removed":[""],"origin":"+input"}
2019-4-16 19:43:15.306#mousedown#{"isTrusted":true}
2019-4-16 19:43:17.372#change#{"from":{"line":6,"ch":6,"sticky":"after","xRel":0.09375},"to":{"line":6,"ch":6,"sticky":"after","xRel":0.09375},"text":["v"],"removed":[""],"origin":"+input"}
2019-4-16 19:43:17.590#change#{"from":{"line":6,"ch":7,"sticky":null},"to":{"line":6,"ch":7,"sticky":null},"text":["a"],"removed":[""],"origin":"+input"}
2019-4-16 19:43:17.844#change#{"from":{"line":6,"ch":8,"sticky":null},"to":{"line":6,"ch":8,"sticky":null},"text":["r"],"removed":[""],"origin":"+input"}
2019-4-16 19:43:17.372#change#{"from":{"line":6,"ch":6,"sticky":"after","xRel":0.09375},"to":{"line":6,"ch":6,"sticky":"after","xRel":0.09375},"text":["v"],"removed":[""],"origin":"+input"}
2019-4-16 19:43:17.590#change#{"from":{"line":6,"ch":7,"sticky":null},"to":{"line":6,"ch":7,"sticky":null},"text":["a"],"removed":[""],"origin":"+input"}
2019-4-16 19:43:17.844#change#{"from":{"line":6,"ch":8,"sticky":null},"to":{"line":6,"ch":8,"sticky":null},"text":["r"],"removed":[""],"origin":"+input"}
2019-4-16 19:43:21.649#submit#Congratulations, your code is correct!
2019-4-16 19:43:29.778#blur#
