2019-4-30 23:54:23.888#viewportChange#0
2019-4-30 23:54:32.017#mousedown#{"isTrusted":true}
2019-4-30 23:54:32.057#focus#
2019-4-30 23:54:32.995#change#{"from":{"line":0,"ch":0,"sticky":"after","xRel":140.09375},"to":{"line":0,"ch":0,"sticky":"after","xRel":140.09375},"text":["i"],"removed":[""],"origin":"+input"}
2019-4-30 23:54:33.243#change#{"from":{"line":0,"ch":1,"sticky":null},"to":{"line":0,"ch":1,"sticky":null},"text":["d"],"removed":[""],"origin":"+input"}
2019-4-30 23:54:33.602#change#{"from":{"line":0,"ch":2,"sticky":null},"to":{"line":0,"ch":2,"sticky":null},"text":["a"],"removed":[""],"origin":"+input"}
2019-4-30 23:54:33.928#change#{"from":{"line":0,"ch":3,"sticky":null},"to":{"line":0,"ch":3,"sticky":null},"text":["d"],"removed":[""],"origin":"+input"}
2019-4-30 23:54:34.767#change#{"from":{"line":0,"ch":5,"sticky":null},"to":{"line":0,"ch":5,"sticky":null},"text":[" "],"removed":[""],"origin":"+input"}
2019-4-30 23:54:40.883#change#{"from":{"line":0,"ch":6,"sticky":null},"to":{"line":0,"ch":6,"sticky":null},"text":["="],"removed":[""],"origin":"+input"}
2019-4-30 23:54:41.406#change#{"from":{"line":0,"ch":7,"sticky":null},"to":{"line":0,"ch":7,"sticky":null},"text":[" "],"removed":[""],"origin":"+input"}
2019-4-30 23:54:42.399#change#{"from":{"line":0,"ch":8,"sticky":null},"to":{"line":0,"ch":8,"sticky":null},"text":["i"],"removed":[""],"origin":"+input"}
2019-4-30 23:54:42.666#change#{"from":{"line":0,"ch":9,"sticky":null},"to":{"line":0,"ch":9,"sticky":null},"text":["n"],"removed":[""],"origin":"+input"}
2019-4-30 23:54:42.893#change#{"from":{"line":0,"ch":10,"sticky":null},"to":{"line":0,"ch":10,"sticky":null},"text":["t"],"removed":[""],"origin":"+input"}
2019-4-30 23:54:44.919#change#{"from":{"line":0,"ch":11,"sticky":null},"to":{"line":0,"ch":11,"sticky":null},"text":["()"],"removed":[""],"origin":"+input"}
2019-4-30 23:54:44.919#keyHandled#"'('"
2019-4-30 23:54:46.009#change#{"from":{"line":0,"ch":12,"sticky":"after"},"to":{"line":0,"ch":12,"sticky":"after"},"text":["i"],"removed":[""],"origin":"+input"}
2019-4-30 23:54:46.305#change#{"from":{"line":0,"ch":13,"sticky":null},"to":{"line":0,"ch":13,"sticky":null},"text":["n"],"removed":[""],"origin":"+input"}
2019-4-30 23:54:49.756#blur#
2019-4-30 23:54:58.978#focus#
2019-4-30 23:55:05.850#blur#
2019-4-30 23:55:09.044#focus#
2019-4-30 23:55:13.483#blur#
2019-4-30 23:55:24.747#focus#
2019-4-30 23:55:26.107#blur#
2019-4-30 23:55:28.609#focus#
2019-4-30 23:55:28.616#mousedown#{"isTrusted":true}
2019-4-30 23:55:31.224#change#{"from":{"line":0,"ch":14,"sticky":"after","xRel":0.390625},"to":{"line":0,"ch":14,"sticky":"after","xRel":0.390625},"text":["p"],"removed":[""],"origin":"+input"}
2019-4-30 23:55:32.189#change#{"from":{"line":0,"ch":15,"sticky":null},"to":{"line":0,"ch":15,"sticky":null},"text":["u"],"removed":[""],"origin":"+input"}
2019-4-30 23:55:32.569#change#{"from":{"line":0,"ch":16,"sticky":null},"to":{"line":0,"ch":16,"sticky":null},"text":["t"],"removed":[""],"origin":"+input"}
2019-4-30 23:55:34.523#change#{"from":{"line":0,"ch":17,"sticky":null},"to":{"line":0,"ch":17,"sticky":null},"text":["()"],"removed":[""],"origin":"+input"}
2019-4-30 23:55:34.523#keyHandled#"'('"
2019-4-30 23:55:37.239#change#{"from":{"line":0,"ch":18,"sticky":"after"},"to":{"line":0,"ch":18,"sticky":"after"},"text":["\"\""],"removed":[""],"origin":"+input"}
2019-4-30 23:55:37.239#keyHandled#"'\"'"
2019-4-30 23:55:42.313#change#{"from":{"line":0,"ch":19,"sticky":"after"},"to":{"line":0,"ch":19,"sticky":"after"},"text":["i"],"removed":[""],"origin":"+input"}
2019-4-30 23:55:42.808#change#{"from":{"line":0,"ch":20,"sticky":null},"to":{"line":0,"ch":20,"sticky":null},"text":["d"],"removed":[""],"origin":"+input"}
2019-4-30 23:55:43.584#change#{"from":{"line":0,"ch":21,"sticky":null},"to":{"line":0,"ch":21,"sticky":null},"text":["a"],"removed":[""],"origin":"+input"}
2019-4-30 23:55:44.339#change#{"from":{"line":0,"ch":22,"sticky":null},"to":{"line":0,"ch":22,"sticky":null},"text":["d"],"removed":[""],"origin":"+input"}
2019-4-30 23:55:44.505#change#{"from":{"line":0,"ch":23,"sticky":null},"to":{"line":0,"ch":23,"sticky":null},"text":["e"],"removed":[""],"origin":"+input"}
2019-4-30 23:55:45.919#change#{"from":{"line":0,"ch":24,"sticky":null},"to":{"line":0,"ch":24,"sticky":null},"text":[" "],"removed":[""],"origin":"+input"}
2019-4-30 23:55:46.479#change#{"from":{"line":0,"ch":25,"sticky":null},"to":{"line":0,"ch":25,"sticky":null},"text":["d"],"removed":[""],"origin":"+input"}
2019-4-30 23:55:46.691#change#{"from":{"line":0,"ch":26,"sticky":null},"to":{"line":0,"ch":26,"sticky":null},"text":["a"],"removed":[""],"origin":"+input"}
2019-4-30 23:55:46.832#change#{"from":{"line":0,"ch":27,"sticky":null},"to":{"line":0,"ch":27,"sticky":null},"text":[" "],"removed":[""],"origin":"+input"}
2019-4-30 23:55:48.027#change#{"from":{"line":0,"ch":28,"sticky":null},"to":{"line":0,"ch":28,"sticky":null},"text":["e"],"removed":[""],"origin":"+input"}
2019-4-30 23:55:48.723#change#{"from":{"line":0,"ch":29,"sticky":null},"to":{"line":0,"ch":29,"sticky":null},"text":["s"],"removed":[""],"origin":"+input"}
2019-4-30 23:55:49.120#change#{"from":{"line":0,"ch":30,"sticky":null},"to":{"line":0,"ch":30,"sticky":null},"text":["o"],"removed":[""],"origin":"+input"}
2019-4-30 23:55:49.310#change#{"from":{"line":0,"ch":31,"sticky":null},"to":{"line":0,"ch":31,"sticky":null},"text":["o"],"removed":[""],"origin":"+input"}
2019-4-30 23:55:50.733#keyHandled#"Left"
2019-4-30 23:55:50.990#keyHandled#"Left"
2019-4-30 23:55:51.221#keyHandled#"Left"
2019-4-30 23:55:51.612#keyHandled#"Left"
2019-4-30 23:55:55.420#keyHandled#"Right"
2019-4-30 23:55:55.786#keyHandled#"Right"
2019-4-30 23:55:56.504#change#{"from":{"line":0,"ch":31,"sticky":"before"},"to":{"line":0,"ch":31,"sticky":"before"},"text":["s"],"removed":[""],"origin":"+input"}
2019-4-30 23:55:56.800#keyHandled#"Right"
2019-4-30 23:55:57.049#keyHandled#"Right"
2019-4-30 23:55:57.760#keyHandled#"Left"
2019-4-30 23:55:58.389#change#{"from":{"line":0,"ch":33,"sticky":"after"},"to":{"line":0,"ch":34,"sticky":"before"},"text":[""],"removed":["o"],"origin":"+delete"}
2019-4-30 23:55:58.389#keyHandled#"Delete"
2019-4-30 23:55:59.544#change#{"from":{"line":0,"ch":33,"sticky":null},"to":{"line":0,"ch":33,"sticky":null},"text":["a"],"removed":[""],"origin":"+input"}
2019-4-30 23:56:00.542#change#{"from":{"line":0,"ch":34,"sticky":null},"to":{"line":0,"ch":34,"sticky":null},"text":[":"],"removed":[""],"origin":"+input"}
2019-4-30 23:56:01.796#keyHandled#"Right"
2019-4-30 23:56:02.037#keyHandled#"Right"
2019-4-30 23:56:02.262#keyHandled#"Right"
2019-4-30 23:56:02.655#change#{"from":{"line":0,"ch":38,"sticky":"before"},"to":{"line":0,"ch":38,"sticky":"before"},"text":["",""],"removed":[""],"origin":"+input"}
2019-4-30 23:56:02.655#keyHandled#"Enter"
2019-4-30 23:56:02.662#viewportChange#0
2019-4-30 23:56:03.095#change#{"from":{"line":1,"ch":0,"sticky":null},"to":{"line":1,"ch":0,"sticky":null},"text":["",""],"removed":[""],"origin":"+input"}
2019-4-30 23:56:03.095#keyHandled#"Enter"
2019-4-30 23:56:03.102#viewportChange#0
2019-4-30 23:56:04.678#keyHandled#"Left"
2019-4-30 23:56:05.569#change#{"from":{"line":1,"ch":0,"sticky":"before"},"to":{"line":2,"ch":0,"sticky":null},"text":[""],"removed":["",""],"origin":"+delete"}
2019-4-30 23:56:05.569#keyHandled#"Delete"
2019-4-30 23:56:05.575#viewportChange#0
2019-4-30 23:56:12.430#change#{"from":{"line":1,"ch":0,"sticky":null},"to":{"line":1,"ch":0,"sticky":null},"text":["i"],"removed":[""],"origin":"+input"}
2019-4-30 23:56:15.316#change#{"from":{"line":1,"ch":3,"sticky":null},"to":{"line":1,"ch":3,"sticky":null},"text":[" "],"removed":[""],"origin":"+input"}
2019-4-30 23:56:15.888#change#{"from":{"line":1,"ch":4,"sticky":null},"to":{"line":1,"ch":4,"sticky":null},"text":["="],"removed":[""],"origin":"+input"}
2019-4-30 23:56:16.163#change#{"from":{"line":1,"ch":5,"sticky":null},"to":{"line":1,"ch":5,"sticky":null},"text":[" "],"removed":[""],"origin":"+input"}
2019-4-30 23:56:47.791#change#{"from":{"line":1,"ch":6,"sticky":null},"to":{"line":1,"ch":6,"sticky":null},"text":["f"],"removed":[""],"origin":"+input"}
2019-4-30 23:56:47.896#change#{"from":{"line":1,"ch":7,"sticky":null},"to":{"line":1,"ch":7,"sticky":null},"text":["l"],"removed":[""],"origin":"+input"}
2019-4-30 23:56:48.138#change#{"from":{"line":1,"ch":8,"sticky":null},"to":{"line":1,"ch":8,"sticky":null},"text":["o"],"removed":[""],"origin":"+input"}
2019-4-30 23:56:48.630#change#{"from":{"line":1,"ch":9,"sticky":null},"to":{"line":1,"ch":9,"sticky":null},"text":["a"],"removed":[""],"origin":"+input"}
2019-4-30 23:56:48.802#change#{"from":{"line":1,"ch":10,"sticky":null},"to":{"line":1,"ch":10,"sticky":null},"text":["t"],"removed":[""],"origin":"+input"}
2019-4-30 23:56:51.151#change#{"from":{"line":1,"ch":11,"sticky":null},"to":{"line":1,"ch":11,"sticky":null},"text":["()"],"removed":[""],"origin":"+input"}
2019-4-30 23:56:51.151#keyHandled#"'('"
2019-4-30 23:56:53.185#change#{"from":{"line":1,"ch":12,"sticky":"after"},"to":{"line":1,"ch":12,"sticky":"after"},"text":["i"],"removed":[""],"origin":"+input"}
2019-4-30 23:56:58.261#change#{"from":{"line":1,"ch":14,"sticky":null},"to":{"line":1,"ch":14,"sticky":null},"text":["p"],"removed":[""],"origin":"+input"}
2019-4-30 23:56:59.313#change#{"from":{"line":1,"ch":15,"sticky":null},"to":{"line":1,"ch":15,"sticky":null},"text":["u"],"removed":[""],"origin":"+input"}
2019-4-30 23:56:59.563#change#{"from":{"line":1,"ch":16,"sticky":null},"to":{"line":1,"ch":16,"sticky":null},"text":["t"],"removed":[""],"origin":"+input"}
2019-4-30 23:57:00.981#change#{"from":{"line":1,"ch":17,"sticky":null},"to":{"line":1,"ch":17,"sticky":null},"text":["()"],"removed":[""],"origin":"+input"}
2019-4-30 23:57:00.981#keyHandled#"'('"
2019-4-30 23:57:02.743#change#{"from":{"line":1,"ch":18,"sticky":"after"},"to":{"line":1,"ch":18,"sticky":"after"},"text":["\"\""],"removed":[""],"origin":"+input"}
2019-4-30 23:57:02.743#keyHandled#"'\"'"
2019-4-30 23:57:05.236#change#{"from":{"line":1,"ch":19,"sticky":"after"},"to":{"line":1,"ch":19,"sticky":"after"},"text":["i"],"removed":[""],"origin":"+input"}
2019-4-30 23:57:05.862#change#{"from":{"line":1,"ch":20,"sticky":null},"to":{"line":1,"ch":20,"sticky":null},"text":["m"],"removed":[""],"origin":"+input"}
2019-4-30 23:57:06.866#change#{"from":{"line":1,"ch":21,"sticky":null},"to":{"line":1,"ch":21,"sticky":null},"text":["c"],"removed":[""],"origin":"+input"}
2019-4-30 23:57:07.072#change#{"from":{"line":1,"ch":22,"sticky":null},"to":{"line":1,"ch":22,"sticky":null},"text":[" "],"removed":[""],"origin":"+input"}
2019-4-30 23:57:07.274#change#{"from":{"line":1,"ch":23,"sticky":null},"to":{"line":1,"ch":23,"sticky":null},"text":["d"],"removed":[""],"origin":"+input"}
2019-4-30 23:57:07.664#change#{"from":{"line":1,"ch":24,"sticky":null},"to":{"line":1,"ch":24,"sticky":null},"text":["a"],"removed":[""],"origin":"+input"}
2019-4-30 23:57:07.902#change#{"from":{"line":1,"ch":25,"sticky":null},"to":{"line":1,"ch":25,"sticky":null},"text":[" "],"removed":[""],"origin":"+input"}
2019-4-30 23:57:09.558#change#{"from":{"line":1,"ch":26,"sticky":null},"to":{"line":1,"ch":26,"sticky":null},"text":["e"],"removed":[""],"origin":"+input"}
2019-4-30 23:57:09.893#change#{"from":{"line":1,"ch":27,"sticky":null},"to":{"line":1,"ch":27,"sticky":null},"text":["s"],"removed":[""],"origin":"+input"}
2019-4-30 23:57:10.134#change#{"from":{"line":1,"ch":28,"sticky":null},"to":{"line":1,"ch":28,"sticky":null},"text":["s"],"removed":[""],"origin":"+input"}
2019-4-30 23:57:10.284#change#{"from":{"line":1,"ch":29,"sticky":null},"to":{"line":1,"ch":29,"sticky":null},"text":["o"],"removed":[""],"origin":"+input"}
2019-4-30 23:57:10.485#change#{"from":{"line":1,"ch":30,"sticky":null},"to":{"line":1,"ch":30,"sticky":null},"text":["a"],"removed":[""],"origin":"+input"}
2019-4-30 23:57:12.195#keyHandled#"Left"
2019-4-30 23:57:12.467#keyHandled#"Left"
2019-4-30 23:57:12.778#keyHandled#"Left"
2019-4-30 23:57:13.022#keyHandled#"Left"
2019-4-30 23:57:13.439#keyHandled#"Left"
2019-4-30 23:57:15.742#keyHandled#"Right"
2019-4-30 23:57:15.999#keyHandled#"Right"
2019-4-30 23:57:16.214#keyHandled#"Right"
2019-4-30 23:57:16.435#keyHandled#"Right"
2019-4-30 23:57:17.029#keyHandled#"Right"
2019-4-30 23:57:18.302#change#{"from":{"line":1,"ch":32,"sticky":"before"},"to":{"line":1,"ch":32,"sticky":"before"},"text":[":"],"removed":[""],"origin":"+input"}
2019-4-30 23:57:19.935#keyHandled#"Right"
2019-4-30 23:57:20.195#keyHandled#"Right"
2019-4-30 23:57:20.922#keyHandled#"Right"
2019-4-30 23:57:21.615#change#{"from":{"line":1,"ch":36,"sticky":"before"},"to":{"line":1,"ch":36,"sticky":"before"},"text":["",""],"removed":[""],"origin":"+input"}
2019-4-30 23:57:21.615#keyHandled#"Enter"
2019-4-30 23:57:21.624#viewportChange#0
2019-4-30 23:57:25.070#change#{"from":{"line":2,"ch":0,"sticky":null},"to":{"line":2,"ch":0,"sticky":null},"text":["",""],"removed":[""],"origin":"+input"}
2019-4-30 23:57:25.070#keyHandled#"Enter"
2019-4-30 23:57:25.078#viewportChange#0
2019-4-30 23:57:42.204#blur#
2019-4-30 23:57:48.511#mousedown#{"isTrusted":true}
2019-4-30 23:57:48.521#focus#
2019-4-30 23:57:53.653#change#{"from":{"line":2,"ch":0,"sticky":"after","xRel":14.09375},"to":{"line":2,"ch":0,"sticky":"after","xRel":14.09375},"text":["",""],"removed":[""],"origin":"+input"}
2019-4-30 23:57:53.653#keyHandled#"Enter"
2019-4-30 23:57:53.660#viewportChange#0
2019-4-30 23:57:56.790#change#{"from":{"line":3,"ch":0,"sticky":null},"to":{"line":3,"ch":0,"sticky":null},"text":["p"],"removed":[""],"origin":"+input"}
2019-4-30 23:57:58.209#change#{"from":{"line":3,"ch":1,"sticky":null},"to":{"line":3,"ch":1,"sticky":null},"text":["r"],"removed":[""],"origin":"+input"}
2019-4-30 23:57:58.369#change#{"from":{"line":3,"ch":2,"sticky":null},"to":{"line":3,"ch":2,"sticky":null},"text":["i"],"removed":[""],"origin":"+input"}
2019-4-30 23:57:58.630#change#{"from":{"line":3,"ch":3,"sticky":null},"to":{"line":3,"ch":3,"sticky":null},"text":["n"],"removed":[""],"origin":"+input"}
2019-4-30 23:57:58.821#change#{"from":{"line":3,"ch":4,"sticky":null},"to":{"line":3,"ch":4,"sticky":null},"text":["t"],"removed":[""],"origin":"+input"}
2019-4-30 23:58:00.445#change#{"from":{"line":3,"ch":5,"sticky":null},"to":{"line":3,"ch":5,"sticky":null},"text":["()"],"removed":[""],"origin":"+input"}
2019-4-30 23:58:00.445#keyHandled#"'('"
2019-4-30 23:58:05.665#change#{"from":{"line":3,"ch":7,"sticky":"after"},"to":{"line":3,"ch":7,"sticky":"after"},"text":["E"],"removed":[""],"origin":"+input"}
2019-4-30 23:58:06.248#change#{"from":{"line":3,"ch":8,"sticky":null},"to":{"line":3,"ch":8,"sticky":null},"text":["n"],"removed":[""],"origin":"+input"}
2019-4-30 23:58:06.549#change#{"from":{"line":3,"ch":9,"sticky":null},"to":{"line":3,"ch":9,"sticky":null},"text":["t"],"removed":[""],"origin":"+input"}
2019-4-30 23:58:06.857#change#{"from":{"line":3,"ch":10,"sticky":null},"to":{"line":3,"ch":10,"sticky":null},"text":["r"],"removed":[""],"origin":"+input"}
2019-4-30 23:58:07.440#change#{"from":{"line":3,"ch":11,"sticky":null},"to":{"line":3,"ch":11,"sticky":null},"text":["a"],"removed":[""],"origin":"+input"}
2019-4-30 23:58:07.764#change#{"from":{"line":3,"ch":12,"sticky":null},"to":{"line":3,"ch":12,"sticky":null},"text":["d"],"removed":[""],"origin":"+input"}
2019-4-30 23:58:08.111#change#{"from":{"line":3,"ch":13,"sticky":null},"to":{"line":3,"ch":13,"sticky":null},"text":["a"],"removed":[""],"origin":"+input"}
2019-4-30 23:58:08.366#change#{"from":{"line":3,"ch":14,"sticky":null},"to":{"line":3,"ch":14,"sticky":null},"text":["s"],"removed":[""],"origin":"+input"}
2019-4-30 23:58:11.272#change#{"from":{"line":3,"ch":15,"sticky":null},"to":{"line":3,"ch":15,"sticky":null},"text":[":"],"removed":[""],"origin":"+input"}
2019-4-30 23:58:16.425#keyHandled#"Right"
2019-4-30 23:58:17.675#change#{"from":{"line":3,"ch":17,"sticky":"before"},"to":{"line":3,"ch":17,"sticky":"before"},"text":[","],"removed":[""],"origin":"+input"}
2019-4-30 23:58:18.884#change#{"from":{"line":3,"ch":18,"sticky":null},"to":{"line":3,"ch":18,"sticky":null},"text":["i"],"removed":[""],"origin":"+input"}
2019-4-30 23:58:19.100#change#{"from":{"line":3,"ch":19,"sticky":null},"to":{"line":3,"ch":19,"sticky":null},"text":["d"],"removed":[""],"origin":"+input"}
2019-4-30 23:58:19.463#change#{"from":{"line":3,"ch":20,"sticky":null},"to":{"line":3,"ch":20,"sticky":null},"text":["a"],"removed":[""],"origin":"+input"}
2019-4-30 23:58:19.793#change#{"from":{"line":3,"ch":21,"sticky":null},"to":{"line":3,"ch":21,"sticky":null},"text":["d"],"removed":[""],"origin":"+input"}
2019-4-30 23:58:20.086#change#{"from":{"line":3,"ch":22,"sticky":null},"to":{"line":3,"ch":22,"sticky":null},"text":["e"],"removed":[""],"origin":"+input"}
2019-4-30 23:58:23.774#change#{"from":{"line":3,"ch":23,"sticky":null},"to":{"line":3,"ch":23,"sticky":null},"text":[","],"removed":[""],"origin":"+input"}
2019-4-30 23:58:25.993#change#{"from":{"line":3,"ch":24,"sticky":null},"to":{"line":3,"ch":24,"sticky":null},"text":["\"\""],"removed":[""],"origin":"+input"}
2019-4-30 23:58:25.993#keyHandled#"'\"'"
2019-4-30 23:58:27.580#change#{"from":{"line":3,"ch":25,"sticky":"after"},"to":{"line":3,"ch":25,"sticky":"after"},"text":["a"],"removed":[""],"origin":"+input"}
2019-4-30 23:58:27.735#change#{"from":{"line":3,"ch":26,"sticky":null},"to":{"line":3,"ch":26,"sticky":null},"text":["n"],"removed":[""],"origin":"+input"}
2019-4-30 23:58:28.444#change#{"from":{"line":3,"ch":27,"sticky":null},"to":{"line":3,"ch":27,"sticky":null},"text":["o"],"removed":[""],"origin":"+input"}
2019-4-30 23:58:28.700#change#{"from":{"line":3,"ch":28,"sticky":null},"to":{"line":3,"ch":28,"sticky":null},"text":["s"],"removed":[""],"origin":"+input"}
2019-4-30 23:58:32.021#change#{"from":{"line":3,"ch":29,"sticky":null},"to":{"line":3,"ch":29,"sticky":null},"text":[" "],"removed":[""],"origin":"+input"}
2019-4-30 23:58:32.220#change#{"from":{"line":3,"ch":30,"sticky":null},"to":{"line":3,"ch":30,"sticky":null},"text":["e"],"removed":[""],"origin":"+input"}
2019-4-30 23:58:33.089#keyHandled#"Right"
2019-4-30 23:58:46.609#keyHandled#"Left"
2019-4-30 23:58:48.843#change#{"from":{"line":3,"ch":32,"sticky":"after"},"to":{"line":3,"ch":33,"sticky":null},"text":["I"],"removed":[","],"origin":"+input"}
2019-4-30 23:58:50.057#keyHandled#"Left"
2019-4-30 23:58:50.364#keyHandled#"Left"
2019-4-30 23:58:51.455#keyHandled#"Right"
2019-4-30 23:58:52.751#change#{"from":{"line":3,"ch":32,"sticky":"before"},"to":{"line":3,"ch":33,"sticky":null},"text":[""],"removed":["I"],"origin":"+delete"}
2019-4-30 23:58:52.751#keyHandled#"Delete"
2019-4-30 23:58:53.832#change#{"from":{"line":3,"ch":32,"sticky":null},"to":{"line":3,"ch":32,"sticky":null},"text":["i"],"removed":[""],"origin":"+input"}
2019-4-30 23:58:55.931#keyHandled#"Left"
2019-4-30 23:58:56.448#keyHandled#"Left"
2019-4-30 23:58:58.570#change#{"from":{"line":3,"ch":31,"sticky":"after"},"to":{"line":3,"ch":31,"sticky":"after"},"text":[" "],"removed":[""],"origin":"+input"}
2019-4-30 23:59:00.571#change#{"from":{"line":3,"ch":32,"sticky":null},"to":{"line":3,"ch":32,"sticky":null},"text":["I"],"removed":[""],"origin":"+input"}
2019-4-30 23:59:01.028#change#{"from":{"line":3,"ch":33,"sticky":null},"to":{"line":3,"ch":33,"sticky":null},"text":["M"],"removed":[""],"origin":"+input"}
2019-4-30 23:59:02.417#change#{"from":{"line":3,"ch":34,"sticky":null},"to":{"line":3,"ch":34,"sticky":null},"text":["C"],"removed":[""],"origin":"+input"}
2019-4-30 23:59:08.533#mousedown#{"isTrusted":true}
2019-4-30 23:59:14.445#blur#
2019-4-30 23:59:14.445#blur#
2019-4-30 23:59:26.066#dica_bullet#SyntaxError: invalid syntax
2019-4-30 23:59:34.547#mousedown#{"isTrusted":true}
2019-4-30 23:59:34.802#focus#
2019-4-30 23:59:35.497#change#{"from":{"line":3,"ch":36,"sticky":"after","xRel":0.09375},"to":{"line":3,"ch":36,"sticky":"after","xRel":0.09375},"text":[","],"removed":[""],"origin":"+input"}
2019-4-30 23:59:37.220#blur#
2019-4-30 23:59:37.220#blur#
2019-4-30 23:59:41.376#saida_testar#$ python3 main.py
File "main.py", line 4
print("Entradas:",idade,"anos e IMC"imc)
SyntaxError: invalid syntax
2019-5-1 00:00:22.141#mousedown#{"isTrusted":true}
2019-5-1 00:00:22.236#focus#
2019-5-1 00:00:23.541#change#{"from":{"line":4,"ch":0,"sticky":"after","xRel":24.09375},"to":{"line":4,"ch":0,"sticky":"after","xRel":24.09375},"text":["i"],"removed":[""],"origin":"+input"}
2019-5-1 00:00:23.779#change#{"from":{"line":4,"ch":1,"sticky":null},"to":{"line":4,"ch":1,"sticky":null},"text":["f"],"removed":[""],"origin":"+input"}
2019-5-1 00:00:25.269#change#{"from":{"line":4,"ch":2,"sticky":null},"to":{"line":4,"ch":2,"sticky":null},"text":["()"],"removed":[""],"origin":"+input"}
2019-5-1 00:00:25.269#keyHandled#"'('"
2019-5-1 00:00:31.252#change#{"from":{"line":4,"ch":3,"sticky":"after"},"to":{"line":4,"ch":3,"sticky":"after"},"text":["i"],"removed":[""],"origin":"+input"}
2019-5-1 00:00:31.597#change#{"from":{"line":4,"ch":4,"sticky":null},"to":{"line":4,"ch":4,"sticky":null},"text":["d"],"removed":[""],"origin":"+input"}
2019-5-1 00:00:31.989#change#{"from":{"line":4,"ch":5,"sticky":null},"to":{"line":4,"ch":5,"sticky":null},"text":["a"],"removed":[""],"origin":"+input"}
2019-5-1 00:00:32.391#change#{"from":{"line":4,"ch":6,"sticky":null},"to":{"line":4,"ch":6,"sticky":null},"text":["d"],"removed":[""],"origin":"+input"}
2019-5-1 00:00:32.682#change#{"from":{"line":4,"ch":7,"sticky":null},"to":{"line":4,"ch":7,"sticky":null},"text":["e"],"removed":[""],"origin":"+input"}
2019-5-1 00:00:37.745#keyHandled#"Left"
2019-5-1 00:00:38.330#change#{"from":{"line":4,"ch":8,"sticky":"after"},"to":{"line":4,"ch":8,"sticky":"after"},"text":[" "],"removed":[""],"origin":"+input"}
2019-5-1 00:00:38.977#keyHandled#"Right"
2019-5-1 00:00:39.459#change#{"from":{"line":4,"ch":10,"sticky":"before"},"to":{"line":4,"ch":10,"sticky":"before"},"text":[" "],"removed":[""],"origin":"+input"}
2019-5-1 00:00:40.608#change#{"from":{"line":4,"ch":11,"sticky":null},"to":{"line":4,"ch":11,"sticky":null},"text":["0"],"removed":[""],"origin":"+input"}
2019-5-1 00:00:41.330#change#{"from":{"line":4,"ch":12,"sticky":null},"to":{"line":4,"ch":12,"sticky":null},"text":[" "],"removed":[""],"origin":"+input"}
2019-5-1 00:00:43.220#change#{"from":{"line":4,"ch":13,"sticky":null},"to":{"line":4,"ch":13,"sticky":null},"text":["o"],"removed":[""],"origin":"+input"}
2019-5-1 00:00:46.746#change#{"from":{"line":4,"ch":16,"sticky":null},"to":{"line":4,"ch":16,"sticky":null},"text":["i"],"removed":[""],"origin":"+input"}
2019-5-1 00:00:47.154#change#{"from":{"line":4,"ch":17,"sticky":null},"to":{"line":4,"ch":17,"sticky":null},"text":["m"],"removed":[""],"origin":"+input"}
2019-5-1 00:00:47.676#change#{"from":{"line":4,"ch":18,"sticky":null},"to":{"line":4,"ch":18,"sticky":null},"text":["c"],"removed":[""],"origin":"+input"}
2019-5-1 00:00:48.945#change#{"from":{"line":4,"ch":19,"sticky":null},"to":{"line":4,"ch":19,"sticky":null},"text":[" "],"removed":[""],"origin":"+input"}
2019-5-1 00:00:50.564#change#{"from":{"line":4,"ch":20,"sticky":null},"to":{"line":4,"ch":20,"sticky":null},"text":["<"],"removed":[""],"origin":"+input"}
2019-5-1 00:00:51.132#change#{"from":{"line":4,"ch":21,"sticky":null},"to":{"line":4,"ch":21,"sticky":null},"text":[" "],"removed":[""],"origin":"+input"}
2019-5-1 00:00:51.970#change#{"from":{"line":4,"ch":22,"sticky":null},"to":{"line":4,"ch":22,"sticky":null},"text":["o"],"removed":[""],"origin":"+input"}
2019-5-1 00:00:53.461#keyHandled#"Right"
2019-5-1 00:00:57.127#keyHandled#"Left"
2019-5-1 00:00:58.065#change#{"from":{"line":4,"ch":24,"sticky":"before"},"to":{"line":5,"ch":0,"sticky":null},"text":[""],"removed":["",""],"origin":"+delete"}
2019-5-1 00:00:58.065#keyHandled#"Delete"
2019-5-1 00:00:58.072#viewportChange#0
2019-5-1 00:00:59.164#change#{"from":{"line":4,"ch":24,"sticky":null},"to":{"line":4,"ch":24,"sticky":null},"text":[":"],"removed":[""],"origin":"+input"}
2019-5-1 00:00:59.627#change#{"from":{"line":4,"ch":25,"sticky":null},"to":{"line":4,"ch":25,"sticky":null},"text":["",""],"removed":[""],"origin":"+input"}
2019-5-1 00:00:59.627#change#{"from":{"line":5,"ch":0,"sticky":null},"to":{"line":5,"ch":0,"sticky":null},"text":["\t"],"removed":[""],"origin":"+input"}
2019-5-1 00:00:59.627#keyHandled#"Enter"
2019-5-1 00:00:59.635#viewportChange#0
2019-5-1 00:01:03.595#change#{"from":{"line":5,"ch":1,"sticky":null},"to":{"line":5,"ch":1,"sticky":null},"text":["p"],"removed":[""],"origin":"+input"}
2019-5-1 00:01:04.765#change#{"from":{"line":5,"ch":3,"sticky":null},"to":{"line":5,"ch":3,"sticky":null},"text":["i"],"removed":[""],"origin":"+input"}
2019-5-1 00:01:05.030#change#{"from":{"line":5,"ch":4,"sticky":null},"to":{"line":5,"ch":4,"sticky":null},"text":["n"],"removed":[""],"origin":"+input"}
2019-5-1 00:01:05.265#change#{"from":{"line":5,"ch":5,"sticky":null},"to":{"line":5,"ch":5,"sticky":null},"text":["t"],"removed":[""],"origin":"+input"}
2019-5-1 00:01:06.656#change#{"from":{"line":5,"ch":6,"sticky":null},"to":{"line":5,"ch":6,"sticky":null},"text":["()"],"removed":[""],"origin":"+input"}
2019-5-1 00:01:06.656#keyHandled#"'('"
2019-5-1 00:01:08.938#change#{"from":{"line":5,"ch":7,"sticky":"after"},"to":{"line":5,"ch":7,"sticky":"after"},"text":["D"],"removed":[""],"origin":"+input"}
2019-5-1 00:01:09.806#change#{"from":{"line":5,"ch":8,"sticky":null},"to":{"line":5,"ch":8,"sticky":null},"text":["a"],"removed":[""],"origin":"+input"}
2019-5-1 00:01:10.243#change#{"from":{"line":5,"ch":9,"sticky":null},"to":{"line":5,"ch":9,"sticky":null},"text":["n"],"removed":[""],"origin":"+input"}
2019-5-1 00:01:12.249#keyHandled#"Left"
2019-5-1 00:01:13.544#change#{"from":{"line":5,"ch":9,"sticky":"after"},"to":{"line":5,"ch":10,"sticky":null},"text":[""],"removed":["n"],"origin":"+delete"}
2019-5-1 00:01:13.544#keyHandled#"Delete"
2019-5-1 00:01:14.862#change#{"from":{"line":5,"ch":10,"sticky":null},"to":{"line":5,"ch":10,"sticky":null},"text":["o"],"removed":[""],"origin":"+input"}
2019-5-1 00:01:15.042#change#{"from":{"line":5,"ch":11,"sticky":null},"to":{"line":5,"ch":11,"sticky":null},"text":["s"],"removed":[""],"origin":"+input"}
2019-5-1 00:01:17.000#change#{"from":{"line":5,"ch":12,"sticky":null},"to":{"line":5,"ch":12,"sticky":null},"text":[" "],"removed":[""],"origin":"+input"}
2019-5-1 00:01:17.511#change#{"from":{"line":5,"ch":13,"sticky":null},"to":{"line":5,"ch":13,"sticky":null},"text":["i"],"removed":[""],"origin":"+input"}
2019-5-1 00:01:17.862#change#{"from":{"line":5,"ch":14,"sticky":null},"to":{"line":5,"ch":14,"sticky":null},"text":["n"],"removed":[""],"origin":"+input"}
2019-5-1 00:01:18.263#change#{"from":{"line":5,"ch":15,"sticky":null},"to":{"line":5,"ch":15,"sticky":null},"text":["v"],"removed":[""],"origin":"+input"}
2019-5-1 00:01:18.879#change#{"from":{"line":5,"ch":16,"sticky":null},"to":{"line":5,"ch":16,"sticky":null},"text":["a"],"removed":[""],"origin":"+input"}
2019-5-1 00:01:19.465#change#{"from":{"line":5,"ch":17,"sticky":null},"to":{"line":5,"ch":17,"sticky":null},"text":["รง"],"removed":[""],"origin":"+input"}
2019-5-1 00:01:19.824#change#{"from":{"line":5,"ch":18,"sticky":null},"to":{"line":5,"ch":18,"sticky":null},"text":["i"],"removed":[""],"origin":"+input"}
2019-5-1 00:01:20.101#change#{"from":{"line":5,"ch":19,"sticky":null},"to":{"line":5,"ch":19,"sticky":null},"text":["d"],"removed":[""],"origin":"+input"}
2019-5-1 00:01:26.270#change#{"from":{"line":5,"ch":17,"sticky":"after"},"to":{"line":5,"ch":18,"sticky":"after"},"text":["l"],"removed":["รง"],"origin":"+input"}
2019-5-1 00:01:26.580#change#{"from":{"line":5,"ch":18,"sticky":null},"to":{"line":5,"ch":18,"sticky":null},"text":["i"],"removed":[""],"origin":"+input"}
2019-5-1 00:01:30.068#keyHandled#"Left"
2019-5-1 00:01:30.585#change#{"from":{"line":5,"ch":18,"sticky":"after"},"to":{"line":5,"ch":19,"sticky":null},"text":[""],"removed":["i"],"origin":"+delete"}
2019-5-1 00:01:30.585#keyHandled#"Delete"
2019-5-1 00:01:32.045#keyHandled#"Right"
2019-5-1 00:01:32.366#keyHandled#"Right"
2019-5-1 00:01:33.562#change#{"from":{"line":5,"ch":20,"sticky":"before"},"to":{"line":5,"ch":20,"sticky":"before"},"text":["o"],"removed":[""],"origin":"+input"}
2019-5-1 00:01:33.879#change#{"from":{"line":5,"ch":21,"sticky":null},"to":{"line":5,"ch":21,"sticky":null},"text":["s"],"removed":[""],"origin":"+input"}
2019-5-1 00:01:36.795#keyHandled#"Left"
2019-5-1 00:01:37.103#keyHandled#"Left"
2019-5-1 00:01:37.329#keyHandled#"Left"
2019-5-1 00:01:37.565#keyHandled#"Left"
2019-5-1 00:01:37.776#keyHandled#"Left"
2019-5-1 00:01:38.027#keyHandled#"Left"
2019-5-1 00:01:38.262#keyHandled#"Left"
2019-5-1 00:01:38.514#keyHandled#"Left"
2019-5-1 00:01:38.734#keyHandled#"Left"
2019-5-1 00:01:39.298#keyHandled#"Left"
2019-5-1 00:01:39.549#keyHandled#"Left"
2019-5-1 00:01:39.764#keyHandled#"Left"
2019-5-1 00:01:40.025#keyHandled#"Left"
2019-5-1 00:01:40.280#keyHandled#"Left"
2019-5-1 00:01:40.628#keyHandled#"Left"
2019-5-1 00:01:41.833#change#{"from":{"line":5,"ch":7,"sticky":"after"},"to":{"line":5,"ch":22,"sticky":null},"text":["\"Dados invalidos\""],"removed":["Dados invalidos"]}
2019-5-1 00:01:41.833#keyHandled#"'\"'"
2019-5-1 00:01:54.676#mousedown#{"isTrusted":true}
2019-5-1 00:01:55.285#mousedown#{"isTrusted":true}
2019-5-1 00:01:56.738#change#{"from":{"line":4,"ch":10,"sticky":"after","xRel":3.15625},"to":{"line":4,"ch":10,"sticky":"after","xRel":3.15625},"text":["="],"removed":[""],"origin":"+input"}
2019-5-1 00:02:08.736#blur#
2019-5-1 00:02:11.333#focus#
2019-5-1 00:02:18.904#mousedown#{"isTrusted":true}
2019-5-1 00:02:23.368#change#{"from":{"line":4,"ch":13,"sticky":"before","xRel":-0.921875},"to":{"line":4,"ch":13,"sticky":"before","xRel":-0.921875},"text":[" "],"removed":[""],"origin":"+input"}
2019-5-1 00:02:23.808#change#{"from":{"line":4,"ch":14,"sticky":null},"to":{"line":4,"ch":14,"sticky":null},"text":["o"],"removed":[""],"origin":"+input"}
2019-5-1 00:02:24.240#change#{"from":{"line":4,"ch":15,"sticky":null},"to":{"line":4,"ch":15,"sticky":null},"text":["r"],"removed":[""],"origin":"+input"}
2019-5-1 00:02:25.806#change#{"from":{"line":4,"ch":16,"sticky":null},"to":{"line":4,"ch":16,"sticky":null},"text":[" "],"removed":[""],"origin":"+input"}
2019-5-1 00:02:26.490#change#{"from":{"line":4,"ch":17,"sticky":null},"to":{"line":4,"ch":17,"sticky":null},"text":["i"],"removed":[""],"origin":"+input"}
2019-5-1 00:02:26.770#change#{"from":{"line":4,"ch":18,"sticky":null},"to":{"line":4,"ch":18,"sticky":null},"text":["d"],"removed":[""],"origin":"+input"}
2019-5-1 00:02:27.171#change#{"from":{"line":4,"ch":19,"sticky":null},"to":{"line":4,"ch":19,"sticky":null},"text":["a"],"removed":[""],"origin":"+input"}
2019-5-1 00:02:27.509#change#{"from":{"line":4,"ch":20,"sticky":null},"to":{"line":4,"ch":20,"sticky":null},"text":["d"],"removed":[""],"origin":"+input"}
2019-5-1 00:02:27.706#change#{"from":{"line":4,"ch":21,"sticky":null},"to":{"line":4,"ch":21,"sticky":null},"text":["e"],"removed":[""],"origin":"+input"}
2019-5-1 00:02:28.650#change#{"from":{"line":4,"ch":22,"sticky":null},"to":{"line":4,"ch":22,"sticky":null},"text":[" "],"removed":[""],"origin":"+input"}
2019-5-1 00:02:29.540#change#{"from":{"line":4,"ch":23,"sticky":null},"to":{"line":4,"ch":23,"sticky":null},"text":[">"],"removed":[""],"origin":"+input"}
2019-5-1 00:02:30.374#change#{"from":{"line":4,"ch":24,"sticky":null},"to":{"line":4,"ch":24,"sticky":null},"text":[" "],"removed":[""],"origin":"+input"}
2019-5-1 00:02:31.306#change#{"from":{"line":4,"ch":25,"sticky":null},"to":{"line":4,"ch":25,"sticky":null},"text":["1"],"removed":[""],"origin":"+input"}
2019-5-1 00:02:32.165#change#{"from":{"line":4,"ch":26,"sticky":null},"to":{"line":4,"ch":26,"sticky":null},"text":["3"],"removed":[""],"origin":"+input"}
2019-5-1 00:02:32.661#change#{"from":{"line":4,"ch":27,"sticky":null},"to":{"line":4,"ch":27,"sticky":null},"text":["0"],"removed":[""],"origin":"+input"}
2019-5-1 00:02:37.497#keyHandled#"Right"
2019-5-1 00:02:37.818#keyHandled#"Right"
2019-5-1 00:02:38.110#keyHandled#"Right"
2019-5-1 00:02:38.360#keyHandled#"Right"
2019-5-1 00:02:38.594#keyHandled#"Right"
2019-5-1 00:02:38.815#keyHandled#"Right"
2019-5-1 00:02:39.023#keyHandled#"Right"
2019-5-1 00:02:39.207#keyHandled#"Right"
2019-5-1 00:02:39.398#keyHandled#"Right"
2019-5-1 00:02:39.638#keyHandled#"Right"
2019-5-1 00:02:41.023#keyHandled#"Left"
2019-5-1 00:02:42.635#change#{"from":{"line":4,"ch":37,"sticky":"after"},"to":{"line":4,"ch":38,"sticky":"before"},"text":["="],"removed":[" "],"origin":"+input"}
2019-5-1 00:02:43.152#change#{"from":{"line":4,"ch":38,"sticky":null},"to":{"line":4,"ch":38,"sticky":null},"text":[" "],"removed":[""],"origin":"+input"}
2019-5-1 00:03:04.189#blur#
2019-5-1 00:03:04.189#blur#
2019-5-1 00:03:07.135#saida_testar#$ python3 main.py
idade da pessoa:12
imc da pessoa:23
Entradas: 12 anos e IMC 23.0
2019-5-1 00:03:33.122#mousedown#{"isTrusted":true}
2019-5-1 00:03:33.317#focus#
2019-5-1 00:03:34.473#change#{"from":{"line":5,"ch":25,"sticky":"before","xRel":-1.703125},"to":{"line":5,"ch":25,"sticky":"before","xRel":-1.703125},"text":["",""],"removed":[""],"origin":"+input"}
2019-5-1 00:03:34.473#change#{"from":{"line":6,"ch":0,"sticky":null},"to":{"line":6,"ch":0,"sticky":null},"text":["\t"],"removed":[""],"origin":"+input"}
2019-5-1 00:03:34.473#keyHandled#"Enter"
2019-5-1 00:03:34.492#viewportChange#0
2019-5-1 00:03:36.103#change#{"from":{"line":6,"ch":1,"sticky":null},"to":{"line":6,"ch":1,"sticky":null},"text":["",""],"removed":[""],"origin":"+input"}
2019-5-1 00:03:36.103#change#{"from":{"line":7,"ch":0,"sticky":null},"to":{"line":7,"ch":0,"sticky":null},"text":["\t"],"removed":[""],"origin":"+input"}
2019-5-1 00:03:36.103#keyHandled#"Enter"
2019-5-1 00:03:36.122#viewportChange#0
2019-5-1 00:03:36.854#keyHandled#"Left"
2019-5-1 00:03:38.235#change#{"from":{"line":7,"ch":0,"sticky":"after"},"to":{"line":7,"ch":1,"sticky":null},"text":[""],"removed":["\t"],"origin":"+delete"}
2019-5-1 00:03:38.235#keyHandled#"Delete"
2019-5-1 00:04:13.657#blur#
2019-5-1 00:04:16.321#focus#
2019-5-1 00:04:32.363#change#{"from":{"line":7,"ch":0,"sticky":null},"to":{"line":7,"ch":0,"sticky":null},"text":["e"],"removed":[""],"origin":"+input"}
2019-5-1 00:04:32.618#change#{"from":{"line":7,"ch":1,"sticky":null},"to":{"line":7,"ch":1,"sticky":null},"text":["k"],"removed":[""],"origin":"+input"}
2019-5-1 00:04:34.214#keyHandled#"Left"
2019-5-1 00:04:59.027#change#{"from":{"line":7,"ch":1,"sticky":"after"},"to":{"line":7,"ch":2,"sticky":null},"text":["l"],"removed":["k"],"origin":"+input"}
2019-5-1 00:04:59.320#change#{"from":{"line":7,"ch":2,"sticky":null},"to":{"line":7,"ch":2,"sticky":null},"text":["i"],"removed":[""],"origin":"+input"}
2019-5-1 00:05:00.571#change#{"from":{"line":7,"ch":3,"sticky":null},"to":{"line":7,"ch":3,"sticky":null},"text":["f"],"removed":[""],"origin":"+input"}
2019-5-1 00:05:02.255#change#{"from":{"line":7,"ch":4,"sticky":null},"to":{"line":7,"ch":4,"sticky":null},"text":["()"],"removed":[""],"origin":"+input"}
2019-5-1 00:05:02.255#keyHandled#"'('"
2019-5-1 00:05:34.253#change#{"from":{"line":7,"ch":5,"sticky":"after"},"to":{"line":7,"ch":5,"sticky":"after"},"text":["i"],"removed":[""],"origin":"+input"}
2019-5-1 00:05:35.049#change#{"from":{"line":7,"ch":6,"sticky":null},"to":{"line":7,"ch":6,"sticky":null},"text":["d"],"removed":[""],"origin":"+input"}
2019-5-1 00:05:35.838#change#{"from":{"line":7,"ch":7,"sticky":null},"to":{"line":7,"ch":7,"sticky":null},"text":["a"],"removed":[""],"origin":"+input"}
2019-5-1 00:05:36.138#change#{"from":{"line":7,"ch":8,"sticky":null},"to":{"line":7,"ch":8,"sticky":null},"text":["d"],"removed":[""],"origin":"+input"}
2019-5-1 00:05:36.328#change#{"from":{"line":7,"ch":9,"sticky":null},"to":{"line":7,"ch":9,"sticky":null},"text":["e"],"removed":[""],"origin":"+input"}
2019-5-1 00:05:38.915#change#{"from":{"line":7,"ch":10,"sticky":null},"to":{"line":7,"ch":10,"sticky":null},"text":[" "],"removed":[""],"origin":"+input"}
2019-5-1 00:05:39.880#change#{"from":{"line":7,"ch":11,"sticky":null},"to":{"line":7,"ch":11,"sticky":null},"text":["<"],"removed":[""],"origin":"+input"}
2019-5-1 00:05:40.767#change#{"from":{"line":7,"ch":12,"sticky":null},"to":{"line":7,"ch":12,"sticky":null},"text":[" "],"removed":[""],"origin":"+input"}
2019-5-1 00:05:42.434#change#{"from":{"line":7,"ch":13,"sticky":null},"to":{"line":7,"ch":13,"sticky":null},"text":["4"],"removed":[""],"origin":"+input"}
2019-5-1 00:05:42.661#change#{"from":{"line":7,"ch":14,"sticky":null},"to":{"line":7,"ch":14,"sticky":null},"text":["5"],"removed":[""],"origin":"+input"}
2019-5-1 00:05:45.386#change#{"from":{"line":7,"ch":16,"sticky":null},"to":{"line":7,"ch":16,"sticky":null},"text":["a"],"removed":[""],"origin":"+input"}
2019-5-1 00:05:45.574#change#{"from":{"line":7,"ch":17,"sticky":null},"to":{"line":7,"ch":17,"sticky":null},"text":["n"],"removed":[""],"origin":"+input"}
2019-5-1 00:05:45.736#change#{"from":{"line":7,"ch":18,"sticky":null},"to":{"line":7,"ch":18,"sticky":null},"text":["d"],"removed":[""],"origin":"+input"}
2019-5-1 00:05:46.467#change#{"from":{"line":7,"ch":19,"sticky":null},"to":{"line":7,"ch":19,"sticky":null},"text":[" "],"removed":[""],"origin":"+input"}
2019-5-1 00:05:47.972#change#{"from":{"line":7,"ch":20,"sticky":null},"to":{"line":7,"ch":20,"sticky":null},"text":["i"],"removed":[""],"origin":"+input"}
2019-5-1 00:05:48.304#change#{"from":{"line":7,"ch":21,"sticky":null},"to":{"line":7,"ch":21,"sticky":null},"text":["m"],"removed":[""],"origin":"+input"}
2019-5-1 00:05:48.784#change#{"from":{"line":7,"ch":22,"sticky":null},"to":{"line":7,"ch":22,"sticky":null},"text":["c"],"removed":[""],"origin":"+input"}
2019-5-1 00:05:49.592#change#{"from":{"line":7,"ch":23,"sticky":null},"to":{"line":7,"ch":23,"sticky":null},"text":[" "],"removed":[""],"origin":"+input"}
2019-5-1 00:05:55.888#change#{"from":{"line":7,"ch":24,"sticky":null},"to":{"line":7,"ch":24,"sticky":null},"text":["<"],"removed":[""],"origin":"+input"}
2019-5-1 00:05:57.587#change#{"from":{"line":7,"ch":25,"sticky":null},"to":{"line":7,"ch":25,"sticky":null},"text":[" "],"removed":[""],"origin":"+input"}
2019-5-1 00:05:58.318#change#{"from":{"line":7,"ch":26,"sticky":null},"to":{"line":7,"ch":26,"sticky":null},"text":["2"],"removed":[""],"origin":"+input"}
2019-5-1 00:05:58.581#change#{"from":{"line":7,"ch":27,"sticky":null},"to":{"line":7,"ch":27,"sticky":null},"text":["2"],"removed":[""],"origin":"+input"}
2019-5-1 00:06:00.851#change#{"from":{"line":7,"ch":28,"sticky":null},"to":{"line":7,"ch":28,"sticky":null},"text":["."],"removed":[""],"origin":"+input"}
2019-5-1 00:06:01.807#change#{"from":{"line":7,"ch":29,"sticky":null},"to":{"line":7,"ch":29,"sticky":null},"text":["0"],"removed":[""],"origin":"+input"}
2019-5-1 00:06:05.430#change#{"from":{"line":7,"ch":31,"sticky":"before"},"to":{"line":7,"ch":31,"sticky":"before"},"text":["",""],"removed":[""],"origin":"+input"}
2019-5-1 00:06:05.430#keyHandled#"Enter"
2019-5-1 00:06:05.437#viewportChange#0
2019-5-1 00:06:07.753#keyHandled#"Left"
2019-5-1 00:06:08.725#change#{"from":{"line":7,"ch":31,"sticky":"before"},"to":{"line":8,"ch":0,"sticky":null},"text":[""],"removed":["",""],"origin":"+delete"}
2019-5-1 00:06:08.725#keyHandled#"Delete"
2019-5-1 00:06:08.734#viewportChange#0
2019-5-1 00:06:09.732#change#{"from":{"line":7,"ch":31,"sticky":null},"to":{"line":7,"ch":31,"sticky":null},"text":[":"],"removed":[""],"origin":"+input"}
2019-5-1 00:06:10.477#change#{"from":{"line":7,"ch":32,"sticky":null},"to":{"line":7,"ch":32,"sticky":null},"text":["",""],"removed":[""],"origin":"+input"}
2019-5-1 00:06:10.477#change#{"from":{"line":8,"ch":0,"sticky":null},"to":{"line":8,"ch":0,"sticky":null},"text":["\t"],"removed":[""],"origin":"+input"}
2019-5-1 00:06:10.477#keyHandled#"Enter"
2019-5-1 00:06:10.485#viewportChange#0
2019-5-1 00:06:13.940#change#{"from":{"line":8,"ch":1,"sticky":null},"to":{"line":8,"ch":1,"sticky":null},"text":["p"],"removed":[""],"origin":"+input"}
2019-5-1 00:06:14.882#change#{"from":{"line":8,"ch":2,"sticky":null},"to":{"line":8,"ch":2,"sticky":null},"text":["r"],"removed":[""],"origin":"+input"}
2019-5-1 00:06:15.071#change#{"from":{"line":8,"ch":3,"sticky":null},"to":{"line":8,"ch":3,"sticky":null},"text":["i"],"removed":[""],"origin":"+input"}
2019-5-1 00:06:15.371#change#{"from":{"line":8,"ch":4,"sticky":null},"to":{"line":8,"ch":4,"sticky":null},"text":["n"],"removed":[""],"origin":"+input"}
2019-5-1 00:06:15.631#change#{"from":{"line":8,"ch":5,"sticky":null},"to":{"line":8,"ch":5,"sticky":null},"text":["t"],"removed":[""],"origin":"+input"}
2019-5-1 00:06:16.668#change#{"from":{"line":8,"ch":6,"sticky":null},"to":{"line":8,"ch":6,"sticky":null},"text":["()"],"removed":[""],"origin":"+input"}
2019-5-1 00:06:16.668#keyHandled#"'('"
2019-5-1 00:06:38.847#change#{"from":{"line":8,"ch":7,"sticky":"after"},"to":{"line":8,"ch":7,"sticky":"after"},"text":["\"\""],"removed":[""],"origin":"+input"}
2019-5-1 00:06:38.847#keyHandled#"'\"'"
2019-5-1 00:06:40.156#change#{"from":{"line":8,"ch":8,"sticky":"after"},"to":{"line":8,"ch":8,"sticky":"after"},"text":["B"],"removed":[""],"origin":"+input"}
2019-5-1 00:06:40.834#change#{"from":{"line":8,"ch":9,"sticky":null},"to":{"line":8,"ch":9,"sticky":null},"text":["a"],"removed":[""],"origin":"+input"}
2019-5-1 00:06:41.058#change#{"from":{"line":8,"ch":10,"sticky":null},"to":{"line":8,"ch":10,"sticky":null},"text":["i"],"removed":[""],"origin":"+input"}
2019-5-1 00:06:42.922#change#{"from":{"line":8,"ch":11,"sticky":null},"to":{"line":8,"ch":11,"sticky":null},"text":["x"],"removed":[""],"origin":"+input"}
2019-5-1 00:06:43.127#change#{"from":{"line":8,"ch":12,"sticky":null},"to":{"line":8,"ch":12,"sticky":null},"text":["o"],"removed":[""],"origin":"+input"}
2019-5-1 00:06:48.623#change#{"from":{"line":9,"ch":0,"sticky":null},"to":{"line":9,"ch":0,"sticky":null},"text":["e"],"removed":[""],"origin":"+input"}
2019-5-1 00:06:49.150#change#{"from":{"line":9,"ch":1,"sticky":null},"to":{"line":9,"ch":1,"sticky":null},"text":["l"],"removed":[""],"origin":"+input"}
2019-5-1 00:06:51.130#change#{"from":{"line":9,"ch":2,"sticky":null},"to":{"line":9,"ch":2,"sticky":null},"text":["i"],"removed":[""],"origin":"+input"}
2019-5-1 00:06:52.064#change#{"from":{"line":9,"ch":3,"sticky":null},"to":{"line":9,"ch":3,"sticky":null},"text":["f"],"removed":[""],"origin":"+input"}
2019-5-1 00:06:53.374#change#{"from":{"line":9,"ch":4,"sticky":null},"to":{"line":9,"ch":4,"sticky":null},"text":["()"],"removed":[""],"origin":"+input"}
2019-5-1 00:06:53.374#keyHandled#"'('"
2019-5-1 00:06:54.905#change#{"from":{"line":9,"ch":6,"sticky":null},"to":{"line":9,"ch":6,"sticky":null},"text":["d"],"removed":[""],"origin":"+input"}
2019-5-1 00:06:55.287#change#{"from":{"line":9,"ch":7,"sticky":null},"to":{"line":9,"ch":7,"sticky":null},"text":["a"],"removed":[""],"origin":"+input"}
2019-5-1 00:06:55.604#change#{"from":{"line":9,"ch":8,"sticky":null},"to":{"line":9,"ch":8,"sticky":null},"text":["d"],"removed":[""],"origin":"+input"}
2019-5-1 00:06:55.873#change#{"from":{"line":9,"ch":9,"sticky":null},"to":{"line":9,"ch":9,"sticky":null},"text":["e"],"removed":[""],"origin":"+input"}
2019-5-1 00:06:56.676#change#{"from":{"line":9,"ch":10,"sticky":null},"to":{"line":9,"ch":10,"sticky":null},"text":[" "],"removed":[""],"origin":"+input"}
2019-5-1 00:06:58.658#change#{"from":{"line":9,"ch":11,"sticky":null},"to":{"line":9,"ch":11,"sticky":null},"text":["<"],"removed":[""],"origin":"+input"}
2019-5-1 00:06:59.531#change#{"from":{"line":9,"ch":12,"sticky":null},"to":{"line":9,"ch":12,"sticky":null},"text":[" "],"removed":[""],"origin":"+input"}
2019-5-1 00:07:00.826#change#{"from":{"line":9,"ch":13,"sticky":null},"to":{"line":9,"ch":13,"sticky":null},"text":["4"],"removed":[""],"origin":"+input"}
2019-5-1 00:07:01.093#change#{"from":{"line":9,"ch":14,"sticky":null},"to":{"line":9,"ch":14,"sticky":null},"text":["5"],"removed":[""],"origin":"+input"}
2019-5-1 00:07:01.967#change#{"from":{"line":9,"ch":15,"sticky":null},"to":{"line":9,"ch":15,"sticky":null},"text":[" "],"removed":[""],"origin":"+input"}
2019-5-1 00:07:02.715#change#{"from":{"line":9,"ch":16,"sticky":null},"to":{"line":9,"ch":16,"sticky":null},"text":["a"],"removed":[""],"origin":"+input"}
2019-5-1 00:07:03.000#change#{"from":{"line":9,"ch":17,"sticky":null},"to":{"line":9,"ch":17,"sticky":null},"text":["n"],"removed":[""],"origin":"+input"}
2019-5-1 00:07:03.272#change#{"from":{"line":9,"ch":18,"sticky":null},"to":{"line":9,"ch":18,"sticky":null},"text":["d"],"removed":[""],"origin":"+input"}
2019-5-1 00:07:03.689#change#{"from":{"line":9,"ch":19,"sticky":null},"to":{"line":9,"ch":19,"sticky":null},"text":[" "],"removed":[""],"origin":"+input"}
2019-5-1 00:07:12.447#change#{"from":{"line":9,"ch":24,"sticky":null},"to":{"line":9,"ch":24,"sticky":null},"text":[">"],"removed":[""],"origin":"+input"}
2019-5-1 00:07:13.339#change#{"from":{"line":9,"ch":25,"sticky":null},"to":{"line":9,"ch":25,"sticky":null},"text":["="],"removed":[""],"origin":"+input"}
2019-5-1 00:07:14.677#change#{"from":{"line":9,"ch":26,"sticky":null},"to":{"line":9,"ch":26,"sticky":null},"text":[" "],"removed":[""],"origin":"+input"}
2019-5-1 00:07:15.614#change#{"from":{"line":9,"ch":27,"sticky":null},"to":{"line":9,"ch":27,"sticky":null},"text":["2"],"removed":[""],"origin":"+input"}
2019-5-1 00:07:15.909#change#{"from":{"line":9,"ch":28,"sticky":null},"to":{"line":9,"ch":28,"sticky":null},"text":["2"],"removed":[""],"origin":"+input"}
2019-5-1 00:07:23.067#change#{"from":{"line":9,"ch":29,"sticky":null},"to":{"line":9,"ch":29,"sticky":null},"text":["."],"removed":[""],"origin":"+input"}
2019-5-1 00:07:23.507#change#{"from":{"line":9,"ch":30,"sticky":null},"to":{"line":9,"ch":30,"sticky":null},"text":["0"],"removed":[""],"origin":"+input"}
2019-5-1 00:07:25.276#keyHandled#"Right"
2019-5-1 00:07:25.752#keyHandled#"Right"
2019-5-1 00:07:26.976#change#{"from":{"line":9,"ch":32,"sticky":"before","hitSide":true},"to":{"line":9,"ch":32,"sticky":"before","hitSide":true},"text":[":"],"removed":[""],"origin":"+input"}
2019-5-1 00:07:27.426#change#{"from":{"line":9,"ch":33,"sticky":null},"to":{"line":9,"ch":33,"sticky":null},"text":["",""],"removed":[""],"origin":"+input"}
2019-5-1 00:07:27.426#change#{"from":{"line":10,"ch":0,"sticky":null},"to":{"line":10,"ch":0,"sticky":null},"text":["\t"],"removed":[""],"origin":"+input"}
2019-5-1 00:07:27.426#keyHandled#"Enter"
2019-5-1 00:07:27.439#viewportChange#0
2019-5-1 00:07:29.413#change#{"from":{"line":10,"ch":1,"sticky":null},"to":{"line":10,"ch":1,"sticky":null},"text":["r"],"removed":[""],"origin":"+input"}
2019-5-1 00:07:31.519#keyHandled#"Left"
2019-5-1 00:07:34.049#change#{"from":{"line":10,"ch":1,"sticky":"after"},"to":{"line":10,"ch":1,"sticky":"after"},"text":["p"],"removed":[""],"origin":"+input"}
2019-5-1 00:07:35.238#keyHandled#"Right"
2019-5-1 00:07:36.168#change#{"from":{"line":10,"ch":3,"sticky":"before"},"to":{"line":10,"ch":3,"sticky":"before"},"text":["i"],"removed":[""],"origin":"+input"}
2019-5-1 00:07:36.508#change#{"from":{"line":10,"ch":4,"sticky":null},"to":{"line":10,"ch":4,"sticky":null},"text":["n"],"removed":[""],"origin":"+input"}
2019-5-1 00:07:36.758#change#{"from":{"line":10,"ch":5,"sticky":null},"to":{"line":10,"ch":5,"sticky":null},"text":["t"],"removed":[""],"origin":"+input"}
2019-5-1 00:07:40.058#change#{"from":{"line":10,"ch":6,"sticky":null},"to":{"line":10,"ch":6,"sticky":null},"text":["()"],"removed":[""],"origin":"+input"}
2019-5-1 00:07:40.058#keyHandled#"'('"
2019-5-1 00:07:40.992#change#{"from":{"line":10,"ch":7,"sticky":"after"},"to":{"line":10,"ch":7,"sticky":"after"},"text":["\"\""],"removed":[""],"origin":"+input"}
2019-5-1 00:07:40.992#keyHandled#"'\"'"
2019-5-1 00:07:42.872#change#{"from":{"line":10,"ch":8,"sticky":"after"},"to":{"line":10,"ch":8,"sticky":"after"},"text":["M"],"removed":[""],"origin":"+input"}
2019-5-1 00:07:43.886#change#{"from":{"line":10,"ch":9,"sticky":null},"to":{"line":10,"ch":9,"sticky":null},"text":["e"],"removed":[""],"origin":"+input"}
2019-5-1 00:07:45.212#change#{"from":{"line":10,"ch":12,"sticky":null},"to":{"line":10,"ch":12,"sticky":null},"text":["o"],"removed":[""],"origin":"+input"}
2019-5-1 00:07:45.240#change#{"from":{"line":10,"ch":13,"sticky":null},"to":{"line":10,"ch":13,"sticky":null},"text":["o"],"removed":[""],"origin":"+input"}
2019-5-1 00:07:46.599#keyHandled#"Left"
2019-5-1 00:07:48.368#change#{"from":{"line":10,"ch":13,"sticky":"after"},"to":{"line":10,"ch":14,"sticky":null},"text":[""],"removed":["o"],"origin":"+delete"}
2019-5-1 00:07:48.368#keyHandled#"Delete"
2019-5-1 00:07:50.028#keyHandled#"Right"
2019-5-1 00:07:50.492#keyHandled#"Right"
2019-5-1 00:07:56.823#change#{"from":{"line":10,"ch":15,"sticky":"before"},"to":{"line":10,"ch":15,"sticky":"before"},"text":["",""],"removed":[""],"origin":"+input"}
2019-5-1 00:07:56.823#change#{"from":{"line":11,"ch":0,"sticky":null},"to":{"line":11,"ch":0,"sticky":null},"text":["\t"],"removed":[""],"origin":"+input"}
2019-5-1 00:07:56.823#keyHandled#"Enter"
2019-5-1 00:07:56.832#viewportChange#0
2019-5-1 00:07:58.665#keyHandled#"Left"
2019-5-1 00:07:59.387#change#{"from":{"line":11,"ch":0,"sticky":"after"},"to":{"line":11,"ch":1,"sticky":null},"text":[""],"removed":["\t"],"origin":"+delete"}
2019-5-1 00:07:59.387#keyHandled#"Delete"
2019-5-1 00:08:00.761#change#{"from":{"line":11,"ch":0,"sticky":null},"to":{"line":11,"ch":0,"sticky":null},"text":["e"],"removed":[""],"origin":"+input"}
2019-5-1 00:08:00.934#change#{"from":{"line":11,"ch":1,"sticky":null},"to":{"line":11,"ch":1,"sticky":null},"text":["l"],"removed":[""],"origin":"+input"}
2019-5-1 00:08:01.193#change#{"from":{"line":11,"ch":2,"sticky":null},"to":{"line":11,"ch":2,"sticky":null},"text":["i"],"removed":[""],"origin":"+input"}
2019-5-1 00:08:03.214#change#{"from":{"line":11,"ch":3,"sticky":null},"to":{"line":11,"ch":3,"sticky":null},"text":["f"],"removed":[""],"origin":"+input"}
2019-5-1 00:08:07.241#change#{"from":{"line":11,"ch":5,"sticky":"after"},"to":{"line":11,"ch":5,"sticky":"after"},"text":["i"],"removed":[""],"origin":"+input"}
2019-5-1 00:08:07.450#change#{"from":{"line":11,"ch":6,"sticky":null},"to":{"line":11,"ch":6,"sticky":null},"text":["d"],"removed":[""],"origin":"+input"}
2019-5-1 00:08:07.750#change#{"from":{"line":11,"ch":7,"sticky":null},"to":{"line":11,"ch":7,"sticky":null},"text":["a"],"removed":[""],"origin":"+input"}
2019-5-1 00:08:08.102#change#{"from":{"line":11,"ch":8,"sticky":null},"to":{"line":11,"ch":8,"sticky":null},"text":["d"],"removed":[""],"origin":"+input"}
2019-5-1 00:08:08.347#change#{"from":{"line":11,"ch":9,"sticky":null},"to":{"line":11,"ch":9,"sticky":null},"text":["e"],"removed":[""],"origin":"+input"}
2019-5-1 00:08:10.342#change#{"from":{"line":11,"ch":10,"sticky":null},"to":{"line":11,"ch":10,"sticky":null},"text":[" "],"removed":[""],"origin":"+input"}
2019-5-1 00:08:19.045#change#{"from":{"line":11,"ch":11,"sticky":null},"to":{"line":11,"ch":11,"sticky":null},"text":[">"],"removed":[""],"origin":"+input"}
2019-5-1 00:08:20.013#change#{"from":{"line":11,"ch":12,"sticky":null},"to":{"line":11,"ch":12,"sticky":null},"text":["="],"removed":[""],"origin":"+input"}
2019-5-1 00:08:20.929#change#{"from":{"line":11,"ch":13,"sticky":null},"to":{"line":11,"ch":13,"sticky":null},"text":[" "],"removed":[""],"origin":"+input"}
2019-5-1 00:08:21.557#change#{"from":{"line":11,"ch":14,"sticky":null},"to":{"line":11,"ch":14,"sticky":null},"text":["4"],"removed":[""],"origin":"+input"}
2019-5-1 00:08:21.839#change#{"from":{"line":11,"ch":15,"sticky":null},"to":{"line":11,"ch":15,"sticky":null},"text":["5"],"removed":[""],"origin":"+input"}
2019-5-1 00:08:25.391#change#{"from":{"line":11,"ch":17,"sticky":null},"to":{"line":11,"ch":17,"sticky":null},"text":["a"],"removed":[""],"origin":"+input"}
2019-5-1 00:08:25.640#change#{"from":{"line":11,"ch":18,"sticky":null},"to":{"line":11,"ch":18,"sticky":null},"text":["n"],"removed":[""],"origin":"+input"}
2019-5-1 00:08:25.858#change#{"from":{"line":11,"ch":19,"sticky":null},"to":{"line":11,"ch":19,"sticky":null},"text":["d"],"removed":[""],"origin":"+input"}
2019-5-1 00:08:26.646#change#{"from":{"line":11,"ch":20,"sticky":null},"to":{"line":11,"ch":20,"sticky":null},"text":[" "],"removed":[""],"origin":"+input"}
2019-5-1 00:08:28.486#change#{"from":{"line":11,"ch":21,"sticky":null},"to":{"line":11,"ch":21,"sticky":null},"text":["i"],"removed":[""],"origin":"+input"}
2019-5-1 00:08:28.873#change#{"from":{"line":11,"ch":22,"sticky":null},"to":{"line":11,"ch":22,"sticky":null},"text":["m"],"removed":[""],"origin":"+input"}
2019-5-1 00:08:29.393#change#{"from":{"line":11,"ch":23,"sticky":null},"to":{"line":11,"ch":23,"sticky":null},"text":["c"],"removed":[""],"origin":"+input"}
2019-5-1 00:08:30.358#change#{"from":{"line":11,"ch":24,"sticky":null},"to":{"line":11,"ch":24,"sticky":null},"text":[" "],"removed":[""],"origin":"+input"}
2019-5-1 00:08:31.963#change#{"from":{"line":11,"ch":25,"sticky":null},"to":{"line":11,"ch":25,"sticky":null},"text":["<"],"removed":[""],"origin":"+input"}
2019-5-1 00:08:32.564#change#{"from":{"line":11,"ch":26,"sticky":null},"to":{"line":11,"ch":26,"sticky":null},"text":[" "],"removed":[""],"origin":"+input"}
2019-5-1 00:08:33.569#change#{"from":{"line":11,"ch":27,"sticky":null},"to":{"line":11,"ch":27,"sticky":null},"text":["2"],"removed":[""],"origin":"+input"}
2019-5-1 00:08:33.833#change#{"from":{"line":11,"ch":28,"sticky":null},"to":{"line":11,"ch":28,"sticky":null},"text":["2"],"removed":[""],"origin":"+input"}
2019-5-1 00:08:35.727#change#{"from":{"line":11,"ch":30,"sticky":null},"to":{"line":11,"ch":30,"sticky":null},"text":["0"],"removed":[""],"origin":"+input"}
2019-5-1 00:08:36.951#keyHandled#"Right"
2019-5-1 00:08:37.635#change#{"from":{"line":11,"ch":32,"sticky":"before"},"to":{"line":11,"ch":32,"sticky":"before"},"text":[":"],"removed":[""],"origin":"+input"}
2019-5-1 00:08:38.220#change#{"from":{"line":11,"ch":33,"sticky":null},"to":{"line":11,"ch":33,"sticky":null},"text":["",""],"removed":[""],"origin":"+input"}
2019-5-1 00:08:38.220#change#{"from":{"line":12,"ch":0,"sticky":null},"to":{"line":12,"ch":0,"sticky":null},"text":["\t"],"removed":[""],"origin":"+input"}
2019-5-1 00:08:38.220#keyHandled#"Enter"
2019-5-1 00:08:38.238#viewportChange#0
2019-5-1 00:08:40.360#change#{"from":{"line":12,"ch":1,"sticky":null},"to":{"line":12,"ch":1,"sticky":null},"text":["p"],"removed":[""],"origin":"+input"}
2019-5-1 00:08:41.581#change#{"from":{"line":12,"ch":2,"sticky":null},"to":{"line":12,"ch":2,"sticky":null},"text":["r"],"removed":[""],"origin":"+input"}
2019-5-1 00:08:41.710#change#{"from":{"line":12,"ch":3,"sticky":null},"to":{"line":12,"ch":3,"sticky":null},"text":["i"],"removed":[""],"origin":"+input"}
2019-5-1 00:08:42.068#change#{"from":{"line":12,"ch":4,"sticky":null},"to":{"line":12,"ch":4,"sticky":null},"text":["n"],"removed":[""],"origin":"+input"}
2019-5-1 00:08:42.305#change#{"from":{"line":12,"ch":5,"sticky":null},"to":{"line":12,"ch":5,"sticky":null},"text":["t"],"removed":[""],"origin":"+input"}
2019-5-1 00:08:44.388#change#{"from":{"line":12,"ch":6,"sticky":null},"to":{"line":12,"ch":6,"sticky":null},"text":["()"],"removed":[""],"origin":"+input"}
2019-5-1 00:08:44.388#keyHandled#"'('"
2019-5-1 00:08:49.869#change#{"from":{"line":12,"ch":7,"sticky":"after"},"to":{"line":12,"ch":7,"sticky":"after"},"text":["M"],"removed":[""],"origin":"+input"}
2019-5-1 00:08:50.181#change#{"from":{"line":12,"ch":8,"sticky":null},"to":{"line":12,"ch":8,"sticky":null},"text":["E"],"removed":[""],"origin":"+input"}
2019-5-1 00:08:50.587#change#{"from":{"line":12,"ch":9,"sticky":null},"to":{"line":12,"ch":9,"sticky":null},"text":["d"],"removed":[""],"origin":"+input"}
2019-5-1 00:08:50.753#change#{"from":{"line":12,"ch":10,"sticky":null},"to":{"line":12,"ch":10,"sticky":null},"text":["i"],"removed":[""],"origin":"+input"}
2019-5-1 00:08:51.084#change#{"from":{"line":12,"ch":11,"sticky":null},"to":{"line":12,"ch":11,"sticky":null},"text":["o"],"removed":[""],"origin":"+input"}
2019-5-1 00:08:52.079#keyHandled#"Left"
2019-5-1 00:08:52.393#keyHandled#"Left"
2019-5-1 00:08:52.759#keyHandled#"Left"
2019-5-1 00:08:53.765#keyHandled#"Left"
2019-5-1 00:08:55.627#change#{"from":{"line":12,"ch":8,"sticky":null},"to":{"line":12,"ch":8,"sticky":null},"text":["e"],"removed":[""],"origin":"+input"}
2019-5-1 00:08:57.267#keyHandled#"Right"
2019-5-1 00:08:57.750#keyHandled#"Right"
2019-5-1 00:08:58.115#keyHandled#"Right"
2019-5-1 00:08:59.148#keyHandled#"Left"
2019-5-1 00:08:59.404#keyHandled#"Left"
2019-5-1 00:08:59.666#keyHandled#"Left"
2019-5-1 00:09:00.001#keyHandled#"Left"
2019-5-1 00:09:00.462#keyHandled#"Left"
2019-5-1 00:09:01.349#change#{"from":{"line":12,"ch":7,"sticky":"after"},"to":{"line":12,"ch":12,"sticky":"before"},"text":["\"Medio\""],"removed":["Medio"]}
2019-5-1 00:09:01.349#keyHandled#"'\"'"
2019-5-1 00:09:02.054#keyHandled#"End"
2019-5-1 00:09:02.376#keyHandled#"End"
2019-5-1 00:09:03.483#change#{"from":{"line":12,"ch":15,"sticky":"before"},"to":{"line":12,"ch":15,"sticky":"before"},"text":["",""],"removed":[""],"origin":"+input"}
2019-5-1 00:09:03.483#change#{"from":{"line":13,"ch":0,"sticky":null},"to":{"line":13,"ch":0,"sticky":null},"text":["\t"],"removed":[""],"origin":"+input"}
2019-5-1 00:09:03.483#keyHandled#"Enter"
2019-5-1 00:09:03.492#viewportChange#0
2019-5-1 00:09:04.728#keyHandled#"Left"
2019-5-1 00:09:05.596#change#{"from":{"line":13,"ch":0,"sticky":"after"},"to":{"line":13,"ch":1,"sticky":null},"text":[""],"removed":["\t"],"origin":"+delete"}
2019-5-1 00:09:05.596#keyHandled#"Delete"
2019-5-1 00:09:06.580#change#{"from":{"line":13,"ch":0,"sticky":null},"to":{"line":13,"ch":0,"sticky":null},"text":["e"],"removed":[""],"origin":"+input"}
2019-5-1 00:09:06.789#change#{"from":{"line":13,"ch":1,"sticky":null},"to":{"line":13,"ch":1,"sticky":null},"text":["l"],"removed":[""],"origin":"+input"}
2019-5-1 00:09:07.060#change#{"from":{"line":13,"ch":2,"sticky":null},"to":{"line":13,"ch":2,"sticky":null},"text":["i"],"removed":[""],"origin":"+input"}
2019-5-1 00:09:07.389#change#{"from":{"line":13,"ch":3,"sticky":null},"to":{"line":13,"ch":3,"sticky":null},"text":["f"],"removed":[""],"origin":"+input"}
2019-5-1 00:09:09.136#change#{"from":{"line":13,"ch":4,"sticky":null},"to":{"line":13,"ch":4,"sticky":null},"text":["()"],"removed":[""],"origin":"+input"}
2019-5-1 00:09:09.136#keyHandled#"'('"
2019-5-1 00:09:15.615#change#{"from":{"line":13,"ch":6,"sticky":null},"to":{"line":13,"ch":6,"sticky":null},"text":["d"],"removed":[""],"origin":"+input"}
2019-5-1 00:09:16.010#change#{"from":{"line":13,"ch":7,"sticky":null},"to":{"line":13,"ch":7,"sticky":null},"text":["a"],"removed":[""],"origin":"+input"}
2019-5-1 00:09:16.312#change#{"from":{"line":13,"ch":8,"sticky":null},"to":{"line":13,"ch":8,"sticky":null},"text":["d"],"removed":[""],"origin":"+input"}
2019-5-1 00:09:16.539#change#{"from":{"line":13,"ch":9,"sticky":null},"to":{"line":13,"ch":9,"sticky":null},"text":["e"],"removed":[""],"origin":"+input"}
2019-5-1 00:09:17.506#change#{"from":{"line":13,"ch":10,"sticky":null},"to":{"line":13,"ch":10,"sticky":null},"text":[" "],"removed":[""],"origin":"+input"}
2019-5-1 00:09:18.756#change#{"from":{"line":13,"ch":11,"sticky":null},"to":{"line":13,"ch":11,"sticky":null},"text":[">"],"removed":[""],"origin":"+input"}
2019-5-1 00:09:19.279#change#{"from":{"line":13,"ch":12,"sticky":null},"to":{"line":13,"ch":12,"sticky":null},"text":["="],"removed":[""],"origin":"+input"}
2019-5-1 00:09:20.051#change#{"from":{"line":13,"ch":13,"sticky":null},"to":{"line":13,"ch":13,"sticky":null},"text":[" "],"removed":[""],"origin":"+input"}
2019-5-1 00:09:21.307#change#{"from":{"line":13,"ch":14,"sticky":null},"to":{"line":13,"ch":14,"sticky":null},"text":["4"],"removed":[""],"origin":"+input"}
2019-5-1 00:09:21.542#change#{"from":{"line":13,"ch":15,"sticky":null},"to":{"line":13,"ch":15,"sticky":null},"text":["5"],"removed":[""],"origin":"+input"}
2019-5-1 00:09:23.268#change#{"from":{"line":13,"ch":16,"sticky":null},"to":{"line":13,"ch":16,"sticky":null},"text":[" "],"removed":[""],"origin":"+input"}
2019-5-1 00:09:24.183#change#{"from":{"line":13,"ch":17,"sticky":null},"to":{"line":13,"ch":17,"sticky":null},"text":["a"],"removed":[""],"origin":"+input"}
2019-5-1 00:09:24.366#change#{"from":{"line":13,"ch":18,"sticky":null},"to":{"line":13,"ch":18,"sticky":null},"text":["n"],"removed":[""],"origin":"+input"}
2019-5-1 00:09:24.619#change#{"from":{"line":13,"ch":19,"sticky":null},"to":{"line":13,"ch":19,"sticky":null},"text":["d"],"removed":[""],"origin":"+input"}
2019-5-1 00:09:24.992#change#{"from":{"line":13,"ch":20,"sticky":null},"to":{"line":13,"ch":20,"sticky":null},"text":[" "],"removed":[""],"origin":"+input"}
2019-5-1 00:09:26.020#change#{"from":{"line":13,"ch":21,"sticky":null},"to":{"line":13,"ch":21,"sticky":null},"text":["i"],"removed":[""],"origin":"+input"}
2019-5-1 00:09:26.859#change#{"from":{"line":13,"ch":22,"sticky":null},"to":{"line":13,"ch":22,"sticky":null},"text":["m"],"removed":[""],"origin":"+input"}
2019-5-1 00:09:27.798#change#{"from":{"line":13,"ch":23,"sticky":null},"to":{"line":13,"ch":23,"sticky":null},"text":["c"],"removed":[""],"origin":"+input"}
2019-5-1 00:09:28.855#change#{"from":{"line":13,"ch":24,"sticky":null},"to":{"line":13,"ch":24,"sticky":null},"text":[" "],"removed":[""],"origin":"+input"}
2019-5-1 00:09:29.713#change#{"from":{"line":13,"ch":25,"sticky":null},"to":{"line":13,"ch":25,"sticky":null},"text":["<"],"removed":[""],"origin":"+input"}
2019-5-1 00:09:30.744#change#{"from":{"line":13,"ch":26,"sticky":null},"to":{"line":13,"ch":26,"sticky":null},"text":[" "],"removed":[""],"origin":"+input"}
2019-5-1 00:09:32.824#keyHandled#"Left"
2019-5-1 00:09:35.823#keyHandled#"Left"
2019-5-1 00:09:37.984#change#{"from":{"line":13,"ch":25,"sticky":"after"},"to":{"line":13,"ch":26,"sticky":"before"},"text":[">"],"removed":["<"],"origin":"+input"}
2019-5-1 00:09:38.893#change#{"from":{"line":13,"ch":26,"sticky":null},"to":{"line":13,"ch":26,"sticky":null},"text":["="],"removed":[""],"origin":"+input"}
2019-5-1 00:09:39.583#change#{"from":{"line":13,"ch":27,"sticky":null},"to":{"line":13,"ch":27,"sticky":null},"text":[" "],"removed":[""],"origin":"+input"}
2019-5-1 00:09:40.626#change#{"from":{"line":13,"ch":28,"sticky":null},"to":{"line":13,"ch":28,"sticky":null},"text":["2"],"removed":[""],"origin":"+input"}
2019-5-1 00:09:40.842#change#{"from":{"line":13,"ch":29,"sticky":null},"to":{"line":13,"ch":29,"sticky":null},"text":["2"],"removed":[""],"origin":"+input"}
2019-5-1 00:09:41.955#change#{"from":{"line":13,"ch":30,"sticky":null},"to":{"line":13,"ch":30,"sticky":null},"text":["",""],"removed":[""],"origin":"+input"}
2019-5-1 00:09:41.955#change#{"from":{"line":14,"ch":0,"sticky":null},"to":{"line":14,"ch":1,"sticky":null},"text":["\t "],"removed":[" "],"origin":"+input"}
2019-5-1 00:09:41.955#keyHandled#"Enter"
2019-5-1 00:09:41.966#viewportChange#0
2019-5-1 00:09:45.117#change#{"from":{"line":14,"ch":2,"sticky":null},"to":{"line":14,"ch":2,"sticky":null},"text":["."],"removed":[""],"origin":"+input"}
2019-5-1 00:09:49.174#mousedown#{"isTrusted":true}
2019-5-1 00:09:50.226#keyHandled#"Left"
2019-5-1 00:09:51.307#change#{"from":{"line":11,"ch":29,"sticky":"after"},"to":{"line":11,"ch":30,"sticky":"before","xRel":-2.6875},"text":["."],"removed":[","],"origin":"+input"}
2019-5-1 00:09:54.519#mousedown#{"isTrusted":true}
2019-5-1 00:09:56.131#mousedown#{"isTrusted":true}
2019-5-1 00:09:57.301#keyHandled#"Left"
2019-5-1 00:09:57.668#keyHandled#"Left"
2019-5-1 00:09:57.909#keyHandled#"Left"
2019-5-1 00:09:58.812#change#{"from":{"line":13,"ch":30,"sticky":"before"},"to":{"line":14,"ch":2,"sticky":"before","xRel":-2.90625},"text":[""],"removed":["","\t "],"origin":"+delete"}
2019-5-1 00:09:58.812#keyHandled#"Delete"
2019-5-1 00:09:58.825#viewportChange#0
2019-5-1 00:10:00.464#keyHandled#"Right"
2019-5-1 00:10:01.909#change#{"from":{"line":13,"ch":31,"sticky":"before"},"to":{"line":13,"ch":31,"sticky":"before"},"text":["0"],"removed":[""],"origin":"+input"}
2019-5-1 00:10:02.977#keyHandled#"Right"
2019-5-1 00:10:17.159#change#{"from":{"line":14,"ch":1,"sticky":null},"to":{"line":14,"ch":1,"sticky":null},"text":["p"],"removed":[""],"origin":"+input"}
2019-5-1 00:10:18.507#change#{"from":{"line":14,"ch":2,"sticky":null},"to":{"line":14,"ch":2,"sticky":null},"text":["r"],"removed":[""],"origin":"+input"}
2019-5-1 00:10:18.739#change#{"from":{"line":14,"ch":3,"sticky":null},"to":{"line":14,"ch":3,"sticky":null},"text":["i"],"removed":[""],"origin":"+input"}
2019-5-1 00:10:19.086#change#{"from":{"line":14,"ch":4,"sticky":null},"to":{"line":14,"ch":4,"sticky":null},"text":["n"],"removed":[""],"origin":"+input"}
2019-5-1 00:10:19.338#change#{"from":{"line":14,"ch":5,"sticky":null},"to":{"line":14,"ch":5,"sticky":null},"text":["t"],"removed":[""],"origin":"+input"}
2019-5-1 00:10:20.886#change#{"from":{"line":14,"ch":6,"sticky":null},"to":{"line":14,"ch":6,"sticky":null},"text":["9"],"removed":[""],"origin":"+input"}
2019-5-1 00:10:22.985#keyHandled#"Left"
2019-5-1 00:10:24.736#change#{"from":{"line":14,"ch":6,"sticky":"after"},"to":{"line":14,"ch":7,"sticky":null},"text":[""],"removed":["9"],"origin":"+delete"}
2019-5-1 00:10:24.737#keyHandled#"Delete"
2019-5-1 00:10:26.914#change#{"from":{"line":14,"ch":6,"sticky":null},"to":{"line":14,"ch":6,"sticky":null},"text":["()"],"removed":[""],"origin":"+input"}
2019-5-1 00:10:26.914#keyHandled#"'('"
2019-5-1 00:10:29.068#change#{"from":{"line":14,"ch":7,"sticky":"after"},"to":{"line":14,"ch":7,"sticky":"after"},"text":["\"\""],"removed":[""],"origin":"+input"}
2019-5-1 00:10:29.068#keyHandled#"'\"'"
2019-5-1 00:10:30.379#change#{"from":{"line":14,"ch":8,"sticky":"after"},"to":{"line":14,"ch":8,"sticky":"after"},"text":["A"],"removed":[""],"origin":"+input"}
2019-5-1 00:10:31.469#change#{"from":{"line":14,"ch":9,"sticky":null},"to":{"line":14,"ch":9,"sticky":null},"text":["l"],"removed":[""],"origin":"+input"}
2019-5-1 00:10:32.342#change#{"from":{"line":14,"ch":10,"sticky":null},"to":{"line":14,"ch":10,"sticky":null},"text":["t"],"removed":[""],"origin":"+input"}
2019-5-1 00:10:32.554#change#{"from":{"line":14,"ch":11,"sticky":null},"to":{"line":14,"ch":11,"sticky":null},"text":["o"],"removed":[""],"origin":"+input"}
2019-5-1 00:10:36.111#submit#Your code did not produce the correct output. Please, correct your code and try again.
2019-5-1 00:11:18.100#blur#
2019-5-1 00:11:18.100#blur#
2019-5-1 00:11:21.658#saida_testar#$ python3 main.py
idade da pessoa:131
imc da pessoa:45
Entradas: 131 anos e IMC 45.0
Dados invalidos
2019-5-1 00:11:48.012#dica_bullet#NameError: name 'NOME_DA_VARIAVEL' is not defined
2019-5-1 00:12:22.026#mousedown#{"isTrusted":true}
2019-5-1 00:12:22.188#focus#
2019-5-1 00:12:23.733#keyHandled#"Left"
2019-5-1 00:12:24.502#change#{"from":{"line":4,"ch":39,"sticky":"after"},"to":{"line":4,"ch":40,"sticky":"after","xRel":0.09375},"text":["0"],"removed":["o"],"origin":"+input"}
2019-5-1 00:12:24.502#change#{"from":{"line":4,"ch":39,"sticky":"after"},"to":{"line":4,"ch":40,"sticky":"after","xRel":0.09375},"text":["0"],"removed":["o"],"origin":"+input"}
2019-5-1 00:12:28.926#submit#Your code did not produce the correct output. Please, correct your code and try again.
2019-5-1 00:12:32.046#blur#
2019-5-1 00:12:32.046#blur#
2019-5-1 00:12:35.586#saida_testar#$ python3 main.py
2019-5-1 00:12:35.586#saida_testar#$ python3 main.py
2019-5-1 00:13:39.522#submit#Your code did not produce the correct output. Please, correct your code and try again.
2019-5-1 00:14:05.695#mousedown#{"isTrusted":true}
2019-5-1 00:14:05.706#focus#
2019-5-1 00:14:06.844#keyHandled#"Up"
2019-5-1 00:14:07.680#keyHandled#"Up"
2019-5-1 00:14:08.112#keyHandled#"Up"
2019-5-1 00:14:08.418#keyHandled#"Up"
2019-5-1 00:14:08.694#keyHandled#"Up"
2019-5-1 00:14:08.946#keyHandled#"Up"
2019-5-1 00:14:09.814#keyHandled#"Down"
2019-5-1 00:14:11.443#keyHandled#"Left"
2019-5-1 00:14:11.720#keyHandled#"Left"
2019-5-1 00:14:12.122#keyHandled#"Left"
2019-5-1 00:14:16.963#keyHandled#"Right"
2019-5-1 00:14:17.300#keyHandled#"Right"
2019-5-1 00:14:17.545#keyHandled#"Right"
2019-5-1 00:14:18.054#keyHandled#"Right"
2019-5-1 00:14:18.343#keyHandled#"Right"
2019-5-1 00:14:18.619#keyHandled#"Right"
2019-5-1 00:14:18.921#keyHandled#"Right"
2019-5-1 00:14:19.262#keyHandled#"Right"
2019-5-1 00:14:19.765#keyHandled#"Right"
2019-5-1 00:14:20.061#keyHandled#"Right"
2019-5-1 00:14:20.302#keyHandled#"Right"
2019-5-1 00:14:20.559#keyHandled#"Right"
2019-5-1 00:14:20.808#keyHandled#"Right"
2019-5-1 00:14:21.024#keyHandled#"Right"
2019-5-1 00:14:21.234#keyHandled#"Right"
2019-5-1 00:14:21.446#keyHandled#"Right"
2019-5-1 00:14:21.664#keyHandled#"Right"
2019-5-1 00:14:21.911#keyHandled#"Right"
2019-5-1 00:14:22.327#keyHandled#"Right"
2019-5-1 00:14:23.116#keyHandled#"Left"
2019-5-1 00:14:23.371#keyHandled#"Left"
2019-5-1 00:14:23.709#keyHandled#"Left"
2019-5-1 00:14:24.829#change#{"from":{"line":1,"ch":19,"sticky":"after"},"to":{"line":1,"ch":22,"sticky":"before"},"text":["I"],"removed":["imc"],"origin":"+input"}
2019-5-1 00:14:25.346#change#{"from":{"line":1,"ch":20,"sticky":null},"to":{"line":1,"ch":20,"sticky":null},"text":["M"],"removed":[""],"origin":"+input"}
2019-5-1 00:14:25.984#change#{"from":{"line":1,"ch":21,"sticky":null},"to":{"line":1,"ch":21,"sticky":null},"text":["C"],"removed":[""],"origin":"+input"}
2019-5-1 00:14:28.229#keyHandled#"Down"
2019-5-1 00:14:29.197#keyHandled#"Right"
2019-5-1 00:14:29.431#keyHandled#"Right"
2019-5-1 00:14:29.643#keyHandled#"Right"
2019-5-1 00:14:29.829#keyHandled#"Right"
2019-5-1 00:14:30.048#keyHandled#"Right"
2019-5-1 00:14:30.243#keyHandled#"Right"
2019-5-1 00:14:30.447#keyHandled#"Right"
2019-5-1 00:14:30.664#keyHandled#"Right"
2019-5-1 00:14:30.887#keyHandled#"Right"
2019-5-1 00:14:31.065#keyHandled#"Right"
2019-5-1 00:14:31.252#keyHandled#"Right"
2019-5-1 00:14:31.467#keyHandled#"Right"
2019-5-1 00:14:31.658#keyHandled#"Right"
2019-5-1 00:14:31.868#keyHandled#"Right"
2019-5-1 00:14:32.084#keyHandled#"Right"
2019-5-1 00:14:32.294#keyHandled#"Right"
2019-5-1 00:14:32.581#keyHandled#"Right"
2019-5-1 00:14:32.762#keyHandled#"Right"
2019-5-1 00:14:34.906#keyHandled#"Right"
2019-5-1 00:14:35.384#keyHandled#"Right"
2019-5-1 00:14:35.680#keyHandled#"Right"
2019-5-1 00:14:35.936#keyHandled#"Right"
2019-5-1 00:14:36.174#keyHandled#"Right"
2019-5-1 00:14:36.677#keyHandled#"Right"
2019-5-1 00:14:36.708#keyHandled#"Right"
2019-5-1 00:14:36.737#keyHandled#"Right"
2019-5-1 00:14:36.767#keyHandled#"Right"
2019-5-1 00:14:36.797#keyHandled#"Right"
2019-5-1 00:14:36.829#keyHandled#"Right"
2019-5-1 00:14:36.859#keyHandled#"Right"
2019-5-1 00:14:36.888#keyHandled#"Right"
2019-5-1 00:14:36.930#keyHandled#"Right"
2019-5-1 00:14:36.948#keyHandled#"Right"
2019-5-1 00:14:36.978#keyHandled#"Right"
2019-5-1 00:14:37.011#keyHandled#"Right"
2019-5-1 00:14:37.736#keyHandled#"Down"
2019-5-1 00:14:38.202#keyHandled#"Right"
2019-5-1 00:14:39.056#keyHandled#"Left"
2019-5-1 00:14:39.448#keyHandled#"Left"
2019-5-1 00:14:39.875#keyHandled#"Left"
2019-5-1 00:14:42.005#change#{"from":{"line":4,"ch":32,"sticky":"after"},"to":{"line":4,"ch":35,"sticky":"before"},"text":["I"],"removed":["imc"],"origin":"+input"}
2019-5-1 00:14:42.472#change#{"from":{"line":4,"ch":33,"sticky":null},"to":{"line":4,"ch":33,"sticky":null},"text":["M"],"removed":[""],"origin":"+input"}
2019-5-1 00:14:43.476#change#{"from":{"line":4,"ch":34,"sticky":null},"to":{"line":4,"ch":34,"sticky":null},"text":["C"],"removed":[""],"origin":"+input"}
2019-5-1 00:14:45.112#keyHandled#"Down"
2019-5-1 00:14:45.604#keyHandled#"Down"
2019-5-1 00:14:46.153#keyHandled#"Down"
2019-5-1 00:14:47.724#keyHandled#"Left"
2019-5-1 00:14:48.034#keyHandled#"Left"
2019-5-1 00:14:48.250#keyHandled#"Left"
2019-5-1 00:14:48.445#keyHandled#"Left"
2019-5-1 00:14:48.636#keyHandled#"Left"
2019-5-1 00:14:48.813#keyHandled#"Left"
2019-5-1 00:14:49.029#keyHandled#"Left"
2019-5-1 00:14:49.234#keyHandled#"Left"
2019-5-1 00:14:49.440#keyHandled#"Left"
2019-5-1 00:14:50.284#keyHandled#"Left"
2019-5-1 00:14:50.514#keyHandled#"Left"
2019-5-1 00:14:50.891#keyHandled#"Left"
2019-5-1 00:14:51.675#change#{"from":{"line":7,"ch":20,"sticky":"after"},"to":{"line":7,"ch":23,"sticky":"after"},"text":["I"],"removed":["imc"],"origin":"+input"}
2019-5-1 00:14:52.047#change#{"from":{"line":7,"ch":21,"sticky":null},"to":{"line":7,"ch":21,"sticky":null},"text":["M"],"removed":[""],"origin":"+input"}
2019-5-1 00:14:53.006#change#{"from":{"line":7,"ch":22,"sticky":null},"to":{"line":7,"ch":22,"sticky":null},"text":["C"],"removed":[""],"origin":"+input"}
2019-5-1 00:14:53.899#keyHandled#"Down"
2019-5-1 00:14:55.350#keyHandled#"Right"
2019-5-1 00:14:55.581#keyHandled#"Right"
2019-5-1 00:14:55.796#keyHandled#"Right"
2019-5-1 00:14:56.002#keyHandled#"Right"
2019-5-1 00:14:56.215#keyHandled#"Right"
2019-5-1 00:14:56.421#keyHandled#"Right"
2019-5-1 00:14:56.611#keyHandled#"Right"
2019-5-1 00:14:56.811#keyHandled#"Right"
2019-5-1 00:14:56.992#keyHandled#"Right"
2019-5-1 00:14:57.200#keyHandled#"Right"
2019-5-1 00:14:57.389#keyHandled#"Right"
2019-5-1 00:14:57.611#keyHandled#"Right"
2019-5-1 00:14:57.803#keyHandled#"Right"
2019-5-1 00:14:58.004#keyHandled#"Right"
2019-5-1 00:14:58.214#keyHandled#"Right"
2019-5-1 00:14:58.415#keyHandled#"Right"
2019-5-1 00:14:58.640#keyHandled#"Right"
2019-5-1 00:14:58.842#keyHandled#"Right"
2019-5-1 00:14:59.052#keyHandled#"Right"
2019-5-1 00:14:59.255#keyHandled#"Right"
2019-5-1 00:14:59.445#keyHandled#"Right"
2019-5-1 00:14:59.701#keyHandled#"Right"
2019-5-1 00:15:00.062#keyHandled#"Right"
2019-5-1 00:15:00.822#keyHandled#"Left"
2019-5-1 00:15:01.051#keyHandled#"Left"
2019-5-1 00:15:01.489#keyHandled#"Left"
2019-5-1 00:15:02.445#change#{"from":{"line":9,"ch":20,"sticky":"after"},"to":{"line":9,"ch":23,"sticky":"before"},"text":["I"],"removed":["imc"],"origin":"+input"}
2019-5-1 00:15:02.850#change#{"from":{"line":9,"ch":21,"sticky":null},"to":{"line":9,"ch":21,"sticky":null},"text":["M"],"removed":[""],"origin":"+input"}
2019-5-1 00:15:03.599#change#{"from":{"line":9,"ch":22,"sticky":null},"to":{"line":9,"ch":22,"sticky":null},"text":["C"],"removed":[""],"origin":"+input"}
2019-5-1 00:15:10.444#keyHandled#"Right"
2019-5-1 00:15:11.174#keyHandled#"Left"
2019-5-1 00:15:11.434#keyHandled#"Left"
2019-5-1 00:15:11.685#keyHandled#"Left"
2019-5-1 00:15:12.408#keyHandled#"Left"
2019-5-1 00:15:13.226#keyHandled#"Right"
2019-5-1 00:15:14.528#change#{"from":{"line":11,"ch":21,"sticky":"before"},"to":{"line":11,"ch":24,"sticky":"before"},"text":["I"],"removed":["imc"],"origin":"+input"}
2019-5-1 00:15:15.614#change#{"from":{"line":11,"ch":22,"sticky":null},"to":{"line":11,"ch":22,"sticky":null},"text":["M"],"removed":[""],"origin":"+input"}
2019-5-1 00:15:16.305#change#{"from":{"line":11,"ch":23,"sticky":null},"to":{"line":11,"ch":23,"sticky":null},"text":["C"],"removed":[""],"origin":"+input"}
2019-5-1 00:15:17.188#keyHandled#"Down"
2019-5-1 00:15:18.025#keyHandled#"Down"
2019-5-1 00:15:19.450#keyHandled#"Left"
2019-5-1 00:15:19.847#keyHandled#"Left"
2019-5-1 00:15:20.171#keyHandled#"Left"
2019-5-1 00:15:21.548#change#{"from":{"line":13,"ch":21,"sticky":"after"},"to":{"line":13,"ch":24,"sticky":"after","xRel":0},"text":["I"],"removed":["imc"],"origin":"+input"}
2019-5-1 00:15:21.964#change#{"from":{"line":13,"ch":22,"sticky":null},"to":{"line":13,"ch":22,"sticky":null},"text":["M"],"removed":[""],"origin":"+input"}
2019-5-1 00:15:22.709#change#{"from":{"line":13,"ch":23,"sticky":null},"to":{"line":13,"ch":23,"sticky":null},"text":["C"],"removed":[""],"origin":"+input"}
2019-5-1 00:15:23.424#keyHandled#"Down"
2019-5-1 00:15:28.714#submit#Your code did not produce the correct output. Please, correct your code and try again.
2019-5-1 00:15:44.293#mousedown#{"isTrusted":true}
2019-5-1 00:15:46.653#change#{"from":{"line":8,"ch":7,"sticky":"before","xRel":-0.171875},"to":{"line":8,"ch":7,"sticky":"before","xRel":-0.171875},"text":["R"],"removed":[""],"origin":"+input"}
2019-5-1 00:15:52.588#blur#
2019-5-1 00:16:24.775#focus#
2019-5-1 00:16:26.880#change#{"from":{"line":8,"ch":8,"sticky":null},"to":{"line":8,"ch":8,"sticky":null},"text":["i"],"removed":[""],"origin":"+input"}
2019-5-1 00:16:27.324#change#{"from":{"line":8,"ch":9,"sticky":null},"to":{"line":8,"ch":9,"sticky":null},"text":["s"],"removed":[""],"origin":"+input"}
2019-5-1 00:16:28.607#change#{"from":{"line":8,"ch":10,"sticky":null},"to":{"line":8,"ch":10,"sticky":null},"text":["c"],"removed":[""],"origin":"+input"}
2019-5-1 00:16:31.207#change#{"from":{"line":8,"ch":11,"sticky":null},"to":{"line":8,"ch":11,"sticky":null},"text":["o"],"removed":[""],"origin":"+input"}
2019-5-1 00:16:48.201#keyHandled#"Left"
2019-5-1 00:16:48.492#keyHandled#"Left"
2019-5-1 00:16:48.699#keyHandled#"Left"
2019-5-1 00:16:48.918#keyHandled#"Left"
2019-5-1 00:16:49.147#keyHandled#"Left"
2019-5-1 00:16:50.324#change#{"from":{"line":8,"ch":7,"sticky":"after"},"to":{"line":8,"ch":12,"sticky":null},"text":[""],"removed":["Risco"],"origin":"+delete"}
2019-5-1 00:16:50.324#keyHandled#"Delete"
2019-5-1 00:16:51.313#keyHandled#"Right"
2019-5-1 00:16:52.545#change#{"from":{"line":8,"ch":8,"sticky":"before"},"to":{"line":8,"ch":8,"sticky":"before"},"text":["R"],"removed":[""],"origin":"+input"}
2019-5-1 00:16:53.597#change#{"from":{"line":8,"ch":9,"sticky":null},"to":{"line":8,"ch":9,"sticky":null},"text":["i"],"removed":[""],"origin":"+input"}
2019-5-1 00:16:53.882#change#{"from":{"line":8,"ch":10,"sticky":null},"to":{"line":8,"ch":10,"sticky":null},"text":["s"],"removed":[""],"origin":"+input"}
2019-5-1 00:16:54.274#change#{"from":{"line":8,"ch":11,"sticky":null},"to":{"line":8,"ch":11,"sticky":null},"text":["c"],"removed":[""],"origin":"+input"}
2019-5-1 00:16:54.526#change#{"from":{"line":8,"ch":12,"sticky":null},"to":{"line":8,"ch":12,"sticky":null},"text":["o"],"removed":[""],"origin":"+input"}
2019-5-1 00:16:56.231#change#{"from":{"line":8,"ch":13,"sticky":null},"to":{"line":8,"ch":13,"sticky":null},"text":[" "],"removed":[""],"origin":"+input"}
2019-5-1 00:16:59.325#keyHandled#"Left"
2019-5-1 00:17:00.528#change#{"from":{"line":8,"ch":13,"sticky":"after"},"to":{"line":8,"ch":13,"sticky":"after"},"text":[":"],"removed":[""],"origin":"+input"}
2019-5-1 00:17:01.683#keyHandled#"Down"
2019-5-1 00:17:02.223#keyHandled#"Down"
2019-5-1 00:17:02.786#keyHandled#"Left"
2019-5-1 00:17:03.060#keyHandled#"Left"
2019-5-1 00:17:03.272#keyHandled#"Left"
2019-5-1 00:17:03.463#keyHandled#"Left"
2019-5-1 00:17:03.734#keyHandled#"Left"
2019-5-1 00:17:05.510#change#{"from":{"line":10,"ch":8,"sticky":"after"},"to":{"line":10,"ch":8,"sticky":"after"},"text":["R"],"removed":[""],"origin":"+input"}
2019-5-1 00:17:06.278#change#{"from":{"line":10,"ch":9,"sticky":null},"to":{"line":10,"ch":9,"sticky":null},"text":["i"],"removed":[""],"origin":"+input"}
2019-5-1 00:17:07.458#change#{"from":{"line":10,"ch":10,"sticky":null},"to":{"line":10,"ch":10,"sticky":null},"text":["s"],"removed":[""],"origin":"+input"}
2019-5-1 00:17:07.830#change#{"from":{"line":10,"ch":11,"sticky":null},"to":{"line":10,"ch":11,"sticky":null},"text":["c"],"removed":[""],"origin":"+input"}
2019-5-1 00:17:08.122#change#{"from":{"line":10,"ch":12,"sticky":null},"to":{"line":10,"ch":12,"sticky":null},"text":["o"],"removed":[""],"origin":"+input"}
2019-5-1 00:17:09.130#change#{"from":{"line":10,"ch":13,"sticky":null},"to":{"line":10,"ch":13,"sticky":null},"text":[":"],"removed":[""],"origin":"+input"}
2019-5-1 00:17:09.686#change#{"from":{"line":10,"ch":14,"sticky":null},"to":{"line":10,"ch":14,"sticky":null},"text":[" "],"removed":[""],"origin":"+input"}
2019-5-1 00:17:10.824#keyHandled#"Down"
2019-5-1 00:17:11.247#keyHandled#"Left"
2019-5-1 00:17:11.558#keyHandled#"Left"
2019-5-1 00:17:11.909#keyHandled#"Down"
2019-5-1 00:17:12.291#keyHandled#"Left"
2019-5-1 00:17:12.602#keyHandled#"Left"
2019-5-1 00:17:12.797#keyHandled#"Left"
2019-5-1 00:17:13.017#keyHandled#"Left"
2019-5-1 00:17:13.350#keyHandled#"Left"
2019-5-1 00:17:15.176#change#{"from":{"line":12,"ch":8,"sticky":"after"},"to":{"line":12,"ch":8,"sticky":"after"},"text":["R"],"removed":[""],"origin":"+input"}
2019-5-1 00:17:16.050#change#{"from":{"line":12,"ch":9,"sticky":null},"to":{"line":12,"ch":9,"sticky":null},"text":["i"],"removed":[""],"origin":"+input"}
2019-5-1 00:17:16.988#change#{"from":{"line":12,"ch":10,"sticky":null},"to":{"line":12,"ch":10,"sticky":null},"text":["s"],"removed":[""],"origin":"+input"}
2019-5-1 00:17:17.347#change#{"from":{"line":12,"ch":11,"sticky":null},"to":{"line":12,"ch":11,"sticky":null},"text":["c"],"removed":[""],"origin":"+input"}
2019-5-1 00:17:17.618#change#{"from":{"line":12,"ch":12,"sticky":null},"to":{"line":12,"ch":12,"sticky":null},"text":["o"],"removed":[""],"origin":"+input"}
2019-5-1 00:17:18.485#change#{"from":{"line":12,"ch":13,"sticky":null},"to":{"line":12,"ch":13,"sticky":null},"text":[":"],"removed":[""],"origin":"+input"}
2019-5-1 00:17:18.932#change#{"from":{"line":12,"ch":14,"sticky":null},"to":{"line":12,"ch":14,"sticky":null},"text":[" "],"removed":[""],"origin":"+input"}
2019-5-1 00:17:20.267#keyHandled#"Down"
2019-5-1 00:17:20.708#keyHandled#"Left"
2019-5-1 00:17:20.934#keyHandled#"Left"
2019-5-1 00:17:21.226#keyHandled#"Down"
2019-5-1 00:17:21.593#keyHandled#"Left"
2019-5-1 00:17:21.845#keyHandled#"Left"
2019-5-1 00:17:22.030#keyHandled#"Left"
2019-5-1 00:17:22.219#keyHandled#"Left"
2019-5-1 00:17:22.466#keyHandled#"Left"
2019-5-1 00:17:23.304#keyHandled#"Left"
2019-5-1 00:17:23.961#keyHandled#"Right"
2019-5-1 00:17:24.821#change#{"from":{"line":14,"ch":8,"sticky":"before"},"to":{"line":14,"ch":8,"sticky":"before"},"text":["R"],"removed":[""],"origin":"+input"}
2019-5-1 00:17:25.882#change#{"from":{"line":14,"ch":9,"sticky":null},"to":{"line":14,"ch":9,"sticky":null},"text":["i"],"removed":[""],"origin":"+input"}
2019-5-1 00:17:26.274#change#{"from":{"line":14,"ch":10,"sticky":null},"to":{"line":14,"ch":10,"sticky":null},"text":["s"],"removed":[""],"origin":"+input"}
2019-5-1 00:17:26.737#change#{"from":{"line":14,"ch":11,"sticky":null},"to":{"line":14,"ch":11,"sticky":null},"text":["c"],"removed":[""],"origin":"+input"}
2019-5-1 00:17:27.031#change#{"from":{"line":14,"ch":12,"sticky":null},"to":{"line":14,"ch":12,"sticky":null},"text":["o"],"removed":[""],"origin":"+input"}
2019-5-1 00:17:28.969#change#{"from":{"line":14,"ch":13,"sticky":null},"to":{"line":14,"ch":13,"sticky":null},"text":[":"],"removed":[""],"origin":"+input"}
2019-5-1 00:17:29.531#change#{"from":{"line":14,"ch":14,"sticky":null},"to":{"line":14,"ch":14,"sticky":null},"text":[" "],"removed":[""],"origin":"+input"}
2019-5-1 00:17:29.531#change#{"from":{"line":14,"ch":14,"sticky":null},"to":{"line":14,"ch":14,"sticky":null},"text":[" "],"removed":[""],"origin":"+input"}
2019-5-1 00:17:44.962#keyHandled#"Left"
2019-5-1 00:17:48.555#keyHandled#"Right"
2019-5-1 00:17:49.515#keyHandled#"Left"
2019-5-1 00:17:51.187#change#{"from":{"line":14,"ch":14,"sticky":"after"},"to":{"line":14,"ch":15,"sticky":"before"},"text":[""],"removed":[" "],"origin":"+delete"}
2019-5-1 00:17:51.187#keyHandled#"Delete"
2019-5-1 00:17:53.014#keyHandled#"Left"
2019-5-1 00:17:53.355#keyHandled#"Left"
2019-5-1 00:17:53.606#keyHandled#"Left"
2019-5-1 00:17:53.827#keyHandled#"Left"
2019-5-1 00:17:54.751#keyHandled#"Left"
2019-5-1 00:17:59.608#keyHandled#"Right"
2019-5-1 00:18:01.274#change#{"from":{"line":14,"ch":14,"sticky":null},"to":{"line":14,"ch":14,"sticky":null},"text":[","],"removed":[""],"origin":"+input"}
2019-5-1 00:18:02.490#keyHandled#"Right"
2019-5-1 00:18:02.862#keyHandled#"Right"
2019-5-1 00:18:03.153#keyHandled#"Right"
2019-5-1 00:18:03.770#keyHandled#"Left"
2019-5-1 00:18:09.410#change#{"from":{"line":14,"ch":15,"sticky":"after"},"to":{"line":14,"ch":15,"sticky":"after"},"text":["'"],"removed":[""],"origin":"+input"}
2019-5-1 00:18:10.921#keyHandled#"Left"
2019-5-1 00:18:12.326#change#{"from":{"line":14,"ch":15,"sticky":"after"},"to":{"line":14,"ch":16,"sticky":null},"text":["\"'\""],"removed":["'"]}
2019-5-1 00:18:12.326#keyHandled#"'\"'"
2019-5-1 00:18:14.822#change#{"from":{"line":14,"ch":16,"sticky":null},"to":{"line":14,"ch":17,"sticky":null},"text":[""],"removed":["'"],"origin":"+delete"}
2019-5-1 00:18:14.822#keyHandled#"Delete"
2019-5-1 00:18:15.804#keyHandled#"Right"
2019-5-1 00:18:16.563#keyHandled#"Left"
2019-5-1 00:18:16.961#keyHandled#"Left"
2019-5-1 00:18:18.111#change#{"from":{"line":14,"ch":15,"sticky":"after"},"to":{"line":14,"ch":17,"sticky":"before"},"text":[""],"removed":["\"\""],"origin":"+delete"}
2019-5-1 00:18:18.111#keyHandled#"Delete"
2019-5-1 00:18:19.909#keyHandled#"Right"
2019-5-1 00:18:20.183#keyHandled#"Right"
2019-5-1 00:18:20.905#keyHandled#"Right"
2019-5-1 00:18:21.179#keyHandled#"Right"
2019-5-1 00:18:21.458#keyHandled#"Right"
2019-5-1 00:18:22.849#keyHandled#"Left"
2019-5-1 00:18:23.563#change#{"from":{"line":14,"ch":19,"sticky":"after"},"to":{"line":14,"ch":20,"sticky":"before"},"text":[""],"removed":["\""],"origin":"+delete"}
2019-5-1 00:18:23.563#keyHandled#"Delete"
2019-5-1 00:18:25.395#keyHandled#"Left"
2019-5-1 00:18:25.706#keyHandled#"Left"
2019-5-1 00:18:25.961#keyHandled#"Left"
2019-5-1 00:18:26.438#change#{"from":{"line":14,"ch":15,"sticky":"after"},"to":{"line":14,"ch":19,"sticky":null},"text":["\"Alto\""],"removed":["Alto"]}
2019-5-1 00:18:26.438#keyHandled#"'\"'"
2019-5-1 00:18:27.665#keyHandled#"Left"
2019-5-1 00:18:27.955#keyHandled#"Left"
2019-5-1 00:18:28.195#keyHandled#"Left"
2019-5-1 00:18:28.461#keyHandled#"Left"
2019-5-1 00:18:29.331#keyHandled#"Right"
2019-5-1 00:18:31.699#change#{"from":{"line":14,"ch":14,"sticky":"before"},"to":{"line":14,"ch":14,"sticky":"before"},"text":["\""],"removed":[""],"origin":"+input"}
2019-5-1 00:18:33.435#keyHandled#"Left"
2019-5-1 00:18:39.171#keyHandled#"Right"
2019-5-1 00:18:39.452#keyHandled#"Right"
2019-5-1 00:18:39.653#keyHandled#"Right"
2019-5-1 00:18:39.860#keyHandled#"Right"
2019-5-1 00:18:40.080#keyHandled#"Right"
2019-5-1 00:18:40.463#keyHandled#"Right"
2019-5-1 00:18:40.672#keyHandled#"Right"
2019-5-1 00:18:40.890#keyHandled#"Right"
2019-5-1 00:18:41.776#keyHandled#"Left"
2019-5-1 00:18:42.003#keyHandled#"Left"
2019-5-1 00:18:42.240#keyHandled#"Left"
2019-5-1 00:18:42.447#keyHandled#"Left"
2019-5-1 00:18:42.661#keyHandled#"Left"
2019-5-1 00:18:42.892#keyHandled#"Left"
2019-5-1 00:18:43.089#keyHandled#"Left"
2019-5-1 00:18:43.319#keyHandled#"Left"
2019-5-1 00:18:43.534#keyHandled#"Left"
2019-5-1 00:18:43.770#keyHandled#"Left"
2019-5-1 00:18:44.624#keyHandled#"Left"
2019-5-1 00:18:44.975#keyHandled#"Left"
2019-5-1 00:18:45.404#keyHandled#"Left"
2019-5-1 00:18:49.764#copy#{"isTrusted":true}
2019-5-1 00:18:53.818#mousedown#{"isTrusted":true}
2019-5-1 00:18:55.570#keyHandled#"Left"
2019-5-1 00:18:55.891#keyHandled#"Left"
2019-5-1 00:18:56.087#keyHandled#"Left"
2019-5-1 00:18:56.313#keyHandled#"Left"
2019-5-1 00:18:56.559#keyHandled#"Left"
2019-5-1 00:18:57.574#keyHandled#"Left"
2019-5-1 00:18:58.181#keyHandled#"Right"
2019-5-1 00:18:58.426#keyHandled#"Right"
2019-5-1 00:18:58.662#keyHandled#"Right"
2019-5-1 00:18:58.933#keyHandled#"Right"
2019-5-1 00:18:59.622#keyHandled#"Left"
2019-5-1 00:18:59.877#keyHandled#"Left"
2019-5-1 00:19:00.087#keyHandled#"Left"
2019-5-1 00:19:00.289#keyHandled#"Left"
2019-5-1 00:19:00.514#keyHandled#"Left"
2019-5-1 00:19:00.720#keyHandled#"Left"
2019-5-1 00:19:00.947#keyHandled#"Left"
2019-5-1 00:19:01.167#keyHandled#"Left"
2019-5-1 00:19:01.383#keyHandled#"Left"
2019-5-1 00:19:01.607#keyHandled#"Left"
2019-5-1 00:19:01.809#keyHandled#"Left"
2019-5-1 00:19:02.025#keyHandled#"Left"
2019-5-1 00:19:02.248#keyHandled#"Left"
2019-5-1 00:19:02.543#keyHandled#"Left"
2019-5-1 00:19:05.821#keyHandled#"Left"
2019-5-1 00:19:07.166#keyHandled#"Left"
2019-5-1 00:19:07.455#keyHandled#"Left"
2019-5-1 00:19:07.732#keyHandled#"Left"
2019-5-1 00:19:07.993#keyHandled#"Left"
2019-5-1 00:19:10.598#blur#
2019-5-1 00:19:33.648#mousedown#{"isTrusted":true}
2019-5-1 00:19:33.664#focus#
2019-5-1 00:19:33.675#blur#
2019-5-1 00:19:33.695#focus#
2019-5-1 00:19:38.102#keyHandled#"Right"
2019-5-1 00:19:39.026#keyHandled#"Left"
2019-5-1 00:19:39.281#keyHandled#"Left"
2019-5-1 00:19:39.493#keyHandled#"Left"
2019-5-1 00:19:39.839#keyHandled#"Left"
2019-5-1 00:19:41.799#change#{"from":{"line":12,"ch":17,"sticky":"after"},"to":{"line":12,"ch":21,"sticky":"before"},"text":["M"],"removed":["Alto"],"origin":"+input"}
2019-5-1 00:19:42.751#change#{"from":{"line":12,"ch":18,"sticky":null},"to":{"line":12,"ch":18,"sticky":null},"text":["e"],"removed":[""],"origin":"+input"}
2019-5-1 00:19:43.598#change#{"from":{"line":12,"ch":19,"sticky":null},"to":{"line":12,"ch":19,"sticky":null},"text":["d"],"removed":[""],"origin":"+input"}
2019-5-1 00:19:43.855#change#{"from":{"line":12,"ch":20,"sticky":null},"to":{"line":12,"ch":20,"sticky":null},"text":["i"],"removed":[""],"origin":"+input"}
2019-5-1 00:19:49.108#mousedown#{"isTrusted":true}
2019-5-1 00:19:50.231#keyHandled#"Left"
2019-5-1 00:19:50.482#keyHandled#"Left"
2019-5-1 00:19:50.717#keyHandled#"Left"
2019-5-1 00:19:50.917#keyHandled#"Left"
2019-5-1 00:19:51.138#keyHandled#"Left"
2019-5-1 00:19:51.339#keyHandled#"Left"
2019-5-1 00:19:51.545#keyHandled#"Left"
2019-5-1 00:19:51.746#keyHandled#"Left"
2019-5-1 00:19:51.956#keyHandled#"Left"
2019-5-1 00:19:52.167#keyHandled#"Left"
2019-5-1 00:19:52.383#keyHandled#"Left"
2019-5-1 00:19:52.606#keyHandled#"Left"
2019-5-1 00:19:52.790#keyHandled#"Left"
2019-5-1 00:19:52.996#keyHandled#"Left"
2019-5-1 00:19:53.222#keyHandled#"Left"
2019-5-1 00:19:53.628#keyHandled#"Left"
2019-5-1 00:19:55.201#copy#{"isTrusted":true}
2019-5-1 00:19:56.383#keyHandled#"Up"
2019-5-1 00:19:56.751#keyHandled#"Up"
2019-5-1 00:19:57.197#keyHandled#"Up"
2019-5-1 00:19:59.097#keyHandled#"Right"
2019-5-1 00:19:59.404#keyHandled#"Right"
2019-5-1 00:19:59.667#keyHandled#"Right"
2019-5-1 00:19:59.870#keyHandled#"Right"
2019-5-1 00:20:00.107#keyHandled#"Right"
2019-5-1 00:20:00.608#keyHandled#"Right"
2019-5-1 00:20:00.874#keyHandled#"Right"
2019-5-1 00:20:01.115#keyHandled#"Right"
2019-5-1 00:20:01.308#keyHandled#"Right"
2019-5-1 00:20:01.597#keyHandled#"Right"
2019-5-1 00:20:01.850#keyHandled#"Right"
2019-5-1 00:20:02.111#keyHandled#"Right"
2019-5-1 00:20:02.310#keyHandled#"Right"
2019-5-1 00:20:02.892#keyHandled#"Right"
2019-5-1 00:20:05.200#change#{"from":{"line":10,"ch":7,"sticky":"before","xRel":-0.265625},"to":{"line":10,"ch":21,"sticky":"before"},"text":["\"Risco:\",\"Medio\""],"removed":["\"Risco: Medio\""],"origin":"paste"}
2019-5-1 00:20:06.553#keyHandled#"Up"
2019-5-1 00:20:07.473#keyHandled#"Up"
2019-5-1 00:20:07.905#keyHandled#"Up"
2019-5-1 00:20:08.500#keyHandled#"Down"
2019-5-1 00:20:08.929#keyHandled#"Left"
2019-5-1 00:20:10.341#keyHandled#"Left"
2019-5-1 00:20:10.622#keyHandled#"Left"
2019-5-1 00:20:10.815#keyHandled#"Left"
2019-5-1 00:20:11.042#keyHandled#"Left"
2019-5-1 00:20:11.247#keyHandled#"Left"
2019-5-1 00:20:11.489#keyHandled#"Left"
2019-5-1 00:20:11.686#keyHandled#"Left"
2019-5-1 00:20:11.865#keyHandled#"Left"
2019-5-1 00:20:12.055#keyHandled#"Left"
2019-5-1 00:20:12.291#keyHandled#"Left"
2019-5-1 00:20:12.492#keyHandled#"Left"
2019-5-1 00:20:12.703#keyHandled#"Left"
2019-5-1 00:20:12.944#keyHandled#"Left"
2019-5-1 00:20:13.275#keyHandled#"Left"
2019-5-1 00:20:14.646#change#{"from":{"line":8,"ch":7,"sticky":"after"},"to":{"line":8,"ch":21,"sticky":"after"},"text":["\"Risco:\",\"Medio\""],"removed":["\"Risco: Baixo\""],"origin":"paste"}
2019-5-1 00:20:15.900#keyHandled#"Left"
2019-5-1 00:20:16.887#keyHandled#"Left"
2019-5-1 00:20:17.136#keyHandled#"Left"
2019-5-1 00:20:17.335#keyHandled#"Left"
2019-5-1 00:20:17.545#keyHandled#"Left"
2019-5-1 00:20:17.816#keyHandled#"Left"
2019-5-1 00:20:19.242#change#{"from":{"line":8,"ch":17,"sticky":"after"},"to":{"line":8,"ch":22,"sticky":"after"},"text":["B"],"removed":["Medio"],"origin":"+input"}
2019-5-1 00:20:20.060#change#{"from":{"line":8,"ch":18,"sticky":null},"to":{"line":8,"ch":18,"sticky":null},"text":["a"],"removed":[""],"origin":"+input"}
2019-5-1 00:20:20.346#change#{"from":{"line":8,"ch":19,"sticky":null},"to":{"line":8,"ch":19,"sticky":null},"text":["i"],"removed":[""],"origin":"+input"}
2019-5-1 00:20:20.974#change#{"from":{"line":8,"ch":20,"sticky":null},"to":{"line":8,"ch":20,"sticky":null},"text":["x"],"removed":[""],"origin":"+input"}
2019-5-1 00:20:21.264#change#{"from":{"line":8,"ch":21,"sticky":null},"to":{"line":8,"ch":21,"sticky":null},"text":["o"],"removed":[""],"origin":"+input"}
2019-5-1 00:20:21.264#change#{"from":{"line":8,"ch":21,"sticky":null},"to":{"line":8,"ch":21,"sticky":null},"text":["o"],"removed":[""],"origin":"+input"}
2019-5-1 00:21:37.469#blur#
2019-5-1 00:21:37.469#blur#
2019-5-1 00:21:43.032#saida_testar#$ python3 main.py
idade da pessoa:25
imc da pessoa:21.0
Entradas: 25 anos e IMC 21.0
Baixo
2019-5-1 00:22:09.945#dica_bullet#NameError: name 'NOME_DA_VARIAVEL' is not defined
2019-5-1 00:22:27.221#mousedown#{"isTrusted":true}
2019-5-1 00:22:27.350#focus#
2019-5-1 00:22:27.517#mousedown#{"isTrusted":true}
2019-5-1 00:22:27.678#dblclick#{"isTrusted":true}
2019-5-1 00:22:30.734#blur#
2019-5-1 00:23:44.805#focus#
2019-5-1 00:23:48.396#mousedown#{"isTrusted":true}
2019-5-1 00:23:48.658#mousedown#{"isTrusted":true}
2019-5-1 00:23:48.775#dblclick#{"isTrusted":true}
2019-5-1 00:23:50.153#mousedown#{"isTrusted":true}
2019-5-1 00:23:50.297#mousedown#{"isTrusted":true}
2019-5-1 00:23:50.427#dblclick#{"isTrusted":true}
2019-5-1 00:23:51.764#mousedown#{"isTrusted":true}
2019-5-1 00:23:52.038#mousedown#{"isTrusted":true}
2019-5-1 00:23:52.163#dblclick#{"isTrusted":true}
2019-5-1 00:23:55.702#change#{"from":{"line":3,"ch":37,"sticky":null},"to":{"line":3,"ch":40,"sticky":null},"text":["I"],"removed":["imc"],"origin":"+input"}
2019-5-1 00:23:57.048#change#{"from":{"line":3,"ch":38,"sticky":null},"to":{"line":3,"ch":38,"sticky":null},"text":["M"],"removed":[""],"origin":"+input"}
2019-5-1 00:23:58.634#change#{"from":{"line":3,"ch":39,"sticky":null},"to":{"line":3,"ch":39,"sticky":null},"text":["C"],"removed":[""],"origin":"+input"}
2019-5-1 00:23:58.634#change#{"from":{"line":3,"ch":39,"sticky":null},"to":{"line":3,"ch":39,"sticky":null},"text":["C"],"removed":[""],"origin":"+input"}
2019-5-1 00:24:02.178#submit#Congratulations, your code is correct!
2019-5-1 00:24:12.170#blur#
2019-5-1 00:25:45.580#mousedown#{"isTrusted":true}
2019-5-1 00:25:45.590#focus#
2019-5-1 00:25:48.052#keyHandled#"Ctrl-A"
2019-5-1 00:25:48.887#copy#{"isTrusted":true}
2019-5-1 00:25:51.440#blur#
