2019-3-28 19:37:08.155#viewportChange#0
2019-3-28 19:37:45.349#mousedown#{"isTrusted":true}
2019-3-28 19:37:45.354#focus#
2019-3-28 19:37:46.176#change#{"from":{"line":0,"ch":0,"sticky":"after","xRel":20},"to":{"line":0,"ch":0,"sticky":"after","xRel":20},"text":["p"],"removed":[""],"origin":"+input"}
2019-3-28 19:37:46.484#change#{"from":{"line":0,"ch":1,"sticky":null},"to":{"line":0,"ch":1,"sticky":null},"text":["r"],"removed":[""],"origin":"+input"}
2019-3-28 19:37:46.683#change#{"from":{"line":0,"ch":2,"sticky":null},"to":{"line":0,"ch":2,"sticky":null},"text":["i"],"removed":[""],"origin":"+input"}
2019-3-28 19:37:46.809#change#{"from":{"line":0,"ch":3,"sticky":null},"to":{"line":0,"ch":3,"sticky":null},"text":["n"],"removed":[""],"origin":"+input"}
2019-3-28 19:37:46.871#change#{"from":{"line":0,"ch":4,"sticky":null},"to":{"line":0,"ch":4,"sticky":null},"text":["t"],"removed":[""],"origin":"+input"}
2019-3-28 19:37:54.360#change#{"from":{"line":0,"ch":5,"sticky":null},"to":{"line":0,"ch":5,"sticky":null},"text":["()"],"removed":[""],"origin":"+input"}
2019-3-28 19:37:54.360#keyHandled#"'('"
2019-3-28 19:38:00.677#mousedown#{"isTrusted":true}
2019-3-28 19:38:01.293#change#{"from":{"line":0,"ch":7,"sticky":null,"xRel":1,"outside":true},"to":{"line":0,"ch":7,"sticky":null,"xRel":1,"outside":true},"text":["5"],"removed":[""],"origin":"+input"}
2019-3-28 19:38:01.480#change#{"from":{"line":0,"ch":8,"sticky":null},"to":{"line":0,"ch":8,"sticky":null},"text":["0"],"removed":[""],"origin":"+input"}
2019-3-28 19:38:03.055#change#{"from":{"line":0,"ch":8,"sticky":"after"},"to":{"line":0,"ch":9,"sticky":null},"text":[""],"removed":["0"],"origin":"+delete"}
2019-3-28 19:38:03.055#keyHandled#"Backspace"
2019-3-28 19:38:03.256#change#{"from":{"line":0,"ch":7,"sticky":"after"},"to":{"line":0,"ch":8,"sticky":null},"text":[""],"removed":["5"],"origin":"+delete"}
2019-3-28 19:38:03.256#keyHandled#"Backspace"
2019-3-28 19:38:03.972#keyHandled#"Left"
2019-3-28 19:38:04.875#change#{"from":{"line":0,"ch":6,"sticky":"after"},"to":{"line":0,"ch":6,"sticky":"after"},"text":["2"],"removed":[""],"origin":"+input"}
2019-3-28 19:38:05.750#change#{"from":{"line":0,"ch":6,"sticky":"after"},"to":{"line":0,"ch":7,"sticky":null},"text":[""],"removed":["2"],"origin":"+delete"}
2019-3-28 19:38:05.750#keyHandled#"Backspace"
2019-3-28 19:38:06.407#change#{"from":{"line":0,"ch":6,"sticky":null},"to":{"line":0,"ch":6,"sticky":null},"text":["5"],"removed":[""],"origin":"+input"}
2019-3-28 19:38:06.551#change#{"from":{"line":0,"ch":7,"sticky":null},"to":{"line":0,"ch":7,"sticky":null},"text":["0"],"removed":[""],"origin":"+input"}
2019-3-28 19:38:07.676#change#{"from":{"line":0,"ch":8,"sticky":null},"to":{"line":0,"ch":8,"sticky":null},"text":["/"],"removed":[""],"origin":"+input"}
2019-3-28 19:38:09.174#change#{"from":{"line":0,"ch":9,"sticky":null},"to":{"line":0,"ch":9,"sticky":null},"text":["3"],"removed":[""],"origin":"+input"}
2019-3-28 19:38:29.789#change#{"from":{"line":0,"ch":9,"sticky":"after"},"to":{"line":0,"ch":10,"sticky":null},"text":[""],"removed":["3"],"origin":"+delete"}
2019-3-28 19:38:29.789#keyHandled#"Backspace"
2019-3-28 19:38:30.473#change#{"from":{"line":0,"ch":9,"sticky":null},"to":{"line":0,"ch":9,"sticky":null},"text":["4"],"removed":[""],"origin":"+input"}
2019-3-28 19:38:30.473#change#{"from":{"line":0,"ch":9,"sticky":null},"to":{"line":0,"ch":9,"sticky":null},"text":["4"],"removed":[""],"origin":"+input"}
2019-3-28 19:38:36.321#blur#
2019-3-28 19:38:37.486#saida_testar#$ python3 main.py
12.5
2019-3-28 19:38:48.739#mousedown#{"isTrusted":true}
2019-3-28 19:38:48.782#focus#
2019-3-28 19:38:50.127#change#{"from":{"line":0,"ch":11,"sticky":null,"xRel":1,"outside":true},"to":{"line":0,"ch":11,"sticky":null,"xRel":1,"outside":true},"text":["",""],"removed":[""],"origin":"+input"}
2019-3-28 19:38:50.127#keyHandled#"Enter"
2019-3-28 19:38:50.132#viewportChange#0
2019-3-28 19:38:51.513#change#{"from":{"line":1,"ch":0,"sticky":null},"to":{"line":1,"ch":0,"sticky":null},"text":["p"],"removed":[""],"origin":"+input"}
2019-3-28 19:38:52.106#change#{"from":{"line":1,"ch":1,"sticky":null},"to":{"line":1,"ch":1,"sticky":null},"text":["r"],"removed":[""],"origin":"+input"}
2019-3-28 19:38:52.238#change#{"from":{"line":1,"ch":2,"sticky":null},"to":{"line":1,"ch":2,"sticky":null},"text":["i"],"removed":[""],"origin":"+input"}
2019-3-28 19:38:52.371#change#{"from":{"line":1,"ch":3,"sticky":null},"to":{"line":1,"ch":3,"sticky":null},"text":["n"],"removed":[""],"origin":"+input"}
2019-3-28 19:38:52.553#change#{"from":{"line":1,"ch":4,"sticky":null},"to":{"line":1,"ch":4,"sticky":null},"text":["t"],"removed":[""],"origin":"+input"}
2019-3-28 19:38:59.820#change#{"from":{"line":1,"ch":5,"sticky":null},"to":{"line":1,"ch":5,"sticky":null},"text":["5"],"removed":[""],"origin":"+input"}
2019-3-28 19:39:00.224#change#{"from":{"line":1,"ch":6,"sticky":null},"to":{"line":1,"ch":6,"sticky":null},"text":["0"],"removed":[""],"origin":"+input"}
2019-3-28 19:39:02.290#change#{"from":{"line":1,"ch":7,"sticky":null},"to":{"line":1,"ch":7,"sticky":null},"text":["/"],"removed":[""],"origin":"+input"}
2019-3-28 19:39:04.559#keyHandled#"Left"
2019-3-28 19:39:04.785#keyHandled#"Left"
2019-3-28 19:39:05.175#keyHandled#"Left"
2019-3-28 19:39:11.204#change#{"from":{"line":1,"ch":5,"sticky":"after"},"to":{"line":1,"ch":5,"sticky":"after"},"text":["("],"removed":[""],"origin":"+input"}
2019-3-28 19:39:11.886#keyHandled#"Right"
2019-3-28 19:39:12.063#keyHandled#"Right"
2019-3-28 19:39:12.237#keyHandled#"Right"
2019-3-28 19:39:16.454#change#{"from":{"line":1,"ch":9,"sticky":"before"},"to":{"line":1,"ch":9,"sticky":"before"},"text":[")"],"removed":[""],"origin":"+input"}
2019-3-28 19:39:16.839#keyHandled#"Left"
2019-3-28 19:39:17.657#change#{"from":{"line":1,"ch":8,"sticky":"after"},"to":{"line":1,"ch":9,"sticky":"after"},"text":[""],"removed":["/"],"origin":"+delete"}
2019-3-28 19:39:17.657#keyHandled#"Backspace"
2019-3-28 19:39:17.883#change#{"from":{"line":1,"ch":7,"sticky":"after"},"to":{"line":1,"ch":8,"sticky":null},"text":[""],"removed":["0"],"origin":"+delete"}
2019-3-28 19:39:17.883#keyHandled#"Backspace"
2019-3-28 19:39:18.202#change#{"from":{"line":1,"ch":6,"sticky":"after"},"to":{"line":1,"ch":7,"sticky":null},"text":[""],"removed":["5"],"origin":"+delete"}
2019-3-28 19:39:18.202#keyHandled#"Backspace"
2019-3-28 19:39:30.421#change#{"from":{"line":1,"ch":6,"sticky":null},"to":{"line":1,"ch":6,"sticky":null},"text":["1"],"removed":[""],"origin":"+input"}
2019-3-28 19:39:30.736#change#{"from":{"line":1,"ch":7,"sticky":null},"to":{"line":1,"ch":7,"sticky":null},"text":["2"],"removed":[""],"origin":"+input"}
2019-3-28 19:39:31.362#change#{"from":{"line":1,"ch":8,"sticky":null},"to":{"line":1,"ch":8,"sticky":null},"text":["."],"removed":[""],"origin":"+input"}
2019-3-28 19:39:31.869#change#{"from":{"line":1,"ch":9,"sticky":null},"to":{"line":1,"ch":9,"sticky":null},"text":["5"],"removed":[""],"origin":"+input"}
2019-3-28 19:39:36.070#change#{"from":{"line":1,"ch":10,"sticky":null},"to":{"line":1,"ch":10,"sticky":null},"text":["*"],"removed":[""],"origin":"+input"}
2019-3-28 19:39:37.721#change#{"from":{"line":1,"ch":10,"sticky":"after"},"to":{"line":1,"ch":11,"sticky":null},"text":[""],"removed":["*"],"origin":"+delete"}
2019-3-28 19:39:37.721#keyHandled#"Backspace"
2019-3-28 19:40:10.899#change#{"from":{"line":1,"ch":9,"sticky":"after"},"to":{"line":1,"ch":10,"sticky":null},"text":[""],"removed":["5"],"origin":"+delete"}
2019-3-28 19:40:10.899#keyHandled#"Backspace"
2019-3-28 19:40:11.130#change#{"from":{"line":1,"ch":8,"sticky":"after"},"to":{"line":1,"ch":9,"sticky":null},"text":[""],"removed":["."],"origin":"+delete"}
2019-3-28 19:40:11.130#keyHandled#"Backspace"
2019-3-28 19:40:11.318#change#{"from":{"line":1,"ch":7,"sticky":"after"},"to":{"line":1,"ch":8,"sticky":null},"text":[""],"removed":["2"],"origin":"+delete"}
2019-3-28 19:40:11.318#keyHandled#"Backspace"
2019-3-28 19:40:12.069#change#{"from":{"line":1,"ch":6,"sticky":"after"},"to":{"line":1,"ch":7,"sticky":null},"text":[""],"removed":["1"],"origin":"+delete"}
2019-3-28 19:40:12.069#keyHandled#"Backspace"
2019-3-28 19:40:12.876#change#{"from":{"line":1,"ch":6,"sticky":null},"to":{"line":1,"ch":6,"sticky":null},"text":["3"],"removed":[""],"origin":"+input"}
2019-3-28 19:40:13.968#change#{"from":{"line":1,"ch":7,"sticky":null},"to":{"line":1,"ch":7,"sticky":null},"text":["7"],"removed":[""],"origin":"+input"}
2019-3-28 19:40:16.492#change#{"from":{"line":1,"ch":8,"sticky":null},"to":{"line":1,"ch":8,"sticky":null},"text":["."],"removed":[""],"origin":"+input"}
2019-3-28 19:40:16.753#change#{"from":{"line":1,"ch":9,"sticky":null},"to":{"line":1,"ch":9,"sticky":null},"text":["5"],"removed":[""],"origin":"+input"}
2019-3-28 19:40:17.968#change#{"from":{"line":1,"ch":10,"sticky":null},"to":{"line":1,"ch":10,"sticky":null},"text":["-"],"removed":[""],"origin":"+input"}
2019-3-28 19:40:18.573#change#{"from":{"line":1,"ch":11,"sticky":null},"to":{"line":1,"ch":11,"sticky":null},"text":["5"],"removed":[""],"origin":"+input"}
2019-3-28 19:40:18.829#change#{"from":{"line":1,"ch":12,"sticky":null},"to":{"line":1,"ch":12,"sticky":null},"text":["0"],"removed":[""],"origin":"+input"}
2019-3-28 19:40:23.390#blur#
2019-3-28 19:40:25.047#saida_testar#$ python3 main.py
12.5
-12.5
2019-3-28 19:40:33.318#mousedown#{"isTrusted":true}
2019-3-28 19:40:33.367#focus#
2019-3-28 19:40:35.612#change#{"from":{"line":1,"ch":13,"sticky":"before","xRel":-3},"to":{"line":1,"ch":13,"sticky":"before","xRel":-3},"text":["*"],"removed":[""],"origin":"+input"}
2019-3-28 19:40:38.900#change#{"from":{"line":1,"ch":14,"sticky":null},"to":{"line":1,"ch":14,"sticky":null},"text":["1"],"removed":[""],"origin":"+input"}
2019-3-28 19:40:41.531#blur#
2019-3-28 19:40:41.531#blur#
2019-3-28 19:40:44.622#saida_testar#$ python3 main.py
12.5
-12.5
2019-3-28 19:40:45.516#mousedown#{"isTrusted":true}
2019-3-28 19:40:45.562#focus#
2019-3-28 19:40:46.690#keyHandled#"Right"
2019-3-28 19:40:46.826#change#{"from":{"line":1,"ch":14,"sticky":"after"},"to":{"line":1,"ch":15,"sticky":"before"},"text":[""],"removed":["1"],"origin":"+delete"}
2019-3-28 19:40:46.826#keyHandled#"Backspace"
2019-3-28 19:40:47.165#change#{"from":{"line":1,"ch":13,"sticky":"after"},"to":{"line":1,"ch":14,"sticky":null},"text":[""],"removed":["*"],"origin":"+delete"}
2019-3-28 19:40:47.165#keyHandled#"Backspace"
2019-3-28 19:40:48.645#mousedown#{"isTrusted":true}
2019-3-28 19:40:49.716#change#{"from":{"line":1,"ch":6,"sticky":"after","xRel":1},"to":{"line":1,"ch":6,"sticky":"after","xRel":1},"text":["-"],"removed":[""],"origin":"+input"}
2019-3-28 19:40:53.717#blur#
2019-3-28 19:40:55.388#saida_testar#$ python3 main.py
12.5
-87.5
2019-3-28 19:40:59.481#mousedown#{"isTrusted":true}
2019-3-28 19:40:59.521#focus#
2019-3-28 19:41:00.449#change#{"from":{"line":1,"ch":6,"sticky":"after"},"to":{"line":1,"ch":7,"sticky":"before","xRel":-0.859375},"text":[""],"removed":["-"],"origin":"+delete"}
2019-3-28 19:41:00.449#keyHandled#"Backspace"
2019-3-28 19:41:00.449#change#{"from":{"line":1,"ch":6,"sticky":"after"},"to":{"line":1,"ch":7,"sticky":"before","xRel":-0.859375},"text":[""],"removed":["-"],"origin":"+delete"}
2019-3-28 19:41:00.449#keyHandled#"Backspace"
2019-3-28 19:41:01.861#blur#
2019-3-28 19:41:03.504#saida_testar#$ python3 main.py
12.5
-12.5
2019-3-28 19:41:18.232#mousedown#{"isTrusted":true}
2019-3-28 19:41:18.277#focus#
2019-3-28 19:41:20.116#change#{"from":{"line":1,"ch":13,"sticky":"after","xRel":0.96875},"to":{"line":1,"ch":13,"sticky":"after","xRel":0.96875},"text":["*"],"removed":[""],"origin":"+input"}
2019-3-28 19:41:20.725#change#{"from":{"line":1,"ch":14,"sticky":null},"to":{"line":1,"ch":14,"sticky":null},"text":["1"],"removed":[""],"origin":"+input"}
2019-3-28 19:41:21.271#change#{"from":{"line":1,"ch":15,"sticky":null},"to":{"line":1,"ch":15,"sticky":null},"text":["",""],"removed":[""],"origin":"+input"}
2019-3-28 19:41:21.271#change#{"from":{"line":2,"ch":0,"sticky":null},"to":{"line":2,"ch":0,"sticky":null},"text":["\t  "],"removed":[""],"origin":"+input"}
2019-3-28 19:41:21.271#keyHandled#"Enter"
2019-3-28 19:41:21.277#viewportChange#0
2019-3-28 19:41:22.282#change#{"from":{"line":2,"ch":2,"sticky":"after"},"to":{"line":2,"ch":3,"sticky":null},"text":[""],"removed":[" "],"origin":"+delete"}
2019-3-28 19:41:22.282#keyHandled#"Backspace"
2019-3-28 19:41:22.668#change#{"from":{"line":2,"ch":1,"sticky":"after"},"to":{"line":2,"ch":2,"sticky":null},"text":[""],"removed":[" "],"origin":"+delete"}
2019-3-28 19:41:22.668#keyHandled#"Backspace"
2019-3-28 19:41:22.880#change#{"from":{"line":2,"ch":0,"sticky":"after"},"to":{"line":2,"ch":1,"sticky":null},"text":[""],"removed":["\t"],"origin":"+delete"}
2019-3-28 19:41:22.880#keyHandled#"Backspace"
2019-3-28 19:41:23.065#change#{"from":{"line":1,"ch":15,"sticky":"before"},"to":{"line":2,"ch":0,"sticky":null},"text":[""],"removed":["",""],"origin":"+delete"}
2019-3-28 19:41:23.065#keyHandled#"Backspace"
2019-3-28 19:41:23.071#viewportChange#0
2019-3-28 19:41:23.065#change#{"from":{"line":1,"ch":15,"sticky":"before"},"to":{"line":2,"ch":0,"sticky":null},"text":[""],"removed":["",""],"origin":"+delete"}
2019-3-28 19:41:23.065#keyHandled#"Backspace"
2019-3-28 19:41:23.071#viewportChange#0
2019-3-28 19:41:27.131#blur#
2019-3-28 19:41:28.532#mousedown#{"isTrusted":true}
2019-3-28 19:41:28.580#focus#
2019-3-28 19:41:29.880#mousedown#{"isTrusted":true}
2019-3-28 19:41:31.381#change#{"from":{"line":1,"ch":13,"sticky":"after"},"to":{"line":1,"ch":14,"sticky":"after","xRel":0.28125},"text":[""],"removed":["*"],"origin":"+delete"}
2019-3-28 19:41:31.381#keyHandled#"Backspace"
2019-3-28 19:41:34.630#change#{"from":{"line":1,"ch":13,"sticky":null},"to":{"line":1,"ch":13,"sticky":null},"text":["8"],"removed":[""],"origin":"+input"}
2019-3-28 19:41:36.415#change#{"from":{"line":1,"ch":14,"sticky":null},"to":{"line":1,"ch":14,"sticky":null},"text":["9"],"removed":[""],"origin":"+input"}
2019-3-28 19:41:37.647#change#{"from":{"line":1,"ch":14,"sticky":"after"},"to":{"line":1,"ch":15,"sticky":null},"text":[""],"removed":["9"],"origin":"+delete"}
2019-3-28 19:41:37.647#keyHandled#"Backspace"
2019-3-28 19:41:37.853#change#{"from":{"line":1,"ch":13,"sticky":"after"},"to":{"line":1,"ch":14,"sticky":null},"text":[""],"removed":["8"],"origin":"+delete"}
2019-3-28 19:41:37.853#keyHandled#"Backspace"
2019-3-28 19:41:38.711#change#{"from":{"line":1,"ch":13,"sticky":null},"to":{"line":1,"ch":13,"sticky":null},"text":["8"],"removed":[""],"origin":"+input"}
2019-3-28 19:41:39.691#change#{"from":{"line":1,"ch":14,"sticky":null},"to":{"line":1,"ch":14,"sticky":null},"text":["-"],"removed":[""],"origin":"+input"}
2019-3-28 19:41:42.345#blur#
2019-3-28 19:41:43.419#saida_testar#$ python3 main.py
12.5
-471.5
2019-3-28 19:41:44.582#mousedown#{"isTrusted":true}
2019-3-28 19:41:44.623#focus#
2019-3-28 19:41:45.514#mousedown#{"isTrusted":true}
2019-3-28 19:41:46.580#change#{"from":{"line":1,"ch":13,"sticky":"after"},"to":{"line":1,"ch":14,"sticky":"before","xRel":-3.71875},"text":[""],"removed":["8"],"origin":"+delete"}
2019-3-28 19:41:46.580#keyHandled#"Backspace"
2019-3-28 19:41:47.316#change#{"from":{"line":1,"ch":13,"sticky":null},"to":{"line":1,"ch":13,"sticky":null},"text":["*"],"removed":[""],"origin":"+input"}
2019-3-28 19:41:47.316#change#{"from":{"line":1,"ch":13,"sticky":null},"to":{"line":1,"ch":13,"sticky":null},"text":["*"],"removed":[""],"origin":"+input"}
2019-3-28 19:41:49.547#blur#
2019-3-28 19:41:58.831#mousedown#{"isTrusted":true}
2019-3-28 19:41:58.873#focus#
2019-3-28 19:41:59.830#change#{"from":{"line":1,"ch":10,"sticky":"after"},"to":{"line":1,"ch":11,"sticky":"after","xRel":1},"text":[""],"removed":["-"],"origin":"+delete"}
2019-3-28 19:41:59.830#keyHandled#"Backspace"
2019-3-28 19:42:00.687#change#{"from":{"line":1,"ch":10,"sticky":null},"to":{"line":1,"ch":10,"sticky":null},"text":["="],"removed":[""],"origin":"+input"}
2019-3-28 19:42:01.781#change#{"from":{"line":1,"ch":10,"sticky":"after"},"to":{"line":1,"ch":11,"sticky":null},"text":[""],"removed":["="],"origin":"+delete"}
2019-3-28 19:42:01.781#keyHandled#"Backspace"
2019-3-28 19:42:05.912#change#{"from":{"line":1,"ch":10,"sticky":null},"to":{"line":1,"ch":10,"sticky":null},"text":["+"],"removed":[""],"origin":"+input"}
2019-3-28 19:42:05.912#change#{"from":{"line":1,"ch":10,"sticky":null},"to":{"line":1,"ch":10,"sticky":null},"text":["+"],"removed":[""],"origin":"+input"}
2019-3-28 19:42:09.885#blur#
2019-3-28 19:42:11.524#saida_testar#$ python3 main.py
12.5
-12.5
2019-3-28 19:42:12.946#mousedown#{"isTrusted":true}
2019-3-28 19:42:12.990#focus#
2019-3-28 19:42:14.179#change#{"from":{"line":1,"ch":10,"sticky":"after"},"to":{"line":1,"ch":11,"sticky":"before","xRel":-1.640625},"text":[""],"removed":["+"],"origin":"+delete"}
2019-3-28 19:42:14.179#keyHandled#"Backspace"
2019-3-28 19:42:14.560#change#{"from":{"line":1,"ch":10,"sticky":null},"to":{"line":1,"ch":10,"sticky":null},"text":["-"],"removed":[""],"origin":"+input"}
2019-3-28 19:42:21.786#mousedown#{"isTrusted":true}
2019-3-28 19:42:23.181#change#{"from":{"line":1,"ch":9,"sticky":"after","xRel":3},"to":{"line":1,"ch":9,"sticky":"after","xRel":3},"text":["-"],"removed":[""],"origin":"+input"}
2019-3-28 19:42:23.181#change#{"from":{"line":1,"ch":9,"sticky":"after","xRel":3},"to":{"line":1,"ch":9,"sticky":"after","xRel":3},"text":["-"],"removed":[""],"origin":"+input"}
2019-3-28 19:42:26.364#blur#
2019-3-28 19:42:27.454#saida_testar#$ python3 main.py
12.5
82.0
2019-3-28 19:42:28.810#mousedown#{"isTrusted":true}
2019-3-28 19:42:28.856#focus#
2019-3-28 19:42:29.579#mousedown#{"isTrusted":true}
2019-3-28 19:42:31.296#change#{"from":{"line":1,"ch":9,"sticky":"after"},"to":{"line":1,"ch":10,"sticky":"after","xRel":0.0625},"text":[""],"removed":["-"],"origin":"+delete"}
2019-3-28 19:42:31.296#keyHandled#"Backspace"
2019-3-28 19:42:33.046#mousedown#{"isTrusted":true}
2019-3-28 19:42:34.319#change#{"from":{"line":1,"ch":13,"sticky":"after","xRel":3},"to":{"line":1,"ch":16,"sticky":"before","xRel":-1.109375},"text":[""],"removed":["*-1"],"origin":"+delete"}
2019-3-28 19:42:34.319#keyHandled#"Backspace"
2019-3-28 19:42:34.319#change#{"from":{"line":1,"ch":13,"sticky":"after","xRel":3},"to":{"line":1,"ch":16,"sticky":"before","xRel":-1.109375},"text":[""],"removed":["*-1"],"origin":"+delete"}
2019-3-28 19:42:34.319#keyHandled#"Backspace"
2019-3-28 19:42:37.764#blur#
2019-3-28 19:42:39.420#saida_testar#$ python3 main.py
12.5
-12.5
2019-3-28 19:42:55.829#mousedown#{"isTrusted":true}
2019-3-28 19:42:55.869#focus#
2019-3-28 19:42:56.980#change#{"from":{"line":1,"ch":10,"sticky":"after"},"to":{"line":1,"ch":11,"sticky":"before","xRel":-0.640625},"text":[""],"removed":["-"],"origin":"+delete"}
2019-3-28 19:42:56.980#keyHandled#"Backspace"
2019-3-28 19:42:59.664#mousedown#{"isTrusted":true}
2019-3-28 19:43:01.527#change#{"from":{"line":1,"ch":11,"sticky":"after"},"to":{"line":1,"ch":12,"sticky":"after","xRel":2.65625},"text":[""],"removed":["0"],"origin":"+delete"}
2019-3-28 19:43:01.527#keyHandled#"Backspace"
2019-3-28 19:43:02.104#change#{"from":{"line":1,"ch":10,"sticky":"after"},"to":{"line":1,"ch":11,"sticky":null},"text":[""],"removed":["5"],"origin":"+delete"}
2019-3-28 19:43:02.104#keyHandled#"Backspace"
2019-3-28 19:43:28.563#change#{"from":{"line":1,"ch":10,"sticky":null},"to":{"line":1,"ch":10,"sticky":null},"text":["´"],"removed":[""],"origin":"+input"}
2019-3-28 19:43:28.569#change#{"from":{"line":1,"ch":11,"sticky":null},"to":{"line":1,"ch":11,"sticky":null},"text":["/"],"removed":[""],"origin":"+input"}
2019-3-28 19:43:29.062#change#{"from":{"line":1,"ch":12,"sticky":null},"to":{"line":1,"ch":12,"sticky":null},"text":["3"],"removed":[""],"origin":"+input"}
2019-3-28 19:43:30.994#mousedown#{"isTrusted":true}
2019-3-28 19:43:31.628#mousedown#{"isTrusted":true}
2019-3-28 19:43:32.026#mousedown#{"isTrusted":true}
2019-3-28 19:43:32.844#change#{"from":{"line":1,"ch":10,"sticky":"after"},"to":{"line":1,"ch":11,"sticky":"after","xRel":1.359375},"text":[""],"removed":["´"],"origin":"+delete"}
2019-3-28 19:43:32.844#keyHandled#"Backspace"
2019-3-28 19:43:44.552#blur#
2019-3-28 19:43:45.698#saida_testar#$ python3 main.py
12.5
12.5
2019-3-28 19:43:45.698#saida_testar#$ python3 main.py
12.5
12.5
2019-3-28 19:43:49.535#submit#Your code did not produce the correct output. Please, correct your code and try again.
2019-3-28 19:43:52.212#mousedown#{"isTrusted":true}
2019-3-28 19:43:52.215#focus#
2019-3-28 19:43:57.247#blur#
2019-3-28 19:44:31.394#saida_testar#$ python3 main.py
12.5
12.5
2019-3-28 19:44:53.107#mousedown#{"isTrusted":true}
2019-3-28 19:44:53.155#focus#
2019-3-28 19:44:56.291#mousedown#{"isTrusted":true}
2019-3-28 19:45:09.292#change#{"from":{"line":1,"ch":11,"sticky":"before","xRel":-0.640625},"to":{"line":1,"ch":11,"sticky":"before","xRel":-0.640625},"text":["/"],"removed":[""],"origin":"+input"}
2019-3-28 19:45:12.223#mousedown#{"isTrusted":true}
2019-3-28 19:45:13.287#change#{"from":{"line":1,"ch":9,"sticky":"after"},"to":{"line":1,"ch":10,"sticky":"after","xRel":0},"text":[""],"removed":["5"],"origin":"+delete"}
2019-3-28 19:45:13.287#keyHandled#"Backspace"
2019-3-28 19:45:13.524#change#{"from":{"line":1,"ch":8,"sticky":"after"},"to":{"line":1,"ch":9,"sticky":null},"text":[""],"removed":["."],"origin":"+delete"}
2019-3-28 19:45:13.524#keyHandled#"Backspace"
2019-3-28 19:45:13.732#change#{"from":{"line":1,"ch":7,"sticky":"after"},"to":{"line":1,"ch":8,"sticky":null},"text":[""],"removed":["7"],"origin":"+delete"}
2019-3-28 19:45:13.732#keyHandled#"Backspace"
2019-3-28 19:45:14.272#change#{"from":{"line":1,"ch":6,"sticky":"after"},"to":{"line":1,"ch":7,"sticky":null},"text":[""],"removed":["3"],"origin":"+delete"}
2019-3-28 19:45:14.272#keyHandled#"Backspace"
2019-3-28 19:45:14.806#change#{"from":{"line":1,"ch":6,"sticky":null},"to":{"line":1,"ch":6,"sticky":null},"text":["5"],"removed":[""],"origin":"+input"}
2019-3-28 19:45:15.042#change#{"from":{"line":1,"ch":7,"sticky":null},"to":{"line":1,"ch":7,"sticky":null},"text":["0"],"removed":[""],"origin":"+input"}
2019-3-28 19:45:15.042#change#{"from":{"line":1,"ch":7,"sticky":null},"to":{"line":1,"ch":7,"sticky":null},"text":["0"],"removed":[""],"origin":"+input"}
2019-3-28 19:45:17.488#blur#
2019-3-28 19:45:19.112#saida_testar#$ python3 main.py
12.5
2019-3-28 19:45:19.112#saida_testar#$ python3 main.py
12.5
2019-3-28 19:45:23.886#submit#Your code did not produce the correct output. Please, correct your code and try again.
2019-3-28 19:45:37.921#mousedown#{"isTrusted":true}
2019-3-28 19:45:37.967#focus#
2019-3-28 19:45:39.077#change#{"from":{"line":1,"ch":6,"sticky":"after","xRel":3},"to":{"line":1,"ch":11,"sticky":"before","xRel":-2.640625},"text":[""],"removed":["50//3"],"origin":"+delete"}
2019-3-28 19:45:39.077#keyHandled#"Backspace"
2019-3-28 19:45:40.174#mousedown#{"isTrusted":true}
2019-3-28 19:45:45.257#change#{"from":{"line":0,"ch":8,"sticky":"before","xRel":-1.5625},"to":{"line":0,"ch":8,"sticky":"before","xRel":-1.5625},"text":["/"],"removed":[""],"origin":"+input"}
2019-3-28 19:45:46.538#mousedown#{"isTrusted":true}
2019-3-28 19:46:00.088#mousedown#{"isTrusted":true}
2019-3-28 19:46:02.229#change#{"from":{"line":0,"ch":6,"sticky":"after","xRel":3},"to":{"line":0,"ch":11,"sticky":"after","xRel":1.359375},"text":[""],"removed":["50//4"],"origin":"+delete"}
2019-3-28 19:46:02.229#keyHandled#"Backspace"
2019-3-28 19:46:04.821#change#{"from":{"line":0,"ch":6,"sticky":null},"to":{"line":0,"ch":6,"sticky":null},"text":["5"],"removed":[""],"origin":"+input"}
2019-3-28 19:46:05.135#change#{"from":{"line":0,"ch":7,"sticky":null},"to":{"line":0,"ch":7,"sticky":null},"text":["0"],"removed":[""],"origin":"+input"}
2019-3-28 19:46:08.480#change#{"from":{"line":0,"ch":8,"sticky":null},"to":{"line":0,"ch":8,"sticky":null},"text":["/"],"removed":[""],"origin":"+input"}
2019-3-28 19:46:08.639#change#{"from":{"line":0,"ch":9,"sticky":null},"to":{"line":0,"ch":9,"sticky":null},"text":["3"],"removed":[""],"origin":"+input"}
2019-3-28 19:46:11.107#blur#
2019-3-28 19:46:21.320#mousedown#{"isTrusted":true}
2019-3-28 19:46:21.362#focus#
2019-3-28 19:46:22.291#change#{"from":{"line":0,"ch":8,"sticky":"after"},"to":{"line":0,"ch":9,"sticky":"before","xRel":-0.25},"text":[""],"removed":["/"],"origin":"+delete"}
2019-3-28 19:46:22.291#keyHandled#"Backspace"
2019-3-28 19:46:24.321#change#{"from":{"line":0,"ch":8,"sticky":null},"to":{"line":0,"ch":8,"sticky":null},"text":["%"],"removed":[""],"origin":"+input"}
2019-3-28 19:46:24.321#change#{"from":{"line":0,"ch":8,"sticky":null},"to":{"line":0,"ch":8,"sticky":null},"text":["%"],"removed":[""],"origin":"+input"}
2019-3-28 19:46:28.134#blur#
2019-3-28 19:46:29.284#saida_testar#$ python3 main.py
2019-3-28 19:46:57.747#mousedown#{"isTrusted":true}
2019-3-28 19:46:58.036#focus#
2019-3-28 19:46:58.912#mousedown#{"isTrusted":true}
2019-3-28 19:46:59.551#mousedown#{"isTrusted":true}
2019-3-28 19:47:00.051#mousedown#{"isTrusted":true}
2019-3-28 19:47:01.024#change#{"from":{"line":0,"ch":8,"sticky":"after"},"to":{"line":0,"ch":9,"sticky":"after","xRel":2.75},"text":[""],"removed":["%"],"origin":"+delete"}
2019-3-28 19:47:01.024#keyHandled#"Backspace"
2019-3-28 19:47:03.785#change#{"from":{"line":0,"ch":8,"sticky":null},"to":{"line":0,"ch":8,"sticky":null},"text":["/"],"removed":[""],"origin":"+input"}
2019-3-28 19:47:04.019#change#{"from":{"line":0,"ch":9,"sticky":null},"to":{"line":0,"ch":9,"sticky":null},"text":["/"],"removed":[""],"origin":"+input"}
2019-3-28 19:47:05.352#mousedown#{"isTrusted":true}
2019-3-28 19:47:07.585#change#{"from":{"line":1,"ch":6,"sticky":"before","xRel":-2},"to":{"line":1,"ch":6,"sticky":"before","xRel":-2},"text":["5"],"removed":[""],"origin":"+input"}
2019-3-28 19:47:07.826#change#{"from":{"line":1,"ch":7,"sticky":null},"to":{"line":1,"ch":7,"sticky":null},"text":["0"],"removed":[""],"origin":"+input"}
2019-3-28 19:47:09.136#change#{"from":{"line":1,"ch":8,"sticky":null},"to":{"line":1,"ch":8,"sticky":null},"text":["%"],"removed":[""],"origin":"+input"}
2019-3-28 19:47:09.857#change#{"from":{"line":1,"ch":9,"sticky":null},"to":{"line":1,"ch":9,"sticky":null},"text":["3"],"removed":[""],"origin":"+input"}
2019-3-28 19:47:11.359#blur#
2019-3-28 19:47:13.026#saida_testar#$ python3 main.py
