2019-3-28 11:04:49.796#viewportChange#0
2019-3-28 11:04:50.702#mousedown#{"isTrusted":true}
2019-3-28 11:04:50.720#focus#
2019-3-28 11:04:51.623#change#{"from":{"line":0,"ch":0,"sticky":"after","xRel":75.4000244140625},"to":{"line":0,"ch":0,"sticky":"after","xRel":75.4000244140625},"text":["f"],"removed":[""],"origin":"+input"}
2019-3-28 11:04:51.702#change#{"from":{"line":0,"ch":1,"sticky":null},"to":{"line":0,"ch":1,"sticky":null},"text":["r"],"removed":[""],"origin":"+input"}
2019-3-28 11:04:51.912#change#{"from":{"line":0,"ch":2,"sticky":null},"to":{"line":0,"ch":2,"sticky":null},"text":["o"],"removed":[""],"origin":"+input"}
2019-3-28 11:04:52.315#change#{"from":{"line":0,"ch":3,"sticky":null},"to":{"line":0,"ch":3,"sticky":null},"text":["m"],"removed":[""],"origin":"+input"}
2019-3-28 11:04:52.536#change#{"from":{"line":0,"ch":4,"sticky":null},"to":{"line":0,"ch":4,"sticky":null},"text":[" "],"removed":[""],"origin":"+input"}
2019-3-28 11:04:52.727#change#{"from":{"line":0,"ch":5,"sticky":null},"to":{"line":0,"ch":5,"sticky":null},"text":["m"],"removed":[""],"origin":"+input"}
2019-3-28 11:04:52.809#change#{"from":{"line":0,"ch":6,"sticky":null},"to":{"line":0,"ch":6,"sticky":null},"text":["a"],"removed":[""],"origin":"+input"}
2019-3-28 11:04:53.066#change#{"from":{"line":0,"ch":7,"sticky":null},"to":{"line":0,"ch":7,"sticky":null},"text":["t"],"removed":[""],"origin":"+input"}
2019-3-28 11:04:53.492#change#{"from":{"line":0,"ch":8,"sticky":null},"to":{"line":0,"ch":8,"sticky":null},"text":["h"],"removed":[""],"origin":"+input"}
2019-3-28 11:04:53.543#change#{"from":{"line":0,"ch":9,"sticky":null},"to":{"line":0,"ch":9,"sticky":null},"text":[" "],"removed":[""],"origin":"+input"}
2019-3-28 11:04:53.818#change#{"from":{"line":0,"ch":10,"sticky":null},"to":{"line":0,"ch":10,"sticky":null},"text":["i"],"removed":[""],"origin":"+input"}
2019-3-28 11:04:54.026#change#{"from":{"line":0,"ch":11,"sticky":null},"to":{"line":0,"ch":11,"sticky":null},"text":["m"],"removed":[""],"origin":"+input"}
2019-3-28 11:04:54.296#change#{"from":{"line":0,"ch":12,"sticky":null},"to":{"line":0,"ch":12,"sticky":null},"text":["p"],"removed":[""],"origin":"+input"}
2019-3-28 11:04:54.407#change#{"from":{"line":0,"ch":13,"sticky":null},"to":{"line":0,"ch":13,"sticky":null},"text":["o"],"removed":[""],"origin":"+input"}
2019-3-28 11:04:54.569#change#{"from":{"line":0,"ch":14,"sticky":null},"to":{"line":0,"ch":14,"sticky":null},"text":["r"],"removed":[""],"origin":"+input"}
2019-3-28 11:04:54.775#change#{"from":{"line":0,"ch":15,"sticky":null},"to":{"line":0,"ch":15,"sticky":null},"text":["t"],"removed":[""],"origin":"+input"}
2019-3-28 11:04:56.440#change#{"from":{"line":0,"ch":16,"sticky":null},"to":{"line":0,"ch":16,"sticky":null},"text":["*"],"removed":[""],"origin":"+input"}
2019-3-28 11:04:56.743#change#{"from":{"line":0,"ch":17,"sticky":null},"to":{"line":0,"ch":17,"sticky":null},"text":["",""],"removed":[""],"origin":"+input"}
2019-3-28 11:04:56.743#keyHandled#"Enter"
2019-3-28 11:04:56.760#viewportChange#0
2019-3-28 11:04:58.164#change#{"from":{"line":1,"ch":0,"sticky":null},"to":{"line":1,"ch":0,"sticky":null},"text":["",""],"removed":[""],"origin":"+input"}
2019-3-28 11:04:58.164#keyHandled#"Enter"
2019-3-28 11:04:58.178#viewportChange#0
2019-3-28 11:04:58.940#change#{"from":{"line":2,"ch":0,"sticky":null},"to":{"line":2,"ch":0,"sticky":null},"text":["n"],"removed":[""],"origin":"+input"}
2019-3-28 11:04:59.126#change#{"from":{"line":2,"ch":1,"sticky":null},"to":{"line":2,"ch":1,"sticky":null},"text":["u"],"removed":[""],"origin":"+input"}
2019-3-28 11:04:59.259#change#{"from":{"line":2,"ch":2,"sticky":null},"to":{"line":2,"ch":2,"sticky":null},"text":["m"],"removed":[""],"origin":"+input"}
2019-3-28 11:04:59.623#change#{"from":{"line":2,"ch":3,"sticky":null},"to":{"line":2,"ch":3,"sticky":null},"text":["p"],"removed":[""],"origin":"+input"}
2019-3-28 11:04:59.799#change#{"from":{"line":2,"ch":4,"sticky":null},"to":{"line":2,"ch":4,"sticky":null},"text":[" "],"removed":[""],"origin":"+input"}
2019-3-28 11:05:00.124#change#{"from":{"line":2,"ch":5,"sticky":null},"to":{"line":2,"ch":5,"sticky":null},"text":["="],"removed":[""],"origin":"+input"}
2019-3-28 11:05:00.450#change#{"from":{"line":2,"ch":6,"sticky":null},"to":{"line":2,"ch":6,"sticky":null},"text":[" "],"removed":[""],"origin":"+input"}
2019-3-28 11:05:02.344#change#{"from":{"line":2,"ch":7,"sticky":null},"to":{"line":2,"ch":7,"sticky":null},"text":["i"],"removed":[""],"origin":"+input"}
2019-3-28 11:05:02.536#change#{"from":{"line":2,"ch":8,"sticky":null},"to":{"line":2,"ch":8,"sticky":null},"text":["n"],"removed":[""],"origin":"+input"}
2019-3-28 11:05:02.874#change#{"from":{"line":2,"ch":9,"sticky":null},"to":{"line":2,"ch":9,"sticky":null},"text":["t"],"removed":[""],"origin":"+input"}
2019-3-28 11:05:03.553#change#{"from":{"line":2,"ch":10,"sticky":null},"to":{"line":2,"ch":10,"sticky":null},"text":["()"],"removed":[""],"origin":"+input"}
2019-3-28 11:05:03.553#keyHandled#"'('"
2019-3-28 11:05:04.703#change#{"from":{"line":2,"ch":11,"sticky":"after"},"to":{"line":2,"ch":11,"sticky":"after"},"text":["i"],"removed":[""],"origin":"+input"}
2019-3-28 11:05:04.714#change#{"from":{"line":2,"ch":12,"sticky":null},"to":{"line":2,"ch":12,"sticky":null},"text":["n"],"removed":[""],"origin":"+input"}
2019-3-28 11:05:04.983#change#{"from":{"line":2,"ch":13,"sticky":null},"to":{"line":2,"ch":13,"sticky":null},"text":["p"],"removed":[""],"origin":"+input"}
2019-3-28 11:05:05.254#change#{"from":{"line":2,"ch":14,"sticky":null},"to":{"line":2,"ch":14,"sticky":null},"text":["u"],"removed":[""],"origin":"+input"}
2019-3-28 11:05:05.496#change#{"from":{"line":2,"ch":15,"sticky":null},"to":{"line":2,"ch":15,"sticky":null},"text":["t"],"removed":[""],"origin":"+input"}
2019-3-28 11:05:06.340#change#{"from":{"line":2,"ch":16,"sticky":null},"to":{"line":2,"ch":16,"sticky":null},"text":["()"],"removed":[""],"origin":"+input"}
2019-3-28 11:05:06.340#keyHandled#"'('"
2019-3-28 11:05:07.483#change#{"from":{"line":2,"ch":17,"sticky":"after"},"to":{"line":2,"ch":17,"sticky":"after"},"text":["\"\""],"removed":[""],"origin":"+input"}
2019-3-28 11:05:07.483#keyHandled#"'\"'"
2019-3-28 11:05:10.826#change#{"from":{"line":2,"ch":18,"sticky":"after"},"to":{"line":2,"ch":18,"sticky":"after"},"text":["N"],"removed":[""],"origin":"+input"}
2019-3-28 11:05:12.008#change#{"from":{"line":2,"ch":19,"sticky":null},"to":{"line":2,"ch":19,"sticky":null},"text":["°"],"removed":[""],"origin":"+input"}
2019-3-28 11:05:12.380#change#{"from":{"line":2,"ch":20,"sticky":null},"to":{"line":2,"ch":20,"sticky":null},"text":[" "],"removed":[""],"origin":"+input"}
2019-3-28 11:05:13.146#change#{"from":{"line":2,"ch":21,"sticky":null},"to":{"line":2,"ch":21,"sticky":null},"text":["d"],"removed":[""],"origin":"+input"}
2019-3-28 11:05:13.194#change#{"from":{"line":2,"ch":22,"sticky":null},"to":{"line":2,"ch":22,"sticky":null},"text":["e"],"removed":[""],"origin":"+input"}
2019-3-28 11:05:13.511#change#{"from":{"line":2,"ch":23,"sticky":null},"to":{"line":2,"ch":23,"sticky":null},"text":[" "],"removed":[""],"origin":"+input"}
2019-3-28 11:05:13.783#change#{"from":{"line":2,"ch":24,"sticky":null},"to":{"line":2,"ch":24,"sticky":null},"text":["p"],"removed":[""],"origin":"+input"}
2019-3-28 11:05:13.959#change#{"from":{"line":2,"ch":25,"sticky":null},"to":{"line":2,"ch":25,"sticky":null},"text":["e"],"removed":[""],"origin":"+input"}
2019-3-28 11:05:14.200#change#{"from":{"line":2,"ch":26,"sticky":null},"to":{"line":2,"ch":26,"sticky":null},"text":["s"],"removed":[""],"origin":"+input"}
2019-3-28 11:05:14.343#change#{"from":{"line":2,"ch":27,"sticky":null},"to":{"line":2,"ch":27,"sticky":null},"text":["s"],"removed":[""],"origin":"+input"}
2019-3-28 11:05:14.457#change#{"from":{"line":2,"ch":28,"sticky":null},"to":{"line":2,"ch":28,"sticky":null},"text":["o"],"removed":[""],"origin":"+input"}
2019-3-28 11:05:14.615#change#{"from":{"line":2,"ch":29,"sticky":null},"to":{"line":2,"ch":29,"sticky":null},"text":["a"],"removed":[""],"origin":"+input"}
2019-3-28 11:05:14.743#change#{"from":{"line":2,"ch":30,"sticky":null},"to":{"line":2,"ch":30,"sticky":null},"text":["s"],"removed":[""],"origin":"+input"}
2019-3-28 11:05:15.593#change#{"from":{"line":2,"ch":31,"sticky":null},"to":{"line":2,"ch":31,"sticky":null},"text":[":"],"removed":[""],"origin":"+input"}
2019-3-28 11:05:15.864#change#{"from":{"line":2,"ch":32,"sticky":null},"to":{"line":2,"ch":32,"sticky":null},"text":[" "],"removed":[""],"origin":"+input"}
2019-3-28 11:05:16.137#keyHandled#"Right"
2019-3-28 11:05:16.340#keyHandled#"Right"
2019-3-28 11:05:16.675#keyHandled#"Right"
2019-3-28 11:05:17.160#change#{"from":{"line":2,"ch":36,"sticky":"before"},"to":{"line":2,"ch":36,"sticky":"before"},"text":["",""],"removed":[""],"origin":"+input"}
2019-3-28 11:05:17.160#keyHandled#"Enter"
2019-3-28 11:05:17.175#viewportChange#0
2019-3-28 11:05:19.032#change#{"from":{"line":3,"ch":0,"sticky":null},"to":{"line":3,"ch":0,"sticky":null},"text":["p"],"removed":[""],"origin":"+input"}
2019-3-28 11:05:19.318#change#{"from":{"line":3,"ch":1,"sticky":null},"to":{"line":3,"ch":1,"sticky":null},"text":[" "],"removed":[""],"origin":"+input"}
2019-3-28 11:05:19.623#change#{"from":{"line":3,"ch":2,"sticky":null},"to":{"line":3,"ch":2,"sticky":null},"text":["="],"removed":[""],"origin":"+input"}
2019-3-28 11:05:19.771#change#{"from":{"line":3,"ch":3,"sticky":null},"to":{"line":3,"ch":3,"sticky":null},"text":[" "],"removed":[""],"origin":"+input"}
2019-3-28 11:05:21.927#change#{"from":{"line":3,"ch":4,"sticky":null},"to":{"line":3,"ch":4,"sticky":null},"text":["1"],"removed":[""],"origin":"+input"}
2019-3-28 11:05:22.407#change#{"from":{"line":3,"ch":5,"sticky":null},"to":{"line":3,"ch":5,"sticky":null},"text":[" "],"removed":[""],"origin":"+input"}
2019-3-28 11:05:22.568#change#{"from":{"line":3,"ch":6,"sticky":null},"to":{"line":3,"ch":6,"sticky":null},"text":["-"],"removed":[""],"origin":"+input"}
2019-3-28 11:05:22.760#change#{"from":{"line":3,"ch":7,"sticky":null},"to":{"line":3,"ch":7,"sticky":null},"text":[" "],"removed":[""],"origin":"+input"}
2019-3-28 11:05:25.112#change#{"from":{"line":3,"ch":8,"sticky":null},"to":{"line":3,"ch":8,"sticky":null},"text":["()"],"removed":[""],"origin":"+input"}
2019-3-28 11:05:25.112#keyHandled#"'('"
2019-3-28 11:05:25.800#change#{"from":{"line":3,"ch":9,"sticky":"after"},"to":{"line":3,"ch":9,"sticky":"after"},"text":["f"],"removed":[""],"origin":"+input"}
2019-3-28 11:05:25.912#change#{"from":{"line":3,"ch":10,"sticky":null},"to":{"line":3,"ch":10,"sticky":null},"text":["a"],"removed":[""],"origin":"+input"}
2019-3-28 11:05:26.040#change#{"from":{"line":3,"ch":11,"sticky":null},"to":{"line":3,"ch":11,"sticky":null},"text":["c"],"removed":[""],"origin":"+input"}
2019-3-28 11:05:26.295#change#{"from":{"line":3,"ch":12,"sticky":null},"to":{"line":3,"ch":12,"sticky":null},"text":["t"],"removed":[""],"origin":"+input"}
2019-3-28 11:05:26.760#change#{"from":{"line":3,"ch":13,"sticky":null},"to":{"line":3,"ch":13,"sticky":null},"text":["o"],"removed":[""],"origin":"+input"}
2019-3-28 11:05:26.936#change#{"from":{"line":3,"ch":14,"sticky":null},"to":{"line":3,"ch":14,"sticky":null},"text":["r"],"removed":[""],"origin":"+input"}
2019-3-28 11:05:27.111#change#{"from":{"line":3,"ch":15,"sticky":null},"to":{"line":3,"ch":15,"sticky":null},"text":["i"],"removed":[""],"origin":"+input"}
2019-3-28 11:05:27.271#change#{"from":{"line":3,"ch":16,"sticky":null},"to":{"line":3,"ch":16,"sticky":null},"text":["a"],"removed":[""],"origin":"+input"}
2019-3-28 11:05:27.398#change#{"from":{"line":3,"ch":17,"sticky":null},"to":{"line":3,"ch":17,"sticky":null},"text":["l"],"removed":[""],"origin":"+input"}
2019-3-28 11:05:30.184#change#{"from":{"line":3,"ch":18,"sticky":null},"to":{"line":3,"ch":18,"sticky":null},"text":["()"],"removed":[""],"origin":"+input"}
2019-3-28 11:05:30.184#keyHandled#"'('"
2019-3-28 11:05:31.447#change#{"from":{"line":3,"ch":19,"sticky":"after"},"to":{"line":3,"ch":19,"sticky":"after"},"text":["3"],"removed":[""],"origin":"+input"}
2019-3-28 11:05:31.895#change#{"from":{"line":3,"ch":20,"sticky":null},"to":{"line":3,"ch":20,"sticky":null},"text":["6"],"removed":[""],"origin":"+input"}
2019-3-28 11:05:32.136#change#{"from":{"line":3,"ch":21,"sticky":null},"to":{"line":3,"ch":21,"sticky":null},"text":["5"],"removed":[""],"origin":"+input"}
2019-3-28 11:05:34.434#change#{"from":{"line":3,"ch":22,"sticky":null},"to":{"line":3,"ch":22,"sticky":null},"text":[" "],"removed":[""],"origin":"+input"}
2019-3-28 11:05:35.605#change#{"from":{"line":3,"ch":22,"sticky":"after"},"to":{"line":3,"ch":23,"sticky":null},"text":[""],"removed":[" "],"origin":"+delete"}
2019-3-28 11:05:35.605#keyHandled#"Backspace"
2019-3-28 11:05:35.828#keyHandled#"Right"
2019-3-28 11:05:36.568#change#{"from":{"line":3,"ch":23,"sticky":"before"},"to":{"line":3,"ch":23,"sticky":"before"},"text":[" "],"removed":[""],"origin":"+input"}
2019-3-28 11:05:37.271#change#{"from":{"line":3,"ch":24,"sticky":null},"to":{"line":3,"ch":24,"sticky":null},"text":["/"],"removed":[""],"origin":"+input"}
2019-3-28 11:05:37.605#change#{"from":{"line":3,"ch":25,"sticky":null},"to":{"line":3,"ch":25,"sticky":null},"text":[" "],"removed":[""],"origin":"+input"}
2019-3-28 11:05:39.832#change#{"from":{"line":3,"ch":26,"sticky":null},"to":{"line":3,"ch":26,"sticky":null},"text":["f"],"removed":[""],"origin":"+input"}
2019-3-28 11:05:39.960#change#{"from":{"line":3,"ch":27,"sticky":null},"to":{"line":3,"ch":27,"sticky":null},"text":["a"],"removed":[""],"origin":"+input"}
2019-3-28 11:05:41.048#change#{"from":{"line":3,"ch":28,"sticky":null},"to":{"line":3,"ch":28,"sticky":null},"text":["c"],"removed":[""],"origin":"+input"}
2019-3-28 11:05:41.464#change#{"from":{"line":3,"ch":29,"sticky":null},"to":{"line":3,"ch":29,"sticky":null},"text":["t"],"removed":[""],"origin":"+input"}
2019-3-28 11:05:42.008#change#{"from":{"line":3,"ch":30,"sticky":null},"to":{"line":3,"ch":30,"sticky":null},"text":["o"],"removed":[""],"origin":"+input"}
2019-3-28 11:05:42.252#change#{"from":{"line":3,"ch":31,"sticky":null},"to":{"line":3,"ch":31,"sticky":null},"text":["r"],"removed":[""],"origin":"+input"}
2019-3-28 11:05:42.442#change#{"from":{"line":3,"ch":32,"sticky":null},"to":{"line":3,"ch":32,"sticky":null},"text":["i"],"removed":[""],"origin":"+input"}
2019-3-28 11:05:42.567#change#{"from":{"line":3,"ch":33,"sticky":null},"to":{"line":3,"ch":33,"sticky":null},"text":["a"],"removed":[""],"origin":"+input"}
2019-3-28 11:05:42.695#change#{"from":{"line":3,"ch":34,"sticky":null},"to":{"line":3,"ch":34,"sticky":null},"text":["l"],"removed":[""],"origin":"+input"}
2019-3-28 11:05:45.498#change#{"from":{"line":3,"ch":35,"sticky":null},"to":{"line":3,"ch":35,"sticky":null},"text":["()"],"removed":[""],"origin":"+input"}
2019-3-28 11:05:45.498#keyHandled#"'('"
2019-3-28 11:05:47.225#change#{"from":{"line":3,"ch":36,"sticky":"after"},"to":{"line":3,"ch":36,"sticky":"after"},"text":["3"],"removed":[""],"origin":"+input"}
2019-3-28 11:05:47.383#change#{"from":{"line":3,"ch":37,"sticky":null},"to":{"line":3,"ch":37,"sticky":null},"text":["6"],"removed":[""],"origin":"+input"}
2019-3-28 11:05:47.559#change#{"from":{"line":3,"ch":38,"sticky":null},"to":{"line":3,"ch":38,"sticky":null},"text":["5"],"removed":[""],"origin":"+input"}
2019-3-28 11:05:49.752#change#{"from":{"line":3,"ch":39,"sticky":null},"to":{"line":3,"ch":39,"sticky":null},"text":[" "],"removed":[""],"origin":"+input"}
2019-3-28 11:05:49.847#change#{"from":{"line":3,"ch":40,"sticky":null},"to":{"line":3,"ch":40,"sticky":null},"text":["-"],"removed":[""],"origin":"+input"}
2019-3-28 11:05:50.039#change#{"from":{"line":3,"ch":41,"sticky":null},"to":{"line":3,"ch":41,"sticky":null},"text":[" "],"removed":[""],"origin":"+input"}
2019-3-28 11:05:50.744#change#{"from":{"line":3,"ch":42,"sticky":null},"to":{"line":3,"ch":42,"sticky":null},"text":["n"],"removed":[""],"origin":"+input"}
2019-3-28 11:05:50.984#change#{"from":{"line":3,"ch":43,"sticky":null},"to":{"line":3,"ch":43,"sticky":null},"text":["u"],"removed":[""],"origin":"+input"}
2019-3-28 11:05:53.528#change#{"from":{"line":3,"ch":44,"sticky":null},"to":{"line":3,"ch":44,"sticky":null},"text":["m"],"removed":[""],"origin":"+input"}
2019-3-28 11:05:54.024#change#{"from":{"line":3,"ch":45,"sticky":null},"to":{"line":3,"ch":45,"sticky":null},"text":["p"],"removed":[""],"origin":"+input"}
2019-3-28 11:05:55.573#keyHandled#"Right"
2019-3-28 11:05:56.840#change#{"from":{"line":3,"ch":47,"sticky":"before"},"to":{"line":3,"ch":47,"sticky":"before"},"text":[" "],"removed":[""],"origin":"+input"}
2019-3-28 11:05:57.464#change#{"from":{"line":3,"ch":48,"sticky":null},"to":{"line":3,"ch":48,"sticky":null},"text":["*"],"removed":[""],"origin":"+input"}
2019-3-28 11:05:57.876#change#{"from":{"line":3,"ch":49,"sticky":null},"to":{"line":3,"ch":49,"sticky":null},"text":[" "],"removed":[""],"origin":"+input"}
2019-3-28 11:06:00.654#change#{"from":{"line":3,"ch":50,"sticky":null},"to":{"line":3,"ch":50,"sticky":null},"text":["()"],"removed":[""],"origin":"+input"}
2019-3-28 11:06:00.654#keyHandled#"'('"
2019-3-28 11:06:09.717#change#{"from":{"line":3,"ch":50,"sticky":null},"to":{"line":3,"ch":52,"sticky":null},"text":[""],"removed":["()"],"origin":"+delete"}
2019-3-28 11:06:09.717#keyHandled#"Backspace"
2019-3-28 11:06:09.941#change#{"from":{"line":3,"ch":49,"sticky":"after"},"to":{"line":3,"ch":50,"sticky":null},"text":[""],"removed":[" "],"origin":"+delete"}
2019-3-28 11:06:09.941#keyHandled#"Backspace"
2019-3-28 11:06:11.253#change#{"from":{"line":3,"ch":48,"sticky":"after"},"to":{"line":3,"ch":49,"sticky":null},"text":[""],"removed":["*"],"origin":"+delete"}
2019-3-28 11:06:11.253#keyHandled#"Backspace"
2019-3-28 11:06:11.605#change#{"from":{"line":3,"ch":47,"sticky":"after"},"to":{"line":3,"ch":48,"sticky":null},"text":[""],"removed":[" "],"origin":"+delete"}
2019-3-28 11:06:11.605#keyHandled#"Backspace"
2019-3-28 11:06:13.444#keyHandled#"Right"
2019-3-28 11:06:15.290#change#{"from":{"line":3,"ch":48,"sticky":"before"},"to":{"line":3,"ch":48,"sticky":"before"},"text":[" "],"removed":[""],"origin":"+input"}
2019-3-28 11:06:16.569#change#{"from":{"line":3,"ch":49,"sticky":null},"to":{"line":3,"ch":49,"sticky":null},"text":["*"],"removed":[""],"origin":"+input"}
2019-3-28 11:06:16.904#change#{"from":{"line":3,"ch":50,"sticky":null},"to":{"line":3,"ch":50,"sticky":null},"text":[" "],"removed":[""],"origin":"+input"}
2019-3-28 11:06:19.529#change#{"from":{"line":3,"ch":52,"sticky":"after"},"to":{"line":3,"ch":52,"sticky":"after"},"text":["1"],"removed":[""],"origin":"+input"}
2019-3-28 11:06:21.592#change#{"from":{"line":3,"ch":53,"sticky":null},"to":{"line":3,"ch":53,"sticky":null},"text":[" "],"removed":[""],"origin":"+input"}
2019-3-28 11:06:21.817#change#{"from":{"line":3,"ch":54,"sticky":null},"to":{"line":3,"ch":54,"sticky":null},"text":["/"],"removed":[""],"origin":"+input"}
2019-3-28 11:06:21.944#change#{"from":{"line":3,"ch":55,"sticky":null},"to":{"line":3,"ch":55,"sticky":null},"text":[" "],"removed":[""],"origin":"+input"}
2019-3-28 11:06:24.490#keyHandled#"Down"
2019-3-28 11:06:24.996#keyHandled#"Left"
2019-3-28 11:06:26.425#change#{"from":{"line":3,"ch":56,"sticky":"after"},"to":{"line":3,"ch":56,"sticky":"after"},"text":["3"],"removed":[""],"origin":"+input"}
2019-3-28 11:06:26.584#change#{"from":{"line":3,"ch":57,"sticky":null},"to":{"line":3,"ch":57,"sticky":null},"text":["6"],"removed":[""],"origin":"+input"}
2019-3-28 11:06:26.696#change#{"from":{"line":3,"ch":58,"sticky":null},"to":{"line":3,"ch":58,"sticky":null},"text":["5"],"removed":[""],"origin":"+input"}
2019-3-28 11:06:30.041#change#{"from":{"line":3,"ch":59,"sticky":null},"to":{"line":3,"ch":59,"sticky":null},"text":["*"],"removed":[""],"origin":"+input"}
2019-3-28 11:06:30.264#change#{"from":{"line":3,"ch":60,"sticky":null},"to":{"line":3,"ch":60,"sticky":null},"text":["*"],"removed":[""],"origin":"+input"}
2019-3-28 11:06:31.225#change#{"from":{"line":3,"ch":61,"sticky":null},"to":{"line":3,"ch":61,"sticky":null},"text":["n"],"removed":[""],"origin":"+input"}
2019-3-28 11:06:31.480#change#{"from":{"line":3,"ch":62,"sticky":null},"to":{"line":3,"ch":62,"sticky":null},"text":["u"],"removed":[""],"origin":"+input"}
2019-3-28 11:06:31.768#change#{"from":{"line":3,"ch":63,"sticky":null},"to":{"line":3,"ch":63,"sticky":null},"text":["m"],"removed":[""],"origin":"+input"}
2019-3-28 11:06:32.088#change#{"from":{"line":3,"ch":64,"sticky":null},"to":{"line":3,"ch":64,"sticky":null},"text":["p"],"removed":[""],"origin":"+input"}
2019-3-28 11:06:32.692#keyHandled#"Right"
2019-3-28 11:06:33.287#change#{"from":{"line":3,"ch":66,"sticky":"before"},"to":{"line":3,"ch":66,"sticky":"before"},"text":["",""],"removed":[""],"origin":"+input"}
2019-3-28 11:06:33.287#keyHandled#"Enter"
2019-3-28 11:06:33.303#viewportChange#0
2019-3-28 11:06:37.481#change#{"from":{"line":4,"ch":0,"sticky":null},"to":{"line":4,"ch":0,"sticky":null},"text":["p"],"removed":[""],"origin":"+input"}
2019-3-28 11:06:38.216#change#{"from":{"line":4,"ch":1,"sticky":null},"to":{"line":4,"ch":1,"sticky":null},"text":["r"],"removed":[""],"origin":"+input"}
2019-3-28 11:06:38.360#change#{"from":{"line":4,"ch":2,"sticky":null},"to":{"line":4,"ch":2,"sticky":null},"text":["o"],"removed":[""],"origin":"+input"}
2019-3-28 11:06:38.729#change#{"from":{"line":4,"ch":3,"sticky":null},"to":{"line":4,"ch":3,"sticky":null},"text":["b"],"removed":[""],"origin":"+input"}
2019-3-28 11:06:40.265#change#{"from":{"line":4,"ch":4,"sticky":null},"to":{"line":4,"ch":4,"sticky":null},"text":[" "],"removed":[""],"origin":"+input"}
2019-3-28 11:06:40.584#change#{"from":{"line":4,"ch":5,"sticky":null},"to":{"line":4,"ch":5,"sticky":null},"text":["="],"removed":[""],"origin":"+input"}
2019-3-28 11:06:40.712#change#{"from":{"line":4,"ch":6,"sticky":null},"to":{"line":4,"ch":6,"sticky":null},"text":[" "],"removed":[""],"origin":"+input"}
2019-3-28 11:06:42.568#change#{"from":{"line":4,"ch":7,"sticky":null},"to":{"line":4,"ch":7,"sticky":null},"text":["1"],"removed":[""],"origin":"+input"}
2019-3-28 11:06:43.493#change#{"from":{"line":4,"ch":7,"sticky":"after"},"to":{"line":4,"ch":8,"sticky":null},"text":[""],"removed":["1"],"origin":"+delete"}
2019-3-28 11:06:43.493#keyHandled#"Backspace"
2019-3-28 11:06:43.833#change#{"from":{"line":4,"ch":7,"sticky":null},"to":{"line":4,"ch":7,"sticky":null},"text":["p"],"removed":[""],"origin":"+input"}
2019-3-28 11:06:45.672#change#{"from":{"line":4,"ch":8,"sticky":null},"to":{"line":4,"ch":8,"sticky":null},"text":["*"],"removed":[""],"origin":"+input"}
2019-3-28 11:06:46.472#change#{"from":{"line":4,"ch":9,"sticky":null},"to":{"line":4,"ch":9,"sticky":null},"text":["1"],"removed":[""],"origin":"+input"}
2019-3-28 11:06:46.713#change#{"from":{"line":4,"ch":10,"sticky":null},"to":{"line":4,"ch":10,"sticky":null},"text":["0"],"removed":[""],"origin":"+input"}
2019-3-28 11:06:46.920#change#{"from":{"line":4,"ch":11,"sticky":null},"to":{"line":4,"ch":11,"sticky":null},"text":["0"],"removed":[""],"origin":"+input"}
2019-3-28 11:06:47.798#change#{"from":{"line":4,"ch":12,"sticky":null},"to":{"line":4,"ch":12,"sticky":null},"text":["",""],"removed":[""],"origin":"+input"}
2019-3-28 11:06:47.798#keyHandled#"Enter"
2019-3-28 11:06:47.815#viewportChange#0
2019-3-28 11:06:49.177#change#{"from":{"line":5,"ch":0,"sticky":null},"to":{"line":5,"ch":0,"sticky":null},"text":["p"],"removed":[""],"origin":"+input"}
2019-3-28 11:06:49.656#change#{"from":{"line":5,"ch":1,"sticky":null},"to":{"line":5,"ch":1,"sticky":null},"text":["r"],"removed":[""],"origin":"+input"}
2019-3-28 11:06:49.848#change#{"from":{"line":5,"ch":2,"sticky":null},"to":{"line":5,"ch":2,"sticky":null},"text":["i"],"removed":[""],"origin":"+input"}
2019-3-28 11:06:49.865#change#{"from":{"line":5,"ch":3,"sticky":null},"to":{"line":5,"ch":3,"sticky":null},"text":["o"],"removed":[""],"origin":"+input"}
2019-3-28 11:06:50.063#change#{"from":{"line":5,"ch":4,"sticky":null},"to":{"line":5,"ch":4,"sticky":null},"text":["n"],"removed":[""],"origin":"+input"}
2019-3-28 11:06:50.212#change#{"from":{"line":5,"ch":5,"sticky":null},"to":{"line":5,"ch":5,"sticky":null},"text":["t"],"removed":[""],"origin":"+input"}
2019-3-28 11:06:50.709#change#{"from":{"line":5,"ch":5,"sticky":"after"},"to":{"line":5,"ch":6,"sticky":null},"text":[""],"removed":["t"],"origin":"+delete"}
2019-3-28 11:06:50.709#keyHandled#"Backspace"
2019-3-28 11:06:50.901#change#{"from":{"line":5,"ch":4,"sticky":"after"},"to":{"line":5,"ch":5,"sticky":null},"text":[""],"removed":["n"],"origin":"+delete"}
2019-3-28 11:06:50.901#keyHandled#"Backspace"
2019-3-28 11:06:51.077#change#{"from":{"line":5,"ch":3,"sticky":"after"},"to":{"line":5,"ch":4,"sticky":null},"text":[""],"removed":["o"],"origin":"+delete"}
2019-3-28 11:06:51.077#keyHandled#"Backspace"
2019-3-28 11:06:51.737#change#{"from":{"line":5,"ch":3,"sticky":null},"to":{"line":5,"ch":3,"sticky":null},"text":["n"],"removed":[""],"origin":"+input"}
2019-3-28 11:06:52.152#change#{"from":{"line":5,"ch":4,"sticky":null},"to":{"line":5,"ch":4,"sticky":null},"text":["t"],"removed":[""],"origin":"+input"}
2019-3-28 11:06:52.170#change#{"from":{"line":5,"ch":5,"sticky":null},"to":{"line":5,"ch":5,"sticky":null},"text":["y"],"removed":[""],"origin":"+input"}
2019-3-28 11:06:52.869#change#{"from":{"line":5,"ch":5,"sticky":"after"},"to":{"line":5,"ch":6,"sticky":null},"text":[""],"removed":["y"],"origin":"+delete"}
2019-3-28 11:06:52.869#keyHandled#"Backspace"
2019-3-28 11:06:54.136#change#{"from":{"line":5,"ch":5,"sticky":null},"to":{"line":5,"ch":5,"sticky":null},"text":["()"],"removed":[""],"origin":"+input"}
2019-3-28 11:06:54.136#keyHandled#"'('"
2019-3-28 11:06:54.809#change#{"from":{"line":5,"ch":6,"sticky":"after"},"to":{"line":5,"ch":6,"sticky":"after"},"text":["r"],"removed":[""],"origin":"+input"}
2019-3-28 11:06:54.985#change#{"from":{"line":5,"ch":7,"sticky":null},"to":{"line":5,"ch":7,"sticky":null},"text":["o"],"removed":[""],"origin":"+input"}
2019-3-28 11:06:55.160#change#{"from":{"line":5,"ch":8,"sticky":null},"to":{"line":5,"ch":8,"sticky":null},"text":["u"],"removed":[""],"origin":"+input"}
2019-3-28 11:06:55.368#change#{"from":{"line":5,"ch":9,"sticky":null},"to":{"line":5,"ch":9,"sticky":null},"text":["n"],"removed":[""],"origin":"+input"}
2019-3-28 11:06:55.560#change#{"from":{"line":5,"ch":10,"sticky":null},"to":{"line":5,"ch":10,"sticky":null},"text":["d"],"removed":[""],"origin":"+input"}
2019-3-28 11:06:57.817#change#{"from":{"line":5,"ch":11,"sticky":null},"to":{"line":5,"ch":11,"sticky":null},"text":["()"],"removed":[""],"origin":"+input"}
2019-3-28 11:06:57.817#keyHandled#"'('"
2019-3-28 11:06:58.281#change#{"from":{"line":5,"ch":12,"sticky":"after"},"to":{"line":5,"ch":12,"sticky":"after"},"text":["p"],"removed":[""],"origin":"+input"}
2019-3-28 11:06:58.571#change#{"from":{"line":5,"ch":13,"sticky":null},"to":{"line":5,"ch":13,"sticky":null},"text":["r"],"removed":[""],"origin":"+input"}
2019-3-28 11:06:58.728#change#{"from":{"line":5,"ch":14,"sticky":null},"to":{"line":5,"ch":14,"sticky":null},"text":["o"],"removed":[""],"origin":"+input"}
2019-3-28 11:06:59.032#change#{"from":{"line":5,"ch":15,"sticky":null},"to":{"line":5,"ch":15,"sticky":null},"text":["b"],"removed":[""],"origin":"+input"}
2019-3-28 11:06:59.497#change#{"from":{"line":5,"ch":16,"sticky":null},"to":{"line":5,"ch":16,"sticky":null},"text":[","],"removed":[""],"origin":"+input"}
2019-3-28 11:06:59.656#change#{"from":{"line":5,"ch":17,"sticky":null},"to":{"line":5,"ch":17,"sticky":null},"text":[" "],"removed":[""],"origin":"+input"}
2019-3-28 11:07:01.288#change#{"from":{"line":5,"ch":18,"sticky":null},"to":{"line":5,"ch":18,"sticky":null},"text":["2"],"removed":[""],"origin":"+input"}
2019-3-28 11:07:01.669#keyHandled#"Down"
2019-3-28 11:07:02.005#keyHandled#"Down"
2019-3-28 11:07:02.005#keyHandled#"Down"
2019-3-28 11:07:04.814#saida_testar#$ python3 main.py
Traceback (most recent call last):
File "main.py", line 3, in <module>
nump = int(input("N\xb0 de pessoas: "))
UnicodeEncodeError: 'ascii' codec can't encode character '\xb0' in position 1: ordinal not in range(128)
2019-3-28 11:07:17.568#mousedown#{"isTrusted":true}
2019-3-28 11:07:18.240#mousedown#{"isTrusted":true}
2019-3-28 11:07:18.240#mousedown#{"isTrusted":true}
2019-3-28 11:07:21.203#saida_testar#$ python3 main.py
Traceback (most recent call last):
File "main.py", line 3, in <module>
nump = int(input("N\xb0 de pessoas: "))
UnicodeEncodeError: 'ascii' codec can't encode character '\xb0' in position 1: ordinal not in range(128)
2019-3-28 11:07:31.648#mousedown#{"isTrusted":true}
2019-3-28 11:07:32.406#change#{"from":{"line":2,"ch":19,"sticky":"after"},"to":{"line":2,"ch":20,"sticky":"after","xRel":2.4000244140625},"text":[""],"removed":["°"],"origin":"+delete"}
2019-3-28 11:07:32.406#keyHandled#"Backspace"
2019-3-28 11:07:33.344#mousedown#{"isTrusted":true}
2019-3-28 11:07:33.344#mousedown#{"isTrusted":true}
2019-3-28 11:07:34.827#saida_testar#$ python3 main.py
2019-3-28 11:07:35.372#blur#
