2019-4-11 20:34:12.120#viewportChange#0
2019-4-11 20:34:13.573#mousedown#{"isTrusted":true}
2019-4-11 20:34:13.592#focus#
2019-4-11 20:34:16.760#change#{"from":{"line":3,"ch":0,"sticky":null,"xRel":1,"outside":true},"to":{"line":3,"ch":0,"sticky":null,"xRel":1,"outside":true},"text":["X"],"removed":[""],"origin":"+input"}
2019-4-11 20:34:17.102#change#{"from":{"line":3,"ch":1,"sticky":null},"to":{"line":3,"ch":1,"sticky":null},"text":["",""],"removed":[""],"origin":"+input"}
2019-4-11 20:34:17.102#keyHandled#"Enter"
2019-4-11 20:34:17.106#viewportChange#0
2019-4-11 20:34:17.903#change#{"from":{"line":4,"ch":0,"sticky":null},"to":{"line":4,"ch":0,"sticky":null},"text":["Y"],"removed":[""],"origin":"+input"}
2019-4-11 20:34:18.549#change#{"from":{"line":4,"ch":1,"sticky":null},"to":{"line":4,"ch":1,"sticky":null},"text":["",""],"removed":[""],"origin":"+input"}
2019-4-11 20:34:18.549#keyHandled#"Enter"
2019-4-11 20:34:18.553#viewportChange#0
2019-4-11 20:34:19.173#change#{"from":{"line":5,"ch":0,"sticky":null},"to":{"line":5,"ch":0,"sticky":null},"text":["",""],"removed":[""],"origin":"+input"}
2019-4-11 20:34:19.173#keyHandled#"Enter"
2019-4-11 20:34:19.176#viewportChange#0
2019-4-11 20:34:19.519#change#{"from":{"line":6,"ch":0,"sticky":null},"to":{"line":6,"ch":0,"sticky":null},"text":["P"],"removed":[""],"origin":"+input"}
2019-4-11 20:34:21.011#change#{"from":{"line":6,"ch":1,"sticky":null},"to":{"line":6,"ch":1,"sticky":null},"text":[" "],"removed":[""],"origin":"+input"}
2019-4-11 20:34:21.118#change#{"from":{"line":6,"ch":2,"sticky":null},"to":{"line":6,"ch":2,"sticky":null},"text":["="],"removed":[""],"origin":"+input"}
2019-4-11 20:34:21.213#change#{"from":{"line":6,"ch":3,"sticky":null},"to":{"line":6,"ch":3,"sticky":null},"text":[" "],"removed":[""],"origin":"+input"}
2019-4-11 20:34:21.633#change#{"from":{"line":6,"ch":4,"sticky":null},"to":{"line":6,"ch":4,"sticky":null},"text":["()"],"removed":[""],"origin":"+input"}
2019-4-11 20:34:21.633#keyHandled#"'('"
2019-4-11 20:34:23.277#change#{"from":{"line":6,"ch":5,"sticky":"after"},"to":{"line":6,"ch":5,"sticky":"after"},"text":["x"],"removed":[""],"origin":"+input"}
2019-4-11 20:34:23.628#change#{"from":{"line":6,"ch":5,"sticky":"after"},"to":{"line":6,"ch":6,"sticky":null},"text":[""],"removed":["x"],"origin":"+delete"}
2019-4-11 20:34:23.629#keyHandled#"Backspace"
2019-4-11 20:34:23.870#change#{"from":{"line":6,"ch":5,"sticky":null},"to":{"line":6,"ch":5,"sticky":null},"text":["X"],"removed":[""],"origin":"+input"}
2019-4-11 20:34:24.759#change#{"from":{"line":6,"ch":6,"sticky":null},"to":{"line":6,"ch":6,"sticky":null},"text":[","],"removed":[""],"origin":"+input"}
2019-4-11 20:34:25.197#change#{"from":{"line":6,"ch":7,"sticky":null},"to":{"line":6,"ch":7,"sticky":null},"text":["Y"],"removed":[""],"origin":"+input"}
2019-4-11 20:34:25.946#keyHandled#"Up"
2019-4-11 20:34:26.158#keyHandled#"Up"
2019-4-11 20:34:26.316#keyHandled#"Up"
2019-4-11 20:34:48.325#change#{"from":{"line":3,"ch":1,"sticky":"before","xRel":53.828125},"to":{"line":3,"ch":1,"sticky":"before","xRel":53.828125},"text":[" "],"removed":[""],"origin":"+input"}
2019-4-11 20:34:49.316#change#{"from":{"line":3,"ch":1,"sticky":"after"},"to":{"line":3,"ch":2,"sticky":null},"text":[""],"removed":[" "],"origin":"+delete"}
2019-4-11 20:34:49.316#keyHandled#"Backspace"
2019-4-11 20:34:49.486#change#{"from":{"line":3,"ch":1,"sticky":null},"to":{"line":3,"ch":1,"sticky":null},"text":[" "],"removed":[""],"origin":"+input"}
2019-4-11 20:34:49.613#change#{"from":{"line":3,"ch":2,"sticky":null},"to":{"line":3,"ch":2,"sticky":null},"text":["="],"removed":[""],"origin":"+input"}
2019-4-11 20:34:49.709#change#{"from":{"line":3,"ch":3,"sticky":null},"to":{"line":3,"ch":3,"sticky":null},"text":[" "],"removed":[""],"origin":"+input"}
2019-4-11 20:34:50.559#change#{"from":{"line":3,"ch":3,"sticky":"after"},"to":{"line":3,"ch":4,"sticky":null},"text":[""],"removed":[" "],"origin":"+delete"}
2019-4-11 20:34:50.559#keyHandled#"Backspace"
2019-4-11 20:34:51.454#change#{"from":{"line":3,"ch":3,"sticky":null},"to":{"line":3,"ch":3,"sticky":null},"text":["()"],"removed":[""],"origin":"+input"}
2019-4-11 20:34:51.454#keyHandled#"'('"
2019-4-11 20:34:51.727#change#{"from":{"line":3,"ch":4,"sticky":"after"},"to":{"line":3,"ch":4,"sticky":"after"},"text":["f"],"removed":[""],"origin":"+input"}
2019-4-11 20:34:51.861#change#{"from":{"line":3,"ch":5,"sticky":null},"to":{"line":3,"ch":5,"sticky":null},"text":["l"],"removed":[""],"origin":"+input"}
2019-4-11 20:34:52.005#change#{"from":{"line":3,"ch":6,"sticky":null},"to":{"line":3,"ch":6,"sticky":null},"text":["o"],"removed":[""],"origin":"+input"}
2019-4-11 20:34:52.046#change#{"from":{"line":3,"ch":7,"sticky":null},"to":{"line":3,"ch":7,"sticky":null},"text":["a"],"removed":[""],"origin":"+input"}
2019-4-11 20:34:52.170#change#{"from":{"line":3,"ch":8,"sticky":null},"to":{"line":3,"ch":8,"sticky":null},"text":["t"],"removed":[""],"origin":"+input"}
2019-4-11 20:34:52.421#change#{"from":{"line":3,"ch":9,"sticky":null},"to":{"line":3,"ch":9,"sticky":null},"text":["()"],"removed":[""],"origin":"+input"}
2019-4-11 20:34:52.421#keyHandled#"'('"
2019-4-11 20:34:52.776#change#{"from":{"line":3,"ch":10,"sticky":"after"},"to":{"line":3,"ch":10,"sticky":"after"},"text":["o"],"removed":[""],"origin":"+input"}
2019-4-11 20:34:52.974#change#{"from":{"line":3,"ch":11,"sticky":null},"to":{"line":3,"ch":11,"sticky":null},"text":["m"],"removed":[""],"origin":"+input"}
2019-4-11 20:34:53.268#change#{"from":{"line":3,"ch":11,"sticky":"after"},"to":{"line":3,"ch":12,"sticky":null},"text":[""],"removed":["m"],"origin":"+delete"}
2019-4-11 20:34:53.268#keyHandled#"Backspace"
2019-4-11 20:34:53.397#change#{"from":{"line":3,"ch":10,"sticky":"after"},"to":{"line":3,"ch":11,"sticky":null},"text":[""],"removed":["o"],"origin":"+delete"}
2019-4-11 20:34:53.397#keyHandled#"Backspace"
2019-4-11 20:34:53.579#change#{"from":{"line":3,"ch":10,"sticky":null},"to":{"line":3,"ch":10,"sticky":null},"text":["i"],"removed":[""],"origin":"+input"}
2019-4-11 20:34:53.938#change#{"from":{"line":3,"ch":11,"sticky":null},"to":{"line":3,"ch":11,"sticky":null},"text":["p"],"removed":[""],"origin":"+input"}
2019-4-11 20:34:54.214#change#{"from":{"line":3,"ch":11,"sticky":"after"},"to":{"line":3,"ch":12,"sticky":null},"text":[""],"removed":["p"],"origin":"+delete"}
2019-4-11 20:34:54.214#keyHandled#"Backspace"
2019-4-11 20:34:54.438#change#{"from":{"line":3,"ch":11,"sticky":null},"to":{"line":3,"ch":11,"sticky":null},"text":["n"],"removed":[""],"origin":"+input"}
2019-4-11 20:34:54.637#change#{"from":{"line":3,"ch":12,"sticky":null},"to":{"line":3,"ch":12,"sticky":null},"text":["p"],"removed":[""],"origin":"+input"}
2019-4-11 20:34:54.821#change#{"from":{"line":3,"ch":13,"sticky":null},"to":{"line":3,"ch":13,"sticky":null},"text":["u"],"removed":[""],"origin":"+input"}
2019-4-11 20:34:54.910#change#{"from":{"line":3,"ch":14,"sticky":null},"to":{"line":3,"ch":14,"sticky":null},"text":["t"],"removed":[""],"origin":"+input"}
2019-4-11 20:34:55.133#change#{"from":{"line":3,"ch":15,"sticky":null},"to":{"line":3,"ch":15,"sticky":null},"text":["()"],"removed":[""],"origin":"+input"}
2019-4-11 20:34:55.133#keyHandled#"'('"
2019-4-11 20:34:55.141#change#{"from":{"line":3,"ch":16,"sticky":"after"},"to":{"line":3,"ch":16,"sticky":"after"},"text":["*"],"removed":[""],"origin":"+input"}
2019-4-11 20:34:55.565#change#{"from":{"line":3,"ch":16,"sticky":"after"},"to":{"line":3,"ch":17,"sticky":null},"text":[""],"removed":["*"],"origin":"+delete"}
2019-4-11 20:34:55.565#keyHandled#"Backspace"
2019-4-11 20:34:56.383#change#{"from":{"line":3,"ch":16,"sticky":null},"to":{"line":3,"ch":16,"sticky":null},"text":["\"\""],"removed":[""],"origin":"+input"}
2019-4-11 20:34:56.383#keyHandled#"'\"'"
2019-4-11 20:34:56.622#change#{"from":{"line":3,"ch":17,"sticky":"after"},"to":{"line":3,"ch":17,"sticky":"after"},"text":["d"],"removed":[""],"origin":"+input"}
2019-4-11 20:34:56.719#change#{"from":{"line":3,"ch":18,"sticky":null},"to":{"line":3,"ch":18,"sticky":null},"text":["i"],"removed":[""],"origin":"+input"}
2019-4-11 20:34:56.879#change#{"from":{"line":3,"ch":19,"sticky":null},"to":{"line":3,"ch":19,"sticky":null},"text":["g"],"removed":[""],"origin":"+input"}
2019-4-11 20:34:56.981#change#{"from":{"line":3,"ch":20,"sticky":null},"to":{"line":3,"ch":20,"sticky":null},"text":["i"],"removed":[""],"origin":"+input"}
2019-4-11 20:34:57.073#change#{"from":{"line":3,"ch":21,"sticky":null},"to":{"line":3,"ch":21,"sticky":null},"text":["t"],"removed":[""],"origin":"+input"}
2019-4-11 20:34:57.165#change#{"from":{"line":3,"ch":22,"sticky":null},"to":{"line":3,"ch":22,"sticky":null},"text":["e"],"removed":[""],"origin":"+input"}
2019-4-11 20:34:57.310#change#{"from":{"line":3,"ch":23,"sticky":null},"to":{"line":3,"ch":23,"sticky":null},"text":[" "],"removed":[""],"origin":"+input"}
2019-4-11 20:34:59.606#change#{"from":{"line":3,"ch":24,"sticky":null},"to":{"line":3,"ch":24,"sticky":null},"text":["a"],"removed":[""],"origin":"+input"}
2019-4-11 20:34:59.717#change#{"from":{"line":3,"ch":25,"sticky":null},"to":{"line":3,"ch":25,"sticky":null},"text":[" "],"removed":[""],"origin":"+input"}
2019-4-11 20:34:59.862#change#{"from":{"line":3,"ch":26,"sticky":null},"to":{"line":3,"ch":26,"sticky":null},"text":["c"],"removed":[""],"origin":"+input"}
2019-4-11 20:34:59.976#change#{"from":{"line":3,"ch":27,"sticky":null},"to":{"line":3,"ch":27,"sticky":null},"text":["o"],"removed":[""],"origin":"+input"}
2019-4-11 20:35:00.246#change#{"from":{"line":3,"ch":28,"sticky":null},"to":{"line":3,"ch":28,"sticky":null},"text":["o"],"removed":[""],"origin":"+input"}
2019-4-11 20:35:00.479#change#{"from":{"line":3,"ch":29,"sticky":null},"to":{"line":3,"ch":29,"sticky":null},"text":["r"],"removed":[""],"origin":"+input"}
2019-4-11 20:35:00.686#change#{"from":{"line":3,"ch":30,"sticky":null},"to":{"line":3,"ch":30,"sticky":null},"text":["d"],"removed":[""],"origin":"+input"}
2019-4-11 20:35:00.825#change#{"from":{"line":3,"ch":31,"sticky":null},"to":{"line":3,"ch":31,"sticky":null},"text":["e"],"removed":[""],"origin":"+input"}
2019-4-11 20:35:01.060#change#{"from":{"line":3,"ch":32,"sticky":null},"to":{"line":3,"ch":32,"sticky":null},"text":["n"],"removed":[""],"origin":"+input"}
2019-4-11 20:35:01.173#change#{"from":{"line":3,"ch":33,"sticky":null},"to":{"line":3,"ch":33,"sticky":null},"text":["a"],"removed":[""],"origin":"+input"}
2019-4-11 20:35:01.717#change#{"from":{"line":3,"ch":36,"sticky":null},"to":{"line":3,"ch":36,"sticky":null},"text":[":"],"removed":[""],"origin":"+input"}
2019-4-11 20:35:01.917#change#{"from":{"line":3,"ch":37,"sticky":null},"to":{"line":3,"ch":37,"sticky":null},"text":[" "],"removed":[""],"origin":"+input"}
2019-4-11 20:35:02.316#keyHandled#"Right"
2019-4-11 20:35:02.770#keyHandled#"Right"
2019-4-11 20:35:02.909#keyHandled#"Right"
2019-4-11 20:35:04.388#keyHandled#"Right"
2019-4-11 20:35:05.772#mousedown#{"isTrusted":true}
2019-4-11 20:35:06.109#copy#{"isTrusted":true}
2019-4-11 20:35:06.404#mousedown#{"isTrusted":true}
2019-4-11 20:35:07.285#mousedown#{"isTrusted":true}
2019-4-11 20:35:07.845#copy#{"isTrusted":true}
2019-4-11 20:35:08.388#mousedown#{"isTrusted":true}
2019-4-11 20:35:08.647#change#{"from":{"line":4,"ch":1,"sticky":"before","xRel":12.515625},"to":{"line":4,"ch":1,"sticky":"before","xRel":12.515625},"text":[" =(float(input(\"digite a coordenada: \")))"],"removed":[""],"origin":"paste"}
2019-4-11 20:35:10.317#mousedown#{"isTrusted":true}
2019-4-11 20:35:10.853#change#{"from":{"line":6,"ch":9,"sticky":null,"xRel":1,"outside":true},"to":{"line":6,"ch":9,"sticky":null,"xRel":1,"outside":true},"text":["",""],"removed":[""],"origin":"+input"}
2019-4-11 20:35:10.853#keyHandled#"Enter"
2019-4-11 20:35:10.857#viewportChange#0
2019-4-11 20:35:11.005#change#{"from":{"line":7,"ch":0,"sticky":null},"to":{"line":7,"ch":0,"sticky":null},"text":["",""],"removed":[""],"origin":"+input"}
2019-4-11 20:35:11.005#keyHandled#"Enter"
2019-4-11 20:35:11.009#viewportChange#0
2019-4-11 20:35:12.814#change#{"from":{"line":8,"ch":0,"sticky":null},"to":{"line":8,"ch":0,"sticky":null},"text":["i"],"removed":[""],"origin":"+input"}
2019-4-11 20:35:12.885#change#{"from":{"line":8,"ch":1,"sticky":null},"to":{"line":8,"ch":1,"sticky":null},"text":["f"],"removed":[""],"origin":"+input"}
2019-4-11 20:35:13.070#change#{"from":{"line":8,"ch":2,"sticky":null},"to":{"line":8,"ch":2,"sticky":null},"text":[" "],"removed":[""],"origin":"+input"}
2019-4-11 20:35:18.436#change#{"from":{"line":8,"ch":3,"sticky":null},"to":{"line":8,"ch":3,"sticky":null},"text":["()"],"removed":[""],"origin":"+input"}
2019-4-11 20:35:18.437#keyHandled#"'('"
2019-4-11 20:35:19.485#change#{"from":{"line":8,"ch":4,"sticky":"after"},"to":{"line":8,"ch":4,"sticky":"after"},"text":["2"],"removed":[""],"origin":"+input"}
2019-4-11 20:35:19.897#change#{"from":{"line":8,"ch":5,"sticky":null},"to":{"line":8,"ch":5,"sticky":null},"text":["x"],"removed":[""],"origin":"+input"}
2019-4-11 20:35:20.493#change#{"from":{"line":8,"ch":6,"sticky":null},"to":{"line":8,"ch":6,"sticky":null},"text":["+"],"removed":[""],"origin":"+input"}
2019-4-11 20:35:20.757#change#{"from":{"line":8,"ch":7,"sticky":null},"to":{"line":8,"ch":7,"sticky":null},"text":["y"],"removed":[""],"origin":"+input"}
2019-4-11 20:35:21.924#keyHandled#"Left"
2019-4-11 20:35:22.076#keyHandled#"Left"
2019-4-11 20:35:22.236#keyHandled#"Left"
2019-4-11 20:35:22.542#keyHandled#"Right"
2019-4-11 20:35:22.693#change#{"from":{"line":8,"ch":6,"sticky":"before"},"to":{"line":8,"ch":6,"sticky":"before"},"text":[" "],"removed":[""],"origin":"+input"}
2019-4-11 20:35:22.845#keyHandled#"Right"
2019-4-11 20:35:22.996#keyHandled#"Right"
2019-4-11 20:35:23.221#change#{"from":{"line":8,"ch":9,"sticky":"before"},"to":{"line":8,"ch":9,"sticky":"before"},"text":[" "],"removed":[""],"origin":"+input"}
2019-4-11 20:35:23.532#keyHandled#"Left"
2019-4-11 20:35:23.684#keyHandled#"Left"
2019-4-11 20:35:23.798#change#{"from":{"line":8,"ch":8,"sticky":"after"},"to":{"line":8,"ch":8,"sticky":"after"},"text":[" "],"removed":[""],"origin":"+input"}
2019-4-11 20:35:23.948#keyHandled#"Right"
2019-4-11 20:35:24.155#keyHandled#"Left"
2019-4-11 20:35:24.397#keyHandled#"Right"
2019-4-11 20:35:24.592#keyHandled#"Right"
2019-4-11 20:35:25.654#change#{"from":{"line":8,"ch":11,"sticky":"before"},"to":{"line":8,"ch":11,"sticky":"before"},"text":["="],"removed":[""],"origin":"+input"}
2019-4-11 20:35:25.831#change#{"from":{"line":8,"ch":12,"sticky":null},"to":{"line":8,"ch":12,"sticky":null},"text":["="],"removed":[""],"origin":"+input"}
2019-4-11 20:35:26.490#change#{"from":{"line":8,"ch":13,"sticky":null},"to":{"line":8,"ch":13,"sticky":null},"text":[" "],"removed":[""],"origin":"+input"}
2019-4-11 20:35:26.657#change#{"from":{"line":8,"ch":14,"sticky":null},"to":{"line":8,"ch":14,"sticky":null},"text":["3"],"removed":[""],"origin":"+input"}
2019-4-11 20:35:26.815#change#{"from":{"line":8,"ch":15,"sticky":null},"to":{"line":8,"ch":15,"sticky":null},"text":[" "],"removed":[""],"origin":"+input"}
2019-4-11 20:35:27.277#keyHandled#"Right"
2019-4-11 20:35:27.662#keyHandled#"Left"
2019-4-11 20:35:27.852#change#{"from":{"line":8,"ch":15,"sticky":"after"},"to":{"line":8,"ch":16,"sticky":"after"},"text":[""],"removed":[" "],"origin":"+delete"}
2019-4-11 20:35:27.852#keyHandled#"Backspace"
2019-4-11 20:35:28.110#keyHandled#"Right"
2019-4-11 20:35:29.359#change#{"from":{"line":8,"ch":16,"sticky":"before"},"to":{"line":8,"ch":16,"sticky":"before"},"text":[":"],"removed":[""],"origin":"+input"}
2019-4-11 20:35:29.557#change#{"from":{"line":8,"ch":17,"sticky":null},"to":{"line":8,"ch":17,"sticky":null},"text":["",""],"removed":[""],"origin":"+input"}
2019-4-11 20:35:29.557#change#{"from":{"line":9,"ch":0,"sticky":null},"to":{"line":9,"ch":0,"sticky":null},"text":["\t"],"removed":[""],"origin":"+input"}
2019-4-11 20:35:29.557#keyHandled#"Enter"
2019-4-11 20:35:29.565#viewportChange#0
2019-4-11 20:35:30.568#change#{"from":{"line":9,"ch":1,"sticky":null},"to":{"line":9,"ch":1,"sticky":null},"text":["p"],"removed":[""],"origin":"+input"}
2019-4-11 20:35:30.676#change#{"from":{"line":9,"ch":2,"sticky":null},"to":{"line":9,"ch":2,"sticky":null},"text":["r"],"removed":[""],"origin":"+input"}
2019-4-11 20:35:31.285#change#{"from":{"line":9,"ch":3,"sticky":null},"to":{"line":9,"ch":3,"sticky":null},"text":["i"],"removed":[""],"origin":"+input"}
2019-4-11 20:35:31.461#change#{"from":{"line":9,"ch":4,"sticky":null},"to":{"line":9,"ch":4,"sticky":null},"text":["n"],"removed":[""],"origin":"+input"}
2019-4-11 20:35:31.568#change#{"from":{"line":9,"ch":5,"sticky":null},"to":{"line":9,"ch":5,"sticky":null},"text":["t"],"removed":[""],"origin":"+input"}
2019-4-11 20:35:31.847#change#{"from":{"line":9,"ch":6,"sticky":null},"to":{"line":9,"ch":6,"sticky":null},"text":["()"],"removed":[""],"origin":"+input"}
2019-4-11 20:35:31.847#keyHandled#"'('"
2019-4-11 20:35:32.917#change#{"from":{"line":9,"ch":7,"sticky":"after"},"to":{"line":9,"ch":7,"sticky":"after"},"text":["\"\""],"removed":[""],"origin":"+input"}
2019-4-11 20:35:32.917#keyHandled#"'\"'"
2019-4-11 20:35:33.594#change#{"from":{"line":9,"ch":8,"sticky":"after"},"to":{"line":9,"ch":8,"sticky":"after"},"text":["o"],"removed":[""],"origin":"+input"}
2019-4-11 20:35:33.847#change#{"from":{"line":9,"ch":9,"sticky":null},"to":{"line":9,"ch":9,"sticky":null},"text":[" "],"removed":[""],"origin":"+input"}
2019-4-11 20:35:34.116#change#{"from":{"line":9,"ch":9,"sticky":"after"},"to":{"line":9,"ch":10,"sticky":null},"text":[""],"removed":[" "],"origin":"+delete"}
2019-4-11 20:35:34.116#keyHandled#"Backspace"
2019-4-11 20:35:34.276#change#{"from":{"line":9,"ch":8,"sticky":"after"},"to":{"line":9,"ch":9,"sticky":null},"text":[""],"removed":["o"],"origin":"+delete"}
2019-4-11 20:35:34.276#keyHandled#"Backspace"
2019-4-11 20:35:34.805#change#{"from":{"line":9,"ch":8,"sticky":null},"to":{"line":9,"ch":8,"sticky":null},"text":["p"],"removed":[""],"origin":"+input"}
2019-4-11 20:35:34.952#change#{"from":{"line":9,"ch":9,"sticky":null},"to":{"line":9,"ch":9,"sticky":null},"text":["o"],"removed":[""],"origin":"+input"}
2019-4-11 20:35:35.165#change#{"from":{"line":9,"ch":10,"sticky":null},"to":{"line":9,"ch":10,"sticky":null},"text":["n"],"removed":[""],"origin":"+input"}
2019-4-11 20:35:35.285#change#{"from":{"line":9,"ch":11,"sticky":null},"to":{"line":9,"ch":11,"sticky":null},"text":["t"],"removed":[""],"origin":"+input"}
2019-4-11 20:35:35.365#change#{"from":{"line":9,"ch":12,"sticky":null},"to":{"line":9,"ch":12,"sticky":null},"text":["o"],"removed":[""],"origin":"+input"}
2019-4-11 20:35:35.460#change#{"from":{"line":9,"ch":13,"sticky":null},"to":{"line":9,"ch":13,"sticky":null},"text":[" "],"removed":[""],"origin":"+input"}
2019-4-11 20:35:35.679#change#{"from":{"line":9,"ch":14,"sticky":null},"to":{"line":9,"ch":14,"sticky":null},"text":["p"],"removed":[""],"origin":"+input"}
2019-4-11 20:35:35.782#change#{"from":{"line":9,"ch":15,"sticky":null},"to":{"line":9,"ch":15,"sticky":null},"text":["e"],"removed":[""],"origin":"+input"}
2019-4-11 20:35:35.868#change#{"from":{"line":9,"ch":16,"sticky":null},"to":{"line":9,"ch":16,"sticky":null},"text":["r"],"removed":[""],"origin":"+input"}
2019-4-11 20:35:36.032#change#{"from":{"line":9,"ch":17,"sticky":null},"to":{"line":9,"ch":17,"sticky":null},"text":["t"],"removed":[""],"origin":"+input"}
2019-4-11 20:35:36.138#change#{"from":{"line":9,"ch":18,"sticky":null},"to":{"line":9,"ch":18,"sticky":null},"text":["e"],"removed":[""],"origin":"+input"}
2019-4-11 20:35:36.335#change#{"from":{"line":9,"ch":19,"sticky":null},"to":{"line":9,"ch":19,"sticky":null},"text":["n"],"removed":[""],"origin":"+input"}
2019-4-11 20:35:36.444#change#{"from":{"line":9,"ch":20,"sticky":null},"to":{"line":9,"ch":20,"sticky":null},"text":["c"],"removed":[""],"origin":"+input"}
2019-4-11 20:35:36.516#change#{"from":{"line":9,"ch":21,"sticky":null},"to":{"line":9,"ch":21,"sticky":null},"text":["e"],"removed":[""],"origin":"+input"}
2019-4-11 20:35:36.669#change#{"from":{"line":9,"ch":22,"sticky":null},"to":{"line":9,"ch":22,"sticky":null},"text":[" "],"removed":[""],"origin":"+input"}
2019-4-11 20:35:36.701#change#{"from":{"line":9,"ch":23,"sticky":null},"to":{"line":9,"ch":23,"sticky":null},"text":["a"],"removed":[""],"origin":"+input"}
2019-4-11 20:35:36.884#change#{"from":{"line":9,"ch":24,"sticky":null},"to":{"line":9,"ch":24,"sticky":null},"text":[" "],"removed":[""],"origin":"+input"}
2019-4-11 20:35:37.093#change#{"from":{"line":9,"ch":25,"sticky":null},"to":{"line":9,"ch":25,"sticky":null},"text":["r"],"removed":[""],"origin":"+input"}
2019-4-11 20:35:37.156#change#{"from":{"line":9,"ch":26,"sticky":null},"to":{"line":9,"ch":26,"sticky":null},"text":["e"],"removed":[""],"origin":"+input"}
2019-4-11 20:35:37.263#change#{"from":{"line":9,"ch":27,"sticky":null},"to":{"line":9,"ch":27,"sticky":null},"text":["t"],"removed":[""],"origin":"+input"}
2019-4-11 20:35:37.391#change#{"from":{"line":9,"ch":28,"sticky":null},"to":{"line":9,"ch":28,"sticky":null},"text":["a"],"removed":[""],"origin":"+input"}
2019-4-11 20:35:37.733#change#{"from":{"line":9,"ch":29,"sticky":null},"to":{"line":9,"ch":29,"sticky":null},"text":["."],"removed":[""],"origin":"+input"}
2019-4-11 20:35:38.356#keyHandled#"Right"
2019-4-11 20:35:38.820#keyHandled#"Right"
2019-4-11 20:35:41.172#mousedown#{"isTrusted":true}
2019-4-11 20:35:42.180#keyHandled#"Left"
2019-4-11 20:35:42.462#copy#{"isTrusted":true}
2019-4-11 20:35:42.604#keyHandled#"Right"
2019-4-11 20:35:43.053#change#{"from":{"line":9,"ch":32,"sticky":"before"},"to":{"line":9,"ch":32,"sticky":"before"},"text":["",""],"removed":[""],"origin":"+input"}
2019-4-11 20:35:43.053#change#{"from":{"line":10,"ch":0,"sticky":null},"to":{"line":10,"ch":0,"sticky":null},"text":["\t"],"removed":[""],"origin":"+input"}
2019-4-11 20:35:43.053#keyHandled#"Enter"
2019-4-11 20:35:43.058#viewportChange#0
2019-4-11 20:35:43.388#change#{"from":{"line":10,"ch":0,"sticky":"after"},"to":{"line":10,"ch":1,"sticky":null},"text":[""],"removed":["\t"],"origin":"+delete"}
2019-4-11 20:35:43.388#keyHandled#"Backspace"
2019-4-11 20:35:44.349#change#{"from":{"line":10,"ch":0,"sticky":null},"to":{"line":10,"ch":0,"sticky":null},"text":["e"],"removed":[""],"origin":"+input"}
2019-4-11 20:35:44.461#change#{"from":{"line":10,"ch":1,"sticky":null},"to":{"line":10,"ch":1,"sticky":null},"text":["l"],"removed":[""],"origin":"+input"}
2019-4-11 20:35:44.557#change#{"from":{"line":10,"ch":2,"sticky":null},"to":{"line":10,"ch":2,"sticky":null},"text":["s"],"removed":[""],"origin":"+input"}
2019-4-11 20:35:44.645#change#{"from":{"line":10,"ch":3,"sticky":null},"to":{"line":10,"ch":3,"sticky":null},"text":["e"],"removed":[""],"origin":"+input"}
2019-4-11 20:35:45.857#change#{"from":{"line":10,"ch":4,"sticky":null},"to":{"line":10,"ch":4,"sticky":null},"text":[":"],"removed":[""],"origin":"+input"}
2019-4-11 20:35:46.036#change#{"from":{"line":10,"ch":5,"sticky":null},"to":{"line":10,"ch":5,"sticky":null},"text":["",""],"removed":[""],"origin":"+input"}
2019-4-11 20:35:46.036#change#{"from":{"line":11,"ch":0,"sticky":null},"to":{"line":11,"ch":0,"sticky":null},"text":["\t"],"removed":[""],"origin":"+input"}
2019-4-11 20:35:46.036#keyHandled#"Enter"
2019-4-11 20:35:46.042#viewportChange#0
2019-4-11 20:35:47.942#change#{"from":{"line":11,"ch":1,"sticky":null},"to":{"line":11,"ch":1,"sticky":null},"text":["print(\"ponto pertence a reta.\")"],"removed":[""],"origin":"paste"}
2019-4-11 20:35:50.136#change#{"from":{"line":11,"ch":32,"sticky":null},"to":{"line":11,"ch":32,"sticky":null},"text":["n"],"removed":[""],"origin":"+input"}
2019-4-11 20:35:50.282#change#{"from":{"line":11,"ch":33,"sticky":null},"to":{"line":11,"ch":33,"sticky":null},"text":["a"],"removed":[""],"origin":"+input"}
2019-4-11 20:35:51.030#change#{"from":{"line":11,"ch":32,"sticky":null},"to":{"line":11,"ch":34,"sticky":null},"text":[""],"removed":["na"],"origin":"undo"}
2019-4-11 20:35:51.030#keyHandled#"Ctrl-Z"
2019-4-11 20:35:51.812#mousedown#{"isTrusted":true}
2019-4-11 20:35:52.546#change#{"from":{"line":11,"ch":14,"sticky":"before","xRel":-0.796875},"to":{"line":11,"ch":14,"sticky":"before","xRel":-0.796875},"text":["n"],"removed":[""],"origin":"+input"}
2019-4-11 20:35:52.614#change#{"from":{"line":11,"ch":15,"sticky":null},"to":{"line":11,"ch":15,"sticky":null},"text":["a"],"removed":[""],"origin":"+input"}
2019-4-11 20:35:52.683#change#{"from":{"line":11,"ch":16,"sticky":null},"to":{"line":11,"ch":16,"sticky":null},"text":["o"],"removed":[""],"origin":"+input"}
2019-4-11 20:35:52.894#change#{"from":{"line":11,"ch":17,"sticky":null},"to":{"line":11,"ch":17,"sticky":null},"text":[" "],"removed":[""],"origin":"+input"}
2019-4-11 20:36:07.245#blur#
2019-4-11 20:36:07.416#dica_bullet#SyntaxError: invalid syntax
2019-4-11 20:36:08.082#saida_testar#$ python3 main.py
File "main.py", line 9
if (2x + y == 3):
SyntaxError: invalid syntax
2019-4-11 20:36:11.304#mousedown#{"isTrusted":true}
2019-4-11 20:36:11.384#focus#
2019-4-11 20:36:11.549#change#{"from":{"line":8,"ch":11,"sticky":"after"},"to":{"line":8,"ch":12,"sticky":"after","xRel":3.203125},"text":[""],"removed":["="],"origin":"+delete"}
2019-4-11 20:36:11.549#keyHandled#"Backspace"
2019-4-11 20:36:11.304#mousedown#{"isTrusted":true}
2019-4-11 20:36:11.384#focus#
2019-4-11 20:36:11.549#change#{"from":{"line":8,"ch":11,"sticky":"after"},"to":{"line":8,"ch":12,"sticky":"after","xRel":3.203125},"text":[""],"removed":["="],"origin":"+delete"}
2019-4-11 20:36:11.549#keyHandled#"Backspace"
2019-4-11 20:36:12.514#blur#
2019-4-11 20:36:12.631#dica_bullet#SyntaxError: invalid syntax
2019-4-11 20:36:14.360#saida_testar#$ python3 main.py
File "main.py", line 9
if (2x + y = 3):
SyntaxError: invalid syntax
2019-4-11 20:36:17.967#mousedown#{"isTrusted":true}
2019-4-11 20:36:18.039#focus#
2019-4-11 20:36:20.564#change#{"from":{"line":8,"ch":3,"sticky":"before","xRel":-3.796875},"to":{"line":8,"ch":14,"sticky":"after","xRel":2.203125},"text":[""],"removed":["(2x + y = 3"],"origin":"+delete"}
2019-4-11 20:36:20.564#keyHandled#"Backspace"
2019-4-11 20:36:21.020#change#{"from":{"line":8,"ch":3,"sticky":null},"to":{"line":8,"ch":4,"sticky":"before"},"text":[""],"removed":[")"],"origin":"+delete"}
2019-4-11 20:36:21.020#keyHandled#"Delete"
2019-4-11 20:36:25.907#change#{"from":{"line":8,"ch":3,"sticky":null},"to":{"line":8,"ch":3,"sticky":null},"text":[")"],"removed":[""],"origin":"undo"}
2019-4-11 20:36:25.907#change#{"from":{"line":8,"ch":3,"sticky":null},"to":{"line":8,"ch":3,"sticky":null},"text":["(2x + y = 3"],"removed":[""],"origin":"undo"}
2019-4-11 20:36:25.907#keyHandled#"Ctrl-Z"
2019-4-11 20:36:26.757#mousedown#{"isTrusted":true}
2019-4-11 20:36:27.763#change#{"from":{"line":8,"ch":5,"sticky":"after"},"to":{"line":8,"ch":6,"sticky":"before","xRel":-2.953125},"text":[""],"removed":["x"],"origin":"+delete"}
2019-4-11 20:36:27.764#keyHandled#"Backspace"
2019-4-11 20:36:27.946#change#{"from":{"line":8,"ch":5,"sticky":null},"to":{"line":8,"ch":5,"sticky":null},"text":["X"],"removed":[""],"origin":"+input"}
2019-4-11 20:36:28.164#keyHandled#"Right"
2019-4-11 20:36:28.347#keyHandled#"Right"
2019-4-11 20:36:28.476#keyHandled#"Right"
2019-4-11 20:36:29.020#change#{"from":{"line":8,"ch":9,"sticky":"before"},"to":{"line":8,"ch":10,"sticky":"before"},"text":[""],"removed":["y"],"origin":"+delete"}
2019-4-11 20:36:29.020#keyHandled#"Delete"
2019-4-11 20:36:29.230#change#{"from":{"line":8,"ch":9,"sticky":null},"to":{"line":8,"ch":9,"sticky":null},"text":["Y"],"removed":[""],"origin":"+input"}
2019-4-11 20:36:29.020#change#{"from":{"line":8,"ch":9,"sticky":"before"},"to":{"line":8,"ch":10,"sticky":"before"},"text":[""],"removed":["y"],"origin":"+delete"}
2019-4-11 20:36:29.020#keyHandled#"Delete"
2019-4-11 20:36:29.230#change#{"from":{"line":8,"ch":9,"sticky":null},"to":{"line":8,"ch":9,"sticky":null},"text":["Y"],"removed":[""],"origin":"+input"}
2019-4-11 20:36:30.570#blur#
2019-4-11 20:36:30.691#dica_bullet#SyntaxError: invalid syntax
2019-4-11 20:36:30.570#blur#
2019-4-11 20:36:30.691#dica_bullet#SyntaxError: invalid syntax
2019-4-11 20:36:31.800#dica_bullet#SyntaxError: invalid syntax
2019-4-11 20:36:32.093#saida_testar#$ python3 main.py
File "main.py", line 9
if (2X + Y = 3):
SyntaxError: invalid syntax
2019-4-11 20:36:32.404#mousedown#{"isTrusted":true}
2019-4-11 20:36:32.461#focus#
2019-4-11 20:36:33.367#change#{"from":{"line":8,"ch":12,"sticky":"before","xRel":-1.078125},"to":{"line":8,"ch":12,"sticky":"before","xRel":-1.078125},"text":["="],"removed":[""],"origin":"+input"}
2019-4-11 20:36:33.367#change#{"from":{"line":8,"ch":12,"sticky":"before","xRel":-1.078125},"to":{"line":8,"ch":12,"sticky":"before","xRel":-1.078125},"text":["="],"removed":[""],"origin":"+input"}
2019-4-11 20:36:33.721#blur#
2019-4-11 20:36:33.814#dica_bullet#SyntaxError: invalid syntax
2019-4-11 20:36:34.111#saida_testar#$ python3 main.py
File "main.py", line 9
if (2X + Y == 3):
SyntaxError: invalid syntax
2019-4-11 20:36:42.003#mousedown#{"isTrusted":true}
2019-4-11 20:36:42.056#focus#
2019-4-11 20:36:42.997#change#{"from":{"line":8,"ch":5,"sticky":"after","xRel":1.734375},"to":{"line":8,"ch":5,"sticky":"after","xRel":1.734375},"text":["*"],"removed":[""],"origin":"+input"}
2019-4-11 20:36:42.003#mousedown#{"isTrusted":true}
2019-4-11 20:36:42.056#focus#
2019-4-11 20:36:42.997#change#{"from":{"line":8,"ch":5,"sticky":"after","xRel":1.734375},"to":{"line":8,"ch":5,"sticky":"after","xRel":1.734375},"text":["*"],"removed":[""],"origin":"+input"}
2019-4-11 20:36:43.928#blur#
2019-4-11 20:36:44.265#saida_testar#$ python3 main.py
2019-4-11 20:36:44.265#saida_testar#$ python3 main.py
2019-4-11 20:36:48.059#submit#Your code did not produce the correct output. Please, correct your code and try again.
2019-4-11 20:36:56.292#mousedown#{"isTrusted":true}
2019-4-11 20:36:56.362#focus#
2019-4-11 20:36:56.772#change#{"from":{"line":8,"ch":12,"sticky":"after"},"to":{"line":8,"ch":13,"sticky":"before","xRel":-0.796875},"text":[""],"removed":["="],"origin":"+delete"}
2019-4-11 20:36:56.772#keyHandled#"Backspace"
2019-4-11 20:36:56.292#mousedown#{"isTrusted":true}
2019-4-11 20:36:56.362#focus#
2019-4-11 20:36:56.772#change#{"from":{"line":8,"ch":12,"sticky":"after"},"to":{"line":8,"ch":13,"sticky":"before","xRel":-0.796875},"text":[""],"removed":["="],"origin":"+delete"}
2019-4-11 20:36:56.772#keyHandled#"Backspace"
2019-4-11 20:36:57.595#blur#
2019-4-11 20:36:57.693#dica_bullet#SyntaxError: invalid syntax
2019-4-11 20:36:58.441#saida_testar#$ python3 main.py
File "main.py", line 9
if (2*X + Y = 3):
SyntaxError: invalid syntax
2019-4-11 20:36:59.524#mousedown#{"isTrusted":true}
2019-4-11 20:36:59.579#focus#
2019-4-11 20:37:00.614#change#{"from":{"line":8,"ch":13,"sticky":"after","xRel":2.234375},"to":{"line":8,"ch":13,"sticky":"after","xRel":2.234375},"text":["="],"removed":[""],"origin":"+input"}
2019-4-11 20:37:00.614#change#{"from":{"line":8,"ch":13,"sticky":"after","xRel":2.234375},"to":{"line":8,"ch":13,"sticky":"after","xRel":2.234375},"text":["="],"removed":[""],"origin":"+input"}
2019-4-11 20:37:01.251#blur#
2019-4-11 20:37:02.117#saida_testar#$ python3 main.py
2019-4-11 20:37:05.444#mousedown#{"isTrusted":true}
2019-4-11 20:37:05.499#focus#
2019-4-11 20:37:06.948#change#{"from":{"line":8,"ch":3,"sticky":"after","xRel":3.203125},"to":{"line":8,"ch":17,"sticky":"before","xRel":-1.796875},"text":[""],"removed":["(2*X + Y == 3)"],"origin":"+delete"}
2019-4-11 20:37:06.948#keyHandled#"Backspace"
2019-4-11 20:37:07.225#mousedown#{"isTrusted":true}
2019-4-11 20:37:08.574#change#{"from":{"line":7,"ch":0,"sticky":"after","xRel":75.203125},"to":{"line":7,"ch":0,"sticky":"after","xRel":75.203125},"text":[" "],"removed":[""],"origin":"+input"}
2019-4-11 20:37:09.236#change#{"from":{"line":7,"ch":0,"sticky":"after"},"to":{"line":7,"ch":1,"sticky":null},"text":[""],"removed":[" "],"origin":"+delete"}
2019-4-11 20:37:09.236#keyHandled#"Backspace"
2019-4-11 20:37:10.461#change#{"from":{"line":7,"ch":0,"sticky":null},"to":{"line":7,"ch":0,"sticky":null},"text":["x"],"removed":[""],"origin":"+input"}
2019-4-11 20:37:10.717#change#{"from":{"line":7,"ch":1,"sticky":null},"to":{"line":7,"ch":1,"sticky":null},"text":[" "],"removed":[""],"origin":"+input"}
2019-4-11 20:37:11.332#change#{"from":{"line":7,"ch":2,"sticky":null},"to":{"line":7,"ch":2,"sticky":null},"text":["="],"removed":[""],"origin":"+input"}
2019-4-11 20:37:11.453#change#{"from":{"line":7,"ch":3,"sticky":null},"to":{"line":7,"ch":3,"sticky":null},"text":[" "],"removed":[""],"origin":"+input"}
2019-4-11 20:37:13.446#keyHandled#"Up"
2019-4-11 20:37:13.636#keyHandled#"Up"
2019-4-11 20:37:13.748#keyHandled#"Left"
2019-4-11 20:37:13.924#keyHandled#"Up"
2019-4-11 20:37:15.429#mousedown#{"isTrusted":true}
2019-4-11 20:37:15.814#change#{"from":{"line":3,"ch":0,"sticky":"after"},"to":{"line":3,"ch":1,"sticky":"after","xRel":0.515625},"text":[""],"removed":["X"],"origin":"+delete"}
2019-4-11 20:37:15.814#keyHandled#"Backspace"
2019-4-11 20:37:16.357#change#{"from":{"line":3,"ch":0,"sticky":null},"to":{"line":3,"ch":0,"sticky":null},"text":["x"],"removed":[""],"origin":"+input"}
2019-4-11 20:37:16.491#keyHandled#"Down"
2019-4-11 20:37:17.084#change#{"from":{"line":4,"ch":0,"sticky":"after"},"to":{"line":4,"ch":1,"sticky":"after","xRel":0},"text":[""],"removed":["Y"],"origin":"+delete"}
2019-4-11 20:37:17.084#keyHandled#"Backspace"
2019-4-11 20:37:17.459#change#{"from":{"line":4,"ch":0,"sticky":null},"to":{"line":4,"ch":0,"sticky":null},"text":["y"],"removed":[""],"origin":"+input"}
2019-4-11 20:37:17.727#keyHandled#"Down"
2019-4-11 20:37:17.892#keyHandled#"Down"
2019-4-11 20:37:19.053#keyHandled#"Down"
2019-4-11 20:37:20.062#change#{"from":{"line":4,"ch":0,"sticky":null},"to":{"line":4,"ch":1,"sticky":null},"text":[""],"removed":["y"],"origin":"undo"}
2019-4-11 20:37:20.062#keyHandled#"Ctrl-Z"
2019-4-11 20:37:21.233#change#{"from":{"line":4,"ch":0,"sticky":null},"to":{"line":4,"ch":0,"sticky":null},"text":["y"],"removed":[""],"origin":"+input"}
2019-4-11 20:37:21.588#keyHandled#"Down"
2019-4-11 20:37:21.748#keyHandled#"Down"
2019-4-11 20:37:22.531#keyHandled#"Right"
2019-4-11 20:37:22.725#keyHandled#"Right"
2019-4-11 20:37:22.956#keyHandled#"Right"
2019-4-11 20:37:23.020#keyHandled#"Down"
2019-4-11 20:37:23.460#change#{"from":{"line":8,"ch":4,"sticky":"before","xRel":-0.03125},"to":{"line":8,"ch":4,"sticky":"before","xRel":-0.03125},"text":[" "],"removed":[""],"origin":"+input"}
2019-4-11 20:37:24.029#change#{"from":{"line":8,"ch":5,"sticky":null},"to":{"line":8,"ch":5,"sticky":null},"text":["x"],"removed":[""],"origin":"+input"}
2019-4-11 20:37:24.716#change#{"from":{"line":8,"ch":5,"sticky":"after"},"to":{"line":8,"ch":6,"sticky":null},"text":[""],"removed":["x"],"origin":"+delete"}
2019-4-11 20:37:24.716#keyHandled#"Backspace"
2019-4-11 20:37:25.104#change#{"from":{"line":8,"ch":5,"sticky":null},"to":{"line":8,"ch":5,"sticky":null},"text":["2"],"removed":[""],"origin":"+input"}
2019-4-11 20:37:25.326#change#{"from":{"line":8,"ch":6,"sticky":null},"to":{"line":8,"ch":6,"sticky":null},"text":["*"],"removed":[""],"origin":"+input"}
2019-4-11 20:37:25.574#change#{"from":{"line":8,"ch":7,"sticky":null},"to":{"line":8,"ch":7,"sticky":null},"text":["x"],"removed":[""],"origin":"+input"}
2019-4-11 20:37:27.030#change#{"from":{"line":8,"ch":8,"sticky":null},"to":{"line":8,"ch":8,"sticky":null},"text":[" "],"removed":[""],"origin":"+input"}
2019-4-11 20:37:27.223#change#{"from":{"line":8,"ch":9,"sticky":null},"to":{"line":8,"ch":9,"sticky":null},"text":["+"],"removed":[""],"origin":"+input"}
2019-4-11 20:37:27.386#change#{"from":{"line":8,"ch":10,"sticky":null},"to":{"line":8,"ch":10,"sticky":null},"text":[" "],"removed":[""],"origin":"+input"}
2019-4-11 20:37:28.164#change#{"from":{"line":8,"ch":11,"sticky":null},"to":{"line":8,"ch":11,"sticky":null},"text":["y"],"removed":[""],"origin":"+input"}
2019-4-11 20:37:28.373#change#{"from":{"line":8,"ch":12,"sticky":null},"to":{"line":8,"ch":12,"sticky":null},"text":[" "],"removed":[""],"origin":"+input"}
2019-4-11 20:37:28.839#change#{"from":{"line":8,"ch":13,"sticky":null},"to":{"line":8,"ch":13,"sticky":null},"text":["/"],"removed":[""],"origin":"+input"}
2019-4-11 20:37:29.772#change#{"from":{"line":8,"ch":13,"sticky":"after"},"to":{"line":8,"ch":14,"sticky":null},"text":[""],"removed":["/"],"origin":"+delete"}
2019-4-11 20:37:29.773#keyHandled#"Backspace"
2019-4-11 20:37:30.701#change#{"from":{"line":8,"ch":13,"sticky":null},"to":{"line":8,"ch":13,"sticky":null},"text":["="],"removed":[""],"origin":"+input"}
2019-4-11 20:37:31.141#change#{"from":{"line":8,"ch":14,"sticky":null},"to":{"line":8,"ch":14,"sticky":null},"text":[" "],"removed":[""],"origin":"+input"}
2019-4-11 20:37:31.595#change#{"from":{"line":8,"ch":15,"sticky":null},"to":{"line":8,"ch":15,"sticky":null},"text":["3"],"removed":[""],"origin":"+input"}
2019-4-11 20:37:32.769#change#{"from":{"line":8,"ch":16,"sticky":null},"to":{"line":8,"ch":16,"sticky":null},"text":[":"],"removed":[""],"origin":"+input"}
2019-4-11 20:37:32.769#change#{"from":{"line":8,"ch":16,"sticky":null},"to":{"line":8,"ch":16,"sticky":null},"text":[":"],"removed":[""],"origin":"+input"}
2019-4-11 20:37:33.451#blur#
2019-4-11 20:37:33.621#dica_bullet#SyntaxError: invalid syntax
2019-4-11 20:37:34.296#saida_testar#$ python3 main.py
File "main.py", line 8
x =
SyntaxError: invalid syntax
2019-4-11 20:37:35.323#mousedown#{"isTrusted":true}
2019-4-11 20:37:35.382#focus#
2019-4-11 20:37:39.453#mousedown#{"isTrusted":true}
2019-4-11 20:37:40.616#change#{"from":{"line":8,"ch":12,"sticky":"before","xRel":-0.078125},"to":{"line":8,"ch":12,"sticky":"before","xRel":-0.078125},"text":[")"],"removed":[""],"origin":"+input"}
2019-4-11 20:37:42.324#mousedown#{"isTrusted":true}
2019-4-11 20:37:43.093#change#{"from":{"line":8,"ch":5,"sticky":"before","xRel":0.203125},"to":{"line":8,"ch":6,"sticky":"before","xRel":-1.953125},"text":["(2)"],"removed":["2"]}
2019-4-11 20:37:43.093#keyHandled#"'('"
2019-4-11 20:37:44.932#mousedown#{"isTrusted":true}
2019-4-11 20:37:45.435#change#{"from":{"line":8,"ch":7,"sticky":"after"},"to":{"line":8,"ch":8,"sticky":"before","xRel":-2.34375},"text":[""],"removed":[")"],"origin":"+delete"}
2019-4-11 20:37:45.435#keyHandled#"Backspace"
2019-4-11 20:37:46.252#mousedown#{"isTrusted":true}
2019-4-11 20:37:47.196#change#{"from":{"line":8,"ch":15,"sticky":"before","xRel":0.203125},"to":{"line":8,"ch":15,"sticky":"before","xRel":0.203125},"text":["="],"removed":[""],"origin":"+input"}
2019-4-11 20:37:47.196#change#{"from":{"line":8,"ch":15,"sticky":"before","xRel":0.203125},"to":{"line":8,"ch":15,"sticky":"before","xRel":0.203125},"text":["="],"removed":[""],"origin":"+input"}
2019-4-11 20:37:48.080#blur#
2019-4-11 20:37:48.191#dica_bullet#SyntaxError: invalid syntax
2019-4-11 20:37:48.412#saida_testar#$ python3 main.py
File "main.py", line 8
x =
SyntaxError: invalid syntax
2019-4-11 20:37:48.080#blur#
2019-4-11 20:37:48.191#dica_bullet#SyntaxError: invalid syntax
2019-4-11 20:37:48.412#saida_testar#$ python3 main.py
File "main.py", line 8
x =
SyntaxError: invalid syntax
2019-4-11 20:37:49.195#dica_bullet#SyntaxError: invalid syntax
2019-4-11 20:37:50.443#saida_testar#$ python3 main.py
File "main.py", line 8
x =
SyntaxError: invalid syntax
2019-4-11 20:37:50.453#mousedown#{"isTrusted":true}
2019-4-11 20:37:50.509#focus#
2019-4-11 20:37:50.931#change#{"from":{"line":7,"ch":0,"sticky":"after","xRel":-0.796875},"to":{"line":7,"ch":3,"sticky":"after","xRel":1.140625},"text":[""],"removed":["x ="],"origin":"+delete"}
2019-4-11 20:37:50.931#keyHandled#"Backspace"
2019-4-11 20:37:50.443#saida_testar#$ python3 main.py
File "main.py", line 8
x =
SyntaxError: invalid syntax
2019-4-11 20:37:50.453#mousedown#{"isTrusted":true}
2019-4-11 20:37:50.509#focus#
2019-4-11 20:37:50.931#change#{"from":{"line":7,"ch":0,"sticky":"after","xRel":-0.796875},"to":{"line":7,"ch":3,"sticky":"after","xRel":1.140625},"text":[""],"removed":["x ="],"origin":"+delete"}
2019-4-11 20:37:50.931#keyHandled#"Backspace"
2019-4-11 20:37:52.105#blur#
2019-4-11 20:37:52.210#dica_bullet#SyntaxError: invalid syntax
2019-4-11 20:37:54.479#saida_testar#$ python3 main.py
File "main.py", line 9
if : (2*x + y) == 3:
SyntaxError: invalid syntax
2019-4-11 20:37:54.711#mousedown#{"isTrusted":true}
2019-4-11 20:37:54.778#focus#
2019-4-11 20:37:55.156#change#{"from":{"line":8,"ch":3,"sticky":"after"},"to":{"line":8,"ch":4,"sticky":"before","xRel":-0.796875},"text":[""],"removed":[":"],"origin":"+delete"}
2019-4-11 20:37:55.156#keyHandled#"Backspace"
2019-4-11 20:37:55.772#change#{"from":{"line":8,"ch":2,"sticky":"after"},"to":{"line":8,"ch":3,"sticky":null},"text":[""],"removed":[" "],"origin":"+delete"}
2019-4-11 20:37:55.772#keyHandled#"Backspace"
2019-4-11 20:37:55.156#change#{"from":{"line":8,"ch":3,"sticky":"after"},"to":{"line":8,"ch":4,"sticky":"before","xRel":-0.796875},"text":[""],"removed":[":"],"origin":"+delete"}
2019-4-11 20:37:55.156#keyHandled#"Backspace"
2019-4-11 20:37:55.772#change#{"from":{"line":8,"ch":2,"sticky":"after"},"to":{"line":8,"ch":3,"sticky":null},"text":[""],"removed":[" "],"origin":"+delete"}
2019-4-11 20:37:55.772#keyHandled#"Backspace"
2019-4-11 20:37:56.642#blur#
2019-4-11 20:37:58.018#saida_testar#$ python3 main.py
digite a coordenada: 1
2019-4-11 20:37:58.201#dica_bullet#NameError: name 'NOME_DA_VARIAVEL' is not defined
2019-4-11 20:38:00.716#mousedown#{"isTrusted":true}
2019-4-11 20:38:00.794#focus#
2019-4-11 20:38:01.275#change#{"from":{"line":6,"ch":5,"sticky":"after"},"to":{"line":6,"ch":6,"sticky":"after","xRel":0.0625},"text":[""],"removed":["X"],"origin":"+delete"}
2019-4-11 20:38:01.275#keyHandled#"Backspace"
2019-4-11 20:38:01.611#keyHandled#"Right"
2019-4-11 20:38:02.197#change#{"from":{"line":6,"ch":7,"sticky":"before"},"to":{"line":6,"ch":8,"sticky":"before"},"text":[""],"removed":["Y"],"origin":"+delete"}
2019-4-11 20:38:02.197#keyHandled#"Delete"
2019-4-11 20:38:02.510#change#{"from":{"line":6,"ch":7,"sticky":null},"to":{"line":6,"ch":7,"sticky":null},"text":["y"],"removed":[""],"origin":"+input"}
2019-4-11 20:38:02.197#change#{"from":{"line":6,"ch":7,"sticky":"before"},"to":{"line":6,"ch":8,"sticky":"before"},"text":[""],"removed":["Y"],"origin":"+delete"}
2019-4-11 20:38:02.197#keyHandled#"Delete"
2019-4-11 20:38:02.510#change#{"from":{"line":6,"ch":7,"sticky":null},"to":{"line":6,"ch":7,"sticky":null},"text":["y"],"removed":[""],"origin":"+input"}
2019-4-11 20:38:03.282#blur#
2019-4-11 20:38:04.126#saida_testar#$ python3 main.py
digite a coordenada: 1
2019-4-11 20:38:04.126#saida_testar#$ python3 main.py
digite a coordenada: 1
2019-4-11 20:38:05.349#submit#Your code did not produce the correct output. Please, correct your code and try again.
2019-4-11 20:38:05.948#mousedown#{"isTrusted":true}
2019-4-11 20:38:06.006#focus#
2019-4-11 20:38:06.006#focus#
2019-4-11 20:38:06.393#blur#
2019-4-11 20:38:07.334#mousedown#{"isTrusted":true}
2019-4-11 20:38:07.390#focus#
2019-4-11 20:38:08.269#saida_testar#$ python3 main.py
2019-4-11 20:38:10.380#mousedown#{"isTrusted":true}
2019-4-11 20:38:10.782#change#{"from":{"line":8,"ch":13,"sticky":"after"},"to":{"line":8,"ch":14,"sticky":"before","xRel":-0.796875},"text":[""],"removed":["="],"origin":"+delete"}
2019-4-11 20:38:10.782#keyHandled#"Backspace"
2019-4-11 20:38:10.380#mousedown#{"isTrusted":true}
2019-4-11 20:38:10.782#change#{"from":{"line":8,"ch":13,"sticky":"after"},"to":{"line":8,"ch":14,"sticky":"before","xRel":-0.796875},"text":[""],"removed":["="],"origin":"+delete"}
2019-4-11 20:38:10.782#keyHandled#"Backspace"
2019-4-11 20:38:11.654#submit#Your code did not produce the correct output. Please, correct your code and try again.
2019-4-11 20:38:11.654#submit#Your code did not produce the correct output. Please, correct your code and try again.
2019-4-11 20:38:12.327#blur#
2019-4-11 20:38:12.424#dica_bullet#SyntaxError: invalid syntax
2019-4-11 20:38:13.663#mousedown#{"isTrusted":true}
2019-4-11 20:38:13.715#focus#
2019-4-11 20:38:14.133#mousedown#{"isTrusted":true}
2019-4-11 20:38:14.165#saida_testar#$ python3 main.py
File "main.py", line 9
if (2*x + y) = 3:
SyntaxError: invalid syntax
2019-4-11 20:38:17.197#change#{"from":{"line":8,"ch":14,"sticky":"before","xRel":-0.46875},"to":{"line":8,"ch":14,"sticky":"before","xRel":-0.46875},"text":["´"],"removed":[""],"origin":"+input"}
2019-4-11 20:38:17.565#change#{"from":{"line":8,"ch":14,"sticky":"after"},"to":{"line":8,"ch":15,"sticky":null},"text":[""],"removed":["´"],"origin":"+delete"}
2019-4-11 20:38:17.565#keyHandled#"Backspace"
2019-4-11 20:38:17.741#change#{"from":{"line":8,"ch":14,"sticky":null},"to":{"line":8,"ch":14,"sticky":null},"text":["="],"removed":[""],"origin":"+input"}
2019-4-11 20:38:18.108#keyHandled#"Right"
2019-4-11 20:38:18.316#keyHandled#"Right"
2019-4-11 20:38:18.484#keyHandled#"Right"
2019-4-11 20:38:18.879#change#{"from":{"line":8,"ch":18,"sticky":"before"},"to":{"line":8,"ch":18,"sticky":"before"},"text":["t"],"removed":[""],"origin":"+input"}
2019-4-11 20:38:19.164#change#{"from":{"line":8,"ch":18,"sticky":"after"},"to":{"line":8,"ch":19,"sticky":null},"text":[""],"removed":["t"],"origin":"+delete"}
2019-4-11 20:38:19.164#keyHandled#"Backspace"
2019-4-11 20:38:19.872#change#{"from":{"line":8,"ch":18,"sticky":null},"to":{"line":8,"ch":18,"sticky":null},"text":["T"],"removed":[""],"origin":"+input"}
2019-4-11 20:38:20.126#change#{"from":{"line":8,"ch":19,"sticky":null},"to":{"line":8,"ch":19,"sticky":null},"text":["r"],"removed":[""],"origin":"+input"}
2019-4-11 20:38:20.134#change#{"from":{"line":8,"ch":20,"sticky":null},"to":{"line":8,"ch":20,"sticky":null},"text":["e"],"removed":[""],"origin":"+input"}
2019-4-11 20:38:20.238#change#{"from":{"line":8,"ch":21,"sticky":null},"to":{"line":8,"ch":21,"sticky":null},"text":["u"],"removed":[""],"origin":"+input"}
2019-4-11 20:38:20.589#change#{"from":{"line":8,"ch":21,"sticky":"after"},"to":{"line":8,"ch":22,"sticky":null},"text":[""],"removed":["u"],"origin":"+delete"}
2019-4-11 20:38:20.589#keyHandled#"Backspace"
2019-4-11 20:38:20.748#change#{"from":{"line":8,"ch":20,"sticky":"after"},"to":{"line":8,"ch":21,"sticky":null},"text":[""],"removed":["e"],"origin":"+delete"}
2019-4-11 20:38:20.748#keyHandled#"Backspace"
2019-4-11 20:38:21.132#change#{"from":{"line":8,"ch":19,"sticky":"after"},"to":{"line":8,"ch":20,"sticky":null},"text":[""],"removed":["r"],"origin":"+delete"}
2019-4-11 20:38:21.132#keyHandled#"Backspace"
2019-4-11 20:38:21.343#change#{"from":{"line":8,"ch":19,"sticky":null},"to":{"line":8,"ch":19,"sticky":null},"text":["u"],"removed":[""],"origin":"+input"}
2019-4-11 20:38:21.642#change#{"from":{"line":8,"ch":21,"sticky":null},"to":{"line":8,"ch":21,"sticky":null},"text":["e"],"removed":[""],"origin":"+input"}
2019-4-11 20:38:22.206#change#{"from":{"line":8,"ch":21,"sticky":"after"},"to":{"line":8,"ch":22,"sticky":null},"text":[""],"removed":["e"],"origin":"+delete"}
2019-4-11 20:38:22.206#keyHandled#"Backspace"
2019-4-11 20:38:22.349#change#{"from":{"line":8,"ch":20,"sticky":"after"},"to":{"line":8,"ch":21,"sticky":null},"text":[""],"removed":["r"],"origin":"+delete"}
2019-4-11 20:38:22.349#keyHandled#"Backspace"
2019-4-11 20:38:22.476#change#{"from":{"line":8,"ch":19,"sticky":"after"},"to":{"line":8,"ch":20,"sticky":null},"text":[""],"removed":["u"],"origin":"+delete"}
2019-4-11 20:38:22.476#keyHandled#"Backspace"
2019-4-11 20:38:22.616#change#{"from":{"line":8,"ch":19,"sticky":null},"to":{"line":8,"ch":19,"sticky":null},"text":["r"],"removed":[""],"origin":"+input"}
2019-4-11 20:38:22.772#change#{"from":{"line":8,"ch":20,"sticky":null},"to":{"line":8,"ch":20,"sticky":null},"text":["u"],"removed":[""],"origin":"+input"}
2019-4-11 20:38:23.085#change#{"from":{"line":8,"ch":21,"sticky":null},"to":{"line":8,"ch":21,"sticky":null},"text":["e"],"removed":[""],"origin":"+input"}
2019-4-11 20:38:23.900#change#{"from":{"line":8,"ch":21,"sticky":"after"},"to":{"line":8,"ch":22,"sticky":null},"text":[""],"removed":["e"],"origin":"+delete"}
2019-4-11 20:38:23.900#keyHandled#"Backspace"
2019-4-11 20:38:24.062#change#{"from":{"line":8,"ch":20,"sticky":"after"},"to":{"line":8,"ch":21,"sticky":null},"text":[""],"removed":["u"],"origin":"+delete"}
2019-4-11 20:38:24.062#keyHandled#"Backspace"
2019-4-11 20:38:24.204#change#{"from":{"line":8,"ch":19,"sticky":"after"},"to":{"line":8,"ch":20,"sticky":null},"text":[""],"removed":["r"],"origin":"+delete"}
2019-4-11 20:38:24.204#keyHandled#"Backspace"
2019-4-11 20:38:24.340#change#{"from":{"line":8,"ch":18,"sticky":"after"},"to":{"line":8,"ch":19,"sticky":null},"text":[""],"removed":["T"],"origin":"+delete"}
2019-4-11 20:38:24.340#keyHandled#"Backspace"
2019-4-11 20:38:25.924#mousedown#{"isTrusted":true}
2019-4-11 20:38:27.437#change#{"from":{"line":7,"ch":0,"sticky":"after"},"to":{"line":7,"ch":1,"sticky":"before","xRel":82.515625},"text":[""],"removed":[" "],"origin":"+delete"}
2019-4-11 20:38:27.437#keyHandled#"Backspace"
2019-4-11 20:38:28.180#change#{"from":{"line":7,"ch":0,"sticky":null},"to":{"line":7,"ch":0,"sticky":null},"text":["",""],"removed":[""],"origin":"+input"}
2019-4-11 20:38:28.180#keyHandled#"Enter"
2019-4-11 20:38:28.185#viewportChange#0
2019-4-11 20:38:29.060#keyHandled#"Up"
2019-4-11 20:38:29.509#keyHandled#"Down"
2019-4-11 20:38:30.582#change#{"from":{"line":8,"ch":0,"sticky":"after","xRel":0},"to":{"line":8,"ch":0,"sticky":"after","xRel":0},"text":["",""],"removed":[""],"origin":"+input"}
2019-4-11 20:38:30.582#keyHandled#"Enter"
2019-4-11 20:38:30.588#viewportChange#0
2019-4-11 20:38:30.869#keyHandled#"Up"
2019-4-11 20:38:31.308#keyHandled#"Up"
2019-4-11 20:38:31.557#keyHandled#"Down"
2019-4-11 20:38:32.573#change#{"from":{"line":8,"ch":0,"sticky":"after","xRel":0},"to":{"line":8,"ch":0,"sticky":"after","xRel":0},"text":["X"],"removed":[""],"origin":"+input"}
2019-4-11 20:38:33.030#change#{"from":{"line":8,"ch":1,"sticky":null},"to":{"line":8,"ch":1,"sticky":null},"text":[" "],"removed":[""],"origin":"+input"}
2019-4-11 20:38:33.302#change#{"from":{"line":8,"ch":2,"sticky":null},"to":{"line":8,"ch":2,"sticky":null},"text":["="],"removed":[""],"origin":"+input"}
2019-4-11 20:38:33.414#change#{"from":{"line":8,"ch":3,"sticky":null},"to":{"line":8,"ch":3,"sticky":null},"text":[" "],"removed":[""],"origin":"+input"}
2019-4-11 20:38:33.804#change#{"from":{"line":8,"ch":3,"sticky":"after"},"to":{"line":8,"ch":4,"sticky":null},"text":[""],"removed":[" "],"origin":"+delete"}
2019-4-11 20:38:33.804#keyHandled#"Backspace"
2019-4-11 20:38:33.940#change#{"from":{"line":8,"ch":2,"sticky":"after"},"to":{"line":8,"ch":3,"sticky":null},"text":[""],"removed":["="],"origin":"+delete"}
2019-4-11 20:38:33.940#keyHandled#"Backspace"
2019-4-11 20:38:34.090#change#{"from":{"line":8,"ch":1,"sticky":"after"},"to":{"line":8,"ch":2,"sticky":null},"text":[""],"removed":[" "],"origin":"+delete"}
2019-4-11 20:38:34.090#keyHandled#"Backspace"
2019-4-11 20:38:34.196#change#{"from":{"line":8,"ch":0,"sticky":"after"},"to":{"line":8,"ch":1,"sticky":null},"text":[""],"removed":["X"],"origin":"+delete"}
2019-4-11 20:38:34.196#keyHandled#"Backspace"
2019-4-11 20:38:34.431#change#{"from":{"line":8,"ch":0,"sticky":null},"to":{"line":8,"ch":0,"sticky":null},"text":["x"],"removed":[""],"origin":"+input"}
2019-4-11 20:38:34.629#change#{"from":{"line":8,"ch":1,"sticky":null},"to":{"line":8,"ch":1,"sticky":null},"text":["p"],"removed":[""],"origin":"+input"}
2019-4-11 20:38:35.477#change#{"from":{"line":8,"ch":2,"sticky":null},"to":{"line":8,"ch":2,"sticky":null},"text":[" "],"removed":[""],"origin":"+input"}
2019-4-11 20:38:35.794#change#{"from":{"line":8,"ch":3,"sticky":null},"to":{"line":8,"ch":3,"sticky":null},"text":["="],"removed":[""],"origin":"+input"}
2019-4-11 20:38:35.908#change#{"from":{"line":8,"ch":4,"sticky":null},"to":{"line":8,"ch":4,"sticky":null},"text":[" "],"removed":[""],"origin":"+input"}
2019-4-11 20:38:37.344#change#{"from":{"line":8,"ch":5,"sticky":null},"to":{"line":8,"ch":5,"sticky":null},"text":["2"],"removed":[""],"origin":"+input"}
2019-4-11 20:38:38.845#change#{"from":{"line":8,"ch":6,"sticky":null},"to":{"line":8,"ch":6,"sticky":null},"text":["*"],"removed":[""],"origin":"+input"}
2019-4-11 20:38:40.654#change#{"from":{"line":8,"ch":7,"sticky":null},"to":{"line":8,"ch":7,"sticky":null},"text":["x"],"removed":[""],"origin":"+input"}
2019-4-11 20:38:41.973#change#{"from":{"line":8,"ch":8,"sticky":null},"to":{"line":8,"ch":8,"sticky":null},"text":["+"],"removed":[""],"origin":"+input"}
2019-4-11 20:38:43.261#change#{"from":{"line":8,"ch":9,"sticky":null},"to":{"line":8,"ch":9,"sticky":null},"text":["y"],"removed":[""],"origin":"+input"}
2019-4-11 20:38:43.654#keyHandled#"Left"
2019-4-11 20:38:43.821#keyHandled#"Left"
2019-4-11 20:38:46.572#mousedown#{"isTrusted":true}
2019-4-11 20:38:47.390#change#{"from":{"line":10,"ch":8,"sticky":"after","xRel":0.671875},"to":{"line":10,"ch":8,"sticky":"after","xRel":0.671875},"text":["("],"removed":[""],"origin":"+input"}
2019-4-11 20:38:47.764#keyHandled#"Right"
2019-4-11 20:38:47.948#keyHandled#"Right"
2019-4-11 20:38:48.140#keyHandled#"Right"
2019-4-11 20:38:48.788#keyHandled#"')'"
2019-4-11 20:38:50.069#change#{"from":{"line":10,"ch":13,"sticky":"before"},"to":{"line":10,"ch":13,"sticky":"before"},"text":["0"],"removed":[""],"origin":"+input"}
2019-4-11 20:38:50.572#change#{"from":{"line":10,"ch":13,"sticky":"after"},"to":{"line":10,"ch":14,"sticky":null},"text":[""],"removed":["0"],"origin":"+delete"}
2019-4-11 20:38:50.573#keyHandled#"Backspace"
2019-4-11 20:38:50.797#change#{"from":{"line":10,"ch":13,"sticky":null},"to":{"line":10,"ch":13,"sticky":null},"text":[")"],"removed":[""],"origin":"+input"}
2019-4-11 20:38:52.013#mousedown#{"isTrusted":true}
2019-4-11 20:38:54.700#keyHandled#"Left"
2019-4-11 20:38:54.828#keyHandled#"Left"
2019-4-11 20:38:55.429#keyHandled#"Left"
2019-4-11 20:38:55.600#keyHandled#"Left"
2019-4-11 20:38:55.748#keyHandled#"Left"
2019-4-11 20:38:56.405#keyHandled#"Right"
2019-4-11 20:38:56.555#keyHandled#"Right"
2019-4-11 20:38:56.748#keyHandled#"Right"
2019-4-11 20:38:56.908#keyHandled#"Right"
2019-4-11 20:38:57.116#keyHandled#"Right"
2019-4-11 20:38:57.364#change#{"from":{"line":8,"ch":9,"sticky":"after"},"to":{"line":8,"ch":10,"sticky":"before"},"text":[""],"removed":["y"],"origin":"+delete"}
2019-4-11 20:38:57.364#keyHandled#"Backspace"
2019-4-11 20:38:57.701#change#{"from":{"line":8,"ch":8,"sticky":"after"},"to":{"line":8,"ch":9,"sticky":null},"text":[""],"removed":["+"],"origin":"+delete"}
2019-4-11 20:38:57.701#keyHandled#"Backspace"
2019-4-11 20:38:58.436#change#{"from":{"line":8,"ch":8,"sticky":null},"to":{"line":8,"ch":8,"sticky":null},"text":["",""],"removed":[""],"origin":"+input"}
2019-4-11 20:38:58.436#keyHandled#"Enter"
2019-4-11 20:38:58.441#viewportChange#0
2019-4-11 20:38:59.524#change#{"from":{"line":9,"ch":0,"sticky":null},"to":{"line":9,"ch":0,"sticky":null},"text":["X"],"removed":[""],"origin":"+input"}
2019-4-11 20:39:00.645#change#{"from":{"line":9,"ch":1,"sticky":null},"to":{"line":9,"ch":1,"sticky":null},"text":["P"],"removed":[""],"origin":"+input"}
2019-4-11 20:39:53.376#blur#
2019-4-11 20:40:54.014#focus#
2019-4-11 20:40:54.192#blur#
2019-4-11 20:40:55.960#focus#
2019-4-11 20:40:58.039#change#{"from":{"line":9,"ch":2,"sticky":null},"to":{"line":9,"ch":2,"sticky":null},"text":[" "],"removed":[""],"origin":"+input"}
2019-4-11 20:40:58.198#change#{"from":{"line":9,"ch":3,"sticky":null},"to":{"line":9,"ch":3,"sticky":null},"text":["="],"removed":[""],"origin":"+input"}
2019-4-11 20:40:58.301#change#{"from":{"line":9,"ch":4,"sticky":null},"to":{"line":9,"ch":4,"sticky":null},"text":[" "],"removed":[""],"origin":"+input"}
2019-4-11 20:41:01.581#change#{"from":{"line":9,"ch":5,"sticky":null},"to":{"line":9,"ch":5,"sticky":null},"text":["x"],"removed":[""],"origin":"+input"}
2019-4-11 20:41:01.669#change#{"from":{"line":9,"ch":6,"sticky":null},"to":{"line":9,"ch":6,"sticky":null},"text":["p"],"removed":[""],"origin":"+input"}
2019-4-11 20:41:08.239#change#{"from":{"line":9,"ch":7,"sticky":null},"to":{"line":9,"ch":7,"sticky":null},"text":["+"],"removed":[""],"origin":"+input"}
2019-4-11 20:41:09.477#change#{"from":{"line":9,"ch":8,"sticky":null},"to":{"line":9,"ch":8,"sticky":null},"text":["y"],"removed":[""],"origin":"+input"}
2019-4-11 20:41:10.204#keyHandled#"Down"
2019-4-11 20:41:10.388#keyHandled#"Down"
2019-4-11 20:41:10.660#keyHandled#"Down"
2019-4-11 20:41:11.119#keyHandled#"Up"
2019-4-11 20:41:11.340#change#{"from":{"line":11,"ch":9,"sticky":"before","xRel":0.21875},"to":{"line":11,"ch":10,"sticky":"before"},"text":[""],"removed":["+"],"origin":"+delete"}
2019-4-11 20:41:11.340#keyHandled#"Delete"
2019-4-11 20:41:11.518#change#{"from":{"line":11,"ch":9,"sticky":null},"to":{"line":11,"ch":10,"sticky":"before"},"text":[""],"removed":[" "],"origin":"+delete"}
2019-4-11 20:41:11.518#keyHandled#"Delete"
2019-4-11 20:41:11.676#change#{"from":{"line":11,"ch":9,"sticky":null},"to":{"line":11,"ch":10,"sticky":"before"},"text":[""],"removed":["y"],"origin":"+delete"}
2019-4-11 20:41:11.676#keyHandled#"Delete"
2019-4-11 20:41:11.844#change#{"from":{"line":11,"ch":9,"sticky":null},"to":{"line":11,"ch":10,"sticky":"before"},"text":[""],"removed":[")"],"origin":"+delete"}
2019-4-11 20:41:11.844#keyHandled#"Delete"
2019-4-11 20:41:12.006#change#{"from":{"line":11,"ch":9,"sticky":null},"to":{"line":11,"ch":10,"sticky":"before"},"text":[""],"removed":[")"],"origin":"+delete"}
2019-4-11 20:41:12.006#keyHandled#"Delete"
2019-4-11 20:41:12.244#change#{"from":{"line":11,"ch":8,"sticky":"after"},"to":{"line":11,"ch":9,"sticky":null},"text":[""],"removed":["("],"origin":"+delete"}
2019-4-11 20:41:12.244#keyHandled#"Backspace"
2019-4-11 20:41:12.428#change#{"from":{"line":11,"ch":7,"sticky":"after"},"to":{"line":11,"ch":8,"sticky":null},"text":[""],"removed":[" "],"origin":"+delete"}
2019-4-11 20:41:12.428#keyHandled#"Backspace"
2019-4-11 20:41:12.596#change#{"from":{"line":11,"ch":6,"sticky":"after"},"to":{"line":11,"ch":7,"sticky":null},"text":[""],"removed":["x"],"origin":"+delete"}
2019-4-11 20:41:12.596#keyHandled#"Backspace"
2019-4-11 20:41:12.749#change#{"from":{"line":11,"ch":5,"sticky":"after"},"to":{"line":11,"ch":6,"sticky":null},"text":[""],"removed":["*"],"origin":"+delete"}
2019-4-11 20:41:12.749#keyHandled#"Backspace"
2019-4-11 20:41:12.900#change#{"from":{"line":11,"ch":4,"sticky":"after"},"to":{"line":11,"ch":5,"sticky":null},"text":[""],"removed":["2"],"origin":"+delete"}
2019-4-11 20:41:12.900#keyHandled#"Backspace"
2019-4-11 20:41:13.076#change#{"from":{"line":11,"ch":3,"sticky":"after"},"to":{"line":11,"ch":4,"sticky":null},"text":[""],"removed":["("],"origin":"+delete"}
2019-4-11 20:41:13.076#keyHandled#"Backspace"
2019-4-11 20:41:13.797#change#{"from":{"line":11,"ch":3,"sticky":null},"to":{"line":11,"ch":3,"sticky":null},"text":["X"],"removed":[""],"origin":"+input"}
2019-4-11 20:41:13.977#change#{"from":{"line":11,"ch":4,"sticky":null},"to":{"line":11,"ch":4,"sticky":null},"text":["P"],"removed":[""],"origin":"+input"}
2019-4-11 20:41:13.076#change#{"from":{"line":11,"ch":3,"sticky":"after"},"to":{"line":11,"ch":4,"sticky":null},"text":[""],"removed":["("],"origin":"+delete"}
2019-4-11 20:41:13.076#keyHandled#"Backspace"
2019-4-11 20:41:13.797#change#{"from":{"line":11,"ch":3,"sticky":null},"to":{"line":11,"ch":3,"sticky":null},"text":["X"],"removed":[""],"origin":"+input"}
2019-4-11 20:41:13.977#change#{"from":{"line":11,"ch":4,"sticky":null},"to":{"line":11,"ch":4,"sticky":null},"text":["P"],"removed":[""],"origin":"+input"}
2019-4-11 20:41:15.951#blur#
2019-4-11 20:41:16.252#saida_testar#$ python3 main.py
2019-4-11 20:41:16.252#saida_testar#$ python3 main.py
2019-4-11 20:41:18.069#submit#Your code did not produce the correct output. Please, correct your code and try again.
2019-4-11 20:42:36.869#mousedown#{"isTrusted":true}
2019-4-11 20:42:36.943#focus#
2019-4-11 20:42:53.161#change#{"from":{"line":13,"ch":5,"sticky":"before","xRel":205.734375},"to":{"line":13,"ch":5,"sticky":"before","xRel":205.734375},"text":[" "],"removed":[""],"origin":"+input"}
2019-4-11 20:42:53.161#change#{"from":{"line":13,"ch":5,"sticky":"before","xRel":205.734375},"to":{"line":13,"ch":5,"sticky":"before","xRel":205.734375},"text":[" "],"removed":[""],"origin":"+input"}
2019-4-11 20:42:53.854#blur#
2019-4-11 20:42:54.168#saida_testar#$ python3 main.py
2019-4-11 20:42:54.168#saida_testar#$ python3 main.py
2019-4-11 20:42:56.394#saida_testar#$ python3 main.py
2019-4-11 20:42:56.394#saida_testar#$ python3 main.py
2019-4-11 20:42:58.099#saida_testar#$ python3 main.py
2019-4-11 20:42:58.099#saida_testar#$ python3 main.py
2019-4-11 20:43:00.024#saida_testar#$ python3 main.py
digite a coordenada: 1
2019-4-11 20:43:00.024#saida_testar#$ python3 main.py
digite a coordenada: 1
2019-4-11 20:43:01.995#saida_testar#$ python3 main.py
digite a coordenada: 1
digite a coordenada: 1
ponto pertence a reta.
2019-4-11 20:43:01.995#saida_testar#$ python3 main.py
digite a coordenada: 1
digite a coordenada: 1
ponto pertence a reta.
2019-4-11 20:43:04.298#saida_testar#$ python3 main.py
2019-4-11 20:43:20.197#mousedown#{"isTrusted":true}
2019-4-11 20:43:20.251#focus#
2019-4-11 20:43:25.238#change#{"from":{"line":11,"ch":3,"sticky":"after","xRel":3.203125},"to":{"line":11,"ch":10,"sticky":"after","xRel":3.28125},"text":["x"],"removed":["XP == 3"],"origin":"+input"}
2019-4-11 20:43:25.700#change#{"from":{"line":11,"ch":4,"sticky":null},"to":{"line":11,"ch":4,"sticky":null},"text":[" "],"removed":[""],"origin":"+input"}
2019-4-11 20:43:25.950#change#{"from":{"line":11,"ch":5,"sticky":null},"to":{"line":11,"ch":5,"sticky":null},"text":["="],"removed":[""],"origin":"+input"}
2019-4-11 20:43:26.060#change#{"from":{"line":11,"ch":6,"sticky":null},"to":{"line":11,"ch":6,"sticky":null},"text":[" "],"removed":[""],"origin":"+input"}
2019-4-11 20:43:26.542#change#{"from":{"line":11,"ch":6,"sticky":"after"},"to":{"line":11,"ch":7,"sticky":null},"text":[""],"removed":[" "],"origin":"+delete"}
2019-4-11 20:43:26.542#keyHandled#"Backspace"
2019-4-11 20:43:26.756#change#{"from":{"line":11,"ch":6,"sticky":null},"to":{"line":11,"ch":6,"sticky":null},"text":["="],"removed":[""],"origin":"+input"}
2019-4-11 20:43:27.084#change#{"from":{"line":11,"ch":7,"sticky":null},"to":{"line":11,"ch":7,"sticky":null},"text":[" "],"removed":[""],"origin":"+input"}
2019-4-11 20:43:28.204#change#{"from":{"line":11,"ch":8,"sticky":null},"to":{"line":11,"ch":8,"sticky":null},"text":["1"],"removed":[""],"origin":"+input"}
2019-4-11 20:43:29.709#change#{"from":{"line":11,"ch":9,"sticky":null},"to":{"line":11,"ch":9,"sticky":null},"text":[" "],"removed":[""],"origin":"+input"}
2019-4-11 20:43:30.005#change#{"from":{"line":11,"ch":10,"sticky":null},"to":{"line":11,"ch":10,"sticky":null},"text":["a"],"removed":[""],"origin":"+input"}
2019-4-11 20:43:30.239#change#{"from":{"line":11,"ch":11,"sticky":null},"to":{"line":11,"ch":11,"sticky":null},"text":["n"],"removed":[""],"origin":"+input"}
2019-4-11 20:43:30.348#change#{"from":{"line":11,"ch":12,"sticky":null},"to":{"line":11,"ch":12,"sticky":null},"text":["d"],"removed":[""],"origin":"+input"}
2019-4-11 20:43:30.624#change#{"from":{"line":11,"ch":13,"sticky":null},"to":{"line":11,"ch":13,"sticky":null},"text":[" "],"removed":[""],"origin":"+input"}
2019-4-11 20:43:32.732#change#{"from":{"line":11,"ch":14,"sticky":null},"to":{"line":11,"ch":14,"sticky":null},"text":["y"],"removed":[""],"origin":"+input"}
2019-4-11 20:43:33.053#change#{"from":{"line":11,"ch":15,"sticky":null},"to":{"line":11,"ch":15,"sticky":null},"text":[" "],"removed":[""],"origin":"+input"}
2019-4-11 20:43:33.806#change#{"from":{"line":11,"ch":16,"sticky":null},"to":{"line":11,"ch":16,"sticky":null},"text":["="],"removed":[""],"origin":"+input"}
2019-4-11 20:43:33.984#change#{"from":{"line":11,"ch":17,"sticky":null},"to":{"line":11,"ch":17,"sticky":null},"text":["="],"removed":[""],"origin":"+input"}
2019-4-11 20:43:34.525#change#{"from":{"line":11,"ch":18,"sticky":null},"to":{"line":11,"ch":18,"sticky":null},"text":["1"],"removed":[""],"origin":"+input"}
2019-4-11 20:43:35.308#keyHandled#"Right"
2019-4-11 20:43:35.883#change#{"from":{"line":11,"ch":20,"sticky":"before"},"to":{"line":11,"ch":20,"sticky":"before"},"text":["",""],"removed":[""],"origin":"+input"}
2019-4-11 20:43:35.883#change#{"from":{"line":12,"ch":0,"sticky":null},"to":{"line":12,"ch":0,"sticky":null},"text":["\t"],"removed":[""],"origin":"+input"}
2019-4-11 20:43:35.883#keyHandled#"Enter"
2019-4-11 20:43:35.892#viewportChange#0
2019-4-11 20:43:45.692#change#{"from":{"line":11,"ch":20,"sticky":null},"to":{"line":12,"ch":1,"sticky":null},"text":[""],"removed":["","\t"],"origin":"undo"}
2019-4-11 20:43:45.692#keyHandled#"Ctrl-Z"
2019-4-11 20:43:45.703#viewportChange#0
2019-4-11 20:43:46.813#mousedown#{"isTrusted":true}
2019-4-11 20:43:58.086#change#{"from":{"line":8,"ch":0,"sticky":"after","xRel":-4},"to":{"line":9,"ch":9,"sticky":"before","xRel":7.984375},"text":[""],"removed":["xp = 2*x","XP = xp+y"],"origin":"+delete"}
2019-4-11 20:43:58.086#keyHandled#"Backspace"
2019-4-11 20:43:58.096#viewportChange#0
2019-4-11 20:43:58.788#change#{"from":{"line":7,"ch":0,"sticky":"before"},"to":{"line":8,"ch":0,"sticky":null},"text":[""],"removed":["",""],"origin":"+delete"}
2019-4-11 20:43:58.789#keyHandled#"Backspace"
2019-4-11 20:43:58.802#viewportChange#0
2019-4-11 20:44:00.205#change#{"from":{"line":6,"ch":9,"sticky":"before"},"to":{"line":7,"ch":0,"sticky":null},"text":[""],"removed":["",""],"origin":"+delete"}
2019-4-11 20:44:00.205#keyHandled#"Backspace"
2019-4-11 20:44:00.223#viewportChange#0
2019-4-11 20:44:00.930#mousedown#{"isTrusted":true}
2019-4-11 20:44:04.501#change#{"from":{"line":8,"ch":3,"sticky":"after","xRel":3.125},"to":{"line":8,"ch":20,"sticky":"before","xRel":9.390625},"text":["x"],"removed":["x == 1 and y ==1:"],"origin":"+input"}
2019-4-11 20:44:06.224#change#{"from":{"line":8,"ch":4,"sticky":null},"to":{"line":8,"ch":4,"sticky":null},"text":["*"],"removed":[""],"origin":"+input"}
2019-4-11 20:44:08.116#change#{"from":{"line":8,"ch":5,"sticky":null},"to":{"line":8,"ch":5,"sticky":null},"text":["2"],"removed":[""],"origin":"+input"}
2019-4-11 20:44:09.314#change#{"from":{"line":8,"ch":6,"sticky":null},"to":{"line":8,"ch":6,"sticky":null},"text":[" "],"removed":[""],"origin":"+input"}
2019-4-11 20:44:09.558#change#{"from":{"line":8,"ch":7,"sticky":null},"to":{"line":8,"ch":7,"sticky":null},"text":["+"],"removed":[""],"origin":"+input"}
2019-4-11 20:44:11.148#keyHandled#"Left"
2019-4-11 20:44:11.321#keyHandled#"Left"
2019-4-11 20:44:11.467#keyHandled#"Left"
2019-4-11 20:44:11.868#keyHandled#"Left"
2019-4-11 20:44:12.104#keyHandled#"Left"
2019-4-11 20:44:12.623#change#{"from":{"line":8,"ch":3,"sticky":"after"},"to":{"line":8,"ch":3,"sticky":"after"},"text":["*"],"removed":[""],"origin":"+input"}
2019-4-11 20:44:13.055#change#{"from":{"line":8,"ch":3,"sticky":"after"},"to":{"line":8,"ch":4,"sticky":null},"text":[""],"removed":["*"],"origin":"+delete"}
2019-4-11 20:44:13.055#keyHandled#"Backspace"
2019-4-11 20:44:13.358#change#{"from":{"line":8,"ch":3,"sticky":null},"to":{"line":8,"ch":3,"sticky":null},"text":["("],"removed":[""],"origin":"+input"}
2019-4-11 20:44:13.925#keyHandled#"Right"
2019-4-11 20:44:14.116#keyHandled#"Right"
2019-4-11 20:44:14.259#keyHandled#"Right"
2019-4-11 20:44:14.388#keyHandled#"Right"
2019-4-11 20:44:14.517#keyHandled#"Right"
2019-4-11 20:44:14.620#keyHandled#"Right"
2019-4-11 20:44:14.788#keyHandled#"Right"
2019-4-11 20:44:15.300#keyHandled#"Left"
2019-4-11 20:44:15.628#keyHandled#"Left"
2019-4-11 20:44:15.868#keyHandled#"Up"
2019-4-11 20:44:16.053#keyHandled#"Left"
2019-4-11 20:44:16.317#keyHandled#"Down"
2019-4-11 20:44:16.564#keyHandled#"Left"
2019-4-11 20:44:16.732#keyHandled#"Down"
2019-4-11 20:44:16.976#keyHandled#"Down"
2019-4-11 20:44:17.148#keyHandled#"Down"
2019-4-11 20:44:17.404#keyHandled#"Left"
2019-4-11 20:44:17.596#keyHandled#"Up"
2019-4-11 20:44:17.933#keyHandled#"Left"
2019-4-11 20:44:18.822#change#{"from":{"line":8,"ch":6,"sticky":"after"},"to":{"line":8,"ch":7,"sticky":"after"},"text":[""],"removed":["2"],"origin":"+delete"}
2019-4-11 20:44:18.822#keyHandled#"Backspace"
2019-4-11 20:44:18.981#change#{"from":{"line":8,"ch":5,"sticky":"after"},"to":{"line":8,"ch":6,"sticky":null},"text":[""],"removed":["*"],"origin":"+delete"}
2019-4-11 20:44:18.981#keyHandled#"Backspace"
2019-4-11 20:44:19.135#change#{"from":{"line":8,"ch":4,"sticky":"after"},"to":{"line":8,"ch":5,"sticky":null},"text":[""],"removed":["x"],"origin":"+delete"}
2019-4-11 20:44:19.135#keyHandled#"Backspace"
2019-4-11 20:44:20.061#change#{"from":{"line":8,"ch":4,"sticky":null},"to":{"line":8,"ch":4,"sticky":null},"text":["2"],"removed":[""],"origin":"+input"}
2019-4-11 20:44:20.804#change#{"from":{"line":8,"ch":5,"sticky":null},"to":{"line":8,"ch":5,"sticky":null},"text":["*"],"removed":[""],"origin":"+input"}
2019-4-11 20:44:23.485#change#{"from":{"line":8,"ch":6,"sticky":null},"to":{"line":8,"ch":6,"sticky":null},"text":["x"],"removed":[""],"origin":"+input"}
2019-4-11 20:44:23.813#change#{"from":{"line":8,"ch":7,"sticky":null},"to":{"line":8,"ch":7,"sticky":null},"text":[" "],"removed":[""],"origin":"+input"}
2019-4-11 20:44:25.421#change#{"from":{"line":8,"ch":7,"sticky":"after"},"to":{"line":8,"ch":8,"sticky":null},"text":[""],"removed":[" "],"origin":"+delete"}
2019-4-11 20:44:25.421#keyHandled#"Backspace"
2019-4-11 20:44:28.545#blur#
2019-4-11 20:44:59.729#focus#
2019-4-11 20:45:00.570#blur#
2019-4-11 20:45:34.122#focus#
2019-4-11 20:46:06.021#keyHandled#"Right"
2019-4-11 20:46:06.204#keyHandled#"Right"
2019-4-11 20:46:06.374#keyHandled#"Right"
2019-4-11 20:46:06.902#keyHandled#"Left"
2019-4-11 20:46:07.219#keyHandled#"Left"
2019-4-11 20:46:07.371#keyHandled#"Left"
2019-4-11 20:46:08.069#change#{"from":{"line":8,"ch":7,"sticky":"after"},"to":{"line":8,"ch":7,"sticky":"after"},"text":[")"],"removed":[""],"origin":"+input"}
2019-4-11 20:46:10.165#keyHandled#"Left"
2019-4-11 20:46:10.296#keyHandled#"Left"
2019-4-11 20:46:10.443#keyHandled#"Left"
2019-4-11 20:46:10.603#keyHandled#"Left"
2019-4-11 20:46:11.301#change#{"from":{"line":8,"ch":4,"sticky":"after"},"to":{"line":8,"ch":4,"sticky":"after"},"text":["("],"removed":[""],"origin":"+input"}
2019-4-11 20:46:11.847#keyHandled#"Right"
2019-4-11 20:46:12.003#keyHandled#"Right"
2019-4-11 20:46:12.133#keyHandled#"Right"
2019-4-11 20:46:12.251#keyHandled#"Right"
2019-4-11 20:46:12.387#keyHandled#"Right"
2019-4-11 20:46:12.755#keyHandled#"Right"
2019-4-11 20:46:13.004#keyHandled#"Right"
2019-4-11 20:46:13.475#keyHandled#"Left"
2019-4-11 20:46:13.773#change#{"from":{"line":8,"ch":11,"sticky":"before"},"to":{"line":8,"ch":11,"sticky":"before"},"text":[" "],"removed":[""],"origin":"+input"}
2019-4-11 20:46:14.509#change#{"from":{"line":8,"ch":12,"sticky":null},"to":{"line":8,"ch":12,"sticky":null},"text":["y"],"removed":[""],"origin":"+input"}
2019-4-11 20:46:14.830#change#{"from":{"line":8,"ch":13,"sticky":null},"to":{"line":8,"ch":13,"sticky":null},"text":[" "],"removed":[""],"origin":"+input"}
2019-4-11 20:46:15.317#keyHandled#"Left"
2019-4-11 20:46:16.035#keyHandled#"Right"
2019-4-11 20:46:16.242#keyHandled#"Left"
2019-4-11 20:46:17.140#change#{"from":{"line":8,"ch":13,"sticky":"after"},"to":{"line":8,"ch":13,"sticky":"after"},"text":[")"],"removed":[""],"origin":"+input"}
2019-4-11 20:46:18.230#change#{"from":{"line":8,"ch":14,"sticky":null},"to":{"line":8,"ch":14,"sticky":null},"text":[" "],"removed":[""],"origin":"+input"}
2019-4-11 20:46:18.600#change#{"from":{"line":8,"ch":15,"sticky":null},"to":{"line":8,"ch":15,"sticky":null},"text":["="],"removed":[""],"origin":"+input"}
2019-4-11 20:46:18.752#change#{"from":{"line":8,"ch":16,"sticky":null},"to":{"line":8,"ch":16,"sticky":null},"text":["="],"removed":[""],"origin":"+input"}
2019-4-11 20:46:19.700#change#{"from":{"line":8,"ch":17,"sticky":null},"to":{"line":8,"ch":17,"sticky":null},"text":["3"],"removed":[""],"origin":"+input"}
2019-4-11 20:46:20.719#change#{"from":{"line":8,"ch":18,"sticky":null},"to":{"line":8,"ch":18,"sticky":null},"text":[":"],"removed":[""],"origin":"+input"}
2019-4-11 20:46:22.086#blur#
2019-4-11 20:46:22.445#saida_testar#$ python3 main.py
2019-4-11 20:46:22.086#blur#
2019-4-11 20:46:22.445#saida_testar#$ python3 main.py
2019-4-11 20:46:24.556#submit#Your code did not produce the correct output. Please, correct your code and try again.
2019-4-11 20:46:26.956#mousedown#{"isTrusted":true}
2019-4-11 20:46:27.013#focus#
2019-4-11 20:46:27.660#change#{"from":{"line":6,"ch":0,"sticky":"after","xRel":2.203125},"to":{"line":6,"ch":9,"sticky":"before","xRel":22},"text":[""],"removed":["P = (x,y)"],"origin":"+delete"}
2019-4-11 20:46:27.660#keyHandled#"Backspace"
2019-4-11 20:46:27.829#change#{"from":{"line":5,"ch":0,"sticky":"before"},"to":{"line":6,"ch":0,"sticky":null},"text":[""],"removed":["",""],"origin":"+delete"}
2019-4-11 20:46:27.829#keyHandled#"Backspace"
2019-4-11 20:46:27.839#viewportChange#0
2019-4-11 20:46:27.013#focus#
2019-4-11 20:46:27.660#change#{"from":{"line":6,"ch":0,"sticky":"after","xRel":2.203125},"to":{"line":6,"ch":9,"sticky":"before","xRel":22},"text":[""],"removed":["P = (x,y)"],"origin":"+delete"}
2019-4-11 20:46:27.660#keyHandled#"Backspace"
2019-4-11 20:46:27.829#change#{"from":{"line":5,"ch":0,"sticky":"before"},"to":{"line":6,"ch":0,"sticky":null},"text":[""],"removed":["",""],"origin":"+delete"}
2019-4-11 20:46:27.829#keyHandled#"Backspace"
2019-4-11 20:46:27.839#viewportChange#0
2019-4-11 20:46:28.624#blur#
2019-4-11 20:46:28.624#blur#
2019-4-11 20:46:29.453#submit#Your code did not produce the correct output. Please, correct your code and try again.
2019-4-11 20:46:29.474#saida_testar#$ python3 main.py
2019-4-11 20:47:16.093#mousedown#{"isTrusted":true}
2019-4-11 20:47:16.169#focus#
2019-4-11 20:47:17.565#mousedown#{"isTrusted":true}
2019-4-11 20:47:20.299#mousedown#{"isTrusted":true}
2019-4-11 20:47:20.724#change#{"from":{"line":8,"ch":29,"sticky":"after"},"to":{"line":8,"ch":30,"sticky":"after","xRel":0.203125},"text":[""],"removed":["."],"origin":"+delete"}
2019-4-11 20:47:20.724#keyHandled#"Backspace"
2019-4-11 20:47:21.028#mousedown#{"isTrusted":true}
2019-4-11 20:47:21.196#change#{"from":{"line":10,"ch":33,"sticky":"after"},"to":{"line":10,"ch":34,"sticky":"before","xRel":-0.796875},"text":[""],"removed":["."],"origin":"+delete"}
2019-4-11 20:47:21.196#keyHandled#"Backspace"
