2019-4-15 21:19:14.898#viewportChange#0
2019-4-15 21:19:31.673#mousedown#{"isTrusted":true}
2019-4-15 21:19:31.679#focus#
2019-4-15 21:19:48.484#blur#
2019-4-15 21:20:30.506#focus#
2019-4-15 21:20:30.507#mousedown#{"isTrusted":true}
2019-4-15 21:20:37.396#blur#
2019-4-15 21:20:41.680#focus#
2019-4-15 21:20:41.682#mousedown#{"isTrusted":true}
2019-4-15 21:20:44.412#change#{"from":{"line":0,"ch":0,"sticky":null},"to":{"line":0,"ch":0,"sticky":null},"text":["a"],"removed":[""],"origin":"+input"}
2019-4-15 21:20:44.576#change#{"from":{"line":0,"ch":1,"sticky":null},"to":{"line":0,"ch":1,"sticky":null},"text":["",""],"removed":[""],"origin":"+input"}
2019-4-15 21:20:44.576#keyHandled#"Enter"
2019-4-15 21:20:44.580#viewportChange#0
2019-4-15 21:20:44.723#change#{"from":{"line":1,"ch":0,"sticky":null},"to":{"line":1,"ch":0,"sticky":null},"text":["b"],"removed":[""],"origin":"+input"}
2019-4-15 21:20:44.864#change#{"from":{"line":1,"ch":1,"sticky":null},"to":{"line":1,"ch":1,"sticky":null},"text":["",""],"removed":[""],"origin":"+input"}
2019-4-15 21:20:44.864#keyHandled#"Enter"
2019-4-15 21:20:44.868#viewportChange#0
2019-4-15 21:20:44.965#change#{"from":{"line":2,"ch":0,"sticky":null},"to":{"line":2,"ch":0,"sticky":null},"text":["c"],"removed":[""],"origin":"+input"}
2019-4-15 21:20:45.088#change#{"from":{"line":2,"ch":1,"sticky":null},"to":{"line":2,"ch":1,"sticky":null},"text":["",""],"removed":[""],"origin":"+input"}
2019-4-15 21:20:45.088#keyHandled#"Enter"
2019-4-15 21:20:45.091#viewportChange#0
2019-4-15 21:20:49.702#change#{"from":{"line":3,"ch":0,"sticky":null},"to":{"line":3,"ch":0,"sticky":null},"text":["d"],"removed":[""],"origin":"+input"}
2019-4-15 21:20:49.848#change#{"from":{"line":3,"ch":1,"sticky":null},"to":{"line":3,"ch":1,"sticky":null},"text":["",""],"removed":[""],"origin":"+input"}
2019-4-15 21:20:49.848#keyHandled#"Enter"
2019-4-15 21:20:49.852#viewportChange#0
2019-4-15 21:20:50.035#change#{"from":{"line":4,"ch":0,"sticky":null},"to":{"line":4,"ch":0,"sticky":null},"text":["e"],"removed":[""],"origin":"+input"}
2019-4-15 21:20:50.129#change#{"from":{"line":4,"ch":1,"sticky":null},"to":{"line":4,"ch":1,"sticky":null},"text":["",""],"removed":[""],"origin":"+input"}
2019-4-15 21:20:50.129#keyHandled#"Enter"
2019-4-15 21:20:50.133#viewportChange#0
2019-4-15 21:20:52.619#change#{"from":{"line":5,"ch":0,"sticky":null},"to":{"line":5,"ch":0,"sticky":null},"text":["f"],"removed":[""],"origin":"+input"}
2019-4-15 21:20:53.485#change#{"from":{"line":5,"ch":0,"sticky":"after"},"to":{"line":5,"ch":1,"sticky":null},"text":[""],"removed":["f"],"origin":"+delete"}
2019-4-15 21:20:53.485#keyHandled#"Backspace"
2019-4-15 21:21:00.611#blur#
2019-4-15 21:23:04.777#focus#
2019-4-15 21:23:04.778#mousedown#{"isTrusted":true}
2019-4-15 21:23:16.416#change#{"from":{"line":5,"ch":0,"sticky":null},"to":{"line":5,"ch":0,"sticky":null},"text":["",""],"removed":[""],"origin":"+input"}
2019-4-15 21:23:16.416#keyHandled#"Enter"
2019-4-15 21:23:16.421#viewportChange#0
2019-4-15 21:23:17.399#change#{"from":{"line":6,"ch":0,"sticky":null},"to":{"line":6,"ch":0,"sticky":null},"text":["",""],"removed":[""],"origin":"+input"}
2019-4-15 21:23:17.399#keyHandled#"Enter"
2019-4-15 21:23:17.403#viewportChange#0
2019-4-15 21:23:18.946#change#{"from":{"line":7,"ch":0,"sticky":null},"to":{"line":7,"ch":0,"sticky":null},"text":["x"],"removed":[""],"origin":"+input"}
2019-4-15 21:23:19.097#change#{"from":{"line":7,"ch":1,"sticky":null},"to":{"line":7,"ch":1,"sticky":null},"text":[" "],"removed":[""],"origin":"+input"}
2019-4-15 21:23:19.244#change#{"from":{"line":7,"ch":2,"sticky":null},"to":{"line":7,"ch":2,"sticky":null},"text":["="],"removed":[""],"origin":"+input"}
2019-4-15 21:23:19.314#change#{"from":{"line":7,"ch":3,"sticky":null},"to":{"line":7,"ch":3,"sticky":null},"text":[" "],"removed":[""],"origin":"+input"}
2019-4-15 21:23:20.435#change#{"from":{"line":7,"ch":3,"sticky":"after"},"to":{"line":7,"ch":4,"sticky":null},"text":[""],"removed":[" "],"origin":"+delete"}
2019-4-15 21:23:20.435#keyHandled#"Backspace"
2019-4-15 21:23:20.593#change#{"from":{"line":7,"ch":2,"sticky":"after"},"to":{"line":7,"ch":3,"sticky":null},"text":[""],"removed":["="],"origin":"+delete"}
2019-4-15 21:23:20.593#keyHandled#"Backspace"
2019-4-15 21:23:20.751#change#{"from":{"line":7,"ch":1,"sticky":"after"},"to":{"line":7,"ch":2,"sticky":null},"text":[""],"removed":[" "],"origin":"+delete"}
2019-4-15 21:23:20.751#keyHandled#"Backspace"
2019-4-15 21:23:20.864#change#{"from":{"line":7,"ch":0,"sticky":"after"},"to":{"line":7,"ch":1,"sticky":null},"text":[""],"removed":["x"],"origin":"+delete"}
2019-4-15 21:23:20.864#keyHandled#"Backspace"
2019-4-15 21:23:22.147#blur#
2019-4-15 21:24:23.271#focus#
2019-4-15 21:24:23.273#mousedown#{"isTrusted":true}
2019-4-15 21:24:24.168#mousedown#{"isTrusted":true}
2019-4-15 21:24:25.378#keyHandled#"Down"
2019-4-15 21:24:25.711#keyHandled#"Down"
2019-4-15 21:24:31.712#change#{"from":{"line":7,"ch":0,"sticky":"after","xRel":0},"to":{"line":7,"ch":0,"sticky":"after","xRel":0},"text":["u"],"removed":[""],"origin":"+input"}
2019-4-15 21:24:32.097#change#{"from":{"line":7,"ch":1,"sticky":null},"to":{"line":7,"ch":1,"sticky":null},"text":[" "],"removed":[""],"origin":"+input"}
2019-4-15 21:24:32.708#change#{"from":{"line":7,"ch":2,"sticky":null},"to":{"line":7,"ch":2,"sticky":null},"text":["="],"removed":[""],"origin":"+input"}
2019-4-15 21:24:33.001#change#{"from":{"line":7,"ch":3,"sticky":null},"to":{"line":7,"ch":3,"sticky":null},"text":[" "],"removed":[""],"origin":"+input"}
2019-4-15 21:24:34.360#change#{"from":{"line":7,"ch":3,"sticky":"after"},"to":{"line":7,"ch":4,"sticky":null},"text":[""],"removed":[" "],"origin":"+delete"}
2019-4-15 21:24:34.360#keyHandled#"Backspace"
2019-4-15 21:24:34.535#change#{"from":{"line":7,"ch":2,"sticky":"after"},"to":{"line":7,"ch":3,"sticky":null},"text":[""],"removed":["="],"origin":"+delete"}
2019-4-15 21:24:34.535#keyHandled#"Backspace"
2019-4-15 21:24:34.687#change#{"from":{"line":7,"ch":1,"sticky":"after"},"to":{"line":7,"ch":2,"sticky":null},"text":[""],"removed":[" "],"origin":"+delete"}
2019-4-15 21:24:34.687#keyHandled#"Backspace"
2019-4-15 21:24:35.356#change#{"from":{"line":7,"ch":1,"sticky":null},"to":{"line":7,"ch":1,"sticky":null},"text":[" "],"removed":[""],"origin":"+input"}
2019-4-15 21:24:35.721#change#{"from":{"line":7,"ch":2,"sticky":null},"to":{"line":7,"ch":2,"sticky":null},"text":["="],"removed":[""],"origin":"+input"}
2019-4-15 21:24:35.808#change#{"from":{"line":7,"ch":3,"sticky":null},"to":{"line":7,"ch":3,"sticky":null},"text":[" "],"removed":[""],"origin":"+input"}
2019-4-15 21:24:37.625#change#{"from":{"line":7,"ch":4,"sticky":null},"to":{"line":7,"ch":4,"sticky":null},"text":["()"],"removed":[""],"origin":"+input"}
2019-4-15 21:24:37.625#keyHandled#"'('"
2019-4-15 21:24:38.488#change#{"from":{"line":7,"ch":4,"sticky":null},"to":{"line":7,"ch":6,"sticky":null},"text":[""],"removed":["()"],"origin":"+delete"}
2019-4-15 21:24:38.488#keyHandled#"Backspace"
2019-4-15 21:24:39.554#change#{"from":{"line":7,"ch":4,"sticky":null},"to":{"line":7,"ch":4,"sticky":null},"text":["c"],"removed":[""],"origin":"+input"}
2019-4-15 21:24:45.505#change#{"from":{"line":7,"ch":5,"sticky":null},"to":{"line":7,"ch":5,"sticky":null},"text":["*"],"removed":[""],"origin":"+input"}
2019-4-15 21:24:49.075#change#{"from":{"line":7,"ch":6,"sticky":null},"to":{"line":7,"ch":6,"sticky":null},"text":["e"],"removed":[""],"origin":"+input"}
2019-4-15 21:24:49.306#change#{"from":{"line":7,"ch":7,"sticky":null},"to":{"line":7,"ch":7,"sticky":null},"text":[" "],"removed":[""],"origin":"+input"}
2019-4-15 21:24:49.672#change#{"from":{"line":7,"ch":8,"sticky":null},"to":{"line":7,"ch":8,"sticky":null},"text":["-"],"removed":[""],"origin":"+input"}
2019-4-15 21:24:49.865#change#{"from":{"line":7,"ch":9,"sticky":null},"to":{"line":7,"ch":9,"sticky":null},"text":[" "],"removed":[""],"origin":"+input"}
2019-4-15 21:24:50.584#change#{"from":{"line":7,"ch":10,"sticky":null},"to":{"line":7,"ch":10,"sticky":null},"text":["b"],"removed":[""],"origin":"+input"}
2019-4-15 21:24:50.816#change#{"from":{"line":7,"ch":11,"sticky":null},"to":{"line":7,"ch":11,"sticky":null},"text":[" "],"removed":[""],"origin":"+input"}
2019-4-15 21:24:50.969#change#{"from":{"line":7,"ch":12,"sticky":null},"to":{"line":7,"ch":12,"sticky":null},"text":["*"],"removed":[""],"origin":"+input"}
2019-4-15 21:24:51.336#change#{"from":{"line":7,"ch":13,"sticky":null},"to":{"line":7,"ch":13,"sticky":null},"text":[" "],"removed":[""],"origin":"+input"}
2019-4-15 21:24:51.592#change#{"from":{"line":7,"ch":14,"sticky":null},"to":{"line":7,"ch":14,"sticky":null},"text":["f"],"removed":[""],"origin":"+input"}
2019-4-15 21:25:05.329#mousedown#{"isTrusted":true}
2019-4-15 21:25:05.896#change#{"from":{"line":5,"ch":0,"sticky":"after","xRel":145.203125},"to":{"line":5,"ch":0,"sticky":"after","xRel":145.203125},"text":["f"],"removed":[""],"origin":"+input"}
2019-4-15 21:25:06.995#blur#
2019-4-15 21:25:17.943#focus#
2019-4-15 21:25:17.947#mousedown#{"isTrusted":true}
2019-4-15 21:25:19.177#blur#
2019-4-15 21:25:43.743#focus#
2019-4-15 21:25:44.891#blur#
2019-4-15 21:25:54.854#focus#
2019-4-15 21:25:54.856#mousedown#{"isTrusted":true}
2019-4-15 21:26:23.906#keyHandled#"Left"
2019-4-15 21:26:24.539#change#{"from":{"line":7,"ch":13,"sticky":"after"},"to":{"line":7,"ch":14,"sticky":"after"},"text":[""],"removed":[" "],"origin":"+delete"}
2019-4-15 21:26:24.539#keyHandled#"Backspace"
2019-4-15 21:26:24.707#keyHandled#"Left"
2019-4-15 21:26:24.874#keyHandled#"Left"
2019-4-15 21:26:25.127#keyHandled#"Right"
2019-4-15 21:26:25.279#change#{"from":{"line":7,"ch":11,"sticky":"after"},"to":{"line":7,"ch":12,"sticky":"before"},"text":[""],"removed":[" "],"origin":"+delete"}
2019-4-15 21:26:25.279#keyHandled#"Backspace"
2019-4-15 21:26:26.800#keyHandled#"Right"
2019-4-15 21:26:27.199#keyHandled#"Right"
2019-4-15 21:26:28.176#change#{"from":{"line":7,"ch":13,"sticky":"before"},"to":{"line":7,"ch":13,"sticky":"before"},"text":["",""],"removed":[""],"origin":"+input"}
2019-4-15 21:26:28.176#keyHandled#"Enter"
2019-4-15 21:26:28.180#viewportChange#0
2019-4-15 21:26:29.570#change#{"from":{"line":8,"ch":0,"sticky":null},"to":{"line":8,"ch":0,"sticky":null},"text":["i"],"removed":[""],"origin":"+input"}
2019-4-15 21:26:29.929#change#{"from":{"line":8,"ch":1,"sticky":null},"to":{"line":8,"ch":1,"sticky":null},"text":[" "],"removed":[""],"origin":"+input"}
2019-4-15 21:26:30.519#change#{"from":{"line":8,"ch":2,"sticky":null},"to":{"line":8,"ch":2,"sticky":null},"text":["="],"removed":[""],"origin":"+input"}
2019-4-15 21:26:30.608#change#{"from":{"line":8,"ch":3,"sticky":null},"to":{"line":8,"ch":3,"sticky":null},"text":[" "],"removed":[""],"origin":"+input"}
2019-4-15 21:26:35.914#keyHandled#"Up"
2019-4-15 21:26:35.999#keyHandled#"Left"
2019-4-15 21:26:36.319#keyHandled#"Left"
2019-4-15 21:26:36.681#keyHandled#"Left"
2019-4-15 21:26:37.096#change#{"from":{"line":7,"ch":0,"sticky":"after"},"to":{"line":7,"ch":1,"sticky":"after"},"text":[""],"removed":["u"],"origin":"+delete"}
2019-4-15 21:26:37.096#keyHandled#"Backspace"
2019-4-15 21:26:38.088#change#{"from":{"line":7,"ch":0,"sticky":null},"to":{"line":7,"ch":0,"sticky":null},"text":["q"],"removed":[""],"origin":"+input"}
2019-4-15 21:26:38.387#keyHandled#"Down"
2019-4-15 21:26:38.776#change#{"from":{"line":8,"ch":0,"sticky":"after"},"to":{"line":8,"ch":1,"sticky":"after","xRel":0},"text":[""],"removed":["i"],"origin":"+delete"}
2019-4-15 21:26:38.776#keyHandled#"Backspace"
2019-4-15 21:26:38.881#change#{"from":{"line":8,"ch":0,"sticky":null},"to":{"line":8,"ch":0,"sticky":null},"text":["w"],"removed":[""],"origin":"+input"}
2019-4-15 21:26:40.800#keyHandled#"Right"
2019-4-15 21:26:40.987#keyHandled#"Right"
2019-4-15 21:26:41.394#change#{"from":{"line":8,"ch":3,"sticky":"before"},"to":{"line":8,"ch":3,"sticky":"before"},"text":[" "],"removed":[""],"origin":"+input"}
2019-4-15 21:26:46.314#change#{"from":{"line":8,"ch":4,"sticky":null},"to":{"line":8,"ch":4,"sticky":null},"text":["a"],"removed":[""],"origin":"+input"}
2019-4-15 21:26:47.008#change#{"from":{"line":8,"ch":5,"sticky":null},"to":{"line":8,"ch":5,"sticky":null},"text":["*"],"removed":[""],"origin":"+input"}
2019-4-15 21:26:47.168#change#{"from":{"line":8,"ch":6,"sticky":null},"to":{"line":8,"ch":6,"sticky":null},"text":["f"],"removed":[""],"origin":"+input"}
2019-4-15 21:26:47.745#change#{"from":{"line":8,"ch":7,"sticky":null},"to":{"line":8,"ch":7,"sticky":null},"text":[" "],"removed":[""],"origin":"+input"}
2019-4-15 21:26:49.161#change#{"from":{"line":8,"ch":8,"sticky":null},"to":{"line":8,"ch":8,"sticky":null},"text":["-"],"removed":[""],"origin":"+input"}
2019-4-15 21:26:52.800#change#{"from":{"line":8,"ch":9,"sticky":null},"to":{"line":8,"ch":9,"sticky":null},"text":[" "],"removed":[""],"origin":"+input"}
2019-4-15 21:26:58.700#blur#
2019-4-15 21:27:25.626#focus#
2019-4-15 21:27:25.628#mousedown#{"isTrusted":true}
2019-4-15 21:27:26.988#blur#
2019-4-15 21:27:27.488#mousedown#{"isTrusted":true}
2019-4-15 21:27:27.497#focus#
2019-4-15 21:27:27.864#change#{"from":{"line":0,"ch":1,"sticky":"before","xRel":37.515625},"to":{"line":0,"ch":1,"sticky":"before","xRel":37.515625},"text":[" "],"removed":[""],"origin":"+input"}
2019-4-15 21:27:28.490#change#{"from":{"line":0,"ch":2,"sticky":null},"to":{"line":0,"ch":2,"sticky":null},"text":["="],"removed":[""],"origin":"+input"}
2019-4-15 21:27:28.578#change#{"from":{"line":0,"ch":3,"sticky":null},"to":{"line":0,"ch":3,"sticky":null},"text":[" "],"removed":[""],"origin":"+input"}
2019-4-15 21:27:28.950#keyHandled#"Down"
2019-4-15 21:27:29.745#change#{"from":{"line":1,"ch":1,"sticky":"before","xRel":23.0625},"to":{"line":1,"ch":1,"sticky":"before","xRel":23.0625},"text":[" "],"removed":[""],"origin":"+input"}
2019-4-15 21:27:29.938#change#{"from":{"line":1,"ch":2,"sticky":null},"to":{"line":1,"ch":2,"sticky":null},"text":["="],"removed":[""],"origin":"+input"}
2019-4-15 21:27:30.008#change#{"from":{"line":1,"ch":3,"sticky":null},"to":{"line":1,"ch":3,"sticky":null},"text":[" "],"removed":[""],"origin":"+input"}
2019-4-15 21:27:30.317#keyHandled#"Up"
2019-4-15 21:27:31.016#change#{"from":{"line":0,"ch":4,"sticky":"before","xRel":0},"to":{"line":0,"ch":4,"sticky":"before","xRel":0},"text":["f"],"removed":[""],"origin":"+input"}
2019-4-15 21:27:31.132#change#{"from":{"line":0,"ch":5,"sticky":null},"to":{"line":0,"ch":5,"sticky":null},"text":["l"],"removed":[""],"origin":"+input"}
2019-4-15 21:27:31.272#change#{"from":{"line":0,"ch":6,"sticky":null},"to":{"line":0,"ch":6,"sticky":null},"text":["o"],"removed":[""],"origin":"+input"}
2019-4-15 21:27:31.312#change#{"from":{"line":0,"ch":7,"sticky":null},"to":{"line":0,"ch":7,"sticky":null},"text":["a"],"removed":[""],"origin":"+input"}
2019-4-15 21:27:31.402#change#{"from":{"line":0,"ch":8,"sticky":null},"to":{"line":0,"ch":8,"sticky":null},"text":["t"],"removed":[""],"origin":"+input"}
2019-4-15 21:27:31.776#change#{"from":{"line":0,"ch":9,"sticky":null},"to":{"line":0,"ch":9,"sticky":null},"text":["()"],"removed":[""],"origin":"+input"}
2019-4-15 21:27:31.776#keyHandled#"'('"
2019-4-15 21:27:32.288#change#{"from":{"line":0,"ch":10,"sticky":"after"},"to":{"line":0,"ch":10,"sticky":"after"},"text":["i"],"removed":[""],"origin":"+input"}
2019-4-15 21:27:32.459#change#{"from":{"line":0,"ch":11,"sticky":null},"to":{"line":0,"ch":11,"sticky":null},"text":["n"],"removed":[""],"origin":"+input"}
2019-4-15 21:27:32.640#change#{"from":{"line":0,"ch":12,"sticky":null},"to":{"line":0,"ch":12,"sticky":null},"text":["p"],"removed":[""],"origin":"+input"}
2019-4-15 21:27:32.825#change#{"from":{"line":0,"ch":13,"sticky":null},"to":{"line":0,"ch":13,"sticky":null},"text":["u"],"removed":[""],"origin":"+input"}
2019-4-15 21:27:32.914#change#{"from":{"line":0,"ch":14,"sticky":null},"to":{"line":0,"ch":14,"sticky":null},"text":["t"],"removed":[""],"origin":"+input"}
2019-4-15 21:27:35.293#change#{"from":{"line":0,"ch":15,"sticky":null},"to":{"line":0,"ch":15,"sticky":null},"text":["()"],"removed":[""],"origin":"+input"}
2019-4-15 21:27:35.293#keyHandled#"'('"
2019-4-15 21:27:35.531#change#{"from":{"line":0,"ch":16,"sticky":"after"},"to":{"line":0,"ch":16,"sticky":"after"},"text":["d"],"removed":[""],"origin":"+input"}
2019-4-15 21:27:35.678#change#{"from":{"line":0,"ch":17,"sticky":null},"to":{"line":0,"ch":17,"sticky":null},"text":["i"],"removed":[""],"origin":"+input"}
2019-4-15 21:27:36.009#change#{"from":{"line":0,"ch":17,"sticky":"after"},"to":{"line":0,"ch":18,"sticky":null},"text":[""],"removed":["i"],"origin":"+delete"}
2019-4-15 21:27:36.009#keyHandled#"Backspace"
2019-4-15 21:27:36.144#change#{"from":{"line":0,"ch":16,"sticky":"after"},"to":{"line":0,"ch":17,"sticky":null},"text":[""],"removed":["d"],"origin":"+delete"}
2019-4-15 21:27:36.144#keyHandled#"Backspace"
2019-4-15 21:27:36.727#keyHandled#"Right"
2019-4-15 21:27:37.231#keyHandled#"Right"
2019-4-15 21:27:37.778#keyHandled#"Right"
2019-4-15 21:27:38.150#keyHandled#"Left"
2019-4-15 21:27:38.649#keyHandled#"Left"
2019-4-15 21:27:38.682#keyHandled#"Left"
2019-4-15 21:27:38.711#keyHandled#"Left"
2019-4-15 21:27:38.742#keyHandled#"Left"
2019-4-15 21:27:38.775#keyHandled#"Left"
2019-4-15 21:27:38.808#keyHandled#"Left"
2019-4-15 21:27:38.841#keyHandled#"Left"
2019-4-15 21:27:38.876#keyHandled#"Left"
2019-4-15 21:27:38.909#keyHandled#"Left"
2019-4-15 21:27:39.157#keyHandled#"Left"
2019-4-15 21:27:39.303#keyHandled#"Left"
2019-4-15 21:27:39.447#keyHandled#"Left"
2019-4-15 21:27:39.688#keyHandled#"Left"
2019-4-15 21:27:40.071#copy#{"isTrusted":true}
2019-4-15 21:27:40.224#keyHandled#"Down"
2019-4-15 21:27:40.664#keyHandled#"Right"
2019-4-15 21:27:41.747#mousedown#{"isTrusted":true}
2019-4-15 21:27:42.575#mousedown#{"isTrusted":true}
2019-4-15 21:27:42.945#copy#{"isTrusted":true}
2019-4-15 21:27:43.375#keyHandled#"Down"
2019-4-15 21:27:44.200#keyHandled#"Down"
2019-4-15 21:27:45.760#change#{"from":{"line":1,"ch":3,"sticky":"after"},"to":{"line":1,"ch":4,"sticky":"before","xRel":107.25},"text":[""],"removed":[" "],"origin":"+delete"}
2019-4-15 21:27:45.760#keyHandled#"Backspace"
2019-4-15 21:27:45.913#change#{"from":{"line":1,"ch":2,"sticky":"after"},"to":{"line":1,"ch":3,"sticky":null},"text":[""],"removed":["="],"origin":"+delete"}
2019-4-15 21:27:45.913#keyHandled#"Backspace"
2019-4-15 21:27:46.031#change#{"from":{"line":1,"ch":1,"sticky":"after"},"to":{"line":1,"ch":2,"sticky":null},"text":[""],"removed":[" "],"origin":"+delete"}
2019-4-15 21:27:46.031#keyHandled#"Backspace"
2019-4-15 21:27:46.282#change#{"from":{"line":1,"ch":1,"sticky":null},"to":{"line":1,"ch":1,"sticky":null},"text":[" = float(input())"],"removed":[""],"origin":"paste"}
2019-4-15 21:27:46.735#keyHandled#"Down"
2019-4-15 21:27:46.954#change#{"from":{"line":2,"ch":1,"sticky":"before","xRel":130.3125},"to":{"line":2,"ch":1,"sticky":"before","xRel":130.3125},"text":[" = float(input())"],"removed":[""],"origin":"paste"}
2019-4-15 21:27:47.063#keyHandled#"Down"
2019-4-15 21:27:47.225#change#{"from":{"line":3,"ch":1,"sticky":"before","xRel":130.3125},"to":{"line":3,"ch":1,"sticky":"before","xRel":130.3125},"text":[" = float(input())"],"removed":[""],"origin":"paste"}
2019-4-15 21:27:47.345#keyHandled#"Down"
2019-4-15 21:27:47.464#change#{"from":{"line":4,"ch":1,"sticky":"before","xRel":130.3125},"to":{"line":4,"ch":1,"sticky":"before","xRel":130.3125},"text":[" = float(input())"],"removed":[""],"origin":"paste"}
2019-4-15 21:27:47.575#keyHandled#"Down"
2019-4-15 21:27:47.720#change#{"from":{"line":5,"ch":1,"sticky":"before","xRel":130.3125},"to":{"line":5,"ch":1,"sticky":"before","xRel":130.3125},"text":[" = float(input())"],"removed":[""],"origin":"paste"}
2019-4-15 21:27:49.321#mousedown#{"isTrusted":true}
2019-4-15 21:27:52.368#change#{"from":{"line":8,"ch":10,"sticky":"after"},"to":{"line":8,"ch":11,"sticky":"before","xRel":20.625},"text":[""],"removed":[" "],"origin":"+delete"}
2019-4-15 21:27:52.368#keyHandled#"Backspace"
2019-4-15 21:27:54.386#change#{"from":{"line":8,"ch":10,"sticky":null},"to":{"line":8,"ch":10,"sticky":null},"text":["c"],"removed":[""],"origin":"+input"}
2019-4-15 21:27:55.214#change#{"from":{"line":8,"ch":11,"sticky":null},"to":{"line":8,"ch":11,"sticky":null},"text":[" "],"removed":[""],"origin":"+input"}
2019-4-15 21:27:55.712#change#{"from":{"line":8,"ch":11,"sticky":"after"},"to":{"line":8,"ch":12,"sticky":null},"text":[""],"removed":[" "],"origin":"+delete"}
2019-4-15 21:27:55.712#keyHandled#"Backspace"
2019-4-15 21:27:56.139#change#{"from":{"line":8,"ch":11,"sticky":null},"to":{"line":8,"ch":11,"sticky":null},"text":["*"],"removed":[""],"origin":"+input"}
2019-4-15 21:27:56.509#change#{"from":{"line":8,"ch":12,"sticky":null},"to":{"line":8,"ch":12,"sticky":null},"text":["d"],"removed":[""],"origin":"+input"}
2019-4-15 21:27:57.552#mousedown#{"isTrusted":true}
2019-4-15 21:27:58.418#change#{"from":{"line":8,"ch":4,"sticky":"before","xRel":-1.546875},"to":{"line":8,"ch":4,"sticky":"before","xRel":-1.546875},"text":["("],"removed":[""],"origin":"+input"}
2019-4-15 21:27:59.472#mousedown#{"isTrusted":true}
2019-4-15 21:28:00.352#mousedown#{"isTrusted":true}
2019-4-15 21:28:01.073#change#{"from":{"line":8,"ch":8,"sticky":"before","xRel":-1.3125},"to":{"line":8,"ch":8,"sticky":"before","xRel":-1.3125},"text":[")"],"removed":[""],"origin":"+input"}
2019-4-15 21:28:02.287#mousedown#{"isTrusted":true}
2019-4-15 21:28:03.328#change#{"from":{"line":8,"ch":12,"sticky":"before","xRel":-2.078125},"to":{"line":8,"ch":15,"sticky":"before","xRel":0.859375},"text":["(c*d)"],"removed":["c*d"]}
2019-4-15 21:28:03.328#keyHandled#"'('"
2019-4-15 21:28:05.163#mousedown#{"isTrusted":true}
2019-4-15 21:28:06.616#change#{"from":{"line":7,"ch":4,"sticky":"before","xRel":-0.546875},"to":{"line":7,"ch":7,"sticky":"before","xRel":-3.609375},"text":["(c*e)"],"removed":["c*e"]}
2019-4-15 21:28:06.616#keyHandled#"'('"
2019-4-15 21:28:08.064#mousedown#{"isTrusted":true}
2019-4-15 21:28:09.080#change#{"from":{"line":7,"ch":12,"sticky":"before","xRel":-0.078125},"to":{"line":7,"ch":15,"sticky":"before","xRel":0.859375},"text":["(b*f)"],"removed":["b*f"]}
2019-4-15 21:28:09.080#keyHandled#"'('"
2019-4-15 21:28:12.711#mousedown#{"isTrusted":true}
2019-4-15 21:28:18.272#change#{"from":{"line":8,"ch":17,"sticky":"before","xRel":90.46875},"to":{"line":8,"ch":17,"sticky":"before","xRel":90.46875},"text":["",""],"removed":[""],"origin":"+input"}
2019-4-15 21:28:18.272#keyHandled#"Enter"
2019-4-15 21:28:18.279#viewportChange#0
2019-4-15 21:28:20.606#change#{"from":{"line":9,"ch":0,"sticky":null},"to":{"line":9,"ch":0,"sticky":null},"text":["x"],"removed":[""],"origin":"+input"}
2019-4-15 21:28:21.239#change#{"from":{"line":9,"ch":0,"sticky":"after"},"to":{"line":9,"ch":1,"sticky":null},"text":[""],"removed":["x"],"origin":"+delete"}
2019-4-15 21:28:21.239#keyHandled#"Backspace"
2019-4-15 21:28:29.579#change#{"from":{"line":9,"ch":0,"sticky":null},"to":{"line":9,"ch":0,"sticky":null},"text":["g"],"removed":[""],"origin":"+input"}
2019-4-15 21:28:31.506#change#{"from":{"line":9,"ch":0,"sticky":"after"},"to":{"line":9,"ch":1,"sticky":null},"text":[""],"removed":["g"],"origin":"+delete"}
2019-4-15 21:28:31.506#keyHandled#"Backspace"
2019-4-15 21:28:32.171#keyHandled#"Up"
2019-4-15 21:28:33.361#keyHandled#"Up"
2019-4-15 21:28:41.568#change#{"from":{"line":6,"ch":0,"sticky":"before"},"to":{"line":7,"ch":0,"sticky":"after","xRel":0},"text":[""],"removed":["",""],"origin":"+delete"}
2019-4-15 21:28:41.568#keyHandled#"Backspace"
2019-4-15 21:28:41.577#viewportChange#0
2019-4-15 21:28:42.617#change#{"from":{"line":6,"ch":0,"sticky":null},"to":{"line":6,"ch":0,"sticky":null},"text":["",""],"removed":[""],"origin":"undo"}
2019-4-15 21:28:42.617#keyHandled#"Ctrl-Z"
2019-4-15 21:28:42.626#viewportChange#0
2019-4-15 21:28:44.064#change#{"from":{"line":7,"ch":0,"sticky":"after","xRel":0},"to":{"line":7,"ch":1,"sticky":"before"},"text":[""],"removed":["q"],"origin":"+delete"}
2019-4-15 21:28:44.064#keyHandled#"Delete"
2019-4-15 21:28:44.154#change#{"from":{"line":7,"ch":0,"sticky":null},"to":{"line":7,"ch":0,"sticky":null},"text":["u"],"removed":[""],"origin":"+input"}
2019-4-15 21:28:44.520#keyHandled#"Down"
2019-4-15 21:28:45.064#change#{"from":{"line":8,"ch":0,"sticky":"after"},"to":{"line":8,"ch":1,"sticky":"after","xRel":0},"text":[""],"removed":["w"],"origin":"+delete"}
2019-4-15 21:28:45.064#keyHandled#"Backspace"
2019-4-15 21:28:45.153#change#{"from":{"line":8,"ch":0,"sticky":null},"to":{"line":8,"ch":0,"sticky":null},"text":["q"],"removed":[""],"origin":"+input"}
2019-4-15 21:28:45.994#keyHandled#"Down"
2019-4-15 21:28:46.487#change#{"from":{"line":9,"ch":0,"sticky":"after","xRel":7.6875},"to":{"line":9,"ch":0,"sticky":"after","xRel":7.6875},"text":["r"],"removed":[""],"origin":"+input"}
2019-4-15 21:28:46.779#change#{"from":{"line":9,"ch":1,"sticky":null},"to":{"line":9,"ch":1,"sticky":null},"text":[" "],"removed":[""],"origin":"+input"}
2019-4-15 21:28:47.201#change#{"from":{"line":9,"ch":2,"sticky":null},"to":{"line":9,"ch":2,"sticky":null},"text":["="],"removed":[""],"origin":"+input"}
2019-4-15 21:28:47.353#change#{"from":{"line":9,"ch":3,"sticky":null},"to":{"line":9,"ch":3,"sticky":null},"text":[" "],"removed":[""],"origin":"+input"}
2019-4-15 21:28:49.284#blur#
2019-4-15 21:29:08.615#focus#
2019-4-15 21:29:08.701#blur#
2019-4-15 21:29:45.234#focus#
2019-4-15 21:29:45.235#blur#
2019-4-15 21:29:45.270#focus#
2019-4-15 21:29:47.922#blur#
2019-4-15 21:30:09.024#focus#
2019-4-15 21:30:09.026#mousedown#{"isTrusted":true}
2019-4-15 21:30:10.055#mousedown#{"isTrusted":true}
2019-4-15 21:30:14.468#change#{"from":{"line":9,"ch":4,"sticky":"before","xRel":79.453125},"to":{"line":9,"ch":4,"sticky":"before","xRel":79.453125},"text":["a"],"removed":[""],"origin":"+input"}
2019-4-15 21:30:14.613#change#{"from":{"line":9,"ch":5,"sticky":null},"to":{"line":9,"ch":5,"sticky":null},"text":["e"],"removed":[""],"origin":"+input"}
2019-4-15 21:30:15.080#change#{"from":{"line":9,"ch":5,"sticky":"after"},"to":{"line":9,"ch":6,"sticky":null},"text":[""],"removed":["e"],"origin":"+delete"}
2019-4-15 21:30:15.080#keyHandled#"Backspace"
2019-4-15 21:30:15.674#change#{"from":{"line":9,"ch":5,"sticky":null},"to":{"line":9,"ch":5,"sticky":null},"text":["*"],"removed":[""],"origin":"+input"}
2019-4-15 21:30:15.951#change#{"from":{"line":9,"ch":6,"sticky":null},"to":{"line":9,"ch":6,"sticky":null},"text":[" "],"removed":[""],"origin":"+input"}
2019-4-15 21:30:16.593#change#{"from":{"line":9,"ch":6,"sticky":"after"},"to":{"line":9,"ch":7,"sticky":null},"text":[""],"removed":[" "],"origin":"+delete"}
2019-4-15 21:30:16.593#keyHandled#"Backspace"
2019-4-15 21:30:16.655#change#{"from":{"line":9,"ch":6,"sticky":null},"to":{"line":9,"ch":6,"sticky":null},"text":["e"],"removed":[""],"origin":"+input"}
2019-4-15 21:30:17.512#keyHandled#"Left"
2019-4-15 21:30:17.679#keyHandled#"Left"
2019-4-15 21:30:17.816#keyHandled#"Left"
2019-4-15 21:30:18.071#keyHandled#"Right"
2019-4-15 21:30:18.249#keyHandled#"Right"
2019-4-15 21:30:18.367#keyHandled#"Right"
2019-4-15 21:30:19.487#change#{"from":{"line":9,"ch":4,"sticky":"after"},"to":{"line":9,"ch":7,"sticky":"before"},"text":["(a*e)"],"removed":["a*e"]}
2019-4-15 21:30:19.487#keyHandled#"'('"
2019-4-15 21:30:19.839#keyHandled#"Right"
2019-4-15 21:30:20.327#keyHandled#"Right"
2019-4-15 21:30:20.511#keyHandled#"Right"
2019-4-15 21:30:20.825#change#{"from":{"line":9,"ch":9,"sticky":"before","hitSide":true},"to":{"line":9,"ch":9,"sticky":"before","hitSide":true},"text":[" "],"removed":[""],"origin":"+input"}
2019-4-15 21:30:21.043#change#{"from":{"line":9,"ch":10,"sticky":null},"to":{"line":9,"ch":10,"sticky":null},"text":["-"],"removed":[""],"origin":"+input"}
2019-4-15 21:30:21.236#change#{"from":{"line":9,"ch":11,"sticky":null},"to":{"line":9,"ch":11,"sticky":null},"text":[" "],"removed":[""],"origin":"+input"}
2019-4-15 21:30:23.415#change#{"from":{"line":9,"ch":12,"sticky":null},"to":{"line":9,"ch":12,"sticky":null},"text":["()"],"removed":[""],"origin":"+input"}
2019-4-15 21:30:23.415#keyHandled#"'('"
2019-4-15 21:30:24.537#change#{"from":{"line":9,"ch":13,"sticky":"after"},"to":{"line":9,"ch":13,"sticky":"after"},"text":["b"],"removed":[""],"origin":"+input"}
2019-4-15 21:30:25.071#change#{"from":{"line":9,"ch":14,"sticky":null},"to":{"line":9,"ch":14,"sticky":null},"text":["*"],"removed":[""],"origin":"+input"}
2019-4-15 21:30:25.344#change#{"from":{"line":9,"ch":15,"sticky":null},"to":{"line":9,"ch":15,"sticky":null},"text":["d"],"removed":[""],"origin":"+input"}
2019-4-15 21:30:32.639#keyHandled#"Right"
2019-4-15 21:30:33.038#change#{"from":{"line":9,"ch":17,"sticky":"before"},"to":{"line":9,"ch":17,"sticky":"before"},"text":["",""],"removed":[""],"origin":"+input"}
2019-4-15 21:30:33.038#keyHandled#"Enter"
2019-4-15 21:30:33.044#viewportChange#0
2019-4-15 21:30:38.718#change#{"from":{"line":10,"ch":0,"sticky":null},"to":{"line":10,"ch":0,"sticky":null},"text":["",""],"removed":[""],"origin":"+input"}
2019-4-15 21:30:38.718#keyHandled#"Enter"
2019-4-15 21:30:38.723#viewportChange#0
2019-4-15 21:30:40.595#blur#
2019-4-15 21:30:50.621#focus#
2019-4-15 21:30:50.622#mousedown#{"isTrusted":true}
2019-4-15 21:30:58.233#change#{"from":{"line":11,"ch":0,"sticky":"after","xRel":248.203125},"to":{"line":11,"ch":0,"sticky":"after","xRel":248.203125},"text":["x"],"removed":[""],"origin":"+input"}
2019-4-15 21:30:58.391#change#{"from":{"line":11,"ch":1,"sticky":null},"to":{"line":11,"ch":1,"sticky":null},"text":[" "],"removed":[""],"origin":"+input"}
2019-4-15 21:30:58.535#change#{"from":{"line":11,"ch":2,"sticky":null},"to":{"line":11,"ch":2,"sticky":null},"text":["="],"removed":[""],"origin":"+input"}
2019-4-15 21:30:58.655#change#{"from":{"line":11,"ch":3,"sticky":null},"to":{"line":11,"ch":3,"sticky":null},"text":[" "],"removed":[""],"origin":"+input"}
2019-4-15 21:31:01.096#change#{"from":{"line":11,"ch":4,"sticky":null},"to":{"line":11,"ch":4,"sticky":null},"text":["u"],"removed":[""],"origin":"+input"}
2019-4-15 21:31:01.710#keyHandled#"Up"
2019-4-15 21:31:02.910#mousedown#{"isTrusted":true}
2019-4-15 21:31:03.406#mousedown#{"isTrusted":true}
2019-4-15 21:31:03.783#change#{"from":{"line":8,"ch":17,"sticky":"before","xRel":45.46875},"to":{"line":8,"ch":17,"sticky":"before","xRel":45.46875},"text":["",""],"removed":[""],"origin":"+input"}
2019-4-15 21:31:03.783#keyHandled#"Enter"
2019-4-15 21:31:03.788#viewportChange#0
2019-4-15 21:31:04.277#mousedown#{"isTrusted":true}
2019-4-15 21:31:05.817#change#{"from":{"line":12,"ch":5,"sticky":"before","xRel":98.765625},"to":{"line":12,"ch":5,"sticky":"before","xRel":98.765625},"text":["/"],"removed":[""],"origin":"+input"}
2019-4-15 21:31:05.911#change#{"from":{"line":12,"ch":6,"sticky":null},"to":{"line":12,"ch":6,"sticky":null},"text":["r"],"removed":[""],"origin":"+input"}
2019-4-15 21:31:07.567#keyHandled#"Right"
2019-4-15 21:31:10.054#change#{"from":{"line":12,"ch":7,"sticky":null},"to":{"line":12,"ch":7,"sticky":null,"hitSide":true},"text":["",""],"removed":[""],"origin":"+input"}
2019-4-15 21:31:10.054#keyHandled#"Enter"
2019-4-15 21:31:10.059#viewportChange#0
2019-4-15 21:31:12.976#change#{"from":{"line":13,"ch":0,"sticky":null},"to":{"line":13,"ch":0,"sticky":null},"text":["y"],"removed":[""],"origin":"+input"}
2019-4-15 21:31:13.555#change#{"from":{"line":13,"ch":1,"sticky":null},"to":{"line":13,"ch":1,"sticky":null},"text":[" "],"removed":[""],"origin":"+input"}
2019-4-15 21:31:13.800#change#{"from":{"line":13,"ch":2,"sticky":null},"to":{"line":13,"ch":2,"sticky":null},"text":["="],"removed":[""],"origin":"+input"}
2019-4-15 21:31:13.927#change#{"from":{"line":13,"ch":3,"sticky":null},"to":{"line":13,"ch":3,"sticky":null},"text":[" "],"removed":[""],"origin":"+input"}
2019-4-15 21:31:16.897#change#{"from":{"line":13,"ch":4,"sticky":null},"to":{"line":13,"ch":4,"sticky":null},"text":["q"],"removed":[""],"origin":"+input"}
2019-4-15 21:31:17.552#change#{"from":{"line":13,"ch":5,"sticky":null},"to":{"line":13,"ch":5,"sticky":null},"text":["/"],"removed":[""],"origin":"+input"}
2019-4-15 21:31:17.695#change#{"from":{"line":13,"ch":6,"sticky":null},"to":{"line":13,"ch":6,"sticky":null},"text":["r"],"removed":[""],"origin":"+input"}
2019-4-15 21:31:19.216#change#{"from":{"line":13,"ch":7,"sticky":null},"to":{"line":13,"ch":7,"sticky":null},"text":["",""],"removed":[""],"origin":"+input"}
2019-4-15 21:31:19.216#keyHandled#"Enter"
2019-4-15 21:31:19.221#viewportChange#0
2019-4-15 21:31:19.374#change#{"from":{"line":14,"ch":0,"sticky":null},"to":{"line":14,"ch":0,"sticky":null},"text":["",""],"removed":[""],"origin":"+input"}
2019-4-15 21:31:19.374#keyHandled#"Enter"
2019-4-15 21:31:19.383#viewportChange#0
2019-4-15 21:31:20.351#change#{"from":{"line":15,"ch":0,"sticky":null},"to":{"line":15,"ch":0,"sticky":null},"text":["",""],"removed":[""],"origin":"+input"}
2019-4-15 21:31:20.351#keyHandled#"Enter"
2019-4-15 21:31:20.357#viewportChange#0
2019-4-15 21:31:20.551#change#{"from":{"line":16,"ch":0,"sticky":null},"to":{"line":16,"ch":0,"sticky":null},"text":["",""],"removed":[""],"origin":"+input"}
2019-4-15 21:31:20.551#keyHandled#"Enter"
2019-4-15 21:31:20.556#viewportChange#0
2019-4-15 21:31:20.710#change#{"from":{"line":17,"ch":0,"sticky":null},"to":{"line":17,"ch":0,"sticky":null},"text":["",""],"removed":[""],"origin":"+input"}
2019-4-15 21:31:20.710#keyHandled#"Enter"
2019-4-15 21:31:20.715#viewportChange#0
2019-4-15 21:31:20.894#change#{"from":{"line":18,"ch":0,"sticky":null},"to":{"line":18,"ch":0,"sticky":null},"text":["",""],"removed":[""],"origin":"+input"}
2019-4-15 21:31:20.894#keyHandled#"Enter"
2019-4-15 21:31:20.900#viewportChange#0
2019-4-15 21:31:21.070#change#{"from":{"line":19,"ch":0,"sticky":null},"to":{"line":19,"ch":0,"sticky":null},"text":["",""],"removed":[""],"origin":"+input"}
2019-4-15 21:31:21.070#keyHandled#"Enter"
2019-4-15 21:31:21.076#viewportChange#0
2019-4-15 21:31:21.238#change#{"from":{"line":20,"ch":0,"sticky":null},"to":{"line":20,"ch":0,"sticky":null},"text":["",""],"removed":[""],"origin":"+input"}
2019-4-15 21:31:21.238#keyHandled#"Enter"
2019-4-15 21:31:21.244#viewportChange#0
2019-4-15 21:31:21.422#change#{"from":{"line":21,"ch":0,"sticky":null},"to":{"line":21,"ch":0,"sticky":null},"text":["",""],"removed":[""],"origin":"+input"}
2019-4-15 21:31:21.422#keyHandled#"Enter"
2019-4-15 21:31:21.428#viewportChange#0
2019-4-15 21:31:21.598#change#{"from":{"line":22,"ch":0,"sticky":null},"to":{"line":22,"ch":0,"sticky":null},"text":["",""],"removed":[""],"origin":"+input"}
2019-4-15 21:31:21.598#keyHandled#"Enter"
2019-4-15 21:31:21.605#viewportChange#0
2019-4-15 21:31:21.782#change#{"from":{"line":23,"ch":0,"sticky":null},"to":{"line":23,"ch":0,"sticky":null},"text":["",""],"removed":[""],"origin":"+input"}
2019-4-15 21:31:21.782#keyHandled#"Enter"
2019-4-15 21:31:21.789#viewportChange#0
2019-4-15 21:31:22.158#change#{"from":{"line":25,"ch":0,"sticky":null},"to":{"line":25,"ch":0,"sticky":null},"text":["",""],"removed":[""],"origin":"+input"}
2019-4-15 21:31:22.159#keyHandled#"Enter"
2019-4-15 21:31:22.165#viewportChange#0
2019-4-15 21:31:22.351#change#{"from":{"line":26,"ch":0,"sticky":null},"to":{"line":26,"ch":0,"sticky":null},"text":["",""],"removed":[""],"origin":"+input"}
2019-4-15 21:31:22.351#keyHandled#"Enter"
2019-4-15 21:31:22.359#viewportChange#0
2019-4-15 21:31:22.790#mousedown#{"isTrusted":true}
2019-4-15 21:31:48.273#change#{"from":{"line":15,"ch":0,"sticky":"after","xRel":48.203125},"to":{"line":15,"ch":0,"sticky":"after","xRel":48.203125},"text":["i"],"removed":[""],"origin":"+input"}
2019-4-15 21:31:48.351#change#{"from":{"line":15,"ch":1,"sticky":null},"to":{"line":15,"ch":1,"sticky":null},"text":["f"],"removed":[""],"origin":"+input"}
2019-4-15 21:31:48.549#change#{"from":{"line":15,"ch":2,"sticky":null},"to":{"line":15,"ch":2,"sticky":null},"text":[" "],"removed":[""],"origin":"+input"}
2019-4-15 21:31:48.834#change#{"from":{"line":15,"ch":2,"sticky":"after"},"to":{"line":15,"ch":3,"sticky":null},"text":[""],"removed":[" "],"origin":"+delete"}
2019-4-15 21:31:48.834#keyHandled#"Backspace"
2019-4-15 21:31:49.766#change#{"from":{"line":15,"ch":2,"sticky":null},"to":{"line":15,"ch":2,"sticky":null},"text":[" "],"removed":[""],"origin":"+input"}
2019-4-15 21:31:52.960#change#{"from":{"line":15,"ch":3,"sticky":null},"to":{"line":15,"ch":3,"sticky":null},"text":["r"],"removed":[""],"origin":"+input"}
2019-4-15 21:31:53.443#change#{"from":{"line":15,"ch":4,"sticky":null},"to":{"line":15,"ch":4,"sticky":null},"text":[" "],"removed":[""],"origin":"+input"}
2019-4-15 21:31:53.722#change#{"from":{"line":15,"ch":5,"sticky":null},"to":{"line":15,"ch":5,"sticky":null},"text":["="],"removed":[""],"origin":"+input"}
2019-4-15 21:31:53.873#change#{"from":{"line":15,"ch":6,"sticky":null},"to":{"line":15,"ch":6,"sticky":null},"text":["="],"removed":[""],"origin":"+input"}
2019-4-15 21:31:55.638#change#{"from":{"line":15,"ch":6,"sticky":"after"},"to":{"line":15,"ch":7,"sticky":null},"text":[""],"removed":["="],"origin":"+delete"}
2019-4-15 21:31:55.638#keyHandled#"Backspace"
2019-4-15 21:31:55.783#change#{"from":{"line":15,"ch":5,"sticky":"after"},"to":{"line":15,"ch":6,"sticky":null},"text":[""],"removed":["="],"origin":"+delete"}
2019-4-15 21:31:55.783#keyHandled#"Backspace"
2019-4-15 21:31:56.175#change#{"from":{"line":15,"ch":5,"sticky":null},"to":{"line":15,"ch":5,"sticky":null},"text":["!"],"removed":[""],"origin":"+input"}
2019-4-15 21:31:56.279#change#{"from":{"line":15,"ch":6,"sticky":null},"to":{"line":15,"ch":6,"sticky":null},"text":["+"],"removed":[""],"origin":"+input"}
2019-4-15 21:31:57.863#change#{"from":{"line":15,"ch":6,"sticky":"after"},"to":{"line":15,"ch":7,"sticky":null},"text":[""],"removed":["+"],"origin":"+delete"}
2019-4-15 21:31:57.863#keyHandled#"Backspace"
2019-4-15 21:31:58.025#change#{"from":{"line":15,"ch":5,"sticky":"after"},"to":{"line":15,"ch":6,"sticky":null},"text":[""],"removed":["!"],"origin":"+delete"}
2019-4-15 21:31:58.025#keyHandled#"Backspace"
2019-4-15 21:31:58.176#change#{"from":{"line":15,"ch":5,"sticky":null},"to":{"line":15,"ch":5,"sticky":null},"text":["="],"removed":[""],"origin":"+input"}
2019-4-15 21:31:58.327#change#{"from":{"line":15,"ch":6,"sticky":null},"to":{"line":15,"ch":6,"sticky":null},"text":["="],"removed":[""],"origin":"+input"}
2019-4-15 21:31:58.660#change#{"from":{"line":15,"ch":7,"sticky":null},"to":{"line":15,"ch":7,"sticky":null},"text":[" "],"removed":[""],"origin":"+input"}
2019-4-15 21:31:58.955#change#{"from":{"line":15,"ch":8,"sticky":null},"to":{"line":15,"ch":8,"sticky":null},"text":["0"],"removed":[""],"origin":"+input"}
2019-4-15 21:31:59.702#change#{"from":{"line":15,"ch":9,"sticky":null},"to":{"line":15,"ch":9,"sticky":null},"text":[":"],"removed":[""],"origin":"+input"}
2019-4-15 21:31:59.935#change#{"from":{"line":15,"ch":10,"sticky":null},"to":{"line":15,"ch":10,"sticky":null},"text":["",""],"removed":[""],"origin":"+input"}
2019-4-15 21:31:59.935#change#{"from":{"line":16,"ch":0,"sticky":null},"to":{"line":16,"ch":0,"sticky":null},"text":["\t"],"removed":[""],"origin":"+input"}
2019-4-15 21:31:59.935#keyHandled#"Enter"
2019-4-15 21:31:59.946#viewportChange#0
2019-4-15 21:32:00.800#change#{"from":{"line":16,"ch":1,"sticky":null},"to":{"line":16,"ch":1,"sticky":null},"text":["p"],"removed":[""],"origin":"+input"}
2019-4-15 21:32:00.959#change#{"from":{"line":16,"ch":2,"sticky":null},"to":{"line":16,"ch":2,"sticky":null},"text":["i"],"removed":[""],"origin":"+input"}
2019-4-15 21:32:01.222#change#{"from":{"line":16,"ch":2,"sticky":"after"},"to":{"line":16,"ch":3,"sticky":null},"text":[""],"removed":["i"],"origin":"+delete"}
2019-4-15 21:32:01.222#keyHandled#"Backspace"
2019-4-15 21:32:01.343#change#{"from":{"line":16,"ch":2,"sticky":null},"to":{"line":16,"ch":2,"sticky":null},"text":["r"],"removed":[""],"origin":"+input"}
2019-4-15 21:32:01.415#change#{"from":{"line":16,"ch":3,"sticky":null},"to":{"line":16,"ch":3,"sticky":null},"text":["i"],"removed":[""],"origin":"+input"}
2019-4-15 21:32:01.567#change#{"from":{"line":16,"ch":4,"sticky":null},"to":{"line":16,"ch":4,"sticky":null},"text":["n"],"removed":[""],"origin":"+input"}
2019-4-15 21:32:01.665#change#{"from":{"line":16,"ch":5,"sticky":null},"to":{"line":16,"ch":5,"sticky":null},"text":["t"],"removed":[""],"origin":"+input"}
2019-4-15 21:32:05.183#change#{"from":{"line":16,"ch":7,"sticky":"after"},"to":{"line":16,"ch":7,"sticky":"after"},"text":["a"],"removed":[""],"origin":"+input"}
2019-4-15 21:32:05.455#change#{"from":{"line":16,"ch":8,"sticky":null},"to":{"line":16,"ch":8,"sticky":null},"text":[" "],"removed":[""],"origin":"+input"}
2019-4-15 21:32:11.967#change#{"from":{"line":16,"ch":8,"sticky":"after"},"to":{"line":16,"ch":9,"sticky":null},"text":[""],"removed":[" "],"origin":"+delete"}
2019-4-15 21:32:11.967#keyHandled#"Backspace"
2019-4-15 21:32:12.111#change#{"from":{"line":16,"ch":7,"sticky":"after"},"to":{"line":16,"ch":8,"sticky":null},"text":[""],"removed":["a"],"origin":"+delete"}
2019-4-15 21:32:12.111#keyHandled#"Backspace"
2019-4-15 21:32:12.356#change#{"from":{"line":16,"ch":7,"sticky":null},"to":{"line":16,"ch":7,"sticky":null},"text":["\"\""],"removed":[""],"origin":"+input"}
2019-4-15 21:32:12.356#keyHandled#"'\"'"
2019-4-15 21:32:17.682#change#{"from":{"line":16,"ch":8,"sticky":"after"},"to":{"line":16,"ch":8,"sticky":"after"},"text":["n"],"removed":[""],"origin":"+input"}
2019-4-15 21:32:17.871#change#{"from":{"line":16,"ch":9,"sticky":null},"to":{"line":16,"ch":9,"sticky":null},"text":["a"],"removed":[""],"origin":"+input"}
2019-4-15 21:32:18.419#change#{"from":{"line":16,"ch":9,"sticky":"after"},"to":{"line":16,"ch":10,"sticky":null},"text":[""],"removed":["a"],"origin":"+delete"}
2019-4-15 21:32:18.419#keyHandled#"Backspace"
2019-4-15 21:32:18.577#change#{"from":{"line":16,"ch":8,"sticky":"after"},"to":{"line":16,"ch":9,"sticky":null},"text":[""],"removed":["n"],"origin":"+delete"}
2019-4-15 21:32:18.577#keyHandled#"Backspace"
2019-4-15 21:32:18.819#change#{"from":{"line":16,"ch":8,"sticky":null},"to":{"line":16,"ch":8,"sticky":null},"text":["N"],"removed":[""],"origin":"+input"}
2019-4-15 21:32:19.015#change#{"from":{"line":16,"ch":9,"sticky":null},"to":{"line":16,"ch":9,"sticky":null},"text":["a"],"removed":[""],"origin":"+input"}
2019-4-15 21:32:19.197#change#{"from":{"line":16,"ch":10,"sticky":null},"to":{"line":16,"ch":10,"sticky":null},"text":["o"],"removed":[""],"origin":"+input"}
2019-4-15 21:32:19.454#change#{"from":{"line":16,"ch":11,"sticky":null},"to":{"line":16,"ch":11,"sticky":null},"text":[" "],"removed":[""],"origin":"+input"}
2019-4-15 21:32:19.568#change#{"from":{"line":16,"ch":12,"sticky":null},"to":{"line":16,"ch":12,"sticky":null},"text":["t"],"removed":[""],"origin":"+input"}
2019-4-15 21:32:19.624#change#{"from":{"line":16,"ch":13,"sticky":null},"to":{"line":16,"ch":13,"sticky":null},"text":["e"],"removed":[""],"origin":"+input"}
2019-4-15 21:32:19.711#change#{"from":{"line":16,"ch":14,"sticky":null},"to":{"line":16,"ch":14,"sticky":null},"text":["m"],"removed":[""],"origin":"+input"}
2019-4-15 21:32:19.828#change#{"from":{"line":16,"ch":15,"sticky":null},"to":{"line":16,"ch":15,"sticky":null},"text":[" "],"removed":[""],"origin":"+input"}
2019-4-15 21:32:20.120#change#{"from":{"line":16,"ch":16,"sticky":null},"to":{"line":16,"ch":16,"sticky":null},"text":["s"],"removed":[""],"origin":"+input"}
2019-4-15 21:32:20.208#change#{"from":{"line":16,"ch":17,"sticky":null},"to":{"line":16,"ch":17,"sticky":null},"text":["o"],"removed":[""],"origin":"+input"}
2019-4-15 21:32:20.391#change#{"from":{"line":16,"ch":18,"sticky":null},"to":{"line":16,"ch":18,"sticky":null},"text":["l"],"removed":[""],"origin":"+input"}
2019-4-15 21:32:20.590#change#{"from":{"line":16,"ch":19,"sticky":null},"to":{"line":16,"ch":19,"sticky":null},"text":["u"],"removed":[""],"origin":"+input"}
2019-4-15 21:32:20.775#change#{"from":{"line":16,"ch":20,"sticky":null},"to":{"line":16,"ch":20,"sticky":null},"text":["c"],"removed":[""],"origin":"+input"}
2019-4-15 21:32:20.911#change#{"from":{"line":16,"ch":21,"sticky":null},"to":{"line":16,"ch":21,"sticky":null},"text":["a"],"removed":[""],"origin":"+input"}
2019-4-15 21:32:21.039#change#{"from":{"line":16,"ch":22,"sticky":null},"to":{"line":16,"ch":22,"sticky":null},"text":["o"],"removed":[""],"origin":"+input"}
2019-4-15 21:32:21.687#keyHandled#"Right"
2019-4-15 21:32:22.343#change#{"from":{"line":16,"ch":25,"sticky":"before"},"to":{"line":16,"ch":25,"sticky":"before"},"text":["",""],"removed":[""],"origin":"+input"}
2019-4-15 21:32:22.343#change#{"from":{"line":17,"ch":0,"sticky":null},"to":{"line":17,"ch":0,"sticky":null},"text":["\t"],"removed":[""],"origin":"+input"}
2019-4-15 21:32:22.343#keyHandled#"Enter"
2019-4-15 21:32:22.351#viewportChange#0
2019-4-15 21:32:23.558#change#{"from":{"line":17,"ch":0,"sticky":"after"},"to":{"line":17,"ch":1,"sticky":null},"text":[""],"removed":["\t"],"origin":"+delete"}
2019-4-15 21:32:23.558#keyHandled#"Backspace"
2019-4-15 21:32:24.257#change#{"from":{"line":17,"ch":0,"sticky":null},"to":{"line":17,"ch":0,"sticky":null},"text":["e"],"removed":[""],"origin":"+input"}
2019-4-15 21:32:24.377#change#{"from":{"line":17,"ch":1,"sticky":null},"to":{"line":17,"ch":1,"sticky":null},"text":["l"],"removed":[""],"origin":"+input"}
2019-4-15 21:32:24.463#change#{"from":{"line":17,"ch":2,"sticky":null},"to":{"line":17,"ch":2,"sticky":null},"text":["s"],"removed":[""],"origin":"+input"}
2019-4-15 21:32:24.559#change#{"from":{"line":17,"ch":3,"sticky":null},"to":{"line":17,"ch":3,"sticky":null},"text":["e"],"removed":[""],"origin":"+input"}
2019-4-15 21:32:26.207#change#{"from":{"line":17,"ch":4,"sticky":null},"to":{"line":17,"ch":4,"sticky":null},"text":[" "],"removed":[""],"origin":"+input"}
2019-4-15 21:32:28.097#change#{"from":{"line":17,"ch":4,"sticky":"after"},"to":{"line":17,"ch":5,"sticky":null},"text":[""],"removed":[" "],"origin":"+delete"}
2019-4-15 21:32:28.097#keyHandled#"Backspace"
2019-4-15 21:32:28.845#change#{"from":{"line":17,"ch":4,"sticky":null},"to":{"line":17,"ch":4,"sticky":null},"text":[":"],"removed":[""],"origin":"+input"}
2019-4-15 21:32:29.094#change#{"from":{"line":17,"ch":5,"sticky":null},"to":{"line":17,"ch":5,"sticky":null},"text":["",""],"removed":[""],"origin":"+input"}
2019-4-15 21:32:29.094#change#{"from":{"line":18,"ch":0,"sticky":null},"to":{"line":18,"ch":0,"sticky":null},"text":["\t"],"removed":[""],"origin":"+input"}
2019-4-15 21:32:29.094#keyHandled#"Enter"
2019-4-15 21:32:29.103#viewportChange#0
2019-4-15 21:32:30.521#change#{"from":{"line":18,"ch":1,"sticky":null},"to":{"line":18,"ch":1,"sticky":null},"text":["p"],"removed":[""],"origin":"+input"}
2019-4-15 21:32:30.632#change#{"from":{"line":18,"ch":2,"sticky":null},"to":{"line":18,"ch":2,"sticky":null},"text":["r"],"removed":[""],"origin":"+input"}
2019-4-15 21:32:30.753#change#{"from":{"line":18,"ch":3,"sticky":null},"to":{"line":18,"ch":3,"sticky":null},"text":["i"],"removed":[""],"origin":"+input"}
2019-4-15 21:32:30.911#change#{"from":{"line":18,"ch":4,"sticky":null},"to":{"line":18,"ch":4,"sticky":null},"text":["n"],"removed":[""],"origin":"+input"}
2019-4-15 21:32:30.991#change#{"from":{"line":18,"ch":5,"sticky":null},"to":{"line":18,"ch":5,"sticky":null},"text":["t"],"removed":[""],"origin":"+input"}
2019-4-15 21:32:35.245#change#{"from":{"line":18,"ch":6,"sticky":null},"to":{"line":18,"ch":6,"sticky":null},"text":["()"],"removed":[""],"origin":"+input"}
2019-4-15 21:32:35.245#keyHandled#"'('"
2019-4-15 21:32:36.722#change#{"from":{"line":18,"ch":7,"sticky":"after"},"to":{"line":18,"ch":7,"sticky":"after"},"text":["x"],"removed":[""],"origin":"+input"}
2019-4-15 21:32:37.359#keyHandled#"Right"
2019-4-15 21:32:38.191#change#{"from":{"line":18,"ch":9,"sticky":"before"},"to":{"line":18,"ch":9,"sticky":"before"},"text":["",""],"removed":[""],"origin":"+input"}
2019-4-15 21:32:38.191#change#{"from":{"line":19,"ch":0,"sticky":null},"to":{"line":19,"ch":0,"sticky":null},"text":["\t"],"removed":[""],"origin":"+input"}
2019-4-15 21:32:38.191#keyHandled#"Enter"
2019-4-15 21:32:38.200#viewportChange#0
2019-4-15 21:32:38.687#change#{"from":{"line":19,"ch":1,"sticky":null},"to":{"line":19,"ch":1,"sticky":null},"text":["p"],"removed":[""],"origin":"+input"}
2019-4-15 21:32:38.831#change#{"from":{"line":19,"ch":2,"sticky":null},"to":{"line":19,"ch":2,"sticky":null},"text":["r"],"removed":[""],"origin":"+input"}
2019-4-15 21:32:38.928#change#{"from":{"line":19,"ch":3,"sticky":null},"to":{"line":19,"ch":3,"sticky":null},"text":["i"],"removed":[""],"origin":"+input"}
2019-4-15 21:32:39.115#change#{"from":{"line":19,"ch":4,"sticky":null},"to":{"line":19,"ch":4,"sticky":null},"text":["n"],"removed":[""],"origin":"+input"}
2019-4-15 21:32:39.191#change#{"from":{"line":19,"ch":5,"sticky":null},"to":{"line":19,"ch":5,"sticky":null},"text":["t"],"removed":[""],"origin":"+input"}
2019-4-15 21:32:39.444#change#{"from":{"line":19,"ch":6,"sticky":null},"to":{"line":19,"ch":6,"sticky":null},"text":["()"],"removed":[""],"origin":"+input"}
2019-4-15 21:32:39.444#keyHandled#"'('"
2019-4-15 21:32:39.800#change#{"from":{"line":19,"ch":7,"sticky":"after"},"to":{"line":19,"ch":7,"sticky":"after"},"text":["y"],"removed":[""],"origin":"+input"}
2019-4-15 21:32:43.937#blur#
2019-4-15 21:32:44.527#saida_testar#$ python3 main.py
2019-4-15 21:32:44.527#saida_testar#$ python3 main.py
2019-4-15 21:32:49.817#submit#Your code did not produce the correct output. Please, correct your code and try again.
2019-4-15 21:32:54.465#mousedown#{"isTrusted":true}
2019-4-15 21:32:54.529#focus#
2019-4-15 21:32:57.624#copy#{"isTrusted":true}
2019-4-15 21:32:58.351#change#{"from":{"line":6,"ch":0,"sticky":"after","xRel":0.203125},"to":{"line":14,"ch":0,"sticky":"after","xRel":118.203125},"text":[""],"removed":["","u = (c*e) - (b*f)","q = (a*f) - (c*d)","","r = (a*e) - (b*d)","","x = u/r","y = q/r",""],"origin":"+delete"}
2019-4-15 21:32:58.351#keyHandled#"Delete"
2019-4-15 21:32:58.368#viewportChange#0
2019-4-15 21:33:01.766#mousedown#{"isTrusted":true}
2019-4-15 21:33:04.146#change#{"from":{"line":10,"ch":1,"sticky":"after","xRel":0.203125},"to":{"line":12,"ch":0,"sticky":"after","xRel":73.203125},"text":["","u = (c*e) - (b*f)","q = (a*f) - (c*d)","","r = (a*e) - (b*d)","","x = u/r","y = q/r",""],"removed":["print(x)","\tprint(y)",""],"origin":"paste"}
2019-4-15 21:33:04.173#viewportChange#0
2019-4-15 21:33:06.734#mousedown#{"isTrusted":true}
2019-4-15 21:33:07.890#mousedown#{"isTrusted":true}
2019-4-15 21:33:08.831#copy#{"isTrusted":true}
2019-4-15 21:33:09.118#mousedown#{"isTrusted":true}
2019-4-15 21:33:09.464#change#{"from":{"line":10,"ch":1,"sticky":"before","xRel":63.109375},"to":{"line":10,"ch":1,"sticky":"before","xRel":63.109375},"text":["u = (c*e) - (b*f)"],"removed":[""],"origin":"paste"}
2019-4-15 21:33:10.343#mousedown#{"isTrusted":true}
2019-4-15 21:33:11.241#copy#{"isTrusted":true}
2019-4-15 21:33:11.566#mousedown#{"isTrusted":true}
2019-4-15 21:33:13.238#mousedown#{"isTrusted":true}
2019-4-15 21:33:14.672#change#{"from":{"line":11,"ch":0,"sticky":"after","xRel":3.203125},"to":{"line":11,"ch":17,"sticky":"before","xRel":21.46875},"text":[""],"removed":["u = (c*e) - (b*f)"],"origin":"+delete"}
2019-4-15 21:33:14.672#keyHandled#"Backspace"
2019-4-15 21:33:15.506#change#{"from":{"line":10,"ch":18,"sticky":"before"},"to":{"line":11,"ch":0,"sticky":null},"text":[""],"removed":["",""],"origin":"+delete"}
2019-4-15 21:33:15.506#keyHandled#"Backspace"
2019-4-15 21:33:15.518#viewportChange#0
2019-4-15 21:33:16.071#change#{"from":{"line":10,"ch":18,"sticky":null},"to":{"line":10,"ch":18,"sticky":null},"text":["",""],"removed":[""],"origin":"+input"}
2019-4-15 21:33:16.071#change#{"from":{"line":11,"ch":0,"sticky":null},"to":{"line":11,"ch":0,"sticky":null},"text":["\t"],"removed":[""],"origin":"+input"}
2019-4-15 21:33:16.071#keyHandled#"Enter"
2019-4-15 21:33:16.082#viewportChange#0
2019-4-15 21:33:16.680#change#{"from":{"line":11,"ch":1,"sticky":null},"to":{"line":11,"ch":1,"sticky":null},"text":["q = (a*f) - (c*d)"],"removed":[""],"origin":"paste"}
2019-4-15 21:33:17.734#mousedown#{"isTrusted":true}
2019-4-15 21:33:19.417#change#{"from":{"line":12,"ch":0,"sticky":"after","xRel":-4},"to":{"line":12,"ch":16,"sticky":"after","xRel":3.15625},"text":[""],"removed":["q = (a*f) - (c*d"],"origin":"+delete"}
2019-4-15 21:33:19.417#keyHandled#"Backspace"
2019-4-15 21:33:19.718#change#{"from":{"line":12,"ch":0,"sticky":null},"to":{"line":12,"ch":1,"sticky":"before"},"text":[""],"removed":[")"],"origin":"+delete"}
2019-4-15 21:33:19.718#keyHandled#"Delete"
2019-4-15 21:33:21.414#change#{"from":{"line":12,"ch":0,"sticky":null},"to":{"line":13,"ch":0,"sticky":"after"},"text":[""],"removed":["",""],"origin":"+delete"}
2019-4-15 21:33:21.414#keyHandled#"Delete"
2019-4-15 21:33:21.423#viewportChange#0
2019-4-15 21:33:22.175#change#{"from":{"line":12,"ch":0,"sticky":null},"to":{"line":13,"ch":0,"sticky":"after"},"text":[""],"removed":["",""],"origin":"+delete"}
2019-4-15 21:33:22.175#keyHandled#"Delete"
2019-4-15 21:33:22.190#viewportChange#0
2019-4-15 21:33:23.079#mousedown#{"isTrusted":true}
2019-4-15 21:33:23.478#change#{"from":{"line":11,"ch":18,"sticky":"before","xRel":22.375},"to":{"line":11,"ch":18,"sticky":"before","xRel":22.375},"text":["",""],"removed":[""],"origin":"+input"}
2019-4-15 21:33:23.478#change#{"from":{"line":12,"ch":0,"sticky":null},"to":{"line":12,"ch":0,"sticky":null},"text":["\t"],"removed":[""],"origin":"+input"}
2019-4-15 21:33:23.478#keyHandled#"Enter"
2019-4-15 21:33:23.491#viewportChange#0
2019-4-15 21:33:24.015#mousedown#{"isTrusted":true}
2019-4-15 21:33:24.815#copy#{"isTrusted":true}
2019-4-15 21:33:25.046#mousedown#{"isTrusted":true}
2019-4-15 21:33:25.255#change#{"from":{"line":12,"ch":1,"sticky":"before","xRel":38.109375},"to":{"line":12,"ch":1,"sticky":"before","xRel":38.109375},"text":["r = (a*e) - (b*d)"],"removed":[""],"origin":"paste"}
2019-4-15 21:33:25.903#mousedown#{"isTrusted":true}
2019-4-15 21:33:26.917#change#{"from":{"line":13,"ch":0,"sticky":"after","xRel":2.203125},"to":{"line":13,"ch":17,"sticky":"before","xRel":4.46875},"text":[""],"removed":["r = (a*e) - (b*d)"],"origin":"+delete"}
2019-4-15 21:33:26.917#keyHandled#"Backspace"
2019-4-15 21:33:27.307#change#{"from":{"line":12,"ch":18,"sticky":"before"},"to":{"line":13,"ch":0,"sticky":null},"text":[""],"removed":["",""],"origin":"+delete"}
2019-4-15 21:33:27.307#keyHandled#"Backspace"
2019-4-15 21:33:27.342#viewportChange#0
2019-4-15 21:33:28.608#mousedown#{"isTrusted":true}
2019-4-15 21:33:29.434#copy#{"isTrusted":true}
2019-4-15 21:33:29.954#change#{"from":{"line":14,"ch":0,"sticky":"after","xRel":3.203125},"to":{"line":14,"ch":7,"sticky":"before","xRel":-1.609375},"text":[""],"removed":["x = u/r"],"origin":"+delete"}
2019-4-15 21:33:29.954#keyHandled#"Backspace"
2019-4-15 21:33:30.791#change#{"from":{"line":13,"ch":0,"sticky":"before"},"to":{"line":14,"ch":0,"sticky":null},"text":[""],"removed":["",""],"origin":"+delete"}
2019-4-15 21:33:30.791#keyHandled#"Backspace"
2019-4-15 21:33:30.805#viewportChange#0
2019-4-15 21:33:32.168#change#{"from":{"line":12,"ch":18,"sticky":"before"},"to":{"line":13,"ch":0,"sticky":null},"text":[""],"removed":["",""],"origin":"+delete"}
2019-4-15 21:33:32.168#keyHandled#"Backspace"
2019-4-15 21:33:32.189#viewportChange#0
2019-4-15 21:33:32.391#change#{"from":{"line":12,"ch":18,"sticky":null},"to":{"line":12,"ch":18,"sticky":null},"text":["",""],"removed":[""],"origin":"+input"}
2019-4-15 21:33:32.391#change#{"from":{"line":13,"ch":0,"sticky":null},"to":{"line":13,"ch":0,"sticky":null},"text":["\t"],"removed":[""],"origin":"+input"}
2019-4-15 21:33:32.391#keyHandled#"Enter"
2019-4-15 21:33:32.399#viewportChange#0
2019-4-15 21:33:32.992#change#{"from":{"line":13,"ch":1,"sticky":null},"to":{"line":13,"ch":1,"sticky":null},"text":["x = u/r"],"removed":[""],"origin":"paste"}
2019-4-15 21:33:33.688#mousedown#{"isTrusted":true}
2019-4-15 21:33:34.752#copy#{"isTrusted":true}
2019-4-15 21:33:35.168#change#{"from":{"line":14,"ch":0,"sticky":"after","xRel":2.203125},"to":{"line":14,"ch":6,"sticky":"after","xRel":3.078125},"text":[""],"removed":["y = q/"],"origin":"+delete"}
2019-4-15 21:33:35.168#keyHandled#"Backspace"
2019-4-15 21:33:35.487#change#{"from":{"line":13,"ch":8,"sticky":"before"},"to":{"line":14,"ch":0,"sticky":null},"text":[""],"removed":["",""],"origin":"+delete"}
2019-4-15 21:33:35.487#keyHandled#"Backspace"
2019-4-15 21:33:35.504#viewportChange#0
2019-4-15 21:33:36.118#change#{"from":{"line":13,"ch":8,"sticky":null},"to":{"line":13,"ch":9,"sticky":"before"},"text":[""],"removed":["r"],"origin":"+delete"}
2019-4-15 21:33:36.118#keyHandled#"Delete"
2019-4-15 21:33:36.823#change#{"from":{"line":13,"ch":8,"sticky":null},"to":{"line":13,"ch":8,"sticky":null},"text":["",""],"removed":[""],"origin":"+input"}
2019-4-15 21:33:36.823#change#{"from":{"line":14,"ch":0,"sticky":null},"to":{"line":14,"ch":0,"sticky":null},"text":["\t"],"removed":[""],"origin":"+input"}
2019-4-15 21:33:36.823#keyHandled#"Enter"
2019-4-15 21:33:36.831#viewportChange#0
2019-4-15 21:33:37.043#change#{"from":{"line":14,"ch":1,"sticky":null},"to":{"line":14,"ch":1,"sticky":null},"text":["y = q/"],"removed":[""],"origin":"paste"}
2019-4-15 21:33:37.881#change#{"from":{"line":14,"ch":7,"sticky":null},"to":{"line":14,"ch":7,"sticky":null},"text":["r"],"removed":[""],"origin":"+input"}
2019-4-15 21:33:39.071#change#{"from":{"line":14,"ch":8,"sticky":null},"to":{"line":14,"ch":8,"sticky":null},"text":["",""],"removed":[""],"origin":"+input"}
2019-4-15 21:33:39.071#change#{"from":{"line":15,"ch":0,"sticky":null},"to":{"line":15,"ch":0,"sticky":null},"text":["\t"],"removed":[""],"origin":"+input"}
2019-4-15 21:33:39.071#keyHandled#"Enter"
2019-4-15 21:33:39.078#viewportChange#0
2019-4-15 21:33:39.841#change#{"from":{"line":15,"ch":1,"sticky":null},"to":{"line":15,"ch":1,"sticky":null},"text":[""],"removed":[""],"origin":"+input"}
2019-4-15 21:33:39.859#change#{"from":{"line":15,"ch":2,"sticky":null},"to":{"line":15,"ch":2,"sticky":null},"text":["r"],"removed":[""],"origin":"+input"}
2019-4-15 21:33:39.943#change#{"from":{"line":15,"ch":3,"sticky":null},"to":{"line":15,"ch":3,"sticky":null},"text":["i"],"removed":[""],"origin":"+input"}
2019-4-15 21:33:40.096#change#{"from":{"line":15,"ch":4,"sticky":null},"to":{"line":15,"ch":4,"sticky":null},"text":["n"],"removed":[""],"origin":"+input"}
2019-4-15 21:33:40.168#change#{"from":{"line":15,"ch":5,"sticky":null},"to":{"line":15,"ch":5,"sticky":null},"text":["t"],"removed":[""],"origin":"+input"}
2019-4-15 21:33:40.575#change#{"from":{"line":15,"ch":5,"sticky":"after"},"to":{"line":15,"ch":6,"sticky":null},"text":[""],"removed":["t"],"origin":"+delete"}
2019-4-15 21:33:40.575#keyHandled#"Backspace"
2019-4-15 21:33:40.735#change#{"from":{"line":15,"ch":4,"sticky":"after"},"to":{"line":15,"ch":5,"sticky":null},"text":[""],"removed":["n"],"origin":"+delete"}
2019-4-15 21:33:40.735#keyHandled#"Backspace"
2019-4-15 21:33:40.874#change#{"from":{"line":15,"ch":3,"sticky":"after"},"to":{"line":15,"ch":4,"sticky":null},"text":[""],"removed":["i"],"origin":"+delete"}
2019-4-15 21:33:40.874#keyHandled#"Backspace"
2019-4-15 21:33:40.967#change#{"from":{"line":15,"ch":2,"sticky":"after"},"to":{"line":15,"ch":3,"sticky":null},"text":[""],"removed":["r"],"origin":"+delete"}
2019-4-15 21:33:40.967#keyHandled#"Backspace"
2019-4-15 21:33:41.106#change#{"from":{"line":15,"ch":1,"sticky":"after"},"to":{"line":15,"ch":2,"sticky":null},"text":[""],"removed":[""],"origin":"+delete"}
2019-4-15 21:33:41.106#keyHandled#"Backspace"
2019-4-15 21:33:41.289#change#{"from":{"line":15,"ch":1,"sticky":null},"to":{"line":15,"ch":1,"sticky":null},"text":["p"],"removed":[""],"origin":"+input"}
2019-4-15 21:33:41.426#change#{"from":{"line":15,"ch":2,"sticky":null},"to":{"line":15,"ch":2,"sticky":null},"text":["r"],"removed":[""],"origin":"+input"}
2019-4-15 21:33:41.543#change#{"from":{"line":15,"ch":3,"sticky":null},"to":{"line":15,"ch":3,"sticky":null},"text":["i"],"removed":[""],"origin":"+input"}
2019-4-15 21:33:41.695#change#{"from":{"line":15,"ch":4,"sticky":null},"to":{"line":15,"ch":4,"sticky":null},"text":["n"],"removed":[""],"origin":"+input"}
2019-4-15 21:33:41.776#change#{"from":{"line":15,"ch":5,"sticky":null},"to":{"line":15,"ch":5,"sticky":null},"text":["t"],"removed":[""],"origin":"+input"}
2019-4-15 21:33:42.032#change#{"from":{"line":15,"ch":6,"sticky":null},"to":{"line":15,"ch":6,"sticky":null},"text":["()"],"removed":[""],"origin":"+input"}
2019-4-15 21:33:42.032#keyHandled#"'('"
2019-4-15 21:33:42.512#change#{"from":{"line":15,"ch":7,"sticky":"after"},"to":{"line":15,"ch":7,"sticky":"after"},"text":["x"],"removed":[""],"origin":"+input"}
2019-4-15 21:33:42.934#keyHandled#"Right"
2019-4-15 21:33:43.526#keyHandled#"Left"
2019-4-15 21:33:45.159#keyHandled#"Right"
2019-4-15 21:33:45.503#change#{"from":{"line":15,"ch":9,"sticky":"before"},"to":{"line":15,"ch":9,"sticky":"before"},"text":["",""],"removed":[""],"origin":"+input"}
2019-4-15 21:33:45.503#change#{"from":{"line":16,"ch":0,"sticky":null},"to":{"line":16,"ch":0,"sticky":null},"text":["\t"],"removed":[""],"origin":"+input"}
2019-4-15 21:33:45.503#keyHandled#"Enter"
2019-4-15 21:33:45.512#viewportChange#0
2019-4-15 21:33:46.087#change#{"from":{"line":16,"ch":1,"sticky":null},"to":{"line":16,"ch":1,"sticky":null},"text":["p"],"removed":[""],"origin":"+input"}
2019-4-15 21:33:46.238#change#{"from":{"line":16,"ch":2,"sticky":null},"to":{"line":16,"ch":2,"sticky":null},"text":["r"],"removed":[""],"origin":"+input"}
2019-4-15 21:33:46.312#change#{"from":{"line":16,"ch":3,"sticky":null},"to":{"line":16,"ch":3,"sticky":null},"text":["i"],"removed":[""],"origin":"+input"}
2019-4-15 21:33:46.480#change#{"from":{"line":16,"ch":4,"sticky":null},"to":{"line":16,"ch":4,"sticky":null},"text":["n"],"removed":[""],"origin":"+input"}
2019-4-15 21:33:46.576#change#{"from":{"line":16,"ch":5,"sticky":null},"to":{"line":16,"ch":5,"sticky":null},"text":["t"],"removed":[""],"origin":"+input"}
2019-4-15 21:33:46.847#change#{"from":{"line":16,"ch":6,"sticky":null},"to":{"line":16,"ch":6,"sticky":null},"text":["()"],"removed":[""],"origin":"+input"}
2019-4-15 21:33:46.847#keyHandled#"'('"
2019-4-15 21:33:47.143#change#{"from":{"line":16,"ch":7,"sticky":"after"},"to":{"line":16,"ch":7,"sticky":"after"},"text":["y"],"removed":[""],"origin":"+input"}
2019-4-15 21:33:47.143#change#{"from":{"line":16,"ch":7,"sticky":"after"},"to":{"line":16,"ch":7,"sticky":"after"},"text":["y"],"removed":[""],"origin":"+input"}
2019-4-15 21:33:48.831#submit#Your code did not produce the correct output. Please, correct your code and try again.
2019-4-15 21:33:51.248#mousedown#{"isTrusted":true}
2019-4-15 21:34:08.047#mousedown#{"isTrusted":true}
2019-4-15 21:34:19.938#change#{"from":{"line":7,"ch":3,"sticky":"after"},"to":{"line":7,"ch":4,"sticky":"after","xRel":0.4375},"text":[""],"removed":["r"],"origin":"+delete"}
2019-4-15 21:34:19.938#keyHandled#"Backspace"
2019-4-15 21:34:25.201#change#{"from":{"line":7,"ch":3,"sticky":null},"to":{"line":7,"ch":3,"sticky":null},"text":["()"],"removed":[""],"origin":"+input"}
2019-4-15 21:34:25.201#keyHandled#"'('"
2019-4-15 21:34:26.358#change#{"from":{"line":7,"ch":4,"sticky":"after"},"to":{"line":7,"ch":4,"sticky":"after"},"text":["a"],"removed":[""],"origin":"+input"}
2019-4-15 21:34:26.489#change#{"from":{"line":7,"ch":5,"sticky":null},"to":{"line":7,"ch":5,"sticky":null},"text":["*"],"removed":[""],"origin":"+input"}
2019-4-15 21:34:26.643#change#{"from":{"line":7,"ch":6,"sticky":null},"to":{"line":7,"ch":6,"sticky":null},"text":["e"],"removed":[""],"origin":"+input"}
2019-4-15 21:34:28.407#keyHandled#"Right"
2019-4-15 21:34:29.055#keyHandled#"Left"
2019-4-15 21:34:29.216#keyHandled#"Left"
2019-4-15 21:34:29.345#keyHandled#"Left"
2019-4-15 21:34:29.486#keyHandled#"Left"
2019-4-15 21:34:29.652#keyHandled#"Left"
2019-4-15 21:34:30.272#change#{"from":{"line":7,"ch":3,"sticky":"after"},"to":{"line":7,"ch":3,"sticky":"after"},"text":["("],"removed":[""],"origin":"+input"}
2019-4-15 21:34:30.616#keyHandled#"Right"
2019-4-15 21:34:30.792#keyHandled#"Right"
2019-4-15 21:34:30.936#keyHandled#"Right"
2019-4-15 21:34:31.079#keyHandled#"Right"
2019-4-15 21:34:31.204#keyHandled#"Right"
2019-4-15 21:34:32.057#change#{"from":{"line":7,"ch":9,"sticky":"before"},"to":{"line":7,"ch":9,"sticky":"before"},"text":["-"],"removed":[""],"origin":"+input"}
2019-4-15 21:34:32.575#keyHandled#"Left"
2019-4-15 21:34:32.854#keyHandled#"Right"
2019-4-15 21:34:34.064#change#{"from":{"line":7,"ch":10,"sticky":"before"},"to":{"line":7,"ch":10,"sticky":"before"},"text":["()"],"removed":[""],"origin":"+input"}
2019-4-15 21:34:34.064#keyHandled#"'('"
2019-4-15 21:34:34.275#change#{"from":{"line":7,"ch":11,"sticky":"after"},"to":{"line":7,"ch":11,"sticky":"after"},"text":["b"],"removed":[""],"origin":"+input"}
2019-4-15 21:34:34.690#change#{"from":{"line":7,"ch":12,"sticky":null},"to":{"line":7,"ch":12,"sticky":null},"text":["*"],"removed":[""],"origin":"+input"}
2019-4-15 21:34:34.921#change#{"from":{"line":7,"ch":13,"sticky":null},"to":{"line":7,"ch":13,"sticky":null},"text":["d"],"removed":[""],"origin":"+input"}
2019-4-15 21:34:35.318#keyHandled#"Right"
2019-4-15 21:34:35.895#change#{"from":{"line":7,"ch":15,"sticky":"before"},"to":{"line":7,"ch":15,"sticky":"before"},"text":[")"],"removed":[""],"origin":"+input"}
2019-4-15 21:34:35.318#keyHandled#"Right"
2019-4-15 21:34:35.895#change#{"from":{"line":7,"ch":15,"sticky":"before"},"to":{"line":7,"ch":15,"sticky":"before"},"text":[")"],"removed":[""],"origin":"+input"}
2019-4-15 21:34:37.956#blur#
2019-4-15 21:34:38.301#saida_testar#$ python3 main.py
