2019-5-23 10:11:18.175#viewportChange#0
2019-5-23 10:11:48.898#mousedown#{"isTrusted":true}
2019-5-23 10:11:48.918#focus#
2019-5-23 10:11:50.278#change#{"from":{"line":0,"ch":0,"sticky":"after","xRel":-4},"to":{"line":0,"ch":42,"sticky":null,"xRel":1,"outside":true},"text":[""],"removed":["# Não se esqueça de incluir o módulo numpy"],"origin":"+delete"}
2019-5-23 10:11:50.278#keyHandled#"Backspace"
2019-5-23 10:11:50.467#keyHandled#"Backspace"
2019-5-23 10:11:54.050#keyHandled#"Backspace"
2019-5-23 10:11:54.370#keyHandled#"Backspace"
2019-5-23 10:11:54.699#change#{"from":{"line":0,"ch":0,"sticky":null,"hitSide":true},"to":{"line":0,"ch":0,"sticky":null},"text":["f"],"removed":[""],"origin":"+input"}
2019-5-23 10:11:54.892#change#{"from":{"line":0,"ch":1,"sticky":null},"to":{"line":0,"ch":1,"sticky":null},"text":["r"],"removed":[""],"origin":"+input"}
2019-5-23 10:11:55.016#change#{"from":{"line":0,"ch":2,"sticky":null},"to":{"line":0,"ch":2,"sticky":null},"text":["o"],"removed":[""],"origin":"+input"}
2019-5-23 10:11:55.209#change#{"from":{"line":0,"ch":3,"sticky":null},"to":{"line":0,"ch":3,"sticky":null},"text":["m"],"removed":[""],"origin":"+input"}
2019-5-23 10:11:55.319#change#{"from":{"line":0,"ch":4,"sticky":null},"to":{"line":0,"ch":4,"sticky":null},"text":[" "],"removed":[""],"origin":"+input"}
2019-5-23 10:11:55.686#change#{"from":{"line":0,"ch":5,"sticky":null},"to":{"line":0,"ch":5,"sticky":null},"text":["n"],"removed":[""],"origin":"+input"}
2019-5-23 10:11:55.882#change#{"from":{"line":0,"ch":6,"sticky":null},"to":{"line":0,"ch":6,"sticky":null},"text":["u"],"removed":[""],"origin":"+input"}
2019-5-23 10:11:56.216#change#{"from":{"line":0,"ch":7,"sticky":null},"to":{"line":0,"ch":7,"sticky":null},"text":["n"],"removed":[""],"origin":"+input"}
2019-5-23 10:11:56.535#change#{"from":{"line":0,"ch":8,"sticky":null},"to":{"line":0,"ch":8,"sticky":null},"text":["p"],"removed":[""],"origin":"+input"}
2019-5-23 10:11:56.921#change#{"from":{"line":0,"ch":9,"sticky":null},"to":{"line":0,"ch":9,"sticky":null},"text":["y"],"removed":[""],"origin":"+input"}
2019-5-23 10:11:57.047#change#{"from":{"line":0,"ch":10,"sticky":null},"to":{"line":0,"ch":10,"sticky":null},"text":[" "],"removed":[""],"origin":"+input"}
2019-5-23 10:11:58.179#keyHandled#"Left"
2019-5-23 10:11:58.322#keyHandled#"Left"
2019-5-23 10:11:58.482#keyHandled#"Left"
2019-5-23 10:11:58.626#keyHandled#"Left"
2019-5-23 10:11:58.994#keyHandled#"Right"
2019-5-23 10:11:59.635#change#{"from":{"line":0,"ch":7,"sticky":"after"},"to":{"line":0,"ch":8,"sticky":"before"},"text":[""],"removed":["n"],"origin":"+delete"}
2019-5-23 10:11:59.635#keyHandled#"Backspace"
2019-5-23 10:12:00.454#change#{"from":{"line":0,"ch":7,"sticky":null},"to":{"line":0,"ch":7,"sticky":null},"text":["m"],"removed":[""],"origin":"+input"}
2019-5-23 10:12:06.305#mousedown#{"isTrusted":true}
2019-5-23 10:12:06.539#change#{"from":{"line":0,"ch":11,"sticky":"before","xRel":41.4000244140625},"to":{"line":0,"ch":11,"sticky":"before","xRel":41.4000244140625},"text":[" "],"removed":[""],"origin":"+input"}
2019-5-23 10:12:08.771#change#{"from":{"line":0,"ch":11,"sticky":"after"},"to":{"line":0,"ch":12,"sticky":null},"text":[""],"removed":[" "],"origin":"+delete"}
2019-5-23 10:12:08.771#keyHandled#"Backspace"
2019-5-23 10:12:09.687#change#{"from":{"line":0,"ch":11,"sticky":null},"to":{"line":0,"ch":11,"sticky":null},"text":["i"],"removed":[""],"origin":"+input"}
2019-5-23 10:12:09.846#change#{"from":{"line":0,"ch":12,"sticky":null},"to":{"line":0,"ch":12,"sticky":null},"text":["n"],"removed":[""],"origin":"+input"}
2019-5-23 10:12:11.015#change#{"from":{"line":0,"ch":13,"sticky":null},"to":{"line":0,"ch":13,"sticky":null},"text":["p"],"removed":[""],"origin":"+input"}
2019-5-23 10:12:11.095#change#{"from":{"line":0,"ch":14,"sticky":null},"to":{"line":0,"ch":14,"sticky":null},"text":["o"],"removed":[""],"origin":"+input"}
2019-5-23 10:12:11.398#change#{"from":{"line":0,"ch":15,"sticky":null},"to":{"line":0,"ch":15,"sticky":null},"text":["r"],"removed":[""],"origin":"+input"}
2019-5-23 10:12:11.591#change#{"from":{"line":0,"ch":16,"sticky":null},"to":{"line":0,"ch":16,"sticky":null},"text":["t"],"removed":[""],"origin":"+input"}
2019-5-23 10:12:12.883#keyHandled#"Left"
2019-5-23 10:12:13.058#keyHandled#"Left"
2019-5-23 10:12:13.218#keyHandled#"Left"
2019-5-23 10:12:13.378#keyHandled#"Left"
2019-5-23 10:12:14.195#change#{"from":{"line":0,"ch":12,"sticky":"after"},"to":{"line":0,"ch":13,"sticky":"after"},"text":[""],"removed":["n"],"origin":"+delete"}
2019-5-23 10:12:14.195#keyHandled#"Backspace"
2019-5-23 10:12:14.422#change#{"from":{"line":0,"ch":12,"sticky":null},"to":{"line":0,"ch":12,"sticky":null},"text":["m"],"removed":[""],"origin":"+input"}
2019-5-23 10:12:14.851#keyHandled#"Down"
2019-5-23 10:12:15.026#keyHandled#"Down"
2019-5-23 10:12:16.632#change#{"from":{"line":0,"ch":17,"sticky":null,"xRel":1,"outside":true,"hitSide":true},"to":{"line":0,"ch":17,"sticky":null,"xRel":1,"outside":true,"hitSide":true},"text":["*"],"removed":[""],"origin":"+input"}
2019-5-23 10:12:16.919#change#{"from":{"line":0,"ch":18,"sticky":null},"to":{"line":0,"ch":18,"sticky":null},"text":["",""],"removed":[""],"origin":"+input"}
2019-5-23 10:12:16.919#keyHandled#"Enter"
2019-5-23 10:12:16.937#viewportChange#0
2019-5-23 10:12:20.480#change#{"from":{"line":1,"ch":0,"sticky":null},"to":{"line":1,"ch":0,"sticky":null},"text":["a"],"removed":[""],"origin":"+input"}
2019-5-23 10:12:20.646#change#{"from":{"line":1,"ch":1,"sticky":null},"to":{"line":1,"ch":1,"sticky":null},"text":["="],"removed":[""],"origin":"+input"}
2019-5-23 10:12:21.974#change#{"from":{"line":1,"ch":2,"sticky":null},"to":{"line":1,"ch":2,"sticky":null},"text":[" "],"removed":[""],"origin":"+input"}
2019-5-23 10:12:22.326#change#{"from":{"line":1,"ch":3,"sticky":null},"to":{"line":1,"ch":3,"sticky":null},"text":["a"],"removed":[""],"origin":"+input"}
2019-5-23 10:12:22.646#change#{"from":{"line":1,"ch":4,"sticky":null},"to":{"line":1,"ch":4,"sticky":null},"text":["r"],"removed":[""],"origin":"+input"}
2019-5-23 10:12:22.838#change#{"from":{"line":1,"ch":5,"sticky":null},"to":{"line":1,"ch":5,"sticky":null},"text":["r"],"removed":[""],"origin":"+input"}
2019-5-23 10:12:22.934#change#{"from":{"line":1,"ch":6,"sticky":null},"to":{"line":1,"ch":6,"sticky":null},"text":["a"],"removed":[""],"origin":"+input"}
2019-5-23 10:12:23.239#change#{"from":{"line":1,"ch":7,"sticky":null},"to":{"line":1,"ch":7,"sticky":null},"text":["y"],"removed":[""],"origin":"+input"}
2019-5-23 10:12:24.657#change#{"from":{"line":1,"ch":8,"sticky":null},"to":{"line":1,"ch":8,"sticky":null},"text":["()"],"removed":[""],"origin":"+input"}
2019-5-23 10:12:24.657#keyHandled#"'('"
2019-5-23 10:12:26.869#blur#
2019-5-23 10:12:27.841#focus#
2019-5-23 10:12:29.136#blur#
2019-5-23 10:12:32.246#focus#
2019-5-23 10:12:34.296#change#{"from":{"line":1,"ch":9,"sticky":"after"},"to":{"line":1,"ch":9,"sticky":"after"},"text":["e"],"removed":[""],"origin":"+input"}
2019-5-23 10:12:34.422#change#{"from":{"line":1,"ch":10,"sticky":null},"to":{"line":1,"ch":10,"sticky":null},"text":["v"],"removed":[""],"origin":"+input"}
2019-5-23 10:12:34.614#change#{"from":{"line":1,"ch":11,"sticky":null},"to":{"line":1,"ch":11,"sticky":null},"text":["a"],"removed":[""],"origin":"+input"}
2019-5-23 10:12:34.807#change#{"from":{"line":1,"ch":12,"sticky":null},"to":{"line":1,"ch":12,"sticky":null},"text":["l"],"removed":[""],"origin":"+input"}
2019-5-23 10:12:36.250#change#{"from":{"line":1,"ch":13,"sticky":null},"to":{"line":1,"ch":13,"sticky":null},"text":["()"],"removed":[""],"origin":"+input"}
2019-5-23 10:12:36.250#keyHandled#"'('"
2019-5-23 10:12:37.160#change#{"from":{"line":1,"ch":14,"sticky":"after"},"to":{"line":1,"ch":14,"sticky":"after"},"text":["i"],"removed":[""],"origin":"+input"}
2019-5-23 10:12:37.335#change#{"from":{"line":1,"ch":15,"sticky":null},"to":{"line":1,"ch":15,"sticky":null},"text":["n"],"removed":[""],"origin":"+input"}
2019-5-23 10:12:37.558#change#{"from":{"line":1,"ch":16,"sticky":null},"to":{"line":1,"ch":16,"sticky":null},"text":["p"],"removed":[""],"origin":"+input"}
2019-5-23 10:12:37.750#change#{"from":{"line":1,"ch":17,"sticky":null},"to":{"line":1,"ch":17,"sticky":null},"text":["u"],"removed":[""],"origin":"+input"}
2019-5-23 10:12:37.959#change#{"from":{"line":1,"ch":18,"sticky":null},"to":{"line":1,"ch":18,"sticky":null},"text":["t"],"removed":[""],"origin":"+input"}
2019-5-23 10:12:38.871#change#{"from":{"line":1,"ch":19,"sticky":null},"to":{"line":1,"ch":19,"sticky":null},"text":["()"],"removed":[""],"origin":"+input"}
2019-5-23 10:12:38.871#keyHandled#"'('"
2019-5-23 10:12:39.177#change#{"from":{"line":1,"ch":20,"sticky":"after"},"to":{"line":1,"ch":20,"sticky":"after"},"text":["\"\""],"removed":[""],"origin":"+input"}
2019-5-23 10:12:39.177#keyHandled#"'\"'"
2019-5-23 10:12:42.258#change#{"from":{"line":1,"ch":21,"sticky":"after"},"to":{"line":1,"ch":21,"sticky":"after"},"text":["i"],"removed":[""],"origin":"+input"}
2019-5-23 10:12:42.438#change#{"from":{"line":1,"ch":22,"sticky":null},"to":{"line":1,"ch":22,"sticky":null},"text":["n"],"removed":[""],"origin":"+input"}
2019-5-23 10:12:42.663#change#{"from":{"line":1,"ch":23,"sticky":null},"to":{"line":1,"ch":23,"sticky":null},"text":["i"],"removed":[""],"origin":"+input"}
2019-5-23 10:12:43.044#change#{"from":{"line":1,"ch":23,"sticky":"after"},"to":{"line":1,"ch":24,"sticky":null},"text":[""],"removed":["i"],"origin":"+delete"}
2019-5-23 10:12:43.044#keyHandled#"Backspace"
2019-5-23 10:12:43.656#change#{"from":{"line":1,"ch":23,"sticky":null},"to":{"line":1,"ch":23,"sticky":null},"text":["s"],"removed":[""],"origin":"+input"}
2019-5-23 10:12:43.784#change#{"from":{"line":1,"ch":24,"sticky":null},"to":{"line":1,"ch":24,"sticky":null},"text":["i"],"removed":[""],"origin":"+input"}
2019-5-23 10:12:43.911#change#{"from":{"line":1,"ch":25,"sticky":null},"to":{"line":1,"ch":25,"sticky":null},"text":["r"],"removed":[""],"origin":"+input"}
2019-5-23 10:12:43.991#change#{"from":{"line":1,"ch":26,"sticky":null},"to":{"line":1,"ch":26,"sticky":null},"text":["a"],"removed":[""],"origin":"+input"}
2019-5-23 10:12:44.134#change#{"from":{"line":1,"ch":27,"sticky":null},"to":{"line":1,"ch":27,"sticky":null},"text":[" "],"removed":[""],"origin":"+input"}
2019-5-23 10:12:44.326#change#{"from":{"line":1,"ch":28,"sticky":null},"to":{"line":1,"ch":28,"sticky":null},"text":["n"],"removed":[""],"origin":"+input"}
2019-5-23 10:12:44.503#change#{"from":{"line":1,"ch":29,"sticky":null},"to":{"line":1,"ch":29,"sticky":null},"text":["u"],"removed":[""],"origin":"+input"}
2019-5-23 10:12:44.694#change#{"from":{"line":1,"ch":30,"sticky":null},"to":{"line":1,"ch":30,"sticky":null},"text":["m"],"removed":[""],"origin":"+input"}
2019-5-23 10:12:44.823#change#{"from":{"line":1,"ch":31,"sticky":null},"to":{"line":1,"ch":31,"sticky":null},"text":["e"],"removed":[""],"origin":"+input"}
2019-5-23 10:12:44.903#change#{"from":{"line":1,"ch":32,"sticky":null},"to":{"line":1,"ch":32,"sticky":null},"text":["r"],"removed":[""],"origin":"+input"}
2019-5-23 10:12:44.998#change#{"from":{"line":1,"ch":33,"sticky":null},"to":{"line":1,"ch":33,"sticky":null},"text":["o"],"removed":[""],"origin":"+input"}
2019-5-23 10:12:45.143#change#{"from":{"line":1,"ch":34,"sticky":null},"to":{"line":1,"ch":34,"sticky":null},"text":["s"],"removed":[""],"origin":"+input"}
2019-5-23 10:12:45.254#change#{"from":{"line":1,"ch":35,"sticky":null},"to":{"line":1,"ch":35,"sticky":null},"text":[" "],"removed":[""],"origin":"+input"}
2019-5-23 10:12:45.431#change#{"from":{"line":1,"ch":36,"sticky":null},"to":{"line":1,"ch":36,"sticky":null},"text":["i"],"removed":[""],"origin":"+input"}
2019-5-23 10:12:45.607#change#{"from":{"line":1,"ch":37,"sticky":null},"to":{"line":1,"ch":37,"sticky":null},"text":["n"],"removed":[""],"origin":"+input"}
2019-5-23 10:12:45.734#change#{"from":{"line":1,"ch":38,"sticky":null},"to":{"line":1,"ch":38,"sticky":null},"text":["t"],"removed":[""],"origin":"+input"}
2019-5-23 10:12:45.865#change#{"from":{"line":1,"ch":39,"sticky":null},"to":{"line":1,"ch":39,"sticky":null},"text":["e"],"removed":[""],"origin":"+input"}
2019-5-23 10:12:46.119#change#{"from":{"line":1,"ch":40,"sticky":null},"to":{"line":1,"ch":40,"sticky":null},"text":["i"],"removed":[""],"origin":"+input"}
2019-5-23 10:12:46.248#change#{"from":{"line":1,"ch":41,"sticky":null},"to":{"line":1,"ch":41,"sticky":null},"text":["r"],"removed":[""],"origin":"+input"}
2019-5-23 10:12:46.439#change#{"from":{"line":1,"ch":42,"sticky":null},"to":{"line":1,"ch":42,"sticky":null},"text":["o"],"removed":[""],"origin":"+input"}
2019-5-23 10:12:46.662#change#{"from":{"line":1,"ch":43,"sticky":null},"to":{"line":1,"ch":43,"sticky":null},"text":["s"],"removed":[""],"origin":"+input"}
2019-5-23 10:12:47.606#change#{"from":{"line":1,"ch":44,"sticky":null},"to":{"line":1,"ch":44,"sticky":null},"text":[":"],"removed":[""],"origin":"+input"}
2019-5-23 10:12:47.910#change#{"from":{"line":1,"ch":45,"sticky":null},"to":{"line":1,"ch":45,"sticky":null},"text":[" "],"removed":[""],"origin":"+input"}
2019-5-23 10:12:48.674#keyHandled#"Right"
2019-5-23 10:12:48.979#keyHandled#"Right"
2019-5-23 10:12:49.171#keyHandled#"Right"
2019-5-23 10:12:49.347#keyHandled#"Right"
2019-5-23 10:12:49.875#keyHandled#"Right"
2019-5-23 10:12:50.291#keyHandled#"Right"
2019-5-23 10:12:50.467#keyHandled#"Right"
2019-5-23 10:12:50.675#keyHandled#"Right"
2019-5-23 10:12:50.915#keyHandled#"Down"
2019-5-23 10:12:51.276#change#{"from":{"line":1,"ch":50,"sticky":null,"xRel":1,"outside":true,"hitSide":true},"to":{"line":1,"ch":50,"sticky":null,"xRel":1,"outside":true,"hitSide":true},"text":["",""],"removed":[""],"origin":"+input"}
2019-5-23 10:12:51.276#keyHandled#"Enter"
2019-5-23 10:12:51.293#viewportChange#0
2019-5-23 10:13:04.088#blur#
2019-5-23 10:13:30.099#mousedown#{"isTrusted":true}
2019-5-23 10:13:30.104#focus#
2019-5-23 10:13:31.305#change#{"from":{"line":2,"ch":0,"sticky":null},"to":{"line":2,"ch":0,"sticky":null},"text":["p"],"removed":[""],"origin":"+input"}
2019-5-23 10:13:31.448#change#{"from":{"line":2,"ch":1,"sticky":null},"to":{"line":2,"ch":1,"sticky":null},"text":["r"],"removed":[""],"origin":"+input"}
2019-5-23 10:13:31.544#change#{"from":{"line":2,"ch":2,"sticky":null},"to":{"line":2,"ch":2,"sticky":null},"text":["i"],"removed":[""],"origin":"+input"}
2019-5-23 10:13:31.736#change#{"from":{"line":2,"ch":3,"sticky":null},"to":{"line":2,"ch":3,"sticky":null},"text":["n"],"removed":[""],"origin":"+input"}
2019-5-23 10:13:31.880#change#{"from":{"line":2,"ch":4,"sticky":null},"to":{"line":2,"ch":4,"sticky":null},"text":["t"],"removed":[""],"origin":"+input"}
2019-5-23 10:13:32.794#change#{"from":{"line":2,"ch":5,"sticky":null},"to":{"line":2,"ch":5,"sticky":null},"text":["()"],"removed":[""],"origin":"+input"}
2019-5-23 10:13:32.794#keyHandled#"'('"
2019-5-23 10:13:35.321#change#{"from":{"line":2,"ch":6,"sticky":"after"},"to":{"line":2,"ch":6,"sticky":"after"},"text":["o"],"removed":[""],"origin":"+input"}
2019-5-23 10:13:35.576#change#{"from":{"line":2,"ch":7,"sticky":null},"to":{"line":2,"ch":7,"sticky":null},"text":["n"],"removed":[""],"origin":"+input"}
2019-5-23 10:13:35.703#change#{"from":{"line":2,"ch":8,"sticky":null},"to":{"line":2,"ch":8,"sticky":null},"text":["e"],"removed":[""],"origin":"+input"}
2019-5-23 10:13:36.024#change#{"from":{"line":2,"ch":9,"sticky":null},"to":{"line":2,"ch":9,"sticky":null},"text":["s"],"removed":[""],"origin":"+input"}
2019-5-23 10:13:37.116#change#{"from":{"line":2,"ch":10,"sticky":null},"to":{"line":2,"ch":10,"sticky":null},"text":["()"],"removed":[""],"origin":"+input"}
2019-5-23 10:13:37.116#keyHandled#"'('"
2019-5-23 10:13:38.777#change#{"from":{"line":2,"ch":11,"sticky":"after"},"to":{"line":2,"ch":11,"sticky":"after"},"text":["7"],"removed":[""],"origin":"+input"}
2019-5-23 10:13:38.777#change#{"from":{"line":2,"ch":11,"sticky":"after"},"to":{"line":2,"ch":11,"sticky":"after"},"text":["7"],"removed":[""],"origin":"+input"}
2019-5-23 10:13:39.900#blur#
2019-5-23 10:13:42.367#focus#
2019-5-23 10:13:43.017#blur#
2019-5-23 10:13:53.285#mousedown#{"isTrusted":true}
2019-5-23 10:13:53.482#focus#
2019-5-23 10:13:54.566#change#{"from":{"line":2,"ch":11,"sticky":"after"},"to":{"line":2,"ch":12,"sticky":"after","xRel":2.4000244140625},"text":[""],"removed":["7"],"origin":"+delete"}
2019-5-23 10:13:54.566#keyHandled#"Backspace"
2019-5-23 10:13:55.002#change#{"from":{"line":2,"ch":11,"sticky":null},"to":{"line":2,"ch":11,"sticky":null},"text":["6"],"removed":[""],"origin":"+input"}
2019-5-23 10:14:12.037#mousedown#{"isTrusted":true}
2019-5-23 10:14:16.781#mousedown#{"isTrusted":true}
2019-5-23 10:14:17.237#mousedown#{"isTrusted":true}
2019-5-23 10:14:17.957#mousedown#{"isTrusted":true}
2019-5-23 10:14:18.805#mousedown#{"isTrusted":true}
2019-5-23 10:14:23.972#blur#
2019-5-23 10:14:43.906#focus#
2019-5-23 10:14:45.878#mousedown#{"isTrusted":true}
2019-5-23 10:14:46.870#mousedown#{"isTrusted":true}
2019-5-23 10:14:47.900#change#{"from":{"line":2,"ch":12,"sticky":"before","xRel":-1.5999755859375},"to":{"line":2,"ch":12,"sticky":"before","xRel":-1.5999755859375},"text":[","],"removed":[""],"origin":"+input"}
2019-5-23 10:14:48.042#change#{"from":{"line":2,"ch":13,"sticky":null},"to":{"line":2,"ch":13,"sticky":null},"text":[" "],"removed":[""],"origin":"+input"}
2019-5-23 10:14:49.287#change#{"from":{"line":2,"ch":13,"sticky":"after"},"to":{"line":2,"ch":14,"sticky":null},"text":[""],"removed":[" "],"origin":"+delete"}
2019-5-23 10:14:49.287#keyHandled#"Backspace"
2019-5-23 10:14:50.362#keyHandled#"Left"
2019-5-23 10:14:50.663#change#{"from":{"line":2,"ch":11,"sticky":"after"},"to":{"line":2,"ch":12,"sticky":"after"},"text":[""],"removed":["6"],"origin":"+delete"}
2019-5-23 10:14:50.663#keyHandled#"Backspace"
2019-5-23 10:14:51.694#change#{"from":{"line":2,"ch":11,"sticky":null},"to":{"line":2,"ch":11,"sticky":null},"text":["a"],"removed":[""],"origin":"+input"}
2019-5-23 10:14:52.936#keyHandled#"Down"
2019-5-23 10:14:54.214#keyHandled#"Left"
2019-5-23 10:14:55.931#change#{"from":{"line":2,"ch":13,"sticky":"after"},"to":{"line":2,"ch":13,"sticky":"after"},"text":["d"],"removed":[""],"origin":"+input"}
2019-5-23 10:14:56.235#change#{"from":{"line":2,"ch":14,"sticky":null},"to":{"line":2,"ch":14,"sticky":null},"text":["t"],"removed":[""],"origin":"+input"}
2019-5-23 10:14:56.443#change#{"from":{"line":2,"ch":15,"sticky":null},"to":{"line":2,"ch":15,"sticky":null},"text":["y"],"removed":[""],"origin":"+input"}
2019-5-23 10:14:57.019#change#{"from":{"line":2,"ch":16,"sticky":null},"to":{"line":2,"ch":16,"sticky":null},"text":["p"],"removed":[""],"origin":"+input"}
2019-5-23 10:14:57.146#change#{"from":{"line":2,"ch":17,"sticky":null},"to":{"line":2,"ch":17,"sticky":null},"text":["e"],"removed":[""],"origin":"+input"}
2019-5-23 10:14:59.280#change#{"from":{"line":2,"ch":18,"sticky":null},"to":{"line":2,"ch":18,"sticky":null},"text":["="],"removed":[""],"origin":"+input"}
2019-5-23 10:14:59.644#change#{"from":{"line":2,"ch":19,"sticky":null},"to":{"line":2,"ch":19,"sticky":null},"text":["i"],"removed":[""],"origin":"+input"}
2019-5-23 10:14:59.853#change#{"from":{"line":2,"ch":20,"sticky":null},"to":{"line":2,"ch":20,"sticky":null},"text":["n"],"removed":[""],"origin":"+input"}
2019-5-23 10:15:00.011#change#{"from":{"line":2,"ch":21,"sticky":null},"to":{"line":2,"ch":21,"sticky":null},"text":["t"],"removed":[""],"origin":"+input"}
2019-5-23 10:15:00.011#change#{"from":{"line":2,"ch":21,"sticky":null},"to":{"line":2,"ch":21,"sticky":null},"text":["t"],"removed":[""],"origin":"+input"}
2019-5-23 10:15:02.813#blur#
2019-5-23 10:15:04.590#saida_testar#$ python3 main.py
2019-5-23 10:15:04.590#saida_testar#$ python3 main.py
2019-5-23 10:15:08.507#saida_testar#$ python3 main.py
2019-5-23 10:15:08.507#saida_testar#$ python3 main.py
2019-5-23 10:15:17.377#submit#Congratulations, your code is correct!
2019-5-23 10:16:01.344#mousedown#{"isTrusted":true}
2019-5-23 10:16:01.364#focus#
2019-5-23 10:16:02.961#copy#{"isTrusted":true}
2019-5-23 10:16:03.786#blur#
2019-5-23 10:18:29.644#mousedown#{"isTrusted":true}
2019-5-23 10:18:29.663#focus#
2019-5-23 10:19:15.378#blur#
2019-5-23 10:25:13.048#mousedown#{"isTrusted":true}
2019-5-23 10:25:13.068#focus#
