2019-6-13 18:01:40.799#viewportChange#0
2019-6-13 18:01:41.605#mousedown#{"isTrusted":true}
2019-6-13 18:01:41.611#focus#
2019-6-13 18:01:42.555#change#{"from":{"line":0,"ch":0,"sticky":"after","xRel":118.8125},"to":{"line":0,"ch":0,"sticky":"after","xRel":118.8125},"text":["f"],"removed":[""],"origin":"+input"}
2019-6-13 18:01:42.825#change#{"from":{"line":0,"ch":1,"sticky":null},"to":{"line":0,"ch":1,"sticky":null},"text":["r"],"removed":[""],"origin":"+input"}
2019-6-13 18:01:43.021#change#{"from":{"line":0,"ch":2,"sticky":null},"to":{"line":0,"ch":2,"sticky":null},"text":["o"],"removed":[""],"origin":"+input"}
2019-6-13 18:01:43.303#change#{"from":{"line":0,"ch":3,"sticky":null},"to":{"line":0,"ch":3,"sticky":null},"text":["m"],"removed":[""],"origin":"+input"}
2019-6-13 18:01:43.522#change#{"from":{"line":0,"ch":4,"sticky":null},"to":{"line":0,"ch":4,"sticky":null},"text":[" "],"removed":[""],"origin":"+input"}
2019-6-13 18:01:43.884#change#{"from":{"line":0,"ch":5,"sticky":null},"to":{"line":0,"ch":5,"sticky":null},"text":["n"],"removed":[""],"origin":"+input"}
2019-6-13 18:01:44.131#change#{"from":{"line":0,"ch":6,"sticky":null},"to":{"line":0,"ch":6,"sticky":null},"text":["u"],"removed":[""],"origin":"+input"}
2019-6-13 18:01:44.404#change#{"from":{"line":0,"ch":7,"sticky":null},"to":{"line":0,"ch":7,"sticky":null},"text":["m"],"removed":[""],"origin":"+input"}
2019-6-13 18:01:44.909#change#{"from":{"line":0,"ch":8,"sticky":null},"to":{"line":0,"ch":8,"sticky":null},"text":["p"],"removed":[""],"origin":"+input"}
2019-6-13 18:01:45.347#change#{"from":{"line":0,"ch":9,"sticky":null},"to":{"line":0,"ch":9,"sticky":null},"text":["y"],"removed":[""],"origin":"+input"}
2019-6-13 18:01:45.667#change#{"from":{"line":0,"ch":10,"sticky":null},"to":{"line":0,"ch":10,"sticky":null},"text":[" "],"removed":[""],"origin":"+input"}
2019-6-13 18:01:45.939#change#{"from":{"line":0,"ch":11,"sticky":null},"to":{"line":0,"ch":11,"sticky":null},"text":["i"],"removed":[""],"origin":"+input"}
2019-6-13 18:01:46.156#change#{"from":{"line":0,"ch":12,"sticky":null},"to":{"line":0,"ch":12,"sticky":null},"text":["m"],"removed":[""],"origin":"+input"}
2019-6-13 18:01:46.420#change#{"from":{"line":0,"ch":13,"sticky":null},"to":{"line":0,"ch":13,"sticky":null},"text":["p"],"removed":[""],"origin":"+input"}
2019-6-13 18:01:46.611#change#{"from":{"line":0,"ch":14,"sticky":null},"to":{"line":0,"ch":14,"sticky":null},"text":["o"],"removed":[""],"origin":"+input"}
2019-6-13 18:01:47.220#change#{"from":{"line":0,"ch":15,"sticky":null},"to":{"line":0,"ch":15,"sticky":null},"text":["r"],"removed":[""],"origin":"+input"}
2019-6-13 18:01:48.830#change#{"from":{"line":0,"ch":16,"sticky":null},"to":{"line":0,"ch":16,"sticky":null},"text":["*"],"removed":[""],"origin":"+input"}
2019-6-13 18:01:50.674#mousedown#{"isTrusted":true}
2019-6-13 18:01:51.771#change#{"from":{"line":0,"ch":16,"sticky":"before","xRel":-4.015625},"to":{"line":0,"ch":16,"sticky":"before","xRel":-4.015625},"text":["t"],"removed":[""],"origin":"+input"}
2019-6-13 18:02:03.842#mousedown#{"isTrusted":true}
2019-6-13 18:02:05.109#change#{"from":{"line":0,"ch":18,"sticky":"before","xRel":9.140625},"to":{"line":0,"ch":18,"sticky":"before","xRel":9.140625},"text":["",""],"removed":[""],"origin":"+input"}
2019-6-13 18:02:05.109#keyHandled#"Enter"
2019-6-13 18:02:05.113#viewportChange#0
2019-6-13 18:02:05.828#change#{"from":{"line":1,"ch":0,"sticky":null},"to":{"line":1,"ch":0,"sticky":null},"text":["x"],"removed":[""],"origin":"+input"}
2019-6-13 18:02:06.083#change#{"from":{"line":1,"ch":1,"sticky":null},"to":{"line":1,"ch":1,"sticky":null},"text":["="],"removed":[""],"origin":"+input"}
2019-6-13 18:02:06.635#change#{"from":{"line":1,"ch":2,"sticky":null},"to":{"line":1,"ch":2,"sticky":null},"text":["o"],"removed":[""],"origin":"+input"}
2019-6-13 18:02:07.513#change#{"from":{"line":1,"ch":3,"sticky":null},"to":{"line":1,"ch":3,"sticky":null},"text":["",""],"removed":[""],"origin":"+input"}
2019-6-13 18:02:07.513#keyHandled#"Enter"
2019-6-13 18:02:07.518#viewportChange#0
2019-6-13 18:02:08.252#change#{"from":{"line":2,"ch":0,"sticky":null},"to":{"line":2,"ch":0,"sticky":null},"text":["e"],"removed":[""],"origin":"+input"}
2019-6-13 18:02:08.419#change#{"from":{"line":2,"ch":1,"sticky":null},"to":{"line":2,"ch":1,"sticky":null},"text":["h"],"removed":[""],"origin":"+input"}
2019-6-13 18:02:08.651#change#{"from":{"line":2,"ch":2,"sticky":null},"to":{"line":2,"ch":2,"sticky":null},"text":["i"],"removed":[""],"origin":"+input"}
2019-6-13 18:02:08.899#change#{"from":{"line":2,"ch":3,"sticky":null},"to":{"line":2,"ch":3,"sticky":null},"text":["l"],"removed":[""],"origin":"+input"}
2019-6-13 18:02:09.131#change#{"from":{"line":2,"ch":4,"sticky":null},"to":{"line":2,"ch":4,"sticky":null},"text":["e"],"removed":[""],"origin":"+input"}
2019-6-13 18:02:10.602#change#{"from":{"line":2,"ch":4,"sticky":"after"},"to":{"line":2,"ch":5,"sticky":null},"text":[""],"removed":["e"],"origin":"+delete"}
2019-6-13 18:02:10.602#keyHandled#"Backspace"
2019-6-13 18:02:10.776#change#{"from":{"line":2,"ch":3,"sticky":"after"},"to":{"line":2,"ch":4,"sticky":null},"text":[""],"removed":["l"],"origin":"+delete"}
2019-6-13 18:02:10.776#keyHandled#"Backspace"
2019-6-13 18:02:10.948#change#{"from":{"line":2,"ch":2,"sticky":"after"},"to":{"line":2,"ch":3,"sticky":null},"text":[""],"removed":["i"],"origin":"+delete"}
2019-6-13 18:02:10.948#keyHandled#"Backspace"
2019-6-13 18:02:11.161#change#{"from":{"line":2,"ch":1,"sticky":"after"},"to":{"line":2,"ch":2,"sticky":null},"text":[""],"removed":["h"],"origin":"+delete"}
2019-6-13 18:02:11.161#keyHandled#"Backspace"
2019-6-13 18:02:11.497#change#{"from":{"line":2,"ch":0,"sticky":"after"},"to":{"line":2,"ch":1,"sticky":null},"text":[""],"removed":["e"],"origin":"+delete"}
2019-6-13 18:02:11.497#keyHandled#"Backspace"
2019-6-13 18:02:12.356#change#{"from":{"line":2,"ch":0,"sticky":null},"to":{"line":2,"ch":0,"sticky":null},"text":["w"],"removed":[""],"origin":"+input"}
2019-6-13 18:02:12.475#change#{"from":{"line":2,"ch":1,"sticky":null},"to":{"line":2,"ch":1,"sticky":null},"text":["h"],"removed":[""],"origin":"+input"}
2019-6-13 18:02:12.707#change#{"from":{"line":2,"ch":2,"sticky":null},"to":{"line":2,"ch":2,"sticky":null},"text":["i"],"removed":[""],"origin":"+input"}
2019-6-13 18:02:12.978#change#{"from":{"line":2,"ch":3,"sticky":null},"to":{"line":2,"ch":3,"sticky":null},"text":["l"],"removed":[""],"origin":"+input"}
2019-6-13 18:02:13.179#change#{"from":{"line":2,"ch":4,"sticky":null},"to":{"line":2,"ch":4,"sticky":null},"text":["e"],"removed":[""],"origin":"+input"}
2019-6-13 18:02:40.899#blur#
2019-6-13 18:03:47.737#mousedown#{"isTrusted":true}
2019-6-13 18:03:47.740#focus#
2019-6-13 18:04:45.745#blur#
2019-6-13 18:05:43.127#mousedown#{"isTrusted":true}
2019-6-13 18:05:43.134#focus#
2019-6-13 18:05:45.176#change#{"from":{"line":1,"ch":3,"sticky":"before","xRel":15.546875},"to":{"line":1,"ch":3,"sticky":"before","xRel":15.546875},"text":["",""],"removed":[""],"origin":"+input"}
2019-6-13 18:05:45.176#keyHandled#"Enter"
2019-6-13 18:05:45.181#viewportChange#0
2019-6-13 18:05:46.896#change#{"from":{"line":2,"ch":0,"sticky":null},"to":{"line":2,"ch":0,"sticky":null},"text":["x"],"removed":[""],"origin":"+input"}
2019-6-13 18:05:47.385#change#{"from":{"line":2,"ch":1,"sticky":null},"to":{"line":2,"ch":1,"sticky":null},"text":["="],"removed":[""],"origin":"+input"}
2019-6-13 18:05:48.032#change#{"from":{"line":2,"ch":2,"sticky":null},"to":{"line":2,"ch":2,"sticky":null},"text":["a"],"removed":[""],"origin":"+input"}
2019-6-13 18:05:48.377#change#{"from":{"line":2,"ch":3,"sticky":null},"to":{"line":2,"ch":3,"sticky":null},"text":["r"],"removed":[""],"origin":"+input"}
2019-6-13 18:05:48.561#change#{"from":{"line":2,"ch":4,"sticky":null},"to":{"line":2,"ch":4,"sticky":null},"text":["r"],"removed":[""],"origin":"+input"}
2019-6-13 18:05:48.720#change#{"from":{"line":2,"ch":5,"sticky":null},"to":{"line":2,"ch":5,"sticky":null},"text":["a"],"removed":[""],"origin":"+input"}
2019-6-13 18:05:48.992#change#{"from":{"line":2,"ch":6,"sticky":null},"to":{"line":2,"ch":6,"sticky":null},"text":["y"],"removed":[""],"origin":"+input"}
2019-6-13 18:05:53.276#change#{"from":{"line":2,"ch":7,"sticky":null},"to":{"line":2,"ch":7,"sticky":null},"text":["()"],"removed":[""],"origin":"+input"}
2019-6-13 18:05:53.276#keyHandled#"'('"
2019-6-13 18:05:54.001#change#{"from":{"line":2,"ch":8,"sticky":"after"},"to":{"line":2,"ch":8,"sticky":"after"},"text":["e"],"removed":[""],"origin":"+input"}
2019-6-13 18:05:54.377#change#{"from":{"line":2,"ch":9,"sticky":null},"to":{"line":2,"ch":9,"sticky":null},"text":["v"],"removed":[""],"origin":"+input"}
2019-6-13 18:05:54.506#change#{"from":{"line":2,"ch":10,"sticky":null},"to":{"line":2,"ch":10,"sticky":null},"text":["a"],"removed":[""],"origin":"+input"}
2019-6-13 18:05:54.866#change#{"from":{"line":2,"ch":11,"sticky":null},"to":{"line":2,"ch":11,"sticky":null},"text":["l"],"removed":[""],"origin":"+input"}
2019-6-13 18:05:56.739#change#{"from":{"line":2,"ch":12,"sticky":null},"to":{"line":2,"ch":12,"sticky":null},"text":["()"],"removed":[""],"origin":"+input"}
2019-6-13 18:05:56.739#keyHandled#"'('"
2019-6-13 18:05:57.320#change#{"from":{"line":2,"ch":13,"sticky":"after"},"to":{"line":2,"ch":13,"sticky":"after"},"text":["i"],"removed":[""],"origin":"+input"}
2019-6-13 18:05:57.536#change#{"from":{"line":2,"ch":14,"sticky":null},"to":{"line":2,"ch":14,"sticky":null},"text":["n"],"removed":[""],"origin":"+input"}
2019-6-13 18:05:57.840#change#{"from":{"line":2,"ch":15,"sticky":null},"to":{"line":2,"ch":15,"sticky":null},"text":["o"],"removed":[""],"origin":"+input"}
2019-6-13 18:05:58.591#change#{"from":{"line":2,"ch":15,"sticky":"after"},"to":{"line":2,"ch":16,"sticky":null},"text":[""],"removed":["o"],"origin":"+delete"}
2019-6-13 18:05:58.591#keyHandled#"Backspace"
2019-6-13 18:05:58.928#change#{"from":{"line":2,"ch":15,"sticky":null},"to":{"line":2,"ch":15,"sticky":null},"text":["p"],"removed":[""],"origin":"+input"}
2019-6-13 18:05:59.176#change#{"from":{"line":2,"ch":16,"sticky":null},"to":{"line":2,"ch":16,"sticky":null},"text":["u"],"removed":[""],"origin":"+input"}
2019-6-13 18:06:00.881#change#{"from":{"line":2,"ch":18,"sticky":null},"to":{"line":2,"ch":18,"sticky":null},"text":["()"],"removed":[""],"origin":"+input"}
2019-6-13 18:06:00.881#keyHandled#"'('"
2019-6-13 18:06:01.619#change#{"from":{"line":2,"ch":19,"sticky":"after"},"to":{"line":2,"ch":19,"sticky":"after"},"text":["\"\""],"removed":[""],"origin":"+input"}
2019-6-13 18:06:01.619#keyHandled#"'\"'"
2019-6-13 18:06:41.297#blur#
2019-6-13 18:07:05.319#mousedown#{"isTrusted":true}
2019-6-13 18:07:05.322#focus#
2019-6-13 18:07:07.920#change#{"from":{"line":2,"ch":20,"sticky":"before","xRel":-0.1875},"to":{"line":2,"ch":20,"sticky":"before","xRel":-0.1875},"text":["n"],"removed":[""],"origin":"+input"}
2019-6-13 18:07:08.762#change#{"from":{"line":2,"ch":21,"sticky":null},"to":{"line":2,"ch":21,"sticky":null},"text":["o"],"removed":[""],"origin":"+input"}
2019-6-13 18:07:09.103#change#{"from":{"line":2,"ch":22,"sticky":null},"to":{"line":2,"ch":22,"sticky":null},"text":["t"],"removed":[""],"origin":"+input"}
2019-6-13 18:07:09.271#change#{"from":{"line":2,"ch":23,"sticky":null},"to":{"line":2,"ch":23,"sticky":null},"text":["a"],"removed":[""],"origin":"+input"}
2019-6-13 18:07:09.489#change#{"from":{"line":2,"ch":24,"sticky":null},"to":{"line":2,"ch":24,"sticky":null},"text":["s"],"removed":[""],"origin":"+input"}
2019-6-13 18:07:09.673#change#{"from":{"line":2,"ch":25,"sticky":null},"to":{"line":2,"ch":25,"sticky":null},"text":[" "],"removed":[""],"origin":"+input"}
2019-6-13 18:07:09.849#change#{"from":{"line":2,"ch":26,"sticky":null},"to":{"line":2,"ch":26,"sticky":null},"text":["d"],"removed":[""],"origin":"+input"}
2019-6-13 18:07:10.032#change#{"from":{"line":2,"ch":27,"sticky":null},"to":{"line":2,"ch":27,"sticky":null},"text":["o"],"removed":[""],"origin":"+input"}
2019-6-13 18:07:10.153#change#{"from":{"line":2,"ch":28,"sticky":null},"to":{"line":2,"ch":28,"sticky":null},"text":["s"],"removed":[""],"origin":"+input"}
2019-6-13 18:07:10.328#change#{"from":{"line":2,"ch":29,"sticky":null},"to":{"line":2,"ch":29,"sticky":null},"text":[" "],"removed":[""],"origin":"+input"}
2019-6-13 18:07:10.496#change#{"from":{"line":2,"ch":30,"sticky":null},"to":{"line":2,"ch":30,"sticky":null},"text":["a"],"removed":[""],"origin":"+input"}
2019-6-13 18:07:10.711#change#{"from":{"line":2,"ch":31,"sticky":null},"to":{"line":2,"ch":31,"sticky":null},"text":["l"],"removed":[""],"origin":"+input"}
2019-6-13 18:07:10.960#change#{"from":{"line":2,"ch":32,"sticky":null},"to":{"line":2,"ch":32,"sticky":null},"text":["u"],"removed":[""],"origin":"+input"}
2019-6-13 18:07:11.216#change#{"from":{"line":2,"ch":33,"sticky":null},"to":{"line":2,"ch":33,"sticky":null},"text":["n"],"removed":[""],"origin":"+input"}
2019-6-13 18:07:11.440#change#{"from":{"line":2,"ch":34,"sticky":null},"to":{"line":2,"ch":34,"sticky":null},"text":["o"],"removed":[""],"origin":"+input"}
2019-6-13 18:07:11.615#change#{"from":{"line":2,"ch":35,"sticky":null},"to":{"line":2,"ch":35,"sticky":null},"text":["s"],"removed":[""],"origin":"+input"}
2019-6-13 18:07:14.808#change#{"from":{"line":2,"ch":36,"sticky":null},"to":{"line":2,"ch":36,"sticky":null},"text":[" "],"removed":[""],"origin":"+input"}
2019-6-13 18:07:15.000#change#{"from":{"line":2,"ch":37,"sticky":null},"to":{"line":2,"ch":37,"sticky":null},"text":[" "],"removed":[""],"origin":"+input"}
2019-6-13 18:07:22.112#blur#
2019-6-13 18:07:25.623#focus#
2019-6-13 18:07:34.362#blur#
2019-6-13 18:08:32.473#mousedown#{"isTrusted":true}
2019-6-13 18:08:32.477#focus#
2019-6-13 18:08:37.758#mousedown#{"isTrusted":true}
2019-6-13 18:08:39.791#change#{"from":{"line":2,"ch":20,"sticky":"after","xRel":3.8125},"to":{"line":2,"ch":26,"sticky":"before","xRel":-0.1875},"text":["f"],"removed":["notas "],"origin":"+input"}
2019-6-13 18:08:39.999#change#{"from":{"line":2,"ch":21,"sticky":null},"to":{"line":2,"ch":21,"sticky":null},"text":["r"],"removed":[""],"origin":"+input"}
2019-6-13 18:08:40.151#change#{"from":{"line":2,"ch":22,"sticky":null},"to":{"line":2,"ch":22,"sticky":null},"text":["e"],"removed":[""],"origin":"+input"}
2019-6-13 18:08:40.930#change#{"from":{"line":2,"ch":23,"sticky":null},"to":{"line":2,"ch":23,"sticky":null},"text":["q"],"removed":[""],"origin":"+input"}
2019-6-13 18:08:41.178#change#{"from":{"line":2,"ch":24,"sticky":null},"to":{"line":2,"ch":24,"sticky":null},"text":["u"],"removed":[""],"origin":"+input"}
2019-6-13 18:08:41.343#change#{"from":{"line":2,"ch":25,"sticky":null},"to":{"line":2,"ch":25,"sticky":null},"text":["e"],"removed":[""],"origin":"+input"}
2019-6-13 18:08:41.599#change#{"from":{"line":2,"ch":26,"sticky":null},"to":{"line":2,"ch":26,"sticky":null},"text":["n"],"removed":[""],"origin":"+input"}
2019-6-13 18:08:41.967#change#{"from":{"line":2,"ch":27,"sticky":null},"to":{"line":2,"ch":27,"sticky":null},"text":["c"],"removed":[""],"origin":"+input"}
2019-6-13 18:08:42.314#change#{"from":{"line":2,"ch":28,"sticky":null},"to":{"line":2,"ch":28,"sticky":null},"text":["i"],"removed":[""],"origin":"+input"}
2019-6-13 18:08:42.587#change#{"from":{"line":2,"ch":29,"sticky":null},"to":{"line":2,"ch":29,"sticky":null},"text":["a"],"removed":[""],"origin":"+input"}
2019-6-13 18:08:46.861#mousedown#{"isTrusted":true}
2019-6-13 18:09:04.927#blur#
2019-6-13 18:12:27.435#mousedown#{"isTrusted":true}
2019-6-13 18:12:27.438#focus#
2019-6-13 18:12:29.972#mousedown#{"isTrusted":true}
2019-6-13 18:12:31.283#change#{"from":{"line":3,"ch":0,"sticky":"after","xRel":2.8125},"to":{"line":3,"ch":5,"sticky":"before","xRel":18.8125},"text":[""],"removed":["while"],"origin":"+delete"}
2019-6-13 18:12:31.283#keyHandled#"Backspace"
2019-6-13 18:12:33.133#change#{"from":{"line":3,"ch":0,"sticky":null},"to":{"line":3,"ch":0,"sticky":null},"text":["f"],"removed":[""],"origin":"+input"}
2019-6-13 18:12:33.261#change#{"from":{"line":3,"ch":1,"sticky":null},"to":{"line":3,"ch":1,"sticky":null},"text":["o"],"removed":[""],"origin":"+input"}
2019-6-13 18:12:33.389#change#{"from":{"line":3,"ch":2,"sticky":null},"to":{"line":3,"ch":2,"sticky":null},"text":["r"],"removed":[""],"origin":"+input"}
2019-6-13 18:12:35.009#change#{"from":{"line":3,"ch":3,"sticky":null},"to":{"line":3,"ch":3,"sticky":null},"text":[" "],"removed":[""],"origin":"+input"}
2019-6-13 18:12:36.700#change#{"from":{"line":3,"ch":4,"sticky":null},"to":{"line":3,"ch":4,"sticky":null},"text":["x"],"removed":[""],"origin":"+input"}
2019-6-13 18:12:37.765#change#{"from":{"line":3,"ch":5,"sticky":null},"to":{"line":3,"ch":5,"sticky":null},"text":[" "],"removed":[""],"origin":"+input"}
2019-6-13 18:12:39.020#change#{"from":{"line":3,"ch":5,"sticky":"after"},"to":{"line":3,"ch":6,"sticky":null},"text":[""],"removed":[" "],"origin":"+delete"}
2019-6-13 18:12:39.020#keyHandled#"Backspace"
2019-6-13 18:12:39.261#change#{"from":{"line":3,"ch":4,"sticky":"after"},"to":{"line":3,"ch":5,"sticky":null},"text":[""],"removed":["x"],"origin":"+delete"}
2019-6-13 18:12:39.261#keyHandled#"Backspace"
2019-6-13 18:12:58.205#change#{"from":{"line":3,"ch":4,"sticky":null},"to":{"line":3,"ch":4,"sticky":null},"text":["e"],"removed":[""],"origin":"+input"}
2019-6-13 18:12:58.381#change#{"from":{"line":3,"ch":5,"sticky":null},"to":{"line":3,"ch":5,"sticky":null},"text":["l"],"removed":[""],"origin":"+input"}
2019-6-13 18:12:58.485#change#{"from":{"line":3,"ch":6,"sticky":null},"to":{"line":3,"ch":6,"sticky":null},"text":["e"],"removed":[""],"origin":"+input"}
2019-6-13 18:12:58.773#change#{"from":{"line":3,"ch":7,"sticky":null},"to":{"line":3,"ch":7,"sticky":null},"text":["m"],"removed":[""],"origin":"+input"}
2019-6-13 18:12:58.965#change#{"from":{"line":3,"ch":8,"sticky":null},"to":{"line":3,"ch":8,"sticky":null},"text":["n"],"removed":[""],"origin":"+input"}
2019-6-13 18:12:59.101#change#{"from":{"line":3,"ch":9,"sticky":null},"to":{"line":3,"ch":9,"sticky":null},"text":["e"],"removed":[""],"origin":"+input"}
2019-6-13 18:12:59.366#change#{"from":{"line":3,"ch":10,"sticky":null},"to":{"line":3,"ch":10,"sticky":null},"text":["t"],"removed":[""],"origin":"+input"}
2019-6-13 18:12:59.757#change#{"from":{"line":3,"ch":11,"sticky":null},"to":{"line":3,"ch":11,"sticky":null},"text":["o"],"removed":[""],"origin":"+input"}
2019-6-13 18:13:01.011#change#{"from":{"line":3,"ch":11,"sticky":"after"},"to":{"line":3,"ch":12,"sticky":null},"text":[""],"removed":["o"],"origin":"+delete"}
2019-6-13 18:13:01.011#keyHandled#"Backspace"
2019-6-13 18:13:01.163#change#{"from":{"line":3,"ch":10,"sticky":"after"},"to":{"line":3,"ch":11,"sticky":null},"text":[""],"removed":["t"],"origin":"+delete"}
2019-6-13 18:13:01.163#keyHandled#"Backspace"
2019-6-13 18:13:01.324#change#{"from":{"line":3,"ch":9,"sticky":"after"},"to":{"line":3,"ch":10,"sticky":null},"text":[""],"removed":["e"],"origin":"+delete"}
2019-6-13 18:13:01.324#keyHandled#"Backspace"
2019-6-13 18:13:01.507#change#{"from":{"line":3,"ch":8,"sticky":"after"},"to":{"line":3,"ch":9,"sticky":null},"text":[""],"removed":["n"],"origin":"+delete"}
2019-6-13 18:13:01.507#keyHandled#"Backspace"
2019-6-13 18:13:01.748#change#{"from":{"line":3,"ch":7,"sticky":"after"},"to":{"line":3,"ch":8,"sticky":null},"text":[""],"removed":["m"],"origin":"+delete"}
2019-6-13 18:13:01.748#keyHandled#"Backspace"
2019-6-13 18:13:02.615#change#{"from":{"line":3,"ch":7,"sticky":null},"to":{"line":3,"ch":7,"sticky":null},"text":["m"],"removed":[""],"origin":"+input"}
2019-6-13 18:13:02.740#change#{"from":{"line":3,"ch":8,"sticky":null},"to":{"line":3,"ch":8,"sticky":null},"text":["e"],"removed":[""],"origin":"+input"}
2019-6-13 18:13:03.156#change#{"from":{"line":3,"ch":9,"sticky":null},"to":{"line":3,"ch":9,"sticky":null},"text":["t"],"removed":[""],"origin":"+input"}
2019-6-13 18:13:03.348#change#{"from":{"line":3,"ch":10,"sticky":null},"to":{"line":3,"ch":10,"sticky":null},"text":["o"],"removed":[""],"origin":"+input"}
2019-6-13 18:13:04.413#change#{"from":{"line":3,"ch":11,"sticky":null},"to":{"line":3,"ch":11,"sticky":null},"text":[" "],"removed":[""],"origin":"+input"}
2019-6-13 18:13:04.732#change#{"from":{"line":3,"ch":12,"sticky":null},"to":{"line":3,"ch":12,"sticky":null},"text":["i"],"removed":[""],"origin":"+input"}
2019-6-13 18:13:04.948#change#{"from":{"line":3,"ch":13,"sticky":null},"to":{"line":3,"ch":13,"sticky":null},"text":["n"],"removed":[""],"origin":"+input"}
2019-6-13 18:13:05.315#change#{"from":{"line":3,"ch":14,"sticky":null},"to":{"line":3,"ch":14,"sticky":null},"text":[" "],"removed":[""],"origin":"+input"}
2019-6-13 18:13:05.645#change#{"from":{"line":3,"ch":15,"sticky":null},"to":{"line":3,"ch":15,"sticky":null},"text":["x"],"removed":[""],"origin":"+input"}
2019-6-13 18:13:07.156#change#{"from":{"line":3,"ch":16,"sticky":null},"to":{"line":3,"ch":16,"sticky":null},"text":[":"],"removed":[""],"origin":"+input"}
2019-6-13 18:13:07.972#change#{"from":{"line":3,"ch":17,"sticky":null},"to":{"line":3,"ch":17,"sticky":null},"text":["",""],"removed":[""],"origin":"+input"}
2019-6-13 18:13:07.972#change#{"from":{"line":4,"ch":0,"sticky":null},"to":{"line":4,"ch":0,"sticky":null},"text":["\t"],"removed":[""],"origin":"+input"}
2019-6-13 18:13:07.972#keyHandled#"Enter"
2019-6-13 18:13:07.978#viewportChange#0
2019-6-13 18:13:08.853#change#{"from":{"line":4,"ch":1,"sticky":null},"to":{"line":4,"ch":1,"sticky":null},"text":["i"],"removed":[""],"origin":"+input"}
2019-6-13 18:13:09.012#change#{"from":{"line":4,"ch":2,"sticky":null},"to":{"line":4,"ch":2,"sticky":null},"text":["f"],"removed":[""],"origin":"+input"}
2019-6-13 18:13:15.281#change#{"from":{"line":4,"ch":3,"sticky":null},"to":{"line":4,"ch":3,"sticky":null},"text":["()"],"removed":[""],"origin":"+input"}
2019-6-13 18:13:15.281#keyHandled#"'('"
2019-6-13 18:13:17.333#change#{"from":{"line":4,"ch":4,"sticky":"after"},"to":{"line":4,"ch":4,"sticky":"after"},"text":["e"],"removed":[""],"origin":"+input"}
2019-6-13 18:13:17.589#change#{"from":{"line":4,"ch":5,"sticky":null},"to":{"line":4,"ch":5,"sticky":null},"text":["l"],"removed":[""],"origin":"+input"}
2019-6-13 18:13:17.735#change#{"from":{"line":4,"ch":6,"sticky":null},"to":{"line":4,"ch":6,"sticky":null},"text":["e"],"removed":[""],"origin":"+input"}
2019-6-13 18:13:17.997#change#{"from":{"line":4,"ch":7,"sticky":null},"to":{"line":4,"ch":7,"sticky":null},"text":["m"],"removed":[""],"origin":"+input"}
2019-6-13 18:13:18.533#change#{"from":{"line":4,"ch":8,"sticky":null},"to":{"line":4,"ch":8,"sticky":null},"text":["e"],"removed":[""],"origin":"+input"}
2019-6-13 18:13:18.700#change#{"from":{"line":4,"ch":9,"sticky":null},"to":{"line":4,"ch":9,"sticky":null},"text":["n"],"removed":[""],"origin":"+input"}
2019-6-13 18:13:18.911#change#{"from":{"line":4,"ch":10,"sticky":null},"to":{"line":4,"ch":10,"sticky":null},"text":["t"],"removed":[""],"origin":"+input"}
2019-6-13 18:13:19.111#change#{"from":{"line":4,"ch":11,"sticky":null},"to":{"line":4,"ch":11,"sticky":null},"text":["o"],"removed":[""],"origin":"+input"}
2019-6-13 18:13:33.179#change#{"from":{"line":4,"ch":12,"sticky":null},"to":{"line":4,"ch":12,"sticky":null},"text":[">"],"removed":[""],"origin":"+input"}
2019-6-13 18:13:35.213#change#{"from":{"line":4,"ch":13,"sticky":null},"to":{"line":4,"ch":13,"sticky":null},"text":["6"],"removed":[""],"origin":"+input"}
2019-6-13 18:13:35.764#change#{"from":{"line":4,"ch":14,"sticky":null},"to":{"line":4,"ch":14,"sticky":null},"text":["9"],"removed":[""],"origin":"+input"}
2019-6-13 18:13:39.786#mousedown#{"isTrusted":true}
2019-6-13 18:13:40.695#mousedown#{"isTrusted":true}
2019-6-13 18:13:41.451#mousedown#{"isTrusted":true}
2019-6-13 18:13:42.170#mousedown#{"isTrusted":true}
2019-6-13 18:13:44.114#change#{"from":{"line":4,"ch":12,"sticky":"after","xRel":3.828125},"to":{"line":4,"ch":15,"sticky":"before","xRel":-1.1875},"text":[""],"removed":[">69"],"origin":"+delete"}
2019-6-13 18:13:44.114#keyHandled#"Backspace"
2019-6-13 18:13:47.646#change#{"from":{"line":4,"ch":12,"sticky":null},"to":{"line":4,"ch":12,"sticky":null},"text":[">"],"removed":[""],"origin":"+input"}
2019-6-13 18:13:48.236#change#{"from":{"line":4,"ch":13,"sticky":null},"to":{"line":4,"ch":13,"sticky":null},"text":["="],"removed":[""],"origin":"+input"}
2019-6-13 18:13:52.516#change#{"from":{"line":4,"ch":14,"sticky":null},"to":{"line":4,"ch":14,"sticky":null},"text":["7"],"removed":[""],"origin":"+input"}
2019-6-13 18:13:52.716#change#{"from":{"line":4,"ch":15,"sticky":null},"to":{"line":4,"ch":15,"sticky":null},"text":["0"],"removed":[""],"origin":"+input"}
2019-6-13 18:13:53.562#keyHandled#"Right"
2019-6-13 18:13:54.468#change#{"from":{"line":4,"ch":17,"sticky":"before"},"to":{"line":4,"ch":17,"sticky":"before"},"text":[":"],"removed":[""],"origin":"+input"}
2019-6-13 18:13:55.762#change#{"from":{"line":4,"ch":18,"sticky":null},"to":{"line":4,"ch":18,"sticky":null},"text":["",""],"removed":[""],"origin":"+input"}
2019-6-13 18:13:55.762#change#{"from":{"line":5,"ch":0,"sticky":null},"to":{"line":5,"ch":0,"sticky":null},"text":["\t\t"],"removed":[""],"origin":"+input"}
2019-6-13 18:13:55.762#keyHandled#"Enter"
2019-6-13 18:13:55.766#viewportChange#0
2019-6-13 18:13:59.861#mousedown#{"isTrusted":true}
2019-6-13 18:14:00.915#change#{"from":{"line":1,"ch":0,"sticky":"after"},"to":{"line":1,"ch":1,"sticky":"after","xRel":1.390625},"text":[""],"removed":["x"],"origin":"+delete"}
2019-6-13 18:14:00.915#keyHandled#"Backspace"
2019-6-13 18:14:01.508#change#{"from":{"line":1,"ch":0,"sticky":null},"to":{"line":1,"ch":0,"sticky":null},"text":["y"],"removed":[""],"origin":"+input"}
2019-6-13 18:14:02.794#mousedown#{"isTrusted":true}
2019-6-13 18:14:04.443#mousedown#{"isTrusted":true}
2019-6-13 18:14:05.363#mousedown#{"isTrusted":true}
2019-6-13 18:14:07.637#change#{"from":{"line":5,"ch":2,"sticky":"before","xRel":77.21875},"to":{"line":5,"ch":2,"sticky":"before","xRel":77.21875},"text":["y"],"removed":[""],"origin":"+input"}
2019-6-13 18:14:08.318#change#{"from":{"line":5,"ch":3,"sticky":null},"to":{"line":5,"ch":3,"sticky":null},"text":["="],"removed":[""],"origin":"+input"}
2019-6-13 18:14:08.892#change#{"from":{"line":5,"ch":4,"sticky":null},"to":{"line":5,"ch":4,"sticky":null},"text":["y"],"removed":[""],"origin":"+input"}
2019-6-13 18:14:12.948#change#{"from":{"line":5,"ch":5,"sticky":null},"to":{"line":5,"ch":5,"sticky":null},"text":["+"],"removed":[""],"origin":"+input"}
2019-6-13 18:14:14.380#change#{"from":{"line":5,"ch":6,"sticky":null},"to":{"line":5,"ch":6,"sticky":null},"text":["1"],"removed":[""],"origin":"+input"}
2019-6-13 18:14:15.371#change#{"from":{"line":5,"ch":7,"sticky":null},"to":{"line":5,"ch":7,"sticky":null},"text":["",""],"removed":[""],"origin":"+input"}
2019-6-13 18:14:15.371#change#{"from":{"line":6,"ch":0,"sticky":null},"to":{"line":6,"ch":0,"sticky":null},"text":["\t\t"],"removed":[""],"origin":"+input"}
2019-6-13 18:14:15.371#keyHandled#"Enter"
2019-6-13 18:14:15.377#viewportChange#0
2019-6-13 18:14:15.867#change#{"from":{"line":6,"ch":1,"sticky":"after"},"to":{"line":6,"ch":2,"sticky":null},"text":[""],"removed":["\t"],"origin":"+delete"}
2019-6-13 18:14:15.867#keyHandled#"Backspace"
2019-6-13 18:14:27.517#change#{"from":{"line":6,"ch":1,"sticky":null},"to":{"line":6,"ch":1,"sticky":null},"text":["p"],"removed":[""],"origin":"+input"}
2019-6-13 18:14:27.637#change#{"from":{"line":6,"ch":2,"sticky":null},"to":{"line":6,"ch":2,"sticky":null},"text":["r"],"removed":[""],"origin":"+input"}
2019-6-13 18:14:27.820#change#{"from":{"line":6,"ch":3,"sticky":null},"to":{"line":6,"ch":3,"sticky":null},"text":["i"],"removed":[""],"origin":"+input"}
2019-6-13 18:14:28.061#change#{"from":{"line":6,"ch":4,"sticky":null},"to":{"line":6,"ch":4,"sticky":null},"text":["n"],"removed":[""],"origin":"+input"}
2019-6-13 18:14:28.308#change#{"from":{"line":6,"ch":5,"sticky":null},"to":{"line":6,"ch":5,"sticky":null},"text":["t"],"removed":[""],"origin":"+input"}
2019-6-13 18:14:29.059#change#{"from":{"line":6,"ch":6,"sticky":null},"to":{"line":6,"ch":6,"sticky":null},"text":["()"],"removed":[""],"origin":"+input"}
2019-6-13 18:14:29.059#keyHandled#"'('"
2019-6-13 18:14:31.011#change#{"from":{"line":6,"ch":7,"sticky":"after"},"to":{"line":6,"ch":7,"sticky":"after"},"text":["y"],"removed":[""],"origin":"+input"}
2019-6-13 18:14:31.011#change#{"from":{"line":6,"ch":7,"sticky":"after"},"to":{"line":6,"ch":7,"sticky":"after"},"text":["y"],"removed":[""],"origin":"+input"}
2019-6-13 18:14:31.011#change#{"from":{"line":6,"ch":7,"sticky":"after"},"to":{"line":6,"ch":7,"sticky":"after"},"text":["y"],"removed":[""],"origin":"+input"}
2019-6-13 18:14:50.140#blur#
2019-6-13 18:14:50.169#submit#Your code did not produce the correct output. Please, correct your code and try again.
2019-6-13 18:14:54.578#mousedown#{"isTrusted":true}
2019-6-13 18:14:54.637#focus#
2019-6-13 18:15:00.554#mousedown#{"isTrusted":true}
2019-6-13 18:15:01.642#change#{"from":{"line":1,"ch":2,"sticky":"after"},"to":{"line":1,"ch":3,"sticky":"before","xRel":7.546875},"text":[""],"removed":["o"],"origin":"+delete"}
2019-6-13 18:15:01.642#keyHandled#"Backspace"
2019-6-13 18:15:02.100#change#{"from":{"line":1,"ch":2,"sticky":null},"to":{"line":1,"ch":2,"sticky":null},"text":["0"],"removed":[""],"origin":"+input"}
2019-6-13 18:15:02.100#change#{"from":{"line":1,"ch":2,"sticky":null},"to":{"line":1,"ch":2,"sticky":null},"text":["0"],"removed":[""],"origin":"+input"}
2019-6-13 18:15:03.008#blur#
2019-6-13 18:15:03.857#saida_testar#$ python3 main.py
2019-6-13 18:15:36.083#mousedown#{"isTrusted":true}
2019-6-13 18:15:36.123#focus#
2019-6-13 18:15:37.461#change#{"from":{"line":3,"ch":9,"sticky":"after","xRel":0.8125},"to":{"line":3,"ch":9,"sticky":"after","xRel":0.8125},"text":["n"],"removed":[""],"origin":"+input"}
2019-6-13 18:15:38.590#mousedown#{"isTrusted":true}
2019-6-13 18:15:40.874#mousedown#{"isTrusted":true}
2019-6-13 18:15:41.746#mousedown#{"isTrusted":true}
2019-6-13 18:15:42.435#mousedown#{"isTrusted":true}
2019-6-13 18:15:42.978#mousedown#{"isTrusted":true}
2019-6-13 18:15:50.235#mousedown#{"isTrusted":true}
2019-6-13 18:15:50.459#change#{"from":{"line":4,"ch":12,"sticky":"before","xRel":-3.171875},"to":{"line":4,"ch":12,"sticky":"before","xRel":-3.171875},"text":[" "],"removed":[""],"origin":"+input"}
2019-6-13 18:15:51.453#mousedown#{"isTrusted":true}
2019-6-13 18:15:51.629#change#{"from":{"line":4,"ch":15,"sticky":"after","xRel":2.8125},"to":{"line":4,"ch":15,"sticky":"after","xRel":2.8125},"text":[" "],"removed":[""],"origin":"+input"}
2019-6-13 18:15:53.489#mousedown#{"isTrusted":true}
2019-6-13 18:15:53.804#change#{"from":{"line":4,"ch":4,"sticky":"after","xRel":1.8125},"to":{"line":4,"ch":4,"sticky":"after","xRel":1.8125},"text":[" "],"removed":[""],"origin":"+input"}
2019-6-13 18:15:55.098#mousedown#{"isTrusted":true}
2019-6-13 18:15:55.098#mousedown#{"isTrusted":true}
2019-6-13 18:15:56.626#blur#
2019-6-13 18:15:58.000#saida_testar#$ python3 main.py
2019-6-13 18:15:58.000#saida_testar#$ python3 main.py
2019-6-13 18:16:03.741#saida_testar#$ python3 main.py
2019-6-13 18:16:34.242#mousedown#{"isTrusted":true}
2019-6-13 18:16:34.281#focus#
2019-6-13 18:16:36.857#change#{"from":{"line":6,"ch":0,"sticky":"after"},"to":{"line":6,"ch":1,"sticky":"before","xRel":-1.484375},"text":[""],"removed":["\t"],"origin":"+delete"}
2019-6-13 18:16:36.857#keyHandled#"Backspace"
2019-6-13 18:16:36.857#change#{"from":{"line":6,"ch":0,"sticky":"after"},"to":{"line":6,"ch":1,"sticky":"before","xRel":-1.484375},"text":[""],"removed":["\t"],"origin":"+delete"}
2019-6-13 18:16:36.857#keyHandled#"Backspace"
2019-6-13 18:16:38.430#blur#
2019-6-13 18:16:39.819#saida_testar#$ python3 main.py
2019-6-13 18:25:12.262#mousedown#{"isTrusted":true}
2019-6-13 18:25:12.272#focus#
2019-6-13 18:25:14.630#change#{"from":{"line":6,"ch":8,"sticky":"before","xRel":142.40625},"to":{"line":6,"ch":8,"sticky":"before","xRel":142.40625},"text":["",""],"removed":[""],"origin":"+input"}
2019-6-13 18:25:14.630#keyHandled#"Enter"
2019-6-13 18:25:14.635#viewportChange#0
2019-6-13 18:25:55.025#blur#
2019-6-13 18:25:56.026#focus#
2019-6-13 18:25:59.655#blur#
2019-6-13 18:26:01.001#focus#
2019-6-13 18:26:30.248#change#{"from":{"line":7,"ch":0,"sticky":null},"to":{"line":7,"ch":0,"sticky":null},"text":["f"],"removed":[""],"origin":"+input"}
2019-6-13 18:26:30.440#change#{"from":{"line":7,"ch":1,"sticky":null},"to":{"line":7,"ch":1,"sticky":null},"text":["o"],"removed":[""],"origin":"+input"}
2019-6-13 18:26:30.517#change#{"from":{"line":7,"ch":2,"sticky":null},"to":{"line":7,"ch":2,"sticky":null},"text":["r"],"removed":[""],"origin":"+input"}
2019-6-13 18:27:41.208#blur#
2019-6-13 18:27:43.379#mousedown#{"isTrusted":true}
2019-6-13 18:27:43.382#focus#
2019-6-13 18:28:36.277#change#{"from":{"line":7,"ch":3,"sticky":"before","xRel":27.8125},"to":{"line":7,"ch":3,"sticky":"before","xRel":27.8125},"text":["()"],"removed":[""],"origin":"+input"}
2019-6-13 18:28:36.277#keyHandled#"'('"
2019-6-13 18:28:43.668#change#{"from":{"line":7,"ch":3,"sticky":null},"to":{"line":7,"ch":5,"sticky":null},"text":[""],"removed":["()"],"origin":"+delete"}
2019-6-13 18:28:43.668#keyHandled#"Backspace"
2019-6-13 18:28:55.085#blur#
2019-6-13 18:28:56.366#focus#
2019-6-13 18:29:10.692#blur#
2019-6-13 18:29:14.900#mousedown#{"isTrusted":true}
2019-6-13 18:29:14.903#focus#
2019-6-13 18:29:38.501#blur#
2019-6-13 18:29:40.578#mousedown#{"isTrusted":true}
2019-6-13 18:29:40.579#focus#
2019-6-13 18:29:45.407#change#{"from":{"line":7,"ch":3,"sticky":"before","xRel":67.8125},"to":{"line":7,"ch":3,"sticky":"before","xRel":67.8125},"text":["()"],"removed":[""],"origin":"+input"}
2019-6-13 18:29:45.407#keyHandled#"'('"
2019-6-13 18:29:46.794#change#{"from":{"line":7,"ch":3,"sticky":null},"to":{"line":7,"ch":5,"sticky":null},"text":[""],"removed":["()"],"origin":"+delete"}
2019-6-13 18:29:46.794#keyHandled#"Backspace"
2019-6-13 18:29:47.172#change#{"from":{"line":7,"ch":3,"sticky":null},"to":{"line":7,"ch":3,"sticky":null},"text":[" "],"removed":[""],"origin":"+input"}
2019-6-13 18:29:47.563#change#{"from":{"line":7,"ch":4,"sticky":null},"to":{"line":7,"ch":4,"sticky":null},"text":["e"],"removed":[""],"origin":"+input"}
2019-6-13 18:29:47.722#change#{"from":{"line":7,"ch":5,"sticky":null},"to":{"line":7,"ch":5,"sticky":null},"text":["l"],"removed":[""],"origin":"+input"}
2019-6-13 18:29:47.851#change#{"from":{"line":7,"ch":6,"sticky":null},"to":{"line":7,"ch":6,"sticky":null},"text":["e"],"removed":[""],"origin":"+input"}
2019-6-13 18:29:49.444#change#{"from":{"line":7,"ch":7,"sticky":null},"to":{"line":7,"ch":7,"sticky":null},"text":["m"],"removed":[""],"origin":"+input"}
2019-6-13 18:29:49.587#change#{"from":{"line":7,"ch":8,"sticky":null},"to":{"line":7,"ch":8,"sticky":null},"text":["e"],"removed":[""],"origin":"+input"}
2019-6-13 18:29:49.739#change#{"from":{"line":7,"ch":9,"sticky":null},"to":{"line":7,"ch":9,"sticky":null},"text":["n"],"removed":[""],"origin":"+input"}
2019-6-13 18:29:49.932#change#{"from":{"line":7,"ch":10,"sticky":null},"to":{"line":7,"ch":10,"sticky":null},"text":["t"],"removed":[""],"origin":"+input"}
2019-6-13 18:29:50.220#change#{"from":{"line":7,"ch":11,"sticky":null},"to":{"line":7,"ch":11,"sticky":null},"text":["o"],"removed":[""],"origin":"+input"}
2019-6-13 18:29:51.580#change#{"from":{"line":7,"ch":12,"sticky":null},"to":{"line":7,"ch":12,"sticky":null},"text":[" "],"removed":[""],"origin":"+input"}
2019-6-13 18:29:52.060#change#{"from":{"line":7,"ch":13,"sticky":null},"to":{"line":7,"ch":13,"sticky":null},"text":["i"],"removed":[""],"origin":"+input"}
2019-6-13 18:29:52.324#change#{"from":{"line":7,"ch":14,"sticky":null},"to":{"line":7,"ch":14,"sticky":null},"text":["n"],"removed":[""],"origin":"+input"}
2019-6-13 18:29:54.091#change#{"from":{"line":7,"ch":15,"sticky":null},"to":{"line":7,"ch":15,"sticky":null},"text":[" "],"removed":[""],"origin":"+input"}
2019-6-13 18:29:54.787#change#{"from":{"line":7,"ch":16,"sticky":null},"to":{"line":7,"ch":16,"sticky":null},"text":[">"],"removed":[""],"origin":"+input"}
2019-6-13 18:29:55.469#change#{"from":{"line":7,"ch":17,"sticky":null},"to":{"line":7,"ch":17,"sticky":null},"text":["="],"removed":[""],"origin":"+input"}
2019-6-13 18:29:56.964#change#{"from":{"line":7,"ch":18,"sticky":null},"to":{"line":7,"ch":18,"sticky":null},"text":[" "],"removed":[""],"origin":"+input"}
2019-6-13 18:29:57.412#change#{"from":{"line":7,"ch":19,"sticky":null},"to":{"line":7,"ch":19,"sticky":null},"text":["7"],"removed":[""],"origin":"+input"}
2019-6-13 18:29:57.529#change#{"from":{"line":7,"ch":20,"sticky":null},"to":{"line":7,"ch":20,"sticky":null},"text":["0"],"removed":[""],"origin":"+input"}
2019-6-13 18:29:59.516#change#{"from":{"line":7,"ch":21,"sticky":null},"to":{"line":7,"ch":21,"sticky":null},"text":[":"],"removed":[""],"origin":"+input"}
2019-6-13 18:30:00.042#change#{"from":{"line":7,"ch":22,"sticky":null},"to":{"line":7,"ch":22,"sticky":null},"text":["",""],"removed":[""],"origin":"+input"}
2019-6-13 18:30:00.042#change#{"from":{"line":8,"ch":0,"sticky":null},"to":{"line":8,"ch":0,"sticky":null},"text":["\t"],"removed":[""],"origin":"+input"}
2019-6-13 18:30:00.042#keyHandled#"Enter"
2019-6-13 18:30:00.046#viewportChange#0
2019-6-13 18:30:20.242#mousedown#{"isTrusted":true}
2019-6-13 18:30:23.051#change#{"from":{"line":7,"ch":4,"sticky":"after","xRel":3.8125},"to":{"line":7,"ch":12,"sticky":"before","xRel":-0.1875},"text":["w"],"removed":["elemento"],"origin":"+input"}
2019-6-13 18:30:24.332#mousedown#{"isTrusted":true}
2019-6-13 18:30:27.235#change#{"from":{"line":7,"ch":12,"sticky":"after","xRel":3.8125},"to":{"line":7,"ch":14,"sticky":"before","xRel":-0.109375},"text":["s"],"removed":["70"],"origin":"+input"}
2019-6-13 18:30:27.435#change#{"from":{"line":7,"ch":13,"sticky":null},"to":{"line":7,"ch":13,"sticky":null},"text":["i"],"removed":[""],"origin":"+input"}
2019-6-13 18:30:28.315#change#{"from":{"line":7,"ch":14,"sticky":null},"to":{"line":7,"ch":14,"sticky":null},"text":["z"],"removed":[""],"origin":"+input"}
2019-6-13 18:30:28.547#change#{"from":{"line":7,"ch":15,"sticky":null},"to":{"line":7,"ch":15,"sticky":null},"text":["e"],"removed":[""],"origin":"+input"}
2019-6-13 18:30:30.587#change#{"from":{"line":7,"ch":16,"sticky":null},"to":{"line":7,"ch":16,"sticky":null},"text":["["],"removed":[""],"origin":"+input"}
2019-6-13 18:30:33.467#change#{"from":{"line":7,"ch":17,"sticky":null},"to":{"line":7,"ch":17,"sticky":null},"text":["x"],"removed":[""],"origin":"+input"}
2019-6-13 18:30:33.883#change#{"from":{"line":7,"ch":18,"sticky":null},"to":{"line":7,"ch":18,"sticky":null},"text":["]"],"removed":[""],"origin":"+input"}
2019-6-13 18:30:43.290#change#{"from":{"line":7,"ch":18,"sticky":"after"},"to":{"line":7,"ch":19,"sticky":null},"text":[""],"removed":["]"],"origin":"+delete"}
2019-6-13 18:30:43.290#keyHandled#"Backspace"
2019-6-13 18:30:43.483#change#{"from":{"line":7,"ch":17,"sticky":"after"},"to":{"line":7,"ch":18,"sticky":null},"text":[""],"removed":["x"],"origin":"+delete"}
2019-6-13 18:30:43.483#keyHandled#"Backspace"
2019-6-13 18:30:43.714#change#{"from":{"line":7,"ch":16,"sticky":"after"},"to":{"line":7,"ch":17,"sticky":null},"text":[""],"removed":["["],"origin":"+delete"}
2019-6-13 18:30:43.714#keyHandled#"Backspace"
2019-6-13 18:30:44.954#change#{"from":{"line":7,"ch":16,"sticky":null},"to":{"line":7,"ch":16,"sticky":null},"text":["("],"removed":[""],"origin":"+input"}
2019-6-13 18:30:45.810#change#{"from":{"line":7,"ch":17,"sticky":null},"to":{"line":7,"ch":17,"sticky":null},"text":["x"],"removed":[""],"origin":"+input"}
2019-6-13 18:30:46.810#change#{"from":{"line":7,"ch":18,"sticky":null},"to":{"line":7,"ch":18,"sticky":null},"text":[")"],"removed":[""],"origin":"+input"}
2019-6-13 18:30:48.473#change#{"from":{"line":7,"ch":19,"sticky":null},"to":{"line":7,"ch":19,"sticky":null},"text":["",""],"removed":[""],"origin":"+input"}
2019-6-13 18:30:48.473#keyHandled#"Enter"
2019-6-13 18:30:48.481#viewportChange#0
2019-6-13 18:30:49.721#change#{"from":{"line":7,"ch":19,"sticky":"before"},"to":{"line":8,"ch":0,"sticky":null},"text":[""],"removed":["",""],"origin":"+delete"}
2019-6-13 18:30:49.721#keyHandled#"Backspace"
2019-6-13 18:30:49.728#viewportChange#0
2019-6-13 18:30:50.921#keyHandled#"Right"
2019-6-13 18:30:51.938#change#{"from":{"line":7,"ch":20,"sticky":"before"},"to":{"line":7,"ch":20,"sticky":"before"},"text":["",""],"removed":[""],"origin":"+input"}
2019-6-13 18:30:51.938#change#{"from":{"line":8,"ch":0,"sticky":null},"to":{"line":8,"ch":0,"sticky":null},"text":["\t"],"removed":[""],"origin":"+input"}
2019-6-13 18:30:51.938#keyHandled#"Enter"
2019-6-13 18:30:51.948#viewportChange#0
2019-6-13 18:31:18.762#mousedown#{"isTrusted":true}
2019-6-13 18:31:22.411#change#{"from":{"line":7,"ch":12,"sticky":"after","xRel":3.8125},"to":{"line":7,"ch":19,"sticky":"before","xRel":-3.1875},"text":["x"],"removed":["size(x)"],"origin":"+input"}
2019-6-13 18:31:23.753#mousedown#{"isTrusted":true}
2019-6-13 18:31:24.467#change#{"from":{"line":7,"ch":14,"sticky":"before","xRel":55.890625},"to":{"line":7,"ch":14,"sticky":"before","xRel":55.890625},"text":["",""],"removed":[""],"origin":"+input"}
2019-6-13 18:31:24.467#change#{"from":{"line":8,"ch":0,"sticky":null},"to":{"line":8,"ch":0,"sticky":null},"text":["\t"],"removed":[""],"origin":"+input"}
2019-6-13 18:31:24.467#keyHandled#"Enter"
2019-6-13 18:31:24.474#viewportChange#0
2019-6-13 18:31:25.997#change#{"from":{"line":8,"ch":1,"sticky":null},"to":{"line":8,"ch":1,"sticky":null},"text":["i"],"removed":[""],"origin":"+input"}
2019-6-13 18:31:26.147#change#{"from":{"line":8,"ch":2,"sticky":null},"to":{"line":8,"ch":2,"sticky":null},"text":["f"],"removed":[""],"origin":"+input"}
2019-6-13 18:31:27.180#change#{"from":{"line":8,"ch":3,"sticky":null},"to":{"line":8,"ch":3,"sticky":null},"text":[" "],"removed":[""],"origin":"+input"}
2019-6-13 18:31:43.073#mousedown#{"isTrusted":true}
2019-6-13 18:31:44.146#change#{"from":{"line":6,"ch":8,"sticky":"before","xRel":18.40625},"to":{"line":6,"ch":8,"sticky":"before","xRel":18.40625},"text":["",""],"removed":[""],"origin":"+input"}
2019-6-13 18:31:44.146#keyHandled#"Enter"
2019-6-13 18:31:44.149#viewportChange#0
2019-6-13 18:31:44.745#mousedown#{"isTrusted":true}
2019-6-13 18:31:47.112#change#{"from":{"line":6,"ch":8,"sticky":"before"},"to":{"line":7,"ch":0,"sticky":"after","xRel":33.8125},"text":[""],"removed":["",""],"origin":"+delete"}
2019-6-13 18:31:47.112#keyHandled#"Backspace"
2019-6-13 18:31:47.115#viewportChange#0
2019-6-13 18:31:47.785#mousedown#{"isTrusted":true}
2019-6-13 18:31:48.585#change#{"from":{"line":7,"ch":14,"sticky":"before","xRel":11.890625},"to":{"line":7,"ch":14,"sticky":"before","xRel":11.890625},"text":["",""],"removed":[""],"origin":"+input"}
2019-6-13 18:31:48.585#change#{"from":{"line":8,"ch":0,"sticky":null},"to":{"line":8,"ch":0,"sticky":null},"text":["\t"],"removed":[""],"origin":"+input"}
2019-6-13 18:31:48.585#keyHandled#"Enter"
2019-6-13 18:31:48.591#viewportChange#0
2019-6-13 18:31:56.035#change#{"from":{"line":8,"ch":1,"sticky":null},"to":{"line":8,"ch":1,"sticky":null},"text":["x"],"removed":[""],"origin":"+input"}
2019-6-13 18:31:56.474#change#{"from":{"line":8,"ch":2,"sticky":null},"to":{"line":8,"ch":2,"sticky":null},"text":["="],"removed":[""],"origin":"+input"}
2019-6-13 18:31:56.963#change#{"from":{"line":8,"ch":3,"sticky":null},"to":{"line":8,"ch":3,"sticky":null},"text":["0"],"removed":[""],"origin":"+input"}
2019-6-13 18:31:58.777#mousedown#{"isTrusted":true}
2019-6-13 18:31:59.969#change#{"from":{"line":9,"ch":3,"sticky":"after"},"to":{"line":9,"ch":4,"sticky":"before","xRel":5.25},"text":[""],"removed":[" "],"origin":"+delete"}
2019-6-13 18:31:59.969#keyHandled#"Backspace"
2019-6-13 18:32:00.890#change#{"from":{"line":9,"ch":3,"sticky":null},"to":{"line":9,"ch":3,"sticky":null},"text":["()"],"removed":[""],"origin":"+input"}
2019-6-13 18:32:00.890#keyHandled#"'('"
2019-6-13 18:32:10.226#mousedown#{"isTrusted":true}
2019-6-13 18:32:11.193#change#{"from":{"line":8,"ch":1,"sticky":"after"},"to":{"line":8,"ch":2,"sticky":"before","xRel":-2.90625},"text":[""],"removed":["x"],"origin":"+delete"}
2019-6-13 18:32:11.193#keyHandled#"Backspace"
2019-6-13 18:32:12.273#change#{"from":{"line":8,"ch":1,"sticky":null},"to":{"line":8,"ch":1,"sticky":null},"text":["y"],"removed":[""],"origin":"+input"}
2019-6-13 18:32:13.385#mousedown#{"isTrusted":true}
2019-6-13 18:32:16.320#blur#
2019-6-13 18:32:18.595#focus#
2019-6-13 18:32:25.042#change#{"from":{"line":9,"ch":4,"sticky":"before","xRel":-2.1875},"to":{"line":9,"ch":4,"sticky":"before","xRel":-2.1875},"text":["x"],"removed":[""],"origin":"+input"}
2019-6-13 18:32:25.882#change#{"from":{"line":9,"ch":5,"sticky":null},"to":{"line":9,"ch":5,"sticky":null},"text":["9"],"removed":[""],"origin":"+input"}
2019-6-13 18:32:26.856#change#{"from":{"line":9,"ch":5,"sticky":"after"},"to":{"line":9,"ch":6,"sticky":null},"text":[""],"removed":["9"],"origin":"+delete"}
2019-6-13 18:32:26.856#keyHandled#"Backspace"
2019-6-13 18:32:29.137#change#{"from":{"line":9,"ch":5,"sticky":null},"to":{"line":9,"ch":5,"sticky":null},"text":["[]"],"removed":[""],"origin":"+input"}
2019-6-13 18:32:29.137#keyHandled#"'['"
2019-6-13 18:32:31.561#change#{"from":{"line":9,"ch":6,"sticky":"after"},"to":{"line":9,"ch":6,"sticky":"after"},"text":["y"],"removed":[""],"origin":"+input"}
2019-6-13 18:32:32.969#keyHandled#"Right"
2019-6-13 18:32:33.336#keyHandled#"Right"
2019-6-13 18:32:34.643#keyHandled#"Left"
2019-6-13 18:32:36.594#change#{"from":{"line":9,"ch":8,"sticky":"after"},"to":{"line":9,"ch":8,"sticky":"after"},"text":[">"],"removed":[""],"origin":"+input"}
2019-6-13 18:32:45.133#change#{"from":{"line":9,"ch":9,"sticky":null},"to":{"line":9,"ch":9,"sticky":null},"text":["="],"removed":[""],"origin":"+input"}
2019-6-13 18:32:45.730#change#{"from":{"line":9,"ch":10,"sticky":null},"to":{"line":9,"ch":10,"sticky":null},"text":["7"],"removed":[""],"origin":"+input"}
2019-6-13 18:32:45.930#change#{"from":{"line":9,"ch":11,"sticky":null},"to":{"line":9,"ch":11,"sticky":null},"text":["0"],"removed":[""],"origin":"+input"}
2019-6-13 18:32:47.400#keyHandled#"Right"
2019-6-13 18:32:48.633#change#{"from":{"line":9,"ch":13,"sticky":"before"},"to":{"line":9,"ch":13,"sticky":"before"},"text":["",""],"removed":[""],"origin":"+input"}
2019-6-13 18:32:48.633#change#{"from":{"line":10,"ch":0,"sticky":null},"to":{"line":10,"ch":0,"sticky":null},"text":["\t"],"removed":[""],"origin":"+input"}
2019-6-13 18:32:48.633#keyHandled#"Enter"
2019-6-13 18:32:48.637#viewportChange#0
2019-6-13 18:33:20.891#change#{"from":{"line":10,"ch":1,"sticky":null},"to":{"line":10,"ch":1,"sticky":null},"text":["]"],"removed":[""],"origin":"+input"}
2019-6-13 18:33:21.130#change#{"from":{"line":10,"ch":2,"sticky":null},"to":{"line":10,"ch":2,"sticky":null},"text":["]"],"removed":[""],"origin":"+input"}
2019-6-13 18:33:21.848#change#{"from":{"line":10,"ch":2,"sticky":"after"},"to":{"line":10,"ch":3,"sticky":null},"text":[""],"removed":["]"],"origin":"+delete"}
2019-6-13 18:33:21.848#keyHandled#"Backspace"
2019-6-13 18:33:22.359#change#{"from":{"line":10,"ch":1,"sticky":"after"},"to":{"line":10,"ch":2,"sticky":null},"text":[""],"removed":["]"],"origin":"+delete"}
2019-6-13 18:33:22.359#keyHandled#"Backspace"
2019-6-13 18:33:22.591#change#{"from":{"line":10,"ch":0,"sticky":"after"},"to":{"line":10,"ch":1,"sticky":null},"text":[""],"removed":["\t"],"origin":"+delete"}
2019-6-13 18:33:22.591#keyHandled#"Backspace"
2019-6-13 18:33:22.912#change#{"from":{"line":9,"ch":13,"sticky":"before"},"to":{"line":10,"ch":0,"sticky":null},"text":[""],"removed":["",""],"origin":"+delete"}
2019-6-13 18:33:22.912#keyHandled#"Backspace"
2019-6-13 18:33:22.916#viewportChange#0
2019-6-13 18:33:23.961#change#{"from":{"line":9,"ch":13,"sticky":null},"to":{"line":9,"ch":13,"sticky":null},"text":[":"],"removed":[""],"origin":"+input"}
2019-6-13 18:33:38.483#blur#
2019-6-13 18:33:41.270#focus#
2019-6-13 18:33:50.360#change#{"from":{"line":9,"ch":14,"sticky":null},"to":{"line":9,"ch":14,"sticky":null},"text":["",""],"removed":[""],"origin":"+input"}
2019-6-13 18:33:50.360#change#{"from":{"line":10,"ch":0,"sticky":null},"to":{"line":10,"ch":0,"sticky":null},"text":["\t\t"],"removed":[""],"origin":"+input"}
2019-6-13 18:33:50.360#keyHandled#"Enter"
2019-6-13 18:33:50.365#viewportChange#0
2019-6-13 18:33:52.985#change#{"from":{"line":10,"ch":2,"sticky":null},"to":{"line":10,"ch":2,"sticky":null},"text":["y"],"removed":[""],"origin":"+input"}
2019-6-13 18:33:54.249#change#{"from":{"line":10,"ch":3,"sticky":null},"to":{"line":10,"ch":3,"sticky":null},"text":["="],"removed":[""],"origin":"+input"}
2019-6-13 18:33:54.729#change#{"from":{"line":10,"ch":4,"sticky":null},"to":{"line":10,"ch":4,"sticky":null},"text":["y"],"removed":[""],"origin":"+input"}
2019-6-13 18:33:56.744#change#{"from":{"line":10,"ch":5,"sticky":null},"to":{"line":10,"ch":5,"sticky":null},"text":["+"],"removed":[""],"origin":"+input"}
2019-6-13 18:33:57.817#change#{"from":{"line":10,"ch":6,"sticky":null},"to":{"line":10,"ch":6,"sticky":null},"text":["1"],"removed":[""],"origin":"+input"}
2019-6-13 18:34:00.247#change#{"from":{"line":10,"ch":7,"sticky":null},"to":{"line":10,"ch":7,"sticky":null},"text":["",""],"removed":[""],"origin":"+input"}
2019-6-13 18:34:00.247#change#{"from":{"line":11,"ch":0,"sticky":null},"to":{"line":11,"ch":0,"sticky":null},"text":["\t\t"],"removed":[""],"origin":"+input"}
2019-6-13 18:34:00.247#keyHandled#"Enter"
2019-6-13 18:34:00.251#viewportChange#0
2019-6-13 18:35:04.761#change#{"from":{"line":11,"ch":2,"sticky":null},"to":{"line":11,"ch":2,"sticky":null},"text":["m"],"removed":[""],"origin":"+input"}
2019-6-13 18:35:05.849#change#{"from":{"line":11,"ch":3,"sticky":null},"to":{"line":11,"ch":3,"sticky":null},"text":["="],"removed":[""],"origin":"+input"}
2019-6-13 18:36:24.487#change#{"from":{"line":11,"ch":3,"sticky":"after"},"to":{"line":11,"ch":4,"sticky":null},"text":[""],"removed":["="],"origin":"+delete"}
2019-6-13 18:36:24.487#keyHandled#"Backspace"
2019-6-13 18:36:24.726#change#{"from":{"line":11,"ch":2,"sticky":"after"},"to":{"line":11,"ch":3,"sticky":null},"text":[""],"removed":["m"],"origin":"+delete"}
2019-6-13 18:36:24.726#keyHandled#"Backspace"
2019-6-13 18:36:29.102#change#{"from":{"line":11,"ch":1,"sticky":"after"},"to":{"line":11,"ch":2,"sticky":null},"text":[""],"removed":["\t"],"origin":"+delete"}
2019-6-13 18:36:29.102#keyHandled#"Backspace"
2019-6-13 18:36:29.383#change#{"from":{"line":11,"ch":0,"sticky":"after"},"to":{"line":11,"ch":1,"sticky":null},"text":[""],"removed":["\t"],"origin":"+delete"}
2019-6-13 18:36:29.383#keyHandled#"Backspace"
2019-6-13 18:36:31.976#change#{"from":{"line":11,"ch":0,"sticky":null},"to":{"line":11,"ch":0,"sticky":null},"text":["m"],"removed":[""],"origin":"+input"}
2019-6-13 18:36:32.752#change#{"from":{"line":11,"ch":1,"sticky":null},"to":{"line":11,"ch":1,"sticky":null},"text":["="],"removed":[""],"origin":"+input"}
2019-6-13 18:36:33.911#change#{"from":{"line":11,"ch":2,"sticky":null},"to":{"line":11,"ch":2,"sticky":null},"text":["z"],"removed":[""],"origin":"+input"}
2019-6-13 18:36:34.057#change#{"from":{"line":11,"ch":3,"sticky":null},"to":{"line":11,"ch":3,"sticky":null},"text":["e"],"removed":[""],"origin":"+input"}
2019-6-13 18:36:34.272#change#{"from":{"line":11,"ch":4,"sticky":null},"to":{"line":11,"ch":4,"sticky":null},"text":["r"],"removed":[""],"origin":"+input"}
2019-6-13 18:36:34.727#change#{"from":{"line":11,"ch":5,"sticky":null},"to":{"line":11,"ch":5,"sticky":null},"text":["o"],"removed":[""],"origin":"+input"}
2019-6-13 18:36:34.834#change#{"from":{"line":11,"ch":6,"sticky":null},"to":{"line":11,"ch":6,"sticky":null},"text":["s"],"removed":[""],"origin":"+input"}
2019-6-13 18:36:38.272#change#{"from":{"line":11,"ch":7,"sticky":null},"to":{"line":11,"ch":7,"sticky":null},"text":["()"],"removed":[""],"origin":"+input"}
2019-6-13 18:36:38.272#keyHandled#"'('"
2019-6-13 18:36:39.904#change#{"from":{"line":11,"ch":8,"sticky":"after"},"to":{"line":11,"ch":8,"sticky":"after"},"text":["y"],"removed":[""],"origin":"+input"}
2019-6-13 18:36:42.808#change#{"from":{"line":11,"ch":9,"sticky":null},"to":{"line":11,"ch":9,"sticky":null},"text":[","],"removed":[""],"origin":"+input"}
2019-6-13 18:36:47.896#change#{"from":{"line":11,"ch":10,"sticky":null},"to":{"line":11,"ch":10,"sticky":null},"text":["d"],"removed":[""],"origin":"+input"}
2019-6-13 18:36:48.255#change#{"from":{"line":11,"ch":11,"sticky":null},"to":{"line":11,"ch":11,"sticky":null},"text":["t"],"removed":[""],"origin":"+input"}
2019-6-13 18:36:48.464#change#{"from":{"line":11,"ch":12,"sticky":null},"to":{"line":11,"ch":12,"sticky":null},"text":["y"],"removed":[""],"origin":"+input"}
2019-6-13 18:36:48.976#change#{"from":{"line":11,"ch":13,"sticky":null},"to":{"line":11,"ch":13,"sticky":null},"text":["p"],"removed":[""],"origin":"+input"}
2019-6-13 18:36:49.206#change#{"from":{"line":11,"ch":14,"sticky":null},"to":{"line":11,"ch":14,"sticky":null},"text":["e"],"removed":[""],"origin":"+input"}
2019-6-13 18:36:53.135#change#{"from":{"line":11,"ch":15,"sticky":null},"to":{"line":11,"ch":15,"sticky":null},"text":["()"],"removed":[""],"origin":"+input"}
2019-6-13 18:36:53.135#keyHandled#"'('"
2019-6-13 18:37:02.023#change#{"from":{"line":11,"ch":16,"sticky":"after"},"to":{"line":11,"ch":16,"sticky":"after"},"text":["()"],"removed":[""],"origin":"+input"}
2019-6-13 18:37:02.023#keyHandled#"'('"
2019-6-13 18:37:03.734#change#{"from":{"line":11,"ch":16,"sticky":null},"to":{"line":11,"ch":18,"sticky":null},"text":[""],"removed":["()"],"origin":"+delete"}
2019-6-13 18:37:03.734#keyHandled#"Backspace"
2019-6-13 18:37:04.401#change#{"from":{"line":11,"ch":16,"sticky":null},"to":{"line":11,"ch":16,"sticky":null},"text":["i"],"removed":[""],"origin":"+input"}
2019-6-13 18:37:04.679#change#{"from":{"line":11,"ch":17,"sticky":null},"to":{"line":11,"ch":17,"sticky":null},"text":["n"],"removed":[""],"origin":"+input"}
2019-6-13 18:37:05.633#change#{"from":{"line":11,"ch":18,"sticky":null},"to":{"line":11,"ch":18,"sticky":null},"text":["t"],"removed":[""],"origin":"+input"}
2019-6-13 18:37:07.703#blur#
2019-6-13 18:37:09.474#focus#
2019-6-13 18:37:10.785#mousedown#{"isTrusted":true}
2019-6-13 18:37:11.238#mousedown#{"isTrusted":true}
2019-6-13 18:37:19.575#change#{"from":{"line":11,"ch":21,"sticky":"before","xRel":27.875},"to":{"line":11,"ch":21,"sticky":"before","xRel":27.875},"text":["",""],"removed":[""],"origin":"+input"}
2019-6-13 18:37:19.575#keyHandled#"Enter"
2019-6-13 18:37:19.580#viewportChange#0
2019-6-13 18:37:21.703#change#{"from":{"line":12,"ch":0,"sticky":null},"to":{"line":12,"ch":0,"sticky":null},"text":["p"],"removed":[""],"origin":"+input"}
2019-6-13 18:37:21.840#change#{"from":{"line":12,"ch":1,"sticky":null},"to":{"line":12,"ch":1,"sticky":null},"text":["r"],"removed":[""],"origin":"+input"}
2019-6-13 18:37:22.039#change#{"from":{"line":12,"ch":2,"sticky":null},"to":{"line":12,"ch":2,"sticky":null},"text":["i"],"removed":[""],"origin":"+input"}
2019-6-13 18:37:22.279#change#{"from":{"line":12,"ch":3,"sticky":null},"to":{"line":12,"ch":3,"sticky":null},"text":["n"],"removed":[""],"origin":"+input"}
2019-6-13 18:37:22.598#change#{"from":{"line":12,"ch":4,"sticky":null},"to":{"line":12,"ch":4,"sticky":null},"text":["t"],"removed":[""],"origin":"+input"}
2019-6-13 18:37:23.934#change#{"from":{"line":12,"ch":5,"sticky":null},"to":{"line":12,"ch":5,"sticky":null},"text":["()"],"removed":[""],"origin":"+input"}
2019-6-13 18:37:23.934#keyHandled#"'('"
2019-6-13 18:37:24.799#change#{"from":{"line":12,"ch":6,"sticky":"after"},"to":{"line":12,"ch":6,"sticky":"after"},"text":["m"],"removed":[""],"origin":"+input"}
2019-6-13 18:37:24.799#change#{"from":{"line":12,"ch":6,"sticky":"after"},"to":{"line":12,"ch":6,"sticky":"after"},"text":["m"],"removed":[""],"origin":"+input"}
2019-6-13 18:37:28.470#submit#Your code did not produce the correct output. Please, correct your code and try again.
2019-6-13 18:37:30.340#blur#
2019-6-13 18:37:31.670#saida_testar#$ python3 main.py
File "main.py", line 8
for w in >= x:
SyntaxError: invalid syntax
2019-6-13 18:37:45.150#mousedown#{"isTrusted":true}
2019-6-13 18:37:45.191#focus#
2019-6-13 18:37:46.814#change#{"from":{"line":7,"ch":10,"sticky":"after"},"to":{"line":7,"ch":11,"sticky":"after","xRel":2.15625},"text":[""],"removed":["="],"origin":"+delete"}
2019-6-13 18:37:46.814#keyHandled#"Backspace"
2019-6-13 18:37:47.110#change#{"from":{"line":7,"ch":9,"sticky":"after"},"to":{"line":7,"ch":10,"sticky":null},"text":[""],"removed":[">"],"origin":"+delete"}
2019-6-13 18:37:47.110#keyHandled#"Backspace"
2019-6-13 18:37:47.581#change#{"from":{"line":7,"ch":8,"sticky":"after"},"to":{"line":7,"ch":9,"sticky":null},"text":[""],"removed":[" "],"origin":"+delete"}
2019-6-13 18:37:47.581#keyHandled#"Backspace"
2019-6-13 18:37:47.110#change#{"from":{"line":7,"ch":9,"sticky":"after"},"to":{"line":7,"ch":10,"sticky":null},"text":[""],"removed":[">"],"origin":"+delete"}
2019-6-13 18:37:47.110#keyHandled#"Backspace"
2019-6-13 18:37:47.581#change#{"from":{"line":7,"ch":8,"sticky":"after"},"to":{"line":7,"ch":9,"sticky":null},"text":[""],"removed":[" "],"origin":"+delete"}
2019-6-13 18:37:47.581#keyHandled#"Backspace"
2019-6-13 18:37:51.413#submit#Your code did not produce the correct output. Please, correct your code and try again.
2019-6-13 18:37:51.413#submit#Your code did not produce the correct output. Please, correct your code and try again.
2019-6-13 18:37:52.563#blur#
2019-6-13 18:37:53.963#saida_testar#$ python3 main.py
2019-6-13 18:37:53.963#saida_testar#$ python3 main.py
2019-6-13 18:38:23.077#submit#You're almost there! Your code is 33% correct, but if you try harder you'll be able to hit 100% of the question.
2019-6-13 18:38:54.229#mousedown#{"isTrusted":true}
2019-6-13 18:38:54.273#focus#
2019-6-13 18:38:54.625#change#{"from":{"line":11,"ch":0,"sticky":"after","xRel":-0.1875},"to":{"line":11,"ch":0,"sticky":"after","xRel":-0.1875},"text":[" "],"removed":[""],"origin":"+input"}
2019-6-13 18:38:55.038#change#{"from":{"line":11,"ch":1,"sticky":null},"to":{"line":11,"ch":1,"sticky":null},"text":[" "],"removed":[""],"origin":"+input"}
2019-6-13 18:38:55.408#change#{"from":{"line":11,"ch":2,"sticky":null},"to":{"line":11,"ch":2,"sticky":null},"text":[" "],"removed":[""],"origin":"+input"}
2019-6-13 18:38:55.038#change#{"from":{"line":11,"ch":1,"sticky":null},"to":{"line":11,"ch":1,"sticky":null},"text":[" "],"removed":[""],"origin":"+input"}
2019-6-13 18:38:55.408#change#{"from":{"line":11,"ch":2,"sticky":null},"to":{"line":11,"ch":2,"sticky":null},"text":[" "],"removed":[""],"origin":"+input"}
2019-6-13 18:38:56.854#blur#
2019-6-13 18:38:57.713#saida_testar#$ python3 main.py
File "main.py", line 12
m=zeros(y,dtype(int))
IndentationError: unindent does not match any outer indentation level
2019-6-13 18:38:57.713#saida_testar#$ python3 main.py
File "main.py", line 12
m=zeros(y,dtype(int))
IndentationError: unindent does not match any outer indentation level
2019-6-13 18:39:02.277#mousedown#{"isTrusted":true}
2019-6-13 18:39:02.318#focus#
2019-6-13 18:39:02.406#submit#Your code did not produce the correct output. Please, correct your code and try again.
2019-6-13 18:39:03.309#change#{"from":{"line":11,"ch":2,"sticky":"after"},"to":{"line":11,"ch":3,"sticky":"before","xRel":-3.1875},"text":[""],"removed":[" "],"origin":"+delete"}
2019-6-13 18:39:03.309#keyHandled#"Backspace"
2019-6-13 18:39:03.613#change#{"from":{"line":11,"ch":1,"sticky":"after"},"to":{"line":11,"ch":2,"sticky":null},"text":[""],"removed":[" "],"origin":"+delete"}
2019-6-13 18:39:03.613#keyHandled#"Backspace"
2019-6-13 18:39:03.956#change#{"from":{"line":11,"ch":0,"sticky":"after"},"to":{"line":11,"ch":1,"sticky":null},"text":[""],"removed":[" "],"origin":"+delete"}
2019-6-13 18:39:03.956#keyHandled#"Backspace"
2019-6-13 18:39:03.309#change#{"from":{"line":11,"ch":2,"sticky":"after"},"to":{"line":11,"ch":3,"sticky":"before","xRel":-3.1875},"text":[""],"removed":[" "],"origin":"+delete"}
2019-6-13 18:39:03.309#keyHandled#"Backspace"
2019-6-13 18:39:03.613#change#{"from":{"line":11,"ch":1,"sticky":"after"},"to":{"line":11,"ch":2,"sticky":null},"text":[""],"removed":[" "],"origin":"+delete"}
2019-6-13 18:39:03.613#keyHandled#"Backspace"
2019-6-13 18:39:03.956#change#{"from":{"line":11,"ch":0,"sticky":"after"},"to":{"line":11,"ch":1,"sticky":null},"text":[""],"removed":[" "],"origin":"+delete"}
2019-6-13 18:39:03.956#keyHandled#"Backspace"
2019-6-13 18:39:05.275#blur#
2019-6-13 18:39:05.275#blur#
2019-6-13 18:39:08.101#saida_testar#$ python3 main.py
2019-6-13 18:39:08.879#submit#You're almost there! Your code is 33% correct, but if you try harder you'll be able to hit 100% of the question.
2019-6-13 18:39:08.101#saida_testar#$ python3 main.py
2019-6-13 18:39:08.879#submit#You're almost there! Your code is 33% correct, but if you try harder you'll be able to hit 100% of the question.
2019-6-13 18:40:09.964#saida_testar#$ python3 main.py
2019-6-13 18:41:01.524#mousedown#{"isTrusted":true}
2019-6-13 18:41:01.531#focus#
2019-6-13 18:41:12.300#mousedown#{"isTrusted":true}
2019-6-13 18:41:14.267#mousedown#{"isTrusted":true}
2019-6-13 18:41:17.343#blur#
2019-6-13 18:41:18.945#focus#
2019-6-13 18:41:31.822#blur#
2019-6-13 18:42:50.578#viewportChange#0
2019-6-13 18:42:59.044#mousedown#{"isTrusted":true}
2019-6-13 18:42:59.058#focus#
2019-6-13 18:43:05.814#blur#
2019-6-13 18:43:20.659#mousedown#{"isTrusted":true}
2019-6-13 18:43:20.668#focus#
2019-6-13 18:43:21.378#change#{"from":{"line":11,"ch":0,"sticky":"after","xRel":-3.1875},"to":{"line":11,"ch":0,"sticky":"after","xRel":-3.1875},"text":[" "],"removed":[""],"origin":"+input"}
2019-6-13 18:43:21.676#change#{"from":{"line":11,"ch":1,"sticky":null},"to":{"line":11,"ch":1,"sticky":null},"text":[" "],"removed":[""],"origin":"+input"}
2019-6-13 18:43:22.060#change#{"from":{"line":11,"ch":2,"sticky":null},"to":{"line":11,"ch":2,"sticky":null},"text":[" "],"removed":[""],"origin":"+input"}
2019-6-13 18:43:22.397#change#{"from":{"line":11,"ch":3,"sticky":null},"to":{"line":11,"ch":3,"sticky":null},"text":[" "],"removed":[""],"origin":"+input"}
2019-6-13 18:43:22.735#change#{"from":{"line":11,"ch":4,"sticky":null},"to":{"line":11,"ch":4,"sticky":null},"text":[" "],"removed":[""],"origin":"+input"}
2019-6-13 18:43:23.061#change#{"from":{"line":11,"ch":5,"sticky":null},"to":{"line":11,"ch":5,"sticky":null},"text":[" "],"removed":[""],"origin":"+input"}
2019-6-13 18:43:23.061#change#{"from":{"line":11,"ch":5,"sticky":null},"to":{"line":11,"ch":5,"sticky":null},"text":[" "],"removed":[""],"origin":"+input"}
2019-6-13 18:43:26.677#submit#Your code did not produce the correct output. Please, correct your code and try again.
2019-6-13 18:43:28.394#blur#
2019-6-13 18:43:29.717#saida_testar#$ python3 main.py
File "main.py", line 12
m=zeros(y,dtype(int))
IndentationError: unindent does not match any outer indentation level
2019-6-13 18:43:30.891#mousedown#{"isTrusted":true}
2019-6-13 18:43:30.931#focus#
2019-6-13 18:43:31.733#change#{"from":{"line":11,"ch":5,"sticky":"after"},"to":{"line":11,"ch":6,"sticky":"before","xRel":-1.75},"text":[""],"removed":[" "],"origin":"+delete"}
2019-6-13 18:43:31.733#keyHandled#"Backspace"
2019-6-13 18:43:31.986#change#{"from":{"line":11,"ch":4,"sticky":"after"},"to":{"line":11,"ch":5,"sticky":null},"text":[""],"removed":[" "],"origin":"+delete"}
2019-6-13 18:43:31.986#keyHandled#"Backspace"
2019-6-13 18:43:32.267#change#{"from":{"line":11,"ch":3,"sticky":"after"},"to":{"line":11,"ch":4,"sticky":null},"text":[""],"removed":[" "],"origin":"+delete"}
2019-6-13 18:43:32.267#keyHandled#"Backspace"
2019-6-13 18:43:32.546#change#{"from":{"line":11,"ch":2,"sticky":"after"},"to":{"line":11,"ch":3,"sticky":null},"text":[""],"removed":[" "],"origin":"+delete"}
2019-6-13 18:43:32.546#keyHandled#"Backspace"
2019-6-13 18:43:32.954#change#{"from":{"line":11,"ch":1,"sticky":"after"},"to":{"line":11,"ch":2,"sticky":null},"text":[""],"removed":[" "],"origin":"+delete"}
2019-6-13 18:43:32.954#keyHandled#"Backspace"
2019-6-13 18:43:33.797#change#{"from":{"line":11,"ch":0,"sticky":"after"},"to":{"line":11,"ch":1,"sticky":null},"text":[""],"removed":[" "],"origin":"+delete"}
2019-6-13 18:43:33.797#keyHandled#"Backspace"
2019-6-13 18:43:33.797#change#{"from":{"line":11,"ch":0,"sticky":"after"},"to":{"line":11,"ch":1,"sticky":null},"text":[""],"removed":[" "],"origin":"+delete"}
2019-6-13 18:43:33.797#keyHandled#"Backspace"
2019-6-13 18:43:35.467#blur#
2019-6-13 18:43:37.379#saida_testar#$ python3 main.py
2019-6-13 18:43:37.379#saida_testar#$ python3 main.py
2019-6-13 18:43:39.987#submit#You're almost there! Your code is 33% correct, but if you try harder you'll be able to hit 100% of the question.
2019-6-13 18:44:19.442#mousedown#{"isTrusted":true}
2019-6-13 18:44:19.486#focus#
2019-6-13 18:44:27.386#mousedown#{"isTrusted":true}
2019-6-13 18:44:28.562#mousedown#{"isTrusted":true}
2019-6-13 18:44:49.596#mousedown#{"isTrusted":true}
2019-6-13 18:45:20.647#blur#
2019-6-13 18:45:21.890#focus#
2019-6-13 18:46:00.411#blur#
2019-6-13 18:47:38.738#mousedown#{"isTrusted":true}
2019-6-13 18:47:38.747#focus#
2019-6-13 18:47:46.016#mousedown#{"isTrusted":true}
2019-6-13 18:47:53.688#mousedown#{"isTrusted":true}
2019-6-13 18:48:05.968#mousedown#{"isTrusted":true}
2019-6-13 18:48:06.807#mousedown#{"isTrusted":true}
2019-6-13 18:48:07.370#mousedown#{"isTrusted":true}
2019-6-13 18:49:18.411#blur#
2019-6-13 18:49:55.455#mousedown#{"isTrusted":true}
2019-6-13 18:49:55.459#focus#
2019-6-13 18:49:57.391#mousedown#{"isTrusted":true}
2019-6-13 18:50:03.710#mousedown#{"isTrusted":true}
2019-6-13 18:50:03.710#mousedown#{"isTrusted":true}
2019-6-13 18:50:24.136#blur#
2019-6-13 18:50:25.424#saida_testar#$ python3 main.py
2019-6-13 18:50:38.903#mousedown#{"isTrusted":true}
2019-6-13 18:50:38.956#focus#
2019-6-13 18:50:40.228#change#{"from":{"line":8,"ch":3,"sticky":"after"},"to":{"line":8,"ch":4,"sticky":"before","xRel":-2.75},"text":[""],"removed":["0"],"origin":"+delete"}
2019-6-13 18:50:40.228#keyHandled#"Backspace"
2019-6-13 18:50:43.394#change#{"from":{"line":8,"ch":3,"sticky":null},"to":{"line":8,"ch":3,"sticky":null},"text":["7"],"removed":[""],"origin":"+input"}
2019-6-13 18:50:43.394#change#{"from":{"line":8,"ch":3,"sticky":null},"to":{"line":8,"ch":3,"sticky":null},"text":["7"],"removed":[""],"origin":"+input"}
2019-6-13 18:50:46.391#blur#
2019-6-13 18:50:47.782#saida_testar#$ python3 main.py
2019-6-13 18:51:09.896#mousedown#{"isTrusted":true}
2019-6-13 18:51:09.956#focus#
2019-6-13 18:51:11.150#mousedown#{"isTrusted":true}
2019-6-13 18:51:27.496#mousedown#{"isTrusted":true}
2019-6-13 18:51:28.718#change#{"from":{"line":8,"ch":3,"sticky":"after"},"to":{"line":8,"ch":4,"sticky":"before","xRel":9.25},"text":[""],"removed":["7"],"origin":"+delete"}
2019-6-13 18:51:28.718#keyHandled#"Backspace"
2019-6-13 18:51:29.542#change#{"from":{"line":8,"ch":3,"sticky":null},"to":{"line":8,"ch":3,"sticky":null},"text":["0"],"removed":[""],"origin":"+input"}
2019-6-13 18:51:29.542#change#{"from":{"line":8,"ch":3,"sticky":null},"to":{"line":8,"ch":3,"sticky":null},"text":["0"],"removed":[""],"origin":"+input"}
2019-6-13 18:51:32.783#submit#You're almost there! Your code is 33% correct, but if you try harder you'll be able to hit 100% of the question.
2019-6-13 18:51:33.683#blur#
2019-6-13 18:51:36.150#focus#
2019-6-13 18:51:36.842#blur#
2019-6-13 18:56:20.809#viewportChange#0
2019-6-13 18:56:31.675#mousedown#{"isTrusted":true}
2019-6-13 18:56:31.684#focus#
2019-6-13 18:56:49.756#blur#
2019-6-13 18:56:57.723#mousedown#{"isTrusted":true}
2019-6-13 18:56:57.731#focus#
2019-6-13 18:57:33.095#viewportChange#0
2019-6-13 18:57:57.892#mousedown#{"isTrusted":true}
2019-6-13 18:57:57.905#focus#
2019-6-13 18:57:59.026#mousedown#{"isTrusted":true}
2019-6-13 18:57:59.938#mousedown#{"isTrusted":true}
2019-6-13 18:58:10.614#blur#
2019-6-13 18:58:36.954#mousedown#{"isTrusted":true}
2019-6-13 18:58:36.961#focus#
2019-6-13 18:58:49.474#mousedown#{"isTrusted":true}
2019-6-13 18:58:50.962#mousedown#{"isTrusted":true}
2019-6-13 18:58:54.194#mousedown#{"isTrusted":true}
2019-6-13 18:59:03.480#mousedown#{"isTrusted":true}
2019-6-13 18:59:06.517#mousedown#{"isTrusted":true}
2019-6-13 18:59:08.029#change#{"from":{"line":8,"ch":4,"sticky":"before","xRel":13.25},"to":{"line":8,"ch":4,"sticky":"before","xRel":13.25},"text":["",""],"removed":[""],"origin":"+input"}
2019-6-13 18:59:08.029#change#{"from":{"line":9,"ch":0,"sticky":null},"to":{"line":9,"ch":0,"sticky":null},"text":["\t"],"removed":[""],"origin":"+input"}
2019-6-13 18:59:08.029#keyHandled#"Enter"
2019-6-13 18:59:08.033#viewportChange#0
2019-6-13 18:59:09.566#change#{"from":{"line":9,"ch":1,"sticky":null},"to":{"line":9,"ch":1,"sticky":null},"text":["x"],"removed":[""],"origin":"+input"}
2019-6-13 18:59:11.890#change#{"from":{"line":9,"ch":1,"sticky":"after"},"to":{"line":9,"ch":2,"sticky":null},"text":[""],"removed":["x"],"origin":"+delete"}
2019-6-13 18:59:11.890#keyHandled#"Backspace"
2019-6-13 18:59:13.139#change#{"from":{"line":9,"ch":1,"sticky":null},"to":{"line":9,"ch":1,"sticky":null},"text":["a"],"removed":[""],"origin":"+input"}
2019-6-13 18:59:13.740#change#{"from":{"line":9,"ch":2,"sticky":null},"to":{"line":9,"ch":2,"sticky":null},"text":["-"],"removed":[""],"origin":"+input"}
2019-6-13 18:59:14.545#change#{"from":{"line":9,"ch":2,"sticky":"after"},"to":{"line":9,"ch":3,"sticky":null},"text":[""],"removed":["-"],"origin":"+delete"}
2019-6-13 18:59:14.545#keyHandled#"Backspace"
2019-6-13 18:59:14.819#change#{"from":{"line":9,"ch":2,"sticky":null},"to":{"line":9,"ch":2,"sticky":null},"text":["="],"removed":[""],"origin":"+input"}
2019-6-13 18:59:16.154#change#{"from":{"line":9,"ch":3,"sticky":null},"to":{"line":9,"ch":3,"sticky":null},"text":["0"],"removed":[""],"origin":"+input"}
2019-6-13 18:59:23.697#mousedown#{"isTrusted":true}
2019-6-13 18:59:26.322#mousedown#{"isTrusted":true}
2019-6-13 18:59:26.834#mousedown#{"isTrusted":true}
2019-6-13 18:59:30.642#change#{"from":{"line":11,"ch":7,"sticky":"before","xRel":14.109375},"to":{"line":11,"ch":7,"sticky":"before","xRel":14.109375},"text":["",""],"removed":[""],"origin":"+input"}
2019-6-13 18:59:30.642#change#{"from":{"line":12,"ch":0,"sticky":null},"to":{"line":12,"ch":0,"sticky":null},"text":["\t\t"],"removed":[""],"origin":"+input"}
2019-6-13 18:59:30.642#keyHandled#"Enter"
2019-6-13 18:59:30.648#viewportChange#0
2019-6-13 18:59:32.815#change#{"from":{"line":12,"ch":2,"sticky":null},"to":{"line":12,"ch":2,"sticky":null},"text":["a"],"removed":[""],"origin":"+input"}
2019-6-13 18:59:34.835#change#{"from":{"line":12,"ch":3,"sticky":null},"to":{"line":12,"ch":3,"sticky":null},"text":["="],"removed":[""],"origin":"+input"}
2019-6-13 19:00:09.817#mousedown#{"isTrusted":true}
2019-6-13 19:00:11.041#change#{"from":{"line":9,"ch":1,"sticky":"after","xRel":3.515625},"to":{"line":9,"ch":4,"sticky":"before","xRel":-1.75},"text":[""],"removed":["a=0"],"origin":"+delete"}
2019-6-13 19:00:11.041#keyHandled#"Backspace"
2019-6-13 19:00:11.314#change#{"from":{"line":9,"ch":0,"sticky":"after"},"to":{"line":9,"ch":1,"sticky":null},"text":[""],"removed":["\t"],"origin":"+delete"}
2019-6-13 19:00:11.314#keyHandled#"Backspace"
2019-6-13 19:00:12.449#mousedown#{"isTrusted":true}
2019-6-13 19:00:13.321#change#{"from":{"line":6,"ch":8,"sticky":"before","xRel":17.40625},"to":{"line":6,"ch":8,"sticky":"before","xRel":17.40625},"text":["",""],"removed":[""],"origin":"+input"}
2019-6-13 19:00:13.321#keyHandled#"Enter"
2019-6-13 19:00:13.327#viewportChange#0
2019-6-13 19:00:15.075#change#{"from":{"line":7,"ch":0,"sticky":null},"to":{"line":7,"ch":0,"sticky":null},"text":["a"],"removed":[""],"origin":"+input"}
2019-6-13 19:00:16.058#change#{"from":{"line":7,"ch":1,"sticky":null},"to":{"line":7,"ch":1,"sticky":null},"text":["="],"removed":[""],"origin":"+input"}
2019-6-13 19:00:16.771#change#{"from":{"line":7,"ch":2,"sticky":null},"to":{"line":7,"ch":2,"sticky":null},"text":["0"],"removed":[""],"origin":"+input"}
2019-6-13 19:00:17.793#mousedown#{"isTrusted":true}
2019-6-13 19:00:20.026#mousedown#{"isTrusted":true}
2019-6-13 19:00:20.433#mousedown#{"isTrusted":true}
2019-6-13 19:00:20.521#dblclick#{"isTrusted":true}
2019-6-13 19:00:21.193#change#{"from":{"line":13,"ch":8,"sticky":"after"},"to":{"line":13,"ch":9,"sticky":"before","xRel":-3.015625},"text":[""],"removed":["y"],"origin":"+delete"}
2019-6-13 19:00:21.193#keyHandled#"Backspace"
2019-6-13 19:00:22.074#change#{"from":{"line":13,"ch":8,"sticky":null},"to":{"line":13,"ch":8,"sticky":null},"text":["a"],"removed":[""],"origin":"+input"}
2019-6-13 19:00:23.818#mousedown#{"isTrusted":true}
2019-6-13 19:00:24.282#mousedown#{"isTrusted":true}
2019-6-13 19:00:26.170#change#{"from":{"line":12,"ch":4,"sticky":"before","xRel":1.375},"to":{"line":12,"ch":4,"sticky":"before","xRel":1.375},"text":["a"],"removed":[""],"origin":"+input"}
2019-6-13 19:00:27.362#change#{"from":{"line":12,"ch":5,"sticky":null},"to":{"line":12,"ch":5,"sticky":null},"text":["+"],"removed":[""],"origin":"+input"}
2019-6-13 19:00:28.195#change#{"from":{"line":12,"ch":6,"sticky":null},"to":{"line":12,"ch":6,"sticky":null},"text":["1"],"removed":[""],"origin":"+input"}
2019-6-13 19:00:28.195#change#{"from":{"line":12,"ch":6,"sticky":null},"to":{"line":12,"ch":6,"sticky":null},"text":["1"],"removed":[""],"origin":"+input"}
2019-6-13 19:00:29.643#blur#
2019-6-13 19:00:29.991#saida_testar#$ python3 main.py
2019-6-13 19:00:29.643#blur#
2019-6-13 19:00:29.991#saida_testar#$ python3 main.py
2019-6-13 19:00:29.643#blur#
2019-6-13 19:00:29.991#saida_testar#$ python3 main.py
2019-6-13 19:00:33.888#submit#Your code did not produce the correct output. Please, correct your code and try again.
2019-6-13 19:00:35.798#submit#Your code did not produce the correct output. Please, correct your code and try again.
2019-6-13 19:00:35.798#submit#Your code did not produce the correct output. Please, correct your code and try again.
2019-6-13 19:00:35.798#submit#Your code did not produce the correct output. Please, correct your code and try again.
2019-6-13 19:00:39.873#mousedown#{"isTrusted":true}
2019-6-13 19:00:39.917#focus#
2019-6-13 19:00:41.401#submit#Your code did not produce the correct output. Please, correct your code and try again.
2019-6-13 19:00:42.469#submit#Your code did not produce the correct output. Please, correct your code and try again.
2019-6-13 19:01:19.361#change#{"from":{"line":12,"ch":6,"sticky":"after"},"to":{"line":12,"ch":7,"sticky":"before","xRel":31.109375},"text":[""],"removed":["1"],"origin":"+delete"}
2019-6-13 19:01:19.361#keyHandled#"Backspace"
2019-6-13 19:01:24.824#change#{"from":{"line":12,"ch":5,"sticky":"after"},"to":{"line":12,"ch":6,"sticky":null},"text":[""],"removed":["+"],"origin":"+delete"}
2019-6-13 19:01:24.824#keyHandled#"Backspace"
2019-6-13 19:01:25.056#change#{"from":{"line":12,"ch":4,"sticky":"after"},"to":{"line":12,"ch":5,"sticky":null},"text":[""],"removed":["a"],"origin":"+delete"}
2019-6-13 19:01:25.056#keyHandled#"Backspace"
2019-6-13 19:01:25.288#change#{"from":{"line":12,"ch":3,"sticky":"after"},"to":{"line":12,"ch":4,"sticky":null},"text":[""],"removed":["="],"origin":"+delete"}
2019-6-13 19:01:25.288#keyHandled#"Backspace"
2019-6-13 19:01:25.528#change#{"from":{"line":12,"ch":2,"sticky":"after"},"to":{"line":12,"ch":3,"sticky":null},"text":[""],"removed":["a"],"origin":"+delete"}
2019-6-13 19:01:25.528#keyHandled#"Backspace"
2019-6-13 19:01:25.768#change#{"from":{"line":12,"ch":1,"sticky":"after"},"to":{"line":12,"ch":2,"sticky":null},"text":[""],"removed":["\t"],"origin":"+delete"}
2019-6-13 19:01:25.768#keyHandled#"Backspace"
2019-6-13 19:01:26.138#change#{"from":{"line":12,"ch":0,"sticky":"after"},"to":{"line":12,"ch":1,"sticky":null},"text":[""],"removed":["\t"],"origin":"+delete"}
2019-6-13 19:01:26.138#keyHandled#"Backspace"
2019-6-13 19:01:26.600#change#{"from":{"line":11,"ch":7,"sticky":"before"},"to":{"line":12,"ch":0,"sticky":null},"text":[""],"removed":["",""],"origin":"+delete"}
2019-6-13 19:01:26.600#keyHandled#"Backspace"
2019-6-13 19:01:26.604#viewportChange#0
2019-6-13 19:01:27.410#mousedown#{"isTrusted":true}
2019-6-13 19:01:28.256#change#{"from":{"line":10,"ch":14,"sticky":"before","xRel":9.03125},"to":{"line":10,"ch":14,"sticky":"before","xRel":9.03125},"text":["",""],"removed":[""],"origin":"+input"}
2019-6-13 19:01:28.256#change#{"from":{"line":11,"ch":0,"sticky":null},"to":{"line":11,"ch":0,"sticky":null},"text":["\t\t"],"removed":[""],"origin":"+input"}
2019-6-13 19:01:28.256#keyHandled#"Enter"
2019-6-13 19:01:28.261#viewportChange#0
2019-6-13 19:01:30.755#change#{"from":{"line":11,"ch":2,"sticky":null},"to":{"line":11,"ch":2,"sticky":null},"text":["a"],"removed":[""],"origin":"+input"}
2019-6-13 19:01:31.322#change#{"from":{"line":11,"ch":3,"sticky":null},"to":{"line":11,"ch":3,"sticky":null},"text":["="],"removed":[""],"origin":"+input"}
2019-6-13 19:01:31.819#change#{"from":{"line":11,"ch":4,"sticky":null},"to":{"line":11,"ch":4,"sticky":null},"text":["a"],"removed":[""],"origin":"+input"}
2019-6-13 19:01:33.042#change#{"from":{"line":11,"ch":5,"sticky":null},"to":{"line":11,"ch":5,"sticky":null},"text":["+"],"removed":[""],"origin":"+input"}
2019-6-13 19:01:34.001#change#{"from":{"line":11,"ch":6,"sticky":null},"to":{"line":11,"ch":6,"sticky":null},"text":["y"],"removed":[""],"origin":"+input"}
2019-6-13 19:01:34.001#change#{"from":{"line":11,"ch":6,"sticky":null},"to":{"line":11,"ch":6,"sticky":null},"text":["y"],"removed":[""],"origin":"+input"}
2019-6-13 19:01:39.464#blur#
2019-6-13 19:01:39.844#saida_testar#$ python3 main.py
2019-6-13 19:01:39.464#blur#
2019-6-13 19:01:39.844#saida_testar#$ python3 main.py
2019-6-13 19:01:43.987#submit#Your code did not produce the correct output. Please, correct your code and try again.
2019-6-13 19:01:43.987#submit#Your code did not produce the correct output. Please, correct your code and try again.
2019-6-13 19:01:47.501#submit#Your code did not produce the correct output. Please, correct your code and try again.
2019-6-13 19:01:51.104#mousedown#{"isTrusted":true}
2019-6-13 19:01:51.147#focus#
2019-6-13 19:03:14.156#viewportChange#0
2019-6-13 19:03:18.313#mousedown#{"isTrusted":true}
2019-6-13 19:03:18.327#focus#
2019-6-13 19:04:58.514#mousedown#{"isTrusted":true}
2019-6-13 19:05:20.719#mousedown#{"isTrusted":true}
2019-6-13 19:05:21.047#change#{"from":{"line":11,"ch":6,"sticky":"after"},"to":{"line":11,"ch":7,"sticky":"before","xRel":15.109375},"text":[""],"removed":["y"],"origin":"+delete"}
2019-6-13 19:05:21.047#keyHandled#"Backspace"
2019-6-13 19:05:21.312#change#{"from":{"line":11,"ch":5,"sticky":"after"},"to":{"line":11,"ch":6,"sticky":null},"text":[""],"removed":["+"],"origin":"+delete"}
2019-6-13 19:05:21.312#keyHandled#"Backspace"
2019-6-13 19:05:21.545#change#{"from":{"line":11,"ch":4,"sticky":"after"},"to":{"line":11,"ch":5,"sticky":null},"text":[""],"removed":["a"],"origin":"+delete"}
2019-6-13 19:05:21.545#keyHandled#"Backspace"
2019-6-13 19:05:21.798#change#{"from":{"line":11,"ch":3,"sticky":"after"},"to":{"line":11,"ch":4,"sticky":null},"text":[""],"removed":["="],"origin":"+delete"}
2019-6-13 19:05:21.798#keyHandled#"Backspace"
2019-6-13 19:05:22.046#change#{"from":{"line":11,"ch":2,"sticky":"after"},"to":{"line":11,"ch":3,"sticky":null},"text":[""],"removed":["a"],"origin":"+delete"}
2019-6-13 19:05:22.046#keyHandled#"Backspace"
2019-6-13 19:05:22.295#change#{"from":{"line":11,"ch":1,"sticky":"after"},"to":{"line":11,"ch":2,"sticky":null},"text":[""],"removed":["\t"],"origin":"+delete"}
2019-6-13 19:05:22.295#keyHandled#"Backspace"
2019-6-13 19:05:22.529#change#{"from":{"line":11,"ch":0,"sticky":"after"},"to":{"line":11,"ch":1,"sticky":null},"text":[""],"removed":["\t"],"origin":"+delete"}
2019-6-13 19:05:22.529#keyHandled#"Backspace"
2019-6-13 19:05:22.855#change#{"from":{"line":10,"ch":14,"sticky":"before"},"to":{"line":11,"ch":0,"sticky":null},"text":[""],"removed":["",""],"origin":"+delete"}
2019-6-13 19:05:22.855#keyHandled#"Backspace"
2019-6-13 19:05:22.859#viewportChange#0
2019-6-13 19:05:24.550#mousedown#{"isTrusted":true}
2019-6-13 19:05:25.031#change#{"from":{"line":7,"ch":0,"sticky":"after","xRel":1.8125},"to":{"line":7,"ch":3,"sticky":"before","xRel":17.546875},"text":[""],"removed":["a=0"],"origin":"+delete"}
2019-6-13 19:05:25.031#keyHandled#"Backspace"
2019-6-13 19:05:25.430#change#{"from":{"line":6,"ch":8,"sticky":"before"},"to":{"line":7,"ch":0,"sticky":null},"text":[""],"removed":["",""],"origin":"+delete"}
2019-6-13 19:05:25.430#keyHandled#"Backspace"
2019-6-13 19:05:25.434#viewportChange#0
2019-6-13 19:05:25.031#change#{"from":{"line":7,"ch":0,"sticky":"after","xRel":1.8125},"to":{"line":7,"ch":3,"sticky":"before","xRel":17.546875},"text":[""],"removed":["a=0"],"origin":"+delete"}
2019-6-13 19:05:25.031#keyHandled#"Backspace"
2019-6-13 19:05:25.430#change#{"from":{"line":6,"ch":8,"sticky":"before"},"to":{"line":7,"ch":0,"sticky":null},"text":[""],"removed":["",""],"origin":"+delete"}
2019-6-13 19:05:25.430#keyHandled#"Backspace"
2019-6-13 19:05:25.434#viewportChange#0
2019-6-13 19:05:29.101#submit#Your code did not produce the correct output. Please, correct your code and try again.
2019-6-13 19:05:32.079#mousedown#{"isTrusted":true}
2019-6-13 19:05:32.686#change#{"from":{"line":11,"ch":8,"sticky":"after"},"to":{"line":11,"ch":9,"sticky":"after","xRel":0.984375},"text":[""],"removed":["a"],"origin":"+delete"}
2019-6-13 19:05:32.686#keyHandled#"Backspace"
2019-6-13 19:05:33.449#change#{"from":{"line":11,"ch":8,"sticky":null},"to":{"line":11,"ch":8,"sticky":null},"text":["y"],"removed":[""],"origin":"+input"}
2019-6-13 19:05:33.449#change#{"from":{"line":11,"ch":8,"sticky":null},"to":{"line":11,"ch":8,"sticky":null},"text":["y"],"removed":[""],"origin":"+input"}
2019-6-13 19:05:36.989#submit#You're almost there! Your code is 33% correct, but if you try harder you'll be able to hit 100% of the question.
2019-6-13 19:05:39.631#blur#
2019-6-13 19:05:44.297#focus#
2019-6-13 19:05:49.862#mousedown#{"isTrusted":true}
2019-6-13 19:05:51.103#mousedown#{"isTrusted":true}
