== TEST (2019-04-28 09:56:44) 
-- CODE:
tipo = input("Tipo de instalacao (R, I ou C): ")
faixa = int(input("Faixa de consumo: "))

if (tipo == "R"):
	if (faixa < 0):
		preco = -1
	elif (faixa <= 500):
		preco = faixa * 0.40
	else:
		preco = faixa * 0.65
elif (tipo == "I"):
	if (faixa < 0):
		preco = -1
	elif (faixa <= 1000):
		preco = faixa * 0.55
	else:
		preco = faixa * 0.60
elif (tipo == "C"):
	if (faixa < 0):
		preco = -1
	elif (faixa <= 5000):
		preco = faixa * 0.55
	else:
		preco = faixa * 0.60
else:
	preco = -1
print(preco)

-- ERROR:
Traceback (most recent call last):
  File "XXXX", line 2, in <module>
    faixa = int(input())
ValueError: invalid literal for int() with base 10: 'I'
*-*-*-*-*-*-*-*-*-*-*-*-*-*-*-*-*-*-*-*-*-*-*-*
== TEST (2019-04-28 09:58:11) 
-- CODE:
tipo = input("Tipo de instalacao (R, I ou C): ")
faixa = float(input("Faixa de consumo: "))

if (tipo == "R"):
	if (faixa < 0):
		preco = -1
	elif (faixa <= 500):
		preco = faixa * 0.40
	else:
		preco = faixa * 0.65
elif (tipo == "I"):
	if (faixa < 0):
		preco = -1
	elif (faixa <= 1000):
		preco = faixa * 0.55
	else:
		preco = faixa * 0.60
elif (tipo == "C"):
	if (faixa < 0):
		preco = -1
	elif (faixa <= 5000):
		preco = faixa * 0.55
	else:
		preco = faixa * 0.60
else:
	preco = -1
print(preco)

-- ERROR:
Traceback (most recent call last):
  File "XXXX", line 2, in <module>
    faixa = float(input())
ValueError: could not convert string to float: 'I'
*-*-*-*-*-*-*-*-*-*-*-*-*-*-*-*-*-*-*-*-*-*-*-*
== TEST (2019-04-28 09:59:52) 
-- CODE:
tipo = input("Tipo de instalacao (R, I ou C): ")
faixa = float(input("Faixa de consumo (C): "))

if (tipo == "R"):
	if (faixa < 0):
		preco = -1
	elif (faixa <= 500):
		preco = faixa * 0.40
	else:
		preco = faixa * 0.65
elif (tipo == "I"):
	if (faixa < 0):
		preco = -1
	elif (faixa <= 1000):
		preco = faixa * 0.55
	else:
		preco = faixa * 0.60
elif (tipo == "C"):
	if (faixa < 0):
		preco = -1
	elif (faixa <= 5000):
		preco = faixa * 0.55
	else:
		preco = faixa * 0.60
else:
	preco = -1
print(preco)

-- ERROR:
Traceback (most recent call last):
  File "XXXX", line 2, in <module>
    faixa = float(input())
ValueError: could not convert string to float: 'I'
*-*-*-*-*-*-*-*-*-*-*-*-*-*-*-*-*-*-*-*-*-*-*-*
== SUBMITION (2019-04-28 10:01:20) 
-- CODE:
tipo = input("Tipo de instalacao (R, I ou C): ")
faixa = float(input("Faixa de consumo (C): "))

if (tipo == "R"):
	if (faixa < 0):
		preco = -1
	elif (faixa <= 500):
		preco = faixa * 0.40
	else:
		preco = faixa * 0.65
elif (tipo == "I"):
	if (faixa < 0):
		preco = -1
	elif (faixa <= 1000):
		preco = faixa * 0.55
	else:
		preco = faixa * 0.60
elif (tipo == "C"):
	if (faixa < 0):
		preco = -1
	elif (faixa <= 5000):
		preco = faixa * 0.55
	else:
		preco = faixa * 0.60
else:
	preco = -1
print(preco)

-- EXECUTION TIME:
0.279911
-- ERROR:
Traceback (most recent call last):
  File "/home/codebench/codes/1671/1101/main.py", line 2, in <module>
    faixa = float(input())
ValueError: could not convert string to float: 'I'

*-*-*-*-*-*-*-*-*-*-*-*-*-*-*-*-*-*-*-*-*-*-*-*
== SUBMITION (2019-04-29 11:36:28) 
-- CODE:
tipo = input("Tipo de instalacao (R, I ou C): ")
faixa = float(input("Faixa de consumo: "))

if (tipo == "R"):
	if (faixa < 0):
		preco = -1
	elif (faixa <= 500):
		preco = faixa * 0.44
	else:
		preco = faixa * 0.65
elif (tipo == "I"):
	if (faixa < 0):
		preco = -1
	elif (faixa <= 1000):
		preco = faixa * 0.55
	else:
		preco = faixa * 0.60
elif (tipo == "C"):
	if (faixa < 0):
		preco = -1
	elif (faixa <= 5000):
		preco = faixa * 0.55
	else:
		preco = faixa * 0.60
else:
	preco = -1
print(preco)

-- EXECUTION TIME:
0.124967
-- ERROR:
Traceback (most recent call last):
  File "/home/codebench/codes/1671/1101/main.py", line 2, in <module>
    faixa = float(input())
ValueError: could not convert string to float: 'I'

*-*-*-*-*-*-*-*-*-*-*-*-*-*-*-*-*-*-*-*-*-*-*-*
== SUBMITION (2019-04-29 11:36:30) 
-- CODE:
tipo = input("Tipo de instalacao (R, I ou C): ")
faixa = float(input("Faixa de consumo: "))

if (tipo == "R"):
	if (faixa < 0):
		preco = -1
	elif (faixa <= 500):
		preco = faixa * 0.44
	else:
		preco = faixa * 0.65
elif (tipo == "I"):
	if (faixa < 0):
		preco = -1
	elif (faixa <= 1000):
		preco = faixa * 0.55
	else:
		preco = faixa * 0.60
elif (tipo == "C"):
	if (faixa < 0):
		preco = -1
	elif (faixa <= 5000):
		preco = faixa * 0.55
	else:
		preco = faixa * 0.60
else:
	preco = -1
print(preco)

-- EXECUTION TIME:
0.240159
-- ERROR:
Traceback (most recent call last):
  File "/home/codebench/codes/1671/1101/main.py", line 2, in <module>
    faixa = float(input())
ValueError: could not convert string to float: 'I'

*-*-*-*-*-*-*-*-*-*-*-*-*-*-*-*-*-*-*-*-*-*-*-*
== TEST (2019-04-29 11:36:33) 
-- CODE:
tipo = input("Tipo de instalacao (R, I ou C): ")
faixa = float(input("Faixa de consumo: "))

if (tipo == "R"):
	if (faixa < 0):
		preco = -1
	elif (faixa <= 500):
		preco = faixa * 0.44
	else:
		preco = faixa * 0.65
elif (tipo == "I"):
	if (faixa < 0):
		preco = -1
	elif (faixa <= 1000):
		preco = faixa * 0.55
	else:
		preco = faixa * 0.60
elif (tipo == "C"):
	if (faixa < 0):
		preco = -1
	elif (faixa <= 5000):
		preco = faixa * 0.55
	else:
		preco = faixa * 0.60
else:
	preco = -1
print(preco)

-- ERROR:
Traceback (most recent call last):
  File "XXXX", line 2, in <module>
    faixa = float(input())
ValueError: could not convert string to float: 'I'
*-*-*-*-*-*-*-*-*-*-*-*-*-*-*-*-*-*-*-*-*-*-*-*
== TEST (2019-04-29 11:42:05) 
-- CODE:
tipo = input("Tipo de instalacao (R, I ou C): ")
faixa = float(input("Faixa de consumo: "))

if (faixa < 0):
	print(faixa, "kwh e tipo", tipo)
	print("Dados invalidos")
elif (tipo == "R"):
	if (faixa <= 500):
		preco = faixa * 0.44
	else:
		preco = faixa * 0.65
elif (tipo == "I"):
	if (faixa <= 1000):
		preco = faixa * 0.55
	else:
		preco = faixa * 0.60
elif (tipo == "C"):
	if (faixa <= 5000):
		preco = faixa * 0.55
	else:
		preco = faixa * 0.60
else:
	preco = -1
print(preco)

-- ERROR:
Traceback (most recent call last):
  File "XXXX", line 2, in <module>
    faixa = float(input())
ValueError: could not convert string to float: 'I'
*-*-*-*-*-*-*-*-*-*-*-*-*-*-*-*-*-*-*-*-*-*-*-*
== TEST (2019-04-29 11:43:41) 
-- CODE:
tipo = input("Tipo de instalacao (R, I ou C): ")
faixa = float(input("Faixa de consumo: "))

if (faixa > 0):
elif (tipo == "R"):
	if (faixa <= 500):
		preco = faixa * 0.44
	else:
		preco = faixa * 0.65
elif (tipo == "I"):
	if (faixa <= 1000):
		preco = faixa * 0.55
	else:
		preco = faixa * 0.60
elif (tipo == "C"):
	if (faixa <= 5000):
		preco = faixa * 0.55
	else:
		preco = faixa * 0.60
else:
	print(faixa, "kwh e tipo", tipo)
	print("Dados invalidos")

-- ERROR:
File "XXXX", line 5
    elif (tipo == "R"):
       ^
IndentationError: expected an indented block
*-*-*-*-*-*-*-*-*-*-*-*-*-*-*-*-*-*-*-*-*-*-*-*
== TEST (2019-04-29 11:45:23) 
-- CODE:
tipo = input("Tipo de instalacao (R, I ou C): ")
faixa = float(input("Faixa de consumo: "))

if (faixa > 0):
	if (tipo == "R"):
		if (faixa <= 500):
			preco = faixa * 0.44
		else:
			preco = faixa * 0.65
	elif (tipo == "I"):
		if (faixa <= 1000):
			preco = faixa * 0.55
		else:
			preco = faixa * 0.60
	elif (tipo == "C"):
		if (faixa <= 5000):
			preco = faixa * 0.55
		else:
			preco = faixa * 0.60
else:
	print(faixa, "kwh e tipo", tipo)
	print("Dados invalidos")

-- ERROR:
Traceback (most recent call last):
  File "XXXX", line 2, in <module>
    faixa = float(input())
ValueError: could not convert string to float: 'I'
*-*-*-*-*-*-*-*-*-*-*-*-*-*-*-*-*-*-*-*-*-*-*-*
== SUBMITION (2019-04-29 11:47:01) 
-- CODE:
tipo = input("Tipo de instalacao (R, I ou C): ")
faixa = float(input("Faixa de consumo: "))

if (faixa > 0):
	if (tipo == "R"):
		if (faixa <= 500):
			preco = faixa * 0.44
		else:
			preco = faixa * 0.65
	elif (tipo == "I"):
		if (faixa <= 1000):
			preco = faixa * 0.55
		else:
			preco = faixa * 0.60
	elif (tipo == "C"):
		if (faixa <= 5000):
			preco = faixa * 0.55
		else:
			preco = faixa * 0.60
else:
	print(faixa, "kwh e tipo", tipo)
	print("Dados invalidos")

-- EXECUTION TIME:
0.175876
-- ERROR:
Traceback (most recent call last):
  File "/home/codebench/codes/1671/1101/main.py", line 2, in <module>
    faixa = float(input())
ValueError: could not convert string to float: 'I'

*-*-*-*-*-*-*-*-*-*-*-*-*-*-*-*-*-*-*-*-*-*-*-*
== SUBMITION (2019-04-29 11:48:13) 
-- CODE:
tipo = input("Tipo de instalacao (R, I ou C): ")
faixa = float(input("Faixa de consumo: "))

if (faixa > 0):
	if (tipo == "R"):
		if (faixa <= 500):
			preco = faixa * 0.44
		else:
			preco = faixa * 0.65
	elif (tipo == "I"):
		if (faixa <= 1000):
			preco = faixa * 0.55
		else:
			preco = faixa * 0.60
	elif (tipo == "C"):
		if (faixa <= 5000):
			preco = faixa * 0.55
		else:
			preco = faixa * 0.60
	print(preco)
else:
	print(faixa, "kwh e tipo", tipo)
	print("Dados invalidos")

-- EXECUTION TIME:
0.164091
-- ERROR:
Traceback (most recent call last):
  File "/home/codebench/codes/1671/1101/main.py", line 2, in <module>
    faixa = float(input())
ValueError: could not convert string to float: 'I'

*-*-*-*-*-*-*-*-*-*-*-*-*-*-*-*-*-*-*-*-*-*-*-*
== TEST (2019-04-29 11:48:15) 
-- CODE:
tipo = input("Tipo de instalacao (R, I ou C): ")
faixa = float(input("Faixa de consumo: "))

if (faixa > 0):
	if (tipo == "R"):
		if (faixa <= 500):
			preco = faixa * 0.44
		else:
			preco = faixa * 0.65
	elif (tipo == "I"):
		if (faixa <= 1000):
			preco = faixa * 0.55
		else:
			preco = faixa * 0.60
	elif (tipo == "C"):
		if (faixa <= 5000):
			preco = faixa * 0.55
		else:
			preco = faixa * 0.60
	print(preco)
else:
	print(faixa, "kwh e tipo", tipo)
	print("Dados invalidos")

-- ERROR:
Traceback (most recent call last):
  File "XXXX", line 2, in <module>
    faixa = float(input())
ValueError: could not convert string to float: 'I'
*-*-*-*-*-*-*-*-*-*-*-*-*-*-*-*-*-*-*-*-*-*-*-*
== TEST (2019-04-29 11:49:30) 
-- CODE:
tipo = input("Tipo de instalacao (R, I ou C): ")
faixa = float(input("Faixa de consumo: "))

if (faixa > 0):
	if (tipo == "R"):
		if (faixa <= 500):
			preco = faixa * 0.44
		else:
			preco = faixa * 0.65
			print(preco)
	elif (tipo == "I"):
		if (faixa <= 1000):
			preco = faixa * 0.55
		else:
			preco = faixa * 0.60
			print(preco)
	elif (tipo == "C"):
		if (faixa <= 5000):
			preco = faixa * 0.55
			print(preco)
		else:
			preco = faixa * 0.60
			print(preco)
else:
	print(faixa, "kwh e tipo", tipo)
	print("Dados invalidos")

-- ERROR:
Traceback (most recent call last):
  File "XXXX", line 2, in <module>
    faixa = float(input())
ValueError: could not convert string to float: 'I'
*-*-*-*-*-*-*-*-*-*-*-*-*-*-*-*-*-*-*-*-*-*-*-*
== TEST (2019-04-29 11:52:32) 
-- CODE:
tipo = input("Tipo de instalacao (R, I ou C): ")
faixa = float(input("Faixa de consumo: "))

if (faixa > 0):
	if (tipo == "R"):
		if (faixa <= 500):
			preco = faixa * 0.44
		else:
			preco = faixa * 0.65
			print(preco)
	elif (tipo == "I"):
		if (faixa <= 1000):
			preco = faixa * 0.55
		else:
			preco = faixa * 0.60
			print(preco)
	elif (tipo == "C"):
		if (faixa <= 5000):
			preco = faixa * 0.55
			print(preco)
		else:
			preco = faixa * 0.60
			print(preco)
else:
	print(faixa, "kwh e tipo", tipo)
	print("Dados invalidos")

-- ERROR:
Traceback (most recent call last):
  File "XXXX", line 2, in <module>
    faixa = float(input())
ValueError: could not convert string to float: 'I'
*-*-*-*-*-*-*-*-*-*-*-*-*-*-*-*-*-*-*-*-*-*-*-*
== SUBMITION (2019-04-29 11:52:56) 
-- CODE:
tipo = input("Tipo de instalacao (R, I ou C): ")
faixa = float(input("Faixa de consumo: "))

if (faixa > 0):
	if (tipo == "R"):
		if (faixa <= 500):
			preco = faixa * 0.44
		else:
			preco = faixa * 0.65
			print(preco)
	elif (tipo == "I"):
		if (faixa <= 1000):
			preco = faixa * 0.55
		else:
			preco = faixa * 0.60
			print(preco)
	elif (tipo == "C"):
		if (faixa <= 5000):
			preco = faixa * 0.55
			print(preco)
		else:
			preco = faixa * 0.60
			print(preco)
else:
	print(faixa, "kwh e tipo", tipo)
	print("Dados invalidos")

-- EXECUTION TIME:
0.185467
-- ERROR:
Traceback (most recent call last):
  File "/home/codebench/codes/1671/1101/main.py", line 2, in <module>
    faixa = float(input())
ValueError: could not convert string to float: 'I'

*-*-*-*-*-*-*-*-*-*-*-*-*-*-*-*-*-*-*-*-*-*-*-*
== TEST (2019-04-29 11:56:05) 
-- CODE:
tipo = input("Tipo de instalacao (R, I ou C): ").upper()
faixa = float(input("Faixa de consumo: "))

if (faixa > 0):
	if (tipo == "R"):
		if (faixa <= 500):
			preco = faixa * 0.44
		else:
			preco = faixa * 0.65
			print(preco)
	elif (tipo == "I"):
		if (faixa <= 1000):
			preco = faixa * 0.55
		else:
			preco = faixa * 0.60
			print(preco)
	elif (tipo == "C"):
		if (faixa <= 5000):
			preco = faixa * 0.55
			print(preco)
		else:
			preco = faixa * 0.60
			print(preco)
else:
	print(faixa, "kwh e tipo", tipo)
	print("Dados invalidos")

-- ERROR:
Traceback (most recent call last):
  File "XXXX", line 2, in <module>
    faixa = float(input())
ValueError: could not convert string to float: 'I'
*-*-*-*-*-*-*-*-*-*-*-*-*-*-*-*-*-*-*-*-*-*-*-*
== SUBMITION (2019-04-29 11:56:20) 
-- CODE:
tipo = input("Tipo de instalacao (R, I ou C): ").upper()
faixa = float(input("Faixa de consumo: "))

if (faixa > 0):
	if (tipo == "R"):
		if (faixa <= 500):
			preco = faixa * 0.44
		else:
			preco = faixa * 0.65
			print(preco)
	elif (tipo == "I"):
		if (faixa <= 1000):
			preco = faixa * 0.55
		else:
			preco = faixa * 0.60
			print(preco)
	elif (tipo == "C"):
		if (faixa <= 5000):
			preco = faixa * 0.55
			print(preco)
		else:
			preco = faixa * 0.60
			print(preco)
else:
	print(faixa, "kwh e tipo", tipo)
	print("Dados invalidos")

-- EXECUTION TIME:
0.164794
-- ERROR:
Traceback (most recent call last):
  File "/home/codebench/codes/1671/1101/main.py", line 2, in <module>
    faixa = float(input())
ValueError: could not convert string to float: 'I'

*-*-*-*-*-*-*-*-*-*-*-*-*-*-*-*-*-*-*-*-*-*-*-*
== TEST (2019-04-29 12:00:39) 
-- CODE:
tipo = input("Tipo de instalacao (R, I ou C): ").upper()
faixa = float(input("Faixa de consumo: "))

print("Entradas: ", faixa, "kwh e tipo", tipo)
if (faixa > 0):
	if (tipo == "R"):
		if (faixa <= 500):
			preco = faixa * 0.44
		else:
			preco = faixa * 0.65
			print("Valor total:", preco)
	elif (tipo == "I"):
		if (faixa <= 1000):
			preco = faixa * 0.55
		else:
			preco = faixa * 0.60
			print("Valor total:", preco)
			
	elif (tipo == "C"):
		if (faixa <= 5000):
			preco = faixa * 0.55
			print("Valor total:", preco)
		else:
			preco = faixa * 0.60
			print(preco)
else:
	print(faixa, "kwh e tipo", tipo)
	print("Dados invalidos")

-- ERROR:
Traceback (most recent call last):
  File "XXXX", line 2, in <module>
    faixa = float(input())
ValueError: could not convert string to float: 'I'
*-*-*-*-*-*-*-*-*-*-*-*-*-*-*-*-*-*-*-*-*-*-*-*
== SUBMITION (2019-04-29 12:00:53) 
-- CODE:
tipo = input("Tipo de instalacao (R, I ou C): ").upper()
faixa = float(input("Faixa de consumo: "))

print("Entradas: ", faixa, "kwh e tipo", tipo)
if (faixa > 0):
	if (tipo == "R"):
		if (faixa <= 500):
			preco = faixa * 0.44
		else:
			preco = faixa * 0.65
			print("Valor total:", preco)
	elif (tipo == "I"):
		if (faixa <= 1000):
			preco = faixa * 0.55
		else:
			preco = faixa * 0.60
			print("Valor total:", preco)
			
	elif (tipo == "C"):
		if (faixa <= 5000):
			preco = faixa * 0.55
			print("Valor total:", preco)
		else:
			preco = faixa * 0.60
			print(preco)
else:
	print(faixa, "kwh e tipo", tipo)
	print("Dados invalidos")

-- EXECUTION TIME:
0.143688
-- ERROR:
Traceback (most recent call last):
  File "/home/codebench/codes/1671/1101/main.py", line 2, in <module>
    faixa = float(input())
ValueError: could not convert string to float: 'I'

*-*-*-*-*-*-*-*-*-*-*-*-*-*-*-*-*-*-*-*-*-*-*-*
== SUBMITION (2019-04-29 12:01:53) 
-- CODE:
tipo = input("Tipo de instalacao (R, I ou C): ").upper()
faixa = float(input("Faixa de consumo: "))

print("Entradas: ", faixa, "kwh e tipo", tipo)
if (faixa > 0):
	if (tipo == "R"):
		if (faixa <= 500):
			preco = faixa * 0.44
		else:
			preco = faixa * 0.65
			print("Valor total: R$", preco)
	elif (tipo == "I"):
		if (faixa <= 1000):
			preco = faixa * 0.55
		else:
			preco = faixa * 0.60
			print("Valor total: R$", preco)
			
	elif (tipo == "C"):
		if (faixa <= 5000):
			preco = faixa * 0.55
			print("Valor total: R$", preco)
		else:
			preco = faixa * 0.60
			print(preco)
else:
	print(faixa, "kwh e tipo", tipo)
	print("Dados invalidos")

-- EXECUTION TIME:
0.205468
-- ERROR:
Traceback (most recent call last):
  File "/home/codebench/codes/1671/1101/main.py", line 2, in <module>
    faixa = float(input())
ValueError: could not convert string to float: 'I'

*-*-*-*-*-*-*-*-*-*-*-*-*-*-*-*-*-*-*-*-*-*-*-*
== TEST (2019-04-29 12:01:56) 
-- CODE:
tipo = input("Tipo de instalacao (R, I ou C): ").upper()
faixa = float(input("Faixa de consumo: "))

print("Entradas: ", faixa, "kwh e tipo", tipo)
if (faixa > 0):
	if (tipo == "R"):
		if (faixa <= 500):
			preco = faixa * 0.44
		else:
			preco = faixa * 0.65
			print("Valor total: R$", preco)
	elif (tipo == "I"):
		if (faixa <= 1000):
			preco = faixa * 0.55
		else:
			preco = faixa * 0.60
			print("Valor total: R$", preco)
			
	elif (tipo == "C"):
		if (faixa <= 5000):
			preco = faixa * 0.55
			print("Valor total: R$", preco)
		else:
			preco = faixa * 0.60
			print(preco)
else:
	print(faixa, "kwh e tipo", tipo)
	print("Dados invalidos")

-- ERROR:
Traceback (most recent call last):
  File "XXXX", line 2, in <module>
    faixa = float(input())
ValueError: could not convert string to float: 'I'
*-*-*-*-*-*-*-*-*-*-*-*-*-*-*-*-*-*-*-*-*-*-*-*
== SUBMITION (2019-04-29 12:02:13) 
-- CODE:
tipo = input("Tipo de instalacao (R, I ou C): ").upper()
faixa = float(input("Faixa de consumo: "))

print("Entradas: ", faixa, "kwh e tipo", tipo)
if (faixa > 0):
	if (tipo == "R"):
		if (faixa <= 500):
			preco = faixa * 0.44
		else:
			preco = faixa * 0.65
			print("Valor total: R$", preco)
	elif (tipo == "I"):
		if (faixa <= 1000):
			preco = faixa * 0.55
		else:
			preco = faixa * 0.60
			print("Valor total: R$", preco)
			
	elif (tipo == "C"):
		if (faixa <= 5000):
			preco = faixa * 0.55
			print("Valor total: R$", preco)
		else:
			preco = faixa * 0.60
			print(preco)
else:
	print(faixa, "kwh e tipo", tipo)
	print("Dados invalidos")

-- EXECUTION TIME:
0.138239
-- ERROR:
Traceback (most recent call last):
  File "/home/codebench/codes/1671/1101/main.py", line 2, in <module>
    faixa = float(input())
ValueError: could not convert string to float: 'I'

*-*-*-*-*-*-*-*-*-*-*-*-*-*-*-*-*-*-*-*-*-*-*-*
== TEST (2019-04-29 12:03:15) 
-- CODE:
tipo = input("Tipo de instalacao (R, I ou C): ").upper()
faixa = float(input("Faixa de consumo: "))

print("Entradas: ", faixa, "kwh e tipo", tipo)
if (faixa > 0):
	if (tipo == "R"):
		if (faixa <= 500):
			preco = faixa * 0.44
		else:
			preco = faixa * 0.65
			print("Valor total: R$", preco)
	elif (tipo == "I"):
		if (faixa <= 1000):
			preco = faixa * 0.55
		else:
			preco = faixa * 0.60
			print("Valor total: R$", preco)
			
	elif (tipo == "C"):
		if (faixa <= 5000):
			preco = faixa * 0.55
			print(round("Valor total: R$", preco, 2)
		else:
			preco = faixa * 0.60
			print(preco)
else:
	print(faixa, "kwh e tipo", tipo)
	print("Dados invalidos")

-- ERROR:
File "XXXX", line 23
    else:
       ^
SyntaxError: invalid syntax
*-*-*-*-*-*-*-*-*-*-*-*-*-*-*-*-*-*-*-*-*-*-*-*
== TEST (2019-04-29 12:03:41) 
-- CODE:
tipo = input("Tipo de instalacao (R, I ou C): ").upper()
faixa = float(input("Faixa de consumo: "))

print("Entradas: ", faixa, "kwh e tipo", tipo)
if (faixa > 0):
	if (tipo == "R"):
		if (faixa <= 500):
			preco = faixa * 0.44
		else:
			preco = faixa * 0.65
			print("Valor total: R$", preco)
	elif (tipo == "I"):
		if (faixa <= 1000):
			preco = faixa * 0.55
		else:
			preco = faixa * 0.60
			print("Valor total: R$", preco)
			
	elif (tipo == "C"):
		if (faixa <= 5000):
			preco = faixa * 0.55
			print(round("Valor total: R$", preco, 2))
		else:
			preco = faixa * 0.60
			print(preco)
else:
	print(faixa, "kwh e tipo", tipo)
	print("Dados invalidos")

-- ERROR:
Traceback (most recent call last):
  File "XXXX", line 2, in <module>
    faixa = float(input())
ValueError: could not convert string to float: 'I'
*-*-*-*-*-*-*-*-*-*-*-*-*-*-*-*-*-*-*-*-*-*-*-*
== TEST (2019-04-29 12:04:32) 
-- CODE:
tipo = input("Tipo de instalacao (R, I ou C): ").upper()
faixa = float(input("Faixa de consumo: "))

print("Entradas: ", faixa, "kwh e tipo", tipo)
if (faixa > 0):
	if (tipo == "R"):
		if (faixa <= 500):
			preco = faixa * 0.44
		else:
			preco = faixa * 0.65
			print("Valor total: R$", preco)
	elif (tipo == "I"):
		if (faixa <= 1000):
			preco = faixa * 0.55
		else:
			preco = faixa * 0.60
			print("Valor total: R$", preco)
			
	elif (tipo == "C"):
		if (faixa <= 5000):
			preco = faixa * 0.55
			print("Valor total: R$", round(preco, 2))
		else:
			preco = faixa * 0.60
			print(preco)
else:
	print(faixa, "kwh e tipo", tipo)
	print("Dados invalidos")

-- ERROR:
Traceback (most recent call last):
  File "XXXX", line 2, in <module>
    faixa = float(input())
ValueError: could not convert string to float: 'I'
*-*-*-*-*-*-*-*-*-*-*-*-*-*-*-*-*-*-*-*-*-*-*-*
== SUBMITION (2019-04-29 12:05:27) 
-- CODE:
tipo = input("Tipo de instalacao (R, I ou C): ").upper()
faixa = float(input("Faixa de consumo: "))

print("Entradas: ", faixa, "kwh e tipo", tipo)
if (faixa > 0):
	if (tipo == "R"):
		if (faixa <= 500):
			preco = faixa * 0.44
		else:
			preco = faixa * 0.65
			print("Valor total: R$", round(preco, 2))
	elif (tipo == "I"):
		if (faixa <= 1000):
			preco = faixa * 0.55
		else:
			preco = faixa * 0.60
			print("Valor total: R$", round(preco, 2))
			
	elif (tipo == "C"):
		if (faixa <= 5000):
			preco = faixa * 0.55
			print("Valor total: R$", round(preco, 2))
		else:
			preco = faixa * 0.60
			print("Valor total: R$", round(preco, 2))
else:
	print(faixa, "kwh e tipo", tipo)
	print("Dados invalidos")

-- EXECUTION TIME:
0.186845
-- ERROR:
Traceback (most recent call last):
  File "/home/codebench/codes/1671/1101/main.py", line 2, in <module>
    faixa = float(input())
ValueError: could not convert string to float: 'I'

*-*-*-*-*-*-*-*-*-*-*-*-*-*-*-*-*-*-*-*-*-*-*-*
== TEST (2019-04-29 12:06:04) 
-- CODE:
tipo = input("Tipo de instalacao (R, I ou C): ").upper()
faixa = float(input("Faixa de consumo: "))

print("Entradas: ", faixa, "kwh e tipo", tipo)
if (faixa > 0):
	if (tipo == "R"):
		if (faixa <= 500):
			preco = faixa * 0.44
		else:
			preco = faixa * 0.65
			print("Valor total: R$", round(preco, 2))
	elif (tipo == "I"):
		if (faixa <= 1000):
			preco = faixa * 0.55
		else:
			preco = faixa * 0.60
			print("Valor total: R$", round(preco, 2))
			
	elif (tipo == "C"):
		if (faixa <= 5000):
			preco = faixa * 0.55
		else:
			preco = faixa * 0.60
			print("Valor total: R$", round(preco, 2))
else:
	print(faixa, "kwh e tipo", tipo)
	print("Dados invalidos")

-- ERROR:
Traceback (most recent call last):
  File "XXXX", line 2, in <module>
    faixa = float(input())
ValueError: could not convert string to float: 'I'
*-*-*-*-*-*-*-*-*-*-*-*-*-*-*-*-*-*-*-*-*-*-*-*
== SUBMITION (2019-04-29 12:08:35) 
-- CODE:
tipo = input("Tipo de instalacao (R, I ou C): ").upper()
faixa = float(input("Faixa de consumo: "))

print("Entradas: ", faixa, "kwh e tipo", tipo)
if (faixa > 0):
	if (tipo == "R"):
		if (faixa <= 500):
			preco = faixa * 0.44
			print("Valor total: R$", round(preco, 2))
		else:
			preco = faixa * 0.65
			print("Valor total: R$", round(preco, 2))
	elif (tipo == "I"):
		if (faixa <= 1000):
			preco = faixa * 0.55
			print("Valor total: R$", round(preco, 2))
		else:
			preco = faixa * 0.60
			print("Valor total: R$", round(preco, 2))
			
	elif (tipo == "C"):
		if (faixa <= 5000):
			preco = faixa * 0.55
			print("Valor total: R$", round(preco, 2))
		else:
			preco = faixa * 0.60
			print("Valor total: R$", round(preco, 2))
else:
	print(faixa, "kwh e tipo", tipo)
	print("Dados invalidos")

-- EXECUTION TIME:
0.126335
-- ERROR:
Traceback (most recent call last):
  File "/home/codebench/codes/1671/1101/main.py", line 2, in <module>
    faixa = float(input("Faixa de consumo: "))
ValueError: could not convert string to float: 'I'

*-*-*-*-*-*-*-*-*-*-*-*-*-*-*-*-*-*-*-*-*-*-*-*
== TEST (2019-04-29 12:08:37) 
-- CODE:
tipo = input("Tipo de instalacao (R, I ou C): ").upper()
faixa = float(input("Faixa de consumo: "))

print("Entradas: ", faixa, "kwh e tipo", tipo)
if (faixa > 0):
	if (tipo == "R"):
		if (faixa <= 500):
			preco = faixa * 0.44
			print("Valor total: R$", round(preco, 2))
		else:
			preco = faixa * 0.65
			print("Valor total: R$", round(preco, 2))
	elif (tipo == "I"):
		if (faixa <= 1000):
			preco = faixa * 0.55
			print("Valor total: R$", round(preco, 2))
		else:
			preco = faixa * 0.60
			print("Valor total: R$", round(preco, 2))
			
	elif (tipo == "C"):
		if (faixa <= 5000):
			preco = faixa * 0.55
			print("Valor total: R$", round(preco, 2))
		else:
			preco = faixa * 0.60
			print("Valor total: R$", round(preco, 2))
else:
	print(faixa, "kwh e tipo", tipo)
	print("Dados invalidos")

-- ERROR:
Traceback (most recent call last):
  File "XXXX", line 2, in <module>
    faixa = float(input())
ValueError: could not convert string to float: 'I'
*-*-*-*-*-*-*-*-*-*-*-*-*-*-*-*-*-*-*-*-*-*-*-*
== TEST (2019-04-29 12:08:38) 
-- CODE:
tipo = input("Tipo de instalacao (R, I ou C): ").upper()
faixa = float(input("Faixa de consumo: "))

print("Entradas: ", faixa, "kwh e tipo", tipo)
if (faixa > 0):
	if (tipo == "R"):
		if (faixa <= 500):
			preco = faixa * 0.44
			print("Valor total: R$", round(preco, 2))
		else:
			preco = faixa * 0.65
			print("Valor total: R$", round(preco, 2))
	elif (tipo == "I"):
		if (faixa <= 1000):
			preco = faixa * 0.55
			print("Valor total: R$", round(preco, 2))
		else:
			preco = faixa * 0.60
			print("Valor total: R$", round(preco, 2))
			
	elif (tipo == "C"):
		if (faixa <= 5000):
			preco = faixa * 0.55
			print("Valor total: R$", round(preco, 2))
		else:
			preco = faixa * 0.60
			print("Valor total: R$", round(preco, 2))
else:
	print(faixa, "kwh e tipo", tipo)
	print("Dados invalidos")

-- ERROR:
Traceback (most recent call last):
  File "XXXX", line 2, in <module>
    faixa = float(input())
ValueError: could not convert string to float: 'I'
*-*-*-*-*-*-*-*-*-*-*-*-*-*-*-*-*-*-*-*-*-*-*-*
== TEST (2019-04-29 12:08:39) 
-- CODE:
tipo = input("Tipo de instalacao (R, I ou C): ").upper()
faixa = float(input("Faixa de consumo: "))

print("Entradas: ", faixa, "kwh e tipo", tipo)
if (faixa > 0):
	if (tipo == "R"):
		if (faixa <= 500):
			preco = faixa * 0.44
			print("Valor total: R$", round(preco, 2))
		else:
			preco = faixa * 0.65
			print("Valor total: R$", round(preco, 2))
	elif (tipo == "I"):
		if (faixa <= 1000):
			preco = faixa * 0.55
			print("Valor total: R$", round(preco, 2))
		else:
			preco = faixa * 0.60
			print("Valor total: R$", round(preco, 2))
			
	elif (tipo == "C"):
		if (faixa <= 5000):
			preco = faixa * 0.55
			print("Valor total: R$", round(preco, 2))
		else:
			preco = faixa * 0.60
			print("Valor total: R$", round(preco, 2))
else:
	print(faixa, "kwh e tipo", tipo)
	print("Dados invalidos")

-- ERROR:
Traceback (most recent call last):
  File "XXXX", line 2, in <module>
    faixa = float(input())
ValueError: could not convert string to float: 'I'
*-*-*-*-*-*-*-*-*-*-*-*-*-*-*-*-*-*-*-*-*-*-*-*
== TEST (2019-04-29 12:08:39) 
-- CODE:
tipo = input("Tipo de instalacao (R, I ou C): ").upper()
faixa = float(input("Faixa de consumo: "))

print("Entradas: ", faixa, "kwh e tipo", tipo)
if (faixa > 0):
	if (tipo == "R"):
		if (faixa <= 500):
			preco = faixa * 0.44
			print("Valor total: R$", round(preco, 2))
		else:
			preco = faixa * 0.65
			print("Valor total: R$", round(preco, 2))
	elif (tipo == "I"):
		if (faixa <= 1000):
			preco = faixa * 0.55
			print("Valor total: R$", round(preco, 2))
		else:
			preco = faixa * 0.60
			print("Valor total: R$", round(preco, 2))
			
	elif (tipo == "C"):
		if (faixa <= 5000):
			preco = faixa * 0.55
			print("Valor total: R$", round(preco, 2))
		else:
			preco = faixa * 0.60
			print("Valor total: R$", round(preco, 2))
else:
	print(faixa, "kwh e tipo", tipo)
	print("Dados invalidos")

-- ERROR:
Traceback (most recent call last):
  File "XXXX", line 2, in <module>
    faixa = float(input())
ValueError: could not convert string to float: 'I'
*-*-*-*-*-*-*-*-*-*-*-*-*-*-*-*-*-*-*-*-*-*-*-*
== TEST (2019-04-29 12:08:39) 
-- CODE:
tipo = input("Tipo de instalacao (R, I ou C): ").upper()
faixa = float(input("Faixa de consumo: "))

print("Entradas: ", faixa, "kwh e tipo", tipo)
if (faixa > 0):
	if (tipo == "R"):
		if (faixa <= 500):
			preco = faixa * 0.44
			print("Valor total: R$", round(preco, 2))
		else:
			preco = faixa * 0.65
			print("Valor total: R$", round(preco, 2))
	elif (tipo == "I"):
		if (faixa <= 1000):
			preco = faixa * 0.55
			print("Valor total: R$", round(preco, 2))
		else:
			preco = faixa * 0.60
			print("Valor total: R$", round(preco, 2))
			
	elif (tipo == "C"):
		if (faixa <= 5000):
			preco = faixa * 0.55
			print("Valor total: R$", round(preco, 2))
		else:
			preco = faixa * 0.60
			print("Valor total: R$", round(preco, 2))
else:
	print(faixa, "kwh e tipo", tipo)
	print("Dados invalidos")

-- ERROR:
Traceback (most recent call last):
  File "XXXX", line 2, in <module>
    faixa = float(input())
ValueError: could not convert string to float: 'I'
*-*-*-*-*-*-*-*-*-*-*-*-*-*-*-*-*-*-*-*-*-*-*-*
== TEST (2019-04-29 12:08:39) 
-- CODE:
tipo = input("Tipo de instalacao (R, I ou C): ").upper()
faixa = float(input("Faixa de consumo: "))

print("Entradas: ", faixa, "kwh e tipo", tipo)
if (faixa > 0):
	if (tipo == "R"):
		if (faixa <= 500):
			preco = faixa * 0.44
			print("Valor total: R$", round(preco, 2))
		else:
			preco = faixa * 0.65
			print("Valor total: R$", round(preco, 2))
	elif (tipo == "I"):
		if (faixa <= 1000):
			preco = faixa * 0.55
			print("Valor total: R$", round(preco, 2))
		else:
			preco = faixa * 0.60
			print("Valor total: R$", round(preco, 2))
			
	elif (tipo == "C"):
		if (faixa <= 5000):
			preco = faixa * 0.55
			print("Valor total: R$", round(preco, 2))
		else:
			preco = faixa * 0.60
			print("Valor total: R$", round(preco, 2))
else:
	print(faixa, "kwh e tipo", tipo)
	print("Dados invalidos")

-- ERROR:
Traceback (most recent call last):
  File "XXXX", line 2, in <module>
    faixa = float(input())
ValueError: could not convert string to float: 'I'
*-*-*-*-*-*-*-*-*-*-*-*-*-*-*-*-*-*-*-*-*-*-*-*
== TEST (2019-04-29 12:08:39) 
-- CODE:
tipo = input("Tipo de instalacao (R, I ou C): ").upper()
faixa = float(input("Faixa de consumo: "))

print("Entradas: ", faixa, "kwh e tipo", tipo)
if (faixa > 0):
	if (tipo == "R"):
		if (faixa <= 500):
			preco = faixa * 0.44
			print("Valor total: R$", round(preco, 2))
		else:
			preco = faixa * 0.65
			print("Valor total: R$", round(preco, 2))
	elif (tipo == "I"):
		if (faixa <= 1000):
			preco = faixa * 0.55
			print("Valor total: R$", round(preco, 2))
		else:
			preco = faixa * 0.60
			print("Valor total: R$", round(preco, 2))
			
	elif (tipo == "C"):
		if (faixa <= 5000):
			preco = faixa * 0.55
			print("Valor total: R$", round(preco, 2))
		else:
			preco = faixa * 0.60
			print("Valor total: R$", round(preco, 2))
else:
	print(faixa, "kwh e tipo", tipo)
	print("Dados invalidos")

-- ERROR:
Traceback (most recent call last):
  File "XXXX", line 2, in <module>
    faixa = float(input())
ValueError: could not convert string to float: 'I'
*-*-*-*-*-*-*-*-*-*-*-*-*-*-*-*-*-*-*-*-*-*-*-*
== TEST (2019-04-29 12:08:40) 
-- CODE:
tipo = input("Tipo de instalacao (R, I ou C): ").upper()
faixa = float(input("Faixa de consumo: "))

print("Entradas: ", faixa, "kwh e tipo", tipo)
if (faixa > 0):
	if (tipo == "R"):
		if (faixa <= 500):
			preco = faixa * 0.44
			print("Valor total: R$", round(preco, 2))
		else:
			preco = faixa * 0.65
			print("Valor total: R$", round(preco, 2))
	elif (tipo == "I"):
		if (faixa <= 1000):
			preco = faixa * 0.55
			print("Valor total: R$", round(preco, 2))
		else:
			preco = faixa * 0.60
			print("Valor total: R$", round(preco, 2))
			
	elif (tipo == "C"):
		if (faixa <= 5000):
			preco = faixa * 0.55
			print("Valor total: R$", round(preco, 2))
		else:
			preco = faixa * 0.60
			print("Valor total: R$", round(preco, 2))
else:
	print(faixa, "kwh e tipo", tipo)
	print("Dados invalidos")

-- ERROR:
Traceback (most recent call last):
  File "XXXX", line 2, in <module>
    faixa = float(input())
ValueError: could not convert string to float: 'I'
*-*-*-*-*-*-*-*-*-*-*-*-*-*-*-*-*-*-*-*-*-*-*-*
== TEST (2019-04-29 12:08:40) 
-- CODE:
tipo = input("Tipo de instalacao (R, I ou C): ").upper()
faixa = float(input("Faixa de consumo: "))

print("Entradas: ", faixa, "kwh e tipo", tipo)
if (faixa > 0):
	if (tipo == "R"):
		if (faixa <= 500):
			preco = faixa * 0.44
			print("Valor total: R$", round(preco, 2))
		else:
			preco = faixa * 0.65
			print("Valor total: R$", round(preco, 2))
	elif (tipo == "I"):
		if (faixa <= 1000):
			preco = faixa * 0.55
			print("Valor total: R$", round(preco, 2))
		else:
			preco = faixa * 0.60
			print("Valor total: R$", round(preco, 2))
			
	elif (tipo == "C"):
		if (faixa <= 5000):
			preco = faixa * 0.55
			print("Valor total: R$", round(preco, 2))
		else:
			preco = faixa * 0.60
			print("Valor total: R$", round(preco, 2))
else:
	print(faixa, "kwh e tipo", tipo)
	print("Dados invalidos")

-- ERROR:
Traceback (most recent call last):
  File "XXXX", line 2, in <module>
    faixa = float(input())
ValueError: could not convert string to float: 'I'
*-*-*-*-*-*-*-*-*-*-*-*-*-*-*-*-*-*-*-*-*-*-*-*
== TEST (2019-04-29 12:08:40) 
-- CODE:
tipo = input("Tipo de instalacao (R, I ou C): ").upper()
faixa = float(input("Faixa de consumo: "))

print("Entradas: ", faixa, "kwh e tipo", tipo)
if (faixa > 0):
	if (tipo == "R"):
		if (faixa <= 500):
			preco = faixa * 0.44
			print("Valor total: R$", round(preco, 2))
		else:
			preco = faixa * 0.65
			print("Valor total: R$", round(preco, 2))
	elif (tipo == "I"):
		if (faixa <= 1000):
			preco = faixa * 0.55
			print("Valor total: R$", round(preco, 2))
		else:
			preco = faixa * 0.60
			print("Valor total: R$", round(preco, 2))
			
	elif (tipo == "C"):
		if (faixa <= 5000):
			preco = faixa * 0.55
			print("Valor total: R$", round(preco, 2))
		else:
			preco = faixa * 0.60
			print("Valor total: R$", round(preco, 2))
else:
	print(faixa, "kwh e tipo", tipo)
	print("Dados invalidos")

-- ERROR:
Traceback (most recent call last):
  File "XXXX", line 2, in <module>
    faixa = float(input())
ValueError: could not convert string to float: 'I'
*-*-*-*-*-*-*-*-*-*-*-*-*-*-*-*-*-*-*-*-*-*-*-*
== TEST (2019-04-29 12:08:40) 
-- CODE:
tipo = input("Tipo de instalacao (R, I ou C): ").upper()
faixa = float(input("Faixa de consumo: "))

print("Entradas: ", faixa, "kwh e tipo", tipo)
if (faixa > 0):
	if (tipo == "R"):
		if (faixa <= 500):
			preco = faixa * 0.44
			print("Valor total: R$", round(preco, 2))
		else:
			preco = faixa * 0.65
			print("Valor total: R$", round(preco, 2))
	elif (tipo == "I"):
		if (faixa <= 1000):
			preco = faixa * 0.55
			print("Valor total: R$", round(preco, 2))
		else:
			preco = faixa * 0.60
			print("Valor total: R$", round(preco, 2))
			
	elif (tipo == "C"):
		if (faixa <= 5000):
			preco = faixa * 0.55
			print("Valor total: R$", round(preco, 2))
		else:
			preco = faixa * 0.60
			print("Valor total: R$", round(preco, 2))
else:
	print(faixa, "kwh e tipo", tipo)
	print("Dados invalidos")

-- ERROR:
Traceback (most recent call last):
  File "XXXX", line 2, in <module>
    faixa = float(input())
ValueError: could not convert string to float: 'I'
*-*-*-*-*-*-*-*-*-*-*-*-*-*-*-*-*-*-*-*-*-*-*-*
== TEST (2019-04-29 12:08:40) 
-- CODE:
tipo = input("Tipo de instalacao (R, I ou C): ").upper()
faixa = float(input("Faixa de consumo: "))

print("Entradas: ", faixa, "kwh e tipo", tipo)
if (faixa > 0):
	if (tipo == "R"):
		if (faixa <= 500):
			preco = faixa * 0.44
			print("Valor total: R$", round(preco, 2))
		else:
			preco = faixa * 0.65
			print("Valor total: R$", round(preco, 2))
	elif (tipo == "I"):
		if (faixa <= 1000):
			preco = faixa * 0.55
			print("Valor total: R$", round(preco, 2))
		else:
			preco = faixa * 0.60
			print("Valor total: R$", round(preco, 2))
			
	elif (tipo == "C"):
		if (faixa <= 5000):
			preco = faixa * 0.55
			print("Valor total: R$", round(preco, 2))
		else:
			preco = faixa * 0.60
			print("Valor total: R$", round(preco, 2))
else:
	print(faixa, "kwh e tipo", tipo)
	print("Dados invalidos")

-- ERROR:
Traceback (most recent call last):
  File "XXXX", line 2, in <module>
    faixa = float(input())
ValueError: could not convert string to float: 'I'
*-*-*-*-*-*-*-*-*-*-*-*-*-*-*-*-*-*-*-*-*-*-*-*
== TEST (2019-04-29 12:11:06) 
-- CODE:
tipo = input("Tipo de instalacao (R, I ou C): ").upper()
faixa = float(input("Faixa de consumo: "))

print("Entradas: ", faixa, "kwh e tipo", tipo)
if (faixa > 0):
	if (tipo == ""):
		if (faixa <= 500):
			preco = faixa * 0.44
			print("Valor total: R$", round(preco, 2))
		else:
			preco = faixa * 0.65
			print("Valor total: R$", round(preco, 2))
	elif (tipo == "I"):
		if (faixa <= 1000):
			preco = faixa * 0.55
			print("Valor total: R$", round(preco, 2))
		else:
			preco = faixa * 0.60
			print("Valor total: R$", round(preco, 2))
			
	elif (tipo == "C"):
		if (faixa <= 5000):
			preco = faixa * 0.55
			print("Valor total: R$", round(preco, 2))
		else:
			preco = faixa * 0.60
			print("Valor total: R$", round(preco, 2))
else:
	print(faixa, "kwh e tipo", tipo)
	print("Dados invalidos")

-- ERROR:
Traceback (most recent call last):
  File "XXXX", line 2, in <module>
    faixa = float(input())
ValueError: could not convert string to float: 'I'
*-*-*-*-*-*-*-*-*-*-*-*-*-*-*-*-*-*-*-*-*-*-*-*
== TEST (2019-04-29 12:11:16) 
-- CODE:
tipo = input("Tipo de instalacao (R, I ou C): ").upper()
faixa = float(input("Faixa de consumo: "))

print("Entradas: ", faixa, "kwh e tipo", tipo)
if (faixa > 0):
	if (tipo == "R"):
		if (faixa <= 500):
			preco = faixa * 0.44
			print("Valor total: R$", round(preco, 2))
		else:
			preco = faixa * 0.65
			print("Valor total: R$", round(preco, 2))
	elif (tipo == "I"):
		if (faixa <= 1000):
			preco = faixa * 0.55
			print("Valor total: R$", round(preco, 2))
		else:
			preco = faixa * 0.60
			print("Valor total: R$", round(preco, 2))
			
	elif (tipo == "C"):
		if (faixa <= 5000):
			preco = faixa * 0.55
			print("Valor total: R$", round(preco, 2))
		else:
			preco = faixa * 0.60
			print("Valor total: R$", round(preco, 2))
else:
	print(faixa, "kwh e tipo", tipo)
	print("Dados invalidos")

-- ERROR:
Traceback (most recent call last):
  File "XXXX", line 2, in <module>
    faixa = float(input())
ValueError: could not convert string to float: 'I'
*-*-*-*-*-*-*-*-*-*-*-*-*-*-*-*-*-*-*-*-*-*-*-*
== TEST (2019-04-29 12:11:58) 
-- CODE:
tipo = input("Tipo de instalacao (R, I ou C): ").upper()
faixa = float(input("Faixa de consumo: "))

print("Entradas: ", faixa, "kwh e tipo", tipo)
if (faixa > 0):
	if (tipo == "R"):
		if (faixa <= 500):
			preco = faixa * 0.44
			print("Valor total: R$", round(preco, 2))
		else:
			preco = faixa * 0.65
			print("Valor total: R$", round(preco, 2))
	elif (tipo == "I"):
		if (faixa <= 1000):
			preco = faixa * 0.55
			print("Valor total: R$", round(preco, 2))
		else:
			preco = faixa * 0.60
			print("Valor total: R$", round(preco, 2))
			
	elif (tipo == "C"):
		if (faixa <= 5000):
			preco = faixa * 0.55
			print("Valor total: R$", round(preco, 2))
		else:
			preco = faixa * 0.60
			print("Valor total: R$", round(preco, 2))
else:
	print(faixa, "kwh e tipo", tipo)
	print("Dados invalidos")

-- ERROR:
Traceback (most recent call last):
  File "XXXX", line 2, in <module>
    faixa = float(input())
ValueError: could not convert string to float: 'I'
*-*-*-*-*-*-*-*-*-*-*-*-*-*-*-*-*-*-*-*-*-*-*-*
== SUBMITION (2019-04-29 12:13:44) 
-- CODE:
tipo = input("Tipo de instalacao (R, I ou C): ").upper()
faixa = float(input("Faixa de consumo: "))

print("Entradas: ", faixa, "kwh e tipo", tipo)
if (faixa > 0):
	if (tipo == "R"):
		if (faixa <= 500):
			preco = faixa * 0.44
			print("Valor total: R$", round(preco, 2))
		else:
			preco = faixa * 0.65
			print("Valor total: R$", round(preco, 2))
	elif (tipo == "I"):
		if (faixa <= 1000):
			preco = faixa * 0.55
			print("Valor total: R$", round(preco, 2))
		else:
			preco = faixa * 0.60
			print("Valor total: R$", round(preco, 2))
			
	elif (tipo == "C"):
		if (faixa <= 5000):
			preco = faixa * 0.55
			print("Valor total: R$", round(preco, 2))
		else:
			preco = faixa * 0.60
			print("Valor total: R$", round(preco, 2))
else:
	print(faixa, "kwh e tipo", tipo)
	print("Dados invalidos")

-- EXECUTION TIME:
0.172033
-- ERROR:
Traceback (most recent call last):
  File "/home/codebench/codes/1671/1101/main.py", line 2, in <module>
    faixa = float(input())
ValueError: could not convert string to float: 'I'

*-*-*-*-*-*-*-*-*-*-*-*-*-*-*-*-*-*-*-*-*-*-*-*
== SUBMITION (2019-04-29 12:14:01) 
-- CODE:
tipo = input("Tipo de instalacao (R, I ou C): ").upper()
faixa = float(input("Faixa de consumo: "))

print("Entradas: ", faixa, "kwh e tipo", tipo)
if (faixa > 0):
	if (tipo == "R"):
		if (faixa <= 500):
			preco = faixa * 0.44
			print("Valor total: R$", round(preco, 2))
		else:
			preco = faixa * 0.65
			print("Valor total: R$", round(preco, 2))
	elif (tipo == "I"):
		if (faixa <= 1000):
			preco = faixa * 0.55
			print("Valor total: R$", round(preco, 2))
		else:
			preco = faixa * 0.60
			print("Valor total: R$", round(preco, 2))
			
	elif (tipo == "C"):
		if (faixa <= 5000):
			preco = faixa * 0.55
			print("Valor total: R$", round(preco, 2))
		else:
			preco = faixa * 0.60
			print("Valor total: R$", round(preco, 2))
else:
	print(faixa, "kwh e tipo", tipo)
	print("Dados invalidos")

-- EXECUTION TIME:
0.189438
-- ERROR:
Traceback (most recent call last):
  File "/home/codebench/codes/1671/1101/main.py", line 2, in <module>
    faixa = float(input())
ValueError: could not convert string to float: 'I'

*-*-*-*-*-*-*-*-*-*-*-*-*-*-*-*-*-*-*-*-*-*-*-*
== SUBMITION (2019-04-29 12:18:51) 
-- CODE:
tipo = input("Tipo de instalacao (R, I ou C): ").upper()
faixa = float(input("Faixa de consumo: "))

print("Entradas: ", faixa, "kWh e tipo", tipo)
if (faixa > 0):
	if (tipo == "R"):
		if (faixa <= 500):
			preco = faixa * 0.44
			print("Valor total: R$", round(preco, 2))
		else:
			preco = faixa * 0.65
			print("Valor total: R$", round(preco, 2))
	elif (tipo == "I"):
		if (faixa <= 1000):
			preco = faixa * 0.55
			print("Valor total: R$", round(preco, 2))
		else:
			preco = faixa * 0.60
			print("Valor total: R$", round(preco, 2))
			
	elif (tipo == "C"):
		if (faixa <= 5000):
			preco = faixa * 0.55
			print("Valor total: R$", round(preco, 2))
		else:
			preco = faixa * 0.60
			print("Valor total: R$", round(preco, 2))
else:
	print(faixa, "kwh e tipo", tipo)
	print("Dados invalidos")

-- EXECUTION TIME:
0.16534
-- ERROR:
Traceback (most recent call last):
  File "/home/codebench/codes/1671/1101/main.py", line 2, in <module>
    faixa = float(input())
ValueError: could not convert string to float: 'I'

*-*-*-*-*-*-*-*-*-*-*-*-*-*-*-*-*-*-*-*-*-*-*-*
== SUBMITION (2019-04-29 12:18:52) 
-- CODE:
tipo = input("Tipo de instalacao (R, I ou C): ").upper()
faixa = float(input("Faixa de consumo: "))

print("Entradas: ", faixa, "kWh e tipo", tipo)
if (faixa > 0):
	if (tipo == "R"):
		if (faixa <= 500):
			preco = faixa * 0.44
			print("Valor total: R$", round(preco, 2))
		else:
			preco = faixa * 0.65
			print("Valor total: R$", round(preco, 2))
	elif (tipo == "I"):
		if (faixa <= 1000):
			preco = faixa * 0.55
			print("Valor total: R$", round(preco, 2))
		else:
			preco = faixa * 0.60
			print("Valor total: R$", round(preco, 2))
			
	elif (tipo == "C"):
		if (faixa <= 5000):
			preco = faixa * 0.55
			print("Valor total: R$", round(preco, 2))
		else:
			preco = faixa * 0.60
			print("Valor total: R$", round(preco, 2))
else:
	print(faixa, "kwh e tipo", tipo)
	print("Dados invalidos")

-- EXECUTION TIME:
0.1336
-- ERROR:
Traceback (most recent call last):
  File "/home/codebench/codes/1671/1101/main.py", line 2, in <module>
    faixa = float(input())
ValueError: could not convert string to float: 'I'

*-*-*-*-*-*-*-*-*-*-*-*-*-*-*-*-*-*-*-*-*-*-*-*
== SUBMITION (2019-04-29 12:19:27) 
-- CODE:
tipo = input("Tipo de instalacao (R, I ou C): ").upper()
faixa = float(input("Faixa de consumo: "))

print("Entradas: ", faixa, "kWh e tipo", tipo)
if (faixa > 0):
	if (tipo == "R"):
		if (faixa <= 500):
			preco = faixa * 0.44
			print("Valor total: R$", round(preco, 2))
		else:
			preco = faixa * 0.65
			print("Valor total: R$", round(preco, 2))
	elif (tipo == "I"):
		if (faixa <= 1000):
			preco = faixa * 0.55
			print("Valor total: R$", round(preco, 2))
		else:
			preco = faixa * 0.60
			print("Valor total: R$", round(preco, 2))
			
	elif (tipo == "C"):
		if (faixa <= 5000):
			preco = faixa * 0.55
			print("Valor total: R$", round(preco, 2))
		else:
			preco = faixa * 0.60
			print("Valor total: R$", round(preco, 2))
else:
	print(faixa, "kWh e tipo", tipo)
	print("Dados invalidos")

-- EXECUTION TIME:
0.150793
-- ERROR:
Traceback (most recent call last):
  File "/home/codebench/codes/1671/1101/main.py", line 2, in <module>
    faixa = float(input())
ValueError: could not convert string to float: 'I'

*-*-*-*-*-*-*-*-*-*-*-*-*-*-*-*-*-*-*-*-*-*-*-*
== SUBMITION (2019-04-29 12:19:28) 
-- CODE:
tipo = input("Tipo de instalacao (R, I ou C): ").upper()
faixa = float(input("Faixa de consumo: "))

print("Entradas: ", faixa, "kWh e tipo", tipo)
if (faixa > 0):
	if (tipo == "R"):
		if (faixa <= 500):
			preco = faixa * 0.44
			print("Valor total: R$", round(preco, 2))
		else:
			preco = faixa * 0.65
			print("Valor total: R$", round(preco, 2))
	elif (tipo == "I"):
		if (faixa <= 1000):
			preco = faixa * 0.55
			print("Valor total: R$", round(preco, 2))
		else:
			preco = faixa * 0.60
			print("Valor total: R$", round(preco, 2))
			
	elif (tipo == "C"):
		if (faixa <= 5000):
			preco = faixa * 0.55
			print("Valor total: R$", round(preco, 2))
		else:
			preco = faixa * 0.60
			print("Valor total: R$", round(preco, 2))
else:
	print(faixa, "kWh e tipo", tipo)
	print("Dados invalidos")

-- EXECUTION TIME:
0.169275
-- ERROR:
Traceback (most recent call last):
  File "/home/codebench/codes/1671/1101/main.py", line 2, in <module>
    faixa = float(input())
ValueError: could not convert string to float: 'I'

*-*-*-*-*-*-*-*-*-*-*-*-*-*-*-*-*-*-*-*-*-*-*-*
== SUBMITION (2019-04-29 12:19:28) 
-- CODE:
tipo = input("Tipo de instalacao (R, I ou C): ").upper()
faixa = float(input("Faixa de consumo: "))

print("Entradas: ", faixa, "kWh e tipo", tipo)
if (faixa > 0):
	if (tipo == "R"):
		if (faixa <= 500):
			preco = faixa * 0.44
			print("Valor total: R$", round(preco, 2))
		else:
			preco = faixa * 0.65
			print("Valor total: R$", round(preco, 2))
	elif (tipo == "I"):
		if (faixa <= 1000):
			preco = faixa * 0.55
			print("Valor total: R$", round(preco, 2))
		else:
			preco = faixa * 0.60
			print("Valor total: R$", round(preco, 2))
			
	elif (tipo == "C"):
		if (faixa <= 5000):
			preco = faixa * 0.55
			print("Valor total: R$", round(preco, 2))
		else:
			preco = faixa * 0.60
			print("Valor total: R$", round(preco, 2))
else:
	print(faixa, "kWh e tipo", tipo)
	print("Dados invalidos")

-- EXECUTION TIME:
0.121468
-- ERROR:
Traceback (most recent call last):
  File "/home/codebench/codes/1671/1101/main.py", line 2, in <module>
    faixa = float(input())
ValueError: could not convert string to float: 'I'

*-*-*-*-*-*-*-*-*-*-*-*-*-*-*-*-*-*-*-*-*-*-*-*
== SUBMITION (2019-04-29 12:19:29) 
-- CODE:
tipo = input("Tipo de instalacao (R, I ou C): ").upper()
faixa = float(input("Faixa de consumo: "))

print("Entradas: ", faixa, "kWh e tipo", tipo)
if (faixa > 0):
	if (tipo == "R"):
		if (faixa <= 500):
			preco = faixa * 0.44
			print("Valor total: R$", round(preco, 2))
		else:
			preco = faixa * 0.65
			print("Valor total: R$", round(preco, 2))
	elif (tipo == "I"):
		if (faixa <= 1000):
			preco = faixa * 0.55
			print("Valor total: R$", round(preco, 2))
		else:
			preco = faixa * 0.60
			print("Valor total: R$", round(preco, 2))
			
	elif (tipo == "C"):
		if (faixa <= 5000):
			preco = faixa * 0.55
			print("Valor total: R$", round(preco, 2))
		else:
			preco = faixa * 0.60
			print("Valor total: R$", round(preco, 2))
else:
	print(faixa, "kWh e tipo", tipo)
	print("Dados invalidos")

-- EXECUTION TIME:
0.120662
-- ERROR:
Traceback (most recent call last):
  File "/home/codebench/codes/1671/1101/main.py", line 2, in <module>
    faixa = float(input())
ValueError: could not convert string to float: 'I'

*-*-*-*-*-*-*-*-*-*-*-*-*-*-*-*-*-*-*-*-*-*-*-*
== SUBMITION (2019-04-29 12:40:24) 
-- CODE:
tipo = input("Tipo de instalacao (R, I ou C): ").upper()
faixa = float(input("Faixa de consumo: "))

print("Entradas: ", faixa, "kWh e tipo", tipo)
if (faixa > 0):
	if (tipo == "R"):
		if (faixa <= 500):
			preco = faixa * 0.44
			print("Valor total: R$", round(preco, 2))
		else:
			preco = faixa * 0.65
			print("Valor total: R$", round(preco, 2))
	elif (tipo == "I"):
		if (faixa <= 1000):
			preco = faixa * 0.55
			print("Valor total: R$", round(preco, 2))
		else:
			preco = faixa * 0.60
			print("Valor total: R$", round(preco, 2))
	elif (tipo == "C"):
		if (faixa <= 5000):
			preco = faixa * 0.55
			print("Valor total: R$", round(preco, 2))
		else:
			preco = faixa * 0.60
			print("Valor total: R$", round(preco, 2))
else:
	print(faixa, "kWh e tipo", tipo)
	print("Dados invalidos")

-- EXECUTION TIME:
0.126749
-- ERROR:
Traceback (most recent call last):
  File "/home/codebench/codes/1671/1101/main.py", line 2, in <module>
    faixa = float(input())
ValueError: could not convert string to float: 'I'

*-*-*-*-*-*-*-*-*-*-*-*-*-*-*-*-*-*-*-*-*-*-*-*
== SUBMITION (2019-04-29 12:40:25) 
-- CODE:
tipo = input("Tipo de instalacao (R, I ou C): ").upper()
faixa = float(input("Faixa de consumo: "))

print("Entradas: ", faixa, "kWh e tipo", tipo)
if (faixa > 0):
	if (tipo == "R"):
		if (faixa <= 500):
			preco = faixa * 0.44
			print("Valor total: R$", round(preco, 2))
		else:
			preco = faixa * 0.65
			print("Valor total: R$", round(preco, 2))
	elif (tipo == "I"):
		if (faixa <= 1000):
			preco = faixa * 0.55
			print("Valor total: R$", round(preco, 2))
		else:
			preco = faixa * 0.60
			print("Valor total: R$", round(preco, 2))
	elif (tipo == "C"):
		if (faixa <= 5000):
			preco = faixa * 0.55
			print("Valor total: R$", round(preco, 2))
		else:
			preco = faixa * 0.60
			print("Valor total: R$", round(preco, 2))
else:
	print(faixa, "kWh e tipo", tipo)
	print("Dados invalidos")

-- EXECUTION TIME:
0.171505
-- ERROR:
Traceback (most recent call last):
  File "/home/codebench/codes/1671/1101/main.py", line 2, in <module>
    faixa = float(input())
ValueError: could not convert string to float: 'I'

*-*-*-*-*-*-*-*-*-*-*-*-*-*-*-*-*-*-*-*-*-*-*-*
== SUBMITION (2019-04-29 12:40:25) 
-- CODE:
tipo = input("Tipo de instalacao (R, I ou C): ").upper()
faixa = float(input("Faixa de consumo: "))

print("Entradas: ", faixa, "kWh e tipo", tipo)
if (faixa > 0):
	if (tipo == "R"):
		if (faixa <= 500):
			preco = faixa * 0.44
			print("Valor total: R$", round(preco, 2))
		else:
			preco = faixa * 0.65
			print("Valor total: R$", round(preco, 2))
	elif (tipo == "I"):
		if (faixa <= 1000):
			preco = faixa * 0.55
			print("Valor total: R$", round(preco, 2))
		else:
			preco = faixa * 0.60
			print("Valor total: R$", round(preco, 2))
	elif (tipo == "C"):
		if (faixa <= 5000):
			preco = faixa * 0.55
			print("Valor total: R$", round(preco, 2))
		else:
			preco = faixa * 0.60
			print("Valor total: R$", round(preco, 2))
else:
	print(faixa, "kWh e tipo", tipo)
	print("Dados invalidos")

-- EXECUTION TIME:
0.194973
-- ERROR:
Traceback (most recent call last):
  File "/home/codebench/codes/1671/1101/main.py", line 2, in <module>
    faixa = float(input())
ValueError: could not convert string to float: 'I'

*-*-*-*-*-*-*-*-*-*-*-*-*-*-*-*-*-*-*-*-*-*-*-*
== SUBMITION (2019-04-29 12:40:26) 
-- CODE:
tipo = input("Tipo de instalacao (R, I ou C): ").upper()
faixa = float(input("Faixa de consumo: "))

print("Entradas: ", faixa, "kWh e tipo", tipo)
if (faixa > 0):
	if (tipo == "R"):
		if (faixa <= 500):
			preco = faixa * 0.44
			print("Valor total: R$", round(preco, 2))
		else:
			preco = faixa * 0.65
			print("Valor total: R$", round(preco, 2))
	elif (tipo == "I"):
		if (faixa <= 1000):
			preco = faixa * 0.55
			print("Valor total: R$", round(preco, 2))
		else:
			preco = faixa * 0.60
			print("Valor total: R$", round(preco, 2))
	elif (tipo == "C"):
		if (faixa <= 5000):
			preco = faixa * 0.55
			print("Valor total: R$", round(preco, 2))
		else:
			preco = faixa * 0.60
			print("Valor total: R$", round(preco, 2))
else:
	print(faixa, "kWh e tipo", tipo)
	print("Dados invalidos")

-- EXECUTION TIME:
0.256132
-- ERROR:
Traceback (most recent call last):
  File "/home/codebench/codes/1671/1101/main.py", line 2, in <module>
    faixa = float(input())
ValueError: could not convert string to float: 'I'

*-*-*-*-*-*-*-*-*-*-*-*-*-*-*-*-*-*-*-*-*-*-*-*
== SUBMITION (2019-04-29 12:40:26) 
-- CODE:
tipo = input("Tipo de instalacao (R, I ou C): ").upper()
faixa = float(input("Faixa de consumo: "))

print("Entradas: ", faixa, "kWh e tipo", tipo)
if (faixa > 0):
	if (tipo == "R"):
		if (faixa <= 500):
			preco = faixa * 0.44
			print("Valor total: R$", round(preco, 2))
		else:
			preco = faixa * 0.65
			print("Valor total: R$", round(preco, 2))
	elif (tipo == "I"):
		if (faixa <= 1000):
			preco = faixa * 0.55
			print("Valor total: R$", round(preco, 2))
		else:
			preco = faixa * 0.60
			print("Valor total: R$", round(preco, 2))
	elif (tipo == "C"):
		if (faixa <= 5000):
			preco = faixa * 0.55
			print("Valor total: R$", round(preco, 2))
		else:
			preco = faixa * 0.60
			print("Valor total: R$", round(preco, 2))
else:
	print(faixa, "kWh e tipo", tipo)
	print("Dados invalidos")

-- EXECUTION TIME:
0.240836
-- ERROR:
Traceback (most recent call last):
  File "/home/codebench/codes/1671/1101/main.py", line 2, in <module>
    faixa = float(input())
ValueError: could not convert string to float: 'R'

*-*-*-*-*-*-*-*-*-*-*-*-*-*-*-*-*-*-*-*-*-*-*-*
== SUBMITION (2019-04-29 12:43:39) 
-- CODE:
tipo = input("Tipo de instalacao (R, I ou C): ")
faixa = float(input("Faixa de consumo: "))

print("Entradas: ", faixa, "kWh e tipo", tipo)
if (faixa > 0):
	if (tipo.upper() == "R"):
		if (faixa <= 500):
			preco = faixa * 0.44
			print("Valor total: R$", round(preco, 2))
		else:
			preco = faixa * 0.65
			print("Valor total: R$", round(preco, 2))
	elif (tipo.upper() == "I"):
		if (faixa <= 1000):
			preco = faixa * 0.55
			print("Valor total: R$", round(preco, 2))
		else:
			preco = faixa * 0.60
			print("Valor total: R$", round(preco, 2))
	elif (tipo.upper() == "C"):
		if (faixa <= 5000):
			preco = faixa * 0.55
			print("Valor total: R$", round(preco, 2))
		else:
			preco = faixa * 0.60
			print("Valor total: R$", round(preco, 2))
else:
	print(faixa, "kWh e tipo", tipo)
	print("Dados invalidos")

-- EXECUTION TIME:
0.165063
-- ERROR:
Traceback (most recent call last):
  File "/home/codebench/codes/1671/1101/main.py", line 2, in <module>
    faixa = float(input())
ValueError: could not convert string to float: 'I'

*-*-*-*-*-*-*-*-*-*-*-*-*-*-*-*-*-*-*-*-*-*-*-*
== SUBMITION (2019-04-29 12:43:40) 
-- CODE:
tipo = input("Tipo de instalacao (R, I ou C): ")
faixa = float(input("Faixa de consumo: "))

print("Entradas: ", faixa, "kWh e tipo", tipo)
if (faixa > 0):
	if (tipo.upper() == "R"):
		if (faixa <= 500):
			preco = faixa * 0.44
			print("Valor total: R$", round(preco, 2))
		else:
			preco = faixa * 0.65
			print("Valor total: R$", round(preco, 2))
	elif (tipo.upper() == "I"):
		if (faixa <= 1000):
			preco = faixa * 0.55
			print("Valor total: R$", round(preco, 2))
		else:
			preco = faixa * 0.60
			print("Valor total: R$", round(preco, 2))
	elif (tipo.upper() == "C"):
		if (faixa <= 5000):
			preco = faixa * 0.55
			print("Valor total: R$", round(preco, 2))
		else:
			preco = faixa * 0.60
			print("Valor total: R$", round(preco, 2))
else:
	print(faixa, "kWh e tipo", tipo)
	print("Dados invalidos")

-- EXECUTION TIME:
0.203254
-- ERROR:
Traceback (most recent call last):
  File "/home/codebench/codes/1671/1101/main.py", line 2, in <module>
    faixa = float(input())
ValueError: could not convert string to float: 'I'

*-*-*-*-*-*-*-*-*-*-*-*-*-*-*-*-*-*-*-*-*-*-*-*
== TEST (2019-04-29 12:43:41) 
-- CODE:
tipo = input("Tipo de instalacao (R, I ou C): ")
faixa = float(input("Faixa de consumo: "))

print("Entradas: ", faixa, "kWh e tipo", tipo)
if (faixa > 0):
	if (tipo.upper() == "R"):
		if (faixa <= 500):
			preco = faixa * 0.44
			print("Valor total: R$", round(preco, 2))
		else:
			preco = faixa * 0.65
			print("Valor total: R$", round(preco, 2))
	elif (tipo.upper() == "I"):
		if (faixa <= 1000):
			preco = faixa * 0.55
			print("Valor total: R$", round(preco, 2))
		else:
			preco = faixa * 0.60
			print("Valor total: R$", round(preco, 2))
	elif (tipo.upper() == "C"):
		if (faixa <= 5000):
			preco = faixa * 0.55
			print("Valor total: R$", round(preco, 2))
		else:
			preco = faixa * 0.60
			print("Valor total: R$", round(preco, 2))
else:
	print(faixa, "kWh e tipo", tipo)
	print("Dados invalidos")

-- ERROR:
Traceback (most recent call last):
  File "XXXX", line 2, in <module>
    faixa = float(input())
ValueError: could not convert string to float: 'I'
*-*-*-*-*-*-*-*-*-*-*-*-*-*-*-*-*-*-*-*-*-*-*-*
== SUBMITION (2019-04-29 12:43:42) 
-- CODE:
tipo = input("Tipo de instalacao (R, I ou C): ")
faixa = float(input("Faixa de consumo: "))

print("Entradas: ", faixa, "kWh e tipo", tipo)
if (faixa > 0):
	if (tipo.upper() == "R"):
		if (faixa <= 500):
			preco = faixa * 0.44
			print("Valor total: R$", round(preco, 2))
		else:
			preco = faixa * 0.65
			print("Valor total: R$", round(preco, 2))
	elif (tipo.upper() == "I"):
		if (faixa <= 1000):
			preco = faixa * 0.55
			print("Valor total: R$", round(preco, 2))
		else:
			preco = faixa * 0.60
			print("Valor total: R$", round(preco, 2))
	elif (tipo.upper() == "C"):
		if (faixa <= 5000):
			preco = faixa * 0.55
			print("Valor total: R$", round(preco, 2))
		else:
			preco = faixa * 0.60
			print("Valor total: R$", round(preco, 2))
else:
	print(faixa, "kWh e tipo", tipo)
	print("Dados invalidos")

-- EXECUTION TIME:
0.191275
-- ERROR:
Traceback (most recent call last):
  File "/home/codebench/codes/1671/1101/main.py", line 2, in <module>
    faixa = float(input())
ValueError: could not convert string to float: 'I'

*-*-*-*-*-*-*-*-*-*-*-*-*-*-*-*-*-*-*-*-*-*-*-*
== SUBMITION (2019-04-29 12:43:42) 
-- CODE:
tipo = input("Tipo de instalacao (R, I ou C): ")
faixa = float(input("Faixa de consumo: "))

print("Entradas: ", faixa, "kWh e tipo", tipo)
if (faixa > 0):
	if (tipo.upper() == "R"):
		if (faixa <= 500):
			preco = faixa * 0.44
			print("Valor total: R$", round(preco, 2))
		else:
			preco = faixa * 0.65
			print("Valor total: R$", round(preco, 2))
	elif (tipo.upper() == "I"):
		if (faixa <= 1000):
			preco = faixa * 0.55
			print("Valor total: R$", round(preco, 2))
		else:
			preco = faixa * 0.60
			print("Valor total: R$", round(preco, 2))
	elif (tipo.upper() == "C"):
		if (faixa <= 5000):
			preco = faixa * 0.55
			print("Valor total: R$", round(preco, 2))
		else:
			preco = faixa * 0.60
			print("Valor total: R$", round(preco, 2))
else:
	print(faixa, "kWh e tipo", tipo)
	print("Dados invalidos")

-- EXECUTION TIME:
0.337366
-- ERROR:
Traceback (most recent call last):
  File "/home/codebench/codes/1671/1101/main.py", line 2, in <module>
    faixa = float(input())
ValueError: could not convert string to float: 'I'

*-*-*-*-*-*-*-*-*-*-*-*-*-*-*-*-*-*-*-*-*-*-*-*
== SUBMITION (2019-04-29 12:43:42) 
-- CODE:
tipo = input("Tipo de instalacao (R, I ou C): ")
faixa = float(input("Faixa de consumo: "))

print("Entradas: ", faixa, "kWh e tipo", tipo)
if (faixa > 0):
	if (tipo.upper() == "R"):
		if (faixa <= 500):
			preco = faixa * 0.44
			print("Valor total: R$", round(preco, 2))
		else:
			preco = faixa * 0.65
			print("Valor total: R$", round(preco, 2))
	elif (tipo.upper() == "I"):
		if (faixa <= 1000):
			preco = faixa * 0.55
			print("Valor total: R$", round(preco, 2))
		else:
			preco = faixa * 0.60
			print("Valor total: R$", round(preco, 2))
	elif (tipo.upper() == "C"):
		if (faixa <= 5000):
			preco = faixa * 0.55
			print("Valor total: R$", round(preco, 2))
		else:
			preco = faixa * 0.60
			print("Valor total: R$", round(preco, 2))
else:
	print(faixa, "kWh e tipo", tipo)
	print("Dados invalidos")

-- EXECUTION TIME:
0.315704
-- ERROR:
Traceback (most recent call last):
  File "/home/codebench/codes/1671/1101/main.py", line 2, in <module>
    faixa = float(input())
ValueError: could not convert string to float: 'R'

*-*-*-*-*-*-*-*-*-*-*-*-*-*-*-*-*-*-*-*-*-*-*-*
== SUBMITION (2019-04-29 12:44:45) 
-- CODE:
tipo = input("Tipo de instalacao (R, I ou C): ").upper()
faixa = float(input("Faixa de consumo: "))

print("Entradas: ", faixa, "kWh e tipo", tipo)
if (faixa > 0):
	if (tipo == "R"):
		if (faixa <= 500):
			preco = faixa * 0.44
			print("Valor total: R$", round(preco, 2))
		else:
			preco = faixa * 0.65
			print("Valor total: R$", round(preco, 2))
	elif (tipo == "I"):
		if (faixa <= 1000):
			preco = faixa * 0.55
			print("Valor total: R$", round(preco, 2))
		else:
			preco = faixa * 0.60
			print("Valor total: R$", round(preco, 2))
	elif (tipo == "C"):
		if (faixa <= 5000):
			preco = faixa * 0.55
			print("Valor total: R$", round(preco, 2))
		else:
			preco = faixa * 0.60
			print("Valor total: R$", round(preco, 2))
else:
	print("Dados invalidos")

-- EXECUTION TIME:
0.14625
-- ERROR:
Traceback (most recent call last):
  File "/home/codebench/codes/1671/1101/main.py", line 2, in <module>
    faixa = float(input())
ValueError: could not convert string to float: 'I'

*-*-*-*-*-*-*-*-*-*-*-*-*-*-*-*-*-*-*-*-*-*-*-*
== SUBMITION (2019-04-29 12:44:46) 
-- CODE:
tipo = input("Tipo de instalacao (R, I ou C): ").upper()
faixa = float(input("Faixa de consumo: "))

print("Entradas: ", faixa, "kWh e tipo", tipo)
if (faixa > 0):
	if (tipo == "R"):
		if (faixa <= 500):
			preco = faixa * 0.44
			print("Valor total: R$", round(preco, 2))
		else:
			preco = faixa * 0.65
			print("Valor total: R$", round(preco, 2))
	elif (tipo == "I"):
		if (faixa <= 1000):
			preco = faixa * 0.55
			print("Valor total: R$", round(preco, 2))
		else:
			preco = faixa * 0.60
			print("Valor total: R$", round(preco, 2))
	elif (tipo == "C"):
		if (faixa <= 5000):
			preco = faixa * 0.55
			print("Valor total: R$", round(preco, 2))
		else:
			preco = faixa * 0.60
			print("Valor total: R$", round(preco, 2))
else:
	print("Dados invalidos")

-- EXECUTION TIME:
0.150531
-- ERROR:
Traceback (most recent call last):
  File "/home/codebench/codes/1671/1101/main.py", line 2, in <module>
    faixa = float(input())
ValueError: could not convert string to float: 'I'

*-*-*-*-*-*-*-*-*-*-*-*-*-*-*-*-*-*-*-*-*-*-*-*
== TEST (2019-04-29 12:44:47) 
-- CODE:
tipo = input("Tipo de instalacao (R, I ou C): ").upper()
faixa = float(input("Faixa de consumo: "))

print("Entradas: ", faixa, "kWh e tipo", tipo)
if (faixa > 0):
	if (tipo == "R"):
		if (faixa <= 500):
			preco = faixa * 0.44
			print("Valor total: R$", round(preco, 2))
		else:
			preco = faixa * 0.65
			print("Valor total: R$", round(preco, 2))
	elif (tipo == "I"):
		if (faixa <= 1000):
			preco = faixa * 0.55
			print("Valor total: R$", round(preco, 2))
		else:
			preco = faixa * 0.60
			print("Valor total: R$", round(preco, 2))
	elif (tipo == "C"):
		if (faixa <= 5000):
			preco = faixa * 0.55
			print("Valor total: R$", round(preco, 2))
		else:
			preco = faixa * 0.60
			print("Valor total: R$", round(preco, 2))
else:
	print("Dados invalidos")

-- ERROR:
Traceback (most recent call last):
  File "XXXX", line 2, in <module>
    faixa = float(input())
ValueError: could not convert string to float: 'I'
*-*-*-*-*-*-*-*-*-*-*-*-*-*-*-*-*-*-*-*-*-*-*-*
== TEST (2019-04-29 12:45:24) 
-- CODE:
tipo = input("Tipo de instalacao (R, I ou C): ").upper()
faixa = float(input("Faixa de consumo: "))

print("Entradas: ", faixa, "kWh e tipo", tipo)
if (faixa > 0):
	if (tipo == "R"):
		if (faixa <= 500):
			preco = faixa * 0.44
			print("Valor total: R$", round(preco, 2))
		else:
			preco = faixa * 0.65
			print("Valor total: R$", round(preco, 2))
	elif (tipo == "I"):
		if (faixa <= 1000):
			preco = faixa * 0.55
			print("Valor total: R$", round(preco, 2))
		else:
			preco = faixa * 0.60
			print("Valor total: R$", round(preco, 2))
	elif (tipo == "C"):
		if (faixa <= 5000):
			preco = faixa * 0.55
			print("Valor total: R$", round(preco, 2))
		else:
			preco = faixa * 0.60
			print("Valor total: R$", round(preco, 2))
else:
	print("Dados invalidos")

-- ERROR:
Traceback (most recent call last):
  File "XXXX", line 2, in <module>
    faixa = float(input())
ValueError: could not convert string to float: 'I'
*-*-*-*-*-*-*-*-*-*-*-*-*-*-*-*-*-*-*-*-*-*-*-*
== TEST (2019-04-29 12:45:33) 
-- CODE:
tipo = input("Tipo de instalacao (R, I ou C): ").upper()
faixa = float(input("Faixa de consumo: "))

print("Entradas: ", faixa, "kWh e tipo", tipo)
if (faixa > 0):
	if (tipo == "R"):
		if (faixa <= 500):
			preco = faixa * 0.44
			print("Valor total: R$", round(preco, 2))
		else:
			preco = faixa * 0.65
			print("Valor total: R$", round(preco, 2))
	elif (tipo == "I"):
		if (faixa <= 1000):
			preco = faixa * 0.55
			print("Valor total: R$", round(preco, 2))
		else:
			preco = faixa * 0.60
			print("Valor total: R$", round(preco, 2))
	elif (tipo == "C"):
		if (faixa <= 5000):
			preco = faixa * 0.55
			print("Valor total: R$", round(preco, 2))
		else:
			preco = faixa * 0.60
			print("Valor total: R$", round(preco, 2))
else:
	print("Dados invalidos")

-- ERROR:
Traceback (most recent call last):
  File "XXXX", line 2, in <module>
    faixa = float(input())
ValueError: could not convert string to float: 'I'
*-*-*-*-*-*-*-*-*-*-*-*-*-*-*-*-*-*-*-*-*-*-*-*
== TEST (2019-04-29 12:48:57) 
-- CODE:
tipo = input("Tipo de instalacao (R, I ou C): ").upper()
faixa = float(input("Faixa de consumo: "))

print("Entradas: ", faixa, "kWh e tipo", tipo)
if (faixa > 0 and tipo == "R"):
		if (faixa <= 500):
			preco = faixa * 0.44
			print("Valor total: R$", round(preco, 2))
		else:
			preco = faixa * 0.65
			print("Valor total: R$", round(preco, 2))
	elif (tipo == "I"):
		if (faixa <= 1000):
			preco = faixa * 0.55
			print("Valor total: R$", round(preco, 2))
		else:
			preco = faixa * 0.60
			print("Valor total: R$", round(preco, 2))
	elif (tipo == "C"):
		if (faixa <= 5000):
			preco = faixa * 0.55
			print("Valor total: R$", round(preco, 2))
		else:
			preco = faixa * 0.60
			print("Valor total: R$", round(preco, 2))
else:
	print("Dados invalidos")

-- ERROR:
File "XXXX", line 12
    elif (tipo == "I"):
                      ^
IndentationError: unindent does not match any outer indentation level
*-*-*-*-*-*-*-*-*-*-*-*-*-*-*-*-*-*-*-*-*-*-*-*
== SUBMITION (2019-04-29 12:49:55) 
-- CODE:
tipo = input("Tipo de instalacao (R, I ou C): ").upper()
faixa = float(input("Faixa de consumo: "))

print("Entradas: ", faixa, "kWh e tipo", tipo)
if (faixa > 0 and tipo == "R"):
		if (faixa <= 500):
			preco = faixa * 0.44
			print("Valor total: R$", round(preco, 2))
		else:
			preco = faixa * 0.65
			print("Valor total: R$", round(preco, 2))
	elif (faixa > 0 and tipo == "I"):
		if (faixa <= 1000):
			preco = faixa * 0.55
			print("Valor total: R$", round(preco, 2))
		else:
			preco = faixa * 0.60
			print("Valor total: R$", round(preco, 2))
	elif (faixa > 0 and tipo == "C"):
		if (faixa <= 5000):
			preco = faixa * 0.55
			print("Valor total: R$", round(preco, 2))
		else:
			preco = faixa * 0.60
			print("Valor total: R$", round(preco, 2))
else:
	print("Dados invalidos")

-- EXECUTION TIME:
0.200027
-- ERROR:
  File "/home/codebench/codes/1671/1101/main.py", line 12
    elif (faixa > 0 and tipo == "I"):
                                    ^
IndentationError: unindent does not match any outer indentation level

*-*-*-*-*-*-*-*-*-*-*-*-*-*-*-*-*-*-*-*-*-*-*-*
== TEST (2019-04-29 12:49:55) 
-- CODE:
tipo = input("Tipo de instalacao (R, I ou C): ").upper()
faixa = float(input("Faixa de consumo: "))

print("Entradas: ", faixa, "kWh e tipo", tipo)
if (faixa > 0 and tipo == "R"):
		if (faixa <= 500):
			preco = faixa * 0.44
			print("Valor total: R$", round(preco, 2))
		else:
			preco = faixa * 0.65
			print("Valor total: R$", round(preco, 2))
	elif (faixa > 0 and tipo == "I"):
		if (faixa <= 1000):
			preco = faixa * 0.55
			print("Valor total: R$", round(preco, 2))
		else:
			preco = faixa * 0.60
			print("Valor total: R$", round(preco, 2))
	elif (faixa > 0 and tipo == "C"):
		if (faixa <= 5000):
			preco = faixa * 0.55
			print("Valor total: R$", round(preco, 2))
		else:
			preco = faixa * 0.60
			print("Valor total: R$", round(preco, 2))
else:
	print("Dados invalidos")

-- ERROR:
File "XXXX", line 12
    elif (faixa > 0 and tipo == "I"):
                                    ^
IndentationError: unindent does not match any outer indentation level
*-*-*-*-*-*-*-*-*-*-*-*-*-*-*-*-*-*-*-*-*-*-*-*
== SUBMITION (2019-04-29 12:52:38) 
-- CODE:
tipo = input("Tipo de instalacao (R, I ou C): ").upper()
faixa = float(input("Faixa de consumo: "))

print("Entradas: ", faixa, "kWh e tipo", tipo)
if (faixa > 0 and tipo == "R" or tipo == "I" or tipo == "C"):
	if (tipo == "R"):
		if (faixa <= 500):
			preco = faixa * 0.44
			print("Valor total: R$", round(preco, 2))
		else:
			preco = faixa * 0.65
			print("Valor total: R$", round(preco, 2))
	elif (tipo == "I"):
		if (faixa <= 1000):
			preco = faixa * 0.55
			print("Valor total: R$", round(preco, 2))
		else:
			preco = faixa * 0.60
			print("Valor total: R$", round(preco, 2))
	elif (tipo == "C"):
		if (faixa <= 5000):
			preco = faixa * 0.55
			print("Valor total: R$", round(preco, 2))
		else:
			preco = faixa * 0.60
			print("Valor total: R$", round(preco, 2))
else:
	print("Dados invalidos")

-- EXECUTION TIME:
0.147003
-- ERROR:
Traceback (most recent call last):
  File "/home/codebench/codes/1671/1101/main.py", line 2, in <module>
    faixa = float(input())
ValueError: could not convert string to float: 'I'

*-*-*-*-*-*-*-*-*-*-*-*-*-*-*-*-*-*-*-*-*-*-*-*
== SUBMITION (2019-04-29 12:52:40) 
-- CODE:
tipo = input("Tipo de instalacao (R, I ou C): ").upper()
faixa = float(input("Faixa de consumo: "))

print("Entradas: ", faixa, "kWh e tipo", tipo)
if (faixa > 0 and tipo == "R" or tipo == "I" or tipo == "C"):
	if (tipo == "R"):
		if (faixa <= 500):
			preco = faixa * 0.44
			print("Valor total: R$", round(preco, 2))
		else:
			preco = faixa * 0.65
			print("Valor total: R$", round(preco, 2))
	elif (tipo == "I"):
		if (faixa <= 1000):
			preco = faixa * 0.55
			print("Valor total: R$", round(preco, 2))
		else:
			preco = faixa * 0.60
			print("Valor total: R$", round(preco, 2))
	elif (tipo == "C"):
		if (faixa <= 5000):
			preco = faixa * 0.55
			print("Valor total: R$", round(preco, 2))
		else:
			preco = faixa * 0.60
			print("Valor total: R$", round(preco, 2))
else:
	print("Dados invalidos")

-- EXECUTION TIME:
0.155066
-- ERROR:
Traceback (most recent call last):
  File "/home/codebench/codes/1671/1101/main.py", line 2, in <module>
    faixa = float(input())
ValueError: could not convert string to float: 'I'

*-*-*-*-*-*-*-*-*-*-*-*-*-*-*-*-*-*-*-*-*-*-*-*
== TEST (2019-04-29 12:52:40) 
-- CODE:
tipo = input("Tipo de instalacao (R, I ou C): ").upper()
faixa = float(input("Faixa de consumo: "))

print("Entradas: ", faixa, "kWh e tipo", tipo)
if (faixa > 0 and tipo == "R" or tipo == "I" or tipo == "C"):
	if (tipo == "R"):
		if (faixa <= 500):
			preco = faixa * 0.44
			print("Valor total: R$", round(preco, 2))
		else:
			preco = faixa * 0.65
			print("Valor total: R$", round(preco, 2))
	elif (tipo == "I"):
		if (faixa <= 1000):
			preco = faixa * 0.55
			print("Valor total: R$", round(preco, 2))
		else:
			preco = faixa * 0.60
			print("Valor total: R$", round(preco, 2))
	elif (tipo == "C"):
		if (faixa <= 5000):
			preco = faixa * 0.55
			print("Valor total: R$", round(preco, 2))
		else:
			preco = faixa * 0.60
			print("Valor total: R$", round(preco, 2))
else:
	print("Dados invalidos")

-- ERROR:
Traceback (most recent call last):
  File "XXXX", line 2, in <module>
    faixa = float(input())
ValueError: could not convert string to float: 'I'
*-*-*-*-*-*-*-*-*-*-*-*-*-*-*-*-*-*-*-*-*-*-*-*
== TEST (2019-04-29 12:54:50) 
-- CODE:
tipo = input("Tipo de instalacao (R, I ou C): ").upper()
faixa = float(input("Faixa de consumo: "))

print("Entradas: ", faixa, "kWh e tipo", tipo)
if (faixa > 0 and tipo == "R" or tipo == "I" or tipo == "C"):
	if (tipo == "R"):
		if (faixa <= 500):
			preco = faixa * 0.44
			print("Valor total: R$", round(preco, 2))
		else:
			preco = faixa * 0.65
			print("Valor total: R$", round(preco, 2))
	elif (tipo == "I"):
		if (faixa <= 1000):
			preco = faixa * 0.55
			print("Valor total: R$", round(preco, 2))
		else:
			preco = faixa * 0.60
			print("Valor total: R$", round(preco, 2))
	elif (tipo == "C"):
		if (faixa <= 5000):
			preco = faixa * 0.55
			print("Valor total: R$", round(preco, 2))
		else:
			preco = faixa * 0.60
			print("Valor total: R$", round(preco, 2))
else:
	print("Dados invalidos")

-- ERROR:
Traceback (most recent call last):
  File "XXXX", line 2, in <module>
    faixa = float(input())
ValueError: could not convert string to float: 'I'
*-*-*-*-*-*-*-*-*-*-*-*-*-*-*-*-*-*-*-*-*-*-*-*
== SUBMITION (2019-04-29 12:56:03) 
-- CODE:
tipo = input("Tipo de instalacao (R, I ou C): ").upper()
faixa = float(input("Faixa de consumo: "))

print("Entradas: ", faixa, "kWh e tipo", tipo)
if (faixa > 0 and tipo == "R" or tipo == "I" or tipo == "C"):
	if (tipo == "R"):
		if (faixa <= 500):
			preco = faixa * 0.44
			print("Valor total: R$", round(preco, 2))
		else:
			preco = faixa * 0.65
			print("Valor total: R$", round(preco, 2))
	elif (tipo == "I"):
		if (faixa <= 1000):
			preco = faixa * 0.55
			print("Valor total: R$", round(preco, 2))
		else:
			preco = faixa * 0.60
			print("Valor total: R$", round(preco, 2))
	elif (tipo == "C"):
		if (faixa <= 5000):
			preco = faixa * 0.55
			print("Valor total: R$", round(preco, 2))
		else:
			preco = faixa * 0.60
			print("Valor total: R$", round(preco, 2))
else:
	print("Dados invalidos")

-- EXECUTION TIME:
0.165647
-- ERROR:
Traceback (most recent call last):
  File "/home/codebench/codes/1671/1101/main.py", line 2, in <module>
    faixa = float(input())
ValueError: could not convert string to float: 'I'

*-*-*-*-*-*-*-*-*-*-*-*-*-*-*-*-*-*-*-*-*-*-*-*
== SUBMITION (2019-04-29 12:56:56) 
-- CODE:
tipo = input("Tipo de instalacao (R, I ou C): ").upper()
faixa = float(input("Faixa de consumo: "))

print("Entradas: ", faixa, "kWh e tipo", tipo)
if (faixa > 0 and tipo == "R" or tipo == "I" or tipo == "C"):
	if (tipo == "R"):
		if (faixa <= 500):
			preco = faixa * 0.44
			print("Valor total: R$", round(preco, 2))
		else:
			preco = faixa * 0.65
			print("Valor total: R$", round(preco, 2))
	elif (tipo == "I"):
		if (faixa <= 5000):
			preco = faixa * 0.55
			print("Valor total: R$", round(preco, 2))
		else:
			preco = faixa * 0.60
			print("Valor total: R$", round(preco, 2))
	elif (tipo == "C"):
		if (faixa <= 1000):
			preco = faixa * 0.55
			print("Valor total: R$", round(preco, 2))
		else:
			preco = faixa * 0.60
			print("Valor total: R$", round(preco, 2))
else:
	print("Dados invalidos")

-- EXECUTION TIME:
0.171614
-- ERROR:
Traceback (most recent call last):
  File "/home/codebench/codes/1671/1101/main.py", line 2, in <module>
    faixa = float(input())
ValueError: could not convert string to float: 'I'

*-*-*-*-*-*-*-*-*-*-*-*-*-*-*-*-*-*-*-*-*-*-*-*
== SUBMITION (2019-04-29 12:56:58) 
-- CODE:
tipo = input("Tipo de instalacao (R, I ou C): ").upper()
faixa = float(input("Faixa de consumo: "))

print("Entradas: ", faixa, "kWh e tipo", tipo)
if (faixa > 0 and tipo == "R" or tipo == "I" or tipo == "C"):
	if (tipo == "R"):
		if (faixa <= 500):
			preco = faixa * 0.44
			print("Valor total: R$", round(preco, 2))
		else:
			preco = faixa * 0.65
			print("Valor total: R$", round(preco, 2))
	elif (tipo == "I"):
		if (faixa <= 5000):
			preco = faixa * 0.55
			print("Valor total: R$", round(preco, 2))
		else:
			preco = faixa * 0.60
			print("Valor total: R$", round(preco, 2))
	elif (tipo == "C"):
		if (faixa <= 1000):
			preco = faixa * 0.55
			print("Valor total: R$", round(preco, 2))
		else:
			preco = faixa * 0.60
			print("Valor total: R$", round(preco, 2))
else:
	print("Dados invalidos")

-- EXECUTION TIME:
0.195092
-- ERROR:
Traceback (most recent call last):
  File "/home/codebench/codes/1671/1101/main.py", line 2, in <module>
    faixa = float(input())
ValueError: could not convert string to float: 'I'

*-*-*-*-*-*-*-*-*-*-*-*-*-*-*-*-*-*-*-*-*-*-*-*
== SUBMITION (2019-04-29 12:56:58) 
-- CODE:
tipo = input("Tipo de instalacao (R, I ou C): ").upper()
faixa = float(input("Faixa de consumo: "))

print("Entradas: ", faixa, "kWh e tipo", tipo)
if (faixa > 0 and tipo == "R" or tipo == "I" or tipo == "C"):
	if (tipo == "R"):
		if (faixa <= 500):
			preco = faixa * 0.44
			print("Valor total: R$", round(preco, 2))
		else:
			preco = faixa * 0.65
			print("Valor total: R$", round(preco, 2))
	elif (tipo == "I"):
		if (faixa <= 5000):
			preco = faixa * 0.55
			print("Valor total: R$", round(preco, 2))
		else:
			preco = faixa * 0.60
			print("Valor total: R$", round(preco, 2))
	elif (tipo == "C"):
		if (faixa <= 1000):
			preco = faixa * 0.55
			print("Valor total: R$", round(preco, 2))
		else:
			preco = faixa * 0.60
			print("Valor total: R$", round(preco, 2))
else:
	print("Dados invalidos")

-- EXECUTION TIME:
0.18632
-- ERROR:
Traceback (most recent call last):
  File "/home/codebench/codes/1671/1101/main.py", line 2, in <module>
    faixa = float(input())
ValueError: could not convert string to float: 'I'

*-*-*-*-*-*-*-*-*-*-*-*-*-*-*-*-*-*-*-*-*-*-*-*
== SUBMITION (2019-04-29 12:56:59) 
-- CODE:
tipo = input("Tipo de instalacao (R, I ou C): ").upper()
faixa = float(input("Faixa de consumo: "))

print("Entradas: ", faixa, "kWh e tipo", tipo)
if (faixa > 0 and tipo == "R" or tipo == "I" or tipo == "C"):
	if (tipo == "R"):
		if (faixa <= 500):
			preco = faixa * 0.44
			print("Valor total: R$", round(preco, 2))
		else:
			preco = faixa * 0.65
			print("Valor total: R$", round(preco, 2))
	elif (tipo == "I"):
		if (faixa <= 5000):
			preco = faixa * 0.55
			print("Valor total: R$", round(preco, 2))
		else:
			preco = faixa * 0.60
			print("Valor total: R$", round(preco, 2))
	elif (tipo == "C"):
		if (faixa <= 1000):
			preco = faixa * 0.55
			print("Valor total: R$", round(preco, 2))
		else:
			preco = faixa * 0.60
			print("Valor total: R$", round(preco, 2))
else:
	print("Dados invalidos")

-- EXECUTION TIME:
0.114581
-- ERROR:
Traceback (most recent call last):
  File "/home/codebench/codes/1671/1101/main.py", line 2, in <module>
    faixa = float(input())
ValueError: could not convert string to float: 'I'

*-*-*-*-*-*-*-*-*-*-*-*-*-*-*-*-*-*-*-*-*-*-*-*
== SUBMITION (2019-04-29 12:56:59) 
-- CODE:
tipo = input("Tipo de instalacao (R, I ou C): ").upper()
faixa = float(input("Faixa de consumo: "))

print("Entradas: ", faixa, "kWh e tipo", tipo)
if (faixa > 0 and tipo == "R" or tipo == "I" or tipo == "C"):
	if (tipo == "R"):
		if (faixa <= 500):
			preco = faixa * 0.44
			print("Valor total: R$", round(preco, 2))
		else:
			preco = faixa * 0.65
			print("Valor total: R$", round(preco, 2))
	elif (tipo == "I"):
		if (faixa <= 5000):
			preco = faixa * 0.55
			print("Valor total: R$", round(preco, 2))
		else:
			preco = faixa * 0.60
			print("Valor total: R$", round(preco, 2))
	elif (tipo == "C"):
		if (faixa <= 1000):
			preco = faixa * 0.55
			print("Valor total: R$", round(preco, 2))
		else:
			preco = faixa * 0.60
			print("Valor total: R$", round(preco, 2))
else:
	print("Dados invalidos")

-- EXECUTION TIME:
0.205124
-- ERROR:
Traceback (most recent call last):
  File "/home/codebench/codes/1671/1101/main.py", line 2, in <module>
    faixa = float(input())
ValueError: could not convert string to float: 'I'

*-*-*-*-*-*-*-*-*-*-*-*-*-*-*-*-*-*-*-*-*-*-*-*
== SUBMITION (2019-04-29 12:56:59) 
-- CODE:
tipo = input("Tipo de instalacao (R, I ou C): ").upper()
faixa = float(input("Faixa de consumo: "))

print("Entradas: ", faixa, "kWh e tipo", tipo)
if (faixa > 0 and tipo == "R" or tipo == "I" or tipo == "C"):
	if (tipo == "R"):
		if (faixa <= 500):
			preco = faixa * 0.44
			print("Valor total: R$", round(preco, 2))
		else:
			preco = faixa * 0.65
			print("Valor total: R$", round(preco, 2))
	elif (tipo == "I"):
		if (faixa <= 5000):
			preco = faixa * 0.55
			print("Valor total: R$", round(preco, 2))
		else:
			preco = faixa * 0.60
			print("Valor total: R$", round(preco, 2))
	elif (tipo == "C"):
		if (faixa <= 1000):
			preco = faixa * 0.55
			print("Valor total: R$", round(preco, 2))
		else:
			preco = faixa * 0.60
			print("Valor total: R$", round(preco, 2))
else:
	print("Dados invalidos")

-- EXECUTION TIME:
0.168328
-- ERROR:
sh: 1: cannot open /home/codebench/codes/1671/1101/cbtemp.txt: No such file

*-*-*-*-*-*-*-*-*-*-*-*-*-*-*-*-*-*-*-*-*-*-*-*
== SUBMITION (2019-04-29 12:56:59) 
-- CODE:
tipo = input("Tipo de instalacao (R, I ou C): ").upper()
faixa = float(input("Faixa de consumo: "))

print("Entradas: ", faixa, "kWh e tipo", tipo)
if (faixa > 0 and tipo == "R" or tipo == "I" or tipo == "C"):
	if (tipo == "R"):
		if (faixa <= 500):
			preco = faixa * 0.44
			print("Valor total: R$", round(preco, 2))
		else:
			preco = faixa * 0.65
			print("Valor total: R$", round(preco, 2))
	elif (tipo == "I"):
		if (faixa <= 5000):
			preco = faixa * 0.55
			print("Valor total: R$", round(preco, 2))
		else:
			preco = faixa * 0.60
			print("Valor total: R$", round(preco, 2))
	elif (tipo == "C"):
		if (faixa <= 1000):
			preco = faixa * 0.55
			print("Valor total: R$", round(preco, 2))
		else:
			preco = faixa * 0.60
			print("Valor total: R$", round(preco, 2))
else:
	print("Dados invalidos")

-- EXECUTION TIME:
0.129862
-- ERROR:
sh: 1: cannot open /home/codebench/codes/1671/1101/cbtemp.txt: No such file

*-*-*-*-*-*-*-*-*-*-*-*-*-*-*-*-*-*-*-*-*-*-*-*
== SUBMITION (2019-04-29 12:56:59) 
-- CODE:
tipo = input("Tipo de instalacao (R, I ou C): ").upper()
faixa = float(input("Faixa de consumo: "))

print("Entradas: ", faixa, "kWh e tipo", tipo)
if (faixa > 0 and tipo == "R" or tipo == "I" or tipo == "C"):
	if (tipo == "R"):
		if (faixa <= 500):
			preco = faixa * 0.44
			print("Valor total: R$", round(preco, 2))
		else:
			preco = faixa * 0.65
			print("Valor total: R$", round(preco, 2))
	elif (tipo == "I"):
		if (faixa <= 5000):
			preco = faixa * 0.55
			print("Valor total: R$", round(preco, 2))
		else:
			preco = faixa * 0.60
			print("Valor total: R$", round(preco, 2))
	elif (tipo == "C"):
		if (faixa <= 1000):
			preco = faixa * 0.55
			print("Valor total: R$", round(preco, 2))
		else:
			preco = faixa * 0.60
			print("Valor total: R$", round(preco, 2))
else:
	print("Dados invalidos")

-- EXECUTION TIME:
0.25552
-- ERROR:
Traceback (most recent call last):
  File "/home/codebench/codes/1671/1101/main.py", line 2, in <module>
    faixa = float(input())
ValueError: could not convert string to float: 'I'

*-*-*-*-*-*-*-*-*-*-*-*-*-*-*-*-*-*-*-*-*-*-*-*
== SUBMITION (2019-04-29 12:56:59) 
-- CODE:
tipo = input("Tipo de instalacao (R, I ou C): ").upper()
faixa = float(input("Faixa de consumo: "))

print("Entradas: ", faixa, "kWh e tipo", tipo)
if (faixa > 0 and tipo == "R" or tipo == "I" or tipo == "C"):
	if (tipo == "R"):
		if (faixa <= 500):
			preco = faixa * 0.44
			print("Valor total: R$", round(preco, 2))
		else:
			preco = faixa * 0.65
			print("Valor total: R$", round(preco, 2))
	elif (tipo == "I"):
		if (faixa <= 5000):
			preco = faixa * 0.55
			print("Valor total: R$", round(preco, 2))
		else:
			preco = faixa * 0.60
			print("Valor total: R$", round(preco, 2))
	elif (tipo == "C"):
		if (faixa <= 1000):
			preco = faixa * 0.55
			print("Valor total: R$", round(preco, 2))
		else:
			preco = faixa * 0.60
			print("Valor total: R$", round(preco, 2))
else:
	print("Dados invalidos")

-- EXECUTION TIME:
0.145725
-- ERROR:
sh: 1: cannot open /home/codebench/codes/1671/1101/cbtemp.txt: No such file

*-*-*-*-*-*-*-*-*-*-*-*-*-*-*-*-*-*-*-*-*-*-*-*
== SUBMITION (2019-04-29 12:58:50) 
-- CODE:
tipo = input("Tipo de instalacao (R, I ou C): ").upper()
faixa = float(input("Faixa de consumo: "))

print("Entradas: ", faixa, "kWh e tipo", tipo)
if (faixa > 0 and tipo == "R" or tipo == "I" or tipo == "C"):
	if (tipo == "R"):
		if (faixa <= 500):
			preco = faixa * 0.44
			print("Valor total: R$", round(preco, 2))
		else:
			preco = faixa * 0.65
			print("Valor total: R$", round(preco, 2))
	elif (tipo == "I"):
		if (faixa <= 5000):
			preco = faixa * 0.55
			print("Valor total: R$", round(preco, 2))
		else:
			preco = faixa * 0.60
			print("Valor total: R$", round(preco, 2))
	elif (tipo == "C"):
		if (faixa <= 1000):
			preco = faixa * 0.55
			print("Valor total: R$", round(preco, 2))
		else:
			preco = faixa * 0.60
			print("Valor total: R$", round(preco, 2))
else:
	print("Dados invalidos")

-- EXECUTION TIME:
0.208137
-- ERROR:
Traceback (most recent call last):
  File "/home/codebench/codes/1671/1101/main.py", line 2, in <module>
    faixa = float(input())
ValueError: could not convert string to float: 'I'

*-*-*-*-*-*-*-*-*-*-*-*-*-*-*-*-*-*-*-*-*-*-*-*
== SUBMITION (2019-04-29 12:58:50) 
-- CODE:
tipo = input("Tipo de instalacao (R, I ou C): ").upper()
faixa = float(input("Faixa de consumo: "))

print("Entradas: ", faixa, "kWh e tipo", tipo)
if (faixa > 0 and tipo == "R" or tipo == "I" or tipo == "C"):
	if (tipo == "R"):
		if (faixa <= 500):
			preco = faixa * 0.44
			print("Valor total: R$", round(preco, 2))
		else:
			preco = faixa * 0.65
			print("Valor total: R$", round(preco, 2))
	elif (tipo == "I"):
		if (faixa <= 5000):
			preco = faixa * 0.55
			print("Valor total: R$", round(preco, 2))
		else:
			preco = faixa * 0.60
			print("Valor total: R$", round(preco, 2))
	elif (tipo == "C"):
		if (faixa <= 1000):
			preco = faixa * 0.55
			print("Valor total: R$", round(preco, 2))
		else:
			preco = faixa * 0.60
			print("Valor total: R$", round(preco, 2))
else:
	print("Dados invalidos")

-- EXECUTION TIME:
0.136671
-- ERROR:
Traceback (most recent call last):
  File "/home/codebench/codes/1671/1101/main.py", line 2, in <module>
    faixa = float(input())
ValueError: could not convert string to float: 'I'

*-*-*-*-*-*-*-*-*-*-*-*-*-*-*-*-*-*-*-*-*-*-*-*
== SUBMITION (2019-04-29 12:58:51) 
-- CODE:
tipo = input("Tipo de instalacao (R, I ou C): ").upper()
faixa = float(input("Faixa de consumo: "))

print("Entradas: ", faixa, "kWh e tipo", tipo)
if (faixa > 0 and tipo == "R" or tipo == "I" or tipo == "C"):
	if (tipo == "R"):
		if (faixa <= 500):
			preco = faixa * 0.44
			print("Valor total: R$", round(preco, 2))
		else:
			preco = faixa * 0.65
			print("Valor total: R$", round(preco, 2))
	elif (tipo == "I"):
		if (faixa <= 5000):
			preco = faixa * 0.55
			print("Valor total: R$", round(preco, 2))
		else:
			preco = faixa * 0.60
			print("Valor total: R$", round(preco, 2))
	elif (tipo == "C"):
		if (faixa <= 1000):
			preco = faixa * 0.55
			print("Valor total: R$", round(preco, 2))
		else:
			preco = faixa * 0.60
			print("Valor total: R$", round(preco, 2))
else:
	print("Dados invalidos")

-- EXECUTION TIME:
0.149662
-- ERROR:
Traceback (most recent call last):
  File "/home/codebench/codes/1671/1101/main.py", line 2, in <module>
    faixa = float(input())
ValueError: could not convert string to float: 'I'

*-*-*-*-*-*-*-*-*-*-*-*-*-*-*-*-*-*-*-*-*-*-*-*
== SUBMITION (2019-04-29 12:58:51) 
-- CODE:
tipo = input("Tipo de instalacao (R, I ou C): ").upper()
faixa = float(input("Faixa de consumo: "))

print("Entradas: ", faixa, "kWh e tipo", tipo)
if (faixa > 0 and tipo == "R" or tipo == "I" or tipo == "C"):
	if (tipo == "R"):
		if (faixa <= 500):
			preco = faixa * 0.44
			print("Valor total: R$", round(preco, 2))
		else:
			preco = faixa * 0.65
			print("Valor total: R$", round(preco, 2))
	elif (tipo == "I"):
		if (faixa <= 5000):
			preco = faixa * 0.55
			print("Valor total: R$", round(preco, 2))
		else:
			preco = faixa * 0.60
			print("Valor total: R$", round(preco, 2))
	elif (tipo == "C"):
		if (faixa <= 1000):
			preco = faixa * 0.55
			print("Valor total: R$", round(preco, 2))
		else:
			preco = faixa * 0.60
			print("Valor total: R$", round(preco, 2))
else:
	print("Dados invalidos")

-- EXECUTION TIME:
0.199887
-- ERROR:
Traceback (most recent call last):
  File "/home/codebench/codes/1671/1101/main.py", line 2, in <module>
    faixa = float(input())
ValueError: could not convert string to float: 'I'

*-*-*-*-*-*-*-*-*-*-*-*-*-*-*-*-*-*-*-*-*-*-*-*
== SUBMITION (2019-04-29 12:58:51) 
-- CODE:
tipo = input("Tipo de instalacao (R, I ou C): ").upper()
faixa = float(input("Faixa de consumo: "))

print("Entradas: ", faixa, "kWh e tipo", tipo)
if (faixa > 0 and tipo == "R" or tipo == "I" or tipo == "C"):
	if (tipo == "R"):
		if (faixa <= 500):
			preco = faixa * 0.44
			print("Valor total: R$", round(preco, 2))
		else:
			preco = faixa * 0.65
			print("Valor total: R$", round(preco, 2))
	elif (tipo == "I"):
		if (faixa <= 5000):
			preco = faixa * 0.55
			print("Valor total: R$", round(preco, 2))
		else:
			preco = faixa * 0.60
			print("Valor total: R$", round(preco, 2))
	elif (tipo == "C"):
		if (faixa <= 1000):
			preco = faixa * 0.55
			print("Valor total: R$", round(preco, 2))
		else:
			preco = faixa * 0.60
			print("Valor total: R$", round(preco, 2))
else:
	print("Dados invalidos")

-- EXECUTION TIME:
0.19096
-- ERROR:
Traceback (most recent call last):
  File "/home/codebench/codes/1671/1101/main.py", line 2, in <module>
    faixa = float(input())
ValueError: could not convert string to float: 'I'

*-*-*-*-*-*-*-*-*-*-*-*-*-*-*-*-*-*-*-*-*-*-*-*
== SUBMITION (2019-04-29 12:58:51) 
-- CODE:
tipo = input("Tipo de instalacao (R, I ou C): ").upper()
faixa = float(input("Faixa de consumo: "))

print("Entradas: ", faixa, "kWh e tipo", tipo)
if (faixa > 0 and tipo == "R" or tipo == "I" or tipo == "C"):
	if (tipo == "R"):
		if (faixa <= 500):
			preco = faixa * 0.44
			print("Valor total: R$", round(preco, 2))
		else:
			preco = faixa * 0.65
			print("Valor total: R$", round(preco, 2))
	elif (tipo == "I"):
		if (faixa <= 5000):
			preco = faixa * 0.55
			print("Valor total: R$", round(preco, 2))
		else:
			preco = faixa * 0.60
			print("Valor total: R$", round(preco, 2))
	elif (tipo == "C"):
		if (faixa <= 1000):
			preco = faixa * 0.55
			print("Valor total: R$", round(preco, 2))
		else:
			preco = faixa * 0.60
			print("Valor total: R$", round(preco, 2))
else:
	print("Dados invalidos")

-- EXECUTION TIME:
0.24684
-- ERROR:
sh: 1: cannot open /home/codebench/codes/1671/1101/cbtemp.txt: No such file

*-*-*-*-*-*-*-*-*-*-*-*-*-*-*-*-*-*-*-*-*-*-*-*
== SUBMITION (2019-04-29 12:58:51) 
-- CODE:
tipo = input("Tipo de instalacao (R, I ou C): ").upper()
faixa = float(input("Faixa de consumo: "))

print("Entradas: ", faixa, "kWh e tipo", tipo)
if (faixa > 0 and tipo == "R" or tipo == "I" or tipo == "C"):
	if (tipo == "R"):
		if (faixa <= 500):
			preco = faixa * 0.44
			print("Valor total: R$", round(preco, 2))
		else:
			preco = faixa * 0.65
			print("Valor total: R$", round(preco, 2))
	elif (tipo == "I"):
		if (faixa <= 5000):
			preco = faixa * 0.55
			print("Valor total: R$", round(preco, 2))
		else:
			preco = faixa * 0.60
			print("Valor total: R$", round(preco, 2))
	elif (tipo == "C"):
		if (faixa <= 1000):
			preco = faixa * 0.55
			print("Valor total: R$", round(preco, 2))
		else:
			preco = faixa * 0.60
			print("Valor total: R$", round(preco, 2))
else:
	print("Dados invalidos")

-- EXECUTION TIME:
0.224731
-- ERROR:
Traceback (most recent call last):
  File "/home/codebench/codes/1671/1101/main.py", line 2, in <module>
    faixa = float(input())
ValueError: could not convert string to float: 'R'

*-*-*-*-*-*-*-*-*-*-*-*-*-*-*-*-*-*-*-*-*-*-*-*
== TEST (2019-04-29 12:58:51) 
-- CODE:
tipo = input("Tipo de instalacao (R, I ou C): ").upper()
faixa = float(input("Faixa de consumo: "))

print("Entradas: ", faixa, "kWh e tipo", tipo)
if (faixa > 0 and tipo == "R" or tipo == "I" or tipo == "C"):
	if (tipo == "R"):
		if (faixa <= 500):
			preco = faixa * 0.44
			print("Valor total: R$", round(preco, 2))
		else:
			preco = faixa * 0.65
			print("Valor total: R$", round(preco, 2))
	elif (tipo == "I"):
		if (faixa <= 5000):
			preco = faixa * 0.55
			print("Valor total: R$", round(preco, 2))
		else:
			preco = faixa * 0.60
			print("Valor total: R$", round(preco, 2))
	elif (tipo == "C"):
		if (faixa <= 1000):
			preco = faixa * 0.55
			print("Valor total: R$", round(preco, 2))
		else:
			preco = faixa * 0.60
			print("Valor total: R$", round(preco, 2))
else:
	print("Dados invalidos")

-- ERROR:
Traceback (most recent call last):
  File "XXXX", line 2, in <module>
    faixa = float(input())
ValueError: could not convert string to float: 'I'
*-*-*-*-*-*-*-*-*-*-*-*-*-*-*-*-*-*-*-*-*-*-*-*
== SUBMITION (2019-04-29 13:01:10) 
-- CODE:
tipo = input("Tipo de instalacao (R, I ou C): ").upper()
faixa = float(input("Faixa de consumo: "))

print("Entradas: ", faixa, "kWh e tipo", tipo)
if (faixa > 0 and tipo == "R" or tipo == "I" or tipo == "C"):
	if (tipo == "R"):
		if (faixa <= 500):
			preco = faixa * 0.44
			print("Valor total: R$", round(preco, 2))
		else:
			preco = faixa * 0.65
			print("Valor total: R$", round(preco, 2))
	elif (tipo == "C"):
		if (faixa <= 1000):
			preco = faixa * 0.55
			print("Valor total: R$", round(preco, 2))
		else:
			preco = faixa * 0.60
			print("Valor total: R$", round(preco, 2))
	elif (tipo == "I"):
		if (faixa <= 5000):
			preco = faixa * 0.55
			print("Valor total: R$", round(preco, 2))
		else:
			preco = faixa * 0.60
			print("Valor total: R$", round(preco, 2))
else:
	print("Dados invalidos")

-- EXECUTION TIME:
0.208148
-- ERROR:
Traceback (most recent call last):
  File "/home/codebench/codes/1671/1101/main.py", line 2, in <module>
    faixa = float(input())
ValueError: could not convert string to float: 'I'

*-*-*-*-*-*-*-*-*-*-*-*-*-*-*-*-*-*-*-*-*-*-*-*
== SUBMITION (2019-04-29 13:01:11) 
-- CODE:
tipo = input("Tipo de instalacao (R, I ou C): ").upper()
faixa = float(input("Faixa de consumo: "))

print("Entradas: ", faixa, "kWh e tipo", tipo)
if (faixa > 0 and tipo == "R" or tipo == "I" or tipo == "C"):
	if (tipo == "R"):
		if (faixa <= 500):
			preco = faixa * 0.44
			print("Valor total: R$", round(preco, 2))
		else:
			preco = faixa * 0.65
			print("Valor total: R$", round(preco, 2))
	elif (tipo == "C"):
		if (faixa <= 1000):
			preco = faixa * 0.55
			print("Valor total: R$", round(preco, 2))
		else:
			preco = faixa * 0.60
			print("Valor total: R$", round(preco, 2))
	elif (tipo == "I"):
		if (faixa <= 5000):
			preco = faixa * 0.55
			print("Valor total: R$", round(preco, 2))
		else:
			preco = faixa * 0.60
			print("Valor total: R$", round(preco, 2))
else:
	print("Dados invalidos")

-- EXECUTION TIME:
0.135494
-- ERROR:
Traceback (most recent call last):
  File "/home/codebench/codes/1671/1101/main.py", line 2, in <module>
    faixa = float(input())
ValueError: could not convert string to float: 'I'

*-*-*-*-*-*-*-*-*-*-*-*-*-*-*-*-*-*-*-*-*-*-*-*
