2019-4-9 13:23:28.181#viewportChange#0
2019-4-9 13:45:18.861#mousedown#{"isTrusted":true}
2019-4-9 13:45:18.874#focus#
2019-4-9 13:45:57.593#change#{"from":{"line":0,"ch":0,"sticky":"after","xRel":100.5999755859375},"to":{"line":0,"ch":0,"sticky":"after","xRel":100.5999755859375},"text":["t"],"removed":[""],"origin":"+input"}
2019-4-9 13:45:57.944#change#{"from":{"line":0,"ch":1,"sticky":null},"to":{"line":0,"ch":1,"sticky":null},"text":["m"],"removed":[""],"origin":"+input"}
2019-4-9 13:45:58.130#change#{"from":{"line":0,"ch":2,"sticky":null},"to":{"line":0,"ch":2,"sticky":null},"text":["e"],"removed":[""],"origin":"+input"}
2019-4-9 13:45:59.255#change#{"from":{"line":0,"ch":2,"sticky":"after"},"to":{"line":0,"ch":3,"sticky":null},"text":[""],"removed":["e"],"origin":"+delete"}
2019-4-9 13:45:59.255#keyHandled#"Backspace"
2019-4-9 13:45:59.438#change#{"from":{"line":0,"ch":1,"sticky":"after"},"to":{"line":0,"ch":2,"sticky":null},"text":[""],"removed":["m"],"origin":"+delete"}
2019-4-9 13:45:59.438#keyHandled#"Backspace"
2019-4-9 13:45:59.675#change#{"from":{"line":0,"ch":1,"sticky":null},"to":{"line":0,"ch":1,"sticky":null},"text":["e"],"removed":[""],"origin":"+input"}
2019-4-9 13:46:00.188#change#{"from":{"line":0,"ch":2,"sticky":null},"to":{"line":0,"ch":2,"sticky":null},"text":["m"],"removed":[""],"origin":"+input"}
2019-4-9 13:46:00.379#change#{"from":{"line":0,"ch":3,"sticky":null},"to":{"line":0,"ch":3,"sticky":null},"text":["p"],"removed":[""],"origin":"+input"}
2019-4-9 13:46:11.302#change#{"from":{"line":0,"ch":1,"sticky":null},"to":{"line":0,"ch":1,"sticky":null},"text":["s"],"removed":[""],"origin":"+input"}
2019-4-9 13:46:11.608#change#{"from":{"line":0,"ch":2,"sticky":null},"to":{"line":0,"ch":2,"sticky":null},"text":["c"],"removed":[""],"origin":"+input"}
2019-4-9 13:46:11.755#change#{"from":{"line":0,"ch":3,"sticky":null},"to":{"line":0,"ch":3,"sticky":null},"text":["a"],"removed":[""],"origin":"+input"}
2019-4-9 13:46:13.293#change#{"from":{"line":0,"ch":4,"sticky":null},"to":{"line":0,"ch":4,"sticky":null},"text":["l"],"removed":[""],"origin":"+input"}
2019-4-9 13:46:13.420#change#{"from":{"line":0,"ch":5,"sticky":null},"to":{"line":0,"ch":5,"sticky":null},"text":["a"],"removed":[""],"origin":"+input"}
2019-4-9 13:46:13.434#change#{"from":{"line":0,"ch":6,"sticky":null},"to":{"line":0,"ch":6,"sticky":null},"text":["l"],"removed":[""],"origin":"+input"}
2019-4-9 13:46:14.311#change#{"from":{"line":0,"ch":6,"sticky":"after"},"to":{"line":0,"ch":7,"sticky":null},"text":[""],"removed":["l"],"origin":"+delete"}
2019-4-9 13:46:14.311#keyHandled#"Backspace"
2019-4-9 13:46:15.136#change#{"from":{"line":0,"ch":6,"sticky":null},"to":{"line":0,"ch":6,"sticky":null},"text":[" "],"removed":[""],"origin":"+input"}
2019-4-9 13:46:15.313#change#{"from":{"line":0,"ch":7,"sticky":null},"to":{"line":0,"ch":7,"sticky":null},"text":["="],"removed":[""],"origin":"+input"}
2019-4-9 13:46:15.492#change#{"from":{"line":0,"ch":8,"sticky":null},"to":{"line":0,"ch":8,"sticky":null},"text":[" "],"removed":[""],"origin":"+input"}
2019-4-9 13:46:16.652#change#{"from":{"line":0,"ch":9,"sticky":null},"to":{"line":0,"ch":9,"sticky":null},"text":["i"],"removed":[""],"origin":"+input"}
2019-4-9 13:46:16.892#change#{"from":{"line":0,"ch":10,"sticky":null},"to":{"line":0,"ch":10,"sticky":null},"text":["n"],"removed":[""],"origin":"+input"}
2019-4-9 13:46:17.475#change#{"from":{"line":0,"ch":11,"sticky":null},"to":{"line":0,"ch":11,"sticky":null},"text":["t"],"removed":[""],"origin":"+input"}
2019-4-9 13:46:18.552#change#{"from":{"line":0,"ch":11,"sticky":"after"},"to":{"line":0,"ch":12,"sticky":null},"text":[""],"removed":["t"],"origin":"+delete"}
2019-4-9 13:46:18.552#keyHandled#"Backspace"
2019-4-9 13:46:18.985#change#{"from":{"line":0,"ch":11,"sticky":null},"to":{"line":0,"ch":11,"sticky":null},"text":["p"],"removed":[""],"origin":"+input"}
2019-4-9 13:46:19.152#change#{"from":{"line":0,"ch":12,"sticky":null},"to":{"line":0,"ch":12,"sticky":null},"text":["u"],"removed":[""],"origin":"+input"}
2019-4-9 13:46:19.422#change#{"from":{"line":0,"ch":13,"sticky":null},"to":{"line":0,"ch":13,"sticky":null},"text":["y"],"removed":[""],"origin":"+input"}
2019-4-9 13:46:19.677#change#{"from":{"line":0,"ch":14,"sticky":null},"to":{"line":0,"ch":14,"sticky":null},"text":["t"],"removed":[""],"origin":"+input"}
2019-4-9 13:46:20.586#change#{"from":{"line":0,"ch":14,"sticky":"after"},"to":{"line":0,"ch":15,"sticky":null},"text":[""],"removed":["t"],"origin":"+delete"}
2019-4-9 13:46:20.586#keyHandled#"Backspace"
2019-4-9 13:46:20.733#change#{"from":{"line":0,"ch":13,"sticky":"after"},"to":{"line":0,"ch":14,"sticky":null},"text":[""],"removed":["y"],"origin":"+delete"}
2019-4-9 13:46:20.733#keyHandled#"Backspace"
2019-4-9 13:46:20.852#change#{"from":{"line":0,"ch":13,"sticky":null},"to":{"line":0,"ch":13,"sticky":null},"text":["r"],"removed":[""],"origin":"+input"}
2019-4-9 13:46:21.557#change#{"from":{"line":0,"ch":13,"sticky":"after"},"to":{"line":0,"ch":14,"sticky":null},"text":[""],"removed":["r"],"origin":"+delete"}
2019-4-9 13:46:21.557#keyHandled#"Backspace"
2019-4-9 13:46:21.640#change#{"from":{"line":0,"ch":13,"sticky":null},"to":{"line":0,"ch":13,"sticky":null},"text":["t"],"removed":[""],"origin":"+input"}
2019-4-9 13:46:22.758#change#{"from":{"line":0,"ch":14,"sticky":null},"to":{"line":0,"ch":14,"sticky":null},"text":["()"],"removed":[""],"origin":"+input"}
2019-4-9 13:46:22.758#keyHandled#"'('"
2019-4-9 13:46:24.904#change#{"from":{"line":0,"ch":15,"sticky":"after"},"to":{"line":0,"ch":15,"sticky":"after"},"text":["\"\""],"removed":[""],"origin":"+input"}
2019-4-9 13:46:24.904#keyHandled#"'\"'"
2019-4-9 13:46:25.995#change#{"from":{"line":0,"ch":16,"sticky":"after"},"to":{"line":0,"ch":16,"sticky":"after"},"text":["D"],"removed":[""],"origin":"+input"}
2019-4-9 13:46:26.963#change#{"from":{"line":0,"ch":17,"sticky":null},"to":{"line":0,"ch":17,"sticky":null},"text":["i"],"removed":[""],"origin":"+input"}
2019-4-9 13:46:27.106#change#{"from":{"line":0,"ch":18,"sticky":null},"to":{"line":0,"ch":18,"sticky":null},"text":["g"],"removed":[""],"origin":"+input"}
2019-4-9 13:46:27.200#change#{"from":{"line":0,"ch":19,"sticky":null},"to":{"line":0,"ch":19,"sticky":null},"text":["i"],"removed":[""],"origin":"+input"}
2019-4-9 13:46:27.479#change#{"from":{"line":0,"ch":20,"sticky":null},"to":{"line":0,"ch":20,"sticky":null},"text":["t"],"removed":[""],"origin":"+input"}
2019-4-9 13:46:27.589#change#{"from":{"line":0,"ch":21,"sticky":null},"to":{"line":0,"ch":21,"sticky":null},"text":["e"],"removed":[""],"origin":"+input"}
2019-4-9 13:46:27.778#change#{"from":{"line":0,"ch":22,"sticky":null},"to":{"line":0,"ch":22,"sticky":null},"text":[" "],"removed":[""],"origin":"+input"}
2019-4-9 13:46:27.988#change#{"from":{"line":0,"ch":23,"sticky":null},"to":{"line":0,"ch":23,"sticky":null},"text":["a"],"removed":[""],"origin":"+input"}
2019-4-9 13:46:28.103#change#{"from":{"line":0,"ch":24,"sticky":null},"to":{"line":0,"ch":24,"sticky":null},"text":["q"],"removed":[""],"origin":"+input"}
2019-4-9 13:46:28.195#change#{"from":{"line":0,"ch":25,"sticky":null},"to":{"line":0,"ch":25,"sticky":null},"text":["u"],"removed":[""],"origin":"+input"}
2019-4-9 13:46:28.410#change#{"from":{"line":0,"ch":26,"sticky":null},"to":{"line":0,"ch":26,"sticky":null},"text":["i"],"removed":[""],"origin":"+input"}
2019-4-9 13:46:28.909#change#{"from":{"line":0,"ch":27,"sticky":null},"to":{"line":0,"ch":27,"sticky":null},"text":[" "],"removed":[""],"origin":"+input"}
2019-4-9 13:46:29.047#change#{"from":{"line":0,"ch":28,"sticky":null},"to":{"line":0,"ch":28,"sticky":null},"text":["a"],"removed":[""],"origin":"+input"}
2019-4-9 13:46:29.141#change#{"from":{"line":0,"ch":29,"sticky":null},"to":{"line":0,"ch":29,"sticky":null},"text":[" "],"removed":[""],"origin":"+input"}
2019-4-9 13:46:32.507#change#{"from":{"line":0,"ch":30,"sticky":null},"to":{"line":0,"ch":30,"sticky":null},"text":["e"],"removed":[""],"origin":"+input"}
2019-4-9 13:46:32.706#change#{"from":{"line":0,"ch":31,"sticky":null},"to":{"line":0,"ch":31,"sticky":null},"text":["s"],"removed":[""],"origin":"+input"}
2019-4-9 13:46:33.025#change#{"from":{"line":0,"ch":32,"sticky":null},"to":{"line":0,"ch":32,"sticky":null},"text":["c"],"removed":[""],"origin":"+input"}
2019-4-9 13:46:33.141#change#{"from":{"line":0,"ch":33,"sticky":null},"to":{"line":0,"ch":33,"sticky":null},"text":["a"],"removed":[""],"origin":"+input"}
2019-4-9 13:46:33.485#change#{"from":{"line":0,"ch":34,"sticky":null},"to":{"line":0,"ch":34,"sticky":null},"text":["l"],"removed":[""],"origin":"+input"}
2019-4-9 13:46:33.608#change#{"from":{"line":0,"ch":35,"sticky":null},"to":{"line":0,"ch":35,"sticky":null},"text":["a"],"removed":[""],"origin":"+input"}
2019-4-9 13:46:34.200#change#{"from":{"line":0,"ch":36,"sticky":null},"to":{"line":0,"ch":36,"sticky":null},"text":[" "],"removed":[""],"origin":"+input"}
2019-4-9 13:46:34.284#change#{"from":{"line":0,"ch":37,"sticky":null},"to":{"line":0,"ch":37,"sticky":null},"text":["d"],"removed":[""],"origin":"+input"}
2019-4-9 13:46:34.393#change#{"from":{"line":0,"ch":38,"sticky":null},"to":{"line":0,"ch":38,"sticky":null},"text":["e"],"removed":[""],"origin":"+input"}
2019-4-9 13:46:36.105#change#{"from":{"line":0,"ch":38,"sticky":"after"},"to":{"line":0,"ch":39,"sticky":null},"text":[""],"removed":["e"],"origin":"+delete"}
2019-4-9 13:46:36.105#keyHandled#"Backspace"
2019-4-9 13:46:36.239#change#{"from":{"line":0,"ch":37,"sticky":"after"},"to":{"line":0,"ch":38,"sticky":null},"text":[""],"removed":["d"],"origin":"+delete"}
2019-4-9 13:46:36.239#keyHandled#"Backspace"
2019-4-9 13:46:36.425#change#{"from":{"line":0,"ch":37,"sticky":null},"to":{"line":0,"ch":37,"sticky":null},"text":["d"],"removed":[""],"origin":"+input"}
2019-4-9 13:46:36.758#change#{"from":{"line":0,"ch":38,"sticky":null},"to":{"line":0,"ch":38,"sticky":null},"text":["a"],"removed":[""],"origin":"+input"}
2019-4-9 13:46:36.873#change#{"from":{"line":0,"ch":39,"sticky":null},"to":{"line":0,"ch":39,"sticky":null},"text":[" "],"removed":[""],"origin":"+input"}
2019-4-9 13:46:37.670#change#{"from":{"line":0,"ch":40,"sticky":null},"to":{"line":0,"ch":40,"sticky":null},"text":["t"],"removed":[""],"origin":"+input"}
2019-4-9 13:46:37.793#change#{"from":{"line":0,"ch":41,"sticky":null},"to":{"line":0,"ch":41,"sticky":null},"text":["e"],"removed":[""],"origin":"+input"}
2019-4-9 13:46:38.164#change#{"from":{"line":0,"ch":42,"sticky":null},"to":{"line":0,"ch":42,"sticky":null},"text":["m"],"removed":[""],"origin":"+input"}
2019-4-9 13:46:38.775#change#{"from":{"line":0,"ch":43,"sticky":null},"to":{"line":0,"ch":43,"sticky":null},"text":["p"],"removed":[""],"origin":"+input"}
2019-4-9 13:46:38.907#change#{"from":{"line":0,"ch":44,"sticky":null},"to":{"line":0,"ch":44,"sticky":null},"text":["e"],"removed":[""],"origin":"+input"}
2019-4-9 13:46:39.160#change#{"from":{"line":0,"ch":45,"sticky":null},"to":{"line":0,"ch":45,"sticky":null},"text":["r"],"removed":[""],"origin":"+input"}
2019-4-9 13:46:39.278#change#{"from":{"line":0,"ch":46,"sticky":null},"to":{"line":0,"ch":46,"sticky":null},"text":["a"],"removed":[""],"origin":"+input"}
2019-4-9 13:46:39.508#change#{"from":{"line":0,"ch":47,"sticky":null},"to":{"line":0,"ch":47,"sticky":null},"text":["t"],"removed":[""],"origin":"+input"}
2019-4-9 13:46:40.058#change#{"from":{"line":0,"ch":48,"sticky":null},"to":{"line":0,"ch":48,"sticky":null},"text":["u"],"removed":[""],"origin":"+input"}
2019-4-9 13:46:40.178#change#{"from":{"line":0,"ch":49,"sticky":null},"to":{"line":0,"ch":49,"sticky":null},"text":["r"],"removed":[""],"origin":"+input"}
2019-4-9 13:46:40.409#change#{"from":{"line":0,"ch":50,"sticky":null},"to":{"line":0,"ch":50,"sticky":null},"text":["a"],"removed":[""],"origin":"+input"}
2019-4-9 13:46:41.734#change#{"from":{"line":0,"ch":51,"sticky":null},"to":{"line":0,"ch":51,"sticky":null},"text":[":"],"removed":[""],"origin":"+input"}
2019-4-9 13:46:41.980#change#{"from":{"line":0,"ch":52,"sticky":null},"to":{"line":0,"ch":52,"sticky":null},"text":[" "],"removed":[""],"origin":"+input"}
2019-4-9 13:46:44.595#mousedown#{"isTrusted":true}
2019-4-9 13:46:46.334#change#{"from":{"line":0,"ch":55,"sticky":"before","xRel":21.3499755859375},"to":{"line":0,"ch":55,"sticky":"before","xRel":21.3499755859375},"text":["",""],"removed":[""],"origin":"+input"}
2019-4-9 13:46:46.334#keyHandled#"Enter"
2019-4-9 13:46:46.350#viewportChange#0
2019-4-9 13:46:47.084#change#{"from":{"line":1,"ch":0,"sticky":null},"to":{"line":1,"ch":0,"sticky":null},"text":["",""],"removed":[""],"origin":"+input"}
2019-4-9 13:46:47.084#keyHandled#"Enter"
2019-4-9 13:46:47.099#viewportChange#0
2019-4-9 13:46:50.505#change#{"from":{"line":2,"ch":0,"sticky":null},"to":{"line":2,"ch":0,"sticky":null},"text":["t"],"removed":[""],"origin":"+input"}
2019-4-9 13:46:51.023#change#{"from":{"line":2,"ch":1,"sticky":null},"to":{"line":2,"ch":1,"sticky":null},"text":["e"],"removed":[""],"origin":"+input"}
2019-4-9 13:46:51.145#change#{"from":{"line":2,"ch":2,"sticky":null},"to":{"line":2,"ch":2,"sticky":null},"text":["m"],"removed":[""],"origin":"+input"}
2019-4-9 13:46:51.478#change#{"from":{"line":2,"ch":3,"sticky":null},"to":{"line":2,"ch":3,"sticky":null},"text":["p"],"removed":[""],"origin":"+input"}
2019-4-9 13:46:53.281#change#{"from":{"line":2,"ch":4,"sticky":null},"to":{"line":2,"ch":4,"sticky":null},"text":[" "],"removed":[""],"origin":"+input"}
2019-4-9 13:46:54.720#change#{"from":{"line":2,"ch":5,"sticky":null},"to":{"line":2,"ch":5,"sticky":null},"text":["="],"removed":[""],"origin":"+input"}
2019-4-9 13:46:57.307#mousedown#{"isTrusted":true}
2019-4-9 13:46:58.148#change#{"from":{"line":0,"ch":5,"sticky":"after"},"to":{"line":0,"ch":6,"sticky":"after","xRel":4.0999755859375},"text":[""],"removed":["a"],"origin":"+delete"}
2019-4-9 13:46:58.148#keyHandled#"Backspace"
2019-4-9 13:46:58.416#change#{"from":{"line":0,"ch":4,"sticky":"after"},"to":{"line":0,"ch":5,"sticky":null},"text":[""],"removed":["l"],"origin":"+delete"}
2019-4-9 13:46:58.417#keyHandled#"Backspace"
2019-4-9 13:46:58.684#change#{"from":{"line":0,"ch":3,"sticky":"after"},"to":{"line":0,"ch":4,"sticky":null},"text":[""],"removed":["a"],"origin":"+delete"}
2019-4-9 13:46:58.684#keyHandled#"Backspace"
2019-4-9 13:47:01.083#mousedown#{"isTrusted":true}
2019-4-9 13:47:02.162#change#{"from":{"line":2,"ch":6,"sticky":"before","xRel":9.0999755859375},"to":{"line":2,"ch":6,"sticky":"before","xRel":9.0999755859375},"text":[" "],"removed":[""],"origin":"+input"}
2019-4-9 13:47:02.879#change#{"from":{"line":2,"ch":7,"sticky":null},"to":{"line":2,"ch":7,"sticky":null},"text":["i"],"removed":[""],"origin":"+input"}
2019-4-9 13:47:03.122#change#{"from":{"line":2,"ch":8,"sticky":null},"to":{"line":2,"ch":8,"sticky":null},"text":["n"],"removed":[""],"origin":"+input"}
2019-4-9 13:47:03.330#change#{"from":{"line":2,"ch":9,"sticky":null},"to":{"line":2,"ch":9,"sticky":null},"text":["t"],"removed":[""],"origin":"+input"}
2019-4-9 13:47:06.406#change#{"from":{"line":2,"ch":9,"sticky":"after"},"to":{"line":2,"ch":10,"sticky":null},"text":[""],"removed":["t"],"origin":"+delete"}
2019-4-9 13:47:06.406#keyHandled#"Backspace"
2019-4-9 13:47:06.618#change#{"from":{"line":2,"ch":8,"sticky":"after"},"to":{"line":2,"ch":9,"sticky":null},"text":[""],"removed":["n"],"origin":"+delete"}
2019-4-9 13:47:06.618#keyHandled#"Backspace"
2019-4-9 13:47:06.855#change#{"from":{"line":2,"ch":7,"sticky":"after"},"to":{"line":2,"ch":8,"sticky":null},"text":[""],"removed":["i"],"origin":"+delete"}
2019-4-9 13:47:06.855#keyHandled#"Backspace"
2019-4-9 13:47:07.502#change#{"from":{"line":2,"ch":7,"sticky":null},"to":{"line":2,"ch":7,"sticky":null},"text":["f"],"removed":[""],"origin":"+input"}
2019-4-9 13:47:07.662#change#{"from":{"line":2,"ch":8,"sticky":null},"to":{"line":2,"ch":8,"sticky":null},"text":["l"],"removed":[""],"origin":"+input"}
2019-4-9 13:47:07.827#change#{"from":{"line":2,"ch":9,"sticky":null},"to":{"line":2,"ch":9,"sticky":null},"text":["o"],"removed":[""],"origin":"+input"}
2019-4-9 13:47:08.217#change#{"from":{"line":2,"ch":10,"sticky":null},"to":{"line":2,"ch":10,"sticky":null},"text":["a"],"removed":[""],"origin":"+input"}
2019-4-9 13:47:08.373#change#{"from":{"line":2,"ch":11,"sticky":null},"to":{"line":2,"ch":11,"sticky":null},"text":["t"],"removed":[""],"origin":"+input"}
2019-4-9 13:47:10.272#change#{"from":{"line":2,"ch":12,"sticky":null},"to":{"line":2,"ch":12,"sticky":null},"text":["()"],"removed":[""],"origin":"+input"}
2019-4-9 13:47:10.272#keyHandled#"'('"
2019-4-9 13:47:19.071#change#{"from":{"line":2,"ch":13,"sticky":"after"},"to":{"line":2,"ch":13,"sticky":"after"},"text":["\"\""],"removed":[""],"origin":"+input"}
2019-4-9 13:47:19.071#keyHandled#"'\"'"
2019-4-9 13:47:20.458#change#{"from":{"line":2,"ch":14,"sticky":"after"},"to":{"line":2,"ch":14,"sticky":"after"},"text":["D"],"removed":[""],"origin":"+input"}
2019-4-9 13:47:21.685#change#{"from":{"line":2,"ch":15,"sticky":null},"to":{"line":2,"ch":15,"sticky":null},"text":["i"],"removed":[""],"origin":"+input"}
2019-4-9 13:47:21.817#change#{"from":{"line":2,"ch":16,"sticky":null},"to":{"line":2,"ch":16,"sticky":null},"text":["g"],"removed":[""],"origin":"+input"}
2019-4-9 13:47:21.903#change#{"from":{"line":2,"ch":17,"sticky":null},"to":{"line":2,"ch":17,"sticky":null},"text":["i"],"removed":[""],"origin":"+input"}
2019-4-9 13:47:22.206#change#{"from":{"line":2,"ch":18,"sticky":null},"to":{"line":2,"ch":18,"sticky":null},"text":["t"],"removed":[""],"origin":"+input"}
2019-4-9 13:47:22.304#change#{"from":{"line":2,"ch":19,"sticky":null},"to":{"line":2,"ch":19,"sticky":null},"text":["e"],"removed":[""],"origin":"+input"}
2019-4-9 13:47:22.617#change#{"from":{"line":2,"ch":20,"sticky":null},"to":{"line":2,"ch":20,"sticky":null},"text":[" "],"removed":[""],"origin":"+input"}
2019-4-9 13:47:22.816#change#{"from":{"line":2,"ch":21,"sticky":null},"to":{"line":2,"ch":21,"sticky":null},"text":["a"],"removed":[""],"origin":"+input"}
2019-4-9 13:47:22.923#change#{"from":{"line":2,"ch":22,"sticky":null},"to":{"line":2,"ch":22,"sticky":null},"text":["q"],"removed":[""],"origin":"+input"}
2019-4-9 13:47:23.005#change#{"from":{"line":2,"ch":23,"sticky":null},"to":{"line":2,"ch":23,"sticky":null},"text":["u"],"removed":[""],"origin":"+input"}
2019-4-9 13:47:23.207#change#{"from":{"line":2,"ch":24,"sticky":null},"to":{"line":2,"ch":24,"sticky":null},"text":["i"],"removed":[""],"origin":"+input"}
2019-4-9 13:47:24.077#change#{"from":{"line":2,"ch":25,"sticky":null},"to":{"line":2,"ch":25,"sticky":null},"text":[" "],"removed":[""],"origin":"+input"}
2019-4-9 13:47:24.184#change#{"from":{"line":2,"ch":26,"sticky":null},"to":{"line":2,"ch":26,"sticky":null},"text":["a"],"removed":[""],"origin":"+input"}
2019-4-9 13:47:24.317#change#{"from":{"line":2,"ch":27,"sticky":null},"to":{"line":2,"ch":27,"sticky":null},"text":[" "],"removed":[""],"origin":"+input"}
2019-4-9 13:47:26.170#change#{"from":{"line":2,"ch":28,"sticky":null},"to":{"line":2,"ch":28,"sticky":null},"text":["t"],"removed":[""],"origin":"+input"}
2019-4-9 13:47:26.849#change#{"from":{"line":2,"ch":29,"sticky":null},"to":{"line":2,"ch":29,"sticky":null},"text":["e"],"removed":[""],"origin":"+input"}
2019-4-9 13:47:26.963#change#{"from":{"line":2,"ch":30,"sticky":null},"to":{"line":2,"ch":30,"sticky":null},"text":["m"],"removed":[""],"origin":"+input"}
2019-4-9 13:47:27.146#change#{"from":{"line":2,"ch":31,"sticky":null},"to":{"line":2,"ch":31,"sticky":null},"text":["p"],"removed":[""],"origin":"+input"}
2019-4-9 13:47:27.312#change#{"from":{"line":2,"ch":32,"sticky":null},"to":{"line":2,"ch":32,"sticky":null},"text":["e"],"removed":[""],"origin":"+input"}
2019-4-9 13:47:27.579#change#{"from":{"line":2,"ch":33,"sticky":null},"to":{"line":2,"ch":33,"sticky":null},"text":["r"],"removed":[""],"origin":"+input"}
2019-4-9 13:47:27.705#change#{"from":{"line":2,"ch":34,"sticky":null},"to":{"line":2,"ch":34,"sticky":null},"text":["a"],"removed":[""],"origin":"+input"}
2019-4-9 13:47:27.857#change#{"from":{"line":2,"ch":35,"sticky":null},"to":{"line":2,"ch":35,"sticky":null},"text":["t"],"removed":[""],"origin":"+input"}
2019-4-9 13:47:28.334#change#{"from":{"line":2,"ch":36,"sticky":null},"to":{"line":2,"ch":36,"sticky":null},"text":["u"],"removed":[""],"origin":"+input"}
2019-4-9 13:47:28.502#change#{"from":{"line":2,"ch":37,"sticky":null},"to":{"line":2,"ch":37,"sticky":null},"text":["r"],"removed":[""],"origin":"+input"}
2019-4-9 13:47:29.703#change#{"from":{"line":2,"ch":38,"sticky":null},"to":{"line":2,"ch":38,"sticky":null},"text":["a"],"removed":[""],"origin":"+input"}
2019-4-9 13:47:31.652#change#{"from":{"line":2,"ch":39,"sticky":null},"to":{"line":2,"ch":39,"sticky":null},"text":[";"],"removed":[""],"origin":"+input"}
2019-4-9 13:47:32.502#change#{"from":{"line":2,"ch":39,"sticky":"after"},"to":{"line":2,"ch":40,"sticky":null},"text":[""],"removed":[";"],"origin":"+delete"}
2019-4-9 13:47:32.503#keyHandled#"Backspace"
2019-4-9 13:47:32.907#change#{"from":{"line":2,"ch":39,"sticky":null},"to":{"line":2,"ch":39,"sticky":null},"text":[":"],"removed":[""],"origin":"+input"}
2019-4-9 13:47:33.142#change#{"from":{"line":2,"ch":40,"sticky":null},"to":{"line":2,"ch":40,"sticky":null},"text":[" "],"removed":[""],"origin":"+input"}
2019-4-9 13:47:35.163#mousedown#{"isTrusted":true}
2019-4-9 13:47:37.749#change#{"from":{"line":2,"ch":43,"sticky":"before","xRel":69.3499755859375},"to":{"line":2,"ch":43,"sticky":"before","xRel":69.3499755859375},"text":["",""],"removed":[""],"origin":"+input"}
2019-4-9 13:47:37.749#keyHandled#"Enter"
2019-4-9 13:47:37.764#viewportChange#0
2019-4-9 13:47:38.284#change#{"from":{"line":3,"ch":0,"sticky":null},"to":{"line":3,"ch":0,"sticky":null},"text":["",""],"removed":[""],"origin":"+input"}
2019-4-9 13:47:38.284#keyHandled#"Enter"
2019-4-9 13:47:38.299#viewportChange#0
2019-4-9 13:47:50.853#change#{"from":{"line":4,"ch":0,"sticky":null},"to":{"line":4,"ch":0,"sticky":null},"text":["c"],"removed":[""],"origin":"+input"}
2019-4-9 13:47:51.629#change#{"from":{"line":4,"ch":1,"sticky":null},"to":{"line":4,"ch":1,"sticky":null},"text":["o"],"removed":[""],"origin":"+input"}
2019-4-9 13:47:52.026#change#{"from":{"line":4,"ch":2,"sticky":null},"to":{"line":4,"ch":2,"sticky":null},"text":["n"],"removed":[""],"origin":"+input"}
2019-4-9 13:47:52.284#change#{"from":{"line":4,"ch":3,"sticky":null},"to":{"line":4,"ch":3,"sticky":null},"text":["v"],"removed":[""],"origin":"+input"}
2019-4-9 13:47:53.942#change#{"from":{"line":4,"ch":4,"sticky":null},"to":{"line":4,"ch":4,"sticky":null},"text":[" "],"removed":[""],"origin":"+input"}
2019-4-9 13:47:54.114#change#{"from":{"line":4,"ch":5,"sticky":null},"to":{"line":4,"ch":5,"sticky":null},"text":["="],"removed":[""],"origin":"+input"}
2019-4-9 13:47:54.282#change#{"from":{"line":4,"ch":6,"sticky":null},"to":{"line":4,"ch":6,"sticky":null},"text":[" "],"removed":[""],"origin":"+input"}
2019-4-9 13:48:22.251#change#{"from":{"line":4,"ch":7,"sticky":null},"to":{"line":4,"ch":7,"sticky":null},"text":["c"],"removed":[""],"origin":"+input"}
2019-4-9 13:48:38.493#change#{"from":{"line":4,"ch":7,"sticky":"after"},"to":{"line":4,"ch":8,"sticky":null},"text":[""],"removed":["c"],"origin":"+delete"}
2019-4-9 13:48:38.493#keyHandled#"Backspace"
2019-4-9 13:48:39.663#change#{"from":{"line":4,"ch":7,"sticky":null},"to":{"line":4,"ch":7,"sticky":null},"text":["t"],"removed":[""],"origin":"+input"}
2019-4-9 13:48:40.251#change#{"from":{"line":4,"ch":8,"sticky":null},"to":{"line":4,"ch":8,"sticky":null},"text":["e"],"removed":[""],"origin":"+input"}
2019-4-9 13:48:40.383#change#{"from":{"line":4,"ch":9,"sticky":null},"to":{"line":4,"ch":9,"sticky":null},"text":["m"],"removed":[""],"origin":"+input"}
2019-4-9 13:48:40.794#change#{"from":{"line":4,"ch":10,"sticky":null},"to":{"line":4,"ch":10,"sticky":null},"text":["p"],"removed":[""],"origin":"+input"}
2019-4-9 13:48:44.925#change#{"from":{"line":4,"ch":11,"sticky":null},"to":{"line":4,"ch":11,"sticky":null},"text":[" "],"removed":[""],"origin":"+input"}
2019-4-9 13:48:46.507#change#{"from":{"line":4,"ch":12,"sticky":null},"to":{"line":4,"ch":12,"sticky":null},"text":["*"],"removed":[""],"origin":"+input"}
2019-4-9 13:48:46.656#change#{"from":{"line":4,"ch":13,"sticky":null},"to":{"line":4,"ch":13,"sticky":null},"text":[" "],"removed":[""],"origin":"+input"}
2019-4-9 13:48:48.763#change#{"from":{"line":4,"ch":14,"sticky":null},"to":{"line":4,"ch":14,"sticky":null},"text":["9"],"removed":[""],"origin":"+input"}
2019-4-9 13:48:50.314#change#{"from":{"line":4,"ch":15,"sticky":null},"to":{"line":4,"ch":15,"sticky":null},"text":[" "],"removed":[""],"origin":"+input"}
2019-4-9 13:48:51.223#change#{"from":{"line":4,"ch":16,"sticky":null},"to":{"line":4,"ch":16,"sticky":null},"text":["/"],"removed":[""],"origin":"+input"}
2019-4-9 13:48:52.668#change#{"from":{"line":4,"ch":17,"sticky":null},"to":{"line":4,"ch":17,"sticky":null},"text":[" "],"removed":[""],"origin":"+input"}
2019-4-9 13:48:53.475#change#{"from":{"line":4,"ch":18,"sticky":null},"to":{"line":4,"ch":18,"sticky":null},"text":["5"],"removed":[""],"origin":"+input"}
2019-4-9 13:48:55.345#change#{"from":{"line":4,"ch":19,"sticky":null},"to":{"line":4,"ch":19,"sticky":null},"text":[" "],"removed":[""],"origin":"+input"}
2019-4-9 13:48:56.477#change#{"from":{"line":4,"ch":20,"sticky":null},"to":{"line":4,"ch":20,"sticky":null},"text":["+"],"removed":[""],"origin":"+input"}
2019-4-9 13:48:56.641#change#{"from":{"line":4,"ch":21,"sticky":null},"to":{"line":4,"ch":21,"sticky":null},"text":[" "],"removed":[""],"origin":"+input"}
2019-4-9 13:48:59.787#change#{"from":{"line":4,"ch":22,"sticky":null},"to":{"line":4,"ch":22,"sticky":null},"text":["3"],"removed":[""],"origin":"+input"}
2019-4-9 13:49:00.014#change#{"from":{"line":4,"ch":23,"sticky":null},"to":{"line":4,"ch":23,"sticky":null},"text":["2"],"removed":[""],"origin":"+input"}
2019-4-9 13:49:10.401#mousedown#{"isTrusted":true}
2019-4-9 13:49:11.804#change#{"from":{"line":4,"ch":19,"sticky":"before","xRel":-0.6500244140625},"to":{"line":4,"ch":19,"sticky":"before","xRel":-0.6500244140625},"text":[")"],"removed":[""],"origin":"+input"}
2019-4-9 13:49:13.706#mousedown#{"isTrusted":true}
2019-4-9 13:49:14.258#mousedown#{"isTrusted":true}
2019-4-9 13:49:15.289#change#{"from":{"line":4,"ch":7,"sticky":"after","xRel":0.3499755859375},"to":{"line":4,"ch":7,"sticky":"after","xRel":0.3499755859375},"text":["("],"removed":[""],"origin":"+input"}
2019-4-9 13:49:17.090#mousedown#{"isTrusted":true}
2019-4-9 13:49:18.421#change#{"from":{"line":4,"ch":16,"sticky":"after","xRel":0.5999755859375},"to":{"line":4,"ch":16,"sticky":"after","xRel":0.5999755859375},"text":[")"],"removed":[""],"origin":"+input"}
2019-4-9 13:49:20.057#mousedown#{"isTrusted":true}
2019-4-9 13:49:21.035#change#{"from":{"line":4,"ch":8,"sticky":"before","xRel":-3.4000244140625},"to":{"line":4,"ch":8,"sticky":"before","xRel":-3.4000244140625},"text":["("],"removed":[""],"origin":"+input"}
2019-4-9 13:49:23.874#mousedown#{"isTrusted":true}
2019-4-9 13:49:25.384#change#{"from":{"line":4,"ch":28,"sticky":"before","xRel":23.5999755859375},"to":{"line":4,"ch":28,"sticky":"before","xRel":23.5999755859375},"text":["",""],"removed":[""],"origin":"+input"}
2019-4-9 13:49:25.384#keyHandled#"Enter"
2019-4-9 13:49:25.400#viewportChange#0
2019-4-9 13:49:26.169#change#{"from":{"line":5,"ch":0,"sticky":null},"to":{"line":5,"ch":0,"sticky":null},"text":["",""],"removed":[""],"origin":"+input"}
2019-4-9 13:49:26.169#keyHandled#"Enter"
2019-4-9 13:49:26.182#viewportChange#0
2019-4-9 13:50:48.882#blur#
2019-4-9 13:51:58.137#mousedown#{"isTrusted":true}
2019-4-9 13:51:58.158#focus#
2019-4-9 13:52:00.095#change#{"from":{"line":4,"ch":3,"sticky":"after"},"to":{"line":4,"ch":4,"sticky":"after","xRel":2.5999755859375},"text":[""],"removed":["v"],"origin":"+delete"}
2019-4-9 13:52:00.095#keyHandled#"Backspace"
2019-4-9 13:52:00.464#change#{"from":{"line":4,"ch":2,"sticky":"after"},"to":{"line":4,"ch":3,"sticky":null},"text":[""],"removed":["n"],"origin":"+delete"}
2019-4-9 13:52:00.464#keyHandled#"Backspace"
2019-4-9 13:52:00.902#change#{"from":{"line":4,"ch":1,"sticky":"after"},"to":{"line":4,"ch":2,"sticky":null},"text":[""],"removed":["o"],"origin":"+delete"}
2019-4-9 13:52:00.902#keyHandled#"Backspace"
2019-4-9 13:52:01.891#change#{"from":{"line":4,"ch":1,"sticky":null},"to":{"line":4,"ch":1,"sticky":null},"text":["a"],"removed":[""],"origin":"+input"}
2019-4-9 13:52:02.081#change#{"from":{"line":4,"ch":2,"sticky":null},"to":{"line":4,"ch":2,"sticky":null},"text":["l"],"removed":[""],"origin":"+input"}
2019-4-9 13:52:02.481#change#{"from":{"line":4,"ch":3,"sticky":null},"to":{"line":4,"ch":3,"sticky":null},"text":["1"],"removed":[""],"origin":"+input"}
2019-4-9 13:52:12.011#change#{"from":{"line":4,"ch":3,"sticky":"after"},"to":{"line":4,"ch":4,"sticky":null},"text":[""],"removed":["1"],"origin":"+delete"}
2019-4-9 13:52:12.011#keyHandled#"Backspace"
2019-4-9 13:52:12.228#change#{"from":{"line":4,"ch":3,"sticky":null},"to":{"line":4,"ch":3,"sticky":null},"text":["2"],"removed":[""],"origin":"+input"}
2019-4-9 13:52:15.272#mousedown#{"isTrusted":true}
2019-4-9 13:52:16.389#change#{"from":{"line":4,"ch":0,"sticky":"after","xRel":0.5999755859375},"to":{"line":4,"ch":0,"sticky":"after","xRel":0.5999755859375},"text":["",""],"removed":[""],"origin":"+input"}
2019-4-9 13:52:16.389#keyHandled#"Enter"
2019-4-9 13:52:16.396#viewportChange#0
2019-4-9 13:52:16.572#change#{"from":{"line":5,"ch":0,"sticky":null},"to":{"line":5,"ch":0,"sticky":null},"text":["",""],"removed":[""],"origin":"+input"}
2019-4-9 13:52:16.572#keyHandled#"Enter"
2019-4-9 13:52:16.579#viewportChange#0
2019-4-9 13:52:17.944#mousedown#{"isTrusted":true}
2019-4-9 13:52:22.002#change#{"from":{"line":4,"ch":0,"sticky":"after","xRel":32.5999755859375},"to":{"line":4,"ch":0,"sticky":"after","xRel":32.5999755859375},"text":["c"],"removed":[""],"origin":"+input"}
2019-4-9 13:52:22.327#change#{"from":{"line":4,"ch":1,"sticky":null},"to":{"line":4,"ch":1,"sticky":null},"text":["a"],"removed":[""],"origin":"+input"}
2019-4-9 13:52:22.659#change#{"from":{"line":4,"ch":2,"sticky":null},"to":{"line":4,"ch":2,"sticky":null},"text":["l"],"removed":[""],"origin":"+input"}
2019-4-9 13:52:23.149#change#{"from":{"line":4,"ch":3,"sticky":null},"to":{"line":4,"ch":3,"sticky":null},"text":["1"],"removed":[""],"origin":"+input"}
2019-4-9 13:52:23.689#change#{"from":{"line":4,"ch":4,"sticky":null},"to":{"line":4,"ch":4,"sticky":null},"text":[" "],"removed":[""],"origin":"+input"}
2019-4-9 13:52:24.760#change#{"from":{"line":4,"ch":5,"sticky":null},"to":{"line":4,"ch":5,"sticky":null},"text":["="],"removed":[""],"origin":"+input"}
2019-4-9 13:52:24.951#change#{"from":{"line":4,"ch":6,"sticky":null},"to":{"line":4,"ch":6,"sticky":null},"text":[" "],"removed":[""],"origin":"+input"}
2019-4-9 13:52:27.733#change#{"from":{"line":4,"ch":7,"sticky":null},"to":{"line":4,"ch":7,"sticky":null},"text":["5"],"removed":[""],"origin":"+input"}
2019-4-9 13:52:28.027#change#{"from":{"line":4,"ch":8,"sticky":null},"to":{"line":4,"ch":8,"sticky":null},"text":[" "],"removed":[""],"origin":"+input"}
2019-4-9 13:52:28.768#change#{"from":{"line":4,"ch":9,"sticky":null},"to":{"line":4,"ch":9,"sticky":null},"text":["/"],"removed":[""],"origin":"+input"}
2019-4-9 13:52:29.661#change#{"from":{"line":4,"ch":10,"sticky":null},"to":{"line":4,"ch":10,"sticky":null},"text":[" "],"removed":[""],"origin":"+input"}
2019-4-9 13:52:30.020#change#{"from":{"line":4,"ch":11,"sticky":null},"to":{"line":4,"ch":11,"sticky":null},"text":["9"],"removed":[""],"origin":"+input"}
2019-4-9 13:52:31.364#change#{"from":{"line":4,"ch":12,"sticky":null},"to":{"line":4,"ch":12,"sticky":null},"text":[" "],"removed":[""],"origin":"+input"}
2019-4-9 13:52:34.137#change#{"from":{"line":4,"ch":13,"sticky":null},"to":{"line":4,"ch":13,"sticky":null},"text":["*"],"removed":[""],"origin":"+input"}
2019-4-9 13:52:34.796#change#{"from":{"line":4,"ch":14,"sticky":null},"to":{"line":4,"ch":14,"sticky":null},"text":[" "],"removed":[""],"origin":"+input"}
2019-4-9 13:52:36.421#change#{"from":{"line":4,"ch":15,"sticky":null},"to":{"line":4,"ch":15,"sticky":null},"text":["F"],"removed":[""],"origin":"+input"}
2019-4-9 13:52:51.793#change#{"from":{"line":4,"ch":15,"sticky":"after"},"to":{"line":4,"ch":16,"sticky":null},"text":[""],"removed":["F"],"origin":"+delete"}
2019-4-9 13:52:51.793#keyHandled#"Backspace"
2019-4-9 13:52:53.109#change#{"from":{"line":4,"ch":15,"sticky":null},"to":{"line":4,"ch":15,"sticky":null},"text":["t"],"removed":[""],"origin":"+input"}
2019-4-9 13:52:54.024#change#{"from":{"line":4,"ch":16,"sticky":null},"to":{"line":4,"ch":16,"sticky":null},"text":["e"],"removed":[""],"origin":"+input"}
2019-4-9 13:52:54.148#change#{"from":{"line":4,"ch":17,"sticky":null},"to":{"line":4,"ch":17,"sticky":null},"text":["m"],"removed":[""],"origin":"+input"}
2019-4-9 13:52:54.750#change#{"from":{"line":4,"ch":18,"sticky":null},"to":{"line":4,"ch":18,"sticky":null},"text":["p"],"removed":[""],"origin":"+input"}
2019-4-9 13:52:55.666#change#{"from":{"line":4,"ch":18,"sticky":"after"},"to":{"line":4,"ch":19,"sticky":null},"text":[""],"removed":["p"],"origin":"+delete"}
2019-4-9 13:52:55.666#keyHandled#"Backspace"
2019-4-9 13:52:55.688#change#{"from":{"line":4,"ch":18,"sticky":null},"to":{"line":4,"ch":18,"sticky":null},"text":["",""],"removed":[""],"origin":"+input"}
2019-4-9 13:52:55.688#keyHandled#"Enter"
2019-4-9 13:52:55.721#viewportChange#0
2019-4-9 13:52:55.857#change#{"from":{"line":4,"ch":18,"sticky":"before"},"to":{"line":5,"ch":0,"sticky":null},"text":[""],"removed":["",""],"origin":"+delete"}
2019-4-9 13:52:55.857#keyHandled#"Backspace"
2019-4-9 13:52:55.892#viewportChange#0
2019-4-9 13:52:56.316#change#{"from":{"line":4,"ch":17,"sticky":"after"},"to":{"line":4,"ch":18,"sticky":null},"text":[""],"removed":["m"],"origin":"+delete"}
2019-4-9 13:52:56.316#keyHandled#"Backspace"
2019-4-9 13:52:56.505#change#{"from":{"line":4,"ch":16,"sticky":"after"},"to":{"line":4,"ch":17,"sticky":null},"text":[""],"removed":["e"],"origin":"+delete"}
2019-4-9 13:52:56.505#keyHandled#"Backspace"
2019-4-9 13:52:56.765#change#{"from":{"line":4,"ch":15,"sticky":"after"},"to":{"line":4,"ch":16,"sticky":null},"text":[""],"removed":["t"],"origin":"+delete"}
2019-4-9 13:52:56.765#keyHandled#"Backspace"
2019-4-9 13:52:57.486#change#{"from":{"line":4,"ch":15,"sticky":null},"to":{"line":4,"ch":15,"sticky":null},"text":["T"],"removed":[""],"origin":"+input"}
2019-4-9 13:52:58.839#mousedown#{"isTrusted":true}
2019-4-9 13:52:59.551#change#{"from":{"line":6,"ch":12,"sticky":"after"},"to":{"line":6,"ch":13,"sticky":"after","xRel":2.8499755859375},"text":[""],"removed":["p"],"origin":"+delete"}
2019-4-9 13:52:59.551#keyHandled#"Backspace"
2019-4-9 13:52:59.726#change#{"from":{"line":6,"ch":11,"sticky":"after"},"to":{"line":6,"ch":12,"sticky":null},"text":[""],"removed":["m"],"origin":"+delete"}
2019-4-9 13:52:59.726#keyHandled#"Backspace"
2019-4-9 13:52:59.924#change#{"from":{"line":6,"ch":10,"sticky":"after"},"to":{"line":6,"ch":11,"sticky":null},"text":[""],"removed":["e"],"origin":"+delete"}
2019-4-9 13:52:59.924#keyHandled#"Backspace"
2019-4-9 13:53:00.222#change#{"from":{"line":6,"ch":9,"sticky":"after"},"to":{"line":6,"ch":10,"sticky":null},"text":[""],"removed":["t"],"origin":"+delete"}
2019-4-9 13:53:00.222#keyHandled#"Backspace"
2019-4-9 13:53:01.084#change#{"from":{"line":6,"ch":9,"sticky":null},"to":{"line":6,"ch":9,"sticky":null},"text":["T"],"removed":[""],"origin":"+input"}
2019-4-9 13:53:03.152#mousedown#{"isTrusted":true}
2019-4-9 13:53:03.950#change#{"from":{"line":2,"ch":3,"sticky":"after"},"to":{"line":2,"ch":4,"sticky":"after","xRel":1.5999755859375},"text":[""],"removed":["p"],"origin":"+delete"}
2019-4-9 13:53:03.950#keyHandled#"Backspace"
2019-4-9 13:53:04.132#change#{"from":{"line":2,"ch":2,"sticky":"after"},"to":{"line":2,"ch":3,"sticky":null},"text":[""],"removed":["m"],"origin":"+delete"}
2019-4-9 13:53:04.132#keyHandled#"Backspace"
2019-4-9 13:53:04.330#change#{"from":{"line":2,"ch":1,"sticky":"after"},"to":{"line":2,"ch":2,"sticky":null},"text":[""],"removed":["e"],"origin":"+delete"}
2019-4-9 13:53:04.330#keyHandled#"Backspace"
2019-4-9 13:53:04.846#change#{"from":{"line":2,"ch":0,"sticky":"after"},"to":{"line":2,"ch":1,"sticky":null},"text":[""],"removed":["t"],"origin":"+delete"}
2019-4-9 13:53:04.846#keyHandled#"Backspace"
2019-4-9 13:53:05.351#change#{"from":{"line":2,"ch":0,"sticky":null},"to":{"line":2,"ch":0,"sticky":null},"text":["T"],"removed":[""],"origin":"+input"}
2019-4-9 13:53:11.832#mousedown#{"isTrusted":true}
2019-4-9 13:53:13.167#change#{"from":{"line":4,"ch":16,"sticky":"before","xRel":8.5999755859375},"to":{"line":4,"ch":16,"sticky":"before","xRel":8.5999755859375},"text":[" "],"removed":[""],"origin":"+input"}
2019-4-9 13:53:19.674#change#{"from":{"line":4,"ch":17,"sticky":null},"to":{"line":4,"ch":17,"sticky":null},"text":["-"],"removed":[""],"origin":"+input"}
2019-4-9 13:53:20.124#change#{"from":{"line":4,"ch":18,"sticky":null},"to":{"line":4,"ch":18,"sticky":null},"text":[" "],"removed":[""],"origin":"+input"}
2019-4-9 13:53:26.982#change#{"from":{"line":4,"ch":19,"sticky":null},"to":{"line":4,"ch":19,"sticky":null},"text":["3"],"removed":[""],"origin":"+input"}
2019-4-9 13:53:27.148#change#{"from":{"line":4,"ch":20,"sticky":null},"to":{"line":4,"ch":20,"sticky":null},"text":["2"],"removed":[""],"origin":"+input"}
2019-4-11 10:24:03.957#viewportChange#0
2019-4-11 10:25:34.733#mousedown#{"isTrusted":true}
2019-4-11 10:25:34.761#focus#
2019-4-11 10:25:35.896#change#{"from":{"line":4,"ch":3,"sticky":"after"},"to":{"line":4,"ch":4,"sticky":"before","xRel":-0.20001220703125},"text":[""],"removed":["1"],"origin":"+delete"}
2019-4-11 10:25:35.897#keyHandled#"Backspace"
2019-4-11 10:25:36.103#change#{"from":{"line":4,"ch":2,"sticky":"after"},"to":{"line":4,"ch":3,"sticky":null},"text":[""],"removed":["l"],"origin":"+delete"}
2019-4-11 10:25:36.103#keyHandled#"Backspace"
2019-4-11 10:25:36.496#change#{"from":{"line":4,"ch":1,"sticky":"after"},"to":{"line":4,"ch":2,"sticky":null},"text":[""],"removed":["a"],"origin":"+delete"}
2019-4-11 10:25:36.496#keyHandled#"Backspace"
2019-4-11 10:25:36.907#change#{"from":{"line":4,"ch":0,"sticky":"after"},"to":{"line":4,"ch":1,"sticky":null},"text":[""],"removed":["c"],"origin":"+delete"}
2019-4-11 10:25:36.907#keyHandled#"Backspace"
2019-4-11 10:25:37.926#change#{"from":{"line":4,"ch":0,"sticky":null},"to":{"line":4,"ch":0,"sticky":null},"text":["F"],"removed":[""],"origin":"+input"}
2019-4-11 10:25:47.837#change#{"from":{"line":4,"ch":0,"sticky":"after"},"to":{"line":4,"ch":1,"sticky":null},"text":[""],"removed":["F"],"origin":"+delete"}
2019-4-11 10:25:47.837#keyHandled#"Backspace"
2019-4-11 10:25:48.552#change#{"from":{"line":4,"ch":0,"sticky":null},"to":{"line":4,"ch":0,"sticky":null},"text":["C"],"removed":[""],"origin":"+input"}
2019-4-11 10:25:52.341#mousedown#{"isTrusted":true}
2019-4-11 10:25:53.479#change#{"from":{"line":4,"ch":12,"sticky":"after"},"to":{"line":4,"ch":13,"sticky":"after","xRel":1.04998779296875},"text":[""],"removed":["T"],"origin":"+delete"}
2019-4-11 10:25:53.479#keyHandled#"Backspace"
2019-4-11 10:25:54.220#change#{"from":{"line":4,"ch":12,"sticky":null},"to":{"line":4,"ch":12,"sticky":null},"text":["F"],"removed":[""],"origin":"+input"}
2019-4-11 10:25:56.274#mousedown#{"isTrusted":true}
2019-4-11 10:26:00.206#mousedown#{"isTrusted":true}
2019-4-11 10:26:00.891#change#{"from":{"line":4,"ch":12,"sticky":"after"},"to":{"line":4,"ch":13,"sticky":"after","xRel":3.04998779296875},"text":[""],"removed":["F"],"origin":"+delete"}
2019-4-11 10:26:00.891#keyHandled#"Backspace"
2019-4-11 10:26:02.170#change#{"from":{"line":4,"ch":12,"sticky":null},"to":{"line":4,"ch":12,"sticky":null},"text":["T"],"removed":[""],"origin":"+input"}
2019-4-11 10:26:09.933#mousedown#{"isTrusted":true}
2019-4-11 10:26:12.415#change#{"from":{"line":6,"ch":3,"sticky":"after"},"to":{"line":6,"ch":4,"sticky":"before","xRel":-3.20001220703125},"text":[""],"removed":["2"],"origin":"+delete"}
2019-4-11 10:26:12.415#keyHandled#"Backspace"
2019-4-11 10:26:12.763#change#{"from":{"line":6,"ch":2,"sticky":"after"},"to":{"line":6,"ch":3,"sticky":null},"text":[""],"removed":["l"],"origin":"+delete"}
2019-4-11 10:26:12.763#keyHandled#"Backspace"
2019-4-11 10:26:13.068#change#{"from":{"line":6,"ch":1,"sticky":"after"},"to":{"line":6,"ch":2,"sticky":null},"text":[""],"removed":["a"],"origin":"+delete"}
2019-4-11 10:26:13.068#keyHandled#"Backspace"
2019-4-11 10:26:13.428#change#{"from":{"line":6,"ch":0,"sticky":"after"},"to":{"line":6,"ch":1,"sticky":null},"text":[""],"removed":["c"],"origin":"+delete"}
2019-4-11 10:26:13.428#keyHandled#"Backspace"
2019-4-11 10:26:13.947#change#{"from":{"line":6,"ch":0,"sticky":null},"to":{"line":6,"ch":0,"sticky":null},"text":["F"],"removed":[""],"origin":"+input"}
2019-4-11 10:26:15.752#mousedown#{"isTrusted":true}
2019-4-11 10:26:16.368#change#{"from":{"line":6,"ch":22,"sticky":"before","xRel":18.29998779296875},"to":{"line":6,"ch":22,"sticky":"before","xRel":18.29998779296875},"text":["",""],"removed":[""],"origin":"+input"}
2019-4-11 10:26:16.368#keyHandled#"Enter"
2019-4-11 10:26:16.396#viewportChange#0
2019-4-11 10:26:16.751#change#{"from":{"line":7,"ch":0,"sticky":null},"to":{"line":7,"ch":0,"sticky":null},"text":["",""],"removed":[""],"origin":"+input"}
2019-4-11 10:26:16.751#keyHandled#"Enter"
2019-4-11 10:26:16.763#viewportChange#0
2019-4-11 10:26:21.416#change#{"from":{"line":8,"ch":0,"sticky":null},"to":{"line":8,"ch":0,"sticky":null},"text":["i"],"removed":[""],"origin":"+input"}
2019-4-11 10:26:21.523#change#{"from":{"line":8,"ch":1,"sticky":null},"to":{"line":8,"ch":1,"sticky":null},"text":["f"],"removed":[""],"origin":"+input"}
2019-4-11 10:26:24.145#change#{"from":{"line":8,"ch":2,"sticky":null},"to":{"line":8,"ch":2,"sticky":null},"text":[":"],"removed":[""],"origin":"+input"}
2019-4-11 10:26:26.093#change#{"from":{"line":8,"ch":2,"sticky":"after"},"to":{"line":8,"ch":3,"sticky":null},"text":[""],"removed":[":"],"origin":"+delete"}
2019-4-11 10:26:26.093#keyHandled#"Backspace"
2019-4-11 10:26:26.785#change#{"from":{"line":8,"ch":2,"sticky":null},"to":{"line":8,"ch":2,"sticky":null},"text":["()"],"removed":[""],"origin":"+input"}
2019-4-11 10:26:26.785#keyHandled#"'('"
2019-4-11 10:26:36.885#change#{"from":{"line":8,"ch":3,"sticky":"after"},"to":{"line":8,"ch":3,"sticky":"after"},"text":["T"],"removed":[""],"origin":"+input"}
2019-4-11 10:26:38.625#change#{"from":{"line":8,"ch":4,"sticky":null},"to":{"line":8,"ch":4,"sticky":null},"text":[" "],"removed":[""],"origin":"+input"}
2019-4-11 10:26:40.890#change#{"from":{"line":8,"ch":5,"sticky":null},"to":{"line":8,"ch":5,"sticky":null},"text":["+"],"removed":[""],"origin":"+input"}
2019-4-11 10:26:41.277#change#{"from":{"line":8,"ch":6,"sticky":null},"to":{"line":8,"ch":6,"sticky":null},"text":["+"],"removed":[""],"origin":"+input"}
2019-4-11 10:26:41.876#change#{"from":{"line":8,"ch":6,"sticky":"after"},"to":{"line":8,"ch":7,"sticky":null},"text":[""],"removed":["+"],"origin":"+delete"}
2019-4-11 10:26:41.876#keyHandled#"Backspace"
2019-4-11 10:26:42.025#change#{"from":{"line":8,"ch":5,"sticky":"after"},"to":{"line":8,"ch":6,"sticky":null},"text":[""],"removed":["+"],"origin":"+delete"}
2019-4-11 10:26:42.025#keyHandled#"Backspace"
2019-4-11 10:26:42.303#change#{"from":{"line":8,"ch":5,"sticky":null},"to":{"line":8,"ch":5,"sticky":null},"text":["="],"removed":[""],"origin":"+input"}
2019-4-11 10:26:42.439#change#{"from":{"line":8,"ch":6,"sticky":null},"to":{"line":8,"ch":6,"sticky":null},"text":["="],"removed":[""],"origin":"+input"}
2019-4-11 10:26:43.374#change#{"from":{"line":8,"ch":7,"sticky":null},"to":{"line":8,"ch":7,"sticky":null},"text":[" "],"removed":[""],"origin":"+input"}
2019-4-11 10:26:47.517#change#{"from":{"line":8,"ch":8,"sticky":null},"to":{"line":8,"ch":8,"sticky":null},"text":["F"],"removed":[""],"origin":"+input"}
2019-4-11 10:26:49.345#change#{"from":{"line":8,"ch":8,"sticky":"after"},"to":{"line":8,"ch":9,"sticky":null},"text":[""],"removed":["F"],"origin":"+delete"}
2019-4-11 10:26:49.345#keyHandled#"Backspace"
2019-4-11 10:26:49.876#change#{"from":{"line":8,"ch":8,"sticky":null},"to":{"line":8,"ch":8,"sticky":null},"text":["\"\""],"removed":[""],"origin":"+input"}
2019-4-11 10:26:49.876#keyHandled#"'\"'"
2019-4-11 10:26:50.312#change#{"from":{"line":8,"ch":9,"sticky":"after"},"to":{"line":8,"ch":9,"sticky":"after"},"text":["f"],"removed":[""],"origin":"+input"}
2019-4-11 10:26:51.636#change#{"from":{"line":8,"ch":9,"sticky":"after"},"to":{"line":8,"ch":10,"sticky":null},"text":[""],"removed":["f"],"origin":"+delete"}
2019-4-11 10:26:51.636#keyHandled#"Backspace"
2019-4-11 10:26:51.854#keyHandled#"'\"'"
2019-4-11 10:26:53.314#change#{"from":{"line":8,"ch":9,"sticky":"after"},"to":{"line":8,"ch":10,"sticky":"before"},"text":[""],"removed":["\""],"origin":"+delete"}
2019-4-11 10:26:53.314#keyHandled#"Backspace"
2019-4-11 10:26:54.310#change#{"from":{"line":8,"ch":9,"sticky":null},"to":{"line":8,"ch":9,"sticky":null},"text":["F"],"removed":[""],"origin":"+input"}
2019-4-11 10:26:55.195#change#{"from":{"line":8,"ch":10,"sticky":null},"to":{"line":8,"ch":10,"sticky":null},"text":["\""],"removed":[""],"origin":"+input"}
2019-4-11 10:27:05.484#mousedown#{"isTrusted":true}
2019-4-11 10:27:12.339#mousedown#{"isTrusted":true}
2019-4-11 10:27:27.345#mousedown#{"isTrusted":true}
2019-4-11 10:27:28.435#change#{"from":{"line":8,"ch":9,"sticky":"after"},"to":{"line":8,"ch":10,"sticky":"after","xRel":0.29998779296875},"text":[""],"removed":["F"],"origin":"+delete"}
2019-4-11 10:27:28.435#keyHandled#"Backspace"
2019-4-11 10:27:28.911#change#{"from":{"line":8,"ch":9,"sticky":null},"to":{"line":8,"ch":9,"sticky":null},"text":["e"],"removed":[""],"origin":"+input"}
2019-4-11 10:27:29.094#change#{"from":{"line":8,"ch":10,"sticky":null},"to":{"line":8,"ch":10,"sticky":null},"text":["s"],"removed":[""],"origin":"+input"}
2019-4-11 10:27:29.232#change#{"from":{"line":8,"ch":11,"sticky":null},"to":{"line":8,"ch":11,"sticky":null},"text":["c"],"removed":[""],"origin":"+input"}
2019-4-11 10:27:33.381#change#{"from":{"line":8,"ch":11,"sticky":"after"},"to":{"line":8,"ch":12,"sticky":null},"text":[""],"removed":["c"],"origin":"+delete"}
2019-4-11 10:27:33.382#keyHandled#"Backspace"
2019-4-11 10:27:33.589#change#{"from":{"line":8,"ch":10,"sticky":"after"},"to":{"line":8,"ch":11,"sticky":null},"text":[""],"removed":["s"],"origin":"+delete"}
2019-4-11 10:27:33.589#keyHandled#"Backspace"
2019-4-11 10:27:33.770#change#{"from":{"line":8,"ch":9,"sticky":"after"},"to":{"line":8,"ch":10,"sticky":null},"text":[""],"removed":["e"],"origin":"+delete"}
2019-4-11 10:27:33.770#keyHandled#"Backspace"
2019-4-11 10:27:35.326#change#{"from":{"line":8,"ch":9,"sticky":null},"to":{"line":8,"ch":9,"sticky":null},"text":["F"],"removed":[""],"origin":"+input"}
2019-4-11 10:27:37.207#keyHandled#"Left"
2019-4-11 10:27:37.634#keyHandled#"Left"
2019-4-11 10:27:38.135#keyHandled#"Left"
2019-4-11 10:27:38.164#keyHandled#"Left"
2019-4-11 10:27:38.195#keyHandled#"Left"
2019-4-11 10:27:38.226#keyHandled#"Left"
2019-4-11 10:27:38.255#keyHandled#"Left"
2019-4-11 10:27:38.524#keyHandled#"Left"
2019-4-11 10:27:39.311#keyHandled#"Right"
2019-4-11 10:27:39.533#keyHandled#"Right"
2019-4-11 10:27:42.005#change#{"from":{"line":8,"ch":3,"sticky":null},"to":{"line":8,"ch":3,"sticky":null},"text":["e"],"removed":[""],"origin":"+input"}
2019-4-11 10:27:42.225#change#{"from":{"line":8,"ch":4,"sticky":null},"to":{"line":8,"ch":4,"sticky":null},"text":["s"],"removed":[""],"origin":"+input"}
2019-4-11 10:27:43.176#change#{"from":{"line":8,"ch":5,"sticky":null},"to":{"line":8,"ch":5,"sticky":null},"text":["c"],"removed":[""],"origin":"+input"}
2019-4-11 10:27:48.102#change#{"from":{"line":8,"ch":6,"sticky":null},"to":{"line":8,"ch":6,"sticky":null},"text":["."],"removed":[""],"origin":"+input"}
2019-4-11 10:27:53.791#change#{"from":{"line":8,"ch":7,"sticky":null},"to":{"line":8,"ch":7,"sticky":null},"text":["u"],"removed":[""],"origin":"+input"}
2019-4-11 10:27:54.292#change#{"from":{"line":8,"ch":8,"sticky":null},"to":{"line":8,"ch":8,"sticky":null},"text":["p"],"removed":[""],"origin":"+input"}
2019-4-11 10:27:54.475#change#{"from":{"line":8,"ch":9,"sticky":null},"to":{"line":8,"ch":9,"sticky":null},"text":["p"],"removed":[""],"origin":"+input"}
2019-4-11 10:27:54.594#change#{"from":{"line":8,"ch":10,"sticky":null},"to":{"line":8,"ch":10,"sticky":null},"text":["e"],"removed":[""],"origin":"+input"}
2019-4-11 10:27:54.786#change#{"from":{"line":8,"ch":11,"sticky":null},"to":{"line":8,"ch":11,"sticky":null},"text":["r"],"removed":[""],"origin":"+input"}
2019-4-11 10:27:59.097#change#{"from":{"line":8,"ch":12,"sticky":null},"to":{"line":8,"ch":12,"sticky":null},"text":["()"],"removed":[""],"origin":"+input"}
2019-4-11 10:27:59.097#keyHandled#"'('"
2019-4-11 10:28:01.522#mousedown#{"isTrusted":true}
2019-4-11 10:28:10.574#mousedown#{"isTrusted":true}
2019-4-11 10:28:11.576#change#{"from":{"line":8,"ch":22,"sticky":"before","xRel":49.29998779296875},"to":{"line":8,"ch":22,"sticky":"before","xRel":49.29998779296875},"text":["",""],"removed":[""],"origin":"+input"}
2019-4-11 10:28:11.576#keyHandled#"Enter"
2019-4-11 10:28:11.590#viewportChange#0
2019-4-11 10:28:12.698#change#{"from":{"line":8,"ch":22,"sticky":"before"},"to":{"line":9,"ch":0,"sticky":null},"text":[""],"removed":["",""],"origin":"+delete"}
2019-4-11 10:28:12.698#keyHandled#"Backspace"
2019-4-11 10:28:12.730#viewportChange#0
2019-4-11 10:28:13.843#change#{"from":{"line":8,"ch":22,"sticky":null},"to":{"line":8,"ch":22,"sticky":null},"text":[":"],"removed":[""],"origin":"+input"}
2019-4-11 10:28:14.652#change#{"from":{"line":8,"ch":23,"sticky":null},"to":{"line":8,"ch":23,"sticky":null},"text":["",""],"removed":[""],"origin":"+input"}
2019-4-11 10:28:14.652#change#{"from":{"line":9,"ch":0,"sticky":null},"to":{"line":9,"ch":0,"sticky":null},"text":["\t"],"removed":[""],"origin":"+input"}
2019-4-11 10:28:14.652#keyHandled#"Enter"
2019-4-11 10:28:14.666#viewportChange#0
2019-4-11 10:28:18.542#change#{"from":{"line":9,"ch":1,"sticky":null},"to":{"line":9,"ch":1,"sticky":null},"text":["m"],"removed":[""],"origin":"+input"}
2019-4-11 10:28:18.761#change#{"from":{"line":9,"ch":2,"sticky":null},"to":{"line":9,"ch":2,"sticky":null},"text":["a"],"removed":[""],"origin":"+input"}
2019-4-11 10:28:18.943#change#{"from":{"line":9,"ch":3,"sticky":null},"to":{"line":9,"ch":3,"sticky":null},"text":["s"],"removed":[""],"origin":"+input"}
2019-4-11 10:28:19.037#change#{"from":{"line":9,"ch":4,"sticky":null},"to":{"line":9,"ch":4,"sticky":null},"text":["g"],"removed":[""],"origin":"+input"}
2019-4-11 10:28:20.063#change#{"from":{"line":9,"ch":4,"sticky":"after"},"to":{"line":9,"ch":5,"sticky":null},"text":[""],"removed":["g"],"origin":"+delete"}
2019-4-11 10:28:20.063#keyHandled#"Backspace"
2019-4-11 10:28:20.206#change#{"from":{"line":9,"ch":3,"sticky":"after"},"to":{"line":9,"ch":4,"sticky":null},"text":[""],"removed":["s"],"origin":"+delete"}
2019-4-11 10:28:20.206#keyHandled#"Backspace"
2019-4-11 10:28:21.276#change#{"from":{"line":9,"ch":2,"sticky":"after"},"to":{"line":9,"ch":3,"sticky":null},"text":[""],"removed":["a"],"origin":"+delete"}
2019-4-11 10:28:21.276#keyHandled#"Backspace"
2019-4-11 10:28:21.383#change#{"from":{"line":9,"ch":2,"sticky":null},"to":{"line":9,"ch":2,"sticky":null},"text":["s"],"removed":[""],"origin":"+input"}
2019-4-11 10:28:21.714#change#{"from":{"line":9,"ch":3,"sticky":null},"to":{"line":9,"ch":3,"sticky":null},"text":["g"],"removed":[""],"origin":"+input"}
2019-4-11 10:28:23.004#change#{"from":{"line":9,"ch":4,"sticky":null},"to":{"line":9,"ch":4,"sticky":null},"text":[" "],"removed":[""],"origin":"+input"}
2019-4-11 10:28:23.291#change#{"from":{"line":9,"ch":5,"sticky":null},"to":{"line":9,"ch":5,"sticky":null},"text":["="],"removed":[""],"origin":"+input"}
2019-4-11 10:28:24.027#change#{"from":{"line":9,"ch":6,"sticky":null},"to":{"line":9,"ch":6,"sticky":null},"text":[" "],"removed":[""],"origin":"+input"}
2019-4-11 10:28:24.384#change#{"from":{"line":9,"ch":7,"sticky":null},"to":{"line":9,"ch":7,"sticky":null},"text":["c"],"removed":[""],"origin":"+input"}
2019-4-11 10:28:25.444#change#{"from":{"line":9,"ch":7,"sticky":"after"},"to":{"line":9,"ch":8,"sticky":null},"text":[""],"removed":["c"],"origin":"+delete"}
2019-4-11 10:28:25.444#keyHandled#"Backspace"
2019-4-11 10:28:26.033#change#{"from":{"line":9,"ch":7,"sticky":null},"to":{"line":9,"ch":7,"sticky":null},"text":["C"],"removed":[""],"origin":"+input"}
2019-4-11 10:28:27.622#change#{"from":{"line":9,"ch":8,"sticky":null},"to":{"line":9,"ch":8,"sticky":null},"text":["",""],"removed":[""],"origin":"+input"}
2019-4-11 10:28:27.622#change#{"from":{"line":10,"ch":0,"sticky":null},"to":{"line":10,"ch":0,"sticky":null},"text":["\t"],"removed":[""],"origin":"+input"}
2019-4-11 10:28:27.622#keyHandled#"Enter"
2019-4-11 10:28:27.636#viewportChange#0
2019-4-11 10:28:28.418#change#{"from":{"line":10,"ch":0,"sticky":"after"},"to":{"line":10,"ch":1,"sticky":null},"text":[""],"removed":["\t"],"origin":"+delete"}
2019-4-11 10:28:28.418#keyHandled#"Backspace"
2019-4-11 10:28:29.494#change#{"from":{"line":10,"ch":0,"sticky":null},"to":{"line":10,"ch":0,"sticky":null},"text":["e"],"removed":[""],"origin":"+input"}
2019-4-11 10:28:29.973#change#{"from":{"line":10,"ch":1,"sticky":null},"to":{"line":10,"ch":1,"sticky":null},"text":["l"],"removed":[""],"origin":"+input"}
2019-4-11 10:28:30.081#change#{"from":{"line":10,"ch":2,"sticky":null},"to":{"line":10,"ch":2,"sticky":null},"text":["s"],"removed":[""],"origin":"+input"}
2019-4-11 10:28:30.269#change#{"from":{"line":10,"ch":3,"sticky":null},"to":{"line":10,"ch":3,"sticky":null},"text":["e"],"removed":[""],"origin":"+input"}
2019-4-11 10:28:35.657#change#{"from":{"line":10,"ch":4,"sticky":null},"to":{"line":10,"ch":4,"sticky":null},"text":[":"],"removed":[""],"origin":"+input"}
2019-4-11 10:29:16.113#change#{"from":{"line":10,"ch":5,"sticky":null},"to":{"line":10,"ch":5,"sticky":null},"text":["",""],"removed":[""],"origin":"+input"}
2019-4-11 10:29:16.113#change#{"from":{"line":11,"ch":0,"sticky":null},"to":{"line":11,"ch":0,"sticky":null},"text":["\t"],"removed":[""],"origin":"+input"}
2019-4-11 10:29:16.113#keyHandled#"Enter"
2019-4-11 10:29:16.124#viewportChange#0
2019-4-11 10:29:19.646#change#{"from":{"line":11,"ch":1,"sticky":null},"to":{"line":11,"ch":1,"sticky":null},"text":["m"],"removed":[""],"origin":"+input"}
2019-4-11 10:29:19.724#change#{"from":{"line":11,"ch":2,"sticky":null},"to":{"line":11,"ch":2,"sticky":null},"text":["s"],"removed":[""],"origin":"+input"}
2019-4-11 10:29:20.095#change#{"from":{"line":11,"ch":3,"sticky":null},"to":{"line":11,"ch":3,"sticky":null},"text":["f"],"removed":[""],"origin":"+input"}
2019-4-11 10:29:20.773#change#{"from":{"line":11,"ch":3,"sticky":"after"},"to":{"line":11,"ch":4,"sticky":null},"text":[""],"removed":["f"],"origin":"+delete"}
2019-4-11 10:29:20.773#keyHandled#"Backspace"
2019-4-11 10:29:21.106#change#{"from":{"line":11,"ch":3,"sticky":null},"to":{"line":11,"ch":3,"sticky":null},"text":["g"],"removed":[""],"origin":"+input"}
2019-4-11 10:29:22.005#change#{"from":{"line":11,"ch":4,"sticky":null},"to":{"line":11,"ch":4,"sticky":null},"text":[" "],"removed":[""],"origin":"+input"}
2019-4-11 10:29:22.164#change#{"from":{"line":11,"ch":5,"sticky":null},"to":{"line":11,"ch":5,"sticky":null},"text":["="],"removed":[""],"origin":"+input"}
2019-4-11 10:29:22.686#change#{"from":{"line":11,"ch":6,"sticky":null},"to":{"line":11,"ch":6,"sticky":null},"text":[" "],"removed":[""],"origin":"+input"}
2019-4-11 10:29:23.091#change#{"from":{"line":11,"ch":7,"sticky":null},"to":{"line":11,"ch":7,"sticky":null},"text":["f"],"removed":[""],"origin":"+input"}
2019-4-11 10:29:24.213#change#{"from":{"line":11,"ch":7,"sticky":"after"},"to":{"line":11,"ch":8,"sticky":null},"text":[""],"removed":["f"],"origin":"+delete"}
2019-4-11 10:29:24.213#keyHandled#"Backspace"
2019-4-11 10:29:24.710#change#{"from":{"line":11,"ch":7,"sticky":null},"to":{"line":11,"ch":7,"sticky":null},"text":["F"],"removed":[""],"origin":"+input"}
2019-4-11 10:29:25.920#change#{"from":{"line":11,"ch":8,"sticky":null},"to":{"line":11,"ch":8,"sticky":null},"text":["",""],"removed":[""],"origin":"+input"}
2019-4-11 10:29:25.920#change#{"from":{"line":12,"ch":0,"sticky":null},"to":{"line":12,"ch":0,"sticky":null},"text":["\t"],"removed":[""],"origin":"+input"}
2019-4-11 10:29:25.921#keyHandled#"Enter"
2019-4-11 10:29:25.933#viewportChange#0
2019-4-11 10:29:26.515#change#{"from":{"line":12,"ch":1,"sticky":null},"to":{"line":12,"ch":1,"sticky":null},"text":["",""],"removed":[""],"origin":"+input"}
2019-4-11 10:29:26.515#change#{"from":{"line":13,"ch":0,"sticky":null},"to":{"line":13,"ch":0,"sticky":null},"text":["\t"],"removed":[""],"origin":"+input"}
2019-4-11 10:29:26.515#keyHandled#"Enter"
2019-4-11 10:29:26.527#viewportChange#0
2019-4-11 10:29:27.314#change#{"from":{"line":13,"ch":0,"sticky":"after"},"to":{"line":13,"ch":1,"sticky":null},"text":[""],"removed":["\t"],"origin":"+delete"}
2019-4-11 10:29:27.315#keyHandled#"Backspace"
2019-4-11 10:29:28.675#change#{"from":{"line":13,"ch":0,"sticky":null},"to":{"line":13,"ch":0,"sticky":null},"text":["p"],"removed":[""],"origin":"+input"}
2019-4-11 10:29:28.871#change#{"from":{"line":13,"ch":1,"sticky":null},"to":{"line":13,"ch":1,"sticky":null},"text":["r"],"removed":[""],"origin":"+input"}
2019-4-11 10:29:29.054#change#{"from":{"line":13,"ch":2,"sticky":null},"to":{"line":13,"ch":2,"sticky":null},"text":["i"],"removed":[""],"origin":"+input"}
2019-4-11 10:29:29.172#change#{"from":{"line":13,"ch":3,"sticky":null},"to":{"line":13,"ch":3,"sticky":null},"text":["n"],"removed":[""],"origin":"+input"}
2019-4-11 10:29:29.424#change#{"from":{"line":13,"ch":4,"sticky":null},"to":{"line":13,"ch":4,"sticky":null},"text":["t"],"removed":[""],"origin":"+input"}
2019-4-11 10:29:30.362#change#{"from":{"line":13,"ch":5,"sticky":null},"to":{"line":13,"ch":5,"sticky":null},"text":["()"],"removed":[""],"origin":"+input"}
2019-4-11 10:29:30.362#keyHandled#"'('"
2019-4-11 10:29:43.905#change#{"from":{"line":13,"ch":6,"sticky":"after"},"to":{"line":13,"ch":6,"sticky":"after"},"text":["n"],"removed":[""],"origin":"+input"}
2019-4-11 10:29:45.544#change#{"from":{"line":13,"ch":6,"sticky":"after"},"to":{"line":13,"ch":7,"sticky":null},"text":[""],"removed":["n"],"origin":"+delete"}
2019-4-11 10:29:45.544#keyHandled#"Backspace"
2019-4-11 10:29:46.229#change#{"from":{"line":13,"ch":6,"sticky":null},"to":{"line":13,"ch":6,"sticky":null},"text":["m"],"removed":[""],"origin":"+input"}
2019-4-11 10:29:46.712#change#{"from":{"line":13,"ch":7,"sticky":null},"to":{"line":13,"ch":7,"sticky":null},"text":["s"],"removed":[""],"origin":"+input"}
2019-4-11 10:29:46.921#change#{"from":{"line":13,"ch":8,"sticky":null},"to":{"line":13,"ch":8,"sticky":null},"text":["g"],"removed":[""],"origin":"+input"}
2019-4-11 10:29:48.855#keyHandled#"Left"
2019-4-11 10:29:48.855#keyHandled#"Left"
2019-4-11 10:29:51.289#saida_testar#$ python3 main.py
2019-4-11 10:29:53.635#mousedown#{"isTrusted":true}
2019-4-11 10:29:54.815#change#{"from":{"line":13,"ch":6,"sticky":"after","xRel":0.29998779296875},"to":{"line":13,"ch":6,"sticky":"after","xRel":0.29998779296875},"text":["r"],"removed":[""],"origin":"+input"}
2019-4-11 10:29:54.915#change#{"from":{"line":13,"ch":7,"sticky":null},"to":{"line":13,"ch":7,"sticky":null},"text":["o"],"removed":[""],"origin":"+input"}
2019-4-11 10:29:55.080#change#{"from":{"line":13,"ch":8,"sticky":null},"to":{"line":13,"ch":8,"sticky":null},"text":["u"],"removed":[""],"origin":"+input"}
2019-4-11 10:29:55.335#change#{"from":{"line":13,"ch":9,"sticky":null},"to":{"line":13,"ch":9,"sticky":null},"text":["n"],"removed":[""],"origin":"+input"}
2019-4-11 10:29:55.448#change#{"from":{"line":13,"ch":10,"sticky":null},"to":{"line":13,"ch":10,"sticky":null},"text":["d"],"removed":[""],"origin":"+input"}
2019-4-11 10:29:56.608#change#{"from":{"line":13,"ch":11,"sticky":null},"to":{"line":13,"ch":11,"sticky":null},"text":["("],"removed":[""],"origin":"+input"}
2019-4-11 10:29:58.003#keyHandled#"Right"
2019-4-11 10:29:58.166#keyHandled#"Right"
2019-4-11 10:29:58.572#keyHandled#"Right"
2019-4-11 10:29:59.357#change#{"from":{"line":13,"ch":15,"sticky":"before"},"to":{"line":13,"ch":15,"sticky":"before"},"text":[","],"removed":[""],"origin":"+input"}
2019-4-11 10:29:59.485#change#{"from":{"line":13,"ch":16,"sticky":null},"to":{"line":13,"ch":16,"sticky":null},"text":[" "],"removed":[""],"origin":"+input"}
2019-4-11 10:30:05.321#change#{"from":{"line":13,"ch":17,"sticky":null},"to":{"line":13,"ch":17,"sticky":null},"text":["2"],"removed":[""],"origin":"+input"}
2019-4-11 10:30:06.115#keyHandled#"Right"
2019-4-11 10:30:06.702#change#{"from":{"line":13,"ch":19,"sticky":"before"},"to":{"line":13,"ch":19,"sticky":"before"},"text":[")"],"removed":[""],"origin":"+input"}
2019-4-11 10:30:12.527#blur#
2019-4-11 10:30:12.527#blur#
2019-4-11 10:30:15.094#saida_testar#$ python3 main.py
2019-4-11 10:30:15.094#saida_testar#$ python3 main.py
2019-4-11 10:30:33.105#saida_testar#$ python3 main.py
2019-4-11 10:30:57.244#mousedown#{"isTrusted":true}
2019-4-11 10:30:57.421#focus#
2019-4-11 10:30:59.268#change#{"from":{"line":2,"ch":10,"sticky":"after","xRel":0.29998779296875},"to":{"line":2,"ch":10,"sticky":"after","xRel":0.29998779296875},"text":["i"],"removed":[""],"origin":"+input"}
2019-4-11 10:30:59.428#change#{"from":{"line":2,"ch":11,"sticky":null},"to":{"line":2,"ch":11,"sticky":null},"text":["n"],"removed":[""],"origin":"+input"}
2019-4-11 10:30:59.902#change#{"from":{"line":2,"ch":12,"sticky":null},"to":{"line":2,"ch":12,"sticky":null},"text":["p"],"removed":[""],"origin":"+input"}
2019-4-11 10:31:00.089#change#{"from":{"line":2,"ch":13,"sticky":null},"to":{"line":2,"ch":13,"sticky":null},"text":["u"],"removed":[""],"origin":"+input"}
2019-4-11 10:31:00.482#change#{"from":{"line":2,"ch":14,"sticky":null},"to":{"line":2,"ch":14,"sticky":null},"text":["t"],"removed":[""],"origin":"+input"}
2019-4-11 10:31:01.681#change#{"from":{"line":2,"ch":15,"sticky":null},"to":{"line":2,"ch":15,"sticky":null},"text":["()"],"removed":[""],"origin":"+input"}
2019-4-11 10:31:01.681#keyHandled#"'('"
2019-4-11 10:31:02.460#keyHandled#"Right"
2019-4-11 10:31:03.326#change#{"from":{"line":2,"ch":16,"sticky":"after"},"to":{"line":2,"ch":17,"sticky":"before"},"text":[""],"removed":[")"],"origin":"+delete"}
2019-4-11 10:31:03.326#keyHandled#"Backspace"
2019-4-11 10:31:04.042#keyHandled#"Right"
2019-4-11 10:31:04.543#keyHandled#"Right"
2019-4-11 10:31:04.573#keyHandled#"Right"
2019-4-11 10:31:04.603#keyHandled#"Right"
2019-4-11 10:31:04.636#keyHandled#"Right"
2019-4-11 10:31:04.666#keyHandled#"Right"
2019-4-11 10:31:04.696#keyHandled#"Right"
2019-4-11 10:31:04.727#keyHandled#"Right"
2019-4-11 10:31:04.756#keyHandled#"Right"
2019-4-11 10:31:04.787#keyHandled#"Right"
2019-4-11 10:31:04.817#keyHandled#"Right"
2019-4-11 10:31:04.847#keyHandled#"Right"
2019-4-11 10:31:04.886#keyHandled#"Right"
2019-4-11 10:31:04.910#keyHandled#"Right"
2019-4-11 10:31:04.944#keyHandled#"Right"
2019-4-11 10:31:04.969#keyHandled#"Right"
2019-4-11 10:31:04.999#keyHandled#"Right"
2019-4-11 10:31:05.034#keyHandled#"Right"
2019-4-11 10:31:05.060#keyHandled#"Right"
2019-4-11 10:31:05.090#keyHandled#"Right"
2019-4-11 10:31:05.120#keyHandled#"Right"
2019-4-11 10:31:05.157#keyHandled#"Right"
2019-4-11 10:31:05.181#keyHandled#"Right"
2019-4-11 10:31:05.211#keyHandled#"Right"
2019-4-11 10:31:05.240#keyHandled#"Right"
2019-4-11 10:31:05.271#keyHandled#"Right"
2019-4-11 10:31:05.302#keyHandled#"Right"
2019-4-11 10:31:05.331#keyHandled#"Right"
2019-4-11 10:31:05.470#keyHandled#"Right"
2019-4-11 10:31:05.885#keyHandled#"Right"
2019-4-11 10:31:06.524#change#{"from":{"line":2,"ch":46,"sticky":"before"},"to":{"line":2,"ch":46,"sticky":"before"},"text":[")"],"removed":[""],"origin":"+input"}
2019-4-11 10:31:07.992#blur#
2019-4-11 10:31:07.992#blur#
2019-4-11 10:31:09.442#saida_testar#$ python3 main.py
Digite aqui a escala da temperatura: c
Traceback (most recent call last):
File "main.py", line 3, in <module>
T = float("Digite aqui a temperatura: ")
ValueError: could not convert string to float: 'Digite aqui a temperatura: '
2019-4-11 10:31:09.442#saida_testar#$ python3 main.py
Digite aqui a escala da temperatura: c
Traceback (most recent call last):
File "main.py", line 3, in <module>
T = float("Digite aqui a temperatura: ")
ValueError: could not convert string to float: 'Digite aqui a temperatura: '
2019-4-11 10:31:30.604#submit#Your code did not produce the correct output. Please, correct your code and try again.
2019-4-11 10:31:30.604#submit#Your code did not produce the correct output. Please, correct your code and try again.
2019-4-11 10:31:37.414#saida_testar#$ python3 main.py
2019-4-11 10:31:37.414#saida_testar#$ python3 main.py
2019-4-11 10:31:59.533#saida_testar#$ python3 main.py
2019-4-11 10:32:14.095#mousedown#{"isTrusted":true}
2019-4-11 10:32:14.262#focus#
2019-4-11 10:32:17.791#change#{"from":{"line":10,"ch":4,"sticky":"after","xRel":1.79998779296875},"to":{"line":10,"ch":4,"sticky":"after","xRel":1.79998779296875},"text":[" "],"removed":[""],"origin":"+input"}
2019-4-11 10:32:18.351#change#{"from":{"line":10,"ch":5,"sticky":null},"to":{"line":10,"ch":5,"sticky":null},"text":["("],"removed":[""],"origin":"+input"}
2019-4-11 10:32:36.300#change#{"from":{"line":10,"ch":5,"sticky":"after"},"to":{"line":10,"ch":6,"sticky":null},"text":[""],"removed":["("],"origin":"+delete"}
2019-4-11 10:32:36.300#keyHandled#"Backspace"
2019-4-11 10:32:37.027#keyHandled#"Right"
2019-4-11 10:32:37.370#change#{"from":{"line":10,"ch":5,"sticky":"after"},"to":{"line":10,"ch":6,"sticky":"before"},"text":[""],"removed":[":"],"origin":"+delete"}
2019-4-11 10:32:37.370#keyHandled#"Backspace"
2019-4-11 10:32:37.548#change#{"from":{"line":10,"ch":4,"sticky":"after"},"to":{"line":10,"ch":5,"sticky":null},"text":[""],"removed":[" "],"origin":"+delete"}
2019-4-11 10:32:37.548#keyHandled#"Backspace"
2019-4-11 10:32:37.727#change#{"from":{"line":10,"ch":3,"sticky":"after"},"to":{"line":10,"ch":4,"sticky":null},"text":[""],"removed":["e"],"origin":"+delete"}
2019-4-11 10:32:37.727#keyHandled#"Backspace"
2019-4-11 10:32:37.984#change#{"from":{"line":10,"ch":2,"sticky":"after"},"to":{"line":10,"ch":3,"sticky":null},"text":[""],"removed":["s"],"origin":"+delete"}
2019-4-11 10:32:37.984#keyHandled#"Backspace"
2019-4-11 10:32:38.306#change#{"from":{"line":10,"ch":1,"sticky":"after"},"to":{"line":10,"ch":2,"sticky":null},"text":[""],"removed":["l"],"origin":"+delete"}
2019-4-11 10:32:38.306#keyHandled#"Backspace"
2019-4-11 10:32:38.668#change#{"from":{"line":10,"ch":0,"sticky":"after"},"to":{"line":10,"ch":1,"sticky":null},"text":[""],"removed":["e"],"origin":"+delete"}
2019-4-11 10:32:38.668#keyHandled#"Backspace"
2019-4-11 10:32:39.746#change#{"from":{"line":10,"ch":0,"sticky":null},"to":{"line":10,"ch":0,"sticky":null},"text":["i"],"removed":[""],"origin":"+input"}
2019-4-11 10:32:39.885#change#{"from":{"line":10,"ch":1,"sticky":null},"to":{"line":10,"ch":1,"sticky":null},"text":["f"],"removed":[""],"origin":"+input"}
2019-4-11 10:32:41.028#change#{"from":{"line":10,"ch":2,"sticky":null},"to":{"line":10,"ch":2,"sticky":null},"text":["()"],"removed":[""],"origin":"+input"}
2019-4-11 10:32:41.028#keyHandled#"'('"
2019-4-11 10:32:43.290#change#{"from":{"line":10,"ch":3,"sticky":"after"},"to":{"line":10,"ch":3,"sticky":"after"},"text":["e"],"removed":[""],"origin":"+input"}
2019-4-11 10:32:43.531#change#{"from":{"line":10,"ch":4,"sticky":null},"to":{"line":10,"ch":4,"sticky":null},"text":["s"],"removed":[""],"origin":"+input"}
2019-4-11 10:32:43.571#change#{"from":{"line":10,"ch":5,"sticky":null},"to":{"line":10,"ch":5,"sticky":null},"text":["c"],"removed":[""],"origin":"+input"}
2019-4-11 10:32:44.926#change#{"from":{"line":10,"ch":6,"sticky":null},"to":{"line":10,"ch":6,"sticky":null},"text":["."],"removed":[""],"origin":"+input"}
2019-4-11 10:32:45.530#change#{"from":{"line":10,"ch":7,"sticky":null},"to":{"line":10,"ch":7,"sticky":null},"text":["u"],"removed":[""],"origin":"+input"}
2019-4-11 10:32:45.956#change#{"from":{"line":10,"ch":8,"sticky":null},"to":{"line":10,"ch":8,"sticky":null},"text":["p"],"removed":[""],"origin":"+input"}
2019-4-11 10:32:46.109#change#{"from":{"line":10,"ch":9,"sticky":null},"to":{"line":10,"ch":9,"sticky":null},"text":["p"],"removed":[""],"origin":"+input"}
2019-4-11 10:32:46.229#change#{"from":{"line":10,"ch":10,"sticky":null},"to":{"line":10,"ch":10,"sticky":null},"text":["e"],"removed":[""],"origin":"+input"}
2019-4-11 10:32:46.434#change#{"from":{"line":10,"ch":11,"sticky":null},"to":{"line":10,"ch":11,"sticky":null},"text":["r"],"removed":[""],"origin":"+input"}
2019-4-11 10:32:48.142#change#{"from":{"line":10,"ch":12,"sticky":null},"to":{"line":10,"ch":12,"sticky":null},"text":["()"],"removed":[""],"origin":"+input"}
2019-4-11 10:32:48.142#keyHandled#"'('"
2019-4-11 10:32:50.103#keyHandled#"Right"
2019-4-11 10:32:50.355#change#{"from":{"line":10,"ch":14,"sticky":"before"},"to":{"line":10,"ch":14,"sticky":"before"},"text":[" "],"removed":[""],"origin":"+input"}
2019-4-11 10:32:51.642#change#{"from":{"line":10,"ch":15,"sticky":null},"to":{"line":10,"ch":15,"sticky":null},"text":["+"],"removed":[""],"origin":"+input"}
2019-4-11 10:32:52.334#change#{"from":{"line":10,"ch":15,"sticky":"after"},"to":{"line":10,"ch":16,"sticky":null},"text":[""],"removed":["+"],"origin":"+delete"}
2019-4-11 10:32:52.334#keyHandled#"Backspace"
2019-4-11 10:32:52.576#change#{"from":{"line":10,"ch":15,"sticky":null},"to":{"line":10,"ch":15,"sticky":null},"text":["="],"removed":[""],"origin":"+input"}
2019-4-11 10:32:52.742#change#{"from":{"line":10,"ch":16,"sticky":null},"to":{"line":10,"ch":16,"sticky":null},"text":["="],"removed":[""],"origin":"+input"}
2019-4-11 10:32:53.273#change#{"from":{"line":10,"ch":17,"sticky":null},"to":{"line":10,"ch":17,"sticky":null},"text":[" "],"removed":[""],"origin":"+input"}
2019-4-11 10:32:53.838#change#{"from":{"line":10,"ch":18,"sticky":null},"to":{"line":10,"ch":18,"sticky":null},"text":["\"\""],"removed":[""],"origin":"+input"}
2019-4-11 10:32:53.838#keyHandled#"'\"'"
2019-4-11 10:32:54.414#change#{"from":{"line":10,"ch":19,"sticky":"after"},"to":{"line":10,"ch":19,"sticky":"after"},"text":["C"],"removed":[""],"origin":"+input"}
2019-4-11 10:32:56.159#keyHandled#"Down"
2019-4-11 10:33:02.022#blur#
2019-4-11 10:33:02.022#blur#
2019-4-11 10:33:03.551#dica_bullet#SyntaxError: invalid syntax
2019-4-11 10:33:05.069#saida_testar#$ python3 main.py
File "main.py", line 11
if(esc.upper() == "C")
SyntaxError: invalid syntax
2019-4-11 10:34:44.046#mousedown#{"isTrusted":true}
2019-4-11 10:34:44.064#focus#
2019-4-11 10:34:45.249#change#{"from":{"line":10,"ch":22,"sticky":"before","xRel":-0.70001220703125},"to":{"line":10,"ch":22,"sticky":"before","xRel":-0.70001220703125},"text":[":"],"removed":[""],"origin":"+input"}
2019-4-11 10:34:45.249#change#{"from":{"line":10,"ch":22,"sticky":"before","xRel":-0.70001220703125},"to":{"line":10,"ch":22,"sticky":"before","xRel":-0.70001220703125},"text":[":"],"removed":[""],"origin":"+input"}
2019-4-11 10:34:49.324#saida_testar#$ python3 main.py
2019-4-11 10:34:49.935#blur#
2019-4-11 10:34:49.324#saida_testar#$ python3 main.py
2019-4-11 10:34:49.935#blur#
2019-4-11 10:34:58.629#submit#Your code did not produce the correct output. Please, correct your code and try again.
2019-4-11 10:34:58.629#submit#Your code did not produce the correct output. Please, correct your code and try again.
2019-4-11 10:35:15.355#saida_testar#$ python3 main.py
2019-4-11 10:35:51.320#mousedown#{"isTrusted":true}
2019-4-11 10:35:51.493#focus#
2019-4-11 10:35:55.463#change#{"from":{"line":4,"ch":0,"sticky":"after"},"to":{"line":4,"ch":1,"sticky":"after","xRel":1.04998779296875},"text":[""],"removed":["C"],"origin":"+delete"}
2019-4-11 10:35:55.463#keyHandled#"Backspace"
2019-4-11 10:35:57.154#change#{"from":{"line":4,"ch":0,"sticky":null},"to":{"line":4,"ch":0,"sticky":null},"text":["c"],"removed":[""],"origin":"+input"}
2019-4-11 10:35:59.043#mousedown#{"isTrusted":true}
2019-4-11 10:36:01.474#change#{"from":{"line":6,"ch":0,"sticky":null},"to":{"line":6,"ch":0,"sticky":null},"text":["f"],"removed":[""],"origin":"+input"}
2019-4-11 10:36:06.078#mousedown#{"isTrusted":true}
2019-4-11 10:36:06.973#change#{"from":{"line":9,"ch":7,"sticky":"after"},"to":{"line":9,"ch":8,"sticky":"before","xRel":2.29998779296875},"text":[""],"removed":["C"],"origin":"+delete"}
2019-4-11 10:36:06.973#keyHandled#"Backspace"
2019-4-11 10:36:07.212#change#{"from":{"line":9,"ch":7,"sticky":null},"to":{"line":9,"ch":7,"sticky":null},"text":["c"],"removed":[""],"origin":"+input"}
2019-4-11 10:36:08.675#mousedown#{"isTrusted":true}
2019-4-11 10:36:09.447#change#{"from":{"line":11,"ch":7,"sticky":"after"},"to":{"line":11,"ch":8,"sticky":"before","xRel":3.29998779296875},"text":[""],"removed":["F"],"origin":"+delete"}
2019-4-11 10:36:09.447#keyHandled#"Backspace"
2019-4-11 10:36:09.678#change#{"from":{"line":11,"ch":7,"sticky":null},"to":{"line":11,"ch":7,"sticky":null},"text":["f"],"removed":[""],"origin":"+input"}
2019-4-11 10:36:38.742#mousedown#{"isTrusted":true}
2019-4-11 10:36:39.544#change#{"from":{"line":6,"ch":11,"sticky":"after"},"to":{"line":6,"ch":12,"sticky":"before","xRel":-3.20001220703125},"text":[""],"removed":[")"],"origin":"+delete"}
2019-4-11 10:36:39.544#keyHandled#"Backspace"
2019-4-11 10:36:42.444#mousedown#{"isTrusted":true}
2019-4-11 10:36:43.373#change#{"from":{"line":6,"ch":5,"sticky":"after"},"to":{"line":6,"ch":6,"sticky":"before","xRel":-0.70001220703125},"text":[""],"removed":["("],"origin":"+delete"}
2019-4-11 10:36:43.373#keyHandled#"Backspace"
2019-4-11 10:36:44.255#mousedown#{"isTrusted":true}
2019-4-11 10:36:45.477#change#{"from":{"line":6,"ch":9,"sticky":"before","xRel":-0.95001220703125},"to":{"line":6,"ch":9,"sticky":"before","xRel":-0.95001220703125},"text":["("],"removed":[""],"origin":"+input"}
2019-4-11 10:36:47.602#mousedown#{"isTrusted":true}
2019-4-11 10:36:48.561#change#{"from":{"line":6,"ch":16,"sticky":"after","xRel":1.79998779296875},"to":{"line":6,"ch":16,"sticky":"after","xRel":1.79998779296875},"text":[")"],"removed":[""],"origin":"+input"}
2019-4-11 10:36:55.080#blur#
2019-4-11 10:36:55.080#blur#
2019-4-11 10:36:57.279#saida_testar#$ python3 main.py
Digite aqui a escala da temperatura: F
Digite aqui a temperatura: 100
23.56
2019-4-11 10:37:20.288#mousedown#{"isTrusted":true}
2019-4-11 10:37:20.456#focus#
2019-4-11 10:37:21.730#change#{"from":{"line":4,"ch":9,"sticky":"after","xRel":2.04998779296875},"to":{"line":4,"ch":9,"sticky":"after","xRel":2.04998779296875},"text":[")"],"removed":[""],"origin":"+input"}
2019-4-11 10:37:23.447#mousedown#{"isTrusted":true}
2019-4-11 10:37:24.331#change#{"from":{"line":4,"ch":4,"sticky":"after","xRel":0.79998779296875},"to":{"line":4,"ch":4,"sticky":"after","xRel":0.79998779296875},"text":["("],"removed":[""],"origin":"+input"}
2019-4-11 10:37:26.456#mousedown#{"isTrusted":true}
2019-4-11 10:37:27.976#change#{"from":{"line":4,"ch":15,"sticky":"after","xRel":3.54998779296875},"to":{"line":4,"ch":15,"sticky":"after","xRel":3.54998779296875},"text":["()"],"removed":[""],"origin":"+input"}
2019-4-11 10:37:27.976#keyHandled#"'('"
2019-4-11 10:37:29.134#change#{"from":{"line":4,"ch":15,"sticky":null},"to":{"line":4,"ch":17,"sticky":null},"text":[""],"removed":["()"],"origin":"+delete"}
2019-4-11 10:37:29.134#keyHandled#"Backspace"
2019-4-11 10:37:30.898#mousedown#{"isTrusted":true}
2019-4-11 10:37:31.877#change#{"from":{"line":4,"ch":14,"sticky":"before","xRel":-2.70001220703125},"to":{"line":4,"ch":14,"sticky":"before","xRel":-2.70001220703125},"text":["("],"removed":[""],"origin":"+input"}
2019-4-11 10:37:33.473#mousedown#{"isTrusted":true}
2019-4-11 10:37:34.378#change#{"from":{"line":4,"ch":21,"sticky":"before","xRel":13.04998779296875},"to":{"line":4,"ch":21,"sticky":"before","xRel":13.04998779296875},"text":[")"],"removed":[""],"origin":"+input"}
2019-4-11 10:37:52.860#blur#
2019-4-11 10:37:52.860#blur#
2019-4-11 10:37:55.171#saida_testar#$ python3 main.py
2019-4-11 10:38:08.120#mousedown#{"isTrusted":true}
2019-4-11 10:38:08.285#focus#
2019-4-11 10:38:09.049#change#{"from":{"line":6,"ch":16,"sticky":"after"},"to":{"line":6,"ch":17,"sticky":"before","xRel":-2.95001220703125},"text":[""],"removed":[")"],"origin":"+delete"}
2019-4-11 10:38:09.049#keyHandled#"Backspace"
2019-4-11 10:38:09.274#change#{"from":{"line":6,"ch":15,"sticky":"after"},"to":{"line":6,"ch":16,"sticky":null},"text":[""],"removed":[")"],"origin":"+delete"}
2019-4-11 10:38:09.274#keyHandled#"Backspace"
2019-4-11 10:38:10.899#mousedown#{"isTrusted":true}
2019-4-11 10:38:11.457#change#{"from":{"line":6,"ch":9,"sticky":"after"},"to":{"line":6,"ch":10,"sticky":"before","xRel":-0.70001220703125},"text":[""],"removed":["("],"origin":"+delete"}
2019-4-11 10:38:11.457#keyHandled#"Backspace"
2019-4-11 10:38:12.421#mousedown#{"isTrusted":true}
2019-4-11 10:38:12.591#change#{"from":{"line":6,"ch":4,"sticky":"after"},"to":{"line":6,"ch":5,"sticky":"after","xRel":3.04998779296875},"text":[""],"removed":["("],"origin":"+delete"}
2019-4-11 10:38:12.591#keyHandled#"Backspace"
2019-4-11 10:38:23.050#mousedown#{"isTrusted":true}
2019-4-11 10:38:24.547#change#{"from":{"line":6,"ch":8,"sticky":"before","xRel":-2.20001220703125},"to":{"line":6,"ch":8,"sticky":"before","xRel":-2.20001220703125},"text":["("],"removed":[""],"origin":"+input"}
2019-4-11 10:38:26.429#mousedown#{"isTrusted":true}
2019-4-11 10:38:27.383#keyHandled#"Right"
2019-4-11 10:38:27.996#change#{"from":{"line":6,"ch":14,"sticky":"before"},"to":{"line":6,"ch":14,"sticky":"before"},"text":[")"],"removed":[""],"origin":"+input"}
2019-4-11 10:39:11.037#blur#
