2019-5-7 17:35:35.397#viewportChange#0
2019-5-7 17:36:17.226#mousedown#{"isTrusted":true}
2019-5-7 17:36:17.255#focus#
2019-5-7 17:36:17.226#mousedown#{"isTrusted":true}
2019-5-7 17:36:17.255#focus#
2019-5-7 17:36:19.238#dica_bullet#SyntaxError: invalid syntax
2019-5-7 17:36:19.314#saida_testar#$ python3 main.py
File "main.py", line 9
while (CONDI\xc7\xc3O DO LA\xc7O):
SyntaxError: invalid syntax
2019-5-7 17:36:19.238#dica_bullet#SyntaxError: invalid syntax
2019-5-7 17:36:19.314#saida_testar#$ python3 main.py
File "main.py", line 9
while (CONDI\xc7\xc3O DO LA\xc7O):
SyntaxError: invalid syntax
2019-5-7 17:36:21.456#dica_bullet#SyntaxError: invalid syntax
2019-5-7 17:36:23.123#saida_testar#$ python3 main.py
File "main.py", line 9
while (CONDI\xc7\xc3O DO LA\xc7O):
SyntaxError: invalid syntax
2019-5-7 17:36:34.613#mousedown#{"isTrusted":true}
2019-5-7 17:36:35.221#mousedown#{"isTrusted":true}
2019-5-7 17:36:35.980#mousedown#{"isTrusted":true}
2019-5-7 17:36:36.565#mousedown#{"isTrusted":true}
2019-5-7 17:36:49.197#mousedown#{"isTrusted":true}
2019-5-7 17:36:50.344#blur#
2019-5-7 17:36:50.509#dica_open#SyntaxError: invalid syntax
2019-5-7 17:36:53.781#mousedown#{"isTrusted":true}
2019-5-7 17:36:53.804#focus#
2019-5-7 17:36:53.944#dica_close#
2019-5-7 17:37:11.685#mousedown#{"isTrusted":true}
2019-5-7 17:37:13.026#change#{"from":{"line":10,"ch":24,"sticky":"after"},"to":{"line":10,"ch":25,"sticky":"before","xRel":-0.5999755859375},"text":[""],"removed":["E"],"origin":"+delete"}
2019-5-7 17:37:13.026#keyHandled#"Backspace"
2019-5-7 17:37:15.056#change#{"from":{"line":10,"ch":23,"sticky":"after"},"to":{"line":10,"ch":24,"sticky":null},"text":[""],"removed":["D"],"origin":"+delete"}
2019-5-7 17:37:15.056#keyHandled#"Backspace"
2019-5-7 17:37:15.472#change#{"from":{"line":10,"ch":22,"sticky":"after"},"to":{"line":10,"ch":23,"sticky":null},"text":[""],"removed":["A"],"origin":"+delete"}
2019-5-7 17:37:15.472#keyHandled#"Backspace"
2019-5-7 17:37:15.644#change#{"from":{"line":10,"ch":21,"sticky":"after"},"to":{"line":10,"ch":22,"sticky":null},"text":[""],"removed":["D"],"origin":"+delete"}
2019-5-7 17:37:15.644#keyHandled#"Backspace"
2019-5-7 17:37:16.141#change#{"from":{"line":10,"ch":20,"sticky":"after"},"to":{"line":10,"ch":21,"sticky":null},"text":[""],"removed":["I"],"origin":"+delete"}
2019-5-7 17:37:16.141#keyHandled#"Backspace"
2019-5-7 17:37:16.191#change#{"from":{"line":10,"ch":19,"sticky":"after"},"to":{"line":10,"ch":20,"sticky":null},"text":[""],"removed":["R"],"origin":"+delete"}
2019-5-7 17:37:16.191#keyHandled#"Backspace"
2019-5-7 17:37:16.241#change#{"from":{"line":10,"ch":18,"sticky":"after"},"to":{"line":10,"ch":19,"sticky":null},"text":[""],"removed":["A"],"origin":"+delete"}
2019-5-7 17:37:16.241#keyHandled#"Backspace"
2019-5-7 17:37:16.291#change#{"from":{"line":10,"ch":17,"sticky":"after"},"to":{"line":10,"ch":18,"sticky":null},"text":[""],"removed":["P"],"origin":"+delete"}
2019-5-7 17:37:16.291#keyHandled#"Backspace"
2019-5-7 17:37:16.407#change#{"from":{"line":10,"ch":16,"sticky":"after"},"to":{"line":10,"ch":17,"sticky":null},"text":[""],"removed":[" "],"origin":"+delete"}
2019-5-7 17:37:16.407#keyHandled#"Backspace"
2019-5-7 17:37:16.908#change#{"from":{"line":10,"ch":15,"sticky":"after"},"to":{"line":10,"ch":16,"sticky":null},"text":[""],"removed":["E"],"origin":"+delete"}
2019-5-7 17:37:16.908#keyHandled#"Backspace"
2019-5-7 17:37:16.963#change#{"from":{"line":10,"ch":14,"sticky":"after"},"to":{"line":10,"ch":15,"sticky":null},"text":[""],"removed":["D"],"origin":"+delete"}
2019-5-7 17:37:16.963#keyHandled#"Backspace"
2019-5-7 17:37:17.007#change#{"from":{"line":10,"ch":13,"sticky":"after"},"to":{"line":10,"ch":14,"sticky":null},"text":[""],"removed":[" "],"origin":"+delete"}
2019-5-7 17:37:17.007#keyHandled#"Backspace"
2019-5-7 17:37:17.151#change#{"from":{"line":10,"ch":12,"sticky":"after"},"to":{"line":10,"ch":13,"sticky":null},"text":[""],"removed":["O"],"origin":"+delete"}
2019-5-7 17:37:17.151#keyHandled#"Backspace"
2019-5-7 17:37:17.351#change#{"from":{"line":10,"ch":11,"sticky":"after"},"to":{"line":10,"ch":12,"sticky":null},"text":[""],"removed":["Ã"],"origin":"+delete"}
2019-5-7 17:37:17.351#keyHandled#"Backspace"
2019-5-7 17:37:17.559#change#{"from":{"line":10,"ch":10,"sticky":"after"},"to":{"line":10,"ch":11,"sticky":null},"text":[""],"removed":["Ç"],"origin":"+delete"}
2019-5-7 17:37:17.559#keyHandled#"Backspace"
2019-5-7 17:37:17.703#change#{"from":{"line":10,"ch":9,"sticky":"after"},"to":{"line":10,"ch":10,"sticky":null},"text":[""],"removed":["I"],"origin":"+delete"}
2019-5-7 17:37:17.703#keyHandled#"Backspace"
2019-5-7 17:37:17.863#change#{"from":{"line":10,"ch":8,"sticky":"after"},"to":{"line":10,"ch":9,"sticky":null},"text":[""],"removed":["D"],"origin":"+delete"}
2019-5-7 17:37:17.863#keyHandled#"Backspace"
2019-5-7 17:37:18.150#change#{"from":{"line":10,"ch":7,"sticky":"after"},"to":{"line":10,"ch":8,"sticky":null},"text":[""],"removed":["N"],"origin":"+delete"}
2019-5-7 17:37:18.150#keyHandled#"Backspace"
2019-5-7 17:37:18.359#change#{"from":{"line":10,"ch":6,"sticky":"after"},"to":{"line":10,"ch":7,"sticky":null},"text":[""],"removed":["O"],"origin":"+delete"}
2019-5-7 17:37:18.359#keyHandled#"Backspace"
2019-5-7 17:37:18.975#change#{"from":{"line":10,"ch":5,"sticky":"after"},"to":{"line":10,"ch":6,"sticky":null},"text":[""],"removed":["C"],"origin":"+delete"}
2019-5-7 17:37:18.975#keyHandled#"Backspace"
2019-5-7 17:37:31.327#change#{"from":{"line":10,"ch":5,"sticky":null},"to":{"line":10,"ch":5,"sticky":null},"text":["n"],"removed":[""],"origin":"+input"}
2019-5-7 17:37:31.467#change#{"from":{"line":10,"ch":6,"sticky":null},"to":{"line":10,"ch":6,"sticky":null},"text":["u"],"removed":[""],"origin":"+input"}
2019-5-7 17:37:32.141#change#{"from":{"line":10,"ch":7,"sticky":null},"to":{"line":10,"ch":7,"sticky":null},"text":["m"],"removed":[""],"origin":"+input"}
2019-5-7 17:37:32.285#change#{"from":{"line":10,"ch":8,"sticky":null},"to":{"line":10,"ch":8,"sticky":null},"text":["e"],"removed":[""],"origin":"+input"}
2019-5-7 17:37:32.468#change#{"from":{"line":10,"ch":9,"sticky":null},"to":{"line":10,"ch":9,"sticky":null},"text":[" "],"removed":[""],"origin":"+input"}
2019-5-7 17:37:32.963#change#{"from":{"line":10,"ch":10,"sticky":null},"to":{"line":10,"ch":10,"sticky":null},"text":["!"],"removed":[""],"origin":"+input"}
2019-5-7 17:37:34.296#change#{"from":{"line":10,"ch":11,"sticky":null},"to":{"line":10,"ch":11,"sticky":null},"text":["+"],"removed":[""],"origin":"+input"}
2019-5-7 17:37:35.511#change#{"from":{"line":10,"ch":11,"sticky":"after"},"to":{"line":10,"ch":12,"sticky":null},"text":[""],"removed":["+"],"origin":"+delete"}
2019-5-7 17:37:35.511#keyHandled#"Backspace"
2019-5-7 17:37:35.813#change#{"from":{"line":10,"ch":11,"sticky":null},"to":{"line":10,"ch":11,"sticky":null},"text":["="],"removed":[""],"origin":"+input"}
2019-5-7 17:37:40.052#change#{"from":{"line":10,"ch":12,"sticky":null},"to":{"line":10,"ch":12,"sticky":null},"text":[" "],"removed":[""],"origin":"+input"}
2019-5-7 17:37:40.979#change#{"from":{"line":10,"ch":13,"sticky":null},"to":{"line":10,"ch":13,"sticky":null},"text":["-"],"removed":[""],"origin":"+input"}
2019-5-7 17:37:41.285#change#{"from":{"line":10,"ch":14,"sticky":null},"to":{"line":10,"ch":14,"sticky":null},"text":["1"],"removed":[""],"origin":"+input"}
2019-5-7 17:37:42.757#keyHandled#"Right"
2019-5-7 17:37:45.949#change#{"from":{"line":10,"ch":16,"sticky":"before"},"to":{"line":10,"ch":16,"sticky":"before"},"text":["0"],"removed":[""],"origin":"+input"}
2019-5-7 17:37:47.561#change#{"from":{"line":10,"ch":16,"sticky":"after"},"to":{"line":10,"ch":17,"sticky":null},"text":[""],"removed":["0"],"origin":"+delete"}
2019-5-7 17:37:47.561#keyHandled#"Backspace"
2019-5-7 17:37:48.359#keyHandled#"Right"
2019-5-7 17:37:48.760#keyHandled#"Down"
2019-5-7 17:37:49.074#keyHandled#"Down"
2019-5-7 17:37:49.632#keyHandled#"Down"
2019-5-7 17:37:50.992#keyHandled#"Up"
2019-5-7 17:37:51.857#keyHandled#"Left"
2019-5-7 17:37:52.090#keyHandled#"Left"
2019-5-7 17:37:52.857#keyHandled#"Up"
2019-5-7 17:37:53.592#keyHandled#"Right"
2019-5-7 17:37:53.799#keyHandled#"Right"
2019-5-7 17:37:53.992#keyHandled#"Right"
2019-5-7 17:37:54.135#keyHandled#"Right"
2019-5-7 17:37:54.635#keyHandled#"Right"
2019-5-7 17:37:54.999#keyHandled#"Right"
2019-5-7 17:37:55.336#keyHandled#"Right"
2019-5-7 17:37:55.624#keyHandled#"Right"
2019-5-7 17:37:56.079#keyHandled#"Right"
2019-5-7 17:37:56.263#keyHandled#"Right"
2019-5-7 17:37:56.471#keyHandled#"Right"
2019-5-7 17:37:56.782#keyHandled#"Right"
2019-5-7 17:37:56.935#keyHandled#"Right"
2019-5-7 17:37:57.103#keyHandled#"Right"
2019-5-7 17:37:57.263#keyHandled#"Right"
2019-5-7 17:37:58.267#change#{"from":{"line":11,"ch":17,"sticky":"before"},"to":{"line":11,"ch":17,"sticky":"before"},"text":["",""],"removed":[""],"origin":"+input"}
2019-5-7 17:37:58.267#change#{"from":{"line":12,"ch":0,"sticky":null},"to":{"line":12,"ch":0,"sticky":null},"text":["\t\t"],"removed":[""],"origin":"+input"}
2019-5-7 17:37:58.267#keyHandled#"Enter"
2019-5-7 17:37:58.287#viewportChange#0
2019-5-7 17:37:59.576#change#{"from":{"line":12,"ch":1,"sticky":"after"},"to":{"line":12,"ch":2,"sticky":null},"text":[""],"removed":["\t"],"origin":"+delete"}
2019-5-7 17:37:59.576#keyHandled#"Backspace"
2019-5-7 17:37:59.912#change#{"from":{"line":12,"ch":0,"sticky":"after"},"to":{"line":12,"ch":1,"sticky":null},"text":[""],"removed":["\t"],"origin":"+delete"}
2019-5-7 17:37:59.912#keyHandled#"Backspace"
2019-5-7 17:38:00.136#change#{"from":{"line":11,"ch":17,"sticky":"before"},"to":{"line":12,"ch":0,"sticky":null},"text":[""],"removed":["",""],"origin":"+delete"}
2019-5-7 17:38:00.136#keyHandled#"Backspace"
2019-5-7 17:38:00.154#viewportChange#0
2019-5-7 17:38:01.123#keyHandled#"Right"
2019-5-7 17:38:01.451#change#{"from":{"line":11,"ch":18,"sticky":"before"},"to":{"line":11,"ch":18,"sticky":"before"},"text":["",""],"removed":[""],"origin":"+input"}
2019-5-7 17:38:01.451#change#{"from":{"line":12,"ch":0,"sticky":null},"to":{"line":12,"ch":0,"sticky":null},"text":["\t\t"],"removed":[""],"origin":"+input"}
2019-5-7 17:38:01.451#keyHandled#"Enter"
2019-5-7 17:38:01.470#viewportChange#0
2019-5-7 17:38:56.823#change#{"from":{"line":12,"ch":2,"sticky":null},"to":{"line":12,"ch":2,"sticky":null},"text":[" "],"removed":[""],"origin":"+input"}
2019-5-7 17:40:03.104#blur#
2019-5-7 17:41:08.268#mousedown#{"isTrusted":true}
2019-5-7 17:41:08.280#focus#
2019-5-7 17:41:17.996#change#{"from":{"line":12,"ch":3,"sticky":"before","xRel":169.4000244140625},"to":{"line":12,"ch":3,"sticky":"before","xRel":169.4000244140625},"text":["u"],"removed":[""],"origin":"+input"}
2019-5-7 17:41:18.090#change#{"from":{"line":12,"ch":4,"sticky":null},"to":{"line":12,"ch":4,"sticky":null},"text":["n"],"removed":[""],"origin":"+input"}
2019-5-7 17:41:19.254#change#{"from":{"line":12,"ch":4,"sticky":"after"},"to":{"line":12,"ch":5,"sticky":null},"text":[""],"removed":["n"],"origin":"+delete"}
2019-5-7 17:41:19.254#keyHandled#"Backspace"
2019-5-7 17:41:19.421#change#{"from":{"line":12,"ch":3,"sticky":"after"},"to":{"line":12,"ch":4,"sticky":null},"text":[""],"removed":["u"],"origin":"+delete"}
2019-5-7 17:41:19.422#keyHandled#"Backspace"
2019-5-7 17:41:19.908#change#{"from":{"line":12,"ch":3,"sticky":null},"to":{"line":12,"ch":3,"sticky":null},"text":["n"],"removed":[""],"origin":"+input"}
2019-5-7 17:41:20.035#change#{"from":{"line":12,"ch":4,"sticky":null},"to":{"line":12,"ch":4,"sticky":null},"text":["u"],"removed":[""],"origin":"+input"}
2019-5-7 17:41:20.147#change#{"from":{"line":12,"ch":5,"sticky":null},"to":{"line":12,"ch":5,"sticky":null},"text":["m"],"removed":[""],"origin":"+input"}
2019-5-7 17:41:21.333#keyHandled#"Left"
2019-5-7 17:41:21.501#keyHandled#"Left"
2019-5-7 17:41:22.006#change#{"from":{"line":12,"ch":3,"sticky":"after"},"to":{"line":12,"ch":4,"sticky":"after"},"text":[""],"removed":["n"],"origin":"+delete"}
2019-5-7 17:41:22.006#keyHandled#"Backspace"
2019-5-7 17:41:22.189#keyHandled#"Left"
2019-5-7 17:41:23.739#change#{"from":{"line":12,"ch":2,"sticky":"after"},"to":{"line":12,"ch":2,"sticky":"after"},"text":["n"],"removed":[""],"origin":"+input"}
2019-5-7 17:41:24.789#keyHandled#"Right"
2019-5-7 17:41:25.118#keyHandled#"Right"
2019-5-7 17:41:25.526#keyHandled#"Left"
2019-5-7 17:41:25.750#change#{"from":{"line":12,"ch":3,"sticky":"after"},"to":{"line":12,"ch":4,"sticky":"after"},"text":[""],"removed":[" "],"origin":"+delete"}
2019-5-7 17:41:25.750#keyHandled#"Backspace"
2019-5-7 17:41:26.214#keyHandled#"Right"
2019-5-7 17:41:26.469#keyHandled#"Right"
2019-5-7 17:41:55.358#mousedown#{"isTrusted":true}
2019-5-7 17:41:56.567#change#{"from":{"line":10,"ch":8,"sticky":"after"},"to":{"line":10,"ch":9,"sticky":"after","xRel":3.4000244140625},"text":[""],"removed":["e"],"origin":"+delete"}
2019-5-7 17:41:56.567#keyHandled#"Backspace"
2019-5-7 17:41:59.358#mousedown#{"isTrusted":true}
2019-5-7 17:41:59.576#change#{"from":{"line":12,"ch":4,"sticky":"after"},"to":{"line":12,"ch":5,"sticky":"before","xRel":1.4000244140625},"text":[""],"removed":["m"],"origin":"+delete"}
2019-5-7 17:41:59.576#keyHandled#"Backspace"
2019-5-7 17:41:59.832#change#{"from":{"line":12,"ch":3,"sticky":"after"},"to":{"line":12,"ch":4,"sticky":null},"text":[""],"removed":["u"],"origin":"+delete"}
2019-5-7 17:41:59.832#keyHandled#"Backspace"
2019-5-7 17:42:00.016#change#{"from":{"line":12,"ch":2,"sticky":"after"},"to":{"line":12,"ch":3,"sticky":null},"text":[""],"removed":["n"],"origin":"+delete"}
2019-5-7 17:42:00.016#keyHandled#"Backspace"
2019-5-7 17:42:00.686#mousedown#{"isTrusted":true}
2019-5-7 17:42:01.705#change#{"from":{"line":11,"ch":2,"sticky":"before","xRel":-3.5999755859375},"to":{"line":11,"ch":2,"sticky":"before","xRel":-3.5999755859375},"text":["",""],"removed":[""],"origin":"+input"}
2019-5-7 17:42:01.705#change#{"from":{"line":12,"ch":0,"sticky":null},"to":{"line":12,"ch":0,"sticky":null},"text":["\t\t"],"removed":[""],"origin":"+input"}
2019-5-7 17:42:01.705#keyHandled#"Enter"
2019-5-7 17:42:01.726#viewportChange#0
2019-5-7 17:42:02.574#mousedown#{"isTrusted":true}
2019-5-7 17:42:04.068#change#{"from":{"line":11,"ch":2,"sticky":"before","xRel":15.4000244140625},"to":{"line":11,"ch":2,"sticky":"before","xRel":15.4000244140625},"text":["n"],"removed":[""],"origin":"+input"}
2019-5-7 17:42:04.100#change#{"from":{"line":11,"ch":3,"sticky":null},"to":{"line":11,"ch":3,"sticky":null},"text":["u"],"removed":[""],"origin":"+input"}
2019-5-7 17:42:04.483#change#{"from":{"line":11,"ch":4,"sticky":null},"to":{"line":11,"ch":4,"sticky":null},"text":["e"],"removed":[""],"origin":"+input"}
2019-5-7 17:42:05.599#change#{"from":{"line":11,"ch":4,"sticky":"after"},"to":{"line":11,"ch":5,"sticky":null},"text":[""],"removed":["e"],"origin":"+delete"}
2019-5-7 17:42:05.599#keyHandled#"Backspace"
2019-5-7 17:42:06.076#change#{"from":{"line":11,"ch":4,"sticky":null},"to":{"line":11,"ch":4,"sticky":null},"text":["m"],"removed":[""],"origin":"+input"}
2019-5-7 17:42:06.203#change#{"from":{"line":11,"ch":5,"sticky":null},"to":{"line":11,"ch":5,"sticky":null},"text":["e"],"removed":[""],"origin":"+input"}
2019-5-7 17:42:07.568#change#{"from":{"line":11,"ch":5,"sticky":"after"},"to":{"line":11,"ch":6,"sticky":null},"text":[""],"removed":["e"],"origin":"+delete"}
2019-5-7 17:42:07.568#keyHandled#"Backspace"
2019-5-7 17:42:15.430#change#{"from":{"line":11,"ch":5,"sticky":null},"to":{"line":11,"ch":5,"sticky":null},"text":["="],"removed":[""],"origin":"+input"}
2019-5-7 17:42:16.296#change#{"from":{"line":11,"ch":5,"sticky":"after"},"to":{"line":11,"ch":6,"sticky":null},"text":[""],"removed":["="],"origin":"+delete"}
2019-5-7 17:42:16.296#keyHandled#"Backspace"
2019-5-7 17:42:16.764#change#{"from":{"line":11,"ch":5,"sticky":null},"to":{"line":11,"ch":5,"sticky":null},"text":[" "],"removed":[""],"origin":"+input"}
2019-5-7 17:42:16.907#change#{"from":{"line":11,"ch":6,"sticky":null},"to":{"line":11,"ch":6,"sticky":null},"text":["="],"removed":[""],"origin":"+input"}
2019-5-7 17:42:17.943#change#{"from":{"line":11,"ch":6,"sticky":"after"},"to":{"line":11,"ch":7,"sticky":null},"text":[""],"removed":["="],"origin":"+delete"}
2019-5-7 17:42:17.943#keyHandled#"Backspace"
2019-5-7 17:42:18.135#change#{"from":{"line":11,"ch":5,"sticky":"after"},"to":{"line":11,"ch":6,"sticky":null},"text":[""],"removed":[" "],"origin":"+delete"}
2019-5-7 17:42:18.135#keyHandled#"Backspace"
2019-5-7 17:42:23.140#change#{"from":{"line":11,"ch":5,"sticky":null},"to":{"line":11,"ch":5,"sticky":null},"text":["%"],"removed":[""],"origin":"+input"}
2019-5-7 17:42:24.114#change#{"from":{"line":11,"ch":5,"sticky":"after"},"to":{"line":11,"ch":6,"sticky":null},"text":[""],"removed":["%"],"origin":"+delete"}
2019-5-7 17:42:24.114#keyHandled#"Backspace"
2019-5-7 17:42:24.340#change#{"from":{"line":11,"ch":5,"sticky":null},"to":{"line":11,"ch":5,"sticky":null},"text":[" "],"removed":[""],"origin":"+input"}
2019-5-7 17:42:25.051#change#{"from":{"line":11,"ch":6,"sticky":null},"to":{"line":11,"ch":6,"sticky":null},"text":["%"],"removed":[""],"origin":"+input"}
2019-5-7 17:42:25.869#change#{"from":{"line":11,"ch":7,"sticky":null},"to":{"line":11,"ch":7,"sticky":null},"text":[" "],"removed":[""],"origin":"+input"}
2019-5-7 17:42:27.236#change#{"from":{"line":11,"ch":8,"sticky":null},"to":{"line":11,"ch":8,"sticky":null},"text":["2"],"removed":[""],"origin":"+input"}
2019-5-7 17:42:31.880#mousedown#{"isTrusted":true}
2019-5-7 17:42:34.804#copy#{"isTrusted":true}
2019-5-7 17:42:37.287#mousedown#{"isTrusted":true}
2019-5-7 17:42:38.265#mousedown#{"isTrusted":true}
2019-5-7 17:42:38.855#mousedown#{"isTrusted":true}
2019-5-7 17:42:42.519#mousedown#{"isTrusted":true}
2019-5-7 17:42:44.009#change#{"from":{"line":8,"ch":22,"sticky":"after"},"to":{"line":8,"ch":23,"sticky":"after","xRel":2.4000244140625},"text":[""],"removed":["O"],"origin":"+delete"}
2019-5-7 17:42:44.009#keyHandled#"Backspace"
2019-5-7 17:42:44.508#change#{"from":{"line":8,"ch":21,"sticky":"after"},"to":{"line":8,"ch":22,"sticky":null},"text":[""],"removed":["Ç"],"origin":"+delete"}
2019-5-7 17:42:44.508#keyHandled#"Backspace"
2019-5-7 17:42:44.559#change#{"from":{"line":8,"ch":20,"sticky":"after"},"to":{"line":8,"ch":21,"sticky":null},"text":[""],"removed":["A"],"origin":"+delete"}
2019-5-7 17:42:44.559#keyHandled#"Backspace"
2019-5-7 17:42:44.609#change#{"from":{"line":8,"ch":19,"sticky":"after"},"to":{"line":8,"ch":20,"sticky":null},"text":[""],"removed":["L"],"origin":"+delete"}
2019-5-7 17:42:44.609#keyHandled#"Backspace"
2019-5-7 17:42:44.658#change#{"from":{"line":8,"ch":18,"sticky":"after"},"to":{"line":8,"ch":19,"sticky":null},"text":[""],"removed":[" "],"origin":"+delete"}
2019-5-7 17:42:44.658#keyHandled#"Backspace"
2019-5-7 17:42:44.708#change#{"from":{"line":8,"ch":17,"sticky":"after"},"to":{"line":8,"ch":18,"sticky":null},"text":[""],"removed":["O"],"origin":"+delete"}
2019-5-7 17:42:44.708#keyHandled#"Backspace"
2019-5-7 17:42:44.759#change#{"from":{"line":8,"ch":16,"sticky":"after"},"to":{"line":8,"ch":17,"sticky":null},"text":[""],"removed":["D"],"origin":"+delete"}
2019-5-7 17:42:44.759#keyHandled#"Backspace"
2019-5-7 17:42:44.920#change#{"from":{"line":8,"ch":15,"sticky":"after"},"to":{"line":8,"ch":16,"sticky":null},"text":[""],"removed":[" "],"origin":"+delete"}
2019-5-7 17:42:44.920#keyHandled#"Backspace"
2019-5-7 17:42:45.112#change#{"from":{"line":8,"ch":14,"sticky":"after"},"to":{"line":8,"ch":15,"sticky":null},"text":[""],"removed":["O"],"origin":"+delete"}
2019-5-7 17:42:45.112#keyHandled#"Backspace"
2019-5-7 17:42:45.313#change#{"from":{"line":8,"ch":13,"sticky":"after"},"to":{"line":8,"ch":14,"sticky":null},"text":[""],"removed":["Ã"],"origin":"+delete"}
2019-5-7 17:42:45.313#keyHandled#"Backspace"
2019-5-7 17:42:45.640#change#{"from":{"line":8,"ch":12,"sticky":"after"},"to":{"line":8,"ch":13,"sticky":null},"text":[""],"removed":["Ç"],"origin":"+delete"}
2019-5-7 17:42:45.640#keyHandled#"Backspace"
2019-5-7 17:42:45.832#change#{"from":{"line":8,"ch":11,"sticky":"after"},"to":{"line":8,"ch":12,"sticky":null},"text":[""],"removed":["I"],"origin":"+delete"}
2019-5-7 17:42:45.832#keyHandled#"Backspace"
2019-5-7 17:42:46.008#change#{"from":{"line":8,"ch":10,"sticky":"after"},"to":{"line":8,"ch":11,"sticky":null},"text":[""],"removed":["D"],"origin":"+delete"}
2019-5-7 17:42:46.008#keyHandled#"Backspace"
2019-5-7 17:42:46.144#change#{"from":{"line":8,"ch":9,"sticky":"after"},"to":{"line":8,"ch":10,"sticky":null},"text":[""],"removed":["N"],"origin":"+delete"}
2019-5-7 17:42:46.144#keyHandled#"Backspace"
2019-5-7 17:42:46.297#change#{"from":{"line":8,"ch":8,"sticky":"after"},"to":{"line":8,"ch":9,"sticky":null},"text":[""],"removed":["O"],"origin":"+delete"}
2019-5-7 17:42:46.297#keyHandled#"Backspace"
2019-5-7 17:42:46.601#change#{"from":{"line":8,"ch":7,"sticky":"after"},"to":{"line":8,"ch":8,"sticky":null},"text":[""],"removed":["C"],"origin":"+delete"}
2019-5-7 17:42:46.601#keyHandled#"Backspace"
2019-5-7 17:42:47.702#change#{"from":{"line":8,"ch":7,"sticky":null},"to":{"line":8,"ch":7,"sticky":null},"text":["num != -1"],"removed":[""],"origin":"paste"}
2019-5-7 17:42:47.702#change#{"from":{"line":8,"ch":7,"sticky":null},"to":{"line":8,"ch":7,"sticky":null},"text":["num != -1"],"removed":[""],"origin":"paste"}
2019-5-7 17:42:51.046#saida_testar#$ python3 main.py
2019-5-7 17:42:52.862#change#{"from":{"line":8,"ch":16,"sticky":null},"to":{"line":8,"ch":16,"sticky":null},"text":["1"],"removed":[""],"origin":"+input"}
2019-5-7 17:42:53.069#change#{"from":{"line":8,"ch":17,"sticky":null},"to":{"line":8,"ch":17,"sticky":null},"text":["2"],"removed":[""],"origin":"+input"}
2019-5-7 17:42:53.261#change#{"from":{"line":8,"ch":18,"sticky":null},"to":{"line":8,"ch":18,"sticky":null},"text":["2"],"removed":[""],"origin":"+input"}
2019-5-7 17:42:53.280#change#{"from":{"line":8,"ch":19,"sticky":null},"to":{"line":8,"ch":19,"sticky":null},"text":["",""],"removed":[""],"origin":"+input"}
2019-5-7 17:42:53.280#change#{"from":{"line":9,"ch":0,"sticky":null},"to":{"line":9,"ch":0,"sticky":null},"text":["\t\t"],"removed":[""],"origin":"+input"}
2019-5-7 17:42:53.280#keyHandled#"Enter"
2019-5-7 17:42:53.300#viewportChange#0
2019-5-7 17:42:54.873#change#{"from":{"line":9,"ch":1,"sticky":"after"},"to":{"line":9,"ch":2,"sticky":null},"text":[""],"removed":["\t"],"origin":"+delete"}
2019-5-7 17:42:54.873#keyHandled#"Backspace"
2019-5-7 17:42:55.112#change#{"from":{"line":9,"ch":0,"sticky":"after"},"to":{"line":9,"ch":1,"sticky":null},"text":[""],"removed":["\t"],"origin":"+delete"}
2019-5-7 17:42:55.113#keyHandled#"Backspace"
2019-5-7 17:42:55.353#change#{"from":{"line":8,"ch":19,"sticky":"before"},"to":{"line":9,"ch":0,"sticky":null},"text":[""],"removed":["",""],"origin":"+delete"}
2019-5-7 17:42:55.353#keyHandled#"Backspace"
2019-5-7 17:42:55.374#viewportChange#0
2019-5-7 17:42:55.994#change#{"from":{"line":8,"ch":18,"sticky":"after"},"to":{"line":8,"ch":19,"sticky":null},"text":[""],"removed":["2"],"origin":"+delete"}
2019-5-7 17:42:55.994#keyHandled#"Backspace"
2019-5-7 17:42:56.137#change#{"from":{"line":8,"ch":17,"sticky":"after"},"to":{"line":8,"ch":18,"sticky":null},"text":[""],"removed":["2"],"origin":"+delete"}
2019-5-7 17:42:56.137#keyHandled#"Backspace"
2019-5-7 17:42:56.361#change#{"from":{"line":8,"ch":16,"sticky":"after"},"to":{"line":8,"ch":17,"sticky":null},"text":[""],"removed":["1"],"origin":"+delete"}
2019-5-7 17:42:56.361#keyHandled#"Backspace"
2019-5-7 17:42:56.137#change#{"from":{"line":8,"ch":17,"sticky":"after"},"to":{"line":8,"ch":18,"sticky":null},"text":[""],"removed":["2"],"origin":"+delete"}
2019-5-7 17:42:56.137#keyHandled#"Backspace"
2019-5-7 17:42:56.361#change#{"from":{"line":8,"ch":16,"sticky":"after"},"to":{"line":8,"ch":17,"sticky":null},"text":[""],"removed":["1"],"origin":"+delete"}
2019-5-7 17:42:56.361#keyHandled#"Backspace"
2019-5-7 17:42:58.972#saida_testar#$ python3 main.py
2019-5-7 17:43:00.037#blur#
2019-5-7 17:43:00.037#blur#
2019-5-7 17:43:15.472#submit#You're almost there! Your code is 33% correct, but if you try harder you'll be able to hit 100% of the question.
2019-5-7 17:43:38.177#mousedown#{"isTrusted":true}
2019-5-7 17:43:38.378#focus#
2019-5-8 02:34:36.180#mousedown#{"isTrusted":true}
2019-5-8 02:34:36.356#focus#
2019-5-8 02:34:38.568#change#{"from":{"line":11,"ch":9,"sticky":"before","xRel":7.64996337890625},"to":{"line":11,"ch":9,"sticky":"before","xRel":7.64996337890625},"text":[" "],"removed":[""],"origin":"+input"}
2019-5-8 02:34:39.690#change#{"from":{"line":11,"ch":10,"sticky":null},"to":{"line":11,"ch":10,"sticky":null},"text":["="],"removed":[""],"origin":"+input"}
2019-5-8 02:34:42.028#change#{"from":{"line":11,"ch":11,"sticky":null},"to":{"line":11,"ch":11,"sticky":null},"text":[" "],"removed":[""],"origin":"+input"}
2019-5-8 02:34:43.228#change#{"from":{"line":11,"ch":12,"sticky":null},"to":{"line":11,"ch":12,"sticky":null},"text":["0"],"removed":[""],"origin":"+input"}
2019-5-8 02:34:57.228#blur#
2019-5-8 02:35:05.433#mousedown#{"isTrusted":true}
2019-5-8 02:35:05.537#focus#
2019-5-8 02:35:07.177#change#{"from":{"line":11,"ch":12,"sticky":"after"},"to":{"line":11,"ch":13,"sticky":"before","xRel":11.89996337890625},"text":[""],"removed":["0"],"origin":"+delete"}
2019-5-8 02:35:07.177#keyHandled#"Backspace"
2019-5-8 02:35:07.360#change#{"from":{"line":11,"ch":11,"sticky":"after"},"to":{"line":11,"ch":12,"sticky":null},"text":[""],"removed":[" "],"origin":"+delete"}
2019-5-8 02:35:07.360#keyHandled#"Backspace"
2019-5-8 02:35:07.554#change#{"from":{"line":11,"ch":10,"sticky":"after"},"to":{"line":11,"ch":11,"sticky":null},"text":[""],"removed":["="],"origin":"+delete"}
2019-5-8 02:35:07.554#keyHandled#"Backspace"
2019-5-8 02:35:08.025#change#{"from":{"line":11,"ch":9,"sticky":"after"},"to":{"line":11,"ch":10,"sticky":null},"text":[""],"removed":[" "],"origin":"+delete"}
2019-5-8 02:35:08.025#keyHandled#"Backspace"
2019-5-8 02:35:08.025#change#{"from":{"line":11,"ch":9,"sticky":"after"},"to":{"line":11,"ch":10,"sticky":null},"text":[""],"removed":[" "],"origin":"+delete"}
2019-5-8 02:35:08.025#keyHandled#"Backspace"
2019-5-8 02:35:09.888#blur#
2019-5-8 02:35:11.370#saida_testar#$ python3 main.py
2019-5-8 02:36:11.739#mousedown#{"isTrusted":true}
2019-5-8 02:36:11.749#focus#
2019-5-8 02:36:13.346#change#{"from":{"line":11,"ch":8,"sticky":"after"},"to":{"line":11,"ch":9,"sticky":"before","xRel":2.64996337890625},"text":[""],"removed":["2"],"origin":"+delete"}
2019-5-8 02:36:13.346#keyHandled#"Backspace"
2019-5-8 02:36:13.585#change#{"from":{"line":11,"ch":7,"sticky":"after"},"to":{"line":11,"ch":8,"sticky":null},"text":[""],"removed":[" "],"origin":"+delete"}
2019-5-8 02:36:13.585#keyHandled#"Backspace"
2019-5-8 02:36:13.794#change#{"from":{"line":11,"ch":6,"sticky":"after"},"to":{"line":11,"ch":7,"sticky":null},"text":[""],"removed":["%"],"origin":"+delete"}
2019-5-8 02:36:13.794#keyHandled#"Backspace"
2019-5-8 02:36:13.996#change#{"from":{"line":11,"ch":5,"sticky":"after"},"to":{"line":11,"ch":6,"sticky":null},"text":[""],"removed":[" "],"origin":"+delete"}
2019-5-8 02:36:13.996#keyHandled#"Backspace"
2019-5-8 02:36:14.221#change#{"from":{"line":11,"ch":4,"sticky":"after"},"to":{"line":11,"ch":5,"sticky":null},"text":[""],"removed":["m"],"origin":"+delete"}
2019-5-8 02:36:14.221#keyHandled#"Backspace"
2019-5-8 02:36:14.436#change#{"from":{"line":11,"ch":3,"sticky":"after"},"to":{"line":11,"ch":4,"sticky":null},"text":[""],"removed":["u"],"origin":"+delete"}
2019-5-8 02:36:14.436#keyHandled#"Backspace"
2019-5-8 02:36:14.681#change#{"from":{"line":11,"ch":2,"sticky":"after"},"to":{"line":11,"ch":3,"sticky":null},"text":[""],"removed":["n"],"origin":"+delete"}
2019-5-8 02:36:14.681#keyHandled#"Backspace"
2019-5-8 02:36:16.454#change#{"from":{"line":11,"ch":1,"sticky":"after"},"to":{"line":11,"ch":2,"sticky":null},"text":[""],"removed":["\t"],"origin":"+delete"}
2019-5-8 02:36:16.454#keyHandled#"Backspace"
2019-5-8 02:36:17.056#change#{"from":{"line":11,"ch":0,"sticky":"after"},"to":{"line":11,"ch":1,"sticky":null},"text":[""],"removed":["\t"],"origin":"+delete"}
2019-5-8 02:36:17.056#keyHandled#"Backspace"
2019-5-8 02:36:17.431#change#{"from":{"line":10,"ch":16,"sticky":"before"},"to":{"line":11,"ch":0,"sticky":null},"text":[""],"removed":["",""],"origin":"+delete"}
2019-5-8 02:36:17.431#keyHandled#"Backspace"
2019-5-8 02:36:17.456#viewportChange#0
2019-5-8 02:36:19.718#mousedown#{"isTrusted":true}
2019-5-8 02:36:24.233#change#{"from":{"line":10,"ch":13,"sticky":"after"},"to":{"line":10,"ch":14,"sticky":"before","xRel":-0.41253662109375},"text":[""],"removed":["1"],"origin":"+delete"}
2019-5-8 02:36:24.233#keyHandled#"Backspace"
2019-5-8 02:36:24.662#change#{"from":{"line":10,"ch":12,"sticky":"after"},"to":{"line":10,"ch":13,"sticky":null},"text":[""],"removed":["-"],"origin":"+delete"}
2019-5-8 02:36:24.662#keyHandled#"Backspace"
2019-5-8 02:36:24.914#change#{"from":{"line":10,"ch":11,"sticky":"after"},"to":{"line":10,"ch":12,"sticky":null},"text":[""],"removed":[" "],"origin":"+delete"}
2019-5-8 02:36:24.914#keyHandled#"Backspace"
2019-5-8 02:36:25.406#change#{"from":{"line":10,"ch":10,"sticky":"after"},"to":{"line":10,"ch":11,"sticky":null},"text":[""],"removed":["="],"origin":"+delete"}
2019-5-8 02:36:25.406#keyHandled#"Backspace"
2019-5-8 02:36:26.301#change#{"from":{"line":10,"ch":9,"sticky":"after"},"to":{"line":10,"ch":10,"sticky":null},"text":[""],"removed":["!"],"origin":"+delete"}
2019-5-8 02:36:26.301#keyHandled#"Backspace"
2019-5-8 02:36:29.126#change#{"from":{"line":10,"ch":9,"sticky":null},"to":{"line":10,"ch":9,"sticky":null},"text":["%"],"removed":[""],"origin":"+input"}
2019-5-8 02:36:29.938#change#{"from":{"line":10,"ch":10,"sticky":null},"to":{"line":10,"ch":10,"sticky":null},"text":[" "],"removed":[""],"origin":"+input"}
2019-5-8 02:36:30.594#change#{"from":{"line":10,"ch":11,"sticky":null},"to":{"line":10,"ch":11,"sticky":null},"text":["2"],"removed":[""],"origin":"+input"}
2019-5-8 02:36:31.423#change#{"from":{"line":10,"ch":12,"sticky":null},"to":{"line":10,"ch":12,"sticky":null},"text":[" "],"removed":[""],"origin":"+input"}
2019-5-8 02:36:31.423#change#{"from":{"line":10,"ch":12,"sticky":null},"to":{"line":10,"ch":12,"sticky":null},"text":[" "],"removed":[""],"origin":"+input"}
2019-5-8 02:36:33.828#blur#
2019-5-8 02:36:34.976#saida_testar#$ python3 main.py
2019-5-8 02:36:34.976#saida_testar#$ python3 main.py
2019-5-8 02:37:10.653#submit#Your code did not produce the correct output. Please, correct your code and try again.
2019-5-8 02:37:26.312#mousedown#{"isTrusted":true}
2019-5-8 02:37:26.632#focus#
2019-5-8 02:37:30.883#change#{"from":{"line":10,"ch":11,"sticky":"after"},"to":{"line":10,"ch":12,"sticky":"after","xRel":0.6875},"text":[""],"removed":["2"],"origin":"+delete"}
2019-5-8 02:37:30.883#keyHandled#"Backspace"
2019-5-8 02:37:31.134#change#{"from":{"line":10,"ch":10,"sticky":"after"},"to":{"line":10,"ch":11,"sticky":null},"text":[""],"removed":[" "],"origin":"+delete"}
2019-5-8 02:37:31.134#keyHandled#"Backspace"
2019-5-8 02:37:31.387#change#{"from":{"line":10,"ch":9,"sticky":"after"},"to":{"line":10,"ch":10,"sticky":null},"text":[""],"removed":["%"],"origin":"+delete"}
2019-5-8 02:37:31.387#keyHandled#"Backspace"
2019-5-8 02:37:31.861#change#{"from":{"line":10,"ch":8,"sticky":"after"},"to":{"line":10,"ch":9,"sticky":null},"text":[""],"removed":[" "],"origin":"+delete"}
2019-5-8 02:37:31.861#keyHandled#"Backspace"
2019-5-8 02:37:32.512#change#{"from":{"line":10,"ch":7,"sticky":"after"},"to":{"line":10,"ch":8,"sticky":null},"text":[""],"removed":["m"],"origin":"+delete"}
2019-5-8 02:37:32.512#keyHandled#"Backspace"
2019-5-8 02:37:33.301#change#{"from":{"line":10,"ch":6,"sticky":"after"},"to":{"line":10,"ch":7,"sticky":null},"text":[""],"removed":["u"],"origin":"+delete"}
2019-5-8 02:37:33.301#keyHandled#"Backspace"
2019-5-8 02:37:35.405#change#{"from":{"line":10,"ch":6,"sticky":null},"to":{"line":10,"ch":6,"sticky":null},"text":["U"],"removed":[""],"origin":"+input"}
2019-5-8 02:37:36.270#change#{"from":{"line":10,"ch":7,"sticky":null},"to":{"line":10,"ch":7,"sticky":null},"text":["M"],"removed":[""],"origin":"+input"}
2019-5-8 02:37:36.502#change#{"from":{"line":10,"ch":8,"sticky":null},"to":{"line":10,"ch":8,"sticky":null},"text":[" "],"removed":[""],"origin":"+input"}
2019-5-8 02:37:37.630#change#{"from":{"line":10,"ch":8,"sticky":"after"},"to":{"line":10,"ch":9,"sticky":null},"text":[""],"removed":[" "],"origin":"+delete"}
2019-5-8 02:37:37.630#keyHandled#"Backspace"
2019-5-8 02:37:37.842#change#{"from":{"line":10,"ch":7,"sticky":"after"},"to":{"line":10,"ch":8,"sticky":null},"text":[""],"removed":["M"],"origin":"+delete"}
2019-5-8 02:37:37.842#keyHandled#"Backspace"
2019-5-8 02:37:38.090#change#{"from":{"line":10,"ch":6,"sticky":"after"},"to":{"line":10,"ch":7,"sticky":null},"text":[""],"removed":["U"],"origin":"+delete"}
2019-5-8 02:37:38.090#keyHandled#"Backspace"
2019-5-8 02:37:39.473#change#{"from":{"line":10,"ch":6,"sticky":null},"to":{"line":10,"ch":6,"sticky":null},"text":["u"],"removed":[""],"origin":"+input"}
2019-5-8 02:37:39.989#change#{"from":{"line":10,"ch":7,"sticky":null},"to":{"line":10,"ch":7,"sticky":null},"text":["m"],"removed":[""],"origin":"+input"}
2019-5-8 02:37:40.227#change#{"from":{"line":10,"ch":8,"sticky":null},"to":{"line":10,"ch":8,"sticky":null},"text":[" "],"removed":[""],"origin":"+input"}
2019-5-8 02:37:41.856#change#{"from":{"line":10,"ch":9,"sticky":null},"to":{"line":10,"ch":9,"sticky":null},"text":["!"],"removed":[""],"origin":"+input"}
2019-5-8 02:37:43.415#change#{"from":{"line":10,"ch":10,"sticky":null},"to":{"line":10,"ch":10,"sticky":null},"text":["="],"removed":[""],"origin":"+input"}
2019-5-8 02:37:44.080#change#{"from":{"line":10,"ch":11,"sticky":null},"to":{"line":10,"ch":11,"sticky":null},"text":[" "],"removed":[""],"origin":"+input"}
2019-5-8 02:37:48.801#change#{"from":{"line":10,"ch":12,"sticky":null},"to":{"line":10,"ch":12,"sticky":null},"text":["-"],"removed":[""],"origin":"+input"}
2019-5-8 02:37:49.787#change#{"from":{"line":10,"ch":13,"sticky":null},"to":{"line":10,"ch":13,"sticky":null},"text":["!"],"removed":[""],"origin":"+input"}
2019-5-8 02:37:51.956#change#{"from":{"line":10,"ch":13,"sticky":"after"},"to":{"line":10,"ch":14,"sticky":null},"text":[""],"removed":["!"],"origin":"+delete"}
2019-5-8 02:37:51.956#keyHandled#"Backspace"
2019-5-8 02:37:52.431#change#{"from":{"line":10,"ch":13,"sticky":null},"to":{"line":10,"ch":13,"sticky":null},"text":["1"],"removed":[""],"origin":"+input"}
2019-5-8 02:37:54.717#mousedown#{"isTrusted":true}
2019-5-8 02:37:56.553#mousedown#{"isTrusted":true}
2019-5-8 02:37:57.501#change#{"from":{"line":11,"ch":1,"sticky":"after","xRel":7.58746337890625},"to":{"line":11,"ch":1,"sticky":"after","xRel":7.58746337890625},"text":["",""],"removed":[""],"origin":"+input"}
2019-5-8 02:37:57.501#keyHandled#"Enter"
2019-5-8 02:37:57.515#viewportChange#0
2019-5-8 02:37:59.375#mousedown#{"isTrusted":true}
2019-5-8 02:38:00.608#change#{"from":{"line":11,"ch":1,"sticky":"before","xRel":18.587499618530273},"to":{"line":11,"ch":1,"sticky":"before","xRel":18.587499618530273},"text":["n"],"removed":[""],"origin":"+input"}
2019-5-8 02:38:00.869#change#{"from":{"line":11,"ch":2,"sticky":null},"to":{"line":11,"ch":2,"sticky":null},"text":["u"],"removed":[""],"origin":"+input"}
2019-5-8 02:38:01.920#change#{"from":{"line":11,"ch":3,"sticky":null},"to":{"line":11,"ch":3,"sticky":null},"text":["u"],"removed":[""],"origin":"+input"}
2019-5-8 02:38:02.069#change#{"from":{"line":11,"ch":4,"sticky":null},"to":{"line":11,"ch":4,"sticky":null},"text":["m"],"removed":[""],"origin":"+input"}
2019-5-8 02:38:02.463#change#{"from":{"line":11,"ch":5,"sticky":null},"to":{"line":11,"ch":5,"sticky":null},"text":[" "],"removed":[""],"origin":"+input"}
2019-5-8 02:38:03.610#change#{"from":{"line":11,"ch":5,"sticky":"after"},"to":{"line":11,"ch":6,"sticky":null},"text":[""],"removed":[" "],"origin":"+delete"}
2019-5-8 02:38:03.610#keyHandled#"Backspace"
2019-5-8 02:38:03.797#change#{"from":{"line":11,"ch":4,"sticky":"after"},"to":{"line":11,"ch":5,"sticky":null},"text":[""],"removed":["m"],"origin":"+delete"}
2019-5-8 02:38:03.797#keyHandled#"Backspace"
2019-5-8 02:38:04.297#change#{"from":{"line":11,"ch":3,"sticky":"after"},"to":{"line":11,"ch":4,"sticky":null},"text":[""],"removed":["u"],"origin":"+delete"}
2019-5-8 02:38:04.297#keyHandled#"Backspace"
2019-5-8 02:38:05.387#change#{"from":{"line":11,"ch":3,"sticky":null},"to":{"line":11,"ch":3,"sticky":null},"text":["m"],"removed":[""],"origin":"+input"}
2019-5-8 02:38:08.313#change#{"from":{"line":11,"ch":4,"sticky":null},"to":{"line":11,"ch":4,"sticky":null},"text":["5"],"removed":[""],"origin":"+input"}
2019-5-8 02:38:08.339#change#{"from":{"line":11,"ch":5,"sticky":null},"to":{"line":11,"ch":5,"sticky":null},"text":["\\"],"removed":[""],"origin":"+input"}
2019-5-8 02:38:09.524#change#{"from":{"line":11,"ch":5,"sticky":"after"},"to":{"line":11,"ch":6,"sticky":null},"text":[""],"removed":["\\"],"origin":"+delete"}
2019-5-8 02:38:09.524#keyHandled#"Backspace"
2019-5-8 02:38:09.732#change#{"from":{"line":11,"ch":4,"sticky":"after"},"to":{"line":11,"ch":5,"sticky":null},"text":[""],"removed":["5"],"origin":"+delete"}
2019-5-8 02:38:09.732#keyHandled#"Backspace"
2019-5-8 02:38:10.506#change#{"from":{"line":11,"ch":4,"sticky":null},"to":{"line":11,"ch":4,"sticky":null},"text":[" "],"removed":[""],"origin":"+input"}
2019-5-8 02:38:11.988#change#{"from":{"line":11,"ch":5,"sticky":null},"to":{"line":11,"ch":5,"sticky":null},"text":["%"],"removed":[""],"origin":"+input"}
2019-5-8 02:38:12.731#change#{"from":{"line":11,"ch":6,"sticky":null},"to":{"line":11,"ch":6,"sticky":null},"text":[" "],"removed":[""],"origin":"+input"}
2019-5-8 02:38:13.502#change#{"from":{"line":11,"ch":7,"sticky":null},"to":{"line":11,"ch":7,"sticky":null},"text":["2"],"removed":[""],"origin":"+input"}
2019-5-8 02:38:13.502#change#{"from":{"line":11,"ch":7,"sticky":null},"to":{"line":11,"ch":7,"sticky":null},"text":["2"],"removed":[""],"origin":"+input"}
2019-5-8 02:38:15.778#submit#Your code did not produce the correct output. Please, correct your code and try again.
2019-5-8 02:38:30.700#submit#Your code did not produce the correct output. Please, correct your code and try again.
2019-5-8 02:38:31.074#saida_testar#$ python3 main.py
Digite um numero: 12
IMPAR
Digite um numero: 23
PAR
Digite um numero: 34
IMPAR
Digite um numero: 45
PAR
2019-5-8 02:38:31.638#blur#
2019-5-8 02:38:32.117#dica_bullet#IndentationError: expected an indented block
2019-5-8 02:38:32.117#dica_bullet#IndentationError: expected an indented block
2019-5-8 02:38:32.969#saida_testar#$ python3 main.py
File "main.py", line 12
num % 2
IndentationError: expected an indented block
2019-5-8 02:38:33.201#dica_bullet#IndentationError: expected an indented block
2019-5-8 02:38:33.201#dica_bullet#IndentationError: expected an indented block
2019-5-8 02:38:34.622#dica_bullet#IndentationError: expected an indented block
2019-5-8 02:38:35.125#saida_testar#$ python3 main.py
File "main.py", line 12
num % 2
IndentationError: expected an indented block
2019-5-8 02:38:35.507#mousedown#{"isTrusted":true}
2019-5-8 02:38:35.556#focus#
2019-5-8 02:38:36.110#mousedown#{"isTrusted":true}
2019-5-8 02:38:36.289#mousedown#{"isTrusted":true}
2019-5-8 02:38:36.390#dblclick#{"isTrusted":true}
2019-5-8 02:38:37.166#mousedown#{"isTrusted":true}
2019-5-8 02:38:37.883#mousedown#{"isTrusted":true}
2019-5-8 02:38:38.732#mousedown#{"isTrusted":true}
2019-5-8 02:38:38.748#dblclick#{"isTrusted":true}
2019-5-8 02:38:38.753#mousedown#{"isTrusted":true}
2019-5-8 02:38:39.689#mousedown#{"isTrusted":true}
2019-5-8 02:38:41.512#change#{"from":{"line":11,"ch":1,"sticky":"before","xRel":-10.412500381469727},"to":{"line":11,"ch":1,"sticky":"before","xRel":-10.412500381469727},"text":["\t"],"removed":[""],"origin":"+input"}
2019-5-8 02:38:41.512#keyHandled#"Tab"
2019-5-8 02:38:42.662#mousedown#{"isTrusted":true}
2019-5-8 02:38:42.918#change#{"from":{"line":12,"ch":1,"sticky":"before","xRel":-11.412500381469727},"to":{"line":12,"ch":1,"sticky":"before","xRel":-11.412500381469727},"text":["\t"],"removed":[""],"origin":"+input"}
2019-5-8 02:38:42.918#keyHandled#"Tab"
2019-5-8 02:38:42.662#mousedown#{"isTrusted":true}
2019-5-8 02:38:42.918#change#{"from":{"line":12,"ch":1,"sticky":"before","xRel":-11.412500381469727},"to":{"line":12,"ch":1,"sticky":"before","xRel":-11.412500381469727},"text":["\t"],"removed":[""],"origin":"+input"}
2019-5-8 02:38:42.918#keyHandled#"Tab"
2019-5-8 02:38:48.125#blur#
2019-5-8 02:38:49.245#saida_testar#$ python3 main.py
2019-5-8 02:41:57.772#mousedown#{"isTrusted":true}
2019-5-8 02:41:57.853#focus#
2019-5-8 02:41:58.497#mousedown#{"isTrusted":true}
2019-5-8 02:41:59.321#mousedown#{"isTrusted":true}
2019-5-8 02:41:59.505#change#{"from":{"line":8,"ch":16,"sticky":"after","xRel":1.48748779296875},"to":{"line":8,"ch":16,"sticky":"after","xRel":1.48748779296875},"text":[" "],"removed":[""],"origin":"+input"}
2019-5-8 02:42:01.627#mousedown#{"isTrusted":true}
2019-5-8 02:42:01.775#mousedown#{"isTrusted":true}
2019-5-8 02:42:01.816#dblclick#{"isTrusted":true}
2019-5-8 02:42:02.752#mousedown#{"isTrusted":true}
2019-5-8 02:47:21.106#mousedown#{"isTrusted":true}
2019-5-8 02:47:21.373#focus#
2019-5-8 02:47:21.880#mousedown#{"isTrusted":true}
2019-5-8 02:47:23.949#change#{"from":{"line":8,"ch":18,"sticky":"after","xRel":0.2874755859375},"to":{"line":8,"ch":18,"sticky":"after","xRel":0.2874755859375},"text":[" "],"removed":[""],"origin":"+input"}
2019-5-8 02:47:24.066#change#{"from":{"line":8,"ch":19,"sticky":null},"to":{"line":8,"ch":19,"sticky":null},"text":["o"],"removed":[""],"origin":"+input"}
2019-5-8 02:47:25.782#change#{"from":{"line":8,"ch":20,"sticky":null},"to":{"line":8,"ch":20,"sticky":null},"text":["r"],"removed":[""],"origin":"+input"}
2019-5-8 02:47:26.118#change#{"from":{"line":8,"ch":21,"sticky":null},"to":{"line":8,"ch":21,"sticky":null},"text":[" "],"removed":[""],"origin":"+input"}
2019-5-8 02:47:28.697#change#{"from":{"line":8,"ch":22,"sticky":null},"to":{"line":8,"ch":22,"sticky":null},"text":["("],"removed":[""],"origin":"+input"}
2019-5-8 02:47:31.539#change#{"from":{"line":8,"ch":23,"sticky":null},"to":{"line":8,"ch":23,"sticky":null},"text":[" "],"removed":[""],"origin":"+input"}
2019-5-8 02:47:32.190#change#{"from":{"line":8,"ch":24,"sticky":null},"to":{"line":8,"ch":24,"sticky":null},"text":["n"],"removed":[""],"origin":"+input"}
2019-5-8 02:47:32.431#change#{"from":{"line":8,"ch":25,"sticky":null},"to":{"line":8,"ch":25,"sticky":null},"text":["u"],"removed":[""],"origin":"+input"}
2019-5-8 02:47:33.315#change#{"from":{"line":8,"ch":26,"sticky":null},"to":{"line":8,"ch":26,"sticky":null},"text":["m"],"removed":[""],"origin":"+input"}
2019-5-8 02:47:34.553#change#{"from":{"line":8,"ch":27,"sticky":null},"to":{"line":8,"ch":27,"sticky":null},"text":[" "],"removed":[""],"origin":"+input"}
2019-5-8 02:47:37.434#change#{"from":{"line":8,"ch":28,"sticky":null},"to":{"line":8,"ch":28,"sticky":null},"text":["!"],"removed":[""],"origin":"+input"}
2019-5-8 02:47:37.984#change#{"from":{"line":8,"ch":29,"sticky":null},"to":{"line":8,"ch":29,"sticky":null},"text":["!"],"removed":[""],"origin":"+input"}
2019-5-8 02:47:39.363#change#{"from":{"line":8,"ch":29,"sticky":"after"},"to":{"line":8,"ch":30,"sticky":null},"text":[""],"removed":["!"],"origin":"+delete"}
2019-5-8 02:47:39.363#keyHandled#"Backspace"
2019-5-8 02:49:05.253#change#{"from":{"line":8,"ch":28,"sticky":"after"},"to":{"line":8,"ch":29,"sticky":null},"text":[""],"removed":["!"],"origin":"+delete"}
2019-5-8 02:49:05.253#keyHandled#"Backspace"
2019-5-8 02:49:05.472#change#{"from":{"line":8,"ch":27,"sticky":"after"},"to":{"line":8,"ch":28,"sticky":null},"text":[""],"removed":[" "],"origin":"+delete"}
2019-5-8 02:49:05.472#keyHandled#"Backspace"
2019-5-8 02:49:05.707#change#{"from":{"line":8,"ch":26,"sticky":"after"},"to":{"line":8,"ch":27,"sticky":null},"text":[""],"removed":["m"],"origin":"+delete"}
2019-5-8 02:49:05.707#keyHandled#"Backspace"
2019-5-8 02:49:05.937#change#{"from":{"line":8,"ch":25,"sticky":"after"},"to":{"line":8,"ch":26,"sticky":null},"text":[""],"removed":["u"],"origin":"+delete"}
2019-5-8 02:49:05.937#keyHandled#"Backspace"
2019-5-8 02:49:06.130#change#{"from":{"line":8,"ch":24,"sticky":"after"},"to":{"line":8,"ch":25,"sticky":null},"text":[""],"removed":["n"],"origin":"+delete"}
2019-5-8 02:49:06.130#keyHandled#"Backspace"
2019-5-8 02:49:06.341#change#{"from":{"line":8,"ch":23,"sticky":"after"},"to":{"line":8,"ch":24,"sticky":null},"text":[""],"removed":[" "],"origin":"+delete"}
2019-5-8 02:49:06.341#keyHandled#"Backspace"
2019-5-8 02:49:06.585#change#{"from":{"line":8,"ch":22,"sticky":"after"},"to":{"line":8,"ch":23,"sticky":null},"text":[""],"removed":["("],"origin":"+delete"}
2019-5-8 02:49:06.585#keyHandled#"Backspace"
2019-5-8 02:49:06.813#change#{"from":{"line":8,"ch":21,"sticky":"after"},"to":{"line":8,"ch":22,"sticky":null},"text":[""],"removed":[" "],"origin":"+delete"}
2019-5-8 02:49:06.813#keyHandled#"Backspace"
2019-5-8 02:49:07.035#change#{"from":{"line":8,"ch":20,"sticky":"after"},"to":{"line":8,"ch":21,"sticky":null},"text":[""],"removed":["r"],"origin":"+delete"}
2019-5-8 02:49:07.035#keyHandled#"Backspace"
2019-5-8 02:49:07.266#change#{"from":{"line":8,"ch":19,"sticky":"after"},"to":{"line":8,"ch":20,"sticky":null},"text":[""],"removed":["o"],"origin":"+delete"}
2019-5-8 02:49:07.266#keyHandled#"Backspace"
2019-5-8 02:49:07.566#change#{"from":{"line":8,"ch":18,"sticky":"after"},"to":{"line":8,"ch":19,"sticky":null},"text":[""],"removed":[" "],"origin":"+delete"}
2019-5-8 02:49:07.566#keyHandled#"Backspace"
2019-5-8 02:49:09.213#keyHandled#"Down"
2019-5-8 02:49:10.017#keyHandled#"Down"
2019-5-8 02:49:10.707#keyHandled#"Down"
2019-5-8 02:49:11.053#keyHandled#"Down"
2019-5-8 02:49:11.665#keyHandled#"Up"
2019-5-8 02:49:12.180#keyHandled#"Up"
2019-5-8 02:49:12.229#keyHandled#"Up"
2019-5-8 02:49:12.261#keyHandled#"Up"
2019-5-8 02:49:12.852#keyHandled#"Down"
2019-5-8 02:49:13.912#keyHandled#"Up"
2019-5-8 02:49:14.422#keyHandled#"Up"
2019-5-8 02:49:14.452#keyHandled#"Up"
2019-5-8 02:49:14.487#keyHandled#"Up"
2019-5-8 02:49:15.180#keyHandled#"Up"
2019-5-8 02:49:15.748#keyHandled#"Up"
2019-5-8 02:49:16.261#keyHandled#"Up"
2019-5-8 02:49:16.293#keyHandled#"Up"
2019-5-8 02:49:16.327#keyHandled#"Up"
2019-5-8 02:49:16.359#keyHandled#"Up"
2019-5-8 02:49:16.393#keyHandled#"Up"
2019-5-8 02:49:16.427#keyHandled#"Up"
2019-5-8 02:49:16.460#keyHandled#"Up"
2019-5-8 02:49:16.490#keyHandled#"Up"
2019-5-8 02:49:16.526#keyHandled#"Up"
2019-5-8 02:49:16.557#keyHandled#"Up"
2019-5-8 02:49:16.590#keyHandled#"Up"
2019-5-8 02:49:16.622#keyHandled#"Up"
2019-5-8 02:49:16.656#keyHandled#"Up"
2019-5-8 02:49:16.705#keyHandled#"Up"
2019-5-8 02:49:16.721#keyHandled#"Up"
2019-5-8 02:49:16.754#keyHandled#"Up"
2019-5-8 02:49:16.794#keyHandled#"Up"
2019-5-8 02:49:16.822#keyHandled#"Up"
2019-5-8 02:49:16.853#keyHandled#"Up"
2019-5-8 02:49:16.887#keyHandled#"Up"
2019-5-8 02:49:16.918#keyHandled#"Up"
2019-5-8 02:49:16.951#keyHandled#"Up"
2019-5-8 02:49:16.984#keyHandled#"Up"
2019-5-8 02:49:17.018#keyHandled#"Up"
2019-5-8 02:49:17.049#keyHandled#"Up"
2019-5-8 02:49:17.082#keyHandled#"Up"
2019-5-8 02:49:17.115#keyHandled#"Up"
2019-5-8 02:49:17.148#keyHandled#"Up"
2019-5-8 02:49:17.180#keyHandled#"Up"
2019-5-8 02:49:17.214#keyHandled#"Up"
2019-5-8 02:49:17.246#keyHandled#"Up"
2019-5-8 02:49:17.279#keyHandled#"Up"
2019-5-8 02:49:17.312#keyHandled#"Up"
2019-5-8 02:49:17.344#keyHandled#"Up"
2019-5-8 02:49:17.377#keyHandled#"Up"
2019-5-8 02:49:17.410#keyHandled#"Up"
2019-5-8 02:49:17.446#keyHandled#"Up"
2019-5-8 02:49:17.475#keyHandled#"Up"
2019-5-8 02:49:17.510#keyHandled#"Up"
2019-5-8 02:49:17.545#keyHandled#"Up"
2019-5-8 02:49:17.582#keyHandled#"Up"
2019-5-8 02:49:17.634#keyHandled#"Up"
2019-5-8 02:49:17.644#keyHandled#"Up"
2019-5-8 02:49:17.672#keyHandled#"Up"
2019-5-8 02:49:17.708#keyHandled#"Up"
2019-5-8 02:49:17.741#keyHandled#"Up"
2019-5-8 02:49:17.773#keyHandled#"Up"
2019-5-8 02:49:17.805#keyHandled#"Up"
2019-5-8 02:49:17.839#keyHandled#"Up"
2019-5-8 02:49:17.873#keyHandled#"Up"
2019-5-8 02:49:17.907#keyHandled#"Up"
2019-5-8 02:49:17.939#keyHandled#"Up"
2019-5-8 02:49:17.973#keyHandled#"Up"
2019-5-8 02:49:18.002#keyHandled#"Up"
2019-5-8 02:49:18.036#keyHandled#"Up"
2019-5-8 02:49:18.071#keyHandled#"Up"
2019-5-8 02:49:18.102#keyHandled#"Up"
2019-5-8 02:49:18.135#keyHandled#"Up"
2019-5-8 02:49:18.167#keyHandled#"Up"
2019-5-8 02:49:18.200#keyHandled#"Up"
2019-5-9 15:59:39.341#viewportChange#0
2019-5-9 15:59:48.680#mousedown#{"isTrusted":true}
2019-5-9 15:59:48.708#focus#
2019-5-9 15:59:50.545#mousedown#{"isTrusted":true}
2019-5-9 15:59:51.548#change#{"from":{"line":11,"ch":9,"sticky":"before","xRel":17.54998779296875},"to":{"line":11,"ch":9,"sticky":"before","xRel":17.54998779296875},"text":[" "],"removed":[""],"origin":"+input"}
2019-5-9 15:59:51.959#change#{"from":{"line":11,"ch":10,"sticky":null},"to":{"line":11,"ch":10,"sticky":null},"text":["="],"removed":[""],"origin":"+input"}
2019-5-9 15:59:52.428#change#{"from":{"line":11,"ch":11,"sticky":null},"to":{"line":11,"ch":11,"sticky":null},"text":["="],"removed":[""],"origin":"+input"}
2019-5-9 15:59:53.126#change#{"from":{"line":11,"ch":12,"sticky":null},"to":{"line":11,"ch":12,"sticky":null},"text":[" "],"removed":[""],"origin":"+input"}
2019-5-9 15:59:54.202#change#{"from":{"line":11,"ch":13,"sticky":null},"to":{"line":11,"ch":13,"sticky":null},"text":["0"],"removed":[""],"origin":"+input"}
2019-5-9 15:59:56.989#change#{"from":{"line":11,"ch":14,"sticky":null},"to":{"line":11,"ch":14,"sticky":null},"text":["u"],"removed":[""],"origin":"+input"}
2019-5-9 15:59:57.020#change#{"from":{"line":11,"ch":15,"sticky":null},"to":{"line":11,"ch":15,"sticky":null},"text":["j"],"removed":[""],"origin":"+input"}
2019-5-9 15:59:57.101#change#{"from":{"line":11,"ch":16,"sticky":null},"to":{"line":11,"ch":16,"sticky":null},"text":["s"],"removed":[""],"origin":"+input"}
2019-5-9 15:59:57.523#saida_testar#$ python3 main.py
2019-5-9 15:59:58.203#change#{"from":{"line":11,"ch":16,"sticky":"after"},"to":{"line":11,"ch":17,"sticky":null},"text":[""],"removed":["s"],"origin":"+delete"}
2019-5-9 15:59:58.203#keyHandled#"Backspace"
2019-5-9 15:59:58.439#change#{"from":{"line":11,"ch":15,"sticky":"after"},"to":{"line":11,"ch":16,"sticky":null},"text":[""],"removed":["j"],"origin":"+delete"}
2019-5-9 15:59:58.440#keyHandled#"Backspace"
2019-5-9 15:59:58.735#change#{"from":{"line":11,"ch":14,"sticky":"after"},"to":{"line":11,"ch":15,"sticky":null},"text":[""],"removed":["u"],"origin":"+delete"}
2019-5-9 15:59:58.736#keyHandled#"Backspace"
2019-5-9 16:00:15.329#change#{"from":{"line":11,"ch":13,"sticky":"after"},"to":{"line":11,"ch":14,"sticky":null},"text":[""],"removed":["0"],"origin":"+delete"}
2019-5-9 16:00:15.329#keyHandled#"Backspace"
2019-5-9 16:00:15.575#change#{"from":{"line":11,"ch":12,"sticky":"after"},"to":{"line":11,"ch":13,"sticky":null},"text":[""],"removed":[" "],"origin":"+delete"}
2019-5-9 16:00:15.575#keyHandled#"Backspace"
2019-5-9 16:00:15.703#change#{"from":{"line":11,"ch":11,"sticky":"after"},"to":{"line":11,"ch":12,"sticky":null},"text":[""],"removed":["="],"origin":"+delete"}
2019-5-9 16:00:15.703#keyHandled#"Backspace"
2019-5-9 16:00:16.203#change#{"from":{"line":11,"ch":10,"sticky":"after"},"to":{"line":11,"ch":11,"sticky":null},"text":[""],"removed":["="],"origin":"+delete"}
2019-5-9 16:00:16.203#keyHandled#"Backspace"
2019-5-9 16:00:16.253#change#{"from":{"line":11,"ch":9,"sticky":"after"},"to":{"line":11,"ch":10,"sticky":null},"text":[""],"removed":[" "],"origin":"+delete"}
2019-5-9 16:00:16.253#keyHandled#"Backspace"
2019-5-9 16:00:16.304#change#{"from":{"line":11,"ch":8,"sticky":"after"},"to":{"line":11,"ch":9,"sticky":null},"text":[""],"removed":["2"],"origin":"+delete"}
2019-5-9 16:00:16.304#keyHandled#"Backspace"
2019-5-9 16:00:16.455#change#{"from":{"line":11,"ch":7,"sticky":"after"},"to":{"line":11,"ch":8,"sticky":null},"text":[""],"removed":[" "],"origin":"+delete"}
2019-5-9 16:00:16.455#keyHandled#"Backspace"
2019-5-9 16:00:16.664#change#{"from":{"line":11,"ch":6,"sticky":"after"},"to":{"line":11,"ch":7,"sticky":null},"text":[""],"removed":["%"],"origin":"+delete"}
2019-5-9 16:00:16.664#keyHandled#"Backspace"
2019-5-9 16:00:16.847#change#{"from":{"line":11,"ch":5,"sticky":"after"},"to":{"line":11,"ch":6,"sticky":null},"text":[""],"removed":[" "],"origin":"+delete"}
2019-5-9 16:00:16.847#keyHandled#"Backspace"
2019-5-9 16:00:17.063#change#{"from":{"line":11,"ch":4,"sticky":"after"},"to":{"line":11,"ch":5,"sticky":null},"text":[""],"removed":["m"],"origin":"+delete"}
2019-5-9 16:00:17.063#keyHandled#"Backspace"
2019-5-9 16:00:17.335#change#{"from":{"line":11,"ch":3,"sticky":"after"},"to":{"line":11,"ch":4,"sticky":null},"text":[""],"removed":["u"],"origin":"+delete"}
2019-5-9 16:00:17.335#keyHandled#"Backspace"
2019-5-9 16:00:17.759#change#{"from":{"line":11,"ch":2,"sticky":"after"},"to":{"line":11,"ch":3,"sticky":null},"text":[""],"removed":["n"],"origin":"+delete"}
2019-5-9 16:00:17.759#keyHandled#"Backspace"
2019-5-9 16:00:22.433#mousedown#{"isTrusted":true}
2019-5-9 16:00:23.216#change#{"from":{"line":10,"ch":13,"sticky":"after"},"to":{"line":10,"ch":14,"sticky":"before","xRel":-3.20001220703125},"text":[""],"removed":["1"],"origin":"+delete"}
2019-5-9 16:00:23.216#keyHandled#"Backspace"
2019-5-9 16:00:23.375#change#{"from":{"line":10,"ch":12,"sticky":"after"},"to":{"line":10,"ch":13,"sticky":null},"text":[""],"removed":["-"],"origin":"+delete"}
2019-5-9 16:00:23.375#keyHandled#"Backspace"
2019-5-9 16:00:23.679#change#{"from":{"line":10,"ch":11,"sticky":"after"},"to":{"line":10,"ch":12,"sticky":null},"text":[""],"removed":[" "],"origin":"+delete"}
2019-5-9 16:00:23.679#keyHandled#"Backspace"
2019-5-9 16:00:23.839#change#{"from":{"line":10,"ch":10,"sticky":"after"},"to":{"line":10,"ch":11,"sticky":null},"text":[""],"removed":["="],"origin":"+delete"}
2019-5-9 16:00:23.839#keyHandled#"Backspace"
2019-5-9 16:00:24.039#change#{"from":{"line":10,"ch":9,"sticky":"after"},"to":{"line":10,"ch":10,"sticky":null},"text":[""],"removed":["!"],"origin":"+delete"}
2019-5-9 16:00:24.039#keyHandled#"Backspace"
2019-5-9 16:00:25.797#change#{"from":{"line":10,"ch":9,"sticky":null},"to":{"line":10,"ch":9,"sticky":null},"text":["%"],"removed":[""],"origin":"+input"}
2019-5-9 16:00:26.571#change#{"from":{"line":10,"ch":10,"sticky":null},"to":{"line":10,"ch":10,"sticky":null},"text":[" "],"removed":[""],"origin":"+input"}
2019-5-9 16:00:26.796#change#{"from":{"line":10,"ch":11,"sticky":null},"to":{"line":10,"ch":11,"sticky":null},"text":["2"],"removed":[""],"origin":"+input"}
2019-5-9 16:00:31.099#change#{"from":{"line":10,"ch":12,"sticky":null},"to":{"line":10,"ch":12,"sticky":null},"text":[" "],"removed":[""],"origin":"+input"}
2019-5-9 16:00:31.644#change#{"from":{"line":10,"ch":13,"sticky":null},"to":{"line":10,"ch":13,"sticky":null},"text":["="],"removed":[""],"origin":"+input"}
2019-5-9 16:00:32.271#change#{"from":{"line":10,"ch":13,"sticky":"after"},"to":{"line":10,"ch":14,"sticky":null},"text":[""],"removed":["="],"origin":"+delete"}
2019-5-9 16:00:32.271#keyHandled#"Backspace"
2019-5-9 16:00:32.455#change#{"from":{"line":10,"ch":12,"sticky":"after"},"to":{"line":10,"ch":13,"sticky":null},"text":[""],"removed":[" "],"origin":"+delete"}
2019-5-9 16:00:32.455#keyHandled#"Backspace"
2019-5-9 16:00:36.871#change#{"from":{"line":10,"ch":12,"sticky":null},"to":{"line":10,"ch":12,"sticky":null},"text":["()"],"removed":[""],"origin":"+input"}
2019-5-9 16:00:36.872#keyHandled#"'('"
2019-5-9 16:00:38.063#change#{"from":{"line":10,"ch":12,"sticky":null},"to":{"line":10,"ch":14,"sticky":null},"text":[""],"removed":["()"],"origin":"+delete"}
2019-5-9 16:00:38.063#keyHandled#"Backspace"
2019-5-9 16:00:39.003#change#{"from":{"line":10,"ch":12,"sticky":null},"to":{"line":10,"ch":12,"sticky":null},"text":[")"],"removed":[""],"origin":"+input"}
2019-5-9 16:00:40.400#keyHandled#"Left"
2019-5-9 16:00:40.518#keyHandled#"Left"
2019-5-9 16:00:40.727#keyHandled#"Left"
2019-5-9 16:00:40.894#keyHandled#"Left"
2019-5-9 16:00:41.062#keyHandled#"Left"
2019-5-9 16:00:41.254#keyHandled#"Left"
2019-5-9 16:00:41.438#keyHandled#"Left"
2019-5-9 16:00:41.662#keyHandled#"Left"
2019-5-9 16:00:42.980#change#{"from":{"line":10,"ch":5,"sticky":"after"},"to":{"line":10,"ch":5,"sticky":"after"},"text":["("],"removed":[""],"origin":"+input"}
2019-5-9 16:00:44.286#keyHandled#"Right"
2019-5-9 16:00:44.511#keyHandled#"Right"
2019-5-9 16:00:44.694#keyHandled#"Right"
2019-5-9 16:00:44.886#keyHandled#"Right"
2019-5-9 16:00:45.111#keyHandled#"Right"
2019-5-9 16:00:45.319#keyHandled#"Right"
2019-5-9 16:00:45.505#keyHandled#"Right"
2019-5-9 16:00:45.990#keyHandled#"Right"
2019-5-9 16:00:47.084#change#{"from":{"line":10,"ch":14,"sticky":"before"},"to":{"line":10,"ch":14,"sticky":"before"},"text":[" "],"removed":[""],"origin":"+input"}
2019-5-9 16:00:47.723#change#{"from":{"line":10,"ch":15,"sticky":null},"to":{"line":10,"ch":15,"sticky":null},"text":["="],"removed":[""],"origin":"+input"}
2019-5-9 16:00:47.914#change#{"from":{"line":10,"ch":16,"sticky":null},"to":{"line":10,"ch":16,"sticky":null},"text":["="],"removed":[""],"origin":"+input"}
2019-5-9 16:00:48.355#change#{"from":{"line":10,"ch":17,"sticky":null},"to":{"line":10,"ch":17,"sticky":null},"text":[" "],"removed":[""],"origin":"+input"}
2019-5-9 16:00:49.059#change#{"from":{"line":10,"ch":18,"sticky":null},"to":{"line":10,"ch":18,"sticky":null},"text":["0"],"removed":[""],"origin":"+input"}
2019-5-9 16:00:49.059#change#{"from":{"line":10,"ch":18,"sticky":null},"to":{"line":10,"ch":18,"sticky":null},"text":["0"],"removed":[""],"origin":"+input"}
2019-5-9 16:00:51.646#saida_testar#$ python3 main.py
2019-5-9 16:00:51.646#saida_testar#$ python3 main.py
2019-5-9 16:00:53.739#saida_testar#$ python3 main.py
2019-5-9 16:00:53.863#blur#
2019-5-9 16:00:53.739#saida_testar#$ python3 main.py
2019-5-9 16:00:53.863#blur#
2019-5-9 16:00:57.563#saida_testar#$ python3 main.py
2019-5-9 16:00:57.563#saida_testar#$ python3 main.py
2019-5-9 16:01:06.297#submit#Congratulations, your code is correct!
2019-5-9 16:01:09.464#mousedown#{"isTrusted":true}
2019-5-9 16:01:09.595#focus#
2019-5-9 16:01:14.399#blur#
2019-5-12 22:56:22.127#viewportChange#0
2019-5-12 22:56:37.263#mousedown#{"isTrusted":true}
2019-5-12 22:56:37.311#focus#
2019-5-12 22:56:38.549#blur#
2019-5-12 23:07:00.057#mousedown#{"isTrusted":true}
2019-5-12 23:07:00.064#focus#
2019-5-12 23:07:00.072#blur#
2019-5-12 23:07:00.082#focus#
2019-5-12 23:22:33.723#change#{"from":{"line":7,"ch":16,"sticky":"before","xRel":-2.51251220703125},"to":{"line":7,"ch":16,"sticky":"before","xRel":-2.51251220703125},"text":["",""],"removed":[""],"origin":"+input"}
2019-5-12 23:22:33.723#keyHandled#"Enter"
2019-5-12 23:22:33.733#viewportChange#0
2019-5-12 23:22:33.736#change#{"from":{"line":8,"ch":0,"sticky":null},"to":{"line":8,"ch":0,"sticky":null},"text":["",""],"removed":[""],"origin":"+input"}
2019-5-12 23:22:33.736#keyHandled#"Enter"
2019-5-12 23:22:33.743#viewportChange#0
2019-5-12 23:22:35.565#mousedown#{"isTrusted":true}
2019-5-12 23:24:43.087#keyHandled#"Right"
2019-5-12 23:24:43.276#keyHandled#"Right"
2019-5-12 23:24:43.473#keyHandled#"Right"
2019-5-12 23:24:44.044#change#{"from":{"line":9,"ch":2,"sticky":"after"},"to":{"line":9,"ch":3,"sticky":"before"},"text":[""],"removed":["o"],"origin":"+delete"}
2019-5-12 23:24:44.044#keyHandled#"Backspace"
2019-5-12 23:24:44.361#change#{"from":{"line":9,"ch":0,"sticky":"after"},"to":{"line":9,"ch":1,"sticky":null},"text":[""],"removed":["c"],"origin":"+delete"}
2019-5-12 23:24:44.361#keyHandled#"Backspace"
2019-5-12 23:24:44.537#change#{"from":{"line":8,"ch":0,"sticky":"before"},"to":{"line":9,"ch":0,"sticky":null},"text":[""],"removed":["",""],"origin":"+delete"}
2019-5-12 23:24:44.537#keyHandled#"Backspace"
2019-5-12 23:24:44.556#viewportChange#0
2019-5-12 23:24:44.786#change#{"from":{"line":7,"ch":16,"sticky":"before"},"to":{"line":8,"ch":0,"sticky":null},"text":[""],"removed":["",""],"origin":"+delete"}
2019-5-12 23:24:44.786#keyHandled#"Backspace"
2019-5-12 23:24:44.799#viewportChange#0
2019-5-12 23:24:45.837#change#{"from":{"line":7,"ch":16,"sticky":null},"to":{"line":7,"ch":16,"sticky":null},"text":["",""],"removed":[""],"origin":"+input"}
2019-5-12 23:24:45.837#keyHandled#"Enter"
2019-5-12 23:24:45.844#viewportChange#0
2019-5-12 23:24:46.728#change#{"from":{"line":7,"ch":16,"sticky":"before"},"to":{"line":8,"ch":0,"sticky":null},"text":[""],"removed":["",""],"origin":"+delete"}
2019-5-12 23:24:46.728#keyHandled#"Backspace"
2019-5-12 23:24:46.735#viewportChange#0
2019-5-12 23:24:48.654#change#{"from":{"line":7,"ch":16,"sticky":null},"to":{"line":7,"ch":16,"sticky":null},"text":["c"],"removed":[""],"origin":"+input"}
2019-5-12 23:24:48.993#change#{"from":{"line":7,"ch":17,"sticky":null},"to":{"line":7,"ch":17,"sticky":null},"text":["a"],"removed":[""],"origin":"+input"}
2019-5-12 23:24:49.415#change#{"from":{"line":7,"ch":18,"sticky":null},"to":{"line":7,"ch":18,"sticky":null},"text":["o"],"removed":[""],"origin":"+input"}
2019-5-12 23:24:52.280#change#{"from":{"line":7,"ch":19,"sticky":null},"to":{"line":7,"ch":19,"sticky":null},"text":["",""],"removed":[""],"origin":"+input"}
2019-5-12 23:24:52.280#keyHandled#"Enter"
2019-5-12 23:24:52.287#viewportChange#0
2019-5-12 23:39:23.823#change#{"from":{"line":7,"ch":19,"sticky":"before"},"to":{"line":8,"ch":0,"sticky":null},"text":[""],"removed":["",""],"origin":"+delete"}
2019-5-12 23:39:23.823#keyHandled#"Backspace"
2019-5-12 23:39:23.857#viewportChange#0
2019-5-12 23:39:24.742#change#{"from":{"line":7,"ch":18,"sticky":"after"},"to":{"line":7,"ch":19,"sticky":null},"text":[""],"removed":["o"],"origin":"+delete"}
2019-5-12 23:39:24.742#keyHandled#"Backspace"
2019-5-13 10:16:42.230#viewportChange#0
2019-5-13 10:17:09.480#mousedown#{"isTrusted":true}
2019-5-13 10:17:09.574#focus#
2019-5-13 10:17:10.510#mousedown#{"isTrusted":true}
2019-5-13 10:17:11.338#mousedown#{"isTrusted":true}
2019-5-13 10:17:12.696#keyHandled#"Down"
2019-5-13 10:17:13.241#keyHandled#"Down"
2019-5-13 10:17:14.038#keyHandled#"Up"
2019-5-13 10:17:14.038#keyHandled#"Up"
2019-5-13 10:17:38.280#blur#
2019-5-13 10:17:38.280#blur#
2019-5-13 10:17:40.310#saida_testar#$ python3 main.py
2019-5-13 10:24:45.192#mousedown#{"isTrusted":true}
2019-5-13 10:24:45.396#focus#
2019-5-16 13:33:23.661#viewportChange#0
2019-5-16 13:33:23.661#viewportChange#0
2019-5-16 13:34:40.023#saida_testar#$ python3 main.py
2019-5-16 13:34:46.927#dica_bullet#ValueError: invalid literal for int() with base 10
2019-5-16 13:34:46.927#dica_bullet#ValueError: invalid literal for int() with base 10
2019-5-16 13:34:54.067#dica_bullet#ValueError: invalid literal for int() with base 10
2019-5-16 13:34:54.158#saida_testar#$ python3 main.py
Digite um numero: 0
PAR
Digite um numero: i
Traceback (most recent call last):
File "main.py", line 21, in <module>
num = int(input("Digite um numero: "))
ValueError: invalid literal for int() with base 10: 'i'
2019-5-16 13:34:54.067#dica_bullet#ValueError: invalid literal for int() with base 10
2019-5-16 13:34:54.158#saida_testar#$ python3 main.py
Digite um numero: 0
PAR
Digite um numero: i
Traceback (most recent call last):
File "main.py", line 21, in <module>
num = int(input("Digite um numero: "))
ValueError: invalid literal for int() with base 10: 'i'
2019-5-16 13:34:57.842#saida_testar#$ python3 main.py
2019-5-16 13:34:57.842#saida_testar#$ python3 main.py
2019-5-16 13:35:07.765#mousedown#{"isTrusted":true}
2019-5-16 13:35:07.819#focus#
2019-5-16 13:35:07.949#saida_testar#$ python3 main.py
2019-5-16 13:35:09.273#copy#{"isTrusted":true}
2019-5-16 13:35:10.556#change#{"from":{"line":20,"ch":1,"sticky":"before","xRel":-5.484375},"to":{"line":21,"ch":0,"sticky":"after","xRel":156.8125},"text":[""],"removed":["num = int(input(\"Digite um numero: \"))",""],"origin":"+delete"}
2019-5-16 13:35:10.557#keyHandled#"Backspace"
2019-5-16 13:35:10.565#viewportChange#0
2019-5-16 13:35:13.014#mousedown#{"isTrusted":true}
2019-5-16 13:35:13.869#change#{"from":{"line":9,"ch":0,"sticky":"after"},"to":{"line":9,"ch":1,"sticky":"before","xRel":-4.484375},"text":[""],"removed":["\t"],"origin":"+delete"}
2019-5-16 13:35:13.869#keyHandled#"Backspace"
2019-5-16 13:35:15.836#change#{"from":{"line":9,"ch":0,"sticky":null},"to":{"line":9,"ch":0,"sticky":null},"text":["\t"],"removed":[""],"origin":"+input"}
2019-5-16 13:35:15.836#keyHandled#"Tab"
2019-5-16 13:35:16.359#change#{"from":{"line":9,"ch":1,"sticky":null},"to":{"line":9,"ch":1,"sticky":null},"text":["",""],"removed":[""],"origin":"+input"}
2019-5-16 13:35:16.359#change#{"from":{"line":10,"ch":0,"sticky":null},"to":{"line":10,"ch":0,"sticky":null},"text":["\t"],"removed":[""],"origin":"+input"}
2019-5-16 13:35:16.359#keyHandled#"Enter"
2019-5-16 13:35:16.369#viewportChange#0
2019-5-16 13:35:17.231#mousedown#{"isTrusted":true}
2019-5-16 13:35:18.525#change#{"from":{"line":9,"ch":1,"sticky":"before","xRel":14.515625},"to":{"line":9,"ch":1,"sticky":"before","xRel":14.515625},"text":["num = int(input(\"Digite um numero: \"))",""],"removed":[""],"origin":"paste"}
2019-5-16 13:35:18.535#viewportChange#0
2019-5-16 13:35:18.525#change#{"from":{"line":9,"ch":1,"sticky":"before","xRel":14.515625},"to":{"line":9,"ch":1,"sticky":"before","xRel":14.515625},"text":["num = int(input(\"Digite um numero: \"))",""],"removed":[""],"origin":"paste"}
2019-5-16 13:35:18.535#viewportChange#0
2019-5-16 13:35:19.845#blur#
2019-5-16 13:35:21.695#saida_testar#$ python3 main.py
2019-5-16 13:35:33.821#mousedown#{"isTrusted":true}
2019-5-16 13:35:33.875#focus#
2019-5-16 13:35:34.554#mousedown#{"isTrusted":true}
2019-5-16 13:35:36.014#mousedown#{"isTrusted":true}
2019-5-16 13:35:36.381#mousedown#{"isTrusted":true}
2019-5-16 13:35:37.588#change#{"from":{"line":9,"ch":1,"sticky":null},"to":{"line":11,"ch":39,"sticky":null},"text":[""],"removed":["num = int(input(\"Digite um numero: \"))","","\t# Verifica se valor eh divisivel por 2"],"origin":"+delete"}
2019-5-16 13:35:37.588#keyHandled#"Backspace"
2019-5-16 13:35:37.600#viewportChange#0
2019-5-16 13:35:37.588#change#{"from":{"line":9,"ch":1,"sticky":null},"to":{"line":11,"ch":39,"sticky":null},"text":[""],"removed":["num = int(input(\"Digite um numero: \"))","","\t# Verifica se valor eh divisivel por 2"],"origin":"+delete"}
2019-5-16 13:35:37.588#keyHandled#"Backspace"
2019-5-16 13:35:37.600#viewportChange#0
2019-5-16 13:35:40.003#blur#
2019-5-16 13:36:05.499#mousedown#{"isTrusted":true}
2019-5-16 13:36:05.528#focus#
2019-5-16 13:36:05.543#mousedown#{"isTrusted":true}
2019-5-16 13:36:05.586#blur#
2019-5-16 13:36:05.959#mousedown#{"isTrusted":true}
2019-5-16 13:36:05.962#focus#
2019-5-16 13:36:05.976#mousedown#{"isTrusted":true}
2019-5-16 13:36:06.027#blur#
2019-5-16 13:36:06.984#saida_testar#PAR
PAR
PAR
PAR
PAR
PAR
PAR
PAR
PAR
PAR
PAR
PAR
PAR
PAR
PAR
PAR
PAR
PAR
PAR
PAR
PAR
PAR
PAR
PAR
PAR
PAR
PAR
PAR
PAR
PAR
PAR
PAR
PAR
PAR
PAR
PAR
PAR
PAR
PAR
PAR
PAR
PAR
PAR
PAR
PAR
PAR
PAR
PAR
PAR
PAR
PAR
PAR
PAR
PAR
PAR
PAR
PAR
PAR
PAR
PAR
PAR
PAR
PAR
PAR
PAR
PAR
PAR
PAR
PAR
PAR
PAR
PAR
PAR
PAR
PAR
PAR
PAR
PAR
PAR
PAR
PAR
PAR
PAR
PAR
PAR
PAR
PAR
PAR
PAR
PAR
PAR
PAR
PAR
PAR
PAR
PAR
PAR
PAR
PAR
PAR
PAR
PAR
PAR
PAR
PAR
PAR
PAR
PAR
PAR
PAR
PAR
PAR
PAR
PAR
PAR
PAR
PAR
PAR
PAR
PAR
PAR
PAR
PAR
PAR
PAR
PAR
PAR
PAR
PAR
PAR
PAR
PAR
PAR
PAR
PAR
PAR
PAR
PAR
PAR
PAR
PAR
PAR
PAR
PAR
PAR
PAR
PAR
PAR
PAR
PAR
PAR
PAR
PAR
PAR
PAR
PAR
PAR
PAR
PAR
PAR
PAR
PAR
PAR
PAR
PAR
PAR
PAR
PAR
PAR
PAR
PAR
PAR
PAR
PAR
PAR
PAR
PAR
PAR
PAR
PAR
PAR
PAR
PAR
PAR
PAR
PAR
PAR
PAR
PAR
PAR
PAR
PAR
PAR
PAR
PAR
PAR
PAR
PAR
PAR
PAR
PAR
PAR
PAR
PAR
PAR
PAR
PAR
PAR
PAR
PAR
PAR
PAR
PAR
PAR
PAR
PAR
PAR
PAR
PAR
PAR
PAR
PAR
PAR
PAR
PAR
PAR
PAR
PAR
PAR
PAR
PAR
PAR
PAR
PAR
PAR
PAR
PAR
PAR
PAR
PAR
PAR
PAR
PAR
PAR
PAR
PAR
PAR
PAR
PAR
PAR
PAR
PAR
PAR
PAR
PAR
PAR
PAR
PAR
PAR
PAR
PAR
PAR
PAR
PAR
PAR
PAR
PAR
PAR
PAR
PAR
PAR
PAR
PAR
PAR
PAR
PAR
PAR
PAR
PAR
PAR
PAR
PAR
PAR
PAR
PAR
PAR
PAR
PAR
PAR
PAR
PAR
PAR
PAR
PAR
PAR
PAR
PAR
PAR
PAR
PAR
PAR
PAR
PAR
PAR
PAR
PAR
PAR
PAR
PAR
PAR
PAR
PAR
PAR
PAR
PAR
PAR
PAR
PAR
PAR
PAR
PAR
PAR
PAR
PAR
PAR
PAR
PAR
PAR
PAR
PAR
PAR
PAR
PAR
PAR
PAR
PAR
PAR
PAR
PAR
PAR
PAR
PAR
PAR
PAR
PAR
PAR
PAR
PAR
PAR
PAR
PAR
PAR
PAR
PAR
PAR
PAR
PAR
PAR
PAR
PAR
PAR
PAR
PAR
PAR
PAR
PAR
PAR
PAR
PAR
PAR
PAR
PAR
PAR
PAR
PAR
PAR
PAR
PAR
PAR
PAR
PAR
PAR
PAR
PAR
PAR
PAR
PAR
PAR
PAR
PAR
PAR
PAR
PAR
PAR
PAR
PAR
PAR
PAR
PAR
PAR
PAR
PAR
PAR
PAR
PAR
PAR
PAR
PAR
PAR
PAR
PAR
PAR
PAR
PAR
PAR
PAR
PAR
PAR
PAR
PAR
PAR
PAR
PAR
PAR
PAR
PAR
PAR
PAR
PAR
PAR
PAR
PAR
PAR
PAR
PAR
PAR
PAR
PAR
PAR
PAR
PAR
PAR
PAR
PAR
PAR
PAR
PAR
PAR
PAR
PAR
PAR
PAR
PAR
PAR
PAR
PAR
PAR
PAR
PAR
PAR
PAR
PAR
PAR
PAR
PAR
PAR
PAR
PAR
PAR
PAR
PAR
PAR
PAR
PAR
PAR
PAR
PAR
PAR
PAR
PAR
PAR
PAR
PAR
PAR
PAR
PAR
PAR
PAR
PAR
PAR
PAR
PAR
PAR
PAR
PAR
PAR
PAR
PAR
PAR
PAR
PAR
PAR
PAR
PAR
PAR
PAR
PAR
PAR
PAR
PAR
PAR
PAR
PAR
PAR
PAR
PAR
PAR
PAR
PAR
PAR
PAR
PAR
PAR
PAR
PAR
PAR
PAR
PAR
PAR
PAR
PAR
PAR
PAR
PAR
PAR
PAR
PAR
PAR
PAR
PAR
PAR
PAR
PAR
PAR
PAR
PAR
PAR
PAR
PAR
PAR
PAR
PAR
PAR
PAR
PAR
PAR
PAR
PAR
PAR
PAR
PAR
PAR
PAR
PAR
PAR
PAR
PAR
PAR
PAR
PAR
PAR
PAR
PAR
PAR
PAR
PAR
PAR
PAR
PAR
PAR
PAR
PAR
PAR
PAR
PAR
PAR
PAR
PAR
PAR
PAR
PAR
PAR
PAR
PAR
PAR
PAR
PAR
PAR
PAR
PAR
PAR
PAR
PAR
PAR
PAR
PAR
PAR
PAR
PAR
PAR
PAR
PAR
PAR
PAR
PAR
PAR
PAR
PAR
PAR
PAR
PAR
PAR
PAR
PAR
PAR
PAR
PAR
PAR
PAR
PAR
PAR
PAR
PAR
PAR
PAR
PAR
PAR
PAR
PAR
PAR
PAR
PAR
PAR
PAR
PAR
PAR
PAR
PAR
PAR
PAR
PAR
PAR
PAR
PAR
PAR
PAR
PAR
PAR
PAR
PAR
PAR
PAR
PAR
PAR
PAR
PAR
PAR
PAR
PAR
PAR
PAR
PAR
PAR
PAR
PAR
PAR
PAR
PAR
PAR
PAR
PAR
PAR
PAR
PAR
PAR
PAR
PAR
PAR
PAR
PAR
PAR
PAR
PAR
PAR
PAR
PAR
PAR
PAR
PAR
PAR
PAR
PAR
PAR
PAR
PAR
PAR
PAR
PAR
PAR
PAR
PAR
PAR
PAR
PAR
PAR
PAR
PAR
PAR
PAR
PAR
PAR
PAR
PAR
PAR
PAR
PAR
PAR
PAR
PAR
PAR
PAR
PAR
PAR
PAR
PAR
PAR
PAR
PAR
PAR
PAR
PAR
PAR
PAR
PAR
PAR
PAR
PAR
PAR
PAR
PAR
PAR
PAR
PAR
PAR
PAR
PAR
PAR
PAR
PAR
PAR
PAR
PAR
PAR
PAR
PAR
PAR
PAR
PAR
PAR
PAR
PAR
PAR
PAR
PAR
PAR
PAR
PAR
PAR
PAR
PAR
PAR
PAR
PAR
PAR
PAR
PAR
PAR
PAR
PAR
PAR
PAR
PAR
PAR
PAR
PAR
PAR
PAR
PAR
PAR
PAR
PAR
PAR
PAR
PAR
PAR
PAR
PAR
PAR
PAR
PAR
PAR
PAR
PAR
PAR
PAR
PAR
PAR
PAR
PAR
PAR
PAR
PAR
PAR
PAR
PAR
PAR
PAR
PAR
PAR
PAR
PAR
PAR
PAR
PAR
PAR
PAR
PAR
PAR
PAR
PAR
PAR
PAR
PAR
PAR
PAR
PAR
PAR
PAR
PAR
PAR
PAR
PAR
PAR
PAR
PAR
PAR
PAR
PAR
PAR
PAR
PAR
PAR
PAR
PAR
PAR
PAR
PAR
PAR
PAR
PAR
PAR
PAR
PAR
PAR
PAR
PAR
PAR
PAR
PAR
PAR
PAR
PAR
PAR
PAR
PAR
PAR
PAR
PAR
PAR
PAR
PAR
PAR
PAR
PAR
PAR
PAR
PAR
PAR
PAR
PAR
PAR
PAR
PAR
PAR
PAR
PAR
PAR
PAR
PAR
PAR
PAR
PAR
PAR
PAR
PAR
PAR
PAR
PAR
PAR
PAR
PAR
PAR
PAR
PAR
PAR
PAR
PAR
PAR
PAR
PAR
PAR
PAR
PAR
PAR
PAR
PAR
PAR
PAR
PAR
PAR
PAR
PAR
PAR
PAR
PAR
PAR
PAR
PAR
PAR
PAR
PAR
PAR
PAR
PAR
PAR
PAR
PAR
PAR
PAR
PAR
PAR
PAR
PAR
PAR
PAR
PAR
PAR
PAR
PAR
PAR
PAR
PAR
PAR
PAR
PAR
PAR
PAR
PAR
PAR
PAR
PAR
PAR
PAR
PAR
PAR
PAR
PAR
PAR
PAR
PAR
PAR
PAR
PAR
PAR
PAR
PAR
PAR
PAR
PAR
PAR
PAR
PAR
PAR
PAR
PAR
PAR
PAR
2019-5-16 13:36:06.027#blur#
2019-5-16 13:36:06.984#saida_testar#PAR
PAR
PAR
PAR
PAR
PAR
PAR
PAR
PAR
PAR
PAR
PAR
PAR
PAR
PAR
PAR
PAR
PAR
PAR
PAR
PAR
PAR
PAR
PAR
PAR
PAR
PAR
PAR
PAR
PAR
PAR
PAR
PAR
PAR
PAR
PAR
PAR
PAR
PAR
PAR
PAR
PAR
PAR
PAR
PAR
PAR
PAR
PAR
PAR
PAR
PAR
PAR
PAR
PAR
PAR
PAR
PAR
PAR
PAR
PAR
PAR
PAR
PAR
PAR
PAR
PAR
PAR
PAR
PAR
PAR
PAR
PAR
PAR
PAR
PAR
PAR
PAR
PAR
PAR
PAR
PAR
PAR
PAR
PAR
PAR
PAR
PAR
PAR
PAR
PAR
PAR
PAR
PAR
PAR
PAR
PAR
PAR
PAR
PAR
PAR
PAR
PAR
PAR
PAR
PAR
PAR
PAR
PAR
PAR
PAR
PAR
PAR
PAR
PAR
PAR
PAR
PAR
PAR
PAR
PAR
PAR
PAR
PAR
PAR
PAR
PAR
PAR
PAR
PAR
PAR
PAR
PAR
PAR
PAR
PAR
PAR
PAR
PAR
PAR
PAR
PAR
PAR
PAR
PAR
PAR
PAR
PAR
PAR
PAR
PAR
PAR
PAR
PAR
PAR
PAR
PAR
PAR
PAR
PAR
PAR
PAR
PAR
PAR
PAR
PAR
PAR
PAR
PAR
PAR
PAR
PAR
PAR
PAR
PAR
PAR
PAR
PAR
PAR
PAR
PAR
PAR
PAR
PAR
PAR
PAR
PAR
PAR
PAR
PAR
PAR
PAR
PAR
PAR
PAR
PAR
PAR
PAR
PAR
PAR
PAR
PAR
PAR
PAR
PAR
PAR
PAR
PAR
PAR
PAR
PAR
PAR
PAR
PAR
PAR
PAR
PAR
PAR
PAR
PAR
PAR
PAR
PAR
PAR
PAR
PAR
PAR
PAR
PAR
PAR
PAR
PAR
PAR
PAR
PAR
PAR
PAR
PAR
PAR
PAR
PAR
PAR
PAR
PAR
PAR
PAR
PAR
PAR
PAR
PAR
PAR
PAR
PAR
PAR
PAR
PAR
PAR
PAR
PAR
PAR
PAR
PAR
PAR
PAR
PAR
PAR
PAR
PAR
PAR
PAR
PAR
PAR
PAR
PAR
PAR
PAR
PAR
PAR
PAR
PAR
PAR
PAR
PAR
PAR
PAR
PAR
PAR
PAR
PAR
PAR
PAR
PAR
PAR
PAR
PAR
PAR
PAR
PAR
PAR
PAR
PAR
PAR
PAR
PAR
PAR
PAR
PAR
PAR
PAR
PAR
PAR
PAR
PAR
PAR
PAR
PAR
PAR
PAR
PAR
PAR
PAR
PAR
PAR
PAR
PAR
PAR
PAR
PAR
PAR
PAR
PAR
PAR
PAR
PAR
PAR
PAR
PAR
PAR
PAR
PAR
PAR
PAR
PAR
PAR
PAR
PAR
PAR
PAR
PAR
PAR
PAR
PAR
PAR
PAR
PAR
PAR
PAR
PAR
PAR
PAR
PAR
PAR
PAR
PAR
PAR
PAR
PAR
PAR
PAR
PAR
PAR
PAR
PAR
PAR
PAR
PAR
PAR
PAR
PAR
PAR
PAR
PAR
PAR
PAR
PAR
PAR
PAR
PAR
PAR
PAR
PAR
PAR
PAR
PAR
PAR
PAR
PAR
PAR
PAR
PAR
PAR
PAR
PAR
PAR
PAR
PAR
PAR
PAR
PAR
PAR
PAR
PAR
PAR
PAR
PAR
PAR
PAR
PAR
PAR
PAR
PAR
PAR
PAR
PAR
PAR
PAR
PAR
PAR
PAR
PAR
PAR
PAR
PAR
PAR
PAR
PAR
PAR
PAR
PAR
PAR
PAR
PAR
PAR
PAR
PAR
PAR
PAR
PAR
PAR
PAR
PAR
PAR
PAR
PAR
PAR
PAR
PAR
PAR
PAR
PAR
PAR
PAR
PAR
PAR
PAR
PAR
PAR
PAR
PAR
PAR
PAR
PAR
PAR
PAR
PAR
PAR
PAR
PAR
PAR
PAR
PAR
PAR
PAR
PAR
PAR
PAR
PAR
PAR
PAR
PAR
PAR
PAR
PAR
PAR
PAR
PAR
PAR
PAR
PAR
PAR
PAR
PAR
PAR
PAR
PAR
PAR
PAR
PAR
PAR
PAR
PAR
PAR
PAR
PAR
PAR
PAR
PAR
PAR
PAR
PAR
PAR
PAR
PAR
PAR
PAR
PAR
PAR
PAR
PAR
PAR
PAR
PAR
PAR
PAR
PAR
PAR
PAR
PAR
PAR
PAR
PAR
PAR
PAR
PAR
PAR
PAR
PAR
PAR
PAR
PAR
PAR
PAR
PAR
PAR
PAR
PAR
PAR
PAR
PAR
PAR
PAR
PAR
PAR
PAR
PAR
PAR
PAR
PAR
PAR
PAR
PAR
PAR
PAR
PAR
PAR
PAR
PAR
PAR
PAR
PAR
PAR
PAR
PAR
PAR
PAR
PAR
PAR
PAR
PAR
PAR
PAR
PAR
PAR
PAR
PAR
PAR
PAR
PAR
PAR
PAR
PAR
PAR
PAR
PAR
PAR
PAR
PAR
PAR
PAR
PAR
PAR
PAR
PAR
PAR
PAR
PAR
PAR
PAR
PAR
PAR
PAR
PAR
PAR
PAR
PAR
PAR
PAR
PAR
PAR
PAR
PAR
PAR
PAR
PAR
PAR
PAR
PAR
PAR
PAR
PAR
PAR
PAR
PAR
PAR
PAR
PAR
PAR
PAR
PAR
PAR
PAR
PAR
PAR
PAR
PAR
PAR
PAR
PAR
PAR
PAR
PAR
PAR
PAR
PAR
PAR
PAR
PAR
PAR
PAR
PAR
PAR
PAR
PAR
PAR
PAR
PAR
PAR
PAR
PAR
PAR
PAR
PAR
PAR
PAR
PAR
PAR
PAR
PAR
PAR
PAR
PAR
PAR
PAR
PAR
PAR
PAR
PAR
PAR
PAR
PAR
PAR
PAR
PAR
PAR
PAR
PAR
PAR
PAR
PAR
PAR
PAR
PAR
PAR
PAR
PAR
PAR
PAR
PAR
PAR
PAR
PAR
PAR
PAR
PAR
PAR
PAR
PAR
PAR
PAR
PAR
PAR
PAR
PAR
PAR
PAR
PAR
PAR
PAR
PAR
PAR
PAR
PAR
PAR
PAR
PAR
PAR
PAR
PAR
PAR
PAR
PAR
PAR
PAR
PAR
PAR
PAR
PAR
PAR
PAR
PAR
PAR
PAR
PAR
PAR
PAR
PAR
PAR
PAR
PAR
PAR
PAR
PAR
PAR
PAR
PAR
PAR
PAR
PAR
PAR
PAR
PAR
PAR
PAR
PAR
PAR
PAR
PAR
PAR
PAR
PAR
PAR
PAR
PAR
PAR
PAR
PAR
PAR
PAR
PAR
PAR
PAR
PAR
PAR
PAR
PAR
PAR
PAR
PAR
PAR
PAR
PAR
PAR
PAR
PAR
PAR
PAR
PAR
PAR
PAR
PAR
PAR
PAR
PAR
PAR
PAR
PAR
PAR
PAR
PAR
PAR
PAR
PAR
PAR
PAR
PAR
PAR
PAR
PAR
PAR
PAR
PAR
PAR
PAR
PAR
PAR
PAR
PAR
PAR
PAR
PAR
PAR
PAR
PAR
PAR
PAR
PAR
PAR
PAR
PAR
PAR
PAR
PAR
PAR
PAR
PAR
PAR
PAR
PAR
PAR
PAR
PAR
PAR
PAR
PAR
PAR
PAR
PAR
PAR
PAR
PAR
PAR
PAR
PAR
PAR
PAR
PAR
PAR
PAR
PAR
PAR
PAR
PAR
PAR
PAR
PAR
PAR
PAR
PAR
PAR
PAR
PAR
PAR
PAR
PAR
PAR
PAR
PAR
PAR
PAR
PAR
PAR
PAR
PAR
PAR
PAR
PAR
PAR
PAR
PAR
PAR
PAR
PAR
PAR
PAR
PAR
PAR
PAR
PAR
PAR
PAR
PAR
PAR
PAR
PAR
PAR
PAR
PAR
PAR
PAR
PAR
PAR
PAR
PAR
PAR
PAR
PAR
PAR
PAR
PAR
PAR
PAR
PAR
PAR
PAR
PAR
PAR
PAR
PAR
PAR
PAR
PAR
PAR
PAR
PAR
PAR
PAR
PAR
PAR
PAR
PAR
PAR
PAR
PAR
PAR
PAR
PAR
PAR
PAR
PAR
PAR
PAR
PAR
PAR
PAR
PAR
PAR
PAR
PAR
PAR
PAR
PAR
PAR
PAR
PAR
PAR
PAR
PAR
PAR
PAR
PAR
PAR
PAR
PAR
PAR
PAR
PAR
PAR
PAR
2019-5-16 13:36:06.027#blur#
2019-5-16 13:36:06.984#saida_testar#PAR
PAR
PAR
PAR
PAR
PAR
PAR
PAR
PAR
PAR
PAR
PAR
PAR
PAR
PAR
PAR
PAR
PAR
PAR
PAR
PAR
PAR
PAR
PAR
PAR
PAR
PAR
PAR
PAR
PAR
PAR
PAR
PAR
PAR
PAR
PAR
PAR
PAR
PAR
PAR
PAR
PAR
PAR
PAR
PAR
PAR
PAR
PAR
PAR
PAR
PAR
PAR
PAR
PAR
PAR
PAR
PAR
PAR
PAR
PAR
PAR
PAR
PAR
PAR
PAR
PAR
PAR
PAR
PAR
PAR
PAR
PAR
PAR
PAR
PAR
PAR
PAR
PAR
PAR
PAR
PAR
PAR
PAR
PAR
PAR
PAR
PAR
PAR
PAR
PAR
PAR
PAR
PAR
PAR
PAR
PAR
PAR
PAR
PAR
PAR
PAR
PAR
PAR
PAR
PAR
PAR
PAR
PAR
PAR
PAR
PAR
PAR
PAR
PAR
PAR
PAR
PAR
PAR
PAR
PAR
PAR
PAR
PAR
PAR
PAR
PAR
PAR
PAR
PAR
PAR
PAR
PAR
PAR
PAR
PAR
PAR
PAR
PAR
PAR
PAR
PAR
PAR
PAR
PAR
PAR
PAR
PAR
PAR
PAR
PAR
PAR
PAR
PAR
PAR
PAR
PAR
PAR
PAR
PAR
PAR
PAR
PAR
PAR
PAR
PAR
PAR
PAR
PAR
PAR
PAR
PAR
PAR
PAR
PAR
PAR
PAR
PAR
PAR
PAR
PAR
PAR
PAR
PAR
PAR
PAR
PAR
PAR
PAR
PAR
PAR
PAR
PAR
PAR
PAR
PAR
PAR
PAR
PAR
PAR
PAR
PAR
PAR
PAR
PAR
PAR
PAR
PAR
PAR
PAR
PAR
PAR
PAR
PAR
PAR
PAR
PAR
PAR
PAR
PAR
PAR
PAR
PAR
PAR
PAR
PAR
PAR
PAR
PAR
PAR
PAR
PAR
PAR
PAR
PAR
PAR
PAR
PAR
PAR
PAR
PAR
PAR
PAR
PAR
PAR
PAR
PAR
PAR
PAR
PAR
PAR
PAR
PAR
PAR
PAR
PAR
PAR
PAR
PAR
PAR
PAR
PAR
PAR
PAR
PAR
PAR
PAR
PAR
PAR
PAR
PAR
PAR
PAR
PAR
PAR
PAR
PAR
PAR
PAR
PAR
PAR
PAR
PAR
PAR
PAR
PAR
PAR
PAR
PAR
PAR
PAR
PAR
PAR
PAR
PAR
PAR
PAR
PAR
PAR
PAR
PAR
PAR
PAR
PAR
PAR
PAR
PAR
PAR
PAR
PAR
PAR
PAR
PAR
PAR
PAR
PAR
PAR
PAR
PAR
PAR
PAR
PAR
PAR
PAR
PAR
PAR
PAR
PAR
PAR
PAR
PAR
PAR
PAR
PAR
PAR
PAR
PAR
PAR
PAR
PAR
PAR
PAR
PAR
PAR
PAR
PAR
PAR
PAR
PAR
PAR
PAR
PAR
PAR
PAR
PAR
PAR
PAR
PAR
PAR
PAR
PAR
PAR
PAR
PAR
PAR
PAR
PAR
PAR
PAR
PAR
PAR
PAR
PAR
PAR
PAR
PAR
PAR
PAR
PAR
PAR
PAR
PAR
PAR
PAR
PAR
PAR
PAR
PAR
PAR
PAR
PAR
PAR
PAR
PAR
PAR
PAR
PAR
PAR
PAR
PAR
PAR
PAR
PAR
PAR
PAR
PAR
PAR
PAR
PAR
PAR
PAR
PAR
PAR
PAR
PAR
PAR
PAR
PAR
PAR
PAR
PAR
PAR
PAR
PAR
PAR
PAR
PAR
PAR
PAR
PAR
PAR
PAR
PAR
PAR
PAR
PAR
PAR
PAR
PAR
PAR
PAR
PAR
PAR
PAR
PAR
PAR
PAR
PAR
PAR
PAR
PAR
PAR
PAR
PAR
PAR
PAR
PAR
PAR
PAR
PAR
PAR
PAR
PAR
PAR
PAR
PAR
PAR
PAR
PAR
PAR
PAR
PAR
PAR
PAR
PAR
PAR
PAR
PAR
PAR
PAR
PAR
PAR
PAR
PAR
PAR
PAR
PAR
PAR
PAR
PAR
PAR
PAR
PAR
PAR
PAR
PAR
PAR
PAR
PAR
PAR
PAR
PAR
PAR
PAR
PAR
PAR
PAR
PAR
PAR
PAR
PAR
PAR
PAR
PAR
PAR
PAR
PAR
PAR
PAR
PAR
PAR
PAR
PAR
PAR
PAR
PAR
PAR
PAR
PAR
PAR
PAR
PAR
PAR
PAR
PAR
PAR
PAR
PAR
PAR
PAR
PAR
PAR
PAR
PAR
PAR
PAR
PAR
PAR
PAR
PAR
PAR
PAR
PAR
PAR
PAR
PAR
PAR
PAR
PAR
PAR
PAR
PAR
PAR
PAR
PAR
PAR
PAR
PAR
PAR
PAR
PAR
PAR
PAR
PAR
PAR
PAR
PAR
PAR
PAR
PAR
PAR
PAR
PAR
PAR
PAR
PAR
PAR
PAR
PAR
PAR
PAR
PAR
PAR
PAR
PAR
PAR
PAR
PAR
PAR
PAR
PAR
PAR
PAR
PAR
PAR
PAR
PAR
PAR
PAR
PAR
PAR
PAR
PAR
PAR
PAR
PAR
PAR
PAR
PAR
PAR
PAR
PAR
PAR
PAR
PAR
PAR
PAR
PAR
PAR
PAR
PAR
PAR
PAR
PAR
PAR
PAR
PAR
PAR
PAR
PAR
PAR
PAR
PAR
PAR
PAR
PAR
PAR
PAR
PAR
PAR
PAR
PAR
PAR
PAR
PAR
PAR
PAR
PAR
PAR
PAR
PAR
PAR
PAR
PAR
PAR
PAR
PAR
PAR
PAR
PAR
PAR
PAR
PAR
PAR
PAR
PAR
PAR
PAR
PAR
PAR
PAR
PAR
PAR
PAR
PAR
PAR
PAR
PAR
PAR
PAR
PAR
PAR
PAR
PAR
PAR
PAR
PAR
PAR
PAR
PAR
PAR
PAR
PAR
PAR
PAR
PAR
PAR
PAR
PAR
PAR
PAR
PAR
PAR
PAR
PAR
PAR
PAR
PAR
PAR
PAR
PAR
PAR
PAR
PAR
PAR
PAR
PAR
PAR
PAR
PAR
PAR
PAR
PAR
PAR
PAR
PAR
PAR
PAR
PAR
PAR
PAR
PAR
PAR
PAR
PAR
PAR
PAR
PAR
PAR
PAR
PAR
PAR
PAR
PAR
PAR
PAR
PAR
PAR
PAR
PAR
PAR
PAR
PAR
PAR
PAR
PAR
PAR
PAR
PAR
PAR
PAR
PAR
PAR
PAR
PAR
PAR
PAR
PAR
PAR
PAR
PAR
PAR
PAR
PAR
PAR
PAR
PAR
PAR
PAR
PAR
PAR
PAR
PAR
PAR
PAR
PAR
PAR
PAR
PAR
PAR
PAR
PAR
PAR
PAR
PAR
PAR
PAR
PAR
PAR
PAR
PAR
PAR
PAR
PAR
PAR
PAR
PAR
PAR
PAR
PAR
PAR
PAR
PAR
PAR
PAR
PAR
PAR
PAR
PAR
PAR
PAR
PAR
PAR
PAR
PAR
PAR
PAR
PAR
PAR
PAR
PAR
PAR
PAR
PAR
PAR
PAR
PAR
PAR
PAR
PAR
PAR
PAR
PAR
PAR
PAR
PAR
PAR
PAR
PAR
PAR
PAR
PAR
PAR
PAR
PAR
PAR
PAR
PAR
PAR
PAR
PAR
PAR
PAR
PAR
PAR
PAR
PAR
PAR
PAR
PAR
PAR
PAR
PAR
PAR
PAR
PAR
PAR
PAR
PAR
PAR
PAR
PAR
PAR
PAR
PAR
PAR
PAR
PAR
PAR
PAR
PAR
PAR
PAR
PAR
PAR
PAR
PAR
PAR
PAR
PAR
PAR
PAR
PAR
PAR
PAR
PAR
PAR
PAR
PAR
PAR
PAR
PAR
PAR
PAR
PAR
PAR
PAR
PAR
PAR
PAR
PAR
PAR
PAR
PAR
PAR
PAR
PAR
PAR
PAR
PAR
PAR
PAR
PAR
PAR
PAR
PAR
PAR
PAR
PAR
PAR
PAR
PAR
PAR
PAR
PAR
PAR
PAR
PAR
PAR
PAR
PAR
PAR
PAR
PAR
PAR
PAR
PAR
PAR
PAR
PAR
PAR
PAR
PAR
PAR
PAR
PAR
PAR
PAR
PAR
PAR
PAR
PAR
PAR
PAR
PAR
PAR
PAR
PAR
PAR
PAR
PAR
PAR
PAR
PAR
PAR
PAR
PAR
PAR
PAR
PAR
PAR
PAR
PAR
PAR
PAR
PAR
PAR
PAR
2019-5-16 13:36:54.637#viewportChange#0
2019-5-16 13:36:55.364#mousedown#{"isTrusted":true}
2019-5-16 13:36:55.386#focus#
2019-5-16 13:36:56.553#change#{"from":{"line":19,"ch":19,"sticky":"before","xRel":54.8125},"to":{"line":19,"ch":19,"sticky":"before","xRel":54.8125},"text":["",""],"removed":[""],"origin":"+input"}
2019-5-16 13:36:56.553#change#{"from":{"line":20,"ch":0,"sticky":null},"to":{"line":20,"ch":0,"sticky":null},"text":["\t"],"removed":[""],"origin":"+input"}
2019-5-16 13:36:56.553#keyHandled#"Enter"
2019-5-16 13:36:56.562#viewportChange#0
2019-5-16 13:36:58.035#change#{"from":{"line":20,"ch":1,"sticky":null},"to":{"line":20,"ch":1,"sticky":null},"text":["V"],"removed":[""],"origin":"+input"}
2019-5-16 13:36:59.382#change#{"from":{"line":20,"ch":1,"sticky":"after"},"to":{"line":20,"ch":2,"sticky":null},"text":[""],"removed":["V"],"origin":"+delete"}
2019-5-16 13:36:59.382#keyHandled#"Backspace"
2019-5-16 13:37:00.363#change#{"from":{"line":20,"ch":1,"sticky":null},"to":{"line":20,"ch":1,"sticky":null},"text":["num = int(input(\"Digite um numero: \"))",""],"removed":[""],"origin":"paste"}
2019-5-16 13:37:00.370#viewportChange#0
2019-5-16 13:37:00.363#change#{"from":{"line":20,"ch":1,"sticky":null},"to":{"line":20,"ch":1,"sticky":null},"text":["num = int(input(\"Digite um numero: \"))",""],"removed":[""],"origin":"paste"}
2019-5-16 13:37:00.370#viewportChange#0
2019-5-16 13:37:02.188#blur#
2019-5-16 13:37:03.520#saida_testar#$ python3 main.py
2019-5-16 13:37:09.690#dica_bullet#ValueError: invalid literal for int() with base 10
2019-5-16 13:37:09.690#dica_bullet#ValueError: invalid literal for int() with base 10
2019-5-16 13:37:13.446#saida_testar#$ python3 main.py
Digite um numero: 66
PAR
2019-5-16 13:37:22.163#mousedown#{"isTrusted":true}
2019-5-16 13:37:22.216#focus#
2019-5-16 13:37:23.139#mousedown#{"isTrusted":true}
2019-5-16 13:37:36.539#mousedown#{"isTrusted":true}
2019-5-16 13:37:37.347#change#{"from":{"line":20,"ch":0,"sticky":"after"},"to":{"line":20,"ch":1,"sticky":"after","xRel":0.8125},"text":[""],"removed":["\t"],"origin":"+delete"}
2019-5-16 13:37:37.347#keyHandled#"Backspace"
2019-5-16 13:37:37.347#change#{"from":{"line":20,"ch":0,"sticky":"after"},"to":{"line":20,"ch":1,"sticky":"after","xRel":0.8125},"text":[""],"removed":["\t"],"origin":"+delete"}
2019-5-16 13:37:37.347#keyHandled#"Backspace"
2019-5-16 13:37:38.871#blur#
2019-5-16 13:37:39.723#saida_testar#$ python3 main.py
2019-5-16 13:37:40.560#dica_bullet#ValueError: invalid literal for int() with base 10
2019-5-16 13:37:43.892#mousedown#{"isTrusted":true}
2019-5-16 13:37:43.943#focus#
2019-5-16 13:37:44.985#change#{"from":{"line":20,"ch":0,"sticky":"after","xRel":-1.1875},"to":{"line":20,"ch":0,"sticky":"after","xRel":-1.1875},"text":["\t"],"removed":[""],"origin":"+input"}
2019-5-16 13:37:44.985#keyHandled#"Tab"
2019-5-16 13:37:45.971#mousedown#{"isTrusted":true}
2019-5-16 13:37:51.046#blur#
2019-5-16 13:37:51.355#saida_testar#$ python3 main.py
2019-5-16 13:37:59.179#dica_bullet#ValueError: invalid literal for int() with base 10
2019-5-16 13:38:01.140#mousedown#{"isTrusted":true}
2019-5-16 13:38:01.185#focus#
2019-5-16 13:38:01.926#blur#
2019-5-16 13:38:02.403#mousedown#{"isTrusted":true}
2019-5-16 13:38:02.417#focus#
2019-5-16 13:38:02.403#mousedown#{"isTrusted":true}
2019-5-16 13:38:02.417#focus#
2019-5-16 13:38:06.145#blur#
2019-5-16 13:38:07.523#saida_testar#$ python3 main.py
2019-5-16 14:10:52.687#touchstart#{"isTrusted":true}
2019-5-16 14:10:53.241#touchstart#{"isTrusted":true}
2019-5-16 14:10:55.475#touchstart#{"isTrusted":true}
2019-5-16 14:10:56.045#touchstart#{"isTrusted":true}
2019-5-16 14:10:56.603#touchstart#{"isTrusted":true}
2019-5-16 14:10:57.259#touchstart#{"isTrusted":true}
2019-5-16 14:12:01.863#viewportChange#0
2019-5-16 14:12:02.459#touchstart#{"isTrusted":true}
2019-5-16 14:12:02.981#touchstart#{"isTrusted":true}
2019-5-16 14:12:03.481#touchstart#{"isTrusted":true}
2019-5-16 14:12:03.952#touchstart#{"isTrusted":true}
2019-5-16 14:12:04.402#touchstart#{"isTrusted":true}
2019-5-16 14:12:04.850#touchstart#{"isTrusted":true}
2019-5-16 14:12:05.598#touchstart#{"isTrusted":true}
2019-5-16 14:12:06.231#touchstart#{"isTrusted":true}
2019-5-16 14:12:06.439#viewportChange#0
