2019-3-11 15:09:20.671#viewportChange#0
2019-3-11 15:09:30.378#mousedown#{"isTrusted":true}
2019-3-11 15:09:30.389#focus#
2019-3-11 15:09:36.961#change#{"from":{"line":0,"ch":0,"sticky":"after","xRel":39.29998779296875},"to":{"line":0,"ch":0,"sticky":"after","xRel":39.29998779296875},"text":["p"],"removed":[""],"origin":"+input"}
2019-3-11 15:09:37.179#change#{"from":{"line":0,"ch":1,"sticky":null},"to":{"line":0,"ch":1,"sticky":null},"text":["r"],"removed":[""],"origin":"+input"}
2019-3-11 15:09:37.208#change#{"from":{"line":0,"ch":2,"sticky":null},"to":{"line":0,"ch":2,"sticky":null},"text":["i"],"removed":[""],"origin":"+input"}
2019-3-11 15:09:37.545#change#{"from":{"line":0,"ch":3,"sticky":null},"to":{"line":0,"ch":3,"sticky":null},"text":["t"],"removed":[""],"origin":"+input"}
2019-3-11 15:09:38.208#change#{"from":{"line":0,"ch":3,"sticky":"after"},"to":{"line":0,"ch":4,"sticky":null},"text":[""],"removed":["t"],"origin":"+delete"}
2019-3-11 15:09:38.209#keyHandled#"Backspace"
2019-3-11 15:09:38.561#change#{"from":{"line":0,"ch":3,"sticky":null},"to":{"line":0,"ch":3,"sticky":null},"text":["m"],"removed":[""],"origin":"+input"}
2019-3-11 15:09:38.685#change#{"from":{"line":0,"ch":4,"sticky":null},"to":{"line":0,"ch":4,"sticky":null},"text":["t"],"removed":[""],"origin":"+input"}
2019-3-11 15:09:39.144#change#{"from":{"line":0,"ch":4,"sticky":"after"},"to":{"line":0,"ch":5,"sticky":null},"text":[""],"removed":["t"],"origin":"+delete"}
2019-3-11 15:09:39.144#keyHandled#"Backspace"
2019-3-11 15:09:39.613#change#{"from":{"line":0,"ch":3,"sticky":"after"},"to":{"line":0,"ch":4,"sticky":null},"text":[""],"removed":["m"],"origin":"+delete"}
2019-3-11 15:09:39.613#keyHandled#"Backspace"
2019-3-11 15:09:39.939#change#{"from":{"line":0,"ch":3,"sticky":null},"to":{"line":0,"ch":3,"sticky":null},"text":["n"],"removed":[""],"origin":"+input"}
2019-3-11 15:09:40.074#change#{"from":{"line":0,"ch":4,"sticky":null},"to":{"line":0,"ch":4,"sticky":null},"text":["t"],"removed":[""],"origin":"+input"}
2019-3-11 15:09:41.230#change#{"from":{"line":0,"ch":5,"sticky":null},"to":{"line":0,"ch":5,"sticky":null},"text":["()"],"removed":[""],"origin":"+input"}
2019-3-11 15:09:41.230#keyHandled#"'('"
2019-3-11 15:09:45.569#change#{"from":{"line":0,"ch":7,"sticky":null},"to":{"line":0,"ch":7,"sticky":null},"text":["0"],"removed":[""],"origin":"+input"}
2019-3-11 15:09:47.300#change#{"from":{"line":0,"ch":8,"sticky":null},"to":{"line":0,"ch":8,"sticky":null},"text":["*"],"removed":[""],"origin":"+input"}
2019-3-11 15:09:47.740#change#{"from":{"line":0,"ch":9,"sticky":null},"to":{"line":0,"ch":9,"sticky":null},"text":["*"],"removed":[""],"origin":"+input"}
2019-3-11 15:09:48.699#change#{"from":{"line":0,"ch":9,"sticky":"after"},"to":{"line":0,"ch":10,"sticky":null},"text":[""],"removed":["*"],"origin":"+delete"}
2019-3-11 15:09:48.699#keyHandled#"Backspace"
2019-3-11 15:09:50.272#change#{"from":{"line":0,"ch":9,"sticky":null},"to":{"line":0,"ch":9,"sticky":null},"text":["3"],"removed":[""],"origin":"+input"}
2019-3-11 15:09:50.544#change#{"from":{"line":0,"ch":10,"sticky":null},"to":{"line":0,"ch":10,"sticky":null},"text":["5"],"removed":[""],"origin":"+input"}
2019-3-11 15:09:52.692#blur#
2019-3-11 15:09:52.692#blur#
