2019-3-18 18:24:03.329#viewportChange#0
2019-3-18 18:25:50.591#mousedown#{"isTrusted":true}
2019-3-18 18:25:50.602#focus#
2019-3-18 18:25:54.536#mousedown#{"isTrusted":true}
2019-3-18 18:26:05.202#change#{"from":{"line":0,"ch":0,"sticky":"after","xRel":219.75689697265625},"to":{"line":0,"ch":0,"sticky":"after","xRel":219.75689697265625},"text":["r"],"removed":[""],"origin":"+input"}
2019-3-18 18:26:05.214#change#{"from":{"line":0,"ch":1,"sticky":null},"to":{"line":0,"ch":1,"sticky":null},"text":["o"],"removed":[""],"origin":"+input"}
2019-3-18 18:26:05.223#change#{"from":{"line":0,"ch":2,"sticky":null},"to":{"line":0,"ch":2,"sticky":null},"text":["u"],"removed":[""],"origin":"+input"}
2019-3-18 18:26:05.256#change#{"from":{"line":0,"ch":3,"sticky":null},"to":{"line":0,"ch":3,"sticky":null},"text":["n"],"removed":[""],"origin":"+input"}
2019-3-18 18:26:05.609#change#{"from":{"line":0,"ch":4,"sticky":null},"to":{"line":0,"ch":4,"sticky":null},"text":["d"],"removed":[""],"origin":"+input"}
2019-3-18 18:26:07.769#change#{"from":{"line":0,"ch":5,"sticky":null},"to":{"line":0,"ch":5,"sticky":null},"text":["()"],"removed":[""],"origin":"+input"}
2019-3-18 18:26:07.769#keyHandled#"'('"
2019-3-18 18:26:23.133#mousedown#{"isTrusted":true}
2019-3-18 18:26:25.753#keyHandled#"Left"
2019-3-18 18:26:25.756#keyHandled#"Left"
2019-3-18 18:26:25.771#keyHandled#"Left"
2019-3-18 18:26:26.396#keyHandled#"Left"
2019-3-18 18:26:28.216#change#{"from":{"line":0,"ch":0,"sticky":"after","xRel":1.3055419921875,"hitSide":true},"to":{"line":0,"ch":0,"sticky":"after","xRel":1.3055419921875,"hitSide":true},"text":["p"],"removed":[""],"origin":"+input"}
2019-3-18 18:26:28.800#change#{"from":{"line":0,"ch":1,"sticky":null},"to":{"line":0,"ch":1,"sticky":null},"text":["r"],"removed":[""],"origin":"+input"}
2019-3-18 18:26:29.424#change#{"from":{"line":0,"ch":2,"sticky":null},"to":{"line":0,"ch":2,"sticky":null},"text":["i"],"removed":[""],"origin":"+input"}
2019-3-18 18:26:32.176#change#{"from":{"line":0,"ch":2,"sticky":"after"},"to":{"line":0,"ch":3,"sticky":null},"text":[""],"removed":["i"],"origin":"+delete"}
2019-3-18 18:26:32.176#keyHandled#"Backspace"
2019-3-18 18:26:32.585#change#{"from":{"line":0,"ch":2,"sticky":null},"to":{"line":0,"ch":2,"sticky":null},"text":["i"],"removed":[""],"origin":"+input"}
2019-3-18 18:26:32.723#change#{"from":{"line":0,"ch":3,"sticky":null},"to":{"line":0,"ch":3,"sticky":null},"text":["n"],"removed":[""],"origin":"+input"}
2019-3-18 18:26:32.921#change#{"from":{"line":0,"ch":4,"sticky":null},"to":{"line":0,"ch":4,"sticky":null},"text":["t"],"removed":[""],"origin":"+input"}
2019-3-18 18:26:35.666#change#{"from":{"line":0,"ch":5,"sticky":null},"to":{"line":0,"ch":5,"sticky":null},"text":["("],"removed":[""],"origin":"+input"}
2019-3-18 18:26:38.938#mousedown#{"isTrusted":true}
2019-3-18 18:26:40.074#mousedown#{"isTrusted":true}
2019-3-18 18:26:41.221#mousedown#{"isTrusted":true}
2019-3-18 18:26:41.700#mousedown#{"isTrusted":true}
2019-3-18 18:26:41.732#dblclick#{"isTrusted":true}
2019-3-18 18:26:44.484#change#{"from":{"line":0,"ch":13,"sticky":"before","xRel":22.4166259765625},"to":{"line":0,"ch":13,"sticky":"before","xRel":22.4166259765625},"text":[")"],"removed":[""],"origin":"+input"}
2019-3-18 18:26:48.441#mousedown#{"isTrusted":true}
2019-3-18 18:26:50.161#mousedown#{"isTrusted":true}
2019-3-18 18:26:54.568#blur#
2019-3-18 18:27:05.135#mousedown#{"isTrusted":true}
2019-3-18 18:27:05.140#focus#
2019-3-18 18:27:07.902#mousedown#{"isTrusted":true}
2019-3-18 18:27:26.560#keyHandled#"Right"
2019-3-18 18:27:26.566#keyHandled#"Right"
2019-3-18 18:27:27.139#keyHandled#"Right"
2019-3-18 18:27:28.872#keyHandled#"Right"
2019-3-18 18:27:28.883#keyHandled#"Right"
2019-3-18 18:27:34.615#keyHandled#"Right"
2019-3-18 18:28:11.347#change#{"from":{"line":0,"ch":12,"sticky":"before"},"to":{"line":0,"ch":12,"sticky":"before"},"text":["2"],"removed":[""],"origin":"+input"}
2019-3-18 18:28:11.357#change#{"from":{"line":0,"ch":13,"sticky":null},"to":{"line":0,"ch":13,"sticky":null},"text":["5"],"removed":[""],"origin":"+input"}
2019-3-18 18:28:11.915#change#{"from":{"line":0,"ch":14,"sticky":null},"to":{"line":0,"ch":14,"sticky":null},"text":["0"],"removed":[""],"origin":"+input"}
2019-3-18 18:28:29.563#change#{"from":{"line":0,"ch":15,"sticky":null},"to":{"line":0,"ch":15,"sticky":null},"text":[","],"removed":[""],"origin":"+input"}
2019-3-18 18:28:32.420#change#{"from":{"line":0,"ch":16,"sticky":null},"to":{"line":0,"ch":16,"sticky":null},"text":[" "],"removed":[""],"origin":"+input"}
2019-3-18 18:28:33.572#change#{"from":{"line":0,"ch":17,"sticky":null},"to":{"line":0,"ch":17,"sticky":null},"text":["4"],"removed":[""],"origin":"+input"}
2019-3-18 18:28:33.572#change#{"from":{"line":0,"ch":17,"sticky":null},"to":{"line":0,"ch":17,"sticky":null},"text":["4"],"removed":[""],"origin":"+input"}
2019-3-18 18:28:38.328#submit#Your code did not produce the correct output. Please, correct your code and try again.
2019-3-18 18:28:42.520#mousedown#{"isTrusted":true}
2019-3-18 18:28:44.404#change#{"from":{"line":0,"ch":19,"sticky":"after"},"to":{"line":0,"ch":20,"sticky":"before","xRel":13.52777099609375},"text":[""],"removed":[")"],"origin":"+delete"}
2019-3-18 18:28:44.404#keyHandled#"Backspace"
2019-3-18 18:28:45.318#change#{"from":{"line":0,"ch":18,"sticky":"after"},"to":{"line":0,"ch":19,"sticky":null},"text":[""],"removed":[")"],"origin":"+delete"}
2019-3-18 18:28:45.318#keyHandled#"Backspace"
2019-3-18 18:28:49.198#mousedown#{"isTrusted":true}
2019-3-18 18:28:57.846#mousedown#{"isTrusted":true}
2019-3-18 18:28:59.581#mousedown#{"isTrusted":true}
2019-3-18 18:29:00.723#mousedown#{"isTrusted":true}
2019-3-18 18:29:02.946#mousedown#{"isTrusted":true}
2019-3-18 18:29:05.219#change#{"from":{"line":0,"ch":5,"sticky":"after"},"to":{"line":0,"ch":6,"sticky":"after","xRel":0.3055419921875},"text":[""],"removed":["("],"origin":"+delete"}
2019-3-18 18:29:05.219#keyHandled#"Backspace"
2019-3-18 18:29:05.796#change#{"from":{"line":0,"ch":4,"sticky":"after"},"to":{"line":0,"ch":5,"sticky":null},"text":[""],"removed":["t"],"origin":"+delete"}
2019-3-18 18:29:05.796#keyHandled#"Backspace"
2019-3-18 18:29:05.829#change#{"from":{"line":0,"ch":3,"sticky":"after"},"to":{"line":0,"ch":4,"sticky":null},"text":[""],"removed":["n"],"origin":"+delete"}
2019-3-18 18:29:05.829#keyHandled#"Backspace"
2019-3-18 18:29:05.857#change#{"from":{"line":0,"ch":2,"sticky":"after"},"to":{"line":0,"ch":3,"sticky":null},"text":[""],"removed":["i"],"origin":"+delete"}
2019-3-18 18:29:05.857#keyHandled#"Backspace"
2019-3-18 18:29:05.887#change#{"from":{"line":0,"ch":1,"sticky":"after"},"to":{"line":0,"ch":2,"sticky":null},"text":[""],"removed":["r"],"origin":"+delete"}
2019-3-18 18:29:05.887#keyHandled#"Backspace"
2019-3-18 18:29:05.918#change#{"from":{"line":0,"ch":0,"sticky":"after"},"to":{"line":0,"ch":1,"sticky":null},"text":[""],"removed":["p"],"origin":"+delete"}
2019-3-18 18:29:05.918#keyHandled#"Backspace"
2019-3-18 18:29:07.708#mousedown#{"isTrusted":true}
2019-3-18 18:29:11.369#change#{"from":{"line":0,"ch":12,"sticky":"before","xRel":11.6978759765625},"to":{"line":0,"ch":12,"sticky":"before","xRel":11.6978759765625},"text":[")"],"removed":[""],"origin":"+input"}
2019-3-18 18:29:17.303#change#{"from":{"line":0,"ch":13,"sticky":null},"to":{"line":0,"ch":13,"sticky":null},"text":["",""],"removed":[""],"origin":"+input"}
2019-3-18 18:29:17.303#keyHandled#"Enter"
2019-3-18 18:29:17.310#viewportChange#0
2019-3-18 18:29:17.303#change#{"from":{"line":0,"ch":13,"sticky":null},"to":{"line":0,"ch":13,"sticky":null},"text":["",""],"removed":[""],"origin":"+input"}
2019-3-18 18:29:17.303#keyHandled#"Enter"
2019-3-18 18:29:17.310#viewportChange#0
2019-3-18 18:29:20.510#submit#Your code did not produce the correct output. Please, correct your code and try again.
2019-3-18 18:29:26.513#submit#Your code did not produce the correct output. Please, correct your code and try again.
2019-3-18 18:29:28.255#change#{"from":{"line":0,"ch":13,"sticky":"before"},"to":{"line":1,"ch":0,"sticky":null},"text":[""],"removed":["",""],"origin":"+delete"}
2019-3-18 18:29:28.255#keyHandled#"Backspace"
2019-3-18 18:29:28.262#viewportChange#0
2019-3-18 18:29:28.255#change#{"from":{"line":0,"ch":13,"sticky":"before"},"to":{"line":1,"ch":0,"sticky":null},"text":[""],"removed":["",""],"origin":"+delete"}
2019-3-18 18:29:28.255#keyHandled#"Backspace"
2019-3-18 18:29:28.262#viewportChange#0
2019-3-18 18:29:32.846#submit#Your code did not produce the correct output. Please, correct your code and try again.
2019-3-18 18:29:53.214#change#{"from":{"line":0,"ch":12,"sticky":"after"},"to":{"line":0,"ch":13,"sticky":null},"text":[""],"removed":[")"],"origin":"+delete"}
2019-3-18 18:29:53.215#keyHandled#"Backspace"
2019-3-18 18:29:53.224#change#{"from":{"line":0,"ch":11,"sticky":"after"},"to":{"line":0,"ch":12,"sticky":null},"text":[""],"removed":["4"],"origin":"+delete"}
2019-3-18 18:29:53.224#keyHandled#"Backspace"
2019-3-18 18:29:53.233#change#{"from":{"line":0,"ch":10,"sticky":"after"},"to":{"line":0,"ch":11,"sticky":null},"text":[""],"removed":[" "],"origin":"+delete"}
2019-3-18 18:29:53.233#keyHandled#"Backspace"
2019-3-18 18:29:53.548#change#{"from":{"line":0,"ch":9,"sticky":"after"},"to":{"line":0,"ch":10,"sticky":null},"text":[""],"removed":[","],"origin":"+delete"}
2019-3-18 18:29:53.548#keyHandled#"Backspace"
2019-3-18 18:29:53.557#change#{"from":{"line":0,"ch":8,"sticky":"after"},"to":{"line":0,"ch":9,"sticky":null},"text":[""],"removed":["0"],"origin":"+delete"}
2019-3-18 18:29:53.557#keyHandled#"Backspace"
2019-3-18 18:29:55.520#change#{"from":{"line":0,"ch":7,"sticky":"after"},"to":{"line":0,"ch":8,"sticky":null},"text":[""],"removed":["5"],"origin":"+delete"}
2019-3-18 18:29:55.520#keyHandled#"Backspace"
2019-3-18 18:29:55.732#change#{"from":{"line":0,"ch":6,"sticky":"after"},"to":{"line":0,"ch":7,"sticky":null},"text":[""],"removed":["2"],"origin":"+delete"}
2019-3-18 18:29:55.732#keyHandled#"Backspace"
2019-3-18 18:32:04.648#mousedown#{"isTrusted":true}
2019-3-18 18:33:26.121#change#{"from":{"line":0,"ch":6,"sticky":"before","xRel":19.21868896484375},"to":{"line":0,"ch":6,"sticky":"before","xRel":19.21868896484375},"text":["4"],"removed":[""],"origin":"+input"}
2019-3-18 18:33:28.237#change#{"from":{"line":0,"ch":7,"sticky":null},"to":{"line":0,"ch":7,"sticky":null},"text":[","],"removed":[""],"origin":"+input"}
2019-3-18 18:33:30.326#change#{"from":{"line":0,"ch":8,"sticky":null},"to":{"line":0,"ch":8,"sticky":null},"text":[" "],"removed":[""],"origin":"+input"}
2019-3-18 18:33:37.585#change#{"from":{"line":0,"ch":9,"sticky":null},"to":{"line":0,"ch":9,"sticky":null},"text":["2"],"removed":[""],"origin":"+input"}
2019-3-18 18:33:37.596#change#{"from":{"line":0,"ch":10,"sticky":null},"to":{"line":0,"ch":10,"sticky":null},"text":["5"],"removed":[""],"origin":"+input"}
2019-3-18 18:33:37.662#change#{"from":{"line":0,"ch":11,"sticky":null},"to":{"line":0,"ch":11,"sticky":null},"text":["0"],"removed":[""],"origin":"+input"}
2019-3-18 18:33:41.555#change#{"from":{"line":0,"ch":12,"sticky":null},"to":{"line":0,"ch":12,"sticky":null},"text":[")"],"removed":[""],"origin":"+input"}
2019-3-18 18:34:32.749#change#{"from":{"line":0,"ch":0,"sticky":null,"hitSide":true},"to":{"line":0,"ch":0,"sticky":null},"text":["p"],"removed":[""],"origin":"+input"}
2019-3-18 18:34:33.416#change#{"from":{"line":0,"ch":1,"sticky":null},"to":{"line":0,"ch":1,"sticky":null},"text":["r"],"removed":[""],"origin":"+input"}
2019-3-18 18:34:33.427#change#{"from":{"line":0,"ch":2,"sticky":null},"to":{"line":0,"ch":2,"sticky":null},"text":["i"],"removed":[""],"origin":"+input"}
2019-3-18 18:34:34.009#change#{"from":{"line":0,"ch":3,"sticky":null},"to":{"line":0,"ch":3,"sticky":null},"text":["n"],"removed":[""],"origin":"+input"}
2019-3-18 18:34:34.019#change#{"from":{"line":0,"ch":4,"sticky":null},"to":{"line":0,"ch":4,"sticky":null},"text":["t"],"removed":[""],"origin":"+input"}
2019-3-18 18:34:35.507#change#{"from":{"line":0,"ch":5,"sticky":null},"to":{"line":0,"ch":5,"sticky":null},"text":["()"],"removed":[""],"origin":"+input"}
2019-3-18 18:34:35.507#keyHandled#"'('"
2019-3-18 18:34:51.817#change#{"from":{"line":0,"ch":6,"sticky":"after"},"to":{"line":0,"ch":6,"sticky":"after"},"text":["2"],"removed":[""],"origin":"+input"}
2019-3-18 18:34:51.826#change#{"from":{"line":0,"ch":7,"sticky":null},"to":{"line":0,"ch":7,"sticky":null},"text":["5"],"removed":[""],"origin":"+input"}
2019-3-18 18:34:51.835#change#{"from":{"line":0,"ch":8,"sticky":null},"to":{"line":0,"ch":8,"sticky":null},"text":["0"],"removed":[""],"origin":"+input"}
2019-3-18 18:34:52.224#change#{"from":{"line":0,"ch":9,"sticky":null},"to":{"line":0,"ch":9,"sticky":null},"text":["/"],"removed":[""],"origin":"+input"}
2019-3-18 18:34:55.007#change#{"from":{"line":0,"ch":10,"sticky":null},"to":{"line":0,"ch":10,"sticky":null},"text":["4"],"removed":[""],"origin":"+input"}
2019-3-18 18:34:55.007#change#{"from":{"line":0,"ch":10,"sticky":null},"to":{"line":0,"ch":10,"sticky":null},"text":["4"],"removed":[""],"origin":"+input"}
2019-3-18 18:34:58.205#submit#Your code did not produce the correct output. Please, correct your code and try again.
2019-3-18 18:35:03.614#submit#Your code did not produce the correct output. Please, correct your code and try again.
2019-3-18 18:35:03.614#submit#Your code did not produce the correct output. Please, correct your code and try again.
2019-3-18 18:35:03.614#submit#Your code did not produce the correct output. Please, correct your code and try again.
2019-3-18 18:35:03.614#submit#Your code did not produce the correct output. Please, correct your code and try again.
2019-3-18 18:35:04.160#submit#Your code did not produce the correct output. Please, correct your code and try again.
2019-3-18 18:35:04.276#submit#Your code did not produce the correct output. Please, correct your code and try again.
2019-3-18 18:35:04.286#submit#Your code did not produce the correct output. Please, correct your code and try again.
2019-3-18 18:35:11.085#change#{"from":{"line":0,"ch":10,"sticky":"after"},"to":{"line":0,"ch":11,"sticky":null},"text":[""],"removed":["4"],"origin":"+delete"}
2019-3-18 18:35:11.085#keyHandled#"Backspace"
2019-3-18 18:35:11.096#change#{"from":{"line":0,"ch":9,"sticky":"after"},"to":{"line":0,"ch":10,"sticky":null},"text":[""],"removed":["/"],"origin":"+delete"}
2019-3-18 18:35:11.096#keyHandled#"Backspace"
2019-3-18 18:35:11.824#change#{"from":{"line":0,"ch":8,"sticky":"after"},"to":{"line":0,"ch":9,"sticky":null},"text":[""],"removed":["0"],"origin":"+delete"}
2019-3-18 18:35:11.824#keyHandled#"Backspace"
2019-3-18 18:35:53.135#change#{"from":{"line":0,"ch":7,"sticky":"after"},"to":{"line":0,"ch":8,"sticky":null},"text":[""],"removed":["5"],"origin":"+delete"}
2019-3-18 18:35:53.135#keyHandled#"Backspace"
2019-3-18 18:35:53.258#change#{"from":{"line":0,"ch":6,"sticky":"after"},"to":{"line":0,"ch":7,"sticky":null},"text":[""],"removed":["2"],"origin":"+delete"}
2019-3-18 18:35:53.258#keyHandled#"Backspace"
2019-3-18 18:36:25.950#change#{"from":{"line":0,"ch":6,"sticky":null},"to":{"line":0,"ch":6,"sticky":null},"text":["r"],"removed":[""],"origin":"+input"}
2019-3-18 18:36:26.375#change#{"from":{"line":0,"ch":7,"sticky":null},"to":{"line":0,"ch":7,"sticky":null},"text":["o"],"removed":[""],"origin":"+input"}
2019-3-18 18:36:27.198#change#{"from":{"line":0,"ch":8,"sticky":null},"to":{"line":0,"ch":8,"sticky":null},"text":["u"],"removed":[""],"origin":"+input"}
2019-3-18 18:36:27.209#change#{"from":{"line":0,"ch":9,"sticky":null},"to":{"line":0,"ch":9,"sticky":null},"text":["n"],"removed":[""],"origin":"+input"}
2019-3-18 18:36:27.218#change#{"from":{"line":0,"ch":10,"sticky":null},"to":{"line":0,"ch":10,"sticky":null},"text":["d"],"removed":[""],"origin":"+input"}
2019-3-18 18:36:31.315#change#{"from":{"line":0,"ch":11,"sticky":null},"to":{"line":0,"ch":11,"sticky":null},"text":["()"],"removed":[""],"origin":"+input"}
2019-3-18 18:36:31.315#keyHandled#"'('"
2019-3-18 18:37:50.486#change#{"from":{"line":0,"ch":12,"sticky":"after"},"to":{"line":0,"ch":12,"sticky":"after"},"text":["2"],"removed":[""],"origin":"+input"}
2019-3-18 18:37:51.111#change#{"from":{"line":0,"ch":13,"sticky":null},"to":{"line":0,"ch":13,"sticky":null},"text":["5"],"removed":[""],"origin":"+input"}
2019-3-18 18:37:51.121#change#{"from":{"line":0,"ch":14,"sticky":null},"to":{"line":0,"ch":14,"sticky":null},"text":["0"],"removed":[""],"origin":"+input"}
2019-3-18 18:37:56.595#change#{"from":{"line":0,"ch":15,"sticky":null},"to":{"line":0,"ch":15,"sticky":null},"text":["/"],"removed":[""],"origin":"+input"}
2019-3-18 18:37:56.619#change#{"from":{"line":0,"ch":16,"sticky":null},"to":{"line":0,"ch":16,"sticky":null},"text":["4"],"removed":[""],"origin":"+input"}
2019-3-18 18:37:56.595#change#{"from":{"line":0,"ch":15,"sticky":null},"to":{"line":0,"ch":15,"sticky":null},"text":["/"],"removed":[""],"origin":"+input"}
2019-3-18 18:37:56.619#change#{"from":{"line":0,"ch":16,"sticky":null},"to":{"line":0,"ch":16,"sticky":null},"text":["4"],"removed":[""],"origin":"+input"}
2019-3-18 18:37:59.928#submit#Your code did not produce the correct output. Please, correct your code and try again.
2019-3-18 18:38:02.628#submit#Your code did not produce the correct output. Please, correct your code and try again.
2019-3-18 18:38:02.628#submit#Your code did not produce the correct output. Please, correct your code and try again.
2019-3-18 18:38:02.628#submit#Your code did not produce the correct output. Please, correct your code and try again.
2019-3-18 18:38:03.511#submit#Your code did not produce the correct output. Please, correct your code and try again.
2019-3-18 18:38:03.618#submit#Your code did not produce the correct output. Please, correct your code and try again.
2019-3-18 18:38:05.302#change#{"from":{"line":0,"ch":16,"sticky":"after"},"to":{"line":0,"ch":17,"sticky":null},"text":[""],"removed":["4"],"origin":"+delete"}
2019-3-18 18:38:05.302#keyHandled#"Backspace"
2019-3-18 18:38:05.466#change#{"from":{"line":0,"ch":15,"sticky":"after"},"to":{"line":0,"ch":16,"sticky":null},"text":[""],"removed":["/"],"origin":"+delete"}
2019-3-18 18:38:05.466#keyHandled#"Backspace"
2019-3-18 18:38:05.741#change#{"from":{"line":0,"ch":14,"sticky":"after"},"to":{"line":0,"ch":15,"sticky":null},"text":[""],"removed":["0"],"origin":"+delete"}
2019-3-18 18:38:05.741#keyHandled#"Backspace"
2019-3-18 18:38:09.634#change#{"from":{"line":0,"ch":14,"sticky":null},"to":{"line":0,"ch":14,"sticky":null},"text":[","],"removed":[""],"origin":"+input"}
2019-3-18 18:38:09.659#change#{"from":{"line":0,"ch":15,"sticky":null},"to":{"line":0,"ch":15,"sticky":null},"text":["4"],"removed":[""],"origin":"+input"}
2019-3-18 18:38:12.924#change#{"from":{"line":0,"ch":15,"sticky":"after"},"to":{"line":0,"ch":16,"sticky":null},"text":[""],"removed":["4"],"origin":"+delete"}
2019-3-18 18:38:12.924#keyHandled#"Backspace"
2019-3-18 18:38:14.743#change#{"from":{"line":0,"ch":14,"sticky":"after"},"to":{"line":0,"ch":15,"sticky":null},"text":[""],"removed":[","],"origin":"+delete"}
2019-3-18 18:38:14.743#keyHandled#"Backspace"
2019-3-18 18:38:18.055#change#{"from":{"line":0,"ch":13,"sticky":"after"},"to":{"line":0,"ch":14,"sticky":null},"text":[""],"removed":["5"],"origin":"+delete"}
2019-3-18 18:38:18.055#keyHandled#"Backspace"
2019-3-18 18:38:18.634#change#{"from":{"line":0,"ch":12,"sticky":"after"},"to":{"line":0,"ch":13,"sticky":null},"text":[""],"removed":["2"],"origin":"+delete"}
2019-3-18 18:38:18.634#keyHandled#"Backspace"
2019-3-18 18:39:01.720#change#{"from":{"line":0,"ch":12,"sticky":null},"to":{"line":0,"ch":12,"sticky":null},"text":["4"],"removed":[""],"origin":"+input"}
2019-3-18 18:39:02.233#change#{"from":{"line":0,"ch":13,"sticky":null},"to":{"line":0,"ch":13,"sticky":null},"text":[","],"removed":[""],"origin":"+input"}
2019-3-18 18:39:03.493#change#{"from":{"line":0,"ch":14,"sticky":null},"to":{"line":0,"ch":14,"sticky":null},"text":[" "],"removed":[""],"origin":"+input"}
2019-3-18 18:39:04.906#change#{"from":{"line":0,"ch":15,"sticky":null},"to":{"line":0,"ch":15,"sticky":null},"text":["2"],"removed":[""],"origin":"+input"}
2019-3-18 18:39:04.915#change#{"from":{"line":0,"ch":16,"sticky":null},"to":{"line":0,"ch":16,"sticky":null},"text":["5"],"removed":[""],"origin":"+input"}
2019-3-18 18:39:04.925#change#{"from":{"line":0,"ch":17,"sticky":null},"to":{"line":0,"ch":17,"sticky":null},"text":["0"],"removed":[""],"origin":"+input"}
2019-3-18 18:39:04.906#change#{"from":{"line":0,"ch":15,"sticky":null},"to":{"line":0,"ch":15,"sticky":null},"text":["2"],"removed":[""],"origin":"+input"}
2019-3-18 18:39:04.915#change#{"from":{"line":0,"ch":16,"sticky":null},"to":{"line":0,"ch":16,"sticky":null},"text":["5"],"removed":[""],"origin":"+input"}
2019-3-18 18:39:04.925#change#{"from":{"line":0,"ch":17,"sticky":null},"to":{"line":0,"ch":17,"sticky":null},"text":["0"],"removed":[""],"origin":"+input"}
2019-3-18 18:39:09.517#submit#Your code did not produce the correct output. Please, correct your code and try again.
2019-3-18 18:39:17.205#blur#
2019-3-18 18:39:25.260#mousedown#{"isTrusted":true}
2019-3-18 18:39:25.266#focus#
2019-3-18 18:39:32.089#change#{"from":{"line":0,"ch":19,"sticky":"after"},"to":{"line":0,"ch":20,"sticky":null,"xRel":1,"outside":true},"text":[""],"removed":[")"],"origin":"+delete"}
2019-3-18 18:39:32.089#keyHandled#"Backspace"
2019-3-18 18:39:32.798#change#{"from":{"line":0,"ch":18,"sticky":"after"},"to":{"line":0,"ch":19,"sticky":null},"text":[""],"removed":[")"],"origin":"+delete"}
2019-3-18 18:39:32.798#keyHandled#"Backspace"
2019-3-18 18:39:33.378#change#{"from":{"line":0,"ch":17,"sticky":"after"},"to":{"line":0,"ch":18,"sticky":null},"text":[""],"removed":["0"],"origin":"+delete"}
2019-3-18 18:39:33.378#keyHandled#"Backspace"
2019-3-18 18:39:33.408#change#{"from":{"line":0,"ch":16,"sticky":"after"},"to":{"line":0,"ch":17,"sticky":null},"text":[""],"removed":["5"],"origin":"+delete"}
2019-3-18 18:39:33.408#keyHandled#"Backspace"
2019-3-18 18:39:33.439#change#{"from":{"line":0,"ch":15,"sticky":"after"},"to":{"line":0,"ch":16,"sticky":null},"text":[""],"removed":["2"],"origin":"+delete"}
2019-3-18 18:39:33.439#keyHandled#"Backspace"
2019-3-18 18:39:33.468#change#{"from":{"line":0,"ch":14,"sticky":"after"},"to":{"line":0,"ch":15,"sticky":null},"text":[""],"removed":[" "],"origin":"+delete"}
2019-3-18 18:39:33.468#keyHandled#"Backspace"
2019-3-18 18:39:33.499#change#{"from":{"line":0,"ch":13,"sticky":"after"},"to":{"line":0,"ch":14,"sticky":null},"text":[""],"removed":[","],"origin":"+delete"}
2019-3-18 18:39:33.499#keyHandled#"Backspace"
2019-3-18 18:39:33.528#change#{"from":{"line":0,"ch":12,"sticky":"after"},"to":{"line":0,"ch":13,"sticky":null},"text":[""],"removed":["4"],"origin":"+delete"}
2019-3-18 18:39:33.528#keyHandled#"Backspace"
2019-3-18 18:39:33.559#change#{"from":{"line":0,"ch":11,"sticky":"after"},"to":{"line":0,"ch":12,"sticky":null},"text":[""],"removed":["("],"origin":"+delete"}
2019-3-18 18:39:33.559#keyHandled#"Backspace"
2019-3-18 18:39:34.420#change#{"from":{"line":0,"ch":10,"sticky":"after"},"to":{"line":0,"ch":11,"sticky":null},"text":[""],"removed":["d"],"origin":"+delete"}
2019-3-18 18:39:34.420#keyHandled#"Backspace"
2019-3-18 18:39:34.693#change#{"from":{"line":0,"ch":9,"sticky":"after"},"to":{"line":0,"ch":10,"sticky":null},"text":[""],"removed":["n"],"origin":"+delete"}
2019-3-18 18:39:34.693#keyHandled#"Backspace"
2019-3-18 18:39:34.966#change#{"from":{"line":0,"ch":8,"sticky":"after"},"to":{"line":0,"ch":9,"sticky":null},"text":[""],"removed":["u"],"origin":"+delete"}
2019-3-18 18:39:34.966#keyHandled#"Backspace"
2019-3-18 18:39:35.372#change#{"from":{"line":0,"ch":7,"sticky":"after"},"to":{"line":0,"ch":8,"sticky":null},"text":[""],"removed":["o"],"origin":"+delete"}
2019-3-18 18:39:35.372#keyHandled#"Backspace"
2019-3-18 18:39:35.580#change#{"from":{"line":0,"ch":6,"sticky":"after"},"to":{"line":0,"ch":7,"sticky":null},"text":[""],"removed":["r"],"origin":"+delete"}
2019-3-18 18:39:35.580#keyHandled#"Backspace"
2019-3-18 18:39:45.003#change#{"from":{"line":0,"ch":6,"sticky":null},"to":{"line":0,"ch":6,"sticky":null},"text":["0"],"removed":[""],"origin":"+input"}
2019-3-18 18:39:46.825#change#{"from":{"line":0,"ch":6,"sticky":"after"},"to":{"line":0,"ch":7,"sticky":null},"text":[""],"removed":["0"],"origin":"+delete"}
2019-3-18 18:39:46.825#keyHandled#"Backspace"
2019-3-18 18:39:47.878#change#{"from":{"line":0,"ch":6,"sticky":null},"to":{"line":0,"ch":6,"sticky":null},"text":[")"],"removed":[""],"origin":"+input"}
2019-3-18 18:39:50.337#keyHandled#"Left"
2019-3-18 18:40:45.583#change#{"from":{"line":0,"ch":6,"sticky":"after"},"to":{"line":0,"ch":6,"sticky":"after"},"text":["2"],"removed":[""],"origin":"+input"}
2019-3-18 18:40:45.593#change#{"from":{"line":0,"ch":7,"sticky":null},"to":{"line":0,"ch":7,"sticky":null},"text":["5"],"removed":[""],"origin":"+input"}
2019-3-18 18:40:46.136#change#{"from":{"line":0,"ch":8,"sticky":null},"to":{"line":0,"ch":8,"sticky":null},"text":["0"],"removed":[""],"origin":"+input"}
2019-3-18 18:40:46.319#change#{"from":{"line":0,"ch":9,"sticky":null},"to":{"line":0,"ch":9,"sticky":null},"text":["/"],"removed":[""],"origin":"+input"}
2019-3-18 18:40:48.036#change#{"from":{"line":0,"ch":10,"sticky":null},"to":{"line":0,"ch":10,"sticky":null},"text":["4"],"removed":[""],"origin":"+input"}
2019-3-18 18:40:52.020#submit#Your code did not produce the correct output. Please, correct your code and try again.
2019-3-18 18:41:03.410#blur#
2019-3-18 18:42:25.029#mousedown#{"isTrusted":true}
2019-3-18 18:42:25.035#focus#
2019-3-18 18:42:25.062#mousedown#{"isTrusted":true}
2019-3-18 18:42:25.089#mousedown#{"isTrusted":true}
2019-3-18 18:42:25.112#mousedown#{"isTrusted":true}
2019-3-18 18:42:25.298#dblclick#{"isTrusted":true}
2019-3-18 19:21:43.954#mousedown#{"isTrusted":true}
2019-3-18 19:21:43.968#focus#
2019-3-18 19:21:48.219#mousedown#{"isTrusted":true}
2019-3-18 19:21:49.742#mousedown#{"isTrusted":true}
2019-3-18 19:21:49.768#mousedown#{"isTrusted":true}
2019-3-18 19:21:49.805#dblclick#{"isTrusted":true}
2019-3-18 19:21:51.573#mousedown#{"isTrusted":true}
2019-3-18 19:21:51.608#mousedown#{"isTrusted":true}
2019-3-18 19:21:51.642#mousedown#{"isTrusted":true}
2019-3-18 19:21:51.685#dblclick#{"isTrusted":true}
2019-3-18 19:22:06.664#focus#
2019-3-18 19:22:08.375#mousedown#{"isTrusted":true}
2019-3-18 19:22:11.847#change#{"from":{"line":0,"ch":0,"sticky":"after","xRel":97.75689697265625},"to":{"line":0,"ch":0,"sticky":"after","xRel":97.75689697265625},"text":["x"],"removed":[""],"origin":"+input"}
2019-3-18 19:22:11.866#change#{"from":{"line":0,"ch":1,"sticky":null},"to":{"line":0,"ch":1,"sticky":null},"text":["="],"removed":[""],"origin":"+input"}
2019-3-18 19:22:17.574#change#{"from":{"line":0,"ch":2,"sticky":null},"to":{"line":0,"ch":2,"sticky":null},"text":["2"],"removed":[""],"origin":"+input"}
2019-3-18 19:22:17.583#change#{"from":{"line":0,"ch":3,"sticky":null},"to":{"line":0,"ch":3,"sticky":null},"text":["5"],"removed":[""],"origin":"+input"}
2019-3-18 19:22:18.350#change#{"from":{"line":0,"ch":4,"sticky":null},"to":{"line":0,"ch":4,"sticky":null},"text":["0"],"removed":[""],"origin":"+input"}
2019-3-18 19:22:21.152#change#{"from":{"line":0,"ch":5,"sticky":null},"to":{"line":0,"ch":5,"sticky":null},"text":["",""],"removed":[""],"origin":"+input"}
2019-3-18 19:22:21.152#keyHandled#"Enter"
2019-3-18 19:22:21.160#viewportChange#0
2019-3-18 19:22:22.292#change#{"from":{"line":1,"ch":0,"sticky":null},"to":{"line":1,"ch":0,"sticky":null},"text":["p"],"removed":[""],"origin":"+input"}
2019-3-18 19:22:22.874#change#{"from":{"line":1,"ch":1,"sticky":null},"to":{"line":1,"ch":1,"sticky":null},"text":["r"],"removed":[""],"origin":"+input"}
2019-3-18 19:22:22.883#change#{"from":{"line":1,"ch":2,"sticky":null},"to":{"line":1,"ch":2,"sticky":null},"text":["i"],"removed":[""],"origin":"+input"}
2019-3-18 19:22:22.892#change#{"from":{"line":1,"ch":3,"sticky":null},"to":{"line":1,"ch":3,"sticky":null},"text":["n"],"removed":[""],"origin":"+input"}
2019-3-18 19:22:22.901#change#{"from":{"line":1,"ch":4,"sticky":null},"to":{"line":1,"ch":4,"sticky":null},"text":["t"],"removed":[""],"origin":"+input"}
2019-3-18 19:22:25.216#change#{"from":{"line":1,"ch":5,"sticky":null},"to":{"line":1,"ch":5,"sticky":null},"text":["()"],"removed":[""],"origin":"+input"}
2019-3-18 19:22:25.216#keyHandled#"'('"
2019-3-18 19:22:38.320#change#{"from":{"line":1,"ch":6,"sticky":"after"},"to":{"line":1,"ch":6,"sticky":"after"},"text":["D"],"removed":[""],"origin":"+input"}
2019-3-18 19:22:38.627#change#{"from":{"line":1,"ch":7,"sticky":null},"to":{"line":1,"ch":7,"sticky":null},"text":["i"],"removed":[""],"origin":"+input"}
2019-3-18 19:22:38.770#change#{"from":{"line":1,"ch":8,"sticky":null},"to":{"line":1,"ch":8,"sticky":null},"text":["v"],"removed":[""],"origin":"+input"}
2019-3-18 19:22:39.005#change#{"from":{"line":1,"ch":9,"sticky":null},"to":{"line":1,"ch":9,"sticky":null},"text":["i"],"removed":[""],"origin":"+input"}
2019-3-18 19:22:39.818#change#{"from":{"line":1,"ch":10,"sticky":null},"to":{"line":1,"ch":10,"sticky":null},"text":["s"],"removed":[""],"origin":"+input"}
2019-3-18 19:22:40.798#change#{"from":{"line":1,"ch":11,"sticky":null},"to":{"line":1,"ch":11,"sticky":null},"text":["ã"],"removed":[""],"origin":"+input"}
2019-3-18 19:22:41.428#change#{"from":{"line":1,"ch":12,"sticky":null},"to":{"line":1,"ch":12,"sticky":null},"text":["o"],"removed":[""],"origin":"+input"}
2019-3-18 19:22:43.194#keyHandled#"Left"
2019-3-18 19:22:43.362#keyHandled#"Left"
2019-3-18 19:22:44.289#keyHandled#"Left"
2019-3-18 19:22:44.295#keyHandled#"Left"
2019-3-18 19:22:44.300#keyHandled#"Left"
2019-3-18 19:22:44.306#keyHandled#"Left"
2019-3-18 19:22:46.406#keyHandled#"Left"
2019-3-18 19:22:47.939#keyHandled#"Left"
2019-3-18 19:22:52.852#change#{"from":{"line":1,"ch":5,"sticky":"after"},"to":{"line":1,"ch":5,"sticky":"after"},"text":["\"\""],"removed":[""],"origin":"+input"}
2019-3-18 19:22:52.852#keyHandled#"'\"'"
2019-3-18 19:22:55.269#keyHandled#"Right"
2019-3-18 19:22:55.275#keyHandled#"Right"
2019-3-18 19:22:58.791#keyHandled#"Right"
2019-3-18 19:22:59.346#keyHandled#"Left"
2019-3-18 19:23:00.691#keyHandled#"Left"
2019-3-18 19:23:01.464#change#{"from":{"line":1,"ch":6,"sticky":"after"},"to":{"line":1,"ch":7,"sticky":"after"},"text":[""],"removed":["\""],"origin":"+delete"}
2019-3-18 19:23:01.464#keyHandled#"Backspace"
2019-3-18 19:23:02.281#change#{"from":{"line":1,"ch":5,"sticky":"after"},"to":{"line":1,"ch":6,"sticky":null},"text":[""],"removed":["\""],"origin":"+delete"}
2019-3-18 19:23:02.281#keyHandled#"Backspace"
2019-3-18 19:23:06.660#keyHandled#"Right"
2019-3-18 19:23:17.090#change#{"from":{"line":1,"ch":6,"sticky":"before"},"to":{"line":1,"ch":6,"sticky":"before"},"text":["\""],"removed":[""],"origin":"+input"}
2019-3-18 19:23:17.557#keyHandled#"Right"
2019-3-18 19:23:17.793#keyHandled#"Right"
2019-3-18 19:23:18.598#keyHandled#"Right"
2019-3-18 19:23:19.844#keyHandled#"Right"
2019-3-18 19:23:19.850#keyHandled#"Right"
2019-3-18 19:23:20.840#keyHandled#"Right"
2019-3-18 19:23:21.053#keyHandled#"Right"
2019-3-18 19:23:22.928#keyHandled#"Right"
2019-3-18 19:23:23.591#change#{"from":{"line":1,"ch":15,"sticky":"before","hitSide":true},"to":{"line":1,"ch":15,"sticky":"before","hitSide":true},"text":["\""],"removed":[""],"origin":"+input"}
2019-3-18 19:23:25.061#change#{"from":{"line":1,"ch":16,"sticky":null},"to":{"line":1,"ch":16,"sticky":null},"text":[":"],"removed":[""],"origin":"+input"}
2019-3-18 19:23:29.583#keyHandled#"Left"
2019-3-18 19:23:29.965#keyHandled#"Left"
2019-3-18 19:23:32.951#change#{"from":{"line":1,"ch":14,"sticky":"after"},"to":{"line":1,"ch":15,"sticky":"after"},"text":[""],"removed":[")"],"origin":"+delete"}
2019-3-18 19:23:32.951#keyHandled#"Backspace"
2019-3-18 19:23:35.831#keyHandled#"Right"
2019-3-18 19:23:50.275#blur#
2019-3-18 19:23:55.866#focus#
2019-3-18 19:23:58.594#change#{"from":{"line":1,"ch":14,"sticky":"after"},"to":{"line":1,"ch":15,"sticky":"before"},"text":[""],"removed":["\""],"origin":"+delete"}
2019-3-18 19:23:58.594#keyHandled#"Backspace"
2019-3-18 19:23:59.523#keyHandled#"Right"
2019-3-18 19:24:04.916#change#{"from":{"line":1,"ch":15,"sticky":"before"},"to":{"line":1,"ch":15,"sticky":"before"},"text":["\""],"removed":[""],"origin":"+input"}
2019-3-18 19:24:09.173#change#{"from":{"line":1,"ch":16,"sticky":null},"to":{"line":1,"ch":16,"sticky":null},"text":[","],"removed":[""],"origin":"+input"}
2019-3-18 19:24:09.223#change#{"from":{"line":1,"ch":17,"sticky":null},"to":{"line":1,"ch":17,"sticky":null},"text":[" "],"removed":[""],"origin":"+input"}
2019-3-18 19:24:15.146#change#{"from":{"line":1,"ch":18,"sticky":null},"to":{"line":1,"ch":18,"sticky":null},"text":["x"],"removed":[""],"origin":"+input"}
2019-3-18 19:24:15.912#change#{"from":{"line":1,"ch":19,"sticky":null},"to":{"line":1,"ch":19,"sticky":null},"text":["/"],"removed":[""],"origin":"+input"}
2019-3-18 19:24:23.834#change#{"from":{"line":1,"ch":20,"sticky":null},"to":{"line":1,"ch":20,"sticky":null},"text":["6"],"removed":[""],"origin":"+input"}
2019-3-18 19:24:26.709#change#{"from":{"line":1,"ch":21,"sticky":null},"to":{"line":1,"ch":21,"sticky":null},"text":[")"],"removed":[""],"origin":"+input"}
2019-3-18 19:24:26.709#change#{"from":{"line":1,"ch":21,"sticky":null},"to":{"line":1,"ch":21,"sticky":null},"text":[")"],"removed":[""],"origin":"+input"}
2019-3-18 19:24:35.494#blur#
2019-3-18 19:24:35.494#blur#
2019-3-18 19:24:37.593#submit#Your code did not produce the correct output. Please, correct your code and try again.
2019-3-18 19:24:51.832#mousedown#{"isTrusted":true}
2019-3-18 19:24:51.837#focus#
2019-3-18 19:24:51.883#change#{"from":{"line":1,"ch":21,"sticky":"after"},"to":{"line":1,"ch":22,"sticky":"before","xRel":6.4617919921875},"text":[""],"removed":[")"],"origin":"+delete"}
2019-3-18 19:24:51.883#keyHandled#"Backspace"
2019-3-18 19:24:51.892#change#{"from":{"line":1,"ch":20,"sticky":"after"},"to":{"line":1,"ch":21,"sticky":null},"text":[""],"removed":["6"],"origin":"+delete"}
2019-3-18 19:24:51.892#keyHandled#"Backspace"
2019-3-18 19:24:51.900#change#{"from":{"line":1,"ch":19,"sticky":"after"},"to":{"line":1,"ch":20,"sticky":null},"text":[""],"removed":["/"],"origin":"+delete"}
2019-3-18 19:24:51.900#keyHandled#"Backspace"
2019-3-18 19:24:51.908#change#{"from":{"line":1,"ch":18,"sticky":"after"},"to":{"line":1,"ch":19,"sticky":null},"text":[""],"removed":["x"],"origin":"+delete"}
2019-3-18 19:24:51.908#keyHandled#"Backspace"
2019-3-18 19:24:51.918#mousedown#{"isTrusted":true}
2019-3-18 19:24:51.945#change#{"from":{"line":1,"ch":17,"sticky":"after"},"to":{"line":1,"ch":18,"sticky":"before","xRel":40.19439697265625},"text":[""],"removed":[" "],"origin":"+delete"}
2019-3-18 19:24:51.945#keyHandled#"Backspace"
2019-3-18 19:24:51.954#mousedown#{"isTrusted":true}
2019-3-18 19:24:51.982#dblclick#{"isTrusted":true}
2019-3-18 19:24:51.982#change#{"from":{"line":1,"ch":16,"sticky":"after"},"to":{"line":1,"ch":17,"sticky":"before","xRel":48.56243896484375},"text":[""],"removed":[","],"origin":"+delete"}
2019-3-18 19:24:51.982#keyHandled#"Backspace"
2019-3-18 19:24:51.992#mousedown#{"isTrusted":true}
2019-3-18 19:24:52.019#change#{"from":{"line":1,"ch":15,"sticky":"after"},"to":{"line":1,"ch":16,"sticky":"before","xRel":56.98260498046875},"text":[""],"removed":["\""],"origin":"+delete"}
2019-3-18 19:24:52.019#keyHandled#"Backspace"
2019-3-18 19:24:52.027#mousedown#{"isTrusted":true}
2019-3-18 19:24:52.055#change#{"from":{"line":1,"ch":14,"sticky":"after"},"to":{"line":1,"ch":15,"sticky":"before","xRel":65.74993896484375},"text":[""],"removed":[":"],"origin":"+delete"}
2019-3-18 19:24:52.055#keyHandled#"Backspace"
2019-3-18 19:24:52.065#mousedown#{"isTrusted":true}
2019-3-18 19:24:52.092#dblclick#{"isTrusted":true}
2019-3-18 19:24:52.092#change#{"from":{"line":1,"ch":13,"sticky":"after"},"to":{"line":1,"ch":14,"sticky":"before","xRel":73.8228759765625},"text":[""],"removed":["o"],"origin":"+delete"}
2019-3-18 19:24:52.092#keyHandled#"Backspace"
2019-3-18 19:24:52.100#change#{"from":{"line":1,"ch":12,"sticky":"after"},"to":{"line":1,"ch":13,"sticky":null},"text":[""],"removed":["ã"],"origin":"+delete"}
2019-3-18 19:24:52.100#keyHandled#"Backspace"
2019-3-18 19:24:52.110#change#{"from":{"line":1,"ch":11,"sticky":"after"},"to":{"line":1,"ch":12,"sticky":null},"text":[""],"removed":["s"],"origin":"+delete"}
2019-3-18 19:24:52.111#keyHandled#"Backspace"
2019-3-18 19:24:52.120#change#{"from":{"line":1,"ch":10,"sticky":"after"},"to":{"line":1,"ch":11,"sticky":null},"text":[""],"removed":["i"],"origin":"+delete"}
2019-3-18 19:24:52.120#keyHandled#"Backspace"
2019-3-25 18:44:32.285#change#{"from":{"line":0,"ch":4,"sticky":"after"},"to":{"line":0,"ch":5,"sticky":null},"text":[""],"removed":["\t"],"origin":"+delete"}
2019-3-25 18:44:32.285#keyHandled#"Backspace"
2019-3-25 18:44:32.436#change#{"from":{"line":0,"ch":3,"sticky":"after"},"to":{"line":0,"ch":4,"sticky":null},"text":[""],"removed":[" "],"origin":"+delete"}
2019-3-25 18:44:32.436#keyHandled#"Backspace"
2019-3-25 18:44:32.840#change#{"from":{"line":0,"ch":3,"sticky":null},"to":{"line":0,"ch":3,"sticky":null},"text":[" "],"removed":[""],"origin":"+input"}
2019-3-25 18:44:35.282#change#{"from":{"line":0,"ch":4,"sticky":null},"to":{"line":0,"ch":4,"sticky":null},"text":["2"],"removed":[""],"origin":"+input"}
2019-3-25 18:44:35.629#change#{"from":{"line":0,"ch":5,"sticky":null},"to":{"line":0,"ch":5,"sticky":null},"text":["5"],"removed":[""],"origin":"+input"}
2019-3-25 18:44:36.008#change#{"from":{"line":0,"ch":6,"sticky":null},"to":{"line":0,"ch":6,"sticky":null},"text":["0"],"removed":[""],"origin":"+input"}
2019-3-25 18:44:38.034#change#{"from":{"line":0,"ch":7,"sticky":null},"to":{"line":0,"ch":7,"sticky":null},"text":["",""],"removed":[""],"origin":"+input"}
2019-3-25 18:44:38.034#keyHandled#"Enter"
2019-3-25 18:44:38.040#viewportChange#0
2019-3-25 18:44:40.610#change#{"from":{"line":1,"ch":0,"sticky":null},"to":{"line":1,"ch":0,"sticky":null},"text":["y"],"removed":[""],"origin":"+input"}
2019-3-25 18:44:40.756#change#{"from":{"line":1,"ch":1,"sticky":null},"to":{"line":1,"ch":1,"sticky":null},"text":[" "],"removed":[""],"origin":"+input"}
2019-3-25 18:44:42.220#change#{"from":{"line":1,"ch":2,"sticky":null},"to":{"line":1,"ch":2,"sticky":null},"text":["="],"removed":[""],"origin":"+input"}
2019-3-25 18:44:42.320#change#{"from":{"line":1,"ch":3,"sticky":null},"to":{"line":1,"ch":3,"sticky":null},"text":[" "],"removed":[""],"origin":"+input"}
2019-3-25 18:45:20.735#change#{"from":{"line":0,"ch":4,"sticky":null},"to":{"line":0,"ch":4,"sticky":null},"text":["i"],"removed":[""],"origin":"+input"}
2019-3-25 18:45:20.917#change#{"from":{"line":0,"ch":5,"sticky":null},"to":{"line":0,"ch":5,"sticky":null},"text":["n"],"removed":[""],"origin":"+input"}
2019-3-25 18:45:21.494#change#{"from":{"line":0,"ch":6,"sticky":null},"to":{"line":0,"ch":6,"sticky":null},"text":["p"],"removed":[""],"origin":"+input"}
2019-3-25 18:45:22.489#change#{"from":{"line":0,"ch":7,"sticky":null},"to":{"line":0,"ch":7,"sticky":null},"text":["u"],"removed":[""],"origin":"+input"}
2019-3-25 18:45:22.606#change#{"from":{"line":0,"ch":8,"sticky":null},"to":{"line":0,"ch":8,"sticky":null},"text":["t"],"removed":[""],"origin":"+input"}
2019-3-25 18:45:24.289#change#{"from":{"line":0,"ch":9,"sticky":null},"to":{"line":0,"ch":9,"sticky":null},"text":["()"],"removed":[""],"origin":"+input"}
2019-3-25 18:45:24.289#keyHandled#"'('"
2019-3-25 18:45:27.561#change#{"from":{"line":0,"ch":10,"sticky":"after"},"to":{"line":0,"ch":10,"sticky":"after"},"text":["f"],"removed":[""],"origin":"+input"}
2019-3-25 18:45:27.762#change#{"from":{"line":0,"ch":11,"sticky":null},"to":{"line":0,"ch":11,"sticky":null},"text":["l"],"removed":[""],"origin":"+input"}
2019-3-25 18:45:27.914#change#{"from":{"line":0,"ch":12,"sticky":null},"to":{"line":0,"ch":12,"sticky":null},"text":["o"],"removed":[""],"origin":"+input"}
2019-3-25 18:45:28.051#change#{"from":{"line":0,"ch":13,"sticky":null},"to":{"line":0,"ch":13,"sticky":null},"text":["a"],"removed":[""],"origin":"+input"}
2019-3-25 18:45:28.862#change#{"from":{"line":0,"ch":14,"sticky":null},"to":{"line":0,"ch":14,"sticky":null},"text":["t"],"removed":[""],"origin":"+input"}
2019-3-25 18:45:30.590#change#{"from":{"line":0,"ch":15,"sticky":null},"to":{"line":0,"ch":15,"sticky":null},"text":["()"],"removed":[""],"origin":"+input"}
2019-3-25 18:45:30.590#keyHandled#"'('"
2019-3-25 18:45:32.789#change#{"from":{"line":0,"ch":16,"sticky":"after"},"to":{"line":0,"ch":16,"sticky":"after"},"text":["\"\""],"removed":[""],"origin":"+input"}
2019-3-25 18:45:32.789#keyHandled#"'\"'"
2019-3-25 18:45:37.675#change#{"from":{"line":0,"ch":17,"sticky":"after"},"to":{"line":0,"ch":17,"sticky":"after"},"text":["v"],"removed":[""],"origin":"+input"}
2019-3-25 18:45:37.797#change#{"from":{"line":0,"ch":18,"sticky":null},"to":{"line":0,"ch":18,"sticky":null},"text":["a"],"removed":[""],"origin":"+input"}
2019-3-25 18:45:37.977#change#{"from":{"line":0,"ch":19,"sticky":null},"to":{"line":0,"ch":19,"sticky":null},"text":["l"],"removed":[""],"origin":"+input"}
2019-3-25 18:45:38.153#change#{"from":{"line":0,"ch":20,"sticky":null},"to":{"line":0,"ch":20,"sticky":null},"text":["o"],"removed":[""],"origin":"+input"}
2019-3-25 18:45:38.317#change#{"from":{"line":0,"ch":21,"sticky":null},"to":{"line":0,"ch":21,"sticky":null},"text":["r"],"removed":[""],"origin":"+input"}
2019-3-25 18:45:38.463#change#{"from":{"line":0,"ch":22,"sticky":null},"to":{"line":0,"ch":22,"sticky":null},"text":[" "],"removed":[""],"origin":"+input"}
2019-3-25 18:45:38.636#change#{"from":{"line":0,"ch":23,"sticky":null},"to":{"line":0,"ch":23,"sticky":null},"text":["t"],"removed":[""],"origin":"+input"}
2019-3-25 18:45:38.800#change#{"from":{"line":0,"ch":24,"sticky":null},"to":{"line":0,"ch":24,"sticky":null},"text":["o"],"removed":[""],"origin":"+input"}
2019-3-25 18:45:38.946#change#{"from":{"line":0,"ch":25,"sticky":null},"to":{"line":0,"ch":25,"sticky":null},"text":["t"],"removed":[""],"origin":"+input"}
2019-3-25 18:45:39.097#change#{"from":{"line":0,"ch":26,"sticky":null},"to":{"line":0,"ch":26,"sticky":null},"text":["a"],"removed":[""],"origin":"+input"}
2019-3-25 18:45:39.245#change#{"from":{"line":0,"ch":27,"sticky":null},"to":{"line":0,"ch":27,"sticky":null},"text":["l"],"removed":[""],"origin":"+input"}
2019-3-25 18:45:39.377#change#{"from":{"line":0,"ch":28,"sticky":null},"to":{"line":0,"ch":28,"sticky":null},"text":[" "],"removed":[""],"origin":"+input"}
2019-3-25 18:45:39.734#change#{"from":{"line":0,"ch":29,"sticky":null},"to":{"line":0,"ch":29,"sticky":null},"text":["d"],"removed":[""],"origin":"+input"}
2019-3-25 18:45:39.761#change#{"from":{"line":0,"ch":30,"sticky":null},"to":{"line":0,"ch":30,"sticky":null},"text":["f"],"removed":[""],"origin":"+input"}
2019-3-25 18:45:40.522#change#{"from":{"line":0,"ch":30,"sticky":"after"},"to":{"line":0,"ch":31,"sticky":null},"text":[""],"removed":["f"],"origin":"+delete"}
2019-3-25 18:45:40.522#keyHandled#"Backspace"
2019-3-25 18:45:40.592#change#{"from":{"line":0,"ch":30,"sticky":null},"to":{"line":0,"ch":30,"sticky":null},"text":["a"],"removed":[""],"origin":"+input"}
2019-3-25 18:45:40.820#change#{"from":{"line":0,"ch":31,"sticky":null},"to":{"line":0,"ch":31,"sticky":null},"text":[" "],"removed":[""],"origin":"+input"}
2019-3-25 18:45:41.123#change#{"from":{"line":0,"ch":32,"sticky":null},"to":{"line":0,"ch":32,"sticky":null},"text":["c"],"removed":[""],"origin":"+input"}
2019-3-25 18:45:41.282#change#{"from":{"line":0,"ch":33,"sticky":null},"to":{"line":0,"ch":33,"sticky":null},"text":["o"],"removed":[""],"origin":"+input"}
2019-3-25 18:45:41.521#change#{"from":{"line":0,"ch":34,"sticky":null},"to":{"line":0,"ch":34,"sticky":null},"text":["n"],"removed":[""],"origin":"+input"}
2019-3-25 18:45:41.689#change#{"from":{"line":0,"ch":35,"sticky":null},"to":{"line":0,"ch":35,"sticky":null},"text":["t"],"removed":[""],"origin":"+input"}
2019-3-25 18:45:41.766#change#{"from":{"line":0,"ch":36,"sticky":null},"to":{"line":0,"ch":36,"sticky":null},"text":["a"],"removed":[""],"origin":"+input"}
2019-3-25 18:45:42.402#change#{"from":{"line":0,"ch":37,"sticky":null},"to":{"line":0,"ch":37,"sticky":null},"text":[":"],"removed":[""],"origin":"+input"}
2019-3-25 18:45:44.272#change#{"from":{"line":0,"ch":38,"sticky":null},"to":{"line":0,"ch":38,"sticky":null},"text":[" "],"removed":[""],"origin":"+input"}
2019-3-25 18:45:45.782#keyHandled#"Right"
2019-3-25 18:45:45.963#keyHandled#"Right"
2019-3-25 18:45:46.125#keyHandled#"Right"
2019-3-25 18:45:46.291#keyHandled#"Right"
2019-3-25 18:45:46.819#change#{"from":{"line":0,"ch":42,"sticky":"before","hitSide":true},"to":{"line":0,"ch":42,"sticky":"before","hitSide":true},"text":["",""],"removed":[""],"origin":"+input"}
2019-3-25 18:45:46.819#keyHandled#"Enter"
2019-3-25 18:45:46.826#viewportChange#0
2019-3-25 18:45:48.086#change#{"from":{"line":1,"ch":0,"sticky":null},"to":{"line":1,"ch":0,"sticky":null},"text":["y"],"removed":[""],"origin":"+input"}
2019-3-25 18:45:48.260#change#{"from":{"line":1,"ch":1,"sticky":null},"to":{"line":1,"ch":1,"sticky":null},"text":[" "],"removed":[""],"origin":"+input"}
2019-3-25 18:45:49.201#change#{"from":{"line":1,"ch":2,"sticky":null},"to":{"line":1,"ch":2,"sticky":null},"text":["="],"removed":[""],"origin":"+input"}
2019-3-25 18:45:49.370#change#{"from":{"line":1,"ch":3,"sticky":null},"to":{"line":1,"ch":3,"sticky":null},"text":[" "],"removed":[""],"origin":"+input"}
2019-3-25 18:45:54.961#blur#
2019-3-25 18:46:08.429#focus#
2019-3-25 18:46:11.545#change#{"from":{"line":1,"ch":4,"sticky":null},"to":{"line":1,"ch":4,"sticky":null},"text":["x"],"removed":[""],"origin":"+input"}
2019-3-25 18:46:12.473#change#{"from":{"line":1,"ch":5,"sticky":null},"to":{"line":1,"ch":5,"sticky":null},"text":["/"],"removed":[""],"origin":"+input"}
2019-3-25 18:46:14.988#change#{"from":{"line":1,"ch":6,"sticky":null},"to":{"line":1,"ch":6,"sticky":null},"text":["6"],"removed":[""],"origin":"+input"}
2019-3-25 18:46:16.607#change#{"from":{"line":1,"ch":7,"sticky":null},"to":{"line":1,"ch":7,"sticky":null},"text":["",""],"removed":[""],"origin":"+input"}
2019-3-25 18:46:16.607#keyHandled#"Enter"
2019-3-25 18:46:16.614#viewportChange#0
2019-3-25 18:46:18.297#change#{"from":{"line":2,"ch":0,"sticky":null},"to":{"line":2,"ch":0,"sticky":null},"text":["p"],"removed":[""],"origin":"+input"}
2019-3-25 18:46:18.464#change#{"from":{"line":2,"ch":1,"sticky":null},"to":{"line":2,"ch":1,"sticky":null},"text":["r"],"removed":[""],"origin":"+input"}
2019-3-25 18:46:18.704#change#{"from":{"line":2,"ch":2,"sticky":null},"to":{"line":2,"ch":2,"sticky":null},"text":["i"],"removed":[""],"origin":"+input"}
2019-3-25 18:46:18.904#change#{"from":{"line":2,"ch":3,"sticky":null},"to":{"line":2,"ch":3,"sticky":null},"text":["n"],"removed":[""],"origin":"+input"}
2019-3-25 18:46:19.073#change#{"from":{"line":2,"ch":4,"sticky":null},"to":{"line":2,"ch":4,"sticky":null},"text":["t"],"removed":[""],"origin":"+input"}
2019-3-25 18:46:20.311#change#{"from":{"line":2,"ch":5,"sticky":null},"to":{"line":2,"ch":5,"sticky":null},"text":["()"],"removed":[""],"origin":"+input"}
2019-3-25 18:46:20.311#keyHandled#"'('"
2019-3-25 18:46:20.787#change#{"from":{"line":2,"ch":6,"sticky":"after"},"to":{"line":2,"ch":6,"sticky":"after"},"text":["r"],"removed":[""],"origin":"+input"}
2019-3-25 18:46:20.975#change#{"from":{"line":2,"ch":7,"sticky":null},"to":{"line":2,"ch":7,"sticky":null},"text":["o"],"removed":[""],"origin":"+input"}
2019-3-25 18:46:21.268#change#{"from":{"line":2,"ch":8,"sticky":null},"to":{"line":2,"ch":8,"sticky":null},"text":["u"],"removed":[""],"origin":"+input"}
2019-3-25 18:46:21.511#change#{"from":{"line":2,"ch":9,"sticky":null},"to":{"line":2,"ch":9,"sticky":null},"text":["n"],"removed":[""],"origin":"+input"}
2019-3-25 18:46:21.712#change#{"from":{"line":2,"ch":10,"sticky":null},"to":{"line":2,"ch":10,"sticky":null},"text":["d"],"removed":[""],"origin":"+input"}
2019-3-25 18:46:23.174#change#{"from":{"line":2,"ch":11,"sticky":null},"to":{"line":2,"ch":11,"sticky":null},"text":["()"],"removed":[""],"origin":"+input"}
2019-3-25 18:46:23.174#keyHandled#"'('"
2019-3-25 18:46:27.050#blur#
2019-3-25 18:46:29.764#focus#
2019-3-25 18:46:34.006#change#{"from":{"line":2,"ch":12,"sticky":"after"},"to":{"line":2,"ch":12,"sticky":"after"},"text":["y"],"removed":[""],"origin":"+input"}
2019-3-25 18:46:34.897#change#{"from":{"line":2,"ch":13,"sticky":null},"to":{"line":2,"ch":13,"sticky":null},"text":[","],"removed":[""],"origin":"+input"}
2019-3-25 18:46:35.947#change#{"from":{"line":2,"ch":14,"sticky":null},"to":{"line":2,"ch":14,"sticky":null},"text":[" "],"removed":[""],"origin":"+input"}
2019-3-25 18:46:38.621#blur#
2019-3-25 18:46:42.058#focus#
2019-3-25 18:46:54.541#change#{"from":{"line":2,"ch":15,"sticky":null},"to":{"line":2,"ch":15,"sticky":null},"text":["6"],"removed":[""],"origin":"+input"}
2019-3-25 18:46:55.708#mousedown#{"isTrusted":true}
2019-3-25 18:46:55.708#mousedown#{"isTrusted":true}
2019-3-25 18:46:57.910#blur#
2019-3-25 18:46:58.491#saida_testar#$ python3 main.py
Traceback (most recent call last):
File "main.py", line 1, in <module>
x = input(float("valor total da conta: "))
ValueError: could not convert string to float: 'valor total da conta: '
2019-3-25 18:47:16.090#mousedown#{"isTrusted":true}
2019-3-25 18:47:16.150#focus#
2019-3-25 18:47:19.117#change#{"from":{"line":0,"ch":15,"sticky":"after","xRel":1.703125},"to":{"line":0,"ch":15,"sticky":"after","xRel":1.703125},"text":["("],"removed":[""],"origin":"+input"}
2019-3-25 18:47:19.497#change#{"from":{"line":0,"ch":16,"sticky":null},"to":{"line":0,"ch":16,"sticky":null},"text":["i"],"removed":[""],"origin":"+input"}
2019-3-25 18:47:19.664#change#{"from":{"line":0,"ch":17,"sticky":null},"to":{"line":0,"ch":17,"sticky":null},"text":["n"],"removed":[""],"origin":"+input"}
2019-3-25 18:47:20.141#change#{"from":{"line":0,"ch":18,"sticky":null},"to":{"line":0,"ch":18,"sticky":null},"text":["o"],"removed":[""],"origin":"+input"}
2019-3-25 18:47:20.483#change#{"from":{"line":0,"ch":19,"sticky":null},"to":{"line":0,"ch":19,"sticky":null},"text":["y"],"removed":[""],"origin":"+input"}
2019-3-25 18:47:20.737#change#{"from":{"line":0,"ch":20,"sticky":null},"to":{"line":0,"ch":20,"sticky":null},"text":["t"],"removed":[""],"origin":"+input"}
2019-3-25 18:47:23.052#change#{"from":{"line":0,"ch":20,"sticky":"after"},"to":{"line":0,"ch":21,"sticky":null},"text":[""],"removed":["t"],"origin":"+delete"}
2019-3-25 18:47:23.052#keyHandled#"Backspace"
2019-3-25 18:47:23.214#change#{"from":{"line":0,"ch":19,"sticky":"after"},"to":{"line":0,"ch":20,"sticky":null},"text":[""],"removed":["y"],"origin":"+delete"}
2019-3-25 18:47:23.214#keyHandled#"Backspace"
2019-3-25 18:47:23.372#change#{"from":{"line":0,"ch":18,"sticky":"after"},"to":{"line":0,"ch":19,"sticky":null},"text":[""],"removed":["o"],"origin":"+delete"}
2019-3-25 18:47:23.372#keyHandled#"Backspace"
2019-3-25 18:47:24.595#change#{"from":{"line":0,"ch":18,"sticky":null},"to":{"line":0,"ch":18,"sticky":null},"text":["p"],"removed":[""],"origin":"+input"}
2019-3-25 18:47:25.003#change#{"from":{"line":0,"ch":19,"sticky":null},"to":{"line":0,"ch":19,"sticky":null},"text":["u"],"removed":[""],"origin":"+input"}
2019-3-25 18:47:25.211#change#{"from":{"line":0,"ch":20,"sticky":null},"to":{"line":0,"ch":20,"sticky":null},"text":["t"],"removed":[""],"origin":"+input"}
2019-3-25 18:47:26.595#mousedown#{"isTrusted":true}
2019-3-25 18:47:27.734#mousedown#{"isTrusted":true}
2019-3-25 18:47:28.522#change#{"from":{"line":0,"ch":9,"sticky":"after"},"to":{"line":0,"ch":10,"sticky":"after","xRel":1.09375},"text":[""],"removed":["("],"origin":"+delete"}
2019-3-25 18:47:28.522#keyHandled#"Backspace"
2019-3-25 18:47:28.684#change#{"from":{"line":0,"ch":8,"sticky":"after"},"to":{"line":0,"ch":9,"sticky":null},"text":[""],"removed":["t"],"origin":"+delete"}
2019-3-25 18:47:28.684#keyHandled#"Backspace"
2019-3-25 18:47:28.851#change#{"from":{"line":0,"ch":7,"sticky":"after"},"to":{"line":0,"ch":8,"sticky":null},"text":[""],"removed":["u"],"origin":"+delete"}
2019-3-25 18:47:28.851#keyHandled#"Backspace"
2019-3-25 18:47:29.027#change#{"from":{"line":0,"ch":6,"sticky":"after"},"to":{"line":0,"ch":7,"sticky":null},"text":[""],"removed":["p"],"origin":"+delete"}
2019-3-25 18:47:29.027#keyHandled#"Backspace"
2019-3-25 18:47:29.216#change#{"from":{"line":0,"ch":5,"sticky":"after"},"to":{"line":0,"ch":6,"sticky":null},"text":[""],"removed":["n"],"origin":"+delete"}
2019-3-25 18:47:29.216#keyHandled#"Backspace"
2019-3-25 18:47:29.686#change#{"from":{"line":0,"ch":4,"sticky":"after"},"to":{"line":0,"ch":5,"sticky":null},"text":[""],"removed":["i"],"origin":"+delete"}
2019-3-25 18:47:29.686#keyHandled#"Backspace"
2019-3-25 18:47:29.027#change#{"from":{"line":0,"ch":6,"sticky":"after"},"to":{"line":0,"ch":7,"sticky":null},"text":[""],"removed":["p"],"origin":"+delete"}
2019-3-25 18:47:29.027#keyHandled#"Backspace"
2019-3-25 18:47:29.216#change#{"from":{"line":0,"ch":5,"sticky":"after"},"to":{"line":0,"ch":6,"sticky":null},"text":[""],"removed":["n"],"origin":"+delete"}
2019-3-25 18:47:29.216#keyHandled#"Backspace"
2019-3-25 18:47:29.686#change#{"from":{"line":0,"ch":4,"sticky":"after"},"to":{"line":0,"ch":5,"sticky":null},"text":[""],"removed":["i"],"origin":"+delete"}
2019-3-25 18:47:29.686#keyHandled#"Backspace"
2019-3-25 18:47:32.232#blur#
2019-3-25 18:47:33.984#saida_testar#$ python3 main.py
2019-3-25 18:47:33.984#saida_testar#$ python3 main.py
2019-3-25 18:47:42.084#submit#Your code did not produce the correct output. Please, correct your code and try again.
2019-3-25 18:47:42.084#submit#Your code did not produce the correct output. Please, correct your code and try again.
2019-3-25 18:47:45.886#saida_testar#$ python3 main.py
2019-3-25 18:48:05.412#mousedown#{"isTrusted":true}
2019-3-25 18:48:05.474#focus#
2019-3-25 18:48:13.281#change#{"from":{"line":2,"ch":15,"sticky":"after"},"to":{"line":2,"ch":16,"sticky":"after","xRel":2.09375},"text":[""],"removed":["6"],"origin":"+delete"}
2019-3-25 18:48:13.281#keyHandled#"Backspace"
2019-3-25 18:48:13.864#change#{"from":{"line":2,"ch":15,"sticky":null},"to":{"line":2,"ch":15,"sticky":null},"text":["2"],"removed":[""],"origin":"+input"}
2019-3-25 18:48:13.281#change#{"from":{"line":2,"ch":15,"sticky":"after"},"to":{"line":2,"ch":16,"sticky":"after","xRel":2.09375},"text":[""],"removed":["6"],"origin":"+delete"}
2019-3-25 18:48:13.281#keyHandled#"Backspace"
2019-3-25 18:48:13.864#change#{"from":{"line":2,"ch":15,"sticky":null},"to":{"line":2,"ch":15,"sticky":null},"text":["2"],"removed":[""],"origin":"+input"}
2019-3-25 18:48:15.530#blur#
2019-3-25 18:48:16.230#saida_testar#$ python3 main.py
2019-3-25 18:48:16.230#saida_testar#$ python3 main.py
2019-3-25 18:48:19.854#submit#Your code did not produce the correct output. Please, correct your code and try again.
2019-3-25 18:49:13.331#mousedown#{"isTrusted":true}
2019-3-25 18:49:13.390#focus#
2019-3-25 18:49:13.331#mousedown#{"isTrusted":true}
2019-3-25 18:49:13.390#focus#
2019-3-25 18:49:54.856#blur#
2019-3-25 18:49:56.052#saida_testar#$ python3 main.py
2019-3-25 18:49:56.052#saida_testar#$ python3 main.py
2019-3-25 18:50:03.346#submit#Your code did not produce the correct output. Please, correct your code and try again.
2019-3-25 18:51:09.694#mousedown#{"isTrusted":true}
2019-3-25 18:51:09.754#focus#
2019-3-25 18:51:10.690#change#{"from":{"line":2,"ch":15,"sticky":"after"},"to":{"line":2,"ch":16,"sticky":"before","xRel":-1.71875},"text":[""],"removed":["2"],"origin":"+delete"}
2019-3-25 18:51:10.690#keyHandled#"Backspace"
2019-3-25 18:51:11.476#change#{"from":{"line":2,"ch":15,"sticky":null},"to":{"line":2,"ch":15,"sticky":null},"text":["1"],"removed":[""],"origin":"+input"}
2019-3-25 18:51:11.476#change#{"from":{"line":2,"ch":15,"sticky":null},"to":{"line":2,"ch":15,"sticky":null},"text":["1"],"removed":[""],"origin":"+input"}
2019-3-25 18:51:13.324#blur#
2019-3-25 18:51:14.055#saida_testar#$ python3 main.py
2019-3-25 18:51:14.055#saida_testar#$ python3 main.py
2019-3-25 18:51:17.261#submit#Your code did not produce the correct output. Please, correct your code and try again.
2019-3-25 18:51:17.261#submit#Your code did not produce the correct output. Please, correct your code and try again.
2019-3-25 18:51:18.489#submit#Your code did not produce the correct output. Please, correct your code and try again.
2019-3-25 18:51:18.489#submit#Your code did not produce the correct output. Please, correct your code and try again.
2019-3-25 18:51:18.946#submit#Your code did not produce the correct output. Please, correct your code and try again.
2019-3-25 18:51:18.489#submit#Your code did not produce the correct output. Please, correct your code and try again.
2019-3-25 18:51:18.946#submit#Your code did not produce the correct output. Please, correct your code and try again.
2019-3-25 18:51:19.252#submit#Your code did not produce the correct output. Please, correct your code and try again.
2019-3-25 18:51:19.252#submit#Your code did not produce the correct output. Please, correct your code and try again.
2019-3-25 18:51:19.570#submit#Your code did not produce the correct output. Please, correct your code and try again.
2019-3-25 18:51:19.252#submit#Your code did not produce the correct output. Please, correct your code and try again.
2019-3-25 18:51:19.570#submit#Your code did not produce the correct output. Please, correct your code and try again.
2019-3-25 18:51:19.252#submit#Your code did not produce the correct output. Please, correct your code and try again.
2019-3-25 18:51:19.570#submit#Your code did not produce the correct output. Please, correct your code and try again.
2019-3-25 18:51:19.852#submit#Your code did not produce the correct output. Please, correct your code and try again.
2019-3-25 18:51:19.252#submit#Your code did not produce the correct output. Please, correct your code and try again.
2019-3-25 18:51:19.570#submit#Your code did not produce the correct output. Please, correct your code and try again.
2019-3-25 18:51:19.852#submit#Your code did not produce the correct output. Please, correct your code and try again.
2019-3-25 18:51:20.038#submit#Your code did not produce the correct output. Please, correct your code and try again.
2019-3-25 18:51:20.244#submit#Your code did not produce the correct output. Please, correct your code and try again.
2019-3-25 18:51:41.425#mousedown#{"isTrusted":true}
2019-3-25 18:51:41.486#focus#
2019-3-25 18:51:43.858#mousedown#{"isTrusted":true}
2019-3-25 18:51:46.344#mousedown#{"isTrusted":true}
2019-3-25 18:51:46.479#mousedown#{"isTrusted":true}
2019-3-25 18:51:46.602#dblclick#{"isTrusted":true}
2019-3-25 18:51:47.183#mousedown#{"isTrusted":true}
2019-3-25 18:51:48.545#change#{"from":{"line":1,"ch":6,"sticky":"after"},"to":{"line":1,"ch":7,"sticky":"before","xRel":16.140625},"text":[""],"removed":["6"],"origin":"+delete"}
2019-3-25 18:51:48.545#keyHandled#"Backspace"
2019-3-25 18:51:48.718#change#{"from":{"line":1,"ch":5,"sticky":"after"},"to":{"line":1,"ch":6,"sticky":null},"text":[""],"removed":["/"],"origin":"+delete"}
2019-3-25 18:51:48.718#keyHandled#"Backspace"
2019-3-25 18:51:48.894#change#{"from":{"line":1,"ch":4,"sticky":"after"},"to":{"line":1,"ch":5,"sticky":null},"text":[""],"removed":["x"],"origin":"+delete"}
2019-3-25 18:51:48.894#keyHandled#"Backspace"
2019-3-25 18:51:49.054#change#{"from":{"line":1,"ch":3,"sticky":"after"},"to":{"line":1,"ch":4,"sticky":null},"text":[""],"removed":[" "],"origin":"+delete"}
2019-3-25 18:51:49.054#keyHandled#"Backspace"
2019-3-25 18:51:49.224#change#{"from":{"line":1,"ch":2,"sticky":"after"},"to":{"line":1,"ch":3,"sticky":null},"text":[""],"removed":["="],"origin":"+delete"}
2019-3-25 18:51:49.224#keyHandled#"Backspace"
2019-3-25 18:51:49.381#change#{"from":{"line":1,"ch":1,"sticky":"after"},"to":{"line":1,"ch":2,"sticky":null},"text":[""],"removed":[" "],"origin":"+delete"}
2019-3-25 18:51:49.381#keyHandled#"Backspace"
2019-3-25 18:51:49.568#change#{"from":{"line":1,"ch":0,"sticky":"after"},"to":{"line":1,"ch":1,"sticky":null},"text":[""],"removed":["y"],"origin":"+delete"}
2019-3-25 18:51:49.569#keyHandled#"Backspace"
2019-3-25 18:51:50.794#mousedown#{"isTrusted":true}
2019-3-25 18:51:51.601#change#{"from":{"line":2,"ch":15,"sticky":"after"},"to":{"line":2,"ch":16,"sticky":"before","xRel":-2.71875},"text":[""],"removed":["1"],"origin":"+delete"}
2019-3-25 18:51:51.601#keyHandled#"Backspace"
2019-3-25 18:51:52.083#change#{"from":{"line":2,"ch":15,"sticky":null},"to":{"line":2,"ch":15,"sticky":null},"text":["2"],"removed":[""],"origin":"+input"}
2019-3-25 18:51:53.675#mousedown#{"isTrusted":true}
2019-3-25 18:51:54.949#mousedown#{"isTrusted":true}
2019-3-25 18:51:55.447#mousedown#{"isTrusted":true}
2019-3-25 18:51:55.903#mousedown#{"isTrusted":true}
2019-3-25 18:52:00.589#mousedown#{"isTrusted":true}
2019-3-25 18:52:00.772#mousedown#{"isTrusted":true}
2019-3-25 18:52:00.868#dblclick#{"isTrusted":true}
2019-3-25 18:52:01.536#change#{"from":{"line":2,"ch":16,"sticky":null},"to":{"line":2,"ch":18,"sticky":null},"text":[""],"removed":["))"],"origin":"+delete"}
2019-3-25 18:52:01.536#keyHandled#"Backspace"
2019-3-25 18:52:01.697#change#{"from":{"line":2,"ch":15,"sticky":"after"},"to":{"line":2,"ch":16,"sticky":null},"text":[""],"removed":["2"],"origin":"+delete"}
2019-3-25 18:52:01.697#keyHandled#"Backspace"
2019-3-25 18:52:01.851#change#{"from":{"line":2,"ch":14,"sticky":"after"},"to":{"line":2,"ch":15,"sticky":null},"text":[""],"removed":[" "],"origin":"+delete"}
2019-3-25 18:52:01.851#keyHandled#"Backspace"
2019-3-25 18:52:02.351#change#{"from":{"line":2,"ch":13,"sticky":"after"},"to":{"line":2,"ch":14,"sticky":null},"text":[""],"removed":[","],"origin":"+delete"}
2019-3-25 18:52:02.351#keyHandled#"Backspace"
2019-3-25 18:52:02.403#change#{"from":{"line":2,"ch":12,"sticky":"after"},"to":{"line":2,"ch":13,"sticky":null},"text":[""],"removed":["y"],"origin":"+delete"}
2019-3-25 18:52:02.403#keyHandled#"Backspace"
2019-3-25 18:52:02.453#change#{"from":{"line":2,"ch":11,"sticky":"after"},"to":{"line":2,"ch":12,"sticky":null},"text":[""],"removed":["("],"origin":"+delete"}
2019-3-25 18:52:02.453#keyHandled#"Backspace"
2019-3-25 18:52:02.502#change#{"from":{"line":2,"ch":10,"sticky":"after"},"to":{"line":2,"ch":11,"sticky":null},"text":[""],"removed":["d"],"origin":"+delete"}
2019-3-25 18:52:02.502#keyHandled#"Backspace"
2019-3-25 18:52:02.552#change#{"from":{"line":2,"ch":9,"sticky":"after"},"to":{"line":2,"ch":10,"sticky":null},"text":[""],"removed":["n"],"origin":"+delete"}
2019-3-25 18:52:02.552#keyHandled#"Backspace"
2019-3-25 18:52:02.602#change#{"from":{"line":2,"ch":8,"sticky":"after"},"to":{"line":2,"ch":9,"sticky":null},"text":[""],"removed":["u"],"origin":"+delete"}
2019-3-25 18:52:02.602#keyHandled#"Backspace"
2019-3-25 18:52:02.653#change#{"from":{"line":2,"ch":7,"sticky":"after"},"to":{"line":2,"ch":8,"sticky":null},"text":[""],"removed":["o"],"origin":"+delete"}
2019-3-25 18:52:02.653#keyHandled#"Backspace"
2019-3-25 18:52:02.704#change#{"from":{"line":2,"ch":6,"sticky":"after"},"to":{"line":2,"ch":7,"sticky":null},"text":[""],"removed":["r"],"origin":"+delete"}
2019-3-25 18:52:02.704#keyHandled#"Backspace"
2019-3-25 18:52:02.754#change#{"from":{"line":2,"ch":5,"sticky":"after"},"to":{"line":2,"ch":6,"sticky":null},"text":[""],"removed":["("],"origin":"+delete"}
2019-3-25 18:52:02.754#keyHandled#"Backspace"
2019-3-25 18:52:02.804#change#{"from":{"line":2,"ch":4,"sticky":"after"},"to":{"line":2,"ch":5,"sticky":null},"text":[""],"removed":["t"],"origin":"+delete"}
2019-3-25 18:52:02.804#keyHandled#"Backspace"
2019-3-25 18:52:02.854#change#{"from":{"line":2,"ch":3,"sticky":"after"},"to":{"line":2,"ch":4,"sticky":null},"text":[""],"removed":["n"],"origin":"+delete"}
2019-3-25 18:52:02.854#keyHandled#"Backspace"
2019-3-25 18:52:02.904#change#{"from":{"line":2,"ch":2,"sticky":"after"},"to":{"line":2,"ch":3,"sticky":null},"text":[""],"removed":["i"],"origin":"+delete"}
2019-3-25 18:52:02.904#keyHandled#"Backspace"
2019-3-25 18:52:02.955#change#{"from":{"line":2,"ch":1,"sticky":"after"},"to":{"line":2,"ch":2,"sticky":null},"text":[""],"removed":["r"],"origin":"+delete"}
2019-3-25 18:52:02.955#keyHandled#"Backspace"
2019-3-25 18:52:03.005#change#{"from":{"line":2,"ch":0,"sticky":"after"},"to":{"line":2,"ch":1,"sticky":null},"text":[""],"removed":["p"],"origin":"+delete"}
2019-3-25 18:52:03.005#keyHandled#"Backspace"
2019-3-25 18:52:03.057#change#{"from":{"line":1,"ch":0,"sticky":"before"},"to":{"line":2,"ch":0,"sticky":null},"text":[""],"removed":["",""],"origin":"+delete"}
2019-3-25 18:52:03.057#keyHandled#"Backspace"
2019-3-25 18:52:03.063#viewportChange#0
2019-3-25 18:52:03.110#change#{"from":{"line":0,"ch":42,"sticky":"before"},"to":{"line":1,"ch":0,"sticky":null},"text":[""],"removed":["",""],"origin":"+delete"}
2019-3-25 18:52:03.110#keyHandled#"Backspace"
2019-3-25 18:52:03.116#viewportChange#0
2019-3-25 18:52:04.866#change#{"from":{"line":0,"ch":42,"sticky":null},"to":{"line":0,"ch":42,"sticky":null},"text":["",""],"removed":[""],"origin":"+input"}
2019-3-25 18:52:04.866#keyHandled#"Enter"
2019-3-25 18:52:04.872#viewportChange#0
2019-3-25 18:52:33.023#change#{"from":{"line":1,"ch":0,"sticky":null},"to":{"line":1,"ch":0,"sticky":null},"text":["y"],"removed":[""],"origin":"+input"}
2019-3-25 18:52:33.144#change#{"from":{"line":1,"ch":1,"sticky":null},"to":{"line":1,"ch":1,"sticky":null},"text":[" "],"removed":[""],"origin":"+input"}
2019-3-25 18:52:33.554#change#{"from":{"line":1,"ch":2,"sticky":null},"to":{"line":1,"ch":2,"sticky":null},"text":["="],"removed":[""],"origin":"+input"}
2019-3-25 18:52:33.624#change#{"from":{"line":1,"ch":3,"sticky":null},"to":{"line":1,"ch":3,"sticky":null},"text":[" "],"removed":[""],"origin":"+input"}
2019-3-25 18:52:38.218#change#{"from":{"line":1,"ch":4,"sticky":null},"to":{"line":1,"ch":4,"sticky":null},"text":["x"],"removed":[""],"origin":"+input"}
2019-3-25 18:52:40.054#change#{"from":{"line":1,"ch":5,"sticky":null},"to":{"line":1,"ch":5,"sticky":null},"text":["/"],"removed":[""],"origin":"+input"}
2019-3-25 18:52:40.205#change#{"from":{"line":1,"ch":6,"sticky":null},"to":{"line":1,"ch":6,"sticky":null},"text":["/"],"removed":[""],"origin":"+input"}
2019-3-25 18:52:51.187#blur#
2019-3-25 18:52:53.991#focus#
2019-3-25 18:52:55.965#change#{"from":{"line":1,"ch":7,"sticky":null},"to":{"line":1,"ch":7,"sticky":null},"text":["6"],"removed":[""],"origin":"+input"}
2019-3-25 18:52:56.660#change#{"from":{"line":1,"ch":8,"sticky":null},"to":{"line":1,"ch":8,"sticky":null},"text":["",""],"removed":[""],"origin":"+input"}
2019-3-25 18:52:56.660#keyHandled#"Enter"
2019-3-25 18:52:56.667#viewportChange#0
2019-3-25 18:52:58.194#change#{"from":{"line":2,"ch":0,"sticky":null},"to":{"line":2,"ch":0,"sticky":null},"text":["p"],"removed":[""],"origin":"+input"}
2019-3-25 18:52:58.438#change#{"from":{"line":2,"ch":1,"sticky":null},"to":{"line":2,"ch":1,"sticky":null},"text":["r"],"removed":[""],"origin":"+input"}
2019-3-25 18:52:58.527#change#{"from":{"line":2,"ch":2,"sticky":null},"to":{"line":2,"ch":2,"sticky":null},"text":["i"],"removed":[""],"origin":"+input"}
2019-3-25 18:52:58.761#change#{"from":{"line":2,"ch":3,"sticky":null},"to":{"line":2,"ch":3,"sticky":null},"text":["n"],"removed":[""],"origin":"+input"}
2019-3-25 18:52:58.880#change#{"from":{"line":2,"ch":4,"sticky":null},"to":{"line":2,"ch":4,"sticky":null},"text":["t"],"removed":[""],"origin":"+input"}
2019-3-25 18:53:07.417#change#{"from":{"line":2,"ch":5,"sticky":null},"to":{"line":2,"ch":5,"sticky":null},"text":["()"],"removed":[""],"origin":"+input"}
2019-3-25 18:53:07.417#keyHandled#"'('"
2019-3-25 18:53:08.662#change#{"from":{"line":2,"ch":6,"sticky":"after"},"to":{"line":2,"ch":6,"sticky":"after"},"text":["r"],"removed":[""],"origin":"+input"}
2019-3-25 18:53:09.042#change#{"from":{"line":2,"ch":7,"sticky":null},"to":{"line":2,"ch":7,"sticky":null},"text":["o"],"removed":[""],"origin":"+input"}
2019-3-25 18:53:09.239#change#{"from":{"line":2,"ch":8,"sticky":null},"to":{"line":2,"ch":8,"sticky":null},"text":["u"],"removed":[""],"origin":"+input"}
2019-3-25 18:53:09.445#change#{"from":{"line":2,"ch":9,"sticky":null},"to":{"line":2,"ch":9,"sticky":null},"text":["n"],"removed":[""],"origin":"+input"}
2019-3-25 18:53:09.609#change#{"from":{"line":2,"ch":10,"sticky":null},"to":{"line":2,"ch":10,"sticky":null},"text":["d"],"removed":[""],"origin":"+input"}
2019-3-25 18:53:10.993#change#{"from":{"line":2,"ch":11,"sticky":null},"to":{"line":2,"ch":11,"sticky":null},"text":["()"],"removed":[""],"origin":"+input"}
2019-3-25 18:53:10.994#keyHandled#"'('"
2019-3-25 18:53:16.171#change#{"from":{"line":2,"ch":12,"sticky":"after"},"to":{"line":2,"ch":12,"sticky":"after"},"text":["y"],"removed":[""],"origin":"+input"}
2019-3-25 18:53:23.162#change#{"from":{"line":2,"ch":13,"sticky":null},"to":{"line":2,"ch":13,"sticky":null},"text":[","],"removed":[""],"origin":"+input"}
2019-3-25 18:53:23.754#change#{"from":{"line":2,"ch":14,"sticky":null},"to":{"line":2,"ch":14,"sticky":null},"text":[" "],"removed":[""],"origin":"+input"}
2019-3-25 18:53:26.067#change#{"from":{"line":2,"ch":15,"sticky":null},"to":{"line":2,"ch":15,"sticky":null},"text":["2"],"removed":[""],"origin":"+input"}
2019-3-25 18:53:26.067#change#{"from":{"line":2,"ch":15,"sticky":null},"to":{"line":2,"ch":15,"sticky":null},"text":["2"],"removed":[""],"origin":"+input"}
2019-3-25 18:53:27.406#blur#
2019-3-25 18:53:28.110#saida_testar#$ python3 main.py
2019-3-25 18:53:28.110#saida_testar#$ python3 main.py
2019-3-25 18:53:34.768#submit#Your code did not produce the correct output. Please, correct your code and try again.
2019-3-25 18:53:42.484#mousedown#{"isTrusted":true}
2019-3-25 18:53:42.544#focus#
2019-3-25 18:53:44.972#change#{"from":{"line":1,"ch":6,"sticky":"after"},"to":{"line":1,"ch":7,"sticky":"after","xRel":3.140625},"text":[""],"removed":["/"],"origin":"+delete"}
2019-3-25 18:53:44.972#keyHandled#"Backspace"
2019-3-25 18:53:45.790#mousedown#{"isTrusted":true}
2019-3-25 18:53:49.682#change#{"from":{"line":1,"ch":4,"sticky":"after","xRel":1.40625},"to":{"line":1,"ch":4,"sticky":"after","xRel":1.40625},"text":["("],"removed":[""],"origin":"+input"}
2019-3-25 18:53:52.020#keyHandled#"Right"
2019-3-25 18:53:52.184#keyHandled#"Right"
2019-3-25 18:53:52.510#keyHandled#"Right"
2019-3-25 18:53:53.307#change#{"from":{"line":1,"ch":8,"sticky":"before"},"to":{"line":1,"ch":8,"sticky":"before"},"text":[")"],"removed":[""],"origin":"+input"}
2019-3-25 18:53:54.490#keyHandled#"Left"
2019-3-25 18:53:54.510#keyHandled#"Down"
2019-3-25 18:53:54.647#keyHandled#"Left"
2019-3-25 18:53:55.098#keyHandled#"Up"
2019-3-25 18:53:55.296#keyHandled#"Left"
2019-3-25 18:53:55.744#keyHandled#"Left"
2019-3-25 18:53:56.639#change#{"from":{"line":1,"ch":5,"sticky":"after"},"to":{"line":1,"ch":5,"sticky":"after"},"text":["\""],"removed":[""],"origin":"+input"}
2019-3-25 18:53:57.047#keyHandled#"Right"
2019-3-25 18:53:57.240#keyHandled#"Right"
2019-3-25 18:53:57.563#keyHandled#"Left"
2019-3-25 18:53:57.866#keyHandled#"Right"
2019-3-25 18:53:58.405#change#{"from":{"line":1,"ch":9,"sticky":"before"},"to":{"line":1,"ch":9,"sticky":"before"},"text":["\""],"removed":[""],"origin":"+input"}
2019-3-25 18:53:58.405#change#{"from":{"line":1,"ch":9,"sticky":"before"},"to":{"line":1,"ch":9,"sticky":"before"},"text":["\""],"removed":[""],"origin":"+input"}
2019-3-25 18:54:00.419#blur#
2019-3-25 18:54:02.176#saida_testar#$ python3 main.py
2019-3-25 18:54:02.176#saida_testar#$ python3 main.py
2019-3-25 18:54:08.188#saida_testar#$ python3 main.py
2019-3-25 18:54:14.854#mousedown#{"isTrusted":true}
2019-3-25 18:54:14.919#focus#
2019-3-25 18:54:15.181#mousedown#{"isTrusted":true}
2019-3-25 18:54:16.033#change#{"from":{"line":1,"ch":10,"sticky":"after"},"to":{"line":1,"ch":11,"sticky":"before","xRel":27.421875},"text":[""],"removed":[")"],"origin":"+delete"}
2019-3-25 18:54:16.033#keyHandled#"Backspace"
2019-3-25 18:54:16.175#change#{"from":{"line":1,"ch":9,"sticky":"after"},"to":{"line":1,"ch":10,"sticky":null},"text":[""],"removed":["\""],"origin":"+delete"}
2019-3-25 18:54:16.175#keyHandled#"Backspace"
2019-3-25 18:54:16.893#keyHandled#"Left"
2019-3-25 18:54:17.052#keyHandled#"Left"
2019-3-25 18:54:17.209#keyHandled#"Left"
2019-3-25 18:54:17.550#keyHandled#"Left"
2019-3-25 18:54:18.181#change#{"from":{"line":1,"ch":4,"sticky":"after"},"to":{"line":1,"ch":5,"sticky":"after"},"text":[""],"removed":["("],"origin":"+delete"}
2019-3-25 18:54:18.181#keyHandled#"Backspace"
2019-3-25 18:54:18.329#change#{"from":{"line":1,"ch":3,"sticky":"after"},"to":{"line":1,"ch":4,"sticky":null},"text":[""],"removed":[" "],"origin":"+delete"}
2019-3-25 18:54:18.330#keyHandled#"Backspace"
2019-3-25 18:54:19.710#keyHandled#"Right"
2019-3-25 18:54:20.902#change#{"from":{"line":1,"ch":3,"sticky":"after"},"to":{"line":1,"ch":4,"sticky":"before"},"text":[""],"removed":["\""],"origin":"+delete"}
2019-3-25 18:54:20.902#keyHandled#"Backspace"
2019-3-25 18:54:21.062#change#{"from":{"line":1,"ch":3,"sticky":null},"to":{"line":1,"ch":3,"sticky":null},"text":[" "],"removed":[""],"origin":"+input"}
2019-3-25 18:54:21.062#change#{"from":{"line":1,"ch":3,"sticky":null},"to":{"line":1,"ch":3,"sticky":null},"text":[" "],"removed":[""],"origin":"+input"}
2019-3-25 18:54:22.900#blur#
2019-3-25 18:54:24.073#saida_testar#$ python3 main.py
2019-3-25 18:54:24.073#saida_testar#$ python3 main.py
2019-3-25 18:54:29.883#submit#Your code did not produce the correct output. Please, correct your code and try again.
2019-3-25 18:54:29.883#submit#Your code did not produce the correct output. Please, correct your code and try again.
2019-3-25 18:54:30.786#submit#Your code did not produce the correct output. Please, correct your code and try again.
2019-3-25 18:54:30.786#submit#Your code did not produce the correct output. Please, correct your code and try again.
2019-3-25 18:54:31.269#submit#Your code did not produce the correct output. Please, correct your code and try again.
2019-3-25 18:56:57.475#mousedown#{"isTrusted":true}
2019-3-25 18:56:57.487#focus#
2019-3-25 18:56:59.808#change#{"from":{"line":1,"ch":4,"sticky":"after"},"to":{"line":1,"ch":5,"sticky":"before","xRel":-2.015625},"text":[""],"removed":["x"],"origin":"+delete"}
2019-3-25 18:56:59.808#keyHandled#"Backspace"
2019-3-25 18:57:00.867#change#{"from":{"line":1,"ch":4,"sticky":null},"to":{"line":1,"ch":4,"sticky":null},"text":["2"],"removed":[""],"origin":"+input"}
2019-3-25 18:57:01.100#change#{"from":{"line":1,"ch":5,"sticky":null},"to":{"line":1,"ch":5,"sticky":null},"text":["5"],"removed":[""],"origin":"+input"}
2019-3-25 18:57:01.410#change#{"from":{"line":1,"ch":6,"sticky":null},"to":{"line":1,"ch":6,"sticky":null},"text":["0"],"removed":[""],"origin":"+input"}
2019-3-25 18:57:01.100#change#{"from":{"line":1,"ch":5,"sticky":null},"to":{"line":1,"ch":5,"sticky":null},"text":["5"],"removed":[""],"origin":"+input"}
2019-3-25 18:57:01.410#change#{"from":{"line":1,"ch":6,"sticky":null},"to":{"line":1,"ch":6,"sticky":null},"text":["0"],"removed":[""],"origin":"+input"}
2019-3-25 18:57:04.171#blur#
2019-3-25 18:57:04.348#saida_testar#$ python3 main.py
valor total da conta: 250
41.67
2019-3-25 18:57:08.850#mousedown#{"isTrusted":true}
2019-3-25 18:57:08.915#focus#
2019-3-25 18:57:09.787#change#{"from":{"line":1,"ch":6,"sticky":"after"},"to":{"line":1,"ch":7,"sticky":"after","xRel":2.125},"text":[""],"removed":["0"],"origin":"+delete"}
2019-3-25 18:57:09.787#keyHandled#"Backspace"
2019-3-25 18:57:09.942#change#{"from":{"line":1,"ch":5,"sticky":"after"},"to":{"line":1,"ch":6,"sticky":null},"text":[""],"removed":["5"],"origin":"+delete"}
2019-3-25 18:57:09.942#keyHandled#"Backspace"
2019-3-25 18:57:10.083#change#{"from":{"line":1,"ch":4,"sticky":"after"},"to":{"line":1,"ch":5,"sticky":null},"text":[""],"removed":["2"],"origin":"+delete"}
2019-3-25 18:57:10.083#keyHandled#"Backspace"
2019-3-25 18:57:10.243#change#{"from":{"line":1,"ch":3,"sticky":"after"},"to":{"line":1,"ch":4,"sticky":null},"text":[""],"removed":[" "],"origin":"+delete"}
2019-3-25 18:57:10.243#keyHandled#"Backspace"
2019-3-25 18:57:11.167#change#{"from":{"line":1,"ch":3,"sticky":null},"to":{"line":1,"ch":3,"sticky":null},"text":[" "],"removed":[""],"origin":"+input"}
2019-3-25 18:57:12.449#mousedown#{"isTrusted":true}
2019-3-25 18:57:14.479#change#{"from":{"line":0,"ch":0,"sticky":"after","xRel":-4},"to":{"line":0,"ch":42,"sticky":"before","xRel":20.15625},"text":[""],"removed":["x = float(input(\"valor total da conta: \"))"],"origin":"+delete"}
2019-3-25 18:57:14.479#keyHandled#"Backspace"
2019-3-25 18:57:16.150#keyHandled#"Down"
2019-3-25 18:57:16.360#keyHandled#"Right"
2019-3-25 18:57:16.565#keyHandled#"Right"
2019-3-25 18:57:16.748#keyHandled#"Right"
2019-3-25 18:57:17.076#keyHandled#"Right"
2019-3-25 18:57:17.878#change#{"from":{"line":1,"ch":4,"sticky":"before"},"to":{"line":1,"ch":4,"sticky":"before"},"text":["2"],"removed":[""],"origin":"+input"}
2019-3-25 18:57:18.074#change#{"from":{"line":1,"ch":5,"sticky":null},"to":{"line":1,"ch":5,"sticky":null},"text":["5"],"removed":[""],"origin":"+input"}
2019-3-25 18:57:18.306#change#{"from":{"line":1,"ch":6,"sticky":null},"to":{"line":1,"ch":6,"sticky":null},"text":["0"],"removed":[""],"origin":"+input"}
2019-3-25 18:57:18.074#change#{"from":{"line":1,"ch":5,"sticky":null},"to":{"line":1,"ch":5,"sticky":null},"text":["5"],"removed":[""],"origin":"+input"}
2019-3-25 18:57:18.306#change#{"from":{"line":1,"ch":6,"sticky":null},"to":{"line":1,"ch":6,"sticky":null},"text":["0"],"removed":[""],"origin":"+input"}
2019-3-25 18:57:20.837#blur#
2019-3-25 18:57:22.086#saida_testar#$ python3 main.py
41.67
