2019-4-1 14:01:07.339#viewportChange#0
2019-4-1 14:01:48.528#mousedown#{"isTrusted":true}
2019-4-1 14:01:48.551#focus#
2019-4-1 14:02:00.308#change#{"from":{"line":0,"ch":0,"sticky":"after","xRel":117.08331298828125},"to":{"line":0,"ch":0,"sticky":"after","xRel":117.08331298828125},"text":["i"],"removed":[""],"origin":"+input"}
2019-4-1 14:02:00.404#change#{"from":{"line":0,"ch":1,"sticky":null},"to":{"line":0,"ch":1,"sticky":null},"text":["n"],"removed":[""],"origin":"+input"}
2019-4-1 14:02:00.552#change#{"from":{"line":0,"ch":2,"sticky":null},"to":{"line":0,"ch":2,"sticky":null},"text":["t"],"removed":[""],"origin":"+input"}
2019-4-1 14:02:02.253#change#{"from":{"line":0,"ch":3,"sticky":null},"to":{"line":0,"ch":3,"sticky":null},"text":["="],"removed":[""],"origin":"+input"}
2019-4-1 14:03:16.556#change#{"from":{"line":0,"ch":4,"sticky":"after"},"to":{"line":0,"ch":5,"sticky":null},"text":[""],"removed":["s"],"origin":"+delete"}
2019-4-1 14:03:16.556#keyHandled#"Backspace"
2019-4-1 14:03:22.357#change#{"from":{"line":0,"ch":4,"sticky":null},"to":{"line":0,"ch":4,"sticky":null},"text":["p"],"removed":[""],"origin":"+input"}
2019-4-1 14:03:22.553#change#{"from":{"line":0,"ch":5,"sticky":null},"to":{"line":0,"ch":5,"sticky":null},"text":["r"],"removed":[""],"origin":"+input"}
2019-4-1 14:03:22.689#change#{"from":{"line":0,"ch":6,"sticky":null},"to":{"line":0,"ch":6,"sticky":null},"text":["i"],"removed":[""],"origin":"+input"}
2019-4-1 14:03:22.840#change#{"from":{"line":0,"ch":7,"sticky":null},"to":{"line":0,"ch":7,"sticky":null},"text":["n"],"removed":[""],"origin":"+input"}
2019-4-1 14:03:22.994#change#{"from":{"line":0,"ch":8,"sticky":null},"to":{"line":0,"ch":8,"sticky":null},"text":["t"],"removed":[""],"origin":"+input"}
2019-4-1 14:03:23.998#change#{"from":{"line":0,"ch":9,"sticky":null},"to":{"line":0,"ch":9,"sticky":null},"text":["()"],"removed":[""],"origin":"+input"}
2019-4-1 14:03:23.998#keyHandled#"'('"
2019-4-1 14:03:24.297#change#{"from":{"line":0,"ch":10,"sticky":"after"},"to":{"line":0,"ch":10,"sticky":"after"},"text":["\"\""],"removed":[""],"origin":"+input"}
2019-4-1 14:03:24.297#keyHandled#"'\"'"
2019-4-1 14:03:25.091#change#{"from":{"line":0,"ch":11,"sticky":"after"},"to":{"line":0,"ch":11,"sticky":"after"},"text":["a"],"removed":[""],"origin":"+input"}
2019-4-1 14:03:25.459#change#{"from":{"line":0,"ch":12,"sticky":null},"to":{"line":0,"ch":12,"sticky":null},"text":["b"],"removed":[""],"origin":"+input"}
2019-4-1 14:03:25.597#change#{"from":{"line":0,"ch":13,"sticky":null},"to":{"line":0,"ch":13,"sticky":null},"text":["c"],"removed":[""],"origin":"+input"}
2019-4-1 14:04:33.487#change#{"from":{"line":0,"ch":0,"sticky":null,"hitSide":true},"to":{"line":0,"ch":0,"sticky":null},"text":["X"],"removed":[""],"origin":"+input"}
2019-4-1 14:04:34.627#change#{"from":{"line":0,"ch":1,"sticky":null},"to":{"line":0,"ch":1,"sticky":null},"text":["="],"removed":[""],"origin":"+input"}
2019-4-1 14:04:37.751#change#{"from":{"line":0,"ch":2,"sticky":null},"to":{"line":0,"ch":2,"sticky":null},"text":["u"],"removed":[""],"origin":"+input"}
2019-4-1 14:04:40.353#change#{"from":{"line":0,"ch":2,"sticky":"after"},"to":{"line":0,"ch":3,"sticky":null},"text":[""],"removed":["u"],"origin":"+delete"}
2019-4-1 14:04:40.353#keyHandled#"Backspace"
2019-4-1 14:04:40.645#change#{"from":{"line":0,"ch":2,"sticky":null},"to":{"line":0,"ch":2,"sticky":null},"text":["i"],"removed":[""],"origin":"+input"}
2019-4-1 14:04:40.899#change#{"from":{"line":0,"ch":3,"sticky":null},"to":{"line":0,"ch":3,"sticky":null},"text":["n"],"removed":[""],"origin":"+input"}
2019-4-1 14:04:41.162#change#{"from":{"line":0,"ch":4,"sticky":null},"to":{"line":0,"ch":4,"sticky":null},"text":["p"],"removed":[""],"origin":"+input"}
2019-4-1 14:04:41.333#change#{"from":{"line":0,"ch":5,"sticky":null},"to":{"line":0,"ch":5,"sticky":null},"text":["u"],"removed":[""],"origin":"+input"}
2019-4-1 14:04:41.497#change#{"from":{"line":0,"ch":6,"sticky":null},"to":{"line":0,"ch":6,"sticky":null},"text":["t"],"removed":[""],"origin":"+input"}
2019-4-1 14:04:42.370#change#{"from":{"line":0,"ch":7,"sticky":null},"to":{"line":0,"ch":7,"sticky":null},"text":["()"],"removed":[""],"origin":"+input"}
2019-4-1 14:04:42.370#keyHandled#"'('"
2019-4-1 14:04:43.567#change#{"from":{"line":0,"ch":8,"sticky":"after"},"to":{"line":0,"ch":8,"sticky":"after"},"text":["\"\""],"removed":[""],"origin":"+input"}
2019-4-1 14:04:43.567#keyHandled#"'\"'"
2019-4-1 14:04:44.724#change#{"from":{"line":0,"ch":9,"sticky":"after"},"to":{"line":0,"ch":9,"sticky":"after"},"text":["q"],"removed":[""],"origin":"+input"}
2019-4-1 14:04:44.884#change#{"from":{"line":0,"ch":10,"sticky":null},"to":{"line":0,"ch":10,"sticky":null},"text":["u"],"removed":[""],"origin":"+input"}
2019-4-1 14:04:44.994#change#{"from":{"line":0,"ch":11,"sticky":null},"to":{"line":0,"ch":11,"sticky":null},"text":["a"],"removed":[""],"origin":"+input"}
2019-4-1 14:04:45.101#change#{"from":{"line":0,"ch":12,"sticky":null},"to":{"line":0,"ch":12,"sticky":null},"text":["n"],"removed":[""],"origin":"+input"}
2019-4-1 14:04:45.770#change#{"from":{"line":0,"ch":13,"sticky":null},"to":{"line":0,"ch":13,"sticky":null},"text":["t"],"removed":[""],"origin":"+input"}
2019-4-1 14:04:45.910#change#{"from":{"line":0,"ch":14,"sticky":null},"to":{"line":0,"ch":14,"sticky":null},"text":["o"],"removed":[""],"origin":"+input"}
2019-4-1 14:04:46.419#change#{"from":{"line":0,"ch":15,"sticky":null},"to":{"line":0,"ch":15,"sticky":null},"text":["s"],"removed":[""],"origin":"+input"}
2019-4-1 14:04:50.758#change#{"from":{"line":0,"ch":16,"sticky":null},"to":{"line":0,"ch":16,"sticky":null},"text":[" "],"removed":[""],"origin":"+input"}
2019-4-1 14:04:51.237#change#{"from":{"line":0,"ch":17,"sticky":null},"to":{"line":0,"ch":17,"sticky":null},"text":["e"],"removed":[""],"origin":"+input"}
2019-4-1 14:04:51.477#change#{"from":{"line":0,"ch":18,"sticky":null},"to":{"line":0,"ch":18,"sticky":null},"text":["s"],"removed":[""],"origin":"+input"}
2019-4-1 14:04:51.694#change#{"from":{"line":0,"ch":19,"sticky":null},"to":{"line":0,"ch":19,"sticky":null},"text":["p"],"removed":[""],"origin":"+input"}
2019-4-1 14:04:52.479#change#{"from":{"line":0,"ch":20,"sticky":null},"to":{"line":0,"ch":20,"sticky":null},"text":["e"],"removed":[""],"origin":"+input"}
2019-4-1 14:04:52.872#change#{"from":{"line":0,"ch":21,"sticky":null},"to":{"line":0,"ch":21,"sticky":null},"text":["t"],"removed":[""],"origin":"+input"}
2019-4-1 14:04:53.096#change#{"from":{"line":0,"ch":22,"sticky":null},"to":{"line":0,"ch":22,"sticky":null},"text":["o"],"removed":[""],"origin":"+input"}
2019-4-1 14:04:53.444#change#{"from":{"line":0,"ch":23,"sticky":null},"to":{"line":0,"ch":23,"sticky":null},"text":["s"],"removed":[""],"origin":"+input"}
2019-4-1 14:04:53.991#change#{"from":{"line":0,"ch":24,"sticky":null},"to":{"line":0,"ch":24,"sticky":null},"text":[" "],"removed":[""],"origin":"+input"}
2019-4-1 14:04:55.429#keyHandled#"Left"
2019-4-1 14:04:55.929#keyHandled#"Left"
2019-4-1 14:04:55.960#keyHandled#"Left"
2019-4-1 14:04:55.990#keyHandled#"Left"
2019-4-1 14:04:56.020#keyHandled#"Left"
2019-4-1 14:04:56.051#keyHandled#"Left"
2019-4-1 14:04:56.081#keyHandled#"Left"
2019-4-1 14:04:56.111#keyHandled#"Left"
2019-4-1 14:04:56.141#keyHandled#"Left"
2019-4-1 14:04:56.171#keyHandled#"Left"
2019-4-1 14:04:56.202#keyHandled#"Left"
2019-4-1 14:04:56.232#keyHandled#"Left"
2019-4-1 14:04:56.262#keyHandled#"Left"
2019-4-1 14:04:56.292#keyHandled#"Left"
2019-4-1 14:04:56.323#keyHandled#"Left"
2019-4-1 14:04:57.032#change#{"from":{"line":0,"ch":9,"sticky":"after"},"to":{"line":0,"ch":10,"sticky":"after"},"text":[""],"removed":["q"],"origin":"+delete"}
2019-4-1 14:04:57.032#keyHandled#"Backspace"
2019-4-1 14:04:57.494#change#{"from":{"line":0,"ch":9,"sticky":null},"to":{"line":0,"ch":9,"sticky":null},"text":["Q"],"removed":[""],"origin":"+input"}
2019-4-1 14:04:58.521#keyHandled#"Right"
2019-4-1 14:04:59.021#keyHandled#"Right"
2019-4-1 14:04:59.050#keyHandled#"Right"
2019-4-1 14:04:59.087#keyHandled#"Right"
2019-4-1 14:04:59.111#keyHandled#"Right"
2019-4-1 14:04:59.141#keyHandled#"Right"
2019-4-1 14:04:59.171#keyHandled#"Right"
2019-4-1 14:04:59.201#keyHandled#"Right"
2019-4-1 14:04:59.232#keyHandled#"Right"
2019-4-1 14:04:59.263#keyHandled#"Right"
2019-4-1 14:04:59.293#keyHandled#"Right"
2019-4-1 14:04:59.323#keyHandled#"Right"
2019-4-1 14:04:59.605#keyHandled#"Right"
2019-4-1 14:04:59.763#keyHandled#"Right"
2019-4-1 14:05:00.443#change#{"from":{"line":0,"ch":24,"sticky":"before"},"to":{"line":0,"ch":24,"sticky":"before"},"text":[" "],"removed":[""],"origin":"+input"}
2019-4-1 14:05:00.638#change#{"from":{"line":0,"ch":25,"sticky":null},"to":{"line":0,"ch":25,"sticky":null},"text":["b"],"removed":[""],"origin":"+input"}
2019-4-1 14:05:00.781#change#{"from":{"line":0,"ch":26,"sticky":null},"to":{"line":0,"ch":26,"sticky":null},"text":["o"],"removed":[""],"origin":"+input"}
2019-4-1 14:05:01.308#change#{"from":{"line":0,"ch":27,"sticky":null},"to":{"line":0,"ch":27,"sticky":null},"text":["b"],"removed":[""],"origin":"+input"}
2019-4-1 14:05:01.643#change#{"from":{"line":0,"ch":28,"sticky":null},"to":{"line":0,"ch":28,"sticky":null},"text":[" "],"removed":[""],"origin":"+input"}
2019-4-1 14:05:02.217#change#{"from":{"line":0,"ch":29,"sticky":null},"to":{"line":0,"ch":29,"sticky":null},"text":["v"],"removed":[""],"origin":"+input"}
2019-4-1 14:05:02.519#change#{"from":{"line":0,"ch":30,"sticky":null},"to":{"line":0,"ch":30,"sticky":null},"text":["e"],"removed":[""],"origin":"+input"}
2019-4-1 14:05:02.703#change#{"from":{"line":0,"ch":31,"sticky":null},"to":{"line":0,"ch":31,"sticky":null},"text":["n"],"removed":[""],"origin":"+input"}
2019-4-1 14:05:02.877#change#{"from":{"line":0,"ch":32,"sticky":null},"to":{"line":0,"ch":32,"sticky":null},"text":["d"],"removed":[""],"origin":"+input"}
2019-4-1 14:05:03.015#change#{"from":{"line":0,"ch":33,"sticky":null},"to":{"line":0,"ch":33,"sticky":null},"text":["e"],"removed":[""],"origin":"+input"}
2019-4-1 14:05:03.091#change#{"from":{"line":0,"ch":34,"sticky":null},"to":{"line":0,"ch":34,"sticky":null},"text":["u"],"removed":[""],"origin":"+input"}
2019-4-1 14:05:03.712#change#{"from":{"line":0,"ch":35,"sticky":null},"to":{"line":0,"ch":35,"sticky":null},"text":["²"],"removed":[""],"origin":"+input"}
2019-4-1 14:05:04.727#change#{"from":{"line":0,"ch":35,"sticky":"after"},"to":{"line":0,"ch":36,"sticky":null},"text":[""],"removed":["²"],"origin":"+delete"}
2019-4-1 14:05:04.728#keyHandled#"Backspace"
2019-4-1 14:05:05.290#change#{"from":{"line":0,"ch":35,"sticky":null},"to":{"line":0,"ch":35,"sticky":null},"text":["/"],"removed":[""],"origin":"+input"}
2019-4-1 14:05:06.060#change#{"from":{"line":0,"ch":35,"sticky":"after"},"to":{"line":0,"ch":36,"sticky":null},"text":[""],"removed":["/"],"origin":"+delete"}
2019-4-1 14:05:06.060#keyHandled#"Backspace"
2019-4-1 14:05:06.520#change#{"from":{"line":0,"ch":35,"sticky":null},"to":{"line":0,"ch":35,"sticky":null},"text":["?"],"removed":[""],"origin":"+input"}
2019-4-1 14:05:06.060#change#{"from":{"line":0,"ch":35,"sticky":"after"},"to":{"line":0,"ch":36,"sticky":null},"text":[""],"removed":["/"],"origin":"+delete"}
2019-4-1 14:05:06.060#keyHandled#"Backspace"
2019-4-1 14:05:06.520#change#{"from":{"line":0,"ch":35,"sticky":null},"to":{"line":0,"ch":35,"sticky":null},"text":["?"],"removed":[""],"origin":"+input"}
2019-4-1 14:05:09.206#saida_testar#$ python3 main.py
2019-4-1 14:05:09.848#blur#
2019-4-1 14:05:13.285#mousedown#{"isTrusted":true}
2019-4-1 14:05:13.420#focus#
2019-4-1 14:05:14.653#change#{"from":{"line":0,"ch":39,"sticky":null,"xRel":1,"outside":true},"to":{"line":0,"ch":39,"sticky":null,"xRel":1,"outside":true},"text":["",""],"removed":[""],"origin":"+input"}
2019-4-1 14:05:14.653#keyHandled#"Enter"
2019-4-1 14:05:14.667#viewportChange#0
2019-4-1 14:05:15.252#mousedown#{"isTrusted":true}
2019-4-1 14:05:15.257#contextmenu#{"isTrusted":true}
2019-4-1 14:05:29.745#change#{"from":{"line":1,"ch":0,"sticky":null},"to":{"line":1,"ch":0,"sticky":null},"text":["l"],"removed":[""],"origin":"+input"}
2019-4-1 14:05:29.995#change#{"from":{"line":1,"ch":1,"sticky":null},"to":{"line":1,"ch":1,"sticky":null},"text":["u"],"removed":[""],"origin":"+input"}
2019-4-1 14:05:30.380#change#{"from":{"line":1,"ch":2,"sticky":null},"to":{"line":1,"ch":2,"sticky":null},"text":["c"],"removed":[""],"origin":"+input"}
2019-4-1 14:05:30.713#change#{"from":{"line":1,"ch":3,"sticky":null},"to":{"line":1,"ch":3,"sticky":null},"text":["r"],"removed":[""],"origin":"+input"}
2019-4-1 14:05:30.845#change#{"from":{"line":1,"ch":4,"sticky":null},"to":{"line":1,"ch":4,"sticky":null},"text":["o"],"removed":[""],"origin":"+input"}
2019-4-1 14:05:31.694#change#{"from":{"line":1,"ch":5,"sticky":null},"to":{"line":1,"ch":5,"sticky":null},"text":["="],"removed":[""],"origin":"+input"}
2019-4-1 14:05:33.124#change#{"from":{"line":1,"ch":6,"sticky":null},"to":{"line":1,"ch":6,"sticky":null},"text":["0"],"removed":[""],"origin":"+input"}
2019-4-1 14:05:33.391#change#{"from":{"line":1,"ch":7,"sticky":null},"to":{"line":1,"ch":7,"sticky":null},"text":["."],"removed":[""],"origin":"+input"}
2019-4-1 14:05:34.687#change#{"from":{"line":1,"ch":8,"sticky":null},"to":{"line":1,"ch":8,"sticky":null},"text":["8"],"removed":[""],"origin":"+input"}
2019-4-1 14:05:35.454#change#{"from":{"line":1,"ch":9,"sticky":null},"to":{"line":1,"ch":9,"sticky":null},"text":["3"],"removed":[""],"origin":"+input"}
2019-4-1 14:05:36.065#change#{"from":{"line":1,"ch":10,"sticky":null},"to":{"line":1,"ch":10,"sticky":null},"text":["",""],"removed":[""],"origin":"+input"}
2019-4-1 14:05:36.065#keyHandled#"Enter"
2019-4-1 14:05:36.080#viewportChange#0
2019-4-1 14:05:43.430#change#{"from":{"line":2,"ch":0,"sticky":null},"to":{"line":2,"ch":0,"sticky":null},"text":["W"],"removed":[""],"origin":"+input"}
2019-4-1 14:05:44.199#change#{"from":{"line":2,"ch":0,"sticky":"after"},"to":{"line":2,"ch":1,"sticky":null},"text":[""],"removed":["W"],"origin":"+delete"}
2019-4-1 14:05:44.199#keyHandled#"Backspace"
2019-4-1 14:05:44.571#change#{"from":{"line":2,"ch":0,"sticky":null},"to":{"line":2,"ch":0,"sticky":null},"text":["e"],"removed":[""],"origin":"+input"}
2019-4-1 14:05:45.388#change#{"from":{"line":2,"ch":1,"sticky":null},"to":{"line":2,"ch":1,"sticky":null},"text":["s"],"removed":[""],"origin":"+input"}
2019-4-1 14:05:46.053#change#{"from":{"line":2,"ch":2,"sticky":null},"to":{"line":2,"ch":2,"sticky":null},"text":["p"],"removed":[""],"origin":"+input"}
2019-4-1 14:05:46.246#change#{"from":{"line":2,"ch":3,"sticky":null},"to":{"line":2,"ch":3,"sticky":null},"text":["e"],"removed":[""],"origin":"+input"}
2019-4-1 14:05:46.479#change#{"from":{"line":2,"ch":4,"sticky":null},"to":{"line":2,"ch":4,"sticky":null},"text":["t"],"removed":[""],"origin":"+input"}
2019-4-1 14:05:46.663#change#{"from":{"line":2,"ch":5,"sticky":null},"to":{"line":2,"ch":5,"sticky":null},"text":["i"],"removed":[""],"origin":"+input"}
2019-4-1 14:05:46.866#change#{"from":{"line":2,"ch":6,"sticky":null},"to":{"line":2,"ch":6,"sticky":null},"text":["n"],"removed":[""],"origin":"+input"}
2019-4-1 14:05:47.052#change#{"from":{"line":2,"ch":7,"sticky":null},"to":{"line":2,"ch":7,"sticky":null},"text":["h"],"removed":[""],"origin":"+input"}
2019-4-1 14:05:47.251#change#{"from":{"line":2,"ch":8,"sticky":null},"to":{"line":2,"ch":8,"sticky":null},"text":["o"],"removed":[""],"origin":"+input"}
2019-4-1 14:05:48.752#change#{"from":{"line":2,"ch":9,"sticky":null},"to":{"line":2,"ch":9,"sticky":null},"text":["="],"removed":[""],"origin":"+input"}
2019-4-1 14:05:51.965#change#{"from":{"line":2,"ch":10,"sticky":null},"to":{"line":2,"ch":10,"sticky":null},"text":["1"],"removed":[""],"origin":"+input"}
2019-4-1 14:05:52.103#change#{"from":{"line":2,"ch":11,"sticky":null},"to":{"line":2,"ch":11,"sticky":null},"text":["2"],"removed":[""],"origin":"+input"}
2019-4-1 14:06:12.306#change#{"from":{"line":2,"ch":12,"sticky":null},"to":{"line":2,"ch":12,"sticky":null},"text":["",""],"removed":[""],"origin":"+input"}
2019-4-1 14:06:12.306#keyHandled#"Enter"
2019-4-1 14:06:12.318#viewportChange#0
2019-4-1 14:06:45.313#change#{"from":{"line":3,"ch":0,"sticky":null},"to":{"line":3,"ch":0,"sticky":null},"text":["e"],"removed":[""],"origin":"+input"}
2019-4-1 14:06:45.470#change#{"from":{"line":3,"ch":1,"sticky":null},"to":{"line":3,"ch":1,"sticky":null},"text":["m"],"removed":[""],"origin":"+input"}
2019-4-1 14:06:45.653#change#{"from":{"line":3,"ch":2,"sticky":null},"to":{"line":3,"ch":2,"sticky":null},"text":["p"],"removed":[""],"origin":"+input"}
2019-4-1 14:06:45.861#change#{"from":{"line":3,"ch":3,"sticky":null},"to":{"line":3,"ch":3,"sticky":null},"text":["r"],"removed":[""],"origin":"+input"}
2019-4-1 14:06:45.963#change#{"from":{"line":3,"ch":4,"sticky":null},"to":{"line":3,"ch":4,"sticky":null},"text":["e"],"removed":[""],"origin":"+input"}
2019-4-1 14:06:46.136#change#{"from":{"line":3,"ch":5,"sticky":null},"to":{"line":3,"ch":5,"sticky":null},"text":["g"],"removed":[""],"origin":"+input"}
2019-4-1 14:06:46.282#change#{"from":{"line":3,"ch":6,"sticky":null},"to":{"line":3,"ch":6,"sticky":null},"text":["a"],"removed":[""],"origin":"+input"}
2019-4-1 14:06:46.452#change#{"from":{"line":3,"ch":7,"sticky":null},"to":{"line":3,"ch":7,"sticky":null},"text":["d"],"removed":[""],"origin":"+input"}
2019-4-1 14:06:46.655#change#{"from":{"line":3,"ch":8,"sticky":null},"to":{"line":3,"ch":8,"sticky":null},"text":["o"],"removed":[""],"origin":"+input"}
2019-4-1 14:06:47.061#change#{"from":{"line":3,"ch":9,"sticky":null},"to":{"line":3,"ch":9,"sticky":null},"text":["="],"removed":[""],"origin":"+input"}
2019-4-1 14:06:49.296#change#{"from":{"line":3,"ch":10,"sticky":null},"to":{"line":3,"ch":10,"sticky":null},"text":["1"],"removed":[""],"origin":"+input"}
2019-4-1 14:06:49.547#change#{"from":{"line":3,"ch":11,"sticky":null},"to":{"line":3,"ch":11,"sticky":null},"text":["0"],"removed":[""],"origin":"+input"}
2019-4-1 14:06:49.716#change#{"from":{"line":3,"ch":12,"sticky":null},"to":{"line":3,"ch":12,"sticky":null},"text":["0"],"removed":[""],"origin":"+input"}
2019-4-1 14:06:49.840#change#{"from":{"line":3,"ch":13,"sticky":null},"to":{"line":3,"ch":13,"sticky":null},"text":["0"],"removed":[""],"origin":"+input"}
2019-4-1 14:06:50.963#change#{"from":{"line":3,"ch":13,"sticky":"after"},"to":{"line":3,"ch":14,"sticky":null},"text":[""],"removed":["0"],"origin":"+delete"}
2019-4-1 14:06:50.963#keyHandled#"Backspace"
2019-4-1 14:06:51.348#change#{"from":{"line":3,"ch":13,"sticky":null},"to":{"line":3,"ch":13,"sticky":null},"text":["+"],"removed":[""],"origin":"+input"}
2019-4-1 14:06:55.581#change#{"from":{"line":3,"ch":14,"sticky":null},"to":{"line":3,"ch":14,"sticky":null},"text":["()"],"removed":[""],"origin":"+input"}
2019-4-1 14:06:55.581#keyHandled#"'('"
2019-4-1 14:06:57.348#change#{"from":{"line":3,"ch":15,"sticky":"after"},"to":{"line":3,"ch":15,"sticky":"after"},"text":["0"],"removed":[""],"origin":"+input"}
2019-4-1 14:06:58.090#change#{"from":{"line":3,"ch":16,"sticky":null},"to":{"line":3,"ch":16,"sticky":null},"text":["."],"removed":[""],"origin":"+input"}
2019-4-1 14:06:58.481#change#{"from":{"line":3,"ch":17,"sticky":null},"to":{"line":3,"ch":17,"sticky":null},"text":["2"],"removed":[""],"origin":"+input"}
2019-4-1 14:07:00.151#change#{"from":{"line":3,"ch":18,"sticky":null},"to":{"line":3,"ch":18,"sticky":null},"text":["*"],"removed":[""],"origin":"+input"}
2019-4-1 14:07:00.587#change#{"from":{"line":3,"ch":19,"sticky":null},"to":{"line":3,"ch":19,"sticky":null},"text":["l"],"removed":[""],"origin":"+input"}
2019-4-1 14:07:00.830#change#{"from":{"line":3,"ch":20,"sticky":null},"to":{"line":3,"ch":20,"sticky":null},"text":["u"],"removed":[""],"origin":"+input"}
2019-4-1 14:07:01.072#change#{"from":{"line":3,"ch":21,"sticky":null},"to":{"line":3,"ch":21,"sticky":null},"text":["c"],"removed":[""],"origin":"+input"}
2019-4-1 14:07:01.304#change#{"from":{"line":3,"ch":22,"sticky":null},"to":{"line":3,"ch":22,"sticky":null},"text":["r"],"removed":[""],"origin":"+input"}
2019-4-1 14:07:01.459#change#{"from":{"line":3,"ch":23,"sticky":null},"to":{"line":3,"ch":23,"sticky":null},"text":["o"],"removed":[""],"origin":"+input"}
2019-4-1 14:07:17.436#mousedown#{"isTrusted":true}
2019-4-1 14:07:18.757#change#{"from":{"line":3,"ch":25,"sticky":null,"xRel":1,"outside":true},"to":{"line":3,"ch":25,"sticky":null,"xRel":1,"outside":true},"text":["",""],"removed":[""],"origin":"+input"}
2019-4-1 14:07:18.758#keyHandled#"Enter"
2019-4-1 14:07:18.765#viewportChange#0
2019-4-1 14:07:20.767#change#{"from":{"line":4,"ch":0,"sticky":null},"to":{"line":4,"ch":0,"sticky":null},"text":["L"],"removed":[""],"origin":"+input"}
2019-4-1 14:07:21.434#change#{"from":{"line":4,"ch":1,"sticky":null},"to":{"line":4,"ch":1,"sticky":null},"text":["L"],"removed":[""],"origin":"+input"}
2019-4-1 14:07:22.334#change#{"from":{"line":4,"ch":1,"sticky":"after"},"to":{"line":4,"ch":2,"sticky":null},"text":[""],"removed":["L"],"origin":"+delete"}
2019-4-1 14:07:22.334#keyHandled#"Backspace"
2019-4-1 14:07:22.485#change#{"from":{"line":4,"ch":0,"sticky":"after"},"to":{"line":4,"ch":1,"sticky":null},"text":[""],"removed":["L"],"origin":"+delete"}
2019-4-1 14:07:22.485#keyHandled#"Backspace"
2019-4-1 14:07:23.295#change#{"from":{"line":4,"ch":0,"sticky":null},"to":{"line":4,"ch":0,"sticky":null},"text":["l"],"removed":[""],"origin":"+input"}
2019-4-1 14:07:23.409#change#{"from":{"line":4,"ch":1,"sticky":null},"to":{"line":4,"ch":1,"sticky":null},"text":["l"],"removed":[""],"origin":"+input"}
2019-4-1 14:07:24.421#change#{"from":{"line":4,"ch":2,"sticky":null},"to":{"line":4,"ch":2,"sticky":null},"text":["="],"removed":[""],"origin":"+input"}
2019-4-1 14:07:57.531#change#{"from":{"line":4,"ch":3,"sticky":null},"to":{"line":4,"ch":3,"sticky":null},"text":["e"],"removed":[""],"origin":"+input"}
2019-4-1 14:07:57.745#change#{"from":{"line":4,"ch":4,"sticky":null},"to":{"line":4,"ch":4,"sticky":null},"text":["s"],"removed":[""],"origin":"+input"}
2019-4-1 14:07:58.018#change#{"from":{"line":4,"ch":5,"sticky":null},"to":{"line":4,"ch":5,"sticky":null},"text":["p"],"removed":[""],"origin":"+input"}
2019-4-1 14:07:58.140#change#{"from":{"line":4,"ch":6,"sticky":null},"to":{"line":4,"ch":6,"sticky":null},"text":["e"],"removed":[""],"origin":"+input"}
2019-4-1 14:07:58.344#change#{"from":{"line":4,"ch":7,"sticky":null},"to":{"line":4,"ch":7,"sticky":null},"text":["t"],"removed":[""],"origin":"+input"}
2019-4-1 14:07:58.925#change#{"from":{"line":4,"ch":9,"sticky":null},"to":{"line":4,"ch":9,"sticky":null},"text":["h"],"removed":[""],"origin":"+input"}
2019-4-1 14:07:59.684#change#{"from":{"line":4,"ch":9,"sticky":"after"},"to":{"line":4,"ch":10,"sticky":null},"text":[""],"removed":["h"],"origin":"+delete"}
2019-4-1 14:07:59.684#keyHandled#"Backspace"
2019-4-1 14:08:00.417#change#{"from":{"line":4,"ch":9,"sticky":null},"to":{"line":4,"ch":9,"sticky":null},"text":["n"],"removed":[""],"origin":"+input"}
2019-4-1 14:08:00.614#change#{"from":{"line":4,"ch":10,"sticky":null},"to":{"line":4,"ch":10,"sticky":null},"text":["h"],"removed":[""],"origin":"+input"}
2019-4-1 14:08:00.818#change#{"from":{"line":4,"ch":11,"sticky":null},"to":{"line":4,"ch":11,"sticky":null},"text":["o"],"removed":[""],"origin":"+input"}
2019-4-1 14:08:01.352#change#{"from":{"line":4,"ch":12,"sticky":null},"to":{"line":4,"ch":12,"sticky":null},"text":["+"],"removed":[""],"origin":"+input"}
2019-4-1 14:08:01.649#change#{"from":{"line":4,"ch":13,"sticky":null},"to":{"line":4,"ch":13,"sticky":null},"text":["l"],"removed":[""],"origin":"+input"}
2019-4-1 14:08:03.219#change#{"from":{"line":4,"ch":14,"sticky":null},"to":{"line":4,"ch":14,"sticky":null},"text":["u"],"removed":[""],"origin":"+input"}
2019-4-1 14:08:03.400#change#{"from":{"line":4,"ch":15,"sticky":null},"to":{"line":4,"ch":15,"sticky":null},"text":["c"],"removed":[""],"origin":"+input"}
2019-4-1 14:08:03.796#change#{"from":{"line":4,"ch":16,"sticky":null},"to":{"line":4,"ch":16,"sticky":null},"text":["r"],"removed":[""],"origin":"+input"}
2019-4-1 14:08:04.027#change#{"from":{"line":4,"ch":17,"sticky":null},"to":{"line":4,"ch":17,"sticky":null},"text":["o"],"removed":[""],"origin":"+input"}
2019-4-1 14:08:06.892#mousedown#{"isTrusted":true}
2019-4-1 14:08:09.644#keyHandled#"Right"
2019-4-1 14:08:10.144#keyHandled#"Right"
2019-4-1 14:08:10.175#keyHandled#"Right"
2019-4-1 14:08:10.205#keyHandled#"Right"
2019-4-1 14:08:10.235#keyHandled#"Right"
2019-4-1 14:08:10.265#keyHandled#"Right"
2019-4-1 14:08:10.296#keyHandled#"Right"
2019-4-1 14:08:10.325#keyHandled#"Right"
2019-4-1 14:08:10.355#keyHandled#"Right"
2019-4-1 14:08:10.385#keyHandled#"Right"
2019-4-1 14:08:10.415#keyHandled#"Right"
2019-4-1 14:08:10.446#keyHandled#"Right"
2019-4-1 14:08:10.476#keyHandled#"Right"
2019-4-1 14:08:10.507#keyHandled#"Right"
2019-4-1 14:08:10.538#keyHandled#"Right"
2019-4-1 14:08:10.568#keyHandled#"Right"
2019-4-1 14:08:11.414#change#{"from":{"line":4,"ch":19,"sticky":"before","hitSide":true},"to":{"line":4,"ch":19,"sticky":"before","hitSide":true},"text":[")"],"removed":[""],"origin":"+input"}
2019-4-1 14:08:12.176#change#{"from":{"line":4,"ch":20,"sticky":null},"to":{"line":4,"ch":20,"sticky":null},"text":["-"],"removed":[""],"origin":"+input"}
2019-4-1 14:08:12.950#change#{"from":{"line":4,"ch":21,"sticky":null},"to":{"line":4,"ch":21,"sticky":null},"text":["e"],"removed":[""],"origin":"+input"}
2019-4-1 14:08:13.098#change#{"from":{"line":4,"ch":22,"sticky":null},"to":{"line":4,"ch":22,"sticky":null},"text":["m"],"removed":[""],"origin":"+input"}
2019-4-1 14:08:13.287#change#{"from":{"line":4,"ch":23,"sticky":null},"to":{"line":4,"ch":23,"sticky":null},"text":["p"],"removed":[""],"origin":"+input"}
2019-4-1 14:08:13.472#change#{"from":{"line":4,"ch":24,"sticky":null},"to":{"line":4,"ch":24,"sticky":null},"text":["r"],"removed":[""],"origin":"+input"}
2019-4-1 14:08:13.566#change#{"from":{"line":4,"ch":25,"sticky":null},"to":{"line":4,"ch":25,"sticky":null},"text":["e"],"removed":[""],"origin":"+input"}
2019-4-1 14:08:13.760#change#{"from":{"line":4,"ch":26,"sticky":null},"to":{"line":4,"ch":26,"sticky":null},"text":["g"],"removed":[""],"origin":"+input"}
2019-4-1 14:08:13.894#change#{"from":{"line":4,"ch":27,"sticky":null},"to":{"line":4,"ch":27,"sticky":null},"text":["a"],"removed":[""],"origin":"+input"}
2019-4-1 14:08:14.075#change#{"from":{"line":4,"ch":28,"sticky":null},"to":{"line":4,"ch":28,"sticky":null},"text":["d"],"removed":[""],"origin":"+input"}
2019-4-1 14:08:14.501#change#{"from":{"line":4,"ch":29,"sticky":null},"to":{"line":4,"ch":29,"sticky":null},"text":["o"],"removed":[""],"origin":"+input"}
2019-4-1 14:08:16.255#change#{"from":{"line":4,"ch":30,"sticky":null},"to":{"line":4,"ch":30,"sticky":null},"text":["",""],"removed":[""],"origin":"+input"}
2019-4-1 14:08:16.255#keyHandled#"Enter"
2019-4-1 14:08:16.269#viewportChange#0
2019-4-1 14:08:17.230#change#{"from":{"line":5,"ch":0,"sticky":null},"to":{"line":5,"ch":0,"sticky":null},"text":["p"],"removed":[""],"origin":"+input"}
2019-4-1 14:08:17.770#change#{"from":{"line":5,"ch":1,"sticky":null},"to":{"line":5,"ch":1,"sticky":null},"text":["r"],"removed":[""],"origin":"+input"}
2019-4-1 14:08:17.878#change#{"from":{"line":5,"ch":2,"sticky":null},"to":{"line":5,"ch":2,"sticky":null},"text":["i"],"removed":[""],"origin":"+input"}
2019-4-1 14:08:17.988#change#{"from":{"line":5,"ch":3,"sticky":null},"to":{"line":5,"ch":3,"sticky":null},"text":["n"],"removed":[""],"origin":"+input"}
2019-4-1 14:08:18.078#change#{"from":{"line":5,"ch":4,"sticky":null},"to":{"line":5,"ch":4,"sticky":null},"text":["t"],"removed":[""],"origin":"+input"}
2019-4-1 14:08:21.283#change#{"from":{"line":5,"ch":5,"sticky":null},"to":{"line":5,"ch":5,"sticky":null},"text":["()"],"removed":[""],"origin":"+input"}
2019-4-1 14:08:21.283#keyHandled#"'('"
2019-4-1 14:08:21.821#change#{"from":{"line":5,"ch":6,"sticky":"after"},"to":{"line":5,"ch":6,"sticky":"after"},"text":["r"],"removed":[""],"origin":"+input"}
2019-4-1 14:08:22.004#change#{"from":{"line":5,"ch":7,"sticky":null},"to":{"line":5,"ch":7,"sticky":null},"text":["o"],"removed":[""],"origin":"+input"}
2019-4-1 14:08:22.188#change#{"from":{"line":5,"ch":8,"sticky":null},"to":{"line":5,"ch":8,"sticky":null},"text":["u"],"removed":[""],"origin":"+input"}
2019-4-1 14:08:22.416#change#{"from":{"line":5,"ch":9,"sticky":null},"to":{"line":5,"ch":9,"sticky":null},"text":["n"],"removed":[""],"origin":"+input"}
2019-4-1 14:08:22.988#change#{"from":{"line":5,"ch":10,"sticky":null},"to":{"line":5,"ch":10,"sticky":null},"text":["d"],"removed":[""],"origin":"+input"}
2019-4-1 14:08:23.495#change#{"from":{"line":5,"ch":11,"sticky":null},"to":{"line":5,"ch":11,"sticky":null},"text":[","],"removed":[""],"origin":"+input"}
2019-4-1 14:08:23.924#change#{"from":{"line":5,"ch":12,"sticky":null},"to":{"line":5,"ch":12,"sticky":null},"text":["2"],"removed":[""],"origin":"+input"}
2019-4-1 14:08:25.933#change#{"from":{"line":5,"ch":12,"sticky":"after"},"to":{"line":5,"ch":13,"sticky":null},"text":[""],"removed":["2"],"origin":"+delete"}
2019-4-1 14:08:25.933#keyHandled#"Backspace"
2019-4-1 14:08:26.059#keyHandled#"Left"
2019-4-1 14:08:26.424#change#{"from":{"line":5,"ch":10,"sticky":"after"},"to":{"line":5,"ch":11,"sticky":"after"},"text":[""],"removed":["d"],"origin":"+delete"}
2019-4-1 14:08:26.424#keyHandled#"Backspace"
2019-4-1 14:08:26.815#change#{"from":{"line":5,"ch":9,"sticky":"after"},"to":{"line":5,"ch":10,"sticky":null},"text":[""],"removed":["n"],"origin":"+delete"}
2019-4-1 14:08:26.815#keyHandled#"Backspace"
2019-4-1 14:08:27.061#change#{"from":{"line":5,"ch":8,"sticky":"after"},"to":{"line":5,"ch":9,"sticky":null},"text":[""],"removed":["u"],"origin":"+delete"}
2019-4-1 14:08:27.061#keyHandled#"Backspace"
2019-4-1 14:08:27.256#change#{"from":{"line":5,"ch":7,"sticky":"after"},"to":{"line":5,"ch":8,"sticky":null},"text":[""],"removed":["o"],"origin":"+delete"}
2019-4-1 14:08:27.256#keyHandled#"Backspace"
2019-4-1 14:08:28.042#change#{"from":{"line":5,"ch":6,"sticky":"after"},"to":{"line":5,"ch":7,"sticky":null},"text":[""],"removed":["r"],"origin":"+delete"}
2019-4-1 14:08:28.042#keyHandled#"Backspace"
2019-4-1 14:08:28.404#change#{"from":{"line":5,"ch":6,"sticky":null},"to":{"line":5,"ch":6,"sticky":null},"text":["2"],"removed":[""],"origin":"+input"}
2019-4-1 14:08:29.666#change#{"from":{"line":5,"ch":8,"sticky":"before"},"to":{"line":5,"ch":8,"sticky":"before"},"text":["r"],"removed":[""],"origin":"+input"}
2019-4-1 14:08:29.803#change#{"from":{"line":5,"ch":9,"sticky":null},"to":{"line":5,"ch":9,"sticky":null},"text":["o"],"removed":[""],"origin":"+input"}
2019-4-1 14:08:30.062#change#{"from":{"line":5,"ch":10,"sticky":null},"to":{"line":5,"ch":10,"sticky":null},"text":["u"],"removed":[""],"origin":"+input"}
2019-4-1 14:08:30.267#change#{"from":{"line":5,"ch":11,"sticky":null},"to":{"line":5,"ch":11,"sticky":null},"text":["n"],"removed":[""],"origin":"+input"}
2019-4-1 14:08:30.551#change#{"from":{"line":5,"ch":12,"sticky":null},"to":{"line":5,"ch":12,"sticky":null},"text":["d"],"removed":[""],"origin":"+input"}
2019-4-1 14:08:30.062#change#{"from":{"line":5,"ch":10,"sticky":null},"to":{"line":5,"ch":10,"sticky":null},"text":["u"],"removed":[""],"origin":"+input"}
2019-4-1 14:08:30.267#change#{"from":{"line":5,"ch":11,"sticky":null},"to":{"line":5,"ch":11,"sticky":null},"text":["n"],"removed":[""],"origin":"+input"}
2019-4-1 14:08:30.551#change#{"from":{"line":5,"ch":12,"sticky":null},"to":{"line":5,"ch":12,"sticky":null},"text":["d"],"removed":[""],"origin":"+input"}
2019-4-1 14:08:33.070#saida_testar#$ python3 main.py
2019-4-1 14:08:33.752#blur#
2019-4-1 14:09:05.701#mousedown#{"isTrusted":true}
2019-4-1 14:09:05.718#focus#
2019-4-1 14:09:08.683#keyHandled#"Right"
2019-4-1 14:09:08.879#keyHandled#"Right"
2019-4-1 14:09:09.078#keyHandled#"Right"
2019-4-1 14:09:09.233#keyHandled#"Right"
2019-4-1 14:09:09.338#keyHandled#"Right"
2019-4-1 14:09:09.826#change#{"from":{"line":5,"ch":12,"sticky":"after"},"to":{"line":5,"ch":13,"sticky":"before"},"text":[""],"removed":["d"],"origin":"+delete"}
2019-4-1 14:09:09.826#keyHandled#"Backspace"
2019-4-1 14:09:10.025#keyHandled#"Right"
2019-4-1 14:09:10.549#keyHandled#"Left"
2019-4-1 14:09:11.475#change#{"from":{"line":5,"ch":12,"sticky":"after"},"to":{"line":5,"ch":12,"sticky":"after"},"text":["d"],"removed":[""],"origin":"+input"}
2019-4-1 14:09:11.633#keyHandled#"Left"
2019-4-1 14:09:11.785#keyHandled#"Left"
2019-4-1 14:09:12.079#keyHandled#"Left"
2019-4-1 14:09:12.234#keyHandled#"Left"
2019-4-1 14:09:12.378#keyHandled#"Left"
2019-4-1 14:09:13.412#change#{"from":{"line":5,"ch":7,"sticky":"after"},"to":{"line":5,"ch":8,"sticky":"after"},"text":[""],"removed":[","],"origin":"+delete"}
2019-4-1 14:09:13.412#keyHandled#"Backspace"
2019-4-1 14:09:13.850#change#{"from":{"line":5,"ch":6,"sticky":"after"},"to":{"line":5,"ch":7,"sticky":null},"text":[""],"removed":["2"],"origin":"+delete"}
2019-4-1 14:09:13.850#keyHandled#"Backspace"
2019-4-1 14:09:14.087#keyHandled#"Right"
2019-4-1 14:09:14.270#keyHandled#"Right"
2019-4-1 14:09:14.413#keyHandled#"Right"
2019-4-1 14:09:14.572#keyHandled#"Right"
2019-4-1 14:09:14.891#keyHandled#"Right"
2019-4-1 14:09:16.211#change#{"from":{"line":5,"ch":11,"sticky":"before"},"to":{"line":5,"ch":11,"sticky":"before"},"text":["()"],"removed":[""],"origin":"+input"}
2019-4-1 14:09:16.211#keyHandled#"'('"
2019-4-1 14:09:17.799#change#{"from":{"line":5,"ch":12,"sticky":"after"},"to":{"line":5,"ch":12,"sticky":"after"},"text":["l"],"removed":[""],"origin":"+input"}
2019-4-1 14:09:17.944#change#{"from":{"line":5,"ch":13,"sticky":null},"to":{"line":5,"ch":13,"sticky":null},"text":["l"],"removed":[""],"origin":"+input"}
2019-4-1 14:09:19.615#change#{"from":{"line":5,"ch":13,"sticky":"after"},"to":{"line":5,"ch":14,"sticky":null},"text":[""],"removed":["l"],"origin":"+delete"}
2019-4-1 14:09:19.615#keyHandled#"Backspace"
2019-4-1 14:09:19.772#change#{"from":{"line":5,"ch":12,"sticky":"after"},"to":{"line":5,"ch":13,"sticky":null},"text":[""],"removed":["l"],"origin":"+delete"}
2019-4-1 14:09:19.772#keyHandled#"Backspace"
2019-4-1 14:09:20.317#change#{"from":{"line":5,"ch":12,"sticky":null},"to":{"line":5,"ch":12,"sticky":null},"text":["2"],"removed":[""],"origin":"+input"}
2019-4-1 14:09:20.943#change#{"from":{"line":5,"ch":13,"sticky":null},"to":{"line":5,"ch":13,"sticky":null},"text":[","],"removed":[""],"origin":"+input"}
2019-4-1 14:09:21.626#change#{"from":{"line":5,"ch":14,"sticky":null},"to":{"line":5,"ch":14,"sticky":null},"text":["l"],"removed":[""],"origin":"+input"}
2019-4-1 14:09:21.789#change#{"from":{"line":5,"ch":15,"sticky":null},"to":{"line":5,"ch":15,"sticky":null},"text":["l"],"removed":[""],"origin":"+input"}
2019-4-1 14:09:21.626#change#{"from":{"line":5,"ch":14,"sticky":null},"to":{"line":5,"ch":14,"sticky":null},"text":["l"],"removed":[""],"origin":"+input"}
2019-4-1 14:09:21.789#change#{"from":{"line":5,"ch":15,"sticky":null},"to":{"line":5,"ch":15,"sticky":null},"text":["l"],"removed":[""],"origin":"+input"}
2019-4-1 14:09:24.852#change#{"from":{"line":5,"ch":16,"sticky":null},"to":{"line":5,"ch":16,"sticky":null},"text":["4"],"removed":[""],"origin":"+input"}
2019-4-1 14:09:25.024#saida_testar#$ python3 main.py
2019-4-1 14:09:25.072#change#{"from":{"line":5,"ch":17,"sticky":null},"to":{"line":5,"ch":17,"sticky":null},"text":["0"],"removed":[""],"origin":"+input"}
2019-4-1 14:09:26.130#change#{"from":{"line":5,"ch":17,"sticky":"after"},"to":{"line":5,"ch":18,"sticky":null},"text":[""],"removed":["0"],"origin":"+delete"}
2019-4-1 14:09:26.130#keyHandled#"Backspace"
2019-4-1 14:09:26.262#change#{"from":{"line":5,"ch":16,"sticky":"after"},"to":{"line":5,"ch":17,"sticky":null},"text":[""],"removed":["4"],"origin":"+delete"}
2019-4-1 14:09:26.263#keyHandled#"Backspace"
2019-4-1 14:09:27.231#blur#
2019-4-1 14:09:54.965#mousedown#{"isTrusted":true}
2019-4-1 14:09:55.121#focus#
2019-4-1 14:09:56.171#change#{"from":{"line":5,"ch":16,"sticky":"after","xRel":2.08331298828125},"to":{"line":5,"ch":18,"sticky":null,"xRel":1,"outside":true},"text":[""],"removed":["))"],"origin":"+delete"}
2019-4-1 14:09:56.171#keyHandled#"Backspace"
2019-4-1 14:09:56.341#change#{"from":{"line":5,"ch":15,"sticky":"after"},"to":{"line":5,"ch":16,"sticky":null},"text":[""],"removed":["l"],"origin":"+delete"}
2019-4-1 14:09:56.342#keyHandled#"Backspace"
2019-4-1 14:09:56.459#change#{"from":{"line":5,"ch":14,"sticky":"after"},"to":{"line":5,"ch":15,"sticky":null},"text":[""],"removed":["l"],"origin":"+delete"}
2019-4-1 14:09:56.459#keyHandled#"Backspace"
2019-4-1 14:09:56.714#change#{"from":{"line":5,"ch":13,"sticky":"after"},"to":{"line":5,"ch":14,"sticky":null},"text":[""],"removed":[","],"origin":"+delete"}
2019-4-1 14:09:56.714#keyHandled#"Backspace"
2019-4-1 14:09:56.912#change#{"from":{"line":5,"ch":12,"sticky":"after"},"to":{"line":5,"ch":13,"sticky":null},"text":[""],"removed":["2"],"origin":"+delete"}
2019-4-1 14:09:56.912#keyHandled#"Backspace"
2019-4-1 14:09:57.090#change#{"from":{"line":5,"ch":11,"sticky":"after"},"to":{"line":5,"ch":12,"sticky":null},"text":[""],"removed":["("],"origin":"+delete"}
2019-4-1 14:09:57.090#keyHandled#"Backspace"
2019-4-1 14:09:57.255#change#{"from":{"line":5,"ch":10,"sticky":"after"},"to":{"line":5,"ch":11,"sticky":null},"text":[""],"removed":["d"],"origin":"+delete"}
2019-4-1 14:09:57.255#keyHandled#"Backspace"
2019-4-1 14:09:57.429#change#{"from":{"line":5,"ch":9,"sticky":"after"},"to":{"line":5,"ch":10,"sticky":null},"text":[""],"removed":["n"],"origin":"+delete"}
2019-4-1 14:09:57.429#keyHandled#"Backspace"
2019-4-1 14:09:57.520#change#{"from":{"line":5,"ch":8,"sticky":"after"},"to":{"line":5,"ch":9,"sticky":null},"text":[""],"removed":["u"],"origin":"+delete"}
2019-4-1 14:09:57.520#keyHandled#"Backspace"
2019-4-1 14:09:57.707#change#{"from":{"line":5,"ch":7,"sticky":"after"},"to":{"line":5,"ch":8,"sticky":null},"text":[""],"removed":["o"],"origin":"+delete"}
2019-4-1 14:09:57.707#keyHandled#"Backspace"
2019-4-1 14:09:57.914#change#{"from":{"line":5,"ch":6,"sticky":"after"},"to":{"line":5,"ch":7,"sticky":null},"text":[""],"removed":["r"],"origin":"+delete"}
2019-4-1 14:09:57.914#keyHandled#"Backspace"
2019-4-1 14:09:58.941#change#{"from":{"line":5,"ch":6,"sticky":null},"to":{"line":5,"ch":6,"sticky":null},"text":["l"],"removed":[""],"origin":"+input"}
2019-4-1 14:09:59.079#change#{"from":{"line":5,"ch":7,"sticky":null},"to":{"line":5,"ch":7,"sticky":null},"text":["l"],"removed":[""],"origin":"+input"}
2019-4-1 14:10:00.486#change#{"from":{"line":5,"ch":8,"sticky":null},"to":{"line":5,"ch":8,"sticky":null},"text":[")"],"removed":[""],"origin":"+input"}
2019-4-1 14:10:00.486#change#{"from":{"line":5,"ch":8,"sticky":null},"to":{"line":5,"ch":8,"sticky":null},"text":[")"],"removed":[""],"origin":"+input"}
2019-4-1 14:10:03.136#saida_testar#$ python3 main.py
2019-4-1 14:10:04.301#blur#
2019-4-1 14:10:44.140#mousedown#{"isTrusted":true}
2019-4-1 14:10:44.304#focus#
2019-4-1 14:10:46.733#change#{"from":{"line":1,"ch":10,"sticky":"before","xRel":13.08331298828125},"to":{"line":1,"ch":10,"sticky":"before","xRel":13.08331298828125},"text":["+"],"removed":[""],"origin":"+input"}
2019-4-1 14:10:47.428#change#{"from":{"line":1,"ch":11,"sticky":null},"to":{"line":1,"ch":11,"sticky":null},"text":["e"],"removed":[""],"origin":"+input"}
2019-4-1 14:10:47.660#change#{"from":{"line":1,"ch":12,"sticky":null},"to":{"line":1,"ch":12,"sticky":null},"text":["s"],"removed":[""],"origin":"+input"}
2019-4-1 14:10:47.886#change#{"from":{"line":1,"ch":13,"sticky":null},"to":{"line":1,"ch":13,"sticky":null},"text":["p"],"removed":[""],"origin":"+input"}
2019-4-1 14:10:48.088#change#{"from":{"line":1,"ch":14,"sticky":null},"to":{"line":1,"ch":14,"sticky":null},"text":["e"],"removed":[""],"origin":"+input"}
2019-4-1 14:10:48.298#change#{"from":{"line":1,"ch":15,"sticky":null},"to":{"line":1,"ch":15,"sticky":null},"text":["t"],"removed":[""],"origin":"+input"}
2019-4-1 14:10:48.469#change#{"from":{"line":1,"ch":16,"sticky":null},"to":{"line":1,"ch":16,"sticky":null},"text":["i"],"removed":[""],"origin":"+input"}
2019-4-1 14:10:48.961#change#{"from":{"line":1,"ch":17,"sticky":null},"to":{"line":1,"ch":17,"sticky":null},"text":["h"],"removed":[""],"origin":"+input"}
2019-4-1 14:10:49.129#change#{"from":{"line":1,"ch":18,"sticky":null},"to":{"line":1,"ch":18,"sticky":null},"text":["o"],"removed":[""],"origin":"+input"}
2019-4-1 14:10:49.129#change#{"from":{"line":1,"ch":18,"sticky":null},"to":{"line":1,"ch":18,"sticky":null},"text":["o"],"removed":[""],"origin":"+input"}
2019-4-1 14:10:56.962#saida_testar#$ python3 main.py
2019-4-1 14:10:57.129#blur#
2019-4-1 14:10:58.565#dica_bullet#NameError: name 'NOME_DA_VARIAVEL' is not defined
2019-4-1 14:11:04.019#mousedown#{"isTrusted":true}
2019-4-1 14:11:04.088#focus#
2019-4-1 14:11:05.240#change#{"from":{"line":1,"ch":17,"sticky":"before","xRel":-2.91668701171875},"to":{"line":1,"ch":17,"sticky":"before","xRel":-2.91668701171875},"text":["n"],"removed":[""],"origin":"+input"}
2019-4-1 14:11:05.240#change#{"from":{"line":1,"ch":17,"sticky":"before","xRel":-2.91668701171875},"to":{"line":1,"ch":17,"sticky":"before","xRel":-2.91668701171875},"text":["n"],"removed":[""],"origin":"+input"}
2019-4-1 14:11:06.823#saida_testar#$ python3 main.py
2019-4-1 14:11:08.927#blur#
2019-4-1 14:11:09.978#dica_bullet#NameError: name 'NOME_DA_VARIAVEL' is not defined
2019-4-1 14:11:41.410#mousedown#{"isTrusted":true}
2019-4-1 14:11:41.498#focus#
2019-4-1 14:11:44.035#mousedown#{"isTrusted":true}
2019-4-1 14:11:45.425#keyHandled#"Left"
2019-4-1 14:11:45.632#change#{"from":{"line":1,"ch":11,"sticky":"after"},"to":{"line":1,"ch":11,"sticky":"after"},"text":[" "],"removed":[""],"origin":"+input"}
2019-4-1 14:11:45.425#keyHandled#"Left"
2019-4-1 14:11:45.632#change#{"from":{"line":1,"ch":11,"sticky":"after"},"to":{"line":1,"ch":11,"sticky":"after"},"text":[" "],"removed":[""],"origin":"+input"}
2019-4-1 14:11:47.919#submit#Your code did not produce the correct output. Please, correct your code and try again.
2019-4-1 14:11:47.919#submit#Your code did not produce the correct output. Please, correct your code and try again.
2019-4-1 14:11:48.774#saida_testar#$ python3 main.py
2019-4-1 14:11:49.478#change#{"from":{"line":1,"ch":12,"sticky":null},"to":{"line":1,"ch":12,"sticky":null},"text":["4"],"removed":[""],"origin":"+input"}
2019-4-1 14:11:49.660#change#{"from":{"line":1,"ch":13,"sticky":null},"to":{"line":1,"ch":13,"sticky":null},"text":["0"],"removed":[""],"origin":"+input"}
2019-4-1 14:11:51.156#change#{"from":{"line":1,"ch":13,"sticky":"after"},"to":{"line":1,"ch":14,"sticky":null},"text":[""],"removed":["0"],"origin":"+delete"}
2019-4-1 14:11:51.156#keyHandled#"Backspace"
2019-4-1 14:11:51.330#change#{"from":{"line":1,"ch":12,"sticky":"after"},"to":{"line":1,"ch":13,"sticky":null},"text":[""],"removed":["4"],"origin":"+delete"}
2019-4-1 14:11:51.330#keyHandled#"Backspace"
2019-4-1 14:11:52.182#blur#
2019-4-1 14:11:53.485#dica_bullet#NameError: name 'NOME_DA_VARIAVEL' is not defined
2019-4-1 14:12:14.580#mousedown#{"isTrusted":true}
2019-4-1 14:12:14.601#focus#
2019-4-1 14:12:14.662#change#{"from":{"line":1,"ch":10,"sticky":"before","xRel":-2.91668701171875},"to":{"line":1,"ch":10,"sticky":"before","xRel":-2.91668701171875},"text":[" "],"removed":[""],"origin":"+input"}
2019-4-1 14:12:18.963#mousedown#{"isTrusted":true}
2019-4-1 14:12:31.034#change#{"from":{"line":1,"ch":21,"sticky":"after"},"to":{"line":1,"ch":22,"sticky":"before","xRel":22.08331298828125},"text":[""],"removed":["o"],"origin":"+delete"}
2019-4-1 14:12:31.034#keyHandled#"Backspace"
2019-4-1 14:12:31.181#change#{"from":{"line":1,"ch":20,"sticky":"after"},"to":{"line":1,"ch":21,"sticky":null},"text":[""],"removed":["h"],"origin":"+delete"}
2019-4-1 14:12:31.181#keyHandled#"Backspace"
2019-4-1 14:12:31.296#change#{"from":{"line":1,"ch":19,"sticky":"after"},"to":{"line":1,"ch":20,"sticky":null},"text":[""],"removed":["n"],"origin":"+delete"}
2019-4-1 14:12:31.296#keyHandled#"Backspace"
2019-4-1 14:12:31.437#change#{"from":{"line":1,"ch":18,"sticky":"after"},"to":{"line":1,"ch":19,"sticky":null},"text":[""],"removed":["i"],"origin":"+delete"}
2019-4-1 14:12:31.437#keyHandled#"Backspace"
2019-4-1 14:12:31.870#change#{"from":{"line":1,"ch":17,"sticky":"after"},"to":{"line":1,"ch":18,"sticky":null},"text":[""],"removed":["t"],"origin":"+delete"}
2019-4-1 14:12:31.870#keyHandled#"Backspace"
2019-4-1 14:12:32.044#change#{"from":{"line":1,"ch":16,"sticky":"after"},"to":{"line":1,"ch":17,"sticky":null},"text":[""],"removed":["e"],"origin":"+delete"}
2019-4-1 14:12:32.044#keyHandled#"Backspace"
2019-4-1 14:12:32.311#change#{"from":{"line":1,"ch":15,"sticky":"after"},"to":{"line":1,"ch":16,"sticky":null},"text":[""],"removed":["p"],"origin":"+delete"}
2019-4-1 14:12:32.311#keyHandled#"Backspace"
2019-4-1 14:12:32.482#change#{"from":{"line":1,"ch":14,"sticky":"after"},"to":{"line":1,"ch":15,"sticky":null},"text":[""],"removed":["s"],"origin":"+delete"}
2019-4-1 14:12:32.482#keyHandled#"Backspace"
2019-4-1 14:12:32.850#change#{"from":{"line":1,"ch":13,"sticky":"after"},"to":{"line":1,"ch":14,"sticky":null},"text":[""],"removed":["e"],"origin":"+delete"}
2019-4-1 14:12:32.850#keyHandled#"Backspace"
2019-4-1 14:12:33.713#change#{"from":{"line":1,"ch":13,"sticky":null},"to":{"line":1,"ch":13,"sticky":null},"text":["1"],"removed":[""],"origin":"+input"}
2019-4-1 14:12:33.777#change#{"from":{"line":1,"ch":14,"sticky":null},"to":{"line":1,"ch":14,"sticky":null},"text":["2"],"removed":[""],"origin":"+input"}
2019-4-1 14:12:44.170#mousedown#{"isTrusted":true}
2019-4-1 14:12:45.200#change#{"from":{"line":2,"ch":0,"sticky":"after","xRel":3.08331298828125},"to":{"line":2,"ch":12,"sticky":"before","xRel":12.08331298828125},"text":[""],"removed":["espetinho=12"],"origin":"+delete"}
2019-4-1 14:12:45.200#keyHandled#"Backspace"
2019-4-1 14:12:46.230#change#{"from":{"line":1,"ch":15,"sticky":"before"},"to":{"line":2,"ch":0,"sticky":null},"text":[""],"removed":["",""],"origin":"+delete"}
2019-4-1 14:12:46.230#keyHandled#"Backspace"
2019-4-1 14:12:46.244#viewportChange#0
2019-4-1 14:13:06.515#mousedown#{"isTrusted":true}
2019-4-1 14:13:07.383#keyHandled#"Left"
2019-4-1 14:13:07.807#change#{"from":{"line":3,"ch":19,"sticky":"after"},"to":{"line":3,"ch":20,"sticky":"after"},"text":[""],"removed":[")"],"origin":"+delete"}
2019-4-1 14:13:07.807#keyHandled#"Backspace"
2019-4-1 14:13:08.054#keyHandled#"Left"
2019-4-1 14:13:08.224#keyHandled#"Left"
2019-4-1 14:13:08.874#keyHandled#"Left"
2019-4-1 14:13:09.044#keyHandled#"Left"
2019-4-1 14:13:09.395#change#{"from":{"line":3,"ch":13,"sticky":"after"},"to":{"line":3,"ch":14,"sticky":"after"},"text":[""],"removed":["+"],"origin":"+delete"}
2019-4-1 14:13:09.395#keyHandled#"Backspace"
2019-4-1 14:13:09.845#change#{"from":{"line":3,"ch":12,"sticky":"after"},"to":{"line":3,"ch":13,"sticky":null},"text":[""],"removed":["o"],"origin":"+delete"}
2019-4-1 14:13:09.845#keyHandled#"Backspace"
2019-4-1 14:13:10.346#change#{"from":{"line":3,"ch":11,"sticky":"after"},"to":{"line":3,"ch":12,"sticky":null},"text":[""],"removed":["h"],"origin":"+delete"}
2019-4-1 14:13:10.346#keyHandled#"Backspace"
2019-4-1 14:13:10.501#change#{"from":{"line":3,"ch":10,"sticky":"after"},"to":{"line":3,"ch":11,"sticky":null},"text":[""],"removed":["n"],"origin":"+delete"}
2019-4-1 14:13:10.501#keyHandled#"Backspace"
2019-4-1 14:13:10.636#change#{"from":{"line":3,"ch":9,"sticky":"after"},"to":{"line":3,"ch":10,"sticky":null},"text":[""],"removed":["i"],"origin":"+delete"}
2019-4-1 14:13:10.636#keyHandled#"Backspace"
2019-4-1 14:13:11.056#change#{"from":{"line":3,"ch":8,"sticky":"after"},"to":{"line":3,"ch":9,"sticky":null},"text":[""],"removed":["t"],"origin":"+delete"}
2019-4-1 14:13:11.056#keyHandled#"Backspace"
2019-4-1 14:13:11.225#change#{"from":{"line":3,"ch":7,"sticky":"after"},"to":{"line":3,"ch":8,"sticky":null},"text":[""],"removed":["e"],"origin":"+delete"}
2019-4-1 14:13:11.225#keyHandled#"Backspace"
2019-4-1 14:13:11.421#change#{"from":{"line":3,"ch":6,"sticky":"after"},"to":{"line":3,"ch":7,"sticky":null},"text":[""],"removed":["p"],"origin":"+delete"}
2019-4-1 14:13:11.421#keyHandled#"Backspace"
2019-4-1 14:13:11.589#change#{"from":{"line":3,"ch":5,"sticky":"after"},"to":{"line":3,"ch":6,"sticky":null},"text":[""],"removed":["s"],"origin":"+delete"}
2019-4-1 14:13:11.589#keyHandled#"Backspace"
2019-4-1 14:13:11.940#change#{"from":{"line":3,"ch":4,"sticky":"after"},"to":{"line":3,"ch":5,"sticky":null},"text":[""],"removed":["e"],"origin":"+delete"}
2019-4-1 14:13:11.940#keyHandled#"Backspace"
2019-4-1 14:13:12.114#change#{"from":{"line":3,"ch":3,"sticky":"after"},"to":{"line":3,"ch":4,"sticky":null},"text":[""],"removed":["("],"origin":"+delete"}
2019-4-1 14:13:12.114#keyHandled#"Backspace"
2019-4-1 14:13:12.114#change#{"from":{"line":3,"ch":3,"sticky":"after"},"to":{"line":3,"ch":4,"sticky":null},"text":[""],"removed":["("],"origin":"+delete"}
2019-4-1 14:13:12.114#keyHandled#"Backspace"
2019-4-1 14:13:16.791#saida_testar#$ python3 main.py
2019-4-1 14:13:16.973#change#{"from":{"line":3,"ch":3,"sticky":null},"to":{"line":3,"ch":3,"sticky":null},"text":["4"],"removed":[""],"origin":"+input"}
2019-4-1 14:13:18.348#change#{"from":{"line":3,"ch":3,"sticky":"after"},"to":{"line":3,"ch":4,"sticky":null},"text":[""],"removed":["4"],"origin":"+delete"}
2019-4-1 14:13:18.348#keyHandled#"Backspace"
2019-4-1 14:13:18.816#blur#
2019-4-1 14:13:36.602#mousedown#{"isTrusted":true}
2019-4-1 14:13:36.754#focus#
2019-4-1 14:14:14.861#change#{"from":{"line":1,"ch":14,"sticky":"after"},"to":{"line":1,"ch":15,"sticky":"before","xRel":13.08331298828125},"text":[""],"removed":["2"],"origin":"+delete"}
2019-4-1 14:14:14.861#keyHandled#"Backspace"
2019-4-1 14:14:15.020#change#{"from":{"line":1,"ch":13,"sticky":"after"},"to":{"line":1,"ch":14,"sticky":null},"text":[""],"removed":["1"],"origin":"+delete"}
2019-4-1 14:14:15.020#keyHandled#"Backspace"
2019-4-1 14:14:15.243#change#{"from":{"line":1,"ch":13,"sticky":null},"to":{"line":1,"ch":13,"sticky":null},"text":["e"],"removed":[""],"origin":"+input"}
2019-4-1 14:14:15.550#change#{"from":{"line":1,"ch":14,"sticky":null},"to":{"line":1,"ch":14,"sticky":null},"text":["s"],"removed":[""],"origin":"+input"}
2019-4-1 14:14:16.983#change#{"from":{"line":1,"ch":15,"sticky":null},"to":{"line":1,"ch":15,"sticky":null},"text":["",""],"removed":[""],"origin":"+input"}
2019-4-1 14:14:16.983#keyHandled#"Enter"
2019-4-1 14:14:16.997#viewportChange#0
2019-4-1 14:14:18.915#change#{"from":{"line":1,"ch":15,"sticky":"before"},"to":{"line":2,"ch":0,"sticky":null},"text":[""],"removed":["",""],"origin":"+delete"}
2019-4-1 14:14:18.915#keyHandled#"Backspace"
2019-4-1 14:14:18.927#viewportChange#0
2019-4-1 14:14:21.146#mousedown#{"isTrusted":true}
2019-4-1 14:14:21.759#change#{"from":{"line":1,"ch":0,"sticky":"after","xRel":0.08331298828125},"to":{"line":1,"ch":0,"sticky":"after","xRel":0.08331298828125},"text":["",""],"removed":[""],"origin":"+input"}
2019-4-1 14:14:21.759#keyHandled#"Enter"
2019-4-1 14:14:21.765#viewportChange#0
2019-4-1 14:14:22.393#mousedown#{"isTrusted":true}
2019-4-1 14:14:22.810#mousedown#{"isTrusted":true}
2019-4-1 14:14:23.546#change#{"from":{"line":1,"ch":0,"sticky":"after","xRel":86.08331298828125},"to":{"line":1,"ch":0,"sticky":"after","xRel":86.08331298828125},"text":["e"],"removed":[""],"origin":"+input"}
2019-4-1 14:14:23.734#change#{"from":{"line":1,"ch":1,"sticky":null},"to":{"line":1,"ch":1,"sticky":null},"text":["s"],"removed":[""],"origin":"+input"}
2019-4-1 14:14:24.026#change#{"from":{"line":1,"ch":2,"sticky":null},"to":{"line":1,"ch":2,"sticky":null},"text":["="],"removed":[""],"origin":"+input"}
2019-4-1 14:14:24.565#change#{"from":{"line":1,"ch":3,"sticky":null},"to":{"line":1,"ch":3,"sticky":null},"text":["1"],"removed":[""],"origin":"+input"}
2019-4-1 14:14:25.200#change#{"from":{"line":1,"ch":4,"sticky":null},"to":{"line":1,"ch":4,"sticky":null},"text":["2"],"removed":[""],"origin":"+input"}
2019-4-1 14:14:29.966#blur#
2019-4-1 14:14:31.075#saida_testar#$ python3 main.py
2019-4-1 14:14:37.402#mousedown#{"isTrusted":true}
2019-4-1 14:14:37.553#focus#
2019-4-1 14:14:38.291#change#{"from":{"line":3,"ch":14,"sticky":"after"},"to":{"line":3,"ch":15,"sticky":"before","xRel":-0.91668701171875},"text":[""],"removed":["("],"origin":"+delete"}
2019-4-1 14:14:38.291#keyHandled#"Backspace"
2019-4-1 14:14:41.137#saida_testar#$ python3 main.py
2019-4-1 14:14:41.571#blur#
2019-4-1 14:14:49.930#mousedown#{"isTrusted":true}
2019-4-1 14:14:50.014#focus#
2019-4-1 14:14:50.769#mousedown#{"isTrusted":true}
2019-4-1 14:14:55.145#mousedown#{"isTrusted":true}
2019-4-1 14:15:10.490#blur#
2019-4-1 14:16:12.841#mousedown#{"isTrusted":true}
2019-4-1 14:16:12.857#focus#
2019-4-1 14:16:14.624#change#{"from":{"line":0,"ch":2,"sticky":"after","xRel":1.08331298828125},"to":{"line":0,"ch":2,"sticky":"after","xRel":1.08331298828125},"text":["i"],"removed":[""],"origin":"+input"}
2019-4-1 14:16:14.672#change#{"from":{"line":0,"ch":3,"sticky":null},"to":{"line":0,"ch":3,"sticky":null},"text":["n"],"removed":[""],"origin":"+input"}
2019-4-1 14:16:14.814#change#{"from":{"line":0,"ch":4,"sticky":null},"to":{"line":0,"ch":4,"sticky":null},"text":["t"],"removed":[""],"origin":"+input"}
2019-4-1 14:16:17.262#change#{"from":{"line":0,"ch":5,"sticky":null},"to":{"line":0,"ch":5,"sticky":null},"text":["="],"removed":[""],"origin":"+input"}
2019-4-1 14:16:17.713#change#{"from":{"line":0,"ch":5,"sticky":"after"},"to":{"line":0,"ch":6,"sticky":null},"text":[""],"removed":["="],"origin":"+delete"}
2019-4-1 14:16:17.713#keyHandled#"Backspace"
2019-4-1 14:16:18.921#change#{"from":{"line":0,"ch":5,"sticky":null},"to":{"line":0,"ch":5,"sticky":null},"text":["("],"removed":[""],"origin":"+input"}
2019-4-1 14:16:21.065#mousedown#{"isTrusted":true}
2019-4-1 14:16:21.065#mousedown#{"isTrusted":true}
2019-4-1 14:16:21.630#dica_bullet#SyntaxError: invalid syntax
2019-4-1 14:16:22.926#saida_testar#$ python3 main.py
File "main.py", line 2
es=12
SyntaxError: invalid syntax
2019-4-1 14:16:28.378#mousedown#{"isTrusted":true}
2019-4-1 14:16:29.282#change#{"from":{"line":0,"ch":1,"sticky":"after"},"to":{"line":0,"ch":2,"sticky":"after","xRel":2.08331298828125},"text":[""],"removed":["="],"origin":"+delete"}
2019-4-1 14:16:29.282#keyHandled#"Backspace"
2019-4-1 14:16:29.471#change#{"from":{"line":0,"ch":0,"sticky":"after"},"to":{"line":0,"ch":1,"sticky":null},"text":[""],"removed":["X"],"origin":"+delete"}
2019-4-1 14:16:29.471#keyHandled#"Backspace"
2019-4-1 14:16:30.120#mousedown#{"isTrusted":true}
2019-4-1 14:16:31.106#change#{"from":{"line":0,"ch":3,"sticky":"after","xRel":2.08331298828125},"to":{"line":0,"ch":3,"sticky":"after","xRel":2.08331298828125},"text":["="],"removed":[""],"origin":"+input"}
2019-4-1 14:16:31.106#change#{"from":{"line":0,"ch":3,"sticky":"after","xRel":2.08331298828125},"to":{"line":0,"ch":3,"sticky":"after","xRel":2.08331298828125},"text":["="],"removed":[""],"origin":"+input"}
2019-4-1 14:16:33.062#dica_bullet#SyntaxError: invalid syntax
2019-4-1 14:16:34.811#saida_testar#$ python3 main.py
File "main.py", line 2
es=12
SyntaxError: invalid syntax
2019-4-1 14:16:43.487#blur#
2019-4-1 14:17:33.304#mousedown#{"isTrusted":true}
2019-4-1 14:17:33.314#focus#
2019-4-1 14:17:34.839#change#{"from":{"line":0,"ch":2,"sticky":"after"},"to":{"line":0,"ch":3,"sticky":"after","xRel":0.08331298828125},"text":[""],"removed":["t"],"origin":"+delete"}
2019-4-1 14:17:34.839#keyHandled#"Backspace"
2019-4-1 14:17:34.995#change#{"from":{"line":0,"ch":1,"sticky":"after"},"to":{"line":0,"ch":2,"sticky":null},"text":[""],"removed":["n"],"origin":"+delete"}
2019-4-1 14:17:34.995#keyHandled#"Backspace"
2019-4-1 14:17:35.294#change#{"from":{"line":0,"ch":0,"sticky":"after"},"to":{"line":0,"ch":1,"sticky":null},"text":[""],"removed":["i"],"origin":"+delete"}
2019-4-1 14:17:35.294#keyHandled#"Backspace"
2019-4-1 14:17:35.912#change#{"from":{"line":0,"ch":0,"sticky":null},"to":{"line":0,"ch":0,"sticky":null},"text":["a"],"removed":[""],"origin":"+input"}
2019-4-1 14:17:36.259#keyHandled#"Right"
2019-4-1 14:17:36.498#keyHandled#"Right"
2019-4-1 14:17:37.037#keyHandled#"Left"
2019-4-1 14:17:38.168#change#{"from":{"line":0,"ch":2,"sticky":"after"},"to":{"line":0,"ch":2,"sticky":"after"},"text":["i"],"removed":[""],"origin":"+input"}
2019-4-1 14:17:38.274#change#{"from":{"line":0,"ch":3,"sticky":null},"to":{"line":0,"ch":3,"sticky":null},"text":["n"],"removed":[""],"origin":"+input"}
2019-4-1 14:17:38.377#change#{"from":{"line":0,"ch":4,"sticky":null},"to":{"line":0,"ch":4,"sticky":null},"text":["t"],"removed":[""],"origin":"+input"}
2019-4-1 14:17:39.535#keyHandled#"Down"
2019-4-1 14:17:51.456#mousedown#{"isTrusted":true}
2019-4-1 14:17:57.294#change#{"from":{"line":2,"ch":15,"sticky":"before","xRel":24.08331298828125},"to":{"line":2,"ch":15,"sticky":"before","xRel":24.08331298828125},"text":["*"],"removed":[""],"origin":"+input"}
2019-4-1 14:17:58.373#change#{"from":{"line":2,"ch":16,"sticky":null},"to":{"line":2,"ch":16,"sticky":null},"text":["a"],"removed":[""],"origin":"+input"}
2019-4-1 14:17:59.832#mousedown#{"isTrusted":true}
2019-4-1 14:18:01.035#change#{"from":{"line":2,"ch":13,"sticky":"before","xRel":-0.91668701171875},"to":{"line":2,"ch":13,"sticky":"before","xRel":-0.91668701171875},"text":["("],"removed":[""],"origin":"+input"}
2019-4-1 14:18:02.202#keyHandled#"Right"
2019-4-1 14:18:02.418#keyHandled#"Right"
2019-4-1 14:18:02.559#keyHandled#"Right"
2019-4-1 14:18:02.777#keyHandled#"Right"
2019-4-1 14:18:04.727#change#{"from":{"line":2,"ch":18,"sticky":"before"},"to":{"line":2,"ch":18,"sticky":"before"},"text":[")"],"removed":[""],"origin":"+input"}
2019-4-1 14:18:10.000#mousedown#{"isTrusted":true}
2019-4-1 14:18:11.251#keyHandled#"Left"
2019-4-1 14:18:18.659#change#{"from":{"line":2,"ch":11,"sticky":"after"},"to":{"line":2,"ch":12,"sticky":"after"},"text":[""],"removed":["+"],"origin":"+delete"}
2019-4-1 14:18:18.659#keyHandled#"Backspace"
2019-4-1 14:18:20.092#change#{"from":{"line":2,"ch":11,"sticky":null},"to":{"line":2,"ch":11,"sticky":null},"text":["*"],"removed":[""],"origin":"+input"}
2019-4-1 14:18:24.879#mousedown#{"isTrusted":true}
2019-4-1 14:18:25.934#change#{"from":{"line":3,"ch":14,"sticky":"after","xRel":2.08331298828125},"to":{"line":3,"ch":14,"sticky":"after","xRel":2.08331298828125},"text":["("],"removed":[""],"origin":"+input"}
2019-4-1 14:18:25.952#change#{"from":{"line":3,"ch":15,"sticky":null},"to":{"line":3,"ch":15,"sticky":null},"text":["*"],"removed":[""],"origin":"+input"}
2019-4-1 14:18:27.032#change#{"from":{"line":3,"ch":15,"sticky":"after"},"to":{"line":3,"ch":16,"sticky":null},"text":[""],"removed":["*"],"origin":"+delete"}
2019-4-1 14:18:27.032#keyHandled#"Backspace"
2019-4-1 14:18:27.148#keyHandled#"Right"
2019-4-1 14:18:27.343#keyHandled#"Right"
2019-4-1 14:18:27.843#keyHandled#"Right"
2019-4-1 14:18:27.872#keyHandled#"Right"
2019-4-1 14:18:27.903#keyHandled#"Right"
2019-4-1 14:18:27.934#keyHandled#"Right"
2019-4-1 14:18:27.963#keyHandled#"Right"
2019-4-1 14:18:27.993#keyHandled#"Right"
2019-4-1 14:18:28.023#keyHandled#"Right"
2019-4-1 14:18:28.053#keyHandled#"Right"
2019-4-1 14:18:28.083#keyHandled#"Right"
2019-4-1 14:18:28.113#keyHandled#"Right"
2019-4-1 14:18:28.453#keyHandled#"Right"
2019-4-1 14:18:28.615#keyHandled#"Left"
2019-4-1 14:18:28.795#keyHandled#"Left"
2019-4-1 14:18:29.029#keyHandled#"Left"
2019-4-1 14:18:30.220#keyHandled#"Left"
2019-4-1 14:18:31.123#change#{"from":{"line":3,"ch":24,"sticky":"before"},"to":{"line":3,"ch":24,"sticky":"before"},"text":[")"],"removed":[""],"origin":"+input"}
2019-4-1 14:18:31.123#change#{"from":{"line":3,"ch":24,"sticky":"before"},"to":{"line":3,"ch":24,"sticky":"before"},"text":[")"],"removed":[""],"origin":"+input"}
2019-4-1 14:18:32.458#dica_bullet#SyntaxError: invalid syntax
2019-4-1 14:18:33.101#saida_testar#$ python3 main.py
File "main.py", line 2
es=12
SyntaxError: invalid syntax
2019-4-1 14:18:34.264#mousedown#{"isTrusted":true}
2019-4-1 14:18:38.058#change#{"from":{"line":1,"ch":4,"sticky":"after"},"to":{"line":1,"ch":5,"sticky":"before","xRel":22.08331298828125},"text":[""],"removed":["2"],"origin":"+delete"}
2019-4-1 14:18:38.058#keyHandled#"Backspace"
2019-4-1 14:18:38.226#change#{"from":{"line":1,"ch":3,"sticky":"after"},"to":{"line":1,"ch":4,"sticky":null},"text":[""],"removed":["1"],"origin":"+delete"}
2019-4-1 14:18:38.226#keyHandled#"Backspace"
2019-4-1 14:18:38.398#change#{"from":{"line":1,"ch":2,"sticky":"after"},"to":{"line":1,"ch":3,"sticky":null},"text":[""],"removed":["="],"origin":"+delete"}
2019-4-1 14:18:38.398#keyHandled#"Backspace"
2019-4-1 14:18:38.557#change#{"from":{"line":1,"ch":1,"sticky":"after"},"to":{"line":1,"ch":2,"sticky":null},"text":[""],"removed":["s"],"origin":"+delete"}
2019-4-1 14:18:38.557#keyHandled#"Backspace"
2019-4-1 14:18:38.729#change#{"from":{"line":1,"ch":0,"sticky":"after"},"to":{"line":1,"ch":1,"sticky":null},"text":[""],"removed":["e"],"origin":"+delete"}
2019-4-1 14:18:38.729#keyHandled#"Backspace"
2019-4-1 14:18:38.952#change#{"from":{"line":0,"ch":43,"sticky":"before"},"to":{"line":1,"ch":0,"sticky":null},"text":[""],"removed":["",""],"origin":"+delete"}
2019-4-1 14:18:38.952#keyHandled#"Backspace"
2019-4-1 14:18:38.964#viewportChange#0
2019-4-1 14:18:38.729#change#{"from":{"line":1,"ch":0,"sticky":"after"},"to":{"line":1,"ch":1,"sticky":null},"text":[""],"removed":["e"],"origin":"+delete"}
2019-4-1 14:18:38.729#keyHandled#"Backspace"
2019-4-1 14:18:38.952#change#{"from":{"line":0,"ch":43,"sticky":"before"},"to":{"line":1,"ch":0,"sticky":null},"text":[""],"removed":["",""],"origin":"+delete"}
2019-4-1 14:18:38.952#keyHandled#"Backspace"
2019-4-1 14:18:38.964#viewportChange#0
2019-4-1 14:18:40.256#dica_bullet#SyntaxError: invalid syntax
2019-4-1 14:18:41.001#saida_testar#$ python3 main.py
File "main.py", line 2
lucro=0.83 * (es*a)
SyntaxError: invalid syntax
2019-4-1 14:18:44.263#mousedown#{"isTrusted":true}
2019-4-1 14:18:45.414#change#{"from":{"line":0,"ch":4,"sticky":"after"},"to":{"line":0,"ch":5,"sticky":"before","xRel":-3.91668701171875},"text":[""],"removed":["t"],"origin":"+delete"}
2019-4-1 14:18:45.414#keyHandled#"Backspace"
2019-4-1 14:18:45.609#change#{"from":{"line":0,"ch":3,"sticky":"after"},"to":{"line":0,"ch":4,"sticky":null},"text":[""],"removed":["n"],"origin":"+delete"}
2019-4-1 14:18:45.609#keyHandled#"Backspace"
2019-4-1 14:18:45.833#change#{"from":{"line":0,"ch":2,"sticky":"after"},"to":{"line":0,"ch":3,"sticky":null},"text":[""],"removed":["i"],"origin":"+delete"}
2019-4-1 14:18:45.833#keyHandled#"Backspace"
2019-4-1 14:18:45.414#change#{"from":{"line":0,"ch":4,"sticky":"after"},"to":{"line":0,"ch":5,"sticky":"before","xRel":-3.91668701171875},"text":[""],"removed":["t"],"origin":"+delete"}
2019-4-1 14:18:45.414#keyHandled#"Backspace"
2019-4-1 14:18:45.609#change#{"from":{"line":0,"ch":3,"sticky":"after"},"to":{"line":0,"ch":4,"sticky":null},"text":[""],"removed":["n"],"origin":"+delete"}
2019-4-1 14:18:45.609#keyHandled#"Backspace"
2019-4-1 14:18:45.833#change#{"from":{"line":0,"ch":2,"sticky":"after"},"to":{"line":0,"ch":3,"sticky":null},"text":[""],"removed":["i"],"origin":"+delete"}
2019-4-1 14:18:45.833#keyHandled#"Backspace"
2019-4-1 14:18:47.229#dica_bullet#SyntaxError: invalid syntax
2019-4-1 14:19:43.991#viewportChange#0
2019-4-1 14:19:45.845#mousedown#{"isTrusted":true}
2019-4-1 14:19:45.865#focus#
2019-4-1 14:19:46.727#change#{"from":{"line":0,"ch":0,"sticky":"after"},"to":{"line":0,"ch":1,"sticky":"after","xRel":0.08331298828125},"text":[""],"removed":["a"],"origin":"+delete"}
2019-4-1 14:19:46.727#keyHandled#"Backspace"
2019-4-1 14:19:47.245#change#{"from":{"line":0,"ch":0,"sticky":null},"to":{"line":0,"ch":0,"sticky":null},"text":["v"],"removed":[""],"origin":"+input"}
2019-4-1 14:19:47.316#change#{"from":{"line":0,"ch":1,"sticky":null},"to":{"line":0,"ch":1,"sticky":null},"text":["a"],"removed":[""],"origin":"+input"}
2019-4-1 14:19:47.485#change#{"from":{"line":0,"ch":2,"sticky":null},"to":{"line":0,"ch":2,"sticky":null},"text":["r"],"removed":[""],"origin":"+input"}
2019-4-1 14:19:48.123#keyHandled#"Right"
2019-4-1 14:19:49.135#change#{"from":{"line":0,"ch":4,"sticky":"before"},"to":{"line":0,"ch":4,"sticky":"before"},"text":["i"],"removed":[""],"origin":"+input"}
2019-4-1 14:19:49.327#change#{"from":{"line":0,"ch":5,"sticky":null},"to":{"line":0,"ch":5,"sticky":null},"text":["n"],"removed":[""],"origin":"+input"}
2019-4-1 14:19:49.554#change#{"from":{"line":0,"ch":6,"sticky":null},"to":{"line":0,"ch":6,"sticky":null},"text":["t"],"removed":[""],"origin":"+input"}
2019-4-1 14:19:51.384#mousedown#{"isTrusted":true}
2019-4-1 14:19:53.560#dica_bullet#SyntaxError: invalid syntax
2019-4-1 14:19:54.791#saida_testar#$ python3 main.py
File "main.py", line 2
lucro=0.83 * (es*a)
SyntaxError: invalid syntax
2019-4-1 14:20:00.936#change#{"from":{"line":1,"ch":18,"sticky":"after"},"to":{"line":1,"ch":19,"sticky":"before","xRel":74.08331298828125},"text":[""],"removed":[")"],"origin":"+delete"}
2019-4-1 14:20:00.936#keyHandled#"Backspace"
2019-4-1 14:20:01.110#change#{"from":{"line":1,"ch":17,"sticky":"after"},"to":{"line":1,"ch":18,"sticky":null},"text":[""],"removed":["a"],"origin":"+delete"}
2019-4-1 14:20:01.110#keyHandled#"Backspace"
2019-4-1 14:20:01.383#change#{"from":{"line":1,"ch":16,"sticky":"after"},"to":{"line":1,"ch":17,"sticky":null},"text":[""],"removed":["*"],"origin":"+delete"}
2019-4-1 14:20:01.383#keyHandled#"Backspace"
2019-4-1 14:20:01.599#change#{"from":{"line":1,"ch":15,"sticky":"after"},"to":{"line":1,"ch":16,"sticky":null},"text":[""],"removed":["s"],"origin":"+delete"}
2019-4-1 14:20:01.599#keyHandled#"Backspace"
2019-4-1 14:20:01.742#change#{"from":{"line":1,"ch":14,"sticky":"after"},"to":{"line":1,"ch":15,"sticky":null},"text":[""],"removed":["e"],"origin":"+delete"}
2019-4-1 14:20:01.742#keyHandled#"Backspace"
2019-4-1 14:20:01.911#change#{"from":{"line":1,"ch":13,"sticky":"after"},"to":{"line":1,"ch":14,"sticky":null},"text":[""],"removed":["("],"origin":"+delete"}
2019-4-1 14:20:01.912#keyHandled#"Backspace"
2019-4-1 14:20:02.122#change#{"from":{"line":1,"ch":12,"sticky":"after"},"to":{"line":1,"ch":13,"sticky":null},"text":[""],"removed":[" "],"origin":"+delete"}
2019-4-1 14:20:02.122#keyHandled#"Backspace"
2019-4-1 14:20:02.937#change#{"from":{"line":1,"ch":12,"sticky":null},"to":{"line":1,"ch":12,"sticky":null},"text":[" "],"removed":[""],"origin":"+input"}
2019-4-1 14:20:03.127#change#{"from":{"line":1,"ch":13,"sticky":null},"to":{"line":1,"ch":13,"sticky":null},"text":["v"],"removed":[""],"origin":"+input"}
2019-4-1 14:20:03.217#change#{"from":{"line":1,"ch":14,"sticky":null},"to":{"line":1,"ch":14,"sticky":null},"text":["a"],"removed":[""],"origin":"+input"}
2019-4-1 14:20:03.320#change#{"from":{"line":1,"ch":15,"sticky":null},"to":{"line":1,"ch":15,"sticky":null},"text":["r"],"removed":[""],"origin":"+input"}
2019-4-1 14:20:03.127#change#{"from":{"line":1,"ch":13,"sticky":null},"to":{"line":1,"ch":13,"sticky":null},"text":["v"],"removed":[""],"origin":"+input"}
2019-4-1 14:20:03.217#change#{"from":{"line":1,"ch":14,"sticky":null},"to":{"line":1,"ch":14,"sticky":null},"text":["a"],"removed":[""],"origin":"+input"}
2019-4-1 14:20:03.320#change#{"from":{"line":1,"ch":15,"sticky":null},"to":{"line":1,"ch":15,"sticky":null},"text":["r"],"removed":[""],"origin":"+input"}
2019-4-1 14:20:04.551#dica_bullet#SyntaxError: invalid syntax
2019-4-1 14:20:04.798#saida_testar#$ python3 main.py
File "main.py", line 2
lucro=0.83 * var
SyntaxError: invalid syntax
2019-4-1 14:20:11.727#mousedown#{"isTrusted":true}
2019-4-1 14:20:12.141#change#{"from":{"line":0,"ch":15,"sticky":"after","xRel":2.08331298828125},"to":{"line":0,"ch":15,"sticky":"after","xRel":2.08331298828125},"text":[" "],"removed":[""],"origin":"+input"}
2019-4-1 14:20:14.368#mousedown#{"isTrusted":true}
2019-4-1 14:20:15.140#change#{"from":{"line":0,"ch":6,"sticky":"after"},"to":{"line":0,"ch":7,"sticky":"before","xRel":-0.91668701171875},"text":[""],"removed":["t"],"origin":"+delete"}
2019-4-1 14:20:15.140#keyHandled#"Backspace"
2019-4-1 14:20:15.558#change#{"from":{"line":0,"ch":5,"sticky":"after"},"to":{"line":0,"ch":6,"sticky":null},"text":[""],"removed":["n"],"origin":"+delete"}
2019-4-1 14:20:15.558#keyHandled#"Backspace"
2019-4-1 14:20:15.705#change#{"from":{"line":0,"ch":4,"sticky":"after"},"to":{"line":0,"ch":5,"sticky":null},"text":[""],"removed":["i"],"origin":"+delete"}
2019-4-1 14:20:15.705#keyHandled#"Backspace"
2019-4-1 14:20:16.520#change#{"from":{"line":0,"ch":4,"sticky":null},"to":{"line":0,"ch":4,"sticky":null},"text":["f"],"removed":[""],"origin":"+input"}
2019-4-1 14:20:16.700#change#{"from":{"line":0,"ch":5,"sticky":null},"to":{"line":0,"ch":5,"sticky":null},"text":["l"],"removed":[""],"origin":"+input"}
2019-4-1 14:20:16.818#change#{"from":{"line":0,"ch":6,"sticky":null},"to":{"line":0,"ch":6,"sticky":null},"text":["o"],"removed":[""],"origin":"+input"}
2019-4-1 14:20:17.313#change#{"from":{"line":0,"ch":7,"sticky":null},"to":{"line":0,"ch":7,"sticky":null},"text":["a"],"removed":[""],"origin":"+input"}
2019-4-1 14:20:17.489#change#{"from":{"line":0,"ch":8,"sticky":null},"to":{"line":0,"ch":8,"sticky":null},"text":["t"],"removed":[""],"origin":"+input"}
2019-4-1 14:20:17.313#change#{"from":{"line":0,"ch":7,"sticky":null},"to":{"line":0,"ch":7,"sticky":null},"text":["a"],"removed":[""],"origin":"+input"}
2019-4-1 14:20:17.489#change#{"from":{"line":0,"ch":8,"sticky":null},"to":{"line":0,"ch":8,"sticky":null},"text":["t"],"removed":[""],"origin":"+input"}
2019-4-1 14:20:18.561#dica_bullet#SyntaxError: invalid syntax
2019-4-1 14:20:18.796#saida_testar#$ python3 main.py
File "main.py", line 2
lucro=0.83 * var
SyntaxError: invalid syntax
2019-4-1 14:20:18.561#dica_bullet#SyntaxError: invalid syntax
2019-4-1 14:20:18.796#saida_testar#$ python3 main.py
File "main.py", line 2
lucro=0.83 * var
SyntaxError: invalid syntax
2019-4-1 14:20:19.781#submit#Your code did not produce the correct output. Please, correct your code and try again.
2019-4-1 14:20:21.218#keyHandled#"Left"
2019-4-1 14:20:21.415#keyHandled#"Left"
2019-4-1 14:20:21.862#keyHandled#"Down"
2019-4-1 14:20:25.409#keyHandled#"Up"
2019-4-1 14:20:25.851#keyHandled#"Right"
2019-4-1 14:20:26.078#keyHandled#"Right"
2019-4-1 14:20:36.704#mousedown#{"isTrusted":true}
2019-4-1 14:20:37.773#change#{"from":{"line":0,"ch":48,"sticky":"before","xRel":42.08331298828125},"to":{"line":0,"ch":48,"sticky":"before","xRel":42.08331298828125},"text":[")"],"removed":[""],"origin":"+input"}
2019-4-1 14:20:37.773#change#{"from":{"line":0,"ch":48,"sticky":"before","xRel":42.08331298828125},"to":{"line":0,"ch":48,"sticky":"before","xRel":42.08331298828125},"text":[")"],"removed":[""],"origin":"+input"}
2019-4-1 14:20:40.820#saida_testar#$ python3 main.py
2019-4-1 14:20:41.610#blur#
2019-4-1 14:20:41.610#blur#
2019-4-1 14:20:46.600#saida_testar#$ python3 main.py
2019-4-1 14:21:02.608#mousedown#{"isTrusted":true}
2019-4-1 14:21:02.778#focus#
2019-4-1 14:21:07.863#mousedown#{"isTrusted":true}
2019-4-1 14:21:09.234#change#{"from":{"line":1,"ch":13,"sticky":"after","xRel":3.08331298828125},"to":{"line":1,"ch":13,"sticky":"after","xRel":3.08331298828125},"text":["9"],"removed":[""],"origin":"+input"}
2019-4-1 14:21:10.413#change#{"from":{"line":1,"ch":13,"sticky":"after"},"to":{"line":1,"ch":14,"sticky":null},"text":[""],"removed":["9"],"origin":"+delete"}
2019-4-1 14:21:10.413#keyHandled#"Backspace"
2019-4-1 14:21:10.655#change#{"from":{"line":1,"ch":13,"sticky":null},"to":{"line":1,"ch":13,"sticky":null},"text":["("],"removed":[""],"origin":"+input"}
2019-4-1 14:21:11.535#mousedown#{"isTrusted":true}
2019-4-1 14:21:12.861#change#{"from":{"line":1,"ch":17,"sticky":"before","xRel":7.08331298828125},"to":{"line":1,"ch":17,"sticky":"before","xRel":7.08331298828125},"text":["*"],"removed":[""],"origin":"+input"}
2019-4-1 14:21:13.976#change#{"from":{"line":1,"ch":18,"sticky":null},"to":{"line":1,"ch":18,"sticky":null},"text":["1"],"removed":[""],"origin":"+input"}
2019-4-1 14:21:14.089#change#{"from":{"line":1,"ch":19,"sticky":null},"to":{"line":1,"ch":19,"sticky":null},"text":["2"],"removed":[""],"origin":"+input"}
2019-4-1 14:21:15.473#change#{"from":{"line":1,"ch":20,"sticky":null},"to":{"line":1,"ch":20,"sticky":null},"text":[")"],"removed":[""],"origin":"+input"}
2019-4-1 14:21:15.473#change#{"from":{"line":1,"ch":20,"sticky":null},"to":{"line":1,"ch":20,"sticky":null},"text":[")"],"removed":[""],"origin":"+input"}
2019-4-1 14:21:17.804#change#{"from":{"line":1,"ch":21,"sticky":null},"to":{"line":1,"ch":21,"sticky":null},"text":["4"],"removed":[""],"origin":"+input"}
2019-4-1 14:21:18.684#change#{"from":{"line":1,"ch":21,"sticky":"after"},"to":{"line":1,"ch":22,"sticky":null},"text":[""],"removed":["4"],"origin":"+delete"}
2019-4-1 14:21:18.685#keyHandled#"Backspace"
2019-4-1 14:21:18.737#saida_testar#$ python3 main.py
2019-4-1 14:21:19.721#blur#
2019-4-1 14:21:28.056#mousedown#{"isTrusted":true}
2019-4-1 14:21:28.220#focus#
2019-4-1 14:21:29.395#keyHandled#"Left"
2019-4-1 14:21:29.521#keyHandled#"Left"
2019-4-1 14:21:30.577#change#{"from":{"line":4,"ch":6,"sticky":"after"},"to":{"line":4,"ch":6,"sticky":"after"},"text":["R"],"removed":[""],"origin":"+input"}
2019-4-1 14:21:30.897#change#{"from":{"line":4,"ch":7,"sticky":null},"to":{"line":4,"ch":7,"sticky":null},"text":["P"],"removed":[""],"origin":"+input"}
2019-4-1 14:21:31.080#change#{"from":{"line":4,"ch":8,"sticky":null},"to":{"line":4,"ch":8,"sticky":null},"text":["U"],"removed":[""],"origin":"+input"}
2019-4-1 14:21:31.317#change#{"from":{"line":4,"ch":9,"sticky":null},"to":{"line":4,"ch":9,"sticky":null},"text":["N"],"removed":[""],"origin":"+input"}
2019-4-1 14:21:31.463#change#{"from":{"line":4,"ch":10,"sticky":null},"to":{"line":4,"ch":10,"sticky":null},"text":["D"],"removed":[""],"origin":"+input"}
2019-4-1 14:21:32.292#change#{"from":{"line":4,"ch":10,"sticky":"after"},"to":{"line":4,"ch":11,"sticky":null},"text":[""],"removed":["D"],"origin":"+delete"}
2019-4-1 14:21:32.293#keyHandled#"Backspace"
2019-4-1 14:21:32.613#change#{"from":{"line":4,"ch":9,"sticky":"after"},"to":{"line":4,"ch":10,"sticky":null},"text":[""],"removed":["N"],"origin":"+delete"}
2019-4-1 14:21:32.613#keyHandled#"Backspace"
2019-4-1 14:21:32.826#change#{"from":{"line":4,"ch":8,"sticky":"after"},"to":{"line":4,"ch":9,"sticky":null},"text":[""],"removed":["U"],"origin":"+delete"}
2019-4-1 14:21:32.826#keyHandled#"Backspace"
2019-4-1 14:21:32.950#change#{"from":{"line":4,"ch":7,"sticky":"after"},"to":{"line":4,"ch":8,"sticky":null},"text":[""],"removed":["P"],"origin":"+delete"}
2019-4-1 14:21:32.950#keyHandled#"Backspace"
2019-4-1 14:21:33.319#change#{"from":{"line":4,"ch":6,"sticky":"after"},"to":{"line":4,"ch":7,"sticky":null},"text":[""],"removed":["R"],"origin":"+delete"}
2019-4-1 14:21:33.319#keyHandled#"Backspace"
2019-4-1 14:21:34.608#change#{"from":{"line":4,"ch":6,"sticky":null},"to":{"line":4,"ch":6,"sticky":null},"text":["r"],"removed":[""],"origin":"+input"}
2019-4-1 14:21:34.794#change#{"from":{"line":4,"ch":7,"sticky":null},"to":{"line":4,"ch":7,"sticky":null},"text":["p"],"removed":[""],"origin":"+input"}
2019-4-1 14:21:35.633#change#{"from":{"line":4,"ch":7,"sticky":"after"},"to":{"line":4,"ch":8,"sticky":null},"text":[""],"removed":["p"],"origin":"+delete"}
2019-4-1 14:21:35.633#keyHandled#"Backspace"
2019-4-1 14:21:36.407#change#{"from":{"line":4,"ch":7,"sticky":null},"to":{"line":4,"ch":7,"sticky":null},"text":["o"],"removed":[""],"origin":"+input"}
2019-4-1 14:21:36.572#change#{"from":{"line":4,"ch":8,"sticky":null},"to":{"line":4,"ch":8,"sticky":null},"text":["u"],"removed":[""],"origin":"+input"}
2019-4-1 14:21:36.806#change#{"from":{"line":4,"ch":9,"sticky":null},"to":{"line":4,"ch":9,"sticky":null},"text":["n"],"removed":[""],"origin":"+input"}
2019-4-1 14:21:37.066#change#{"from":{"line":4,"ch":10,"sticky":null},"to":{"line":4,"ch":10,"sticky":null},"text":["d"],"removed":[""],"origin":"+input"}
2019-4-1 14:21:39.414#change#{"from":{"line":4,"ch":11,"sticky":null},"to":{"line":4,"ch":11,"sticky":null},"text":["("],"removed":[""],"origin":"+input"}
2019-4-1 14:21:40.358#keyHandled#"Right"
2019-4-1 14:21:40.536#keyHandled#"Right"
2019-4-1 14:21:41.042#keyHandled#"Left"
2019-4-1 14:21:41.141#keyHandled#"Left"
2019-4-1 14:21:42.535#change#{"from":{"line":4,"ch":12,"sticky":"after"},"to":{"line":4,"ch":12,"sticky":"after"},"text":["2"],"removed":[""],"origin":"+input"}
2019-4-1 14:21:42.772#change#{"from":{"line":4,"ch":13,"sticky":null},"to":{"line":4,"ch":13,"sticky":null},"text":[","],"removed":[""],"origin":"+input"}
2019-4-1 14:21:42.535#change#{"from":{"line":4,"ch":12,"sticky":"after"},"to":{"line":4,"ch":12,"sticky":"after"},"text":["2"],"removed":[""],"origin":"+input"}
2019-4-1 14:21:42.772#change#{"from":{"line":4,"ch":13,"sticky":null},"to":{"line":4,"ch":13,"sticky":null},"text":[","],"removed":[""],"origin":"+input"}
2019-4-1 14:21:44.632#dica_bullet#SyntaxError: unexpected EOF while parsing
2019-4-1 14:21:44.915#saida_testar#$ python3 main.py
File "main.py", line 6
SyntaxError: unexpected EOF while parsing
2019-4-1 14:21:46.655#mousedown#{"isTrusted":true}
2019-4-1 14:21:47.323#change#{"from":{"line":4,"ch":17,"sticky":"before","xRel":60.08331298828125},"to":{"line":4,"ch":17,"sticky":"before","xRel":60.08331298828125},"text":[")"],"removed":[""],"origin":"+input"}
2019-4-1 14:21:47.323#change#{"from":{"line":4,"ch":17,"sticky":"before","xRel":60.08331298828125},"to":{"line":4,"ch":17,"sticky":"before","xRel":60.08331298828125},"text":[")"],"removed":[""],"origin":"+input"}
2019-4-1 14:21:48.802#saida_testar#$ python3 main.py
2019-4-1 14:21:49.091#blur#
2019-4-1 14:21:52.239#mousedown#{"isTrusted":true}
2019-4-1 14:21:52.335#focus#
2019-4-1 14:21:53.016#change#{"from":{"line":4,"ch":15,"sticky":"after"},"to":{"line":4,"ch":16,"sticky":"after","xRel":2.08331298828125},"text":[""],"removed":["l"],"origin":"+delete"}
2019-4-1 14:21:53.016#keyHandled#"Backspace"
2019-4-1 14:21:53.168#change#{"from":{"line":4,"ch":14,"sticky":"after"},"to":{"line":4,"ch":15,"sticky":null},"text":[""],"removed":["l"],"origin":"+delete"}
2019-4-1 14:21:53.168#keyHandled#"Backspace"
2019-4-1 14:21:53.342#change#{"from":{"line":4,"ch":13,"sticky":"after"},"to":{"line":4,"ch":14,"sticky":null},"text":[""],"removed":[","],"origin":"+delete"}
2019-4-1 14:21:53.342#keyHandled#"Backspace"
2019-4-1 14:21:53.704#change#{"from":{"line":4,"ch":12,"sticky":"after"},"to":{"line":4,"ch":13,"sticky":null},"text":[""],"removed":["2"],"origin":"+delete"}
2019-4-1 14:21:53.704#keyHandled#"Backspace"
2019-4-1 14:21:54.517#change#{"from":{"line":4,"ch":12,"sticky":null},"to":{"line":4,"ch":12,"sticky":null},"text":["l"],"removed":[""],"origin":"+input"}
2019-4-1 14:21:54.634#change#{"from":{"line":4,"ch":13,"sticky":null},"to":{"line":4,"ch":13,"sticky":null},"text":["l"],"removed":[""],"origin":"+input"}
2019-4-1 14:21:56.126#change#{"from":{"line":4,"ch":14,"sticky":null},"to":{"line":4,"ch":14,"sticky":null},"text":[","],"removed":[""],"origin":"+input"}
2019-4-1 14:21:56.223#change#{"from":{"line":4,"ch":15,"sticky":null},"to":{"line":4,"ch":15,"sticky":null},"text":["2"],"removed":[""],"origin":"+input"}
2019-4-1 14:21:56.126#change#{"from":{"line":4,"ch":14,"sticky":null},"to":{"line":4,"ch":14,"sticky":null},"text":[","],"removed":[""],"origin":"+input"}
2019-4-1 14:21:56.223#change#{"from":{"line":4,"ch":15,"sticky":null},"to":{"line":4,"ch":15,"sticky":null},"text":["2"],"removed":[""],"origin":"+input"}
2019-4-1 14:21:58.396#blur#
2019-4-1 14:21:58.470#saida_testar#$ python3 main.py
2019-4-1 14:21:58.396#blur#
2019-4-1 14:21:58.470#saida_testar#$ python3 main.py
2019-4-1 14:22:04.838#saida_testar#$ python3 main.py
