2019-4-29 18:11:04.828#viewportChange#0
2019-4-29 18:11:05.901#mousedown#{"isTrusted":true}
2019-4-29 18:11:05.911#focus#
2019-4-29 18:11:10.251#change#{"from":{"line":0,"ch":0,"sticky":"after","xRel":128.08331298828125},"to":{"line":0,"ch":0,"sticky":"after","xRel":128.08331298828125},"text":["x"],"removed":[""],"origin":"+input"}
2019-4-29 18:11:11.134#change#{"from":{"line":0,"ch":1,"sticky":null},"to":{"line":0,"ch":1,"sticky":null},"text":[" "],"removed":[""],"origin":"+input"}
2019-4-29 18:11:11.271#change#{"from":{"line":0,"ch":2,"sticky":null},"to":{"line":0,"ch":2,"sticky":null},"text":["="],"removed":[""],"origin":"+input"}
2019-4-29 18:11:11.393#change#{"from":{"line":0,"ch":3,"sticky":null},"to":{"line":0,"ch":3,"sticky":null},"text":[" "],"removed":[""],"origin":"+input"}
2019-4-29 18:11:12.164#change#{"from":{"line":0,"ch":4,"sticky":null},"to":{"line":0,"ch":4,"sticky":null},"text":["f"],"removed":[""],"origin":"+input"}
2019-4-29 18:11:12.252#change#{"from":{"line":0,"ch":5,"sticky":null},"to":{"line":0,"ch":5,"sticky":null},"text":["l"],"removed":[""],"origin":"+input"}
2019-4-29 18:11:12.432#change#{"from":{"line":0,"ch":6,"sticky":null},"to":{"line":0,"ch":6,"sticky":null},"text":["o"],"removed":[""],"origin":"+input"}
2019-4-29 18:11:12.520#change#{"from":{"line":0,"ch":7,"sticky":null},"to":{"line":0,"ch":7,"sticky":null},"text":["a"],"removed":[""],"origin":"+input"}
2019-4-29 18:11:12.723#change#{"from":{"line":0,"ch":8,"sticky":null},"to":{"line":0,"ch":8,"sticky":null},"text":["t"],"removed":[""],"origin":"+input"}
2019-4-29 18:11:12.959#change#{"from":{"line":0,"ch":9,"sticky":null},"to":{"line":0,"ch":9,"sticky":null},"text":["()"],"removed":[""],"origin":"+input"}
2019-4-29 18:11:12.959#keyHandled#"'('"
2019-4-29 18:11:13.463#change#{"from":{"line":0,"ch":10,"sticky":"after"},"to":{"line":0,"ch":10,"sticky":"after"},"text":["i"],"removed":[""],"origin":"+input"}
2019-4-29 18:11:13.610#change#{"from":{"line":0,"ch":11,"sticky":null},"to":{"line":0,"ch":11,"sticky":null},"text":["n"],"removed":[""],"origin":"+input"}
2019-4-29 18:11:13.814#change#{"from":{"line":0,"ch":12,"sticky":null},"to":{"line":0,"ch":12,"sticky":null},"text":["p"],"removed":[""],"origin":"+input"}
2019-4-29 18:11:14.015#change#{"from":{"line":0,"ch":13,"sticky":null},"to":{"line":0,"ch":13,"sticky":null},"text":["u"],"removed":[""],"origin":"+input"}
2019-4-29 18:11:14.127#change#{"from":{"line":0,"ch":14,"sticky":null},"to":{"line":0,"ch":14,"sticky":null},"text":["t"],"removed":[""],"origin":"+input"}
2019-4-29 18:11:14.441#change#{"from":{"line":0,"ch":15,"sticky":null},"to":{"line":0,"ch":15,"sticky":null},"text":["()"],"removed":[""],"origin":"+input"}
2019-4-29 18:11:14.441#keyHandled#"'('"
2019-4-29 18:11:15.022#change#{"from":{"line":0,"ch":16,"sticky":"after"},"to":{"line":0,"ch":16,"sticky":"after"},"text":["V"],"removed":[""],"origin":"+input"}
2019-4-29 18:11:15.199#change#{"from":{"line":0,"ch":17,"sticky":null},"to":{"line":0,"ch":17,"sticky":null},"text":["a"],"removed":[""],"origin":"+input"}
2019-4-29 18:11:15.586#change#{"from":{"line":0,"ch":17,"sticky":"after"},"to":{"line":0,"ch":18,"sticky":null},"text":[""],"removed":["a"],"origin":"+delete"}
2019-4-29 18:11:15.586#keyHandled#"Backspace"
2019-4-29 18:11:15.744#change#{"from":{"line":0,"ch":16,"sticky":"after"},"to":{"line":0,"ch":17,"sticky":null},"text":[""],"removed":["V"],"origin":"+delete"}
2019-4-29 18:11:15.744#keyHandled#"Backspace"
2019-4-29 18:11:16.038#change#{"from":{"line":0,"ch":16,"sticky":null},"to":{"line":0,"ch":16,"sticky":null},"text":["\"\""],"removed":[""],"origin":"+input"}
2019-4-29 18:11:16.038#keyHandled#"'\"'"
2019-4-29 18:11:16.299#change#{"from":{"line":0,"ch":17,"sticky":"after"},"to":{"line":0,"ch":17,"sticky":"after"},"text":["v"],"removed":[""],"origin":"+input"}
2019-4-29 18:11:16.377#change#{"from":{"line":0,"ch":18,"sticky":null},"to":{"line":0,"ch":18,"sticky":null},"text":["a"],"removed":[""],"origin":"+input"}
2019-4-29 18:11:16.426#change#{"from":{"line":0,"ch":19,"sticky":null},"to":{"line":0,"ch":19,"sticky":null},"text":["l"],"removed":[""],"origin":"+input"}
2019-4-29 18:11:16.626#change#{"from":{"line":0,"ch":20,"sticky":null},"to":{"line":0,"ch":20,"sticky":null},"text":["o"],"removed":[""],"origin":"+input"}
2019-4-29 18:11:17.120#change#{"from":{"line":0,"ch":19,"sticky":"after"},"to":{"line":0,"ch":20,"sticky":null},"text":[""],"removed":["l"],"origin":"+delete"}
2019-4-29 18:11:17.120#keyHandled#"Backspace"
2019-4-29 18:11:17.272#change#{"from":{"line":0,"ch":18,"sticky":"after"},"to":{"line":0,"ch":19,"sticky":null},"text":[""],"removed":["a"],"origin":"+delete"}
2019-4-29 18:11:17.272#keyHandled#"Backspace"
2019-4-29 18:11:17.393#change#{"from":{"line":0,"ch":17,"sticky":"after"},"to":{"line":0,"ch":18,"sticky":null},"text":[""],"removed":["v"],"origin":"+delete"}
2019-4-29 18:11:17.393#keyHandled#"Backspace"
2019-4-29 18:11:18.030#change#{"from":{"line":0,"ch":17,"sticky":null},"to":{"line":0,"ch":17,"sticky":null},"text":["X"],"removed":[""],"origin":"+input"}
2019-4-29 18:11:18.773#change#{"from":{"line":0,"ch":18,"sticky":null},"to":{"line":0,"ch":18,"sticky":null},"text":[":"],"removed":[""],"origin":"+input"}
2019-4-29 18:11:18.871#change#{"from":{"line":0,"ch":19,"sticky":null},"to":{"line":0,"ch":19,"sticky":null},"text":[" "],"removed":[""],"origin":"+input"}
2019-4-29 18:11:19.325#keyHandled#"Right"
2019-4-29 18:11:19.453#keyHandled#"Right"
2019-4-29 18:11:19.606#keyHandled#"Right"
2019-4-29 18:11:20.064#change#{"from":{"line":0,"ch":23,"sticky":"before"},"to":{"line":0,"ch":23,"sticky":"before"},"text":["",""],"removed":[""],"origin":"+input"}
2019-4-29 18:11:20.064#keyHandled#"Enter"
2019-4-29 18:11:20.078#viewportChange#0
2019-4-29 18:11:20.202#change#{"from":{"line":1,"ch":0,"sticky":null},"to":{"line":1,"ch":0,"sticky":null},"text":["",""],"removed":[""],"origin":"+input"}
2019-4-29 18:11:20.202#keyHandled#"Enter"
2019-4-29 18:11:20.215#viewportChange#0
2019-4-29 18:11:22.333#change#{"from":{"line":2,"ch":0,"sticky":null},"to":{"line":2,"ch":0,"sticky":null},"text":["f"],"removed":[""],"origin":"+input"}
2019-4-29 18:11:22.584#change#{"from":{"line":2,"ch":0,"sticky":"after"},"to":{"line":2,"ch":1,"sticky":null},"text":[""],"removed":["f"],"origin":"+delete"}
2019-4-29 18:11:22.584#keyHandled#"Backspace"
2019-4-29 18:11:22.975#change#{"from":{"line":2,"ch":0,"sticky":null},"to":{"line":2,"ch":0,"sticky":null},"text":["i"],"removed":[""],"origin":"+input"}
2019-4-29 18:11:23.153#change#{"from":{"line":2,"ch":1,"sticky":null},"to":{"line":2,"ch":1,"sticky":null},"text":["f"],"removed":[""],"origin":"+input"}
2019-4-29 18:11:24.519#change#{"from":{"line":2,"ch":2,"sticky":null},"to":{"line":2,"ch":2,"sticky":null},"text":[" "],"removed":[""],"origin":"+input"}
2019-4-29 18:11:24.982#change#{"from":{"line":2,"ch":3,"sticky":null},"to":{"line":2,"ch":3,"sticky":null},"text":["()"],"removed":[""],"origin":"+input"}
2019-4-29 18:11:24.982#keyHandled#"'('"
2019-4-29 18:11:25.697#change#{"from":{"line":2,"ch":4,"sticky":"after"},"to":{"line":2,"ch":4,"sticky":"after"},"text":["x"],"removed":[""],"origin":"+input"}
2019-4-29 18:11:26.027#change#{"from":{"line":2,"ch":4,"sticky":"after"},"to":{"line":2,"ch":5,"sticky":null},"text":[""],"removed":["x"],"origin":"+delete"}
2019-4-29 18:11:26.027#keyHandled#"Backspace"
2019-4-29 18:11:26.871#change#{"from":{"line":2,"ch":4,"sticky":null},"to":{"line":2,"ch":4,"sticky":null},"text":["x"],"removed":[""],"origin":"+input"}
2019-4-29 18:11:27.164#change#{"from":{"line":2,"ch":5,"sticky":null},"to":{"line":2,"ch":5,"sticky":null},"text":[" "],"removed":[""],"origin":"+input"}
2019-4-29 18:11:27.246#change#{"from":{"line":2,"ch":6,"sticky":null},"to":{"line":2,"ch":6,"sticky":null},"text":["-"],"removed":[""],"origin":"+input"}
2019-4-29 18:11:27.422#change#{"from":{"line":2,"ch":7,"sticky":null},"to":{"line":2,"ch":7,"sticky":null},"text":["-"],"removed":[""],"origin":"+input"}
2019-4-29 18:11:27.562#change#{"from":{"line":2,"ch":8,"sticky":null},"to":{"line":2,"ch":8,"sticky":null},"text":[" "],"removed":[""],"origin":"+input"}
2019-4-29 18:11:27.726#change#{"from":{"line":2,"ch":9,"sticky":null},"to":{"line":2,"ch":9,"sticky":null},"text":["="],"removed":[""],"origin":"+input"}
2019-4-29 18:11:27.986#change#{"from":{"line":2,"ch":9,"sticky":"after"},"to":{"line":2,"ch":10,"sticky":null},"text":[""],"removed":["="],"origin":"+delete"}
2019-4-29 18:11:27.986#keyHandled#"Backspace"
2019-4-29 18:11:28.144#change#{"from":{"line":2,"ch":8,"sticky":"after"},"to":{"line":2,"ch":9,"sticky":null},"text":[""],"removed":[" "],"origin":"+delete"}
2019-4-29 18:11:28.144#keyHandled#"Backspace"
2019-4-29 18:11:28.301#change#{"from":{"line":2,"ch":7,"sticky":"after"},"to":{"line":2,"ch":8,"sticky":null},"text":[""],"removed":["-"],"origin":"+delete"}
2019-4-29 18:11:28.301#keyHandled#"Backspace"
2019-4-29 18:11:28.645#change#{"from":{"line":2,"ch":6,"sticky":"after"},"to":{"line":2,"ch":7,"sticky":null},"text":[""],"removed":["-"],"origin":"+delete"}
2019-4-29 18:11:28.645#keyHandled#"Backspace"
2019-4-29 18:11:28.714#change#{"from":{"line":2,"ch":6,"sticky":null},"to":{"line":2,"ch":6,"sticky":null},"text":["="],"removed":[""],"origin":"+input"}
2019-4-29 18:11:29.156#change#{"from":{"line":2,"ch":7,"sticky":null},"to":{"line":2,"ch":7,"sticky":null},"text":["="],"removed":[""],"origin":"+input"}
2019-4-29 18:11:29.835#change#{"from":{"line":2,"ch":7,"sticky":"after"},"to":{"line":2,"ch":8,"sticky":null},"text":[""],"removed":["="],"origin":"+delete"}
2019-4-29 18:11:29.835#keyHandled#"Backspace"
2019-4-29 18:11:30.040#change#{"from":{"line":2,"ch":6,"sticky":"after"},"to":{"line":2,"ch":7,"sticky":null},"text":[""],"removed":["="],"origin":"+delete"}
2019-4-29 18:11:30.040#keyHandled#"Backspace"
2019-4-29 18:11:30.225#change#{"from":{"line":2,"ch":5,"sticky":"after"},"to":{"line":2,"ch":6,"sticky":null},"text":[""],"removed":[" "],"origin":"+delete"}
2019-4-29 18:11:30.225#keyHandled#"Backspace"
2019-4-29 18:11:30.801#change#{"from":{"line":2,"ch":4,"sticky":"after"},"to":{"line":2,"ch":5,"sticky":null},"text":[""],"removed":["x"],"origin":"+delete"}
2019-4-29 18:11:30.801#keyHandled#"Backspace"
2019-4-29 18:11:34.643#change#{"from":{"line":2,"ch":4,"sticky":null},"to":{"line":2,"ch":4,"sticky":null},"text":["x"],"removed":[""],"origin":"+input"}
2019-4-29 18:11:34.892#change#{"from":{"line":2,"ch":5,"sticky":null},"to":{"line":2,"ch":5,"sticky":null},"text":[" "],"removed":[""],"origin":"+input"}
2019-4-29 18:11:35.056#change#{"from":{"line":2,"ch":6,"sticky":null},"to":{"line":2,"ch":6,"sticky":null},"text":["="],"removed":[""],"origin":"+input"}
2019-4-29 18:11:35.619#change#{"from":{"line":2,"ch":6,"sticky":"after"},"to":{"line":2,"ch":7,"sticky":null},"text":[""],"removed":["="],"origin":"+delete"}
2019-4-29 18:11:35.619#keyHandled#"Backspace"
2019-4-29 18:11:36.108#change#{"from":{"line":2,"ch":6,"sticky":null},"to":{"line":2,"ch":6,"sticky":null},"text":["<"],"removed":[""],"origin":"+input"}
2019-4-29 18:11:36.609#change#{"from":{"line":2,"ch":7,"sticky":null},"to":{"line":2,"ch":7,"sticky":null},"text":["="],"removed":[""],"origin":"+input"}
2019-4-29 18:11:37.184#change#{"from":{"line":2,"ch":8,"sticky":null},"to":{"line":2,"ch":8,"sticky":null},"text":[" "],"removed":[""],"origin":"+input"}
2019-4-29 18:11:37.428#change#{"from":{"line":2,"ch":9,"sticky":null},"to":{"line":2,"ch":9,"sticky":null},"text":["-"],"removed":[""],"origin":"+input"}
2019-4-29 18:11:37.888#change#{"from":{"line":2,"ch":9,"sticky":"after"},"to":{"line":2,"ch":10,"sticky":null},"text":[""],"removed":["-"],"origin":"+delete"}
2019-4-29 18:11:37.888#keyHandled#"Backspace"
2019-4-29 18:11:38.239#change#{"from":{"line":2,"ch":9,"sticky":null},"to":{"line":2,"ch":9,"sticky":null},"text":["0"],"removed":[""],"origin":"+input"}
2019-4-29 18:11:38.665#keyHandled#"Right"
2019-4-29 18:11:39.441#change#{"from":{"line":2,"ch":11,"sticky":"before"},"to":{"line":2,"ch":11,"sticky":"before"},"text":[":"],"removed":[""],"origin":"+input"}
2019-4-29 18:11:39.608#change#{"from":{"line":2,"ch":12,"sticky":null},"to":{"line":2,"ch":12,"sticky":null},"text":["",""],"removed":[""],"origin":"+input"}
2019-4-29 18:11:39.609#change#{"from":{"line":3,"ch":0,"sticky":null},"to":{"line":3,"ch":0,"sticky":null},"text":["\t"],"removed":[""],"origin":"+input"}
2019-4-29 18:11:39.609#keyHandled#"Enter"
2019-4-29 18:11:39.621#viewportChange#0
2019-4-29 18:11:42.408#change#{"from":{"line":3,"ch":1,"sticky":null},"to":{"line":3,"ch":1,"sticky":null},"text":["f"],"removed":[""],"origin":"+input"}
2019-4-29 18:11:43.394#change#{"from":{"line":3,"ch":2,"sticky":null},"to":{"line":3,"ch":2,"sticky":null},"text":[" "],"removed":[""],"origin":"+input"}
2019-4-29 18:11:43.590#change#{"from":{"line":3,"ch":3,"sticky":null},"to":{"line":3,"ch":3,"sticky":null},"text":["="],"removed":[""],"origin":"+input"}
2019-4-29 18:11:43.902#change#{"from":{"line":3,"ch":4,"sticky":null},"to":{"line":3,"ch":4,"sticky":null},"text":[" "],"removed":[""],"origin":"+input"}
2019-4-29 18:11:44.195#change#{"from":{"line":3,"ch":5,"sticky":null},"to":{"line":3,"ch":5,"sticky":null},"text":["0"],"removed":[""],"origin":"+input"}
2019-4-29 18:11:44.909#change#{"from":{"line":3,"ch":6,"sticky":null},"to":{"line":3,"ch":6,"sticky":null},"text":["",""],"removed":[""],"origin":"+input"}
2019-4-29 18:11:44.909#change#{"from":{"line":4,"ch":0,"sticky":null},"to":{"line":4,"ch":0,"sticky":null},"text":["\t"],"removed":[""],"origin":"+input"}
2019-4-29 18:11:44.909#keyHandled#"Enter"
2019-4-29 18:11:44.921#viewportChange#0
2019-4-29 18:11:45.345#change#{"from":{"line":4,"ch":0,"sticky":"after"},"to":{"line":4,"ch":1,"sticky":null},"text":[""],"removed":["\t"],"origin":"+delete"}
2019-4-29 18:11:45.345#keyHandled#"Backspace"
2019-4-29 18:11:46.433#change#{"from":{"line":4,"ch":0,"sticky":null},"to":{"line":4,"ch":0,"sticky":null},"text":["e"],"removed":[""],"origin":"+input"}
2019-4-29 18:11:46.516#change#{"from":{"line":4,"ch":1,"sticky":null},"to":{"line":4,"ch":1,"sticky":null},"text":["l"],"removed":[""],"origin":"+input"}
2019-4-29 18:11:46.734#change#{"from":{"line":4,"ch":2,"sticky":null},"to":{"line":4,"ch":2,"sticky":null},"text":["i"],"removed":[""],"origin":"+input"}
2019-4-29 18:11:46.872#change#{"from":{"line":4,"ch":3,"sticky":null},"to":{"line":4,"ch":3,"sticky":null},"text":["f"],"removed":[""],"origin":"+input"}
2019-4-29 18:11:47.397#change#{"from":{"line":4,"ch":4,"sticky":null},"to":{"line":4,"ch":4,"sticky":null},"text":[" "],"removed":[""],"origin":"+input"}
2019-4-29 18:11:47.630#change#{"from":{"line":4,"ch":5,"sticky":null},"to":{"line":4,"ch":5,"sticky":null},"text":["()"],"removed":[""],"origin":"+input"}
2019-4-29 18:11:47.630#keyHandled#"'('"
2019-4-29 18:11:49.026#change#{"from":{"line":4,"ch":6,"sticky":"after"},"to":{"line":4,"ch":6,"sticky":"after"},"text":["x"],"removed":[""],"origin":"+input"}
2019-4-29 18:11:49.895#change#{"from":{"line":4,"ch":7,"sticky":null},"to":{"line":4,"ch":7,"sticky":null},"text":[" "],"removed":[""],"origin":"+input"}
2019-4-29 18:11:51.120#change#{"from":{"line":4,"ch":8,"sticky":null},"to":{"line":4,"ch":8,"sticky":null},"text":["="],"removed":[""],"origin":"+input"}
2019-4-29 18:11:51.284#change#{"from":{"line":4,"ch":9,"sticky":null},"to":{"line":4,"ch":9,"sticky":null},"text":["="],"removed":[""],"origin":"+input"}
2019-4-29 18:11:51.477#change#{"from":{"line":4,"ch":10,"sticky":null},"to":{"line":4,"ch":10,"sticky":null},"text":[" "],"removed":[""],"origin":"+input"}
2019-4-29 18:11:51.555#change#{"from":{"line":4,"ch":11,"sticky":null},"to":{"line":4,"ch":11,"sticky":null},"text":["1"],"removed":[""],"origin":"+input"}
2019-4-29 18:11:52.044#keyHandled#"Right"
2019-4-29 18:11:52.187#keyHandled#"Right"
2019-4-29 18:11:52.919#change#{"from":{"line":4,"ch":13,"sticky":"before","hitSide":true},"to":{"line":4,"ch":13,"sticky":"before","hitSide":true},"text":[":"],"removed":[""],"origin":"+input"}
2019-4-29 18:11:53.090#change#{"from":{"line":4,"ch":14,"sticky":null},"to":{"line":4,"ch":14,"sticky":null},"text":["",""],"removed":[""],"origin":"+input"}
2019-4-29 18:11:53.090#change#{"from":{"line":5,"ch":0,"sticky":null},"to":{"line":5,"ch":0,"sticky":null},"text":["\t"],"removed":[""],"origin":"+input"}
2019-4-29 18:11:53.090#keyHandled#"Enter"
2019-4-29 18:11:53.103#viewportChange#0
2019-4-29 18:11:53.642#change#{"from":{"line":5,"ch":1,"sticky":null},"to":{"line":5,"ch":1,"sticky":null},"text":["f"],"removed":[""],"origin":"+input"}
2019-4-29 18:11:53.869#change#{"from":{"line":5,"ch":2,"sticky":null},"to":{"line":5,"ch":2,"sticky":null},"text":[" "],"removed":[""],"origin":"+input"}
2019-4-29 18:11:54.301#change#{"from":{"line":5,"ch":3,"sticky":null},"to":{"line":5,"ch":3,"sticky":null},"text":["-"],"removed":[""],"origin":"+input"}
2019-4-29 18:11:54.630#change#{"from":{"line":5,"ch":3,"sticky":"after"},"to":{"line":5,"ch":4,"sticky":null},"text":[""],"removed":["-"],"origin":"+delete"}
2019-4-29 18:11:54.630#keyHandled#"Backspace"
2019-4-29 18:11:54.768#change#{"from":{"line":5,"ch":3,"sticky":null},"to":{"line":5,"ch":3,"sticky":null},"text":["="],"removed":[""],"origin":"+input"}
2019-4-29 18:11:54.944#change#{"from":{"line":5,"ch":4,"sticky":null},"to":{"line":5,"ch":4,"sticky":null},"text":[" "],"removed":[""],"origin":"+input"}
2019-4-29 18:11:58.990#mousedown#{"isTrusted":true}
2019-4-29 18:12:00.433#mousedown#{"isTrusted":true}
2019-4-29 18:12:00.753#change#{"from":{"line":5,"ch":5,"sticky":"before","xRel":8.08331298828125},"to":{"line":5,"ch":5,"sticky":"before","xRel":8.08331298828125},"text":["1"],"removed":[""],"origin":"+input"}
2019-4-29 18:12:01.257#mousedown#{"isTrusted":true}
2019-4-29 18:12:04.211#keyHandled#"Right"
2019-4-29 18:12:05.302#change#{"from":{"line":4,"ch":7,"sticky":"before"},"to":{"line":4,"ch":7,"sticky":"before"},"text":[">"],"removed":[""],"origin":"+input"}
2019-4-29 18:12:05.739#change#{"from":{"line":4,"ch":7,"sticky":"after"},"to":{"line":4,"ch":8,"sticky":null},"text":[""],"removed":[">"],"origin":"+delete"}
2019-4-29 18:12:05.739#keyHandled#"Backspace"
2019-4-29 18:12:06.315#change#{"from":{"line":4,"ch":7,"sticky":null},"to":{"line":4,"ch":7,"sticky":null},"text":[" "],"removed":[""],"origin":"+input"}
2019-4-29 18:12:06.431#change#{"from":{"line":4,"ch":8,"sticky":null},"to":{"line":4,"ch":8,"sticky":null},"text":[">"],"removed":[""],"origin":"+input"}
2019-4-29 18:12:06.874#change#{"from":{"line":4,"ch":9,"sticky":null},"to":{"line":4,"ch":9,"sticky":null},"text":[" "],"removed":[""],"origin":"+input"}
2019-4-29 18:12:07.011#change#{"from":{"line":4,"ch":10,"sticky":null},"to":{"line":4,"ch":10,"sticky":null},"text":["0"],"removed":[""],"origin":"+input"}
2019-4-29 18:12:07.816#keyHandled#"Right"
2019-4-29 18:12:08.027#keyHandled#"Right"
2019-4-29 18:12:08.154#keyHandled#"Right"
2019-4-29 18:12:08.275#keyHandled#"Right"
2019-4-29 18:12:09.207#keyHandled#"Left"
2019-4-29 18:12:09.832#change#{"from":{"line":4,"ch":13,"sticky":"after"},"to":{"line":4,"ch":14,"sticky":"after"},"text":[""],"removed":["="],"origin":"+delete"}
2019-4-29 18:12:09.832#keyHandled#"Backspace"
2019-4-29 18:12:09.979#change#{"from":{"line":4,"ch":12,"sticky":"after"},"to":{"line":4,"ch":13,"sticky":null},"text":[""],"removed":["="],"origin":"+delete"}
2019-4-29 18:12:09.979#keyHandled#"Backspace"
2019-4-29 18:12:10.157#change#{"from":{"line":4,"ch":11,"sticky":"after"},"to":{"line":4,"ch":12,"sticky":null},"text":[""],"removed":[" "],"origin":"+delete"}
2019-4-29 18:12:10.157#keyHandled#"Backspace"
2019-4-29 18:12:10.668#change#{"from":{"line":4,"ch":11,"sticky":null},"to":{"line":4,"ch":11,"sticky":null},"text":[" "],"removed":[""],"origin":"+input"}
2019-4-29 18:12:10.835#change#{"from":{"line":4,"ch":12,"sticky":null},"to":{"line":4,"ch":12,"sticky":null},"text":["n"],"removed":[""],"origin":"+input"}
2019-4-29 18:12:10.852#change#{"from":{"line":4,"ch":13,"sticky":null},"to":{"line":4,"ch":13,"sticky":null},"text":["a"],"removed":[""],"origin":"+input"}
2019-4-29 18:12:11.099#change#{"from":{"line":4,"ch":14,"sticky":null},"to":{"line":4,"ch":14,"sticky":null},"text":["d"],"removed":[""],"origin":"+input"}
2019-4-29 18:12:11.559#change#{"from":{"line":4,"ch":14,"sticky":"after"},"to":{"line":4,"ch":15,"sticky":null},"text":[""],"removed":["d"],"origin":"+delete"}
2019-4-29 18:12:11.559#keyHandled#"Backspace"
2019-4-29 18:12:11.735#change#{"from":{"line":4,"ch":13,"sticky":"after"},"to":{"line":4,"ch":14,"sticky":null},"text":[""],"removed":["a"],"origin":"+delete"}
2019-4-29 18:12:11.735#keyHandled#"Backspace"
2019-4-29 18:12:12.096#change#{"from":{"line":4,"ch":12,"sticky":"after"},"to":{"line":4,"ch":13,"sticky":null},"text":[""],"removed":["n"],"origin":"+delete"}
2019-4-29 18:12:12.096#keyHandled#"Backspace"
2019-4-29 18:12:12.222#change#{"from":{"line":4,"ch":12,"sticky":null},"to":{"line":4,"ch":12,"sticky":null},"text":["a"],"removed":[""],"origin":"+input"}
2019-4-29 18:12:12.327#change#{"from":{"line":4,"ch":13,"sticky":null},"to":{"line":4,"ch":13,"sticky":null},"text":["n"],"removed":[""],"origin":"+input"}
2019-4-29 18:12:12.440#change#{"from":{"line":4,"ch":14,"sticky":null},"to":{"line":4,"ch":14,"sticky":null},"text":["d"],"removed":[""],"origin":"+input"}
2019-4-29 18:12:12.974#change#{"from":{"line":4,"ch":15,"sticky":null},"to":{"line":4,"ch":15,"sticky":null},"text":[" "],"removed":[""],"origin":"+input"}
2019-4-29 18:12:13.167#change#{"from":{"line":4,"ch":16,"sticky":null},"to":{"line":4,"ch":16,"sticky":null},"text":["x"],"removed":[""],"origin":"+input"}
2019-4-29 18:12:13.773#keyHandled#"Right"
2019-4-29 18:12:14.260#change#{"from":{"line":4,"ch":17,"sticky":"after"},"to":{"line":4,"ch":18,"sticky":"before"},"text":[""],"removed":[" "],"origin":"+delete"}
2019-4-29 18:12:14.260#keyHandled#"Backspace"
2019-4-29 18:12:14.825#change#{"from":{"line":4,"ch":17,"sticky":null},"to":{"line":4,"ch":17,"sticky":null},"text":["<"],"removed":[""],"origin":"+input"}
2019-4-29 18:12:17.099#change#{"from":{"line":4,"ch":18,"sticky":null},"to":{"line":4,"ch":18,"sticky":null},"text":[" "],"removed":[""],"origin":"+input"}
2019-4-29 18:12:17.185#keyHandled#"Left"
2019-4-29 18:12:17.592#keyHandled#"Left"
2019-4-29 18:12:17.729#change#{"from":{"line":4,"ch":17,"sticky":"after"},"to":{"line":4,"ch":17,"sticky":"after"},"text":[" "],"removed":[""],"origin":"+input"}
2019-4-29 18:12:18.596#mousedown#{"isTrusted":true}
2019-4-29 18:12:19.498#change#{"from":{"line":5,"ch":6,"sticky":"before","xRel":77.08331298828125},"to":{"line":5,"ch":6,"sticky":"before","xRel":77.08331298828125},"text":["",""],"removed":[""],"origin":"+input"}
2019-4-29 18:12:19.498#change#{"from":{"line":6,"ch":0,"sticky":null},"to":{"line":6,"ch":0,"sticky":null},"text":["\t"],"removed":[""],"origin":"+input"}
2019-4-29 18:12:19.498#keyHandled#"Enter"
2019-4-29 18:12:19.511#viewportChange#0
2019-4-29 18:12:19.816#change#{"from":{"line":6,"ch":0,"sticky":"after"},"to":{"line":6,"ch":1,"sticky":null},"text":[""],"removed":["\t"],"origin":"+delete"}
2019-4-29 18:12:19.816#keyHandled#"Backspace"
2019-4-29 18:12:20.117#change#{"from":{"line":6,"ch":0,"sticky":null},"to":{"line":6,"ch":0,"sticky":null},"text":["e"],"removed":[""],"origin":"+input"}
2019-4-29 18:12:20.223#change#{"from":{"line":6,"ch":1,"sticky":null},"to":{"line":6,"ch":1,"sticky":null},"text":["l"],"removed":[""],"origin":"+input"}
2019-4-29 18:12:20.476#change#{"from":{"line":6,"ch":2,"sticky":null},"to":{"line":6,"ch":2,"sticky":null},"text":["i"],"removed":[""],"origin":"+input"}
2019-4-29 18:12:20.634#change#{"from":{"line":6,"ch":3,"sticky":null},"to":{"line":6,"ch":3,"sticky":null},"text":["f"],"removed":[""],"origin":"+input"}
2019-4-29 18:12:21.257#change#{"from":{"line":6,"ch":4,"sticky":null},"to":{"line":6,"ch":4,"sticky":null},"text":[" "],"removed":[""],"origin":"+input"}
2019-4-29 18:12:21.508#change#{"from":{"line":6,"ch":5,"sticky":null},"to":{"line":6,"ch":5,"sticky":null},"text":["()"],"removed":[""],"origin":"+input"}
2019-4-29 18:12:21.508#keyHandled#"'('"
2019-4-29 18:12:22.223#change#{"from":{"line":6,"ch":6,"sticky":"after"},"to":{"line":6,"ch":6,"sticky":"after"},"text":["x"],"removed":[""],"origin":"+input"}
2019-4-29 18:12:23.280#change#{"from":{"line":6,"ch":6,"sticky":"after"},"to":{"line":6,"ch":7,"sticky":null},"text":[""],"removed":["x"],"origin":"+delete"}
2019-4-29 18:12:23.280#keyHandled#"Backspace"
2019-4-29 18:12:25.527#change#{"from":{"line":6,"ch":6,"sticky":null},"to":{"line":6,"ch":6,"sticky":null},"text":["x"],"removed":[""],"origin":"+input"}
2019-4-29 18:12:25.847#change#{"from":{"line":6,"ch":7,"sticky":null},"to":{"line":6,"ch":7,"sticky":null},"text":[" "],"removed":[""],"origin":"+input"}
2019-4-29 18:12:26.264#change#{"from":{"line":6,"ch":8,"sticky":null},"to":{"line":6,"ch":8,"sticky":null},"text":[">"],"removed":[""],"origin":"+input"}
2019-4-29 18:12:26.982#change#{"from":{"line":6,"ch":9,"sticky":null},"to":{"line":6,"ch":9,"sticky":null},"text":[" "],"removed":[""],"origin":"+input"}
2019-4-29 18:12:27.111#change#{"from":{"line":6,"ch":10,"sticky":null},"to":{"line":6,"ch":10,"sticky":null},"text":["1"],"removed":[""],"origin":"+input"}
2019-4-29 18:12:28.673#change#{"from":{"line":6,"ch":11,"sticky":null},"to":{"line":6,"ch":11,"sticky":null},"text":[" "],"removed":[""],"origin":"+input"}
2019-4-29 18:12:29.060#change#{"from":{"line":6,"ch":12,"sticky":null},"to":{"line":6,"ch":12,"sticky":null},"text":["a"],"removed":[""],"origin":"+input"}
2019-4-29 18:12:29.172#change#{"from":{"line":6,"ch":13,"sticky":null},"to":{"line":6,"ch":13,"sticky":null},"text":["n"],"removed":[""],"origin":"+input"}
2019-4-29 18:12:29.304#change#{"from":{"line":6,"ch":14,"sticky":null},"to":{"line":6,"ch":14,"sticky":null},"text":["d"],"removed":[""],"origin":"+input"}
2019-4-29 18:12:29.730#change#{"from":{"line":6,"ch":15,"sticky":null},"to":{"line":6,"ch":15,"sticky":null},"text":[" "],"removed":[""],"origin":"+input"}
2019-4-29 18:12:30.434#change#{"from":{"line":6,"ch":16,"sticky":null},"to":{"line":6,"ch":16,"sticky":null},"text":["x"],"removed":[""],"origin":"+input"}
2019-4-29 18:12:31.268#change#{"from":{"line":6,"ch":17,"sticky":null},"to":{"line":6,"ch":17,"sticky":null},"text":[" "],"removed":[""],"origin":"+input"}
2019-4-29 18:12:31.496#change#{"from":{"line":6,"ch":18,"sticky":null},"to":{"line":6,"ch":18,"sticky":null},"text":["<"],"removed":[""],"origin":"+input"}
2019-4-29 18:12:31.790#change#{"from":{"line":6,"ch":19,"sticky":null},"to":{"line":6,"ch":19,"sticky":null},"text":["="],"removed":[""],"origin":"+input"}
2019-4-29 18:12:32.424#change#{"from":{"line":6,"ch":20,"sticky":null},"to":{"line":6,"ch":20,"sticky":null},"text":["2"],"removed":[""],"origin":"+input"}
2019-4-29 18:12:33.747#change#{"from":{"line":6,"ch":20,"sticky":"after"},"to":{"line":6,"ch":21,"sticky":null},"text":[""],"removed":["2"],"origin":"+delete"}
2019-4-29 18:12:33.747#keyHandled#"Backspace"
2019-4-29 18:12:34.056#change#{"from":{"line":6,"ch":20,"sticky":null},"to":{"line":6,"ch":20,"sticky":null},"text":[" "],"removed":[""],"origin":"+input"}
2019-4-29 18:12:34.282#change#{"from":{"line":6,"ch":21,"sticky":null},"to":{"line":6,"ch":21,"sticky":null},"text":["2"],"removed":[""],"origin":"+input"}
2019-4-29 18:12:34.465#keyHandled#"Right"
2019-4-29 18:12:35.133#change#{"from":{"line":6,"ch":23,"sticky":"before"},"to":{"line":6,"ch":23,"sticky":"before"},"text":[":"],"removed":[""],"origin":"+input"}
2019-4-29 18:12:35.385#change#{"from":{"line":6,"ch":24,"sticky":null},"to":{"line":6,"ch":24,"sticky":null},"text":["",""],"removed":[""],"origin":"+input"}
2019-4-29 18:12:35.385#change#{"from":{"line":7,"ch":0,"sticky":null},"to":{"line":7,"ch":0,"sticky":null},"text":["\t"],"removed":[""],"origin":"+input"}
2019-4-29 18:12:35.385#keyHandled#"Enter"
2019-4-29 18:12:35.400#viewportChange#0
2019-4-29 18:12:36.324#change#{"from":{"line":7,"ch":1,"sticky":null},"to":{"line":7,"ch":1,"sticky":null},"text":["f"],"removed":[""],"origin":"+input"}
2019-4-29 18:12:36.632#change#{"from":{"line":7,"ch":2,"sticky":null},"to":{"line":7,"ch":2,"sticky":null},"text":[" "],"removed":[""],"origin":"+input"}
2019-4-29 18:12:36.761#change#{"from":{"line":7,"ch":3,"sticky":null},"to":{"line":7,"ch":3,"sticky":null},"text":["-"],"removed":[""],"origin":"+input"}
2019-4-29 18:12:37.006#change#{"from":{"line":7,"ch":4,"sticky":null},"to":{"line":7,"ch":4,"sticky":null},"text":[" "],"removed":[""],"origin":"+input"}
2019-4-29 18:12:37.171#change#{"from":{"line":7,"ch":4,"sticky":"after"},"to":{"line":7,"ch":5,"sticky":null},"text":[""],"removed":[" "],"origin":"+delete"}
2019-4-29 18:12:37.171#keyHandled#"Backspace"
2019-4-29 18:12:37.356#change#{"from":{"line":7,"ch":3,"sticky":"after"},"to":{"line":7,"ch":4,"sticky":null},"text":[""],"removed":["-"],"origin":"+delete"}
2019-4-29 18:12:37.356#keyHandled#"Backspace"
2019-4-29 18:12:37.445#change#{"from":{"line":7,"ch":3,"sticky":null},"to":{"line":7,"ch":3,"sticky":null},"text":["="],"removed":[""],"origin":"+input"}
2019-4-29 18:12:37.676#change#{"from":{"line":7,"ch":4,"sticky":null},"to":{"line":7,"ch":4,"sticky":null},"text":[" "],"removed":[""],"origin":"+input"}
2019-4-29 18:12:42.267#change#{"from":{"line":7,"ch":5,"sticky":null},"to":{"line":7,"ch":5,"sticky":null},"text":["3"],"removed":[""],"origin":"+input"}
2019-4-29 18:12:42.827#change#{"from":{"line":7,"ch":5,"sticky":"after"},"to":{"line":7,"ch":6,"sticky":null},"text":[""],"removed":["3"],"origin":"+delete"}
2019-4-29 18:12:42.827#keyHandled#"Backspace"
2019-4-29 18:12:45.039#mousedown#{"isTrusted":true}
2019-4-29 18:12:45.657#mousedown#{"isTrusted":true}
2019-4-29 18:12:46.517#change#{"from":{"line":0,"ch":0,"sticky":"after","xRel":-2.91668701171875},"to":{"line":0,"ch":0,"sticky":"after","xRel":-2.91668701171875},"text":["",""],"removed":[""],"origin":"+input"}
2019-4-29 18:12:46.517#keyHandled#"Enter"
2019-4-29 18:12:46.535#viewportChange#0
2019-4-29 18:12:46.844#keyHandled#"Up"
2019-4-29 18:12:47.820#change#{"from":{"line":0,"ch":0,"sticky":"after","xRel":0},"to":{"line":0,"ch":0,"sticky":"after","xRel":0},"text":["f"],"removed":[""],"origin":"+input"}
2019-4-29 18:12:47.915#change#{"from":{"line":0,"ch":1,"sticky":null},"to":{"line":0,"ch":1,"sticky":null},"text":["o"],"removed":[""],"origin":"+input"}
2019-4-29 18:12:48.057#change#{"from":{"line":0,"ch":2,"sticky":null},"to":{"line":0,"ch":2,"sticky":null},"text":["r"],"removed":[""],"origin":"+input"}
2019-4-29 18:12:48.286#change#{"from":{"line":0,"ch":3,"sticky":null},"to":{"line":0,"ch":3,"sticky":null},"text":["m"],"removed":[""],"origin":"+input"}
2019-4-29 18:12:48.495#change#{"from":{"line":0,"ch":3,"sticky":"after"},"to":{"line":0,"ch":4,"sticky":null},"text":[""],"removed":["m"],"origin":"+delete"}
2019-4-29 18:12:48.495#keyHandled#"Backspace"
2019-4-29 18:12:48.685#change#{"from":{"line":0,"ch":2,"sticky":"after"},"to":{"line":0,"ch":3,"sticky":null},"text":[""],"removed":["r"],"origin":"+delete"}
2019-4-29 18:12:48.686#keyHandled#"Backspace"
2019-4-29 18:12:48.835#change#{"from":{"line":0,"ch":2,"sticky":null},"to":{"line":0,"ch":2,"sticky":null},"text":["r"],"removed":[""],"origin":"+input"}
2019-4-29 18:12:48.953#change#{"from":{"line":0,"ch":3,"sticky":null},"to":{"line":0,"ch":3,"sticky":null},"text":["o"],"removed":[""],"origin":"+input"}
2019-4-29 18:12:49.323#change#{"from":{"line":0,"ch":3,"sticky":"after"},"to":{"line":0,"ch":4,"sticky":null},"text":[""],"removed":["o"],"origin":"+delete"}
2019-4-29 18:12:49.323#keyHandled#"Backspace"
2019-4-29 18:12:49.457#change#{"from":{"line":0,"ch":2,"sticky":"after"},"to":{"line":0,"ch":3,"sticky":null},"text":[""],"removed":["r"],"origin":"+delete"}
2019-4-29 18:12:49.457#keyHandled#"Backspace"
2019-4-29 18:12:49.861#change#{"from":{"line":0,"ch":1,"sticky":"after"},"to":{"line":0,"ch":2,"sticky":null},"text":[""],"removed":["o"],"origin":"+delete"}
2019-4-29 18:12:49.861#keyHandled#"Backspace"
2019-4-29 18:12:50.011#change#{"from":{"line":0,"ch":1,"sticky":null},"to":{"line":0,"ch":1,"sticky":null},"text":["r"],"removed":[""],"origin":"+input"}
2019-4-29 18:12:50.105#change#{"from":{"line":0,"ch":2,"sticky":null},"to":{"line":0,"ch":2,"sticky":null},"text":["o"],"removed":[""],"origin":"+input"}
2019-4-29 18:12:50.533#change#{"from":{"line":0,"ch":3,"sticky":null},"to":{"line":0,"ch":3,"sticky":null},"text":["m"],"removed":[""],"origin":"+input"}
2019-4-29 18:12:50.935#change#{"from":{"line":0,"ch":4,"sticky":null},"to":{"line":0,"ch":4,"sticky":null},"text":[" "],"removed":[""],"origin":"+input"}
2019-4-29 18:12:51.040#change#{"from":{"line":0,"ch":5,"sticky":null},"to":{"line":0,"ch":5,"sticky":null},"text":["m"],"removed":[""],"origin":"+input"}
2019-4-29 18:12:51.169#change#{"from":{"line":0,"ch":6,"sticky":null},"to":{"line":0,"ch":6,"sticky":null},"text":["a"],"removed":[""],"origin":"+input"}
2019-4-29 18:12:51.378#change#{"from":{"line":0,"ch":7,"sticky":null},"to":{"line":0,"ch":7,"sticky":null},"text":["t"],"removed":[""],"origin":"+input"}
2019-4-29 18:12:51.439#change#{"from":{"line":0,"ch":8,"sticky":null},"to":{"line":0,"ch":8,"sticky":null},"text":["h"],"removed":[""],"origin":"+input"}
2019-4-29 18:12:51.753#change#{"from":{"line":0,"ch":9,"sticky":null},"to":{"line":0,"ch":9,"sticky":null},"text":[" "],"removed":[""],"origin":"+input"}
2019-4-29 18:12:51.846#change#{"from":{"line":0,"ch":10,"sticky":null},"to":{"line":0,"ch":10,"sticky":null},"text":["i"],"removed":[""],"origin":"+input"}
2019-4-29 18:12:52.034#change#{"from":{"line":0,"ch":11,"sticky":null},"to":{"line":0,"ch":11,"sticky":null},"text":["m"],"removed":[""],"origin":"+input"}
2019-4-29 18:12:52.270#change#{"from":{"line":0,"ch":12,"sticky":null},"to":{"line":0,"ch":12,"sticky":null},"text":["p"],"removed":[""],"origin":"+input"}
2019-4-29 18:12:52.351#change#{"from":{"line":0,"ch":13,"sticky":null},"to":{"line":0,"ch":13,"sticky":null},"text":["o"],"removed":[""],"origin":"+input"}
2019-4-29 18:12:52.487#change#{"from":{"line":0,"ch":14,"sticky":null},"to":{"line":0,"ch":14,"sticky":null},"text":["r"],"removed":[""],"origin":"+input"}
2019-4-29 18:12:52.692#change#{"from":{"line":0,"ch":15,"sticky":null},"to":{"line":0,"ch":15,"sticky":null},"text":["t"],"removed":[""],"origin":"+input"}
2019-4-29 18:12:52.968#change#{"from":{"line":0,"ch":16,"sticky":null},"to":{"line":0,"ch":16,"sticky":null},"text":[" "],"removed":[""],"origin":"+input"}
2019-4-29 18:12:53.464#change#{"from":{"line":0,"ch":17,"sticky":null},"to":{"line":0,"ch":17,"sticky":null},"text":["\"\""],"removed":[""],"origin":"+input"}
2019-4-29 18:12:53.464#keyHandled#"'\"'"
2019-4-29 18:12:53.843#change#{"from":{"line":0,"ch":17,"sticky":null},"to":{"line":0,"ch":19,"sticky":null},"text":[""],"removed":["\"\""],"origin":"+delete"}
2019-4-29 18:12:53.843#keyHandled#"Backspace"
2019-4-29 18:12:54.746#change#{"from":{"line":0,"ch":17,"sticky":null},"to":{"line":0,"ch":17,"sticky":null},"text":["*"],"removed":[""],"origin":"+input"}
2019-4-29 18:12:56.140#mousedown#{"isTrusted":true}
2019-4-29 18:12:57.106#change#{"from":{"line":8,"ch":6,"sticky":null},"to":{"line":8,"ch":6,"sticky":null},"text":["q"],"removed":[""],"origin":"+input"}
2019-4-29 18:12:57.286#change#{"from":{"line":8,"ch":7,"sticky":null},"to":{"line":8,"ch":7,"sticky":null},"text":["r"],"removed":[""],"origin":"+input"}
2019-4-29 18:12:57.505#change#{"from":{"line":8,"ch":8,"sticky":null},"to":{"line":8,"ch":8,"sticky":null},"text":["t"],"removed":[""],"origin":"+input"}
2019-4-29 18:12:58.042#change#{"from":{"line":8,"ch":9,"sticky":null},"to":{"line":8,"ch":9,"sticky":null},"text":["()"],"removed":[""],"origin":"+input"}
2019-4-29 18:12:58.042#keyHandled#"'('"
2019-4-29 18:12:58.406#change#{"from":{"line":8,"ch":10,"sticky":"after"},"to":{"line":8,"ch":10,"sticky":"after"},"text":["3"],"removed":[""],"origin":"+input"}
2019-4-29 18:12:58.913#keyHandled#"Right"
2019-4-29 18:12:59.320#change#{"from":{"line":8,"ch":12,"sticky":"before"},"to":{"line":8,"ch":12,"sticky":"before"},"text":["",""],"removed":[""],"origin":"+input"}
2019-4-29 18:12:59.320#change#{"from":{"line":9,"ch":0,"sticky":null},"to":{"line":9,"ch":0,"sticky":null},"text":["\t"],"removed":[""],"origin":"+input"}
2019-4-29 18:12:59.320#keyHandled#"Enter"
2019-4-29 18:12:59.352#viewportChange#0
2019-4-29 18:13:05.479#change#{"from":{"line":9,"ch":0,"sticky":"after"},"to":{"line":9,"ch":1,"sticky":null},"text":[""],"removed":["\t"],"origin":"+delete"}
2019-4-29 18:13:05.479#keyHandled#"Backspace"
2019-4-29 18:13:06.448#change#{"from":{"line":9,"ch":0,"sticky":null},"to":{"line":9,"ch":0,"sticky":null},"text":["e"],"removed":[""],"origin":"+input"}
2019-4-29 18:13:06.571#change#{"from":{"line":9,"ch":1,"sticky":null},"to":{"line":9,"ch":1,"sticky":null},"text":["l"],"removed":[""],"origin":"+input"}
2019-4-29 18:13:06.821#change#{"from":{"line":9,"ch":2,"sticky":null},"to":{"line":9,"ch":2,"sticky":null},"text":["i"],"removed":[""],"origin":"+input"}
2019-4-29 18:13:07.003#change#{"from":{"line":9,"ch":3,"sticky":null},"to":{"line":9,"ch":3,"sticky":null},"text":["f"],"removed":[""],"origin":"+input"}
2019-4-29 18:13:07.484#change#{"from":{"line":9,"ch":4,"sticky":null},"to":{"line":9,"ch":4,"sticky":null},"text":[" "],"removed":[""],"origin":"+input"}
2019-4-29 18:13:07.757#change#{"from":{"line":9,"ch":5,"sticky":null},"to":{"line":9,"ch":5,"sticky":null},"text":["()"],"removed":[""],"origin":"+input"}
2019-4-29 18:13:07.757#keyHandled#"'('"
2019-4-29 18:13:08.935#change#{"from":{"line":9,"ch":6,"sticky":"after"},"to":{"line":9,"ch":6,"sticky":"after"},"text":[" "],"removed":[""],"origin":"+input"}
2019-4-29 18:13:09.181#change#{"from":{"line":9,"ch":7,"sticky":null},"to":{"line":9,"ch":7,"sticky":null},"text":["x"],"removed":[""],"origin":"+input"}
2019-4-29 18:13:10.454#change#{"from":{"line":9,"ch":7,"sticky":"after"},"to":{"line":9,"ch":8,"sticky":null},"text":[""],"removed":["x"],"origin":"+delete"}
2019-4-29 18:13:10.454#keyHandled#"Backspace"
2019-4-29 18:13:10.609#change#{"from":{"line":9,"ch":6,"sticky":"after"},"to":{"line":9,"ch":7,"sticky":null},"text":[""],"removed":[" "],"origin":"+delete"}
2019-4-29 18:13:10.609#keyHandled#"Backspace"
2019-4-29 18:13:10.750#change#{"from":{"line":9,"ch":6,"sticky":null},"to":{"line":9,"ch":6,"sticky":null},"text":["x"],"removed":[""],"origin":"+input"}
2019-4-29 18:13:11.246#change#{"from":{"line":9,"ch":7,"sticky":null},"to":{"line":9,"ch":7,"sticky":null},"text":[" "],"removed":[""],"origin":"+input"}
2019-4-29 18:13:11.478#change#{"from":{"line":9,"ch":8,"sticky":null},"to":{"line":9,"ch":8,"sticky":null},"text":[">"],"removed":[""],"origin":"+input"}
2019-4-29 18:13:12.215#change#{"from":{"line":9,"ch":9,"sticky":null},"to":{"line":9,"ch":9,"sticky":null},"text":[" "],"removed":[""],"origin":"+input"}
2019-4-29 18:13:12.368#change#{"from":{"line":9,"ch":10,"sticky":null},"to":{"line":9,"ch":10,"sticky":null},"text":["2"],"removed":[""],"origin":"+input"}
2019-4-29 18:13:12.557#keyHandled#"Right"
2019-4-29 18:13:13.492#change#{"from":{"line":9,"ch":12,"sticky":"before"},"to":{"line":9,"ch":12,"sticky":"before"},"text":["?"],"removed":[""],"origin":"+input"}
2019-4-29 18:13:13.987#change#{"from":{"line":9,"ch":12,"sticky":"after"},"to":{"line":9,"ch":13,"sticky":null},"text":[""],"removed":["?"],"origin":"+delete"}
2019-4-29 18:13:13.987#keyHandled#"Backspace"
2019-4-29 18:13:14.517#change#{"from":{"line":9,"ch":12,"sticky":null},"to":{"line":9,"ch":12,"sticky":null},"text":[":"],"removed":[""],"origin":"+input"}
2019-4-29 18:13:14.746#change#{"from":{"line":9,"ch":13,"sticky":null},"to":{"line":9,"ch":13,"sticky":null},"text":["",""],"removed":[""],"origin":"+input"}
2019-4-29 18:13:14.746#change#{"from":{"line":10,"ch":0,"sticky":null},"to":{"line":10,"ch":0,"sticky":null},"text":["\t"],"removed":[""],"origin":"+input"}
2019-4-29 18:13:14.746#keyHandled#"Enter"
2019-4-29 18:13:14.761#viewportChange#0
2019-4-29 18:13:15.195#change#{"from":{"line":10,"ch":1,"sticky":null},"to":{"line":10,"ch":1,"sticky":null},"text":["f"],"removed":[""],"origin":"+input"}
2019-4-29 18:13:15.544#change#{"from":{"line":10,"ch":2,"sticky":null},"to":{"line":10,"ch":2,"sticky":null},"text":[" "],"removed":[""],"origin":"+input"}
2019-4-29 18:13:15.805#change#{"from":{"line":10,"ch":3,"sticky":null},"to":{"line":10,"ch":3,"sticky":null},"text":["-"],"removed":[""],"origin":"+input"}
2019-4-29 18:13:16.141#change#{"from":{"line":10,"ch":3,"sticky":"after"},"to":{"line":10,"ch":4,"sticky":null},"text":[""],"removed":["-"],"origin":"+delete"}
2019-4-29 18:13:16.141#keyHandled#"Backspace"
2019-4-29 18:13:16.311#change#{"from":{"line":10,"ch":3,"sticky":null},"to":{"line":10,"ch":3,"sticky":null},"text":["="],"removed":[""],"origin":"+input"}
2019-4-29 18:13:16.532#change#{"from":{"line":10,"ch":4,"sticky":null},"to":{"line":10,"ch":4,"sticky":null},"text":[" "],"removed":[""],"origin":"+input"}
2019-4-29 18:13:18.671#change#{"from":{"line":10,"ch":5,"sticky":null},"to":{"line":10,"ch":5,"sticky":null},"text":["x"],"removed":[""],"origin":"+input"}
2019-4-29 18:13:19.453#change#{"from":{"line":10,"ch":5,"sticky":"after"},"to":{"line":10,"ch":6,"sticky":null},"text":[""],"removed":["x"],"origin":"+delete"}
2019-4-29 18:13:19.453#keyHandled#"Backspace"
2019-4-29 18:13:22.233#change#{"from":{"line":10,"ch":5,"sticky":null},"to":{"line":10,"ch":5,"sticky":null},"text":["x"],"removed":[""],"origin":"+input"}
2019-4-29 18:13:22.905#change#{"from":{"line":10,"ch":5,"sticky":"after"},"to":{"line":10,"ch":6,"sticky":null},"text":[""],"removed":["x"],"origin":"+delete"}
2019-4-29 18:13:22.905#keyHandled#"Backspace"
2019-4-29 18:13:23.446#change#{"from":{"line":10,"ch":5,"sticky":null},"to":{"line":10,"ch":5,"sticky":null},"text":["p"],"removed":[""],"origin":"+input"}
2019-4-29 18:13:23.615#change#{"from":{"line":10,"ch":6,"sticky":null},"to":{"line":10,"ch":6,"sticky":null},"text":["o"],"removed":[""],"origin":"+input"}
2019-4-29 18:13:24.463#change#{"from":{"line":10,"ch":7,"sticky":null},"to":{"line":10,"ch":7,"sticky":null},"text":["w"],"removed":[""],"origin":"+input"}
2019-4-29 18:13:24.982#change#{"from":{"line":10,"ch":8,"sticky":null},"to":{"line":10,"ch":8,"sticky":null},"text":["()"],"removed":[""],"origin":"+input"}
2019-4-29 18:13:24.982#keyHandled#"'('"
2019-4-29 18:13:25.287#change#{"from":{"line":10,"ch":9,"sticky":"after"},"to":{"line":10,"ch":9,"sticky":"after"},"text":["x"],"removed":[""],"origin":"+input"}
2019-4-29 18:13:25.572#change#{"from":{"line":10,"ch":10,"sticky":null},"to":{"line":10,"ch":10,"sticky":null},"text":[","],"removed":[""],"origin":"+input"}
2019-4-29 18:13:27.391#change#{"from":{"line":10,"ch":11,"sticky":null},"to":{"line":10,"ch":11,"sticky":null},"text":["1"],"removed":[""],"origin":"+input"}
2019-4-29 18:13:27.514#change#{"from":{"line":10,"ch":12,"sticky":null},"to":{"line":10,"ch":12,"sticky":null},"text":[";"],"removed":[""],"origin":"+input"}
2019-4-29 18:13:28.386#change#{"from":{"line":10,"ch":12,"sticky":"after"},"to":{"line":10,"ch":13,"sticky":null},"text":[""],"removed":[";"],"origin":"+delete"}
2019-4-29 18:13:28.386#keyHandled#"Backspace"
2019-4-29 18:13:29.138#change#{"from":{"line":10,"ch":12,"sticky":null},"to":{"line":10,"ch":12,"sticky":null},"text":["/"],"removed":[""],"origin":"+input"}
2019-4-29 18:13:29.342#change#{"from":{"line":10,"ch":13,"sticky":null},"to":{"line":10,"ch":13,"sticky":null},"text":["3"],"removed":[""],"origin":"+input"}
2019-4-29 18:13:30.235#keyHandled#"Right"
2019-4-29 18:13:30.726#change#{"from":{"line":10,"ch":15,"sticky":"before"},"to":{"line":10,"ch":15,"sticky":"before"},"text":["",""],"removed":[""],"origin":"+input"}
2019-4-29 18:13:30.726#change#{"from":{"line":11,"ch":0,"sticky":null},"to":{"line":11,"ch":0,"sticky":null},"text":["\t"],"removed":[""],"origin":"+input"}
2019-4-29 18:13:30.726#keyHandled#"Enter"
2019-4-29 18:13:30.745#viewportChange#0
2019-4-29 18:13:31.125#change#{"from":{"line":11,"ch":0,"sticky":"after"},"to":{"line":11,"ch":1,"sticky":null},"text":[""],"removed":["\t"],"origin":"+delete"}
2019-4-29 18:13:31.125#keyHandled#"Backspace"
2019-4-29 18:13:33.349#change#{"from":{"line":11,"ch":0,"sticky":null},"to":{"line":11,"ch":0,"sticky":null},"text":["",""],"removed":[""],"origin":"+input"}
2019-4-29 18:13:33.349#change#{"from":{"line":12,"ch":0,"sticky":null},"to":{"line":12,"ch":0,"sticky":null},"text":["\t"],"removed":[""],"origin":"+input"}
2019-4-29 18:13:33.349#keyHandled#"Enter"
2019-4-29 18:13:33.362#viewportChange#0
2019-4-29 18:13:34.042#change#{"from":{"line":12,"ch":0,"sticky":"after"},"to":{"line":12,"ch":1,"sticky":null},"text":[""],"removed":["\t"],"origin":"+delete"}
2019-4-29 18:13:34.042#keyHandled#"Backspace"
2019-4-29 18:13:46.731#change#{"from":{"line":12,"ch":0,"sticky":null},"to":{"line":12,"ch":0,"sticky":null},"text":["p"],"removed":[""],"origin":"+input"}
2019-4-29 18:13:46.878#change#{"from":{"line":12,"ch":1,"sticky":null},"to":{"line":12,"ch":1,"sticky":null},"text":["r"],"removed":[""],"origin":"+input"}
2019-4-29 18:13:47.015#change#{"from":{"line":12,"ch":2,"sticky":null},"to":{"line":12,"ch":2,"sticky":null},"text":["i"],"removed":[""],"origin":"+input"}
2019-4-29 18:13:47.182#change#{"from":{"line":12,"ch":3,"sticky":null},"to":{"line":12,"ch":3,"sticky":null},"text":["n"],"removed":[""],"origin":"+input"}
2019-4-29 18:13:47.258#change#{"from":{"line":12,"ch":4,"sticky":null},"to":{"line":12,"ch":4,"sticky":null},"text":["t"],"removed":[""],"origin":"+input"}
2019-4-29 18:13:47.652#change#{"from":{"line":12,"ch":5,"sticky":null},"to":{"line":12,"ch":5,"sticky":null},"text":["()"],"removed":[""],"origin":"+input"}
2019-4-29 18:13:47.652#keyHandled#"'('"
2019-4-29 18:14:10.799#change#{"from":{"line":12,"ch":6,"sticky":"after"},"to":{"line":12,"ch":6,"sticky":"after"},"text":["f"],"removed":[""],"origin":"+input"}
2019-4-29 18:14:12.080#change#{"from":{"line":12,"ch":6,"sticky":"after"},"to":{"line":12,"ch":7,"sticky":null},"text":[""],"removed":["f"],"origin":"+delete"}
2019-4-29 18:14:12.080#keyHandled#"Backspace"
2019-4-29 18:14:12.268#change#{"from":{"line":12,"ch":6,"sticky":null},"to":{"line":12,"ch":6,"sticky":null},"text":["r"],"removed":[""],"origin":"+input"}
2019-4-29 18:14:12.352#change#{"from":{"line":12,"ch":7,"sticky":null},"to":{"line":12,"ch":7,"sticky":null},"text":["o"],"removed":[""],"origin":"+input"}
2019-4-29 18:14:12.622#change#{"from":{"line":12,"ch":8,"sticky":null},"to":{"line":12,"ch":8,"sticky":null},"text":["u"],"removed":[""],"origin":"+input"}
2019-4-29 18:14:12.728#change#{"from":{"line":12,"ch":9,"sticky":null},"to":{"line":12,"ch":9,"sticky":null},"text":["n"],"removed":[""],"origin":"+input"}
2019-4-29 18:14:12.859#change#{"from":{"line":12,"ch":10,"sticky":null},"to":{"line":12,"ch":10,"sticky":null},"text":["d"],"removed":[""],"origin":"+input"}
2019-4-29 18:14:13.245#change#{"from":{"line":12,"ch":11,"sticky":null},"to":{"line":12,"ch":11,"sticky":null},"text":["()"],"removed":[""],"origin":"+input"}
2019-4-29 18:14:13.245#keyHandled#"'('"
2019-4-29 18:14:13.620#change#{"from":{"line":12,"ch":12,"sticky":"after"},"to":{"line":12,"ch":12,"sticky":"after"},"text":["v"],"removed":[""],"origin":"+input"}
2019-4-29 18:14:13.879#change#{"from":{"line":12,"ch":12,"sticky":"after"},"to":{"line":12,"ch":13,"sticky":null},"text":[""],"removed":["v"],"origin":"+delete"}
2019-4-29 18:14:13.879#keyHandled#"Backspace"
2019-4-29 18:14:13.970#change#{"from":{"line":12,"ch":12,"sticky":null},"to":{"line":12,"ch":12,"sticky":null},"text":["f"],"removed":[""],"origin":"+input"}
2019-4-29 18:14:14.181#change#{"from":{"line":12,"ch":13,"sticky":null},"to":{"line":12,"ch":13,"sticky":null},"text":[","],"removed":[""],"origin":"+input"}
2019-4-29 18:14:15.020#change#{"from":{"line":12,"ch":14,"sticky":null},"to":{"line":12,"ch":14,"sticky":null},"text":["4"],"removed":[""],"origin":"+input"}
2019-4-29 18:14:15.270#keyHandled#"Right"
2019-4-29 18:14:15.463#keyHandled#"Right"
2019-4-29 18:14:15.549#keyHandled#"Right"
2019-4-29 18:14:15.020#change#{"from":{"line":12,"ch":14,"sticky":null},"to":{"line":12,"ch":14,"sticky":null},"text":["4"],"removed":[""],"origin":"+input"}
2019-4-29 18:14:15.270#keyHandled#"Right"
2019-4-29 18:14:15.463#keyHandled#"Right"
2019-4-29 18:14:15.549#keyHandled#"Right"
2019-4-29 18:14:17.359#saida_testar#$ python3 main.py
2019-4-29 18:14:17.427#blur#
2019-4-29 18:14:17.359#saida_testar#$ python3 main.py
2019-4-29 18:14:17.427#blur#
2019-4-29 18:14:21.560#saida_testar#$ python3 main.py
2019-4-29 18:14:21.560#saida_testar#$ python3 main.py
2019-4-29 18:14:24.192#submit#Your code did not produce the correct output. Please, correct your code and try again.
2019-4-29 18:14:30.555#mousedown#{"isTrusted":true}
2019-4-29 18:14:30.738#focus#
2019-4-29 18:14:30.555#mousedown#{"isTrusted":true}
2019-4-29 18:14:30.738#focus#
2019-4-29 18:14:32.558#blur#
2019-4-29 18:14:33.533#saida_testar#$ python3 main.py
2019-4-29 18:14:33.533#saida_testar#$ python3 main.py
2019-4-29 18:14:39.599#saida_testar#$ python3 main.py
2019-4-29 18:15:00.080#mousedown#{"isTrusted":true}
2019-4-29 18:15:00.275#focus#
2019-4-29 18:15:01.112#change#{"from":{"line":8,"ch":10,"sticky":"after"},"to":{"line":8,"ch":11,"sticky":"before","xRel":-2.91668701171875},"text":[""],"removed":["3"],"origin":"+delete"}
2019-4-29 18:15:01.112#keyHandled#"Backspace"
2019-4-29 18:15:01.262#change#{"from":{"line":8,"ch":10,"sticky":null},"to":{"line":8,"ch":10,"sticky":null},"text":["x"],"removed":[""],"origin":"+input"}
2019-4-29 18:15:01.112#change#{"from":{"line":8,"ch":10,"sticky":"after"},"to":{"line":8,"ch":11,"sticky":"before","xRel":-2.91668701171875},"text":[""],"removed":["3"],"origin":"+delete"}
2019-4-29 18:15:01.112#keyHandled#"Backspace"
2019-4-29 18:15:01.262#change#{"from":{"line":8,"ch":10,"sticky":null},"to":{"line":8,"ch":10,"sticky":null},"text":["x"],"removed":[""],"origin":"+input"}
2019-4-29 18:15:03.377#saida_testar#$ python3 main.py
2019-4-29 18:15:03.929#blur#
