2019-6-13 18:03:19.773#viewportChange#0
2019-6-13 18:13:15.998#mousedown#{"isTrusted":true}
2019-6-13 18:13:16.005#focus#
2019-6-13 18:13:19.091#change#{"from":{"line":0,"ch":0,"sticky":"after","xRel":111.59375},"to":{"line":0,"ch":0,"sticky":"after","xRel":111.59375},"text":["f"],"removed":[""],"origin":"+input"}
2019-6-13 18:13:19.288#change#{"from":{"line":0,"ch":1,"sticky":null},"to":{"line":0,"ch":1,"sticky":null},"text":["r"],"removed":[""],"origin":"+input"}
2019-6-13 18:13:19.424#change#{"from":{"line":0,"ch":2,"sticky":null},"to":{"line":0,"ch":2,"sticky":null},"text":["o"],"removed":[""],"origin":"+input"}
2019-6-13 18:13:19.640#change#{"from":{"line":0,"ch":3,"sticky":null},"to":{"line":0,"ch":3,"sticky":null},"text":["m"],"removed":[""],"origin":"+input"}
2019-6-13 18:13:19.792#change#{"from":{"line":0,"ch":4,"sticky":null},"to":{"line":0,"ch":4,"sticky":null},"text":[" "],"removed":[""],"origin":"+input"}
2019-6-13 18:13:20.095#change#{"from":{"line":0,"ch":5,"sticky":null},"to":{"line":0,"ch":5,"sticky":null},"text":["n"],"removed":[""],"origin":"+input"}
2019-6-13 18:13:20.296#change#{"from":{"line":0,"ch":6,"sticky":null},"to":{"line":0,"ch":6,"sticky":null},"text":["u"],"removed":[""],"origin":"+input"}
2019-6-13 18:13:20.520#change#{"from":{"line":0,"ch":7,"sticky":null},"to":{"line":0,"ch":7,"sticky":null},"text":["m"],"removed":[""],"origin":"+input"}
2019-6-13 18:13:20.815#change#{"from":{"line":0,"ch":8,"sticky":null},"to":{"line":0,"ch":8,"sticky":null},"text":["p"],"removed":[""],"origin":"+input"}
2019-6-13 18:13:21.153#change#{"from":{"line":0,"ch":9,"sticky":null},"to":{"line":0,"ch":9,"sticky":null},"text":["y"],"removed":[""],"origin":"+input"}
2019-6-13 18:13:21.527#change#{"from":{"line":0,"ch":10,"sticky":null},"to":{"line":0,"ch":10,"sticky":null},"text":[" "],"removed":[""],"origin":"+input"}
2019-6-13 18:13:22.496#change#{"from":{"line":0,"ch":11,"sticky":null},"to":{"line":0,"ch":11,"sticky":null},"text":["i"],"removed":[""],"origin":"+input"}
2019-6-13 18:13:22.727#change#{"from":{"line":0,"ch":12,"sticky":null},"to":{"line":0,"ch":12,"sticky":null},"text":["m"],"removed":[""],"origin":"+input"}
2019-6-13 18:13:23.024#change#{"from":{"line":0,"ch":13,"sticky":null},"to":{"line":0,"ch":13,"sticky":null},"text":["p"],"removed":[""],"origin":"+input"}
2019-6-13 18:13:23.193#change#{"from":{"line":0,"ch":14,"sticky":null},"to":{"line":0,"ch":14,"sticky":null},"text":["o"],"removed":[""],"origin":"+input"}
2019-6-13 18:13:23.322#change#{"from":{"line":0,"ch":15,"sticky":null},"to":{"line":0,"ch":15,"sticky":null},"text":["r"],"removed":[""],"origin":"+input"}
2019-6-13 18:13:23.528#change#{"from":{"line":0,"ch":16,"sticky":null},"to":{"line":0,"ch":16,"sticky":null},"text":["t"],"removed":[""],"origin":"+input"}
2019-6-13 18:13:27.320#change#{"from":{"line":0,"ch":17,"sticky":null},"to":{"line":0,"ch":17,"sticky":null},"text":["*"],"removed":[""],"origin":"+input"}
2019-6-13 18:13:28.446#change#{"from":{"line":0,"ch":18,"sticky":null},"to":{"line":0,"ch":18,"sticky":null},"text":["",""],"removed":[""],"origin":"+input"}
2019-6-13 18:13:28.446#keyHandled#"Enter"
2019-6-13 18:13:28.452#viewportChange#0
2019-6-13 18:13:30.071#change#{"from":{"line":1,"ch":0,"sticky":null},"to":{"line":1,"ch":0,"sticky":null},"text":["v"],"removed":[""],"origin":"+input"}
2019-6-13 18:13:30.240#change#{"from":{"line":1,"ch":1,"sticky":null},"to":{"line":1,"ch":1,"sticky":null},"text":["e"],"removed":[""],"origin":"+input"}
2019-6-13 18:13:30.511#change#{"from":{"line":1,"ch":2,"sticky":null},"to":{"line":1,"ch":2,"sticky":null},"text":["t"],"removed":[""],"origin":"+input"}
2019-6-13 18:13:30.944#change#{"from":{"line":1,"ch":3,"sticky":null},"to":{"line":1,"ch":3,"sticky":null},"text":["="],"removed":[""],"origin":"+input"}
2019-6-13 18:13:31.960#change#{"from":{"line":1,"ch":4,"sticky":null},"to":{"line":1,"ch":4,"sticky":null},"text":["a"],"removed":[""],"origin":"+input"}
2019-6-13 18:13:32.247#change#{"from":{"line":1,"ch":5,"sticky":null},"to":{"line":1,"ch":5,"sticky":null},"text":["r"],"removed":[""],"origin":"+input"}
2019-6-13 18:13:32.985#change#{"from":{"line":1,"ch":6,"sticky":null},"to":{"line":1,"ch":6,"sticky":null},"text":["r"],"removed":[""],"origin":"+input"}
2019-6-13 18:13:33.184#change#{"from":{"line":1,"ch":7,"sticky":null},"to":{"line":1,"ch":7,"sticky":null},"text":["a"],"removed":[""],"origin":"+input"}
2019-6-13 18:13:33.321#change#{"from":{"line":1,"ch":8,"sticky":null},"to":{"line":1,"ch":8,"sticky":null},"text":["y"],"removed":[""],"origin":"+input"}
2019-6-13 18:13:36.120#change#{"from":{"line":1,"ch":9,"sticky":null},"to":{"line":1,"ch":9,"sticky":null},"text":["()"],"removed":[""],"origin":"+input"}
2019-6-13 18:13:36.120#keyHandled#"'('"
2019-6-13 18:13:36.751#change#{"from":{"line":1,"ch":10,"sticky":"after"},"to":{"line":1,"ch":10,"sticky":"after"},"text":["e"],"removed":[""],"origin":"+input"}
2019-6-13 18:13:36.935#change#{"from":{"line":1,"ch":11,"sticky":null},"to":{"line":1,"ch":11,"sticky":null},"text":["v"],"removed":[""],"origin":"+input"}
2019-6-13 18:13:37.192#change#{"from":{"line":1,"ch":12,"sticky":null},"to":{"line":1,"ch":12,"sticky":null},"text":["a"],"removed":[""],"origin":"+input"}
2019-6-13 18:13:37.495#change#{"from":{"line":1,"ch":13,"sticky":null},"to":{"line":1,"ch":13,"sticky":null},"text":["l"],"removed":[""],"origin":"+input"}
2019-6-13 18:13:38.271#change#{"from":{"line":1,"ch":14,"sticky":null},"to":{"line":1,"ch":14,"sticky":null},"text":["()"],"removed":[""],"origin":"+input"}
2019-6-13 18:13:38.271#keyHandled#"'('"
2019-6-13 18:13:38.647#change#{"from":{"line":1,"ch":15,"sticky":"after"},"to":{"line":1,"ch":15,"sticky":"after"},"text":["i"],"removed":[""],"origin":"+input"}
2019-6-13 18:13:38.911#change#{"from":{"line":1,"ch":16,"sticky":null},"to":{"line":1,"ch":16,"sticky":null},"text":["n"],"removed":[""],"origin":"+input"}
2019-6-13 18:13:39.239#change#{"from":{"line":1,"ch":17,"sticky":null},"to":{"line":1,"ch":17,"sticky":null},"text":["p"],"removed":[""],"origin":"+input"}
2019-6-13 18:13:39.592#change#{"from":{"line":1,"ch":18,"sticky":null},"to":{"line":1,"ch":18,"sticky":null},"text":["u"],"removed":[""],"origin":"+input"}
2019-6-13 18:13:39.880#change#{"from":{"line":1,"ch":19,"sticky":null},"to":{"line":1,"ch":19,"sticky":null},"text":["y"],"removed":[""],"origin":"+input"}
2019-6-13 18:13:40.838#change#{"from":{"line":1,"ch":19,"sticky":"after"},"to":{"line":1,"ch":20,"sticky":null},"text":[""],"removed":["y"],"origin":"+delete"}
2019-6-13 18:13:40.839#keyHandled#"Backspace"
2019-6-13 18:13:41.135#change#{"from":{"line":1,"ch":19,"sticky":null},"to":{"line":1,"ch":19,"sticky":null},"text":["t"],"removed":[""],"origin":"+input"}
2019-6-13 18:13:48.334#change#{"from":{"line":1,"ch":20,"sticky":null},"to":{"line":1,"ch":20,"sticky":null},"text":["()"],"removed":[""],"origin":"+input"}
2019-6-13 18:13:48.334#keyHandled#"'('"
2019-6-13 18:13:48.772#change#{"from":{"line":1,"ch":21,"sticky":"after"},"to":{"line":1,"ch":21,"sticky":"after"},"text":["\"\""],"removed":[""],"origin":"+input"}
2019-6-13 18:13:48.772#keyHandled#"'\"'"
2019-6-13 18:13:49.295#change#{"from":{"line":1,"ch":22,"sticky":"after"},"to":{"line":1,"ch":22,"sticky":"after"},"text":["d"],"removed":[""],"origin":"+input"}
2019-6-13 18:13:49.575#change#{"from":{"line":1,"ch":23,"sticky":null},"to":{"line":1,"ch":23,"sticky":null},"text":["i"],"removed":[""],"origin":"+input"}
2019-6-13 18:13:49.831#change#{"from":{"line":1,"ch":24,"sticky":null},"to":{"line":1,"ch":24,"sticky":null},"text":["g"],"removed":[""],"origin":"+input"}
2019-6-13 18:13:50.031#change#{"from":{"line":1,"ch":25,"sticky":null},"to":{"line":1,"ch":25,"sticky":null},"text":["i"],"removed":[""],"origin":"+input"}
2019-6-13 18:13:50.311#change#{"from":{"line":1,"ch":26,"sticky":null},"to":{"line":1,"ch":26,"sticky":null},"text":["t"],"removed":[""],"origin":"+input"}
2019-6-13 18:13:50.463#change#{"from":{"line":1,"ch":27,"sticky":null},"to":{"line":1,"ch":27,"sticky":null},"text":["e"],"removed":[""],"origin":"+input"}
2019-6-13 18:13:50.663#change#{"from":{"line":1,"ch":28,"sticky":null},"to":{"line":1,"ch":28,"sticky":null},"text":[" "],"removed":[""],"origin":"+input"}
2019-6-13 18:13:50.975#change#{"from":{"line":1,"ch":29,"sticky":null},"to":{"line":1,"ch":29,"sticky":null},"text":["o"],"removed":[""],"origin":"+input"}
2019-6-13 18:13:51.257#change#{"from":{"line":1,"ch":30,"sticky":null},"to":{"line":1,"ch":30,"sticky":null},"text":[" "],"removed":[""],"origin":"+input"}
2019-6-13 18:13:51.463#change#{"from":{"line":1,"ch":31,"sticky":null},"to":{"line":1,"ch":31,"sticky":null},"text":["v"],"removed":[""],"origin":"+input"}
2019-6-13 18:13:51.599#change#{"from":{"line":1,"ch":32,"sticky":null},"to":{"line":1,"ch":32,"sticky":null},"text":["e"],"removed":[""],"origin":"+input"}
2019-6-13 18:13:51.879#change#{"from":{"line":1,"ch":33,"sticky":null},"to":{"line":1,"ch":33,"sticky":null},"text":["t"],"removed":[""],"origin":"+input"}
2019-6-13 18:13:52.263#change#{"from":{"line":1,"ch":34,"sticky":null},"to":{"line":1,"ch":34,"sticky":null},"text":["o"],"removed":[""],"origin":"+input"}
2019-6-13 18:13:52.439#change#{"from":{"line":1,"ch":35,"sticky":null},"to":{"line":1,"ch":35,"sticky":null},"text":["r"],"removed":[""],"origin":"+input"}
2019-6-13 18:13:54.375#change#{"from":{"line":1,"ch":36,"sticky":null},"to":{"line":1,"ch":36,"sticky":null},"text":[":"],"removed":[""],"origin":"+input"}
2019-6-13 18:13:55.039#change#{"from":{"line":1,"ch":37,"sticky":null},"to":{"line":1,"ch":37,"sticky":null},"text":[" "],"removed":[""],"origin":"+input"}
2019-6-13 18:13:55.969#change#{"from":{"line":1,"ch":38,"sticky":null},"to":{"line":1,"ch":38,"sticky":null},"text":[" "],"removed":[""],"origin":"+input"}
2019-6-13 18:13:59.869#mousedown#{"isTrusted":true}
2019-6-13 18:14:00.790#change#{"from":{"line":1,"ch":43,"sticky":"before","xRel":59.696044921875},"to":{"line":1,"ch":43,"sticky":"before","xRel":59.696044921875},"text":["",""],"removed":[""],"origin":"+input"}
2019-6-13 18:14:00.790#keyHandled#"Enter"
2019-6-13 18:14:00.796#viewportChange#0
2019-6-13 18:14:01.761#change#{"from":{"line":2,"ch":0,"sticky":null},"to":{"line":2,"ch":0,"sticky":null},"text":["p"],"removed":[""],"origin":"+input"}
2019-6-13 18:14:02.183#change#{"from":{"line":2,"ch":1,"sticky":null},"to":{"line":2,"ch":1,"sticky":null},"text":["r"],"removed":[""],"origin":"+input"}
2019-6-13 18:14:02.351#change#{"from":{"line":2,"ch":2,"sticky":null},"to":{"line":2,"ch":2,"sticky":null},"text":["i"],"removed":[""],"origin":"+input"}
2019-6-13 18:14:02.559#change#{"from":{"line":2,"ch":3,"sticky":null},"to":{"line":2,"ch":3,"sticky":null},"text":["n"],"removed":[""],"origin":"+input"}
2019-6-13 18:14:02.711#change#{"from":{"line":2,"ch":4,"sticky":null},"to":{"line":2,"ch":4,"sticky":null},"text":["t"],"removed":[""],"origin":"+input"}
2019-6-13 18:14:03.464#change#{"from":{"line":2,"ch":5,"sticky":null},"to":{"line":2,"ch":5,"sticky":null},"text":["()"],"removed":[""],"origin":"+input"}
2019-6-13 18:14:03.464#keyHandled#"'('"
2019-6-13 18:14:07.311#change#{"from":{"line":2,"ch":6,"sticky":"after"},"to":{"line":2,"ch":6,"sticky":"after"},"text":["s"],"removed":[""],"origin":"+input"}
2019-6-13 18:14:07.903#change#{"from":{"line":2,"ch":7,"sticky":null},"to":{"line":2,"ch":7,"sticky":null},"text":["o"],"removed":[""],"origin":"+input"}
2019-6-13 18:14:08.039#change#{"from":{"line":2,"ch":8,"sticky":null},"to":{"line":2,"ch":8,"sticky":null},"text":["r"],"removed":[""],"origin":"+input"}
2019-6-13 18:14:08.240#change#{"from":{"line":2,"ch":9,"sticky":null},"to":{"line":2,"ch":9,"sticky":null},"text":["t"],"removed":[""],"origin":"+input"}
2019-6-13 18:14:09.694#change#{"from":{"line":2,"ch":10,"sticky":null},"to":{"line":2,"ch":10,"sticky":null},"text":["()"],"removed":[""],"origin":"+input"}
2019-6-13 18:14:09.694#keyHandled#"'('"
2019-6-13 18:14:10.111#change#{"from":{"line":2,"ch":11,"sticky":"after"},"to":{"line":2,"ch":11,"sticky":"after"},"text":["v"],"removed":[""],"origin":"+input"}
2019-6-13 18:14:10.247#change#{"from":{"line":2,"ch":12,"sticky":null},"to":{"line":2,"ch":12,"sticky":null},"text":["e"],"removed":[""],"origin":"+input"}
2019-6-13 18:14:10.399#change#{"from":{"line":2,"ch":13,"sticky":null},"to":{"line":2,"ch":13,"sticky":null},"text":["t"],"removed":[""],"origin":"+input"}
2019-6-13 18:14:12.976#blur#
2019-6-13 18:14:12.976#blur#
2019-6-13 18:14:16.125#saida_testar#$ python3 main.py
2019-6-13 18:14:46.171#mousedown#{"isTrusted":true}
2019-6-13 18:14:46.177#focus#
2019-6-13 18:14:47.109#blur#
2019-6-13 18:14:47.109#blur#
2019-6-13 18:15:34.910#submit#Congratulations, your code is correct!
2019-6-13 18:18:33.880#mousedown#{"isTrusted":true}
2019-6-13 18:18:33.900#focus#
2019-6-13 18:18:34.930#mousedown#{"isTrusted":true}
2019-6-13 18:18:42.778#blur#
2019-6-13 18:18:42.778#blur#
2019-6-13 18:18:54.160#saida_testar#$ python3 main.py
2019-6-13 18:18:54.160#saida_testar#$ python3 main.py
2019-6-13 18:19:07.020#submit#Congratulations, your code is correct!
2019-6-13 18:19:07.020#submit#Congratulations, your code is correct!
2019-6-13 18:19:15.940#saida_testar#$ python3 main.py
2019-6-13 18:19:15.940#saida_testar#$ python3 main.py
2019-6-13 18:19:45.432#submit#Congratulations, your code is correct!
2019-6-13 18:27:14.350#mousedown#{"isTrusted":true}
2019-6-13 18:27:14.355#focus#
2019-6-13 18:27:16.782#mousedown#{"isTrusted":true}
2019-6-13 18:27:16.788#contextmenu#{"isTrusted":true}
