== SUBMITION (2019-06-11 11:01:45) 
-- CODE:
from numpy import*
df = array(eval(input("dias que faltou: ")))
a = 0
b = 0
c = 0
d = 0
i = 0
f = 0
n = zeros(6, dtype = float)
for i in range(size(df)):
	if(df[e] == 2):
		a = a + 1
	elif(df[e] == 3):
		b = b + 1
	elif(df[e] == 4):
		c = c + 1
	elif(df[e] == 5):
		d = d + 1
	elif(df[e] == 6):
		i = i + 1
	elif(df[e] == 7):
		f = f + 1
n[0] = round(((a/size(df)) * 100), 1)
n[1] = round(((b/size(df)) * 100), 1)
n[2] = round(((c/size(df)) * 100), 1)
n[3] = round(((d/size(df)) * 100), 1)
n[4] = round(((i/size(df)) * 100), 1)
n[5] = round(((f/size(df)) * 100), 1)
print(n)
-- EXECUTION TIME:
1.07162
-- ERROR:
Traceback (most recent call last):
  File "/home/codebench/codes/1800/2566/main.py", line 11, in <module>
    if(df[e] == 2):
IndexError: only integers, slices (`:`), ellipsis (`...`), numpy.newaxis (`None`) and integer or boolean arrays are valid indices

*-*-*-*-*-*-*-*-*-*-*-*-*-*-*-*-*-*-*-*-*-*-*-*
== TEST (2019-06-11 11:05:05) 
-- CODE:
from numpy import*
df = array(eval(input("dias que faltou: ")))
a = 0
b = 0
c = 0
d = 0
i = 0
f = 0
n = zeros(6, dtype = float)
for i in range(size(df)):
	if(df[e] == 2):
		a = a + 1
	elif(df[e] == 3):
		b = b + 1
	elif(df[e] == 4):
		c = c + 1
	elif(df[e] == 5):
		d = d + 1
	elif(df[e] == 6):
		i = i + 1
	elif(df[e] == 7):
		f = f + 1
n[0] = round(((a/size(df)) * 100), 1)
n[1] = round(((b/size(df)) * 100), 1)
n[2] = round(((c/size(df)) * 100), 1)
n[3] = round(((d/size(df)) * 100), 1)
n[4] = round(((i/size(df)) * 100), 1)
n[5] = round(((f/size(df)) * 100), 1)
print(n)
-- ERROR:
Traceback (most recent call last):
  File "XXXX", line 1, in <module>
    from numpy import*
ModuleNotFoundError: No module named 'numpy'
*-*-*-*-*-*-*-*-*-*-*-*-*-*-*-*-*-*-*-*-*-*-*-*
== TEST (2019-06-11 11:18:39) 
-- CODE:
from numpy import*
df = array(eval(input("dias que faltou: ")))
a = 0
b = 0
c = 0
d = 0
i = 0
f = 0
n = zeros(6, dtype = float)
for i in range(size(df)):
	if(df[e] == 2):
		a = a + 1
	elif(df[e] == 3):
		b = b + 1
	elif(df[e] == 4):
		c = c + 1
	elif(df[e] == 5):
		d = d + 1
	elif(df[e] == 6):
		i = i + 1
	elif(df[e] == 7):
		f = f + 1
n[0] = round(((a/size(df)) * 100), 1)
n[1] = round(((b/size(df)) * 100), 1)
n[2] = round(((c/size(df)) * 100), 1)
n[3] = round(((d/size(df)) * 100), 1)
n[4] = round(((i/size(df)) * 100), 1)
n[5] = round(((f/size(df)) * 100), 1)
print(n)
-- ERROR:
Traceback (most recent call last):
  File "XXXX", line 1, in <module>
    from numpy import*
ModuleNotFoundError: No module named 'numpy'
*-*-*-*-*-*-*-*-*-*-*-*-*-*-*-*-*-*-*-*-*-*-*-*
== SUBMITION (2019-06-11 11:20:05) 
-- CODE:
from numpy import*
df = array(eval(input("dias que faltou: ")))
a = 0
b = 0
c = 0
d = 0
i = 0
f = 0
n = zeros(6, dtype = float)
for e in range(size(df)):
	if(df[e] == 2):
		a = a + 1
	elif(df[e] == 3):
		b = b + 1
	elif(df[e] == 4):
		c = c + 1
	elif(df[e] == 5):
		d = d + 1
	elif(df[e] == 6):
		i = i + 1
	elif(df[e] == 7):
		f = f + 1
n[0] = round(((a/size(df)) * 100), 1)
n[1] = round(((b/size(df)) * 100), 1)
n[2] = round(((c/size(df)) * 100), 1)
n[3] = round(((d/size(df)) * 100), 1)
n[4] = round(((i/size(df)) * 100), 1)
n[5] = round(((f/size(df)) * 100), 1)
print(n)
-- EXECUTION TIME:
0.775012
-- TEST CASE 1:
---- input:
[2,2,2,5,5,5,6,6,6,6,7,7,7,7,7,7]
---- correct output:
[18.8 0. 0. 18.8 25. 37.5]
---- user output:
[18.8  0.   0.  18.8 25.  37.5]
-- TEST CASE 2:
---- input:
[2,3,3,4,4,4,4,5,5,5,5,5,6,6,6,6,6,7,7,7,7,7,7,7,7]
---- correct output:
[ 4. 8. 16. 20. 20. 32.]
---- user output:
[ 4.  8. 16. 20. 20. 32.]
-- TEST CASE 3:
---- input:
[2,2,3,4,4,4,5,6,6,7,7,7,7]
---- correct output:
[15.4 7.7 23.1 7.7 15.4 30.8]
---- user output:
[15.4  7.7 23.1  7.7 15.4 30.8]
-- GRADE:
100%
*-*-*-*-*-*-*-*-*-*-*-*-*-*-*-*-*-*-*-*-*-*-*-*
