== TEST (2019-05-09 10:09:17) 
-- CODE:
# Introducao a Programacao de Computadores
# Criado em 15 / 05 / 2015
# @author: IComp / UFAM

# Primeiro input
num = int(input("Digite um numero: "))

# Laco de repeticao
while (num!=-1):
	# Verifica se valor eh divisivel por 2
	if (num%10==0):
		mensagem = "PAR"
	else:
		mensagem = "IMPAR"
	
	print(mensagem)
	
	# Inputs seguintes
	num = int(input("Digite um numero: "))

-- OUTPUT:
PAR
IMPAR
IMPAR
*-*-*-*-*-*-*-*-*-*-*-*-*-*-*-*-*-*-*-*-*-*-*-*
== TEST (2019-05-09 10:10:13) 
-- CODE:
# Introducao a Programacao de Computadores
# Criado em 15 / 05 / 2015
# @author: IComp / UFAM

# Primeiro input
num = int(input("Digite um numero: "))

# Laco de repeticao
while (num!=-1):
	# Verifica se valor eh divisivel por 2
	if (num%10==0):
		mensagem = "PAR"
	else:
		mensagem = "IMPAR"
	
	print(mensagem)
	
	# Inputs seguintes
	num = int(input("Digite um numero: "))

-- OUTPUT:
PAR
IMPAR
IMPAR
*-*-*-*-*-*-*-*-*-*-*-*-*-*-*-*-*-*-*-*-*-*-*-*
== TEST (2019-05-09 10:14:32) 
-- CODE:
# Introducao a Programacao de Computadores
# Criado em 15 / 05 / 2015
# @author: IComp / UFAM

# Primeiro input
num = int(input("Digite um numero: "))

# Laco de repeticao
while (num!=-1):
	# Verifica se valor eh divisivel por 2
	if (num%10==2):
		mensagem = "PAR"
	else:
		mensagem = "IMPAR"
	
	print(mensagem)
	
	# Inputs seguintes
	num = int(input("Digite um numero: "))

-- OUTPUT:
IMPAR
PAR
IMPAR
*-*-*-*-*-*-*-*-*-*-*-*-*-*-*-*-*-*-*-*-*-*-*-*
== SUBMITION (2019-05-09 10:14:46) 
-- CODE:
# Introducao a Programacao de Computadores
# Criado em 15 / 05 / 2015
# @author: IComp / UFAM

# Primeiro input
num = int(input("Digite um numero: "))

# Laco de repeticao
while (num!=-1):
	# Verifica se valor eh divisivel por 2
	if (num%10==2):
		mensagem = "PAR"
	else:
		mensagem = "IMPAR"
	
	print(mensagem)
	
	# Inputs seguintes
	num = int(input("Digite um numero: "))

-- EXECUTION TIME:
0.120723
-- TEST CASE 1:
---- input:
0
22
44
-1
---- correct output:
PAR
PAR
PAR
---- user output:
IMPAR
PAR
IMPAR
-- TEST CASE 2:
---- input:
1
33
55
777
9999
-1
---- correct output:
IMPAR
IMPAR
IMPAR
IMPAR
IMPAR
---- user output:
IMPAR
IMPAR
IMPAR
IMPAR
IMPAR
-- TEST CASE 3:
---- input:
10528
4999
123
45
6
-1
---- correct output:
PAR
IMPAR
IMPAR
IMPAR
PAR
---- user output:
IMPAR
IMPAR
IMPAR
IMPAR
IMPAR
-- GRADE:
33%
*-*-*-*-*-*-*-*-*-*-*-*-*-*-*-*-*-*-*-*-*-*-*-*
== TEST (2019-05-09 10:15:19) 
-- CODE:
# Introducao a Programacao de Computadores
# Criado em 15 / 05 / 2015
# @author: IComp / UFAM

# Primeiro input
num = int(input("Digite um numero: "))

# Laco de repeticao
while (num!=-1):
	# Verifica se valor eh divisivel por 2
	if (num%10==2):
		mensagem = "PAR"
	else:
		mensagem = "IMPAR"
	
	print(mensagem)
	
	# Inputs seguintes
	num = int(input("Digite um numero: "))

-- OUTPUT:
IMPAR
PAR
IMPAR
*-*-*-*-*-*-*-*-*-*-*-*-*-*-*-*-*-*-*-*-*-*-*-*
== TEST (2019-05-09 10:15:54) 
-- CODE:
# Introducao a Programacao de Computadores
# Criado em 15 / 05 / 2015
# @author: IComp / UFAM

# Primeiro input
num = int(input("Digite um numero: "))

# Laco de repeticao
while (num!=-1):
	# Verifica se valor eh divisivel por 2
	if (num%2==0):
		mensagem = "PAR"
	else:
		mensagem = "IMPAR"
	
	print(mensagem)
	
	# Inputs seguintes
	num = int(input("Digite um numero: "))

-- OUTPUT:
PAR
PAR
PAR
*-*-*-*-*-*-*-*-*-*-*-*-*-*-*-*-*-*-*-*-*-*-*-*
== SUBMITION (2019-05-09 10:16:08) 
-- CODE:
# Introducao a Programacao de Computadores
# Criado em 15 / 05 / 2015
# @author: IComp / UFAM

# Primeiro input
num = int(input("Digite um numero: "))

# Laco de repeticao
while (num!=-1):
	# Verifica se valor eh divisivel por 2
	if (num%2==0):
		mensagem = "PAR"
	else:
		mensagem = "IMPAR"
	
	print(mensagem)
	
	# Inputs seguintes
	num = int(input("Digite um numero: "))

-- EXECUTION TIME:
0.151411
-- TEST CASE 1:
---- input:
0
22
44
-1
---- correct output:
PAR
PAR
PAR
---- user output:
PAR
PAR
PAR
-- TEST CASE 2:
---- input:
1
33
55
777
9999
-1
---- correct output:
IMPAR
IMPAR
IMPAR
IMPAR
IMPAR
---- user output:
IMPAR
IMPAR
IMPAR
IMPAR
IMPAR
-- TEST CASE 3:
---- input:
10528
4999
123
45
6
-1
---- correct output:
PAR
IMPAR
IMPAR
IMPAR
PAR
---- user output:
PAR
IMPAR
IMPAR
IMPAR
PAR
-- GRADE:
100%
*-*-*-*-*-*-*-*-*-*-*-*-*-*-*-*-*-*-*-*-*-*-*-*
