2019-3-12 16:43:48.575#viewportChange#0
2019-3-12 16:44:29.040#mousedown#{"isTrusted":true}
2019-3-12 16:44:29.045#focus#
2019-3-12 16:44:29.769#change#{"from":{"line":0,"ch":0,"sticky":"after","xRel":50.6875},"to":{"line":0,"ch":0,"sticky":"after","xRel":50.6875},"text":["p"],"removed":[""],"origin":"+input"}
2019-3-12 16:44:29.967#change#{"from":{"line":0,"ch":1,"sticky":null},"to":{"line":0,"ch":1,"sticky":null},"text":["i"],"removed":[""],"origin":"+input"}
2019-3-12 16:44:29.981#change#{"from":{"line":0,"ch":2,"sticky":null},"to":{"line":0,"ch":2,"sticky":null},"text":["e"],"removed":[""],"origin":"+input"}
2019-3-12 16:44:30.141#change#{"from":{"line":0,"ch":3,"sticky":null},"to":{"line":0,"ch":3,"sticky":null},"text":["n"],"removed":[""],"origin":"+input"}
2019-3-12 16:44:30.305#change#{"from":{"line":0,"ch":4,"sticky":null},"to":{"line":0,"ch":4,"sticky":null},"text":["t"],"removed":[""],"origin":"+input"}
2019-3-12 16:44:30.475#change#{"from":{"line":0,"ch":4,"sticky":"after"},"to":{"line":0,"ch":5,"sticky":null},"text":[""],"removed":["t"],"origin":"+delete"}
2019-3-12 16:44:30.475#keyHandled#"Backspace"
2019-3-12 16:44:30.613#change#{"from":{"line":0,"ch":3,"sticky":"after"},"to":{"line":0,"ch":4,"sticky":null},"text":[""],"removed":["n"],"origin":"+delete"}
2019-3-12 16:44:30.613#keyHandled#"Backspace"
2019-3-12 16:44:30.742#change#{"from":{"line":0,"ch":2,"sticky":"after"},"to":{"line":0,"ch":3,"sticky":null},"text":[""],"removed":["e"],"origin":"+delete"}
2019-3-12 16:44:30.742#keyHandled#"Backspace"
2019-3-12 16:44:31.112#change#{"from":{"line":0,"ch":1,"sticky":"after"},"to":{"line":0,"ch":2,"sticky":null},"text":[""],"removed":["i"],"origin":"+delete"}
2019-3-12 16:44:31.112#keyHandled#"Backspace"
2019-3-12 16:44:31.225#change#{"from":{"line":0,"ch":1,"sticky":null},"to":{"line":0,"ch":1,"sticky":null},"text":["r"],"removed":[""],"origin":"+input"}
2019-3-12 16:44:31.297#change#{"from":{"line":0,"ch":2,"sticky":null},"to":{"line":0,"ch":2,"sticky":null},"text":["i"],"removed":[""],"origin":"+input"}
2019-3-12 16:44:31.478#change#{"from":{"line":0,"ch":3,"sticky":null},"to":{"line":0,"ch":3,"sticky":null},"text":["n"],"removed":[""],"origin":"+input"}
2019-3-12 16:44:31.580#change#{"from":{"line":0,"ch":4,"sticky":null},"to":{"line":0,"ch":4,"sticky":null},"text":["t"],"removed":[""],"origin":"+input"}
2019-3-12 16:44:32.355#change#{"from":{"line":0,"ch":5,"sticky":null},"to":{"line":0,"ch":5,"sticky":null},"text":["()"],"removed":[""],"origin":"+input"}
2019-3-12 16:44:32.355#keyHandled#"'('"
2019-3-12 16:44:32.355#change#{"from":{"line":0,"ch":5,"sticky":null},"to":{"line":0,"ch":5,"sticky":null},"text":["()"],"removed":[""],"origin":"+input"}
2019-3-12 16:44:32.355#keyHandled#"'('"
2019-3-12 16:44:36.230#change#{"from":{"line":0,"ch":6,"sticky":"after"},"to":{"line":0,"ch":6,"sticky":"after"},"text":["1"],"removed":[""],"origin":"+input"}
2019-3-12 16:44:36.411#change#{"from":{"line":0,"ch":7,"sticky":null},"to":{"line":0,"ch":7,"sticky":null},"text":["8"],"removed":[""],"origin":"+input"}
2019-3-12 16:44:36.690#change#{"from":{"line":0,"ch":8,"sticky":null},"to":{"line":0,"ch":8,"sticky":null},"text":["0"],"removed":[""],"origin":"+input"}
2019-3-12 16:44:40.092#change#{"from":{"line":0,"ch":9,"sticky":null},"to":{"line":0,"ch":9,"sticky":null},"text":[" "],"removed":[""],"origin":"+input"}
2019-3-12 16:44:40.436#change#{"from":{"line":0,"ch":10,"sticky":null},"to":{"line":0,"ch":10,"sticky":null},"text":["/"],"removed":[""],"origin":"+input"}
2019-3-12 16:44:41.505#change#{"from":{"line":0,"ch":11,"sticky":null},"to":{"line":0,"ch":11,"sticky":null},"text":[" "],"removed":[""],"origin":"+input"}
2019-3-12 16:44:42.382#change#{"from":{"line":0,"ch":12,"sticky":null},"to":{"line":0,"ch":12,"sticky":null},"text":["4"],"removed":[""],"origin":"+input"}
2019-3-12 16:44:43.461#keyHandled#"')'"
2019-3-12 16:44:43.461#keyHandled#"')'"
2019-3-12 16:44:44.913#blur#
