2019-6-12 14:03:27.315#viewportChange#0
2019-6-12 14:04:30.403#mousedown#{"isTrusted":true}
2019-6-12 14:04:30.412#focus#
2019-6-12 14:04:32.666#change#{"from":{"line":0,"ch":0,"sticky":"after","xRel":347.20001220703125},"to":{"line":0,"ch":0,"sticky":"after","xRel":347.20001220703125},"text":["f"],"removed":[""],"origin":"+input"}
2019-6-12 14:04:33.985#change#{"from":{"line":0,"ch":1,"sticky":null},"to":{"line":0,"ch":1,"sticky":null},"text":["r"],"removed":[""],"origin":"+input"}
2019-6-12 14:04:34.992#change#{"from":{"line":0,"ch":2,"sticky":null},"to":{"line":0,"ch":2,"sticky":null},"text":["o"],"removed":[""],"origin":"+input"}
2019-6-12 14:04:35.513#change#{"from":{"line":0,"ch":3,"sticky":null},"to":{"line":0,"ch":3,"sticky":null},"text":["m"],"removed":[""],"origin":"+input"}
2019-6-12 14:04:35.882#change#{"from":{"line":0,"ch":4,"sticky":null},"to":{"line":0,"ch":4,"sticky":null},"text":[" "],"removed":[""],"origin":"+input"}
2019-6-12 14:04:36.585#change#{"from":{"line":0,"ch":5,"sticky":null},"to":{"line":0,"ch":5,"sticky":null},"text":["n"],"removed":[""],"origin":"+input"}
2019-6-12 14:04:37.712#change#{"from":{"line":0,"ch":6,"sticky":null},"to":{"line":0,"ch":6,"sticky":null},"text":["u"],"removed":[""],"origin":"+input"}
2019-6-12 14:04:38.130#change#{"from":{"line":0,"ch":7,"sticky":null},"to":{"line":0,"ch":7,"sticky":null},"text":["m"],"removed":[""],"origin":"+input"}
2019-6-12 14:04:40.618#change#{"from":{"line":0,"ch":8,"sticky":null},"to":{"line":0,"ch":8,"sticky":null},"text":["p"],"removed":[""],"origin":"+input"}
2019-6-12 14:04:41.192#change#{"from":{"line":0,"ch":9,"sticky":null},"to":{"line":0,"ch":9,"sticky":null},"text":["y"],"removed":[""],"origin":"+input"}
2019-6-12 14:04:41.995#change#{"from":{"line":0,"ch":10,"sticky":null},"to":{"line":0,"ch":10,"sticky":null},"text":[" "],"removed":[""],"origin":"+input"}
2019-6-12 14:04:42.936#change#{"from":{"line":0,"ch":11,"sticky":null},"to":{"line":0,"ch":11,"sticky":null},"text":["i"],"removed":[""],"origin":"+input"}
2019-6-12 14:04:43.649#change#{"from":{"line":0,"ch":12,"sticky":null},"to":{"line":0,"ch":12,"sticky":null},"text":["n"],"removed":[""],"origin":"+input"}
2019-6-12 14:04:44.127#change#{"from":{"line":0,"ch":13,"sticky":null},"to":{"line":0,"ch":13,"sticky":null},"text":["p"],"removed":[""],"origin":"+input"}
2019-6-12 14:04:44.358#change#{"from":{"line":0,"ch":14,"sticky":null},"to":{"line":0,"ch":14,"sticky":null},"text":["o"],"removed":[""],"origin":"+input"}
2019-6-12 14:04:44.638#change#{"from":{"line":0,"ch":15,"sticky":null},"to":{"line":0,"ch":15,"sticky":null},"text":["r"],"removed":[""],"origin":"+input"}
2019-6-12 14:04:45.118#change#{"from":{"line":0,"ch":16,"sticky":null},"to":{"line":0,"ch":16,"sticky":null},"text":["t"],"removed":[""],"origin":"+input"}
2019-6-12 14:04:45.398#change#{"from":{"line":0,"ch":17,"sticky":null},"to":{"line":0,"ch":17,"sticky":null},"text":[" "],"removed":[""],"origin":"+input"}
2019-6-12 14:04:48.865#change#{"from":{"line":0,"ch":18,"sticky":null},"to":{"line":0,"ch":18,"sticky":null},"text":["*"],"removed":[""],"origin":"+input"}
2019-6-12 14:04:50.209#change#{"from":{"line":0,"ch":19,"sticky":null},"to":{"line":0,"ch":19,"sticky":null},"text":["",""],"removed":[""],"origin":"+input"}
2019-6-12 14:04:50.209#keyHandled#"Enter"
2019-6-12 14:04:50.227#viewportChange#0
2019-6-12 14:04:53.402#blur#
2019-6-12 14:07:39.401#mousedown#{"isTrusted":true}
2019-6-12 14:07:39.411#focus#
2019-6-12 14:07:40.963#change#{"from":{"line":0,"ch":0,"sticky":"after","xRel":228.20001220703125},"to":{"line":0,"ch":0,"sticky":"after","xRel":228.20001220703125},"text":["f"],"removed":[""],"origin":"+input"}
2019-6-12 14:07:41.978#change#{"from":{"line":0,"ch":1,"sticky":null},"to":{"line":0,"ch":1,"sticky":null},"text":["r"],"removed":[""],"origin":"+input"}
2019-6-12 14:07:43.226#change#{"from":{"line":0,"ch":2,"sticky":null},"to":{"line":0,"ch":2,"sticky":null},"text":["o"],"removed":[""],"origin":"+input"}
2019-6-12 14:07:43.618#change#{"from":{"line":0,"ch":3,"sticky":null},"to":{"line":0,"ch":3,"sticky":null},"text":["m"],"removed":[""],"origin":"+input"}
2019-6-12 14:07:44.818#change#{"from":{"line":0,"ch":4,"sticky":null},"to":{"line":0,"ch":4,"sticky":null},"text":[" "],"removed":[""],"origin":"+input"}
2019-6-12 14:07:48.588#blur#
2019-6-12 14:10:32.613#mousedown#{"isTrusted":true}
2019-6-12 14:10:32.625#focus#
2019-6-12 14:10:33.744#change#{"from":{"line":0,"ch":5,"sticky":"before","xRel":238.45001220703125},"to":{"line":0,"ch":5,"sticky":"before","xRel":238.45001220703125},"text":["n"],"removed":[""],"origin":"+input"}
2019-6-12 14:10:34.054#change#{"from":{"line":0,"ch":6,"sticky":null},"to":{"line":0,"ch":6,"sticky":null},"text":["u"],"removed":[""],"origin":"+input"}
2019-6-12 14:10:34.327#change#{"from":{"line":0,"ch":7,"sticky":null},"to":{"line":0,"ch":7,"sticky":null},"text":["m"],"removed":[""],"origin":"+input"}
2019-6-12 14:10:34.814#change#{"from":{"line":0,"ch":8,"sticky":null},"to":{"line":0,"ch":8,"sticky":null},"text":["p"],"removed":[""],"origin":"+input"}
2019-6-12 14:10:35.263#change#{"from":{"line":0,"ch":9,"sticky":null},"to":{"line":0,"ch":9,"sticky":null},"text":["y"],"removed":[""],"origin":"+input"}
2019-6-12 14:10:35.552#change#{"from":{"line":0,"ch":10,"sticky":null},"to":{"line":0,"ch":10,"sticky":null},"text":[" "],"removed":[""],"origin":"+input"}
2019-6-12 14:10:36.224#change#{"from":{"line":0,"ch":11,"sticky":null},"to":{"line":0,"ch":11,"sticky":null},"text":["i"],"removed":[""],"origin":"+input"}
2019-6-12 14:10:36.519#change#{"from":{"line":0,"ch":12,"sticky":null},"to":{"line":0,"ch":12,"sticky":null},"text":["n"],"removed":[""],"origin":"+input"}
2019-6-12 14:10:36.991#change#{"from":{"line":0,"ch":13,"sticky":null},"to":{"line":0,"ch":13,"sticky":null},"text":["p"],"removed":[""],"origin":"+input"}
2019-6-12 14:10:37.190#change#{"from":{"line":0,"ch":14,"sticky":null},"to":{"line":0,"ch":14,"sticky":null},"text":["o"],"removed":[""],"origin":"+input"}
2019-6-12 14:10:37.359#change#{"from":{"line":0,"ch":15,"sticky":null},"to":{"line":0,"ch":15,"sticky":null},"text":["r"],"removed":[""],"origin":"+input"}
2019-6-12 14:10:37.694#change#{"from":{"line":0,"ch":16,"sticky":null},"to":{"line":0,"ch":16,"sticky":null},"text":["t"],"removed":[""],"origin":"+input"}
2019-6-12 14:10:38.094#change#{"from":{"line":0,"ch":17,"sticky":null},"to":{"line":0,"ch":17,"sticky":null},"text":[" "],"removed":[""],"origin":"+input"}
2019-6-12 14:10:38.846#change#{"from":{"line":0,"ch":18,"sticky":null},"to":{"line":0,"ch":18,"sticky":null},"text":["*"],"removed":[""],"origin":"+input"}
2019-6-12 14:10:39.608#change#{"from":{"line":0,"ch":19,"sticky":null},"to":{"line":0,"ch":19,"sticky":null},"text":["",""],"removed":[""],"origin":"+input"}
2019-6-12 14:10:39.608#keyHandled#"Enter"
2019-6-12 14:10:39.618#viewportChange#0
2019-6-12 14:11:17.770#blur#
2019-6-12 14:11:21.575#mousedown#{"isTrusted":true}
2019-6-12 14:11:21.584#focus#
2019-6-12 14:11:24.456#change#{"from":{"line":1,"ch":0,"sticky":"after","xRel":94.20001220703125},"to":{"line":1,"ch":0,"sticky":"after","xRel":94.20001220703125},"text":["a"],"removed":[""],"origin":"+input"}
2019-6-12 14:11:25.631#change#{"from":{"line":1,"ch":1,"sticky":null},"to":{"line":1,"ch":1,"sticky":null},"text":[" "],"removed":[""],"origin":"+input"}
2019-6-12 14:11:25.760#change#{"from":{"line":1,"ch":2,"sticky":null},"to":{"line":1,"ch":2,"sticky":null},"text":["="],"removed":[""],"origin":"+input"}
2019-6-12 14:11:26.455#change#{"from":{"line":1,"ch":3,"sticky":null},"to":{"line":1,"ch":3,"sticky":null},"text":[" "],"removed":[""],"origin":"+input"}
2019-6-12 14:11:26.688#change#{"from":{"line":1,"ch":4,"sticky":null},"to":{"line":1,"ch":4,"sticky":null},"text":["a"],"removed":[""],"origin":"+input"}
2019-6-12 14:11:27.088#change#{"from":{"line":1,"ch":5,"sticky":null},"to":{"line":1,"ch":5,"sticky":null},"text":["r"],"removed":[""],"origin":"+input"}
2019-6-12 14:11:27.256#change#{"from":{"line":1,"ch":6,"sticky":null},"to":{"line":1,"ch":6,"sticky":null},"text":["r"],"removed":[""],"origin":"+input"}
2019-6-12 14:11:27.489#change#{"from":{"line":1,"ch":7,"sticky":null},"to":{"line":1,"ch":7,"sticky":null},"text":["a"],"removed":[""],"origin":"+input"}
2019-6-12 14:11:28.432#change#{"from":{"line":1,"ch":8,"sticky":null},"to":{"line":1,"ch":8,"sticky":null},"text":["y"],"removed":[""],"origin":"+input"}
2019-6-12 14:11:30.469#change#{"from":{"line":1,"ch":8,"sticky":"after"},"to":{"line":1,"ch":9,"sticky":null},"text":[""],"removed":["y"],"origin":"+delete"}
2019-6-12 14:11:30.469#keyHandled#"Backspace"
2019-6-12 14:11:30.701#change#{"from":{"line":1,"ch":7,"sticky":"after"},"to":{"line":1,"ch":8,"sticky":null},"text":[""],"removed":["a"],"origin":"+delete"}
2019-6-12 14:11:30.701#keyHandled#"Backspace"
2019-6-12 14:11:30.917#change#{"from":{"line":1,"ch":6,"sticky":"after"},"to":{"line":1,"ch":7,"sticky":null},"text":[""],"removed":["r"],"origin":"+delete"}
2019-6-12 14:11:30.917#keyHandled#"Backspace"
2019-6-12 14:11:31.116#change#{"from":{"line":1,"ch":5,"sticky":"after"},"to":{"line":1,"ch":6,"sticky":null},"text":[""],"removed":["r"],"origin":"+delete"}
2019-6-12 14:11:31.116#keyHandled#"Backspace"
2019-6-12 14:11:31.301#change#{"from":{"line":1,"ch":4,"sticky":"after"},"to":{"line":1,"ch":5,"sticky":null},"text":[""],"removed":["a"],"origin":"+delete"}
2019-6-12 14:11:31.301#keyHandled#"Backspace"
2019-6-12 14:11:33.189#change#{"from":{"line":1,"ch":3,"sticky":"after"},"to":{"line":1,"ch":4,"sticky":null},"text":[""],"removed":[" "],"origin":"+delete"}
2019-6-12 14:11:33.189#keyHandled#"Backspace"
2019-6-12 14:11:33.349#change#{"from":{"line":1,"ch":2,"sticky":"after"},"to":{"line":1,"ch":3,"sticky":null},"text":[""],"removed":["="],"origin":"+delete"}
2019-6-12 14:11:33.349#keyHandled#"Backspace"
2019-6-12 14:11:33.533#change#{"from":{"line":1,"ch":1,"sticky":"after"},"to":{"line":1,"ch":2,"sticky":null},"text":[""],"removed":[" "],"origin":"+delete"}
2019-6-12 14:11:33.533#keyHandled#"Backspace"
2019-6-12 14:11:34.140#change#{"from":{"line":1,"ch":0,"sticky":"after"},"to":{"line":1,"ch":1,"sticky":null},"text":[""],"removed":["a"],"origin":"+delete"}
2019-6-12 14:11:34.141#keyHandled#"Backspace"
2019-6-12 14:12:04.818#blur#
2019-6-12 14:12:10.272#mousedown#{"isTrusted":true}
2019-6-12 14:12:10.280#focus#
2019-6-12 14:12:10.983#change#{"from":{"line":1,"ch":0,"sticky":"after","xRel":193.20001220703125},"to":{"line":1,"ch":0,"sticky":"after","xRel":193.20001220703125},"text":["",""],"removed":[""],"origin":"+input"}
2019-6-12 14:12:10.983#keyHandled#"Enter"
2019-6-12 14:12:10.998#viewportChange#0
2019-6-12 14:12:11.158#change#{"from":{"line":2,"ch":0,"sticky":null},"to":{"line":2,"ch":0,"sticky":null},"text":["",""],"removed":[""],"origin":"+input"}
2019-6-12 14:12:11.158#keyHandled#"Enter"
2019-6-12 14:12:11.174#viewportChange#0
2019-6-12 14:12:11.326#change#{"from":{"line":3,"ch":0,"sticky":null},"to":{"line":3,"ch":0,"sticky":null},"text":["",""],"removed":[""],"origin":"+input"}
2019-6-12 14:12:11.326#keyHandled#"Enter"
2019-6-12 14:12:11.341#viewportChange#0
2019-6-12 14:12:11.526#change#{"from":{"line":4,"ch":0,"sticky":null},"to":{"line":4,"ch":0,"sticky":null},"text":["",""],"removed":[""],"origin":"+input"}
2019-6-12 14:12:11.526#keyHandled#"Enter"
2019-6-12 14:12:11.536#viewportChange#0
2019-6-12 14:12:22.791#change#{"from":{"line":4,"ch":0,"sticky":"before"},"to":{"line":5,"ch":0,"sticky":null},"text":[""],"removed":["",""],"origin":"+delete"}
2019-6-12 14:12:22.791#keyHandled#"Backspace"
2019-6-12 14:12:22.805#viewportChange#0
2019-6-12 14:12:39.917#blur#
2019-6-12 14:14:14.163#mousedown#{"isTrusted":true}
2019-6-12 14:14:14.187#focus#
2019-6-12 14:15:09.039#blur#
2019-6-12 14:17:40.583#mousedown#{"isTrusted":true}
2019-6-12 14:17:40.595#focus#
2019-6-12 14:17:41.465#change#{"from":{"line":0,"ch":0,"sticky":"after","xRel":144.20001220703125},"to":{"line":0,"ch":0,"sticky":"after","xRel":144.20001220703125},"text":["f"],"removed":[""],"origin":"+input"}
2019-6-12 14:17:42.040#change#{"from":{"line":0,"ch":1,"sticky":null},"to":{"line":0,"ch":1,"sticky":null},"text":["r"],"removed":[""],"origin":"+input"}
2019-6-12 14:17:42.944#change#{"from":{"line":0,"ch":2,"sticky":null},"to":{"line":0,"ch":2,"sticky":null},"text":["o"],"removed":[""],"origin":"+input"}
2019-6-12 14:17:43.312#change#{"from":{"line":0,"ch":3,"sticky":null},"to":{"line":0,"ch":3,"sticky":null},"text":["m"],"removed":[""],"origin":"+input"}
2019-6-12 14:17:43.688#change#{"from":{"line":0,"ch":4,"sticky":null},"to":{"line":0,"ch":4,"sticky":null},"text":[" "],"removed":[""],"origin":"+input"}
2019-6-12 14:17:44.440#change#{"from":{"line":0,"ch":5,"sticky":null},"to":{"line":0,"ch":5,"sticky":null},"text":["n"],"removed":[""],"origin":"+input"}
2019-6-12 14:17:45.561#change#{"from":{"line":0,"ch":6,"sticky":null},"to":{"line":0,"ch":6,"sticky":null},"text":["u"],"removed":[""],"origin":"+input"}
2019-6-12 14:17:45.976#change#{"from":{"line":0,"ch":7,"sticky":null},"to":{"line":0,"ch":7,"sticky":null},"text":["n"],"removed":[""],"origin":"+input"}
2019-6-12 14:17:47.280#change#{"from":{"line":0,"ch":8,"sticky":null},"to":{"line":0,"ch":8,"sticky":null},"text":["p"],"removed":[""],"origin":"+input"}
2019-6-12 14:17:48.541#change#{"from":{"line":0,"ch":8,"sticky":"after"},"to":{"line":0,"ch":9,"sticky":null},"text":[""],"removed":["p"],"origin":"+delete"}
2019-6-12 14:17:48.541#keyHandled#"Backspace"
2019-6-12 14:17:48.717#change#{"from":{"line":0,"ch":7,"sticky":"after"},"to":{"line":0,"ch":8,"sticky":null},"text":[""],"removed":["n"],"origin":"+delete"}
2019-6-12 14:17:48.717#keyHandled#"Backspace"
2019-6-12 14:17:49.034#change#{"from":{"line":0,"ch":7,"sticky":null},"to":{"line":0,"ch":7,"sticky":null},"text":["m"],"removed":[""],"origin":"+input"}
2019-6-12 14:17:50.288#change#{"from":{"line":0,"ch":8,"sticky":null},"to":{"line":0,"ch":8,"sticky":null},"text":["p"],"removed":[""],"origin":"+input"}
2019-6-12 14:17:50.832#change#{"from":{"line":0,"ch":9,"sticky":null},"to":{"line":0,"ch":9,"sticky":null},"text":["y"],"removed":[""],"origin":"+input"}
2019-6-12 14:17:51.232#change#{"from":{"line":0,"ch":10,"sticky":null},"to":{"line":0,"ch":10,"sticky":null},"text":[" "],"removed":[""],"origin":"+input"}
2019-6-12 14:17:52.369#change#{"from":{"line":0,"ch":11,"sticky":null},"to":{"line":0,"ch":11,"sticky":null},"text":["i"],"removed":[""],"origin":"+input"}
2019-6-12 14:17:52.760#change#{"from":{"line":0,"ch":12,"sticky":null},"to":{"line":0,"ch":12,"sticky":null},"text":["n"],"removed":[""],"origin":"+input"}
2019-6-12 14:17:53.280#change#{"from":{"line":0,"ch":13,"sticky":null},"to":{"line":0,"ch":13,"sticky":null},"text":["p"],"removed":[""],"origin":"+input"}
2019-6-12 14:17:53.576#change#{"from":{"line":0,"ch":14,"sticky":null},"to":{"line":0,"ch":14,"sticky":null},"text":["o"],"removed":[""],"origin":"+input"}
2019-6-12 14:17:53.953#change#{"from":{"line":0,"ch":15,"sticky":null},"to":{"line":0,"ch":15,"sticky":null},"text":["r"],"removed":[""],"origin":"+input"}
2019-6-12 14:17:54.185#change#{"from":{"line":0,"ch":16,"sticky":null},"to":{"line":0,"ch":16,"sticky":null},"text":["t"],"removed":[""],"origin":"+input"}
2019-6-12 14:17:56.061#change#{"from":{"line":0,"ch":17,"sticky":"after"},"to":{"line":0,"ch":18,"sticky":null},"text":[""],"removed":["="],"origin":"+delete"}
2019-6-12 14:17:56.061#keyHandled#"Backspace"
2019-6-12 14:17:56.261#change#{"from":{"line":0,"ch":16,"sticky":"after"},"to":{"line":0,"ch":17,"sticky":null},"text":[""],"removed":["t"],"origin":"+delete"}
2019-6-12 14:17:56.261#keyHandled#"Backspace"
2019-6-12 14:17:56.445#change#{"from":{"line":0,"ch":15,"sticky":"after"},"to":{"line":0,"ch":16,"sticky":null},"text":[""],"removed":["r"],"origin":"+delete"}
2019-6-12 14:17:56.445#keyHandled#"Backspace"
2019-6-12 14:17:56.637#change#{"from":{"line":0,"ch":14,"sticky":"after"},"to":{"line":0,"ch":15,"sticky":null},"text":[""],"removed":["o"],"origin":"+delete"}
2019-6-12 14:17:56.638#keyHandled#"Backspace"
2019-6-12 14:17:56.837#change#{"from":{"line":0,"ch":13,"sticky":"after"},"to":{"line":0,"ch":14,"sticky":null},"text":[""],"removed":["p"],"origin":"+delete"}
2019-6-12 14:17:56.837#keyHandled#"Backspace"
2019-6-12 14:17:57.037#change#{"from":{"line":0,"ch":12,"sticky":"after"},"to":{"line":0,"ch":13,"sticky":null},"text":[""],"removed":["n"],"origin":"+delete"}
2019-6-12 14:17:57.037#keyHandled#"Backspace"
2019-6-12 14:17:58.121#change#{"from":{"line":0,"ch":12,"sticky":null},"to":{"line":0,"ch":12,"sticky":null},"text":["m"],"removed":[""],"origin":"+input"}
2019-6-12 14:17:58.647#change#{"from":{"line":0,"ch":13,"sticky":null},"to":{"line":0,"ch":13,"sticky":null},"text":["p"],"removed":[""],"origin":"+input"}
2019-6-12 14:17:58.848#change#{"from":{"line":0,"ch":14,"sticky":null},"to":{"line":0,"ch":14,"sticky":null},"text":["o"],"removed":[""],"origin":"+input"}
2019-6-12 14:17:59.104#change#{"from":{"line":0,"ch":15,"sticky":null},"to":{"line":0,"ch":15,"sticky":null},"text":["r"],"removed":[""],"origin":"+input"}
2019-6-12 14:17:59.624#change#{"from":{"line":0,"ch":16,"sticky":null},"to":{"line":0,"ch":16,"sticky":null},"text":["t"],"removed":[""],"origin":"+input"}
2019-6-12 14:18:01.000#change#{"from":{"line":0,"ch":17,"sticky":null},"to":{"line":0,"ch":17,"sticky":null},"text":[" "],"removed":[""],"origin":"+input"}
2019-6-12 14:18:01.872#change#{"from":{"line":0,"ch":18,"sticky":null},"to":{"line":0,"ch":18,"sticky":null},"text":["*"],"removed":[""],"origin":"+input"}
2019-6-12 14:18:02.527#change#{"from":{"line":0,"ch":19,"sticky":null},"to":{"line":0,"ch":19,"sticky":null},"text":["",""],"removed":[""],"origin":"+input"}
2019-6-12 14:18:02.527#keyHandled#"Enter"
2019-6-12 14:18:02.545#viewportChange#0
2019-6-12 14:18:26.397#change#{"from":{"line":1,"ch":0,"sticky":null},"to":{"line":1,"ch":0,"sticky":null},"text":["a"],"removed":[""],"origin":"+input"}
2019-6-12 14:18:27.017#change#{"from":{"line":1,"ch":1,"sticky":null},"to":{"line":1,"ch":1,"sticky":null},"text":[" "],"removed":[""],"origin":"+input"}
2019-6-12 14:18:27.130#change#{"from":{"line":1,"ch":2,"sticky":null},"to":{"line":1,"ch":2,"sticky":null},"text":["="],"removed":[""],"origin":"+input"}
2019-6-12 14:18:27.792#change#{"from":{"line":1,"ch":3,"sticky":null},"to":{"line":1,"ch":3,"sticky":null},"text":[" "],"removed":[""],"origin":"+input"}
2019-6-12 14:18:28.137#change#{"from":{"line":1,"ch":4,"sticky":null},"to":{"line":1,"ch":4,"sticky":null},"text":["a"],"removed":[""],"origin":"+input"}
2019-6-12 14:18:28.523#change#{"from":{"line":1,"ch":5,"sticky":null},"to":{"line":1,"ch":5,"sticky":null},"text":["e"],"removed":[""],"origin":"+input"}
2019-6-12 14:18:28.673#change#{"from":{"line":1,"ch":6,"sticky":null},"to":{"line":1,"ch":6,"sticky":null},"text":["e"],"removed":[""],"origin":"+input"}
2019-6-12 14:18:28.803#change#{"from":{"line":1,"ch":7,"sticky":null},"to":{"line":1,"ch":7,"sticky":null},"text":["a"],"removed":[""],"origin":"+input"}
2019-6-12 14:18:29.766#change#{"from":{"line":1,"ch":7,"sticky":"after"},"to":{"line":1,"ch":8,"sticky":null},"text":[""],"removed":["a"],"origin":"+delete"}
2019-6-12 14:18:29.767#keyHandled#"Backspace"
2019-6-12 14:18:29.966#change#{"from":{"line":1,"ch":6,"sticky":"after"},"to":{"line":1,"ch":7,"sticky":null},"text":[""],"removed":["e"],"origin":"+delete"}
2019-6-12 14:18:29.966#keyHandled#"Backspace"
2019-6-12 14:18:30.142#change#{"from":{"line":1,"ch":5,"sticky":"after"},"to":{"line":1,"ch":6,"sticky":null},"text":[""],"removed":["e"],"origin":"+delete"}
2019-6-12 14:18:30.142#keyHandled#"Backspace"
2019-6-12 14:18:31.097#change#{"from":{"line":1,"ch":5,"sticky":null},"to":{"line":1,"ch":5,"sticky":null},"text":["r"],"removed":[""],"origin":"+input"}
2019-6-12 14:18:31.265#change#{"from":{"line":1,"ch":6,"sticky":null},"to":{"line":1,"ch":6,"sticky":null},"text":["r"],"removed":[""],"origin":"+input"}
2019-6-12 14:18:31.385#change#{"from":{"line":1,"ch":7,"sticky":null},"to":{"line":1,"ch":7,"sticky":null},"text":["a"],"removed":[""],"origin":"+input"}
2019-6-12 14:18:32.561#change#{"from":{"line":1,"ch":8,"sticky":null},"to":{"line":1,"ch":8,"sticky":null},"text":["y"],"removed":[""],"origin":"+input"}
2019-6-12 14:18:34.142#change#{"from":{"line":1,"ch":9,"sticky":null},"to":{"line":1,"ch":9,"sticky":null},"text":["()"],"removed":[""],"origin":"+input"}
2019-6-12 14:18:34.142#keyHandled#"'('"
2019-6-12 14:18:34.537#change#{"from":{"line":1,"ch":10,"sticky":"after"},"to":{"line":1,"ch":10,"sticky":"after"},"text":["e"],"removed":[""],"origin":"+input"}
2019-6-12 14:18:35.371#change#{"from":{"line":1,"ch":12,"sticky":null},"to":{"line":1,"ch":12,"sticky":null},"text":["a"],"removed":[""],"origin":"+input"}
2019-6-12 14:18:35.993#change#{"from":{"line":1,"ch":13,"sticky":null},"to":{"line":1,"ch":13,"sticky":null},"text":["l"],"removed":[""],"origin":"+input"}
2019-6-12 14:18:36.945#change#{"from":{"line":1,"ch":14,"sticky":null},"to":{"line":1,"ch":14,"sticky":null},"text":["()"],"removed":[""],"origin":"+input"}
2019-6-12 14:18:36.945#keyHandled#"'('"
2019-6-12 14:18:37.306#change#{"from":{"line":1,"ch":15,"sticky":"after"},"to":{"line":1,"ch":15,"sticky":"after"},"text":["i"],"removed":[""],"origin":"+input"}
2019-6-12 14:18:37.681#change#{"from":{"line":1,"ch":16,"sticky":null},"to":{"line":1,"ch":16,"sticky":null},"text":["n"],"removed":[""],"origin":"+input"}
2019-6-12 14:18:38.241#change#{"from":{"line":1,"ch":17,"sticky":null},"to":{"line":1,"ch":17,"sticky":null},"text":["p"],"removed":[""],"origin":"+input"}
2019-6-12 14:18:38.705#change#{"from":{"line":1,"ch":18,"sticky":null},"to":{"line":1,"ch":18,"sticky":null},"text":["u"],"removed":[""],"origin":"+input"}
2019-6-12 14:18:38.848#change#{"from":{"line":1,"ch":19,"sticky":null},"to":{"line":1,"ch":19,"sticky":null},"text":["t"],"removed":[""],"origin":"+input"}
2019-6-12 14:18:41.698#change#{"from":{"line":1,"ch":20,"sticky":null},"to":{"line":1,"ch":20,"sticky":null},"text":["()"],"removed":[""],"origin":"+input"}
2019-6-12 14:18:41.698#keyHandled#"'('"
2019-6-12 14:18:42.438#change#{"from":{"line":1,"ch":21,"sticky":"after"},"to":{"line":1,"ch":21,"sticky":"after"},"text":["\"\""],"removed":[""],"origin":"+input"}
2019-6-12 14:18:42.438#keyHandled#"'\"'"
2019-6-12 14:18:44.465#mousedown#{"isTrusted":true}
2019-6-12 14:18:45.337#change#{"from":{"line":1,"ch":26,"sticky":"before","xRel":16.70001220703125},"to":{"line":1,"ch":26,"sticky":"before","xRel":16.70001220703125},"text":["",""],"removed":[""],"origin":"+input"}
2019-6-12 14:18:45.338#keyHandled#"Enter"
2019-6-12 14:18:45.356#viewportChange#0
2019-6-12 14:19:12.867#change#{"from":{"line":2,"ch":0,"sticky":null},"to":{"line":2,"ch":0,"sticky":null},"text":["i"],"removed":[""],"origin":"+input"}
2019-6-12 14:19:13.802#change#{"from":{"line":2,"ch":1,"sticky":null},"to":{"line":2,"ch":1,"sticky":null},"text":[" "],"removed":[""],"origin":"+input"}
2019-6-12 14:19:14.011#change#{"from":{"line":2,"ch":2,"sticky":null},"to":{"line":2,"ch":2,"sticky":null},"text":["="],"removed":[""],"origin":"+input"}
2019-6-12 14:19:14.779#change#{"from":{"line":2,"ch":3,"sticky":null},"to":{"line":2,"ch":3,"sticky":null},"text":[" "],"removed":[""],"origin":"+input"}
2019-6-12 14:19:15.929#change#{"from":{"line":2,"ch":5,"sticky":null},"to":{"line":2,"ch":5,"sticky":null},"text":[" "],"removed":[""],"origin":"+input"}
2019-6-12 14:19:17.018#change#{"from":{"line":2,"ch":6,"sticky":null},"to":{"line":2,"ch":6,"sticky":null},"text":["#"],"removed":[""],"origin":"+input"}
2019-6-12 14:19:22.410#change#{"from":{"line":2,"ch":7,"sticky":null},"to":{"line":2,"ch":7,"sticky":null},"text":["t"],"removed":[""],"origin":"+input"}
2019-6-12 14:19:23.130#change#{"from":{"line":2,"ch":8,"sticky":null},"to":{"line":2,"ch":8,"sticky":null},"text":["u"],"removed":[""],"origin":"+input"}
2019-6-12 14:19:23.250#change#{"from":{"line":2,"ch":9,"sticky":null},"to":{"line":2,"ch":9,"sticky":null},"text":["r"],"removed":[""],"origin":"+input"}
2019-6-12 14:19:24.004#change#{"from":{"line":2,"ch":10,"sticky":null},"to":{"line":2,"ch":10,"sticky":null},"text":["m"],"removed":[""],"origin":"+input"}
2019-6-12 14:19:24.259#change#{"from":{"line":2,"ch":11,"sticky":null},"to":{"line":2,"ch":11,"sticky":null},"text":["a"],"removed":[""],"origin":"+input"}
2019-6-12 14:19:24.467#change#{"from":{"line":2,"ch":12,"sticky":null},"to":{"line":2,"ch":12,"sticky":null},"text":["s"],"removed":[""],"origin":"+input"}
2019-6-12 14:19:24.618#change#{"from":{"line":2,"ch":13,"sticky":null},"to":{"line":2,"ch":13,"sticky":null},"text":[" "],"removed":[""],"origin":"+input"}
2019-6-12 14:19:24.842#change#{"from":{"line":2,"ch":14,"sticky":null},"to":{"line":2,"ch":14,"sticky":null},"text":["c"],"removed":[""],"origin":"+input"}
2019-6-12 14:19:25.131#change#{"from":{"line":2,"ch":15,"sticky":null},"to":{"line":2,"ch":15,"sticky":null},"text":["o"],"removed":[""],"origin":"+input"}
2019-6-12 14:19:25.419#change#{"from":{"line":2,"ch":16,"sticky":null},"to":{"line":2,"ch":16,"sticky":null},"text":["m"],"removed":[""],"origin":"+input"}
2019-6-12 14:19:25.642#change#{"from":{"line":2,"ch":17,"sticky":null},"to":{"line":2,"ch":17,"sticky":null},"text":[" "],"removed":[""],"origin":"+input"}
2019-6-12 14:19:25.834#change#{"from":{"line":2,"ch":18,"sticky":null},"to":{"line":2,"ch":18,"sticky":null},"text":["n"],"removed":[""],"origin":"+input"}
2019-6-12 14:19:26.172#change#{"from":{"line":2,"ch":19,"sticky":null},"to":{"line":2,"ch":19,"sticky":null},"text":["u"],"removed":[""],"origin":"+input"}
2019-6-12 14:19:26.419#change#{"from":{"line":2,"ch":20,"sticky":null},"to":{"line":2,"ch":20,"sticky":null},"text":["m"],"removed":[""],"origin":"+input"}
2019-6-12 14:19:26.562#change#{"from":{"line":2,"ch":21,"sticky":null},"to":{"line":2,"ch":21,"sticky":null},"text":["e"],"removed":[""],"origin":"+input"}
2019-6-12 14:19:26.802#change#{"from":{"line":2,"ch":22,"sticky":null},"to":{"line":2,"ch":22,"sticky":null},"text":["r"],"removed":[""],"origin":"+input"}
2019-6-12 14:19:26.949#change#{"from":{"line":2,"ch":23,"sticky":null},"to":{"line":2,"ch":23,"sticky":null},"text":["o"],"removed":[""],"origin":"+input"}
2019-6-12 14:19:27.122#change#{"from":{"line":2,"ch":24,"sticky":null},"to":{"line":2,"ch":24,"sticky":null},"text":["s"],"removed":[""],"origin":"+input"}
2019-6-12 14:19:27.329#change#{"from":{"line":2,"ch":25,"sticky":null},"to":{"line":2,"ch":25,"sticky":null},"text":[" "],"removed":[""],"origin":"+input"}
2019-6-12 14:19:28.042#change#{"from":{"line":2,"ch":26,"sticky":null},"to":{"line":2,"ch":26,"sticky":null},"text":["i"],"removed":[""],"origin":"+input"}
2019-6-12 14:19:30.922#change#{"from":{"line":2,"ch":27,"sticky":null},"to":{"line":2,"ch":27,"sticky":null},"text":["n"],"removed":[""],"origin":"+input"}
2019-6-12 14:19:31.856#change#{"from":{"line":2,"ch":27,"sticky":"after"},"to":{"line":2,"ch":28,"sticky":null},"text":[""],"removed":["n"],"origin":"+delete"}
2019-6-12 14:19:31.856#keyHandled#"Backspace"
2019-6-12 14:19:32.315#change#{"from":{"line":2,"ch":27,"sticky":null},"to":{"line":2,"ch":27,"sticky":null},"text":["n"],"removed":[""],"origin":"+input"}
2019-6-12 14:19:32.738#change#{"from":{"line":2,"ch":28,"sticky":null},"to":{"line":2,"ch":28,"sticky":null},"text":["p"],"removed":[""],"origin":"+input"}
2019-6-12 14:19:32.906#change#{"from":{"line":2,"ch":29,"sticky":null},"to":{"line":2,"ch":29,"sticky":null},"text":["a"],"removed":[""],"origin":"+input"}
2019-6-12 14:19:33.210#change#{"from":{"line":2,"ch":30,"sticky":null},"to":{"line":2,"ch":30,"sticky":null},"text":["r"],"removed":[""],"origin":"+input"}
2019-6-12 14:19:33.435#change#{"from":{"line":2,"ch":31,"sticky":null},"to":{"line":2,"ch":31,"sticky":null},"text":["e"],"removed":[""],"origin":"+input"}
2019-6-12 14:19:33.546#change#{"from":{"line":2,"ch":32,"sticky":null},"to":{"line":2,"ch":32,"sticky":null},"text":["s"],"removed":[""],"origin":"+input"}
2019-6-12 14:19:39.856#change#{"from":{"line":2,"ch":32,"sticky":"after"},"to":{"line":2,"ch":33,"sticky":null},"text":[""],"removed":["s"],"origin":"+delete"}
2019-6-12 14:19:39.856#keyHandled#"Backspace"
2019-6-12 14:19:40.040#change#{"from":{"line":2,"ch":31,"sticky":"after"},"to":{"line":2,"ch":32,"sticky":null},"text":[""],"removed":["e"],"origin":"+delete"}
2019-6-12 14:19:40.040#keyHandled#"Backspace"
2019-6-12 14:19:40.184#change#{"from":{"line":2,"ch":30,"sticky":"after"},"to":{"line":2,"ch":31,"sticky":null},"text":[""],"removed":["r"],"origin":"+delete"}
2019-6-12 14:19:40.184#keyHandled#"Backspace"
2019-6-12 14:19:40.352#change#{"from":{"line":2,"ch":29,"sticky":"after"},"to":{"line":2,"ch":30,"sticky":null},"text":[""],"removed":["a"],"origin":"+delete"}
2019-6-12 14:19:40.352#keyHandled#"Backspace"
2019-6-12 14:19:40.496#change#{"from":{"line":2,"ch":28,"sticky":"after"},"to":{"line":2,"ch":29,"sticky":null},"text":[""],"removed":["p"],"origin":"+delete"}
2019-6-12 14:19:40.496#keyHandled#"Backspace"
2019-6-12 14:19:42.304#change#{"from":{"line":2,"ch":27,"sticky":"after"},"to":{"line":2,"ch":28,"sticky":null},"text":[""],"removed":["n"],"origin":"+delete"}
2019-6-12 14:19:42.304#keyHandled#"Backspace"
2019-6-12 14:19:43.203#change#{"from":{"line":2,"ch":27,"sticky":null},"to":{"line":2,"ch":27,"sticky":null},"text":["m"],"removed":[""],"origin":"+input"}
2019-6-12 14:19:43.722#change#{"from":{"line":2,"ch":28,"sticky":null},"to":{"line":2,"ch":28,"sticky":null},"text":["p"],"removed":[""],"origin":"+input"}
2019-6-12 14:19:43.953#change#{"from":{"line":2,"ch":29,"sticky":null},"to":{"line":2,"ch":29,"sticky":null},"text":["a"],"removed":[""],"origin":"+input"}
2019-6-12 14:19:44.242#change#{"from":{"line":2,"ch":30,"sticky":null},"to":{"line":2,"ch":30,"sticky":null},"text":["r"],"removed":[""],"origin":"+input"}
2019-6-12 14:19:44.474#change#{"from":{"line":2,"ch":31,"sticky":null},"to":{"line":2,"ch":31,"sticky":null},"text":["e"],"removed":[""],"origin":"+input"}
2019-6-12 14:19:44.643#change#{"from":{"line":2,"ch":32,"sticky":null},"to":{"line":2,"ch":32,"sticky":null},"text":["s"],"removed":[""],"origin":"+input"}
2019-6-12 14:19:44.899#change#{"from":{"line":2,"ch":33,"sticky":null},"to":{"line":2,"ch":33,"sticky":null},"text":[" "],"removed":[""],"origin":"+input"}
2019-6-12 14:19:45.143#change#{"from":{"line":2,"ch":34,"sticky":null},"to":{"line":2,"ch":34,"sticky":null},"text":["d"],"removed":[""],"origin":"+input"}
2019-6-12 14:19:45.331#change#{"from":{"line":2,"ch":36,"sticky":null},"to":{"line":2,"ch":36,"sticky":null},"text":[" "],"removed":[""],"origin":"+input"}
2019-6-12 14:19:45.763#change#{"from":{"line":2,"ch":37,"sticky":null},"to":{"line":2,"ch":37,"sticky":null},"text":["a"],"removed":[""],"origin":"+input"}
2019-6-12 14:19:46.251#change#{"from":{"line":2,"ch":38,"sticky":null},"to":{"line":2,"ch":38,"sticky":null},"text":["l"],"removed":[""],"origin":"+input"}
2019-6-12 14:19:46.579#change#{"from":{"line":2,"ch":39,"sticky":null},"to":{"line":2,"ch":39,"sticky":null},"text":["u"],"removed":[""],"origin":"+input"}
2019-6-12 14:19:46.842#change#{"from":{"line":2,"ch":40,"sticky":null},"to":{"line":2,"ch":40,"sticky":null},"text":["m"],"removed":[""],"origin":"+input"}
2019-6-12 14:19:47.171#change#{"from":{"line":2,"ch":41,"sticky":null},"to":{"line":2,"ch":41,"sticky":null},"text":["o"],"removed":[""],"origin":"+input"}
2019-6-12 14:19:47.274#change#{"from":{"line":2,"ch":42,"sticky":null},"to":{"line":2,"ch":42,"sticky":null},"text":["s"],"removed":[""],"origin":"+input"}
2019-6-12 14:19:49.224#change#{"from":{"line":2,"ch":42,"sticky":"after"},"to":{"line":2,"ch":43,"sticky":null},"text":[""],"removed":["s"],"origin":"+delete"}
2019-6-12 14:19:49.224#keyHandled#"Backspace"
2019-6-12 14:19:49.416#change#{"from":{"line":2,"ch":41,"sticky":"after"},"to":{"line":2,"ch":42,"sticky":null},"text":[""],"removed":["o"],"origin":"+delete"}
2019-6-12 14:19:49.416#keyHandled#"Backspace"
2019-6-12 14:19:49.833#change#{"from":{"line":2,"ch":40,"sticky":"after"},"to":{"line":2,"ch":41,"sticky":null},"text":[""],"removed":["m"],"origin":"+delete"}
2019-6-12 14:19:49.833#keyHandled#"Backspace"
2019-6-12 14:19:50.708#change#{"from":{"line":2,"ch":40,"sticky":null},"to":{"line":2,"ch":40,"sticky":null},"text":["n"],"removed":[""],"origin":"+input"}
2019-6-12 14:19:51.291#change#{"from":{"line":2,"ch":41,"sticky":null},"to":{"line":2,"ch":41,"sticky":null},"text":["o"],"removed":[""],"origin":"+input"}
2019-6-12 14:19:51.402#change#{"from":{"line":2,"ch":42,"sticky":null},"to":{"line":2,"ch":42,"sticky":null},"text":["s"],"removed":[""],"origin":"+input"}
2019-6-12 14:20:05.554#change#{"from":{"line":2,"ch":43,"sticky":null},"to":{"line":2,"ch":43,"sticky":null},"text":["",""],"removed":[""],"origin":"+input"}
2019-6-12 14:20:05.554#keyHandled#"Enter"
2019-6-12 14:20:05.570#viewportChange#0
2019-6-12 14:20:45.768#blur#
2019-6-12 14:22:28.294#mousedown#{"isTrusted":true}
2019-6-12 14:22:28.313#focus#
2019-6-12 14:22:29.793#change#{"from":{"line":2,"ch":7,"sticky":"before","xRel":-1.5999755859375},"to":{"line":2,"ch":7,"sticky":"before","xRel":-1.5999755859375},"text":["v"],"removed":[""],"origin":"+input"}
2019-6-12 14:22:29.895#change#{"from":{"line":2,"ch":8,"sticky":null},"to":{"line":2,"ch":8,"sticky":null},"text":["a"],"removed":[""],"origin":"+input"}
2019-6-12 14:22:30.135#change#{"from":{"line":2,"ch":9,"sticky":null},"to":{"line":2,"ch":9,"sticky":null},"text":["r"],"removed":[""],"origin":"+input"}
2019-6-12 14:22:30.679#change#{"from":{"line":2,"ch":10,"sticky":null},"to":{"line":2,"ch":10,"sticky":null},"text":["i"],"removed":[""],"origin":"+input"}
2019-6-12 14:22:30.759#change#{"from":{"line":2,"ch":11,"sticky":null},"to":{"line":2,"ch":11,"sticky":null},"text":["a"],"removed":[""],"origin":"+input"}
2019-6-12 14:22:31.047#change#{"from":{"line":2,"ch":12,"sticky":null},"to":{"line":2,"ch":12,"sticky":null},"text":["v"],"removed":[""],"origin":"+input"}
2019-6-12 14:22:31.222#change#{"from":{"line":2,"ch":13,"sticky":null},"to":{"line":2,"ch":13,"sticky":null},"text":["e"],"removed":[""],"origin":"+input"}
2019-6-12 14:22:31.607#change#{"from":{"line":2,"ch":14,"sticky":null},"to":{"line":2,"ch":14,"sticky":null},"text":["l"],"removed":[""],"origin":"+input"}
2019-6-12 14:22:31.815#change#{"from":{"line":2,"ch":15,"sticky":null},"to":{"line":2,"ch":15,"sticky":null},"text":[" "],"removed":[""],"origin":"+input"}
2019-6-12 14:22:31.951#change#{"from":{"line":2,"ch":16,"sticky":null},"to":{"line":2,"ch":16,"sticky":null},"text":["a"],"removed":[""],"origin":"+input"}
2019-6-12 14:22:33.463#change#{"from":{"line":2,"ch":17,"sticky":null},"to":{"line":2,"ch":17,"sticky":null},"text":["c"],"removed":[""],"origin":"+input"}
2019-6-12 14:22:33.623#change#{"from":{"line":2,"ch":18,"sticky":null},"to":{"line":2,"ch":18,"sticky":null},"text":["u"],"removed":[""],"origin":"+input"}
2019-6-12 14:22:33.910#change#{"from":{"line":2,"ch":19,"sticky":null},"to":{"line":2,"ch":19,"sticky":null},"text":["m"],"removed":[""],"origin":"+input"}
2019-6-12 14:22:34.230#change#{"from":{"line":2,"ch":20,"sticky":null},"to":{"line":2,"ch":20,"sticky":null},"text":["u"],"removed":[""],"origin":"+input"}
2019-6-12 14:22:34.719#change#{"from":{"line":2,"ch":21,"sticky":null},"to":{"line":2,"ch":21,"sticky":null},"text":["l"],"removed":[""],"origin":"+input"}
2019-6-12 14:22:34.846#change#{"from":{"line":2,"ch":22,"sticky":null},"to":{"line":2,"ch":22,"sticky":null},"text":["a"],"removed":[""],"origin":"+input"}
2019-6-12 14:22:35.134#change#{"from":{"line":2,"ch":23,"sticky":null},"to":{"line":2,"ch":23,"sticky":null},"text":["d"],"removed":[""],"origin":"+input"}
2019-6-12 14:22:35.423#change#{"from":{"line":2,"ch":24,"sticky":null},"to":{"line":2,"ch":24,"sticky":null},"text":["o"],"removed":[""],"origin":"+input"}
2019-6-12 14:22:35.582#change#{"from":{"line":2,"ch":25,"sticky":null},"to":{"line":2,"ch":25,"sticky":null},"text":["r"],"removed":[""],"origin":"+input"}
2019-6-12 14:22:35.750#change#{"from":{"line":2,"ch":26,"sticky":null},"to":{"line":2,"ch":26,"sticky":null},"text":["a"],"removed":[""],"origin":"+input"}
2019-6-12 14:22:36.638#change#{"from":{"line":2,"ch":27,"sticky":null},"to":{"line":2,"ch":27,"sticky":null},"text":[" "],"removed":[""],"origin":"+input"}
2019-6-12 14:22:40.839#change#{"from":{"line":2,"ch":28,"sticky":null},"to":{"line":2,"ch":28,"sticky":null},"text":["\""],"removed":[""],"origin":"+input"}
2019-6-12 14:22:41.798#mousedown#{"isTrusted":true}
2019-6-12 14:22:42.049#change#{"from":{"line":2,"ch":65,"sticky":"before","xRel":5.4000244140625},"to":{"line":2,"ch":65,"sticky":"before","xRel":5.4000244140625},"text":["\""],"removed":[""],"origin":"+input"}
2019-6-12 14:22:46.286#mousedown#{"isTrusted":true}
2019-6-12 14:22:46.862#mousedown#{"isTrusted":true}
2019-6-12 14:22:47.583#change#{"from":{"line":2,"ch":66,"sticky":"before","xRel":108.4000244140625},"to":{"line":2,"ch":66,"sticky":"before","xRel":108.4000244140625},"text":["",""],"removed":[""],"origin":"+input"}
2019-6-12 14:22:47.583#keyHandled#"Enter"
2019-6-12 14:22:47.620#viewportChange#0
2019-6-12 14:23:57.002#blur#
2019-6-12 14:27:21.116#mousedown#{"isTrusted":true}
2019-6-12 14:27:21.138#focus#
2019-6-12 14:27:21.724#mousedown#{"isTrusted":true}
2019-6-12 14:27:39.111#blur#
2019-6-12 14:29:47.872#mousedown#{"isTrusted":true}
2019-6-12 14:29:47.874#focus#
2019-6-12 14:29:49.579#change#{"from":{"line":3,"ch":0,"sticky":"after","xRel":89.4000244140625},"to":{"line":3,"ch":0,"sticky":"after","xRel":89.4000244140625},"text":["j"],"removed":[""],"origin":"+input"}
2019-6-12 14:29:50.497#change#{"from":{"line":3,"ch":1,"sticky":null},"to":{"line":3,"ch":1,"sticky":null},"text":["="],"removed":[""],"origin":"+input"}
2019-6-12 14:29:50.616#change#{"from":{"line":3,"ch":2,"sticky":null},"to":{"line":3,"ch":2,"sticky":null},"text":[" "],"removed":[""],"origin":"+input"}
2019-6-12 14:29:51.681#change#{"from":{"line":3,"ch":3,"sticky":null},"to":{"line":3,"ch":3,"sticky":null},"text":["0"],"removed":[""],"origin":"+input"}
2019-6-12 14:29:52.232#change#{"from":{"line":3,"ch":4,"sticky":null},"to":{"line":3,"ch":4,"sticky":null},"text":[" "],"removed":[""],"origin":"+input"}
2019-6-12 14:29:53.832#change#{"from":{"line":3,"ch":5,"sticky":null},"to":{"line":3,"ch":5,"sticky":null},"text":["+"],"removed":[""],"origin":"+input"}
2019-6-12 14:29:57.441#change#{"from":{"line":3,"ch":6,"sticky":null},"to":{"line":3,"ch":6,"sticky":null},"text":["c"],"removed":[""],"origin":"+input"}
2019-6-12 14:29:57.689#change#{"from":{"line":3,"ch":7,"sticky":null},"to":{"line":3,"ch":7,"sticky":null},"text":["o"],"removed":[""],"origin":"+input"}
2019-6-12 14:29:58.072#change#{"from":{"line":3,"ch":8,"sticky":null},"to":{"line":3,"ch":8,"sticky":null},"text":["n"],"removed":[""],"origin":"+input"}
2019-6-12 14:29:58.521#change#{"from":{"line":3,"ch":9,"sticky":null},"to":{"line":3,"ch":9,"sticky":null},"text":["t"],"removed":[""],"origin":"+input"}
2019-6-12 14:29:58.673#change#{"from":{"line":3,"ch":10,"sticky":null},"to":{"line":3,"ch":10,"sticky":null},"text":["a"],"removed":[""],"origin":"+input"}
2019-6-12 14:29:59.511#change#{"from":{"line":3,"ch":10,"sticky":"after"},"to":{"line":3,"ch":11,"sticky":null},"text":[""],"removed":["a"],"origin":"+delete"}
2019-6-12 14:29:59.511#keyHandled#"Backspace"
2019-6-12 14:29:59.726#change#{"from":{"line":3,"ch":9,"sticky":"after"},"to":{"line":3,"ch":10,"sticky":null},"text":[""],"removed":["t"],"origin":"+delete"}
2019-6-12 14:29:59.726#keyHandled#"Backspace"
2019-6-12 14:29:59.926#change#{"from":{"line":3,"ch":8,"sticky":"after"},"to":{"line":3,"ch":9,"sticky":null},"text":[""],"removed":["n"],"origin":"+delete"}
2019-6-12 14:29:59.926#keyHandled#"Backspace"
2019-6-12 14:30:00.126#change#{"from":{"line":3,"ch":7,"sticky":"after"},"to":{"line":3,"ch":8,"sticky":null},"text":[""],"removed":["o"],"origin":"+delete"}
2019-6-12 14:30:00.126#keyHandled#"Backspace"
2019-6-12 14:30:00.342#change#{"from":{"line":3,"ch":6,"sticky":"after"},"to":{"line":3,"ch":7,"sticky":null},"text":[""],"removed":["c"],"origin":"+delete"}
2019-6-12 14:30:00.342#keyHandled#"Backspace"
2019-6-12 14:30:00.566#change#{"from":{"line":3,"ch":5,"sticky":"after"},"to":{"line":3,"ch":6,"sticky":null},"text":[""],"removed":["+"],"origin":"+delete"}
2019-6-12 14:30:00.566#keyHandled#"Backspace"
2019-6-12 14:30:02.537#change#{"from":{"line":3,"ch":5,"sticky":null},"to":{"line":3,"ch":5,"sticky":null},"text":["#"],"removed":[""],"origin":"+input"}
2019-6-12 14:30:05.498#change#{"from":{"line":3,"ch":6,"sticky":null},"to":{"line":3,"ch":6,"sticky":null},"text":["v"],"removed":[""],"origin":"+input"}
2019-6-12 14:30:05.593#change#{"from":{"line":3,"ch":7,"sticky":null},"to":{"line":3,"ch":7,"sticky":null},"text":["a"],"removed":[""],"origin":"+input"}
2019-6-12 14:30:05.833#change#{"from":{"line":3,"ch":8,"sticky":null},"to":{"line":3,"ch":8,"sticky":null},"text":["r"],"removed":[""],"origin":"+input"}
2019-6-12 14:30:06.408#change#{"from":{"line":3,"ch":9,"sticky":null},"to":{"line":3,"ch":9,"sticky":null},"text":["i"],"removed":[""],"origin":"+input"}
2019-6-12 14:30:06.522#change#{"from":{"line":3,"ch":10,"sticky":null},"to":{"line":3,"ch":10,"sticky":null},"text":["a"],"removed":[""],"origin":"+input"}
2019-6-12 14:30:06.787#change#{"from":{"line":3,"ch":11,"sticky":null},"to":{"line":3,"ch":11,"sticky":null},"text":["v"],"removed":[""],"origin":"+input"}
2019-6-12 14:30:07.001#change#{"from":{"line":3,"ch":12,"sticky":null},"to":{"line":3,"ch":12,"sticky":null},"text":["e"],"removed":[""],"origin":"+input"}
2019-6-12 14:30:07.409#change#{"from":{"line":3,"ch":13,"sticky":null},"to":{"line":3,"ch":13,"sticky":null},"text":["l"],"removed":[""],"origin":"+input"}
2019-6-12 14:30:07.921#change#{"from":{"line":3,"ch":14,"sticky":null},"to":{"line":3,"ch":14,"sticky":null},"text":[" "],"removed":[""],"origin":"+input"}
2019-6-12 14:30:13.057#change#{"from":{"line":3,"ch":15,"sticky":null},"to":{"line":3,"ch":15,"sticky":null},"text":["a"],"removed":[""],"origin":"+input"}
2019-6-12 14:30:13.561#change#{"from":{"line":3,"ch":16,"sticky":null},"to":{"line":3,"ch":16,"sticky":null},"text":["c"],"removed":[""],"origin":"+input"}
2019-6-12 14:30:13.985#change#{"from":{"line":3,"ch":17,"sticky":null},"to":{"line":3,"ch":17,"sticky":null},"text":["u"],"removed":[""],"origin":"+input"}
2019-6-12 14:30:14.465#change#{"from":{"line":3,"ch":18,"sticky":null},"to":{"line":3,"ch":18,"sticky":null},"text":["m"],"removed":[""],"origin":"+input"}
2019-6-12 14:30:15.993#change#{"from":{"line":3,"ch":19,"sticky":null},"to":{"line":3,"ch":19,"sticky":null},"text":["u"],"removed":[""],"origin":"+input"}
2019-6-12 14:30:16.681#change#{"from":{"line":3,"ch":20,"sticky":null},"to":{"line":3,"ch":20,"sticky":null},"text":["l"],"removed":[""],"origin":"+input"}
2019-6-12 14:30:16.793#change#{"from":{"line":3,"ch":21,"sticky":null},"to":{"line":3,"ch":21,"sticky":null},"text":["a"],"removed":[""],"origin":"+input"}
2019-6-12 14:30:17.105#change#{"from":{"line":3,"ch":22,"sticky":null},"to":{"line":3,"ch":22,"sticky":null},"text":["d"],"removed":[""],"origin":"+input"}
2019-6-12 14:30:17.329#change#{"from":{"line":3,"ch":23,"sticky":null},"to":{"line":3,"ch":23,"sticky":null},"text":["o"],"removed":[""],"origin":"+input"}
2019-6-12 14:30:17.849#change#{"from":{"line":3,"ch":24,"sticky":null},"to":{"line":3,"ch":24,"sticky":null},"text":["e"],"removed":[""],"origin":"+input"}
2019-6-12 14:30:18.574#change#{"from":{"line":3,"ch":24,"sticky":"after"},"to":{"line":3,"ch":25,"sticky":null},"text":[""],"removed":["e"],"origin":"+delete"}
2019-6-12 14:30:18.574#keyHandled#"Backspace"
2019-6-12 14:30:18.642#change#{"from":{"line":3,"ch":24,"sticky":null},"to":{"line":3,"ch":24,"sticky":null},"text":["r"],"removed":[""],"origin":"+input"}
2019-6-12 14:30:18.841#change#{"from":{"line":3,"ch":25,"sticky":null},"to":{"line":3,"ch":25,"sticky":null},"text":["a"],"removed":[""],"origin":"+input"}
2019-6-12 14:30:19.441#change#{"from":{"line":3,"ch":26,"sticky":null},"to":{"line":3,"ch":26,"sticky":null},"text":[" "],"removed":[""],"origin":"+input"}
2019-6-12 14:30:20.058#change#{"from":{"line":3,"ch":27,"sticky":null},"to":{"line":3,"ch":27,"sticky":null},"text":["\""],"removed":[""],"origin":"+input"}
2019-6-12 14:30:24.913#change#{"from":{"line":3,"ch":28,"sticky":null},"to":{"line":3,"ch":28,"sticky":null},"text":["p"],"removed":[""],"origin":"+input"}
2019-6-12 14:30:25.689#change#{"from":{"line":3,"ch":29,"sticky":null},"to":{"line":3,"ch":29,"sticky":null},"text":["o"],"removed":[""],"origin":"+input"}
2019-6-12 14:30:25.834#change#{"from":{"line":3,"ch":30,"sticky":null},"to":{"line":3,"ch":30,"sticky":null},"text":["s"],"removed":[""],"origin":"+input"}
2019-6-12 14:30:26.249#change#{"from":{"line":3,"ch":31,"sticky":null},"to":{"line":3,"ch":31,"sticky":null},"text":["i"],"removed":[""],"origin":"+input"}
2019-6-12 14:30:26.681#change#{"from":{"line":3,"ch":32,"sticky":null},"to":{"line":3,"ch":32,"sticky":null},"text":["c"],"removed":[""],"origin":"+input"}
2019-6-12 14:30:26.825#change#{"from":{"line":3,"ch":33,"sticky":null},"to":{"line":3,"ch":33,"sticky":null},"text":["a"],"removed":[""],"origin":"+input"}
2019-6-12 14:30:27.417#change#{"from":{"line":3,"ch":34,"sticky":null},"to":{"line":3,"ch":34,"sticky":null},"text":["o"],"removed":[""],"origin":"+input"}
2019-6-12 14:30:29.780#change#{"from":{"line":3,"ch":35,"sticky":null},"to":{"line":3,"ch":35,"sticky":null},"text":[" "],"removed":[""],"origin":"+input"}
2019-6-12 14:30:37.945#change#{"from":{"line":3,"ch":36,"sticky":null},"to":{"line":3,"ch":36,"sticky":null},"text":["d"],"removed":[""],"origin":"+input"}
2019-6-12 14:30:38.169#change#{"from":{"line":3,"ch":37,"sticky":null},"to":{"line":3,"ch":37,"sticky":null},"text":["o"],"removed":[""],"origin":"+input"}
2019-6-12 14:30:38.481#change#{"from":{"line":3,"ch":38,"sticky":null},"to":{"line":3,"ch":38,"sticky":null},"text":[" "],"removed":[""],"origin":"+input"}
2019-6-12 14:30:39.002#change#{"from":{"line":3,"ch":39,"sticky":null},"to":{"line":3,"ch":39,"sticky":null},"text":["v"],"removed":[""],"origin":"+input"}
2019-6-12 14:30:39.153#change#{"from":{"line":3,"ch":40,"sticky":null},"to":{"line":3,"ch":40,"sticky":null},"text":["e"],"removed":[""],"origin":"+input"}
2019-6-12 14:30:39.857#change#{"from":{"line":3,"ch":41,"sticky":null},"to":{"line":3,"ch":41,"sticky":null},"text":["r"],"removed":[""],"origin":"+input"}
2019-6-12 14:30:41.983#change#{"from":{"line":3,"ch":41,"sticky":"after"},"to":{"line":3,"ch":42,"sticky":null},"text":[""],"removed":["r"],"origin":"+delete"}
2019-6-12 14:30:41.983#keyHandled#"Backspace"
2019-6-12 14:30:42.742#change#{"from":{"line":3,"ch":41,"sticky":null},"to":{"line":3,"ch":41,"sticky":null},"text":["t"],"removed":[""],"origin":"+input"}
2019-6-12 14:30:43.041#change#{"from":{"line":3,"ch":42,"sticky":null},"to":{"line":3,"ch":42,"sticky":null},"text":["o"],"removed":[""],"origin":"+input"}
2019-6-12 14:30:43.252#change#{"from":{"line":3,"ch":43,"sticky":null},"to":{"line":3,"ch":43,"sticky":null},"text":["r"],"removed":[""],"origin":"+input"}
2019-6-12 14:30:43.480#change#{"from":{"line":3,"ch":44,"sticky":null},"to":{"line":3,"ch":44,"sticky":null},"text":[" "],"removed":[""],"origin":"+input"}
2019-6-12 14:30:43.874#change#{"from":{"line":3,"ch":45,"sticky":null},"to":{"line":3,"ch":45,"sticky":null},"text":["d"],"removed":[""],"origin":"+input"}
2019-6-12 14:30:44.042#change#{"from":{"line":3,"ch":46,"sticky":null},"to":{"line":3,"ch":46,"sticky":null},"text":["e"],"removed":[""],"origin":"+input"}
2019-6-12 14:30:44.138#change#{"from":{"line":3,"ch":47,"sticky":null},"to":{"line":3,"ch":47,"sticky":null},"text":[" "],"removed":[""],"origin":"+input"}
2019-6-12 14:30:44.297#change#{"from":{"line":3,"ch":48,"sticky":null},"to":{"line":3,"ch":48,"sticky":null},"text":["e"],"removed":[""],"origin":"+input"}
2019-6-12 14:30:44.497#change#{"from":{"line":3,"ch":49,"sticky":null},"to":{"line":3,"ch":49,"sticky":null},"text":["n"],"removed":[""],"origin":"+input"}
2019-6-12 14:30:45.090#change#{"from":{"line":3,"ch":50,"sticky":null},"to":{"line":3,"ch":50,"sticky":null},"text":["t"],"removed":[""],"origin":"+input"}
2019-6-12 14:30:45.289#change#{"from":{"line":3,"ch":51,"sticky":null},"to":{"line":3,"ch":51,"sticky":null},"text":["r"],"removed":[""],"origin":"+input"}
2019-6-12 14:30:45.626#change#{"from":{"line":3,"ch":52,"sticky":null},"to":{"line":3,"ch":52,"sticky":null},"text":["a"],"removed":[""],"origin":"+input"}
2019-6-12 14:30:45.808#change#{"from":{"line":3,"ch":53,"sticky":null},"to":{"line":3,"ch":53,"sticky":null},"text":["d"],"removed":[""],"origin":"+input"}
2019-6-12 14:30:45.896#change#{"from":{"line":3,"ch":54,"sticky":null},"to":{"line":3,"ch":54,"sticky":null},"text":["a"],"removed":[""],"origin":"+input"}
2019-6-12 14:30:47.804#change#{"from":{"line":3,"ch":55,"sticky":null},"to":{"line":3,"ch":55,"sticky":null},"text":["",""],"removed":[""],"origin":"+input"}
2019-6-12 14:30:47.804#keyHandled#"Enter"
2019-6-12 14:30:47.814#viewportChange#0
2019-6-12 14:30:48.762#change#{"from":{"line":4,"ch":0,"sticky":null},"to":{"line":4,"ch":0,"sticky":null},"text":["k"],"removed":[""],"origin":"+input"}
2019-6-12 14:30:49.298#change#{"from":{"line":4,"ch":1,"sticky":null},"to":{"line":4,"ch":1,"sticky":null},"text":[" "],"removed":[""],"origin":"+input"}
2019-6-12 14:30:49.418#change#{"from":{"line":4,"ch":2,"sticky":null},"to":{"line":4,"ch":2,"sticky":null},"text":["="],"removed":[""],"origin":"+input"}
2019-6-12 14:30:49.513#change#{"from":{"line":4,"ch":3,"sticky":null},"to":{"line":4,"ch":3,"sticky":null},"text":[" "],"removed":[""],"origin":"+input"}
2019-6-12 14:30:50.530#change#{"from":{"line":4,"ch":4,"sticky":null},"to":{"line":4,"ch":4,"sticky":null},"text":["0"],"removed":[""],"origin":"+input"}
2019-6-12 14:30:51.011#change#{"from":{"line":4,"ch":5,"sticky":null},"to":{"line":4,"ch":5,"sticky":null},"text":[" "],"removed":[""],"origin":"+input"}
2019-6-12 14:30:52.825#change#{"from":{"line":4,"ch":6,"sticky":null},"to":{"line":4,"ch":6,"sticky":null},"text":["#"],"removed":[""],"origin":"+input"}
2019-6-12 14:30:54.266#change#{"from":{"line":4,"ch":7,"sticky":null},"to":{"line":4,"ch":7,"sticky":null},"text":["v"],"removed":[""],"origin":"+input"}
2019-6-12 14:30:54.377#change#{"from":{"line":4,"ch":8,"sticky":null},"to":{"line":4,"ch":8,"sticky":null},"text":["a"],"removed":[""],"origin":"+input"}
2019-6-12 14:30:54.650#change#{"from":{"line":4,"ch":9,"sticky":null},"to":{"line":4,"ch":9,"sticky":null},"text":["r"],"removed":[""],"origin":"+input"}
2019-6-12 14:30:55.242#change#{"from":{"line":4,"ch":10,"sticky":null},"to":{"line":4,"ch":10,"sticky":null},"text":["i"],"removed":[""],"origin":"+input"}
2019-6-12 14:30:55.338#change#{"from":{"line":4,"ch":11,"sticky":null},"to":{"line":4,"ch":11,"sticky":null},"text":["a"],"removed":[""],"origin":"+input"}
2019-6-12 14:30:55.610#change#{"from":{"line":4,"ch":12,"sticky":null},"to":{"line":4,"ch":12,"sticky":null},"text":["v"],"removed":[""],"origin":"+input"}
2019-6-12 14:30:55.770#change#{"from":{"line":4,"ch":13,"sticky":null},"to":{"line":4,"ch":13,"sticky":null},"text":["e"],"removed":[""],"origin":"+input"}
2019-6-12 14:30:56.162#change#{"from":{"line":4,"ch":14,"sticky":null},"to":{"line":4,"ch":14,"sticky":null},"text":["l"],"removed":[""],"origin":"+input"}
2019-6-12 14:30:56.410#change#{"from":{"line":4,"ch":15,"sticky":null},"to":{"line":4,"ch":15,"sticky":null},"text":[" "],"removed":[""],"origin":"+input"}
2019-6-12 14:30:56.553#change#{"from":{"line":4,"ch":16,"sticky":null},"to":{"line":4,"ch":16,"sticky":null},"text":["a"],"removed":[""],"origin":"+input"}
2019-6-12 14:30:56.954#change#{"from":{"line":4,"ch":17,"sticky":null},"to":{"line":4,"ch":17,"sticky":null},"text":["c"],"removed":[""],"origin":"+input"}
2019-6-12 14:30:57.194#change#{"from":{"line":4,"ch":18,"sticky":null},"to":{"line":4,"ch":18,"sticky":null},"text":["u"],"removed":[""],"origin":"+input"}
2019-6-12 14:30:57.482#change#{"from":{"line":4,"ch":19,"sticky":null},"to":{"line":4,"ch":19,"sticky":null},"text":["m"],"removed":[""],"origin":"+input"}
2019-6-12 14:30:57.738#change#{"from":{"line":4,"ch":20,"sticky":null},"to":{"line":4,"ch":20,"sticky":null},"text":["u"],"removed":[""],"origin":"+input"}
2019-6-12 14:30:58.098#change#{"from":{"line":4,"ch":21,"sticky":null},"to":{"line":4,"ch":21,"sticky":null},"text":["l"],"removed":[""],"origin":"+input"}
2019-6-12 14:30:58.201#change#{"from":{"line":4,"ch":22,"sticky":null},"to":{"line":4,"ch":22,"sticky":null},"text":["a"],"removed":[""],"origin":"+input"}
2019-6-12 14:30:58.433#change#{"from":{"line":4,"ch":23,"sticky":null},"to":{"line":4,"ch":23,"sticky":null},"text":["d"],"removed":[""],"origin":"+input"}
2019-6-12 14:30:58.626#change#{"from":{"line":4,"ch":24,"sticky":null},"to":{"line":4,"ch":24,"sticky":null},"text":["o"],"removed":[""],"origin":"+input"}
2019-6-12 14:30:58.786#change#{"from":{"line":4,"ch":25,"sticky":null},"to":{"line":4,"ch":25,"sticky":null},"text":["r"],"removed":[""],"origin":"+input"}
2019-6-12 14:30:59.002#change#{"from":{"line":4,"ch":26,"sticky":null},"to":{"line":4,"ch":26,"sticky":null},"text":["a"],"removed":[""],"origin":"+input"}
2019-6-12 14:31:04.546#change#{"from":{"line":4,"ch":27,"sticky":null},"to":{"line":4,"ch":27,"sticky":null},"text":["\""],"removed":[""],"origin":"+input"}
2019-6-12 14:31:06.270#change#{"from":{"line":4,"ch":28,"sticky":null},"to":{"line":4,"ch":28,"sticky":null},"text":["p"],"removed":[""],"origin":"+input"}
2019-6-12 14:31:06.514#change#{"from":{"line":4,"ch":29,"sticky":null},"to":{"line":4,"ch":29,"sticky":null},"text":["o"],"removed":[""],"origin":"+input"}
2019-6-12 14:31:06.682#change#{"from":{"line":4,"ch":30,"sticky":null},"to":{"line":4,"ch":30,"sticky":null},"text":["s"],"removed":[""],"origin":"+input"}
2019-6-12 14:31:06.921#change#{"from":{"line":4,"ch":31,"sticky":null},"to":{"line":4,"ch":31,"sticky":null},"text":["i"],"removed":[""],"origin":"+input"}
2019-6-12 14:31:07.009#change#{"from":{"line":4,"ch":32,"sticky":null},"to":{"line":4,"ch":32,"sticky":null},"text":["a"],"removed":[""],"origin":"+input"}
2019-6-12 14:31:08.512#change#{"from":{"line":4,"ch":32,"sticky":"after"},"to":{"line":4,"ch":33,"sticky":null},"text":[""],"removed":["a"],"origin":"+delete"}
2019-6-12 14:31:08.512#keyHandled#"Backspace"
2019-6-12 14:31:09.435#change#{"from":{"line":4,"ch":32,"sticky":null},"to":{"line":4,"ch":32,"sticky":null},"text":["c"],"removed":[""],"origin":"+input"}
2019-6-12 14:31:09.578#change#{"from":{"line":4,"ch":33,"sticky":null},"to":{"line":4,"ch":33,"sticky":null},"text":["a"],"removed":[""],"origin":"+input"}
2019-6-12 14:31:10.091#change#{"from":{"line":4,"ch":34,"sticky":null},"to":{"line":4,"ch":34,"sticky":null},"text":["o"],"removed":[""],"origin":"+input"}
2019-6-12 14:31:15.899#change#{"from":{"line":4,"ch":35,"sticky":null},"to":{"line":4,"ch":35,"sticky":null},"text":[" "],"removed":[""],"origin":"+input"}
2019-6-12 14:31:16.516#change#{"from":{"line":4,"ch":36,"sticky":null},"to":{"line":4,"ch":36,"sticky":null},"text":["d"],"removed":[""],"origin":"+input"}
2019-6-12 14:31:16.643#change#{"from":{"line":4,"ch":37,"sticky":null},"to":{"line":4,"ch":37,"sticky":null},"text":["o"],"removed":[""],"origin":"+input"}
2019-6-12 14:31:17.035#change#{"from":{"line":4,"ch":38,"sticky":null},"to":{"line":4,"ch":38,"sticky":null},"text":[" "],"removed":[""],"origin":"+input"}
2019-6-12 14:31:30.259#change#{"from":{"line":4,"ch":39,"sticky":null},"to":{"line":4,"ch":39,"sticky":null},"text":["v"],"removed":[""],"origin":"+input"}
2019-6-12 14:31:30.387#change#{"from":{"line":4,"ch":40,"sticky":null},"to":{"line":4,"ch":40,"sticky":null},"text":["e"],"removed":[""],"origin":"+input"}
2019-6-12 14:31:30.835#change#{"from":{"line":4,"ch":41,"sticky":null},"to":{"line":4,"ch":41,"sticky":null},"text":["t"],"removed":[""],"origin":"+input"}
2019-6-12 14:31:31.074#change#{"from":{"line":4,"ch":42,"sticky":null},"to":{"line":4,"ch":42,"sticky":null},"text":["o"],"removed":[""],"origin":"+input"}
2019-6-12 14:31:31.202#change#{"from":{"line":4,"ch":43,"sticky":null},"to":{"line":4,"ch":43,"sticky":null},"text":["r"],"removed":[""],"origin":"+input"}
2019-6-12 14:31:32.043#change#{"from":{"line":4,"ch":44,"sticky":null},"to":{"line":4,"ch":44,"sticky":null},"text":[" "],"removed":[""],"origin":"+input"}
2019-6-12 14:31:32.282#change#{"from":{"line":4,"ch":45,"sticky":null},"to":{"line":4,"ch":45,"sticky":null},"text":["d"],"removed":[""],"origin":"+input"}
2019-6-12 14:31:32.371#change#{"from":{"line":4,"ch":46,"sticky":null},"to":{"line":4,"ch":46,"sticky":null},"text":["e"],"removed":[""],"origin":"+input"}
2019-6-12 14:31:32.562#change#{"from":{"line":4,"ch":47,"sticky":null},"to":{"line":4,"ch":47,"sticky":null},"text":[" "],"removed":[""],"origin":"+input"}
2019-6-12 14:31:33.075#change#{"from":{"line":4,"ch":48,"sticky":null},"to":{"line":4,"ch":48,"sticky":null},"text":["s"],"removed":[""],"origin":"+input"}
2019-6-12 14:31:33.211#change#{"from":{"line":4,"ch":49,"sticky":null},"to":{"line":4,"ch":49,"sticky":null},"text":["a"],"removed":[""],"origin":"+input"}
2019-6-12 14:31:33.891#change#{"from":{"line":4,"ch":50,"sticky":null},"to":{"line":4,"ch":50,"sticky":null},"text":["i"],"removed":[""],"origin":"+input"}
2019-6-12 14:31:34.026#change#{"from":{"line":4,"ch":51,"sticky":null},"to":{"line":4,"ch":51,"sticky":null},"text":["d"],"removed":[""],"origin":"+input"}
2019-6-12 14:31:34.187#change#{"from":{"line":4,"ch":52,"sticky":null},"to":{"line":4,"ch":52,"sticky":null},"text":["a"],"removed":[""],"origin":"+input"}
2019-6-12 14:31:35.945#change#{"from":{"line":4,"ch":53,"sticky":null},"to":{"line":4,"ch":53,"sticky":null},"text":["",""],"removed":[""],"origin":"+input"}
2019-6-12 14:31:35.945#keyHandled#"Enter"
2019-6-12 14:31:35.962#viewportChange#0
2019-6-12 14:32:07.899#blur#
2019-6-12 14:32:08.819#mousedown#{"isTrusted":true}
2019-6-12 14:32:08.839#focus#
2019-6-12 14:32:09.507#mousedown#{"isTrusted":true}
2019-6-12 14:32:12.059#mousedown#{"isTrusted":true}
2019-6-12 14:32:13.027#mousedown#{"isTrusted":true}
2019-6-12 14:32:13.491#mousedown#{"isTrusted":true}
2019-6-12 14:33:07.927#blur#
2019-6-12 14:33:26.524#mousedown#{"isTrusted":true}
2019-6-12 14:33:26.539#focus#
2019-6-12 14:33:57.503#blur#
2019-6-12 14:36:07.929#mousedown#{"isTrusted":true}
2019-6-12 14:36:07.948#focus#
2019-6-12 14:36:08.708#change#{"from":{"line":3,"ch":1,"sticky":"after","xRel":0.4000244140625},"to":{"line":3,"ch":1,"sticky":"after","xRel":0.4000244140625},"text":[" "],"removed":[""],"origin":"+input"}
2019-6-12 14:36:10.856#mousedown#{"isTrusted":true}
2019-6-12 14:36:11.688#change#{"from":{"line":4,"ch":53,"sticky":"before","xRel":-0.5999755859375},"to":{"line":4,"ch":53,"sticky":"before","xRel":-0.5999755859375},"text":["",""],"removed":[""],"origin":"+input"}
2019-6-12 14:36:11.688#keyHandled#"Enter"
2019-6-12 14:36:11.705#viewportChange#0
2019-6-12 14:36:24.117#blur#
2019-6-12 14:38:05.627#mousedown#{"isTrusted":true}
2019-6-12 14:38:05.647#focus#
2019-6-12 14:38:06.763#mousedown#{"isTrusted":true}
2019-6-12 14:38:08.167#blur#
2019-6-12 14:38:11.819#mousedown#{"isTrusted":true}
2019-6-12 14:38:11.828#focus#
2019-6-12 14:38:12.716#mousedown#{"isTrusted":true}
2019-6-12 14:38:13.851#mousedown#{"isTrusted":true}
2019-6-12 14:42:32.701#viewportChange#0
2019-6-12 14:43:27.393#mousedown#{"isTrusted":true}
2019-6-12 14:43:27.420#focus#
2019-6-12 14:43:29.548#change#{"from":{"line":5,"ch":0,"sticky":"after","xRel":73.4000244140625},"to":{"line":5,"ch":0,"sticky":"after","xRel":73.4000244140625},"text":["f"],"removed":[""],"origin":"+input"}
2019-6-12 14:43:30.570#change#{"from":{"line":5,"ch":1,"sticky":null},"to":{"line":5,"ch":1,"sticky":null},"text":["o"],"removed":[""],"origin":"+input"}
2019-6-12 14:43:30.671#change#{"from":{"line":5,"ch":2,"sticky":null},"to":{"line":5,"ch":2,"sticky":null},"text":["r"],"removed":[""],"origin":"+input"}
2019-6-12 14:43:31.254#change#{"from":{"line":5,"ch":3,"sticky":null},"to":{"line":5,"ch":3,"sticky":null},"text":[" "],"removed":[""],"origin":"+input"}
2019-6-12 14:43:45.112#change#{"from":{"line":5,"ch":4,"sticky":null},"to":{"line":5,"ch":4,"sticky":null},"text":["a"],"removed":[""],"origin":"+input"}
2019-6-12 14:43:45.551#change#{"from":{"line":5,"ch":5,"sticky":null},"to":{"line":5,"ch":5,"sticky":null},"text":[" "],"removed":[""],"origin":"+input"}
2019-6-12 14:43:46.889#change#{"from":{"line":5,"ch":6,"sticky":null},"to":{"line":5,"ch":6,"sticky":null},"text":["i"],"removed":[""],"origin":"+input"}
2019-6-12 14:43:47.391#change#{"from":{"line":5,"ch":7,"sticky":null},"to":{"line":5,"ch":7,"sticky":null},"text":["n"],"removed":[""],"origin":"+input"}
2019-6-12 14:43:48.037#change#{"from":{"line":5,"ch":8,"sticky":null},"to":{"line":5,"ch":8,"sticky":null},"text":[" "],"removed":[""],"origin":"+input"}
2019-6-12 14:44:12.445#change#{"from":{"line":5,"ch":8,"sticky":"after"},"to":{"line":5,"ch":9,"sticky":null},"text":[""],"removed":[" "],"origin":"+delete"}
2019-6-12 14:44:12.446#keyHandled#"Backspace"
2019-6-12 14:44:12.643#change#{"from":{"line":5,"ch":7,"sticky":"after"},"to":{"line":5,"ch":8,"sticky":null},"text":[""],"removed":["n"],"origin":"+delete"}
2019-6-12 14:44:12.643#keyHandled#"Backspace"
2019-6-12 14:44:14.239#change#{"from":{"line":5,"ch":7,"sticky":null},"to":{"line":5,"ch":7,"sticky":null},"text":["n"],"removed":[""],"origin":"+input"}
2019-6-12 14:44:14.712#change#{"from":{"line":5,"ch":8,"sticky":null},"to":{"line":5,"ch":8,"sticky":null},"text":[" "],"removed":[""],"origin":"+input"}
2019-6-12 14:44:20.422#change#{"from":{"line":5,"ch":9,"sticky":null},"to":{"line":5,"ch":9,"sticky":null},"text":["r"],"removed":[""],"origin":"+input"}
2019-6-12 14:44:20.911#change#{"from":{"line":5,"ch":10,"sticky":null},"to":{"line":5,"ch":10,"sticky":null},"text":["a"],"removed":[""],"origin":"+input"}
2019-6-12 14:44:22.045#change#{"from":{"line":5,"ch":11,"sticky":null},"to":{"line":5,"ch":11,"sticky":null},"text":["n"],"removed":[""],"origin":"+input"}
2019-6-12 14:44:22.671#change#{"from":{"line":5,"ch":12,"sticky":null},"to":{"line":5,"ch":12,"sticky":null},"text":["g"],"removed":[""],"origin":"+input"}
2019-6-12 14:44:22.733#change#{"from":{"line":5,"ch":13,"sticky":null},"to":{"line":5,"ch":13,"sticky":null},"text":["e"],"removed":[""],"origin":"+input"}
2019-6-12 14:44:24.818#change#{"from":{"line":5,"ch":13,"sticky":"after"},"to":{"line":5,"ch":14,"sticky":null},"text":[""],"removed":["e"],"origin":"+delete"}
2019-6-12 14:44:24.819#keyHandled#"Backspace"
2019-6-12 14:44:25.018#change#{"from":{"line":5,"ch":12,"sticky":"after"},"to":{"line":5,"ch":13,"sticky":null},"text":[""],"removed":["g"],"origin":"+delete"}
2019-6-12 14:44:25.018#keyHandled#"Backspace"
2019-6-12 14:44:25.187#change#{"from":{"line":5,"ch":11,"sticky":"after"},"to":{"line":5,"ch":12,"sticky":null},"text":[""],"removed":["n"],"origin":"+delete"}
2019-6-12 14:44:25.187#keyHandled#"Backspace"
2019-6-12 14:44:25.387#change#{"from":{"line":5,"ch":10,"sticky":"after"},"to":{"line":5,"ch":11,"sticky":null},"text":[""],"removed":["a"],"origin":"+delete"}
2019-6-12 14:44:25.387#keyHandled#"Backspace"
2019-6-12 14:44:25.586#change#{"from":{"line":5,"ch":9,"sticky":"after"},"to":{"line":5,"ch":10,"sticky":null},"text":[""],"removed":["r"],"origin":"+delete"}
2019-6-12 14:44:25.586#keyHandled#"Backspace"
