2019-6-26 08:44:48.918#viewportChange#0
2019-6-26 08:44:50.543#viewportChange#0
2019-6-26 08:44:50.803#viewportChange#0
2019-6-26 08:44:52.674#mousedown#{"isTrusted":true}
2019-6-26 08:44:52.695#focus#
2019-6-26 08:44:52.698#viewportChange#21
2019-6-26 08:44:58.239#viewportChange#10
2019-6-26 08:44:58.926#viewportChange#0
2019-6-26 08:45:02.308#mousedown#{"isTrusted":true}
2019-6-26 08:45:02.323#viewportChange#0
2019-6-26 08:45:04.066#mousedown#{"isTrusted":true}
2019-6-26 08:45:04.249#mousedown#{"isTrusted":true}
2019-6-26 08:45:04.946#dblclick#{"isTrusted":true}
2019-6-26 08:45:06.224#change#{"from":{"line":0,"ch":0,"sticky":null},"to":{"line":17,"ch":39,"sticky":null},"text":[""],"removed":["#######","# Lab 07 – Exercicio 09","# @author: IComp / UFAM","# AVENTURAS COM MOEDAS E ZUMBIS","","from numpy import *","","# Leitura do tabuleiro","tabuleiro = array(eval(input(\"Tabuleiro: \")))","","# Sequencia de movimentos do personagem","mov = input(\"Movimentos: \")","","# Posicao inicial do personagem","xtab = ","ytab = ","","# Contadores de atributos do personagem"],"origin":"+delete"}
2019-6-26 08:45:06.224#keyHandled#"Backspace"
2019-6-26 08:45:08.662#mousedown#{"isTrusted":true}
2019-6-26 08:45:09.187#mousedown#{"isTrusted":true}
2019-6-26 08:45:11.531#mousedown#{"isTrusted":true}
2019-6-26 08:45:11.987#mousedown#{"isTrusted":true}
2019-6-26 08:45:12.173#dblclick#{"isTrusted":true}
2019-6-26 08:45:12.175#mousedown#{"isTrusted":true}
2019-6-26 08:45:14.159#change#{"from":{"line":1,"ch":0,"sticky":null},"to":{"line":18,"ch":0,"sticky":null},"text":[""],"removed":["moeda = ","life = ","","# Analise da jogada","for x in mov:","    # Move personagem para ESQUERDA","    if x == 'A':","        xtab = ","    # Move personagem para DIREITA","    elif x == 'D':","        xtab = ","    # Move personagem para CIMA","    elif x == 'W':","        ytab = ","    # Move personagem para BAIXO","    elif x == 'S':","        ytab = ",""],"origin":"+delete"}
2019-6-26 08:45:14.159#keyHandled#"Backspace"
2019-6-26 08:45:14.185#viewportChange#0
2019-6-26 08:45:36.042#focus#
2019-6-26 08:45:37.220#mousedown#{"isTrusted":true}
2019-6-26 08:45:38.793#change#{"from":{"line":0,"ch":0,"sticky":"after","xRel":205.375},"to":{"line":0,"ch":0,"sticky":"after","xRel":205.375},"text":["#######","# Lab 07 – Exercicio 09","# @author: IComp / UFAM","# AVENTURAS COM MOEDAS E ZUMBIS","","from numpy import *","","# Leitura do tabuleiro","tabuleiro = array(eval(input(\"Tabuleiro: \")))","","# Sequencia de movimentos do personagem","mov = input(\"Movimentos: \")","","# Posicao inicial do personagem","xtab = 0","ytab = 0","","# Contadores de atributos do personagem","moeda = 0"],"removed":[""],"origin":"paste"}
2019-6-26 08:45:38.826#viewportChange#0
2019-6-26 08:45:40.892#mousedown#{"isTrusted":true}
2019-6-26 08:45:41.980#change#{"from":{"line":18,"ch":9,"sticky":"before","xRel":11.14581298828125},"to":{"line":18,"ch":9,"sticky":"before","xRel":11.14581298828125},"text":["",""],"removed":[""],"origin":"+input"}
2019-6-26 08:45:41.980#keyHandled#"Enter"
2019-6-26 08:45:41.985#viewportChange#0
2019-6-26 08:45:44.877#blur#
2019-6-26 08:46:15.210#focus#
2019-6-26 08:46:17.037#mousedown#{"isTrusted":true}
2019-6-26 08:46:19.055#change#{"from":{"line":19,"ch":0,"sticky":"after","xRel":46.375},"to":{"line":19,"ch":0,"sticky":"after","xRel":46.375},"text":["life = 100","","# Analise da jogada","for x in mov:","    # Move personagem para ESQUERDA","    if x == 'A':","        xtab -=1","    # Move personagem para DIREITA","    elif x == 'D':","        xtab +=1 ","    # Move personagem para CIMA","    elif x == 'W':","        ytab -=1 ","    # Move personagem para BAIXO","    elif x == 'S':","        ytab +=1 ",""],"removed":[""],"origin":"paste"}
2019-6-26 08:46:19.093#viewportChange#0
2019-6-26 08:46:25.889#blur#
2019-6-26 08:46:40.432#focus#
2019-6-26 08:46:42.272#mousedown#{"isTrusted":true}
2019-6-26 08:46:43.458#change#{"from":{"line":35,"ch":0,"sticky":"after","xRel":50.375},"to":{"line":35,"ch":0,"sticky":"after","xRel":50.375},"text":["    # Trata evento","    # Moeda","    if tabuleiro[ytab,xtab] == 11:","        moeda +=1 ","        # Apaga moeda do tabuleiro","        tabuleiro[ytab,xtab] = 0","    # Zumbi","    elif tabuleiro[ytab,xtab] == 22:","        life -=5","","# Imprime saidas","print(\"posicao x: \", xtab)",""],"removed":[""],"origin":"paste"}
2019-6-26 08:46:43.483#viewportChange#0
2019-6-26 08:46:48.544#blur#
2019-6-26 08:46:58.022#focus#
2019-6-26 08:47:00.200#blur#
2019-6-26 08:47:10.617#focus#
2019-6-26 08:47:12.414#mousedown#{"isTrusted":true}
2019-6-26 08:47:13.165#mousedown#{"isTrusted":true}
2019-6-26 08:47:14.106#change#{"from":{"line":47,"ch":0,"sticky":"after","xRel":37.375},"to":{"line":47,"ch":0,"sticky":"after","xRel":37.375},"text":["print(\"posicao y: \", ytab)","print(\"moedas: \", moeda)","print(\"life: \", life)",""],"removed":[""],"origin":"paste"}
2019-6-26 08:47:14.122#viewportChange#0
2019-6-26 08:47:15.716#change#{"from":{"line":49,"ch":21,"sticky":"before"},"to":{"line":50,"ch":0,"sticky":null},"text":[""],"removed":["",""],"origin":"+delete"}
2019-6-26 08:47:15.716#keyHandled#"Backspace"
2019-6-26 08:47:15.731#viewportChange#20
2019-6-26 08:47:15.716#change#{"from":{"line":49,"ch":21,"sticky":"before"},"to":{"line":50,"ch":0,"sticky":null},"text":[""],"removed":["",""],"origin":"+delete"}
2019-6-26 08:47:15.716#keyHandled#"Backspace"
2019-6-26 08:47:15.731#viewportChange#20
2019-6-26 08:47:24.086#submit#Congratulations, your code is correct!
2019-6-26 08:47:28.724#blur#
2019-6-26 13:02:02.706#viewportChange#0
2019-6-26 13:02:04.654#mousedown#{"isTrusted":true}
2019-6-26 13:02:04.661#focus#
2019-6-26 13:02:05.397#viewportChange#0
2019-6-26 13:02:05.444#viewportChange#0
2019-6-26 13:02:08.338#copy#{"isTrusted":true}
2019-6-26 13:02:09.996#blur#
