== TEST (2019-04-16 19:00:13) 
-- CODE:
int(input("a quantidade de acai no copo"))
-- OUTPUT:
180.0
*-*-*-*-*-*-*-*-*-*-*-*-*-*-*-*-*-*-*-*-*-*-*-*
== TEST (2019-04-16 19:00:19) 
-- CODE:
int(input("a quantidade de acai no copo":))
-- ERROR:
File "XXXX", line 1
    int(input("a quantidade de acai no copo":))
                                            ^
SyntaxError: invalid syntax
*-*-*-*-*-*-*-*-*-*-*-*-*-*-*-*-*-*-*-*-*-*-*-*
== TEST (2019-04-16 19:00:22) 
-- CODE:
int(input("a quantidade de acai no copo"))
-- ERROR:
File "XXXX", line 1
    int(input("a quantidade de acai no copo":))
                                            ^
SyntaxError: invalid syntax
*-*-*-*-*-*-*-*-*-*-*-*-*-*-*-*-*-*-*-*-*-*-*-*
== TEST (2019-04-16 19:00:53) 
-- CODE:
int(input("a quantidade de acai no copo"))
int(input("a quantidade de salgados"))
-- ERROR:
File "XXXX", line 1
    int(input("a quantidade de acai no copo":))
                                            ^
SyntaxError: invalid syntax
*-*-*-*-*-*-*-*-*-*-*-*-*-*-*-*-*-*-*-*-*-*-*-*
== TEST (2019-04-16 19:00:55) 
-- CODE:
int(input("a quantidade de acai no copo"))
int(input("a quantidade de salgados"))
-- ERROR:
File "XXXX", line 1
    int(input("a quantidade de acai no copo":))
                                            ^
SyntaxError: invalid syntax
*-*-*-*-*-*-*-*-*-*-*-*-*-*-*-*-*-*-*-*-*-*-*-*
== TEST (2019-04-16 19:02:02) 
-- CODE:
int(input("a quantidade de acai no copo(em gramas)"))
int(input("a quantidade de salgados"))
int(input("o valor pago em dinheiro"))
-- ERROR:
File "XXXX", line 1
    int(input("a quantidade de acai no copo":))
                                            ^
SyntaxError: invalid syntax
*-*-*-*-*-*-*-*-*-*-*-*-*-*-*-*-*-*-*-*-*-*-*-*
== TEST (2019-04-16 19:05:33) 
-- CODE:
int(input("a quantidade de acai no copo(em gramas)"))
int(input("a quantidade de salgados"))
int(input("o valor pago em dinheiro"))
print("")
-- ERROR:
File "XXXX", line 1
    int(input("a quantidade de acai no copo":))
                                            ^
SyntaxError: invalid syntax
*-*-*-*-*-*-*-*-*-*-*-*-*-*-*-*-*-*-*-*-*-*-*-*
== TEST (2019-04-16 19:05:58) 
-- CODE:
int(input("a quantidade de acai no copo(em gramas)"))
int(input("a quantidade de salgados"))
int(float("o valor pago em dinheiro"))
print("")
-- ERROR:
Traceback (most recent call last):
  File "XXXX", line 3, in <module>
    int(float("o valor pago em dinheiro"))
ValueError: could not convert string to float: 'o valor pago em dinheiro'
*-*-*-*-*-*-*-*-*-*-*-*-*-*-*-*-*-*-*-*-*-*-*-*
== TEST (2019-04-16 19:06:24) 
-- CODE:
int(input("a quantidade de acai no copo(em gramas)"))
int(input("a quantidade de salgados"))
float(input("o valor pago em dinheiro"))
print("")
-- ERROR:
Traceback (most recent call last):
  File "XXXX", line 3, in <module>
    int(float("o valor pago em dinheiro"))
ValueError: could not convert string to float: 'o valor pago em dinheiro'
*-*-*-*-*-*-*-*-*-*-*-*-*-*-*-*-*-*-*-*-*-*-*-*
== TEST (2019-04-16 19:07:33) 
-- CODE:
int(input("a quantidade de acai no copo(em gramas)"))
int(input("a quantidade de salgados"))
float(input("o valor pago em dinheiro"))
print("")
  
if="sim"
else:
	"nao"
-- ERROR:
File "XXXX", line 6
    if="sim"
      ^
SyntaxError: invalid syntax
*-*-*-*-*-*-*-*-*-*-*-*-*-*-*-*-*-*-*-*-*-*-*-*
== TEST (2019-04-16 19:07:36) 
-- CODE:
int(input("a quantidade de acai no copo(em gramas)"))
int(input("a quantidade de salgados"))
float(input("o valor pago em dinheiro"))
print("")
  
if="sim"
else:
	"nao"
-- ERROR:
File "XXXX", line 6
    if="sim"
      ^
SyntaxError: invalid syntax
*-*-*-*-*-*-*-*-*-*-*-*-*-*-*-*-*-*-*-*-*-*-*-*
== TEST (2019-04-16 19:07:37) 
-- CODE:
int(input("a quantidade de acai no copo(em gramas)"))
int(input("a quantidade de salgados"))
float(input("o valor pago em dinheiro"))
print("")
  
if="sim"
else:
	"nao"
-- ERROR:
File "XXXX", line 6
    if="sim"
      ^
SyntaxError: invalid syntax
*-*-*-*-*-*-*-*-*-*-*-*-*-*-*-*-*-*-*-*-*-*-*-*
== TEST (2019-04-16 19:08:07) 
-- CODE:
int(input("a quantidade de acai no copo(em gramas)"))
int(input("a quantidade de salgados"))
float(input("o valor pago em dinheiro"))
print("")
  
if=(input("sim))"
else:
	"nao"
-- ERROR:
File "XXXX", line 6
    if=(input("sim))"
      ^
SyntaxError: invalid syntax
*-*-*-*-*-*-*-*-*-*-*-*-*-*-*-*-*-*-*-*-*-*-*-*
== TEST (2019-04-16 19:08:18) 
-- CODE:
int(input("a quantidade de acai no copo(em gramas)"))
int(input("a quantidade de salgados"))
float(input("o valor pago em dinheiro"))
print("")
  
 if=(input("sim))"
else:
	"nao"
-- ERROR:
File "XXXX", line 6
    if=(input("sim))"
    ^
IndentationError: unexpected indent
*-*-*-*-*-*-*-*-*-*-*-*-*-*-*-*-*-*-*-*-*-*-*-*
== TEST (2019-04-16 19:08:19) 
-- CODE:
int(input("a quantidade de acai no copo(em gramas)"))
int(input("a quantidade de salgados"))
float(input("o valor pago em dinheiro"))
print("")
  
 if=(input("sim))"
else:
	"nao"
-- ERROR:
File "XXXX", line 6
    if=(input("sim))"
    ^
IndentationError: unexpected indent
*-*-*-*-*-*-*-*-*-*-*-*-*-*-*-*-*-*-*-*-*-*-*-*
== TEST (2019-04-16 19:08:19) 
-- CODE:
int(input("a quantidade de acai no copo(em gramas)"))
int(input("a quantidade de salgados"))
float(input("o valor pago em dinheiro"))
print("")
  
 if=(input("sim))"
else:
	"nao"
-- ERROR:
File "XXXX", line 6
    if=(input("sim))"
    ^
IndentationError: unexpected indent
*-*-*-*-*-*-*-*-*-*-*-*-*-*-*-*-*-*-*-*-*-*-*-*
== TEST (2019-04-16 19:08:23) 
-- CODE:
int(input("a quantidade de acai no copo(em gramas)"))
int(input("a quantidade de salgados"))
float(input("o valor pago em dinheiro"))
print("")
  
 if=(input("sim))"
else:
	"
-- ERROR:
File "XXXX", line 6
    if=(input("sim))"
    ^
IndentationError: unexpected indent
*-*-*-*-*-*-*-*-*-*-*-*-*-*-*-*-*-*-*-*-*-*-*-*
== TEST (2019-04-16 19:08:24) 
-- CODE:
int(input("a quantidade de acai no copo(em gramas)"))
int(input("a quantidade de salgados"))
float(input("o valor pago em dinheiro"))
print("")
  
 if=(input("sim))"
else:
	"
-- ERROR:
File "XXXX", line 6
    if=(input("sim))"
    ^
IndentationError: unexpected indent
*-*-*-*-*-*-*-*-*-*-*-*-*-*-*-*-*-*-*-*-*-*-*-*
== TEST (2019-04-16 19:08:29) 
-- CODE:
int(input("a quantidade de acai no copo(em gramas)"))
int(input("a quantidade de salgados"))
float(input("o valor pago em dinheiro"))
print("")
  
 if=(input("sim))"
else:
	
-- ERROR:
File "XXXX", line 6
    if=(input("sim))"
    ^
IndentationError: unexpected indent
*-*-*-*-*-*-*-*-*-*-*-*-*-*-*-*-*-*-*-*-*-*-*-*
== TEST (2019-04-16 19:08:30) 
-- CODE:
int(input("a quantidade de acai no copo(em gramas)"))
int(input("a quantidade de salgados"))
float(input("o valor pago em dinheiro"))
print("")
  
 if=(input("sim))"
else:
	
-- ERROR:
File "XXXX", line 6
    if=(input("sim))"
    ^
IndentationError: unexpected indent
*-*-*-*-*-*-*-*-*-*-*-*-*-*-*-*-*-*-*-*-*-*-*-*
== TEST (2019-04-16 19:08:30) 
-- CODE:
int(input("a quantidade de acai no copo(em gramas)"))
int(input("a quantidade de salgados"))
float(input("o valor pago em dinheiro"))
print("")
  
 if=(input("sim))"
else:
	
-- ERROR:
File "XXXX", line 6
    if=(input("sim))"
    ^
IndentationError: unexpected indent
*-*-*-*-*-*-*-*-*-*-*-*-*-*-*-*-*-*-*-*-*-*-*-*
== TEST (2019-04-16 19:10:31) 
-- CODE:
int(input("a quantidade de acai no copo(em gramas)"))
int(input("a quantidade de salgados"))
float(input("o valor pago em dinheiro"))
print("a quantidade de acai no copo + a quantidade de salgados")
  
 if=(input("sim))"
else:
	
-- ERROR:
File "XXXX", line 6
    if=(input("sim))"
    ^
IndentationError: unexpected indent
*-*-*-*-*-*-*-*-*-*-*-*-*-*-*-*-*-*-*-*-*-*-*-*
== TEST (2019-04-16 19:10:32) 
-- CODE:
int(input("a quantidade de acai no copo(em gramas)"))
int(input("a quantidade de salgados"))
float(input("o valor pago em dinheiro"))
print("a quantidade de acai no copo + a quantidade de salgados")
  
 if=(input("sim))"
else:
	
-- ERROR:
File "XXXX", line 6
    if=(input("sim))"
    ^
IndentationError: unexpected indent
*-*-*-*-*-*-*-*-*-*-*-*-*-*-*-*-*-*-*-*-*-*-*-*
== TEST (2019-04-16 19:10:37) 
-- CODE:
int(input("a quantidade de acai no copo(em gramas)"))
int(input("a quantidade de salgados"))
float(input("o valor pago em dinheiro"))
print("a quantidade de acai no copo + a quantidade de salgados")
  
 
	
-- OUTPUT:
a quantidade de acai no copo + a quantidade de salgados
*-*-*-*-*-*-*-*-*-*-*-*-*-*-*-*-*-*-*-*-*-*-*-*
== TEST (2019-04-16 19:13:48) 
-- CODE:
int(input("a quantidade de acai no copo(em gramas)"))
int(input("a quantidade de salgados"))
float(input("o valor pago em dinheiro"))
print("a quantidade de acai no copo + a quantidade de salgados")
  
print(round("o cliente recebe troco")

-- ERROR:
File "XXXX", line 7
    
                                         ^
SyntaxError: unexpected EOF while parsing
*-*-*-*-*-*-*-*-*-*-*-*-*-*-*-*-*-*-*-*-*-*-*-*
== TEST (2019-04-16 19:13:50) 
-- CODE:
int(input("a quantidade de acai no copo(em gramas)"))
int(input("a quantidade de salgados"))
float(input("o valor pago em dinheiro"))
print("a quantidade de acai no copo + a quantidade de salgados")
  
print(round("o cliente recebe troco")

-- ERROR:
File "XXXX", line 7
    
                                         ^
SyntaxError: unexpected EOF while parsing
*-*-*-*-*-*-*-*-*-*-*-*-*-*-*-*-*-*-*-*-*-*-*-*
== SUBMITION (2019-04-16 19:13:51) 
-- CODE:
int(input("a quantidade de acai no copo(em gramas)"))
int(input("a quantidade de salgados"))
float(input("o valor pago em dinheiro"))
print("a quantidade de acai no copo + a quantidade de salgados")
  
print(round("o cliente recebe troco")

-- EXECUTION TIME:
0.125677
-- ERROR:
  File "/home/codebench/codes/1670/2974/main.py", line 7
    
                                         ^
SyntaxError: unexpected EOF while parsing

*-*-*-*-*-*-*-*-*-*-*-*-*-*-*-*-*-*-*-*-*-*-*-*
== SUBMITION (2019-04-16 19:13:51) 
-- CODE:
int(input("a quantidade de acai no copo(em gramas)"))
int(input("a quantidade de salgados"))
float(input("o valor pago em dinheiro"))
print("a quantidade de acai no copo + a quantidade de salgados")
  
print(round("o cliente recebe troco")

-- EXECUTION TIME:
0.144974
-- ERROR:
  File "/home/codebench/codes/1670/2974/main.py", line 7
    
                                         ^
SyntaxError: unexpected EOF while parsing

*-*-*-*-*-*-*-*-*-*-*-*-*-*-*-*-*-*-*-*-*-*-*-*
== TEST (2019-04-16 19:13:52) 
-- CODE:
int(input("a quantidade de acai no copo(em gramas)"))
int(input("a quantidade de salgados"))
float(input("o valor pago em dinheiro"))
print("a quantidade de acai no copo + a quantidade de salgados")
  
print(round("o cliente recebe troco")

-- ERROR:
File "XXXX", line 7
    
                                         ^
SyntaxError: unexpected EOF while parsing
*-*-*-*-*-*-*-*-*-*-*-*-*-*-*-*-*-*-*-*-*-*-*-*
== TEST (2019-04-16 19:14:04) 
-- CODE:
int(input("a quantidade de acai no copo(em gramas)"))
int(input("a quantidade de salgados"))
float(input("o valor pago em dinheiro"))
print("a quantidade de acai no copo + a quantidade de salgados")
  


-- OUTPUT:
a quantidade de acai no copo + a quantidade de salgados
*-*-*-*-*-*-*-*-*-*-*-*-*-*-*-*-*-*-*-*-*-*-*-*
== TEST (2019-04-16 19:14:34) 
-- CODE:
int(input("a quantidade de acai no copo(em gramas)"))
int(input("a quantidade de salgados"))
float(input("o valor pago em dinheiro"))
print("a quantidade de acai no copo + a quantidade de salgados")
  
if=("sim")

-- ERROR:
File "XXXX", line 6
    if=("sim")
      ^
SyntaxError: invalid syntax
*-*-*-*-*-*-*-*-*-*-*-*-*-*-*-*-*-*-*-*-*-*-*-*
== TEST (2019-04-16 19:14:56) 
-- CODE:
int(input("a quantidade de acai no copo(em gramas)"))
int(input("a quantidade de salgados"))
float(input("o valor pago em dinheiro"))
print("a quantidade de acai no copo + a quantidade de salgados")
  
if=("sim"("o cliente recebe troco"))

-- ERROR:
File "XXXX", line 6
    if=("sim"("o cliente recebe troco"))
      ^
SyntaxError: invalid syntax
*-*-*-*-*-*-*-*-*-*-*-*-*-*-*-*-*-*-*-*-*-*-*-*
== TEST (2019-04-16 19:14:57) 
-- CODE:
int(input("a quantidade de acai no copo(em gramas)"))
int(input("a quantidade de salgados"))
float(input("o valor pago em dinheiro"))
print("a quantidade de acai no copo + a quantidade de salgados")
  
if=("sim"("o cliente recebe troco"))

-- ERROR:
File "XXXX", line 6
    if=("sim"("o cliente recebe troco"))
      ^
SyntaxError: invalid syntax
*-*-*-*-*-*-*-*-*-*-*-*-*-*-*-*-*-*-*-*-*-*-*-*
== TEST (2019-04-16 19:16:09) 
-- CODE:
int(input("a quantidade de acai no copo(em gramas)"))
int(input("a quantidade de salgados"))
float(input("o valor pago em dinheiro"))
print("a quantidade de acai no copo + a quantidade de salgados")
  
if=("sim"("o cliente recebe troco"))
else:
	("nao"("o cliente nao recebe troco"))

-- ERROR:
File "XXXX", line 6
    if=("sim"("o cliente recebe troco"))
      ^
SyntaxError: invalid syntax
*-*-*-*-*-*-*-*-*-*-*-*-*-*-*-*-*-*-*-*-*-*-*-*
== TEST (2019-04-16 19:16:10) 
-- CODE:
int(input("a quantidade de acai no copo(em gramas)"))
int(input("a quantidade de salgados"))
float(input("o valor pago em dinheiro"))
print("a quantidade de acai no copo + a quantidade de salgados")
  
if=("sim"("o cliente recebe troco"))
else:
	("nao"("o cliente nao recebe troco"))

-- ERROR:
File "XXXX", line 6
    if=("sim"("o cliente recebe troco"))
      ^
SyntaxError: invalid syntax
*-*-*-*-*-*-*-*-*-*-*-*-*-*-*-*-*-*-*-*-*-*-*-*
== TEST (2019-04-16 19:16:10) 
-- CODE:
int(input("a quantidade de acai no copo(em gramas)"))
int(input("a quantidade de salgados"))
float(input("o valor pago em dinheiro"))
print("a quantidade de acai no copo + a quantidade de salgados")
  
if=("sim"("o cliente recebe troco"))
else:
	("nao"("o cliente nao recebe troco"))

-- ERROR:
File "XXXX", line 6
    if=("sim"("o cliente recebe troco"))
      ^
SyntaxError: invalid syntax
*-*-*-*-*-*-*-*-*-*-*-*-*-*-*-*-*-*-*-*-*-*-*-*
== TEST (2019-04-16 19:16:11) 
-- CODE:
int(input("a quantidade de acai no copo(em gramas)"))
int(input("a quantidade de salgados"))
float(input("o valor pago em dinheiro"))
print("a quantidade de acai no copo + a quantidade de salgados")
  
if=("sim"("o cliente recebe troco"))
else:
	("nao"("o cliente nao recebe troco"))

-- ERROR:
File "XXXX", line 6
    if=("sim"("o cliente recebe troco"))
      ^
SyntaxError: invalid syntax
*-*-*-*-*-*-*-*-*-*-*-*-*-*-*-*-*-*-*-*-*-*-*-*
== TEST (2019-04-16 19:16:22) 
-- CODE:
int(input("a quantidade de acai no copo(em gramas)"))
int(input("a quantidade de salgados"))
float(input("o valor pago em dinheiro"))
print("a quantidade de acai no copo + a quantidade de salgados")
  
if:("sim"("o cliente recebe troco"))
else:
	("nao"("o cliente nao recebe troco"))

-- ERROR:
File "XXXX", line 6
    if:("sim"("o cliente recebe troco"))
      ^
SyntaxError: invalid syntax
*-*-*-*-*-*-*-*-*-*-*-*-*-*-*-*-*-*-*-*-*-*-*-*
== TEST (2019-04-16 19:16:23) 
-- CODE:
int(input("a quantidade de acai no copo(em gramas)"))
int(input("a quantidade de salgados"))
float(input("o valor pago em dinheiro"))
print("a quantidade de acai no copo + a quantidade de salgados")
  
if:("sim"("o cliente recebe troco"))
else:
	("nao"("o cliente nao recebe troco"))

-- ERROR:
File "XXXX", line 6
    if:("sim"("o cliente recebe troco"))
      ^
SyntaxError: invalid syntax
*-*-*-*-*-*-*-*-*-*-*-*-*-*-*-*-*-*-*-*-*-*-*-*
== TEST (2019-04-16 19:16:23) 
-- CODE:
int(input("a quantidade de acai no copo(em gramas)"))
int(input("a quantidade de salgados"))
float(input("o valor pago em dinheiro"))
print("a quantidade de acai no copo + a quantidade de salgados")
  
if:("sim"("o cliente recebe troco"))
else:
	("nao"("o cliente nao recebe troco"))

-- ERROR:
File "XXXX", line 6
    if:("sim"("o cliente recebe troco"))
      ^
SyntaxError: invalid syntax
*-*-*-*-*-*-*-*-*-*-*-*-*-*-*-*-*-*-*-*-*-*-*-*
== TEST (2019-04-16 19:16:23) 
-- CODE:
int(input("a quantidade de acai no copo(em gramas)"))
int(input("a quantidade de salgados"))
float(input("o valor pago em dinheiro"))
print("a quantidade de acai no copo + a quantidade de salgados")
  
if:("sim"("o cliente recebe troco"))
else:
	("nao"("o cliente nao recebe troco"))

-- ERROR:
File "XXXX", line 6
    if:("sim"("o cliente recebe troco"))
      ^
SyntaxError: invalid syntax
*-*-*-*-*-*-*-*-*-*-*-*-*-*-*-*-*-*-*-*-*-*-*-*
== TEST (2019-04-16 19:17:30) 
-- CODE:
int(input("a quantidade de acai no copo(em gramas)"))
int(input("a quantidade de salgados"))
float(input("o valor pago em dinheiro"))
print("a quantidade de acai no copo + a quantidade de salgados")
  
if:("sim")
	print("o cliente recebe o troco")
else:
	("nao")
	print("o cliente nao recebe troco")

-- ERROR:
File "XXXX", line 6
    if:("sim")
      ^
SyntaxError: invalid syntax
*-*-*-*-*-*-*-*-*-*-*-*-*-*-*-*-*-*-*-*-*-*-*-*
== TEST (2019-04-16 19:17:31) 
-- CODE:
int(input("a quantidade de acai no copo(em gramas)"))
int(input("a quantidade de salgados"))
float(input("o valor pago em dinheiro"))
print("a quantidade de acai no copo + a quantidade de salgados")
  
if:("sim")
	print("o cliente recebe o troco")
else:
	("nao")
	print("o cliente nao recebe troco")

-- ERROR:
File "XXXX", line 6
    if:("sim")
      ^
SyntaxError: invalid syntax
*-*-*-*-*-*-*-*-*-*-*-*-*-*-*-*-*-*-*-*-*-*-*-*
== TEST (2019-04-16 19:17:46) 
-- CODE:
int(input("a quantidade de acai no copo(em gramas)"))
int(input("a quantidade de salgados"))
float(input("o valor pago em dinheiro"))
print("a quantidade de acai no copo + a quantidade de salgados")
  
if:("sim")
print("o cliente recebe o troco")
else:
	("nao")
print("o cliente nao recebe troco")

-- ERROR:
File "XXXX", line 6
    if:("sim")
      ^
SyntaxError: invalid syntax
*-*-*-*-*-*-*-*-*-*-*-*-*-*-*-*-*-*-*-*-*-*-*-*
== TEST (2019-04-16 19:17:47) 
-- CODE:
int(input("a quantidade de acai no copo(em gramas)"))
int(input("a quantidade de salgados"))
float(input("o valor pago em dinheiro"))
print("a quantidade de acai no copo + a quantidade de salgados")
  
if:("sim")
print("o cliente recebe o troco")
else:
	("nao")
print("o cliente nao recebe troco")

-- ERROR:
File "XXXX", line 6
    if:("sim")
      ^
SyntaxError: invalid syntax
*-*-*-*-*-*-*-*-*-*-*-*-*-*-*-*-*-*-*-*-*-*-*-*
== TEST (2019-04-16 19:17:56) 
-- CODE:
int(input("a quantidade de acai no copo(em gramas)"))
int(input("a quantidade de salgados"))
float(input("o valor pago em dinheiro"))
 print("a quantidade de acai no copo + a quantidade de salgados")
  
if:("sim")
 print("o cliente recebe o troco")
else:
	("nao")
 print("o cliente nao recebe troco")

-- ERROR:
File "XXXX", line 4
    print("a quantidade de acai no copo + a quantidade de salgados")
    ^
IndentationError: unexpected indent
*-*-*-*-*-*-*-*-*-*-*-*-*-*-*-*-*-*-*-*-*-*-*-*
== TEST (2019-04-16 19:17:57) 
-- CODE:
int(input("a quantidade de acai no copo(em gramas)"))
int(input("a quantidade de salgados"))
float(input("o valor pago em dinheiro"))
 print("a quantidade de acai no copo + a quantidade de salgados")
  
if:("sim")
 print("o cliente recebe o troco")
else:
	("nao")
 print("o cliente nao recebe troco")

-- ERROR:
File "XXXX", line 4
    print("a quantidade de acai no copo + a quantidade de salgados")
    ^
IndentationError: unexpected indent
*-*-*-*-*-*-*-*-*-*-*-*-*-*-*-*-*-*-*-*-*-*-*-*
== TEST (2019-04-16 19:18:53) 
-- CODE:
int(input("a quantidade de acai no copo(em gramas)"))
int(input("a quantidade de salgados"))
float(input("o valor pago em dinheiro"))
 print("a quantidade de acai no copo + a quantidade de salgados")
  
if:"sim"
 print("o cliente recebe o troco")
else:
	"nao"
 print("o cliente nao recebe troco")

-- ERROR:
File "XXXX", line 4
    print("a quantidade de acai no copo + a quantidade de salgados")
    ^
IndentationError: unexpected indent
*-*-*-*-*-*-*-*-*-*-*-*-*-*-*-*-*-*-*-*-*-*-*-*
== TEST (2019-04-16 19:18:54) 
-- CODE:
int(input("a quantidade de acai no copo(em gramas)"))
int(input("a quantidade de salgados"))
float(input("o valor pago em dinheiro"))
 print("a quantidade de acai no copo + a quantidade de salgados")
  
if:"sim"
 print("o cliente recebe o troco")
else:
	"nao"
 print("o cliente nao recebe troco")

-- ERROR:
File "XXXX", line 4
    print("a quantidade de acai no copo + a quantidade de salgados")
    ^
IndentationError: unexpected indent
*-*-*-*-*-*-*-*-*-*-*-*-*-*-*-*-*-*-*-*-*-*-*-*
== TEST (2019-04-16 19:18:56) 
-- CODE:
int(input("a quantidade de acai no copo(em gramas)"))
int(input("a quantidade de salgados"))
float(input("o valor pago em dinheiro"))
 print("a quantidade de acai no copo + a quantidade de salgados")
  
if:"sim"
 print("o cliente recebe o troco")
else:
	"nao"
 print("o cliente nao recebe troco")

-- ERROR:
File "XXXX", line 4
    print("a quantidade de acai no copo + a quantidade de salgados")
    ^
IndentationError: unexpected indent
*-*-*-*-*-*-*-*-*-*-*-*-*-*-*-*-*-*-*-*-*-*-*-*
== TEST (2019-04-16 19:19:11) 
-- CODE:
int(input("a quantidade de acai no copo(em gramas)"))
int(input("a quantidade de salgados"))
float(input("o valor pago em dinheiro"))
 print("a quantidade de acai no copo + a quantidade de salgados")
  
if:
	"sim"
 print("o cliente recebe o troco")
else:
	"nao"
 print("o cliente nao recebe troco")

-- ERROR:
File "XXXX", line 4
    print("a quantidade de acai no copo + a quantidade de salgados")
    ^
IndentationError: unexpected indent
*-*-*-*-*-*-*-*-*-*-*-*-*-*-*-*-*-*-*-*-*-*-*-*
== TEST (2019-04-16 19:19:12) 
-- CODE:
int(input("a quantidade de acai no copo(em gramas)"))
int(input("a quantidade de salgados"))
float(input("o valor pago em dinheiro"))
 print("a quantidade de acai no copo + a quantidade de salgados")
  
if:
	"sim"
 print("o cliente recebe o troco")
else:
	"nao"
 print("o cliente nao recebe troco")

-- ERROR:
File "XXXX", line 4
    print("a quantidade de acai no copo + a quantidade de salgados")
    ^
IndentationError: unexpected indent
*-*-*-*-*-*-*-*-*-*-*-*-*-*-*-*-*-*-*-*-*-*-*-*
== TEST (2019-04-16 19:19:20) 
-- CODE:
int(input("a quantidade de acai no copo(em gramas)"))
int(input("a quantidade de salgados"))
float(input("o valor pago em dinheiro"))
 print("a quantidade de acai no copo + a quantidade de salgados")
  
if:"sim"
 print("o cliente recebe o troco")
else:"nao"
 print("o cliente nao recebe troco")

-- ERROR:
File "XXXX", line 4
    print("a quantidade de acai no copo + a quantidade de salgados")
    ^
IndentationError: unexpected indent
*-*-*-*-*-*-*-*-*-*-*-*-*-*-*-*-*-*-*-*-*-*-*-*
== TEST (2019-04-16 19:19:42) 
-- CODE:
int(input("a quantidade de acai no copo(em gramas)"))
int(input("a quantidade de salgados"))
float(input("o valor pago em dinheiro"))
 print("a quantidade de acai no copo + a quantidade de salgados")
  
if:("sim")
 print("o cliente recebe o troco")
else:("nao")
 print("o cliente nao recebe troco")

-- ERROR:
File "XXXX", line 4
    print("a quantidade de acai no copo + a quantidade de salgados")
    ^
IndentationError: unexpected indent
*-*-*-*-*-*-*-*-*-*-*-*-*-*-*-*-*-*-*-*-*-*-*-*
== TEST (2019-04-16 19:19:42) 
-- CODE:
int(input("a quantidade de acai no copo(em gramas)"))
int(input("a quantidade de salgados"))
float(input("o valor pago em dinheiro"))
 print("a quantidade de acai no copo + a quantidade de salgados")
  
if:("sim")
 print("o cliente recebe o troco")
else:("nao")
 print("o cliente nao recebe troco")

-- ERROR:
File "XXXX", line 4
    print("a quantidade de acai no copo + a quantidade de salgados")
    ^
IndentationError: unexpected indent
*-*-*-*-*-*-*-*-*-*-*-*-*-*-*-*-*-*-*-*-*-*-*-*
== TEST (2019-04-16 19:19:43) 
-- CODE:
int(input("a quantidade de acai no copo(em gramas)"))
int(input("a quantidade de salgados"))
float(input("o valor pago em dinheiro"))
 print("a quantidade de acai no copo + a quantidade de salgados")
  
if:("sim")
 print("o cliente recebe o troco")
else:("nao")
 print("o cliente nao recebe troco")

-- ERROR:
File "XXXX", line 4
    print("a quantidade de acai no copo + a quantidade de salgados")
    ^
IndentationError: unexpected indent
*-*-*-*-*-*-*-*-*-*-*-*-*-*-*-*-*-*-*-*-*-*-*-*
== TEST (2019-04-16 19:19:43) 
-- CODE:
int(input("a quantidade de acai no copo(em gramas)"))
int(input("a quantidade de salgados"))
float(input("o valor pago em dinheiro"))
 print("a quantidade de acai no copo + a quantidade de salgados")
  
if:("sim")
 print("o cliente recebe o troco")
else:("nao")
 print("o cliente nao recebe troco")

-- ERROR:
File "XXXX", line 4
    print("a quantidade de acai no copo + a quantidade de salgados")
    ^
IndentationError: unexpected indent
*-*-*-*-*-*-*-*-*-*-*-*-*-*-*-*-*-*-*-*-*-*-*-*
== TEST (2019-04-16 19:20:18) 
-- CODE:
int(input("a quantidade de acai no copo(em gramas)"))
int(input("a quantidade de salgados"))
float(input("o valor pago em dinheiro"))
 print("a quantidade de acai no copo(em gramas) + a quantidade de salgados")
  
if:("sim")
 print("o cliente recebe o troco")
else:("nao")
 print("o cliente nao recebe troco")

-- ERROR:
File "XXXX", line 4
    print("a quantidade de acai no copo(em gramas) + a quantidade de salgados")
    ^
IndentationError: unexpected indent
*-*-*-*-*-*-*-*-*-*-*-*-*-*-*-*-*-*-*-*-*-*-*-*
== TEST (2019-04-16 19:20:19) 
-- CODE:
int(input("a quantidade de acai no copo(em gramas)"))
int(input("a quantidade de salgados"))
float(input("o valor pago em dinheiro"))
 print("a quantidade de acai no copo(em gramas) + a quantidade de salgados")
  
if:("sim")
 print("o cliente recebe o troco")
else:("nao")
 print("o cliente nao recebe troco")

-- ERROR:
File "XXXX", line 4
    print("a quantidade de acai no copo(em gramas) + a quantidade de salgados")
    ^
IndentationError: unexpected indent
*-*-*-*-*-*-*-*-*-*-*-*-*-*-*-*-*-*-*-*-*-*-*-*
== SUBMITION (2019-04-16 19:20:47) 
-- CODE:
int(input("a quantidade de acai no copo(em gramas)"))
int(input("a quantidade de salgados"))
float(input("o valor pago em dinheiro"))
 print("a quantidade de acai no copo(em gramas) + a quantidade de salgados")
  
if:("sim")
 print("o cliente recebe o troco")
else:("nao")
 print("o cliente nao recebe troco")

-- EXECUTION TIME:
0.213722
-- ERROR:
  File "/home/codebench/codes/1670/2974/main.py", line 4
    print("a quantidade de acai no copo(em gramas) + a quantidade de salgados")
    ^
IndentationError: unexpected indent

*-*-*-*-*-*-*-*-*-*-*-*-*-*-*-*-*-*-*-*-*-*-*-*
== SUBMITION (2019-04-16 19:20:47) 
-- CODE:
int(input("a quantidade de acai no copo(em gramas)"))
int(input("a quantidade de salgados"))
float(input("o valor pago em dinheiro"))
 print("a quantidade de acai no copo(em gramas) + a quantidade de salgados")
  
if:("sim")
 print("o cliente recebe o troco")
else:("nao")
 print("o cliente nao recebe troco")

-- EXECUTION TIME:
0.17054
-- ERROR:
  File "/home/codebench/codes/1670/2974/main.py", line 4
    print("a quantidade de acai no copo(em gramas) + a quantidade de salgados")
    ^
IndentationError: unexpected indent

*-*-*-*-*-*-*-*-*-*-*-*-*-*-*-*-*-*-*-*-*-*-*-*
== SUBMITION (2019-04-16 19:22:36) 
-- CODE:
float(input("a quantidade de acai no copo(em gramas)"))
int(input("a quantidade de salgados"))
float(input("o valor pago em dinheiro"))
 print("a quantidade de acai no copo(em gramas) + a quantidade de salgados")
  
if("sim"):
 print("o cliente recebe o troco")
else("nao"):
 print("o cliente nao recebe troco")

-- EXECUTION TIME:
0.206852
-- ERROR:
  File "/home/codebench/codes/1670/2974/main.py", line 4
    print("a quantidade de acai no copo(em gramas) + a quantidade de salgados")
    ^
IndentationError: unexpected indent

*-*-*-*-*-*-*-*-*-*-*-*-*-*-*-*-*-*-*-*-*-*-*-*
== TEST (2019-04-16 19:22:36) 
-- CODE:
float(input("a quantidade de acai no copo(em gramas)"))
int(input("a quantidade de salgados"))
float(input("o valor pago em dinheiro"))
 print("a quantidade de acai no copo(em gramas) + a quantidade de salgados")
  
if("sim"):
 print("o cliente recebe o troco")
else("nao"):
 print("o cliente nao recebe troco")

-- ERROR:
File "XXXX", line 4
    print("a quantidade de acai no copo(em gramas) + a quantidade de salgados")
    ^
IndentationError: unexpected indent
*-*-*-*-*-*-*-*-*-*-*-*-*-*-*-*-*-*-*-*-*-*-*-*
== TEST (2019-04-16 19:22:37) 
-- CODE:
float(input("a quantidade de acai no copo(em gramas)"))
int(input("a quantidade de salgados"))
float(input("o valor pago em dinheiro"))
 print("a quantidade de acai no copo(em gramas) + a quantidade de salgados")
  
if("sim"):
 print("o cliente recebe o troco")
else("nao"):
 print("o cliente nao recebe troco")

-- ERROR:
File "XXXX", line 4
    print("a quantidade de acai no copo(em gramas) + a quantidade de salgados")
    ^
IndentationError: unexpected indent
*-*-*-*-*-*-*-*-*-*-*-*-*-*-*-*-*-*-*-*-*-*-*-*
== TEST (2019-04-16 19:23:17) 
-- CODE:
qdac=float(input("a quantidade de acai no copo(em gramas)"))
qds=int(input("a quantidade de salgados"))
valor=float(input("o valor pago em dinheiro"))
 print("a quantidade de acai no copo(em gramas) + a quantidade de salgados")
  
if("sim"):
 print("o cliente recebe o troco")
else("nao"):
 print("o cliente nao recebe troco")

-- ERROR:
File "XXXX", line 4
    print("a quantidade de acai no copo(em gramas) + a quantidade de salgados")
    ^
IndentationError: unexpected indent
*-*-*-*-*-*-*-*-*-*-*-*-*-*-*-*-*-*-*-*-*-*-*-*
== TEST (2019-04-16 19:23:18) 
-- CODE:
qdac=float(input("a quantidade de acai no copo(em gramas)"))
qds=int(input("a quantidade de salgados"))
valor=float(input("o valor pago em dinheiro"))
 print("a quantidade de acai no copo(em gramas) + a quantidade de salgados")
  
if("sim"):
 print("o cliente recebe o troco")
else("nao"):
 print("o cliente nao recebe troco")

-- ERROR:
File "XXXX", line 4
    print("a quantidade de acai no copo(em gramas) + a quantidade de salgados")
    ^
IndentationError: unexpected indent
*-*-*-*-*-*-*-*-*-*-*-*-*-*-*-*-*-*-*-*-*-*-*-*
== TEST (2019-04-16 19:23:40) 
-- CODE:
qdac=float(input("a quantidade de acai no copo"))
qds=int(input("a quantidade de salgados"))
valor=float(input("o valor pago em dinheiro"))
 print("a quantidade de acai no copo(em gramas) + a quantidade de salgados")
  
if("sim"):
 print("o cliente recebe o troco")
else("nao"):
 print("o cliente nao recebe troco")

-- ERROR:
File "XXXX", line 4
    print("a quantidade de acai no copo(em gramas) + a quantidade de salgados")
    ^
IndentationError: unexpected indent
*-*-*-*-*-*-*-*-*-*-*-*-*-*-*-*-*-*-*-*-*-*-*-*
== TEST (2019-04-16 19:23:41) 
-- CODE:
qdac=float(input("a quantidade de acai no copo"))
qds=int(input("a quantidade de salgados"))
valor=float(input("o valor pago em dinheiro"))
 print("a quantidade de acai no copo(em gramas) + a quantidade de salgados")
  
if("sim"):
 print("o cliente recebe o troco")
else("nao"):
 print("o cliente nao recebe troco")

-- ERROR:
File "XXXX", line 4
    print("a quantidade de acai no copo(em gramas) + a quantidade de salgados")
    ^
IndentationError: unexpected indent
*-*-*-*-*-*-*-*-*-*-*-*-*-*-*-*-*-*-*-*-*-*-*-*
== TEST (2019-04-16 19:23:41) 
-- CODE:
qdac=float(input("a quantidade de acai no copo"))
qds=int(input("a quantidade de salgados"))
valor=float(input("o valor pago em dinheiro"))
 print("a quantidade de acai no copo(em gramas) + a quantidade de salgados")
  
if("sim"):
 print("o cliente recebe o troco")
else("nao"):
 print("o cliente nao recebe troco")

-- ERROR:
File "XXXX", line 4
    print("a quantidade de acai no copo(em gramas) + a quantidade de salgados")
    ^
IndentationError: unexpected indent
*-*-*-*-*-*-*-*-*-*-*-*-*-*-*-*-*-*-*-*-*-*-*-*
== TEST (2019-04-16 19:23:47) 
-- CODE:
qdac=float(input("a quantidade de acai no copo"))
qds=int(input("a quantidade de salgados"))
valor=float(input("o valor pago em dinheiro"))
 print("a quantidade de acai no copo(em gramas) + a quantidade de salgados")
  
if("sim"):
 print("o cliente recebe o troco")
 else("nao"):
 print("o cliente nao recebe troco")

-- ERROR:
File "XXXX", line 4
    print("a quantidade de acai no copo(em gramas) + a quantidade de salgados")
    ^
IndentationError: unexpected indent
*-*-*-*-*-*-*-*-*-*-*-*-*-*-*-*-*-*-*-*-*-*-*-*
== TEST (2019-04-16 19:23:48) 
-- CODE:
qdac=float(input("a quantidade de acai no copo"))
qds=int(input("a quantidade de salgados"))
valor=float(input("o valor pago em dinheiro"))
 print("a quantidade de acai no copo(em gramas) + a quantidade de salgados")
  
if("sim"):
 print("o cliente recebe o troco")
 else("nao"):
 print("o cliente nao recebe troco")

-- ERROR:
File "XXXX", line 4
    print("a quantidade de acai no copo(em gramas) + a quantidade de salgados")
    ^
IndentationError: unexpected indent
*-*-*-*-*-*-*-*-*-*-*-*-*-*-*-*-*-*-*-*-*-*-*-*
== SUBMITION (2019-04-16 19:23:49) 
-- CODE:
qdac=float(input("a quantidade de acai no copo"))
qds=int(input("a quantidade de salgados"))
valor=float(input("o valor pago em dinheiro"))
 print("a quantidade de acai no copo(em gramas) + a quantidade de salgados")
  
if("sim"):
 print("o cliente recebe o troco")
 else("nao"):
 print("o cliente nao recebe troco")

-- EXECUTION TIME:
0.113155
-- ERROR:
  File "/home/codebench/codes/1670/2974/main.py", line 4
    print("a quantidade de acai no copo(em gramas) + a quantidade de salgados")
    ^
IndentationError: unexpected indent

*-*-*-*-*-*-*-*-*-*-*-*-*-*-*-*-*-*-*-*-*-*-*-*
== TEST (2019-04-16 19:24:50) 
-- CODE:
qdac=float(input("a quantidade de acai no copo"))
qds=int(input("a quantidade de salgados"))
valor=float(input("o valor pago em dinheiro"))
 print("a quantidade de acai no copo(em gramas) + a quantidade de salgados")
x=qdac/1000  
if("sim"):
 print("o cliente recebe o troco")
else("nao"):
 print("o cliente nao recebe troco")

-- ERROR:
File "XXXX", line 4
    print("a quantidade de acai no copo(em gramas) + a quantidade de salgados")
    ^
IndentationError: unexpected indent
*-*-*-*-*-*-*-*-*-*-*-*-*-*-*-*-*-*-*-*-*-*-*-*
== TEST (2019-04-16 19:24:50) 
-- CODE:
qdac=float(input("a quantidade de acai no copo"))
qds=int(input("a quantidade de salgados"))
valor=float(input("o valor pago em dinheiro"))
 print("a quantidade de acai no copo(em gramas) + a quantidade de salgados")
x=qdac/1000  
if("sim"):
 print("o cliente recebe o troco")
else("nao"):
 print("o cliente nao recebe troco")

-- ERROR:
File "XXXX", line 4
    print("a quantidade de acai no copo(em gramas) + a quantidade de salgados")
    ^
IndentationError: unexpected indent
*-*-*-*-*-*-*-*-*-*-*-*-*-*-*-*-*-*-*-*-*-*-*-*
== TEST (2019-04-16 19:30:26) 
-- CODE:
qdac=float(input("a quantidade de acai no copo"))
sal=int(input("a quantidade de salgados"))
valor=float(input("o valor pago em dinheiro"))
qdac=24
sal=2
x=qdac/1000
	
-- ERROR:
File "XXXX", line 4
    print("a quantidade de acai no copo(em gramas) + a quantidade de salgados")
    ^
IndentationError: unexpected indent
*-*-*-*-*-*-*-*-*-*-*-*-*-*-*-*-*-*-*-*-*-*-*-*
== SUBMITION (2019-04-16 19:33:52) 
-- CODE:
qdac=float(input("a quantidade de acai no copo"))
sal=int(input("a quantidade de salgados"))
valor=float(input("o valor pago em dinheiro"))
qdac=24
sal=2
x=qdac/1000
total=sal+x+qdac
ifvalo>troco:
	prin("sim")
else:
    print("nao")
	
-- EXECUTION TIME:
0.123433
-- ERROR:
  File "/home/codebench/codes/1670/2974/main.py", line 8
    ifvalo>troco:
                ^
SyntaxError: invalid syntax

*-*-*-*-*-*-*-*-*-*-*-*-*-*-*-*-*-*-*-*-*-*-*-*
== SUBMITION (2019-04-16 19:33:53) 
-- CODE:
qdac=float(input("a quantidade de acai no copo"))
sal=int(input("a quantidade de salgados"))
valor=float(input("o valor pago em dinheiro"))
qdac=24
sal=2
x=qdac/1000
total=sal+x+qdac
ifvalo>troco:
	prin("sim")
else:
    print("nao")
	
-- EXECUTION TIME:
0.114514
-- ERROR:
  File "/home/codebench/codes/1670/2974/main.py", line 8
    ifvalo>troco:
                ^
SyntaxError: invalid syntax

*-*-*-*-*-*-*-*-*-*-*-*-*-*-*-*-*-*-*-*-*-*-*-*
== SUBMITION (2019-04-16 19:34:37) 
-- CODE:
qdac=float(input("a quantidade de acai no copo"))
sal=int(input("a quantidade de salgados"))
valor=float(input("o valor pago em dinheiro"))
qdac=24
sal=2
x=qdac/1000
total=sal+x+qdac
print(round(troco,2))
ifvalo>troco:
	prin("sim")
else:
    print("nao")
	
-- EXECUTION TIME:
0.218094
-- ERROR:
  File "/home/codebench/codes/1670/2974/main.py", line 9
    ifvalo>troco:
                ^
SyntaxError: invalid syntax

*-*-*-*-*-*-*-*-*-*-*-*-*-*-*-*-*-*-*-*-*-*-*-*
== SUBMITION (2019-04-16 19:34:38) 
-- CODE:
qdac=float(input("a quantidade de acai no copo"))
sal=int(input("a quantidade de salgados"))
valor=float(input("o valor pago em dinheiro"))
qdac=24
sal=2
x=qdac/1000
total=sal+x+qdac
print(round(troco,2))
ifvalo>troco:
	prin("sim")
else:
    print("nao")
	
-- EXECUTION TIME:
0.149364
-- ERROR:
  File "/home/codebench/codes/1670/2974/main.py", line 9
    ifvalo>troco:
                ^
SyntaxError: invalid syntax

*-*-*-*-*-*-*-*-*-*-*-*-*-*-*-*-*-*-*-*-*-*-*-*
== SUBMITION (2019-04-16 19:34:38) 
-- CODE:
qdac=float(input("a quantidade de acai no copo"))
sal=int(input("a quantidade de salgados"))
valor=float(input("o valor pago em dinheiro"))
qdac=24
sal=2
x=qdac/1000
total=sal+x+qdac
print(round(troco,2))
ifvalo>troco:
	prin("sim")
else:
    print("nao")
	
-- EXECUTION TIME:
0.195519
-- ERROR:
  File "/home/codebench/codes/1670/2974/main.py", line 9
    ifvalo>troco:
                ^
SyntaxError: invalid syntax

*-*-*-*-*-*-*-*-*-*-*-*-*-*-*-*-*-*-*-*-*-*-*-*
== SUBMITION (2019-04-16 19:34:39) 
-- CODE:
qdac=float(input("a quantidade de acai no copo"))
sal=int(input("a quantidade de salgados"))
valor=float(input("o valor pago em dinheiro"))
qdac=24
sal=2
x=qdac/1000
total=sal+x+qdac
print(round(troco,2))
ifvalo>troco:
	prin("sim")
else:
    print("nao")
	
-- EXECUTION TIME:
0.167523
-- ERROR:
  File "/home/codebench/codes/1670/2974/main.py", line 9
    ifvalo>troco:
                ^
SyntaxError: invalid syntax

*-*-*-*-*-*-*-*-*-*-*-*-*-*-*-*-*-*-*-*-*-*-*-*
== SUBMITION (2019-04-16 19:34:39) 
-- CODE:
qdac=float(input("a quantidade de acai no copo"))
sal=int(input("a quantidade de salgados"))
valor=float(input("o valor pago em dinheiro"))
qdac=24
sal=2
x=qdac/1000
total=sal+x+qdac
print(round(troco,2))
ifvalo>troco:
	prin("sim")
else:
    print("nao")
	
-- EXECUTION TIME:
0.199826
-- ERROR:
sh: 1: cannot open /home/codebench/codes/1670/2974/cbtemp.txt: No such file

*-*-*-*-*-*-*-*-*-*-*-*-*-*-*-*-*-*-*-*-*-*-*-*
== SUBMITION (2019-04-16 19:34:39) 
-- CODE:
qdac=float(input("a quantidade de acai no copo"))
sal=int(input("a quantidade de salgados"))
valor=float(input("o valor pago em dinheiro"))
qdac=24
sal=2
x=qdac/1000
total=sal+x+qdac
print(round(troco,2))
ifvalo>troco:
	prin("sim")
else:
    print("nao")
	
-- EXECUTION TIME:
0.254915
-- ERROR:
sh: 1: cannot open /home/codebench/codes/1670/2974/cbtemp.txt: No such file

*-*-*-*-*-*-*-*-*-*-*-*-*-*-*-*-*-*-*-*-*-*-*-*
== SUBMITION (2019-04-16 19:35:25) 
-- CODE:
qdac=float(input("a quantidade de acai no copo"))
sal=int(input("a quantidade de salgados"))
valor=float(input("o valor pago em dinheiro"))
qdac=24
sal=2
x=qdac/1000
total=sal * sal+x+qdac
print(round(troco,2))
ifvalo>troco:
	prin("sim")
else:
    print("nao")
	
-- EXECUTION TIME:
0.155112
-- ERROR:
  File "/home/codebench/codes/1670/2974/main.py", line 9
    ifvalo>troco:
                ^
SyntaxError: invalid syntax

*-*-*-*-*-*-*-*-*-*-*-*-*-*-*-*-*-*-*-*-*-*-*-*
== SUBMITION (2019-04-16 19:35:35) 
-- CODE:
qdac=float(input("a quantidade de acai no copo"))
sal=int(input("a quantidade de salgados"))
valor=float(input("o valor pago em dinheiro"))
qdac=24
sal=2
x=qdac/1000
total=sal * sal + x +qdac
print(round(troco,2))
ifvalo>troco:
	prin("sim")
else:
    print("nao")
	
-- EXECUTION TIME:
0.133871
-- ERROR:
  File "/home/codebench/codes/1670/2974/main.py", line 9
    ifvalo>troco:
                ^
SyntaxError: invalid syntax

*-*-*-*-*-*-*-*-*-*-*-*-*-*-*-*-*-*-*-*-*-*-*-*
== SUBMITION (2019-04-16 19:35:36) 
-- CODE:
qdac=float(input("a quantidade de acai no copo"))
sal=int(input("a quantidade de salgados"))
valor=float(input("o valor pago em dinheiro"))
qdac=24
sal=2
x=qdac/1000
total=sal * sal + x +qdac
print(round(troco,2))
ifvalo>troco:
	prin("sim")
else:
    print("nao")
	
-- EXECUTION TIME:
0.178089
-- ERROR:
  File "/home/codebench/codes/1670/2974/main.py", line 9
    ifvalo>troco:
                ^
SyntaxError: invalid syntax

*-*-*-*-*-*-*-*-*-*-*-*-*-*-*-*-*-*-*-*-*-*-*-*
== SUBMITION (2019-04-16 19:35:36) 
-- CODE:
qdac=float(input("a quantidade de acai no copo"))
sal=int(input("a quantidade de salgados"))
valor=float(input("o valor pago em dinheiro"))
qdac=24
sal=2
x=qdac/1000
total=sal * sal + x +qdac
print(round(troco,2))
ifvalo>troco:
	prin("sim")
else:
    print("nao")
	
-- EXECUTION TIME:
0.228224
-- ERROR:
  File "/home/codebench/codes/1670/2974/main.py", line 9
    ifvalo>troco:
                ^
SyntaxError: invalid syntax

*-*-*-*-*-*-*-*-*-*-*-*-*-*-*-*-*-*-*-*-*-*-*-*
== SUBMITION (2019-04-16 19:35:37) 
-- CODE:
qdac=float(input("a quantidade de acai no copo"))
sal=int(input("a quantidade de salgados"))
valor=float(input("o valor pago em dinheiro"))
qdac=24
sal=2
x=qdac/1000
total=sal * sal + x +qdac
print(round(troco,2))
ifvalo>troco:
	prin("sim")
else:
    print("nao")
	
-- EXECUTION TIME:
0.276111
-- ERROR:
  File "/home/codebench/codes/1670/2974/main.py", line 9
    ifvalo>troco:
                ^
SyntaxError: invalid syntax

*-*-*-*-*-*-*-*-*-*-*-*-*-*-*-*-*-*-*-*-*-*-*-*
== SUBMITION (2019-04-16 19:35:37) 
-- CODE:
qdac=float(input("a quantidade de acai no copo"))
sal=int(input("a quantidade de salgados"))
valor=float(input("o valor pago em dinheiro"))
qdac=24
sal=2
x=qdac/1000
total=sal * sal + x +qdac
print(round(troco,2))
ifvalo>troco:
	prin("sim")
else:
    print("nao")
	
-- EXECUTION TIME:
0.274335
-- ERROR:
  File "/home/codebench/codes/1670/2974/main.py", line 9
    ifvalo>troco:
                ^
SyntaxError: invalid syntax

*-*-*-*-*-*-*-*-*-*-*-*-*-*-*-*-*-*-*-*-*-*-*-*
== SUBMITION (2019-04-16 19:36:24) 
-- CODE:
qdac=float(input("a quantidade de acai no copo"))
qtdg=int(input("a quantidade de salgados"))
valor=float(input("o valor pago em dinheiro"))
qdac=24
sal=2
x=qdac/1000
total=sal * qtdg + x +qdac
print(round(troco,2))
ifvalo>troco:
	prin("sim")
else:
    print("nao")
	
-- EXECUTION TIME:
0.204901
-- ERROR:
  File "/home/codebench/codes/1670/2974/main.py", line 9
    ifvalo>troco:
                ^
SyntaxError: invalid syntax

*-*-*-*-*-*-*-*-*-*-*-*-*-*-*-*-*-*-*-*-*-*-*-*
== SUBMITION (2019-04-16 19:36:31) 
-- CODE:
qdac=float(input("a quantidade de acai no copo"))
qtdg=int(input("a quantidade de salgados"))
valor=float(input("o valor pago em dinheiro"))
qdac=24
sal=3
x=qdac/1000
total=sal * qtdg + x +qdac
print(round(troco,2))
ifvalo>troco:
	prin("sim")
else:
    print("nao")
	
-- EXECUTION TIME:
0.142309
-- ERROR:
  File "/home/codebench/codes/1670/2974/main.py", line 9
    ifvalo>troco:
                ^
SyntaxError: invalid syntax

*-*-*-*-*-*-*-*-*-*-*-*-*-*-*-*-*-*-*-*-*-*-*-*
== SUBMITION (2019-04-16 19:36:32) 
-- CODE:
qdac=float(input("a quantidade de acai no copo"))
qtdg=int(input("a quantidade de salgados"))
valor=float(input("o valor pago em dinheiro"))
qdac=24
sal=3
x=qdac/1000
total=sal * qtdg + x +qdac
print(round(troco,2))
ifvalo>troco:
	prin("sim")
else:
    print("nao")
	
-- EXECUTION TIME:
0.185851
-- ERROR:
  File "/home/codebench/codes/1670/2974/main.py", line 9
    ifvalo>troco:
                ^
SyntaxError: invalid syntax

*-*-*-*-*-*-*-*-*-*-*-*-*-*-*-*-*-*-*-*-*-*-*-*
== SUBMITION (2019-04-16 19:36:32) 
-- CODE:
qdac=float(input("a quantidade de acai no copo"))
qtdg=int(input("a quantidade de salgados"))
valor=float(input("o valor pago em dinheiro"))
qdac=24
sal=3
x=qdac/1000
total=sal * qtdg + x +qdac
print(round(troco,2))
ifvalo>troco:
	prin("sim")
else:
    print("nao")
	
-- EXECUTION TIME:
0.260432
-- ERROR:
  File "/home/codebench/codes/1670/2974/main.py", line 9
    ifvalo>troco:
                ^
SyntaxError: invalid syntax

*-*-*-*-*-*-*-*-*-*-*-*-*-*-*-*-*-*-*-*-*-*-*-*
== SUBMITION (2019-04-16 19:36:32) 
-- CODE:
qdac=float(input("a quantidade de acai no copo"))
qtdg=int(input("a quantidade de salgados"))
valor=float(input("o valor pago em dinheiro"))
qdac=24
sal=3
x=qdac/1000
total=sal * qtdg + x +qdac
print(round(troco,2))
ifvalo>troco:
	prin("sim")
else:
    print("nao")
	
-- EXECUTION TIME:
0.22305
-- ERROR:
  File "/home/codebench/codes/1670/2974/main.py", line 9
    ifvalo>troco:
                ^
SyntaxError: invalid syntax

*-*-*-*-*-*-*-*-*-*-*-*-*-*-*-*-*-*-*-*-*-*-*-*
== SUBMITION (2019-04-16 19:36:41) 
-- CODE:
qdac=float(input("a quantidade de acai no copo"))
qtdg=int(input("a quantidade de salgados"))
valor=float(input("o valor pago em dinheiro"))
qdac=24
sal=3
x=qdag/1000
total=sal * qtdg + x +qdac
print(round(troco,2))
ifvalo>troco:
	prin("sim")
else:
    print("nao")
	
-- EXECUTION TIME:
0.152637
-- ERROR:
  File "/home/codebench/codes/1670/2974/main.py", line 9
    ifvalo>troco:
                ^
SyntaxError: invalid syntax

*-*-*-*-*-*-*-*-*-*-*-*-*-*-*-*-*-*-*-*-*-*-*-*
== SUBMITION (2019-04-16 19:36:42) 
-- CODE:
qdac=float(input("a quantidade de acai no copo"))
qtdg=int(input("a quantidade de salgados"))
valor=float(input("o valor pago em dinheiro"))
qdac=24
sal=3
x=qdag/1000
total=sal * qtdg + x +qdac
print(round(troco,2))
ifvalo>troco:
	prin("sim")
else:
    print("nao")
	
-- EXECUTION TIME:
0.190603
-- ERROR:
  File "/home/codebench/codes/1670/2974/main.py", line 9
    ifvalo>troco:
                ^
SyntaxError: invalid syntax

*-*-*-*-*-*-*-*-*-*-*-*-*-*-*-*-*-*-*-*-*-*-*-*
== SUBMITION (2019-04-16 19:36:52) 
-- CODE:
qdac=float(input("a quantidade de acai no copo"))
qtdg=int(input("a quantidade de salgados"))
valor=float(input("o valor pago em dinheiro"))
qdac=24
sal=3
x=qtdg/1000
total=sal * qtdg + x +qdac
print(round(troco,2))
ifvalo>troco:
	prin("sim")
else:
    print("nao")
	
-- EXECUTION TIME:
0.145185
-- ERROR:
  File "/home/codebench/codes/1670/2974/main.py", line 9
    ifvalo>troco:
                ^
SyntaxError: invalid syntax

*-*-*-*-*-*-*-*-*-*-*-*-*-*-*-*-*-*-*-*-*-*-*-*
== SUBMITION (2019-04-16 19:36:53) 
-- CODE:
qdac=float(input("a quantidade de acai no copo"))
qtdg=int(input("a quantidade de salgados"))
valor=float(input("o valor pago em dinheiro"))
qdac=24
sal=3
x=qtdg/1000
total=sal * qtdg + x +qdac
print(round(troco,2))
ifvalo>troco:
	prin("sim")
else:
    print("nao")
	
-- EXECUTION TIME:
0.18938
-- ERROR:
  File "/home/codebench/codes/1670/2974/main.py", line 9
    ifvalo>troco:
                ^
SyntaxError: invalid syntax

*-*-*-*-*-*-*-*-*-*-*-*-*-*-*-*-*-*-*-*-*-*-*-*
== SUBMITION (2019-04-16 19:36:59) 
-- CODE:
qdac=float(input("a quantidade de acai no copo"))
qtdg=int(input("a quantidade de salgados"))
valor=float(input("o valor pago em dinheiro"))
qdac=24
sal=3
x=qtdg/1000
total=sal * qtdg + x +qdac
print(round(troco, 2))
ifvalo>troco:
	prin("sim")
else:
    print("nao")
	
-- EXECUTION TIME:
0.265594
-- ERROR:
  File "/home/codebench/codes/1670/2974/main.py", line 9
    ifvalo>troco:
                ^
SyntaxError: invalid syntax

*-*-*-*-*-*-*-*-*-*-*-*-*-*-*-*-*-*-*-*-*-*-*-*
== SUBMITION (2019-04-16 19:36:59) 
-- CODE:
qdac=float(input("a quantidade de acai no copo"))
qtdg=int(input("a quantidade de salgados"))
valor=float(input("o valor pago em dinheiro"))
qdac=24
sal=3
x=qtdg/1000
total=sal * qtdg + x +qdac
print(round(troco, 2))
ifvalo>troco:
	prin("sim")
else:
    print("nao")
	
-- EXECUTION TIME:
0.196916
-- ERROR:
  File "/home/codebench/codes/1670/2974/main.py", line 9
    ifvalo>troco:
                ^
SyntaxError: invalid syntax

*-*-*-*-*-*-*-*-*-*-*-*-*-*-*-*-*-*-*-*-*-*-*-*
== SUBMITION (2019-04-16 19:36:59) 
-- CODE:
qdac=float(input("a quantidade de acai no copo"))
qtdg=int(input("a quantidade de salgados"))
valor=float(input("o valor pago em dinheiro"))
qdac=24
sal=3
x=qtdg/1000
total=sal * qtdg + x +qdac
print(round(troco, 2))
ifvalo>troco:
	prin("sim")
else:
    print("nao")
	
-- EXECUTION TIME:
0.263573
-- ERROR:
  File "/home/codebench/codes/1670/2974/main.py", line 9
    ifvalo>troco:
                ^
SyntaxError: invalid syntax

*-*-*-*-*-*-*-*-*-*-*-*-*-*-*-*-*-*-*-*-*-*-*-*
== SUBMITION (2019-04-16 19:36:59) 
-- CODE:
qdac=float(input("a quantidade de acai no copo"))
qtdg=int(input("a quantidade de salgados"))
valor=float(input("o valor pago em dinheiro"))
qdac=24
sal=3
x=qtdg/1000
total=sal * qtdg + x +qdac
print(round(troco, 2))
ifvalo>troco:
	prin("sim")
else:
    print("nao")
	
-- EXECUTION TIME:
0.312902
-- ERROR:
sh: 1: cannot open /home/codebench/codes/1670/2974/cbtemp.txt: No such file

*-*-*-*-*-*-*-*-*-*-*-*-*-*-*-*-*-*-*-*-*-*-*-*
== SUBMITION (2019-04-16 19:36:59) 
-- CODE:
qdac=float(input("a quantidade de acai no copo"))
qtdg=int(input("a quantidade de salgados"))
valor=float(input("o valor pago em dinheiro"))
qdac=24
sal=3
x=qtdg/1000
total=sal * qtdg + x +qdac
print(round(troco, 2))
ifvalo>troco:
	prin("sim")
else:
    print("nao")
	
-- EXECUTION TIME:
0.211664
-- ERROR:
  File "/home/codebench/codes/1670/2974/main.py", line 9
    ifvalo>troco:
                ^
SyntaxError: invalid syntax

*-*-*-*-*-*-*-*-*-*-*-*-*-*-*-*-*-*-*-*-*-*-*-*
== SUBMITION (2019-04-16 19:37:11) 
-- CODE:
qdac=float(input("a quantidade de acai no copo"))
qtdg=int(input("a quantidade de salgados"))
valor=float(input("o valor pago em dinheiro"))
qdac=24
sal=3
x=qtdg/1000
total=sal * qtdg + x + qdac
print(round(troco, 2))
ifvalo>troco:
	prin("sim")
else:
    print("nao")
	
-- EXECUTION TIME:
0.148029
-- ERROR:
  File "/home/codebench/codes/1670/2974/main.py", line 9
    ifvalo>troco:
                ^
SyntaxError: invalid syntax

*-*-*-*-*-*-*-*-*-*-*-*-*-*-*-*-*-*-*-*-*-*-*-*
== SUBMITION (2019-04-16 19:37:12) 
-- CODE:
qdac=float(input("a quantidade de acai no copo"))
qtdg=int(input("a quantidade de salgados"))
valor=float(input("o valor pago em dinheiro"))
qdac=24
sal=3
x=qtdg/1000
total=sal * qtdg + x + qdac
print(round(troco, 2))
ifvalo>troco:
	prin("sim")
else:
    print("nao")
	
-- EXECUTION TIME:
0.127002
-- ERROR:
  File "/home/codebench/codes/1670/2974/main.py", line 9
    ifvalo>troco:
                ^
SyntaxError: invalid syntax

*-*-*-*-*-*-*-*-*-*-*-*-*-*-*-*-*-*-*-*-*-*-*-*
== SUBMITION (2019-04-16 19:37:12) 
-- CODE:
qdac=float(input("a quantidade de acai no copo"))
qtdg=int(input("a quantidade de salgados"))
valor=float(input("o valor pago em dinheiro"))
qdac=24
sal=3
x=qtdg/1000
total=sal * qtdg + x + qdac
print(round(troco, 2))
ifvalo>troco:
	prin("sim")
else:
    print("nao")
	
-- EXECUTION TIME:
0.114923
-- ERROR:
  File "/home/codebench/codes/1670/2974/main.py", line 9
    ifvalo>troco:
                ^
SyntaxError: invalid syntax

*-*-*-*-*-*-*-*-*-*-*-*-*-*-*-*-*-*-*-*-*-*-*-*
== SUBMITION (2019-04-16 19:37:12) 
-- CODE:
qdac=float(input("a quantidade de acai no copo"))
qtdg=int(input("a quantidade de salgados"))
valor=float(input("o valor pago em dinheiro"))
qdac=24
sal=3
x=qtdg/1000
total=sal * qtdg + x + qdac
print(round(troco, 2))
ifvalo>troco:
	prin("sim")
else:
    print("nao")
	
-- EXECUTION TIME:
0.298904
-- ERROR:
sh: 1: cannot open /home/codebench/codes/1670/2974/cbtemp.txt: No such file

*-*-*-*-*-*-*-*-*-*-*-*-*-*-*-*-*-*-*-*-*-*-*-*
== SUBMITION (2019-04-16 19:37:13) 
-- CODE:
qdac=float(input("a quantidade de acai no copo"))
qtdg=int(input("a quantidade de salgados"))
valor=float(input("o valor pago em dinheiro"))
qdac=24
sal=3
x=qtdg/1000
total=sal * qtdg + x + qdac
print(round(troco, 2))
ifvalo>troco:
	prin("sim")
else:
    print("nao")
	
-- EXECUTION TIME:
0.210791
-- ERROR:
  File "/home/codebench/codes/1670/2974/main.py", line 9
    ifvalo>troco:
                ^
SyntaxError: invalid syntax

*-*-*-*-*-*-*-*-*-*-*-*-*-*-*-*-*-*-*-*-*-*-*-*
== SUBMITION (2019-04-16 19:37:13) 
-- CODE:
qdac=float(input("a quantidade de acai no copo"))
qtdg=int(input("a quantidade de salgados"))
valor=float(input("o valor pago em dinheiro"))
qdac=24
sal=3
x=qtdg/1000
total=sal * qtdg + x + qdac
print(round(troco, 2))
ifvalo>troco:
	prin("sim")
else:
    print("nao")
	
-- EXECUTION TIME:
0.258786
-- ERROR:
  File "/home/codebench/codes/1670/2974/main.py", line 9
    ifvalo>troco:
                ^
SyntaxError: invalid syntax

*-*-*-*-*-*-*-*-*-*-*-*-*-*-*-*-*-*-*-*-*-*-*-*
== SUBMITION (2019-04-16 19:37:13) 
-- CODE:
qdac=float(input("a quantidade de acai no copo"))
qtdg=int(input("a quantidade de salgados"))
valor=float(input("o valor pago em dinheiro"))
qdac=24
sal=3
x=qtdg/1000
total=sal * qtdg + x + qdac
print(round(troco, 2))
ifvalo>troco:
	prin("sim")
else:
    print("nao")
	
-- EXECUTION TIME:
0.272641
-- ERROR:
sh: 1: cannot open /home/codebench/codes/1670/2974/cbtemp.txt: No such file

*-*-*-*-*-*-*-*-*-*-*-*-*-*-*-*-*-*-*-*-*-*-*-*
== SUBMITION (2019-04-16 19:37:45) 
-- CODE:
qdac=float(input("a quantidade de acai no copo"))
qtdg=int(input("a quantidade de salgados"))
valor=float(input("o valor pago em dinheiro"))
qdac=24
sal=3
x=qtdg/1000
total=sal * qtdg + x + qdac
print(round(tot, 2))
ifvalo>tot:
	prin("sim")
else:
    print("nao")
	
-- EXECUTION TIME:
0.142687
-- ERROR:
  File "/home/codebench/codes/1670/2974/main.py", line 9
    ifvalo>tot:
              ^
SyntaxError: invalid syntax

*-*-*-*-*-*-*-*-*-*-*-*-*-*-*-*-*-*-*-*-*-*-*-*
== SUBMITION (2019-04-16 19:37:45) 
-- CODE:
qdac=float(input("a quantidade de acai no copo"))
qtdg=int(input("a quantidade de salgados"))
valor=float(input("o valor pago em dinheiro"))
qdac=24
sal=3
x=qtdg/1000
total=sal * qtdg + x + qdac
print(round(tot, 2))
ifvalo>tot:
	prin("sim")
else:
    print("nao")
	
-- EXECUTION TIME:
0.18039
-- ERROR:
  File "/home/codebench/codes/1670/2974/main.py", line 9
    ifvalo>tot:
              ^
SyntaxError: invalid syntax

*-*-*-*-*-*-*-*-*-*-*-*-*-*-*-*-*-*-*-*-*-*-*-*
== SUBMITION (2019-04-16 19:37:46) 
-- CODE:
qdac=float(input("a quantidade de acai no copo"))
qtdg=int(input("a quantidade de salgados"))
valor=float(input("o valor pago em dinheiro"))
qdac=24
sal=3
x=qtdg/1000
total=sal * qtdg + x + qdac
print(round(tot, 2))
ifvalo>tot:
	prin("sim")
else:
    print("nao")
	
-- EXECUTION TIME:
0.2561
-- ERROR:
  File "/home/codebench/codes/1670/2974/main.py", line 9
    ifvalo>tot:
              ^
SyntaxError: invalid syntax

*-*-*-*-*-*-*-*-*-*-*-*-*-*-*-*-*-*-*-*-*-*-*-*
== SUBMITION (2019-04-16 19:37:46) 
-- CODE:
qdac=float(input("a quantidade de acai no copo"))
qtdg=int(input("a quantidade de salgados"))
valor=float(input("o valor pago em dinheiro"))
qdac=24
sal=3
x=qtdg/1000
total=sal * qtdg + x + qdac
print(round(tot, 2))
ifvalo>tot:
	prin("sim")
else:
    print("nao")
	
-- EXECUTION TIME:
0.258507
-- ERROR:
  File "/home/codebench/codes/1670/2974/main.py", line 9
    ifvalo>tot:
              ^
SyntaxError: invalid syntax

*-*-*-*-*-*-*-*-*-*-*-*-*-*-*-*-*-*-*-*-*-*-*-*
== SUBMITION (2019-04-16 19:38:01) 
-- CODE:
qdac=float(input("a quantidade de acai no copo"))
qtdg=int(input("a quantidade de salgados"))
valor=float(input("o valor pago em dinheiro"))
qdac=24
sal=3
x=qtdg/1000
total=sal * qtdg + x + qdac
print(round(tot, 2))
if valor>tot:
	prin("sim")
else:
    print("nao")
	
-- EXECUTION TIME:
0.142346
-- ERROR:
Traceback (most recent call last):
  File "/home/codebench/codes/1670/2974/main.py", line 8, in <module>
    print(round(tot, 2))
NameError: name 'tot' is not defined

*-*-*-*-*-*-*-*-*-*-*-*-*-*-*-*-*-*-*-*-*-*-*-*
== SUBMITION (2019-04-16 19:38:02) 
-- CODE:
qdac=float(input("a quantidade de acai no copo"))
qtdg=int(input("a quantidade de salgados"))
valor=float(input("o valor pago em dinheiro"))
qdac=24
sal=3
x=qtdg/1000
total=sal * qtdg + x + qdac
print(round(tot, 2))
if valor>tot:
	prin("sim")
else:
    print("nao")
	
-- EXECUTION TIME:
0.19349
-- ERROR:
Traceback (most recent call last):
  File "/home/codebench/codes/1670/2974/main.py", line 8, in <module>
    print(round(tot, 2))
NameError: name 'tot' is not defined

*-*-*-*-*-*-*-*-*-*-*-*-*-*-*-*-*-*-*-*-*-*-*-*
== SUBMITION (2019-04-16 19:38:02) 
-- CODE:
qdac=float(input("a quantidade de acai no copo"))
qtdg=int(input("a quantidade de salgados"))
valor=float(input("o valor pago em dinheiro"))
qdac=24
sal=3
x=qtdg/1000
total=sal * qtdg + x + qdac
print(round(tot, 2))
if valor>tot:
	prin("sim")
else:
    print("nao")
	
-- EXECUTION TIME:
0.196853
-- ERROR:
Traceback (most recent call last):
  File "/home/codebench/codes/1670/2974/main.py", line 8, in <module>
    print(round(tot, 2))
NameError: name 'tot' is not defined

*-*-*-*-*-*-*-*-*-*-*-*-*-*-*-*-*-*-*-*-*-*-*-*
== SUBMITION (2019-04-16 19:38:02) 
-- CODE:
qdac=float(input("a quantidade de acai no copo"))
qtdg=int(input("a quantidade de salgados"))
valor=float(input("o valor pago em dinheiro"))
qdac=24
sal=3
x=qtdg/1000
total=sal * qtdg + x + qdac
print(round(tot, 2))
if valor>tot:
	prin("sim")
else:
    print("nao")
	
-- EXECUTION TIME:
0.234772
-- ERROR:
sh: 1: cannot open /home/codebench/codes/1670/2974/cbtemp.txt: No such file

*-*-*-*-*-*-*-*-*-*-*-*-*-*-*-*-*-*-*-*-*-*-*-*
== SUBMITION (2019-04-16 19:38:03) 
-- CODE:
qdac=float(input("a quantidade de acai no copo"))
qtdg=int(input("a quantidade de salgados"))
valor=float(input("o valor pago em dinheiro"))
qdac=24
sal=3
x=qtdg/1000
total=sal * qtdg + x + qdac
print(round(tot, 2))
if valor>tot:
	prin("sim")
else:
    print("nao")
	
-- EXECUTION TIME:
0.224227
-- ERROR:
sh: 1: cannot open /home/codebench/codes/1670/2974/cbtemp.txt: No such file

*-*-*-*-*-*-*-*-*-*-*-*-*-*-*-*-*-*-*-*-*-*-*-*
== SUBMITION (2019-04-16 19:38:03) 
-- CODE:
qdac=float(input("a quantidade de acai no copo"))
qtdg=int(input("a quantidade de salgados"))
valor=float(input("o valor pago em dinheiro"))
qdac=24
sal=3
x=qtdg/1000
total=sal * qtdg + x + qdac
print(round(tot, 2))
if valor>tot:
	prin("sim")
else:
    print("nao")
	
-- EXECUTION TIME:
0.159316
-- ERROR:
Traceback (most recent call last):
  File "/home/codebench/codes/1670/2974/main.py", line 8, in <module>
    print(round(tot, 2))
NameError: name 'tot' is not defined

*-*-*-*-*-*-*-*-*-*-*-*-*-*-*-*-*-*-*-*-*-*-*-*
== SUBMITION (2019-04-16 19:38:14) 
-- CODE:
qdac=float(input("a quantidade de acai no copo"))
qtdg=int(input("a quantidade de salgados"))
valor=float(input("o valor pago em dinheiro"))
qdac=24
sal=3
x=qtdg/1000
total= sal * qtdg + x + qdac
print(round(tot, 2))
if valor>tot:
	prin("sim")
else:
    print("nao")
	
-- EXECUTION TIME:
0.129508
-- ERROR:
Traceback (most recent call last):
  File "/home/codebench/codes/1670/2974/main.py", line 8, in <module>
    print(round(tot, 2))
NameError: name 'tot' is not defined

*-*-*-*-*-*-*-*-*-*-*-*-*-*-*-*-*-*-*-*-*-*-*-*
== SUBMITION (2019-04-16 19:38:14) 
-- CODE:
qdac=float(input("a quantidade de acai no copo"))
qtdg=int(input("a quantidade de salgados"))
valor=float(input("o valor pago em dinheiro"))
qdac=24
sal=3
x=qtdg/1000
total= sal * qtdg + x + qdac
print(round(tot, 2))
if valor>tot:
	prin("sim")
else:
    print("nao")
	
-- EXECUTION TIME:
0.106483
-- ERROR:
Traceback (most recent call last):
  File "/home/codebench/codes/1670/2974/main.py", line 8, in <module>
    print(round(tot, 2))
NameError: name 'tot' is not defined

*-*-*-*-*-*-*-*-*-*-*-*-*-*-*-*-*-*-*-*-*-*-*-*
== SUBMITION (2019-04-16 19:38:15) 
-- CODE:
qdac=float(input("a quantidade de acai no copo"))
qtdg=int(input("a quantidade de salgados"))
valor=float(input("o valor pago em dinheiro"))
qdac=24
sal=3
x=qtdg/1000
total= sal * qtdg + x + qdac
print(round(tot, 2))
if valor>tot:
	prin("sim")
else:
    print("nao")
	
-- EXECUTION TIME:
0.191923
-- ERROR:
Traceback (most recent call last):
  File "/home/codebench/codes/1670/2974/main.py", line 8, in <module>
    print(round(tot, 2))
NameError: name 'tot' is not defined

*-*-*-*-*-*-*-*-*-*-*-*-*-*-*-*-*-*-*-*-*-*-*-*
== SUBMITION (2019-04-16 19:38:15) 
-- CODE:
qdac=float(input("a quantidade de acai no copo"))
qtdg=int(input("a quantidade de salgados"))
valor=float(input("o valor pago em dinheiro"))
qdac=24
sal=3
x=qtdg/1000
total= sal * qtdg + x + qdac
print(round(tot, 2))
if valor>tot:
	prin("sim")
else:
    print("nao")
	
-- EXECUTION TIME:
0.144128
-- ERROR:
Traceback (most recent call last):
  File "/home/codebench/codes/1670/2974/main.py", line 8, in <module>
    print(round(tot, 2))
NameError: name 'tot' is not defined

*-*-*-*-*-*-*-*-*-*-*-*-*-*-*-*-*-*-*-*-*-*-*-*
== SUBMITION (2019-04-16 19:38:23) 
-- CODE:
qdac=float(input("a quantidade de acai no copo"))
qtdg=int(input("a quantidade de salgados"))
valor=float(input("o valor pago em dinheiro"))
qdac=24
sal=3
x=qtdg/1000
total= sal * qtdg + x * qdac
print(round(tot, 2))
if valor>tot:
	prin("sim")
else:
    print("nao")
	
-- EXECUTION TIME:
0.193901
-- ERROR:
Traceback (most recent call last):
  File "/home/codebench/codes/1670/2974/main.py", line 8, in <module>
    print(round(tot, 2))
NameError: name 'tot' is not defined

*-*-*-*-*-*-*-*-*-*-*-*-*-*-*-*-*-*-*-*-*-*-*-*
== SUBMITION (2019-04-16 19:38:23) 
-- CODE:
qdac=float(input("a quantidade de acai no copo"))
qtdg=int(input("a quantidade de salgados"))
valor=float(input("o valor pago em dinheiro"))
qdac=24
sal=3
x=qtdg/1000
total= sal * qtdg + x * qdac
print(round(tot, 2))
if valor>tot:
	prin("sim")
else:
    print("nao")
	
-- EXECUTION TIME:
0.124356
-- ERROR:
Traceback (most recent call last):
  File "/home/codebench/codes/1670/2974/main.py", line 8, in <module>
    print(round(tot, 2))
NameError: name 'tot' is not defined

*-*-*-*-*-*-*-*-*-*-*-*-*-*-*-*-*-*-*-*-*-*-*-*
== SUBMITION (2019-04-16 19:38:28) 
-- CODE:
qdac=float(input("a quantidade de acai no copo"))
qtdg=int(input("a quantidade de salgados"))
valor=float(input("o valor pago em dinheiro"))
qdac=24
sal=3
x=qtdg/1000
total= sal * qtdg + x *qdac
print(round(tot, 2))
if valor>tot:
	prin("sim")
else:
    print("nao")
	
-- EXECUTION TIME:
0.188548
-- ERROR:
Traceback (most recent call last):
  File "/home/codebench/codes/1670/2974/main.py", line 8, in <module>
    print(round(tot, 2))
NameError: name 'tot' is not defined

*-*-*-*-*-*-*-*-*-*-*-*-*-*-*-*-*-*-*-*-*-*-*-*
== SUBMITION (2019-04-16 19:38:28) 
-- CODE:
qdac=float(input("a quantidade de acai no copo"))
qtdg=int(input("a quantidade de salgados"))
valor=float(input("o valor pago em dinheiro"))
qdac=24
sal=3
x=qtdg/1000
total= sal * qtdg + x *qdac
print(round(tot, 2))
if valor>tot:
	prin("sim")
else:
    print("nao")
	
-- EXECUTION TIME:
0.186157
-- ERROR:
Traceback (most recent call last):
  File "/home/codebench/codes/1670/2974/main.py", line 8, in <module>
    print(round(tot, 2))
NameError: name 'tot' is not defined

*-*-*-*-*-*-*-*-*-*-*-*-*-*-*-*-*-*-*-*-*-*-*-*
== SUBMITION (2019-04-16 19:38:29) 
-- CODE:
qdac=float(input("a quantidade de acai no copo"))
qtdg=int(input("a quantidade de salgados"))
valor=float(input("o valor pago em dinheiro"))
qdac=24
sal=3
x=qtdg/1000
total= sal * qtdg + x *qdac
print(round(tot, 2))
if valor>tot:
	prin("sim")
else:
    print("nao")
	
-- EXECUTION TIME:
0.212074
-- ERROR:
Traceback (most recent call last):
  File "/home/codebench/codes/1670/2974/main.py", line 8, in <module>
    print(round(tot, 2))
NameError: name 'tot' is not defined

*-*-*-*-*-*-*-*-*-*-*-*-*-*-*-*-*-*-*-*-*-*-*-*
== SUBMITION (2019-04-16 19:38:29) 
-- CODE:
qdac=float(input("a quantidade de acai no copo"))
qtdg=int(input("a quantidade de salgados"))
valor=float(input("o valor pago em dinheiro"))
qdac=24
sal=3
x=qtdg/1000
total= sal * qtdg + x *qdac
print(round(tot, 2))
if valor>tot:
	prin("sim")
else:
    print("nao")
	
-- EXECUTION TIME:
0.146586
-- ERROR:
Traceback (most recent call last):
  File "/home/codebench/codes/1670/2974/main.py", line 8, in <module>
    print(round(tot, 2))
NameError: name 'tot' is not defined

*-*-*-*-*-*-*-*-*-*-*-*-*-*-*-*-*-*-*-*-*-*-*-*
== SUBMITION (2019-04-16 19:40:36) 
-- CODE:
qdac=float(input("a quantidade de acai no copo:"))
qtdg=int(input("a quantidade de salgados:"))
valor=float(input("o valor pago em dinheiro:"))
qdac1=24
sal=3
x=qtdg/1000
total= sal * qtdg + x *qdac
print(round(tot, 2))
if valor>tot:
	prin("sim")
else:
    print("nao")
	
-- EXECUTION TIME:
0.17311
-- ERROR:
Traceback (most recent call last):
  File "/home/codebench/codes/1670/2974/main.py", line 8, in <module>
    print(round(tot, 2))
NameError: name 'tot' is not defined

*-*-*-*-*-*-*-*-*-*-*-*-*-*-*-*-*-*-*-*-*-*-*-*
== SUBMITION (2019-04-16 19:40:36) 
-- CODE:
qdac=float(input("a quantidade de acai no copo:"))
qtdg=int(input("a quantidade de salgados:"))
valor=float(input("o valor pago em dinheiro:"))
qdac1=24
sal=3
x=qtdg/1000
total= sal * qtdg + x *qdac
print(round(tot, 2))
if valor>tot:
	prin("sim")
else:
    print("nao")
	
-- EXECUTION TIME:
0.191562
-- ERROR:
Traceback (most recent call last):
  File "/home/codebench/codes/1670/2974/main.py", line 8, in <module>
    print(round(tot, 2))
NameError: name 'tot' is not defined

*-*-*-*-*-*-*-*-*-*-*-*-*-*-*-*-*-*-*-*-*-*-*-*
== SUBMITION (2019-04-16 19:40:36) 
-- CODE:
qdac=float(input("a quantidade de acai no copo:"))
qtdg=int(input("a quantidade de salgados:"))
valor=float(input("o valor pago em dinheiro:"))
qdac1=24
sal=3
x=qtdg/1000
total= sal * qtdg + x *qdac
print(round(tot, 2))
if valor>tot:
	prin("sim")
else:
    print("nao")
	
-- EXECUTION TIME:
0.242069
-- ERROR:
Traceback (most recent call last):
  File "/home/codebench/codes/1670/2974/main.py", line 8, in <module>
    print(round(tot, 2))
NameError: name 'tot' is not defined

*-*-*-*-*-*-*-*-*-*-*-*-*-*-*-*-*-*-*-*-*-*-*-*
== SUBMITION (2019-04-16 19:40:36) 
-- CODE:
qdac=float(input("a quantidade de acai no copo:"))
qtdg=int(input("a quantidade de salgados:"))
valor=float(input("o valor pago em dinheiro:"))
qdac1=24
sal=3
x=qtdg/1000
total= sal * qtdg + x *qdac
print(round(tot, 2))
if valor>tot:
	prin("sim")
else:
    print("nao")
	
-- EXECUTION TIME:
0.287239
-- ERROR:
Traceback (most recent call last):
  File "/home/codebench/codes/1670/2974/main.py", line 8, in <module>
    print(round(tot, 2))
NameError: name 'tot' is not defined

*-*-*-*-*-*-*-*-*-*-*-*-*-*-*-*-*-*-*-*-*-*-*-*
== SUBMITION (2019-04-16 19:41:06) 
-- CODE:
qtdg=float(input("a quantidade de acai no copo:"))
qtds=int(input("a quantidade de salgados:"))
valor=float(input("o valor pago em dinheiro:"))
qdac=24
sal=3
x=qtdg1/1000
total= sal * qtdg + x *qdac
print(round(tot, 2))
if valor>tot:
	prin("sim")
else:
    print("nao")
	
-- EXECUTION TIME:
0.183145
-- ERROR:
Traceback (most recent call last):
  File "/home/codebench/codes/1670/2974/main.py", line 6, in <module>
    x=qtdg1/1000
NameError: name 'qtdg1' is not defined

*-*-*-*-*-*-*-*-*-*-*-*-*-*-*-*-*-*-*-*-*-*-*-*
== SUBMITION (2019-04-16 19:41:06) 
-- CODE:
qtdg=float(input("a quantidade de acai no copo:"))
qtds=int(input("a quantidade de salgados:"))
valor=float(input("o valor pago em dinheiro:"))
qdac=24
sal=3
x=qtdg1/1000
total= sal * qtdg + x *qdac
print(round(tot, 2))
if valor>tot:
	prin("sim")
else:
    print("nao")
	
-- EXECUTION TIME:
0.207266
-- ERROR:
Traceback (most recent call last):
  File "/home/codebench/codes/1670/2974/main.py", line 6, in <module>
    x=qtdg1/1000
NameError: name 'qtdg1' is not defined

*-*-*-*-*-*-*-*-*-*-*-*-*-*-*-*-*-*-*-*-*-*-*-*
== SUBMITION (2019-04-16 19:41:14) 
-- CODE:
qtdg=float(input("a quantidade de acai no copo:"))
qtds=int(input("a quantidade de salgados:"))
valor=float(input("o valor pago em dinheiro:"))
qdac=24
sal=3
x=qtdag/1000
total= sal * qtdg + x *qdac
print(round(tot, 2))
if valor>tot:
	prin("sim")
else:
    print("nao")
	
-- EXECUTION TIME:
0.227112
-- ERROR:
Traceback (most recent call last):
  File "/home/codebench/codes/1670/2974/main.py", line 6, in <module>
    x=qtdag/1000
NameError: name 'qtdag' is not defined

*-*-*-*-*-*-*-*-*-*-*-*-*-*-*-*-*-*-*-*-*-*-*-*
== SUBMITION (2019-04-16 19:41:14) 
-- CODE:
qtdg=float(input("a quantidade de acai no copo:"))
qtds=int(input("a quantidade de salgados:"))
valor=float(input("o valor pago em dinheiro:"))
qdac=24
sal=3
x=qtdag/1000
total= sal * qtdg + x *qdac
print(round(tot, 2))
if valor>tot:
	prin("sim")
else:
    print("nao")
	
-- EXECUTION TIME:
0.183314
-- ERROR:
Traceback (most recent call last):
  File "/home/codebench/codes/1670/2974/main.py", line 6, in <module>
    x=qtdag/1000
NameError: name 'qtdag' is not defined

*-*-*-*-*-*-*-*-*-*-*-*-*-*-*-*-*-*-*-*-*-*-*-*
== SUBMITION (2019-04-16 19:41:14) 
-- CODE:
qtdg=float(input("a quantidade de acai no copo:"))
qtds=int(input("a quantidade de salgados:"))
valor=float(input("o valor pago em dinheiro:"))
qdac=24
sal=3
x=qtdag/1000
total= sal * qtdg + x *qdac
print(round(tot, 2))
if valor>tot:
	prin("sim")
else:
    print("nao")
	
-- EXECUTION TIME:
0.239248
-- ERROR:
sh: 1: cannot open /home/codebench/codes/1670/2974/cbtemp.txt: No such file

*-*-*-*-*-*-*-*-*-*-*-*-*-*-*-*-*-*-*-*-*-*-*-*
== SUBMITION (2019-04-16 19:41:25) 
-- CODE:
qtdg=float(input("a quantidade de acai no copo:"))
qtds=int(input("a quantidade de salgados:"))
valor=float(input("o valor pago em dinheiro:"))
qdac=24
sal=3
x=qtdg1/1000
total= sal * qtdg + x *qdac
print(round(tot, 2))
if valor>tot:
	prin("sim")
else:
    print("nao")
	
-- EXECUTION TIME:
0.178538
-- ERROR:
Traceback (most recent call last):
  File "/home/codebench/codes/1670/2974/main.py", line 6, in <module>
    x=qtdg1/1000
NameError: name 'qtdg1' is not defined

*-*-*-*-*-*-*-*-*-*-*-*-*-*-*-*-*-*-*-*-*-*-*-*
== SUBMITION (2019-04-16 19:41:26) 
-- CODE:
qtdg=float(input("a quantidade de acai no copo:"))
qtds=int(input("a quantidade de salgados:"))
valor=float(input("o valor pago em dinheiro:"))
qdac=24
sal=3
x=qtdg1/1000
total= sal * qtdg + x *qdac
print(round(tot, 2))
if valor>tot:
	prin("sim")
else:
    print("nao")
	
-- EXECUTION TIME:
0.132343
-- ERROR:
Traceback (most recent call last):
  File "/home/codebench/codes/1670/2974/main.py", line 6, in <module>
    x=qtdg1/1000
NameError: name 'qtdg1' is not defined

*-*-*-*-*-*-*-*-*-*-*-*-*-*-*-*-*-*-*-*-*-*-*-*
== SUBMITION (2019-04-16 19:41:39) 
-- CODE:
qtdg=float(input("a quantidade de acai no copo:"))
qtds=int(input("a quantidade de salgados:"))
valor=float(input("o valor pago em dinheiro:"))
qdac=24
sal=3
x=qtdg1/1000
total= sal * qtdg + x *qtdg1
print(round(tot, 2))
if valor>tot:
	prin("sim")
else:
    print("nao")
	
-- EXECUTION TIME:
0.160378
-- ERROR:
Traceback (most recent call last):
  File "/home/codebench/codes/1670/2974/main.py", line 6, in <module>
    x=qtdg1/1000
NameError: name 'qtdg1' is not defined

*-*-*-*-*-*-*-*-*-*-*-*-*-*-*-*-*-*-*-*-*-*-*-*
== SUBMITION (2019-04-16 19:41:39) 
-- CODE:
qtdg=float(input("a quantidade de acai no copo:"))
qtds=int(input("a quantidade de salgados:"))
valor=float(input("o valor pago em dinheiro:"))
qdac=24
sal=3
x=qtdg1/1000
total= sal * qtdg + x *qtdg1
print(round(tot, 2))
if valor>tot:
	prin("sim")
else:
    print("nao")
	
-- EXECUTION TIME:
0.198684
-- ERROR:
Traceback (most recent call last):
  File "/home/codebench/codes/1670/2974/main.py", line 6, in <module>
    x=qtdg1/1000
NameError: name 'qtdg1' is not defined

*-*-*-*-*-*-*-*-*-*-*-*-*-*-*-*-*-*-*-*-*-*-*-*
== SUBMITION (2019-04-16 19:41:40) 
-- CODE:
qtdg=float(input("a quantidade de acai no copo:"))
qtds=int(input("a quantidade de salgados:"))
valor=float(input("o valor pago em dinheiro:"))
qdac=24
sal=3
x=qtdg1/1000
total= sal * qtdg + x *qtdg1
print(round(tot, 2))
if valor>tot:
	prin("sim")
else:
    print("nao")
	
-- EXECUTION TIME:
0.411998
-- ERROR:
sh: 1: cannot open /home/codebench/codes/1670/2974/cbtemp.txt: No such file

*-*-*-*-*-*-*-*-*-*-*-*-*-*-*-*-*-*-*-*-*-*-*-*
== SUBMITION (2019-04-16 19:41:40) 
-- CODE:
qtdg=float(input("a quantidade de acai no copo:"))
qtds=int(input("a quantidade de salgados:"))
valor=float(input("o valor pago em dinheiro:"))
qdac=24
sal=3
x=qtdg1/1000
total= sal * qtdg + x *qtdg1
print(round(tot, 2))
if valor>tot:
	prin("sim")
else:
    print("nao")
	
-- EXECUTION TIME:
0.343918
-- ERROR:
Traceback (most recent call last):
  File "/home/codebench/codes/1670/2974/main.py", line 6, in <module>
    x=qtdg1/1000
NameError: name 'qtdg1' is not defined

*-*-*-*-*-*-*-*-*-*-*-*-*-*-*-*-*-*-*-*-*-*-*-*
== SUBMITION (2019-04-16 19:41:40) 
-- CODE:
qtdg=float(input("a quantidade de acai no copo:"))
qtds=int(input("a quantidade de salgados:"))
valor=float(input("o valor pago em dinheiro:"))
qdac=24
sal=3
x=qtdg1/1000
total= sal * qtdg + x *qtdg1
print(round(tot, 2))
if valor>tot:
	prin("sim")
else:
    print("nao")
	
-- EXECUTION TIME:
0.266677
-- ERROR:
Traceback (most recent call last):
  File "/home/codebench/codes/1670/2974/main.py", line 6, in <module>
    x=qtdg1/1000
NameError: name 'qtdg1' is not defined

*-*-*-*-*-*-*-*-*-*-*-*-*-*-*-*-*-*-*-*-*-*-*-*
== TEST (2019-04-16 19:42:04) 
-- CODE:
qtdg=float(input("a quantidade de acai no copo:"))
qtds=int(input("a quantidade de salgados:"))
valor=float(input("o valor pago em dinheiro:"))
qdac=24
sal=3
x=qtdg1/1000
total= sal * qtdg + x *qtdg1
print(round(tot, 2))
if valor>tot:
	prin("sim")
else:
    print("nao")
	
-- ERROR:
Traceback (most recent call last):
  File "XXXX", line 6, in <module>
    x=qtdg1/1000
NameError: name 'qtdg1' is not defined
*-*-*-*-*-*-*-*-*-*-*-*-*-*-*-*-*-*-*-*-*-*-*-*
== TEST (2019-04-16 19:42:27) 
-- CODE:
qtdg=float(input("a quantidade de acai no copo:"))
qtds=int(input("a quantidade de salgados:"))
valor=float(input("o valor pago em dinheiro:"))
qdac=24
sal=3
x=qtdg1/1000
total= sal * qtdg + x *qtdg1
print(round(tot, 2))
if valor>tot:
	prin("sim")
else:
    print("nao")
	
-- ERROR:
Traceback (most recent call last):
  File "XXXX", line 6, in <module>
    x=qtdg1/1000
NameError: name 'qtdg1' is not defined
*-*-*-*-*-*-*-*-*-*-*-*-*-*-*-*-*-*-*-*-*-*-*-*
== SUBMITION (2019-04-16 19:43:09) 
-- CODE:
qtdg=float(input("a quantidade de acai no copo:"))
qtds=int(input("a quantidade de salgados:"))
valor=float(input("o valor pago em dinheiro:"))
qtg1=24
sal=3
x=qtdg1/1000
total= sal * qtdg + x *qtg1
print(round(tot, 2))
if valor>tot:
	prin("sim")
else:
    print("nao")
	
-- EXECUTION TIME:
0.126077
-- ERROR:
Traceback (most recent call last):
  File "/home/codebench/codes/1670/2974/main.py", line 6, in <module>
    x=qtdg1/1000
NameError: name 'qtdg1' is not defined

*-*-*-*-*-*-*-*-*-*-*-*-*-*-*-*-*-*-*-*-*-*-*-*
== TEST (2019-04-16 19:43:09) 
-- CODE:
qtdg=float(input("a quantidade de acai no copo:"))
qtds=int(input("a quantidade de salgados:"))
valor=float(input("o valor pago em dinheiro:"))
qtg1=24
sal=3
x=qtdg1/1000
total= sal * qtdg + x *qtg1
print(round(tot, 2))
if valor>tot:
	prin("sim")
else:
    print("nao")
	
-- ERROR:
Traceback (most recent call last):
  File "XXXX", line 6, in <module>
    x=qtdg1/1000
NameError: name 'qtdg1' is not defined
*-*-*-*-*-*-*-*-*-*-*-*-*-*-*-*-*-*-*-*-*-*-*-*
== SUBMITION (2019-04-16 19:43:30) 
-- CODE:
qtdg=float(input("a quantidade de acai no copo:"))
qtds=int(input("a quantidade de salgados:"))
valor=float(input("o valor pago em dinheiro:"))
qtg1=24
sal=3
x=qtg1/1000
total= sal * qtdg + x *qtg1
print(round(tot, 2))
if valor>tot:
	prin("sim")
else:
    print("nao")
	
-- EXECUTION TIME:
0.156947
-- ERROR:
Traceback (most recent call last):
  File "/home/codebench/codes/1670/2974/main.py", line 8, in <module>
    print(round(tot, 2))
NameError: name 'tot' is not defined

*-*-*-*-*-*-*-*-*-*-*-*-*-*-*-*-*-*-*-*-*-*-*-*
== SUBMITION (2019-04-16 19:43:30) 
-- CODE:
qtdg=float(input("a quantidade de acai no copo:"))
qtds=int(input("a quantidade de salgados:"))
valor=float(input("o valor pago em dinheiro:"))
qtg1=24
sal=3
x=qtg1/1000
total= sal * qtdg + x *qtg1
print(round(tot, 2))
if valor>tot:
	prin("sim")
else:
    print("nao")
	
-- EXECUTION TIME:
0.140869
-- ERROR:
Traceback (most recent call last):
  File "/home/codebench/codes/1670/2974/main.py", line 8, in <module>
    print(round(tot, 2))
NameError: name 'tot' is not defined

*-*-*-*-*-*-*-*-*-*-*-*-*-*-*-*-*-*-*-*-*-*-*-*
== TEST (2019-04-16 19:43:30) 
-- CODE:
qtdg=float(input("a quantidade de acai no copo:"))
qtds=int(input("a quantidade de salgados:"))
valor=float(input("o valor pago em dinheiro:"))
qtg1=24
sal=3
x=qtg1/1000
total= sal * qtdg + x *qtg1
print(round(tot, 2))
if valor>tot:
	prin("sim")
else:
    print("nao")
	
-- ERROR:
Traceback (most recent call last):
  File "XXXX", line 8, in <module>
    print(round(tot, 2))
NameError: name 'tot' is not defined
*-*-*-*-*-*-*-*-*-*-*-*-*-*-*-*-*-*-*-*-*-*-*-*
== TEST (2019-04-16 19:44:39) 
-- CODE:
qtdg=float(input("a quantidade de acai no copo:"))
qtds=int(input("a quantidade de salgados:"))
valor=float(input("o valor pago:"))
qtg1=24
sal=3
x=qtg1/1000
total= sal * qtdg + x *qtg1
print(round(tot, 2))
if valor>tot:
	prin("sim")
else:
    print("nao")
	
-- ERROR:
Traceback (most recent call last):
  File "XXXX", line 8, in <module>
    print(round(tot, 2))
NameError: name 'tot' is not defined
*-*-*-*-*-*-*-*-*-*-*-*-*-*-*-*-*-*-*-*-*-*-*-*
== TEST (2019-04-16 19:44:59) 
-- CODE:
qtdg=float(input("a quantidade de acai no copo:"))
qtds=int(input("a quantidade de salgados:"))
valor=float(input("o valor pago:"))
qtg1=24
sal= 3
x=qtg1/1000
total= sal * qtdg + x *qtg1
print(round(tot, 2))
if valor>tot:
	prin("sim")
else:
    print("nao")
	
-- ERROR:
Traceback (most recent call last):
  File "XXXX", line 8, in <module>
    print(round(tot, 2))
NameError: name 'tot' is not defined
*-*-*-*-*-*-*-*-*-*-*-*-*-*-*-*-*-*-*-*-*-*-*-*
== TEST (2019-04-16 19:45:19) 
-- CODE:
qtdg=float(input("a quantidade de acai no copo:"))
qtds=int(input("a quantidade de salgados:"))
valor=float(input("o valor pago:"))
qtg1=24
sal= 3
x=qtg/1000
total= sal * qtdg + x *qtg1
print(round(tot, 2))
if valor>tot:
	prin("sim")
else:
    print("nao")
	
-- ERROR:
Traceback (most recent call last):
  File "XXXX", line 6, in <module>
    x=qtg/1000
NameError: name 'qtg' is not defined
*-*-*-*-*-*-*-*-*-*-*-*-*-*-*-*-*-*-*-*-*-*-*-*
== SUBMITION (2019-04-16 19:45:50) 
-- CODE:
qtdg=float(input("a quantidade de acai no copo:"))
qtds=int(input("a quantidade de salgados:"))
valor=float(input("o valor pago:"))
qtg1=24
sal= 3
x=qtg/1000
total= sal * qtdg + x *qtg1
print(round(tot, 2))
if valor>tot:
	prin("sim")
else:
    print("nao")
	
-- EXECUTION TIME:
0.124112
-- ERROR:
Traceback (most recent call last):
  File "/home/codebench/codes/1670/2974/main.py", line 6, in <module>
    x=qtg/1000
NameError: name 'qtg' is not defined

*-*-*-*-*-*-*-*-*-*-*-*-*-*-*-*-*-*-*-*-*-*-*-*
== TEST (2019-04-16 19:45:50) 
-- CODE:
qtdg=float(input("a quantidade de acai no copo:"))
qtds=int(input("a quantidade de salgados:"))
valor=float(input("o valor pago:"))
qtg1=24
sal= 3
x=qtg/1000
total= sal * qtdg + x *qtg1
print(round(tot, 2))
if valor>tot:
	prin("sim")
else:
    print("nao")
	
-- ERROR:
Traceback (most recent call last):
  File "XXXX", line 6, in <module>
    x=qtg/1000
NameError: name 'qtg' is not defined
*-*-*-*-*-*-*-*-*-*-*-*-*-*-*-*-*-*-*-*-*-*-*-*
== TEST (2019-04-16 19:46:47) 
-- CODE:
qtdg=float(input("a quantidade de acai no copo:"))
qtds=int(input("a quantidade de salgados:"))
valor=float(input("o valor pago:"))
qtg1=24
sal= 3
x=qtg1/1000
total= sal * qtdg + x *qtg1
print(round(tot, 2))
if valor>tot:
	prin("sim")
else:
    print("nao")
	
-- ERROR:
Traceback (most recent call last):
  File "XXXX", line 8, in <module>
    print(round(tot, 2))
NameError: name 'tot' is not defined
*-*-*-*-*-*-*-*-*-*-*-*-*-*-*-*-*-*-*-*-*-*-*-*
== TEST (2019-04-16 19:48:19) 
-- CODE:
qtdg=float(input("a quantidade de acai no copo:"))
qtds=int(input("a quantidade de salgados:"))
valor=float(input("o valor pago:"))
qtg1= 24
sal= 3
x=qtg1/1000
total= sal * qtdg + x *qtg1
print(round(total, 2))
if valor>total:
	prin("sim")
else:
    print("nao")
	
-- OUTPUT:
1500.58
nao
*-*-*-*-*-*-*-*-*-*-*-*-*-*-*-*-*-*-*-*-*-*-*-*
== TEST (2019-04-16 19:48:56) 
-- CODE:
qtdg=float(input("a quantidade de acai no copo:"))
qtds=int(input("a quantidade de salgados:"))
valor=float(input("o valor pago:"))
qtg1= 24
sal= 3
x=qtg1/1000
total= sal * qtdg + x *qtg1
print(round(total, 2))
if valor>total:
	prin("Sim")
else:
    print("Nao")
	
-- OUTPUT:
1500.58
Nao
*-*-*-*-*-*-*-*-*-*-*-*-*-*-*-*-*-*-*-*-*-*-*-*
== TEST (2019-04-16 19:49:08) 
-- CODE:
qtdg=float(input("a quantidade de acai no copo:"))
qtds=int(input("a quantidade de salgados:"))
valor=float(input("o valor pago:"))
qtg1= 24
sal= 3
x=qtg1/1000
total= sal * qtdg + x *qtg1
print(round(total, 2))
if valor>total:
	print("Sim")
else:
    print("Nao")
	
-- OUTPUT:
1500.58
Nao
*-*-*-*-*-*-*-*-*-*-*-*-*-*-*-*-*-*-*-*-*-*-*-*
== TEST (2019-04-16 19:50:07) 
-- CODE:
qtdg=float(input("a quantidade de acai no copo:"))
qtds=int(input("a quantidade de salgados:"))
valor=float(input("o valor pago:"))
qtg1= 24
sal= 3
x=qtgg/1000
total= sal * qtdg + x *qtg1
print(round(total, 2))
if valor>total:
	print("Sim")
else:
    print("Nao")
	
-- ERROR:
Traceback (most recent call last):
  File "XXXX", line 6, in <module>
    x=qtgg/1000
NameError: name 'qtgg' is not defined
*-*-*-*-*-*-*-*-*-*-*-*-*-*-*-*-*-*-*-*-*-*-*-*
== TEST (2019-04-16 19:50:43) 
-- CODE:
qtdg=float(input("a quantidade de acai no copo:"))
qtds=int(input("a quantidade de salgados:"))
valor=float(input("o valor pago:"))
qtg1= 24
sal= 3
x=qtdg/1000
total= sal * qtdg + x *qtg1
print(round(total, 2))
if valor>total:
	print("Sim")
else:
    print("Nao")
	
-- OUTPUT:
1512.0
Nao
*-*-*-*-*-*-*-*-*-*-*-*-*-*-*-*-*-*-*-*-*-*-*-*
== TEST (2019-04-16 19:52:28) 
-- CODE:
qtdg=float(input("a quantidade de acai no copo:"))
qtds=int(input("a quantidade de salgados:"))
valor=float(input("o valor pago:"))
qtg1= 24
sal= 3

total= sal * qtdg + x *qtg1
print(round(total, 2))
if valor>total:
	print("Sim")
else:
    print("Nao")
	
-- ERROR:
Traceback (most recent call last):
  File "XXXX", line 7, in <module>
    total= sal * qtdg + x *qtg1
NameError: name 'x' is not defined
*-*-*-*-*-*-*-*-*-*-*-*-*-*-*-*-*-*-*-*-*-*-*-*
== TEST (2019-04-16 19:53:19) 
-- CODE:
qtdg=float(input("a quantidade de acai no copo:"))
qtds=int(input("a quantidade de salgados:"))
valor=float(input("o valor pago:"))
qtg1= 24
sal= 3

total= sal + qtdg + x *qtg1
print(round(total, 2))
if valor>total:
	print("Sim")
else:
    print("Nao")
	
-- ERROR:
Traceback (most recent call last):
  File "XXXX", line 7, in <module>
    total= sal + qtdg + x *qtg1
NameError: name 'x' is not defined
*-*-*-*-*-*-*-*-*-*-*-*-*-*-*-*-*-*-*-*-*-*-*-*
== TEST (2019-04-16 19:54:08) 
-- CODE:
qtdg=float(input("a quantidade de acai no copo:"))
qtds=int(input("a quantidade de salgados:"))
valor=float(input("o valor pago:"))
qtg1= 24
sal= 3

total= sal + qtdg *qtg1
print(round(total, 2))
if valor>total:
	print("Sim")
else:
    print("Nao")
	
-- OUTPUT:
12003.0
Nao
*-*-*-*-*-*-*-*-*-*-*-*-*-*-*-*-*-*-*-*-*-*-*-*
== TEST (2019-04-16 19:55:27) 
-- CODE:
qtdg=float(input("a quantidade de acai no copo:"))
qtds=int(input("a quantidade de salgados:"))
valor=float(input("o valor pago:"))
qtg1= 24
sal= 3

total= sal*qtds + qtdg *qtg1
print(round(total, 2))
if valor>total:
	print("Sim")
else:
    print("Nao")
	
-- OUTPUT:
12003.0
Nao
*-*-*-*-*-*-*-*-*-*-*-*-*-*-*-*-*-*-*-*-*-*-*-*
== SUBMITION (2019-04-16 19:55:51) 
-- CODE:
qtdg=float(input("a quantidade de acai no copo:"))
qtds=int(input("a quantidade de salgados:"))
valor=float(input("o valor pago:"))
qtg1= 24
sal= 3

total= sal*qtds + qtdg *qtg1
print(round(total, 2))
if valor>total:
	print("Sim")
else:
    print("Nao")
	
-- EXECUTION TIME:
0.166548
-- TEST CASE 1:
---- input:
500
1
50
---- correct output:
15.0
Sim
---- user output:
12003.0
Nao
-- TEST CASE 2:
---- input:
0
2
10
---- correct output:
6.0
Sim
---- user output:
6.0
Sim
-- TEST CASE 3:
---- input:
200
0
4.8
---- correct output:
4.8
Nao
---- user output:
4800.0
Nao
-- GRADE:
0%
*-*-*-*-*-*-*-*-*-*-*-*-*-*-*-*-*-*-*-*-*-*-*-*
== TEST (2019-04-16 19:56:35) 
-- CODE:
qtdg=float(input("a quantidade de acai no copo:"))
qtds=int(input("a quantidade de salgados:"))
valor=float(input("o valor pago:"))
qtg1= 24
sal= 3

total= sal*qtds + qtdg *qtg1
print(round(total, 2))
if valor>total:
	print("Sim")
else:
    print("Nao")
	
-- OUTPUT:
12003.0
Nao
*-*-*-*-*-*-*-*-*-*-*-*-*-*-*-*-*-*-*-*-*-*-*-*
== TEST (2019-04-16 19:57:36) 
-- CODE:
qtdg=float(input("a quantidade de acai no copo:"))
qtds=int(input("a quantidade de salgados:"))
valor=float(input("o valor pago:"))
qtg1= 24
sal= 3

total= sal*qtds + qtdg *qtg1
print(round(total, 2))
if valor>total:
	print("Sim")
else:
    print("Nao")
	
-- OUTPUT:
12003.0
Nao
*-*-*-*-*-*-*-*-*-*-*-*-*-*-*-*-*-*-*-*-*-*-*-*
