2019-4-30 09:56:39.188#viewportChange#0
2019-4-30 09:56:46.073#viewportChange#0
2019-4-30 09:58:57.355#mousedown#{"isTrusted":true}
2019-4-30 09:58:57.366#focus#
2019-4-30 09:58:59.222#change#{"from":{"line":13,"ch":33,"sticky":"after"},"to":{"line":13,"ch":34,"sticky":"before","xRel":-1.90625},"text":[""],"removed":["a"],"origin":"+delete"}
2019-4-30 09:58:59.222#keyHandled#"Backspace"
2019-4-30 09:59:18.363#mousedown#{"isTrusted":true}
2019-4-30 09:59:21.011#change#{"from":{"line":21,"ch":0,"sticky":"after","xRel":3.09375},"to":{"line":22,"ch":24,"sticky":"before","xRel":1.984375},"text":[""],"removed":["else:","\tprint(\"Area: invalida\")"],"origin":"+delete"}
2019-4-30 09:59:21.011#keyHandled#"Backspace"
2019-4-30 09:59:21.014#viewportChange#0
2019-4-30 10:01:40.555#blur#
2019-4-30 10:01:44.090#dica_bullet#SyntaxError: invalid syntax
2019-4-30 10:01:53.552#mousedown#{"isTrusted":true}
2019-4-30 10:01:53.668#focus#
2019-4-30 10:01:56.425#change#{"from":{"line":12,"ch":19,"sticky":"after"},"to":{"line":12,"ch":20,"sticky":"after","xRel":1.09375},"text":[""],"removed":["I"],"origin":"+delete"}
2019-4-30 10:01:56.425#keyHandled#"Backspace"
2019-4-30 10:01:56.616#change#{"from":{"line":12,"ch":18,"sticky":"after"},"to":{"line":12,"ch":19,"sticky":null},"text":[""],"removed":["U"],"origin":"+delete"}
2019-4-30 10:01:56.616#keyHandled#"Backspace"
2019-4-30 10:01:56.951#change#{"from":{"line":12,"ch":17,"sticky":"after"},"to":{"line":12,"ch":18,"sticky":null},"text":[""],"removed":["Q"],"origin":"+delete"}
2019-4-30 10:01:56.951#keyHandled#"Backspace"
2019-4-30 10:01:57.140#change#{"from":{"line":12,"ch":16,"sticky":"after"},"to":{"line":12,"ch":17,"sticky":null},"text":[""],"removed":["A"],"origin":"+delete"}
2019-4-30 10:01:57.140#keyHandled#"Backspace"
2019-4-30 10:01:57.300#change#{"from":{"line":12,"ch":15,"sticky":"after"},"to":{"line":12,"ch":16,"sticky":null},"text":[""],"removed":[" "],"origin":"+delete"}
2019-4-30 10:01:57.300#keyHandled#"Backspace"
2019-4-30 10:01:57.452#change#{"from":{"line":12,"ch":14,"sticky":"after"},"to":{"line":12,"ch":15,"sticky":null},"text":[""],"removed":["E"],"origin":"+delete"}
2019-4-30 10:01:57.452#keyHandled#"Backspace"
2019-4-30 10:01:57.605#change#{"from":{"line":12,"ch":13,"sticky":"after"},"to":{"line":12,"ch":14,"sticky":null},"text":[""],"removed":["T"],"origin":"+delete"}
2019-4-30 10:01:57.605#keyHandled#"Backspace"
2019-4-30 10:01:57.769#change#{"from":{"line":12,"ch":12,"sticky":"after"},"to":{"line":12,"ch":13,"sticky":null},"text":[""],"removed":["E"],"origin":"+delete"}
2019-4-30 10:01:57.769#keyHandled#"Backspace"
2019-4-30 10:01:57.939#change#{"from":{"line":12,"ch":11,"sticky":"after"},"to":{"line":12,"ch":12,"sticky":null},"text":[""],"removed":["L"],"origin":"+delete"}
2019-4-30 10:01:57.939#keyHandled#"Backspace"
2019-4-30 10:01:58.118#change#{"from":{"line":12,"ch":10,"sticky":"after"},"to":{"line":12,"ch":11,"sticky":null},"text":[""],"removed":["P"],"origin":"+delete"}
2019-4-30 10:01:58.118#keyHandled#"Backspace"
2019-4-30 10:01:58.309#change#{"from":{"line":12,"ch":9,"sticky":"after"},"to":{"line":12,"ch":10,"sticky":null},"text":[""],"removed":["M"],"origin":"+delete"}
2019-4-30 10:01:58.309#keyHandled#"Backspace"
2019-4-30 10:01:58.600#change#{"from":{"line":12,"ch":8,"sticky":"after"},"to":{"line":12,"ch":9,"sticky":null},"text":[""],"removed":["O"],"origin":"+delete"}
2019-4-30 10:01:58.600#keyHandled#"Backspace"
2019-4-30 10:01:59.142#change#{"from":{"line":12,"ch":7,"sticky":"after"},"to":{"line":12,"ch":8,"sticky":null},"text":[""],"removed":["C"],"origin":"+delete"}
2019-4-30 10:01:59.142#keyHandled#"Backspace"
2019-4-30 10:01:59.501#change#{"from":{"line":12,"ch":6,"sticky":"after"},"to":{"line":12,"ch":7,"sticky":null},"text":[""],"removed":["_"],"origin":"+delete"}
2019-4-30 10:01:59.501#keyHandled#"Backspace"
2019-4-30 10:01:59.925#change#{"from":{"line":12,"ch":5,"sticky":"after"},"to":{"line":12,"ch":6,"sticky":null},"text":[""],"removed":["_"],"origin":"+delete"}
2019-4-30 10:01:59.925#keyHandled#"Backspace"
2019-4-30 10:02:00.202#change#{"from":{"line":12,"ch":4,"sticky":"after"},"to":{"line":12,"ch":5,"sticky":null},"text":[""],"removed":["_"],"origin":"+delete"}
2019-4-30 10:02:00.202#keyHandled#"Backspace"
2019-4-30 10:02:01.566#change#{"from":{"line":12,"ch":4,"sticky":null},"to":{"line":12,"ch":5,"sticky":"before"},"text":[""],"removed":["_"],"origin":"+delete"}
2019-4-30 10:02:01.566#keyHandled#"Delete"
2019-4-30 10:02:01.823#change#{"from":{"line":12,"ch":4,"sticky":null},"to":{"line":12,"ch":5,"sticky":"before"},"text":[""],"removed":["_"],"origin":"+delete"}
2019-4-30 10:02:01.823#keyHandled#"Delete"
2019-4-30 10:02:02.165#change#{"from":{"line":12,"ch":4,"sticky":null},"to":{"line":12,"ch":5,"sticky":"before"},"text":[""],"removed":["_"],"origin":"+delete"}
2019-4-30 10:02:02.165#keyHandled#"Delete"
2019-4-30 10:02:06.727#change#{"from":{"line":12,"ch":4,"sticky":null},"to":{"line":12,"ch":4,"sticky":null},"text":["a"],"removed":[""],"origin":"+input"}
2019-4-30 10:02:07.693#change#{"from":{"line":12,"ch":5,"sticky":null},"to":{"line":12,"ch":5,"sticky":null},"text":["."],"removed":[""],"origin":"+input"}
2019-4-30 10:02:08.617#change#{"from":{"line":12,"ch":5,"sticky":"after"},"to":{"line":12,"ch":6,"sticky":null},"text":[""],"removed":["."],"origin":"+delete"}
2019-4-30 10:02:08.617#keyHandled#"Backspace"
2019-4-30 10:02:09.787#change#{"from":{"line":12,"ch":5,"sticky":null},"to":{"line":12,"ch":5,"sticky":null},"text":[">"],"removed":[""],"origin":"+input"}
2019-4-30 10:02:17.054#change#{"from":{"line":12,"ch":6,"sticky":null},"to":{"line":12,"ch":6,"sticky":null},"text":["0"],"removed":[""],"origin":"+input"}
2019-4-30 10:02:39.513#mousedown#{"isTrusted":true}
2019-4-30 10:02:41.443#change#{"from":{"line":12,"ch":5,"sticky":"after","xRel":2.625},"to":{"line":12,"ch":6,"sticky":"before"},"text":[""],"removed":[">"],"origin":"+delete"}
2019-4-30 10:02:41.443#keyHandled#"Delete"
2019-4-30 10:02:43.146#change#{"from":{"line":12,"ch":5,"sticky":null},"to":{"line":12,"ch":5,"sticky":null},"text":["<"],"removed":[""],"origin":"+input"}
2019-4-30 10:02:45.549#keyHandled#"Right"
2019-4-30 10:02:46.444#keyHandled#"Right"
2019-4-30 10:02:47.767#change#{"from":{"line":12,"ch":8,"sticky":"before"},"to":{"line":12,"ch":8,"sticky":"before"},"text":["o"],"removed":[""],"origin":"+input"}
2019-4-30 10:02:48.011#change#{"from":{"line":12,"ch":9,"sticky":null},"to":{"line":12,"ch":9,"sticky":null},"text":["i"],"removed":[""],"origin":"+input"}
2019-4-30 10:02:49.099#change#{"from":{"line":12,"ch":9,"sticky":"after"},"to":{"line":12,"ch":10,"sticky":null},"text":[""],"removed":["i"],"origin":"+delete"}
2019-4-30 10:02:49.099#keyHandled#"Backspace"
2019-4-30 10:02:50.174#change#{"from":{"line":12,"ch":9,"sticky":null},"to":{"line":12,"ch":9,"sticky":null},"text":["r"],"removed":[""],"origin":"+input"}
2019-4-30 10:02:53.024#change#{"from":{"line":12,"ch":10,"sticky":null},"to":{"line":12,"ch":10,"sticky":null},"text":["("],"removed":[""],"origin":"+input"}
2019-4-30 10:02:55.458#change#{"from":{"line":12,"ch":11,"sticky":null},"to":{"line":12,"ch":11,"sticky":null},"text":["b"],"removed":[""],"origin":"+input"}
2019-4-30 10:02:56.679#change#{"from":{"line":12,"ch":12,"sticky":null},"to":{"line":12,"ch":12,"sticky":null},"text":["<"],"removed":[""],"origin":"+input"}
2019-4-30 10:02:58.398#change#{"from":{"line":12,"ch":13,"sticky":null},"to":{"line":12,"ch":13,"sticky":null},"text":["0"],"removed":[""],"origin":"+input"}
2019-4-30 10:02:59.944#change#{"from":{"line":12,"ch":14,"sticky":null},"to":{"line":12,"ch":14,"sticky":null},"text":[")"],"removed":[""],"origin":"+input"}
2019-4-30 10:03:01.856#change#{"from":{"line":12,"ch":15,"sticky":null},"to":{"line":12,"ch":15,"sticky":null},"text":["o"],"removed":[""],"origin":"+input"}
2019-4-30 10:03:02.822#change#{"from":{"line":12,"ch":16,"sticky":null},"to":{"line":12,"ch":16,"sticky":null},"text":["r"],"removed":[""],"origin":"+input"}
2019-4-30 10:03:04.448#change#{"from":{"line":12,"ch":17,"sticky":null},"to":{"line":12,"ch":17,"sticky":null},"text":["("],"removed":[""],"origin":"+input"}
2019-4-30 10:03:06.057#change#{"from":{"line":12,"ch":18,"sticky":null},"to":{"line":12,"ch":18,"sticky":null},"text":["c"],"removed":[""],"origin":"+input"}
2019-4-30 10:03:06.989#change#{"from":{"line":12,"ch":19,"sticky":null},"to":{"line":12,"ch":19,"sticky":null},"text":[","],"removed":[""],"origin":"+input"}
2019-4-30 10:03:07.994#change#{"from":{"line":12,"ch":19,"sticky":"after"},"to":{"line":12,"ch":20,"sticky":null},"text":[""],"removed":[","],"origin":"+delete"}
2019-4-30 10:03:07.995#keyHandled#"Backspace"
2019-4-30 10:03:09.563#change#{"from":{"line":12,"ch":19,"sticky":null},"to":{"line":12,"ch":19,"sticky":null},"text":["<"],"removed":[""],"origin":"+input"}
2019-4-30 10:03:10.202#change#{"from":{"line":12,"ch":20,"sticky":null},"to":{"line":12,"ch":20,"sticky":null},"text":["0"],"removed":[""],"origin":"+input"}
2019-4-30 10:03:11.347#change#{"from":{"line":12,"ch":21,"sticky":null},"to":{"line":12,"ch":21,"sticky":null},"text":[")"],"removed":[""],"origin":"+input"}
2019-4-30 10:03:17.609#mousedown#{"isTrusted":true}
2019-4-30 10:03:20.304#change#{"from":{"line":12,"ch":23,"sticky":"before","xRel":23.203125},"to":{"line":12,"ch":23,"sticky":"before","xRel":23.203125},"text":["",""],"removed":[""],"origin":"+input"}
2019-4-30 10:03:20.304#change#{"from":{"line":13,"ch":0,"sticky":null},"to":{"line":13,"ch":0,"sticky":null},"text":["\t"],"removed":[""],"origin":"+input"}
2019-4-30 10:03:20.304#keyHandled#"Enter"
2019-4-30 10:03:20.309#viewportChange#0
2019-4-30 10:03:21.887#change#{"from":{"line":13,"ch":1,"sticky":null},"to":{"line":13,"ch":1,"sticky":null},"text":["p"],"removed":[""],"origin":"+input"}
2019-4-30 10:03:22.152#change#{"from":{"line":13,"ch":2,"sticky":null},"to":{"line":13,"ch":2,"sticky":null},"text":["r"],"removed":[""],"origin":"+input"}
2019-4-30 10:03:22.336#change#{"from":{"line":13,"ch":3,"sticky":null},"to":{"line":13,"ch":3,"sticky":null},"text":["i"],"removed":[""],"origin":"+input"}
2019-4-30 10:03:22.769#change#{"from":{"line":13,"ch":4,"sticky":null},"to":{"line":13,"ch":4,"sticky":null},"text":["n"],"removed":[""],"origin":"+input"}
2019-4-30 10:03:22.943#change#{"from":{"line":13,"ch":5,"sticky":null},"to":{"line":13,"ch":5,"sticky":null},"text":["t"],"removed":[""],"origin":"+input"}
2019-4-30 10:03:27.083#change#{"from":{"line":13,"ch":6,"sticky":null},"to":{"line":13,"ch":6,"sticky":null},"text":["()"],"removed":[""],"origin":"+input"}
2019-4-30 10:03:27.083#keyHandled#"'('"
2019-4-30 10:03:28.435#change#{"from":{"line":13,"ch":7,"sticky":"after"},"to":{"line":13,"ch":7,"sticky":"after"},"text":["\"\""],"removed":[""],"origin":"+input"}
2019-4-30 10:03:28.435#keyHandled#"'\"'"
2019-4-30 10:03:35.666#change#{"from":{"line":13,"ch":8,"sticky":"after"},"to":{"line":13,"ch":8,"sticky":"after"},"text":["A"],"removed":[""],"origin":"+input"}
2019-4-30 10:03:36.699#change#{"from":{"line":13,"ch":9,"sticky":null},"to":{"line":13,"ch":9,"sticky":null},"text":["r"],"removed":[""],"origin":"+input"}
2019-4-30 10:03:36.903#change#{"from":{"line":13,"ch":10,"sticky":null},"to":{"line":13,"ch":10,"sticky":null},"text":["e"],"removed":[""],"origin":"+input"}
2019-4-30 10:03:37.338#change#{"from":{"line":13,"ch":11,"sticky":null},"to":{"line":13,"ch":11,"sticky":null},"text":["a"],"removed":[""],"origin":"+input"}
2019-4-30 10:03:38.017#change#{"from":{"line":13,"ch":12,"sticky":null},"to":{"line":13,"ch":12,"sticky":null},"text":[":"],"removed":[""],"origin":"+input"}
2019-4-30 10:03:39.236#change#{"from":{"line":13,"ch":13,"sticky":null},"to":{"line":13,"ch":13,"sticky":null},"text":[" "],"removed":[""],"origin":"+input"}
2019-4-30 10:03:40.835#change#{"from":{"line":13,"ch":14,"sticky":null},"to":{"line":13,"ch":14,"sticky":null},"text":["i"],"removed":[""],"origin":"+input"}
2019-4-30 10:03:41.241#change#{"from":{"line":13,"ch":15,"sticky":null},"to":{"line":13,"ch":15,"sticky":null},"text":["n"],"removed":[""],"origin":"+input"}
2019-4-30 10:03:41.530#change#{"from":{"line":13,"ch":16,"sticky":null},"to":{"line":13,"ch":16,"sticky":null},"text":["v"],"removed":[""],"origin":"+input"}
2019-4-30 10:03:42.114#change#{"from":{"line":13,"ch":17,"sticky":null},"to":{"line":13,"ch":17,"sticky":null},"text":["a"],"removed":[""],"origin":"+input"}
2019-4-30 10:03:42.379#change#{"from":{"line":13,"ch":18,"sticky":null},"to":{"line":13,"ch":18,"sticky":null},"text":["l"],"removed":[""],"origin":"+input"}
2019-4-30 10:03:42.687#change#{"from":{"line":13,"ch":19,"sticky":null},"to":{"line":13,"ch":19,"sticky":null},"text":["i"],"removed":[""],"origin":"+input"}
2019-4-30 10:03:42.898#change#{"from":{"line":13,"ch":20,"sticky":null},"to":{"line":13,"ch":20,"sticky":null},"text":["d"],"removed":[""],"origin":"+input"}
2019-4-30 10:03:43.121#change#{"from":{"line":13,"ch":21,"sticky":null},"to":{"line":13,"ch":21,"sticky":null},"text":["a"],"removed":[""],"origin":"+input"}
2019-4-30 10:04:01.932#blur#
2019-4-30 10:04:29.400#focus#
2019-4-30 10:04:32.636#mousedown#{"isTrusted":true}
2019-4-30 10:04:36.101#change#{"from":{"line":15,"ch":23,"sticky":"after"},"to":{"line":15,"ch":24,"sticky":"before","xRel":-3.90625},"text":[""],"removed":["_"],"origin":"+delete"}
2019-4-30 10:04:36.101#keyHandled#"Backspace"
2019-4-30 10:04:36.321#change#{"from":{"line":15,"ch":22,"sticky":"after"},"to":{"line":15,"ch":23,"sticky":null},"text":[""],"removed":["_"],"origin":"+delete"}
2019-4-30 10:04:36.321#keyHandled#"Backspace"
2019-4-30 10:04:36.519#change#{"from":{"line":15,"ch":21,"sticky":"after"},"to":{"line":15,"ch":22,"sticky":null},"text":[""],"removed":["_"],"origin":"+delete"}
2019-4-30 10:04:36.519#keyHandled#"Backspace"
2019-4-30 10:04:36.701#change#{"from":{"line":15,"ch":20,"sticky":"after"},"to":{"line":15,"ch":21,"sticky":null},"text":[""],"removed":["I"],"origin":"+delete"}
2019-4-30 10:04:36.701#keyHandled#"Backspace"
2019-4-30 10:04:36.875#change#{"from":{"line":15,"ch":19,"sticky":"after"},"to":{"line":15,"ch":20,"sticky":null},"text":[""],"removed":["U"],"origin":"+delete"}
2019-4-30 10:04:36.875#keyHandled#"Backspace"
2019-4-30 10:04:37.057#change#{"from":{"line":15,"ch":18,"sticky":"after"},"to":{"line":15,"ch":19,"sticky":null},"text":[""],"removed":["Q"],"origin":"+delete"}
2019-4-30 10:04:37.057#keyHandled#"Backspace"
2019-4-30 10:04:37.251#change#{"from":{"line":15,"ch":17,"sticky":"after"},"to":{"line":15,"ch":18,"sticky":null},"text":[""],"removed":["A"],"origin":"+delete"}
2019-4-30 10:04:37.251#keyHandled#"Backspace"
2019-4-30 10:04:37.436#change#{"from":{"line":15,"ch":16,"sticky":"after"},"to":{"line":15,"ch":17,"sticky":null},"text":[""],"removed":[" "],"origin":"+delete"}
2019-4-30 10:04:37.436#keyHandled#"Backspace"
2019-4-30 10:04:37.584#change#{"from":{"line":15,"ch":15,"sticky":"after"},"to":{"line":15,"ch":16,"sticky":null},"text":[""],"removed":["E"],"origin":"+delete"}
2019-4-30 10:04:37.584#keyHandled#"Backspace"
2019-4-30 10:04:37.749#change#{"from":{"line":15,"ch":14,"sticky":"after"},"to":{"line":15,"ch":15,"sticky":null},"text":[""],"removed":["T"],"origin":"+delete"}
2019-4-30 10:04:37.750#keyHandled#"Backspace"
2019-4-30 10:04:37.944#change#{"from":{"line":15,"ch":13,"sticky":"after"},"to":{"line":15,"ch":14,"sticky":null},"text":[""],"removed":["E"],"origin":"+delete"}
2019-4-30 10:04:37.944#keyHandled#"Backspace"
2019-4-30 10:04:38.112#change#{"from":{"line":15,"ch":12,"sticky":"after"},"to":{"line":15,"ch":13,"sticky":null},"text":[""],"removed":["L"],"origin":"+delete"}
2019-4-30 10:04:38.112#keyHandled#"Backspace"
2019-4-30 10:04:38.290#change#{"from":{"line":15,"ch":11,"sticky":"after"},"to":{"line":15,"ch":12,"sticky":null},"text":[""],"removed":["P"],"origin":"+delete"}
2019-4-30 10:04:38.290#keyHandled#"Backspace"
2019-4-30 10:04:38.468#change#{"from":{"line":15,"ch":10,"sticky":"after"},"to":{"line":15,"ch":11,"sticky":null},"text":[""],"removed":["M"],"origin":"+delete"}
2019-4-30 10:04:38.468#keyHandled#"Backspace"
2019-4-30 10:04:38.651#change#{"from":{"line":15,"ch":9,"sticky":"after"},"to":{"line":15,"ch":10,"sticky":null},"text":[""],"removed":["O"],"origin":"+delete"}
2019-4-30 10:04:38.651#keyHandled#"Backspace"
2019-4-30 10:04:38.853#change#{"from":{"line":15,"ch":8,"sticky":"after"},"to":{"line":15,"ch":9,"sticky":null},"text":[""],"removed":["C"],"origin":"+delete"}
2019-4-30 10:04:38.853#keyHandled#"Backspace"
2019-4-30 10:04:39.050#change#{"from":{"line":15,"ch":7,"sticky":"after"},"to":{"line":15,"ch":8,"sticky":null},"text":[""],"removed":["_"],"origin":"+delete"}
2019-4-30 10:04:39.050#keyHandled#"Backspace"
2019-4-30 10:04:39.239#change#{"from":{"line":15,"ch":6,"sticky":"after"},"to":{"line":15,"ch":7,"sticky":null},"text":[""],"removed":["_"],"origin":"+delete"}
2019-4-30 10:04:39.239#keyHandled#"Backspace"
2019-4-30 10:04:39.686#change#{"from":{"line":15,"ch":5,"sticky":"after"},"to":{"line":15,"ch":6,"sticky":null},"text":[""],"removed":["_"],"origin":"+delete"}
2019-4-30 10:04:39.686#keyHandled#"Backspace"
2019-4-30 10:04:47.473#change#{"from":{"line":15,"ch":5,"sticky":null},"to":{"line":15,"ch":5,"sticky":null},"text":["a"],"removed":[""],"origin":"+input"}
2019-4-30 10:04:47.983#change#{"from":{"line":15,"ch":6,"sticky":null},"to":{"line":15,"ch":6,"sticky":null},"text":["="],"removed":[""],"origin":"+input"}
2019-4-30 10:04:48.626#change#{"from":{"line":15,"ch":6,"sticky":"after"},"to":{"line":15,"ch":7,"sticky":null},"text":[""],"removed":["="],"origin":"+delete"}
2019-4-30 10:04:48.626#keyHandled#"Backspace"
2019-4-30 10:04:49.657#change#{"from":{"line":15,"ch":6,"sticky":null},"to":{"line":15,"ch":6,"sticky":null},"text":["+"],"removed":[""],"origin":"+input"}
2019-4-30 10:04:50.825#change#{"from":{"line":15,"ch":7,"sticky":null},"to":{"line":15,"ch":7,"sticky":null},"text":["b"],"removed":[""],"origin":"+input"}
2019-4-30 10:04:54.008#change#{"from":{"line":15,"ch":8,"sticky":null},"to":{"line":15,"ch":8,"sticky":null},"text":[">"],"removed":[""],"origin":"+input"}
2019-4-30 10:04:55.541#change#{"from":{"line":15,"ch":9,"sticky":null},"to":{"line":15,"ch":9,"sticky":null},"text":["c"],"removed":[""],"origin":"+input"}
2019-4-30 10:05:01.333#blur#
2019-4-30 10:05:01.333#blur#
2019-4-30 10:05:03.430#saida_testar#$ python3 main.py
2019-4-30 10:05:03.430#saida_testar#$ python3 main.py
2019-4-30 10:06:00.066#submit#Your code did not produce the correct output. Please, correct your code and try again.
2019-4-30 10:06:30.265#mousedown#{"isTrusted":true}
2019-4-30 10:06:30.271#focus#
2019-4-30 10:06:39.864#mousedown#{"isTrusted":true}
2019-4-30 10:06:39.966#blur#
2019-4-30 10:06:39.970#contextmenu#{"isTrusted":true}
2019-4-30 10:06:39.972#focus#
2019-4-30 10:06:41.372#copy#{"isTrusted":true}
2019-4-30 10:06:45.001#mousedown#{"isTrusted":true}
2019-4-30 10:06:59.161#mousedown#{"isTrusted":true}
2019-4-30 10:07:02.422#change#{"from":{"line":18,"ch":23,"sticky":"before","xRel":1.34375},"to":{"line":18,"ch":23,"sticky":"before","xRel":1.34375},"text":["",""],"removed":[""],"origin":"+input"}
2019-4-30 10:07:02.422#change#{"from":{"line":19,"ch":0,"sticky":null},"to":{"line":19,"ch":0,"sticky":null},"text":["\t\t"],"removed":[""],"origin":"+input"}
2019-4-30 10:07:02.422#keyHandled#"Enter"
2019-4-30 10:07:02.426#viewportChange#0
2019-4-30 10:07:05.521#change#{"from":{"line":19,"ch":2,"sticky":null},"to":{"line":19,"ch":2,"sticky":null},"text":["print(\"Entradas:\", a, \",\", b, \",\", c)"],"removed":[""],"origin":"paste"}
2019-4-30 10:07:10.265#mousedown#{"isTrusted":true}
2019-4-30 10:07:12.119#change#{"from":{"line":9,"ch":0,"sticky":"after","xRel":3.09375},"to":{"line":9,"ch":37,"sticky":"before","xRel":18.40625},"text":[""],"removed":["print(\"Entradas:\", a, \",\", b, \",\", c)"],"origin":"+delete"}
2019-4-30 10:07:12.119#keyHandled#"Backspace"
2019-4-30 10:07:13.652#change#{"from":{"line":8,"ch":0,"sticky":"before"},"to":{"line":9,"ch":0,"sticky":null},"text":[""],"removed":["",""],"origin":"+delete"}
2019-4-30 10:07:13.652#keyHandled#"Backspace"
2019-4-30 10:07:13.658#viewportChange#0
2019-4-30 10:07:15.144#change#{"from":{"line":8,"ch":0,"sticky":null},"to":{"line":9,"ch":0,"sticky":"after"},"text":[""],"removed":["",""],"origin":"+delete"}
2019-4-30 10:07:15.144#keyHandled#"Delete"
2019-4-30 10:07:15.148#viewportChange#0
2019-4-30 10:07:17.806#blur#
2019-4-30 10:07:17.806#blur#
2019-4-30 10:07:19.671#saida_testar#$ python3 main.py
2019-4-30 10:09:25.369#mousedown#{"isTrusted":true}
2019-4-30 10:09:25.404#focus#
2019-4-30 10:09:27.511#change#{"from":{"line":10,"ch":8,"sticky":"after","xRel":1.09375},"to":{"line":10,"ch":8,"sticky":"after","xRel":1.09375},"text":[" "],"removed":[""],"origin":"+input"}
2019-4-30 10:09:28.465#mousedown#{"isTrusted":true}
2019-4-30 10:09:29.055#change#{"from":{"line":10,"ch":11,"sticky":"before","xRel":-1.53125},"to":{"line":10,"ch":11,"sticky":"before","xRel":-1.53125},"text":[" "],"removed":[""],"origin":"+input"}
2019-4-30 10:09:29.833#mousedown#{"isTrusted":true}
2019-4-30 10:09:30.300#change#{"from":{"line":10,"ch":17,"sticky":"after","xRel":1.09375},"to":{"line":10,"ch":17,"sticky":"after","xRel":1.09375},"text":[" "],"removed":[""],"origin":"+input"}
2019-4-30 10:09:31.345#change#{"from":{"line":10,"ch":20,"sticky":"before","xRel":-0.765625},"to":{"line":10,"ch":20,"sticky":"before","xRel":-0.765625},"text":[" "],"removed":[""],"origin":"+input"}
2019-4-30 10:09:42.203#mousedown#{"isTrusted":true}
2019-4-30 10:09:43.257#change#{"from":{"line":10,"ch":0,"sticky":"after","xRel":2.09375},"to":{"line":10,"ch":0,"sticky":"after","xRel":2.09375},"text":[" "],"removed":[""],"origin":"+input"}
2019-4-30 10:09:49.011#change#{"from":{"line":10,"ch":0,"sticky":"after"},"to":{"line":10,"ch":1,"sticky":null},"text":[""],"removed":[" "],"origin":"+delete"}
2019-4-30 10:09:49.011#keyHandled#"Backspace"
2019-4-30 10:13:22.421#viewportChange#0
2019-4-30 10:13:46.304#viewportChange#0
2019-4-30 10:13:46.304#viewportChange#0
2019-4-30 10:14:33.898#mousedown#{"isTrusted":true}
2019-4-30 10:14:33.939#focus#
2019-4-30 10:14:37.680#change#{"from":{"line":12,"ch":1,"sticky":"after","xRel":2.09375},"to":{"line":12,"ch":51,"sticky":"before","xRel":10.140625},"text":[""],"removed":["# Testa se medidas correspondem as de um triangulo"],"origin":"+delete"}
2019-4-30 10:14:37.680#keyHandled#"Backspace"
2019-4-30 10:14:39.890#change#{"from":{"line":12,"ch":0,"sticky":"after"},"to":{"line":12,"ch":1,"sticky":null},"text":[""],"removed":["\t"],"origin":"+delete"}
2019-4-30 10:14:39.890#keyHandled#"Backspace"
2019-4-30 10:14:41.298#change#{"from":{"line":12,"ch":0,"sticky":null},"to":{"line":12,"ch":0,"sticky":null},"text":["e"],"removed":[""],"origin":"+input"}
2019-4-30 10:14:41.565#change#{"from":{"line":12,"ch":1,"sticky":null},"to":{"line":12,"ch":1,"sticky":null},"text":["l"],"removed":[""],"origin":"+input"}
2019-4-30 10:14:41.821#change#{"from":{"line":12,"ch":2,"sticky":null},"to":{"line":12,"ch":2,"sticky":null},"text":["s"],"removed":[""],"origin":"+input"}
2019-4-30 10:14:42.077#change#{"from":{"line":12,"ch":3,"sticky":null},"to":{"line":12,"ch":3,"sticky":null},"text":["e"],"removed":[""],"origin":"+input"}
2019-4-30 10:14:42.769#change#{"from":{"line":12,"ch":4,"sticky":null},"to":{"line":12,"ch":4,"sticky":null},"text":[":"],"removed":[""],"origin":"+input"}
2019-4-30 10:14:55.368#mousedown#{"isTrusted":true}
2019-4-30 10:14:59.494#change#{"from":{"line":13,"ch":11,"sticky":"after","xRel":0.09375},"to":{"line":13,"ch":11,"sticky":"after","xRel":0.09375},"text":["o"],"removed":[""],"origin":"+input"}
2019-4-30 10:14:59.677#change#{"from":{"line":13,"ch":12,"sticky":null},"to":{"line":13,"ch":12,"sticky":null},"text":["r"],"removed":[""],"origin":"+input"}
2019-4-30 10:15:00.641#change#{"from":{"line":13,"ch":13,"sticky":null},"to":{"line":13,"ch":13,"sticky":null},"text":[" "],"removed":[""],"origin":"+input"}
2019-4-30 10:15:01.929#change#{"from":{"line":13,"ch":13,"sticky":"after"},"to":{"line":13,"ch":14,"sticky":null},"text":[""],"removed":[" "],"origin":"+delete"}
2019-4-30 10:15:01.929#keyHandled#"Backspace"
2019-4-30 10:15:02.164#change#{"from":{"line":13,"ch":12,"sticky":"after"},"to":{"line":13,"ch":13,"sticky":null},"text":[""],"removed":["r"],"origin":"+delete"}
2019-4-30 10:15:02.164#keyHandled#"Backspace"
2019-4-30 10:15:02.505#change#{"from":{"line":13,"ch":11,"sticky":"after"},"to":{"line":13,"ch":12,"sticky":null},"text":[""],"removed":["o"],"origin":"+delete"}
2019-4-30 10:15:02.505#keyHandled#"Backspace"
2019-4-30 10:15:02.917#change#{"from":{"line":13,"ch":11,"sticky":null},"to":{"line":13,"ch":11,"sticky":null},"text":[" "],"removed":[""],"origin":"+input"}
2019-4-30 10:15:04.125#change#{"from":{"line":13,"ch":12,"sticky":null},"to":{"line":13,"ch":12,"sticky":null},"text":["o"],"removed":[""],"origin":"+input"}
2019-4-30 10:15:04.274#change#{"from":{"line":13,"ch":13,"sticky":null},"to":{"line":13,"ch":13,"sticky":null},"text":["r"],"removed":[""],"origin":"+input"}
2019-4-30 10:15:05.141#change#{"from":{"line":13,"ch":14,"sticky":null},"to":{"line":13,"ch":14,"sticky":null},"text":[" "],"removed":[""],"origin":"+input"}
2019-4-30 10:15:07.284#change#{"from":{"line":13,"ch":15,"sticky":null},"to":{"line":13,"ch":15,"sticky":null},"text":["("],"removed":[""],"origin":"+input"}
2019-4-30 10:15:08.913#change#{"from":{"line":13,"ch":16,"sticky":null},"to":{"line":13,"ch":16,"sticky":null},"text":["a"],"removed":[""],"origin":"+input"}
2019-4-30 10:15:15.599#change#{"from":{"line":13,"ch":17,"sticky":null},"to":{"line":13,"ch":17,"sticky":null},"text":["+"],"removed":[""],"origin":"+input"}
2019-4-30 10:15:17.188#change#{"from":{"line":13,"ch":18,"sticky":null},"to":{"line":13,"ch":18,"sticky":null},"text":["c"],"removed":[""],"origin":"+input"}
2019-4-30 10:15:26.492#change#{"from":{"line":13,"ch":19,"sticky":null},"to":{"line":13,"ch":19,"sticky":null},"text":[">"],"removed":[""],"origin":"+input"}
2019-4-30 10:15:29.079#change#{"from":{"line":13,"ch":20,"sticky":null},"to":{"line":13,"ch":20,"sticky":null},"text":["b"],"removed":[""],"origin":"+input"}
2019-4-30 10:15:31.870#change#{"from":{"line":13,"ch":21,"sticky":null},"to":{"line":13,"ch":21,"sticky":null},"text":[")"],"removed":[""],"origin":"+input"}
2019-4-30 10:15:32.777#change#{"from":{"line":13,"ch":22,"sticky":null},"to":{"line":13,"ch":22,"sticky":null},"text":[" "],"removed":[""],"origin":"+input"}
2019-4-30 10:15:33.823#change#{"from":{"line":13,"ch":23,"sticky":null},"to":{"line":13,"ch":23,"sticky":null},"text":["o"],"removed":[""],"origin":"+input"}
2019-4-30 10:15:33.973#change#{"from":{"line":13,"ch":24,"sticky":null},"to":{"line":13,"ch":24,"sticky":null},"text":["r"],"removed":[""],"origin":"+input"}
2019-4-30 10:15:34.668#change#{"from":{"line":13,"ch":25,"sticky":null},"to":{"line":13,"ch":25,"sticky":null},"text":[" "],"removed":[""],"origin":"+input"}
2019-4-30 10:15:40.251#change#{"from":{"line":13,"ch":26,"sticky":null},"to":{"line":13,"ch":26,"sticky":null},"text":["("],"removed":[""],"origin":"+input"}
2019-4-30 10:15:41.723#change#{"from":{"line":13,"ch":27,"sticky":null},"to":{"line":13,"ch":27,"sticky":null},"text":["b"],"removed":[""],"origin":"+input"}
2019-4-30 10:15:45.502#change#{"from":{"line":13,"ch":28,"sticky":null},"to":{"line":13,"ch":28,"sticky":null},"text":["+"],"removed":[""],"origin":"+input"}
2019-4-30 10:15:46.955#change#{"from":{"line":13,"ch":29,"sticky":null},"to":{"line":13,"ch":29,"sticky":null},"text":["c"],"removed":[""],"origin":"+input"}
2019-4-30 10:15:50.964#change#{"from":{"line":13,"ch":30,"sticky":null},"to":{"line":13,"ch":30,"sticky":null},"text":[">"],"removed":[""],"origin":"+input"}
2019-4-30 10:15:52.114#change#{"from":{"line":13,"ch":31,"sticky":null},"to":{"line":13,"ch":31,"sticky":null},"text":["a"],"removed":[""],"origin":"+input"}
2019-4-30 10:15:53.698#change#{"from":{"line":13,"ch":32,"sticky":null},"to":{"line":13,"ch":32,"sticky":null},"text":[")"],"removed":[""],"origin":"+input"}
2019-4-30 10:15:56.566#blur#
2019-4-30 10:15:56.566#blur#
2019-4-30 10:15:58.142#saida_testar#$ python3 main.py
2019-4-30 10:15:58.142#saida_testar#$ python3 main.py
2019-4-30 10:17:22.089#saida_testar#$ python3 main.py
2019-4-30 10:18:18.834#mousedown#{"isTrusted":true}
2019-4-30 10:18:18.868#focus#
2019-4-30 10:18:24.481#mousedown#{"isTrusted":true}
2019-4-30 10:18:26.108#change#{"from":{"line":13,"ch":13,"sticky":"after"},"to":{"line":13,"ch":14,"sticky":"before","xRel":-0.90625},"text":[""],"removed":["r"],"origin":"+delete"}
2019-4-30 10:18:26.108#keyHandled#"Backspace"
2019-4-30 10:18:26.846#change#{"from":{"line":13,"ch":12,"sticky":"after"},"to":{"line":13,"ch":13,"sticky":null},"text":[""],"removed":["o"],"origin":"+delete"}
2019-4-30 10:18:26.846#keyHandled#"Backspace"
2019-4-30 10:18:27.680#change#{"from":{"line":13,"ch":12,"sticky":null},"to":{"line":13,"ch":12,"sticky":null},"text":["a"],"removed":[""],"origin":"+input"}
2019-4-30 10:18:27.945#change#{"from":{"line":13,"ch":13,"sticky":null},"to":{"line":13,"ch":13,"sticky":null},"text":["n"],"removed":[""],"origin":"+input"}
2019-4-30 10:18:28.086#change#{"from":{"line":13,"ch":14,"sticky":null},"to":{"line":13,"ch":14,"sticky":null},"text":["d"],"removed":[""],"origin":"+input"}
2019-4-30 10:18:29.392#keyHandled#"Right"
2019-4-30 10:18:29.623#keyHandled#"Right"
2019-4-30 10:18:29.788#keyHandled#"Right"
2019-4-30 10:18:29.981#keyHandled#"Right"
2019-4-30 10:18:30.129#keyHandled#"Right"
2019-4-30 10:18:30.296#keyHandled#"Right"
2019-4-30 10:18:30.478#keyHandled#"Right"
2019-4-30 10:18:30.629#keyHandled#"Right"
2019-4-30 10:18:30.898#keyHandled#"Right"
2019-4-30 10:18:31.180#keyHandled#"Right"
2019-4-30 10:18:31.635#keyHandled#"Right"
2019-4-30 10:18:32.405#change#{"from":{"line":13,"ch":25,"sticky":"after"},"to":{"line":13,"ch":26,"sticky":"before"},"text":[""],"removed":["r"],"origin":"+delete"}
2019-4-30 10:18:32.405#keyHandled#"Backspace"
2019-4-30 10:18:32.686#change#{"from":{"line":13,"ch":24,"sticky":"after"},"to":{"line":13,"ch":25,"sticky":null},"text":[""],"removed":["o"],"origin":"+delete"}
2019-4-30 10:18:32.686#keyHandled#"Backspace"
2019-4-30 10:18:33.453#change#{"from":{"line":13,"ch":24,"sticky":null},"to":{"line":13,"ch":24,"sticky":null},"text":["a"],"removed":[""],"origin":"+input"}
2019-4-30 10:18:34.213#change#{"from":{"line":13,"ch":25,"sticky":null},"to":{"line":13,"ch":25,"sticky":null},"text":["n"],"removed":[""],"origin":"+input"}
2019-4-30 10:18:34.366#change#{"from":{"line":13,"ch":26,"sticky":null},"to":{"line":13,"ch":26,"sticky":null},"text":["d"],"removed":[""],"origin":"+input"}
2019-4-30 10:18:36.538#blur#
2019-4-30 10:18:36.538#blur#
2019-4-30 10:18:38.010#saida_testar#$ python3 main.py
2019-4-30 10:18:53.625#mousedown#{"isTrusted":true}
2019-4-30 10:18:53.662#focus#
2019-4-30 10:18:59.355#change#{"from":{"line":19,"ch":6,"sticky":"before","xRel":17.53125},"to":{"line":19,"ch":6,"sticky":"before","xRel":17.53125},"text":["",""],"removed":[""],"origin":"+input"}
2019-4-30 10:18:59.355#change#{"from":{"line":20,"ch":0,"sticky":null},"to":{"line":20,"ch":0,"sticky":null},"text":["\t\t"],"removed":[""],"origin":"+input"}
2019-4-30 10:18:59.355#keyHandled#"Enter"
2019-4-30 10:18:59.359#viewportChange#0
2019-4-30 10:19:01.266#change#{"from":{"line":20,"ch":2,"sticky":null},"to":{"line":20,"ch":2,"sticky":null},"text":["p"],"removed":[""],"origin":"+input"}
2019-4-30 10:19:01.458#change#{"from":{"line":20,"ch":3,"sticky":null},"to":{"line":20,"ch":3,"sticky":null},"text":["r"],"removed":[""],"origin":"+input"}
2019-4-30 10:19:01.711#change#{"from":{"line":20,"ch":4,"sticky":null},"to":{"line":20,"ch":4,"sticky":null},"text":["i"],"removed":[""],"origin":"+input"}
2019-4-30 10:19:02.148#change#{"from":{"line":20,"ch":5,"sticky":null},"to":{"line":20,"ch":5,"sticky":null},"text":["n"],"removed":[""],"origin":"+input"}
2019-4-30 10:19:02.331#change#{"from":{"line":20,"ch":6,"sticky":null},"to":{"line":20,"ch":6,"sticky":null},"text":["t"],"removed":[""],"origin":"+input"}
2019-4-30 10:19:04.068#change#{"from":{"line":20,"ch":7,"sticky":null},"to":{"line":20,"ch":7,"sticky":null},"text":["()"],"removed":[""],"origin":"+input"}
2019-4-30 10:19:04.068#keyHandled#"'('"
2019-4-30 10:19:08.122#change#{"from":{"line":20,"ch":6,"sticky":"after"},"to":{"line":20,"ch":7,"sticky":null},"text":[""],"removed":["t"],"origin":"+delete"}
2019-4-30 10:19:08.122#keyHandled#"Backspace"
2019-4-30 10:19:08.306#change#{"from":{"line":20,"ch":5,"sticky":"after"},"to":{"line":20,"ch":6,"sticky":null},"text":[""],"removed":["n"],"origin":"+delete"}
2019-4-30 10:19:08.306#keyHandled#"Backspace"
2019-4-30 10:19:08.617#change#{"from":{"line":20,"ch":4,"sticky":"after"},"to":{"line":20,"ch":5,"sticky":null},"text":[""],"removed":["i"],"origin":"+delete"}
2019-4-30 10:19:08.617#keyHandled#"Backspace"
2019-4-30 10:19:08.909#change#{"from":{"line":20,"ch":3,"sticky":"after"},"to":{"line":20,"ch":4,"sticky":null},"text":[""],"removed":["r"],"origin":"+delete"}
2019-4-30 10:19:08.909#keyHandled#"Backspace"
2019-4-30 10:19:09.373#change#{"from":{"line":20,"ch":2,"sticky":"after"},"to":{"line":20,"ch":3,"sticky":null},"text":[""],"removed":["p"],"origin":"+delete"}
2019-4-30 10:19:09.373#keyHandled#"Backspace"
2019-4-30 10:19:10.926#change#{"from":{"line":20,"ch":2,"sticky":null},"to":{"line":20,"ch":2,"sticky":null},"text":["print(\"Entradas:\", a, \",\", b, \",\", c)"],"removed":[""],"origin":"paste"}
2019-4-30 10:19:13.897#blur#
2019-4-30 10:19:13.897#blur#
2019-4-30 10:19:16.268#saida_testar#$ python3 main.py
2019-4-30 10:19:16.268#saida_testar#$ python3 main.py
2019-4-30 10:19:29.707#submit#Your code did not produce the correct output. Please, correct your code and try again.
2019-4-30 10:19:57.994#mousedown#{"isTrusted":true}
2019-4-30 10:19:58.001#focus#
2019-4-30 10:20:00.429#change#{"from":{"line":10,"ch":27,"sticky":"before","xRel":4.390625},"to":{"line":10,"ch":27,"sticky":"before","xRel":4.390625},"text":["",""],"removed":[""],"origin":"+input"}
2019-4-30 10:20:00.429#change#{"from":{"line":11,"ch":0,"sticky":null},"to":{"line":11,"ch":0,"sticky":null},"text":["\t"],"removed":[""],"origin":"+input"}
2019-4-30 10:20:00.429#keyHandled#"Enter"
2019-4-30 10:20:00.435#viewportChange#0
2019-4-30 10:20:03.784#change#{"from":{"line":11,"ch":1,"sticky":null},"to":{"line":11,"ch":1,"sticky":null},"text":["print(\"Entradas:\", a, \",\", b, \",\", c)"],"removed":[""],"origin":"paste"}
2019-4-30 10:20:09.645#blur#
