2019-5-23 18:43:29.932#viewportChange#0
2019-5-23 18:43:49.588#mousedown#{"isTrusted":true}
2019-5-23 18:43:49.611#focus#
2019-5-23 18:44:10.141#change#{"from":{"line":1,"ch":64,"sticky":"after"},"to":{"line":1,"ch":65,"sticky":"before","xRel":96.4000244140625},"text":[""],"removed":[" "],"origin":"+delete"}
2019-5-23 18:44:10.141#keyHandled#"Backspace"
2019-5-23 18:44:10.639#change#{"from":{"line":1,"ch":63,"sticky":"after"},"to":{"line":1,"ch":64,"sticky":null},"text":[""],"removed":["o"],"origin":"+delete"}
2019-5-23 18:44:10.640#keyHandled#"Backspace"
2019-5-23 18:44:10.689#change#{"from":{"line":1,"ch":62,"sticky":"after"},"to":{"line":1,"ch":63,"sticky":null},"text":[""],"removed":["l"],"origin":"+delete"}
2019-5-23 18:44:10.689#keyHandled#"Backspace"
2019-5-23 18:44:10.740#change#{"from":{"line":1,"ch":61,"sticky":"after"},"to":{"line":1,"ch":62,"sticky":null},"text":[""],"removed":["p"],"origin":"+delete"}
2019-5-23 18:44:10.740#keyHandled#"Backspace"
2019-5-23 18:44:10.789#change#{"from":{"line":1,"ch":60,"sticky":"after"},"to":{"line":1,"ch":61,"sticky":null},"text":[""],"removed":["m"],"origin":"+delete"}
2019-5-23 18:44:10.789#keyHandled#"Backspace"
2019-5-23 18:44:10.839#change#{"from":{"line":1,"ch":59,"sticky":"after"},"to":{"line":1,"ch":60,"sticky":null},"text":[""],"removed":["e"],"origin":"+delete"}
2019-5-23 18:44:10.839#keyHandled#"Backspace"
2019-5-23 18:44:10.889#change#{"from":{"line":1,"ch":58,"sticky":"after"},"to":{"line":1,"ch":59,"sticky":null},"text":[""],"removed":["x"],"origin":"+delete"}
2019-5-23 18:44:10.889#keyHandled#"Backspace"
2019-5-23 18:44:10.939#change#{"from":{"line":1,"ch":57,"sticky":"after"},"to":{"line":1,"ch":58,"sticky":null},"text":[""],"removed":["e"],"origin":"+delete"}
2019-5-23 18:44:10.939#keyHandled#"Backspace"
2019-5-23 18:44:10.990#change#{"from":{"line":1,"ch":56,"sticky":"after"},"to":{"line":1,"ch":57,"sticky":null},"text":[""],"removed":[" "],"origin":"+delete"}
2019-5-23 18:44:10.990#keyHandled#"Backspace"
2019-5-23 18:44:11.040#change#{"from":{"line":1,"ch":55,"sticky":"after"},"to":{"line":1,"ch":56,"sticky":null},"text":[""],"removed":["e"],"origin":"+delete"}
2019-5-23 18:44:11.040#keyHandled#"Backspace"
2019-5-23 18:44:11.090#change#{"from":{"line":1,"ch":54,"sticky":"after"},"to":{"line":1,"ch":55,"sticky":null},"text":[""],"removed":["d"],"origin":"+delete"}
2019-5-23 18:44:11.090#keyHandled#"Backspace"
2019-5-23 18:44:11.140#change#{"from":{"line":1,"ch":53,"sticky":"after"},"to":{"line":1,"ch":54,"sticky":null},"text":[""],"removed":[" "],"origin":"+delete"}
2019-5-23 18:44:11.140#keyHandled#"Backspace"
2019-5-23 18:44:11.191#change#{"from":{"line":1,"ch":52,"sticky":"after"},"to":{"line":1,"ch":53,"sticky":null},"text":[""],"removed":["a"],"origin":"+delete"}
2019-5-23 18:44:11.191#keyHandled#"Backspace"
2019-5-23 18:44:11.241#change#{"from":{"line":1,"ch":51,"sticky":"after"},"to":{"line":1,"ch":52,"sticky":null},"text":[""],"removed":["d"],"origin":"+delete"}
2019-5-23 18:44:11.241#keyHandled#"Backspace"
2019-5-23 18:44:11.291#change#{"from":{"line":1,"ch":50,"sticky":"after"},"to":{"line":1,"ch":51,"sticky":null},"text":[""],"removed":["a"],"origin":"+delete"}
2019-5-23 18:44:11.291#keyHandled#"Backspace"
2019-5-23 18:44:11.341#change#{"from":{"line":1,"ch":49,"sticky":"after"},"to":{"line":1,"ch":50,"sticky":null},"text":[""],"removed":["r"],"origin":"+delete"}
2019-5-23 18:44:11.341#keyHandled#"Backspace"
2019-5-23 18:44:11.392#change#{"from":{"line":1,"ch":48,"sticky":"after"},"to":{"line":1,"ch":49,"sticky":null},"text":[""],"removed":["t"],"origin":"+delete"}
2019-5-23 18:44:11.392#keyHandled#"Backspace"
2019-5-23 18:44:11.442#change#{"from":{"line":1,"ch":47,"sticky":"after"},"to":{"line":1,"ch":48,"sticky":null},"text":[""],"removed":["n"],"origin":"+delete"}
2019-5-23 18:44:11.442#keyHandled#"Backspace"
2019-5-23 18:44:11.492#change#{"from":{"line":1,"ch":46,"sticky":"after"},"to":{"line":1,"ch":47,"sticky":null},"text":[""],"removed":["e"],"origin":"+delete"}
2019-5-23 18:44:11.492#keyHandled#"Backspace"
2019-5-23 18:44:11.543#change#{"from":{"line":1,"ch":45,"sticky":"after"},"to":{"line":1,"ch":46,"sticky":null},"text":[""],"removed":[" "],"origin":"+delete"}
2019-5-23 18:44:11.543#keyHandled#"Backspace"
2019-5-23 18:44:11.592#change#{"from":{"line":1,"ch":44,"sticky":"after"},"to":{"line":1,"ch":45,"sticky":null},"text":[""],"removed":["a"],"origin":"+delete"}
2019-5-23 18:44:11.592#keyHandled#"Backspace"
2019-5-23 18:44:11.643#change#{"from":{"line":1,"ch":43,"sticky":"after"},"to":{"line":1,"ch":44,"sticky":null},"text":[""],"removed":[" "],"origin":"+delete"}
2019-5-23 18:44:11.643#keyHandled#"Backspace"
2019-5-23 18:44:11.693#change#{"from":{"line":1,"ch":42,"sticky":"after"},"to":{"line":1,"ch":43,"sticky":null},"text":[""],"removed":["r"],"origin":"+delete"}
2019-5-23 18:44:11.693#keyHandled#"Backspace"
2019-5-23 18:44:11.744#change#{"from":{"line":1,"ch":41,"sticky":"after"},"to":{"line":1,"ch":42,"sticky":null},"text":[""],"removed":["a"],"origin":"+delete"}
2019-5-23 18:44:11.744#keyHandled#"Backspace"
2019-5-23 18:44:11.794#change#{"from":{"line":1,"ch":40,"sticky":"after"},"to":{"line":1,"ch":41,"sticky":null},"text":[""],"removed":["l"],"origin":"+delete"}
2019-5-23 18:44:11.794#keyHandled#"Backspace"
2019-5-23 18:44:11.844#change#{"from":{"line":1,"ch":39,"sticky":"after"},"to":{"line":1,"ch":40,"sticky":null},"text":[""],"removed":["o"],"origin":"+delete"}
2019-5-23 18:44:11.844#keyHandled#"Backspace"
2019-5-23 18:44:11.893#change#{"from":{"line":1,"ch":38,"sticky":"after"},"to":{"line":1,"ch":39,"sticky":null},"text":[""],"removed":["c"],"origin":"+delete"}
2019-5-23 18:44:11.893#keyHandled#"Backspace"
2019-5-23 18:44:11.943#change#{"from":{"line":1,"ch":37,"sticky":"after"},"to":{"line":1,"ch":38,"sticky":null},"text":[""],"removed":["/"],"origin":"+delete"}
2019-5-23 18:44:11.944#keyHandled#"Backspace"
2019-5-23 18:44:11.993#change#{"from":{"line":1,"ch":36,"sticky":"after"},"to":{"line":1,"ch":37,"sticky":null},"text":[""],"removed":["r"],"origin":"+delete"}
2019-5-23 18:44:11.993#keyHandled#"Backspace"
2019-5-23 18:44:12.044#change#{"from":{"line":1,"ch":35,"sticky":"after"},"to":{"line":1,"ch":36,"sticky":null},"text":[""],"removed":["a"],"origin":"+delete"}
2019-5-23 18:44:12.044#keyHandled#"Backspace"
2019-5-23 18:44:12.093#change#{"from":{"line":1,"ch":34,"sticky":"after"},"to":{"line":1,"ch":35,"sticky":null},"text":[""],"removed":["i"],"origin":"+delete"}
2019-5-23 18:44:12.093#keyHandled#"Backspace"
2019-5-23 18:44:12.143#change#{"from":{"line":1,"ch":33,"sticky":"after"},"to":{"line":1,"ch":34,"sticky":null},"text":[""],"removed":["p"],"origin":"+delete"}
2019-5-23 18:44:12.143#keyHandled#"Backspace"
2019-5-23 18:44:12.193#change#{"from":{"line":1,"ch":32,"sticky":"after"},"to":{"line":1,"ch":33,"sticky":null},"text":[""],"removed":["o"],"origin":"+delete"}
2019-5-23 18:44:12.193#keyHandled#"Backspace"
2019-5-23 18:44:12.243#change#{"from":{"line":1,"ch":31,"sticky":"after"},"to":{"line":1,"ch":32,"sticky":null},"text":[""],"removed":["c"],"origin":"+delete"}
2019-5-23 18:44:12.243#keyHandled#"Backspace"
2019-5-23 18:44:12.293#change#{"from":{"line":1,"ch":30,"sticky":"after"},"to":{"line":1,"ch":31,"sticky":null},"text":[""],"removed":[" "],"origin":"+delete"}
2019-5-23 18:44:12.293#keyHandled#"Backspace"
2019-5-23 18:44:12.343#change#{"from":{"line":1,"ch":29,"sticky":"after"},"to":{"line":1,"ch":30,"sticky":null},"text":[""],"removed":["a"],"origin":"+delete"}
2019-5-23 18:44:12.343#keyHandled#"Backspace"
2019-5-23 18:44:12.394#change#{"from":{"line":1,"ch":28,"sticky":"after"},"to":{"line":1,"ch":29,"sticky":null},"text":[""],"removed":["r"],"origin":"+delete"}
2019-5-23 18:44:12.394#keyHandled#"Backspace"
2019-5-23 18:44:12.444#change#{"from":{"line":1,"ch":27,"sticky":"after"},"to":{"line":1,"ch":28,"sticky":null},"text":[""],"removed":["a"],"origin":"+delete"}
2019-5-23 18:44:12.444#keyHandled#"Backspace"
2019-5-23 18:44:12.494#change#{"from":{"line":1,"ch":26,"sticky":"after"},"to":{"line":1,"ch":27,"sticky":null},"text":[""],"removed":["p"],"origin":"+delete"}
2019-5-23 18:44:12.494#keyHandled#"Backspace"
2019-5-23 18:44:12.545#change#{"from":{"line":1,"ch":25,"sticky":"after"},"to":{"line":1,"ch":26,"sticky":null},"text":[""],"removed":[" "],"origin":"+delete"}
2019-5-23 18:44:12.545#keyHandled#"Backspace"
2019-5-23 18:44:12.596#change#{"from":{"line":1,"ch":24,"sticky":"after"},"to":{"line":1,"ch":25,"sticky":null},"text":[""],"removed":[","],"origin":"+delete"}
2019-5-23 18:44:12.597#keyHandled#"Backspace"
2019-5-23 18:44:12.645#change#{"from":{"line":1,"ch":23,"sticky":"after"},"to":{"line":1,"ch":24,"sticky":null},"text":[""],"removed":["e"],"origin":"+delete"}
2019-5-23 18:44:12.646#keyHandled#"Backspace"
2019-5-23 18:44:12.695#change#{"from":{"line":1,"ch":22,"sticky":"after"},"to":{"line":1,"ch":23,"sticky":null},"text":[""],"removed":["m"],"origin":"+delete"}
2019-5-23 18:44:12.695#keyHandled#"Backspace"
2019-5-23 18:44:12.744#change#{"from":{"line":1,"ch":21,"sticky":"after"},"to":{"line":1,"ch":22,"sticky":null},"text":[""],"removed":["o"],"origin":"+delete"}
2019-5-23 18:44:12.744#keyHandled#"Backspace"
2019-5-23 18:44:12.795#change#{"from":{"line":1,"ch":20,"sticky":"after"},"to":{"line":1,"ch":21,"sticky":null},"text":[""],"removed":["r"],"origin":"+delete"}
2019-5-23 18:44:12.795#keyHandled#"Backspace"
2019-5-23 18:44:12.845#change#{"from":{"line":1,"ch":19,"sticky":"after"},"to":{"line":1,"ch":20,"sticky":null},"text":[""],"removed":["h"],"origin":"+delete"}
2019-5-23 18:44:12.845#keyHandled#"Backspace"
2019-5-23 18:44:12.895#change#{"from":{"line":1,"ch":18,"sticky":"after"},"to":{"line":1,"ch":19,"sticky":null},"text":[""],"removed":["C"],"origin":"+delete"}
2019-5-23 18:44:12.895#keyHandled#"Backspace"
2019-5-23 18:44:12.944#change#{"from":{"line":1,"ch":17,"sticky":"after"},"to":{"line":1,"ch":18,"sticky":null},"text":[""],"removed":[" "],"origin":"+delete"}
2019-5-23 18:44:12.944#keyHandled#"Backspace"
2019-5-23 18:44:12.994#change#{"from":{"line":1,"ch":16,"sticky":"after"},"to":{"line":1,"ch":17,"sticky":null},"text":[""],"removed":["r"],"origin":"+delete"}
2019-5-23 18:44:12.994#keyHandled#"Backspace"
2019-5-23 18:44:13.045#change#{"from":{"line":1,"ch":15,"sticky":"after"},"to":{"line":1,"ch":16,"sticky":null},"text":[""],"removed":["o"],"origin":"+delete"}
2019-5-23 18:44:13.045#keyHandled#"Backspace"
2019-5-23 18:44:13.096#change#{"from":{"line":1,"ch":14,"sticky":"after"},"to":{"line":1,"ch":15,"sticky":null},"text":[""],"removed":["d"],"origin":"+delete"}
2019-5-23 18:44:13.096#keyHandled#"Backspace"
2019-5-23 18:44:13.145#change#{"from":{"line":1,"ch":13,"sticky":"after"},"to":{"line":1,"ch":14,"sticky":null},"text":[""],"removed":["a"],"origin":"+delete"}
2019-5-23 18:44:13.145#keyHandled#"Backspace"
2019-5-23 18:44:13.196#change#{"from":{"line":1,"ch":12,"sticky":"after"},"to":{"line":1,"ch":13,"sticky":null},"text":[""],"removed":["g"],"origin":"+delete"}
2019-5-23 18:44:13.196#keyHandled#"Backspace"
2019-5-23 18:44:13.245#change#{"from":{"line":1,"ch":11,"sticky":"after"},"to":{"line":1,"ch":12,"sticky":null},"text":[""],"removed":["e"],"origin":"+delete"}
2019-5-23 18:44:13.245#keyHandled#"Backspace"
2019-5-23 18:44:13.296#change#{"from":{"line":1,"ch":10,"sticky":"after"},"to":{"line":1,"ch":11,"sticky":null},"text":[""],"removed":["v"],"origin":"+delete"}
2019-5-23 18:44:13.296#keyHandled#"Backspace"
2019-5-23 18:44:13.345#change#{"from":{"line":1,"ch":9,"sticky":"after"},"to":{"line":1,"ch":10,"sticky":null},"text":[""],"removed":["a"],"origin":"+delete"}
2019-5-23 18:44:13.345#keyHandled#"Backspace"
2019-5-23 18:44:13.395#change#{"from":{"line":1,"ch":8,"sticky":"after"},"to":{"line":1,"ch":9,"sticky":null},"text":[""],"removed":["n"],"origin":"+delete"}
2019-5-23 18:44:13.395#keyHandled#"Backspace"
2019-5-23 18:44:13.446#change#{"from":{"line":1,"ch":7,"sticky":"after"},"to":{"line":1,"ch":8,"sticky":null},"text":[""],"removed":[" "],"origin":"+delete"}
2019-5-23 18:44:13.446#keyHandled#"Backspace"
2019-5-23 18:44:13.496#change#{"from":{"line":1,"ch":6,"sticky":"after"},"to":{"line":1,"ch":7,"sticky":null},"text":[""],"removed":["o"],"origin":"+delete"}
2019-5-23 18:44:13.496#keyHandled#"Backspace"
2019-5-23 18:44:13.546#change#{"from":{"line":1,"ch":5,"sticky":"after"},"to":{"line":1,"ch":6,"sticky":null},"text":[""],"removed":[" "],"origin":"+delete"}
2019-5-23 18:44:13.546#keyHandled#"Backspace"
2019-5-23 18:44:13.595#change#{"from":{"line":1,"ch":4,"sticky":"after"},"to":{"line":1,"ch":5,"sticky":null},"text":[""],"removed":["e"],"origin":"+delete"}
2019-5-23 18:44:13.595#keyHandled#"Backspace"
2019-5-23 18:44:13.645#change#{"from":{"line":1,"ch":3,"sticky":"after"},"to":{"line":1,"ch":4,"sticky":null},"text":[""],"removed":["s"],"origin":"+delete"}
2019-5-23 18:44:13.645#keyHandled#"Backspace"
2019-5-23 18:44:13.695#change#{"from":{"line":1,"ch":2,"sticky":"after"},"to":{"line":1,"ch":3,"sticky":null},"text":[""],"removed":["U"],"origin":"+delete"}
2019-5-23 18:44:13.695#keyHandled#"Backspace"
2019-5-23 18:44:13.745#change#{"from":{"line":1,"ch":1,"sticky":"after"},"to":{"line":1,"ch":2,"sticky":null},"text":[""],"removed":[" "],"origin":"+delete"}
2019-5-23 18:44:13.745#keyHandled#"Backspace"
2019-5-23 18:44:13.795#change#{"from":{"line":1,"ch":0,"sticky":"after"},"to":{"line":1,"ch":1,"sticky":null},"text":[""],"removed":["#"],"origin":"+delete"}
2019-5-23 18:44:13.795#keyHandled#"Backspace"
2019-5-23 18:44:13.845#change#{"from":{"line":0,"ch":42,"sticky":"before"},"to":{"line":1,"ch":0,"sticky":null},"text":[""],"removed":["",""],"origin":"+delete"}
2019-5-23 18:44:13.845#keyHandled#"Backspace"
2019-5-23 18:44:13.859#viewportChange#0
2019-5-23 18:44:13.895#change#{"from":{"line":0,"ch":41,"sticky":"after"},"to":{"line":0,"ch":42,"sticky":null},"text":[""],"removed":["y"],"origin":"+delete"}
2019-5-23 18:44:13.896#keyHandled#"Backspace"
2019-5-23 18:44:13.945#change#{"from":{"line":0,"ch":40,"sticky":"after"},"to":{"line":0,"ch":41,"sticky":null},"text":[""],"removed":["p"],"origin":"+delete"}
2019-5-23 18:44:13.945#keyHandled#"Backspace"
2019-5-23 18:44:13.995#change#{"from":{"line":0,"ch":39,"sticky":"after"},"to":{"line":0,"ch":40,"sticky":null},"text":[""],"removed":["m"],"origin":"+delete"}
2019-5-23 18:44:13.995#keyHandled#"Backspace"
2019-5-23 18:44:14.045#change#{"from":{"line":0,"ch":38,"sticky":"after"},"to":{"line":0,"ch":39,"sticky":null},"text":[""],"removed":["u"],"origin":"+delete"}
2019-5-23 18:44:14.045#keyHandled#"Backspace"
2019-5-23 18:44:14.096#change#{"from":{"line":0,"ch":37,"sticky":"after"},"to":{"line":0,"ch":38,"sticky":null},"text":[""],"removed":["n"],"origin":"+delete"}
2019-5-23 18:44:14.096#keyHandled#"Backspace"
2019-5-23 18:44:14.146#change#{"from":{"line":0,"ch":36,"sticky":"after"},"to":{"line":0,"ch":37,"sticky":null},"text":[""],"removed":[" "],"origin":"+delete"}
2019-5-23 18:44:14.146#keyHandled#"Backspace"
2019-5-23 18:44:14.196#change#{"from":{"line":0,"ch":35,"sticky":"after"},"to":{"line":0,"ch":36,"sticky":null},"text":[""],"removed":["o"],"origin":"+delete"}
2019-5-23 18:44:14.197#keyHandled#"Backspace"
2019-5-23 18:44:14.246#change#{"from":{"line":0,"ch":34,"sticky":"after"},"to":{"line":0,"ch":35,"sticky":null},"text":[""],"removed":["l"],"origin":"+delete"}
2019-5-23 18:44:14.246#keyHandled#"Backspace"
2019-5-23 18:44:14.296#change#{"from":{"line":0,"ch":33,"sticky":"after"},"to":{"line":0,"ch":34,"sticky":null},"text":[""],"removed":["u"],"origin":"+delete"}
2019-5-23 18:44:14.296#keyHandled#"Backspace"
2019-5-23 18:44:14.346#change#{"from":{"line":0,"ch":32,"sticky":"after"},"to":{"line":0,"ch":33,"sticky":null},"text":[""],"removed":["d"],"origin":"+delete"}
2019-5-23 18:44:14.346#keyHandled#"Backspace"
2019-5-23 18:44:14.396#change#{"from":{"line":0,"ch":31,"sticky":"after"},"to":{"line":0,"ch":32,"sticky":null},"text":[""],"removed":["รณ"],"origin":"+delete"}
2019-5-23 18:44:14.396#keyHandled#"Backspace"
2019-5-23 18:44:14.448#change#{"from":{"line":0,"ch":30,"sticky":"after"},"to":{"line":0,"ch":31,"sticky":null},"text":[""],"removed":["m"],"origin":"+delete"}
2019-5-23 18:44:14.448#keyHandled#"Backspace"
2019-5-23 18:44:14.496#change#{"from":{"line":0,"ch":29,"sticky":"after"},"to":{"line":0,"ch":30,"sticky":null},"text":[""],"removed":[" "],"origin":"+delete"}
2019-5-23 18:44:14.497#keyHandled#"Backspace"
2019-5-23 18:44:14.546#change#{"from":{"line":0,"ch":28,"sticky":"after"},"to":{"line":0,"ch":29,"sticky":null},"text":[""],"removed":["o"],"origin":"+delete"}
2019-5-23 18:44:14.546#keyHandled#"Backspace"
2019-5-23 18:44:14.596#change#{"from":{"line":0,"ch":27,"sticky":"after"},"to":{"line":0,"ch":28,"sticky":null},"text":[""],"removed":[" "],"origin":"+delete"}
2019-5-23 18:44:14.596#keyHandled#"Backspace"
2019-5-23 18:44:14.646#change#{"from":{"line":0,"ch":26,"sticky":"after"},"to":{"line":0,"ch":27,"sticky":null},"text":[""],"removed":["r"],"origin":"+delete"}
2019-5-23 18:44:14.646#keyHandled#"Backspace"
2019-5-23 18:44:14.696#change#{"from":{"line":0,"ch":25,"sticky":"after"},"to":{"line":0,"ch":26,"sticky":null},"text":[""],"removed":["i"],"origin":"+delete"}
2019-5-23 18:44:14.696#keyHandled#"Backspace"
2019-5-23 18:44:14.746#change#{"from":{"line":0,"ch":24,"sticky":"after"},"to":{"line":0,"ch":25,"sticky":null},"text":[""],"removed":["u"],"origin":"+delete"}
2019-5-23 18:44:14.746#keyHandled#"Backspace"
2019-5-23 18:44:14.796#change#{"from":{"line":0,"ch":23,"sticky":"after"},"to":{"line":0,"ch":24,"sticky":null},"text":[""],"removed":["l"],"origin":"+delete"}
2019-5-23 18:44:14.796#keyHandled#"Backspace"
2019-5-23 18:44:14.846#change#{"from":{"line":0,"ch":22,"sticky":"after"},"to":{"line":0,"ch":23,"sticky":null},"text":[""],"removed":["c"],"origin":"+delete"}
2019-5-23 18:44:14.846#keyHandled#"Backspace"
2019-5-23 18:44:14.896#change#{"from":{"line":0,"ch":21,"sticky":"after"},"to":{"line":0,"ch":22,"sticky":null},"text":[""],"removed":["n"],"origin":"+delete"}
2019-5-23 18:44:14.896#keyHandled#"Backspace"
2019-5-23 18:44:14.946#change#{"from":{"line":0,"ch":20,"sticky":"after"},"to":{"line":0,"ch":21,"sticky":null},"text":[""],"removed":["i"],"origin":"+delete"}
2019-5-23 18:44:14.946#keyHandled#"Backspace"
2019-5-23 18:44:14.996#change#{"from":{"line":0,"ch":19,"sticky":"after"},"to":{"line":0,"ch":20,"sticky":null},"text":[""],"removed":[" "],"origin":"+delete"}
2019-5-23 18:44:14.996#keyHandled#"Backspace"
2019-5-23 18:44:15.046#change#{"from":{"line":0,"ch":18,"sticky":"after"},"to":{"line":0,"ch":19,"sticky":null},"text":[""],"removed":["e"],"origin":"+delete"}
2019-5-23 18:44:15.046#keyHandled#"Backspace"
2019-5-23 18:44:15.097#change#{"from":{"line":0,"ch":17,"sticky":"after"},"to":{"line":0,"ch":18,"sticky":null},"text":[""],"removed":["d"],"origin":"+delete"}
2019-5-23 18:44:15.097#keyHandled#"Backspace"
2019-5-23 18:44:15.147#change#{"from":{"line":0,"ch":16,"sticky":"after"},"to":{"line":0,"ch":17,"sticky":null},"text":[""],"removed":[" "],"origin":"+delete"}
2019-5-23 18:44:15.147#keyHandled#"Backspace"
2019-5-23 18:44:15.198#change#{"from":{"line":0,"ch":15,"sticky":"after"},"to":{"line":0,"ch":16,"sticky":null},"text":[""],"removed":["a"],"origin":"+delete"}
2019-5-23 18:44:15.198#keyHandled#"Backspace"
2019-5-23 18:44:15.248#change#{"from":{"line":0,"ch":14,"sticky":"after"},"to":{"line":0,"ch":15,"sticky":null},"text":[""],"removed":["รง"],"origin":"+delete"}
2019-5-23 18:44:15.248#keyHandled#"Backspace"
2019-5-23 18:44:15.298#change#{"from":{"line":0,"ch":13,"sticky":"after"},"to":{"line":0,"ch":14,"sticky":null},"text":[""],"removed":["e"],"origin":"+delete"}
2019-5-23 18:44:15.298#keyHandled#"Backspace"
2019-5-23 18:44:15.349#change#{"from":{"line":0,"ch":12,"sticky":"after"},"to":{"line":0,"ch":13,"sticky":null},"text":[""],"removed":["u"],"origin":"+delete"}
2019-5-23 18:44:15.349#keyHandled#"Backspace"
2019-5-23 18:44:15.398#change#{"from":{"line":0,"ch":11,"sticky":"after"},"to":{"line":0,"ch":12,"sticky":null},"text":[""],"removed":["q"],"origin":"+delete"}
2019-5-23 18:44:15.398#keyHandled#"Backspace"
2019-5-23 18:44:15.449#change#{"from":{"line":0,"ch":10,"sticky":"after"},"to":{"line":0,"ch":11,"sticky":null},"text":[""],"removed":["s"],"origin":"+delete"}
2019-5-23 18:44:15.449#keyHandled#"Backspace"
2019-5-23 18:44:15.499#change#{"from":{"line":0,"ch":9,"sticky":"after"},"to":{"line":0,"ch":10,"sticky":null},"text":[""],"removed":["e"],"origin":"+delete"}
2019-5-23 18:44:15.499#keyHandled#"Backspace"
2019-5-23 18:44:15.548#change#{"from":{"line":0,"ch":8,"sticky":"after"},"to":{"line":0,"ch":9,"sticky":null},"text":[""],"removed":[" "],"origin":"+delete"}
2019-5-23 18:44:15.548#keyHandled#"Backspace"
2019-5-23 18:44:15.599#change#{"from":{"line":0,"ch":7,"sticky":"after"},"to":{"line":0,"ch":8,"sticky":null},"text":[""],"removed":["e"],"origin":"+delete"}
2019-5-23 18:44:15.600#keyHandled#"Backspace"
2019-5-23 18:44:15.649#change#{"from":{"line":0,"ch":6,"sticky":"after"},"to":{"line":0,"ch":7,"sticky":null},"text":[""],"removed":["s"],"origin":"+delete"}
2019-5-23 18:44:15.649#keyHandled#"Backspace"
2019-5-23 18:44:15.699#change#{"from":{"line":0,"ch":5,"sticky":"after"},"to":{"line":0,"ch":6,"sticky":null},"text":[""],"removed":[" "],"origin":"+delete"}
2019-5-23 18:44:15.699#keyHandled#"Backspace"
2019-5-23 18:44:15.749#change#{"from":{"line":0,"ch":4,"sticky":"after"},"to":{"line":0,"ch":5,"sticky":null},"text":[""],"removed":["o"],"origin":"+delete"}
2019-5-23 18:44:15.749#keyHandled#"Backspace"
2019-5-23 18:44:15.799#change#{"from":{"line":0,"ch":3,"sticky":"after"},"to":{"line":0,"ch":4,"sticky":null},"text":[""],"removed":["รฃ"],"origin":"+delete"}
2019-5-23 18:44:15.799#keyHandled#"Backspace"
2019-5-23 18:44:15.850#change#{"from":{"line":0,"ch":2,"sticky":"after"},"to":{"line":0,"ch":3,"sticky":null},"text":[""],"removed":["N"],"origin":"+delete"}
2019-5-23 18:44:15.850#keyHandled#"Backspace"
2019-5-23 18:44:15.899#change#{"from":{"line":0,"ch":1,"sticky":"after"},"to":{"line":0,"ch":2,"sticky":null},"text":[""],"removed":[" "],"origin":"+delete"}
2019-5-23 18:44:15.899#keyHandled#"Backspace"
2019-5-23 18:44:15.950#change#{"from":{"line":0,"ch":0,"sticky":"after"},"to":{"line":0,"ch":1,"sticky":null},"text":[""],"removed":["#"],"origin":"+delete"}
2019-5-23 18:44:15.950#keyHandled#"Backspace"
2019-5-23 18:44:21.401#keyHandled#"Delete"
2019-5-23 18:44:22.532#keyHandled#"Backspace"
2019-5-23 18:44:36.313#change#{"from":{"line":0,"ch":0,"sticky":null,"hitSide":true},"to":{"line":0,"ch":0,"sticky":null},"text":["v"],"removed":[""],"origin":"+input"}
2019-5-23 18:44:39.008#change#{"from":{"line":0,"ch":1,"sticky":null},"to":{"line":0,"ch":1,"sticky":null},"text":["="],"removed":[""],"origin":"+input"}
2019-5-23 18:44:40.483#blur#
2019-5-23 18:44:43.183#focus#
2019-5-23 18:44:44.380#change#{"from":{"line":0,"ch":1,"sticky":"after"},"to":{"line":0,"ch":2,"sticky":null},"text":[""],"removed":["="],"origin":"+delete"}
2019-5-23 18:44:44.380#keyHandled#"Backspace"
2019-5-23 18:44:44.588#change#{"from":{"line":0,"ch":0,"sticky":"after"},"to":{"line":0,"ch":1,"sticky":null},"text":[""],"removed":["v"],"origin":"+delete"}
2019-5-23 18:44:44.588#keyHandled#"Backspace"
2019-5-23 18:44:45.313#change#{"from":{"line":0,"ch":0,"sticky":null},"to":{"line":0,"ch":0,"sticky":null},"text":["f"],"removed":[""],"origin":"+input"}
2019-5-23 18:44:45.544#change#{"from":{"line":0,"ch":1,"sticky":null},"to":{"line":0,"ch":1,"sticky":null},"text":["r"],"removed":[""],"origin":"+input"}
2019-5-23 18:44:45.792#change#{"from":{"line":0,"ch":2,"sticky":null},"to":{"line":0,"ch":2,"sticky":null},"text":["o"],"removed":[""],"origin":"+input"}
2019-5-23 18:44:46.096#change#{"from":{"line":0,"ch":3,"sticky":null},"to":{"line":0,"ch":3,"sticky":null},"text":["m"],"removed":[""],"origin":"+input"}
2019-5-23 18:44:46.353#change#{"from":{"line":0,"ch":4,"sticky":null},"to":{"line":0,"ch":4,"sticky":null},"text":[" "],"removed":[""],"origin":"+input"}
2019-5-23 18:44:46.848#change#{"from":{"line":0,"ch":5,"sticky":null},"to":{"line":0,"ch":5,"sticky":null},"text":["n"],"removed":[""],"origin":"+input"}
2019-5-23 18:44:47.103#change#{"from":{"line":0,"ch":6,"sticky":null},"to":{"line":0,"ch":6,"sticky":null},"text":["u"],"removed":[""],"origin":"+input"}
2019-5-23 18:44:48.356#change#{"from":{"line":0,"ch":8,"sticky":null},"to":{"line":0,"ch":8,"sticky":null},"text":["p"],"removed":[""],"origin":"+input"}
2019-5-23 18:44:48.848#change#{"from":{"line":0,"ch":9,"sticky":null},"to":{"line":0,"ch":9,"sticky":null},"text":["y"],"removed":[""],"origin":"+input"}
2019-5-23 18:44:49.774#change#{"from":{"line":0,"ch":10,"sticky":null},"to":{"line":0,"ch":10,"sticky":null},"text":[" "],"removed":[""],"origin":"+input"}
2019-5-23 18:44:50.128#change#{"from":{"line":0,"ch":11,"sticky":null},"to":{"line":0,"ch":11,"sticky":null},"text":["i"],"removed":[""],"origin":"+input"}
2019-5-23 18:44:50.400#change#{"from":{"line":0,"ch":12,"sticky":null},"to":{"line":0,"ch":12,"sticky":null},"text":["m"],"removed":[""],"origin":"+input"}
2019-5-23 18:44:50.751#change#{"from":{"line":0,"ch":13,"sticky":null},"to":{"line":0,"ch":13,"sticky":null},"text":["p"],"removed":[""],"origin":"+input"}
2019-5-23 18:44:50.959#change#{"from":{"line":0,"ch":14,"sticky":null},"to":{"line":0,"ch":14,"sticky":null},"text":["o"],"removed":[""],"origin":"+input"}
2019-5-23 18:44:51.222#change#{"from":{"line":0,"ch":15,"sticky":null},"to":{"line":0,"ch":15,"sticky":null},"text":["t"],"removed":[""],"origin":"+input"}
2019-5-23 18:44:53.197#change#{"from":{"line":0,"ch":15,"sticky":"after"},"to":{"line":0,"ch":16,"sticky":null},"text":[""],"removed":["t"],"origin":"+delete"}
2019-5-23 18:44:53.197#keyHandled#"Backspace"
2019-5-23 18:44:54.184#change#{"from":{"line":0,"ch":15,"sticky":null},"to":{"line":0,"ch":15,"sticky":null},"text":["r"],"removed":[""],"origin":"+input"}
2019-5-23 18:44:54.360#change#{"from":{"line":0,"ch":16,"sticky":null},"to":{"line":0,"ch":16,"sticky":null},"text":["t"],"removed":[""],"origin":"+input"}
2019-5-23 18:44:55.107#change#{"from":{"line":0,"ch":17,"sticky":null},"to":{"line":0,"ch":17,"sticky":null},"text":[" "],"removed":[""],"origin":"+input"}
2019-5-23 18:44:56.200#change#{"from":{"line":0,"ch":18,"sticky":null},"to":{"line":0,"ch":18,"sticky":null},"text":["*"],"removed":[""],"origin":"+input"}
2019-5-23 18:44:57.582#change#{"from":{"line":0,"ch":19,"sticky":null},"to":{"line":0,"ch":19,"sticky":null},"text":["",""],"removed":[""],"origin":"+input"}
2019-5-23 18:44:57.582#keyHandled#"Enter"
2019-5-23 18:44:57.602#viewportChange#0
2019-5-23 18:45:05.357#blur#
2019-5-23 18:45:15.913#focus#
2019-5-23 18:45:17.728#change#{"from":{"line":1,"ch":0,"sticky":null},"to":{"line":1,"ch":0,"sticky":null},"text":["v"],"removed":[""],"origin":"+input"}
2019-5-23 18:45:18.504#change#{"from":{"line":1,"ch":1,"sticky":null},"to":{"line":1,"ch":1,"sticky":null},"text":["="],"removed":[""],"origin":"+input"}
2019-5-23 18:45:19.280#change#{"from":{"line":1,"ch":2,"sticky":null},"to":{"line":1,"ch":2,"sticky":null},"text":["a"],"removed":[""],"origin":"+input"}
2019-5-23 18:45:19.752#change#{"from":{"line":1,"ch":3,"sticky":null},"to":{"line":1,"ch":3,"sticky":null},"text":["r"],"removed":[""],"origin":"+input"}
2019-5-23 18:45:19.927#change#{"from":{"line":1,"ch":4,"sticky":null},"to":{"line":1,"ch":4,"sticky":null},"text":["r"],"removed":[""],"origin":"+input"}
2019-5-23 18:45:20.327#change#{"from":{"line":1,"ch":5,"sticky":null},"to":{"line":1,"ch":5,"sticky":null},"text":["a"],"removed":[""],"origin":"+input"}
2019-5-23 18:45:20.840#change#{"from":{"line":1,"ch":6,"sticky":null},"to":{"line":1,"ch":6,"sticky":null},"text":["y"],"removed":[""],"origin":"+input"}
2019-5-23 18:45:21.997#change#{"from":{"line":1,"ch":7,"sticky":null},"to":{"line":1,"ch":7,"sticky":null},"text":["()"],"removed":[""],"origin":"+input"}
2019-5-23 18:45:21.997#keyHandled#"'('"
2019-5-23 18:45:22.841#change#{"from":{"line":1,"ch":8,"sticky":"after"},"to":{"line":1,"ch":8,"sticky":"after"},"text":["e"],"removed":[""],"origin":"+input"}
2019-5-23 18:45:23.184#change#{"from":{"line":1,"ch":9,"sticky":null},"to":{"line":1,"ch":9,"sticky":null},"text":["v"],"removed":[""],"origin":"+input"}
2019-5-23 18:45:23.511#change#{"from":{"line":1,"ch":10,"sticky":null},"to":{"line":1,"ch":10,"sticky":null},"text":["a"],"removed":[""],"origin":"+input"}
2019-5-23 18:45:23.749#change#{"from":{"line":1,"ch":11,"sticky":null},"to":{"line":1,"ch":11,"sticky":null},"text":["l"],"removed":[""],"origin":"+input"}
2019-5-23 18:45:24.999#change#{"from":{"line":1,"ch":12,"sticky":null},"to":{"line":1,"ch":12,"sticky":null},"text":["()"],"removed":[""],"origin":"+input"}
2019-5-23 18:45:24.999#keyHandled#"'('"
2019-5-23 18:45:25.872#change#{"from":{"line":1,"ch":13,"sticky":"after"},"to":{"line":1,"ch":13,"sticky":"after"},"text":["i"],"removed":[""],"origin":"+input"}
2019-5-23 18:45:26.119#change#{"from":{"line":1,"ch":14,"sticky":null},"to":{"line":1,"ch":14,"sticky":null},"text":["n"],"removed":[""],"origin":"+input"}
2019-5-23 18:45:26.703#change#{"from":{"line":1,"ch":15,"sticky":null},"to":{"line":1,"ch":15,"sticky":null},"text":["p"],"removed":[""],"origin":"+input"}
2019-5-23 18:45:27.103#change#{"from":{"line":1,"ch":16,"sticky":null},"to":{"line":1,"ch":16,"sticky":null},"text":["u"],"removed":[""],"origin":"+input"}
2019-5-23 18:45:27.295#change#{"from":{"line":1,"ch":17,"sticky":null},"to":{"line":1,"ch":17,"sticky":null},"text":["t"],"removed":[""],"origin":"+input"}
2019-5-23 18:45:28.343#change#{"from":{"line":1,"ch":18,"sticky":null},"to":{"line":1,"ch":18,"sticky":null},"text":["()"],"removed":[""],"origin":"+input"}
2019-5-23 18:45:28.343#keyHandled#"'('"
2019-5-23 18:45:32.417#change#{"from":{"line":1,"ch":19,"sticky":"after"},"to":{"line":1,"ch":19,"sticky":"after"},"text":["\"\""],"removed":[""],"origin":"+input"}
2019-5-23 18:45:32.417#keyHandled#"'\"'"
2019-5-23 18:45:32.940#change#{"from":{"line":1,"ch":20,"sticky":"after"},"to":{"line":1,"ch":20,"sticky":"after"},"text":["v"],"removed":[""],"origin":"+input"}
2019-5-23 18:45:33.184#change#{"from":{"line":1,"ch":21,"sticky":null},"to":{"line":1,"ch":21,"sticky":null},"text":["e"],"removed":[""],"origin":"+input"}
2019-5-23 18:45:33.487#change#{"from":{"line":1,"ch":22,"sticky":null},"to":{"line":1,"ch":22,"sticky":null},"text":["t"],"removed":[""],"origin":"+input"}
2019-5-23 18:45:33.976#change#{"from":{"line":1,"ch":23,"sticky":null},"to":{"line":1,"ch":23,"sticky":null},"text":["o"],"removed":[""],"origin":"+input"}
2019-5-23 18:45:34.048#change#{"from":{"line":1,"ch":24,"sticky":null},"to":{"line":1,"ch":24,"sticky":null},"text":["r"],"removed":[""],"origin":"+input"}
2019-5-23 18:45:35.631#change#{"from":{"line":1,"ch":25,"sticky":null},"to":{"line":1,"ch":25,"sticky":null},"text":[":"],"removed":[""],"origin":"+input"}
2019-5-23 18:45:35.720#change#{"from":{"line":1,"ch":26,"sticky":null},"to":{"line":1,"ch":26,"sticky":null},"text":[" "],"removed":[""],"origin":"+input"}
2019-5-23 18:45:38.180#mousedown#{"isTrusted":true}
2019-5-23 18:45:38.632#change#{"from":{"line":1,"ch":2,"sticky":"after","xRel":0.4000244140625},"to":{"line":1,"ch":2,"sticky":"after","xRel":0.4000244140625},"text":[" "],"removed":[""],"origin":"+input"}
2019-5-23 18:45:46.313#blur#
2019-5-23 18:45:51.406#focus#
2019-5-23 18:45:54.976#blur#
2019-5-23 18:45:58.095#focus#
2019-5-23 18:45:59.220#mousedown#{"isTrusted":true}
2019-5-23 18:46:00.777#change#{"from":{"line":1,"ch":32,"sticky":"before","xRel":49.4000244140625},"to":{"line":1,"ch":32,"sticky":"before","xRel":49.4000244140625},"text":["",""],"removed":[""],"origin":"+input"}
2019-5-23 18:46:00.777#keyHandled#"Enter"
2019-5-23 18:46:00.795#viewportChange#0
2019-5-23 18:46:02.633#change#{"from":{"line":2,"ch":0,"sticky":null},"to":{"line":2,"ch":0,"sticky":null},"text":["p"],"removed":[""],"origin":"+input"}
2019-5-23 18:46:02.808#change#{"from":{"line":2,"ch":1,"sticky":null},"to":{"line":2,"ch":1,"sticky":null},"text":["r"],"removed":[""],"origin":"+input"}
2019-5-23 18:46:03.016#change#{"from":{"line":2,"ch":2,"sticky":null},"to":{"line":2,"ch":2,"sticky":null},"text":["i"],"removed":[""],"origin":"+input"}
2019-5-23 18:46:03.432#change#{"from":{"line":2,"ch":3,"sticky":null},"to":{"line":2,"ch":3,"sticky":null},"text":["n"],"removed":[""],"origin":"+input"}
2019-5-23 18:46:03.976#change#{"from":{"line":2,"ch":4,"sticky":null},"to":{"line":2,"ch":4,"sticky":null},"text":["y"],"removed":[""],"origin":"+input"}
2019-5-23 18:46:04.893#change#{"from":{"line":2,"ch":4,"sticky":"after"},"to":{"line":2,"ch":5,"sticky":null},"text":[""],"removed":["y"],"origin":"+delete"}
2019-5-23 18:46:04.893#keyHandled#"Backspace"
2019-5-23 18:46:05.192#change#{"from":{"line":2,"ch":4,"sticky":null},"to":{"line":2,"ch":4,"sticky":null},"text":["t"],"removed":[""],"origin":"+input"}
2019-5-23 18:46:06.240#change#{"from":{"line":2,"ch":5,"sticky":null},"to":{"line":2,"ch":5,"sticky":null},"text":["()"],"removed":[""],"origin":"+input"}
2019-5-23 18:46:06.240#keyHandled#"'('"
2019-5-23 18:46:22.599#change#{"from":{"line":2,"ch":6,"sticky":"after"},"to":{"line":2,"ch":6,"sticky":"after"},"text":["s"],"removed":[""],"origin":"+input"}
2019-5-23 18:46:22.824#change#{"from":{"line":2,"ch":7,"sticky":null},"to":{"line":2,"ch":7,"sticky":null},"text":["i"],"removed":[""],"origin":"+input"}
2019-5-23 18:46:23.392#change#{"from":{"line":2,"ch":8,"sticky":null},"to":{"line":2,"ch":8,"sticky":null},"text":["z"],"removed":[""],"origin":"+input"}
2019-5-23 18:46:23.760#change#{"from":{"line":2,"ch":9,"sticky":null},"to":{"line":2,"ch":9,"sticky":null},"text":["e"],"removed":[""],"origin":"+input"}
2019-5-23 18:46:25.722#change#{"from":{"line":2,"ch":10,"sticky":null},"to":{"line":2,"ch":10,"sticky":null},"text":["()"],"removed":[""],"origin":"+input"}
2019-5-23 18:46:25.722#keyHandled#"'('"
2019-5-23 18:46:26.258#change#{"from":{"line":2,"ch":11,"sticky":"after"},"to":{"line":2,"ch":11,"sticky":"after"},"text":["v"],"removed":[""],"origin":"+input"}
2019-5-23 18:46:29.098#blur#
2019-5-23 18:46:29.098#blur#
2019-5-23 18:46:31.916#saida_testar#$ python3 main.py
2019-5-23 18:46:55.829#mousedown#{"isTrusted":true}
2019-5-23 18:46:56.018#focus#
2019-5-23 18:46:57.648#change#{"from":{"line":2,"ch":14,"sticky":"before","xRel":48.4000244140625},"to":{"line":2,"ch":14,"sticky":"before","xRel":48.4000244140625},"text":["",""],"removed":[""],"origin":"+input"}
2019-5-23 18:46:57.648#keyHandled#"Enter"
2019-5-23 18:46:57.665#viewportChange#0
2019-5-23 18:46:58.648#change#{"from":{"line":3,"ch":0,"sticky":null},"to":{"line":3,"ch":0,"sticky":null},"text":["p"],"removed":[""],"origin":"+input"}
2019-5-23 18:46:58.880#change#{"from":{"line":3,"ch":1,"sticky":null},"to":{"line":3,"ch":1,"sticky":null},"text":["r"],"removed":[""],"origin":"+input"}
2019-5-23 18:46:59.079#change#{"from":{"line":3,"ch":2,"sticky":null},"to":{"line":3,"ch":2,"sticky":null},"text":["i"],"removed":[""],"origin":"+input"}
2019-5-23 18:46:59.456#change#{"from":{"line":3,"ch":3,"sticky":null},"to":{"line":3,"ch":3,"sticky":null},"text":["n"],"removed":[""],"origin":"+input"}
2019-5-23 18:46:59.576#change#{"from":{"line":3,"ch":4,"sticky":null},"to":{"line":3,"ch":4,"sticky":null},"text":["t"],"removed":[""],"origin":"+input"}
2019-5-23 18:47:08.376#change#{"from":{"line":3,"ch":5,"sticky":null},"to":{"line":3,"ch":5,"sticky":null},"text":["()"],"removed":[""],"origin":"+input"}
2019-5-23 18:47:08.376#keyHandled#"'('"
2019-5-23 18:47:10.429#change#{"from":{"line":3,"ch":6,"sticky":"after"},"to":{"line":3,"ch":6,"sticky":"after"},"text":["0"],"removed":[""],"origin":"+input"}
2019-5-23 18:47:12.060#mousedown#{"isTrusted":true}
2019-5-23 18:47:14.365#change#{"from":{"line":3,"ch":8,"sticky":"before","xRel":20.4000244140625},"to":{"line":3,"ch":8,"sticky":"before","xRel":20.4000244140625},"text":["",""],"removed":[""],"origin":"+input"}
2019-5-23 18:47:14.365#keyHandled#"Enter"
2019-5-23 18:47:14.382#viewportChange#0
2019-5-23 18:47:15.312#change#{"from":{"line":4,"ch":0,"sticky":null},"to":{"line":4,"ch":0,"sticky":null},"text":["p"],"removed":[""],"origin":"+input"}
2019-5-23 18:47:15.624#change#{"from":{"line":4,"ch":1,"sticky":null},"to":{"line":4,"ch":1,"sticky":null},"text":["r"],"removed":[""],"origin":"+input"}
2019-5-23 18:47:15.808#change#{"from":{"line":4,"ch":2,"sticky":null},"to":{"line":4,"ch":2,"sticky":null},"text":["i"],"removed":[""],"origin":"+input"}
2019-5-23 18:47:16.088#change#{"from":{"line":4,"ch":3,"sticky":null},"to":{"line":4,"ch":3,"sticky":null},"text":["n"],"removed":[""],"origin":"+input"}
2019-5-23 18:47:16.584#change#{"from":{"line":4,"ch":4,"sticky":null},"to":{"line":4,"ch":4,"sticky":null},"text":["t"],"removed":[""],"origin":"+input"}
2019-5-23 18:47:17.768#change#{"from":{"line":4,"ch":5,"sticky":null},"to":{"line":4,"ch":5,"sticky":null},"text":["()"],"removed":[""],"origin":"+input"}
2019-5-23 18:47:17.768#keyHandled#"'('"
2019-5-23 18:47:18.448#change#{"from":{"line":4,"ch":6,"sticky":"after"},"to":{"line":4,"ch":6,"sticky":"after"},"text":["-"],"removed":[""],"origin":"+input"}
2019-5-23 18:47:18.816#change#{"from":{"line":4,"ch":7,"sticky":null},"to":{"line":4,"ch":7,"sticky":null},"text":["1"],"removed":[""],"origin":"+input"}
2019-5-23 18:47:20.756#mousedown#{"isTrusted":true}
2019-5-23 18:47:21.829#change#{"from":{"line":4,"ch":9,"sticky":"before","xRel":36.4000244140625},"to":{"line":4,"ch":9,"sticky":"before","xRel":36.4000244140625},"text":["",""],"removed":[""],"origin":"+input"}
2019-5-23 18:47:21.829#keyHandled#"Enter"
2019-5-23 18:47:21.853#viewportChange#0
2019-5-23 18:47:22.384#change#{"from":{"line":5,"ch":0,"sticky":null},"to":{"line":5,"ch":0,"sticky":null},"text":["p"],"removed":[""],"origin":"+input"}
2019-5-23 18:47:22.655#change#{"from":{"line":5,"ch":1,"sticky":null},"to":{"line":5,"ch":1,"sticky":null},"text":["r"],"removed":[""],"origin":"+input"}
2019-5-23 18:47:22.815#change#{"from":{"line":5,"ch":2,"sticky":null},"to":{"line":5,"ch":2,"sticky":null},"text":["i"],"removed":[""],"origin":"+input"}
2019-5-23 18:47:23.136#change#{"from":{"line":5,"ch":3,"sticky":null},"to":{"line":5,"ch":3,"sticky":null},"text":["n"],"removed":[""],"origin":"+input"}
2019-5-23 18:47:23.247#change#{"from":{"line":5,"ch":4,"sticky":null},"to":{"line":5,"ch":4,"sticky":null},"text":["t"],"removed":[""],"origin":"+input"}
2019-5-23 18:47:25.127#change#{"from":{"line":5,"ch":5,"sticky":null},"to":{"line":5,"ch":5,"sticky":null},"text":["()"],"removed":[""],"origin":"+input"}
2019-5-23 18:47:25.127#keyHandled#"'('"
2019-5-23 18:47:28.816#change#{"from":{"line":5,"ch":6,"sticky":"after"},"to":{"line":5,"ch":6,"sticky":"after"},"text":["m"],"removed":[""],"origin":"+input"}
2019-5-23 18:47:28.983#change#{"from":{"line":5,"ch":7,"sticky":null},"to":{"line":5,"ch":7,"sticky":null},"text":["a"],"removed":[""],"origin":"+input"}
2019-5-23 18:47:29.688#change#{"from":{"line":5,"ch":8,"sticky":null},"to":{"line":5,"ch":8,"sticky":null},"text":["x"],"removed":[""],"origin":"+input"}
2019-5-23 18:47:30.639#change#{"from":{"line":5,"ch":9,"sticky":null},"to":{"line":5,"ch":9,"sticky":null},"text":["()"],"removed":[""],"origin":"+input"}
2019-5-23 18:47:30.639#keyHandled#"'('"
2019-5-23 18:47:31.089#change#{"from":{"line":5,"ch":10,"sticky":"after"},"to":{"line":5,"ch":10,"sticky":"after"},"text":["v"],"removed":[""],"origin":"+input"}
2019-5-23 18:47:33.941#mousedown#{"isTrusted":true}
2019-5-23 18:47:35.222#change#{"from":{"line":5,"ch":13,"sticky":"before","xRel":107.4000244140625},"to":{"line":5,"ch":13,"sticky":"before","xRel":107.4000244140625},"text":["",""],"removed":[""],"origin":"+input"}
2019-5-23 18:47:35.222#keyHandled#"Enter"
2019-5-23 18:47:35.237#viewportChange#0
2019-5-23 18:47:35.664#change#{"from":{"line":6,"ch":0,"sticky":null},"to":{"line":6,"ch":0,"sticky":null},"text":["p"],"removed":[""],"origin":"+input"}
2019-5-23 18:47:36.096#change#{"from":{"line":6,"ch":1,"sticky":null},"to":{"line":6,"ch":1,"sticky":null},"text":["r"],"removed":[""],"origin":"+input"}
2019-5-23 18:47:36.232#change#{"from":{"line":6,"ch":2,"sticky":null},"to":{"line":6,"ch":2,"sticky":null},"text":["i"],"removed":[""],"origin":"+input"}
2019-5-23 18:47:36.504#change#{"from":{"line":6,"ch":3,"sticky":null},"to":{"line":6,"ch":3,"sticky":null},"text":["n"],"removed":[""],"origin":"+input"}
2019-5-23 18:47:36.699#change#{"from":{"line":6,"ch":4,"sticky":null},"to":{"line":6,"ch":4,"sticky":null},"text":["t"],"removed":[""],"origin":"+input"}
2019-5-23 18:47:37.520#change#{"from":{"line":6,"ch":5,"sticky":null},"to":{"line":6,"ch":5,"sticky":null},"text":["()"],"removed":[""],"origin":"+input"}
2019-5-23 18:47:37.520#keyHandled#"'('"
2019-5-23 18:47:38.001#change#{"from":{"line":6,"ch":6,"sticky":"after"},"to":{"line":6,"ch":6,"sticky":"after"},"text":["m"],"removed":[""],"origin":"+input"}
2019-5-23 18:47:38.304#change#{"from":{"line":6,"ch":7,"sticky":null},"to":{"line":6,"ch":7,"sticky":null},"text":["i"],"removed":[""],"origin":"+input"}
2019-5-23 18:47:38.570#change#{"from":{"line":6,"ch":8,"sticky":null},"to":{"line":6,"ch":8,"sticky":null},"text":["n"],"removed":[""],"origin":"+input"}
2019-5-23 18:47:39.816#change#{"from":{"line":6,"ch":9,"sticky":null},"to":{"line":6,"ch":9,"sticky":null},"text":["()"],"removed":[""],"origin":"+input"}
2019-5-23 18:47:39.816#keyHandled#"'('"
2019-5-23 18:47:40.208#change#{"from":{"line":6,"ch":10,"sticky":"after"},"to":{"line":6,"ch":10,"sticky":"after"},"text":["v"],"removed":[""],"origin":"+input"}
2019-5-23 18:47:41.796#mousedown#{"isTrusted":true}
2019-5-23 18:47:42.790#change#{"from":{"line":6,"ch":13,"sticky":"before","xRel":61.4000244140625},"to":{"line":6,"ch":13,"sticky":"before","xRel":61.4000244140625},"text":["",""],"removed":[""],"origin":"+input"}
2019-5-23 18:47:42.790#keyHandled#"Enter"
2019-5-23 18:47:42.805#viewportChange#0
2019-5-23 18:47:43.312#change#{"from":{"line":7,"ch":0,"sticky":null},"to":{"line":7,"ch":0,"sticky":null},"text":["p"],"removed":[""],"origin":"+input"}
2019-5-23 18:47:43.592#change#{"from":{"line":7,"ch":1,"sticky":null},"to":{"line":7,"ch":1,"sticky":null},"text":["r"],"removed":[""],"origin":"+input"}
2019-5-23 18:47:43.768#change#{"from":{"line":7,"ch":2,"sticky":null},"to":{"line":7,"ch":2,"sticky":null},"text":["i"],"removed":[""],"origin":"+input"}
2019-5-23 18:47:44.024#change#{"from":{"line":7,"ch":3,"sticky":null},"to":{"line":7,"ch":3,"sticky":null},"text":["n"],"removed":[""],"origin":"+input"}
2019-5-23 18:47:44.216#change#{"from":{"line":7,"ch":4,"sticky":null},"to":{"line":7,"ch":4,"sticky":null},"text":["t"],"removed":[""],"origin":"+input"}
2019-5-23 18:47:52.603#change#{"from":{"line":7,"ch":5,"sticky":null},"to":{"line":7,"ch":5,"sticky":null},"text":["()"],"removed":[""],"origin":"+input"}
2019-5-23 18:47:52.603#keyHandled#"'('"
2019-5-23 18:47:53.929#change#{"from":{"line":7,"ch":6,"sticky":"after"},"to":{"line":7,"ch":6,"sticky":"after"},"text":["s"],"removed":[""],"origin":"+input"}
2019-5-23 18:47:54.144#change#{"from":{"line":7,"ch":7,"sticky":null},"to":{"line":7,"ch":7,"sticky":null},"text":["u"],"removed":[""],"origin":"+input"}
2019-5-23 18:47:54.760#change#{"from":{"line":7,"ch":8,"sticky":null},"to":{"line":7,"ch":8,"sticky":null},"text":["m"],"removed":[""],"origin":"+input"}
2019-5-23 18:47:56.087#change#{"from":{"line":7,"ch":9,"sticky":null},"to":{"line":7,"ch":9,"sticky":null},"text":["()"],"removed":[""],"origin":"+input"}
2019-5-23 18:47:56.087#keyHandled#"'('"
2019-5-23 18:47:57.032#change#{"from":{"line":7,"ch":10,"sticky":"after"},"to":{"line":7,"ch":10,"sticky":"after"},"text":["v"],"removed":[""],"origin":"+input"}
2019-5-23 18:47:58.396#mousedown#{"isTrusted":true}
2019-5-23 18:47:59.822#change#{"from":{"line":7,"ch":13,"sticky":"before","xRel":71.4000244140625},"to":{"line":7,"ch":13,"sticky":"before","xRel":71.4000244140625},"text":["",""],"removed":[""],"origin":"+input"}
2019-5-23 18:47:59.822#keyHandled#"Enter"
2019-5-23 18:47:59.837#viewportChange#0
2019-5-23 18:48:00.336#change#{"from":{"line":8,"ch":0,"sticky":null},"to":{"line":8,"ch":0,"sticky":null},"text":["p"],"removed":[""],"origin":"+input"}
2019-5-23 18:48:00.665#change#{"from":{"line":8,"ch":1,"sticky":null},"to":{"line":8,"ch":1,"sticky":null},"text":["r"],"removed":[""],"origin":"+input"}
2019-5-23 18:48:00.880#change#{"from":{"line":8,"ch":2,"sticky":null},"to":{"line":8,"ch":2,"sticky":null},"text":["i"],"removed":[""],"origin":"+input"}
2019-5-23 18:48:01.183#change#{"from":{"line":8,"ch":3,"sticky":null},"to":{"line":8,"ch":3,"sticky":null},"text":["n"],"removed":[""],"origin":"+input"}
2019-5-23 18:48:01.423#change#{"from":{"line":8,"ch":4,"sticky":null},"to":{"line":8,"ch":4,"sticky":null},"text":["t"],"removed":[""],"origin":"+input"}
2019-5-23 18:48:03.384#change#{"from":{"line":8,"ch":5,"sticky":null},"to":{"line":8,"ch":5,"sticky":null},"text":["()"],"removed":[""],"origin":"+input"}
2019-5-23 18:48:03.384#keyHandled#"'('"
2019-5-23 18:48:08.211#change#{"from":{"line":8,"ch":6,"sticky":"after"},"to":{"line":8,"ch":6,"sticky":"after"},"text":["s"],"removed":[""],"origin":"+input"}
2019-5-23 18:48:08.457#change#{"from":{"line":8,"ch":7,"sticky":null},"to":{"line":8,"ch":7,"sticky":null},"text":["u"],"removed":[""],"origin":"+input"}
2019-5-23 18:48:09.856#change#{"from":{"line":8,"ch":8,"sticky":null},"to":{"line":8,"ch":8,"sticky":null},"text":["m"],"removed":[""],"origin":"+input"}
2019-5-23 18:48:11.423#change#{"from":{"line":8,"ch":9,"sticky":null},"to":{"line":8,"ch":9,"sticky":null},"text":["()"],"removed":[""],"origin":"+input"}
2019-5-23 18:48:11.423#keyHandled#"'('"
2019-5-23 18:48:12.649#change#{"from":{"line":8,"ch":10,"sticky":"after"},"to":{"line":8,"ch":10,"sticky":"after"},"text":["v"],"removed":[""],"origin":"+input"}
2019-5-23 18:48:14.408#change#{"from":{"line":8,"ch":11,"sticky":null},"to":{"line":8,"ch":11,"sticky":null},"text":["/"],"removed":[""],"origin":"+input"}
2019-5-23 18:48:16.588#change#{"from":{"line":8,"ch":11,"sticky":"after"},"to":{"line":8,"ch":12,"sticky":null},"text":[""],"removed":["/"],"origin":"+delete"}
2019-5-23 18:48:16.588#keyHandled#"Backspace"
2019-5-23 18:48:17.600#keyHandled#"Right"
2019-5-23 18:48:18.753#change#{"from":{"line":8,"ch":12,"sticky":"before"},"to":{"line":8,"ch":12,"sticky":"before"},"text":["/"],"removed":[""],"origin":"+input"}
2019-5-23 18:48:20.968#change#{"from":{"line":8,"ch":13,"sticky":null},"to":{"line":8,"ch":13,"sticky":null},"text":["s"],"removed":[""],"origin":"+input"}
2019-5-23 18:48:21.239#change#{"from":{"line":8,"ch":14,"sticky":null},"to":{"line":8,"ch":14,"sticky":null},"text":["i"],"removed":[""],"origin":"+input"}
2019-5-23 18:48:21.480#change#{"from":{"line":8,"ch":15,"sticky":null},"to":{"line":8,"ch":15,"sticky":null},"text":["z"],"removed":[""],"origin":"+input"}
2019-5-23 18:48:22.115#change#{"from":{"line":8,"ch":16,"sticky":null},"to":{"line":8,"ch":16,"sticky":null},"text":["e"],"removed":[""],"origin":"+input"}
2019-5-23 18:48:24.943#change#{"from":{"line":8,"ch":17,"sticky":null},"to":{"line":8,"ch":17,"sticky":null},"text":["()"],"removed":[""],"origin":"+input"}
2019-5-23 18:48:24.943#keyHandled#"'('"
2019-5-23 18:48:25.313#change#{"from":{"line":8,"ch":18,"sticky":"after"},"to":{"line":8,"ch":18,"sticky":"after"},"text":["v"],"removed":[""],"origin":"+input"}
2019-5-23 18:48:26.804#keyHandled#"Right"
2019-5-23 18:48:29.752#change#{"from":{"line":8,"ch":20,"sticky":"before"},"to":{"line":8,"ch":20,"sticky":"before"},"text":[","],"removed":[""],"origin":"+input"}
2019-5-23 18:48:33.508#mousedown#{"isTrusted":true}
2019-5-23 18:48:35.537#change#{"from":{"line":8,"ch":5,"sticky":"after","xRel":3.4000244140625},"to":{"line":8,"ch":5,"sticky":"after","xRel":3.4000244140625},"text":["("],"removed":[""],"origin":"+input"}
2019-5-23 18:48:36.079#change#{"from":{"line":8,"ch":6,"sticky":null},"to":{"line":8,"ch":6,"sticky":null},"text":["r"],"removed":[""],"origin":"+input"}
2019-5-23 18:48:36.280#change#{"from":{"line":8,"ch":7,"sticky":null},"to":{"line":8,"ch":7,"sticky":null},"text":["o"],"removed":[""],"origin":"+input"}
2019-5-23 18:48:36.631#change#{"from":{"line":8,"ch":8,"sticky":null},"to":{"line":8,"ch":8,"sticky":null},"text":["u"],"removed":[""],"origin":"+input"}
2019-5-23 18:48:37.023#change#{"from":{"line":8,"ch":9,"sticky":null},"to":{"line":8,"ch":9,"sticky":null},"text":["n"],"removed":[""],"origin":"+input"}
2019-5-23 18:48:37.159#change#{"from":{"line":8,"ch":10,"sticky":null},"to":{"line":8,"ch":10,"sticky":null},"text":["d"],"removed":[""],"origin":"+input"}
2019-5-23 18:48:39.204#mousedown#{"isTrusted":true}
2019-5-23 18:48:41.497#change#{"from":{"line":8,"ch":27,"sticky":"before","xRel":-1.5999755859375},"to":{"line":8,"ch":27,"sticky":"before","xRel":-1.5999755859375},"text":["2"],"removed":[""],"origin":"+input"}
2019-5-23 18:48:43.356#mousedown#{"isTrusted":true}
2019-5-23 18:48:44.881#change#{"from":{"line":8,"ch":29,"sticky":"before","xRel":27.4000244140625},"to":{"line":8,"ch":29,"sticky":"before","xRel":27.4000244140625},"text":[")"],"removed":[""],"origin":"+input"}
2019-5-23 18:48:46.666#blur#
2019-5-23 18:48:49.832#saida_testar#$ python3 main.py
2019-5-23 18:49:17.612#mousedown#{"isTrusted":true}
2019-5-23 18:49:17.810#focus#
2019-5-23 18:49:22.675#change#{"from":{"line":3,"ch":6,"sticky":"after","xRel":2.4000244140625},"to":{"line":3,"ch":6,"sticky":"after","xRel":2.4000244140625},"text":["{"],"removed":[""],"origin":"+input"}
2019-5-23 18:49:23.604#change#{"from":{"line":3,"ch":6,"sticky":"after"},"to":{"line":3,"ch":7,"sticky":null},"text":[""],"removed":["{"],"origin":"+delete"}
2019-5-23 18:49:23.605#keyHandled#"Backspace"
2019-5-23 18:49:24.249#change#{"from":{"line":3,"ch":6,"sticky":null},"to":{"line":3,"ch":6,"sticky":null},"text":["["],"removed":[""],"origin":"+input"}
2019-5-23 18:49:25.540#keyHandled#"Right"
2019-5-23 18:49:27.536#change#{"from":{"line":3,"ch":8,"sticky":"before"},"to":{"line":3,"ch":8,"sticky":"before"},"text":["]"],"removed":[""],"origin":"+input"}
2019-5-23 18:49:29.099#keyHandled#"Down"
2019-5-23 18:49:30.116#keyHandled#"Left"
2019-5-23 18:49:31.329#change#{"from":{"line":4,"ch":8,"sticky":"after"},"to":{"line":4,"ch":8,"sticky":"after"},"text":["]"],"removed":[""],"origin":"+input"}
2019-5-23 18:49:32.716#keyHandled#"Left"
2019-5-23 18:49:33.257#keyHandled#"Left"
2019-5-23 18:49:33.796#keyHandled#"Left"
2019-5-23 18:49:36.081#change#{"from":{"line":4,"ch":6,"sticky":"after"},"to":{"line":4,"ch":6,"sticky":"after"},"text":["["],"removed":[""],"origin":"+input"}
2019-5-23 18:49:37.963#blur#
2019-5-23 18:49:37.963#blur#
2019-5-23 18:49:40.057#saida_testar#$ python3 main.py
2019-5-23 18:50:53.261#mousedown#{"isTrusted":true}
2019-5-23 18:50:53.409#focus#
2019-5-23 18:50:56.934#change#{"from":{"line":3,"ch":6,"sticky":"before","xRel":-1.5999755859375},"to":{"line":3,"ch":6,"sticky":"before","xRel":-1.5999755859375},"text":["v"],"removed":[""],"origin":"+input"}
2019-5-23 18:50:58.530#change#{"from":{"line":3,"ch":7,"sticky":null},"to":{"line":3,"ch":7,"sticky":null},"text":["("],"removed":[""],"origin":"+input"}
2019-5-23 18:50:59.580#keyHandled#"Right"
2019-5-23 18:50:59.844#keyHandled#"Right"
2019-5-23 18:51:00.244#keyHandled#"Right"
2019-5-23 18:51:01.434#keyHandled#"')'"
2019-5-23 18:51:03.141#mousedown#{"isTrusted":true}
2019-5-23 18:51:04.850#change#{"from":{"line":4,"ch":6,"sticky":"before","xRel":-1.5999755859375},"to":{"line":4,"ch":6,"sticky":"before","xRel":-1.5999755859375},"text":["v"],"removed":[""],"origin":"+input"}
2019-5-23 18:51:06.154#change#{"from":{"line":4,"ch":7,"sticky":null},"to":{"line":4,"ch":7,"sticky":null},"text":["("],"removed":[""],"origin":"+input"}
2019-5-23 18:51:08.685#mousedown#{"isTrusted":true}
2019-5-23 18:51:10.238#keyHandled#"')'"
2019-5-23 18:51:26.065#blur#
2019-5-23 18:51:26.065#blur#
2019-5-23 18:51:27.393#dica_bullet#SyntaxError: invalid syntax
2019-5-23 18:51:28.023#saida_testar#$ python3 main.py
File "main.py", line 5
print(v([-1])
SyntaxError: invalid syntax
2019-5-23 18:51:31.446#mousedown#{"isTrusted":true}
2019-5-23 18:51:31.449#focus#
2019-5-23 18:51:33.929#change#{"from":{"line":4,"ch":13,"sticky":"before"},"to":{"line":4,"ch":13,"sticky":"before"},"text":[")"],"removed":[""],"origin":"+input"}
2019-5-23 18:51:39.437#mousedown#{"isTrusted":true}
2019-5-23 18:51:41.004#change#{"from":{"line":3,"ch":12,"sticky":"before","xRel":5.4000244140625},"to":{"line":3,"ch":12,"sticky":"before","xRel":5.4000244140625},"text":[")"],"removed":[""],"origin":"+input"}
2019-5-23 18:51:44.086#blur#
2019-5-23 18:51:44.086#blur#
2019-5-23 18:51:46.134#saida_testar#$ python3 main.py
2019-5-23 18:52:22.613#mousedown#{"isTrusted":true}
2019-5-23 18:52:22.776#focus#
2019-5-23 18:52:24.182#change#{"from":{"line":3,"ch":7,"sticky":"after"},"to":{"line":3,"ch":8,"sticky":"after","xRel":3.4000244140625},"text":[""],"removed":["("],"origin":"+delete"}
2019-5-23 18:52:24.182#keyHandled#"Backspace"
2019-5-23 18:52:25.149#keyHandled#"Right"
2019-5-23 18:52:25.380#keyHandled#"Right"
2019-5-23 18:52:25.821#keyHandled#"Right"
2019-5-23 18:52:26.692#change#{"from":{"line":3,"ch":10,"sticky":"before"},"to":{"line":3,"ch":11,"sticky":"before"},"text":[""],"removed":[")"],"origin":"+delete"}
2019-5-23 18:52:26.693#keyHandled#"Delete"
2019-5-23 18:52:28.949#mousedown#{"isTrusted":true}
2019-5-23 18:52:29.949#change#{"from":{"line":4,"ch":7,"sticky":"after"},"to":{"line":4,"ch":8,"sticky":"before","xRel":-0.5999755859375},"text":[""],"removed":["("],"origin":"+delete"}
2019-5-23 18:52:29.949#keyHandled#"Backspace"
2019-5-23 18:52:32.605#mousedown#{"isTrusted":true}
2019-5-23 18:52:33.620#change#{"from":{"line":4,"ch":11,"sticky":"after"},"to":{"line":4,"ch":12,"sticky":"before","xRel":-3.5999755859375},"text":[""],"removed":[")"],"origin":"+delete"}
2019-5-23 18:52:33.621#keyHandled#"Backspace"
2019-5-23 18:52:35.144#blur#
2019-5-23 18:52:35.144#blur#
2019-5-23 18:52:37.971#saida_testar#$ python3 main.py
