2019-7-1 22:49:12.688#viewportChange#0
2019-7-1 22:49:14.715#mousedown#{"isTrusted":true}
2019-7-1 22:49:14.721#focus#
2019-7-1 22:49:16.054#change#{"from":{"line":0,"ch":0,"sticky":null},"to":{"line":0,"ch":0,"sticky":null},"text":["f"],"removed":[""],"origin":"+input"}
2019-7-1 22:49:16.278#change#{"from":{"line":0,"ch":1,"sticky":null},"to":{"line":0,"ch":1,"sticky":null},"text":["r"],"removed":[""],"origin":"+input"}
2019-7-1 22:49:16.483#change#{"from":{"line":0,"ch":2,"sticky":null},"to":{"line":0,"ch":2,"sticky":null},"text":["o"],"removed":[""],"origin":"+input"}
2019-7-1 22:49:17.037#change#{"from":{"line":0,"ch":3,"sticky":null},"to":{"line":0,"ch":3,"sticky":null},"text":["m"],"removed":[""],"origin":"+input"}
2019-7-1 22:49:17.374#change#{"from":{"line":0,"ch":4,"sticky":null},"to":{"line":0,"ch":4,"sticky":null},"text":[" "],"removed":[""],"origin":"+input"}
2019-7-1 22:49:17.610#change#{"from":{"line":0,"ch":5,"sticky":null},"to":{"line":0,"ch":5,"sticky":null},"text":["n"],"removed":[""],"origin":"+input"}
2019-7-1 22:49:17.940#change#{"from":{"line":0,"ch":6,"sticky":null},"to":{"line":0,"ch":6,"sticky":null},"text":["u"],"removed":[""],"origin":"+input"}
2019-7-1 22:49:18.344#change#{"from":{"line":0,"ch":7,"sticky":null},"to":{"line":0,"ch":7,"sticky":null},"text":["m"],"removed":[""],"origin":"+input"}
2019-7-1 22:49:18.977#change#{"from":{"line":0,"ch":8,"sticky":null},"to":{"line":0,"ch":8,"sticky":null},"text":["p"],"removed":[""],"origin":"+input"}
2019-7-1 22:49:19.440#change#{"from":{"line":0,"ch":9,"sticky":null},"to":{"line":0,"ch":9,"sticky":null},"text":["y"],"removed":[""],"origin":"+input"}
2019-7-1 22:49:19.787#change#{"from":{"line":0,"ch":10,"sticky":null},"to":{"line":0,"ch":10,"sticky":null},"text":[" "],"removed":[""],"origin":"+input"}
2019-7-1 22:49:20.112#change#{"from":{"line":0,"ch":11,"sticky":null},"to":{"line":0,"ch":11,"sticky":null},"text":["i"],"removed":[""],"origin":"+input"}
2019-7-1 22:49:20.440#change#{"from":{"line":0,"ch":12,"sticky":null},"to":{"line":0,"ch":12,"sticky":null},"text":["m"],"removed":[""],"origin":"+input"}
2019-7-1 22:49:20.810#change#{"from":{"line":0,"ch":13,"sticky":null},"to":{"line":0,"ch":13,"sticky":null},"text":["p"],"removed":[""],"origin":"+input"}
2019-7-1 22:49:21.044#change#{"from":{"line":0,"ch":14,"sticky":null},"to":{"line":0,"ch":14,"sticky":null},"text":["o"],"removed":[""],"origin":"+input"}
2019-7-1 22:49:21.907#change#{"from":{"line":0,"ch":17,"sticky":null},"to":{"line":0,"ch":17,"sticky":null},"text":[" "],"removed":[""],"origin":"+input"}
2019-7-1 22:49:23.121#change#{"from":{"line":0,"ch":18,"sticky":null},"to":{"line":0,"ch":18,"sticky":null},"text":["*"],"removed":[""],"origin":"+input"}
2019-7-1 22:49:24.341#change#{"from":{"line":0,"ch":19,"sticky":null},"to":{"line":0,"ch":19,"sticky":null},"text":["",""],"removed":[""],"origin":"+input"}
2019-7-1 22:49:24.341#keyHandled#"Enter"
2019-7-1 22:49:24.345#viewportChange#0
2019-7-1 22:49:25.243#change#{"from":{"line":1,"ch":0,"sticky":null},"to":{"line":1,"ch":0,"sticky":null},"text":["f"],"removed":[""],"origin":"+input"}
2019-7-1 22:49:25.489#change#{"from":{"line":1,"ch":1,"sticky":null},"to":{"line":1,"ch":1,"sticky":null},"text":["r"],"removed":[""],"origin":"+input"}
2019-7-1 22:49:25.696#change#{"from":{"line":1,"ch":2,"sticky":null},"to":{"line":1,"ch":2,"sticky":null},"text":["o"],"removed":[""],"origin":"+input"}
2019-7-1 22:49:26.067#change#{"from":{"line":1,"ch":3,"sticky":null},"to":{"line":1,"ch":3,"sticky":null},"text":["m"],"removed":[""],"origin":"+input"}
2019-7-1 22:49:26.343#change#{"from":{"line":1,"ch":4,"sticky":null},"to":{"line":1,"ch":4,"sticky":null},"text":[" "],"removed":[""],"origin":"+input"}
2019-7-1 22:49:27.113#change#{"from":{"line":1,"ch":5,"sticky":null},"to":{"line":1,"ch":5,"sticky":null},"text":["l"],"removed":[""],"origin":"+input"}
2019-7-1 22:49:27.444#change#{"from":{"line":1,"ch":6,"sticky":null},"to":{"line":1,"ch":6,"sticky":null},"text":["i"],"removed":[""],"origin":"+input"}
2019-7-1 22:49:28.203#change#{"from":{"line":1,"ch":7,"sticky":null},"to":{"line":1,"ch":7,"sticky":null},"text":["n"],"removed":[""],"origin":"+input"}
2019-7-1 22:49:28.744#change#{"from":{"line":1,"ch":8,"sticky":null},"to":{"line":1,"ch":8,"sticky":null},"text":["a"],"removed":[""],"origin":"+input"}
2019-7-1 22:49:28.940#change#{"from":{"line":1,"ch":9,"sticky":null},"to":{"line":1,"ch":9,"sticky":null},"text":["l"],"removed":[""],"origin":"+input"}
2019-7-1 22:49:29.400#change#{"from":{"line":1,"ch":10,"sticky":null},"to":{"line":1,"ch":10,"sticky":null},"text":["g"],"removed":[""],"origin":"+input"}
2019-7-1 22:49:31.822#keyHandled#"Left"
2019-7-1 22:49:31.852#keyHandled#"Left"
2019-7-1 22:49:31.883#keyHandled#"Left"
2019-7-1 22:49:31.914#keyHandled#"Left"
2019-7-1 22:49:32.141#keyHandled#"Left"
2019-7-1 22:49:33.397#change#{"from":{"line":1,"ch":5,"sticky":"after"},"to":{"line":1,"ch":5,"sticky":"after"},"text":["n"],"removed":[""],"origin":"+input"}
2019-7-1 22:49:33.742#change#{"from":{"line":1,"ch":6,"sticky":null},"to":{"line":1,"ch":6,"sticky":null},"text":["u"],"removed":[""],"origin":"+input"}
2019-7-1 22:49:34.133#change#{"from":{"line":1,"ch":7,"sticky":null},"to":{"line":1,"ch":7,"sticky":null},"text":["m"],"removed":[""],"origin":"+input"}
2019-7-1 22:49:34.695#change#{"from":{"line":1,"ch":8,"sticky":null},"to":{"line":1,"ch":8,"sticky":null},"text":["p"],"removed":[""],"origin":"+input"}
2019-7-1 22:49:35.252#change#{"from":{"line":1,"ch":9,"sticky":null},"to":{"line":1,"ch":9,"sticky":null},"text":["y"],"removed":[""],"origin":"+input"}
2019-7-1 22:49:36.729#change#{"from":{"line":1,"ch":10,"sticky":null},"to":{"line":1,"ch":10,"sticky":null},"text":["."],"removed":[""],"origin":"+input"}
2019-7-1 22:49:37.837#keyHandled#"Right"
2019-7-1 22:49:38.340#keyHandled#"Right"
2019-7-1 22:49:38.372#keyHandled#"Right"
2019-7-1 22:49:38.402#keyHandled#"Right"
2019-7-1 22:49:38.586#keyHandled#"Right"
2019-7-1 22:49:38.877#keyHandled#"Right"
2019-7-1 22:49:39.391#change#{"from":{"line":1,"ch":17,"sticky":"before"},"to":{"line":1,"ch":17,"sticky":"before"},"text":[" "],"removed":[""],"origin":"+input"}
2019-7-1 22:49:39.764#change#{"from":{"line":1,"ch":18,"sticky":null},"to":{"line":1,"ch":18,"sticky":null},"text":["i"],"removed":[""],"origin":"+input"}
2019-7-1 22:49:40.088#change#{"from":{"line":1,"ch":19,"sticky":null},"to":{"line":1,"ch":19,"sticky":null},"text":["m"],"removed":[""],"origin":"+input"}
2019-7-1 22:49:40.427#change#{"from":{"line":1,"ch":20,"sticky":null},"to":{"line":1,"ch":20,"sticky":null},"text":["p"],"removed":[""],"origin":"+input"}
2019-7-1 22:49:40.673#change#{"from":{"line":1,"ch":21,"sticky":null},"to":{"line":1,"ch":21,"sticky":null},"text":["o"],"removed":[""],"origin":"+input"}
2019-7-1 22:49:40.880#change#{"from":{"line":1,"ch":22,"sticky":null},"to":{"line":1,"ch":22,"sticky":null},"text":["r"],"removed":[""],"origin":"+input"}
2019-7-1 22:49:41.173#change#{"from":{"line":1,"ch":23,"sticky":null},"to":{"line":1,"ch":23,"sticky":null},"text":["t"],"removed":[""],"origin":"+input"}
2019-7-1 22:49:41.825#change#{"from":{"line":1,"ch":24,"sticky":null},"to":{"line":1,"ch":24,"sticky":null},"text":[" "],"removed":[""],"origin":"+input"}
2019-7-1 22:49:44.310#change#{"from":{"line":1,"ch":25,"sticky":null},"to":{"line":1,"ch":25,"sticky":null},"text":["*"],"removed":[""],"origin":"+input"}
2019-7-1 22:49:46.212#change#{"from":{"line":1,"ch":26,"sticky":null},"to":{"line":1,"ch":26,"sticky":null},"text":["",""],"removed":[""],"origin":"+input"}
2019-7-1 22:49:46.212#keyHandled#"Enter"
2019-7-1 22:49:46.215#viewportChange#0
2019-7-1 22:50:57.826#change#{"from":{"line":2,"ch":0,"sticky":null},"to":{"line":2,"ch":0,"sticky":null},"text":["m"],"removed":[""],"origin":"+input"}
2019-7-1 22:51:00.487#change#{"from":{"line":2,"ch":1,"sticky":null},"to":{"line":2,"ch":1,"sticky":null},"text":["="],"removed":[""],"origin":"+input"}
2019-7-1 22:51:01.075#change#{"from":{"line":2,"ch":2,"sticky":null},"to":{"line":2,"ch":2,"sticky":null},"text":["a"],"removed":[""],"origin":"+input"}
2019-7-1 22:51:01.474#change#{"from":{"line":2,"ch":3,"sticky":null},"to":{"line":2,"ch":3,"sticky":null},"text":["r"],"removed":[""],"origin":"+input"}
2019-7-1 22:51:01.690#change#{"from":{"line":2,"ch":4,"sticky":null},"to":{"line":2,"ch":4,"sticky":null},"text":["r"],"removed":[""],"origin":"+input"}
2019-7-1 22:51:01.980#change#{"from":{"line":2,"ch":5,"sticky":null},"to":{"line":2,"ch":5,"sticky":null},"text":["a"],"removed":[""],"origin":"+input"}
2019-7-1 22:51:02.518#change#{"from":{"line":2,"ch":6,"sticky":null},"to":{"line":2,"ch":6,"sticky":null},"text":["y"],"removed":[""],"origin":"+input"}
2019-7-1 22:51:04.373#change#{"from":{"line":2,"ch":7,"sticky":null},"to":{"line":2,"ch":7,"sticky":null},"text":["()"],"removed":[""],"origin":"+input"}
2019-7-1 22:51:04.373#keyHandled#"'('"
2019-7-1 22:51:04.633#change#{"from":{"line":2,"ch":8,"sticky":"after"},"to":{"line":2,"ch":8,"sticky":"after"},"text":["e"],"removed":[""],"origin":"+input"}
2019-7-1 22:51:05.202#change#{"from":{"line":2,"ch":9,"sticky":null},"to":{"line":2,"ch":9,"sticky":null},"text":["v"],"removed":[""],"origin":"+input"}
2019-7-1 22:51:05.733#change#{"from":{"line":2,"ch":10,"sticky":null},"to":{"line":2,"ch":10,"sticky":null},"text":["a"],"removed":[""],"origin":"+input"}
2019-7-1 22:51:05.888#change#{"from":{"line":2,"ch":11,"sticky":null},"to":{"line":2,"ch":11,"sticky":null},"text":["l"],"removed":[""],"origin":"+input"}
2019-7-1 22:51:09.076#change#{"from":{"line":2,"ch":12,"sticky":null},"to":{"line":2,"ch":12,"sticky":null},"text":["()"],"removed":[""],"origin":"+input"}
2019-7-1 22:51:09.076#keyHandled#"'('"
2019-7-1 22:51:09.485#change#{"from":{"line":2,"ch":13,"sticky":"after"},"to":{"line":2,"ch":13,"sticky":"after"},"text":["i"],"removed":[""],"origin":"+input"}
2019-7-1 22:51:09.810#change#{"from":{"line":2,"ch":14,"sticky":null},"to":{"line":2,"ch":14,"sticky":null},"text":["n"],"removed":[""],"origin":"+input"}
2019-7-1 22:51:10.401#change#{"from":{"line":2,"ch":15,"sticky":null},"to":{"line":2,"ch":15,"sticky":null},"text":["p"],"removed":[""],"origin":"+input"}
2019-7-1 22:51:10.756#change#{"from":{"line":2,"ch":16,"sticky":null},"to":{"line":2,"ch":16,"sticky":null},"text":["u"],"removed":[""],"origin":"+input"}
2019-7-1 22:51:11.009#change#{"from":{"line":2,"ch":17,"sticky":null},"to":{"line":2,"ch":17,"sticky":null},"text":["t"],"removed":[""],"origin":"+input"}
2019-7-1 22:51:12.972#change#{"from":{"line":2,"ch":18,"sticky":null},"to":{"line":2,"ch":18,"sticky":null},"text":["()"],"removed":[""],"origin":"+input"}
2019-7-1 22:51:12.972#keyHandled#"'('"
2019-7-1 22:51:15.632#change#{"from":{"line":2,"ch":19,"sticky":"after"},"to":{"line":2,"ch":19,"sticky":"after"},"text":["m"],"removed":[""],"origin":"+input"}
2019-7-1 22:51:15.786#change#{"from":{"line":2,"ch":20,"sticky":null},"to":{"line":2,"ch":20,"sticky":null},"text":["a"],"removed":[""],"origin":"+input"}
2019-7-1 22:51:16.257#change#{"from":{"line":2,"ch":21,"sticky":null},"to":{"line":2,"ch":21,"sticky":null},"text":["t"],"removed":[""],"origin":"+input"}
2019-7-1 22:51:16.532#change#{"from":{"line":2,"ch":22,"sticky":null},"to":{"line":2,"ch":22,"sticky":null},"text":["r"],"removed":[""],"origin":"+input"}
2019-7-1 22:51:16.772#change#{"from":{"line":2,"ch":23,"sticky":null},"to":{"line":2,"ch":23,"sticky":null},"text":["i"],"removed":[""],"origin":"+input"}
2019-7-1 22:51:18.139#change#{"from":{"line":2,"ch":23,"sticky":"after"},"to":{"line":2,"ch":24,"sticky":null},"text":[""],"removed":["i"],"origin":"+delete"}
2019-7-1 22:51:18.139#keyHandled#"Backspace"
2019-7-1 22:51:18.355#change#{"from":{"line":2,"ch":22,"sticky":"after"},"to":{"line":2,"ch":23,"sticky":null},"text":[""],"removed":["r"],"origin":"+delete"}
2019-7-1 22:51:18.355#keyHandled#"Backspace"
2019-7-1 22:51:18.539#change#{"from":{"line":2,"ch":21,"sticky":"after"},"to":{"line":2,"ch":22,"sticky":null},"text":[""],"removed":["t"],"origin":"+delete"}
2019-7-1 22:51:18.539#keyHandled#"Backspace"
2019-7-1 22:51:18.767#change#{"from":{"line":2,"ch":20,"sticky":"after"},"to":{"line":2,"ch":21,"sticky":null},"text":[""],"removed":["a"],"origin":"+delete"}
2019-7-1 22:51:18.767#keyHandled#"Backspace"
2019-7-1 22:51:19.335#change#{"from":{"line":2,"ch":19,"sticky":"after"},"to":{"line":2,"ch":20,"sticky":null},"text":[""],"removed":["m"],"origin":"+delete"}
2019-7-1 22:51:19.335#keyHandled#"Backspace"
2019-7-1 22:51:20.460#change#{"from":{"line":2,"ch":19,"sticky":null},"to":{"line":2,"ch":19,"sticky":null},"text":["\"\""],"removed":[""],"origin":"+input"}
2019-7-1 22:51:20.460#keyHandled#"'\"'"
2019-7-1 22:51:21.095#change#{"from":{"line":2,"ch":20,"sticky":"after"},"to":{"line":2,"ch":20,"sticky":"after"},"text":["m"],"removed":[""],"origin":"+input"}
2019-7-1 22:51:21.815#change#{"from":{"line":2,"ch":22,"sticky":null},"to":{"line":2,"ch":22,"sticky":null},"text":["t"],"removed":[""],"origin":"+input"}
2019-7-1 22:51:22.065#change#{"from":{"line":2,"ch":23,"sticky":null},"to":{"line":2,"ch":23,"sticky":null},"text":["r"],"removed":[""],"origin":"+input"}
2019-7-1 22:51:22.311#change#{"from":{"line":2,"ch":24,"sticky":null},"to":{"line":2,"ch":24,"sticky":null},"text":["i"],"removed":[""],"origin":"+input"}
2019-7-1 22:51:22.897#change#{"from":{"line":2,"ch":25,"sticky":null},"to":{"line":2,"ch":25,"sticky":null},"text":["z"],"removed":[""],"origin":"+input"}
2019-7-1 22:51:23.499#change#{"from":{"line":2,"ch":26,"sticky":null},"to":{"line":2,"ch":26,"sticky":null},"text":[":"],"removed":[""],"origin":"+input"}
2019-7-1 22:51:24.415#change#{"from":{"line":2,"ch":27,"sticky":null},"to":{"line":2,"ch":27,"sticky":null},"text":[" "],"removed":[""],"origin":"+input"}
2019-7-1 22:51:25.311#keyHandled#"Right"
2019-7-1 22:51:25.524#keyHandled#"Right"
2019-7-1 22:51:25.753#keyHandled#"Right"
2019-7-1 22:51:26.167#keyHandled#"Right"
2019-7-1 22:51:28.750#change#{"from":{"line":2,"ch":32,"sticky":"before"},"to":{"line":2,"ch":32,"sticky":"before"},"text":["",""],"removed":[""],"origin":"+input"}
2019-7-1 22:51:28.750#keyHandled#"Enter"
2019-7-1 22:51:28.753#viewportChange#0
2019-7-1 22:51:30.409#change#{"from":{"line":3,"ch":0,"sticky":null},"to":{"line":3,"ch":0,"sticky":null},"text":["c"],"removed":[""],"origin":"+input"}
2019-7-1 22:51:33.188#change#{"from":{"line":3,"ch":1,"sticky":null},"to":{"line":3,"ch":1,"sticky":null},"text":["="],"removed":[""],"origin":"+input"}
2019-7-1 22:51:36.244#change#{"from":{"line":3,"ch":2,"sticky":null},"to":{"line":3,"ch":2,"sticky":null},"text":["m"],"removed":[""],"origin":"+input"}
2019-7-1 22:51:38.768#change#{"from":{"line":3,"ch":3,"sticky":null},"to":{"line":3,"ch":3,"sticky":null},"text":["."],"removed":[""],"origin":"+input"}
2019-7-1 22:51:39.475#change#{"from":{"line":3,"ch":4,"sticky":null},"to":{"line":3,"ch":4,"sticky":null},"text":["s"],"removed":[""],"origin":"+input"}
2019-7-1 22:51:39.782#change#{"from":{"line":3,"ch":5,"sticky":null},"to":{"line":3,"ch":5,"sticky":null},"text":["h"],"removed":[""],"origin":"+input"}
2019-7-1 22:51:40.005#change#{"from":{"line":3,"ch":6,"sticky":null},"to":{"line":3,"ch":6,"sticky":null},"text":["a"],"removed":[""],"origin":"+input"}
2019-7-1 22:51:40.377#change#{"from":{"line":3,"ch":7,"sticky":null},"to":{"line":3,"ch":7,"sticky":null},"text":["p"],"removed":[""],"origin":"+input"}
2019-7-1 22:51:40.581#change#{"from":{"line":3,"ch":8,"sticky":null},"to":{"line":3,"ch":8,"sticky":null},"text":["e"],"removed":[""],"origin":"+input"}
2019-7-1 22:51:43.560#change#{"from":{"line":3,"ch":9,"sticky":null},"to":{"line":3,"ch":9,"sticky":null},"text":["{}"],"removed":[""],"origin":"+input"}
2019-7-1 22:51:43.560#keyHandled#"'{'"
2019-7-1 22:51:44.194#change#{"from":{"line":3,"ch":9,"sticky":null},"to":{"line":3,"ch":11,"sticky":null},"text":[""],"removed":["{}"],"origin":"+delete"}
2019-7-1 22:51:44.194#keyHandled#"Backspace"
2019-7-1 22:51:44.860#change#{"from":{"line":3,"ch":9,"sticky":null},"to":{"line":3,"ch":9,"sticky":null},"text":["[]"],"removed":[""],"origin":"+input"}
2019-7-1 22:51:44.860#keyHandled#"'['"
2019-7-1 22:51:45.844#change#{"from":{"line":3,"ch":10,"sticky":"after"},"to":{"line":3,"ch":10,"sticky":"after"},"text":["1"],"removed":[""],"origin":"+input"}
2019-7-1 22:51:48.524#change#{"from":{"line":3,"ch":11,"sticky":null},"to":{"line":3,"ch":11,"sticky":null},"text":["",""],"removed":[""],"origin":"+input"}
2019-7-1 22:51:48.524#change#{"from":{"line":4,"ch":0,"sticky":null},"to":{"line":4,"ch":0,"sticky":null},"text":["\t\t\t"],"removed":[""],"origin":"+input"}
2019-7-1 22:51:48.524#keyHandled#"Enter"
2019-7-1 22:51:48.532#viewportChange#0
2019-7-1 22:51:49.096#change#{"from":{"line":4,"ch":3,"sticky":null},"to":{"line":4,"ch":3,"sticky":null},"text":["z"],"removed":[""],"origin":"+input"}
2019-7-1 22:51:52.450#keyHandled#"Right"
2019-7-1 22:51:52.857#change#{"from":{"line":3,"ch":12,"sticky":"before"},"to":{"line":3,"ch":12,"sticky":"before"},"text":["",""],"removed":[""],"origin":"+input"}
2019-7-1 22:51:52.857#keyHandled#"Enter"
2019-7-1 22:51:52.860#viewportChange#0
2019-7-1 22:51:54.208#change#{"from":{"line":4,"ch":0,"sticky":null},"to":{"line":4,"ch":0,"sticky":null},"text":["z"],"removed":[""],"origin":"+input"}
2019-7-1 22:51:56.038#change#{"from":{"line":4,"ch":1,"sticky":null},"to":{"line":4,"ch":1,"sticky":null},"text":["="],"removed":[""],"origin":"+input"}
2019-7-1 22:51:56.778#change#{"from":{"line":4,"ch":2,"sticky":null},"to":{"line":4,"ch":2,"sticky":null},"text":["z"],"removed":[""],"origin":"+input"}
2019-7-1 22:51:57.171#change#{"from":{"line":4,"ch":3,"sticky":null},"to":{"line":4,"ch":3,"sticky":null},"text":["e"],"removed":[""],"origin":"+input"}
2019-7-1 22:51:57.406#change#{"from":{"line":4,"ch":4,"sticky":null},"to":{"line":4,"ch":4,"sticky":null},"text":["r"],"removed":[""],"origin":"+input"}
2019-7-1 22:51:57.626#change#{"from":{"line":4,"ch":5,"sticky":null},"to":{"line":4,"ch":5,"sticky":null},"text":["o"],"removed":[""],"origin":"+input"}
2019-7-1 22:51:57.943#change#{"from":{"line":4,"ch":6,"sticky":null},"to":{"line":4,"ch":6,"sticky":null},"text":["s"],"removed":[""],"origin":"+input"}
2019-7-1 22:52:02.093#change#{"from":{"line":4,"ch":7,"sticky":null},"to":{"line":4,"ch":7,"sticky":null},"text":["()"],"removed":[""],"origin":"+input"}
2019-7-1 22:52:02.093#keyHandled#"'('"
2019-7-1 22:52:04.937#change#{"from":{"line":4,"ch":8,"sticky":"after"},"to":{"line":4,"ch":8,"sticky":"after"},"text":["c"],"removed":[""],"origin":"+input"}
2019-7-1 22:52:06.073#change#{"from":{"line":4,"ch":9,"sticky":null},"to":{"line":4,"ch":9,"sticky":null},"text":[","],"removed":[""],"origin":"+input"}
2019-7-1 22:52:06.658#change#{"from":{"line":4,"ch":10,"sticky":null},"to":{"line":4,"ch":10,"sticky":null},"text":["d"],"removed":[""],"origin":"+input"}
2019-7-1 22:52:07.393#change#{"from":{"line":4,"ch":11,"sticky":null},"to":{"line":4,"ch":11,"sticky":null},"text":["t"],"removed":[""],"origin":"+input"}
2019-7-1 22:52:07.654#change#{"from":{"line":4,"ch":12,"sticky":null},"to":{"line":4,"ch":12,"sticky":null},"text":["y"],"removed":[""],"origin":"+input"}
2019-7-1 22:52:08.353#change#{"from":{"line":4,"ch":13,"sticky":null},"to":{"line":4,"ch":13,"sticky":null},"text":["p"],"removed":[""],"origin":"+input"}
2019-7-1 22:52:08.538#change#{"from":{"line":4,"ch":14,"sticky":null},"to":{"line":4,"ch":14,"sticky":null},"text":["e"],"removed":[""],"origin":"+input"}
2019-7-1 22:52:15.836#change#{"from":{"line":4,"ch":15,"sticky":null},"to":{"line":4,"ch":15,"sticky":null},"text":["="],"removed":[""],"origin":"+input"}
2019-7-1 22:52:16.286#change#{"from":{"line":4,"ch":16,"sticky":null},"to":{"line":4,"ch":16,"sticky":null},"text":["i"],"removed":[""],"origin":"+input"}
2019-7-1 22:52:16.635#change#{"from":{"line":4,"ch":17,"sticky":null},"to":{"line":4,"ch":17,"sticky":null},"text":["n"],"removed":[""],"origin":"+input"}
2019-7-1 22:52:16.861#change#{"from":{"line":4,"ch":18,"sticky":null},"to":{"line":4,"ch":18,"sticky":null},"text":["t"],"removed":[""],"origin":"+input"}
2019-7-1 22:52:17.980#keyHandled#"Right"
2019-7-1 22:52:20.145#change#{"from":{"line":4,"ch":20,"sticky":"before"},"to":{"line":4,"ch":20,"sticky":"before"},"text":["",""],"removed":[""],"origin":"+input"}
2019-7-1 22:52:20.145#keyHandled#"Enter"
2019-7-1 22:52:20.149#viewportChange#0
2019-7-1 22:52:20.655#change#{"from":{"line":5,"ch":0,"sticky":null},"to":{"line":5,"ch":0,"sticky":null},"text":["f"],"removed":[""],"origin":"+input"}
2019-7-1 22:52:20.990#change#{"from":{"line":5,"ch":1,"sticky":null},"to":{"line":5,"ch":1,"sticky":null},"text":["o"],"removed":[""],"origin":"+input"}
2019-7-1 22:52:21.136#change#{"from":{"line":5,"ch":2,"sticky":null},"to":{"line":5,"ch":2,"sticky":null},"text":["r"],"removed":[""],"origin":"+input"}
2019-7-1 22:52:21.477#change#{"from":{"line":5,"ch":3,"sticky":null},"to":{"line":5,"ch":3,"sticky":null},"text":[" "],"removed":[""],"origin":"+input"}
2019-7-1 22:52:22.824#change#{"from":{"line":5,"ch":4,"sticky":null},"to":{"line":5,"ch":4,"sticky":null},"text":["j"],"removed":[""],"origin":"+input"}
2019-7-1 22:52:23.720#change#{"from":{"line":5,"ch":5,"sticky":null},"to":{"line":5,"ch":5,"sticky":null},"text":[" "],"removed":[""],"origin":"+input"}
2019-7-1 22:52:23.931#change#{"from":{"line":5,"ch":6,"sticky":null},"to":{"line":5,"ch":6,"sticky":null},"text":["i"],"removed":[""],"origin":"+input"}
2019-7-1 22:52:24.272#change#{"from":{"line":5,"ch":7,"sticky":null},"to":{"line":5,"ch":7,"sticky":null},"text":["n"],"removed":[""],"origin":"+input"}
2019-7-1 22:52:24.626#change#{"from":{"line":5,"ch":8,"sticky":null},"to":{"line":5,"ch":8,"sticky":null},"text":[" "],"removed":[""],"origin":"+input"}
2019-7-1 22:52:24.870#change#{"from":{"line":5,"ch":9,"sticky":null},"to":{"line":5,"ch":9,"sticky":null},"text":["r"],"removed":[""],"origin":"+input"}
2019-7-1 22:52:25.356#change#{"from":{"line":5,"ch":10,"sticky":null},"to":{"line":5,"ch":10,"sticky":null},"text":["a"],"removed":[""],"origin":"+input"}
2019-7-1 22:52:25.578#change#{"from":{"line":5,"ch":11,"sticky":null},"to":{"line":5,"ch":11,"sticky":null},"text":["n"],"removed":[""],"origin":"+input"}
2019-7-1 22:52:25.887#change#{"from":{"line":5,"ch":12,"sticky":null},"to":{"line":5,"ch":12,"sticky":null},"text":["g"],"removed":[""],"origin":"+input"}
2019-7-1 22:52:26.502#change#{"from":{"line":5,"ch":13,"sticky":null},"to":{"line":5,"ch":13,"sticky":null},"text":["e"],"removed":[""],"origin":"+input"}
2019-7-1 22:52:27.920#change#{"from":{"line":5,"ch":14,"sticky":null},"to":{"line":5,"ch":14,"sticky":null},"text":[" "],"removed":[""],"origin":"+input"}
2019-7-1 22:52:29.108#change#{"from":{"line":5,"ch":15,"sticky":null},"to":{"line":5,"ch":15,"sticky":null},"text":["()"],"removed":[""],"origin":"+input"}
2019-7-1 22:52:29.108#keyHandled#"'('"
2019-7-1 22:52:30.589#change#{"from":{"line":5,"ch":16,"sticky":"after"},"to":{"line":5,"ch":16,"sticky":"after"},"text":["c"],"removed":[""],"origin":"+input"}
2019-7-1 22:52:35.032#keyHandled#"Right"
2019-7-1 22:52:35.986#change#{"from":{"line":5,"ch":18,"sticky":"before"},"to":{"line":5,"ch":18,"sticky":"before"},"text":[":"],"removed":[""],"origin":"+input"}
2019-7-1 22:52:37.049#change#{"from":{"line":5,"ch":19,"sticky":null},"to":{"line":5,"ch":19,"sticky":null},"text":["",""],"removed":[""],"origin":"+input"}
2019-7-1 22:52:37.049#change#{"from":{"line":6,"ch":0,"sticky":null},"to":{"line":6,"ch":0,"sticky":null},"text":["\t"],"removed":[""],"origin":"+input"}
2019-7-1 22:52:37.050#keyHandled#"Enter"
2019-7-1 22:52:37.054#viewportChange#0
2019-7-1 22:52:42.808#change#{"from":{"line":6,"ch":1,"sticky":null},"to":{"line":6,"ch":1,"sticky":null},"text":["z"],"removed":[""],"origin":"+input"}
2019-7-1 22:52:44.058#change#{"from":{"line":6,"ch":2,"sticky":null},"to":{"line":6,"ch":2,"sticky":null},"text":["[]"],"removed":[""],"origin":"+input"}
2019-7-1 22:52:44.058#keyHandled#"'['"
2019-7-1 22:52:47.148#change#{"from":{"line":6,"ch":3,"sticky":"after"},"to":{"line":6,"ch":3,"sticky":"after"},"text":["j"],"removed":[""],"origin":"+input"}
2019-7-1 22:52:49.382#keyHandled#"Right"
2019-7-1 22:52:50.297#change#{"from":{"line":6,"ch":5,"sticky":"before"},"to":{"line":6,"ch":5,"sticky":"before"},"text":["="],"removed":[""],"origin":"+input"}
2019-7-1 22:52:52.996#change#{"from":{"line":6,"ch":6,"sticky":null},"to":{"line":6,"ch":6,"sticky":null},"text":["s"],"removed":[""],"origin":"+input"}
2019-7-1 22:52:53.269#change#{"from":{"line":6,"ch":7,"sticky":null},"to":{"line":6,"ch":7,"sticky":null},"text":["u"],"removed":[""],"origin":"+input"}
2019-7-1 22:52:55.509#change#{"from":{"line":6,"ch":8,"sticky":null},"to":{"line":6,"ch":8,"sticky":null},"text":["m"],"removed":[""],"origin":"+input"}
2019-7-1 22:53:00.519#change#{"from":{"line":6,"ch":9,"sticky":null},"to":{"line":6,"ch":9,"sticky":null},"text":["()"],"removed":[""],"origin":"+input"}
2019-7-1 22:53:00.519#keyHandled#"'('"
2019-7-1 22:53:04.296#change#{"from":{"line":6,"ch":10,"sticky":"after"},"to":{"line":6,"ch":10,"sticky":"after"},"text":["m"],"removed":[""],"origin":"+input"}
2019-7-1 22:53:06.001#change#{"from":{"line":6,"ch":11,"sticky":null},"to":{"line":6,"ch":11,"sticky":null},"text":["[]"],"removed":[""],"origin":"+input"}
2019-7-1 22:53:06.001#keyHandled#"'['"
2019-7-1 22:53:09.765#change#{"from":{"line":6,"ch":12,"sticky":"after"},"to":{"line":6,"ch":12,"sticky":"after"},"text":[":"],"removed":[""],"origin":"+input"}
2019-7-1 22:53:13.341#change#{"from":{"line":6,"ch":13,"sticky":null},"to":{"line":6,"ch":13,"sticky":null},"text":[","],"removed":[""],"origin":"+input"}
2019-7-1 22:53:13.784#change#{"from":{"line":6,"ch":14,"sticky":null},"to":{"line":6,"ch":14,"sticky":null},"text":["j"],"removed":[""],"origin":"+input"}
2019-7-1 22:53:14.923#keyHandled#"Right"
2019-7-1 22:53:15.416#keyHandled#"Right"
2019-7-1 22:53:19.659#change#{"from":{"line":6,"ch":17,"sticky":"before"},"to":{"line":6,"ch":17,"sticky":"before"},"text":["",""],"removed":[""],"origin":"+input"}
2019-7-1 22:53:19.659#change#{"from":{"line":7,"ch":0,"sticky":null},"to":{"line":7,"ch":0,"sticky":null},"text":["\t"],"removed":[""],"origin":"+input"}
2019-7-1 22:53:19.659#keyHandled#"Enter"
2019-7-1 22:53:19.663#viewportChange#0
2019-7-1 22:53:20.761#change#{"from":{"line":7,"ch":0,"sticky":"after"},"to":{"line":7,"ch":1,"sticky":null},"text":[""],"removed":["\t"],"origin":"+delete"}
2019-7-1 22:53:20.761#keyHandled#"Backspace"
2019-7-1 22:53:21.824#change#{"from":{"line":7,"ch":0,"sticky":null},"to":{"line":7,"ch":0,"sticky":null},"text":["f"],"removed":[""],"origin":"+input"}
2019-7-1 22:53:22.057#change#{"from":{"line":7,"ch":1,"sticky":null},"to":{"line":7,"ch":1,"sticky":null},"text":["o"],"removed":[""],"origin":"+input"}
2019-7-1 22:53:22.575#change#{"from":{"line":7,"ch":2,"sticky":null},"to":{"line":7,"ch":2,"sticky":null},"text":["r"],"removed":[""],"origin":"+input"}
2019-7-1 22:53:23.205#change#{"from":{"line":7,"ch":3,"sticky":null},"to":{"line":7,"ch":3,"sticky":null},"text":[" "],"removed":[""],"origin":"+input"}
2019-7-1 22:53:24.132#change#{"from":{"line":7,"ch":4,"sticky":null},"to":{"line":7,"ch":4,"sticky":null},"text":["i"],"removed":[""],"origin":"+input"}
2019-7-1 22:53:29.813#change#{"from":{"line":7,"ch":4,"sticky":"after"},"to":{"line":7,"ch":5,"sticky":null},"text":[""],"removed":["i"],"origin":"+delete"}
2019-7-1 22:53:29.813#keyHandled#"Backspace"
2019-7-1 22:53:31.623#change#{"from":{"line":7,"ch":4,"sticky":null},"to":{"line":7,"ch":4,"sticky":null},"text":["m"],"removed":[""],"origin":"+input"}
2019-7-1 22:53:32.143#change#{"from":{"line":7,"ch":5,"sticky":null},"to":{"line":7,"ch":5,"sticky":null},"text":[" "],"removed":[""],"origin":"+input"}
2019-7-1 22:53:33.275#change#{"from":{"line":7,"ch":6,"sticky":null},"to":{"line":7,"ch":6,"sticky":null},"text":["i"],"removed":[""],"origin":"+input"}
2019-7-1 22:53:33.606#change#{"from":{"line":7,"ch":7,"sticky":null},"to":{"line":7,"ch":7,"sticky":null},"text":["n"],"removed":[""],"origin":"+input"}
2019-7-1 22:53:33.864#change#{"from":{"line":7,"ch":8,"sticky":null},"to":{"line":7,"ch":8,"sticky":null},"text":[" "],"removed":[""],"origin":"+input"}
2019-7-1 22:53:34.140#change#{"from":{"line":7,"ch":9,"sticky":null},"to":{"line":7,"ch":9,"sticky":null},"text":["r"],"removed":[""],"origin":"+input"}
2019-7-1 22:53:34.692#change#{"from":{"line":7,"ch":10,"sticky":null},"to":{"line":7,"ch":10,"sticky":null},"text":["a"],"removed":[""],"origin":"+input"}
2019-7-1 22:53:34.911#change#{"from":{"line":7,"ch":11,"sticky":null},"to":{"line":7,"ch":11,"sticky":null},"text":["n"],"removed":[""],"origin":"+input"}
2019-7-1 22:53:35.188#change#{"from":{"line":7,"ch":12,"sticky":null},"to":{"line":7,"ch":12,"sticky":null},"text":["g"],"removed":[""],"origin":"+input"}
2019-7-1 22:53:36.104#change#{"from":{"line":7,"ch":13,"sticky":null},"to":{"line":7,"ch":13,"sticky":null},"text":["e"],"removed":[""],"origin":"+input"}
2019-7-1 22:53:36.556#change#{"from":{"line":7,"ch":14,"sticky":null},"to":{"line":7,"ch":14,"sticky":null},"text":[" "],"removed":[""],"origin":"+input"}
2019-7-1 22:53:38.245#change#{"from":{"line":7,"ch":15,"sticky":null},"to":{"line":7,"ch":15,"sticky":null},"text":["()"],"removed":[""],"origin":"+input"}
2019-7-1 22:53:38.245#keyHandled#"'('"
2019-7-1 22:53:43.218#change#{"from":{"line":7,"ch":16,"sticky":"after"},"to":{"line":7,"ch":16,"sticky":"after"},"text":["s"],"removed":[""],"origin":"+input"}
2019-7-1 22:53:43.526#change#{"from":{"line":7,"ch":17,"sticky":null},"to":{"line":7,"ch":17,"sticky":null},"text":["i"],"removed":[""],"origin":"+input"}
2019-7-1 22:53:43.754#change#{"from":{"line":7,"ch":18,"sticky":null},"to":{"line":7,"ch":18,"sticky":null},"text":["z"],"removed":[""],"origin":"+input"}
2019-7-1 22:53:44.247#change#{"from":{"line":7,"ch":19,"sticky":null},"to":{"line":7,"ch":19,"sticky":null},"text":["e"],"removed":[""],"origin":"+input"}
2019-7-1 22:53:48.146#change#{"from":{"line":7,"ch":20,"sticky":null},"to":{"line":7,"ch":20,"sticky":null},"text":["()"],"removed":[""],"origin":"+input"}
2019-7-1 22:53:48.146#keyHandled#"'('"
2019-7-1 22:53:49.218#change#{"from":{"line":7,"ch":21,"sticky":"after"},"to":{"line":7,"ch":21,"sticky":"after"},"text":["z"],"removed":[""],"origin":"+input"}
2019-7-1 22:53:54.052#change#{"from":{"line":7,"ch":24,"sticky":"before"},"to":{"line":7,"ch":24,"sticky":"before"},"text":[":"],"removed":[""],"origin":"+input"}
2019-7-1 22:53:59.409#change#{"from":{"line":7,"ch":25,"sticky":null},"to":{"line":7,"ch":25,"sticky":null},"text":["",""],"removed":[""],"origin":"+input"}
2019-7-1 22:53:59.409#change#{"from":{"line":8,"ch":0,"sticky":null},"to":{"line":8,"ch":0,"sticky":null},"text":["\t"],"removed":[""],"origin":"+input"}
2019-7-1 22:53:59.409#keyHandled#"Enter"
2019-7-1 22:53:59.419#viewportChange#0
2019-7-1 22:54:02.203#change#{"from":{"line":8,"ch":1,"sticky":null},"to":{"line":8,"ch":1,"sticky":null},"text":["i"],"removed":[""],"origin":"+input"}
2019-7-1 22:54:02.450#change#{"from":{"line":8,"ch":2,"sticky":null},"to":{"line":8,"ch":2,"sticky":null},"text":["f"],"removed":[""],"origin":"+input"}
2019-7-1 22:54:03.823#change#{"from":{"line":8,"ch":3,"sticky":null},"to":{"line":8,"ch":3,"sticky":null},"text":["()"],"removed":[""],"origin":"+input"}
2019-7-1 22:54:03.823#keyHandled#"'('"
2019-7-1 22:54:07.801#change#{"from":{"line":8,"ch":4,"sticky":"after"},"to":{"line":8,"ch":4,"sticky":"after"},"text":["z"],"removed":[""],"origin":"+input"}
2019-7-1 22:54:25.272#change#{"from":{"line":8,"ch":5,"sticky":null},"to":{"line":8,"ch":5,"sticky":null},"text":["{}"],"removed":[""],"origin":"+input"}
2019-7-1 22:54:25.272#keyHandled#"'{'"
2019-7-1 22:54:26.408#change#{"from":{"line":8,"ch":5,"sticky":null},"to":{"line":8,"ch":7,"sticky":null},"text":[""],"removed":["{}"],"origin":"+delete"}
2019-7-1 22:54:26.408#keyHandled#"Backspace"
2019-7-1 22:54:29.710#change#{"from":{"line":8,"ch":5,"sticky":null},"to":{"line":8,"ch":5,"sticky":null},"text":["[]"],"removed":[""],"origin":"+input"}
2019-7-1 22:54:29.710#keyHandled#"'['"
2019-7-1 22:54:30.915#change#{"from":{"line":8,"ch":6,"sticky":"after"},"to":{"line":8,"ch":6,"sticky":"after"},"text":["n"],"removed":[""],"origin":"+input"}
2019-7-1 22:54:33.636#mousedown#{"isTrusted":true}
2019-7-1 22:54:34.926#change#{"from":{"line":6,"ch":10,"sticky":"after"},"to":{"line":6,"ch":11,"sticky":"before","xRel":-0.875},"text":[""],"removed":["m"],"origin":"+delete"}
2019-7-1 22:54:34.926#keyHandled#"Backspace"
2019-7-1 22:54:35.304#change#{"from":{"line":6,"ch":10,"sticky":null},"to":{"line":6,"ch":10,"sticky":null},"text":["n"],"removed":[""],"origin":"+input"}
2019-7-1 22:54:43.110#change#{"from":{"line":6,"ch":10,"sticky":"after"},"to":{"line":6,"ch":11,"sticky":null},"text":[""],"removed":["n"],"origin":"+delete"}
2019-7-1 22:54:43.110#keyHandled#"Backspace"
2019-7-1 22:54:44.436#change#{"from":{"line":6,"ch":10,"sticky":null},"to":{"line":6,"ch":10,"sticky":null},"text":["m"],"removed":[""],"origin":"+input"}
2019-7-1 22:54:52.124#mousedown#{"isTrusted":true}
2019-7-1 22:54:53.406#change#{"from":{"line":7,"ch":4,"sticky":"after"},"to":{"line":7,"ch":5,"sticky":"after","xRel":0.65625},"text":[""],"removed":["m"],"origin":"+delete"}
2019-7-1 22:54:53.406#keyHandled#"Backspace"
2019-7-1 22:54:54.073#change#{"from":{"line":7,"ch":4,"sticky":null},"to":{"line":7,"ch":4,"sticky":null},"text":["n"],"removed":[""],"origin":"+input"}
2019-7-1 22:54:58.589#mousedown#{"isTrusted":true}
2019-7-1 22:55:00.311#change#{"from":{"line":8,"ch":8,"sticky":"after","xRel":1.109375},"to":{"line":8,"ch":8,"sticky":"after","xRel":1.109375},"text":["="],"removed":[""],"origin":"+input"}
2019-7-1 22:55:00.619#change#{"from":{"line":8,"ch":9,"sticky":null},"to":{"line":8,"ch":9,"sticky":null},"text":["="],"removed":[""],"origin":"+input"}
2019-7-1 22:55:03.721#change#{"from":{"line":8,"ch":10,"sticky":null},"to":{"line":8,"ch":10,"sticky":null},"text":["m"],"removed":[""],"origin":"+input"}
2019-7-1 22:55:04.020#change#{"from":{"line":8,"ch":11,"sticky":null},"to":{"line":8,"ch":11,"sticky":null},"text":["a"],"removed":[""],"origin":"+input"}
2019-7-1 22:55:05.213#change#{"from":{"line":8,"ch":12,"sticky":null},"to":{"line":8,"ch":12,"sticky":null},"text":["x"],"removed":[""],"origin":"+input"}
2019-7-1 22:55:08.252#change#{"from":{"line":8,"ch":13,"sticky":null},"to":{"line":8,"ch":13,"sticky":null},"text":["()"],"removed":[""],"origin":"+input"}
2019-7-1 22:55:08.252#keyHandled#"'('"
2019-7-1 22:55:08.789#change#{"from":{"line":8,"ch":14,"sticky":"after"},"to":{"line":8,"ch":14,"sticky":"after"},"text":["z"],"removed":[""],"origin":"+input"}
2019-7-1 22:55:11.764#keyHandled#"Right"
2019-7-1 22:55:12.313#keyHandled#"Right"
2019-7-1 22:55:13.409#change#{"from":{"line":8,"ch":17,"sticky":"before"},"to":{"line":8,"ch":17,"sticky":"before"},"text":[":"],"removed":[""],"origin":"+input"}
2019-7-1 22:55:14.754#change#{"from":{"line":8,"ch":18,"sticky":null},"to":{"line":8,"ch":18,"sticky":null},"text":["",""],"removed":[""],"origin":"+input"}
2019-7-1 22:55:14.754#change#{"from":{"line":9,"ch":0,"sticky":null},"to":{"line":9,"ch":0,"sticky":null},"text":["\t\t"],"removed":[""],"origin":"+input"}
2019-7-1 22:55:14.754#keyHandled#"Enter"
2019-7-1 22:55:14.763#viewportChange#0
2019-7-1 22:55:16.284#change#{"from":{"line":9,"ch":2,"sticky":null},"to":{"line":9,"ch":2,"sticky":null},"text":["p"],"removed":[""],"origin":"+input"}
2019-7-1 22:55:16.593#change#{"from":{"line":9,"ch":3,"sticky":null},"to":{"line":9,"ch":3,"sticky":null},"text":["r"],"removed":[""],"origin":"+input"}
2019-7-1 22:55:16.855#change#{"from":{"line":9,"ch":4,"sticky":null},"to":{"line":9,"ch":4,"sticky":null},"text":["i"],"removed":[""],"origin":"+input"}
2019-7-1 22:55:17.160#change#{"from":{"line":9,"ch":5,"sticky":null},"to":{"line":9,"ch":5,"sticky":null},"text":["n"],"removed":[""],"origin":"+input"}
2019-7-1 22:55:17.357#change#{"from":{"line":9,"ch":6,"sticky":null},"to":{"line":9,"ch":6,"sticky":null},"text":["t"],"removed":[""],"origin":"+input"}
2019-7-1 22:55:18.841#change#{"from":{"line":9,"ch":7,"sticky":null},"to":{"line":9,"ch":7,"sticky":null},"text":["9"],"removed":[""],"origin":"+input"}
2019-7-1 22:55:19.769#change#{"from":{"line":9,"ch":7,"sticky":"after"},"to":{"line":9,"ch":8,"sticky":null},"text":[""],"removed":["9"],"origin":"+delete"}
2019-7-1 22:55:19.769#keyHandled#"Backspace"
2019-7-1 22:55:22.510#change#{"from":{"line":9,"ch":8,"sticky":"after"},"to":{"line":9,"ch":8,"sticky":"after"},"text":["m"],"removed":[""],"origin":"+input"}
2019-7-1 22:55:23.649#change#{"from":{"line":9,"ch":9,"sticky":null},"to":{"line":9,"ch":9,"sticky":null},"text":["+"],"removed":[""],"origin":"+input"}
2019-7-1 22:55:24.563#change#{"from":{"line":9,"ch":10,"sticky":null},"to":{"line":9,"ch":10,"sticky":null},"text":["1"],"removed":[""],"origin":"+input"}
2019-7-1 22:55:26.658#blur#
2019-7-1 22:55:26.658#blur#
2019-7-1 22:55:57.484#mousedown#{"isTrusted":true}
2019-7-1 22:55:57.517#focus#
2019-7-1 22:56:00.161#change#{"from":{"line":9,"ch":1,"sticky":"after"},"to":{"line":9,"ch":2,"sticky":"before","xRel":-3.078125},"text":[""],"removed":["\t"],"origin":"+delete"}
2019-7-1 22:56:00.161#keyHandled#"Backspace"
2019-7-1 22:56:04.560#blur#
2019-7-1 22:56:04.560#blur#
2019-7-1 22:56:07.853#dica_bullet#IndentationError: expected an indented block
2019-7-1 22:56:08.309#saida_testar#$ python3 main.py
File "main.py", line 10
print(m+1)
IndentationError: expected an indented block
2019-7-1 22:56:16.022#mousedown#{"isTrusted":true}
2019-7-1 22:56:16.054#focus#
2019-7-1 22:56:17.486#change#{"from":{"line":9,"ch":7,"sticky":"after"},"to":{"line":9,"ch":8,"sticky":"after","xRel":1.15625},"text":[""],"removed":["m"],"origin":"+delete"}
2019-7-1 22:56:17.486#keyHandled#"Backspace"
2019-7-1 22:56:17.871#change#{"from":{"line":9,"ch":7,"sticky":null},"to":{"line":9,"ch":7,"sticky":null},"text":["n"],"removed":[""],"origin":"+input"}
2019-7-1 22:56:20.306#blur#
2019-7-1 22:56:20.306#blur#
2019-7-1 22:56:22.233#dica_bullet#IndentationError: expected an indented block
2019-7-1 22:56:23.151#mousedown#{"isTrusted":true}
2019-7-1 22:56:23.187#focus#
2019-7-1 22:56:23.979#saida_testar#$ python3 main.py
File "main.py", line 10
print(n+1)
IndentationError: expected an indented block
2019-7-1 22:56:24.147#change#{"from":{"line":9,"ch":1,"sticky":"before","xRel":-4.984375},"to":{"line":9,"ch":1,"sticky":"before","xRel":-4.984375},"text":["\t"],"removed":[""],"origin":"+input"}
2019-7-1 22:56:24.147#keyHandled#"Tab"
2019-7-1 22:56:25.542#blur#
2019-7-1 22:56:25.542#blur#
