== TEST (2019-03-13 15:03:34) 
-- CODE:
print("Adicao: ", 5 + 3)

print("Subtracao: ", 10-2)

print("Multiplicacao: ", 4 * 2)

print("Divisao: ", 16 / 2)

print("Resto: ", 20 % 12)

print("Potenciacao: ", 2 ** 3)
-- OUTPUT:
Adicao:  8
Subtracao:  8
Multiplicacao:  8
Divisao:  8.0
Resto:  8
Potenciacao:  8
*-*-*-*-*-*-*-*-*-*-*-*-*-*-*-*-*-*-*-*-*-*-*-*
== SUBMITION (2019-03-13 15:03:38) 
-- CODE:
print("Adicao: ", 5 + 3)

print("Subtracao: ", 10-2)

print("Multiplicacao: ", 4 * 2)

print("Divisao: ", 16 / 2)

print("Resto: ", 20 % 12)

print("Potenciacao: ", 2 ** 3)
-- EXECUTION TIME:
0.170996
-- TEST CASE 1:
---- input:
xxx
---- correct output:
Adicao:  8
Subtracao:  8
Multiplicacao:  8
Divisao:  8.0
Resto:  8
Potenciacao:  8
---- user output:
Adicao:  8
Subtracao:  8
Multiplicacao:  8
Divisao:  8.0
Resto:  8
Potenciacao:  8
-- GRADE:
100%
*-*-*-*-*-*-*-*-*-*-*-*-*-*-*-*-*-*-*-*-*-*-*-*
