== TEST (2019-03-14 12:34:20) 
-- CODE:
frase = "Ada Lovelace foi a primeira programadora da historia."
print(frase.upper)
-- OUTPUT:
<built-in method upper of str object at 0x7f848dabc9f0>
*-*-*-*-*-*-*-*-*-*-*-*-*-*-*-*-*-*-*-*-*-*-*-*
== TEST (2019-03-14 12:34:22) 
-- CODE:
frase = "Ada Lovelace foi a primeira programadora da historia."
print(frase.upper)
-- OUTPUT:
<built-in method upper of str object at 0x7fa103a5a9f0>
*-*-*-*-*-*-*-*-*-*-*-*-*-*-*-*-*-*-*-*-*-*-*-*
== TEST (2019-03-14 12:34:25) 
-- CODE:
frase = "Ada Lovelace foi a primeira programadora da historia."
print(frase.upper)
-- OUTPUT:
<built-in method upper of str object at 0x7fab91c999f0>
*-*-*-*-*-*-*-*-*-*-*-*-*-*-*-*-*-*-*-*-*-*-*-*
== TEST (2019-03-14 12:34:45) 
-- CODE:
frase = "Ada Lovelace foi a primeira programadora da historia."
print(frase.upper())
-- OUTPUT:
ADA LOVELACE FOI A PRIMEIRA PROGRAMADORA DA HISTORIA.
*-*-*-*-*-*-*-*-*-*-*-*-*-*-*-*-*-*-*-*-*-*-*-*
== SUBMITION (2019-03-14 12:34:47) 
-- CODE:
frase = "Ada Lovelace foi a primeira programadora da historia."
print(frase.upper())
-- EXECUTION TIME:
0.128549
-- TEST CASE 1:
---- input:
nonono
---- correct output:
ADA LOVELACE FOI A PRIMEIRA PROGRAMADORA DA HISTORIA.
---- user output:
ADA LOVELACE FOI A PRIMEIRA PROGRAMADORA DA HISTORIA.
-- GRADE:
100%
*-*-*-*-*-*-*-*-*-*-*-*-*-*-*-*-*-*-*-*-*-*-*-*
