2019-5-14 19:49:56.378#viewportChange#0
2019-5-14 19:50:38.632#mousedown#{"isTrusted":true}
2019-5-14 19:50:38.645#focus#
2019-5-14 19:50:40.124#change#{"from":{"line":0,"ch":0,"sticky":"after","xRel":162.09375},"to":{"line":0,"ch":0,"sticky":"after","xRel":162.09375},"text":["q"],"removed":[""],"origin":"+input"}
2019-5-14 19:50:40.275#change#{"from":{"line":0,"ch":1,"sticky":null},"to":{"line":0,"ch":1,"sticky":null},"text":["1"],"removed":[""],"origin":"+input"}
2019-5-14 19:50:41.292#change#{"from":{"line":0,"ch":2,"sticky":null},"to":{"line":0,"ch":2,"sticky":null},"text":["="],"removed":[""],"origin":"+input"}
2019-5-14 19:50:47.842#change#{"from":{"line":0,"ch":3,"sticky":null},"to":{"line":0,"ch":3,"sticky":null},"text":["i"],"removed":[""],"origin":"+input"}
2019-5-14 19:50:48.053#change#{"from":{"line":0,"ch":4,"sticky":null},"to":{"line":0,"ch":4,"sticky":null},"text":["n"],"removed":[""],"origin":"+input"}
2019-5-14 19:50:48.375#change#{"from":{"line":0,"ch":5,"sticky":null},"to":{"line":0,"ch":5,"sticky":null},"text":["t"],"removed":[""],"origin":"+input"}
2019-5-14 19:50:49.490#change#{"from":{"line":0,"ch":6,"sticky":null},"to":{"line":0,"ch":6,"sticky":null},"text":["()"],"removed":[""],"origin":"+input"}
2019-5-14 19:50:49.490#keyHandled#"'('"
2019-5-14 19:50:51.002#change#{"from":{"line":0,"ch":7,"sticky":"after"},"to":{"line":0,"ch":7,"sticky":"after"},"text":["i"],"removed":[""],"origin":"+input"}
2019-5-14 19:50:51.224#change#{"from":{"line":0,"ch":8,"sticky":null},"to":{"line":0,"ch":8,"sticky":null},"text":["n"],"removed":[""],"origin":"+input"}
2019-5-14 19:50:51.519#change#{"from":{"line":0,"ch":9,"sticky":null},"to":{"line":0,"ch":9,"sticky":null},"text":["p"],"removed":[""],"origin":"+input"}
2019-5-14 19:50:51.788#change#{"from":{"line":0,"ch":10,"sticky":null},"to":{"line":0,"ch":10,"sticky":null},"text":["u"],"removed":[""],"origin":"+input"}
2019-5-14 19:50:52.753#change#{"from":{"line":0,"ch":11,"sticky":null},"to":{"line":0,"ch":11,"sticky":null},"text":["t"],"removed":[""],"origin":"+input"}
2019-5-14 19:50:53.915#change#{"from":{"line":0,"ch":12,"sticky":null},"to":{"line":0,"ch":12,"sticky":null},"text":["()"],"removed":[""],"origin":"+input"}
2019-5-14 19:50:53.915#keyHandled#"'('"
2019-5-14 19:50:56.974#change#{"from":{"line":0,"ch":13,"sticky":"after"},"to":{"line":0,"ch":13,"sticky":"after"},"text":["\"\""],"removed":[""],"origin":"+input"}
2019-5-14 19:50:56.974#keyHandled#"'\"'"
2019-5-14 19:50:59.770#change#{"from":{"line":0,"ch":14,"sticky":"after"},"to":{"line":0,"ch":14,"sticky":"after"},"text":["a"],"removed":[""],"origin":"+input"}
2019-5-14 19:51:00.286#change#{"from":{"line":0,"ch":14,"sticky":"after"},"to":{"line":0,"ch":15,"sticky":null},"text":[""],"removed":["a"],"origin":"+delete"}
2019-5-14 19:51:00.287#keyHandled#"Backspace"
2019-5-14 19:51:01.586#change#{"from":{"line":0,"ch":14,"sticky":null},"to":{"line":0,"ch":14,"sticky":null},"text":["t"],"removed":[""],"origin":"+input"}
2019-5-14 19:51:01.860#change#{"from":{"line":0,"ch":15,"sticky":null},"to":{"line":0,"ch":15,"sticky":null},"text":["a"],"removed":[""],"origin":"+input"}
2019-5-14 19:51:02.026#change#{"from":{"line":0,"ch":16,"sticky":null},"to":{"line":0,"ch":16,"sticky":null},"text":["m"],"removed":[""],"origin":"+input"}
2019-5-14 19:51:02.375#change#{"from":{"line":0,"ch":17,"sticky":null},"to":{"line":0,"ch":17,"sticky":null},"text":["b"],"removed":[""],"origin":"+input"}
2019-5-14 19:51:02.593#change#{"from":{"line":0,"ch":18,"sticky":null},"to":{"line":0,"ch":18,"sticky":null},"text":["a"],"removed":[""],"origin":"+input"}
2019-5-14 19:51:02.943#change#{"from":{"line":0,"ch":19,"sticky":null},"to":{"line":0,"ch":19,"sticky":null},"text":["q"],"removed":[""],"origin":"+input"}
2019-5-14 19:51:03.126#change#{"from":{"line":0,"ch":20,"sticky":null},"to":{"line":0,"ch":20,"sticky":null},"text":["u"],"removed":[""],"origin":"+input"}
2019-5-14 19:51:03.308#change#{"from":{"line":0,"ch":21,"sticky":null},"to":{"line":0,"ch":21,"sticky":null},"text":["i"],"removed":[""],"origin":"+input"}
2019-5-14 19:51:04.609#change#{"from":{"line":0,"ch":22,"sticky":null},"to":{"line":0,"ch":22,"sticky":null},"text":[":"],"removed":[""],"origin":"+input"}
2019-5-14 19:51:05.802#keyHandled#"Right"
2019-5-14 19:51:06.035#keyHandled#"Right"
2019-5-14 19:51:06.280#keyHandled#"Right"
2019-5-14 19:51:07.769#keyHandled#"Left"
2019-5-14 19:51:08.037#keyHandled#"Left"
2019-5-14 19:51:08.416#keyHandled#"Left"
2019-5-14 19:51:10.117#keyHandled#"Left"
2019-5-14 19:51:10.504#keyHandled#"Left"
2019-5-14 19:51:10.670#keyHandled#"Left"
2019-5-14 19:51:10.898#keyHandled#"Left"
2019-5-14 19:51:11.053#keyHandled#"Left"
2019-5-14 19:51:11.216#keyHandled#"Left"
2019-5-14 19:51:12.532#keyHandled#"Right"
2019-5-14 19:51:12.750#keyHandled#"Right"
2019-5-14 19:51:13.147#keyHandled#"Right"
2019-5-14 19:51:13.651#keyHandled#"Right"
2019-5-14 19:51:14.249#keyHandled#"Left"
2019-5-14 19:51:14.716#keyHandled#"Left"
2019-5-14 19:51:14.744#keyHandled#"Left"
2019-5-14 19:51:14.778#keyHandled#"Left"
2019-5-14 19:51:14.814#keyHandled#"Left"
2019-5-14 19:51:14.952#keyHandled#"Left"
2019-5-14 19:51:15.205#keyHandled#"Left"
2019-5-14 19:51:15.911#change#{"from":{"line":0,"ch":14,"sticky":"after"},"to":{"line":0,"ch":14,"sticky":"after"},"text":["q"],"removed":[""],"origin":"+input"}
2019-5-14 19:51:16.104#change#{"from":{"line":0,"ch":15,"sticky":null},"to":{"line":0,"ch":15,"sticky":null},"text":["u"],"removed":[""],"origin":"+input"}
2019-5-14 19:51:16.491#change#{"from":{"line":0,"ch":16,"sticky":null},"to":{"line":0,"ch":16,"sticky":null},"text":["a"],"removed":[""],"origin":"+input"}
2019-5-14 19:51:16.621#change#{"from":{"line":0,"ch":17,"sticky":null},"to":{"line":0,"ch":17,"sticky":null},"text":["n"],"removed":[""],"origin":"+input"}
2019-5-14 19:51:16.905#change#{"from":{"line":0,"ch":18,"sticky":null},"to":{"line":0,"ch":18,"sticky":null},"text":["t"],"removed":[""],"origin":"+input"}
2019-5-14 19:51:17.055#change#{"from":{"line":0,"ch":19,"sticky":null},"to":{"line":0,"ch":19,"sticky":null},"text":["i"],"removed":[""],"origin":"+input"}
2019-5-14 19:51:17.238#change#{"from":{"line":0,"ch":20,"sticky":null},"to":{"line":0,"ch":20,"sticky":null},"text":["d"],"removed":[""],"origin":"+input"}
2019-5-14 19:51:17.308#change#{"from":{"line":0,"ch":21,"sticky":null},"to":{"line":0,"ch":21,"sticky":null},"text":["a"],"removed":[""],"origin":"+input"}
2019-5-14 19:51:17.491#change#{"from":{"line":0,"ch":22,"sticky":null},"to":{"line":0,"ch":22,"sticky":null},"text":["d"],"removed":[""],"origin":"+input"}
2019-5-14 19:51:17.594#change#{"from":{"line":0,"ch":23,"sticky":null},"to":{"line":0,"ch":23,"sticky":null},"text":["e"],"removed":[""],"origin":"+input"}
2019-5-14 19:51:17.776#change#{"from":{"line":0,"ch":24,"sticky":null},"to":{"line":0,"ch":24,"sticky":null},"text":[" "],"removed":[""],"origin":"+input"}
2019-5-14 19:51:18.040#change#{"from":{"line":0,"ch":25,"sticky":null},"to":{"line":0,"ch":25,"sticky":null},"text":["i"],"removed":[""],"origin":"+input"}
2019-5-14 19:51:18.791#change#{"from":{"line":0,"ch":26,"sticky":null},"to":{"line":0,"ch":26,"sticky":null},"text":["n"],"removed":[""],"origin":"+input"}
2019-5-14 19:51:18.954#change#{"from":{"line":0,"ch":27,"sticky":null},"to":{"line":0,"ch":27,"sticky":null},"text":["i"],"removed":[""],"origin":"+input"}
2019-5-14 19:51:19.121#change#{"from":{"line":0,"ch":28,"sticky":null},"to":{"line":0,"ch":28,"sticky":null},"text":["c"],"removed":[""],"origin":"+input"}
2019-5-14 19:51:19.456#change#{"from":{"line":0,"ch":29,"sticky":null},"to":{"line":0,"ch":29,"sticky":null},"text":["i"],"removed":[""],"origin":"+input"}
2019-5-14 19:51:19.637#change#{"from":{"line":0,"ch":30,"sticky":null},"to":{"line":0,"ch":30,"sticky":null},"text":["a"],"removed":[""],"origin":"+input"}
2019-5-14 19:51:19.790#change#{"from":{"line":0,"ch":31,"sticky":null},"to":{"line":0,"ch":31,"sticky":null},"text":["l"],"removed":[""],"origin":"+input"}
2019-5-14 19:51:20.143#change#{"from":{"line":0,"ch":32,"sticky":null},"to":{"line":0,"ch":32,"sticky":null},"text":[" "],"removed":[""],"origin":"+input"}
2019-5-14 19:51:20.328#change#{"from":{"line":0,"ch":33,"sticky":null},"to":{"line":0,"ch":33,"sticky":null},"text":["d"],"removed":[""],"origin":"+input"}
2019-5-14 19:51:20.470#change#{"from":{"line":0,"ch":34,"sticky":null},"to":{"line":0,"ch":34,"sticky":null},"text":["e"],"removed":[""],"origin":"+input"}
2019-5-14 19:51:20.637#change#{"from":{"line":0,"ch":35,"sticky":null},"to":{"line":0,"ch":35,"sticky":null},"text":[" "],"removed":[""],"origin":"+input"}
2019-5-14 19:51:21.342#keyHandled#"Down"
2019-5-14 19:51:21.810#change#{"from":{"line":0,"ch":48,"sticky":null,"xRel":1,"outside":true,"hitSide":true},"to":{"line":0,"ch":48,"sticky":null,"xRel":1,"outside":true,"hitSide":true},"text":["",""],"removed":[""],"origin":"+input"}
2019-5-14 19:51:21.811#keyHandled#"Enter"
2019-5-14 19:51:21.825#viewportChange#0
2019-5-14 19:51:27.993#change#{"from":{"line":1,"ch":0,"sticky":null},"to":{"line":1,"ch":0,"sticky":null},"text":["p"],"removed":[""],"origin":"+input"}
2019-5-14 19:51:29.290#change#{"from":{"line":1,"ch":1,"sticky":null},"to":{"line":1,"ch":1,"sticky":null},"text":["1"],"removed":[""],"origin":"+input"}
2019-5-14 19:51:30.524#change#{"from":{"line":1,"ch":2,"sticky":null},"to":{"line":1,"ch":2,"sticky":null},"text":["="],"removed":[""],"origin":"+input"}
2019-5-14 19:51:35.056#change#{"from":{"line":1,"ch":3,"sticky":null},"to":{"line":1,"ch":3,"sticky":null},"text":["f"],"removed":[""],"origin":"+input"}
2019-5-14 19:51:35.155#change#{"from":{"line":1,"ch":4,"sticky":null},"to":{"line":1,"ch":4,"sticky":null},"text":["l"],"removed":[""],"origin":"+input"}
2019-5-14 19:51:35.308#change#{"from":{"line":1,"ch":5,"sticky":null},"to":{"line":1,"ch":5,"sticky":null},"text":["o"],"removed":[""],"origin":"+input"}
2019-5-14 19:51:35.392#change#{"from":{"line":1,"ch":6,"sticky":null},"to":{"line":1,"ch":6,"sticky":null},"text":["a"],"removed":[""],"origin":"+input"}
2019-5-14 19:51:35.655#change#{"from":{"line":1,"ch":7,"sticky":null},"to":{"line":1,"ch":7,"sticky":null},"text":["t"],"removed":[""],"origin":"+input"}
2019-5-14 19:51:36.837#change#{"from":{"line":1,"ch":8,"sticky":null},"to":{"line":1,"ch":8,"sticky":null},"text":["()"],"removed":[""],"origin":"+input"}
2019-5-14 19:51:36.837#keyHandled#"'('"
2019-5-14 19:51:37.873#change#{"from":{"line":1,"ch":9,"sticky":"after"},"to":{"line":1,"ch":9,"sticky":"after"},"text":["i"],"removed":[""],"origin":"+input"}
2019-5-14 19:51:38.104#change#{"from":{"line":1,"ch":10,"sticky":null},"to":{"line":1,"ch":10,"sticky":null},"text":["n"],"removed":[""],"origin":"+input"}
2019-5-14 19:51:39.238#change#{"from":{"line":1,"ch":11,"sticky":null},"to":{"line":1,"ch":11,"sticky":null},"text":["p"],"removed":[""],"origin":"+input"}
2019-5-14 19:51:39.858#change#{"from":{"line":1,"ch":12,"sticky":null},"to":{"line":1,"ch":12,"sticky":null},"text":["u"],"removed":[""],"origin":"+input"}
2019-5-14 19:51:39.990#change#{"from":{"line":1,"ch":13,"sticky":null},"to":{"line":1,"ch":13,"sticky":null},"text":["t"],"removed":[""],"origin":"+input"}
2019-5-14 19:51:41.441#change#{"from":{"line":1,"ch":14,"sticky":null},"to":{"line":1,"ch":14,"sticky":null},"text":["()"],"removed":[""],"origin":"+input"}
2019-5-14 19:51:41.441#keyHandled#"'('"
2019-5-14 19:51:43.043#change#{"from":{"line":1,"ch":15,"sticky":"after"},"to":{"line":1,"ch":15,"sticky":"after"},"text":["\"\""],"removed":[""],"origin":"+input"}
2019-5-14 19:51:43.043#keyHandled#"'\"'"
2019-5-14 19:51:43.475#change#{"from":{"line":1,"ch":16,"sticky":"after"},"to":{"line":1,"ch":16,"sticky":"after"},"text":["p"],"removed":[""],"origin":"+input"}
2019-5-14 19:51:43.858#change#{"from":{"line":1,"ch":18,"sticky":null},"to":{"line":1,"ch":18,"sticky":null},"text":["r"],"removed":[""],"origin":"+input"}
2019-5-14 19:51:44.059#change#{"from":{"line":1,"ch":19,"sticky":null},"to":{"line":1,"ch":19,"sticky":null},"text":["c"],"removed":[""],"origin":"+input"}
2019-5-14 19:51:44.253#change#{"from":{"line":1,"ch":20,"sticky":null},"to":{"line":1,"ch":20,"sticky":null},"text":["e"],"removed":[""],"origin":"+input"}
2019-5-14 19:51:44.393#change#{"from":{"line":1,"ch":21,"sticky":null},"to":{"line":1,"ch":21,"sticky":null},"text":["n"],"removed":[""],"origin":"+input"}
2019-5-14 19:51:44.591#change#{"from":{"line":1,"ch":22,"sticky":null},"to":{"line":1,"ch":22,"sticky":null},"text":["t"],"removed":[""],"origin":"+input"}
2019-5-14 19:51:44.725#change#{"from":{"line":1,"ch":23,"sticky":null},"to":{"line":1,"ch":23,"sticky":null},"text":["u"],"removed":[""],"origin":"+input"}
2019-5-14 19:51:44.926#change#{"from":{"line":1,"ch":24,"sticky":null},"to":{"line":1,"ch":24,"sticky":null},"text":["a"],"removed":[""],"origin":"+input"}
2019-5-14 19:51:45.037#change#{"from":{"line":1,"ch":25,"sticky":null},"to":{"line":1,"ch":25,"sticky":null},"text":["l"],"removed":[""],"origin":"+input"}
2019-5-14 19:51:45.270#change#{"from":{"line":1,"ch":26,"sticky":null},"to":{"line":1,"ch":26,"sticky":null},"text":[" "],"removed":[""],"origin":"+input"}
2019-5-14 19:51:46.553#change#{"from":{"line":1,"ch":27,"sticky":null},"to":{"line":1,"ch":27,"sticky":null},"text":["d"],"removed":[""],"origin":"+input"}
2019-5-14 19:51:46.689#change#{"from":{"line":1,"ch":28,"sticky":null},"to":{"line":1,"ch":28,"sticky":null},"text":["e"],"removed":[""],"origin":"+input"}
2019-5-14 19:51:46.861#change#{"from":{"line":1,"ch":29,"sticky":null},"to":{"line":1,"ch":29,"sticky":null},"text":[" "],"removed":[""],"origin":"+input"}
2019-5-14 19:51:47.092#change#{"from":{"line":1,"ch":30,"sticky":null},"to":{"line":1,"ch":30,"sticky":null},"text":["c"],"removed":[""],"origin":"+input"}
2019-5-14 19:51:47.537#change#{"from":{"line":1,"ch":31,"sticky":null},"to":{"line":1,"ch":31,"sticky":null},"text":["r"],"removed":[""],"origin":"+input"}
2019-5-14 19:51:47.609#change#{"from":{"line":1,"ch":32,"sticky":null},"to":{"line":1,"ch":32,"sticky":null},"text":["e"],"removed":[""],"origin":"+input"}
2019-5-14 19:51:47.976#change#{"from":{"line":1,"ch":33,"sticky":null},"to":{"line":1,"ch":33,"sticky":null},"text":["s"],"removed":[""],"origin":"+input"}
2019-5-14 19:51:48.261#change#{"from":{"line":1,"ch":34,"sticky":null},"to":{"line":1,"ch":34,"sticky":null},"text":["c"],"removed":[""],"origin":"+input"}
2019-5-14 19:51:48.458#change#{"from":{"line":1,"ch":35,"sticky":null},"to":{"line":1,"ch":35,"sticky":null},"text":["i"],"removed":[""],"origin":"+input"}
2019-5-14 19:51:48.643#change#{"from":{"line":1,"ch":36,"sticky":null},"to":{"line":1,"ch":36,"sticky":null},"text":["m"],"removed":[""],"origin":"+input"}
2019-5-14 19:51:48.724#change#{"from":{"line":1,"ch":37,"sticky":null},"to":{"line":1,"ch":37,"sticky":null},"text":["e"],"removed":[""],"origin":"+input"}
2019-5-14 19:51:48.845#change#{"from":{"line":1,"ch":38,"sticky":null},"to":{"line":1,"ch":38,"sticky":null},"text":["n"],"removed":[""],"origin":"+input"}
2019-5-14 19:51:48.958#change#{"from":{"line":1,"ch":39,"sticky":null},"to":{"line":1,"ch":39,"sticky":null},"text":["t"],"removed":[""],"origin":"+input"}
2019-5-14 19:51:49.076#change#{"from":{"line":1,"ch":40,"sticky":null},"to":{"line":1,"ch":40,"sticky":null},"text":["o"],"removed":[""],"origin":"+input"}
2019-5-14 19:51:50.188#change#{"from":{"line":1,"ch":41,"sticky":null},"to":{"line":1,"ch":41,"sticky":null},"text":[":"],"removed":[""],"origin":"+input"}
2019-5-14 19:51:50.404#change#{"from":{"line":1,"ch":42,"sticky":null},"to":{"line":1,"ch":42,"sticky":null},"text":[" "],"removed":[""],"origin":"+input"}
2019-5-14 19:51:51.403#keyHandled#"Down"
2019-5-14 19:51:51.686#change#{"from":{"line":1,"ch":46,"sticky":null,"xRel":1,"outside":true,"hitSide":true},"to":{"line":1,"ch":46,"sticky":null,"xRel":1,"outside":true,"hitSide":true},"text":["",""],"removed":[""],"origin":"+input"}
2019-5-14 19:51:51.686#keyHandled#"Enter"
2019-5-14 19:51:51.700#viewportChange#0
2019-5-14 19:51:56.789#change#{"from":{"line":2,"ch":0,"sticky":null},"to":{"line":2,"ch":0,"sticky":null},"text":["q"],"removed":[""],"origin":"+input"}
2019-5-14 19:51:57.011#change#{"from":{"line":2,"ch":1,"sticky":null},"to":{"line":2,"ch":1,"sticky":null},"text":["2"],"removed":[""],"origin":"+input"}
2019-5-14 19:51:58.958#change#{"from":{"line":2,"ch":2,"sticky":null},"to":{"line":2,"ch":2,"sticky":null},"text":["="],"removed":[""],"origin":"+input"}
2019-5-14 19:52:00.674#change#{"from":{"line":2,"ch":3,"sticky":null},"to":{"line":2,"ch":3,"sticky":null},"text":["i"],"removed":[""],"origin":"+input"}
2019-5-14 19:52:00.875#change#{"from":{"line":2,"ch":4,"sticky":null},"to":{"line":2,"ch":4,"sticky":null},"text":["n"],"removed":[""],"origin":"+input"}
2019-5-14 19:52:01.080#change#{"from":{"line":2,"ch":5,"sticky":null},"to":{"line":2,"ch":5,"sticky":null},"text":["t"],"removed":[""],"origin":"+input"}
2019-5-14 19:52:02.376#change#{"from":{"line":2,"ch":6,"sticky":null},"to":{"line":2,"ch":6,"sticky":null},"text":["()"],"removed":[""],"origin":"+input"}
2019-5-14 19:52:02.376#keyHandled#"'('"
2019-5-14 19:52:04.507#change#{"from":{"line":2,"ch":7,"sticky":"after"},"to":{"line":2,"ch":7,"sticky":"after"},"text":["i"],"removed":[""],"origin":"+input"}
2019-5-14 19:52:04.711#change#{"from":{"line":2,"ch":8,"sticky":null},"to":{"line":2,"ch":8,"sticky":null},"text":["n"],"removed":[""],"origin":"+input"}
2019-5-14 19:52:04.991#change#{"from":{"line":2,"ch":9,"sticky":null},"to":{"line":2,"ch":9,"sticky":null},"text":["p"],"removed":[""],"origin":"+input"}
2019-5-14 19:52:05.242#change#{"from":{"line":2,"ch":10,"sticky":null},"to":{"line":2,"ch":10,"sticky":null},"text":["u"],"removed":[""],"origin":"+input"}
2019-5-14 19:52:05.475#change#{"from":{"line":2,"ch":11,"sticky":null},"to":{"line":2,"ch":11,"sticky":null},"text":["t"],"removed":[""],"origin":"+input"}
2019-5-14 19:52:06.202#change#{"from":{"line":2,"ch":12,"sticky":null},"to":{"line":2,"ch":12,"sticky":null},"text":["()"],"removed":[""],"origin":"+input"}
2019-5-14 19:52:06.203#keyHandled#"'('"
2019-5-14 19:52:08.020#change#{"from":{"line":2,"ch":13,"sticky":"after"},"to":{"line":2,"ch":13,"sticky":"after"},"text":["\"\""],"removed":[""],"origin":"+input"}
2019-5-14 19:52:08.020#keyHandled#"'\"'"
2019-5-14 19:52:08.758#change#{"from":{"line":2,"ch":14,"sticky":"after"},"to":{"line":2,"ch":14,"sticky":"after"},"text":["v"],"removed":[""],"origin":"+input"}
2019-5-14 19:52:09.524#change#{"from":{"line":2,"ch":14,"sticky":"after"},"to":{"line":2,"ch":15,"sticky":null},"text":[""],"removed":["v"],"origin":"+delete"}
2019-5-14 19:52:09.524#keyHandled#"Backspace"
2019-5-14 19:52:10.061#change#{"from":{"line":2,"ch":14,"sticky":null},"to":{"line":2,"ch":14,"sticky":null},"text":["t"],"removed":[""],"origin":"+input"}
2019-5-14 19:52:10.271#change#{"from":{"line":2,"ch":15,"sticky":null},"to":{"line":2,"ch":15,"sticky":null},"text":["a"],"removed":[""],"origin":"+input"}
2019-5-14 19:52:10.443#change#{"from":{"line":2,"ch":16,"sticky":null},"to":{"line":2,"ch":16,"sticky":null},"text":["m"],"removed":[""],"origin":"+input"}
2019-5-14 19:52:11.042#change#{"from":{"line":2,"ch":17,"sticky":null},"to":{"line":2,"ch":17,"sticky":null},"text":["b"],"removed":[""],"origin":"+input"}
2019-5-14 19:52:11.313#change#{"from":{"line":2,"ch":18,"sticky":null},"to":{"line":2,"ch":18,"sticky":null},"text":["a"],"removed":[""],"origin":"+input"}
2019-5-14 19:52:11.545#change#{"from":{"line":2,"ch":19,"sticky":null},"to":{"line":2,"ch":19,"sticky":null},"text":["q"],"removed":[""],"origin":"+input"}
2019-5-14 19:52:11.708#change#{"from":{"line":2,"ch":20,"sticky":null},"to":{"line":2,"ch":20,"sticky":null},"text":["u"],"removed":[""],"origin":"+input"}
2019-5-14 19:52:11.889#change#{"from":{"line":2,"ch":21,"sticky":null},"to":{"line":2,"ch":21,"sticky":null},"text":["i"],"removed":[""],"origin":"+input"}
2019-5-14 19:52:12.073#change#{"from":{"line":2,"ch":22,"sticky":null},"to":{"line":2,"ch":22,"sticky":null},"text":[" "],"removed":[""],"origin":"+input"}
2019-5-14 19:52:12.320#change#{"from":{"line":2,"ch":23,"sticky":null},"to":{"line":2,"ch":23,"sticky":null},"text":["p"],"removed":[""],"origin":"+input"}
2019-5-14 19:52:12.429#change#{"from":{"line":2,"ch":24,"sticky":null},"to":{"line":2,"ch":24,"sticky":null},"text":["a"],"removed":[""],"origin":"+input"}
2019-5-14 19:52:12.640#change#{"from":{"line":2,"ch":25,"sticky":null},"to":{"line":2,"ch":25,"sticky":null},"text":["r"],"removed":[""],"origin":"+input"}
2019-5-14 19:52:12.823#change#{"from":{"line":2,"ch":26,"sticky":null},"to":{"line":2,"ch":26,"sticky":null},"text":["a"],"removed":[""],"origin":"+input"}
2019-5-14 19:52:12.942#change#{"from":{"line":2,"ch":27,"sticky":null},"to":{"line":2,"ch":27,"sticky":null},"text":[" "],"removed":[""],"origin":"+input"}
2019-5-14 19:52:13.126#change#{"from":{"line":2,"ch":28,"sticky":null},"to":{"line":2,"ch":28,"sticky":null},"text":["v"],"removed":[""],"origin":"+input"}
2019-5-14 19:52:13.327#change#{"from":{"line":2,"ch":29,"sticky":null},"to":{"line":2,"ch":29,"sticky":null},"text":["e"],"removed":[""],"origin":"+input"}
2019-5-14 19:52:13.431#change#{"from":{"line":2,"ch":30,"sticky":null},"to":{"line":2,"ch":30,"sticky":null},"text":["n"],"removed":[""],"origin":"+input"}
2019-5-14 19:52:13.728#change#{"from":{"line":2,"ch":32,"sticky":null},"to":{"line":2,"ch":32,"sticky":null},"text":["a"],"removed":[""],"origin":"+input"}
2019-5-14 19:52:14.822#change#{"from":{"line":2,"ch":33,"sticky":null},"to":{"line":2,"ch":33,"sticky":null},"text":[":"],"removed":[""],"origin":"+input"}
2019-5-14 19:52:14.958#change#{"from":{"line":2,"ch":34,"sticky":null},"to":{"line":2,"ch":34,"sticky":null},"text":[" "],"removed":[""],"origin":"+input"}
2019-5-14 19:52:15.801#keyHandled#"Down"
2019-5-14 19:52:16.409#change#{"from":{"line":2,"ch":38,"sticky":null,"xRel":1,"outside":true,"hitSide":true},"to":{"line":2,"ch":38,"sticky":null,"xRel":1,"outside":true,"hitSide":true},"text":["",""],"removed":[""],"origin":"+input"}
2019-5-14 19:52:16.409#keyHandled#"Enter"
2019-5-14 19:52:16.422#viewportChange#0
2019-5-14 19:52:43.427#change#{"from":{"line":3,"ch":0,"sticky":null},"to":{"line":3,"ch":0,"sticky":null},"text":["a"],"removed":[""],"origin":"+input"}
2019-5-14 19:52:43.625#change#{"from":{"line":3,"ch":1,"sticky":null},"to":{"line":3,"ch":1,"sticky":null},"text":["="],"removed":[""],"origin":"+input"}
2019-5-14 19:52:46.756#change#{"from":{"line":3,"ch":2,"sticky":null},"to":{"line":3,"ch":2,"sticky":null},"text":["q"],"removed":[""],"origin":"+input"}
2019-5-14 19:52:46.956#change#{"from":{"line":3,"ch":3,"sticky":null},"to":{"line":3,"ch":3,"sticky":null},"text":["1"],"removed":[""],"origin":"+input"}
2019-5-14 19:52:51.706#change#{"from":{"line":3,"ch":4,"sticky":null},"to":{"line":3,"ch":4,"sticky":null},"text":[" "],"removed":[""],"origin":"+input"}
2019-5-14 19:52:52.689#change#{"from":{"line":3,"ch":5,"sticky":null},"to":{"line":3,"ch":5,"sticky":null},"text":["+"],"removed":[""],"origin":"+input"}
2019-5-14 19:52:55.101#keyHandled#"Left"
2019-5-14 19:52:55.389#change#{"from":{"line":3,"ch":6,"sticky":"after"},"to":{"line":3,"ch":6,"sticky":"after"},"text":[" "],"removed":[""],"origin":"+input"}
2019-5-14 19:52:56.333#keyHandled#"Right"
2019-5-14 19:52:57.436#change#{"from":{"line":3,"ch":7,"sticky":"after"},"to":{"line":3,"ch":8,"sticky":"before"},"text":[""],"removed":["t"],"origin":"+delete"}
2019-5-14 19:52:57.436#keyHandled#"Backspace"
2019-5-14 19:52:57.618#change#{"from":{"line":3,"ch":6,"sticky":"after"},"to":{"line":3,"ch":7,"sticky":null},"text":[""],"removed":[" "],"origin":"+delete"}
2019-5-14 19:52:57.618#keyHandled#"Backspace"
2019-5-14 19:52:57.802#change#{"from":{"line":3,"ch":5,"sticky":"after"},"to":{"line":3,"ch":6,"sticky":null},"text":[""],"removed":["+"],"origin":"+delete"}
2019-5-14 19:52:57.802#keyHandled#"Backspace"
2019-5-14 19:52:58.055#change#{"from":{"line":3,"ch":4,"sticky":"after"},"to":{"line":3,"ch":5,"sticky":null},"text":[""],"removed":[" "],"origin":"+delete"}
2019-5-14 19:52:58.055#keyHandled#"Backspace"
2019-5-14 19:53:00.564#keyHandled#"Down"
2019-5-14 19:53:01.160#change#{"from":{"line":3,"ch":4,"sticky":null},"to":{"line":3,"ch":4,"sticky":null},"text":["",""],"removed":[""],"origin":"+input"}
2019-5-14 19:53:01.160#keyHandled#"Enter"
2019-5-14 19:53:01.174#viewportChange#0
2019-5-14 19:53:15.730#change#{"from":{"line":4,"ch":0,"sticky":null},"to":{"line":4,"ch":0,"sticky":null},"text":["t"],"removed":[""],"origin":"+input"}
2019-5-14 19:53:17.398#change#{"from":{"line":4,"ch":1,"sticky":null},"to":{"line":4,"ch":1,"sticky":null},"text":["="],"removed":[""],"origin":"+input"}
2019-5-14 19:53:18.628#change#{"from":{"line":4,"ch":2,"sticky":null},"to":{"line":4,"ch":2,"sticky":null},"text":["0"],"removed":[""],"origin":"+input"}
2019-5-14 19:53:20.425#change#{"from":{"line":4,"ch":3,"sticky":null},"to":{"line":4,"ch":3,"sticky":null},"text":["",""],"removed":[""],"origin":"+input"}
2019-5-14 19:53:20.426#keyHandled#"Enter"
2019-5-14 19:53:20.436#viewportChange#0
2019-5-14 19:53:29.896#change#{"from":{"line":5,"ch":0,"sticky":null},"to":{"line":5,"ch":0,"sticky":null},"text":["w"],"removed":[""],"origin":"+input"}
2019-5-14 19:53:30.914#change#{"from":{"line":5,"ch":1,"sticky":null},"to":{"line":5,"ch":1,"sticky":null},"text":["h"],"removed":[""],"origin":"+input"}
2019-5-14 19:53:31.163#change#{"from":{"line":5,"ch":2,"sticky":null},"to":{"line":5,"ch":2,"sticky":null},"text":["i"],"removed":[""],"origin":"+input"}
2019-5-14 19:53:31.374#change#{"from":{"line":5,"ch":3,"sticky":null},"to":{"line":5,"ch":3,"sticky":null},"text":["l"],"removed":[""],"origin":"+input"}
2019-5-14 19:53:31.590#change#{"from":{"line":5,"ch":4,"sticky":null},"to":{"line":5,"ch":4,"sticky":null},"text":["e"],"removed":[""],"origin":"+input"}
2019-5-14 19:53:32.241#change#{"from":{"line":5,"ch":5,"sticky":null},"to":{"line":5,"ch":5,"sticky":null},"text":[":"],"removed":[""],"origin":"+input"}
2019-5-14 19:53:33.009#keyHandled#"Left"
2019-5-14 19:53:35.323#keyHandled#"Left"
2019-5-14 19:53:35.486#keyHandled#"Left"
2019-5-14 19:53:35.669#keyHandled#"Left"
2019-5-14 19:53:35.871#keyHandled#"Left"
2019-5-14 19:53:36.056#keyHandled#"Left"
2019-5-14 19:53:36.352#keyHandled#"Left"
2019-5-14 19:53:36.611#change#{"from":{"line":5,"ch":0,"sticky":"after"},"to":{"line":5,"ch":0,"sticky":"after"},"text":["",""],"removed":[""],"origin":"+input"}
2019-5-14 19:53:36.611#keyHandled#"Enter"
2019-5-14 19:53:36.623#viewportChange#0
2019-5-14 19:53:46.287#mousedown#{"isTrusted":true}
2019-5-14 19:53:47.461#change#{"from":{"line":6,"ch":5,"sticky":"after","xRel":1.09375},"to":{"line":6,"ch":5,"sticky":"after","xRel":1.09375},"text":[" "],"removed":[""],"origin":"+input"}
2019-5-14 19:53:48.444#change#{"from":{"line":6,"ch":6,"sticky":null},"to":{"line":6,"ch":6,"sticky":null},"text":["()"],"removed":[""],"origin":"+input"}
2019-5-14 19:53:48.444#keyHandled#"'('"
2019-5-14 19:53:50.427#change#{"from":{"line":6,"ch":7,"sticky":"after"},"to":{"line":6,"ch":7,"sticky":"after"},"text":["q"],"removed":[""],"origin":"+input"}
2019-5-14 19:53:50.663#change#{"from":{"line":6,"ch":8,"sticky":null},"to":{"line":6,"ch":8,"sticky":null},"text":["1"],"removed":[""],"origin":"+input"}
2019-5-14 19:53:52.076#change#{"from":{"line":6,"ch":9,"sticky":null},"to":{"line":6,"ch":9,"sticky":null},"text":[">"],"removed":[""],"origin":"+input"}
2019-5-14 19:53:52.713#change#{"from":{"line":6,"ch":10,"sticky":null},"to":{"line":6,"ch":10,"sticky":null},"text":["0"],"removed":[""],"origin":"+input"}
2019-5-14 19:53:54.384#keyHandled#"Right"
2019-5-14 19:54:06.604#mousedown#{"isTrusted":true}
2019-5-14 19:54:21.459#blur#
2019-5-14 19:54:28.122#mousedown#{"isTrusted":true}
2019-5-14 19:54:28.136#focus#
2019-5-14 19:54:29.112#change#{"from":{"line":6,"ch":12,"sticky":"after","xRel":3.09375},"to":{"line":6,"ch":12,"sticky":"after","xRel":3.09375},"text":[" "],"removed":[""],"origin":"+input"}
2019-5-14 19:54:29.331#change#{"from":{"line":6,"ch":13,"sticky":null},"to":{"line":6,"ch":13,"sticky":null},"text":["a"],"removed":[""],"origin":"+input"}
2019-5-14 19:54:29.529#change#{"from":{"line":6,"ch":14,"sticky":null},"to":{"line":6,"ch":14,"sticky":null},"text":["n"],"removed":[""],"origin":"+input"}
2019-5-14 19:54:29.679#change#{"from":{"line":6,"ch":15,"sticky":null},"to":{"line":6,"ch":15,"sticky":null},"text":["d"],"removed":[""],"origin":"+input"}
2019-5-14 19:54:33.344#change#{"from":{"line":6,"ch":16,"sticky":null},"to":{"line":6,"ch":16,"sticky":null},"text":[" "],"removed":[""],"origin":"+input"}
2019-5-14 19:54:44.364#change#{"from":{"line":6,"ch":17,"sticky":null},"to":{"line":6,"ch":17,"sticky":null},"text":["q"],"removed":[""],"origin":"+input"}
2019-5-14 19:54:45.512#change#{"from":{"line":6,"ch":18,"sticky":null},"to":{"line":6,"ch":18,"sticky":null},"text":["1"],"removed":[""],"origin":"+input"}
2019-5-14 19:54:49.040#change#{"from":{"line":6,"ch":19,"sticky":null},"to":{"line":6,"ch":19,"sticky":null},"text":["<"],"removed":[""],"origin":"+input"}
2019-5-14 19:54:50.533#change#{"from":{"line":6,"ch":20,"sticky":null},"to":{"line":6,"ch":20,"sticky":null},"text":["1"],"removed":[""],"origin":"+input"}
2019-5-14 19:54:50.710#change#{"from":{"line":6,"ch":21,"sticky":null},"to":{"line":6,"ch":21,"sticky":null},"text":["2"],"removed":[""],"origin":"+input"}
2019-5-14 19:54:51.517#change#{"from":{"line":6,"ch":22,"sticky":null},"to":{"line":6,"ch":22,"sticky":null},"text":["0"],"removed":[""],"origin":"+input"}
2019-5-14 19:54:51.717#change#{"from":{"line":6,"ch":23,"sticky":null},"to":{"line":6,"ch":23,"sticky":null},"text":["0"],"removed":[""],"origin":"+input"}
2019-5-14 19:54:51.901#change#{"from":{"line":6,"ch":24,"sticky":null},"to":{"line":6,"ch":24,"sticky":null},"text":["0"],"removed":[""],"origin":"+input"}
2019-5-14 19:54:52.777#keyHandled#"Left"
2019-5-14 19:54:52.944#keyHandled#"Left"
2019-5-14 19:54:53.169#keyHandled#"Right"
2019-5-14 19:54:53.343#keyHandled#"Right"
2019-5-14 19:54:54.383#change#{"from":{"line":6,"ch":25,"sticky":"before"},"to":{"line":6,"ch":25,"sticky":"before"},"text":[")"],"removed":[""],"origin":"+input"}
2019-5-14 19:54:55.009#keyHandled#"Left"
2019-5-14 19:54:55.158#keyHandled#"Left"
2019-5-14 19:54:55.297#keyHandled#"Left"
2019-5-14 19:54:55.443#keyHandled#"Left"
2019-5-14 19:54:55.564#keyHandled#"Left"
2019-5-14 19:54:55.724#keyHandled#"Left"
2019-5-14 19:54:55.840#keyHandled#"Left"
2019-5-14 19:54:55.991#keyHandled#"Left"
2019-5-14 19:54:56.134#keyHandled#"Left"
2019-5-14 19:54:57.046#change#{"from":{"line":6,"ch":17,"sticky":"after"},"to":{"line":6,"ch":17,"sticky":"after"},"text":["("],"removed":[""],"origin":"+input"}
2019-5-14 19:54:58.128#keyHandled#"Down"
2019-5-14 19:55:07.864#mousedown#{"isTrusted":true}
2019-5-14 19:55:32.032#mousedown#{"isTrusted":true}
2019-5-14 19:55:37.529#keyHandled#"Left"
2019-5-14 19:55:38.985#change#{"from":{"line":6,"ch":27,"sticky":"after"},"to":{"line":6,"ch":27,"sticky":"after"},"text":[" "],"removed":[""],"origin":"+input"}
2019-5-14 19:55:39.132#change#{"from":{"line":6,"ch":28,"sticky":null},"to":{"line":6,"ch":28,"sticky":null},"text":["a"],"removed":[""],"origin":"+input"}
2019-5-14 19:55:39.264#change#{"from":{"line":6,"ch":29,"sticky":null},"to":{"line":6,"ch":29,"sticky":null},"text":["n"],"removed":[""],"origin":"+input"}
2019-5-14 19:55:39.380#change#{"from":{"line":6,"ch":30,"sticky":null},"to":{"line":6,"ch":30,"sticky":null},"text":["d"],"removed":[""],"origin":"+input"}
2019-5-14 19:55:41.081#change#{"from":{"line":6,"ch":31,"sticky":null},"to":{"line":6,"ch":31,"sticky":null},"text":["()"],"removed":[""],"origin":"+input"}
2019-5-14 19:55:41.081#keyHandled#"'('"
2019-5-14 19:55:43.107#keyHandled#"Left"
2019-5-14 19:55:43.262#change#{"from":{"line":6,"ch":31,"sticky":"after"},"to":{"line":6,"ch":31,"sticky":"after"},"text":[" "],"removed":[""],"origin":"+input"}
2019-5-14 19:55:43.447#keyHandled#"Right"
2019-5-14 19:55:45.382#change#{"from":{"line":6,"ch":33,"sticky":"before"},"to":{"line":6,"ch":33,"sticky":"before"},"text":["q"],"removed":[""],"origin":"+input"}
2019-5-14 19:55:45.531#change#{"from":{"line":6,"ch":34,"sticky":null},"to":{"line":6,"ch":34,"sticky":null},"text":["1"],"removed":[""],"origin":"+input"}
2019-5-14 19:55:48.361#change#{"from":{"line":6,"ch":35,"sticky":null},"to":{"line":6,"ch":35,"sticky":null},"text":[">"],"removed":[""],"origin":"+input"}
2019-5-14 19:55:49.079#change#{"from":{"line":6,"ch":36,"sticky":null},"to":{"line":6,"ch":36,"sticky":null},"text":["0"],"removed":[""],"origin":"+input"}
2019-5-14 19:55:49.893#keyHandled#"Right"
2019-5-14 19:55:50.570#change#{"from":{"line":6,"ch":38,"sticky":"before"},"to":{"line":6,"ch":38,"sticky":"before"},"text":[" "],"removed":[""],"origin":"+input"}
2019-5-14 19:55:50.799#change#{"from":{"line":6,"ch":39,"sticky":null},"to":{"line":6,"ch":39,"sticky":null},"text":["a"],"removed":[""],"origin":"+input"}
2019-5-14 19:55:50.929#change#{"from":{"line":6,"ch":40,"sticky":null},"to":{"line":6,"ch":40,"sticky":null},"text":["n"],"removed":[""],"origin":"+input"}
2019-5-14 19:55:51.068#change#{"from":{"line":6,"ch":41,"sticky":null},"to":{"line":6,"ch":41,"sticky":null},"text":["d"],"removed":[""],"origin":"+input"}
2019-5-14 19:55:51.282#change#{"from":{"line":6,"ch":42,"sticky":null},"to":{"line":6,"ch":42,"sticky":null},"text":[" "],"removed":[""],"origin":"+input"}
2019-5-14 19:55:52.297#change#{"from":{"line":6,"ch":43,"sticky":null},"to":{"line":6,"ch":43,"sticky":null},"text":["()"],"removed":[""],"origin":"+input"}
2019-5-14 19:55:52.297#keyHandled#"'('"
2019-5-14 19:55:54.233#change#{"from":{"line":6,"ch":44,"sticky":"after"},"to":{"line":6,"ch":44,"sticky":"after"},"text":["p"],"removed":[""],"origin":"+input"}
2019-5-14 19:55:54.914#change#{"from":{"line":6,"ch":45,"sticky":null},"to":{"line":6,"ch":45,"sticky":null},"text":["1"],"removed":[""],"origin":"+input"}
2019-5-14 19:55:55.913#change#{"from":{"line":6,"ch":46,"sticky":null},"to":{"line":6,"ch":46,"sticky":null},"text":[">"],"removed":[""],"origin":"+input"}
2019-5-14 19:55:56.418#change#{"from":{"line":6,"ch":47,"sticky":null},"to":{"line":6,"ch":47,"sticky":null},"text":["0"],"removed":[""],"origin":"+input"}
2019-5-14 19:55:57.072#keyHandled#"Right"
2019-5-14 19:55:57.667#change#{"from":{"line":6,"ch":49,"sticky":"before"},"to":{"line":6,"ch":49,"sticky":"before"},"text":[" "],"removed":[""],"origin":"+input"}
2019-5-14 19:55:57.881#change#{"from":{"line":6,"ch":50,"sticky":null},"to":{"line":6,"ch":50,"sticky":null},"text":["a"],"removed":[""],"origin":"+input"}
2019-5-14 19:55:57.997#change#{"from":{"line":6,"ch":51,"sticky":null},"to":{"line":6,"ch":51,"sticky":null},"text":["n"],"removed":[""],"origin":"+input"}
2019-5-14 19:55:58.135#change#{"from":{"line":6,"ch":52,"sticky":null},"to":{"line":6,"ch":52,"sticky":null},"text":["d"],"removed":[""],"origin":"+input"}
2019-5-14 19:55:58.993#change#{"from":{"line":6,"ch":53,"sticky":null},"to":{"line":6,"ch":53,"sticky":null},"text":["()"],"removed":[""],"origin":"+input"}
2019-5-14 19:55:58.993#keyHandled#"'('"
2019-5-14 19:55:59.977#keyHandled#"Left"
2019-5-14 19:56:00.205#change#{"from":{"line":6,"ch":53,"sticky":"after"},"to":{"line":6,"ch":53,"sticky":"after"},"text":[" "],"removed":[""],"origin":"+input"}
2019-5-14 19:56:00.533#keyHandled#"Right"
2019-5-14 19:56:07.081#change#{"from":{"line":6,"ch":55,"sticky":"before"},"to":{"line":6,"ch":55,"sticky":"before"},"text":["q"],"removed":[""],"origin":"+input"}
2019-5-14 19:56:07.563#change#{"from":{"line":6,"ch":56,"sticky":null},"to":{"line":6,"ch":56,"sticky":null},"text":["2"],"removed":[""],"origin":"+input"}
2019-5-14 19:56:09.060#change#{"from":{"line":6,"ch":57,"sticky":null},"to":{"line":6,"ch":57,"sticky":null},"text":[">"],"removed":[""],"origin":"+input"}
2019-5-14 19:56:09.562#change#{"from":{"line":6,"ch":58,"sticky":null},"to":{"line":6,"ch":58,"sticky":null},"text":["0"],"removed":[""],"origin":"+input"}
2019-5-14 19:58:23.625#blur#
2019-5-14 20:00:15.735#mousedown#{"isTrusted":true}
2019-5-14 20:00:15.743#focus#
2019-5-14 20:00:16.637#change#{"from":{"line":6,"ch":62,"sticky":"before","xRel":36.09375},"to":{"line":6,"ch":62,"sticky":"before","xRel":36.09375},"text":["",""],"removed":[""],"origin":"+input"}
2019-5-14 20:00:16.638#change#{"from":{"line":7,"ch":0,"sticky":null},"to":{"line":7,"ch":0,"sticky":null},"text":["\t"],"removed":[""],"origin":"+input"}
2019-5-14 20:00:16.638#keyHandled#"Enter"
2019-5-14 20:00:16.651#viewportChange#0
2019-5-14 20:01:12.673#change#{"from":{"line":7,"ch":1,"sticky":null},"to":{"line":7,"ch":1,"sticky":null},"text":["",""],"removed":[""],"origin":"+input"}
2019-5-14 20:01:12.673#change#{"from":{"line":8,"ch":0,"sticky":null},"to":{"line":8,"ch":0,"sticky":null},"text":["\t"],"removed":[""],"origin":"+input"}
2019-5-14 20:01:12.673#keyHandled#"Enter"
2019-5-14 20:01:12.686#viewportChange#0
2019-5-14 20:01:12.922#change#{"from":{"line":8,"ch":1,"sticky":null},"to":{"line":8,"ch":1,"sticky":null},"text":["",""],"removed":[""],"origin":"+input"}
2019-5-14 20:01:12.922#change#{"from":{"line":9,"ch":0,"sticky":null},"to":{"line":9,"ch":0,"sticky":null},"text":["\t"],"removed":[""],"origin":"+input"}
2019-5-14 20:01:12.922#keyHandled#"Enter"
2019-5-14 20:01:12.944#viewportChange#0
2019-5-14 20:01:13.173#change#{"from":{"line":9,"ch":1,"sticky":null},"to":{"line":9,"ch":1,"sticky":null},"text":["",""],"removed":[""],"origin":"+input"}
2019-5-14 20:01:13.173#change#{"from":{"line":10,"ch":0,"sticky":null},"to":{"line":10,"ch":0,"sticky":null},"text":["\t"],"removed":[""],"origin":"+input"}
2019-5-14 20:01:13.173#keyHandled#"Enter"
2019-5-14 20:01:13.182#viewportChange#0
2019-5-14 20:01:14.304#change#{"from":{"line":10,"ch":0,"sticky":"after"},"to":{"line":10,"ch":1,"sticky":null},"text":[""],"removed":["\t"],"origin":"+delete"}
2019-5-14 20:01:14.304#keyHandled#"Backspace"
2019-5-14 20:01:15.460#change#{"from":{"line":10,"ch":0,"sticky":null},"to":{"line":10,"ch":0,"sticky":null},"text":["i"],"removed":[""],"origin":"+input"}
2019-5-14 20:01:15.573#change#{"from":{"line":10,"ch":1,"sticky":null},"to":{"line":10,"ch":1,"sticky":null},"text":["f"],"removed":[""],"origin":"+input"}
2019-5-14 20:01:16.994#change#{"from":{"line":10,"ch":2,"sticky":null},"to":{"line":10,"ch":2,"sticky":null},"text":[" "],"removed":[""],"origin":"+input"}
2019-5-14 20:01:21.908#change#{"from":{"line":10,"ch":3,"sticky":null},"to":{"line":10,"ch":3,"sticky":null},"text":["q"],"removed":[""],"origin":"+input"}
2019-5-14 20:01:22.179#change#{"from":{"line":10,"ch":4,"sticky":null},"to":{"line":10,"ch":4,"sticky":null},"text":["1"],"removed":[""],"origin":"+input"}
2019-5-14 20:01:23.955#change#{"from":{"line":10,"ch":4,"sticky":"after"},"to":{"line":10,"ch":5,"sticky":null},"text":[""],"removed":["1"],"origin":"+delete"}
2019-5-14 20:01:23.955#keyHandled#"Backspace"
2019-5-14 20:01:24.190#change#{"from":{"line":10,"ch":3,"sticky":"after"},"to":{"line":10,"ch":4,"sticky":null},"text":[""],"removed":["q"],"origin":"+delete"}
2019-5-14 20:01:24.190#keyHandled#"Backspace"
2019-5-14 20:01:33.856#mousedown#{"isTrusted":true}
2019-5-14 20:02:05.269#mousedown#{"isTrusted":true}
2019-5-14 20:02:07.721#mousedown#{"isTrusted":true}
2019-5-14 20:02:12.659#change#{"from":{"line":7,"ch":1,"sticky":"before","xRel":27},"to":{"line":7,"ch":1,"sticky":"before","xRel":27},"text":["t"],"removed":[""],"origin":"+input"}
2019-5-14 20:02:12.857#change#{"from":{"line":7,"ch":2,"sticky":null},"to":{"line":7,"ch":2,"sticky":null},"text":["="],"removed":[""],"origin":"+input"}
2019-5-14 20:02:13.912#change#{"from":{"line":7,"ch":3,"sticky":null},"to":{"line":7,"ch":3,"sticky":null},"text":["t"],"removed":[""],"origin":"+input"}
2019-5-14 20:02:15.424#change#{"from":{"line":7,"ch":4,"sticky":null},"to":{"line":7,"ch":4,"sticky":null},"text":["+"],"removed":[""],"origin":"+input"}
2019-5-14 20:02:15.938#change#{"from":{"line":7,"ch":5,"sticky":null},"to":{"line":7,"ch":5,"sticky":null},"text":["1"],"removed":[""],"origin":"+input"}
2019-5-14 20:02:16.789#change#{"from":{"line":7,"ch":6,"sticky":null},"to":{"line":7,"ch":6,"sticky":null},"text":["",""],"removed":[""],"origin":"+input"}
2019-5-14 20:02:16.790#change#{"from":{"line":8,"ch":0,"sticky":null},"to":{"line":8,"ch":0,"sticky":null},"text":["\t"],"removed":[""],"origin":"+input"}
2019-5-14 20:02:16.790#keyHandled#"Enter"
2019-5-14 20:02:16.807#viewportChange#0
2019-5-14 20:02:18.187#keyHandled#"Down"
2019-5-14 20:02:19.054#change#{"from":{"line":9,"ch":0,"sticky":"after"},"to":{"line":9,"ch":1,"sticky":"before","xRel":0},"text":[""],"removed":["\t"],"origin":"+delete"}
2019-5-14 20:02:19.054#keyHandled#"Backspace"
2019-5-14 20:02:19.536#change#{"from":{"line":8,"ch":1,"sticky":"before"},"to":{"line":9,"ch":0,"sticky":null},"text":[""],"removed":["",""],"origin":"+delete"}
2019-5-14 20:02:19.536#keyHandled#"Backspace"
2019-5-14 20:02:19.545#viewportChange#0
2019-5-14 20:02:20.485#keyHandled#"Down"
2019-5-14 20:02:20.810#keyHandled#"Up"
2019-5-14 20:02:31.940#mousedown#{"isTrusted":true}
2019-5-14 20:02:41.511#mousedown#{"isTrusted":true}
2019-5-14 20:03:03.581#change#{"from":{"line":8,"ch":1,"sticky":"before","xRel":9},"to":{"line":8,"ch":1,"sticky":"before","xRel":9},"text":["a"],"removed":[""],"origin":"+input"}
2019-5-14 20:03:04.227#change#{"from":{"line":8,"ch":2,"sticky":null},"to":{"line":8,"ch":2,"sticky":null},"text":["="],"removed":[""],"origin":"+input"}
2019-5-14 20:03:15.396#change#{"from":{"line":8,"ch":3,"sticky":null},"to":{"line":8,"ch":3,"sticky":null},"text":["a"],"removed":[""],"origin":"+input"}
2019-5-14 20:03:17.257#change#{"from":{"line":8,"ch":4,"sticky":null},"to":{"line":8,"ch":4,"sticky":null},"text":["+"],"removed":[""],"origin":"+input"}
2019-5-14 20:03:18.657#change#{"from":{"line":8,"ch":5,"sticky":null},"to":{"line":8,"ch":5,"sticky":null},"text":["()"],"removed":[""],"origin":"+input"}
2019-5-14 20:03:18.657#keyHandled#"'('"
2019-5-14 20:03:20.263#change#{"from":{"line":8,"ch":6,"sticky":"after"},"to":{"line":8,"ch":6,"sticky":"after"},"text":["p"],"removed":[""],"origin":"+input"}
2019-5-14 20:03:20.578#change#{"from":{"line":8,"ch":7,"sticky":null},"to":{"line":8,"ch":7,"sticky":null},"text":["1"],"removed":[""],"origin":"+input"}
2019-5-14 20:03:21.790#change#{"from":{"line":8,"ch":8,"sticky":null},"to":{"line":8,"ch":8,"sticky":null},"text":["()"],"removed":[""],"origin":"+input"}
2019-5-14 20:03:21.790#keyHandled#"'('"
2019-5-14 20:03:23.154#change#{"from":{"line":8,"ch":8,"sticky":null},"to":{"line":8,"ch":10,"sticky":null},"text":[""],"removed":["()"],"origin":"+delete"}
2019-5-14 20:03:23.154#keyHandled#"Backspace"
2019-5-14 20:03:24.458#change#{"from":{"line":8,"ch":8,"sticky":null},"to":{"line":8,"ch":8,"sticky":null},"text":["*"],"removed":[""],"origin":"+input"}
2019-5-14 20:03:27.406#change#{"from":{"line":8,"ch":8,"sticky":"after"},"to":{"line":8,"ch":9,"sticky":null},"text":[""],"removed":["*"],"origin":"+delete"}
2019-5-14 20:03:27.406#keyHandled#"Backspace"
2019-5-14 20:03:31.407#change#{"from":{"line":8,"ch":8,"sticky":null},"to":{"line":8,"ch":8,"sticky":null},"text":["/"],"removed":[""],"origin":"+input"}
2019-5-14 20:03:38.909#change#{"from":{"line":8,"ch":9,"sticky":null},"to":{"line":8,"ch":9,"sticky":null},"text":["q"],"removed":[""],"origin":"+input"}
2019-5-14 20:03:39.325#change#{"from":{"line":8,"ch":10,"sticky":null},"to":{"line":8,"ch":10,"sticky":null},"text":["1"],"removed":[""],"origin":"+input"}
2019-5-14 20:03:40.652#change#{"from":{"line":8,"ch":10,"sticky":"after"},"to":{"line":8,"ch":11,"sticky":null},"text":[""],"removed":["1"],"origin":"+delete"}
2019-5-14 20:03:40.652#keyHandled#"Backspace"
2019-5-14 20:03:40.888#change#{"from":{"line":8,"ch":9,"sticky":"after"},"to":{"line":8,"ch":10,"sticky":null},"text":[""],"removed":["q"],"origin":"+delete"}
2019-5-14 20:03:40.888#keyHandled#"Backspace"
2019-5-14 20:03:41.187#change#{"from":{"line":8,"ch":8,"sticky":"after"},"to":{"line":8,"ch":9,"sticky":null},"text":[""],"removed":["/"],"origin":"+delete"}
2019-5-14 20:03:41.187#keyHandled#"Backspace"
2019-5-14 20:03:41.473#change#{"from":{"line":8,"ch":7,"sticky":"after"},"to":{"line":8,"ch":8,"sticky":null},"text":[""],"removed":["1"],"origin":"+delete"}
2019-5-14 20:03:41.473#keyHandled#"Backspace"
2019-5-14 20:03:41.737#change#{"from":{"line":8,"ch":6,"sticky":"after"},"to":{"line":8,"ch":7,"sticky":null},"text":[""],"removed":["p"],"origin":"+delete"}
2019-5-14 20:03:41.737#keyHandled#"Backspace"
2019-5-14 20:03:54.277#change#{"from":{"line":8,"ch":6,"sticky":null},"to":{"line":8,"ch":6,"sticky":null},"text":["a"],"removed":[""],"origin":"+input"}
2019-5-14 20:04:01.331#change#{"from":{"line":8,"ch":7,"sticky":null},"to":{"line":8,"ch":7,"sticky":null},"text":["/"],"removed":[""],"origin":"+input"}
2019-5-14 20:04:02.027#change#{"from":{"line":8,"ch":8,"sticky":null},"to":{"line":8,"ch":8,"sticky":null},"text":["1"],"removed":[""],"origin":"+input"}
2019-5-14 20:04:02.311#change#{"from":{"line":8,"ch":9,"sticky":null},"to":{"line":8,"ch":9,"sticky":null},"text":["0"],"removed":[""],"origin":"+input"}
2019-5-14 20:04:02.463#change#{"from":{"line":8,"ch":10,"sticky":null},"to":{"line":8,"ch":10,"sticky":null},"text":["0"],"removed":[""],"origin":"+input"}
2019-5-14 20:04:05.811#change#{"from":{"line":8,"ch":10,"sticky":"after"},"to":{"line":8,"ch":11,"sticky":null},"text":[""],"removed":["0"],"origin":"+delete"}
2019-5-14 20:04:05.811#keyHandled#"Backspace"
2019-5-14 20:04:06.123#change#{"from":{"line":8,"ch":9,"sticky":"after"},"to":{"line":8,"ch":10,"sticky":null},"text":[""],"removed":["0"],"origin":"+delete"}
2019-5-14 20:04:06.123#keyHandled#"Backspace"
2019-5-14 20:04:06.408#change#{"from":{"line":8,"ch":8,"sticky":"after"},"to":{"line":8,"ch":9,"sticky":null},"text":[""],"removed":["1"],"origin":"+delete"}
2019-5-14 20:04:06.408#keyHandled#"Backspace"
2019-5-14 20:04:06.691#change#{"from":{"line":8,"ch":7,"sticky":"after"},"to":{"line":8,"ch":8,"sticky":null},"text":[""],"removed":["/"],"origin":"+delete"}
2019-5-14 20:04:06.691#keyHandled#"Backspace"
2019-5-14 20:04:14.861#change#{"from":{"line":8,"ch":7,"sticky":null},"to":{"line":8,"ch":7,"sticky":null},"text":["*"],"removed":[""],"origin":"+input"}
2019-5-14 20:04:16.004#change#{"from":{"line":8,"ch":8,"sticky":null},"to":{"line":8,"ch":8,"sticky":null},"text":["()"],"removed":[""],"origin":"+input"}
2019-5-14 20:04:16.004#keyHandled#"'('"
2019-5-14 20:04:19.397#change#{"from":{"line":8,"ch":9,"sticky":"after"},"to":{"line":8,"ch":9,"sticky":"after"},"text":["p"],"removed":[""],"origin":"+input"}
2019-5-14 20:04:19.524#change#{"from":{"line":8,"ch":10,"sticky":null},"to":{"line":8,"ch":10,"sticky":null},"text":["1"],"removed":[""],"origin":"+input"}
2019-5-14 20:04:21.266#change#{"from":{"line":8,"ch":11,"sticky":null},"to":{"line":8,"ch":11,"sticky":null},"text":["/"],"removed":[""],"origin":"+input"}
2019-5-14 20:04:22.007#change#{"from":{"line":8,"ch":12,"sticky":null},"to":{"line":8,"ch":12,"sticky":null},"text":["1"],"removed":[""],"origin":"+input"}
2019-5-14 20:04:22.145#change#{"from":{"line":8,"ch":13,"sticky":null},"to":{"line":8,"ch":13,"sticky":null},"text":["0"],"removed":[""],"origin":"+input"}
2019-5-14 20:04:22.327#change#{"from":{"line":8,"ch":14,"sticky":null},"to":{"line":8,"ch":14,"sticky":null},"text":["0"],"removed":[""],"origin":"+input"}
2019-5-14 20:04:28.462#keyHandled#"Down"
2019-5-14 20:04:29.256#keyHandled#"Up"
2019-5-14 20:04:29.756#keyHandled#"Down"
2019-5-14 20:04:43.991#mousedown#{"isTrusted":true}
2019-5-14 20:04:51.206#change#{"from":{"line":5,"ch":0,"sticky":"after","xRel":27.09375},"to":{"line":5,"ch":0,"sticky":"after","xRel":27.09375},"text":["q"],"removed":[""],"origin":"+input"}
2019-5-14 20:04:51.366#change#{"from":{"line":5,"ch":1,"sticky":null},"to":{"line":5,"ch":1,"sticky":null},"text":["t"],"removed":[""],"origin":"+input"}
2019-5-14 20:04:53.048#change#{"from":{"line":5,"ch":2,"sticky":null},"to":{"line":5,"ch":2,"sticky":null},"text":["="],"removed":[""],"origin":"+input"}
2019-5-14 20:04:57.195#mousedown#{"isTrusted":true}
2019-5-14 20:05:02.637#mousedown#{"isTrusted":true}
2019-5-14 20:05:03.277#change#{"from":{"line":5,"ch":3,"sticky":"after"},"to":{"line":5,"ch":4,"sticky":"before","xRel":3.328125},"text":[""],"removed":["0"],"origin":"+delete"}
2019-5-14 20:05:03.277#keyHandled#"Backspace"
2019-5-14 20:05:03.556#change#{"from":{"line":5,"ch":2,"sticky":"after"},"to":{"line":5,"ch":3,"sticky":null},"text":[""],"removed":["="],"origin":"+delete"}
2019-5-14 20:05:03.556#keyHandled#"Backspace"
2019-5-14 20:05:03.764#change#{"from":{"line":5,"ch":1,"sticky":"after"},"to":{"line":5,"ch":2,"sticky":null},"text":[""],"removed":["t"],"origin":"+delete"}
2019-5-14 20:05:03.764#keyHandled#"Backspace"
2019-5-14 20:05:04.029#change#{"from":{"line":5,"ch":0,"sticky":"after"},"to":{"line":5,"ch":1,"sticky":null},"text":[""],"removed":["q"],"origin":"+delete"}
2019-5-14 20:05:04.029#keyHandled#"Backspace"
2019-5-14 20:05:05.181#change#{"from":{"line":4,"ch":3,"sticky":"before"},"to":{"line":5,"ch":0,"sticky":null},"text":[""],"removed":["",""],"origin":"+delete"}
2019-5-14 20:05:05.181#keyHandled#"Backspace"
2019-5-14 20:05:05.190#viewportChange#0
2019-5-14 20:05:06.331#mousedown#{"isTrusted":true}
2019-5-14 20:05:07.910#change#{"from":{"line":8,"ch":1,"sticky":"before","xRel":15},"to":{"line":8,"ch":1,"sticky":"before","xRel":15},"text":["q"],"removed":[""],"origin":"+input"}
2019-5-14 20:05:08.360#change#{"from":{"line":8,"ch":2,"sticky":null},"to":{"line":8,"ch":2,"sticky":null},"text":["t"],"removed":[""],"origin":"+input"}
2019-5-14 20:05:10.200#change#{"from":{"line":8,"ch":3,"sticky":null},"to":{"line":8,"ch":3,"sticky":null},"text":["+"],"removed":[""],"origin":"+input"}
2019-5-14 20:05:11.313#change#{"from":{"line":8,"ch":3,"sticky":"after"},"to":{"line":8,"ch":4,"sticky":null},"text":[""],"removed":["+"],"origin":"+delete"}
2019-5-14 20:05:11.313#keyHandled#"Backspace"
2019-5-14 20:05:11.578#change#{"from":{"line":8,"ch":3,"sticky":null},"to":{"line":8,"ch":3,"sticky":null},"text":["="],"removed":[""],"origin":"+input"}
2019-5-14 20:05:15.545#change#{"from":{"line":8,"ch":4,"sticky":null},"to":{"line":8,"ch":4,"sticky":null},"text":["a"],"removed":[""],"origin":"+input"}
2019-5-14 20:05:16.685#change#{"from":{"line":8,"ch":5,"sticky":null},"to":{"line":8,"ch":5,"sticky":null},"text":["-"],"removed":[""],"origin":"+input"}
2019-5-14 20:05:28.399#change#{"from":{"line":8,"ch":6,"sticky":null},"to":{"line":8,"ch":6,"sticky":null},"text":["q"],"removed":[""],"origin":"+input"}
2019-5-14 20:05:28.599#change#{"from":{"line":8,"ch":7,"sticky":null},"to":{"line":8,"ch":7,"sticky":null},"text":["2"],"removed":[""],"origin":"+input"}
2019-5-14 20:05:47.576#mousedown#{"isTrusted":true}
2019-5-14 20:06:01.963#change#{"from":{"line":9,"ch":2,"sticky":"before","xRel":-1.90625},"to":{"line":9,"ch":2,"sticky":"before","xRel":-1.90625},"text":[" "],"removed":[""],"origin":"+input"}
2019-5-14 20:06:11.347#change#{"from":{"line":9,"ch":3,"sticky":null},"to":{"line":9,"ch":3,"sticky":null},"text":["a"],"removed":[""],"origin":"+input"}
2019-5-14 20:06:15.901#change#{"from":{"line":9,"ch":4,"sticky":null},"to":{"line":9,"ch":4,"sticky":null},"text":[">"],"removed":[""],"origin":"+input"}
2019-5-14 20:06:16.471#change#{"from":{"line":9,"ch":5,"sticky":null},"to":{"line":9,"ch":5,"sticky":null},"text":["="],"removed":[""],"origin":"+input"}
2019-5-14 20:06:18.319#change#{"from":{"line":9,"ch":6,"sticky":null},"to":{"line":9,"ch":6,"sticky":null},"text":["1"],"removed":[""],"origin":"+input"}
2019-5-14 20:06:18.931#change#{"from":{"line":9,"ch":7,"sticky":null},"to":{"line":9,"ch":7,"sticky":null},"text":["2"],"removed":[""],"origin":"+input"}
2019-5-14 20:06:19.379#change#{"from":{"line":9,"ch":8,"sticky":null},"to":{"line":9,"ch":8,"sticky":null},"text":["0"],"removed":[""],"origin":"+input"}
2019-5-14 20:06:19.579#change#{"from":{"line":9,"ch":9,"sticky":null},"to":{"line":9,"ch":9,"sticky":null},"text":["0"],"removed":[""],"origin":"+input"}
2019-5-14 20:06:19.767#change#{"from":{"line":9,"ch":10,"sticky":null},"to":{"line":9,"ch":10,"sticky":null},"text":["0"],"removed":[""],"origin":"+input"}
2019-5-14 20:06:21.531#change#{"from":{"line":9,"ch":11,"sticky":null},"to":{"line":9,"ch":11,"sticky":null},"text":[" "],"removed":[""],"origin":"+input"}
2019-5-14 20:06:21.732#change#{"from":{"line":9,"ch":12,"sticky":null},"to":{"line":9,"ch":12,"sticky":null},"text":[":"],"removed":[""],"origin":"+input"}
2019-5-14 20:06:22.837#change#{"from":{"line":9,"ch":13,"sticky":null},"to":{"line":9,"ch":13,"sticky":null},"text":["",""],"removed":[""],"origin":"+input"}
2019-5-14 20:06:22.837#change#{"from":{"line":10,"ch":0,"sticky":null},"to":{"line":10,"ch":1,"sticky":null},"text":["\t"],"removed":[" "],"origin":"+input"}
2019-5-14 20:06:22.837#keyHandled#"Enter"
2019-5-14 20:06:22.854#viewportChange#0
2019-5-14 20:06:25.748#keyHandled#"Up"
2019-5-14 20:06:26.767#change#{"from":{"line":9,"ch":3,"sticky":"after","xRel":0.015625},"to":{"line":9,"ch":3,"sticky":"after","xRel":0.015625},"text":["("],"removed":[""],"origin":"+input"}
2019-5-14 20:06:27.377#keyHandled#"Right"
2019-5-14 20:06:27.515#keyHandled#"Right"
2019-5-14 20:06:27.659#keyHandled#"Right"
2019-5-14 20:06:27.809#keyHandled#"Right"
2019-5-14 20:06:27.958#keyHandled#"Right"
2019-5-14 20:06:28.107#keyHandled#"Right"
2019-5-14 20:06:28.265#keyHandled#"Right"
2019-5-14 20:06:28.513#keyHandled#"Right"
2019-5-14 20:06:29.654#change#{"from":{"line":9,"ch":12,"sticky":"before"},"to":{"line":9,"ch":12,"sticky":"before"},"text":[")"],"removed":[""],"origin":"+input"}
2019-5-14 20:06:33.385#mousedown#{"isTrusted":true}
2019-5-14 20:06:41.587#change#{"from":{"line":10,"ch":1,"sticky":"before","xRel":117},"to":{"line":10,"ch":1,"sticky":"before","xRel":117},"text":["p"],"removed":[""],"origin":"+input"}
2019-5-14 20:06:43.136#change#{"from":{"line":10,"ch":2,"sticky":null},"to":{"line":10,"ch":2,"sticky":null},"text":["r"],"removed":[""],"origin":"+input"}
2019-5-14 20:06:43.240#change#{"from":{"line":10,"ch":3,"sticky":null},"to":{"line":10,"ch":3,"sticky":null},"text":["i"],"removed":[""],"origin":"+input"}
2019-5-14 20:06:43.532#change#{"from":{"line":10,"ch":4,"sticky":null},"to":{"line":10,"ch":4,"sticky":null},"text":["t"],"removed":[""],"origin":"+input"}
2019-5-14 20:06:44.262#change#{"from":{"line":10,"ch":4,"sticky":"after"},"to":{"line":10,"ch":5,"sticky":null},"text":[""],"removed":["t"],"origin":"+delete"}
2019-5-14 20:06:44.262#keyHandled#"Backspace"
2019-5-14 20:06:45.601#change#{"from":{"line":10,"ch":4,"sticky":null},"to":{"line":10,"ch":4,"sticky":null},"text":["n"],"removed":[""],"origin":"+input"}
2019-5-14 20:06:45.751#change#{"from":{"line":10,"ch":5,"sticky":null},"to":{"line":10,"ch":5,"sticky":null},"text":["t"],"removed":[""],"origin":"+input"}
2019-5-14 20:06:46.769#change#{"from":{"line":10,"ch":6,"sticky":null},"to":{"line":10,"ch":6,"sticky":null},"text":["()"],"removed":[""],"origin":"+input"}
2019-5-14 20:06:46.769#keyHandled#"'('"
2019-5-14 20:06:50.214#change#{"from":{"line":10,"ch":7,"sticky":"after"},"to":{"line":10,"ch":7,"sticky":"after"},"text":["\"\""],"removed":[""],"origin":"+input"}
2019-5-14 20:06:50.214#keyHandled#"'\"'"
2019-5-14 20:06:54.857#change#{"from":{"line":10,"ch":8,"sticky":"after"},"to":{"line":10,"ch":8,"sticky":"after"},"text":["L"],"removed":[""],"origin":"+input"}
2019-5-14 20:06:55.066#change#{"from":{"line":10,"ch":9,"sticky":null},"to":{"line":10,"ch":9,"sticky":null},"text":["I"],"removed":[""],"origin":"+input"}
2019-5-14 20:06:55.268#change#{"from":{"line":10,"ch":10,"sticky":null},"to":{"line":10,"ch":10,"sticky":null},"text":["M"],"removed":[""],"origin":"+input"}
2019-5-14 20:06:55.436#change#{"from":{"line":10,"ch":11,"sticky":null},"to":{"line":10,"ch":11,"sticky":null},"text":["I"],"removed":[""],"origin":"+input"}
2019-5-14 20:06:55.678#change#{"from":{"line":10,"ch":12,"sticky":null},"to":{"line":10,"ch":12,"sticky":null},"text":["T"],"removed":[""],"origin":"+input"}
2019-5-14 20:06:55.869#change#{"from":{"line":10,"ch":13,"sticky":null},"to":{"line":10,"ch":13,"sticky":null},"text":["E"],"removed":[""],"origin":"+input"}
2019-5-14 20:06:56.865#keyHandled#"Right"
2019-5-14 20:06:57.432#keyHandled#"Right"
2019-5-14 20:06:57.813#change#{"from":{"line":10,"ch":16,"sticky":"before"},"to":{"line":10,"ch":16,"sticky":"before"},"text":["",""],"removed":[""],"origin":"+input"}
2019-5-14 20:06:57.813#change#{"from":{"line":11,"ch":0,"sticky":null},"to":{"line":11,"ch":0,"sticky":null},"text":["\t"],"removed":[""],"origin":"+input"}
2019-5-14 20:06:57.813#keyHandled#"Enter"
2019-5-14 20:06:57.827#viewportChange#0
2019-5-14 20:07:05.876#change#{"from":{"line":11,"ch":0,"sticky":"after"},"to":{"line":11,"ch":1,"sticky":null},"text":[""],"removed":["\t"],"origin":"+delete"}
2019-5-14 20:07:05.876#keyHandled#"Backspace"
2019-5-14 20:07:07.516#change#{"from":{"line":11,"ch":0,"sticky":null},"to":{"line":11,"ch":0,"sticky":null},"text":["e"],"removed":[""],"origin":"+input"}
2019-5-14 20:07:07.757#change#{"from":{"line":11,"ch":1,"sticky":null},"to":{"line":11,"ch":1,"sticky":null},"text":["l"],"removed":[""],"origin":"+input"}
2019-5-14 20:07:07.870#change#{"from":{"line":11,"ch":2,"sticky":null},"to":{"line":11,"ch":2,"sticky":null},"text":["s"],"removed":[""],"origin":"+input"}
2019-5-14 20:07:08.117#change#{"from":{"line":11,"ch":3,"sticky":null},"to":{"line":11,"ch":3,"sticky":null},"text":["e"],"removed":[""],"origin":"+input"}
2019-5-14 20:07:10.553#change#{"from":{"line":11,"ch":4,"sticky":null},"to":{"line":11,"ch":4,"sticky":null},"text":[":"],"removed":[""],"origin":"+input"}
2019-5-14 20:07:14.104#change#{"from":{"line":11,"ch":5,"sticky":null},"to":{"line":11,"ch":5,"sticky":null},"text":["",""],"removed":[""],"origin":"+input"}
2019-5-14 20:07:14.104#change#{"from":{"line":12,"ch":0,"sticky":null},"to":{"line":12,"ch":0,"sticky":null},"text":["\t"],"removed":[""],"origin":"+input"}
2019-5-14 20:07:14.104#keyHandled#"Enter"
2019-5-14 20:07:14.133#viewportChange#0
2019-5-14 20:07:15.319#change#{"from":{"line":12,"ch":1,"sticky":null},"to":{"line":12,"ch":1,"sticky":null},"text":["p"],"removed":[""],"origin":"+input"}
2019-5-14 20:07:15.602#change#{"from":{"line":12,"ch":2,"sticky":null},"to":{"line":12,"ch":2,"sticky":null},"text":["r"],"removed":[""],"origin":"+input"}
2019-5-14 20:07:15.703#change#{"from":{"line":12,"ch":3,"sticky":null},"to":{"line":12,"ch":3,"sticky":null},"text":["i"],"removed":[""],"origin":"+input"}
2019-5-14 20:07:15.886#change#{"from":{"line":12,"ch":4,"sticky":null},"to":{"line":12,"ch":4,"sticky":null},"text":["n"],"removed":[""],"origin":"+input"}
2019-5-14 20:07:16.017#change#{"from":{"line":12,"ch":5,"sticky":null},"to":{"line":12,"ch":5,"sticky":null},"text":["t"],"removed":[""],"origin":"+input"}
2019-5-14 20:07:17.766#change#{"from":{"line":12,"ch":6,"sticky":null},"to":{"line":12,"ch":6,"sticky":null},"text":["()"],"removed":[""],"origin":"+input"}
2019-5-14 20:07:17.767#keyHandled#"'('"
2019-5-14 20:07:21.390#change#{"from":{"line":12,"ch":7,"sticky":"after"},"to":{"line":12,"ch":7,"sticky":"after"},"text":["\"\""],"removed":[""],"origin":"+input"}
2019-5-14 20:07:21.390#keyHandled#"'\"'"
2019-5-14 20:07:23.023#change#{"from":{"line":12,"ch":8,"sticky":"after"},"to":{"line":12,"ch":8,"sticky":"after"},"text":["E"],"removed":[""],"origin":"+input"}
2019-5-14 20:07:23.257#change#{"from":{"line":12,"ch":9,"sticky":null},"to":{"line":12,"ch":9,"sticky":null},"text":["X"],"removed":[""],"origin":"+input"}
2019-5-14 20:07:23.876#change#{"from":{"line":12,"ch":11,"sticky":null},"to":{"line":12,"ch":11,"sticky":null},"text":["I"],"removed":[""],"origin":"+input"}
2019-5-14 20:07:24.122#change#{"from":{"line":12,"ch":12,"sticky":null},"to":{"line":12,"ch":12,"sticky":null},"text":["N"],"removed":[""],"origin":"+input"}
2019-5-14 20:07:25.619#change#{"from":{"line":12,"ch":13,"sticky":null},"to":{"line":12,"ch":13,"sticky":null},"text":["C"],"removed":[""],"origin":"+input"}
2019-5-14 20:07:25.818#change#{"from":{"line":12,"ch":14,"sticky":null},"to":{"line":12,"ch":14,"sticky":null},"text":["A"],"removed":[""],"origin":"+input"}
2019-5-14 20:07:25.998#change#{"from":{"line":12,"ch":15,"sticky":null},"to":{"line":12,"ch":15,"sticky":null},"text":["O"],"removed":[""],"origin":"+input"}
2019-5-14 20:07:26.915#keyHandled#"Down"
2019-5-14 20:07:27.761#change#{"from":{"line":12,"ch":18,"sticky":null,"xRel":1,"outside":true,"hitSide":true},"to":{"line":12,"ch":18,"sticky":null,"xRel":1,"outside":true,"hitSide":true},"text":["",""],"removed":[""],"origin":"+input"}
2019-5-14 20:07:27.761#change#{"from":{"line":13,"ch":0,"sticky":null},"to":{"line":13,"ch":0,"sticky":null},"text":["\t"],"removed":[""],"origin":"+input"}
2019-5-14 20:07:27.761#keyHandled#"Enter"
2019-5-14 20:07:27.772#viewportChange#0
2019-5-14 20:07:28.861#change#{"from":{"line":13,"ch":0,"sticky":"after"},"to":{"line":13,"ch":1,"sticky":null},"text":[""],"removed":["\t"],"origin":"+delete"}
2019-5-14 20:07:28.861#keyHandled#"Backspace"
2019-5-14 20:07:31.087#change#{"from":{"line":13,"ch":0,"sticky":null},"to":{"line":13,"ch":0,"sticky":null},"text":["P"],"removed":[""],"origin":"+input"}
2019-5-14 20:07:31.220#change#{"from":{"line":13,"ch":1,"sticky":null},"to":{"line":13,"ch":1,"sticky":null},"text":["R"],"removed":[""],"origin":"+input"}
2019-5-14 20:07:31.352#change#{"from":{"line":13,"ch":2,"sticky":null},"to":{"line":13,"ch":2,"sticky":null},"text":["I"],"removed":[""],"origin":"+input"}
2019-5-14 20:07:31.558#change#{"from":{"line":13,"ch":3,"sticky":null},"to":{"line":13,"ch":3,"sticky":null},"text":["N"],"removed":[""],"origin":"+input"}
2019-5-14 20:07:31.769#change#{"from":{"line":13,"ch":4,"sticky":null},"to":{"line":13,"ch":4,"sticky":null},"text":["T"],"removed":[""],"origin":"+input"}
2019-5-14 20:07:32.217#change#{"from":{"line":13,"ch":4,"sticky":"after"},"to":{"line":13,"ch":5,"sticky":null},"text":[""],"removed":["T"],"origin":"+delete"}
2019-5-14 20:07:32.217#keyHandled#"Backspace"
2019-5-14 20:07:32.444#change#{"from":{"line":13,"ch":3,"sticky":"after"},"to":{"line":13,"ch":4,"sticky":null},"text":[""],"removed":["N"],"origin":"+delete"}
2019-5-14 20:07:32.444#keyHandled#"Backspace"
2019-5-14 20:07:32.627#change#{"from":{"line":13,"ch":2,"sticky":"after"},"to":{"line":13,"ch":3,"sticky":null},"text":[""],"removed":["I"],"origin":"+delete"}
2019-5-14 20:07:32.627#keyHandled#"Backspace"
2019-5-14 20:07:32.832#change#{"from":{"line":13,"ch":1,"sticky":"after"},"to":{"line":13,"ch":2,"sticky":null},"text":[""],"removed":["R"],"origin":"+delete"}
2019-5-14 20:07:32.832#keyHandled#"Backspace"
2019-5-14 20:07:33.159#change#{"from":{"line":13,"ch":0,"sticky":"after"},"to":{"line":13,"ch":1,"sticky":null},"text":[""],"removed":["P"],"origin":"+delete"}
2019-5-14 20:07:33.159#keyHandled#"Backspace"
2019-5-14 20:07:33.723#change#{"from":{"line":13,"ch":0,"sticky":null},"to":{"line":13,"ch":0,"sticky":null},"text":["p"],"removed":[""],"origin":"+input"}
2019-5-14 20:07:34.065#change#{"from":{"line":13,"ch":1,"sticky":null},"to":{"line":13,"ch":1,"sticky":null},"text":["r"],"removed":[""],"origin":"+input"}
2019-5-14 20:07:34.207#change#{"from":{"line":13,"ch":2,"sticky":null},"to":{"line":13,"ch":2,"sticky":null},"text":["i"],"removed":[""],"origin":"+input"}
2019-5-14 20:07:34.381#change#{"from":{"line":13,"ch":3,"sticky":null},"to":{"line":13,"ch":3,"sticky":null},"text":["n"],"removed":[""],"origin":"+input"}
2019-5-14 20:07:34.480#change#{"from":{"line":13,"ch":4,"sticky":null},"to":{"line":13,"ch":4,"sticky":null},"text":["t"],"removed":[""],"origin":"+input"}
2019-5-14 20:07:35.262#change#{"from":{"line":13,"ch":5,"sticky":null},"to":{"line":13,"ch":5,"sticky":null},"text":["()"],"removed":[""],"origin":"+input"}
2019-5-14 20:07:35.262#keyHandled#"'('"
2019-5-14 20:07:38.306#change#{"from":{"line":13,"ch":6,"sticky":"after"},"to":{"line":13,"ch":6,"sticky":"after"},"text":["t"],"removed":[""],"origin":"+input"}
2019-5-14 20:07:38.306#change#{"from":{"line":13,"ch":6,"sticky":"after"},"to":{"line":13,"ch":6,"sticky":"after"},"text":["t"],"removed":[""],"origin":"+input"}
2019-5-14 20:07:40.459#blur#
2019-5-14 20:07:40.459#blur#
2019-5-14 20:07:53.192#saida_testar#$ python3 main.py
2019-5-14 20:08:12.589#mousedown#{"isTrusted":true}
2019-5-14 20:08:12.838#focus#
2019-5-14 20:08:14.677#change#{"from":{"line":13,"ch":0,"sticky":"after","xRel":0.09375},"to":{"line":13,"ch":0,"sticky":"after","xRel":0.09375},"text":["\t"],"removed":[""],"origin":"+input"}
2019-5-14 20:08:14.677#keyHandled#"Tab"
2019-5-14 20:08:16.955#mousedown#{"isTrusted":true}
2019-5-14 20:08:18.138#change#{"from":{"line":10,"ch":16,"sticky":"before","xRel":5.5625},"to":{"line":10,"ch":16,"sticky":"before","xRel":5.5625},"text":["",""],"removed":[""],"origin":"+input"}
2019-5-14 20:08:18.139#change#{"from":{"line":11,"ch":0,"sticky":null},"to":{"line":11,"ch":0,"sticky":null},"text":["\t"],"removed":[""],"origin":"+input"}
2019-5-14 20:08:18.139#keyHandled#"Enter"
2019-5-14 20:08:18.152#viewportChange#0
2019-5-14 20:08:19.634#change#{"from":{"line":11,"ch":1,"sticky":null},"to":{"line":11,"ch":1,"sticky":null},"text":["p"],"removed":[""],"origin":"+input"}
2019-5-14 20:08:19.935#change#{"from":{"line":11,"ch":2,"sticky":null},"to":{"line":11,"ch":2,"sticky":null},"text":["r"],"removed":[""],"origin":"+input"}
2019-5-14 20:08:20.033#change#{"from":{"line":11,"ch":3,"sticky":null},"to":{"line":11,"ch":3,"sticky":null},"text":["i"],"removed":[""],"origin":"+input"}
2019-5-14 20:08:20.232#change#{"from":{"line":11,"ch":4,"sticky":null},"to":{"line":11,"ch":4,"sticky":null},"text":["n"],"removed":[""],"origin":"+input"}
2019-5-14 20:08:20.317#change#{"from":{"line":11,"ch":5,"sticky":null},"to":{"line":11,"ch":5,"sticky":null},"text":["t"],"removed":[""],"origin":"+input"}
2019-5-14 20:08:22.050#change#{"from":{"line":11,"ch":6,"sticky":null},"to":{"line":11,"ch":6,"sticky":null},"text":["T"],"removed":[""],"origin":"+input"}
2019-5-14 20:08:23.065#change#{"from":{"line":11,"ch":6,"sticky":"after"},"to":{"line":11,"ch":7,"sticky":null},"text":[""],"removed":["T"],"origin":"+delete"}
2019-5-14 20:08:23.065#keyHandled#"Backspace"
2019-5-14 20:08:24.016#change#{"from":{"line":11,"ch":6,"sticky":null},"to":{"line":11,"ch":6,"sticky":null},"text":["()"],"removed":[""],"origin":"+input"}
2019-5-14 20:08:24.016#keyHandled#"'('"
2019-5-14 20:08:24.614#change#{"from":{"line":11,"ch":7,"sticky":"after"},"to":{"line":11,"ch":7,"sticky":"after"},"text":["t"],"removed":[""],"origin":"+input"}
2019-5-14 20:08:28.383#mousedown#{"isTrusted":true}
2019-5-14 20:08:28.383#mousedown#{"isTrusted":true}
2019-5-14 20:08:30.483#blur#
2019-5-14 20:08:30.964#saida_testar#$ python3 main.py
2019-5-14 20:09:05.450#mousedown#{"isTrusted":true}
2019-5-14 20:09:05.620#focus#
2019-5-14 20:09:06.727#change#{"from":{"line":5,"ch":11,"sticky":"after"},"to":{"line":5,"ch":12,"sticky":"after","xRel":0.09375},"text":[""],"removed":[")"],"origin":"+delete"}
2019-5-14 20:09:06.727#keyHandled#"Backspace"
2019-5-14 20:09:06.999#change#{"from":{"line":5,"ch":10,"sticky":"after"},"to":{"line":5,"ch":11,"sticky":null},"text":[""],"removed":["0"],"origin":"+delete"}
2019-5-14 20:09:07.000#keyHandled#"Backspace"
2019-5-14 20:09:07.214#change#{"from":{"line":5,"ch":9,"sticky":"after"},"to":{"line":5,"ch":10,"sticky":null},"text":[""],"removed":[">"],"origin":"+delete"}
2019-5-14 20:09:07.214#keyHandled#"Backspace"
2019-5-14 20:09:07.487#change#{"from":{"line":5,"ch":8,"sticky":"after"},"to":{"line":5,"ch":9,"sticky":null},"text":[""],"removed":["1"],"origin":"+delete"}
2019-5-14 20:09:07.487#keyHandled#"Backspace"
2019-5-14 20:09:07.765#change#{"from":{"line":5,"ch":7,"sticky":"after"},"to":{"line":5,"ch":8,"sticky":null},"text":[""],"removed":["q"],"origin":"+delete"}
2019-5-14 20:09:07.765#keyHandled#"Backspace"
2019-5-14 20:09:08.184#change#{"from":{"line":5,"ch":6,"sticky":"after"},"to":{"line":5,"ch":7,"sticky":null},"text":[""],"removed":["("],"origin":"+delete"}
2019-5-14 20:09:08.184#keyHandled#"Backspace"
2019-5-14 20:09:09.613#keyHandled#"Right"
2019-5-14 20:09:09.903#keyHandled#"Right"
2019-5-14 20:09:10.162#keyHandled#"Right"
2019-5-14 20:09:10.372#keyHandled#"Right"
2019-5-14 20:09:10.631#keyHandled#"Right"
2019-5-14 20:09:11.514#change#{"from":{"line":5,"ch":10,"sticky":"after"},"to":{"line":5,"ch":11,"sticky":"before"},"text":[""],"removed":[" "],"origin":"+delete"}
2019-5-14 20:09:11.515#keyHandled#"Backspace"
2019-5-14 20:09:11.978#change#{"from":{"line":5,"ch":9,"sticky":"after"},"to":{"line":5,"ch":10,"sticky":null},"text":[""],"removed":["d"],"origin":"+delete"}
2019-5-14 20:09:11.978#keyHandled#"Backspace"
2019-5-14 20:09:12.250#change#{"from":{"line":5,"ch":8,"sticky":"after"},"to":{"line":5,"ch":9,"sticky":null},"text":[""],"removed":["n"],"origin":"+delete"}
2019-5-14 20:09:12.250#keyHandled#"Backspace"
2019-5-14 20:09:12.576#change#{"from":{"line":5,"ch":7,"sticky":"after"},"to":{"line":5,"ch":8,"sticky":null},"text":[""],"removed":["a"],"origin":"+delete"}
2019-5-14 20:09:12.576#keyHandled#"Backspace"
2019-5-14 20:09:12.938#change#{"from":{"line":5,"ch":6,"sticky":"after"},"to":{"line":5,"ch":7,"sticky":null},"text":[""],"removed":[" "],"origin":"+delete"}
2019-5-14 20:09:12.938#keyHandled#"Backspace"
2019-5-14 20:09:20.465#blur#
2019-5-14 20:09:20.897#saida_testar#$ python3 main.py
quantidade inicial de tambaqui:10000
percentual de crescimento: 5
tambaqui para venda: 200
2019-5-14 20:09:32.320#mousedown#{"isTrusted":true}
2019-5-14 20:09:32.492#focus#
2019-5-14 20:09:34.623#mousedown#{"isTrusted":true}
2019-5-14 20:09:35.513#change#{"from":{"line":5,"ch":8,"sticky":"after"},"to":{"line":5,"ch":9,"sticky":"before","xRel":-2.90625},"text":[""],"removed":["1"],"origin":"+delete"}
2019-5-14 20:09:35.513#keyHandled#"Backspace"
2019-5-14 20:09:35.652#change#{"from":{"line":5,"ch":7,"sticky":"after"},"to":{"line":5,"ch":8,"sticky":null},"text":[""],"removed":["q"],"origin":"+delete"}
2019-5-14 20:09:35.652#keyHandled#"Backspace"
2019-5-14 20:09:35.753#change#{"from":{"line":5,"ch":7,"sticky":null},"to":{"line":5,"ch":7,"sticky":null},"text":["a"],"removed":[""],"origin":"+input"}
2019-5-14 20:09:37.150#mousedown#{"isTrusted":true}
2019-5-14 20:09:38.403#change#{"from":{"line":5,"ch":22,"sticky":"after"},"to":{"line":5,"ch":23,"sticky":"after","xRel":1.109375},"text":[""],"removed":["1"],"origin":"+delete"}
2019-5-14 20:09:38.403#keyHandled#"Backspace"
2019-5-14 20:09:38.546#change#{"from":{"line":5,"ch":21,"sticky":"after"},"to":{"line":5,"ch":22,"sticky":null},"text":[""],"removed":["q"],"origin":"+delete"}
2019-5-14 20:09:38.546#keyHandled#"Backspace"
2019-5-14 20:09:38.670#change#{"from":{"line":5,"ch":21,"sticky":null},"to":{"line":5,"ch":21,"sticky":null},"text":["a"],"removed":[""],"origin":"+input"}
2019-5-14 20:09:38.403#change#{"from":{"line":5,"ch":22,"sticky":"after"},"to":{"line":5,"ch":23,"sticky":"after","xRel":1.109375},"text":[""],"removed":["1"],"origin":"+delete"}
2019-5-14 20:09:38.403#keyHandled#"Backspace"
2019-5-14 20:09:38.546#change#{"from":{"line":5,"ch":21,"sticky":"after"},"to":{"line":5,"ch":22,"sticky":null},"text":[""],"removed":["q"],"origin":"+delete"}
2019-5-14 20:09:38.546#keyHandled#"Backspace"
2019-5-14 20:09:38.670#change#{"from":{"line":5,"ch":21,"sticky":null},"to":{"line":5,"ch":21,"sticky":null},"text":["a"],"removed":[""],"origin":"+input"}
2019-5-14 20:09:40.858#blur#
2019-5-14 20:09:41.353#saida_testar#$ python3 main.py
quantidade inicial de tambaqui:10000
percentual de crescimento: 5
tambaqui para venda: 200
2019-5-14 20:09:41.353#saida_testar#$ python3 main.py
quantidade inicial de tambaqui:10000
percentual de crescimento: 5
tambaqui para venda: 200
2019-5-14 20:10:30.136#submit#Your code did not produce the correct output. Please, correct your code and try again.
2019-5-14 20:11:02.836#mousedown#{"isTrusted":true}
2019-5-14 20:11:02.934#focus#
2019-5-14 20:11:04.142#change#{"from":{"line":8,"ch":2,"sticky":"after"},"to":{"line":8,"ch":3,"sticky":"before","xRel":-0.90625},"text":[""],"removed":["t"],"origin":"+delete"}
2019-5-14 20:11:04.142#keyHandled#"Backspace"
2019-5-14 20:11:04.499#change#{"from":{"line":8,"ch":1,"sticky":"after"},"to":{"line":8,"ch":2,"sticky":null},"text":[""],"removed":["q"],"origin":"+delete"}
2019-5-14 20:11:04.499#keyHandled#"Backspace"
2019-5-14 20:11:05.375#change#{"from":{"line":8,"ch":1,"sticky":null},"to":{"line":8,"ch":1,"sticky":null},"text":["a"],"removed":[""],"origin":"+input"}
2019-5-14 20:11:05.375#change#{"from":{"line":8,"ch":1,"sticky":null},"to":{"line":8,"ch":1,"sticky":null},"text":["a"],"removed":[""],"origin":"+input"}
2019-5-14 20:11:07.836#blur#
2019-5-14 20:11:09.204#saida_testar#$ python3 main.py
