2019-5-16 15:05:09.317#viewportChange#0
2019-5-16 15:05:38.213#mousedown#{"isTrusted":true}
2019-5-16 15:05:38.217#focus#
2019-5-16 15:05:39.874#change#{"from":{"line":0,"ch":0,"sticky":"after","xRel":128.609375},"to":{"line":0,"ch":0,"sticky":"after","xRel":128.609375},"text":["a"],"removed":[""],"origin":"+input"}
2019-5-16 15:05:40.336#change#{"from":{"line":0,"ch":1,"sticky":null},"to":{"line":0,"ch":1,"sticky":null},"text":[" "],"removed":[""],"origin":"+input"}
2019-5-16 15:05:40.592#change#{"from":{"line":0,"ch":2,"sticky":null},"to":{"line":0,"ch":2,"sticky":null},"text":["="],"removed":[""],"origin":"+input"}
2019-5-16 15:05:40.751#change#{"from":{"line":0,"ch":3,"sticky":null},"to":{"line":0,"ch":3,"sticky":null},"text":[" "],"removed":[""],"origin":"+input"}
2019-5-16 15:05:42.864#change#{"from":{"line":0,"ch":4,"sticky":null},"to":{"line":0,"ch":4,"sticky":null},"text":["i"],"removed":[""],"origin":"+input"}
2019-5-16 15:05:43.074#change#{"from":{"line":0,"ch":5,"sticky":null},"to":{"line":0,"ch":5,"sticky":null},"text":["n"],"removed":[""],"origin":"+input"}
2019-5-16 15:05:43.198#change#{"from":{"line":0,"ch":6,"sticky":null},"to":{"line":0,"ch":6,"sticky":null},"text":["t"],"removed":[""],"origin":"+input"}
2019-5-16 15:05:43.794#change#{"from":{"line":0,"ch":7,"sticky":null},"to":{"line":0,"ch":7,"sticky":null},"text":["()"],"removed":[""],"origin":"+input"}
2019-5-16 15:05:43.794#keyHandled#"'('"
2019-5-16 15:05:44.178#change#{"from":{"line":0,"ch":8,"sticky":"after"},"to":{"line":0,"ch":8,"sticky":"after"},"text":["i"],"removed":[""],"origin":"+input"}
2019-5-16 15:05:44.385#change#{"from":{"line":0,"ch":9,"sticky":null},"to":{"line":0,"ch":9,"sticky":null},"text":["n"],"removed":[""],"origin":"+input"}
2019-5-16 15:05:44.719#change#{"from":{"line":0,"ch":10,"sticky":null},"to":{"line":0,"ch":10,"sticky":null},"text":["p"],"removed":[""],"origin":"+input"}
2019-5-16 15:05:45.040#change#{"from":{"line":0,"ch":11,"sticky":null},"to":{"line":0,"ch":11,"sticky":null},"text":["u"],"removed":[""],"origin":"+input"}
2019-5-16 15:05:45.167#change#{"from":{"line":0,"ch":12,"sticky":null},"to":{"line":0,"ch":12,"sticky":null},"text":["t"],"removed":[""],"origin":"+input"}
2019-5-16 15:05:45.857#change#{"from":{"line":0,"ch":13,"sticky":null},"to":{"line":0,"ch":13,"sticky":null},"text":["9"],"removed":[""],"origin":"+input"}
2019-5-16 15:05:47.580#change#{"from":{"line":0,"ch":13,"sticky":"after"},"to":{"line":0,"ch":14,"sticky":null},"text":[""],"removed":["9"],"origin":"+delete"}
2019-5-16 15:05:47.580#keyHandled#"Backspace"
2019-5-16 15:05:48.078#change#{"from":{"line":0,"ch":13,"sticky":null},"to":{"line":0,"ch":13,"sticky":null},"text":["()"],"removed":[""],"origin":"+input"}
2019-5-16 15:05:48.078#keyHandled#"'('"
2019-5-16 15:05:49.397#mousedown#{"isTrusted":true}
2019-5-16 15:05:49.592#mousedown#{"isTrusted":true}
2019-5-16 15:05:49.699#dblclick#{"isTrusted":true}
2019-5-16 15:05:49.765#mousedown#{"isTrusted":true}
2019-5-16 15:05:50.728#copy#{"isTrusted":true}
2019-5-16 15:05:51.391#keyHandled#"Down"
2019-5-16 15:05:51.677#change#{"from":{"line":0,"ch":16,"sticky":null},"to":{"line":0,"ch":16,"sticky":null},"text":["",""],"removed":[""],"origin":"+input"}
2019-5-16 15:05:51.677#keyHandled#"Enter"
2019-5-16 15:05:51.680#viewportChange#0
2019-5-16 15:05:52.547#change#{"from":{"line":1,"ch":0,"sticky":null},"to":{"line":1,"ch":0,"sticky":null},"text":["a = int(input())"],"removed":[""],"origin":"paste"}
2019-5-16 15:05:53.422#change#{"from":{"line":1,"ch":16,"sticky":null},"to":{"line":1,"ch":16,"sticky":null},"text":["",""],"removed":[""],"origin":"+input"}
2019-5-16 15:05:53.422#keyHandled#"Enter"
2019-5-16 15:05:53.426#viewportChange#0
2019-5-16 15:05:53.839#change#{"from":{"line":2,"ch":0,"sticky":null},"to":{"line":2,"ch":0,"sticky":null},"text":["a = int(input())"],"removed":[""],"origin":"paste"}
2019-5-16 15:05:56.661#mousedown#{"isTrusted":true}
2019-5-16 15:05:56.861#mousedown#{"isTrusted":true}
2019-5-16 15:05:56.973#dblclick#{"isTrusted":true}
2019-5-16 15:05:57.809#change#{"from":{"line":1,"ch":0,"sticky":null},"to":{"line":1,"ch":1,"sticky":null},"text":["b"],"removed":["a"],"origin":"+input"}
2019-5-16 15:05:58.782#mousedown#{"isTrusted":true}
2019-5-16 15:05:59.008#mousedown#{"isTrusted":true}
2019-5-16 15:05:59.135#dblclick#{"isTrusted":true}
2019-5-16 15:05:59.777#change#{"from":{"line":2,"ch":0,"sticky":null},"to":{"line":2,"ch":1,"sticky":null},"text":["c"],"removed":["a"],"origin":"+input"}
2019-5-16 15:06:02.112#mousedown#{"isTrusted":true}
2019-5-16 15:06:02.892#change#{"from":{"line":2,"ch":16,"sticky":"before","xRel":66.796875},"to":{"line":2,"ch":16,"sticky":"before","xRel":66.796875},"text":["",""],"removed":[""],"origin":"+input"}
2019-5-16 15:06:02.892#keyHandled#"Enter"
2019-5-16 15:06:02.896#viewportChange#0
2019-5-16 15:06:09.566#mousedown#{"isTrusted":true}
2019-5-16 15:06:09.782#mousedown#{"isTrusted":true}
2019-5-16 15:06:09.912#dblclick#{"isTrusted":true}
2019-5-16 15:06:10.607#change#{"from":{"line":0,"ch":0,"sticky":null},"to":{"line":0,"ch":1,"sticky":null},"text":["q"],"removed":["a"],"origin":"+input"}
2019-5-16 15:06:11.173#change#{"from":{"line":0,"ch":1,"sticky":null},"to":{"line":0,"ch":1,"sticky":null},"text":["i"],"removed":[""],"origin":"+input"}
2019-5-16 15:06:14.024#mousedown#{"isTrusted":true}
2019-5-16 15:06:14.255#mousedown#{"isTrusted":true}
2019-5-16 15:06:14.383#dblclick#{"isTrusted":true}
2019-5-16 15:06:15.248#change#{"from":{"line":1,"ch":0,"sticky":null},"to":{"line":1,"ch":1,"sticky":null},"text":["p"],"removed":["b"],"origin":"+input"}
2019-5-16 15:06:15.458#change#{"from":{"line":1,"ch":1,"sticky":null},"to":{"line":1,"ch":1,"sticky":null},"text":["v"],"removed":[""],"origin":"+input"}
2019-5-16 15:06:16.350#change#{"from":{"line":1,"ch":1,"sticky":"after"},"to":{"line":1,"ch":2,"sticky":null},"text":[""],"removed":["v"],"origin":"+delete"}
2019-5-16 15:06:16.350#keyHandled#"Backspace"
2019-5-16 15:06:16.496#change#{"from":{"line":1,"ch":1,"sticky":null},"to":{"line":1,"ch":1,"sticky":null},"text":["c"],"removed":[""],"origin":"+input"}
2019-5-16 15:06:18.335#mousedown#{"isTrusted":true}
2019-5-16 15:06:18.526#mousedown#{"isTrusted":true}
2019-5-16 15:06:18.654#dblclick#{"isTrusted":true}
2019-5-16 15:06:19.233#change#{"from":{"line":2,"ch":0,"sticky":null},"to":{"line":2,"ch":1,"sticky":null},"text":["q"],"removed":["c"],"origin":"+input"}
2019-5-16 15:06:19.728#change#{"from":{"line":2,"ch":1,"sticky":null},"to":{"line":2,"ch":1,"sticky":null},"text":["v"],"removed":[""],"origin":"+input"}
2019-5-16 15:06:20.694#mousedown#{"isTrusted":true}
2019-5-16 15:06:21.792#change#{"from":{"line":2,"ch":17,"sticky":"before","xRel":70.609375},"to":{"line":2,"ch":17,"sticky":"before","xRel":70.609375},"text":["",""],"removed":[""],"origin":"+input"}
2019-5-16 15:06:21.792#keyHandled#"Enter"
2019-5-16 15:06:21.796#viewportChange#0
2019-5-16 15:06:23.117#change#{"from":{"line":3,"ch":0,"sticky":null},"to":{"line":3,"ch":0,"sticky":null},"text":["",""],"removed":[""],"origin":"+input"}
2019-5-16 15:06:23.117#keyHandled#"Enter"
2019-5-16 15:06:23.120#viewportChange#0
2019-5-16 15:06:24.048#change#{"from":{"line":4,"ch":0,"sticky":null},"to":{"line":4,"ch":0,"sticky":null},"text":["a"],"removed":[""],"origin":"+input"}
2019-5-16 15:06:24.175#change#{"from":{"line":4,"ch":1,"sticky":null},"to":{"line":4,"ch":1,"sticky":null},"text":["n"],"removed":[""],"origin":"+input"}
2019-5-16 15:06:24.415#change#{"from":{"line":4,"ch":2,"sticky":null},"to":{"line":4,"ch":2,"sticky":null},"text":["o"],"removed":[""],"origin":"+input"}
2019-5-16 15:06:24.511#change#{"from":{"line":4,"ch":3,"sticky":null},"to":{"line":4,"ch":3,"sticky":null},"text":["s"],"removed":[""],"origin":"+input"}
2019-5-16 15:06:24.752#change#{"from":{"line":4,"ch":4,"sticky":null},"to":{"line":4,"ch":4,"sticky":null},"text":[" "],"removed":[""],"origin":"+input"}
2019-5-16 15:06:25.936#change#{"from":{"line":4,"ch":5,"sticky":null},"to":{"line":4,"ch":5,"sticky":null},"text":["="],"removed":[""],"origin":"+input"}
2019-5-16 15:06:26.625#change#{"from":{"line":4,"ch":6,"sticky":null},"to":{"line":4,"ch":6,"sticky":null},"text":[" "],"removed":[""],"origin":"+input"}
2019-5-16 15:06:26.832#change#{"from":{"line":4,"ch":7,"sticky":null},"to":{"line":4,"ch":7,"sticky":null},"text":["0"],"removed":[""],"origin":"+input"}
2019-5-16 15:06:27.026#change#{"from":{"line":4,"ch":8,"sticky":null},"to":{"line":4,"ch":8,"sticky":null},"text":[" "],"removed":[""],"origin":"+input"}
2019-5-16 15:06:27.934#change#{"from":{"line":4,"ch":9,"sticky":null},"to":{"line":4,"ch":9,"sticky":null},"text":["",""],"removed":[""],"origin":"+input"}
2019-5-16 15:06:27.934#keyHandled#"Enter"
2019-5-16 15:06:27.938#viewportChange#0
2019-5-16 15:06:33.134#change#{"from":{"line":5,"ch":0,"sticky":null},"to":{"line":5,"ch":0,"sticky":null},"text":["",""],"removed":[""],"origin":"+input"}
2019-5-16 15:06:33.134#keyHandled#"Enter"
2019-5-16 15:06:33.143#viewportChange#0
2019-5-16 15:06:34.721#change#{"from":{"line":6,"ch":0,"sticky":null},"to":{"line":6,"ch":0,"sticky":null},"text":["w"],"removed":[""],"origin":"+input"}
2019-5-16 15:06:34.976#change#{"from":{"line":6,"ch":1,"sticky":null},"to":{"line":6,"ch":1,"sticky":null},"text":["h"],"removed":[""],"origin":"+input"}
2019-5-16 15:06:35.248#change#{"from":{"line":6,"ch":2,"sticky":null},"to":{"line":6,"ch":2,"sticky":null},"text":["i"],"removed":[""],"origin":"+input"}
2019-5-16 15:06:35.520#change#{"from":{"line":6,"ch":3,"sticky":null},"to":{"line":6,"ch":3,"sticky":null},"text":["l"],"removed":[""],"origin":"+input"}
2019-5-16 15:06:35.711#change#{"from":{"line":6,"ch":4,"sticky":null},"to":{"line":6,"ch":4,"sticky":null},"text":["e"],"removed":[""],"origin":"+input"}
2019-5-16 15:06:37.328#change#{"from":{"line":6,"ch":5,"sticky":null},"to":{"line":6,"ch":5,"sticky":null},"text":["()"],"removed":[""],"origin":"+input"}
2019-5-16 15:06:37.328#keyHandled#"'('"
2019-5-16 15:06:38.559#change#{"from":{"line":6,"ch":6,"sticky":"after"},"to":{"line":6,"ch":6,"sticky":"after"},"text":["q"],"removed":[""],"origin":"+input"}
2019-5-16 15:06:39.922#change#{"from":{"line":6,"ch":7,"sticky":null},"to":{"line":6,"ch":7,"sticky":null},"text":["i"],"removed":[""],"origin":"+input"}
2019-5-16 15:06:41.491#change#{"from":{"line":6,"ch":8,"sticky":null},"to":{"line":6,"ch":8,"sticky":null},"text":[">"],"removed":[""],"origin":"+input"}
2019-5-16 15:06:42.032#change#{"from":{"line":6,"ch":9,"sticky":null},"to":{"line":6,"ch":9,"sticky":null},"text":["0"],"removed":[""],"origin":"+input"}
2019-5-16 15:06:43.425#change#{"from":{"line":6,"ch":10,"sticky":null},"to":{"line":6,"ch":10,"sticky":null},"text":[" "],"removed":[""],"origin":"+input"}
2019-5-16 15:06:43.568#change#{"from":{"line":6,"ch":11,"sticky":null},"to":{"line":6,"ch":11,"sticky":null},"text":["a"],"removed":[""],"origin":"+input"}
2019-5-16 15:06:43.748#change#{"from":{"line":6,"ch":12,"sticky":null},"to":{"line":6,"ch":12,"sticky":null},"text":["n"],"removed":[""],"origin":"+input"}
2019-5-16 15:06:43.936#change#{"from":{"line":6,"ch":13,"sticky":null},"to":{"line":6,"ch":13,"sticky":null},"text":["d"],"removed":[""],"origin":"+input"}
2019-5-16 15:06:44.209#change#{"from":{"line":6,"ch":14,"sticky":null},"to":{"line":6,"ch":14,"sticky":null},"text":[" "],"removed":[""],"origin":"+input"}
2019-5-16 15:06:46.752#change#{"from":{"line":6,"ch":15,"sticky":null},"to":{"line":6,"ch":15,"sticky":null},"text":["q"],"removed":[""],"origin":"+input"}
2019-5-16 15:06:46.931#change#{"from":{"line":6,"ch":16,"sticky":null},"to":{"line":6,"ch":16,"sticky":null},"text":["i"],"removed":[""],"origin":"+input"}
2019-5-16 15:06:47.875#change#{"from":{"line":6,"ch":17,"sticky":null},"to":{"line":6,"ch":17,"sticky":null},"text":["<"],"removed":[""],"origin":"+input"}
2019-5-16 15:06:48.449#change#{"from":{"line":6,"ch":18,"sticky":null},"to":{"line":6,"ch":18,"sticky":null},"text":["1"],"removed":[""],"origin":"+input"}
2019-5-16 15:06:48.656#change#{"from":{"line":6,"ch":19,"sticky":null},"to":{"line":6,"ch":19,"sticky":null},"text":["2"],"removed":[""],"origin":"+input"}
2019-5-16 15:06:48.898#change#{"from":{"line":6,"ch":20,"sticky":null},"to":{"line":6,"ch":20,"sticky":null},"text":["0"],"removed":[""],"origin":"+input"}
2019-5-16 15:06:49.076#change#{"from":{"line":6,"ch":21,"sticky":null},"to":{"line":6,"ch":21,"sticky":null},"text":["0"],"removed":[""],"origin":"+input"}
2019-5-16 15:06:51.313#change#{"from":{"line":6,"ch":22,"sticky":null},"to":{"line":6,"ch":22,"sticky":null},"text":["0"],"removed":[""],"origin":"+input"}
2019-5-16 15:06:52.158#keyHandled#"Down"
2019-5-16 15:06:52.706#change#{"from":{"line":7,"ch":0,"sticky":"after","xRel":193.78125},"to":{"line":7,"ch":0,"sticky":"after","xRel":193.78125},"text":[":"],"removed":[""],"origin":"+input"}
2019-5-16 15:06:52.879#change#{"from":{"line":7,"ch":1,"sticky":null},"to":{"line":7,"ch":1,"sticky":null},"text":["",""],"removed":[""],"origin":"+input"}
2019-5-16 15:06:52.879#change#{"from":{"line":8,"ch":0,"sticky":null},"to":{"line":8,"ch":0,"sticky":null},"text":["\t"],"removed":[""],"origin":"+input"}
2019-5-16 15:06:52.879#keyHandled#"Enter"
2019-5-16 15:06:52.882#viewportChange#0
2019-5-16 15:06:53.549#change#{"from":{"line":8,"ch":0,"sticky":"after"},"to":{"line":8,"ch":1,"sticky":null},"text":[""],"removed":["\t"],"origin":"+delete"}
2019-5-16 15:06:53.549#keyHandled#"Backspace"
2019-5-16 15:06:53.791#change#{"from":{"line":7,"ch":1,"sticky":"before"},"to":{"line":8,"ch":0,"sticky":null},"text":[""],"removed":["",""],"origin":"+delete"}
2019-5-16 15:06:53.791#keyHandled#"Backspace"
2019-5-16 15:06:53.794#viewportChange#0
2019-5-16 15:06:53.949#change#{"from":{"line":7,"ch":0,"sticky":"after"},"to":{"line":7,"ch":1,"sticky":null},"text":[""],"removed":[":"],"origin":"+delete"}
2019-5-16 15:06:53.949#keyHandled#"Backspace"
2019-5-16 15:06:54.734#change#{"from":{"line":6,"ch":24,"sticky":"before"},"to":{"line":7,"ch":0,"sticky":null},"text":[""],"removed":["",""],"origin":"+delete"}
2019-5-16 15:06:54.734#keyHandled#"Backspace"
2019-5-16 15:06:54.738#viewportChange#0
2019-5-16 15:06:55.281#change#{"from":{"line":6,"ch":24,"sticky":null},"to":{"line":6,"ch":24,"sticky":null},"text":[":"],"removed":[""],"origin":"+input"}
2019-5-16 15:06:55.534#change#{"from":{"line":6,"ch":25,"sticky":null},"to":{"line":6,"ch":25,"sticky":null},"text":["",""],"removed":[""],"origin":"+input"}
2019-5-16 15:06:55.534#change#{"from":{"line":7,"ch":0,"sticky":null},"to":{"line":7,"ch":0,"sticky":null},"text":["\t"],"removed":[""],"origin":"+input"}
2019-5-16 15:06:55.534#keyHandled#"Enter"
2019-5-16 15:06:55.540#viewportChange#0
2019-5-16 15:06:59.392#change#{"from":{"line":7,"ch":1,"sticky":null},"to":{"line":7,"ch":1,"sticky":null},"text":["q"],"removed":[""],"origin":"+input"}
2019-5-16 15:06:59.810#change#{"from":{"line":7,"ch":2,"sticky":null},"to":{"line":7,"ch":2,"sticky":null},"text":["i"],"removed":[""],"origin":"+input"}
2019-5-16 15:07:00.081#change#{"from":{"line":7,"ch":3,"sticky":null},"to":{"line":7,"ch":3,"sticky":null},"text":[" "],"removed":[""],"origin":"+input"}
2019-5-16 15:07:00.258#change#{"from":{"line":7,"ch":4,"sticky":null},"to":{"line":7,"ch":4,"sticky":null},"text":["="],"removed":[""],"origin":"+input"}
2019-5-16 15:07:00.434#change#{"from":{"line":7,"ch":5,"sticky":null},"to":{"line":7,"ch":5,"sticky":null},"text":[" "],"removed":[""],"origin":"+input"}
2019-5-16 15:07:01.075#change#{"from":{"line":7,"ch":6,"sticky":null},"to":{"line":7,"ch":6,"sticky":null},"text":["q"],"removed":[""],"origin":"+input"}
2019-5-16 15:07:01.858#change#{"from":{"line":7,"ch":7,"sticky":null},"to":{"line":7,"ch":7,"sticky":null},"text":["i"],"removed":[""],"origin":"+input"}
2019-5-16 15:07:02.463#change#{"from":{"line":7,"ch":8,"sticky":null},"to":{"line":7,"ch":8,"sticky":null},"text":[" "],"removed":[""],"origin":"+input"}
2019-5-16 15:07:03.329#change#{"from":{"line":7,"ch":9,"sticky":null},"to":{"line":7,"ch":9,"sticky":null},"text":["+"],"removed":[""],"origin":"+input"}
2019-5-16 15:07:04.481#change#{"from":{"line":7,"ch":10,"sticky":null},"to":{"line":7,"ch":10,"sticky":null},"text":[" "],"removed":[""],"origin":"+input"}
2019-5-16 15:07:06.465#change#{"from":{"line":7,"ch":11,"sticky":null},"to":{"line":7,"ch":11,"sticky":null},"text":["()"],"removed":[""],"origin":"+input"}
2019-5-16 15:07:06.465#keyHandled#"'('"
2019-5-16 15:07:06.881#change#{"from":{"line":7,"ch":12,"sticky":"after"},"to":{"line":7,"ch":12,"sticky":"after"},"text":["q"],"removed":[""],"origin":"+input"}
2019-5-16 15:07:07.121#change#{"from":{"line":7,"ch":13,"sticky":null},"to":{"line":7,"ch":13,"sticky":null},"text":["i"],"removed":[""],"origin":"+input"}
2019-5-16 15:07:08.000#change#{"from":{"line":7,"ch":14,"sticky":null},"to":{"line":7,"ch":14,"sticky":null},"text":["+"],"removed":[""],"origin":"+input"}
2019-5-16 15:07:10.465#change#{"from":{"line":7,"ch":15,"sticky":null},"to":{"line":7,"ch":15,"sticky":null},"text":["p"],"removed":[""],"origin":"+input"}
2019-5-16 15:07:10.769#change#{"from":{"line":7,"ch":16,"sticky":null},"to":{"line":7,"ch":16,"sticky":null},"text":["v"],"removed":[""],"origin":"+input"}
2019-5-16 15:07:11.230#change#{"from":{"line":7,"ch":16,"sticky":"after"},"to":{"line":7,"ch":17,"sticky":null},"text":[""],"removed":["v"],"origin":"+delete"}
2019-5-16 15:07:11.230#keyHandled#"Backspace"
2019-5-16 15:07:11.410#change#{"from":{"line":7,"ch":16,"sticky":null},"to":{"line":7,"ch":16,"sticky":null},"text":["c"],"removed":[""],"origin":"+input"}
2019-5-16 15:07:13.939#keyHandled#"Right"
2019-5-16 15:07:16.945#change#{"from":{"line":7,"ch":18,"sticky":"before"},"to":{"line":7,"ch":18,"sticky":"before"},"text":[" "],"removed":[""],"origin":"+input"}
2019-5-16 15:07:17.328#change#{"from":{"line":7,"ch":19,"sticky":null},"to":{"line":7,"ch":19,"sticky":null},"text":["-"],"removed":[""],"origin":"+input"}
2019-5-16 15:07:17.728#change#{"from":{"line":7,"ch":20,"sticky":null},"to":{"line":7,"ch":20,"sticky":null},"text":[" "],"removed":[""],"origin":"+input"}
2019-5-16 15:07:18.460#change#{"from":{"line":7,"ch":21,"sticky":null},"to":{"line":7,"ch":21,"sticky":null},"text":["q"],"removed":[""],"origin":"+input"}
2019-5-16 15:07:18.992#change#{"from":{"line":7,"ch":22,"sticky":null},"to":{"line":7,"ch":22,"sticky":null},"text":["v"],"removed":[""],"origin":"+input"}
2019-5-16 15:07:23.207#mousedown#{"isTrusted":true}
2019-5-16 15:07:25.695#change#{"from":{"line":7,"ch":23,"sticky":"before","xRel":28.03125},"to":{"line":7,"ch":23,"sticky":"before","xRel":28.03125},"text":["",""],"removed":[""],"origin":"+input"}
2019-5-16 15:07:25.695#change#{"from":{"line":8,"ch":0,"sticky":null},"to":{"line":8,"ch":0,"sticky":null},"text":["\t"],"removed":[""],"origin":"+input"}
2019-5-16 15:07:25.695#keyHandled#"Enter"
2019-5-16 15:07:25.699#viewportChange#0
2019-5-16 15:07:26.305#change#{"from":{"line":8,"ch":1,"sticky":null},"to":{"line":8,"ch":1,"sticky":null},"text":["a"],"removed":[""],"origin":"+input"}
2019-5-16 15:07:26.705#change#{"from":{"line":8,"ch":2,"sticky":null},"to":{"line":8,"ch":2,"sticky":null},"text":["n"],"removed":[""],"origin":"+input"}
2019-5-16 15:07:26.913#change#{"from":{"line":8,"ch":3,"sticky":null},"to":{"line":8,"ch":3,"sticky":null},"text":["o"],"removed":[""],"origin":"+input"}
2019-5-16 15:07:26.976#change#{"from":{"line":8,"ch":4,"sticky":null},"to":{"line":8,"ch":4,"sticky":null},"text":["s"],"removed":[""],"origin":"+input"}
2019-5-16 15:07:27.201#change#{"from":{"line":8,"ch":5,"sticky":null},"to":{"line":8,"ch":5,"sticky":null},"text":[" "],"removed":[""],"origin":"+input"}
2019-5-16 15:07:27.585#change#{"from":{"line":8,"ch":6,"sticky":null},"to":{"line":8,"ch":6,"sticky":null},"text":["="],"removed":[""],"origin":"+input"}
2019-5-16 15:07:27.872#change#{"from":{"line":8,"ch":7,"sticky":null},"to":{"line":8,"ch":7,"sticky":null},"text":[" "],"removed":[""],"origin":"+input"}
2019-5-16 15:07:28.033#change#{"from":{"line":8,"ch":8,"sticky":null},"to":{"line":8,"ch":8,"sticky":null},"text":["a"],"removed":[""],"origin":"+input"}
2019-5-16 15:07:28.096#change#{"from":{"line":8,"ch":9,"sticky":null},"to":{"line":8,"ch":9,"sticky":null},"text":["n"],"removed":[""],"origin":"+input"}
2019-5-16 15:07:28.307#change#{"from":{"line":8,"ch":10,"sticky":null},"to":{"line":8,"ch":10,"sticky":null},"text":["o"],"removed":[""],"origin":"+input"}
2019-5-16 15:07:28.368#change#{"from":{"line":8,"ch":11,"sticky":null},"to":{"line":8,"ch":11,"sticky":null},"text":["s"],"removed":[""],"origin":"+input"}
2019-5-16 15:07:28.561#change#{"from":{"line":8,"ch":12,"sticky":null},"to":{"line":8,"ch":12,"sticky":null},"text":[" "],"removed":[""],"origin":"+input"}
2019-5-16 15:07:29.264#change#{"from":{"line":8,"ch":13,"sticky":null},"to":{"line":8,"ch":13,"sticky":null},"text":["+"],"removed":[""],"origin":"+input"}
2019-5-16 15:07:29.859#change#{"from":{"line":8,"ch":14,"sticky":null},"to":{"line":8,"ch":14,"sticky":null},"text":["1"],"removed":[""],"origin":"+input"}
2019-5-16 15:07:36.014#change#{"from":{"line":8,"ch":15,"sticky":null},"to":{"line":8,"ch":15,"sticky":null},"text":["",""],"removed":[""],"origin":"+input"}
2019-5-16 15:07:36.014#change#{"from":{"line":9,"ch":0,"sticky":null},"to":{"line":9,"ch":0,"sticky":null},"text":["\t"],"removed":[""],"origin":"+input"}
2019-5-16 15:07:36.014#keyHandled#"Enter"
2019-5-16 15:07:36.023#viewportChange#0
2019-5-16 15:07:38.305#change#{"from":{"line":9,"ch":1,"sticky":null},"to":{"line":9,"ch":1,"sticky":null},"text":["i"],"removed":[""],"origin":"+input"}
2019-5-16 15:07:38.882#change#{"from":{"line":9,"ch":2,"sticky":null},"to":{"line":9,"ch":2,"sticky":null},"text":["f"],"removed":[""],"origin":"+input"}
2019-5-16 15:07:39.489#change#{"from":{"line":9,"ch":3,"sticky":null},"to":{"line":9,"ch":3,"sticky":null},"text":["()"],"removed":[""],"origin":"+input"}
2019-5-16 15:07:39.489#keyHandled#"'('"
2019-5-16 15:07:44.161#change#{"from":{"line":9,"ch":4,"sticky":"after"},"to":{"line":9,"ch":4,"sticky":"after"},"text":["a"],"removed":[""],"origin":"+input"}
2019-5-16 15:07:45.153#change#{"from":{"line":9,"ch":5,"sticky":null},"to":{"line":9,"ch":5,"sticky":null},"text":["<"],"removed":[""],"origin":"+input"}
2019-5-16 15:07:45.860#change#{"from":{"line":9,"ch":6,"sticky":null},"to":{"line":9,"ch":6,"sticky":null},"text":["0"],"removed":[""],"origin":"+input"}
2019-5-16 15:07:47.390#keyHandled#"Down"
2019-5-16 15:07:49.809#change#{"from":{"line":9,"ch":8,"sticky":null,"xRel":1,"outside":true,"hitSide":true},"to":{"line":9,"ch":8,"sticky":null,"xRel":1,"outside":true,"hitSide":true},"text":[":"],"removed":[""],"origin":"+input"}
2019-5-16 15:07:50.255#change#{"from":{"line":9,"ch":9,"sticky":null},"to":{"line":9,"ch":9,"sticky":null},"text":["",""],"removed":[""],"origin":"+input"}
2019-5-16 15:07:50.255#change#{"from":{"line":10,"ch":0,"sticky":null},"to":{"line":10,"ch":0,"sticky":null},"text":["\t\t"],"removed":[""],"origin":"+input"}
2019-5-16 15:07:50.255#keyHandled#"Enter"
2019-5-16 15:07:50.260#viewportChange#0
2019-5-16 15:07:51.235#change#{"from":{"line":10,"ch":2,"sticky":null},"to":{"line":10,"ch":2,"sticky":null},"text":["m"],"removed":[""],"origin":"+input"}
2019-5-16 15:07:51.393#change#{"from":{"line":10,"ch":3,"sticky":null},"to":{"line":10,"ch":3,"sticky":null},"text":["e"],"removed":[""],"origin":"+input"}
2019-5-16 15:07:51.553#change#{"from":{"line":10,"ch":4,"sticky":null},"to":{"line":10,"ch":4,"sticky":null},"text":["n"],"removed":[""],"origin":"+input"}
2019-5-16 15:07:51.730#change#{"from":{"line":10,"ch":5,"sticky":null},"to":{"line":10,"ch":5,"sticky":null},"text":["s"],"removed":[""],"origin":"+input"}
2019-5-16 15:07:51.985#change#{"from":{"line":10,"ch":6,"sticky":null},"to":{"line":10,"ch":6,"sticky":null},"text":["a"],"removed":[""],"origin":"+input"}
2019-5-16 15:07:52.244#change#{"from":{"line":10,"ch":7,"sticky":null},"to":{"line":10,"ch":7,"sticky":null},"text":["g"],"removed":[""],"origin":"+input"}
2019-5-16 15:07:52.402#change#{"from":{"line":10,"ch":8,"sticky":null},"to":{"line":10,"ch":8,"sticky":null},"text":["e"],"removed":[""],"origin":"+input"}
2019-5-16 15:07:52.561#change#{"from":{"line":10,"ch":9,"sticky":null},"to":{"line":10,"ch":9,"sticky":null},"text":["m"],"removed":[""],"origin":"+input"}
2019-5-16 15:07:52.836#change#{"from":{"line":10,"ch":10,"sticky":null},"to":{"line":10,"ch":10,"sticky":null},"text":[" "],"removed":[""],"origin":"+input"}
2019-5-16 15:07:53.298#change#{"from":{"line":10,"ch":11,"sticky":null},"to":{"line":10,"ch":11,"sticky":null},"text":["="],"removed":[""],"origin":"+input"}
2019-5-16 15:07:53.460#change#{"from":{"line":10,"ch":12,"sticky":null},"to":{"line":10,"ch":12,"sticky":null},"text":[" "],"removed":[""],"origin":"+input"}
2019-5-16 15:07:54.177#change#{"from":{"line":10,"ch":13,"sticky":null},"to":{"line":10,"ch":13,"sticky":null},"text":["\"\""],"removed":[""],"origin":"+input"}
2019-5-16 15:07:54.177#keyHandled#"'\"'"
2019-5-16 15:07:55.859#change#{"from":{"line":10,"ch":14,"sticky":"after"},"to":{"line":10,"ch":14,"sticky":"after"},"text":["E"],"removed":[""],"origin":"+input"}
2019-5-16 15:07:56.161#change#{"from":{"line":10,"ch":15,"sticky":null},"to":{"line":10,"ch":15,"sticky":null},"text":["X"],"removed":[""],"origin":"+input"}
2019-5-16 15:07:56.288#change#{"from":{"line":10,"ch":16,"sticky":null},"to":{"line":10,"ch":16,"sticky":null},"text":["T"],"removed":[""],"origin":"+input"}
2019-5-16 15:07:56.610#change#{"from":{"line":10,"ch":17,"sticky":null},"to":{"line":10,"ch":17,"sticky":null},"text":["I"],"removed":[""],"origin":"+input"}
2019-5-16 15:07:56.897#change#{"from":{"line":10,"ch":18,"sticky":null},"to":{"line":10,"ch":18,"sticky":null},"text":["N"],"removed":[""],"origin":"+input"}
2019-5-16 15:07:58.772#change#{"from":{"line":10,"ch":19,"sticky":null},"to":{"line":10,"ch":19,"sticky":null},"text":["C"],"removed":[""],"origin":"+input"}
2019-5-16 15:07:58.929#change#{"from":{"line":10,"ch":20,"sticky":null},"to":{"line":10,"ch":20,"sticky":null},"text":["A"],"removed":[""],"origin":"+input"}
2019-5-16 15:07:59.682#change#{"from":{"line":10,"ch":21,"sticky":null},"to":{"line":10,"ch":21,"sticky":null},"text":["O"],"removed":[""],"origin":"+input"}
2019-5-16 15:08:00.574#keyHandled#"Down"
2019-5-16 15:08:01.199#change#{"from":{"line":10,"ch":23,"sticky":null,"xRel":1,"outside":true,"hitSide":true},"to":{"line":10,"ch":23,"sticky":null,"xRel":1,"outside":true,"hitSide":true},"text":["",""],"removed":[""],"origin":"+input"}
2019-5-16 15:08:01.199#change#{"from":{"line":11,"ch":0,"sticky":null},"to":{"line":11,"ch":0,"sticky":null},"text":["\t\t"],"removed":[""],"origin":"+input"}
2019-5-16 15:08:01.199#keyHandled#"Enter"
2019-5-16 15:08:01.203#viewportChange#0
2019-5-16 15:08:01.840#change#{"from":{"line":11,"ch":1,"sticky":"after"},"to":{"line":11,"ch":2,"sticky":null},"text":[""],"removed":["\t"],"origin":"+delete"}
2019-5-16 15:08:01.840#keyHandled#"Backspace"
2019-5-16 15:08:02.945#change#{"from":{"line":11,"ch":2,"sticky":null},"to":{"line":11,"ch":2,"sticky":null},"text":["l"],"removed":[""],"origin":"+input"}
2019-5-16 15:08:03.044#change#{"from":{"line":11,"ch":3,"sticky":null},"to":{"line":11,"ch":3,"sticky":null},"text":["e"],"removed":[""],"origin":"+input"}
2019-5-16 15:08:04.466#change#{"from":{"line":11,"ch":4,"sticky":null},"to":{"line":11,"ch":4,"sticky":null},"text":[">"],"removed":[""],"origin":"+input"}
2019-5-16 15:08:05.150#change#{"from":{"line":11,"ch":4,"sticky":"after"},"to":{"line":11,"ch":5,"sticky":null},"text":[""],"removed":[">"],"origin":"+delete"}
2019-5-16 15:08:05.150#keyHandled#"Backspace"
2019-5-16 15:08:06.833#change#{"from":{"line":11,"ch":4,"sticky":null},"to":{"line":11,"ch":4,"sticky":null},"text":[":"],"removed":[""],"origin":"+input"}
2019-5-16 15:08:07.982#change#{"from":{"line":11,"ch":5,"sticky":null},"to":{"line":11,"ch":5,"sticky":null},"text":["",""],"removed":[""],"origin":"+input"}
2019-5-16 15:08:07.982#change#{"from":{"line":12,"ch":0,"sticky":null},"to":{"line":12,"ch":0,"sticky":null},"text":["\t\t"],"removed":[""],"origin":"+input"}
2019-5-16 15:08:07.983#keyHandled#"Enter"
2019-5-16 15:08:07.991#viewportChange#0
2019-5-16 15:08:08.465#change#{"from":{"line":12,"ch":2,"sticky":null},"to":{"line":12,"ch":2,"sticky":null},"text":["m"],"removed":[""],"origin":"+input"}
2019-5-16 15:08:08.577#change#{"from":{"line":12,"ch":3,"sticky":null},"to":{"line":12,"ch":3,"sticky":null},"text":["e"],"removed":[""],"origin":"+input"}
2019-5-16 15:08:08.726#change#{"from":{"line":12,"ch":4,"sticky":null},"to":{"line":12,"ch":4,"sticky":null},"text":["n"],"removed":[""],"origin":"+input"}
2019-5-16 15:08:08.882#change#{"from":{"line":12,"ch":5,"sticky":null},"to":{"line":12,"ch":5,"sticky":null},"text":["s"],"removed":[""],"origin":"+input"}
2019-5-16 15:08:09.093#change#{"from":{"line":12,"ch":6,"sticky":null},"to":{"line":12,"ch":6,"sticky":null},"text":["a"],"removed":[""],"origin":"+input"}
2019-5-16 15:08:09.586#change#{"from":{"line":12,"ch":7,"sticky":null},"to":{"line":12,"ch":7,"sticky":null},"text":["g"],"removed":[""],"origin":"+input"}
2019-5-16 15:08:09.746#change#{"from":{"line":12,"ch":8,"sticky":null},"to":{"line":12,"ch":8,"sticky":null},"text":["e"],"removed":[""],"origin":"+input"}
2019-5-16 15:08:09.926#change#{"from":{"line":12,"ch":9,"sticky":null},"to":{"line":12,"ch":9,"sticky":null},"text":["m"],"removed":[""],"origin":"+input"}
2019-5-16 15:08:10.434#change#{"from":{"line":12,"ch":10,"sticky":null},"to":{"line":12,"ch":10,"sticky":null},"text":[" "],"removed":[""],"origin":"+input"}
2019-5-16 15:08:10.627#change#{"from":{"line":12,"ch":11,"sticky":null},"to":{"line":12,"ch":11,"sticky":null},"text":["="],"removed":[""],"origin":"+input"}
2019-5-16 15:08:10.835#change#{"from":{"line":12,"ch":12,"sticky":null},"to":{"line":12,"ch":12,"sticky":null},"text":[" "],"removed":[""],"origin":"+input"}
2019-5-16 15:08:12.661#change#{"from":{"line":12,"ch":13,"sticky":null},"to":{"line":12,"ch":13,"sticky":null},"text":["\"\""],"removed":[""],"origin":"+input"}
2019-5-16 15:08:12.661#keyHandled#"'\"'"
2019-5-16 15:08:13.313#change#{"from":{"line":12,"ch":14,"sticky":"after"},"to":{"line":12,"ch":14,"sticky":"after"},"text":["L"],"removed":[""],"origin":"+input"}
2019-5-16 15:08:13.570#change#{"from":{"line":12,"ch":15,"sticky":null},"to":{"line":12,"ch":15,"sticky":null},"text":["I"],"removed":[""],"origin":"+input"}
2019-5-16 15:08:13.795#change#{"from":{"line":12,"ch":16,"sticky":null},"to":{"line":12,"ch":16,"sticky":null},"text":["M"],"removed":[""],"origin":"+input"}
2019-5-16 15:08:13.969#change#{"from":{"line":12,"ch":17,"sticky":null},"to":{"line":12,"ch":17,"sticky":null},"text":["I"],"removed":[""],"origin":"+input"}
2019-5-16 15:08:14.529#change#{"from":{"line":12,"ch":18,"sticky":null},"to":{"line":12,"ch":18,"sticky":null},"text":["T"],"removed":[""],"origin":"+input"}
2019-5-16 15:08:14.645#change#{"from":{"line":12,"ch":19,"sticky":null},"to":{"line":12,"ch":19,"sticky":null},"text":["E"],"removed":[""],"origin":"+input"}
2019-5-16 15:08:15.358#keyHandled#"Down"
2019-5-16 15:08:15.792#change#{"from":{"line":12,"ch":21,"sticky":null,"xRel":1,"outside":true,"hitSide":true},"to":{"line":12,"ch":21,"sticky":null,"xRel":1,"outside":true,"hitSide":true},"text":["",""],"removed":[""],"origin":"+input"}
2019-5-16 15:08:15.792#change#{"from":{"line":13,"ch":0,"sticky":null},"to":{"line":13,"ch":0,"sticky":null},"text":["\t\t"],"removed":[""],"origin":"+input"}
2019-5-16 15:08:15.792#keyHandled#"Enter"
2019-5-16 15:08:15.796#viewportChange#0
2019-5-16 15:08:16.287#change#{"from":{"line":13,"ch":2,"sticky":null},"to":{"line":13,"ch":2,"sticky":null},"text":["",""],"removed":[""],"origin":"+input"}
2019-5-16 15:08:16.287#change#{"from":{"line":14,"ch":0,"sticky":null},"to":{"line":14,"ch":0,"sticky":null},"text":["\t\t"],"removed":[""],"origin":"+input"}
2019-5-16 15:08:16.287#keyHandled#"Enter"
2019-5-16 15:08:16.293#viewportChange#0
2019-5-16 15:08:16.607#change#{"from":{"line":14,"ch":1,"sticky":"after"},"to":{"line":14,"ch":2,"sticky":null},"text":[""],"removed":["\t"],"origin":"+delete"}
2019-5-16 15:08:16.607#keyHandled#"Backspace"
2019-5-16 15:08:19.567#keyHandled#"Up"
2019-5-16 15:08:20.114#change#{"from":{"line":13,"ch":1,"sticky":"after","xRel":0},"to":{"line":13,"ch":1,"sticky":"after","xRel":0},"text":["p"],"removed":[""],"origin":"+input"}
2019-5-16 15:08:20.275#change#{"from":{"line":13,"ch":2,"sticky":null},"to":{"line":13,"ch":2,"sticky":null},"text":["e"],"removed":[""],"origin":"+input"}
2019-5-16 15:08:20.402#change#{"from":{"line":13,"ch":3,"sticky":null},"to":{"line":13,"ch":3,"sticky":null},"text":["i"],"removed":[""],"origin":"+input"}
2019-5-16 15:08:20.895#change#{"from":{"line":13,"ch":3,"sticky":"after"},"to":{"line":13,"ch":4,"sticky":null},"text":[""],"removed":["i"],"origin":"+delete"}
2019-5-16 15:08:20.895#keyHandled#"Backspace"
2019-5-16 15:08:21.104#change#{"from":{"line":13,"ch":2,"sticky":"after"},"to":{"line":13,"ch":3,"sticky":null},"text":[""],"removed":["e"],"origin":"+delete"}
2019-5-16 15:08:21.104#keyHandled#"Backspace"
2019-5-16 15:08:21.447#change#{"from":{"line":13,"ch":2,"sticky":null},"to":{"line":13,"ch":2,"sticky":null},"text":["r"],"removed":[""],"origin":"+input"}
2019-5-16 15:08:21.796#change#{"from":{"line":13,"ch":3,"sticky":null},"to":{"line":13,"ch":3,"sticky":null},"text":["i"],"removed":[""],"origin":"+input"}
2019-5-16 15:08:22.018#change#{"from":{"line":13,"ch":4,"sticky":null},"to":{"line":13,"ch":4,"sticky":null},"text":["n"],"removed":[""],"origin":"+input"}
2019-5-16 15:08:22.163#change#{"from":{"line":13,"ch":5,"sticky":null},"to":{"line":13,"ch":5,"sticky":null},"text":["t"],"removed":[""],"origin":"+input"}
2019-5-16 15:08:23.028#change#{"from":{"line":13,"ch":6,"sticky":null},"to":{"line":13,"ch":6,"sticky":null},"text":["()"],"removed":[""],"origin":"+input"}
2019-5-16 15:08:23.028#keyHandled#"'('"
2019-5-16 15:08:23.506#change#{"from":{"line":13,"ch":7,"sticky":"after"},"to":{"line":13,"ch":7,"sticky":"after"},"text":["m"],"removed":[""],"origin":"+input"}
2019-5-16 15:08:23.796#change#{"from":{"line":13,"ch":8,"sticky":null},"to":{"line":13,"ch":8,"sticky":null},"text":["e"],"removed":[""],"origin":"+input"}
2019-5-16 15:08:24.081#change#{"from":{"line":13,"ch":9,"sticky":null},"to":{"line":13,"ch":9,"sticky":null},"text":["n"],"removed":[""],"origin":"+input"}
2019-5-16 15:08:24.290#change#{"from":{"line":13,"ch":10,"sticky":null},"to":{"line":13,"ch":10,"sticky":null},"text":["s"],"removed":[""],"origin":"+input"}
2019-5-16 15:08:24.580#change#{"from":{"line":13,"ch":11,"sticky":null},"to":{"line":13,"ch":11,"sticky":null},"text":["a"],"removed":[""],"origin":"+input"}
2019-5-16 15:08:24.755#change#{"from":{"line":13,"ch":12,"sticky":null},"to":{"line":13,"ch":12,"sticky":null},"text":["g"],"removed":[""],"origin":"+input"}
2019-5-16 15:08:24.929#change#{"from":{"line":13,"ch":13,"sticky":null},"to":{"line":13,"ch":13,"sticky":null},"text":["e"],"removed":[""],"origin":"+input"}
2019-5-16 15:08:25.169#change#{"from":{"line":13,"ch":14,"sticky":null},"to":{"line":13,"ch":14,"sticky":null},"text":["m"],"removed":[""],"origin":"+input"}
2019-5-16 15:08:25.169#change#{"from":{"line":13,"ch":14,"sticky":null},"to":{"line":13,"ch":14,"sticky":null},"text":["m"],"removed":[""],"origin":"+input"}
2019-5-16 15:08:25.832#blur#
2019-5-16 15:08:26.001#dica_bullet#SyntaxError: invalid syntax
2019-5-16 15:08:27.194#saida_testar#$ python3 main.py
File "main.py", line 12
ele:
SyntaxError: invalid syntax
2019-5-16 15:08:28.313#mousedown#{"isTrusted":true}
2019-5-16 15:08:28.368#focus#
2019-5-16 15:08:29.537#mousedown#{"isTrusted":true}
2019-5-16 15:08:29.939#change#{"from":{"line":11,"ch":3,"sticky":"before","xRel":-3.390625},"to":{"line":11,"ch":3,"sticky":"before","xRel":-3.390625},"text":["w"],"removed":[""],"origin":"+input"}
2019-5-16 15:08:31.700#change#{"from":{"line":11,"ch":3,"sticky":"after"},"to":{"line":11,"ch":4,"sticky":null},"text":[""],"removed":["w"],"origin":"+delete"}
2019-5-16 15:08:31.700#keyHandled#"Backspace"
2019-5-16 15:08:31.860#change#{"from":{"line":11,"ch":3,"sticky":null},"to":{"line":11,"ch":3,"sticky":null},"text":["s"],"removed":[""],"origin":"+input"}
2019-5-16 15:08:31.700#change#{"from":{"line":11,"ch":3,"sticky":"after"},"to":{"line":11,"ch":4,"sticky":null},"text":[""],"removed":["w"],"origin":"+delete"}
2019-5-16 15:08:31.700#keyHandled#"Backspace"
2019-5-16 15:08:31.860#change#{"from":{"line":11,"ch":3,"sticky":null},"to":{"line":11,"ch":3,"sticky":null},"text":["s"],"removed":[""],"origin":"+input"}
2019-5-16 15:08:32.796#blur#
2019-5-16 15:08:33.163#saida_testar#$ python3 main.py
2019-5-16 15:08:41.789#dica_bullet#NameError: name 'NOME_DA_VARIAVEL' is not defined
2019-5-16 15:08:47.224#mousedown#{"isTrusted":true}
2019-5-16 15:08:47.291#focus#
2019-5-16 15:08:49.503#change#{"from":{"line":9,"ch":4,"sticky":"after"},"to":{"line":9,"ch":5,"sticky":"after","xRel":0.625},"text":[""],"removed":["a"],"origin":"+delete"}
2019-5-16 15:08:49.503#keyHandled#"Backspace"
2019-5-16 15:08:50.258#change#{"from":{"line":9,"ch":4,"sticky":null},"to":{"line":9,"ch":4,"sticky":null},"text":["q"],"removed":[""],"origin":"+input"}
2019-5-16 15:08:50.866#change#{"from":{"line":9,"ch":5,"sticky":null},"to":{"line":9,"ch":5,"sticky":null},"text":["i"],"removed":[""],"origin":"+input"}
2019-5-16 15:08:50.258#change#{"from":{"line":9,"ch":4,"sticky":null},"to":{"line":9,"ch":4,"sticky":null},"text":["q"],"removed":[""],"origin":"+input"}
2019-5-16 15:08:50.866#change#{"from":{"line":9,"ch":5,"sticky":null},"to":{"line":9,"ch":5,"sticky":null},"text":["i"],"removed":[""],"origin":"+input"}
2019-5-16 15:08:52.576#blur#
2019-5-16 15:08:52.936#saida_testar#$ python3 main.py
2019-5-16 15:09:01.025#mousedown#{"isTrusted":true}
2019-5-16 15:09:01.076#focus#
2019-5-16 15:09:01.942#mousedown#{"isTrusted":true}
2019-5-16 15:09:03.026#change#{"from":{"line":13,"ch":16,"sticky":"after"},"to":{"line":13,"ch":17,"sticky":"before","xRel":22.609375},"text":[""],"removed":["\t"],"origin":"+delete"}
2019-5-16 15:09:03.027#keyHandled#"Backspace"
2019-5-16 15:09:03.312#change#{"from":{"line":13,"ch":16,"sticky":null},"to":{"line":13,"ch":16,"sticky":null},"text":["",""],"removed":[""],"origin":"+input"}
2019-5-16 15:09:03.312#change#{"from":{"line":14,"ch":0,"sticky":null},"to":{"line":14,"ch":0,"sticky":null},"text":["\t"],"removed":[""],"origin":"+input"}
2019-5-16 15:09:03.312#keyHandled#"Enter"
2019-5-16 15:09:03.317#viewportChange#0
2019-5-16 15:09:03.859#change#{"from":{"line":14,"ch":0,"sticky":"after"},"to":{"line":14,"ch":1,"sticky":null},"text":[""],"removed":["\t"],"origin":"+delete"}
2019-5-16 15:09:03.859#keyHandled#"Backspace"
2019-5-16 15:09:04.693#change#{"from":{"line":14,"ch":0,"sticky":null},"to":{"line":14,"ch":0,"sticky":null},"text":["p"],"removed":[""],"origin":"+input"}
2019-5-16 15:09:04.947#change#{"from":{"line":14,"ch":1,"sticky":null},"to":{"line":14,"ch":1,"sticky":null},"text":["r"],"removed":[""],"origin":"+input"}
2019-5-16 15:09:05.078#change#{"from":{"line":14,"ch":2,"sticky":null},"to":{"line":14,"ch":2,"sticky":null},"text":["i"],"removed":[""],"origin":"+input"}
2019-5-16 15:09:05.283#change#{"from":{"line":14,"ch":3,"sticky":null},"to":{"line":14,"ch":3,"sticky":null},"text":["n"],"removed":[""],"origin":"+input"}
2019-5-16 15:09:05.362#change#{"from":{"line":14,"ch":4,"sticky":null},"to":{"line":14,"ch":4,"sticky":null},"text":["t"],"removed":[""],"origin":"+input"}
2019-5-16 15:09:06.019#change#{"from":{"line":14,"ch":5,"sticky":null},"to":{"line":14,"ch":5,"sticky":null},"text":["()"],"removed":[""],"origin":"+input"}
2019-5-16 15:09:06.019#keyHandled#"'('"
2019-5-16 15:09:06.660#change#{"from":{"line":14,"ch":6,"sticky":"after"},"to":{"line":14,"ch":6,"sticky":"after"},"text":["a"],"removed":[""],"origin":"+input"}
2019-5-16 15:09:06.738#change#{"from":{"line":14,"ch":7,"sticky":null},"to":{"line":14,"ch":7,"sticky":null},"text":["n"],"removed":[""],"origin":"+input"}
2019-5-16 15:09:06.946#change#{"from":{"line":14,"ch":8,"sticky":null},"to":{"line":14,"ch":8,"sticky":null},"text":["o"],"removed":[""],"origin":"+input"}
2019-5-16 15:09:07.026#change#{"from":{"line":14,"ch":9,"sticky":null},"to":{"line":14,"ch":9,"sticky":null},"text":["s"],"removed":[""],"origin":"+input"}
2019-5-16 15:09:07.026#change#{"from":{"line":14,"ch":9,"sticky":null},"to":{"line":14,"ch":9,"sticky":null},"text":["s"],"removed":[""],"origin":"+input"}
2019-5-16 15:09:07.660#blur#
2019-5-16 15:09:09.019#saida_testar#$ python3 main.py
2019-5-16 15:09:19.849#mousedown#{"isTrusted":true}
2019-5-16 15:09:19.902#focus#
2019-5-16 15:09:21.488#change#{"from":{"line":13,"ch":0,"sticky":"after"},"to":{"line":13,"ch":1,"sticky":"before","xRel":-1.6875},"text":[""],"removed":["\t"],"origin":"+delete"}
2019-5-16 15:09:21.488#keyHandled#"Backspace"
2019-5-16 15:09:23.063#blur#
2019-5-16 15:09:24.928#saida_testar#$ python3 main.py
2019-5-16 15:09:35.778#mousedown#{"isTrusted":true}
2019-5-16 15:09:35.827#focus#
2019-5-16 15:09:36.493#mousedown#{"isTrusted":true}
2019-5-16 15:09:37.300#mousedown#{"isTrusted":true}
2019-5-16 15:09:38.611#change#{"from":{"line":7,"ch":18,"sticky":"before","xRel":-2.390625},"to":{"line":7,"ch":18,"sticky":"before","xRel":-2.390625},"text":[")"],"removed":[""],"origin":"+input"}
2019-5-16 15:09:39.328#keyHandled#"Left"
2019-5-16 15:09:39.827#keyHandled#"Left"
2019-5-16 15:09:39.878#keyHandled#"Left"
2019-5-16 15:09:39.927#keyHandled#"Left"
2019-5-16 15:09:39.977#keyHandled#"Left"
2019-5-16 15:09:40.028#keyHandled#"Left"
2019-5-16 15:09:40.079#keyHandled#"Left"
2019-5-16 15:09:40.129#keyHandled#"Left"
2019-5-16 15:09:40.180#keyHandled#"Left"
2019-5-16 15:09:40.229#keyHandled#"Left"
2019-5-16 15:09:40.280#keyHandled#"Left"
2019-5-16 15:09:40.330#keyHandled#"Left"
2019-5-16 15:09:40.576#keyHandled#"Left"
2019-5-16 15:09:41.332#change#{"from":{"line":7,"ch":6,"sticky":"after"},"to":{"line":7,"ch":6,"sticky":"after"},"text":["("],"removed":[""],"origin":"+input"}
2019-5-16 15:09:41.332#change#{"from":{"line":7,"ch":6,"sticky":"after"},"to":{"line":7,"ch":6,"sticky":"after"},"text":["("],"removed":[""],"origin":"+input"}
2019-5-16 15:09:42.850#submit#Your code did not produce the correct output. Please, correct your code and try again.
2019-5-16 15:09:52.228#change#{"from":{"line":7,"ch":7,"sticky":null},"to":{"line":7,"ch":7,"sticky":null},"text":[" "],"removed":[""],"origin":"+input"}
2019-5-16 15:09:52.728#change#{"from":{"line":7,"ch":8,"sticky":null},"to":{"line":7,"ch":8,"sticky":null},"text":[" "],"removed":[""],"origin":"+input"}
2019-5-16 15:09:52.779#change#{"from":{"line":7,"ch":9,"sticky":null},"to":{"line":7,"ch":9,"sticky":null},"text":[" "],"removed":[""],"origin":"+input"}
2019-5-16 15:09:52.828#change#{"from":{"line":7,"ch":10,"sticky":null},"to":{"line":7,"ch":10,"sticky":null},"text":[" "],"removed":[""],"origin":"+input"}
2019-5-16 15:10:04.129#change#{"from":{"line":7,"ch":10,"sticky":"after"},"to":{"line":7,"ch":11,"sticky":null},"text":[""],"removed":[" "],"origin":"+delete"}
2019-5-16 15:10:04.129#keyHandled#"Backspace"
2019-5-16 15:10:04.544#change#{"from":{"line":7,"ch":9,"sticky":"after"},"to":{"line":7,"ch":10,"sticky":null},"text":[""],"removed":[" "],"origin":"+delete"}
2019-5-16 15:10:04.544#keyHandled#"Backspace"
2019-5-16 15:10:04.817#change#{"from":{"line":7,"ch":8,"sticky":"after"},"to":{"line":7,"ch":9,"sticky":null},"text":[""],"removed":[" "],"origin":"+delete"}
2019-5-16 15:10:04.817#keyHandled#"Backspace"
2019-5-16 15:10:05.152#change#{"from":{"line":7,"ch":7,"sticky":"after"},"to":{"line":7,"ch":8,"sticky":null},"text":[""],"removed":[" "],"origin":"+delete"}
2019-5-16 15:10:05.152#keyHandled#"Backspace"
2019-5-16 15:10:49.572#blur#
2019-5-16 15:14:53.406#mousedown#{"isTrusted":true}
2019-5-16 15:14:53.411#focus#
2019-5-16 15:14:54.408#change#{"from":{"line":1,"ch":17,"sticky":"before","xRel":13.609375},"to":{"line":1,"ch":17,"sticky":"before","xRel":13.609375},"text":["/"],"removed":[""],"origin":"+input"}
2019-5-16 15:14:54.711#change#{"from":{"line":1,"ch":18,"sticky":null},"to":{"line":1,"ch":18,"sticky":null},"text":["1"],"removed":[""],"origin":"+input"}
2019-5-16 15:14:54.903#change#{"from":{"line":1,"ch":19,"sticky":null},"to":{"line":1,"ch":19,"sticky":null},"text":["0"],"removed":[""],"origin":"+input"}
2019-5-16 15:14:55.111#change#{"from":{"line":1,"ch":20,"sticky":null},"to":{"line":1,"ch":20,"sticky":null},"text":["0"],"removed":[""],"origin":"+input"}
2019-5-16 15:14:58.099#blur#
2019-5-16 15:15:01.809#mousedown#{"isTrusted":true}
2019-5-16 15:15:01.813#focus#
2019-5-16 15:15:01.809#mousedown#{"isTrusted":true}
2019-5-16 15:15:01.813#focus#
2019-5-16 15:15:03.209#submit#Your code did not produce the correct output. Please, correct your code and try again.
2019-5-16 15:15:03.209#submit#Your code did not produce the correct output. Please, correct your code and try again.
2019-5-16 15:15:04.724#submit#Your code did not produce the correct output. Please, correct your code and try again.
2019-5-16 15:15:04.724#submit#Your code did not produce the correct output. Please, correct your code and try again.
2019-5-16 15:15:20.788#blur#
2019-5-16 15:15:21.166#saida_testar#$ python3 main.py
2019-5-16 15:17:52.873#mousedown#{"isTrusted":true}
2019-5-16 15:17:52.879#focus#
2019-5-16 15:17:54.915#mousedown#{"isTrusted":true}
2019-5-16 15:17:55.169#mousedown#{"isTrusted":true}
2019-5-16 15:17:55.337#dblclick#{"isTrusted":true}
2019-5-16 15:17:56.377#mousedown#{"isTrusted":true}
2019-5-16 15:17:56.641#mousedown#{"isTrusted":true}
2019-5-16 15:17:56.865#dblclick#{"isTrusted":true}
2019-5-16 15:17:58.122#change#{"from":{"line":7,"ch":15,"sticky":null},"to":{"line":7,"ch":16,"sticky":null},"text":["*"],"removed":["+"],"origin":"+input"}
2019-5-16 15:17:58.122#change#{"from":{"line":7,"ch":15,"sticky":null},"to":{"line":7,"ch":16,"sticky":null},"text":["*"],"removed":["+"],"origin":"+input"}
2019-5-16 15:17:59.117#blur#
2019-5-16 15:18:00.996#saida_testar#$ python3 main.py
2019-5-16 15:18:06.521#mousedown#{"isTrusted":true}
2019-5-16 15:18:06.558#focus#
2019-5-16 15:18:06.521#mousedown#{"isTrusted":true}
2019-5-16 15:18:06.558#focus#
2019-5-16 15:18:07.968#submit#Congratulations, your code is correct!
2019-5-16 15:18:10.003#blur#
2019-5-16 15:20:53.332#mousedown#{"isTrusted":true}
2019-5-16 15:20:53.337#focus#
2019-5-16 15:20:54.843#keyHandled#"Ctrl-A"
2019-5-16 15:20:55.294#copy#{"isTrusted":true}
2019-5-16 15:20:56.498#blur#
