== SUBMITION (2019-04-09 10:47:04) 
-- CODE:
# Teste seu código aos poucos.
# Não teste tudo no final, pois fica mais difícil de identificar erros.
# Use as mensagens de erro para corrigir seu código.
a = float(input("qual o valor: "))
if a < 200:
	print(a)
else:
	print(a*5/100)
-- EXECUTION TIME:
0.147372
-- TEST CASE 1:
---- input:
200.09
---- correct output:
190.09
---- user output:
10.0045
-- TEST CASE 2:
---- input:
200.53
---- correct output:
190.5
---- user output:
10.0265
-- GRADE:
0%
*-*-*-*-*-*-*-*-*-*-*-*-*-*-*-*-*-*-*-*-*-*-*-*
== TEST (2019-04-09 10:47:05) 
-- CODE:
# Teste seu código aos poucos.
# Não teste tudo no final, pois fica mais difícil de identificar erros.
# Use as mensagens de erro para corrigir seu código.
a = float(input("qual o valor: "))
if a < 200:
	print(a)
else:
	print(a*5/100)
-- OUTPUT:
10.0045
*-*-*-*-*-*-*-*-*-*-*-*-*-*-*-*-*-*-*-*-*-*-*-*
== SUBMITION (2019-04-09 10:47:28) 
-- CODE:
# Teste seu código aos poucos.
# Não teste tudo no final, pois fica mais difícil de identificar erros.
# Use as mensagens de erro para corrigir seu código.
a = float(input("qual o valor: "))
if a < 200:
	print(a)
else:
	print(a-(a*5/100))
-- EXECUTION TIME:
0.148998
-- TEST CASE 1:
---- input:
200.09
---- correct output:
190.09
---- user output:
190.0855
-- TEST CASE 2:
---- input:
200.53
---- correct output:
190.5
---- user output:
190.5035
-- GRADE:
0%
*-*-*-*-*-*-*-*-*-*-*-*-*-*-*-*-*-*-*-*-*-*-*-*
== TEST (2019-04-09 10:47:30) 
-- CODE:
# Teste seu código aos poucos.
# Não teste tudo no final, pois fica mais difícil de identificar erros.
# Use as mensagens de erro para corrigir seu código.
a = float(input("qual o valor: "))
if a < 200:
	print(a)
else:
	print(a-(a*5/100))
-- OUTPUT:
190.0855
*-*-*-*-*-*-*-*-*-*-*-*-*-*-*-*-*-*-*-*-*-*-*-*
== SUBMITION (2019-04-09 10:48:24) 
-- CODE:
# Teste seu código aos poucos.
# Não teste tudo no final, pois fica mais difícil de identificar erros.
# Use as mensagens de erro para corrigir seu código.
a = float(input("qual o valor: "))
if a >= 200:
	print(a-(a*5/100))
else:
	print(a)
-- EXECUTION TIME:
0.217779
-- TEST CASE 1:
---- input:
200.09
---- correct output:
190.09
---- user output:
190.0855
-- TEST CASE 2:
---- input:
200.53
---- correct output:
190.5
---- user output:
190.5035
-- GRADE:
0%
*-*-*-*-*-*-*-*-*-*-*-*-*-*-*-*-*-*-*-*-*-*-*-*
== SUBMITION (2019-04-09 10:50:16) 
-- CODE:
# Teste seu código aos poucos.
# Não teste tudo no final, pois fica mais difícil de identificar erros.
# Use as mensagens de erro para corrigir seu código.
a = float(input("qual o valor: "))
if a >= 200:
	print(a-a*0.05)
else:
	print(a)
-- EXECUTION TIME:
0.135494
-- TEST CASE 1:
---- input:
200.09
---- correct output:
190.09
---- user output:
190.0855
-- TEST CASE 2:
---- input:
200.53
---- correct output:
190.5
---- user output:
190.5035
-- GRADE:
0%
*-*-*-*-*-*-*-*-*-*-*-*-*-*-*-*-*-*-*-*-*-*-*-*
== SUBMITION (2019-04-09 10:51:18) 
-- CODE:
# Teste seu código aos poucos.
# Não teste tudo no final, pois fica mais difícil de identificar erros.
# Use as mensagens de erro para corrigir seu código.
a = float(input("qual o valor: "))
if a >= 200:
	print(rund(a-a*0.05,2))
else:
	print(round(a,2))
-- EXECUTION TIME:
0.142265
-- ERROR:
Traceback (most recent call last):
  File "/home/codebench/codes/1638/869/main.py", line 6, in <module>
    print(rund(a-a*0.05,2))
NameError: name 'rund' is not defined

*-*-*-*-*-*-*-*-*-*-*-*-*-*-*-*-*-*-*-*-*-*-*-*
== SUBMITION (2019-04-09 10:51:53) 
-- CODE:
# Teste seu código aos poucos.
# Não teste tudo no final, pois fica mais difícil de identificar erros.
# Use as mensagens de erro para corrigir seu código.
a = float(input("qual o valor: "))
if a < 200:
	print(a)
else:
	print(round(a-(a*5/100),2))
-- EXECUTION TIME:
0.199626
-- TEST CASE 1:
---- input:
200.09
---- correct output:
190.09
---- user output:
190.09
-- TEST CASE 2:
---- input:
200.53
---- correct output:
190.5
---- user output:
190.5
-- GRADE:
100%
*-*-*-*-*-*-*-*-*-*-*-*-*-*-*-*-*-*-*-*-*-*-*-*
